ARM GAS  C:\Users\info\AppData\Local\Temp\ccFGfDyD.s 			page 1


   1              		.syntax unified
   2              		.cpu cortex-m3
   3              		.fpu softvfp
   4              		.eabi_attribute 20, 1
   5              		.eabi_attribute 21, 1
   6              		.eabi_attribute 23, 3
   7              		.eabi_attribute 24, 1
   8              		.eabi_attribute 25, 1
   9              		.eabi_attribute 26, 1
  10              		.eabi_attribute 30, 1
  11              		.eabi_attribute 34, 1
  12              		.eabi_attribute 18, 4
  13              		.thumb
  14              		.syntax unified
  15              		.file	"Col_4.c"
  16              		.text
  17              	.Ltext0:
  18              		.section	.gnu.lto_.profile.792a054a,"",%progbits
  19 0000 789C6361 		.ascii	"x\234ca`d`a`\000\222\222\242\000\000\261\0009"
  19      60646061 
  19      60009292 
  19      A20000B1 
  19      0039
  20              		.text
  21              		.section	.gnu.lto_.inline.792a054a,"",%progbits
  22 0000 789C6361 		.ascii	"x\234ca`d\000\001?\006\004`a`\340\344`d`\342y\020\313"
  22      60640001 
  22      3F060460 
  22      6160E0E4 
  22      606460E2 
  23 0017 C0B6409E 		.ascii	"\300\266@\236\011$\306\310\300\301\016\024\342\232\340"
  23      0924C6C8 
  23      C0C10E14 
  23      E29AE0
  24 0026 07176262 		.ascii	"\007\027bb`c\005\012\261}\320\203\0131c\0121\000\000"
  24      6063050A 
  24      B17DD083 
  24      0B31630A 
  24      310000
  25 0039 537C0835 		.ascii	"S|\0105"
  26              		.text
  27              		.section	.gnu.lto_.jmpfuncs.792a054a,"",%progbits
  28 0000 789C6361 		.ascii	"x\234ca`d\000\001>\006\004`\001b\240(\023\003\0033\220"
  28      60640001 
  28      3E060460 
  28      0162A028 
  28      13030333 
  29 0015 05000292 		.ascii	"\005\000\002\222\000\036"
  29      001E
  30              		.text
  31              		.section	.gnu.lto_.pureconst.792a054a,"",%progbits
  32 0000 789C6361 		.ascii	"x\234ca`d\340d```a\220b\224b\222b\226\002\000\002\261"
  32      6064E064 
  32      60606061 
  32      90629462 
  32      92629602 
  33 0017 0081     		.ascii	"\000\201"
ARM GAS  C:\Users\info\AppData\Local\Temp\ccFGfDyD.s 			page 2


  34              		.text
  35              		.section	.gnu.lto_Col_4_Write.792a054a,"",%progbits
  36 0000 789C5551 		.ascii	"x\234UQMKTa\024>\317\373\336\017m\322?\320@\022\210"
  36      4D4B5461 
  36      143ECFFB 
  36      DE0F6DD2 
  36      3FD04012 
  37 0015 491091F9 		.ascii	"I\020\221\371\007r\3216r; \303t\027\2026\240c[\337\353"
  37      0772D136 
  37      723B20C3 
  37      74178236 
  37      A0635BDF 
  38 002a 75465002 		.ascii	"uFP\0027)A%L\210\366\341\367\252\020\272\334\037P\033"
  38      37294125 
  38      4C88F6E1 
  38      F7AA10BA 
  38      DC1F501B 
  39 003e 5BF44188 		.ascii	"[\364A\210\304\025Z\304\010NZS\215\347\334\353\"\017"
  39      C4155AC4 
  39      084E5A53 
  39      8DE7DCEB 
  39      220F
  40 0050 BC1FF7DC 		.ascii	"\274\037\367\334\347y\316s\316k\021H\342\212\"\272\316"
  40      E779CE73 
  40      CE6B1148 
  40      E28A22BA 
  40      CE
  41 0061 E7055ED0 		.ascii	"\347\005^\320\0045\373\216\310oQ\200\\L\013h\\a\034"
  41      0435FB8E 
  41      C86F5180 
  41      5C4C0B68 
  41      5C611C
  42 0074 75F55721 		.ascii	"u\365W!\232\212_\253\356%\303\261\273\370T\233\345\020"
  42      9A8A5FAB 
  42      EE25C3B1 
  42      BBF8549B 
  42      E510
  43 0086 654DD454 		.ascii	"eM\324T\211\022a\011\335\214\332\337\236\332\201\276"
  43      89126109 
  43      DD8CDADF 
  43      9EDA81BE 
  44 0096 04E27B25 		.ascii	"\004\342{%\252\3272]\213\306L\030s\2203\272\254\201"
  44      AAD7325D 
  44      8BC64C18 
  44      739033BA 
  44      AC81
  45 00a8 656866A0 		.ascii	"ehf\240'\213kY\342\004\3419\272\004|\374ig\265]_N\210"
  45      278B6B59 
  45      E204E139 
  45      BA047CFC 
  45      6967B55D 
  46 00bf B326AE9E 		.ascii	"\263&\256\236\357|&\304\360hx\336\204~\207p_\374\317"
  46      EF7C26C4 
  46      F06878DE 
  46      847E8770 
  46      5FFCCF
  47 00d2 9560E8DE 		.ascii	"\225`\350\336\306\277\207m\316\244\270\352\300Kt\246"
ARM GAS  C:\Users\info\AppData\Local\Temp\ccFGfDyD.s 			page 3


  47      C6BF876D 
  47      CEA4B8EA 
  47      C04B74A6 
  48 00e2 7EF00A0E 		.ascii	"~\360\012\016w\010\311\254\335\011M\263\031\230\260"
  48      7708C9AC 
  48      DD094DB3 
  48      1998B0
  49 00f1 6ED775AB 		.ascii	"n\327u\253\342\242\212;\345\037\026\244\266-\011G6W"
  49      E2A28A3B 
  49      E51F16A4 
  49      B62D0947 
  49      3657
  50 0103 36A21A2F 		.ascii	"6\242\032/\351\376@)9u\214\350\367\364\327yW4\003-\223"
  50      E9FE4029 
  50      39758CE8 
  50      F7F4D779 
  50      5734032D 
  51 0118 982B47EF 		.ascii	"\230+G\357\335CU\326:q\373\361\363\243\037N\372\271"
  51      DD4355D6 
  51      3A71FBF1 
  51      F3A31F4E 
  51      FAB9
  52 012a 5EF58DC5 		.ascii	"^\365\215\305\251\335\351\307\015w\001O\374I\236\221"
  52      A9DDE9C7 
  52      0D77014F 
  52      FC499E91 
  53 013a 855564B1 		.ascii	"\205Ud\261\002\366\2145,\200b\004\177*_\220\012\352"
  53      02F68C35 
  53      2C806204 
  53      7F2A5F90 
  53      0AEA
  54 014c 5473E6D7 		.ascii	"Ts\346\327\346\2076\021\001\336\002\353\014\336\203"
  54      E6873611 
  54      01DE02EB 
  54      0CDE83
  55 015b 4ADA60A7 		.ascii	"J\332`\247\214\022R\255\022\357\237\332\260\003-u\276"
  55      8C1252AD 
  55      12EF9FDA 
  55      B0032D75 
  55      BE
  56 016c 3556DEB4 		.ascii	"5V\336\264\013\313f\340\006\223\022\351\303Si\3011\250"
  56      0BCB66E0 
  56      069312E9 
  56      C35369C1 
  56      31A8
  57 017e FA337890 		.ascii	"\3723x\220\021\220\205\220\260\231\242\216\235\024\343"
  57      11908590 
  57      B099A28E 
  57      9D14E3
  58 018d 260E1C4E 		.ascii	"&\016\034NEs\011\355\214{\337\230\314\331\006\266\270"
  58      457309ED 
  58      8C7BDF98 
  58      CCD906B6 
  58      B8
  59 019e 0166D177 		.ascii	"\001f\321wL\204\015[\010\311K\324\024dX<\272\213\267"
  59      4C840D5B 
  59      08C94BD4 
ARM GAS  C:\Users\info\AppData\Local\Temp\ccFGfDyD.s 			page 4


  59      1464583C 
  59      BA8BB7
  60 01b1 BC7BDE48 		.ascii	"\274{\336H\276\344\335\035\350/\216\215\024\274\334"
  60      BEE4DD1D 
  60      E82F8E8D 
  60      14BCDC
  61 01c0 EDFE625F 		.ascii	"\355\376b_o\256\25784p\343j\201\354\373\371\2411\357"
  61      6FAEAF38 
  61      3470E36A 
  61      81ECFBF9 
  61      A131EF
  62 01d3 DC68295F 		.ascii	"\334h)_\032,\334\034,\215\236\000\015p\303\221"
  62      1A2CDC1C 
  62      2C8D9E00 
  62      0D70C391 
  63              		.text
  64              		.section	.gnu.lto_Col_4_SetDriveMode.792a054a,"",%progbits
  65 0000 789C7D51 		.ascii	"x\234}QMK\033Q\024\275\347\275\311\314\0041\177\300"
  65      4D4B1B51 
  65      14BDE7BD 
  65      C9CC0431 
  65      7FC0
  66 0012 80E2C290 		.ascii	"\200\342\302\220\215\010\352/\010\350V\3146 \242\263"
  66      8D08EA2F 
  66      08E856CC 
  66      3620A2B3 
  67 0022 D3868A5D 		.ascii	"\323\206\212]\373\222\030\012\355\242\202\350F4n\304"
  67      FB92180A 
  67      EDA282E8 
  67      46346EC4 
  68 0032 8FF8155C 		.ascii	"\217\370\025\\\271\033\003\355\242\213\264\253.\\Hq"
  68      B91B03ED 
  68      A28BB4AB 
  68      2E5C4871 
  69 0042 11446889 		.ascii	"\021Dh\211_(\266iz\357\214\213\254|\314\273\037\207"
  69      5F28B669 
  69      7AEF8C8B 
  69      AC7CCCBB 
  69      1F87
  70 0054 730EF7BE 		.ascii	"s\016\367\276\261\010$\347\212S\037\347.\276\320\004"
  70      B10824E7 
  70      8A531FE7 
  70      2EBED004 
  71 0064 B55423CA 		.ascii	"\265T#\312\271\012\220\302\270\240\005\205\005<\250"
  71      B90A90C2 
  71      B8A00585 
  71      053CA8
  72 0073 A642F57D 		.ascii	"\246B\365}\375T%\267\015\237\237\237\177\017\230\035"
  72      FD5425B7 
  72      0D9F9F9F 
  72      7F0F981D 
  73 0083 1F454DD4 		.ascii	"\037EM\324R\201\023a\033If\335\235l-w\350^\020\3277"
  73      52811361 
  73      1B4966DD 
  73      9D6C2D77 
  73      E85E10D7 
  74 0098 B5C6452C 		.ascii	"\265\306E,\261eL\336\230V\306\350\242\006v\240Y\201"
ARM GAS  C:\Users\info\AppData\Local\Temp\ccFGfDyD.s 			page 5


  74      B1654CDE 
  74      9856C6E8 
  74      A20676A0 
  74      5981
  75 00aa C13806E2 		.ascii	"\3018\006\342\304\000a\027\011!_V\376\255t\332\213b"
  75      C4006117 
  75      09215F56 
  75      FEAD74DA 
  75      8B62
  76 00bc DF139A62 		.ascii	"\337\023\232b\017\266\214y4\356\233V\253`\374G\373\354"
  76      0FB68C79 
  76      34EE9B56 
  76      AB60FC47 
  76      FBEC
  77 00ce D9EE502C 		.ascii	"\331\356P,S\232\203\266$D \016\266\224\216\004WBT8D"
  77      539A83B6 
  77      2444200E 
  77      B6948E04 
  77      57425438 
  78 00e3 0DBEB2C8 		.ascii	"\015\276\262\310\215R\222u\035\325\347\017\3655K\234"
  78      8D529275 
  78      1DD5E70F 
  78      F5354B9C 
  79 00f3 0B5A965A 		.ascii	"\013Z\226Z-V\2779\367\252\250\255`\342\257\327\376\367"
  79      2D56BF39 
  79      F7AAA8AD 
  79      60E2AFD7 
  79      FEF7
  80 0105 58D86E6C 		.ascii	"X\330nl\346\214\305P\245\374\311\270%\254\347\026y\335"
  80      E68CC550 
  80      A5FCC9B8 
  80      25ACE716 
  80      79DD
  81 0117 08F61147 		.ascii	"\010\366\021G\031q\236\356\000%P\035\371['\264\323\354"
  81      19719EEE 
  81      0025501D 
  81      F95B27B4 
  81      D3EC
  82 0129 C87DE1AF 		.ascii	"\310}\341\257\035\366\026C\254?\377\362\261\031\025"
  82      1DF61643 
  82      AC3FFFF2 
  82      B11915
  83 0138 4B8DB738 		.ascii	"K\215\2678de\233\204\277H\273\304a\210%\277~\224\367"
  83      64659B84 
  83      BF48BBC4 
  83      618825BF 
  83      7E94F7
  84 014b 752889E1 		.ascii	"u(\211\341(\220\024\236^(n`\354\264\273D\031\345\276"
  84      2890149E 
  84      5E286E60 
  84      ECB4BB44 
  84      19E5BE
  85 015e BA0AE95F 		.ascii	"\272\012\351_\033\371\230Gf>]#\357\377\031\021v\360"
  85      1BF99847 
  85      663E5D23 
  85      EFFF1911 
  85      76F0
ARM GAS  C:\Users\info\AppData\Local\Temp\ccFGfDyD.s 			page 6


  86 0170 EB1A0AF2 		.ascii	"\353\032\012\362<\374X\335\243\336\033onr\336\233\236"
  86      3CFC58DD 
  86      A3DE1B6F 
  86      6E72DE9B 
  86      9E
  87 0181 4867DFCD 		.ascii	"Hg\337\315My\231\261t65\234Ieg&\206\372\247\310\232"
  87      4D7999B1 
  87      7436359C 
  87      49656726 
  87      86FAA7C8 
  88 0196 CD4E7BFF 		.ascii	"\315N{\377\001\336\357\244\314"
  88      01DEEFA4 
  88      CC
  89              		.text
  90              		.section	.gnu.lto_Col_4_Read.792a054a,"",%progbits
  91 0000 789C354F 		.ascii	"x\2345O\315K\002Q\020\237\337{\253+\205\376\003\011"
  91      CD4B0251 
  91      109FDF7B 
  91      AB2B85FE 
  91      0309
  92 0012 D5D14B04 		.ascii	"\325\321K\004\025DW\241\256\221\207.\202\204\355-\022"
  92      154457A1 
  92      AE91872E 
  92      8284ED2D 
  92      12
  93 0023 A4CEEEBA 		.ascii	"\244\316\356\272nAt\350R\235J\010B\313$<\011\2356OA"
  93      6E4174E8 
  93      529D4A08 
  93      42CB243C 
  93      099D364F 
  94 0038 50870882 		.ascii	"P\207\010\202B\"\304\240C\224\030\201}\330\274\266\006"
  94      4222C4A0 
  94      43941881 
  94      7DD8BCB6 
  94      06
  95 0049 DECC7BF3 		.ascii	"\336\314{\363~\0373\032\201T\314r\031\344\332\307\007"
  95      7E1F331A 
  95      8154CC72 
  95      19E4DAC7 
  95      07
  96 005a 9220362E 		.ascii	"\222 6.\210\254\200\000\324\305\014\2002\002\031\274"
  96      88AC8000 
  96      D4C50C80 
  96      320219BC 
  97 006a 892F81F3 		.ascii	"\211/\201\363\367\263\365\236H\3014\263\346\375~g|\273"
  97      F7B3F59E 
  97      48C134B3 
  97      E6FD7E67 
  97      7CBB
  98 007c E8C29144 		.ascii	"\350\302\221D]A\030\011c8\254$\012\210\020C\037*\337"
  98      5D411809 
  98      6338AC24 
  98      0A881043 
  98      1F2ADF
  99 008f 9B417FCE 		.ascii	"\233A\177\316\344\030P\000\376)\302\257,\217g\\\263"
  99      E4185000 
  99      FE29C2AF 
ARM GAS  C:\Users\info\AppData\Local\Temp\ccFGfDyD.s 			page 7


  99      2C8F675C 
  99      B3
 100 00a0 DBB54DF7 		.ascii	"\333\265M\367Z?\275\321u\220#\331\227\223\306I\370T"
 100      5A3FBDD1 
 100      759023D9 
 100      9793C649 
 100      F854
 101 00b2 F29392A5 		.ascii	"\362\223\222\245\027\246\251!^\205PU6Q\353\254\325w"
 101      17A6A921 
 101      5E855055 
 101      3651EBAC 
 101      D577
 102 00c4 2794922D 		.ascii	"'\224\222-%\273l9\265K\275-\034)\241L\263\217\365\333"
 102      25BB6C39 
 102      B54BBD2D 
 102      1C29A14C 
 102      B38FF5DB 
 103 00d8 5EEF59D9 		.ascii	"^\357Y\331\263L\215[\216uu\027\312c\307\312\361\250"
 103      B34C8D5B 
 103      8E757517 
 103      CA63C7CA 
 103      F1A8
 104 00ea 1A0E11C6 		.ascii	"\032\016\021\306\001xP\224\220\0075a\177N\222-\341\311"
 104      01785094 
 104      90073561 
 104      7F4E922D 
 104      E1C9
 105 00fc 559F4BD5 		.ascii	"U\237K\325\240\342\003.\341\210qMd[\253m\3419j\014T"
 105      A0E2032E 
 105      E188714D 
 105      645BAB6D 
 105      E1396A0C 
 106 0111 94D64A43 		.ascii	"\224\326JC\363:>n2\257\361Q>\011)\236\340\025\313\377"
 106      F33A3E6E 
 106      32AFF151 
 106      3E09299E 
 106      E015CBFF 
 107 0125 B4063C90 		.ascii	"\264\006<\220\302\321\023\376D\374\364\273\031\324F"
 107      C2D113FE 
 107      44FCF4BB 
 107      19D446
 108 0134 BC5FFF94 		.ascii	"\274_\377\224\261h\244\347\226\214\371D,\265\234N\032"
 108      B168A4E7 
 108      968CF944 
 108      2CB59C4E 
 108      1A
 109 0145 F1E9582A 		.ascii	"\361\351X*:\026\217\246\026\022\243CI\372\001\225@|"
 109      3A168FA6 
 109      1612A343 
 109      49FA0195 
 109      407C
 110 0157 02       		.ascii	"\002"
 111              		.text
 112              		.section	.gnu.lto_Col_4_ReadDataReg.792a054a,"",%progbits
 113 0000 789C354F 		.ascii	"x\2345O\277KBQ\024>\337\275\317\247\010\366\017$T\243"
 113      BF4B4251 
 113      143EDFBD 
ARM GAS  C:\Users\info\AppData\Local\Temp\ccFGfDyD.s 			page 8


 113      CFA708F6 
 113      0F2454A3 
 114 0014 4B04D550 		.ascii	"K\004\325P\253Pk\344\320\"H\330\333\"Aj\366\352\363"
 114      AB506BE4 
 114      D02248D8 
 114      DB22416A 
 114      F6EAF3
 115 0027 1548434B 		.ascii	"\025HCKEP\004A\250\231T\223\020\004\346\024\004\325"
 115      45500441 
 115      A8995493 
 115      1004E614 
 115      04D5
 116 0039 1A2D12E2 		.ascii	"\032-\022\342\320 %F\220\245\235\333\253\003\367\234"
 116      D0202546 
 116      90A59DDB 
 116      AB03F79C 
 117 0049 7BCFFD7E 		.ascii	"{\317\375~\234c\020H\307\002\227\021\256\203| \011b"
 117      9C631048 
 117      C7029711 
 117      AE837C20 
 117      0962
 118 005b EB8E28ED 		.ascii	"\353\216(\355\023\200\276(\037(%\220\302\273\370\026"
 118      1380BE28 
 118      1F282590 
 118      C2BBF816 
 119 006b B8FDB8D9 		.ascii	"\270\375\270\331\364\207\362JeT\3758?\265[\250\302\221"
 119      F487F24A 
 119      6554FD38 
 119      3FB55BA8 
 119      C291
 120 007d 447D4118 		.ascii	"D}A\030\017b,\250%\362\010\021C\237/z\333\0013\2538"
 120      0F622CA8 
 120      25F20811 
 120      439F2F7A 
 120      DB0133AB 
 121 0092 8635807F 		.ascii	"\2065\200\177\0120\265\345\331|U\365\373\266\252^\371"
 121      0A30B5E5 
 121      D97C55F5 
 121      FBB6AA5E 
 121      F9
 122 00a3 AF1FFC5E 		.ascii	"\257\037\374^\220#\331\227\223\301Ixt2I\313\322+\323"
 122      9023D997 
 122      93C14978 
 122      743249CB 
 122      D22BD3
 123 00b6 F4106F42 		.ascii	"\364\020oB\350*\233\250}\346z\305i\255dK\311.;N\355"
 123      E82A9BA8 
 123      7DE67AC5 
 123      69AD644B 
 123      C92E3B4E 
 124 00cb DEDB118E 		.ascii	"\336\333\021\216\224\320\246\217O{-\323}\236\037\245"
 124      94D0A68F 
 124      4F7B2DD3 
 124      7D9E1FA5 
 125 00db 95C1AD7A 		.ascii	"\225\301\255zn\277\353=\304A:\313\243\0328A\020E\360"
 125      6EBFEB3D 
 125      C4413ACB 
ARM GAS  C:\Users\info\AppData\Local\Temp\ccFGfDyD.s 			page 9


 125      A31A3841 
 125      1045F0
 126 00ee A028E110 		.ascii	"\240(\341\020\324\204\3755C\266\204+Wi\225*\001\315"
 126      D484FD35 
 126      43B6842B 
 126      5769952A 
 126      01CD
 127 0100 07AA8453 		.ascii	"\007\252\204S\3065\221iot\204\353h0PS\332\353\015\303"
 127      C6359169 
 127      6F7484EB 
 127      68305053 
 127      DAEB0DC3 
 128 0114 ED78B8C9 		.ascii	"\355x\270\311\274F\267|9\240y\202W,\377\323\032pA\032"
 128      BC46B77C 
 128      39A07982 
 128      572CFFD3 
 128      1A70411A 
 129 0128 472FF813 		.ascii	"G/\370\0231\351w3\350\215x\277\241Yk\305J.\256ZK\261"
 129      31E97733 
 129      E88D78BF 
 129      A1596BC5 
 129      4A2EAE5A 
 130 013e 48622D19 		.ascii	"Hb-\031\267\242s\221Dx2\032N,\307&F\343\364\003p\375"
 130      B7A27391 
 130      4478321A 
 130      4E2CC726 
 130      46E3F403 
 131 0154 7C19     		.ascii	"|\031"
 132              		.text
 133              		.section	.gnu.lto_.symbol_nodes.792a054a,"",%progbits
 134 0000 789C6361 		.ascii	"x\234ca`dpc\000\002&\206z\006\206\011\347\030@\324\252"
 134      60647063 
 134      00022686 
 134      7A068609 
 134      E71840D4 
 135 0015 0645A000 		.ascii	"\006E\240\000c=#\252\000S=\023\252\000s=3\212\000\003"
 135      633D23AA 
 135      00533D13 
 135      AA00733D 
 135      338A0003 
 136 0029 001ED60E 		.ascii	"\000\036\326\016\374"
 136      FC
 137              		.text
 138              		.section	.gnu.lto_.refs.792a054a,"",%progbits
 139 0000 789C6361 		.ascii	"x\234ca`\004B \000\000\0009\000\007"
 139      60044220 
 139      00000039 
 139      0007
 140              		.text
 141              		.section	.gnu.lto_.decls.792a054a,"",%progbits
 142 0000 789C8D92 		.ascii	"x\234\215\222]HTA\024\307\347\334{]\267\353\366%Q>\\"
 142      5D485441 
 142      14C7E7DC 
 142      7B5DB7EB 
 142      F625513E 
 143 0015 CA7CF269 		.ascii	"\312|\362iI4\020\202\012\224\354\245\014-{\021\226U"
 143      49341082 
ARM GAS  C:\Users\info\AppData\Local\Temp\ccFGfDyD.s 			page 10


 143      0A94ECA5 
 143      0C2D7B11 
 143      9655
 144 0027 2F26841B 		.ascii	"/&\204\033\333\032\370\020\214\256\221}`JX(A\352Ci~"
 144      DB1AF810 
 144      8CAE917D 
 144      604A5828 
 144      41EA4369 
 145 003c ADADABBB 		.ascii	"\255\255\253\273[\346\366M\201\221-\010a\220d\006\232"
 145      5BE6F64D 
 145      81912D08 
 145      61906406 
 145      9A
 146 004d 84A10F4A 		.ascii	"\204\241\017J\330vf\366\256\367Z\033x`\356\2343s\376"
 146      D87666F6 
 146      AEF75A1B 
 146      7860EE9C 
 146      3373FE
 147 0060 BF3973EE 		.ascii	"\2779s\356H\004\010\263\003\022!7qV0\214\240%\240_D"
 147      480408B3 
 147      03122137 
 147      7156308C 
 147      A025A05F 
 148 0075 74C36DE2 		.ascii	"t\303m\342\305\341\303\341\307\021$\377\032\3337i\272"
 148      C5E1C3E1 
 148      C71124FF 
 148      1ADB3769 
 148      BA
 149 0086 3EC6C231 		.ascii	">\306\3021\212c\004G\276\226\003Z\336\337\346\213\243"
 149      8A630447 
 149      BE96035A 
 149      DEDFE68B 
 149      A3
 150 0097 0D19F431 		.ascii	"\015\031\3641\255/\216\226\325\223`\320\345\307\321"
 150      AD2F8E96 
 150      D59360D0 
 150      E5C7D1
 151 00a6 F9E3E882 		.ascii	"\371\343\350\202\033\320\305\273\347\252\000\356/sm"
 151      1BD0C5BB 
 151      E7AA00EE 
 151      2F736D
 152 00b5 E649F808 		.ascii	"\346I\370\010@\200\033\321\372H\330\21263\007\242\201"
 152      40801BD1 
 152      FA48D88A 
 152      363307A2 
 152      81
 153 00c6 10E3C11A 		.ascii	"\020\343\301\032Ysx:\020\201\347\203ac]\036\377'\334"
 153      5973783A 
 153      1081E783 
 153      61635D1E 
 153      FF27DC
 154 00d9 F42558B3 		.ascii	"\364%X\263X&\254\2072\252\036b,\350\002\003O\253^;\037"
 154      5826AC87 
 154      32AA1E62 
 154      2CE80203 
 154      4FAB5E3B 
 155 00ee 8CC772B4 		.ascii	"\214\307r\264\030\273\364\345w\355Y\"\"\321\375\274"
ARM GAS  C:\Users\info\AppData\Local\Temp\ccFGfDyD.s 			page 11


 155      18BBF4E5 
 155      77ED5922 
 155      22D1FDBC 
 156 00fe D279C4DA 		.ascii	"\322y\304\332C\321\032)\025v\353\215\351\277\364\265"
 156      43D11A29 
 156      1576EB8D 
 156      E9BFF4B5 
 157 010e CBBC2480 		.ascii	"\313\274$\200\"C\004X<\037X\331\034\215\331vK\323\364"
 157      22430458 
 157      3C1F58D9 
 157      1C8DD976 
 157      4BD3F4
 158 0121 EF247117 		.ascii	"\357$q\027\363\205\360t\367\254\004\351\362=\206\231"
 158      F385F074 
 158      F7AC04E9 
 158      F23D8699 
 159 0131 FAE53918 		.ascii	"\372\3459\030\240t\033\364\201\014= B\027XY\001\212"
 159      A0741BF4 
 159      810C3D20 
 159      42175859 
 159      018A
 160 0143 8CDF7A4A 		.ascii	"\214\337zJk\351B\0075\245\020\310T`\237B\240\027\322"
 160      6BE94207 
 160      35A510C8 
 160      54609F42 
 160      A017D2
 161 0156 19936541 		.ascii	"\031\223eA7(\360\000\024\306\237\271}\367\273I\302n"
 161      3728F000 
 161      14C69FB9 
 161      7DF7BB49 
 161      C26E
 162 0168 734E89C4 		.ascii	"sN\211\304\326\306\353<wD,!Y\006\011\303\237c\255\323"
 162      D6C6EB3C 
 162      77442C21 
 162      590609C3 
 162      9F63ADD3 
 163 017c 5B30DC21 		.ascii	"[0\334!C*\206=\301O\363\246\224[\374*n\232*A\321N\030"
 163      432A863D 
 163      C14FF3A6 
 163      945BFC2A 
 163      6E9A2A41 
 164 0193 40A00781 		.ascii	"@\240\007\201\004\036B\012~\373A\212\336n\261\321\333"
 164      041E420A 
 164      7EFB418A 
 164      DE6EB1D1 
 164      DB
 165 01a4 B925AD8D 		.ascii	"\271%\255\215\266y\350Td&\263\205\206\352P'\2604\350"
 165      B679E854 
 165      6426B385 
 165      86EA5027 
 165      B034E8
 166 01b7 D48B4697 		.ascii	"\324\213F\227M\367a\022\373\351\2054T\372\207\032\276"
 166      4DF76112 
 166      FBE98534 
 166      54FA871A 
 166      BE
 167 01c8 6D126DBC 		.ascii	"m\022m\274\011\3035\221e!J\011-\275\262\320\306\032"
ARM GAS  C:\Users\info\AppData\Local\Temp\ccFGfDyD.s 			page 12


 167      09C33591 
 167      65214A09 
 167      2DBDB2D0 
 167      C61A
 168 01da 4A0F73C6 		.ascii	"J\017s\306\240\316\03042|\234\321\320:\360A\024\235"
 168      A0CE1834 
 168      327C9CD1 
 168      D03AF041 
 168      149D
 169 01ec 9CF1FEDA 		.ascii	"\234\361\376\332K\367Vc\331\354\276z\335\303\274\356"
 169      4BF75663 
 169      D9ECBE7A 
 169      DDC3BCEE 
 170 01fc 12ADECDE 		.ascii	"\022\255\354\336\346\341\353\026\355\300\360kq\255l"
 170      E6E1EB16 
 170      EDC0F06B 
 170      71AD6C
 171 020b CC8221FD 		.ascii	"\314\202!\375\310!\343\221~~d\307\304\362\234Y\274\310"
 171      C821E391 
 171      7E7E64C7 
 171      C4F29C59 
 171      BCC8
 172 021d 8F7CE31B 		.ascii	"\217|\343\033\011\313\032%\3706V6c\004tF\300\310\010"
 172      09CB1A25 
 172      F8365636 
 172      63047446 
 172      C0C808
 173 0230 72C652DD 		.ascii	"r\306R\335\342\204I\306\177\350\336\330?\034\233m\217"
 173      E28449C6 
 173      7FE8DED8 
 173      3F1C9B6D 
 173      8F
 174 0241 248A3780 		.ascii	"$\2127\200?\022osKs\"\310\351q\344O\342\310\265\267"
 174      3F126F73 
 174      4B7322C8 
 174      E971E44F 
 174      E2C8B5B7 
 175 0255 B47CB2E9 		.ascii	"\264|\262\351\012\273\340\0106\345\261^\334#\220\243"
 175      0ABBE008 
 175      36E5B15E 
 175      DC2390A3 
 176 0265 0DE9FAF1 		.ascii	"\015\351\372\361<\004\226\253\354Ya\367\222\217\362"
 176      3C0496AB 
 176      EC5961F7 
 176      928FF2
 177 0274 44BD7BA3 		.ascii	"D\275{\243`\341\257\037\347UA|\021\356\037\225AV\000"
 177      60E1AF1F 
 177      E755417C 
 177      11EE1F95 
 177      415600
 178 0287 F7A19E1D 		.ascii	"\367\241\236\035\260Pk\250\203@\210a\341)n?Cy+e9\343"
 178      B0506BA8 
 178      83408861 
 178      E1296E3F 
 178      43792B65 
 179 029d C09779B0 		.ascii	"\300\227y\260p\210\373\374\223\224\3438k\313\262\235"
 179      7088FBFC 
ARM GAS  C:\Users\info\AppData\Local\Temp\ccFGfDyD.s 			page 13


 179      9394E338 
 179      6BCBB29D 
 180 02ad 7656B854 		.ascii	"vV\270Ts\336\361S\2519\031\031$\241\252\242\322\225"
 180      73DEF153 
 180      A9391919 
 180      24A1AAA2 
 180      D295
 181 02bf BD374FAD 		.ascii	"\2757O\255T\235v\227Zf+tT9K\325\342\023\205\216\234"
 181      549D7697 
 181      5A662B74 
 181      54394BD5 
 181      E213858E 
 182 02d4 FDC5A5D5 		.ascii	"\375\305\245\325\256\352s\352y\353\031\262\347?\031"
 182      AEEA73EA 
 182      79EB19B2 
 182      E73F19
 183 02e3 9C692D25 		.ascii	"\234i-%\311Qx\241\352\312uV\\P\2179\312T9\272T\240\332"
 183      C95178A1 
 183      EACA7556 
 183      5C508F39 
 183      CA5439BA 
 184 02fa CBB6EB6E 		.ascii	"\313\266\353n\256\335e/P\313%\247Z\236\375\007\252m"
 184      AEDD652F 
 184      50CB25A7 
 184      5A9EFD07 
 184      AA6D
 185 030c 5F2C     		.ascii	"_,"
 186              		.text
 187              		.section	.gnu.lto_.symtab.792a054a,"",%progbits
 188 0000 436F6C5F 		.ascii	"Col_4_Write\000"
 188      345F5772 
 188      69746500 
 189 000c 00       		.ascii	"\000"
 190 000d 00       		.ascii	"\000"
 191 000e 00       		.ascii	"\000"
 192 000f 00000000 		.ascii	"\000\000\000\000\000\000\000\000"
 192      00000000 
 193 0017 B3000000 		.ascii	"\263\000\000\000"
 194 001b 436F6C5F 		.ascii	"Col_4_SetDriveMode\000"
 194      345F5365 
 194      74447269 
 194      76654D6F 
 194      646500
 195 002e 00       		.ascii	"\000"
 196 002f 00       		.ascii	"\000"
 197 0030 00       		.ascii	"\000"
 198 0031 00000000 		.ascii	"\000\000\000\000\000\000\000\000"
 198      00000000 
 199 0039 B5000000 		.ascii	"\265\000\000\000"
 200 003d 436F6C5F 		.ascii	"Col_4_Read\000"
 200      345F5265 
 200      616400
 201 0048 00       		.ascii	"\000"
 202 0049 00       		.ascii	"\000"
 203 004a 00       		.ascii	"\000"
 204 004b 00000000 		.ascii	"\000\000\000\000\000\000\000\000"
 204      00000000 
ARM GAS  C:\Users\info\AppData\Local\Temp\ccFGfDyD.s 			page 14


 205 0053 B8000000 		.ascii	"\270\000\000\000"
 206 0057 436F6C5F 		.ascii	"Col_4_ReadDataReg\000"
 206      345F5265 
 206      61644461 
 206      74615265 
 206      6700
 207 0069 00       		.ascii	"\000"
 208 006a 00       		.ascii	"\000"
 209 006b 00       		.ascii	"\000"
 210 006c 00000000 		.ascii	"\000\000\000\000\000\000\000\000"
 210      00000000 
 211 0074 BA000000 		.ascii	"\272\000\000\000"
 212              		.text
 213              		.section	.gnu.lto_.opts,"",%progbits
 214 0000 272D666D 		.ascii	"'-fmath-errno' '-fsigned-zeros' '-ftrapping-math' '"
 214      6174682D 
 214      6572726E 
 214      6F272027 
 214      2D667369 
 215 0033 2D666E6F 		.ascii	"-fno-trapv' '-fno-strict-overflow' '-fno-openmp' '-"
 215      2D747261 
 215      70762720 
 215      272D666E 
 215      6F2D7374 
 216 0066 666E6F2D 		.ascii	"fno-openacc' '-mcpu=cortex-m3' '-mthumb' '-g' '-Og'"
 216      6F70656E 
 216      61636327 
 216      20272D6D 
 216      6370753D 
 217 0099 20272D66 		.ascii	" '-ffunction-sections' '-ffat-lto-objects' '-flto'\000"
 217      66756E63 
 217      74696F6E 
 217      2D736563 
 217      74696F6E 
 218              		.text
 219              		.cfi_sections	.debug_frame
 220              		.section	.text.Col_4_Write,"ax",%progbits
 221              		.align	2
 222              		.global	Col_4_Write
 223              		.thumb
 224              		.thumb_func
 225              		.type	Col_4_Write, %function
 226              	Col_4_Write:
 227              	.LFB0:
 228              		.file 1 "Generated_Source\\PSoC5\\Col_4.c"
   1:Generated_Source\PSoC5/Col_4.c **** /*******************************************************************************
   2:Generated_Source\PSoC5/Col_4.c **** * File Name: Col_4.c  
   3:Generated_Source\PSoC5/Col_4.c **** * Version 2.20
   4:Generated_Source\PSoC5/Col_4.c **** *
   5:Generated_Source\PSoC5/Col_4.c **** * Description:
   6:Generated_Source\PSoC5/Col_4.c **** *  This file contains API to enable firmware control of a Pins component.
   7:Generated_Source\PSoC5/Col_4.c **** *
   8:Generated_Source\PSoC5/Col_4.c **** * Note:
   9:Generated_Source\PSoC5/Col_4.c **** *
  10:Generated_Source\PSoC5/Col_4.c **** ********************************************************************************
  11:Generated_Source\PSoC5/Col_4.c **** * Copyright 2008-2015, Cypress Semiconductor Corporation.  All rights reserved.
  12:Generated_Source\PSoC5/Col_4.c **** * You may use this file only in accordance with the license, terms, conditions, 
ARM GAS  C:\Users\info\AppData\Local\Temp\ccFGfDyD.s 			page 15


  13:Generated_Source\PSoC5/Col_4.c **** * disclaimers, and limitations in the end user license agreement accompanying 
  14:Generated_Source\PSoC5/Col_4.c **** * the software package with which this file was provided.
  15:Generated_Source\PSoC5/Col_4.c **** *******************************************************************************/
  16:Generated_Source\PSoC5/Col_4.c **** 
  17:Generated_Source\PSoC5/Col_4.c **** #include "cytypes.h"
  18:Generated_Source\PSoC5/Col_4.c **** #include "Col_4.h"
  19:Generated_Source\PSoC5/Col_4.c **** 
  20:Generated_Source\PSoC5/Col_4.c **** /* APIs are not generated for P15[7:6] on PSoC 5 */
  21:Generated_Source\PSoC5/Col_4.c **** #if !(CY_PSOC5A &&\
  22:Generated_Source\PSoC5/Col_4.c **** 	 Col_4__PORT == 15 && ((Col_4__MASK & 0xC0) != 0))
  23:Generated_Source\PSoC5/Col_4.c **** 
  24:Generated_Source\PSoC5/Col_4.c **** 
  25:Generated_Source\PSoC5/Col_4.c **** /*******************************************************************************
  26:Generated_Source\PSoC5/Col_4.c **** * Function Name: Col_4_Write
  27:Generated_Source\PSoC5/Col_4.c **** ****************************************************************************//**
  28:Generated_Source\PSoC5/Col_4.c **** *
  29:Generated_Source\PSoC5/Col_4.c **** * \brief Writes the value to the physical port (data output register), masking
  30:Generated_Source\PSoC5/Col_4.c **** *  and shifting the bits appropriately. 
  31:Generated_Source\PSoC5/Col_4.c **** *
  32:Generated_Source\PSoC5/Col_4.c **** * The data output register controls the signal applied to the physical pin in 
  33:Generated_Source\PSoC5/Col_4.c **** * conjunction with the drive mode parameter. This function avoids changing 
  34:Generated_Source\PSoC5/Col_4.c **** * other bits in the port by using the appropriate method (read-modify-write or
  35:Generated_Source\PSoC5/Col_4.c **** * bit banding).
  36:Generated_Source\PSoC5/Col_4.c **** *
  37:Generated_Source\PSoC5/Col_4.c **** * <b>Note</b> This function should not be used on a hardware digital output pin 
  38:Generated_Source\PSoC5/Col_4.c **** * as it is driven by the hardware signal attached to it.
  39:Generated_Source\PSoC5/Col_4.c **** *
  40:Generated_Source\PSoC5/Col_4.c **** * \param value
  41:Generated_Source\PSoC5/Col_4.c **** *  Value to write to the component instance.
  42:Generated_Source\PSoC5/Col_4.c **** *
  43:Generated_Source\PSoC5/Col_4.c **** * \return 
  44:Generated_Source\PSoC5/Col_4.c **** *  None 
  45:Generated_Source\PSoC5/Col_4.c **** *
  46:Generated_Source\PSoC5/Col_4.c **** * \sideeffect
  47:Generated_Source\PSoC5/Col_4.c **** *  If you use read-modify-write operations that are not atomic; the Interrupt 
  48:Generated_Source\PSoC5/Col_4.c **** *  Service Routines (ISR) can cause corruption of this function. An ISR that 
  49:Generated_Source\PSoC5/Col_4.c **** *  interrupts this function and performs writes to the Pins component data 
  50:Generated_Source\PSoC5/Col_4.c **** *  register can cause corrupted port data. To avoid this issue, you should 
  51:Generated_Source\PSoC5/Col_4.c **** *  either use the Per-Pin APIs (primary method) or disable interrupts around 
  52:Generated_Source\PSoC5/Col_4.c **** *  this function.
  53:Generated_Source\PSoC5/Col_4.c **** *
  54:Generated_Source\PSoC5/Col_4.c **** * \funcusage
  55:Generated_Source\PSoC5/Col_4.c **** *  \snippet Col_4_SUT.c usage_Col_4_Write
  56:Generated_Source\PSoC5/Col_4.c **** *******************************************************************************/
  57:Generated_Source\PSoC5/Col_4.c **** void Col_4_Write(uint8 value)
  58:Generated_Source\PSoC5/Col_4.c **** {
 229              		.loc 1 58 0
 230              		.cfi_startproc
 231              		@ args = 0, pretend = 0, frame = 0
 232              		@ frame_needed = 0, uses_anonymous_args = 0
 233              		@ link register save eliminated.
 234              	.LVL0:
  59:Generated_Source\PSoC5/Col_4.c ****     uint8 staticBits = (Col_4_DR & (uint8)(~Col_4_MASK));
 235              		.loc 1 59 0
 236 0000 044A     		ldr	r2, .L2
 237 0002 1378     		ldrb	r3, [r2]	@ zero_extendqisi2
 238 0004 03F0BF03 		and	r3, r3, #191
ARM GAS  C:\Users\info\AppData\Local\Temp\ccFGfDyD.s 			page 16


 239              	.LVL1:
  60:Generated_Source\PSoC5/Col_4.c ****     Col_4_DR = staticBits | ((uint8)(value << Col_4_SHIFT) & Col_4_MASK);
 240              		.loc 1 60 0
 241 0008 8001     		lsls	r0, r0, #6
 242              	.LVL2:
 243 000a 00F04000 		and	r0, r0, #64
 244 000e 1843     		orrs	r0, r0, r3
 245 0010 1070     		strb	r0, [r2]
 246 0012 7047     		bx	lr
 247              	.L3:
 248              		.align	2
 249              	.L2:
 250 0014 30510040 		.word	1073762608
 251              		.cfi_endproc
 252              	.LFE0:
 253              		.size	Col_4_Write, .-Col_4_Write
 254              		.section	.text.Col_4_SetDriveMode,"ax",%progbits
 255              		.align	2
 256              		.global	Col_4_SetDriveMode
 257              		.thumb
 258              		.thumb_func
 259              		.type	Col_4_SetDriveMode, %function
 260              	Col_4_SetDriveMode:
 261              	.LFB1:
  61:Generated_Source\PSoC5/Col_4.c **** }
  62:Generated_Source\PSoC5/Col_4.c **** 
  63:Generated_Source\PSoC5/Col_4.c **** 
  64:Generated_Source\PSoC5/Col_4.c **** /*******************************************************************************
  65:Generated_Source\PSoC5/Col_4.c **** * Function Name: Col_4_SetDriveMode
  66:Generated_Source\PSoC5/Col_4.c **** ****************************************************************************//**
  67:Generated_Source\PSoC5/Col_4.c **** *
  68:Generated_Source\PSoC5/Col_4.c **** * \brief Sets the drive mode for each of the Pins component's pins.
  69:Generated_Source\PSoC5/Col_4.c **** * 
  70:Generated_Source\PSoC5/Col_4.c **** * <b>Note</b> This affects all pins in the Pins component instance. Use the
  71:Generated_Source\PSoC5/Col_4.c **** * Per-Pin APIs if you wish to control individual pin's drive modes.
  72:Generated_Source\PSoC5/Col_4.c **** *
  73:Generated_Source\PSoC5/Col_4.c **** * \param mode
  74:Generated_Source\PSoC5/Col_4.c **** *  Mode for the selected signals. Valid options are documented in 
  75:Generated_Source\PSoC5/Col_4.c **** *  \ref driveMode.
  76:Generated_Source\PSoC5/Col_4.c **** *
  77:Generated_Source\PSoC5/Col_4.c **** * \return
  78:Generated_Source\PSoC5/Col_4.c **** *  None
  79:Generated_Source\PSoC5/Col_4.c **** *
  80:Generated_Source\PSoC5/Col_4.c **** * \sideeffect
  81:Generated_Source\PSoC5/Col_4.c **** *  If you use read-modify-write operations that are not atomic, the ISR can
  82:Generated_Source\PSoC5/Col_4.c **** *  cause corruption of this function. An ISR that interrupts this function 
  83:Generated_Source\PSoC5/Col_4.c **** *  and performs writes to the Pins component Drive Mode registers can cause 
  84:Generated_Source\PSoC5/Col_4.c **** *  corrupted port data. To avoid this issue, you should either use the Per-Pin
  85:Generated_Source\PSoC5/Col_4.c **** *  APIs (primary method) or disable interrupts around this function.
  86:Generated_Source\PSoC5/Col_4.c **** *
  87:Generated_Source\PSoC5/Col_4.c **** * \funcusage
  88:Generated_Source\PSoC5/Col_4.c **** *  \snippet Col_4_SUT.c usage_Col_4_SetDriveMode
  89:Generated_Source\PSoC5/Col_4.c **** *******************************************************************************/
  90:Generated_Source\PSoC5/Col_4.c **** void Col_4_SetDriveMode(uint8 mode)
  91:Generated_Source\PSoC5/Col_4.c **** {
 262              		.loc 1 91 0
 263              		.cfi_startproc
ARM GAS  C:\Users\info\AppData\Local\Temp\ccFGfDyD.s 			page 17


 264              		@ args = 0, pretend = 0, frame = 0
 265              		@ frame_needed = 0, uses_anonymous_args = 0
 266              		@ link register save eliminated.
 267              	.LVL3:
  92:Generated_Source\PSoC5/Col_4.c **** 	CyPins_SetPinDriveMode(Col_4_0, mode);
 268              		.loc 1 92 0
 269 0000 044A     		ldr	r2, .L5
 270 0002 1378     		ldrb	r3, [r2]	@ zero_extendqisi2
 271 0004 03F0F103 		and	r3, r3, #241
 272 0008 00F00E00 		and	r0, r0, #14
 273              	.LVL4:
 274 000c 1843     		orrs	r0, r0, r3
 275 000e 1070     		strb	r0, [r2]
 276 0010 7047     		bx	lr
 277              	.L6:
 278 0012 00BF     		.align	2
 279              	.L5:
 280 0014 1E500040 		.word	1073762334
 281              		.cfi_endproc
 282              	.LFE1:
 283              		.size	Col_4_SetDriveMode, .-Col_4_SetDriveMode
 284              		.section	.text.Col_4_Read,"ax",%progbits
 285              		.align	2
 286              		.global	Col_4_Read
 287              		.thumb
 288              		.thumb_func
 289              		.type	Col_4_Read, %function
 290              	Col_4_Read:
 291              	.LFB2:
  93:Generated_Source\PSoC5/Col_4.c **** }
  94:Generated_Source\PSoC5/Col_4.c **** 
  95:Generated_Source\PSoC5/Col_4.c **** 
  96:Generated_Source\PSoC5/Col_4.c **** /*******************************************************************************
  97:Generated_Source\PSoC5/Col_4.c **** * Function Name: Col_4_Read
  98:Generated_Source\PSoC5/Col_4.c **** ****************************************************************************//**
  99:Generated_Source\PSoC5/Col_4.c **** *
 100:Generated_Source\PSoC5/Col_4.c **** * \brief Reads the associated physical port (pin status register) and masks 
 101:Generated_Source\PSoC5/Col_4.c **** *  the required bits according to the width and bit position of the component
 102:Generated_Source\PSoC5/Col_4.c **** *  instance. 
 103:Generated_Source\PSoC5/Col_4.c **** *
 104:Generated_Source\PSoC5/Col_4.c **** * The pin's status register returns the current logic level present on the 
 105:Generated_Source\PSoC5/Col_4.c **** * physical pin.
 106:Generated_Source\PSoC5/Col_4.c **** *
 107:Generated_Source\PSoC5/Col_4.c **** * \return 
 108:Generated_Source\PSoC5/Col_4.c **** *  The current value for the pins in the component as a right justified number.
 109:Generated_Source\PSoC5/Col_4.c **** *
 110:Generated_Source\PSoC5/Col_4.c **** * \funcusage
 111:Generated_Source\PSoC5/Col_4.c **** *  \snippet Col_4_SUT.c usage_Col_4_Read  
 112:Generated_Source\PSoC5/Col_4.c **** *******************************************************************************/
 113:Generated_Source\PSoC5/Col_4.c **** uint8 Col_4_Read(void)
 114:Generated_Source\PSoC5/Col_4.c **** {
 292              		.loc 1 114 0
 293              		.cfi_startproc
 294              		@ args = 0, pretend = 0, frame = 0
 295              		@ frame_needed = 0, uses_anonymous_args = 0
 296              		@ link register save eliminated.
 115:Generated_Source\PSoC5/Col_4.c ****     return (Col_4_PS & Col_4_MASK) >> Col_4_SHIFT;
ARM GAS  C:\Users\info\AppData\Local\Temp\ccFGfDyD.s 			page 18


 297              		.loc 1 115 0
 298 0000 024B     		ldr	r3, .L8
 299 0002 1878     		ldrb	r0, [r3]	@ zero_extendqisi2
 116:Generated_Source\PSoC5/Col_4.c **** }
 300              		.loc 1 116 0
 301 0004 C0F38010 		ubfx	r0, r0, #6, #1
 302 0008 7047     		bx	lr
 303              	.L9:
 304 000a 00BF     		.align	2
 305              	.L8:
 306 000c 31510040 		.word	1073762609
 307              		.cfi_endproc
 308              	.LFE2:
 309              		.size	Col_4_Read, .-Col_4_Read
 310              		.section	.text.Col_4_ReadDataReg,"ax",%progbits
 311              		.align	2
 312              		.global	Col_4_ReadDataReg
 313              		.thumb
 314              		.thumb_func
 315              		.type	Col_4_ReadDataReg, %function
 316              	Col_4_ReadDataReg:
 317              	.LFB3:
 117:Generated_Source\PSoC5/Col_4.c **** 
 118:Generated_Source\PSoC5/Col_4.c **** 
 119:Generated_Source\PSoC5/Col_4.c **** /*******************************************************************************
 120:Generated_Source\PSoC5/Col_4.c **** * Function Name: Col_4_ReadDataReg
 121:Generated_Source\PSoC5/Col_4.c **** ****************************************************************************//**
 122:Generated_Source\PSoC5/Col_4.c **** *
 123:Generated_Source\PSoC5/Col_4.c **** * \brief Reads the associated physical port's data output register and masks 
 124:Generated_Source\PSoC5/Col_4.c **** *  the correct bits according to the width and bit position of the component 
 125:Generated_Source\PSoC5/Col_4.c **** *  instance. 
 126:Generated_Source\PSoC5/Col_4.c **** *
 127:Generated_Source\PSoC5/Col_4.c **** * The data output register controls the signal applied to the physical pin in 
 128:Generated_Source\PSoC5/Col_4.c **** * conjunction with the drive mode parameter. This is not the same as the 
 129:Generated_Source\PSoC5/Col_4.c **** * preferred Col_4_Read() API because the 
 130:Generated_Source\PSoC5/Col_4.c **** * Col_4_ReadDataReg() reads the data register instead of the status 
 131:Generated_Source\PSoC5/Col_4.c **** * register. For output pins this is a useful function to determine the value 
 132:Generated_Source\PSoC5/Col_4.c **** * just written to the pin.
 133:Generated_Source\PSoC5/Col_4.c **** *
 134:Generated_Source\PSoC5/Col_4.c **** * \return 
 135:Generated_Source\PSoC5/Col_4.c **** *  The current value of the data register masked and shifted into a right 
 136:Generated_Source\PSoC5/Col_4.c **** *  justified number for the component instance.
 137:Generated_Source\PSoC5/Col_4.c **** *
 138:Generated_Source\PSoC5/Col_4.c **** * \funcusage
 139:Generated_Source\PSoC5/Col_4.c **** *  \snippet Col_4_SUT.c usage_Col_4_ReadDataReg 
 140:Generated_Source\PSoC5/Col_4.c **** *******************************************************************************/
 141:Generated_Source\PSoC5/Col_4.c **** uint8 Col_4_ReadDataReg(void)
 142:Generated_Source\PSoC5/Col_4.c **** {
 318              		.loc 1 142 0
 319              		.cfi_startproc
 320              		@ args = 0, pretend = 0, frame = 0
 321              		@ frame_needed = 0, uses_anonymous_args = 0
 322              		@ link register save eliminated.
 143:Generated_Source\PSoC5/Col_4.c ****     return (Col_4_DR & Col_4_MASK) >> Col_4_SHIFT;
 323              		.loc 1 143 0
 324 0000 024B     		ldr	r3, .L11
 325 0002 1878     		ldrb	r0, [r3]	@ zero_extendqisi2
ARM GAS  C:\Users\info\AppData\Local\Temp\ccFGfDyD.s 			page 19


 144:Generated_Source\PSoC5/Col_4.c **** }
 326              		.loc 1 144 0
 327 0004 C0F38010 		ubfx	r0, r0, #6, #1
 328 0008 7047     		bx	lr
 329              	.L12:
 330 000a 00BF     		.align	2
 331              	.L11:
 332 000c 30510040 		.word	1073762608
 333              		.cfi_endproc
 334              	.LFE3:
 335              		.size	Col_4_ReadDataReg, .-Col_4_ReadDataReg
 336              		.text
 337              	.Letext0:
 338              		.file 2 "Generated_Source\\PSoC5\\cytypes.h"
 339              		.section	.debug_info,"",%progbits
 340              	.Ldebug_info0:
 341 0000 1B010000 		.4byte	0x11b
 342 0004 0400     		.2byte	0x4
 343 0006 00000000 		.4byte	.Ldebug_abbrev0
 344 000a 04       		.byte	0x4
 345 000b 01       		.uleb128 0x1
 346 000c 24000000 		.4byte	.LASF20
 347 0010 0C       		.byte	0xc
 348 0011 A2010000 		.4byte	.LASF21
 349 0015 38010000 		.4byte	.LASF22
 350 0019 00000000 		.4byte	.Ldebug_ranges0+0
 351 001d 00000000 		.4byte	0
 352 0021 00000000 		.4byte	.Ldebug_line0
 353 0025 02       		.uleb128 0x2
 354 0026 01       		.byte	0x1
 355 0027 06       		.byte	0x6
 356 0028 04020000 		.4byte	.LASF0
 357 002c 02       		.uleb128 0x2
 358 002d 01       		.byte	0x1
 359 002e 08       		.byte	0x8
 360 002f E0000000 		.4byte	.LASF1
 361 0033 02       		.uleb128 0x2
 362 0034 02       		.byte	0x2
 363 0035 05       		.byte	0x5
 364 0036 EB010000 		.4byte	.LASF2
 365 003a 02       		.uleb128 0x2
 366 003b 02       		.byte	0x2
 367 003c 07       		.byte	0x7
 368 003d 05010000 		.4byte	.LASF3
 369 0041 02       		.uleb128 0x2
 370 0042 04       		.byte	0x4
 371 0043 05       		.byte	0x5
 372 0044 FB010000 		.4byte	.LASF4
 373 0048 02       		.uleb128 0x2
 374 0049 04       		.byte	0x4
 375 004a 07       		.byte	0x7
 376 004b F3000000 		.4byte	.LASF5
 377 004f 02       		.uleb128 0x2
 378 0050 08       		.byte	0x8
 379 0051 05       		.byte	0x5
 380 0052 D8010000 		.4byte	.LASF6
 381 0056 02       		.uleb128 0x2
ARM GAS  C:\Users\info\AppData\Local\Temp\ccFGfDyD.s 			page 20


 382 0057 08       		.byte	0x8
 383 0058 07       		.byte	0x7
 384 0059 C9000000 		.4byte	.LASF7
 385 005d 03       		.uleb128 0x3
 386 005e 04       		.byte	0x4
 387 005f 05       		.byte	0x5
 388 0060 696E7400 		.ascii	"int\000"
 389 0064 02       		.uleb128 0x2
 390 0065 04       		.byte	0x4
 391 0066 07       		.byte	0x7
 392 0067 2B010000 		.4byte	.LASF8
 393 006b 04       		.uleb128 0x4
 394 006c F5010000 		.4byte	.LASF12
 395 0070 02       		.byte	0x2
 396 0071 E401     		.2byte	0x1e4
 397 0073 2C000000 		.4byte	0x2c
 398 0077 02       		.uleb128 0x2
 399 0078 04       		.byte	0x4
 400 0079 04       		.byte	0x4
 401 007a C3000000 		.4byte	.LASF9
 402 007e 02       		.uleb128 0x2
 403 007f 08       		.byte	0x8
 404 0080 04       		.byte	0x4
 405 0081 18010000 		.4byte	.LASF10
 406 0085 02       		.uleb128 0x2
 407 0086 01       		.byte	0x1
 408 0087 08       		.byte	0x8
 409 0088 E6010000 		.4byte	.LASF11
 410 008c 04       		.uleb128 0x4
 411 008d EE000000 		.4byte	.LASF13
 412 0091 02       		.byte	0x2
 413 0092 8E02     		.2byte	0x28e
 414 0094 98000000 		.4byte	0x98
 415 0098 05       		.uleb128 0x5
 416 0099 6B000000 		.4byte	0x6b
 417 009d 06       		.uleb128 0x6
 418 009e 1F010000 		.4byte	.LASF14
 419 00a2 01       		.byte	0x1
 420 00a3 39       		.byte	0x39
 421 00a4 00000000 		.4byte	.LFB0
 422 00a8 18000000 		.4byte	.LFE0-.LFB0
 423 00ac 01       		.uleb128 0x1
 424 00ad 9C       		.byte	0x9c
 425 00ae CF000000 		.4byte	0xcf
 426 00b2 07       		.uleb128 0x7
 427 00b3 13000000 		.4byte	.LASF16
 428 00b7 01       		.byte	0x1
 429 00b8 39       		.byte	0x39
 430 00b9 6B000000 		.4byte	0x6b
 431 00bd 00000000 		.4byte	.LLST0
 432 00c1 08       		.uleb128 0x8
 433 00c2 19000000 		.4byte	.LASF23
 434 00c6 01       		.byte	0x1
 435 00c7 3B       		.byte	0x3b
 436 00c8 6B000000 		.4byte	0x6b
 437 00cc 01       		.uleb128 0x1
 438 00cd 53       		.byte	0x53
ARM GAS  C:\Users\info\AppData\Local\Temp\ccFGfDyD.s 			page 21


 439 00ce 00       		.byte	0
 440 00cf 06       		.uleb128 0x6
 441 00d0 00000000 		.4byte	.LASF15
 442 00d4 01       		.byte	0x1
 443 00d5 5A       		.byte	0x5a
 444 00d6 00000000 		.4byte	.LFB1
 445 00da 18000000 		.4byte	.LFE1-.LFB1
 446 00de 01       		.uleb128 0x1
 447 00df 9C       		.byte	0x9c
 448 00e0 F4000000 		.4byte	0xf4
 449 00e4 07       		.uleb128 0x7
 450 00e5 C1010000 		.4byte	.LASF17
 451 00e9 01       		.byte	0x1
 452 00ea 5A       		.byte	0x5a
 453 00eb 6B000000 		.4byte	0x6b
 454 00ef 21000000 		.4byte	.LLST1
 455 00f3 00       		.byte	0
 456 00f4 09       		.uleb128 0x9
 457 00f5 B8000000 		.4byte	.LASF18
 458 00f9 01       		.byte	0x1
 459 00fa 71       		.byte	0x71
 460 00fb 6B000000 		.4byte	0x6b
 461 00ff 00000000 		.4byte	.LFB2
 462 0103 10000000 		.4byte	.LFE2-.LFB2
 463 0107 01       		.uleb128 0x1
 464 0108 9C       		.byte	0x9c
 465 0109 09       		.uleb128 0x9
 466 010a C6010000 		.4byte	.LASF19
 467 010e 01       		.byte	0x1
 468 010f 8D       		.byte	0x8d
 469 0110 6B000000 		.4byte	0x6b
 470 0114 00000000 		.4byte	.LFB3
 471 0118 10000000 		.4byte	.LFE3-.LFB3
 472 011c 01       		.uleb128 0x1
 473 011d 9C       		.byte	0x9c
 474 011e 00       		.byte	0
 475              		.section	.debug_abbrev,"",%progbits
 476              	.Ldebug_abbrev0:
 477 0000 01       		.uleb128 0x1
 478 0001 11       		.uleb128 0x11
 479 0002 01       		.byte	0x1
 480 0003 25       		.uleb128 0x25
 481 0004 0E       		.uleb128 0xe
 482 0005 13       		.uleb128 0x13
 483 0006 0B       		.uleb128 0xb
 484 0007 03       		.uleb128 0x3
 485 0008 0E       		.uleb128 0xe
 486 0009 1B       		.uleb128 0x1b
 487 000a 0E       		.uleb128 0xe
 488 000b 55       		.uleb128 0x55
 489 000c 17       		.uleb128 0x17
 490 000d 11       		.uleb128 0x11
 491 000e 01       		.uleb128 0x1
 492 000f 10       		.uleb128 0x10
 493 0010 17       		.uleb128 0x17
 494 0011 00       		.byte	0
 495 0012 00       		.byte	0
ARM GAS  C:\Users\info\AppData\Local\Temp\ccFGfDyD.s 			page 22


 496 0013 02       		.uleb128 0x2
 497 0014 24       		.uleb128 0x24
 498 0015 00       		.byte	0
 499 0016 0B       		.uleb128 0xb
 500 0017 0B       		.uleb128 0xb
 501 0018 3E       		.uleb128 0x3e
 502 0019 0B       		.uleb128 0xb
 503 001a 03       		.uleb128 0x3
 504 001b 0E       		.uleb128 0xe
 505 001c 00       		.byte	0
 506 001d 00       		.byte	0
 507 001e 03       		.uleb128 0x3
 508 001f 24       		.uleb128 0x24
 509 0020 00       		.byte	0
 510 0021 0B       		.uleb128 0xb
 511 0022 0B       		.uleb128 0xb
 512 0023 3E       		.uleb128 0x3e
 513 0024 0B       		.uleb128 0xb
 514 0025 03       		.uleb128 0x3
 515 0026 08       		.uleb128 0x8
 516 0027 00       		.byte	0
 517 0028 00       		.byte	0
 518 0029 04       		.uleb128 0x4
 519 002a 16       		.uleb128 0x16
 520 002b 00       		.byte	0
 521 002c 03       		.uleb128 0x3
 522 002d 0E       		.uleb128 0xe
 523 002e 3A       		.uleb128 0x3a
 524 002f 0B       		.uleb128 0xb
 525 0030 3B       		.uleb128 0x3b
 526 0031 05       		.uleb128 0x5
 527 0032 49       		.uleb128 0x49
 528 0033 13       		.uleb128 0x13
 529 0034 00       		.byte	0
 530 0035 00       		.byte	0
 531 0036 05       		.uleb128 0x5
 532 0037 35       		.uleb128 0x35
 533 0038 00       		.byte	0
 534 0039 49       		.uleb128 0x49
 535 003a 13       		.uleb128 0x13
 536 003b 00       		.byte	0
 537 003c 00       		.byte	0
 538 003d 06       		.uleb128 0x6
 539 003e 2E       		.uleb128 0x2e
 540 003f 01       		.byte	0x1
 541 0040 3F       		.uleb128 0x3f
 542 0041 19       		.uleb128 0x19
 543 0042 03       		.uleb128 0x3
 544 0043 0E       		.uleb128 0xe
 545 0044 3A       		.uleb128 0x3a
 546 0045 0B       		.uleb128 0xb
 547 0046 3B       		.uleb128 0x3b
 548 0047 0B       		.uleb128 0xb
 549 0048 27       		.uleb128 0x27
 550 0049 19       		.uleb128 0x19
 551 004a 11       		.uleb128 0x11
 552 004b 01       		.uleb128 0x1
ARM GAS  C:\Users\info\AppData\Local\Temp\ccFGfDyD.s 			page 23


 553 004c 12       		.uleb128 0x12
 554 004d 06       		.uleb128 0x6
 555 004e 40       		.uleb128 0x40
 556 004f 18       		.uleb128 0x18
 557 0050 9742     		.uleb128 0x2117
 558 0052 19       		.uleb128 0x19
 559 0053 01       		.uleb128 0x1
 560 0054 13       		.uleb128 0x13
 561 0055 00       		.byte	0
 562 0056 00       		.byte	0
 563 0057 07       		.uleb128 0x7
 564 0058 05       		.uleb128 0x5
 565 0059 00       		.byte	0
 566 005a 03       		.uleb128 0x3
 567 005b 0E       		.uleb128 0xe
 568 005c 3A       		.uleb128 0x3a
 569 005d 0B       		.uleb128 0xb
 570 005e 3B       		.uleb128 0x3b
 571 005f 0B       		.uleb128 0xb
 572 0060 49       		.uleb128 0x49
 573 0061 13       		.uleb128 0x13
 574 0062 02       		.uleb128 0x2
 575 0063 17       		.uleb128 0x17
 576 0064 00       		.byte	0
 577 0065 00       		.byte	0
 578 0066 08       		.uleb128 0x8
 579 0067 34       		.uleb128 0x34
 580 0068 00       		.byte	0
 581 0069 03       		.uleb128 0x3
 582 006a 0E       		.uleb128 0xe
 583 006b 3A       		.uleb128 0x3a
 584 006c 0B       		.uleb128 0xb
 585 006d 3B       		.uleb128 0x3b
 586 006e 0B       		.uleb128 0xb
 587 006f 49       		.uleb128 0x49
 588 0070 13       		.uleb128 0x13
 589 0071 02       		.uleb128 0x2
 590 0072 18       		.uleb128 0x18
 591 0073 00       		.byte	0
 592 0074 00       		.byte	0
 593 0075 09       		.uleb128 0x9
 594 0076 2E       		.uleb128 0x2e
 595 0077 00       		.byte	0
 596 0078 3F       		.uleb128 0x3f
 597 0079 19       		.uleb128 0x19
 598 007a 03       		.uleb128 0x3
 599 007b 0E       		.uleb128 0xe
 600 007c 3A       		.uleb128 0x3a
 601 007d 0B       		.uleb128 0xb
 602 007e 3B       		.uleb128 0x3b
 603 007f 0B       		.uleb128 0xb
 604 0080 27       		.uleb128 0x27
 605 0081 19       		.uleb128 0x19
 606 0082 49       		.uleb128 0x49
 607 0083 13       		.uleb128 0x13
 608 0084 11       		.uleb128 0x11
 609 0085 01       		.uleb128 0x1
ARM GAS  C:\Users\info\AppData\Local\Temp\ccFGfDyD.s 			page 24


 610 0086 12       		.uleb128 0x12
 611 0087 06       		.uleb128 0x6
 612 0088 40       		.uleb128 0x40
 613 0089 18       		.uleb128 0x18
 614 008a 9742     		.uleb128 0x2117
 615 008c 19       		.uleb128 0x19
 616 008d 00       		.byte	0
 617 008e 00       		.byte	0
 618 008f 00       		.byte	0
 619              		.section	.debug_loc,"",%progbits
 620              	.Ldebug_loc0:
 621              	.LLST0:
 622 0000 00000000 		.4byte	.LVL0
 623 0004 0A000000 		.4byte	.LVL2
 624 0008 0100     		.2byte	0x1
 625 000a 50       		.byte	0x50
 626 000b 0A000000 		.4byte	.LVL2
 627 000f 18000000 		.4byte	.LFE0
 628 0013 0400     		.2byte	0x4
 629 0015 F3       		.byte	0xf3
 630 0016 01       		.uleb128 0x1
 631 0017 50       		.byte	0x50
 632 0018 9F       		.byte	0x9f
 633 0019 00000000 		.4byte	0
 634 001d 00000000 		.4byte	0
 635              	.LLST1:
 636 0021 00000000 		.4byte	.LVL3
 637 0025 0C000000 		.4byte	.LVL4
 638 0029 0100     		.2byte	0x1
 639 002b 50       		.byte	0x50
 640 002c 0C000000 		.4byte	.LVL4
 641 0030 18000000 		.4byte	.LFE1
 642 0034 0400     		.2byte	0x4
 643 0036 F3       		.byte	0xf3
 644 0037 01       		.uleb128 0x1
 645 0038 50       		.byte	0x50
 646 0039 9F       		.byte	0x9f
 647 003a 00000000 		.4byte	0
 648 003e 00000000 		.4byte	0
 649              		.section	.debug_aranges,"",%progbits
 650 0000 34000000 		.4byte	0x34
 651 0004 0200     		.2byte	0x2
 652 0006 00000000 		.4byte	.Ldebug_info0
 653 000a 04       		.byte	0x4
 654 000b 00       		.byte	0
 655 000c 0000     		.2byte	0
 656 000e 0000     		.2byte	0
 657 0010 00000000 		.4byte	.LFB0
 658 0014 18000000 		.4byte	.LFE0-.LFB0
 659 0018 00000000 		.4byte	.LFB1
 660 001c 18000000 		.4byte	.LFE1-.LFB1
 661 0020 00000000 		.4byte	.LFB2
 662 0024 10000000 		.4byte	.LFE2-.LFB2
 663 0028 00000000 		.4byte	.LFB3
 664 002c 10000000 		.4byte	.LFE3-.LFB3
 665 0030 00000000 		.4byte	0
 666 0034 00000000 		.4byte	0
ARM GAS  C:\Users\info\AppData\Local\Temp\ccFGfDyD.s 			page 25


 667              		.section	.debug_ranges,"",%progbits
 668              	.Ldebug_ranges0:
 669 0000 00000000 		.4byte	.LFB0
 670 0004 18000000 		.4byte	.LFE0
 671 0008 00000000 		.4byte	.LFB1
 672 000c 18000000 		.4byte	.LFE1
 673 0010 00000000 		.4byte	.LFB2
 674 0014 10000000 		.4byte	.LFE2
 675 0018 00000000 		.4byte	.LFB3
 676 001c 10000000 		.4byte	.LFE3
 677 0020 00000000 		.4byte	0
 678 0024 00000000 		.4byte	0
 679              		.section	.debug_line,"",%progbits
 680              	.Ldebug_line0:
 681 0000 8E000000 		.section	.debug_str,"MS",%progbits,1
 681      02004200 
 681      00000201 
 681      FB0E0D00 
 681      01010101 
 682              	.LASF15:
 683 0000 436F6C5F 		.ascii	"Col_4_SetDriveMode\000"
 683      345F5365 
 683      74447269 
 683      76654D6F 
 683      646500
 684              	.LASF16:
 685 0013 76616C75 		.ascii	"value\000"
 685      6500
 686              	.LASF23:
 687 0019 73746174 		.ascii	"staticBits\000"
 687      69634269 
 687      747300
 688              	.LASF20:
 689 0024 474E5520 		.ascii	"GNU C11 5.4.1 20160609 (release) [ARM/embedded-5-br"
 689      43313120 
 689      352E342E 
 689      31203230 
 689      31363036 
 690 0057 616E6368 		.ascii	"anch revision 237715] -mcpu=cortex-m3 -mthumb -g -O"
 690      20726576 
 690      6973696F 
 690      6E203233 
 690      37373135 
 691 008a 67202D66 		.ascii	"g -ffunction-sections -ffat-lto-objects -flto\000"
 691      66756E63 
 691      74696F6E 
 691      2D736563 
 691      74696F6E 
 692              	.LASF18:
 693 00b8 436F6C5F 		.ascii	"Col_4_Read\000"
 693      345F5265 
 693      616400
 694              	.LASF9:
 695 00c3 666C6F61 		.ascii	"float\000"
 695      7400
 696              	.LASF7:
 697 00c9 6C6F6E67 		.ascii	"long long unsigned int\000"
ARM GAS  C:\Users\info\AppData\Local\Temp\ccFGfDyD.s 			page 26


 697      206C6F6E 
 697      6720756E 
 697      7369676E 
 697      65642069 
 698              	.LASF1:
 699 00e0 756E7369 		.ascii	"unsigned char\000"
 699      676E6564 
 699      20636861 
 699      7200
 700              	.LASF13:
 701 00ee 72656738 		.ascii	"reg8\000"
 701      00
 702              	.LASF5:
 703 00f3 6C6F6E67 		.ascii	"long unsigned int\000"
 703      20756E73 
 703      69676E65 
 703      6420696E 
 703      7400
 704              	.LASF3:
 705 0105 73686F72 		.ascii	"short unsigned int\000"
 705      7420756E 
 705      7369676E 
 705      65642069 
 705      6E7400
 706              	.LASF10:
 707 0118 646F7562 		.ascii	"double\000"
 707      6C6500
 708              	.LASF14:
 709 011f 436F6C5F 		.ascii	"Col_4_Write\000"
 709      345F5772 
 709      69746500 
 710              	.LASF8:
 711 012b 756E7369 		.ascii	"unsigned int\000"
 711      676E6564 
 711      20696E74 
 711      00
 712              	.LASF22:
 713 0138 433A5C55 		.ascii	"C:\\Users\\info\\Desktop\\Spring 2019 Classes\\6.11"
 713      73657273 
 713      5C696E66 
 713      6F5C4465 
 713      736B746F 
 714 0166 355C362E 		.ascii	"5\\6.115-final\\PSoCCreator\\Final Project\\FinalEm"
 714      3131352D 
 714      66696E61 
 714      6C5C5053 
 714      6F434372 
 715 0195 756C6174 		.ascii	"ulator.cydsn\000"
 715      6F722E63 
 715      7964736E 
 715      00
 716              	.LASF21:
 717 01a2 47656E65 		.ascii	"Generated_Source\\PSoC5\\Col_4.c\000"
 717      72617465 
 717      645F536F 
 717      75726365 
 717      5C50536F 
ARM GAS  C:\Users\info\AppData\Local\Temp\ccFGfDyD.s 			page 27


 718              	.LASF17:
 719 01c1 6D6F6465 		.ascii	"mode\000"
 719      00
 720              	.LASF19:
 721 01c6 436F6C5F 		.ascii	"Col_4_ReadDataReg\000"
 721      345F5265 
 721      61644461 
 721      74615265 
 721      6700
 722              	.LASF6:
 723 01d8 6C6F6E67 		.ascii	"long long int\000"
 723      206C6F6E 
 723      6720696E 
 723      7400
 724              	.LASF11:
 725 01e6 63686172 		.ascii	"char\000"
 725      00
 726              	.LASF2:
 727 01eb 73686F72 		.ascii	"short int\000"
 727      7420696E 
 727      7400
 728              	.LASF12:
 729 01f5 75696E74 		.ascii	"uint8\000"
 729      3800
 730              	.LASF4:
 731 01fb 6C6F6E67 		.ascii	"long int\000"
 731      20696E74 
 731      00
 732              	.LASF0:
 733 0204 7369676E 		.ascii	"signed char\000"
 733      65642063 
 733      68617200 
 734              		.comm	__gnu_lto_v1,1,1
 735              		.ident	"GCC: (GNU Tools for ARM Embedded Processors) 5.4.1 20160609 (release) [ARM/embedded-5-bran
