ARM GAS  C:\Users\info\AppData\Local\Temp\ccN09GBv.s 			page 1


   1              		.syntax unified
   2              		.cpu cortex-m3
   3              		.fpu softvfp
   4              		.eabi_attribute 20, 1
   5              		.eabi_attribute 21, 1
   6              		.eabi_attribute 23, 3
   7              		.eabi_attribute 24, 1
   8              		.eabi_attribute 25, 1
   9              		.eabi_attribute 26, 1
  10              		.eabi_attribute 30, 1
  11              		.eabi_attribute 34, 1
  12              		.eabi_attribute 18, 4
  13              		.thumb
  14              		.syntax unified
  15              		.file	"Col_3.c"
  16              		.text
  17              	.Ltext0:
  18              		.section	.gnu.lto_.profile.792a05b9,"",%progbits
  19 0000 789C6361 		.ascii	"x\234ca`d`a`\000\222\222\242\000\000\261\0009"
  19      60646061 
  19      60009292 
  19      A20000B1 
  19      0039
  20              		.text
  21              		.section	.gnu.lto_.inline.792a05b9,"",%progbits
  22 0000 789C6361 		.ascii	"x\234ca`d\000\001?\006\004`a`\340\344`d`\342y\020\313"
  22      60640001 
  22      3F060460 
  22      6160E0E4 
  22      606460E2 
  23 0017 C0B6409E 		.ascii	"\300\266@\236\011$\306\310\300\301\016\024\342\232\340"
  23      0924C6C8 
  23      C0C10E14 
  23      E29AE0
  24 0026 07176262 		.ascii	"\007\027bb`c\005\012\261}\320\203\0131c\0121\000\000"
  24      6063050A 
  24      B17DD083 
  24      0B31630A 
  24      310000
  25 0039 537C0835 		.ascii	"S|\0105"
  26              		.text
  27              		.section	.gnu.lto_.jmpfuncs.792a05b9,"",%progbits
  28 0000 789C6361 		.ascii	"x\234ca`d\000\001>\006\004`\001b\240(\023\003\0033\220"
  28      60640001 
  28      3E060460 
  28      0162A028 
  28      13030333 
  29 0015 05000292 		.ascii	"\005\000\002\222\000\036"
  29      001E
  30              		.text
  31              		.section	.gnu.lto_.pureconst.792a05b9,"",%progbits
  32 0000 789C6361 		.ascii	"x\234ca`d\340d```a\220b\224b\222b\226\002\000\002\261"
  32      6064E064 
  32      60606061 
  32      90629462 
  32      92629602 
  33 0017 0081     		.ascii	"\000\201"
ARM GAS  C:\Users\info\AppData\Local\Temp\ccN09GBv.s 			page 2


  34              		.text
  35              		.section	.gnu.lto_Col_3_Write.792a05b9,"",%progbits
  36 0000 789C5551 		.ascii	"x\234UQMKTa\024>\317\373\336\017k\254?\340\200C f\213"
  36      4D4B5461 
  36      143ECFFB 
  36      DE0F6BAC 
  36      3FE08043 
  37 0017 88A43F90 		.ascii	"\210\244?\220\013\267\241\333\001\031\246\273\020\314"
  37      0BB7A1DB 
  37      0119A6BB 
  37      10CC
  38 0025 011DDBFA 		.ascii	"\001\035\333\372^\307\231\001WnT\202J\360\003?\363\243"
  38      5EC79901 
  38      576E5482 
  38      4AF0033F 
  38      F3A3
  39 0037 5645C2E5 		.ascii	"VE\302\345\356\332\024\204\233>(\231\305\225\012b\004"
  39      EEDA1484 
  39      9B3E2899 
  39      C5950A62 
  39      04
  40 0048 8724ADE9 		.ascii	"\207$\255\351\234{]\344\201\367\343\236\373<\317y\316"
  40      9C7B5DE4 
  40      81F7E39E 
  40      FB3CCF79 
  40      CE
  41 0059 792D0249 		.ascii	"y-\002I\334PD\267\371l\343\005MP\323o\211\374\026\005"
  41      DC5044B7 
  41      F96CE305 
  41      4D50D36F 
  41      89FC1605 
  42 006d C8C5B480 		.ascii	"\310\305\264\200\306\025\306\321P\177\024\302j\364R"
  42      C615C6D1 
  42      507F14C2 
  42      6AF452
  43 007c 75AD188E 		.ascii	"u\255\030\216\203\345\247\332\254\006(k\242\246\212"
  43      83E5A7DA 
  43      AC06286B 
  43      A2A68A
  44 008b 95082BE8 		.ascii	"\225\010+\350b\324\341\353\352>\3645\020\337+a\243\236"
  44      62D4E1EB 
  44      EA3EF435 
  44      10DF2B61 
  44      A39E
  45 009d EA5C3666 		.ascii	"\352\\6f\302\230\243\254\321e\015\254B3\003\335i\334"
  45      C298A3AC 
  45      D1650DAC 
  45      423303DD 
  45      69DC
  46 00af 4A132708 		.ascii	"J\023'\010k\350\024\360\311\307\375\255\253\372zL\234"
  46      6BE814F0 
  46      C9C7FDAD 
  46      ABFA7A4C 
  46      9C
  47 00c0 36D1426B 		.ascii	"6\321Bk\307\242\020\203_\017\346L\340g\204\273\376?"
  47      C7A21083 
  47      5F0FE64C 
ARM GAS  C:\Users\info\AppData\Local\Temp\ccN09GBv.s 			page 3


  47      E06784BB 
  47      FE3F
  48 00d2 5782A1B5 		.ascii	"W\202\241\265\335\2773W\234Iq\225\301\006:\022?\330"
  48      DDBF3357 
  48      9C497195 
  48      C1063A12 
  48      3FD8
  49 00e4 84C31D42 		.ascii	"\204\303\035B2\333}\201i6K&h\330\015}IqQ\305\235\362"
  49      32DB7D81 
  49      69364B26 
  49      68D80D7D 
  49      497151C5 
  50 00fa 0F0B52DB 		.ascii	"\017\013R\333\226\204#\233+\033Q\235\227t\177\244\224"
  50      9684239B 
  50      2B1B519D 
  50      97747FA4 
  50      94
  51 010b 9C3A42F8 		.ascii	"\234:B\370{\352\313\234+\232%-\223\230-\207\357\334"
  51      7BEACB9C 
  51      2B9A252D 
  51      93982D87 
  51      EFDC
  52 011d 6355D63A 		.ascii	"cU\326:v\373\341\323\243\237N\362\271\263\340\033\213"
  52      76FBE1D3 
  52      A39F4EF2 
  52      B9B3E01B 
  52      8B
  53 012e 5307538F 		.ascii	"S\007S\217O\335y<\361'yF\026\266\220\3063\260glc\036"
  53      4FDD793C 
  53      F1277946 
  53      16B690C6 
  53      33B0676C 
  54 0144 14A17456 		.ascii	"\024\241tV\371\214DP'\232?\336\327\202\224\210\000_"
  54      F98C4450 
  54      279A3FDE 
  54      D7829488 
  54      005F
  55 0156 811D06D7 		.ascii	"\201\035\006\327\240\3426\330)\243\204T\257D\207\347"
  55      A0E236D8 
  55      29A38454 
  55      AF4487E7 
  56 0166 36EC9296 		.ascii	"6\354\222\226:o\226^\235\265\012\313\206\215]&\305\322"
  56      3A6F965E 
  56      9DB50ACB 
  56      868D5D26 
  56      C5D2
  57 0178 C7E7D282 		.ascii	"\307\347\322\202cP\365\233\331\263\004d!\203\347\011"
  57      6350F59B 
  57      D9B30464 
  57      2183E709 
  58 0188 E8C44920 		.ascii	"\350\304I nl\300\341T8\033\263.\230\367\215I]\364\377"
  58      6E6CC0E1 
  58      54381BB3 
  58      2E98F78D 
  58      495DF4FF 
  59 019c 82FD338B 		.ascii	"\202\3753\213\276c\"8\265\205\020?D]Af\305\223k\357"
  59      BE632238 
ARM GAS  C:\Users\info\AppData\Local\Temp\ccN09GBv.s 			page 4


  59      B585103F 
  59      445D4166 
  59      C5936BEF 
  60 01b0 F586BD91 		.ascii	"\365\206\275\221\\\321\273?\320_\030\033\311{\331{\375"
  60      5CD1BB3F 
  60      D05F181B 
  60      C97BD97B 
  60      FD
  61 01c1 859E3BD9 		.ascii	"\205\236;\331\236\302\320@\367\315<\331\017sCc\336\345"
  61      9EC2D040 
  61      F7CD3CD9 
  61      0F734363 
  61      DEE5
  62 01d3 D162AE38 		.ascii	"\321b\2568\230\277;X\034\375\007e\274\3039"
  62      98BF3B58 
  62      1CFD0765 
  62      BCC339
  63              		.text
  64              		.section	.gnu.lto_Col_3_SetDriveMode.792a05b9,"",%progbits
  65 0000 789C7D51 		.ascii	"x\234}Q\273J\003A\024\275gf\263\233 \346\007\014(\026"
  65      BB4A0341 
  65      14BD6766 
  65      B39B20E6 
  65      070C2816 
  66 0014 8A8D08E2 		.ascii	"\212\215\010\342\027\004\264\025m\003\"\272\235\032"
  66      1704B415 
  66      6D0322BA 
  66      9D1A
  67 0022 14AD9DBC 		.ascii	"\024\255\235\274\020\264\011\210)\024\321F|\277\260"
  67      10B40988 
  67      2914D146 
  67      7CBFB0
  68 0031 B28B0105 		.ascii	"\262\213\001\005\033\355,,D,\202\010J|\021\211\306x"
  68      1BED2C2C 
  68      442C8208 
  68      4A7C1189 
  68      C678
  69 0043 EF26452A 		.ascii	"\357&E*\207\235\3738\234s\270w\326\"\220\234GNm\234"
  69      879DFB38 
  69      9C73B877 
  69      D622909C 
  69      474E6D9C 
  70 0057 9BF84213 		.ascii	"\233\370B\023T\372\212(\346W\200\024\306\017\232U\230"
  70      54FA8A28 
  70      E6578014 
  70      C60F9A55 
  70      98
  71 0068 C5A72A2B 		.ascii	"\305\247*+\344\346\362\247\252c\323\360\271?\177\351"
  71      E4E6F2A7 
  71      AA63D3F0 
  71      B93F7FE9 
  72 0078 325B59A4 		.ascii	"2[Y\2444QEyN\204Mt0\353\375dc\261A\267\202\270~\275"
  72      34514579 
  72      4E844D74 
  72      30EBFD64 
  72      63B141B7 
  73 0090 2ADC05DB 		.ascii	"*\334\005\3337\214\211\033S\211\030\235\322\300\026"
ARM GAS  C:\Users\info\AppData\Local\Temp\ccN09GBv.s 			page 5


  73      378C891B 
  73      5389189D 
  73      D2C016
  74 009f 342BD01D 		.ascii	"4+\320\035BW\210\030 l\243]\310\017\307\277K\215vR\354"
  74      42578818 
  74      206CA35D 
  74      C80FC7BF 
  74      4B8D7652 
  75 00b4 5BAAA6D8 		.ascii	"[\252\246\330\201-c\036\016dM\245\2220\331\242}V\262"
  75      812D631E 
  75      0E644DA5 
  75      9230D9A2 
  75      7D56B2
  76 00c7 1B14CB94 		.ascii	"\033\024\313\224\346\240-\011>\210\203-\245#\301/! "
  76      E6A02D09 
  76      3E88832D 
  76      A523C12F 
  76      2120
  77 00d9 1CA2025F 		.ascii	"\034\242\002_Y\344U)\311:\217\\i>\277b\211sB\313R\231"
  77      59E45529 
  77      C93A8F5C 
  77      693EBF62 
  77      897342CB 
  78 00ef 54EEDAF9 		.ascii	"T\356\332\371P)my\023/\037\245\277j\355\352z\314X\014"
  78      50296D79 
  78      132F1FA5 
  78      BF6AEDEA 
  78      7ACC580C 
  79 0103 5D161FCB 		.ascii	"]\026\037\313\215kX\215%y]\037\366\020\302.B<\335>\326"
  79      8D6B588D 
  79      25795D1F 
  79      F610C22E 
  79      423CDD3E 
  80 0118 4079C4DF 		.ascii	"@y\304\337\234\252\235fG\356\023?v\265\267\030b\375"
  80      9CAA9D66 
  80      47EE133F 
  80      76B5B718 
  80      62FD
  81 012a EDC54239 		.ascii	"\355\305B9 \226\032\2238`e\235\204?_\275\304a\210%\317"
  81      20961A93 
  81      3860659D 
  81      843F5FBD 
  81      C4618825 
  82 013f 37BB7BBA 		.ascii	"7\273{\272*\011\342\320\223$\276j\024\277g\354\324\273"
  82      2A09E2D0 
  82      9324BE6A 
  82      14BF67EC 
  82      D4BB
  83 0151 0418E53E 		.ascii	"\004\030\345>\227\201\364\377\215|\304#3\237\236\020"
  83      9781F4FF 
  83      8D7CC423 
  83      339F9E10 
  84 0161 CF7EF70A 		.ascii	"\317~\367\012\333\373u\005\005y\036~\254\346>w\302\235"
  84      DBFB7505 
  84      05791E7E 
  84      ACE63E77 
  84      C29D
ARM GAS  C:\Users\info\AppData\Local\Temp\ccN09GBv.s 			page 6


  85 0173 1A9E7647 		.ascii	"\032\236vG\207\006\2433S#n\244\1770\032\356\211\204"
  85      8706A333 
  85      53236EA4 
  85      7F301AEE 
  85      8984
  86 0185 A36343DD 		.ascii	"\243cC\335\235#d\215GG\335?\032h\246\317"
  86      9D23648D 
  86      4747DD3F 
  86      1A68A6CF 
  87              		.text
  88              		.section	.gnu.lto_Col_3_Read.792a05b9,"",%progbits
  89 0000 789C354F 		.ascii	"x\2345O\315K\002Q\020\237\337{\253+}\370\017$dG/\021"
  89      CD4B0251 
  89      109FDF7B 
  89      AB2B7DF8 
  89      0F246447 
  90 0016 48105D85 		.ascii	"H\020]\205\272FB'A\302\366\026\011Rgw]\267 :t\251 ("
  90      BA464227 
  90      41C2F616 
  90      09526777 
  90      5DB7203A 
  91 002e 210AED8B 		.ascii	"!\012\355\213\360\332\311<\025Q\035\"\010\012\211\022"
  91      F0DAC93C 
  91      15511D22 
  91      080A8912 
  92 003e 834E2946 		.ascii	"\203N)F \226\315kk\340\315\2747\357\3671\243\021H\305"
  92      2096CD6B 
  92      6BE0CDBC 
  92      37EFF731 
  92      A31148C5 
  93 0052 149701AE 		.ascii	"\024\227\001\256}| \011b\365\232\310\362\011@]L\037"
  93      7D7C2009 
  93      62F59AC8 
  93      F209405D 
  93      4C1F
  94 0064 282D90C6 		.ascii	"(-\220\306\207\370\022\270\374<_\351\012\345M3c>\355"
  94      87F812B8 
  94      FC3C5FE9 
  94      0AE54D33 
  94      633EED
  95 0077 B546360A 		.ascii	"\265F6\012%8\222\250#\010\341\000\206\002J\"\217\020"
  95      253892A8 
  95      2308E100 
  95      86024A22 
  95      8F10
  96 0089 31F4B9F8 		.ascii	"1\364\271\370\275\326\353\315\232\034A\005\340\237\002"
  96      BDD6EBCD 
  96      9A1C4105 
  96      E09F02
  97 0098 BCCAF264 		.ascii	"\274\312\362d\262dv:\266Y\272\323\317\356u\035\344H"
  97      B264763A 
  97      B659BAD3 
  97      CFEE751D 
  97      E448
  98 00aa F6E5A471 		.ascii	"\366\345\244q\022\036\225\274\244d\351\235ij\210\272"
  98      121E95BC 
  98      A464E99D 
ARM GAS  C:\Users\info\AppData\Local\Temp\ccN09GBv.s 			page 7


  98      696A88BA 
  99 00ba 10AACA1A 		.ascii	"\020\252\312\032\312\255\345\312\366\250R\262\245d\227"
  99      CAADE5CA 
  99      F6A852B2 
  99      A56497
 100 00c9 75A77CA3 		.ascii	"u\247|\2437\205#%\224i\346\265\362\320\355>\213;\226"
 100      37852325 
 100      9469E6B5 
 100      F2D0ED3E 
 100      8B3B96
 101 00dc A971CBB1 		.ascii	"\251q\313\261n\037\3759lYY\036U\303\001\002\330\007"
 101      6E1FFD39 
 101      6C59591E 
 101      55C30102 
 101      D807
 102 00ee 0F8A43E4 		.ascii	"\017\212C\344@5\330\3551\262%\\\271\372\325\346\213"
 102      4035D8ED 
 102      31B2255C 
 102      B9FAD5E6 
 102      8B
 103 00ff 5FF18120 		.ascii	"_\361\201 \216\030VC\246\261\324\024\256\241\3068\305"
 103      8E185643 
 103      A6B1D414 
 103      AEA1C638 
 103      C5
 104 0110 682C5635 		.ascii	"h,V5\267\343\341&\323.vO\333=\212&\340\301\361?\255"
 104      B7E3E126 
 104      D32E764F 
 104      DB3D8A26 
 104      E0C1F13F 
 105 0125 0A17A470 		.ascii	"\012\027\244p\364\206?\021/\375.\006\265\020\257\327"
 105      F4863F11 
 105      2FFD2E06 
 105      B510AFD7 
 106 0135 3F6ECC19 		.ascii	"?n\314\031\251\351yc&\036M.\244\022Fl\"\232\214\014"
 106      A9E97963 
 106      261E4D2E 
 106      A412466C 
 106      229A8C0C 
 107 0149 C722C9D9 		.ascii	"\307\"\311\331xx0A?\372\316{o"
 107      78783041 
 107      3FFACE7B 
 107      6F
 108              		.text
 109              		.section	.gnu.lto_Col_3_ReadDataReg.792a05b9,"",%progbits
 110 0000 789C354F 		.ascii	"x\2345O\315KBA\020\237\337\356\363)R\375\003\011\331"
 110      CD4B4241 
 110      109FDFEE 
 110      F32952FD 
 110      0309D9
 111 0013 D14B04D2 		.ascii	"\321K\004\322\241\256B]\243\240\223 a\357\026\011Rg"
 111      A1AE425D 
 111      A3A09320 
 111      61EF1609 
 111      5267
 112 0025 D78F5720 		.ascii	"\327\217W \035\272T\024\205\020\205\332\007\3255\010"
 112      1DBA5414 
ARM GAS  C:\Users\info\AppData\Local\Temp\ccN09GBv.s 			page 8


 112      851085DA 
 112      07D53508 
 113 0035 CC53117D 		.ascii	"\314S\021}\\\243\213\224x\350\020)FP\246\315\366j`g"
 113      5CA38B94 
 113      78E81029 
 113      4650A6CD 
 113      F66A6067 
 114 0049 76677F1F 		.ascii	"vg\177\0373\006\201tLq\351\347\332\313\007\222 Vn\211"
 114      33068174 
 114      4C71E9E7 
 114      DACB0792 
 114      20566E89 
 115 005d 921E01E8 		.ascii	"\222\036\001\350\213\362\200\022\002\011\274\213o\201"
 115      8BF28012 
 115      0209BC8B 
 115      6F81
 116 006b EB8FCB65 		.ascii	"\353\217\313eo \257TJU\366\362\303\353\205\022lI\324"
 116      6F20AF54 
 116      4A55F6F2 
 116      C3EB8512 
 116      6C49D4
 117 007e 1184A00F 		.ascii	"\021\204\240\017\203>-\221G\200\030\372t\332^\35563"
 117      833E2D91 
 117      478018FA 
 117      74DA5EED 
 117      3633
 118 0090 8AC3AF01 		.ascii	"\212\303\257\001\374S\200\251-\217'J\252\323I\253\322"
 118      FC5380A9 
 118      2D8F274A 
 118      AAD349AB 
 118      D2
 119 00a1 B9F7E2DE 		.ascii	"\271\367\342\336\353\006\331\222}9\031\234\204K'\223"
 119      EB06D992 
 119      7D39199C 
 119      844B2793 
 120 00b1 B42CBD31 		.ascii	"\264,\2751M\017Q\027BWYC\3713\333.\216h\245\264\224"
 120      4D0F5117 
 120      42575943 
 120      F933DB2E 
 120      8E68A5B4 
 121 00c6 ECB26697 		.ascii	"\354\262f\227\357\334MaK\011m\372\360\270\361j:\317"
 121      EFDC4D61 
 121      4B096DFA 
 121      F0B8F16A 
 121      3ACF
 122 00d8 939DA432 		.ascii	"\223\235\2442\270U\311n}\271s\330NfxT\003\373\360\241"
 122      B855C96E 
 122      7DB973D8 
 122      4E667854 
 122      03FBF0A1 
 123 00ec 081E1407 		.ascii	"\010\036\024\007\310\201jH\267F)-\341\310\325o6\237"
 123      C8816A48 
 123      B746292D 
 123      E1C8D56F 
 123      369F
 124 00fe 7B341FF0 		.ascii	"{4\037\360\343\220a5\244\032KM\341\030\032\214\323\214"
 124      E3906135 
ARM GAS  C:\Users\info\AppData\Local\Temp\ccN09GBv.s 			page 9


 124      A41A4B4D 
 124      E1181A8C 
 124      D38C
 125 0110 C662D570 		.ascii	"\306b\325p:.n2\355j\367\254\325\245i\002.\034\375\323"
 125      3A2E6E32 
 125      ED6AF7AC 
 125      D5A56902 
 125      2E1CFDD3 
 126 0124 AA70401A 		.ascii	"\252p@\032G/\370\0231\351w1\350\205x\275\2761k\316\212"
 126      472FF813 
 126      31E97731 
 126      E88578BD 
 126      BE316BCE 
 127 0139 4FCF5B33 		.ascii	"O\317[3\221\311\330B<j\205\307'c\241\241p(6\033\011"
 127      91C9D842 
 127      3C6A85C7 
 127      2763A1A1 
 127      7028361B 
 128 014e 0E44E907 		.ascii	"\016D\351\007\326t{\206"
 128      D6747B86 
 129              		.text
 130              		.section	.gnu.lto_.symbol_nodes.792a05b9,"",%progbits
 131 0000 789C6361 		.ascii	"x\234ca`dpc\000\002&\206z\006\206\011\347\030@\324\252"
 131      60647063 
 131      00022686 
 131      7A068609 
 131      E71840D4 
 132 0015 0645A000 		.ascii	"\006E\240\000c=#\252\000S=\023\252\000s=3\212\000\003"
 132      633D23AA 
 132      00533D13 
 132      AA00733D 
 132      338A0003 
 133 0029 001ED60E 		.ascii	"\000\036\326\016\374"
 133      FC
 134              		.text
 135              		.section	.gnu.lto_.refs.792a05b9,"",%progbits
 136 0000 789C6361 		.ascii	"x\234ca`\004B \000\000\0009\000\007"
 136      60044220 
 136      00000039 
 136      0007
 137              		.text
 138              		.section	.gnu.lto_.decls.792a05b9,"",%progbits
 139 0000 789C8D92 		.ascii	"x\234\215\222]HTA\024\307\347\334{]\227\253YI\224\017"
 139      5D485441 
 139      14C7E7DC 
 139      7B5D97AB 
 139      5949940F 
 140 0014 97329F7C 		.ascii	"\2272\237|Z\222%\360!*P\262\2272\264\354EXV\275\230"
 140      5A9225F0 
 140      212A50B2 
 140      9732B4EC 
 140      455856BD 
 141 0029 106E6C6B 		.ascii	"\020nlk\340C0\271\006\226\017ia\241\024n=\224\246\351"
 141      E04330B9 
 141      06960F69 
 141      61A1146E 
 141      3D94A6E9 
ARM GAS  C:\Users\info\AppData\Local\Temp\ccN09GBv.s 			page 10


 142 003d 96AEB95B 		.ascii	"\226\256\271[\346\366\245\021H\211R\224A\342\246aIm"
 142      E6F6A511 
 142      48895294 
 142      41E2A661 
 142      496D
 143 004f 6891846D 		.ascii	"h\221\204mgf\357z\257\265\201\007\346\31693\347\377"
 143      6766EF7A 
 143      AFB58107 
 143      E6CE3933 
 143      E7FF
 144 0061 9B33E78E 		.ascii	"\2333\347\216D\2000\333!\021r\001g\005\303\010Z\002"
 144      448030DB 
 144      21117201 
 144      6705C308 
 144      5A02
 145 0073 FA454437 		.ascii	"\372ED7\334&=8|8\372q\004\310\277\306\366M\232\256\213"
 145      DC263D38 
 145      7C38FA71 
 145      04C8BFC6 
 145      F64D9AAE 
 146 0088 B1700CE2 		.ascii	"\261p\014\342\030\300\221\257\345\200\226\367\267\371"
 146      18C091AF 
 146      E58096F7 
 146      B7F9
 147 0096 E2688306 		.ascii	"\342h\203\006}L\353\213\243e\365$\030t\371qt\375qt\201"
 147      7D4CEB8B 
 147      A365F524 
 147      1874F971 
 147      74FD7174 
 148 00ab 55E8E2DD 		.ascii	"U\350\342\335sI\000\367\324'\217y\002\336\000\020\340"
 148      734900F7 
 148      D4278F79 
 148      02DE0010 
 148      E0
 149 00bc 46B43E12 		.ascii	"F\264>\022\266\242\315\314\201h \304x\260L\326\034\236"
 149      B6A2CDCC 
 149      816820C4 
 149      78B04CD6 
 149      1C9E
 150 00ce 0E44E0F9 		.ascii	"\016D\340\371`\330X\221\307\377\0117}\011\226-\226\011"
 150      60D85891 
 150      C7FF0937 
 150      7D09962D 
 150      9609
 151 00e0 2BA18CAA 		.ascii	"+\241\214\252\207\030\013\272\300\300\323\252\327\316"
 151      87180BBA 
 151      C0C0D3AA 
 151      D7CE
 152 00ee 07E3B11C 		.ascii	"\007\343\261\034-\306.\375zj\376\231 \"\023\375\367"
 152      2DC62EFD 
 152      7A6AFE99 
 152      202213FD 
 152      F7
 153 00ff 8B6D7B2C 		.ascii	"\213m{,\235\024\255\201Ra\263\336\231\356\323\037\332"
 153      9D14AD81 
 153      5261B3DE 
 153      99EED31F 
ARM GAS  C:\Users\info\AppData\Local\Temp\ccN09GBv.s 			page 11


 153      DA
 154 0110 CD0B0228 		.ascii	"\315\013\002(2D\200\305s\376\3055\321\230m77\206~'\211"
 154      324480C5 
 154      73FEC535 
 154      D1986D37 
 154      37867E27 
 155 0125 9B982F8C 		.ascii	"\233\230/\214\205:f%\310\224\2573\314\344/\357N?\245"
 155      853A6625 
 155      C894AF33 
 155      CCE42FEF 
 155      4E3FA5
 156 0138 EBA00B64 		.ascii	"\353\240\013d\350\004\021\332\301\302*Pd\374\326QZC"
 156      E80411DA 
 156      C1C22A50 
 156      64FCD651 
 156      5A43
 157 014a C3D7A829 		.ascii	"\303\327\250)\215\200U\201m\012\201[\220\311\230,\013"
 157      8D805581 
 157      6D0A815B 
 157      90C9982C 
 157      0B
 158 015b 3A40819B 		.ascii	":@\201\233\2400\376\364\245\326\317&\011\333\3159%\022"
 158      A030FEF4 
 158      A5D6CF26 
 158      09DBCD39 
 158      2512
 159 016d 5B1BADF5 		.ascii	"[\033\255\365^\026\261\204T\031$\014\277\215\264\204"
 159      5E16B184 
 159      5419240C 
 159      BF8DB484 
 160 017d 5230DC20 		.ascii	"R0\334 C:\206\235\201ws\246\264\213\374*n\232.A\321"
 160      433A869D 
 160      817773A6 
 160      B48BFC2A 
 160      6E9A2E41 
 161 0192 46B88D40 		.ascii	"F\270\215@/\002\011\334\2014\374v\203\024\275\335\333"
 161      2F0209DC 
 161      8134FC76 
 161      8314BDDD 
 161      DB
 162 01a3 8F57A653 		.ascii	"\217W\246S2<\324\343\245\223\221ik3\015\326\242N`i\320"
 162      323CD4E3 
 162      A5939169 
 162      6B330DD6 
 162      A24E6069 
 163 01b8 A6178D2E 		.ascii	"\246\027\215.\233n\300\0046\264\0072P9\33447#\2106\336"
 163      9B6EC004 
 163      36B40732 
 163      5039DC34 
 163      37238836 
 164 01cd 84D6EF91 		.ascii	"\204\326\357\221V\210R\202\013C\311\264\341\024\245"
 164      56885282 
 164      0B43C9B4 
 164      E114A5
 165 01dc BB39A357 		.ascii	"\2739\243Wg\364\032\031>\316\350\230\032:\017\242\223"
 165      67F41A19 
 165      3ECEE898 
ARM GAS  C:\Users\info\AppData\Local\Temp\ccN09GBv.s 			page 12


 165      1A3A0FA2 
 165      93
 166 01ed 335ED63F 		.ascii	"3^\326?u\2575\226\315\356\253\327}\227\327]\242\225"
 166      75AF3596 
 166      CDEEABD7 
 166      7D97D75D 
 166      A295
 167 01ff 5DFF3534 		.ascii	"]\37754c\326\016\034\033\026\227\313\306,\350\323\217"
 167      63D60E1C 
 167      1B1697CB 
 167      C62CE8D3 
 167      8F
 168 0210 EC331ED9 		.ascii	"\3543\036\331\317\217\234\034\367\374H\021O\362#\003"
 168      CF8F9C1C 
 168      F7FC4811 
 168      4FF22303 
 169 0220 E32FC292 		.ascii	"\343/\302\222F\011<\217\225\315\030~\235\34172\002\234"
 169      46093C8F 
 169      95CD187E 
 169      9DE13732 
 169      029C
 170 0232 B1503BFF 		.ascii	"\261P;\377\312$\343?t\257\356\037\216\314^\215$\212"
 170      CA24E33F 
 170      74AFEE1F 
 170      8ECC5E8D 
 170      248A
 171 0244 E7803F92 		.ascii	"\347\200?\222\236\246\346\246D\2203\343\310\037\304"
 171      9EA6E6A6 
 171      449033E3 
 171      C81FC4
 172 0253 916B6FE9 		.ascii	"\221ko\351\347\301\3063\354\202\003\330\224\373zq\367"
 172      E7C1C633 
 172      EC8203D8 
 172      94FB7A71 
 172      F7
 173 0264 408E36A4 		.ascii	"@\2166\244\375\313\343 $\237e\317\012\273\227\272\227"
 173      FDCBE320 
 173      249F65CF 
 173      0ABB97BA 
 173      97
 174 0275 27EADD1B 		.ascii	"'\352\335\033\204d\376\374q^\022\304'c\335\2032\310"
 174      8464FEFC 
 174      715E12C4 
 174      2763DD83 
 174      32C8
 175 0287 0AE03ED4 		.ascii	"\012\340>\324\261\003\3025\206:\010\004\031\026\036"
 175      B103C235 
 175      863A0804 
 175      19161E
 176 0296 E2F62394 		.ascii	"\342\366#\224\267P\2263\012|\231\007\341]\334\347\237"
 176      B7509633 
 176      0A7C9907 
 176      E15DDCE7 
 176      9F
 177 02a7 A41CC751 		.ascii	"\244\034\307Q\233\325v\330Y\341R\315y\373\017\245\347"
 177      9BD576D8 
 177      59E152CD 
ARM GAS  C:\Users\info\AppData\Local\Temp\ccN09GBv.s 			page 13


 177      79FB0FA5 
 177      E7
 178 02b8 64659184 		.ascii	"de\221\204\252\212JW\366\326<\265Ru\332]j\231\255\320"
 178      AA8A4A57 
 178      F6D63CB5 
 178      5275DA5D 
 178      6A99ADD0 
 179 02cc 51E52C55 		.ascii	"Q\345,U\213\017\024:r\266\027\227V\273\252\217\251\307"
 179      8B0F143A 
 179      72B61797 
 179      56BBAA8F 
 179      A9C7
 180 02de 2D47C896 		.ascii	"-G\310\226\377dp\246\245\224\244F\341\205\252+\327Y"
 180      FF6470A6 
 180      A594A446 
 180      E185AA2B 
 180      D759
 181 02f0 7142DDE7 		.ascii	"qB\335\347(S\345\350R\201j/[\257\273\271v\227\275@-"
 181      2853E5E8 
 181      52816A2F 
 181      5BAFBBB9 
 181      7697BD40 
 182 0305 979C6A79 		.ascii	"\227\234jy\366\037\022\257bA"
 182      F61F12AF 
 182      6241
 183              		.text
 184              		.section	.gnu.lto_.symtab.792a05b9,"",%progbits
 185 0000 436F6C5F 		.ascii	"Col_3_Write\000"
 185      335F5772 
 185      69746500 
 186 000c 00       		.ascii	"\000"
 187 000d 00       		.ascii	"\000"
 188 000e 00       		.ascii	"\000"
 189 000f 00000000 		.ascii	"\000\000\000\000\000\000\000\000"
 189      00000000 
 190 0017 B3000000 		.ascii	"\263\000\000\000"
 191 001b 436F6C5F 		.ascii	"Col_3_SetDriveMode\000"
 191      335F5365 
 191      74447269 
 191      76654D6F 
 191      646500
 192 002e 00       		.ascii	"\000"
 193 002f 00       		.ascii	"\000"
 194 0030 00       		.ascii	"\000"
 195 0031 00000000 		.ascii	"\000\000\000\000\000\000\000\000"
 195      00000000 
 196 0039 B5000000 		.ascii	"\265\000\000\000"
 197 003d 436F6C5F 		.ascii	"Col_3_Read\000"
 197      335F5265 
 197      616400
 198 0048 00       		.ascii	"\000"
 199 0049 00       		.ascii	"\000"
 200 004a 00       		.ascii	"\000"
 201 004b 00000000 		.ascii	"\000\000\000\000\000\000\000\000"
 201      00000000 
 202 0053 B8000000 		.ascii	"\270\000\000\000"
 203 0057 436F6C5F 		.ascii	"Col_3_ReadDataReg\000"
ARM GAS  C:\Users\info\AppData\Local\Temp\ccN09GBv.s 			page 14


 203      335F5265 
 203      61644461 
 203      74615265 
 203      6700
 204 0069 00       		.ascii	"\000"
 205 006a 00       		.ascii	"\000"
 206 006b 00       		.ascii	"\000"
 207 006c 00000000 		.ascii	"\000\000\000\000\000\000\000\000"
 207      00000000 
 208 0074 BA000000 		.ascii	"\272\000\000\000"
 209              		.text
 210              		.section	.gnu.lto_.opts,"",%progbits
 211 0000 272D666D 		.ascii	"'-fmath-errno' '-fsigned-zeros' '-ftrapping-math' '"
 211      6174682D 
 211      6572726E 
 211      6F272027 
 211      2D667369 
 212 0033 2D666E6F 		.ascii	"-fno-trapv' '-fno-strict-overflow' '-fno-openmp' '-"
 212      2D747261 
 212      70762720 
 212      272D666E 
 212      6F2D7374 
 213 0066 666E6F2D 		.ascii	"fno-openacc' '-mcpu=cortex-m3' '-mthumb' '-g' '-Og'"
 213      6F70656E 
 213      61636327 
 213      20272D6D 
 213      6370753D 
 214 0099 20272D66 		.ascii	" '-ffunction-sections' '-ffat-lto-objects' '-flto'\000"
 214      66756E63 
 214      74696F6E 
 214      2D736563 
 214      74696F6E 
 215              		.text
 216              		.cfi_sections	.debug_frame
 217              		.section	.text.Col_3_Write,"ax",%progbits
 218              		.align	2
 219              		.global	Col_3_Write
 220              		.thumb
 221              		.thumb_func
 222              		.type	Col_3_Write, %function
 223              	Col_3_Write:
 224              	.LFB0:
 225              		.file 1 "Generated_Source\\PSoC5\\Col_3.c"
   1:Generated_Source\PSoC5/Col_3.c **** /*******************************************************************************
   2:Generated_Source\PSoC5/Col_3.c **** * File Name: Col_3.c  
   3:Generated_Source\PSoC5/Col_3.c **** * Version 2.20
   4:Generated_Source\PSoC5/Col_3.c **** *
   5:Generated_Source\PSoC5/Col_3.c **** * Description:
   6:Generated_Source\PSoC5/Col_3.c **** *  This file contains API to enable firmware control of a Pins component.
   7:Generated_Source\PSoC5/Col_3.c **** *
   8:Generated_Source\PSoC5/Col_3.c **** * Note:
   9:Generated_Source\PSoC5/Col_3.c **** *
  10:Generated_Source\PSoC5/Col_3.c **** ********************************************************************************
  11:Generated_Source\PSoC5/Col_3.c **** * Copyright 2008-2015, Cypress Semiconductor Corporation.  All rights reserved.
  12:Generated_Source\PSoC5/Col_3.c **** * You may use this file only in accordance with the license, terms, conditions, 
  13:Generated_Source\PSoC5/Col_3.c **** * disclaimers, and limitations in the end user license agreement accompanying 
  14:Generated_Source\PSoC5/Col_3.c **** * the software package with which this file was provided.
ARM GAS  C:\Users\info\AppData\Local\Temp\ccN09GBv.s 			page 15


  15:Generated_Source\PSoC5/Col_3.c **** *******************************************************************************/
  16:Generated_Source\PSoC5/Col_3.c **** 
  17:Generated_Source\PSoC5/Col_3.c **** #include "cytypes.h"
  18:Generated_Source\PSoC5/Col_3.c **** #include "Col_3.h"
  19:Generated_Source\PSoC5/Col_3.c **** 
  20:Generated_Source\PSoC5/Col_3.c **** /* APIs are not generated for P15[7:6] on PSoC 5 */
  21:Generated_Source\PSoC5/Col_3.c **** #if !(CY_PSOC5A &&\
  22:Generated_Source\PSoC5/Col_3.c **** 	 Col_3__PORT == 15 && ((Col_3__MASK & 0xC0) != 0))
  23:Generated_Source\PSoC5/Col_3.c **** 
  24:Generated_Source\PSoC5/Col_3.c **** 
  25:Generated_Source\PSoC5/Col_3.c **** /*******************************************************************************
  26:Generated_Source\PSoC5/Col_3.c **** * Function Name: Col_3_Write
  27:Generated_Source\PSoC5/Col_3.c **** ****************************************************************************//**
  28:Generated_Source\PSoC5/Col_3.c **** *
  29:Generated_Source\PSoC5/Col_3.c **** * \brief Writes the value to the physical port (data output register), masking
  30:Generated_Source\PSoC5/Col_3.c **** *  and shifting the bits appropriately. 
  31:Generated_Source\PSoC5/Col_3.c **** *
  32:Generated_Source\PSoC5/Col_3.c **** * The data output register controls the signal applied to the physical pin in 
  33:Generated_Source\PSoC5/Col_3.c **** * conjunction with the drive mode parameter. This function avoids changing 
  34:Generated_Source\PSoC5/Col_3.c **** * other bits in the port by using the appropriate method (read-modify-write or
  35:Generated_Source\PSoC5/Col_3.c **** * bit banding).
  36:Generated_Source\PSoC5/Col_3.c **** *
  37:Generated_Source\PSoC5/Col_3.c **** * <b>Note</b> This function should not be used on a hardware digital output pin 
  38:Generated_Source\PSoC5/Col_3.c **** * as it is driven by the hardware signal attached to it.
  39:Generated_Source\PSoC5/Col_3.c **** *
  40:Generated_Source\PSoC5/Col_3.c **** * \param value
  41:Generated_Source\PSoC5/Col_3.c **** *  Value to write to the component instance.
  42:Generated_Source\PSoC5/Col_3.c **** *
  43:Generated_Source\PSoC5/Col_3.c **** * \return 
  44:Generated_Source\PSoC5/Col_3.c **** *  None 
  45:Generated_Source\PSoC5/Col_3.c **** *
  46:Generated_Source\PSoC5/Col_3.c **** * \sideeffect
  47:Generated_Source\PSoC5/Col_3.c **** *  If you use read-modify-write operations that are not atomic; the Interrupt 
  48:Generated_Source\PSoC5/Col_3.c **** *  Service Routines (ISR) can cause corruption of this function. An ISR that 
  49:Generated_Source\PSoC5/Col_3.c **** *  interrupts this function and performs writes to the Pins component data 
  50:Generated_Source\PSoC5/Col_3.c **** *  register can cause corrupted port data. To avoid this issue, you should 
  51:Generated_Source\PSoC5/Col_3.c **** *  either use the Per-Pin APIs (primary method) or disable interrupts around 
  52:Generated_Source\PSoC5/Col_3.c **** *  this function.
  53:Generated_Source\PSoC5/Col_3.c **** *
  54:Generated_Source\PSoC5/Col_3.c **** * \funcusage
  55:Generated_Source\PSoC5/Col_3.c **** *  \snippet Col_3_SUT.c usage_Col_3_Write
  56:Generated_Source\PSoC5/Col_3.c **** *******************************************************************************/
  57:Generated_Source\PSoC5/Col_3.c **** void Col_3_Write(uint8 value)
  58:Generated_Source\PSoC5/Col_3.c **** {
 226              		.loc 1 58 0
 227              		.cfi_startproc
 228              		@ args = 0, pretend = 0, frame = 0
 229              		@ frame_needed = 0, uses_anonymous_args = 0
 230              		@ link register save eliminated.
 231              	.LVL0:
  59:Generated_Source\PSoC5/Col_3.c ****     uint8 staticBits = (Col_3_DR & (uint8)(~Col_3_MASK));
 232              		.loc 1 59 0
 233 0000 044A     		ldr	r2, .L2
 234 0002 1378     		ldrb	r3, [r2]	@ zero_extendqisi2
 235 0004 03F0DF03 		and	r3, r3, #223
 236              	.LVL1:
  60:Generated_Source\PSoC5/Col_3.c ****     Col_3_DR = staticBits | ((uint8)(value << Col_3_SHIFT) & Col_3_MASK);
ARM GAS  C:\Users\info\AppData\Local\Temp\ccN09GBv.s 			page 16


 237              		.loc 1 60 0
 238 0008 4001     		lsls	r0, r0, #5
 239              	.LVL2:
 240 000a 00F02000 		and	r0, r0, #32
 241 000e 1843     		orrs	r0, r0, r3
 242 0010 1070     		strb	r0, [r2]
 243 0012 7047     		bx	lr
 244              	.L3:
 245              		.align	2
 246              	.L2:
 247 0014 30510040 		.word	1073762608
 248              		.cfi_endproc
 249              	.LFE0:
 250              		.size	Col_3_Write, .-Col_3_Write
 251              		.section	.text.Col_3_SetDriveMode,"ax",%progbits
 252              		.align	2
 253              		.global	Col_3_SetDriveMode
 254              		.thumb
 255              		.thumb_func
 256              		.type	Col_3_SetDriveMode, %function
 257              	Col_3_SetDriveMode:
 258              	.LFB1:
  61:Generated_Source\PSoC5/Col_3.c **** }
  62:Generated_Source\PSoC5/Col_3.c **** 
  63:Generated_Source\PSoC5/Col_3.c **** 
  64:Generated_Source\PSoC5/Col_3.c **** /*******************************************************************************
  65:Generated_Source\PSoC5/Col_3.c **** * Function Name: Col_3_SetDriveMode
  66:Generated_Source\PSoC5/Col_3.c **** ****************************************************************************//**
  67:Generated_Source\PSoC5/Col_3.c **** *
  68:Generated_Source\PSoC5/Col_3.c **** * \brief Sets the drive mode for each of the Pins component's pins.
  69:Generated_Source\PSoC5/Col_3.c **** * 
  70:Generated_Source\PSoC5/Col_3.c **** * <b>Note</b> This affects all pins in the Pins component instance. Use the
  71:Generated_Source\PSoC5/Col_3.c **** * Per-Pin APIs if you wish to control individual pin's drive modes.
  72:Generated_Source\PSoC5/Col_3.c **** *
  73:Generated_Source\PSoC5/Col_3.c **** * \param mode
  74:Generated_Source\PSoC5/Col_3.c **** *  Mode for the selected signals. Valid options are documented in 
  75:Generated_Source\PSoC5/Col_3.c **** *  \ref driveMode.
  76:Generated_Source\PSoC5/Col_3.c **** *
  77:Generated_Source\PSoC5/Col_3.c **** * \return
  78:Generated_Source\PSoC5/Col_3.c **** *  None
  79:Generated_Source\PSoC5/Col_3.c **** *
  80:Generated_Source\PSoC5/Col_3.c **** * \sideeffect
  81:Generated_Source\PSoC5/Col_3.c **** *  If you use read-modify-write operations that are not atomic, the ISR can
  82:Generated_Source\PSoC5/Col_3.c **** *  cause corruption of this function. An ISR that interrupts this function 
  83:Generated_Source\PSoC5/Col_3.c **** *  and performs writes to the Pins component Drive Mode registers can cause 
  84:Generated_Source\PSoC5/Col_3.c **** *  corrupted port data. To avoid this issue, you should either use the Per-Pin
  85:Generated_Source\PSoC5/Col_3.c **** *  APIs (primary method) or disable interrupts around this function.
  86:Generated_Source\PSoC5/Col_3.c **** *
  87:Generated_Source\PSoC5/Col_3.c **** * \funcusage
  88:Generated_Source\PSoC5/Col_3.c **** *  \snippet Col_3_SUT.c usage_Col_3_SetDriveMode
  89:Generated_Source\PSoC5/Col_3.c **** *******************************************************************************/
  90:Generated_Source\PSoC5/Col_3.c **** void Col_3_SetDriveMode(uint8 mode)
  91:Generated_Source\PSoC5/Col_3.c **** {
 259              		.loc 1 91 0
 260              		.cfi_startproc
 261              		@ args = 0, pretend = 0, frame = 0
 262              		@ frame_needed = 0, uses_anonymous_args = 0
ARM GAS  C:\Users\info\AppData\Local\Temp\ccN09GBv.s 			page 17


 263              		@ link register save eliminated.
 264              	.LVL3:
  92:Generated_Source\PSoC5/Col_3.c **** 	CyPins_SetPinDriveMode(Col_3_0, mode);
 265              		.loc 1 92 0
 266 0000 044A     		ldr	r2, .L5
 267 0002 1378     		ldrb	r3, [r2]	@ zero_extendqisi2
 268 0004 03F0F103 		and	r3, r3, #241
 269 0008 00F00E00 		and	r0, r0, #14
 270              	.LVL4:
 271 000c 1843     		orrs	r0, r0, r3
 272 000e 1070     		strb	r0, [r2]
 273 0010 7047     		bx	lr
 274              	.L6:
 275 0012 00BF     		.align	2
 276              	.L5:
 277 0014 1D500040 		.word	1073762333
 278              		.cfi_endproc
 279              	.LFE1:
 280              		.size	Col_3_SetDriveMode, .-Col_3_SetDriveMode
 281              		.section	.text.Col_3_Read,"ax",%progbits
 282              		.align	2
 283              		.global	Col_3_Read
 284              		.thumb
 285              		.thumb_func
 286              		.type	Col_3_Read, %function
 287              	Col_3_Read:
 288              	.LFB2:
  93:Generated_Source\PSoC5/Col_3.c **** }
  94:Generated_Source\PSoC5/Col_3.c **** 
  95:Generated_Source\PSoC5/Col_3.c **** 
  96:Generated_Source\PSoC5/Col_3.c **** /*******************************************************************************
  97:Generated_Source\PSoC5/Col_3.c **** * Function Name: Col_3_Read
  98:Generated_Source\PSoC5/Col_3.c **** ****************************************************************************//**
  99:Generated_Source\PSoC5/Col_3.c **** *
 100:Generated_Source\PSoC5/Col_3.c **** * \brief Reads the associated physical port (pin status register) and masks 
 101:Generated_Source\PSoC5/Col_3.c **** *  the required bits according to the width and bit position of the component
 102:Generated_Source\PSoC5/Col_3.c **** *  instance. 
 103:Generated_Source\PSoC5/Col_3.c **** *
 104:Generated_Source\PSoC5/Col_3.c **** * The pin's status register returns the current logic level present on the 
 105:Generated_Source\PSoC5/Col_3.c **** * physical pin.
 106:Generated_Source\PSoC5/Col_3.c **** *
 107:Generated_Source\PSoC5/Col_3.c **** * \return 
 108:Generated_Source\PSoC5/Col_3.c **** *  The current value for the pins in the component as a right justified number.
 109:Generated_Source\PSoC5/Col_3.c **** *
 110:Generated_Source\PSoC5/Col_3.c **** * \funcusage
 111:Generated_Source\PSoC5/Col_3.c **** *  \snippet Col_3_SUT.c usage_Col_3_Read  
 112:Generated_Source\PSoC5/Col_3.c **** *******************************************************************************/
 113:Generated_Source\PSoC5/Col_3.c **** uint8 Col_3_Read(void)
 114:Generated_Source\PSoC5/Col_3.c **** {
 289              		.loc 1 114 0
 290              		.cfi_startproc
 291              		@ args = 0, pretend = 0, frame = 0
 292              		@ frame_needed = 0, uses_anonymous_args = 0
 293              		@ link register save eliminated.
 115:Generated_Source\PSoC5/Col_3.c ****     return (Col_3_PS & Col_3_MASK) >> Col_3_SHIFT;
 294              		.loc 1 115 0
 295 0000 024B     		ldr	r3, .L8
ARM GAS  C:\Users\info\AppData\Local\Temp\ccN09GBv.s 			page 18


 296 0002 1878     		ldrb	r0, [r3]	@ zero_extendqisi2
 116:Generated_Source\PSoC5/Col_3.c **** }
 297              		.loc 1 116 0
 298 0004 C0F34010 		ubfx	r0, r0, #5, #1
 299 0008 7047     		bx	lr
 300              	.L9:
 301 000a 00BF     		.align	2
 302              	.L8:
 303 000c 31510040 		.word	1073762609
 304              		.cfi_endproc
 305              	.LFE2:
 306              		.size	Col_3_Read, .-Col_3_Read
 307              		.section	.text.Col_3_ReadDataReg,"ax",%progbits
 308              		.align	2
 309              		.global	Col_3_ReadDataReg
 310              		.thumb
 311              		.thumb_func
 312              		.type	Col_3_ReadDataReg, %function
 313              	Col_3_ReadDataReg:
 314              	.LFB3:
 117:Generated_Source\PSoC5/Col_3.c **** 
 118:Generated_Source\PSoC5/Col_3.c **** 
 119:Generated_Source\PSoC5/Col_3.c **** /*******************************************************************************
 120:Generated_Source\PSoC5/Col_3.c **** * Function Name: Col_3_ReadDataReg
 121:Generated_Source\PSoC5/Col_3.c **** ****************************************************************************//**
 122:Generated_Source\PSoC5/Col_3.c **** *
 123:Generated_Source\PSoC5/Col_3.c **** * \brief Reads the associated physical port's data output register and masks 
 124:Generated_Source\PSoC5/Col_3.c **** *  the correct bits according to the width and bit position of the component 
 125:Generated_Source\PSoC5/Col_3.c **** *  instance. 
 126:Generated_Source\PSoC5/Col_3.c **** *
 127:Generated_Source\PSoC5/Col_3.c **** * The data output register controls the signal applied to the physical pin in 
 128:Generated_Source\PSoC5/Col_3.c **** * conjunction with the drive mode parameter. This is not the same as the 
 129:Generated_Source\PSoC5/Col_3.c **** * preferred Col_3_Read() API because the 
 130:Generated_Source\PSoC5/Col_3.c **** * Col_3_ReadDataReg() reads the data register instead of the status 
 131:Generated_Source\PSoC5/Col_3.c **** * register. For output pins this is a useful function to determine the value 
 132:Generated_Source\PSoC5/Col_3.c **** * just written to the pin.
 133:Generated_Source\PSoC5/Col_3.c **** *
 134:Generated_Source\PSoC5/Col_3.c **** * \return 
 135:Generated_Source\PSoC5/Col_3.c **** *  The current value of the data register masked and shifted into a right 
 136:Generated_Source\PSoC5/Col_3.c **** *  justified number for the component instance.
 137:Generated_Source\PSoC5/Col_3.c **** *
 138:Generated_Source\PSoC5/Col_3.c **** * \funcusage
 139:Generated_Source\PSoC5/Col_3.c **** *  \snippet Col_3_SUT.c usage_Col_3_ReadDataReg 
 140:Generated_Source\PSoC5/Col_3.c **** *******************************************************************************/
 141:Generated_Source\PSoC5/Col_3.c **** uint8 Col_3_ReadDataReg(void)
 142:Generated_Source\PSoC5/Col_3.c **** {
 315              		.loc 1 142 0
 316              		.cfi_startproc
 317              		@ args = 0, pretend = 0, frame = 0
 318              		@ frame_needed = 0, uses_anonymous_args = 0
 319              		@ link register save eliminated.
 143:Generated_Source\PSoC5/Col_3.c ****     return (Col_3_DR & Col_3_MASK) >> Col_3_SHIFT;
 320              		.loc 1 143 0
 321 0000 024B     		ldr	r3, .L11
 322 0002 1878     		ldrb	r0, [r3]	@ zero_extendqisi2
 144:Generated_Source\PSoC5/Col_3.c **** }
 323              		.loc 1 144 0
ARM GAS  C:\Users\info\AppData\Local\Temp\ccN09GBv.s 			page 19


 324 0004 C0F34010 		ubfx	r0, r0, #5, #1
 325 0008 7047     		bx	lr
 326              	.L12:
 327 000a 00BF     		.align	2
 328              	.L11:
 329 000c 30510040 		.word	1073762608
 330              		.cfi_endproc
 331              	.LFE3:
 332              		.size	Col_3_ReadDataReg, .-Col_3_ReadDataReg
 333              		.text
 334              	.Letext0:
 335              		.file 2 "Generated_Source\\PSoC5\\cytypes.h"
 336              		.section	.debug_info,"",%progbits
 337              	.Ldebug_info0:
 338 0000 1B010000 		.4byte	0x11b
 339 0004 0400     		.2byte	0x4
 340 0006 00000000 		.4byte	.Ldebug_abbrev0
 341 000a 04       		.byte	0x4
 342 000b 01       		.uleb128 0x1
 343 000c 23000000 		.4byte	.LASF20
 344 0010 0C       		.byte	0xc
 345 0011 B7000000 		.4byte	.LASF21
 346 0015 47010000 		.4byte	.LASF22
 347 0019 00000000 		.4byte	.Ldebug_ranges0+0
 348 001d 00000000 		.4byte	0
 349 0021 00000000 		.4byte	.Ldebug_line0
 350 0025 02       		.uleb128 0x2
 351 0026 01       		.byte	0x1
 352 0027 06       		.byte	0x6
 353 0028 04020000 		.4byte	.LASF0
 354 002c 02       		.uleb128 0x2
 355 002d 01       		.byte	0x1
 356 002e 08       		.byte	0x8
 357 002f DC000000 		.4byte	.LASF1
 358 0033 02       		.uleb128 0x2
 359 0034 02       		.byte	0x2
 360 0035 05       		.byte	0x5
 361 0036 E0010000 		.4byte	.LASF2
 362 003a 02       		.uleb128 0x2
 363 003b 02       		.byte	0x2
 364 003c 07       		.byte	0x7
 365 003d 01010000 		.4byte	.LASF3
 366 0041 02       		.uleb128 0x2
 367 0042 04       		.byte	0x4
 368 0043 05       		.byte	0x5
 369 0044 F0010000 		.4byte	.LASF4
 370 0048 02       		.uleb128 0x2
 371 0049 04       		.byte	0x4
 372 004a 07       		.byte	0x7
 373 004b EF000000 		.4byte	.LASF5
 374 004f 02       		.uleb128 0x2
 375 0050 08       		.byte	0x8
 376 0051 05       		.byte	0x5
 377 0052 CD010000 		.4byte	.LASF6
 378 0056 02       		.uleb128 0x2
 379 0057 08       		.byte	0x8
 380 0058 07       		.byte	0x7
ARM GAS  C:\Users\info\AppData\Local\Temp\ccN09GBv.s 			page 20


 381 0059 B1010000 		.4byte	.LASF7
 382 005d 03       		.uleb128 0x3
 383 005e 04       		.byte	0x4
 384 005f 05       		.byte	0x5
 385 0060 696E7400 		.ascii	"int\000"
 386 0064 02       		.uleb128 0x2
 387 0065 04       		.byte	0x4
 388 0066 07       		.byte	0x7
 389 0067 3A010000 		.4byte	.LASF8
 390 006b 04       		.uleb128 0x4
 391 006c EA010000 		.4byte	.LASF12
 392 0070 02       		.byte	0x2
 393 0071 E401     		.2byte	0x1e4
 394 0073 2C000000 		.4byte	0x2c
 395 0077 02       		.uleb128 0x2
 396 0078 04       		.byte	0x4
 397 0079 04       		.byte	0x4
 398 007a D6000000 		.4byte	.LASF9
 399 007e 02       		.uleb128 0x2
 400 007f 08       		.byte	0x8
 401 0080 04       		.byte	0x4
 402 0081 20010000 		.4byte	.LASF10
 403 0085 02       		.uleb128 0x2
 404 0086 01       		.byte	0x1
 405 0087 08       		.byte	0x8
 406 0088 DB010000 		.4byte	.LASF11
 407 008c 04       		.uleb128 0x4
 408 008d EA000000 		.4byte	.LASF13
 409 0091 02       		.byte	0x2
 410 0092 8E02     		.2byte	0x28e
 411 0094 98000000 		.4byte	0x98
 412 0098 05       		.uleb128 0x5
 413 0099 6B000000 		.4byte	0x6b
 414 009d 06       		.uleb128 0x6
 415 009e 14010000 		.4byte	.LASF14
 416 00a2 01       		.byte	0x1
 417 00a3 39       		.byte	0x39
 418 00a4 00000000 		.4byte	.LFB0
 419 00a8 18000000 		.4byte	.LFE0-.LFB0
 420 00ac 01       		.uleb128 0x1
 421 00ad 9C       		.byte	0x9c
 422 00ae CF000000 		.4byte	0xcf
 423 00b2 07       		.uleb128 0x7
 424 00b3 12000000 		.4byte	.LASF16
 425 00b7 01       		.byte	0x1
 426 00b8 39       		.byte	0x39
 427 00b9 6B000000 		.4byte	0x6b
 428 00bd 00000000 		.4byte	.LLST0
 429 00c1 08       		.uleb128 0x8
 430 00c2 18000000 		.4byte	.LASF23
 431 00c6 01       		.byte	0x1
 432 00c7 3B       		.byte	0x3b
 433 00c8 6B000000 		.4byte	0x6b
 434 00cc 01       		.uleb128 0x1
 435 00cd 53       		.byte	0x53
 436 00ce 00       		.byte	0
 437 00cf 06       		.uleb128 0x6
ARM GAS  C:\Users\info\AppData\Local\Temp\ccN09GBv.s 			page 21


 438 00d0 27010000 		.4byte	.LASF15
 439 00d4 01       		.byte	0x1
 440 00d5 5A       		.byte	0x5a
 441 00d6 00000000 		.4byte	.LFB1
 442 00da 18000000 		.4byte	.LFE1-.LFB1
 443 00de 01       		.uleb128 0x1
 444 00df 9C       		.byte	0x9c
 445 00e0 F4000000 		.4byte	0xf4
 446 00e4 07       		.uleb128 0x7
 447 00e5 C8010000 		.4byte	.LASF17
 448 00e9 01       		.byte	0x1
 449 00ea 5A       		.byte	0x5a
 450 00eb 6B000000 		.4byte	0x6b
 451 00ef 21000000 		.4byte	.LLST1
 452 00f3 00       		.byte	0
 453 00f4 09       		.uleb128 0x9
 454 00f5 F9010000 		.4byte	.LASF18
 455 00f9 01       		.byte	0x1
 456 00fa 71       		.byte	0x71
 457 00fb 6B000000 		.4byte	0x6b
 458 00ff 00000000 		.4byte	.LFB2
 459 0103 10000000 		.4byte	.LFE2-.LFB2
 460 0107 01       		.uleb128 0x1
 461 0108 9C       		.byte	0x9c
 462 0109 09       		.uleb128 0x9
 463 010a 00000000 		.4byte	.LASF19
 464 010e 01       		.byte	0x1
 465 010f 8D       		.byte	0x8d
 466 0110 6B000000 		.4byte	0x6b
 467 0114 00000000 		.4byte	.LFB3
 468 0118 10000000 		.4byte	.LFE3-.LFB3
 469 011c 01       		.uleb128 0x1
 470 011d 9C       		.byte	0x9c
 471 011e 00       		.byte	0
 472              		.section	.debug_abbrev,"",%progbits
 473              	.Ldebug_abbrev0:
 474 0000 01       		.uleb128 0x1
 475 0001 11       		.uleb128 0x11
 476 0002 01       		.byte	0x1
 477 0003 25       		.uleb128 0x25
 478 0004 0E       		.uleb128 0xe
 479 0005 13       		.uleb128 0x13
 480 0006 0B       		.uleb128 0xb
 481 0007 03       		.uleb128 0x3
 482 0008 0E       		.uleb128 0xe
 483 0009 1B       		.uleb128 0x1b
 484 000a 0E       		.uleb128 0xe
 485 000b 55       		.uleb128 0x55
 486 000c 17       		.uleb128 0x17
 487 000d 11       		.uleb128 0x11
 488 000e 01       		.uleb128 0x1
 489 000f 10       		.uleb128 0x10
 490 0010 17       		.uleb128 0x17
 491 0011 00       		.byte	0
 492 0012 00       		.byte	0
 493 0013 02       		.uleb128 0x2
 494 0014 24       		.uleb128 0x24
ARM GAS  C:\Users\info\AppData\Local\Temp\ccN09GBv.s 			page 22


 495 0015 00       		.byte	0
 496 0016 0B       		.uleb128 0xb
 497 0017 0B       		.uleb128 0xb
 498 0018 3E       		.uleb128 0x3e
 499 0019 0B       		.uleb128 0xb
 500 001a 03       		.uleb128 0x3
 501 001b 0E       		.uleb128 0xe
 502 001c 00       		.byte	0
 503 001d 00       		.byte	0
 504 001e 03       		.uleb128 0x3
 505 001f 24       		.uleb128 0x24
 506 0020 00       		.byte	0
 507 0021 0B       		.uleb128 0xb
 508 0022 0B       		.uleb128 0xb
 509 0023 3E       		.uleb128 0x3e
 510 0024 0B       		.uleb128 0xb
 511 0025 03       		.uleb128 0x3
 512 0026 08       		.uleb128 0x8
 513 0027 00       		.byte	0
 514 0028 00       		.byte	0
 515 0029 04       		.uleb128 0x4
 516 002a 16       		.uleb128 0x16
 517 002b 00       		.byte	0
 518 002c 03       		.uleb128 0x3
 519 002d 0E       		.uleb128 0xe
 520 002e 3A       		.uleb128 0x3a
 521 002f 0B       		.uleb128 0xb
 522 0030 3B       		.uleb128 0x3b
 523 0031 05       		.uleb128 0x5
 524 0032 49       		.uleb128 0x49
 525 0033 13       		.uleb128 0x13
 526 0034 00       		.byte	0
 527 0035 00       		.byte	0
 528 0036 05       		.uleb128 0x5
 529 0037 35       		.uleb128 0x35
 530 0038 00       		.byte	0
 531 0039 49       		.uleb128 0x49
 532 003a 13       		.uleb128 0x13
 533 003b 00       		.byte	0
 534 003c 00       		.byte	0
 535 003d 06       		.uleb128 0x6
 536 003e 2E       		.uleb128 0x2e
 537 003f 01       		.byte	0x1
 538 0040 3F       		.uleb128 0x3f
 539 0041 19       		.uleb128 0x19
 540 0042 03       		.uleb128 0x3
 541 0043 0E       		.uleb128 0xe
 542 0044 3A       		.uleb128 0x3a
 543 0045 0B       		.uleb128 0xb
 544 0046 3B       		.uleb128 0x3b
 545 0047 0B       		.uleb128 0xb
 546 0048 27       		.uleb128 0x27
 547 0049 19       		.uleb128 0x19
 548 004a 11       		.uleb128 0x11
 549 004b 01       		.uleb128 0x1
 550 004c 12       		.uleb128 0x12
 551 004d 06       		.uleb128 0x6
ARM GAS  C:\Users\info\AppData\Local\Temp\ccN09GBv.s 			page 23


 552 004e 40       		.uleb128 0x40
 553 004f 18       		.uleb128 0x18
 554 0050 9742     		.uleb128 0x2117
 555 0052 19       		.uleb128 0x19
 556 0053 01       		.uleb128 0x1
 557 0054 13       		.uleb128 0x13
 558 0055 00       		.byte	0
 559 0056 00       		.byte	0
 560 0057 07       		.uleb128 0x7
 561 0058 05       		.uleb128 0x5
 562 0059 00       		.byte	0
 563 005a 03       		.uleb128 0x3
 564 005b 0E       		.uleb128 0xe
 565 005c 3A       		.uleb128 0x3a
 566 005d 0B       		.uleb128 0xb
 567 005e 3B       		.uleb128 0x3b
 568 005f 0B       		.uleb128 0xb
 569 0060 49       		.uleb128 0x49
 570 0061 13       		.uleb128 0x13
 571 0062 02       		.uleb128 0x2
 572 0063 17       		.uleb128 0x17
 573 0064 00       		.byte	0
 574 0065 00       		.byte	0
 575 0066 08       		.uleb128 0x8
 576 0067 34       		.uleb128 0x34
 577 0068 00       		.byte	0
 578 0069 03       		.uleb128 0x3
 579 006a 0E       		.uleb128 0xe
 580 006b 3A       		.uleb128 0x3a
 581 006c 0B       		.uleb128 0xb
 582 006d 3B       		.uleb128 0x3b
 583 006e 0B       		.uleb128 0xb
 584 006f 49       		.uleb128 0x49
 585 0070 13       		.uleb128 0x13
 586 0071 02       		.uleb128 0x2
 587 0072 18       		.uleb128 0x18
 588 0073 00       		.byte	0
 589 0074 00       		.byte	0
 590 0075 09       		.uleb128 0x9
 591 0076 2E       		.uleb128 0x2e
 592 0077 00       		.byte	0
 593 0078 3F       		.uleb128 0x3f
 594 0079 19       		.uleb128 0x19
 595 007a 03       		.uleb128 0x3
 596 007b 0E       		.uleb128 0xe
 597 007c 3A       		.uleb128 0x3a
 598 007d 0B       		.uleb128 0xb
 599 007e 3B       		.uleb128 0x3b
 600 007f 0B       		.uleb128 0xb
 601 0080 27       		.uleb128 0x27
 602 0081 19       		.uleb128 0x19
 603 0082 49       		.uleb128 0x49
 604 0083 13       		.uleb128 0x13
 605 0084 11       		.uleb128 0x11
 606 0085 01       		.uleb128 0x1
 607 0086 12       		.uleb128 0x12
 608 0087 06       		.uleb128 0x6
ARM GAS  C:\Users\info\AppData\Local\Temp\ccN09GBv.s 			page 24


 609 0088 40       		.uleb128 0x40
 610 0089 18       		.uleb128 0x18
 611 008a 9742     		.uleb128 0x2117
 612 008c 19       		.uleb128 0x19
 613 008d 00       		.byte	0
 614 008e 00       		.byte	0
 615 008f 00       		.byte	0
 616              		.section	.debug_loc,"",%progbits
 617              	.Ldebug_loc0:
 618              	.LLST0:
 619 0000 00000000 		.4byte	.LVL0
 620 0004 0A000000 		.4byte	.LVL2
 621 0008 0100     		.2byte	0x1
 622 000a 50       		.byte	0x50
 623 000b 0A000000 		.4byte	.LVL2
 624 000f 18000000 		.4byte	.LFE0
 625 0013 0400     		.2byte	0x4
 626 0015 F3       		.byte	0xf3
 627 0016 01       		.uleb128 0x1
 628 0017 50       		.byte	0x50
 629 0018 9F       		.byte	0x9f
 630 0019 00000000 		.4byte	0
 631 001d 00000000 		.4byte	0
 632              	.LLST1:
 633 0021 00000000 		.4byte	.LVL3
 634 0025 0C000000 		.4byte	.LVL4
 635 0029 0100     		.2byte	0x1
 636 002b 50       		.byte	0x50
 637 002c 0C000000 		.4byte	.LVL4
 638 0030 18000000 		.4byte	.LFE1
 639 0034 0400     		.2byte	0x4
 640 0036 F3       		.byte	0xf3
 641 0037 01       		.uleb128 0x1
 642 0038 50       		.byte	0x50
 643 0039 9F       		.byte	0x9f
 644 003a 00000000 		.4byte	0
 645 003e 00000000 		.4byte	0
 646              		.section	.debug_aranges,"",%progbits
 647 0000 34000000 		.4byte	0x34
 648 0004 0200     		.2byte	0x2
 649 0006 00000000 		.4byte	.Ldebug_info0
 650 000a 04       		.byte	0x4
 651 000b 00       		.byte	0
 652 000c 0000     		.2byte	0
 653 000e 0000     		.2byte	0
 654 0010 00000000 		.4byte	.LFB0
 655 0014 18000000 		.4byte	.LFE0-.LFB0
 656 0018 00000000 		.4byte	.LFB1
 657 001c 18000000 		.4byte	.LFE1-.LFB1
 658 0020 00000000 		.4byte	.LFB2
 659 0024 10000000 		.4byte	.LFE2-.LFB2
 660 0028 00000000 		.4byte	.LFB3
 661 002c 10000000 		.4byte	.LFE3-.LFB3
 662 0030 00000000 		.4byte	0
 663 0034 00000000 		.4byte	0
 664              		.section	.debug_ranges,"",%progbits
 665              	.Ldebug_ranges0:
ARM GAS  C:\Users\info\AppData\Local\Temp\ccN09GBv.s 			page 25


 666 0000 00000000 		.4byte	.LFB0
 667 0004 18000000 		.4byte	.LFE0
 668 0008 00000000 		.4byte	.LFB1
 669 000c 18000000 		.4byte	.LFE1
 670 0010 00000000 		.4byte	.LFB2
 671 0014 10000000 		.4byte	.LFE2
 672 0018 00000000 		.4byte	.LFB3
 673 001c 10000000 		.4byte	.LFE3
 674 0020 00000000 		.4byte	0
 675 0024 00000000 		.4byte	0
 676              		.section	.debug_line,"",%progbits
 677              	.Ldebug_line0:
 678 0000 8E000000 		.section	.debug_str,"MS",%progbits,1
 678      02004200 
 678      00000201 
 678      FB0E0D00 
 678      01010101 
 679              	.LASF19:
 680 0000 436F6C5F 		.ascii	"Col_3_ReadDataReg\000"
 680      335F5265 
 680      61644461 
 680      74615265 
 680      6700
 681              	.LASF16:
 682 0012 76616C75 		.ascii	"value\000"
 682      6500
 683              	.LASF23:
 684 0018 73746174 		.ascii	"staticBits\000"
 684      69634269 
 684      747300
 685              	.LASF20:
 686 0023 474E5520 		.ascii	"GNU C11 5.4.1 20160609 (release) [ARM/embedded-5-br"
 686      43313120 
 686      352E342E 
 686      31203230 
 686      31363036 
 687 0056 616E6368 		.ascii	"anch revision 237715] -mcpu=cortex-m3 -mthumb -g -O"
 687      20726576 
 687      6973696F 
 687      6E203233 
 687      37373135 
 688 0089 67202D66 		.ascii	"g -ffunction-sections -ffat-lto-objects -flto\000"
 688      66756E63 
 688      74696F6E 
 688      2D736563 
 688      74696F6E 
 689              	.LASF21:
 690 00b7 47656E65 		.ascii	"Generated_Source\\PSoC5\\Col_3.c\000"
 690      72617465 
 690      645F536F 
 690      75726365 
 690      5C50536F 
 691              	.LASF9:
 692 00d6 666C6F61 		.ascii	"float\000"
 692      7400
 693              	.LASF1:
 694 00dc 756E7369 		.ascii	"unsigned char\000"
ARM GAS  C:\Users\info\AppData\Local\Temp\ccN09GBv.s 			page 26


 694      676E6564 
 694      20636861 
 694      7200
 695              	.LASF13:
 696 00ea 72656738 		.ascii	"reg8\000"
 696      00
 697              	.LASF5:
 698 00ef 6C6F6E67 		.ascii	"long unsigned int\000"
 698      20756E73 
 698      69676E65 
 698      6420696E 
 698      7400
 699              	.LASF3:
 700 0101 73686F72 		.ascii	"short unsigned int\000"
 700      7420756E 
 700      7369676E 
 700      65642069 
 700      6E7400
 701              	.LASF14:
 702 0114 436F6C5F 		.ascii	"Col_3_Write\000"
 702      335F5772 
 702      69746500 
 703              	.LASF10:
 704 0120 646F7562 		.ascii	"double\000"
 704      6C6500
 705              	.LASF15:
 706 0127 436F6C5F 		.ascii	"Col_3_SetDriveMode\000"
 706      335F5365 
 706      74447269 
 706      76654D6F 
 706      646500
 707              	.LASF8:
 708 013a 756E7369 		.ascii	"unsigned int\000"
 708      676E6564 
 708      20696E74 
 708      00
 709              	.LASF22:
 710 0147 433A5C55 		.ascii	"C:\\Users\\info\\Desktop\\Spring 2019 Classes\\6.11"
 710      73657273 
 710      5C696E66 
 710      6F5C4465 
 710      736B746F 
 711 0175 355C362E 		.ascii	"5\\6.115-final\\PSoCCreator\\Final Project\\FinalEm"
 711      3131352D 
 711      66696E61 
 711      6C5C5053 
 711      6F434372 
 712 01a4 756C6174 		.ascii	"ulator.cydsn\000"
 712      6F722E63 
 712      7964736E 
 712      00
 713              	.LASF7:
 714 01b1 6C6F6E67 		.ascii	"long long unsigned int\000"
 714      206C6F6E 
 714      6720756E 
 714      7369676E 
 714      65642069 
ARM GAS  C:\Users\info\AppData\Local\Temp\ccN09GBv.s 			page 27


 715              	.LASF17:
 716 01c8 6D6F6465 		.ascii	"mode\000"
 716      00
 717              	.LASF6:
 718 01cd 6C6F6E67 		.ascii	"long long int\000"
 718      206C6F6E 
 718      6720696E 
 718      7400
 719              	.LASF11:
 720 01db 63686172 		.ascii	"char\000"
 720      00
 721              	.LASF2:
 722 01e0 73686F72 		.ascii	"short int\000"
 722      7420696E 
 722      7400
 723              	.LASF12:
 724 01ea 75696E74 		.ascii	"uint8\000"
 724      3800
 725              	.LASF4:
 726 01f0 6C6F6E67 		.ascii	"long int\000"
 726      20696E74 
 726      00
 727              	.LASF18:
 728 01f9 436F6C5F 		.ascii	"Col_3_Read\000"
 728      335F5265 
 728      616400
 729              	.LASF0:
 730 0204 7369676E 		.ascii	"signed char\000"
 730      65642063 
 730      68617200 
 731              		.comm	__gnu_lto_v1,1,1
 732              		.ident	"GCC: (GNU Tools for ARM Embedded Processors) 5.4.1 20160609 (release) [ARM/embedded-5-bran
