ARM GAS  C:\Users\info\AppData\Local\Temp\cc3Eq7tl.s 			page 1


   1              		.syntax unified
   2              		.cpu cortex-m3
   3              		.fpu softvfp
   4              		.eabi_attribute 20, 1
   5              		.eabi_attribute 21, 1
   6              		.eabi_attribute 23, 3
   7              		.eabi_attribute 24, 1
   8              		.eabi_attribute 25, 1
   9              		.eabi_attribute 26, 1
  10              		.eabi_attribute 30, 1
  11              		.eabi_attribute 34, 1
  12              		.eabi_attribute 18, 4
  13              		.thumb
  14              		.syntax unified
  15              		.file	"Col_1.c"
  16              		.text
  17              	.Ltext0:
  18              		.section	.gnu.lto_.profile.792a0606,"",%progbits
  19 0000 789C6361 		.ascii	"x\234ca`d`a`\000\222\222\242\000\000\261\0009"
  19      60646061 
  19      60009292 
  19      A20000B1 
  19      0039
  20              		.text
  21              		.section	.gnu.lto_.inline.792a0606,"",%progbits
  22 0000 789C6361 		.ascii	"x\234ca`d\000\001?\006\004`a`\340\344`d`\342y\020\313"
  22      60640001 
  22      3F060460 
  22      6160E0E4 
  22      606460E2 
  23 0017 C0B6409E 		.ascii	"\300\266@\236\011$\306\310\300\301\016\024\342\232\340"
  23      0924C6C8 
  23      C0C10E14 
  23      E29AE0
  24 0026 07176262 		.ascii	"\007\027bb`c\005\012\261}\320\203\0131c\0121\000\000"
  24      6063050A 
  24      B17DD083 
  24      0B31630A 
  24      310000
  25 0039 537C0835 		.ascii	"S|\0105"
  26              		.text
  27              		.section	.gnu.lto_.jmpfuncs.792a0606,"",%progbits
  28 0000 789C6361 		.ascii	"x\234ca`d\000\001>\006\004`\001b\240(\023\003\0033\220"
  28      60640001 
  28      3E060460 
  28      0162A028 
  28      13030333 
  29 0015 05000292 		.ascii	"\005\000\002\222\000\036"
  29      001E
  30              		.text
  31              		.section	.gnu.lto_.pureconst.792a0606,"",%progbits
  32 0000 789C6361 		.ascii	"x\234ca`d\340d```a\220b\224b\222b\226\002\000\002\261"
  32      6064E064 
  32      60606061 
  32      90629462 
  32      92629602 
  33 0017 0081     		.ascii	"\000\201"
ARM GAS  C:\Users\info\AppData\Local\Temp\cc3Eq7tl.s 			page 2


  34              		.text
  35              		.section	.gnu.lto_Col_1_Write.792a0606,"",%progbits
  36 0000 789C5551 		.ascii	"x\234UQKk\023Q\024>\337\275\363\250\306\307\0170\320"
  36      4B6B1351 
  36      143EDFBD 
  36      F3A8C6C7 
  36      0F30D0
  37 0013 22945A17 		.ascii	"\"\224Z\027\342\003\377\200]\270\025\273\015\224\020"
  37      E203FF80 
  37      5DB815BB 
  37      0D9410
  38 0022 6751A806 		.ascii	"gQ\250\006\332\324m\3574M\012]uc\212`-TJ_\332\227+\301"
  38      DAD46DEF 
  38      344D0A5D 
  38      75638A60 
  38      2D544A5F 
  39 003a C538D0AD 		.ascii	"\3058\320\255n\212\340\003\011]L\301\205$\320\320b\324"
  39      6E8AE003 
  39      095D4CC1 
  39      8524D0D0 
  39      62D4
  40 004c 78CE9D2E 		.ascii	"x\316\235.\332\003\3671g\276\357;\3379\327!\220\304"
  40      DA03F731 
  40      67BEEF3B 
  40      DF39D721 
  40      90C4
  41 005e 7545749B 		.ascii	"uEt\233\317+\274\240\011j\366#Q\330\245\000\271\230"
  41      CF2BBCA0 
  41      096AF623 
  41      51D8A500 
  41      B998
  42 0070 2ED084C2 		.ascii	".\320\204\302\004Z\352\257B<\235\274S\375\313\206\243"
  42      045AEAAF 
  42      423C9DBC 
  42      53FDCB86 
  42      A3
  43 0081 BEF4529B 		.ascii	"\276\364R\233\225\010\025M\324QV\211\260\214~F\035\274"
  43      9508154D 
  43      D4515689 
  43      B08C7E46 
  43      1DBC
  44 0093 9FDE83BE 		.ascii	"\237\336\203\276\012\342{5n52}K\306L\032\323\314\031"
  44      0AE27B35 
  44      6E35327D 
  44      4BC64C1A 
  44      D3CC19
  45 00a6 5DD1C00A 		.ascii	"]\321\300\01243p'\213\233Y\342\004a\025}\002>\376\272"
  45      34337027 
  45      8B9B59E2 
  45      0461157D 
  45      023EFEBA 
  46 00ba B771495F 		.ascii	"\267qI_\263\304Y\223,^\350}%\304\350\350\361\234\211"
  46      B3C45993 
  46      2C5EE87D 
  46      25C4E8E8 
  46      F19C89
  47 00cd C21EE1AE 		.ascii	"\302\036\341\256\235\346J0t\177\373\337\263\213\336"
ARM GAS  C:\Users\info\AppData\Local\Temp\cc3Eq7tl.s 			page 3


  47      9DE64A30 
  47      747FFBDF 
  47      B38BDE
  48 00dc 94B8EAC1 		.ascii	"\224\270\352\301:zS?x\015\217;\204d6\037F\246\323)\233"
  48      3A7A533F 
  48      780D8F3B 
  48      8464361F 
  48      46A6D329 
  49 00f1 A8E5B6F4 		.ascii	"\250\345\266\3649\305E\025w\312?\034HmW\022\236l\276"
  49      39C54515 
  49      77CA3F1C 
  49      486D5712 
  49      9E6CBE
  50 0104 6C440D5E 		.ascii	"lD\015^\322}S)9u\202\370\367\314\2179_4\313Z&Q\253\304"
  50      D27D5329 
  50      397582F8 
  50      F7CC8F39 
  50      5F34CB5A 
  51 011c 9FFC4355 		.ascii	"\237\374CU\321\332\272\375\362\355\371//\375\334Z\014"
  51      D1DABAFD 
  51      F2EDF92F 
  51      2FFDDC5A 
  51      0C
  52 012d 8DC3A9FA 		.ascii	"\215\303\251\372\314\213\266\277\200\371p\212g\344`"
  52      CC8BB6BF 
  52      80F9708A 
  52      67E460
  53 013c 0359BC01 		.ascii	"\003Y\274\001{\306&\026@\011\312\177\252\337\221\012"
  53      7BC62616 
  53      4009CA7F 
  53      AADF910A 
  54 014c EA54F3F3 		.ascii	"\352T\363\363\374n-#\"@\033\330b\360>\224m\203\2352"
  54      FC6E2D23 
  54      22401BD8 
  54      62F03E94 
  54      6D839D32 
  55 0160 4A488D6A 		.ascii	"JH\215jrpb\303-k\251\263\3339\212.\013\313e\3606\223"
  55      727062C3 
  55      2D6BA9B3 
  55      DB398A2E 
  55      0BCB65F0 
  56 0176 ACF4E189 		.ascii	"\254\364\341\211\264\340\030\364\241\276\323\264\322"
  56      B4E018F4 
  56      A1BED3B4 
  56      D2
  57 0183 0E1CECA4 		.ascii	"\016\034\354\244\240c/\205\370\326\200\307\251\270f"
  57      A0632F85 
  57      F8D680C7 
  57      A9B866
  58 0192 5967CC87 		.ascii	"Yg\314\207\306d\316\372\177\313\376\231E?1\031\265]"
  58      C664CEFA 
  58      7FCBFE99 
  58      453F3119 
  58      B55D
  59 01a4 21D88768 		.ascii	"!\330\207h(\310\254xr\335\367\203'\301h\276\024<\032"
  59      28C8AC78 
  59      72DDF783 
ARM GAS  C:\Users\info\AppData\Local\Temp\cc3Eq7tl.s 			page 4


  59      27C168BE 
  59      143C1A
  60 01b7 1A2C8E8F 		.ascii	"\032,\216\217\026\202\334\203\301\342\300\335\334@q"
  60      1682DC83 
  60      C1E2C0DD 
  60      DC4071
  61 01c6 64E8D68D 		.ascii	"d\350\326\215\002\271O\363#\343\301\371\261R\2764\\"
  61      02B94FF3 
  61      23E3C1F9 
  61      B152BE34 
  61      5C
  62 01d7 B8375C1A 		.ascii	"\2707\\\032\373\017\206\327\303\234"
  62      FB0F86D7 
  62      C39C
  63              		.text
  64              		.section	.gnu.lto_Col_1_SetDriveMode.792a0606,"",%progbits
  65 0000 789C7D51 		.ascii	"x\234}QK+Da\030~\237\357;s\316L\342\017\230\"\013\262"
  65      4B2B4461 
  65      187E9FEF 
  65      3B73CE4C 
  65      E20F9822 
  66 0016 11C92F50 		.ascii	"\021\311/Ple\266S\3228;L\304\3327\267\024\033%\224K"
  66      6C65B653 
  66      D2383B4C 
  66      C4DA37B7 
  66      141B2594 
  67 002b 58C8B893 		.ascii	"X\310\270\223\225\335\230\302\216\235\205\205d1I\321"
  67      95DD98C2 
  67      8E9D8585 
  67      643149D1 
  68 003b 8C4BE436 		.ascii	"\214K\3446\336\367\214\305\254|\235\357\275<=\317\323"
  68      DEF78CC5 
  68      AC7C9DEF 
  68      BD3C3DCF 
  68      D3
  69 004c FB7EC722 		.ascii	"\373~\307\"\220\234;N\365\234\253\371B\023\324\3249"
  69      909C3B4E 
  69      F59CABF9 
  69      4213D4D4 
  69      39
  70 005d 51CCAF00 		.ascii	"Q\314\257\000)\214\0374\2460\206W\365\255\220\035\317"
  70      298C1F34 
  70      A6308657 
  70      F5AD901D 
  70      CF
  71 006e 1DA9C675 		.ascii	"\035\251\306u\303\347\346\344\261\331\2443Hi\242\242"
  71      C3E7E6E4 
  71      B1D9A433 
  71      4869A2A2 
  72 007e F29C08EB 		.ascii	"\362\234\010\353hd\326\363\341\332t\205\256\003q]8\317"
  72      6864D6F3 
  72      E1DA7485 
  72      AE03715D 
  72      38CF
  73 0090 5F5735AC 		.ascii	"_W5\254\031\0237\246\0306:\245\20144+\320\032Ds\220"
  73      191337A6 
  73      18363AA5 
ARM GAS  C:\Users\info\AppData\Local\Temp\cc3Eq7tl.s 			page 5


  73      8134342B 
  73      D01A4473 
  74 00a5 18206CA0 		.ascii	"\030 l\240A\310\267\007?3\225vR\354kK\246\330\204-c"
  74      41C8B707 
  74      3F339576 
  74      52EC6B4B 
  74      A6D8842D 
  75 00ba EE75674C 		.ascii	"\356ugL\261\2300\2317\373\370\303\256P,S\232\203\266"
  75      B1983099 
  75      37FBF8C3 
  75      AE502C53 
  75      9A83B6
  76 00cd 24F8200E 		.ascii	"$\370 \016\266\224\216\004\277\204\200p\210\362|e\221"
  76      B6948E04 
  76      BF848070 
  76      88F27C65 
  76      91
  77 00de 82529275 		.ascii	"\202R\222u\016\331\217\211\334\202%\316\011-K\315\246"
  77      0ED98F89 
  77      DC8225CE 
  77      092D4BCD 
  77      A6
  78 00ef B217CE8B 		.ascii	"\262\027\316\213Ji\313\233\370\354\354u\365\257\235"
  78      4A69CB9B 
  78      F8ECEC75 
  78      F5AF9D
  79 00fe 5F89198B 		.ascii	"_\211\031\213\241\305\271\343w{\031K\261$\257\353\303"
  79      A1C5B9E3 
  79      777B194B 
  79      B124AFEB 
  79      C3
  80 010f 3682D842 		.ascii	"6\202\330B\220\247\333\3012(\207\370\223S\262\323\354"
  80      90A7DBC1 
  80      322887F8 
  80      9353B2D3 
  80      EC
  81 0120 C87DE2CB 		.ascii	"\310}\342\313.\365\026C\254\277:\235\374\016\210\245"
  81      2EF51643 
  81      ACBF3A9D 
  81      FC0E88A5 
  82 0130 C6107659 		.ascii	"\306\020vYY&\341\317W.q\030b\311\303\345\326\266.I\252"
  82      5926E1CF 
  82      572E7118 
  82      62C9C3E5 
  82      D6B62E49 
  83 0145 B0E74912 		.ascii	"\260\347I\022\357\177\024\277g\354\224\273\004\030\345"
  83      EF7F14BF 
  83      67EC94BB 
  83      0418E5
  84 0154 3E3B0BE9 		.ascii	">;\013\351\377\033y\237Gf>\335#\236\371\354\020\266"
  84      FF1B799F 
  84      47663EDD 
  84      239EF9EC 
  84      10B6
  85 0166 F7EBF20A 		.ascii	"\367\353\362\012\362<\374X5\235\356\240;\334;\342\366"
  85      F23CFC58 
  85      359DEEA0 
ARM GAS  C:\Users\info\AppData\Local\Temp\cc3Eq7tl.s 			page 6


  85      3BDC3BE2 
  85      F6
  86 0177 F584A2A3 		.ascii	"\365\204\242\243\303\0217\334\025\212\266\267\205\333"
  86      C31137DC 
  86      158AB6B7 
  86      85DB
  87 0185 A3FD3D2D 		.ascii	"\243\375=-M\021\262\006\242}\356/a\351\245\234"
  87      4D11B206 
  87      A27DEE2F 
  87      61E9A59C 
  88              		.text
  89              		.section	.gnu.lto_Col_1_Read.792a0606,"",%progbits
  90 0000 789C354F 		.ascii	"x\2345O\337+Cq\024?\237\357\367\356\336E\370\003\254"
  90      DF2B4371 
  90      143F9FEF 
  90      F7EEDE45 
  90      F803AC
  91 0013 F0B81791 		.ascii	"\360\270\027\221\224\274*^e\345i\2654\367MV\213\347"
  91      94BC2A5E 
  91      65E569B5 
  91      34F74D56 
  91      8BE7
  92 0025 DDBBBB4B 		.ascii	"\335\273\273K\311\203\027\274`\245\264\371\025\373\017"
  92      C98317BC 
  92      60A5B4F9 
  92      15FB0F
  93 0034 AE95528A 		.ascii	"\256\225R\212$\245hIk\312\023kZ-\\\347\353r\352{\316"
  93      24A56849 
  93      6BCA136B 
  93      5A2D5CE7 
  93      EB72EA7B 
  94 0049 F77BBE9F 		.ascii	"\367{\276\237\037\347h\004R1\315\245\217k7\037H\202"
  94      1FE76804 
  94      5231CDA5 
  94      8F6B371F 
  94      4882
  95 005b 58BB22B2 		.ascii	"X\273\"\262\303\002P\027+\014\312\010d\360!\276\004"
  95      C3025017 
  95      2B0CCA08 
  95      64F021BE 
  95      04
  96 006c 2E9B17AB 		.ascii	".\233\027\253m\321\202ee\255\247\275\326\310f\321\203"
  96      6DD18265 
  96      65ADA7BD 
  96      D6C866D1 
  96      83
  97 007d 2B897C41 		.ascii	"+\211|A\030\212` \242$\012\210\022C\237K\337\353\035"
  97      188A6020 
  97      A2240A88 
  97      12439F4B 
  97      DFEB1D
  98 0090 7ACEE2E8 		.ascii	"z\316\342\350U\000\376)BW\226'S\236\345\373\216\345"
  98      5500FE29 
  98      42579627 
  98      539EE5FB 
  98      8EE5
  99 00a2 DD1967F7 		.ascii	"\335\031g\367\206\001r%\373r\3228\211\220J:)Yzc\232"
ARM GAS  C:\Users\info\AppData\Local\Temp\cc3Eq7tl.s 			page 7


  99      86017225 
  99      FB72D238 
  99      89904A3A 
  99      29597A63 
 100 00b7 1AE25D08 		.ascii	"\032\342]\010Ue\015\345\326JegT)9R\262\313\206[\276"
 100      55650DE5 
 100      D64A6567 
 100      54293952 
 100      B2CB865B 
 101 00cc 361AC295 		.ascii	"6\032\302\225\022\3124\373Ryh\017\236\245]\333\322\270"
 101      12CA34FB 
 101      5279680F 
 101      9EA55DDB 
 101      D2B8
 102 00de E5DAB78F 		.ascii	"\345\332\267\217\235yl\3339\036U\303\001\"\330\007\017"
 102      9D796CDB 
 102      391E55C3 
 102      0122D807 
 102      0F
 103 00ef 8A43E441 		.ascii	"\212C\344A58\237\343\344H\004r7\271\323-\251\370\200"
 103      35389FE3 
 103      E4480472 
 103      37B9D32D 
 103      A9F880
 104 0102 862386D5 		.ascii	"\206#\206\325\220\255/7D`\2501N1\352KU-\350\204\270"
 104      90AD2F37 
 104      4460A831 
 104      4E31EA4B 
 104      552DE884 
 105 0117 C9B473BF 		.ascii	"\311\264s\277\351u)\232\200\300\361?\255\212\000\244"
 105      E975299A 
 105      80C0F13F 
 105      AD8A00A4 
 106 0127 70F48A3F 		.ascii	"p\364\212?\021\235~\027\203Z\210\327\353\2310\347\315"
 106      119D7E17 
 106      835A88D7 
 106      EB9930E7 
 106      CD
 107 0138 F4CC8239 		.ascii	"\364\314\2029\233\210\245\026\323I3>\031K\215\015\307"
 107      9B88A516 
 107      D349333E 
 107      194B8D0D 
 107      C7
 108 0149 C7527389 		.ascii	"\307Rs\211\301\376$\375\000\256B{\004"
 108      C1FE24FD 
 108      00AE427B 
 108      04
 109              		.text
 110              		.section	.gnu.lto_Col_1_ReadDataReg.792a0606,"",%progbits
 111 0000 789C354F 		.ascii	"x\2345OKKBA\024>\337\314\365*B\364\003\022\252\245\233"
 111      4B4B4241 
 111      143EDFCC 
 111      F52A42F4 
 111      0312AAA5 
 112 0015 28A2456D 		.ascii	"(\242Em\205\332FB+A\302\334E\202\324\332\321\353-\220"
 112      85DA4642 
 112      2B41C2DC 
ARM GAS  C:\Users\info\AppData\Local\Temp\cc3Eq7tl.s 			page 8


 112      4582D4DA 
 112      D1EB2D90 
 113 0029 166D2A02 		.ascii	"\026m*\002C\010B\355A\366\003\202\233\020\004A\217e"
 113      430842ED 
 113      41F60382 
 113      9B100441 
 113      8F65
 114 003b B4911017 		.ascii	"\264\221\020\027-\242\304\020zx;\323\255\003s\316\314"
 114      2DA2C410 
 114      7A783BD3 
 114      AD0373CE 
 114      CC
 115 004c 99EF718E 		.ascii	"\231\357q\216A \035\363\\\206\271\016\360\201$\210\315"
 115      41201DF3 
 115      5C86B90E 
 115      F0812488 
 115      CD
 116 005d 1BA26C40 		.ascii	"\033\242l@\000\372\242\002\240\214@\006\357\342[\340"
 116      00FAA202 
 116      A08C4006 
 116      EFE25BE0 
 117 006d BA7BB511 		.ascii	"\272{\265\021\014\227\225\312\251\306Ayr\247\342\300"
 117      0C9795CA 
 117      A9C64179 
 117      72A7E2C0 
 118 007d 9644AE20 		.ascii	"\226D\256 \214\2070\032\322\022e\204\211\241Og\275\255"
 118      8C87301A 
 118      D2126584 
 118      89A14F67 
 118      BDAD
 119 008f 3E33AF38 		.ascii	">3\2578\2064\200\177*0\265\345\351\234\243\\\327R\316"
 119      8634807F 
 119      2A30B5E5 
 119      E99CA35C 
 119      D752CE
 120 00a2 79F0E22E 		.ascii	"y\360\342.\350\007\331\222}9\031\234\204O'\223\264,"
 120      E807D992 
 120      7D39199C 
 120      844F2793 
 120      B42C
 121 00b4 BD324D0F 		.ascii	"\2752M\017\361&\204\256\262\205\372G\241W\235\322J\226"
 121      F12684AE 
 121      B285FA47 
 121      A1579DD2 
 121      4A96
 122 00c6 94ECB26D 		.ascii	"\224\354\262m\327o\375\035aK\011m\372\360\270\373bz"
 122      D76FFD1D 
 122      614B096D 
 122      FAF0B8FB 
 122      627A
 123 00d8 CFDA7E56 		.ascii	"\317\332~V\031\334j\024\212\237\376\022\366\262y\036"
 123      19DC6A14 
 123      8A9FFE12 
 123      F6B2791E 
 124 00e8 D5C02142 		.ascii	"\325\300!B\250\202\007\305\021J\240\026\254\257i\262"
 124      A88207C5 
 124      114AA016 
ARM GAS  C:\Users\info\AppData\Local\Temp\cc3Eq7tl.s 			page 9


 124      ACAF69B2 
 125 00f8 243CB9FB 		.ascii	"$<\271\373|\255(5\0370p\314\260\026r\355\365\216\360"
 125      7CAD2835 
 125      1F3070CC 
 125      B01672ED 
 125      F58EF0
 126 010b 0C0DC669 		.ascii	"\014\015\306iF{\255ix\035\0377\231v\351v\235~M\023\020"
 126      467BAD69 
 126      781D1F37 
 126      9976E976 
 126      9D7E4D13 
 127 0120 38F9A735 		.ascii	"8\371\2475\341\2014\216\236\361'b\322\357b\320\013\361"
 127      E181348E 
 127      9EF12762 
 127      D2EF62D0 
 127      0BF1
 128 0132 7A8333C9 		.ascii	"z\2033\311\345dza%\271\030\217\246V\323\211dl6\232\212"
 128      E5647A61 
 128      25B9188F 
 128      A656D389 
 128      646C369A 
 129 0147 4CC422A9 		.ascii	"L\304\"\251\245\370\330H\202~\000\211\350{\033"
 129      A5F8D848 
 129      827E0089 
 129      E87B1B
 130              		.text
 131              		.section	.gnu.lto_.symbol_nodes.792a0606,"",%progbits
 132 0000 789C6361 		.ascii	"x\234ca`dpc\000\002&\206z\006\206\011\347\030@\324\252"
 132      60647063 
 132      00022686 
 132      7A068609 
 132      E71840D4 
 133 0015 0645A000 		.ascii	"\006E\240\000c=#\252\000S=\023\252\000s=3\212\000\003"
 133      633D23AA 
 133      00533D13 
 133      AA00733D 
 133      338A0003 
 134 0029 001ED60E 		.ascii	"\000\036\326\016\374"
 134      FC
 135              		.text
 136              		.section	.gnu.lto_.refs.792a0606,"",%progbits
 137 0000 789C6361 		.ascii	"x\234ca`\004B \000\000\0009\000\007"
 137      60044220 
 137      00000039 
 137      0007
 138              		.text
 139              		.section	.gnu.lto_.decls.792a0606,"",%progbits
 140 0000 789C8D92 		.ascii	"x\234\215\222]HTA\024\307\347\334{w\225\253\366!Q>\\"
 140      5D485441 
 140      14C7E7DC 
 140      7B7795AB 
 140      F621513E 
 141 0015 CA7CF269 		.ascii	"\312|\362iI$\220\036*P\262\227R\264\354EXV\275\230\021"
 141      4924901E 
 141      2A50B297 
 141      52B4EC45 
 141      5856BD98 
ARM GAS  C:\Users\info\AppData\Local\Temp\cc3Eq7tl.s 			page 10


 142 002a 6E6C6BE0 		.ascii	"nlk\340C0\271Ff\017)a\261\022e\005~\244\351\232\256"
 142      4330B946 
 142      660F2961 
 142      B1126505 
 142      7EA4E99A 
 143 003f BAABB6DB 		.ascii	"\272\253\266\3337\004B\"Db\240\264\011YR\033\012%b\333"
 143      37044222 
 143      4462A0B4 
 143      0959521B 
 143      0A2562DB 
 144 0053 99D9BBDE 		.ascii	"\231\331\273\336km\340\201\271s\316\314\371\377\346"
 144      6B6DE081 
 144      B973CECC 
 144      F9FFE6
 145 0062 CCB92311 		.ascii	"\314\271#\021 \314\016H\204\334\300Y\3010\202fB\277"
 145      20CC0E48 
 145      84DCC059 
 145      C1308266 
 145      42BF
 146 0074 84E886DB 		.ascii	"\204\350\206\333d\000\207\027\307\010\016?\371\327\330"
 146      64008717 
 146      C7080E3F 
 146      F9D7D8
 147 0083 BE59D3F5 		.ascii	"\276Y\323\3652\026\216\000\216q\034\005Z\016hy\177\233"
 147      32168E00 
 147      8E711C05 
 147      5A0E6879 
 147      7F9B
 148 0095 378E3668 		.ascii	"7\2166h\320\307\264\3368ZV\217\311\240+\210\243\033"
 148      D0C7B4DE 
 148      385A568F 
 148      C9A02B88 
 148      A31B
 149 00a7 89A3F36F 		.ascii	"\211\243\363oB\027\357\236k\002\270>~iK\234\201i\000"
 149      4217EF9E 
 149      6B02B83E 
 149      7E694B9C 
 149      816900
 150 00ba 02DC88D6 		.ascii	"\002\334\210\326G\302V\264\2319\020\015\204\030\017"
 150      47C256B4 
 150      9939100D 
 150      84180F
 151 00c9 D6C99AC3 		.ascii	"\326\311\232\303\323\201\010<\037\014\033\033\362\370"
 151      D381083C 
 151      1F0C1B1B 
 151      F2F8
 152 00d7 3FE1A62F 		.ascii	"?\341\246/\301\272\3052a#\224Q\365\020cA\027\030xZ\365"
 152      C1BAC532 
 152      61239451 
 152      F5106341 
 152      1718785A 
 153 00ec DAF9603C 		.ascii	"\332\371`<\226\243\305\330\245\351p{\241\210HtgW:\217"
 153      96A3C5D8 
 153      A5E9707B 
 153      A1884874 
 153      67573A8F 
 154 0100 587A285A 		.ascii	"Xz(Z\023\245\302n\2751}\227?u%.\013\240\310\020\001"
ARM GAS  C:\Users\info\AppData\Local\Temp\cc3Eq7tl.s 			page 11


 154      13A5C26E 
 154      BD317D97 
 154      3F75252E 
 154      0BA0C810 
 155 0115 162FFA56 		.ascii	"\026/\372VR\2421\333v7\207~'\211\273\230/L\205\272\027"
 155      52A231DB 
 155      7637877E 
 155      2789BB98 
 155      2F4C85BA 
 156 012a 24C894DB 		.ascii	"$\310\224\333\031fn\325s\320G\3516\350\005\031z@\204"
 156      19666ED5 
 156      73D047E9 
 156      36E80519 
 156      7A4084
 157 013d 2EB0B002 		.ascii	".\260\260\002\024\031\277\015\224\326\321\360}jN#\220"
 157      1419BF0D 
 157      94D6D1F0 
 157      7D6A4E23 
 157      90
 158 014e ADC03E85 		.ascii	"\255\300>\205\300#\310dL\226\005\335\240\300CP\030\177"
 158      C023C864 
 158      4C9605DD 
 158      A0C04350 
 158      187F
 159 0160 FED6DDAF 		.ascii	"\376\326\335\257f\011\273\3159e\022[\233\254\367\334"
 159      6609BBCD 
 159      3965125B 
 159      9BACF7DC 
 160 0170 16B18454 		.ascii	"\026\261\204T\031$\014\177L\264\206\266`\270C\206t\014"
 160      19240C7F 
 160      4CB486B6 
 160      60B84386 
 160      740C
 161 0182 7BFC1F16 		.ascii	"{\374\037\026\315i7\371U\\4]\202\222\235\320\217@\017"
 161      CD6937F9 
 161      555C345D 
 161      82929DD0 
 161      8F400F
 162 0195 02093C86 		.ascii	"\002\011<\2064\374\366\201\024\275\335\322\367\300O"
 162      34FCF681 
 162      14BDDDD2 
 162      F7C04F
 163 01a4 21A38DB6 		.ascii	"!\243\215\266y\350\\d>\333M\203\365\250\023X\032t\352"
 163      79E85C64 
 163      3EDB4D83 
 163      F5A81358 
 163      1A74EA
 164 01b7 45A3CBA6 		.ascii	"E\243\313\246\016\230\301~\016@\006*\357\274\357|`\022"
 164      0E98C17E 
 164      0E40062A 
 164      EFBCEF7C 
 164      6012
 165 01c9 ADBC09FD 		.ascii	"\255\274\011\375\365\253\263r\224\022\\~\225L\233.Q"
 165      F5ABB372 
 165      94125C7E 
 165      954C9B2E 
 165      51
ARM GAS  C:\Users\info\AppData\Local\Temp\cc3Eq7tl.s 			page 12


 166 01da 7A983306 		.ascii	"z\2303\006u\306\240\221\341\345\214\216\320\364\031"
 166      75C6A091 
 166      E1E58C8E 
 166      D0F419
 167 01e9 D1C1116F 		.ascii	"\321\301\021o\257\275tm5V\315\256\253\227=\314\313."
 167      AFBD746D 
 167      3556CDAE 
 167      AB973DCC 
 167      CB2E
 168 01fb D3AA1E73 		.ascii	"\323\252\036s\3177n\325\316\233z-\256W\215Y0\244\237"
 168      CF376ED5 
 168      CE9B7A2D 
 168      AE578D59 
 168      30A49F
 169 020e 38643C71 		.ascii	"8d<q\204\2378=\023\036M\021/\362#\257\204B\237\0234"
 169      849F383D 
 169      131E4D11 
 169      2FF223AF 
 169      84429F13 
 170 0223 8AFF4DAC 		.ascii	"\212\377M\254j\306\360\351\014\237\221\341\347\214\345"
 170      6AC6F0E9 
 170      0C9F91E1 
 170      E78CE5
 171 0232 FAA57766 		.ascii	"\372\245wf\031\177\241ks\277pb\341^$A\274\016\374\215"
 171      197FA16B 
 171      73BF7062 
 171      E15E2441 
 171      BC0EFC8D 
 172 0246 0CB4B85B 		.ascii	"\014\264\270[\022@\316\214#\177\022G\256=\245_'\232"
 172      1240CE8C 
 172      237F1247 
 172      AE3DA55F 
 172      279A
 173 0258 AFB20B8E 		.ascii	"\257\262\013\216cS\306\364\342FA\2166\244\353\333\363"
 173      6353C6F4 
 173      E246418E 
 173      36A4EBDB 
 173      F3
 174 0269 202437B2 		.ascii	" $7\262W\205\335K=\312\023\365\356\005 \231?~\234\327"
 174      5785DD4B 
 174      3DCA13F5 
 174      EE052099 
 174      3F7E9CD7 
 175 027d 04F1C554 		.ascii	"\004\361\305T_@\006Y\001\334\207\006v@\270\316P\007"
 175      5F400659 
 175      01DC8706 
 175      7640B8CE 
 175      5007
 176 028f 8120C3C2 		.ascii	"\201 \303\302S\334~\206\362V\312r&\201/\363 |\210\373"
 176      53DC7E86 
 176      F256CA72 
 176      26812FF3 
 176      207C88FB 
 177 02a3 FC93946B 		.ascii	"\374\223\224k?k\315\262\236rT9\325\304\374\343'\323"
 177      3F6BCDB2 
 177      9E725439 
 177      D5C4FCE3 
ARM GAS  C:\Users\info\AppData\Local\Temp\cc3Eq7tl.s 			page 13


 177      27D3
 178 02b5 73B3B288 		.ascii	"s\263\262\210\251\246\252\332\231\2637_\255V\0356\247"
 178      A9A6AADA 
 178      99B3375F 
 178      AD561D36 
 178      A7
 179 02c6 5A612DB6 		.ascii	"Za-\266\3278\312\325\322\302b{\356\376\322\362Zg\355"
 179      D738CAD5 
 179      D2C2627B 
 179      EEFED2F2 
 179      5A67ED
 180 02d9 39F5BCE5 		.ascii	"9\365\274\3454\331\363\237\014\316\264\224\223\324("
 180      34D9F39F 
 180      0CCEB494 
 180      93D428
 181 02e8 BC5875E6 		.ascii	"\274Xu\3469\252.\250\307\354\025\252\034]*Rm\025\333"
 181      39AA2EA8 
 181      C7EC15AA 
 181      1C5D2A52 
 181      6D15DB
 182 02fb 7537CFE6 		.ascii	"u7\317\346\264\025\251\225\222C\255\314\371\003v\317"
 182      B415A995 
 182      9243ADCC 
 182      F90376CF 
 183 030b 601F     		.ascii	"`\037"
 184              		.text
 185              		.section	.gnu.lto_.symtab.792a0606,"",%progbits
 186 0000 436F6C5F 		.ascii	"Col_1_Write\000"
 186      315F5772 
 186      69746500 
 187 000c 00       		.ascii	"\000"
 188 000d 00       		.ascii	"\000"
 189 000e 00       		.ascii	"\000"
 190 000f 00000000 		.ascii	"\000\000\000\000\000\000\000\000"
 190      00000000 
 191 0017 B3000000 		.ascii	"\263\000\000\000"
 192 001b 436F6C5F 		.ascii	"Col_1_SetDriveMode\000"
 192      315F5365 
 192      74447269 
 192      76654D6F 
 192      646500
 193 002e 00       		.ascii	"\000"
 194 002f 00       		.ascii	"\000"
 195 0030 00       		.ascii	"\000"
 196 0031 00000000 		.ascii	"\000\000\000\000\000\000\000\000"
 196      00000000 
 197 0039 B5000000 		.ascii	"\265\000\000\000"
 198 003d 436F6C5F 		.ascii	"Col_1_Read\000"
 198      315F5265 
 198      616400
 199 0048 00       		.ascii	"\000"
 200 0049 00       		.ascii	"\000"
 201 004a 00       		.ascii	"\000"
 202 004b 00000000 		.ascii	"\000\000\000\000\000\000\000\000"
 202      00000000 
 203 0053 B8000000 		.ascii	"\270\000\000\000"
 204 0057 436F6C5F 		.ascii	"Col_1_ReadDataReg\000"
ARM GAS  C:\Users\info\AppData\Local\Temp\cc3Eq7tl.s 			page 14


 204      315F5265 
 204      61644461 
 204      74615265 
 204      6700
 205 0069 00       		.ascii	"\000"
 206 006a 00       		.ascii	"\000"
 207 006b 00       		.ascii	"\000"
 208 006c 00000000 		.ascii	"\000\000\000\000\000\000\000\000"
 208      00000000 
 209 0074 BA000000 		.ascii	"\272\000\000\000"
 210              		.text
 211              		.section	.gnu.lto_.opts,"",%progbits
 212 0000 272D666D 		.ascii	"'-fmath-errno' '-fsigned-zeros' '-ftrapping-math' '"
 212      6174682D 
 212      6572726E 
 212      6F272027 
 212      2D667369 
 213 0033 2D666E6F 		.ascii	"-fno-trapv' '-fno-strict-overflow' '-fno-openmp' '-"
 213      2D747261 
 213      70762720 
 213      272D666E 
 213      6F2D7374 
 214 0066 666E6F2D 		.ascii	"fno-openacc' '-mcpu=cortex-m3' '-mthumb' '-g' '-Og'"
 214      6F70656E 
 214      61636327 
 214      20272D6D 
 214      6370753D 
 215 0099 20272D66 		.ascii	" '-ffunction-sections' '-ffat-lto-objects' '-flto'\000"
 215      66756E63 
 215      74696F6E 
 215      2D736563 
 215      74696F6E 
 216              		.text
 217              		.cfi_sections	.debug_frame
 218              		.section	.text.Col_1_Write,"ax",%progbits
 219              		.align	2
 220              		.global	Col_1_Write
 221              		.thumb
 222              		.thumb_func
 223              		.type	Col_1_Write, %function
 224              	Col_1_Write:
 225              	.LFB0:
 226              		.file 1 "Generated_Source\\PSoC5\\Col_1.c"
   1:Generated_Source\PSoC5/Col_1.c **** /*******************************************************************************
   2:Generated_Source\PSoC5/Col_1.c **** * File Name: Col_1.c  
   3:Generated_Source\PSoC5/Col_1.c **** * Version 2.20
   4:Generated_Source\PSoC5/Col_1.c **** *
   5:Generated_Source\PSoC5/Col_1.c **** * Description:
   6:Generated_Source\PSoC5/Col_1.c **** *  This file contains API to enable firmware control of a Pins component.
   7:Generated_Source\PSoC5/Col_1.c **** *
   8:Generated_Source\PSoC5/Col_1.c **** * Note:
   9:Generated_Source\PSoC5/Col_1.c **** *
  10:Generated_Source\PSoC5/Col_1.c **** ********************************************************************************
  11:Generated_Source\PSoC5/Col_1.c **** * Copyright 2008-2015, Cypress Semiconductor Corporation.  All rights reserved.
  12:Generated_Source\PSoC5/Col_1.c **** * You may use this file only in accordance with the license, terms, conditions, 
  13:Generated_Source\PSoC5/Col_1.c **** * disclaimers, and limitations in the end user license agreement accompanying 
  14:Generated_Source\PSoC5/Col_1.c **** * the software package with which this file was provided.
ARM GAS  C:\Users\info\AppData\Local\Temp\cc3Eq7tl.s 			page 15


  15:Generated_Source\PSoC5/Col_1.c **** *******************************************************************************/
  16:Generated_Source\PSoC5/Col_1.c **** 
  17:Generated_Source\PSoC5/Col_1.c **** #include "cytypes.h"
  18:Generated_Source\PSoC5/Col_1.c **** #include "Col_1.h"
  19:Generated_Source\PSoC5/Col_1.c **** 
  20:Generated_Source\PSoC5/Col_1.c **** /* APIs are not generated for P15[7:6] on PSoC 5 */
  21:Generated_Source\PSoC5/Col_1.c **** #if !(CY_PSOC5A &&\
  22:Generated_Source\PSoC5/Col_1.c **** 	 Col_1__PORT == 15 && ((Col_1__MASK & 0xC0) != 0))
  23:Generated_Source\PSoC5/Col_1.c **** 
  24:Generated_Source\PSoC5/Col_1.c **** 
  25:Generated_Source\PSoC5/Col_1.c **** /*******************************************************************************
  26:Generated_Source\PSoC5/Col_1.c **** * Function Name: Col_1_Write
  27:Generated_Source\PSoC5/Col_1.c **** ****************************************************************************//**
  28:Generated_Source\PSoC5/Col_1.c **** *
  29:Generated_Source\PSoC5/Col_1.c **** * \brief Writes the value to the physical port (data output register), masking
  30:Generated_Source\PSoC5/Col_1.c **** *  and shifting the bits appropriately. 
  31:Generated_Source\PSoC5/Col_1.c **** *
  32:Generated_Source\PSoC5/Col_1.c **** * The data output register controls the signal applied to the physical pin in 
  33:Generated_Source\PSoC5/Col_1.c **** * conjunction with the drive mode parameter. This function avoids changing 
  34:Generated_Source\PSoC5/Col_1.c **** * other bits in the port by using the appropriate method (read-modify-write or
  35:Generated_Source\PSoC5/Col_1.c **** * bit banding).
  36:Generated_Source\PSoC5/Col_1.c **** *
  37:Generated_Source\PSoC5/Col_1.c **** * <b>Note</b> This function should not be used on a hardware digital output pin 
  38:Generated_Source\PSoC5/Col_1.c **** * as it is driven by the hardware signal attached to it.
  39:Generated_Source\PSoC5/Col_1.c **** *
  40:Generated_Source\PSoC5/Col_1.c **** * \param value
  41:Generated_Source\PSoC5/Col_1.c **** *  Value to write to the component instance.
  42:Generated_Source\PSoC5/Col_1.c **** *
  43:Generated_Source\PSoC5/Col_1.c **** * \return 
  44:Generated_Source\PSoC5/Col_1.c **** *  None 
  45:Generated_Source\PSoC5/Col_1.c **** *
  46:Generated_Source\PSoC5/Col_1.c **** * \sideeffect
  47:Generated_Source\PSoC5/Col_1.c **** *  If you use read-modify-write operations that are not atomic; the Interrupt 
  48:Generated_Source\PSoC5/Col_1.c **** *  Service Routines (ISR) can cause corruption of this function. An ISR that 
  49:Generated_Source\PSoC5/Col_1.c **** *  interrupts this function and performs writes to the Pins component data 
  50:Generated_Source\PSoC5/Col_1.c **** *  register can cause corrupted port data. To avoid this issue, you should 
  51:Generated_Source\PSoC5/Col_1.c **** *  either use the Per-Pin APIs (primary method) or disable interrupts around 
  52:Generated_Source\PSoC5/Col_1.c **** *  this function.
  53:Generated_Source\PSoC5/Col_1.c **** *
  54:Generated_Source\PSoC5/Col_1.c **** * \funcusage
  55:Generated_Source\PSoC5/Col_1.c **** *  \snippet Col_1_SUT.c usage_Col_1_Write
  56:Generated_Source\PSoC5/Col_1.c **** *******************************************************************************/
  57:Generated_Source\PSoC5/Col_1.c **** void Col_1_Write(uint8 value)
  58:Generated_Source\PSoC5/Col_1.c **** {
 227              		.loc 1 58 0
 228              		.cfi_startproc
 229              		@ args = 0, pretend = 0, frame = 0
 230              		@ frame_needed = 0, uses_anonymous_args = 0
 231              		@ link register save eliminated.
 232              	.LVL0:
  59:Generated_Source\PSoC5/Col_1.c ****     uint8 staticBits = (Col_1_DR & (uint8)(~Col_1_MASK));
 233              		.loc 1 59 0
 234 0000 044A     		ldr	r2, .L2
 235 0002 1378     		ldrb	r3, [r2]	@ zero_extendqisi2
 236 0004 03F0FB03 		and	r3, r3, #251
 237              	.LVL1:
  60:Generated_Source\PSoC5/Col_1.c ****     Col_1_DR = staticBits | ((uint8)(value << Col_1_SHIFT) & Col_1_MASK);
ARM GAS  C:\Users\info\AppData\Local\Temp\cc3Eq7tl.s 			page 16


 238              		.loc 1 60 0
 239 0008 8000     		lsls	r0, r0, #2
 240              	.LVL2:
 241 000a 00F00400 		and	r0, r0, #4
 242 000e 1843     		orrs	r0, r0, r3
 243 0010 1070     		strb	r0, [r2]
 244 0012 7047     		bx	lr
 245              	.L3:
 246              		.align	2
 247              	.L2:
 248 0014 30510040 		.word	1073762608
 249              		.cfi_endproc
 250              	.LFE0:
 251              		.size	Col_1_Write, .-Col_1_Write
 252              		.section	.text.Col_1_SetDriveMode,"ax",%progbits
 253              		.align	2
 254              		.global	Col_1_SetDriveMode
 255              		.thumb
 256              		.thumb_func
 257              		.type	Col_1_SetDriveMode, %function
 258              	Col_1_SetDriveMode:
 259              	.LFB1:
  61:Generated_Source\PSoC5/Col_1.c **** }
  62:Generated_Source\PSoC5/Col_1.c **** 
  63:Generated_Source\PSoC5/Col_1.c **** 
  64:Generated_Source\PSoC5/Col_1.c **** /*******************************************************************************
  65:Generated_Source\PSoC5/Col_1.c **** * Function Name: Col_1_SetDriveMode
  66:Generated_Source\PSoC5/Col_1.c **** ****************************************************************************//**
  67:Generated_Source\PSoC5/Col_1.c **** *
  68:Generated_Source\PSoC5/Col_1.c **** * \brief Sets the drive mode for each of the Pins component's pins.
  69:Generated_Source\PSoC5/Col_1.c **** * 
  70:Generated_Source\PSoC5/Col_1.c **** * <b>Note</b> This affects all pins in the Pins component instance. Use the
  71:Generated_Source\PSoC5/Col_1.c **** * Per-Pin APIs if you wish to control individual pin's drive modes.
  72:Generated_Source\PSoC5/Col_1.c **** *
  73:Generated_Source\PSoC5/Col_1.c **** * \param mode
  74:Generated_Source\PSoC5/Col_1.c **** *  Mode for the selected signals. Valid options are documented in 
  75:Generated_Source\PSoC5/Col_1.c **** *  \ref driveMode.
  76:Generated_Source\PSoC5/Col_1.c **** *
  77:Generated_Source\PSoC5/Col_1.c **** * \return
  78:Generated_Source\PSoC5/Col_1.c **** *  None
  79:Generated_Source\PSoC5/Col_1.c **** *
  80:Generated_Source\PSoC5/Col_1.c **** * \sideeffect
  81:Generated_Source\PSoC5/Col_1.c **** *  If you use read-modify-write operations that are not atomic, the ISR can
  82:Generated_Source\PSoC5/Col_1.c **** *  cause corruption of this function. An ISR that interrupts this function 
  83:Generated_Source\PSoC5/Col_1.c **** *  and performs writes to the Pins component Drive Mode registers can cause 
  84:Generated_Source\PSoC5/Col_1.c **** *  corrupted port data. To avoid this issue, you should either use the Per-Pin
  85:Generated_Source\PSoC5/Col_1.c **** *  APIs (primary method) or disable interrupts around this function.
  86:Generated_Source\PSoC5/Col_1.c **** *
  87:Generated_Source\PSoC5/Col_1.c **** * \funcusage
  88:Generated_Source\PSoC5/Col_1.c **** *  \snippet Col_1_SUT.c usage_Col_1_SetDriveMode
  89:Generated_Source\PSoC5/Col_1.c **** *******************************************************************************/
  90:Generated_Source\PSoC5/Col_1.c **** void Col_1_SetDriveMode(uint8 mode)
  91:Generated_Source\PSoC5/Col_1.c **** {
 260              		.loc 1 91 0
 261              		.cfi_startproc
 262              		@ args = 0, pretend = 0, frame = 0
 263              		@ frame_needed = 0, uses_anonymous_args = 0
ARM GAS  C:\Users\info\AppData\Local\Temp\cc3Eq7tl.s 			page 17


 264              		@ link register save eliminated.
 265              	.LVL3:
  92:Generated_Source\PSoC5/Col_1.c **** 	CyPins_SetPinDriveMode(Col_1_0, mode);
 266              		.loc 1 92 0
 267 0000 044A     		ldr	r2, .L5
 268 0002 1378     		ldrb	r3, [r2]	@ zero_extendqisi2
 269 0004 03F0F103 		and	r3, r3, #241
 270 0008 00F00E00 		and	r0, r0, #14
 271              	.LVL4:
 272 000c 1843     		orrs	r0, r0, r3
 273 000e 1070     		strb	r0, [r2]
 274 0010 7047     		bx	lr
 275              	.L6:
 276 0012 00BF     		.align	2
 277              	.L5:
 278 0014 1A500040 		.word	1073762330
 279              		.cfi_endproc
 280              	.LFE1:
 281              		.size	Col_1_SetDriveMode, .-Col_1_SetDriveMode
 282              		.section	.text.Col_1_Read,"ax",%progbits
 283              		.align	2
 284              		.global	Col_1_Read
 285              		.thumb
 286              		.thumb_func
 287              		.type	Col_1_Read, %function
 288              	Col_1_Read:
 289              	.LFB2:
  93:Generated_Source\PSoC5/Col_1.c **** }
  94:Generated_Source\PSoC5/Col_1.c **** 
  95:Generated_Source\PSoC5/Col_1.c **** 
  96:Generated_Source\PSoC5/Col_1.c **** /*******************************************************************************
  97:Generated_Source\PSoC5/Col_1.c **** * Function Name: Col_1_Read
  98:Generated_Source\PSoC5/Col_1.c **** ****************************************************************************//**
  99:Generated_Source\PSoC5/Col_1.c **** *
 100:Generated_Source\PSoC5/Col_1.c **** * \brief Reads the associated physical port (pin status register) and masks 
 101:Generated_Source\PSoC5/Col_1.c **** *  the required bits according to the width and bit position of the component
 102:Generated_Source\PSoC5/Col_1.c **** *  instance. 
 103:Generated_Source\PSoC5/Col_1.c **** *
 104:Generated_Source\PSoC5/Col_1.c **** * The pin's status register returns the current logic level present on the 
 105:Generated_Source\PSoC5/Col_1.c **** * physical pin.
 106:Generated_Source\PSoC5/Col_1.c **** *
 107:Generated_Source\PSoC5/Col_1.c **** * \return 
 108:Generated_Source\PSoC5/Col_1.c **** *  The current value for the pins in the component as a right justified number.
 109:Generated_Source\PSoC5/Col_1.c **** *
 110:Generated_Source\PSoC5/Col_1.c **** * \funcusage
 111:Generated_Source\PSoC5/Col_1.c **** *  \snippet Col_1_SUT.c usage_Col_1_Read  
 112:Generated_Source\PSoC5/Col_1.c **** *******************************************************************************/
 113:Generated_Source\PSoC5/Col_1.c **** uint8 Col_1_Read(void)
 114:Generated_Source\PSoC5/Col_1.c **** {
 290              		.loc 1 114 0
 291              		.cfi_startproc
 292              		@ args = 0, pretend = 0, frame = 0
 293              		@ frame_needed = 0, uses_anonymous_args = 0
 294              		@ link register save eliminated.
 115:Generated_Source\PSoC5/Col_1.c ****     return (Col_1_PS & Col_1_MASK) >> Col_1_SHIFT;
 295              		.loc 1 115 0
 296 0000 024B     		ldr	r3, .L8
ARM GAS  C:\Users\info\AppData\Local\Temp\cc3Eq7tl.s 			page 18


 297 0002 1878     		ldrb	r0, [r3]	@ zero_extendqisi2
 116:Generated_Source\PSoC5/Col_1.c **** }
 298              		.loc 1 116 0
 299 0004 C0F38000 		ubfx	r0, r0, #2, #1
 300 0008 7047     		bx	lr
 301              	.L9:
 302 000a 00BF     		.align	2
 303              	.L8:
 304 000c 31510040 		.word	1073762609
 305              		.cfi_endproc
 306              	.LFE2:
 307              		.size	Col_1_Read, .-Col_1_Read
 308              		.section	.text.Col_1_ReadDataReg,"ax",%progbits
 309              		.align	2
 310              		.global	Col_1_ReadDataReg
 311              		.thumb
 312              		.thumb_func
 313              		.type	Col_1_ReadDataReg, %function
 314              	Col_1_ReadDataReg:
 315              	.LFB3:
 117:Generated_Source\PSoC5/Col_1.c **** 
 118:Generated_Source\PSoC5/Col_1.c **** 
 119:Generated_Source\PSoC5/Col_1.c **** /*******************************************************************************
 120:Generated_Source\PSoC5/Col_1.c **** * Function Name: Col_1_ReadDataReg
 121:Generated_Source\PSoC5/Col_1.c **** ****************************************************************************//**
 122:Generated_Source\PSoC5/Col_1.c **** *
 123:Generated_Source\PSoC5/Col_1.c **** * \brief Reads the associated physical port's data output register and masks 
 124:Generated_Source\PSoC5/Col_1.c **** *  the correct bits according to the width and bit position of the component 
 125:Generated_Source\PSoC5/Col_1.c **** *  instance. 
 126:Generated_Source\PSoC5/Col_1.c **** *
 127:Generated_Source\PSoC5/Col_1.c **** * The data output register controls the signal applied to the physical pin in 
 128:Generated_Source\PSoC5/Col_1.c **** * conjunction with the drive mode parameter. This is not the same as the 
 129:Generated_Source\PSoC5/Col_1.c **** * preferred Col_1_Read() API because the 
 130:Generated_Source\PSoC5/Col_1.c **** * Col_1_ReadDataReg() reads the data register instead of the status 
 131:Generated_Source\PSoC5/Col_1.c **** * register. For output pins this is a useful function to determine the value 
 132:Generated_Source\PSoC5/Col_1.c **** * just written to the pin.
 133:Generated_Source\PSoC5/Col_1.c **** *
 134:Generated_Source\PSoC5/Col_1.c **** * \return 
 135:Generated_Source\PSoC5/Col_1.c **** *  The current value of the data register masked and shifted into a right 
 136:Generated_Source\PSoC5/Col_1.c **** *  justified number for the component instance.
 137:Generated_Source\PSoC5/Col_1.c **** *
 138:Generated_Source\PSoC5/Col_1.c **** * \funcusage
 139:Generated_Source\PSoC5/Col_1.c **** *  \snippet Col_1_SUT.c usage_Col_1_ReadDataReg 
 140:Generated_Source\PSoC5/Col_1.c **** *******************************************************************************/
 141:Generated_Source\PSoC5/Col_1.c **** uint8 Col_1_ReadDataReg(void)
 142:Generated_Source\PSoC5/Col_1.c **** {
 316              		.loc 1 142 0
 317              		.cfi_startproc
 318              		@ args = 0, pretend = 0, frame = 0
 319              		@ frame_needed = 0, uses_anonymous_args = 0
 320              		@ link register save eliminated.
 143:Generated_Source\PSoC5/Col_1.c ****     return (Col_1_DR & Col_1_MASK) >> Col_1_SHIFT;
 321              		.loc 1 143 0
 322 0000 024B     		ldr	r3, .L11
 323 0002 1878     		ldrb	r0, [r3]	@ zero_extendqisi2
 144:Generated_Source\PSoC5/Col_1.c **** }
 324              		.loc 1 144 0
ARM GAS  C:\Users\info\AppData\Local\Temp\cc3Eq7tl.s 			page 19


 325 0004 C0F38000 		ubfx	r0, r0, #2, #1
 326 0008 7047     		bx	lr
 327              	.L12:
 328 000a 00BF     		.align	2
 329              	.L11:
 330 000c 30510040 		.word	1073762608
 331              		.cfi_endproc
 332              	.LFE3:
 333              		.size	Col_1_ReadDataReg, .-Col_1_ReadDataReg
 334              		.text
 335              	.Letext0:
 336              		.file 2 "Generated_Source\\PSoC5\\cytypes.h"
 337              		.section	.debug_info,"",%progbits
 338              	.Ldebug_info0:
 339 0000 1B010000 		.4byte	0x11b
 340 0004 0400     		.2byte	0x4
 341 0006 00000000 		.4byte	.Ldebug_abbrev0
 342 000a 04       		.byte	0x4
 343 000b 01       		.uleb128 0x1
 344 000c 1C000000 		.4byte	.LASF20
 345 0010 0C       		.byte	0xc
 346 0011 26010000 		.4byte	.LASF21
 347 0015 52010000 		.4byte	.LASF22
 348 0019 00000000 		.4byte	.Ldebug_ranges0+0
 349 001d 00000000 		.4byte	0
 350 0021 00000000 		.4byte	.Ldebug_line0
 351 0025 02       		.uleb128 0x2
 352 0026 01       		.byte	0x1
 353 0027 06       		.byte	0x6
 354 0028 04020000 		.4byte	.LASF0
 355 002c 02       		.uleb128 0x2
 356 002d 01       		.byte	0x1
 357 002e 08       		.byte	0x8
 358 002f C2000000 		.4byte	.LASF1
 359 0033 02       		.uleb128 0x2
 360 0034 02       		.byte	0x2
 361 0035 05       		.byte	0x5
 362 0036 EB010000 		.4byte	.LASF2
 363 003a 02       		.uleb128 0x2
 364 003b 02       		.byte	0x2
 365 003c 07       		.byte	0x7
 366 003d 0C010000 		.4byte	.LASF3
 367 0041 02       		.uleb128 0x2
 368 0042 04       		.byte	0x4
 369 0043 05       		.byte	0x5
 370 0044 FB010000 		.4byte	.LASF4
 371 0048 02       		.uleb128 0x2
 372 0049 04       		.byte	0x4
 373 004a 07       		.byte	0x7
 374 004b E7000000 		.4byte	.LASF5
 375 004f 02       		.uleb128 0x2
 376 0050 08       		.byte	0x8
 377 0051 05       		.byte	0x5
 378 0052 D8010000 		.4byte	.LASF6
 379 0056 02       		.uleb128 0x2
 380 0057 08       		.byte	0x8
 381 0058 07       		.byte	0x7
ARM GAS  C:\Users\info\AppData\Local\Temp\cc3Eq7tl.s 			page 20


 382 0059 BC010000 		.4byte	.LASF7
 383 005d 03       		.uleb128 0x3
 384 005e 04       		.byte	0x4
 385 005f 05       		.byte	0x5
 386 0060 696E7400 		.ascii	"int\000"
 387 0064 02       		.uleb128 0x2
 388 0065 04       		.byte	0x4
 389 0066 07       		.byte	0x7
 390 0067 45010000 		.4byte	.LASF8
 391 006b 04       		.uleb128 0x4
 392 006c F5010000 		.4byte	.LASF12
 393 0070 02       		.byte	0x2
 394 0071 E401     		.2byte	0x1e4
 395 0073 2C000000 		.4byte	0x2c
 396 0077 02       		.uleb128 0x2
 397 0078 04       		.byte	0x4
 398 0079 04       		.byte	0x4
 399 007a BC000000 		.4byte	.LASF9
 400 007e 02       		.uleb128 0x2
 401 007f 08       		.byte	0x8
 402 0080 04       		.byte	0x4
 403 0081 1F010000 		.4byte	.LASF10
 404 0085 02       		.uleb128 0x2
 405 0086 01       		.byte	0x1
 406 0087 08       		.byte	0x8
 407 0088 E6010000 		.4byte	.LASF11
 408 008c 04       		.uleb128 0x4
 409 008d D0000000 		.4byte	.LASF13
 410 0091 02       		.byte	0x2
 411 0092 8E02     		.2byte	0x28e
 412 0094 98000000 		.4byte	0x98
 413 0098 05       		.uleb128 0x5
 414 0099 6B000000 		.4byte	0x6b
 415 009d 06       		.uleb128 0x6
 416 009e B0000000 		.4byte	.LASF14
 417 00a2 01       		.byte	0x1
 418 00a3 39       		.byte	0x39
 419 00a4 00000000 		.4byte	.LFB0
 420 00a8 18000000 		.4byte	.LFE0-.LFB0
 421 00ac 01       		.uleb128 0x1
 422 00ad 9C       		.byte	0x9c
 423 00ae CF000000 		.4byte	0xcf
 424 00b2 07       		.uleb128 0x7
 425 00b3 00000000 		.4byte	.LASF16
 426 00b7 01       		.byte	0x1
 427 00b8 39       		.byte	0x39
 428 00b9 6B000000 		.4byte	0x6b
 429 00bd 00000000 		.4byte	.LLST0
 430 00c1 08       		.uleb128 0x8
 431 00c2 11000000 		.4byte	.LASF23
 432 00c6 01       		.byte	0x1
 433 00c7 3B       		.byte	0x3b
 434 00c8 6B000000 		.4byte	0x6b
 435 00cc 01       		.uleb128 0x1
 436 00cd 53       		.byte	0x53
 437 00ce 00       		.byte	0
 438 00cf 06       		.uleb128 0x6
ARM GAS  C:\Users\info\AppData\Local\Temp\cc3Eq7tl.s 			page 21


 439 00d0 F9000000 		.4byte	.LASF15
 440 00d4 01       		.byte	0x1
 441 00d5 5A       		.byte	0x5a
 442 00d6 00000000 		.4byte	.LFB1
 443 00da 18000000 		.4byte	.LFE1-.LFB1
 444 00de 01       		.uleb128 0x1
 445 00df 9C       		.byte	0x9c
 446 00e0 F4000000 		.4byte	0xf4
 447 00e4 07       		.uleb128 0x7
 448 00e5 D3010000 		.4byte	.LASF17
 449 00e9 01       		.byte	0x1
 450 00ea 5A       		.byte	0x5a
 451 00eb 6B000000 		.4byte	0x6b
 452 00ef 21000000 		.4byte	.LLST1
 453 00f3 00       		.byte	0
 454 00f4 09       		.uleb128 0x9
 455 00f5 06000000 		.4byte	.LASF18
 456 00f9 01       		.byte	0x1
 457 00fa 71       		.byte	0x71
 458 00fb 6B000000 		.4byte	0x6b
 459 00ff 00000000 		.4byte	.LFB2
 460 0103 10000000 		.4byte	.LFE2-.LFB2
 461 0107 01       		.uleb128 0x1
 462 0108 9C       		.byte	0x9c
 463 0109 09       		.uleb128 0x9
 464 010a D5000000 		.4byte	.LASF19
 465 010e 01       		.byte	0x1
 466 010f 8D       		.byte	0x8d
 467 0110 6B000000 		.4byte	0x6b
 468 0114 00000000 		.4byte	.LFB3
 469 0118 10000000 		.4byte	.LFE3-.LFB3
 470 011c 01       		.uleb128 0x1
 471 011d 9C       		.byte	0x9c
 472 011e 00       		.byte	0
 473              		.section	.debug_abbrev,"",%progbits
 474              	.Ldebug_abbrev0:
 475 0000 01       		.uleb128 0x1
 476 0001 11       		.uleb128 0x11
 477 0002 01       		.byte	0x1
 478 0003 25       		.uleb128 0x25
 479 0004 0E       		.uleb128 0xe
 480 0005 13       		.uleb128 0x13
 481 0006 0B       		.uleb128 0xb
 482 0007 03       		.uleb128 0x3
 483 0008 0E       		.uleb128 0xe
 484 0009 1B       		.uleb128 0x1b
 485 000a 0E       		.uleb128 0xe
 486 000b 55       		.uleb128 0x55
 487 000c 17       		.uleb128 0x17
 488 000d 11       		.uleb128 0x11
 489 000e 01       		.uleb128 0x1
 490 000f 10       		.uleb128 0x10
 491 0010 17       		.uleb128 0x17
 492 0011 00       		.byte	0
 493 0012 00       		.byte	0
 494 0013 02       		.uleb128 0x2
 495 0014 24       		.uleb128 0x24
ARM GAS  C:\Users\info\AppData\Local\Temp\cc3Eq7tl.s 			page 22


 496 0015 00       		.byte	0
 497 0016 0B       		.uleb128 0xb
 498 0017 0B       		.uleb128 0xb
 499 0018 3E       		.uleb128 0x3e
 500 0019 0B       		.uleb128 0xb
 501 001a 03       		.uleb128 0x3
 502 001b 0E       		.uleb128 0xe
 503 001c 00       		.byte	0
 504 001d 00       		.byte	0
 505 001e 03       		.uleb128 0x3
 506 001f 24       		.uleb128 0x24
 507 0020 00       		.byte	0
 508 0021 0B       		.uleb128 0xb
 509 0022 0B       		.uleb128 0xb
 510 0023 3E       		.uleb128 0x3e
 511 0024 0B       		.uleb128 0xb
 512 0025 03       		.uleb128 0x3
 513 0026 08       		.uleb128 0x8
 514 0027 00       		.byte	0
 515 0028 00       		.byte	0
 516 0029 04       		.uleb128 0x4
 517 002a 16       		.uleb128 0x16
 518 002b 00       		.byte	0
 519 002c 03       		.uleb128 0x3
 520 002d 0E       		.uleb128 0xe
 521 002e 3A       		.uleb128 0x3a
 522 002f 0B       		.uleb128 0xb
 523 0030 3B       		.uleb128 0x3b
 524 0031 05       		.uleb128 0x5
 525 0032 49       		.uleb128 0x49
 526 0033 13       		.uleb128 0x13
 527 0034 00       		.byte	0
 528 0035 00       		.byte	0
 529 0036 05       		.uleb128 0x5
 530 0037 35       		.uleb128 0x35
 531 0038 00       		.byte	0
 532 0039 49       		.uleb128 0x49
 533 003a 13       		.uleb128 0x13
 534 003b 00       		.byte	0
 535 003c 00       		.byte	0
 536 003d 06       		.uleb128 0x6
 537 003e 2E       		.uleb128 0x2e
 538 003f 01       		.byte	0x1
 539 0040 3F       		.uleb128 0x3f
 540 0041 19       		.uleb128 0x19
 541 0042 03       		.uleb128 0x3
 542 0043 0E       		.uleb128 0xe
 543 0044 3A       		.uleb128 0x3a
 544 0045 0B       		.uleb128 0xb
 545 0046 3B       		.uleb128 0x3b
 546 0047 0B       		.uleb128 0xb
 547 0048 27       		.uleb128 0x27
 548 0049 19       		.uleb128 0x19
 549 004a 11       		.uleb128 0x11
 550 004b 01       		.uleb128 0x1
 551 004c 12       		.uleb128 0x12
 552 004d 06       		.uleb128 0x6
ARM GAS  C:\Users\info\AppData\Local\Temp\cc3Eq7tl.s 			page 23


 553 004e 40       		.uleb128 0x40
 554 004f 18       		.uleb128 0x18
 555 0050 9742     		.uleb128 0x2117
 556 0052 19       		.uleb128 0x19
 557 0053 01       		.uleb128 0x1
 558 0054 13       		.uleb128 0x13
 559 0055 00       		.byte	0
 560 0056 00       		.byte	0
 561 0057 07       		.uleb128 0x7
 562 0058 05       		.uleb128 0x5
 563 0059 00       		.byte	0
 564 005a 03       		.uleb128 0x3
 565 005b 0E       		.uleb128 0xe
 566 005c 3A       		.uleb128 0x3a
 567 005d 0B       		.uleb128 0xb
 568 005e 3B       		.uleb128 0x3b
 569 005f 0B       		.uleb128 0xb
 570 0060 49       		.uleb128 0x49
 571 0061 13       		.uleb128 0x13
 572 0062 02       		.uleb128 0x2
 573 0063 17       		.uleb128 0x17
 574 0064 00       		.byte	0
 575 0065 00       		.byte	0
 576 0066 08       		.uleb128 0x8
 577 0067 34       		.uleb128 0x34
 578 0068 00       		.byte	0
 579 0069 03       		.uleb128 0x3
 580 006a 0E       		.uleb128 0xe
 581 006b 3A       		.uleb128 0x3a
 582 006c 0B       		.uleb128 0xb
 583 006d 3B       		.uleb128 0x3b
 584 006e 0B       		.uleb128 0xb
 585 006f 49       		.uleb128 0x49
 586 0070 13       		.uleb128 0x13
 587 0071 02       		.uleb128 0x2
 588 0072 18       		.uleb128 0x18
 589 0073 00       		.byte	0
 590 0074 00       		.byte	0
 591 0075 09       		.uleb128 0x9
 592 0076 2E       		.uleb128 0x2e
 593 0077 00       		.byte	0
 594 0078 3F       		.uleb128 0x3f
 595 0079 19       		.uleb128 0x19
 596 007a 03       		.uleb128 0x3
 597 007b 0E       		.uleb128 0xe
 598 007c 3A       		.uleb128 0x3a
 599 007d 0B       		.uleb128 0xb
 600 007e 3B       		.uleb128 0x3b
 601 007f 0B       		.uleb128 0xb
 602 0080 27       		.uleb128 0x27
 603 0081 19       		.uleb128 0x19
 604 0082 49       		.uleb128 0x49
 605 0083 13       		.uleb128 0x13
 606 0084 11       		.uleb128 0x11
 607 0085 01       		.uleb128 0x1
 608 0086 12       		.uleb128 0x12
 609 0087 06       		.uleb128 0x6
ARM GAS  C:\Users\info\AppData\Local\Temp\cc3Eq7tl.s 			page 24


 610 0088 40       		.uleb128 0x40
 611 0089 18       		.uleb128 0x18
 612 008a 9742     		.uleb128 0x2117
 613 008c 19       		.uleb128 0x19
 614 008d 00       		.byte	0
 615 008e 00       		.byte	0
 616 008f 00       		.byte	0
 617              		.section	.debug_loc,"",%progbits
 618              	.Ldebug_loc0:
 619              	.LLST0:
 620 0000 00000000 		.4byte	.LVL0
 621 0004 0A000000 		.4byte	.LVL2
 622 0008 0100     		.2byte	0x1
 623 000a 50       		.byte	0x50
 624 000b 0A000000 		.4byte	.LVL2
 625 000f 18000000 		.4byte	.LFE0
 626 0013 0400     		.2byte	0x4
 627 0015 F3       		.byte	0xf3
 628 0016 01       		.uleb128 0x1
 629 0017 50       		.byte	0x50
 630 0018 9F       		.byte	0x9f
 631 0019 00000000 		.4byte	0
 632 001d 00000000 		.4byte	0
 633              	.LLST1:
 634 0021 00000000 		.4byte	.LVL3
 635 0025 0C000000 		.4byte	.LVL4
 636 0029 0100     		.2byte	0x1
 637 002b 50       		.byte	0x50
 638 002c 0C000000 		.4byte	.LVL4
 639 0030 18000000 		.4byte	.LFE1
 640 0034 0400     		.2byte	0x4
 641 0036 F3       		.byte	0xf3
 642 0037 01       		.uleb128 0x1
 643 0038 50       		.byte	0x50
 644 0039 9F       		.byte	0x9f
 645 003a 00000000 		.4byte	0
 646 003e 00000000 		.4byte	0
 647              		.section	.debug_aranges,"",%progbits
 648 0000 34000000 		.4byte	0x34
 649 0004 0200     		.2byte	0x2
 650 0006 00000000 		.4byte	.Ldebug_info0
 651 000a 04       		.byte	0x4
 652 000b 00       		.byte	0
 653 000c 0000     		.2byte	0
 654 000e 0000     		.2byte	0
 655 0010 00000000 		.4byte	.LFB0
 656 0014 18000000 		.4byte	.LFE0-.LFB0
 657 0018 00000000 		.4byte	.LFB1
 658 001c 18000000 		.4byte	.LFE1-.LFB1
 659 0020 00000000 		.4byte	.LFB2
 660 0024 10000000 		.4byte	.LFE2-.LFB2
 661 0028 00000000 		.4byte	.LFB3
 662 002c 10000000 		.4byte	.LFE3-.LFB3
 663 0030 00000000 		.4byte	0
 664 0034 00000000 		.4byte	0
 665              		.section	.debug_ranges,"",%progbits
 666              	.Ldebug_ranges0:
ARM GAS  C:\Users\info\AppData\Local\Temp\cc3Eq7tl.s 			page 25


 667 0000 00000000 		.4byte	.LFB0
 668 0004 18000000 		.4byte	.LFE0
 669 0008 00000000 		.4byte	.LFB1
 670 000c 18000000 		.4byte	.LFE1
 671 0010 00000000 		.4byte	.LFB2
 672 0014 10000000 		.4byte	.LFE2
 673 0018 00000000 		.4byte	.LFB3
 674 001c 10000000 		.4byte	.LFE3
 675 0020 00000000 		.4byte	0
 676 0024 00000000 		.4byte	0
 677              		.section	.debug_line,"",%progbits
 678              	.Ldebug_line0:
 679 0000 8E000000 		.section	.debug_str,"MS",%progbits,1
 679      02004200 
 679      00000201 
 679      FB0E0D00 
 679      01010101 
 680              	.LASF16:
 681 0000 76616C75 		.ascii	"value\000"
 681      6500
 682              	.LASF18:
 683 0006 436F6C5F 		.ascii	"Col_1_Read\000"
 683      315F5265 
 683      616400
 684              	.LASF23:
 685 0011 73746174 		.ascii	"staticBits\000"
 685      69634269 
 685      747300
 686              	.LASF20:
 687 001c 474E5520 		.ascii	"GNU C11 5.4.1 20160609 (release) [ARM/embedded-5-br"
 687      43313120 
 687      352E342E 
 687      31203230 
 687      31363036 
 688 004f 616E6368 		.ascii	"anch revision 237715] -mcpu=cortex-m3 -mthumb -g -O"
 688      20726576 
 688      6973696F 
 688      6E203233 
 688      37373135 
 689 0082 67202D66 		.ascii	"g -ffunction-sections -ffat-lto-objects -flto\000"
 689      66756E63 
 689      74696F6E 
 689      2D736563 
 689      74696F6E 
 690              	.LASF14:
 691 00b0 436F6C5F 		.ascii	"Col_1_Write\000"
 691      315F5772 
 691      69746500 
 692              	.LASF9:
 693 00bc 666C6F61 		.ascii	"float\000"
 693      7400
 694              	.LASF1:
 695 00c2 756E7369 		.ascii	"unsigned char\000"
 695      676E6564 
 695      20636861 
 695      7200
 696              	.LASF13:
ARM GAS  C:\Users\info\AppData\Local\Temp\cc3Eq7tl.s 			page 26


 697 00d0 72656738 		.ascii	"reg8\000"
 697      00
 698              	.LASF19:
 699 00d5 436F6C5F 		.ascii	"Col_1_ReadDataReg\000"
 699      315F5265 
 699      61644461 
 699      74615265 
 699      6700
 700              	.LASF5:
 701 00e7 6C6F6E67 		.ascii	"long unsigned int\000"
 701      20756E73 
 701      69676E65 
 701      6420696E 
 701      7400
 702              	.LASF15:
 703 00f9 436F6C5F 		.ascii	"Col_1_SetDriveMode\000"
 703      315F5365 
 703      74447269 
 703      76654D6F 
 703      646500
 704              	.LASF3:
 705 010c 73686F72 		.ascii	"short unsigned int\000"
 705      7420756E 
 705      7369676E 
 705      65642069 
 705      6E7400
 706              	.LASF10:
 707 011f 646F7562 		.ascii	"double\000"
 707      6C6500
 708              	.LASF21:
 709 0126 47656E65 		.ascii	"Generated_Source\\PSoC5\\Col_1.c\000"
 709      72617465 
 709      645F536F 
 709      75726365 
 709      5C50536F 
 710              	.LASF8:
 711 0145 756E7369 		.ascii	"unsigned int\000"
 711      676E6564 
 711      20696E74 
 711      00
 712              	.LASF22:
 713 0152 433A5C55 		.ascii	"C:\\Users\\info\\Desktop\\Spring 2019 Classes\\6.11"
 713      73657273 
 713      5C696E66 
 713      6F5C4465 
 713      736B746F 
 714 0180 355C362E 		.ascii	"5\\6.115-final\\PSoCCreator\\Final Project\\FinalEm"
 714      3131352D 
 714      66696E61 
 714      6C5C5053 
 714      6F434372 
 715 01af 756C6174 		.ascii	"ulator.cydsn\000"
 715      6F722E63 
 715      7964736E 
 715      00
 716              	.LASF7:
 717 01bc 6C6F6E67 		.ascii	"long long unsigned int\000"
ARM GAS  C:\Users\info\AppData\Local\Temp\cc3Eq7tl.s 			page 27


 717      206C6F6E 
 717      6720756E 
 717      7369676E 
 717      65642069 
 718              	.LASF17:
 719 01d3 6D6F6465 		.ascii	"mode\000"
 719      00
 720              	.LASF6:
 721 01d8 6C6F6E67 		.ascii	"long long int\000"
 721      206C6F6E 
 721      6720696E 
 721      7400
 722              	.LASF11:
 723 01e6 63686172 		.ascii	"char\000"
 723      00
 724              	.LASF2:
 725 01eb 73686F72 		.ascii	"short int\000"
 725      7420696E 
 725      7400
 726              	.LASF12:
 727 01f5 75696E74 		.ascii	"uint8\000"
 727      3800
 728              	.LASF4:
 729 01fb 6C6F6E67 		.ascii	"long int\000"
 729      20696E74 
 729      00
 730              	.LASF0:
 731 0204 7369676E 		.ascii	"signed char\000"
 731      65642063 
 731      68617200 
 732              		.comm	__gnu_lto_v1,1,1
 733              		.ident	"GCC: (GNU Tools for ARM Embedded Processors) 5.4.1 20160609 (release) [ARM/embedded-5-bran
