ARM GAS  C:\Users\info\AppData\Local\Temp\cc1TAbks.s 			page 1


   1              		.syntax unified
   2              		.cpu cortex-m3
   3              		.fpu softvfp
   4              		.eabi_attribute 20, 1
   5              		.eabi_attribute 21, 1
   6              		.eabi_attribute 23, 3
   7              		.eabi_attribute 24, 1
   8              		.eabi_attribute 25, 1
   9              		.eabi_attribute 26, 1
  10              		.eabi_attribute 30, 1
  11              		.eabi_attribute 34, 1
  12              		.eabi_attribute 18, 4
  13              		.thumb
  14              		.syntax unified
  15              		.file	"Col_2.c"
  16              		.text
  17              	.Ltext0:
  18              		.section	.gnu.lto_.profile.792a05c1,"",%progbits
  19 0000 789C6361 		.ascii	"x\234ca`d`a`\000\222\222\242\000\000\261\0009"
  19      60646061 
  19      60009292 
  19      A20000B1 
  19      0039
  20              		.text
  21              		.section	.gnu.lto_.inline.792a05c1,"",%progbits
  22 0000 789C6361 		.ascii	"x\234ca`d\000\001?\006\004`a`\340\344`d`\342y\020\313"
  22      60640001 
  22      3F060460 
  22      6160E0E4 
  22      606460E2 
  23 0017 C0B6409E 		.ascii	"\300\266@\236\011$\306\310\300\301\016\024\342\232\340"
  23      0924C6C8 
  23      C0C10E14 
  23      E29AE0
  24 0026 07176262 		.ascii	"\007\027bb`c\005\012\261}\320\203\0131c\0121\000\000"
  24      6063050A 
  24      B17DD083 
  24      0B31630A 
  24      310000
  25 0039 537C0835 		.ascii	"S|\0105"
  26              		.text
  27              		.section	.gnu.lto_.jmpfuncs.792a05c1,"",%progbits
  28 0000 789C6361 		.ascii	"x\234ca`d\000\001>\006\004`\001b\240(\023\003\0033\220"
  28      60640001 
  28      3E060460 
  28      0162A028 
  28      13030333 
  29 0015 05000292 		.ascii	"\005\000\002\222\000\036"
  29      001E
  30              		.text
  31              		.section	.gnu.lto_.pureconst.792a05c1,"",%progbits
  32 0000 789C6361 		.ascii	"x\234ca`d\340d```a\220b\224b\222b\226\002\000\002\261"
  32      6064E064 
  32      60606061 
  32      90629462 
  32      92629602 
  33 0017 0081     		.ascii	"\000\201"
ARM GAS  C:\Users\info\AppData\Local\Temp\cc1TAbks.s 			page 2


  34              		.text
  35              		.section	.gnu.lto_Col_2_Write.792a05c1,"",%progbits
  36 0000 789C5551 		.ascii	"x\234UQMKTa\024>\317\373\336\017\277\012\367\016(\202"
  36      4D4B5461 
  36      143ECFFB 
  36      DE0FBF0A 
  36      F70E2882 
  37 0014 982D248C 		.ascii	"\230-$\214\376@.\332Jn\007d\030\357B\260\006tl\353{"
  37      FE402EDA 
  37      4A6E0764 
  37      18EF42B0 
  37      06746CEB 
  38 0029 9D0FC195 		.ascii	"\235\017\301\225\233\024A\023&\304\257\322\321VQ\213"
  38      9B144113 
  38      26C4AFD2 
  38      D156518B 
  39 0039 CB5D1614 		.ascii	"\313]\026\024\201\233>\010qq\205\0265\222C\222\326t"
  39      819B3E08 
  39      71718516 
  39      35924392 
  39      D674
  40 004b CEBD2EF2 		.ascii	"\316\275.\362\300\373q\317}\236\347<\347\274\026\201"
  40      C0FB71CF 
  40      7D9EE73C 
  40      E7BC1681 
  41 005b 246E2AA2 		.ascii	"$n*\242\001>;xA\023\324\374;\"\277I\001r1M\240i\205"
  41      013E3B78 
  41      4113D4FC 
  41      3B22BF49 
  41      0172314D 
  42 0072 69D4D51F 		.ascii	"i\324\325\037\205p6z\251\372\326\015\307\341\332\023"
  42      8570367A 
  42      A9FAD60D 
  42      C7E1DA13 
  43 0082 6D360294 		.ascii	"m6\002\2244QC\305J\204u\3641\352\370\365\354\001t7\210"
  43      345143C5 
  43      4A8475F4 
  43      31EAF8F5 
  43      EC017437 
  44 0097 EFE5B05E 		.ascii	"\357\345\260^k\355]3f\306\230\223\264\321%\015l@3\003"
  44      6BED5D33 
  44      66C69893 
  44      B4D1250D 
  44      6C403303 
  45 00ab B753B895 		.ascii	"\267S\270\225\"N\0206\321+\340\263O\007;\327\365\215"
  45      224E1036 
  45      D12BE0B3 
  45      4F073BD7 
  45      F58D
  46 00bd 98386FA2 		.ascii	"\2308o\242J[\317S!\006\277\036,\232\300\357\022\356"
  46      4A5BCF53 
  46      2106BF1E 
  46      2C9AC0EF 
  46      12EE
  47 00cf D6FF5C09 		.ascii	"\326\377\\\011\206\036\355\375}|\315)\212\253.l\243"
  47      861EEDFD 
  47      7D7CCD29 
ARM GAS  C:\Users\info\AppData\Local\Temp\cc1TAbks.s 			page 3


  47      8AAB2E6C 
  47      A3
  48 00e0 27F18367 		.ascii	"'\361\203gp\270CHf\367~`\032\215\202\011\352v]7+.\252"
  48      70B84348 
  48      66F77E60 
  48      1A8D8209 
  48      EA765D37 
  49 00f7 B853FE61 		.ascii	"\270S\376aAj\333\222pdse#\252\361\222\356O\224\222S"
  49      416ADB92 
  49      70647365 
  49      23AAF192 
  49      EE4F9492 
  50 010c 47087FCF 		.ascii	"G\010\177\317}]tE\263\240e\022\013\245\360\275{\252"
  50      7D5D7445 
  50      B3A06512 
  50      0BA5F0BD 
  50      7BAA
  51 011e 4A5AC76E 		.ascii	"JZ\307n?~^\372\356$\237\325\212o,N\035\316-\237\273"
  51      3F7E5EFA 
  51      EE249FD5 
  51      8A6F2C4E 
  51      1DCE2D9F 
  52 0133 AB58F18B 		.ascii	"\253X\361\213<#\013;H\3419\3303v\261\012\212P\270(\177"
  52      3C230B3B 
  52      48E139D8 
  52      3376B10A 
  52      8A50B828 
  53 0148 4122A813 		.ascii	"A\"\250\023\315\312\233\225\260ED\200\037@\225\301G"
  53      CDCA9B95 
  53      B0454480 
  53      1F4095C1 
  53      47
  54 0159 50711BEC 		.ascii	"Pq\033\354\224QB\252\225\243\343K\033vAK\235\017\305"
  54      945142AA 
  54      95A3E34B 
  54      1B76414B 
  54      9D0FC5
  55 016c EAB21696 		.ascii	"\352\262\026\226\015\013{L\212\245O/\245\005\307\240"
  55      0D0B7B4C 
  55      8AA54F2F 
  55      A505C7A0 
  56 017c 573F2FDE 		.ascii	"W?/\336*\001Yh\307~\002:s\022\210\033\033p8\025.\304"
  56      2A015968 
  56      C77E023A 
  56      7312881B 
  56      1B703815 
  57 0192 AC2BE67D 		.ascii	"\254+\346}cZ\257\372\177\301\376\231E\3370\023\234\333"
  57      635AAFFA 
  57      7FC1FE99 
  57      45DF3013 
  57      9CDB
  58 01a4 42881FA2 		.ascii	"B\210\037\242\246 \263\342\311u\336\363\036z\023\231"
  58      A620B3E2 
  58      C975DEF3 
  58      1E7A1399 
  59 01b4 BC373A32 		.ascii	"\2747:2\234\233\232\310z\351\241\341\334\340\235\364"
  59      9C9B9AC8 
ARM GAS  C:\Users\info\AppData\Local\Temp\cc1TAbks.s 			page 4


  59      7AE9A1E1 
  59      DCE09DF4 
  60 01c4 606E7C64 		.ascii	"`n|d\240?K\366\243\314\370\224\3272\231\317\344\307"
  60      A03F4BF6 
  60      A3CCF894 
  60      D73299CF 
  60      E4C7
  61 01d6 B277C7F2 		.ascii	"\262w\307\362\223\377\000\352\332\302\335"
  61      93FF00EA 
  61      DAC2DD
  62              		.text
  63              		.section	.gnu.lto_Col_2_SetDriveMode.792a05c1,"",%progbits
  64 0000 789C7D51 		.ascii	"x\234}QM+DQ\030~\237s\356\334;\223\314\0370E\026d#\221"
  64      4D2B4451 
  64      187E9F73 
  64      EEDC3B93 
  64      CC1F3045 
  65 0018 5FA0D8CA 		.ascii	"_\240\330\312l\247$\356\016\023\261vf\306\244\260P\242"
  65      6CA724EE 
  65      0E13B176 
  65      66C6A4B0 
  65      50A2
  66 002a 84D8C8F7 		.ascii	"\204\330\310\367WV\026jL\261\244,,,\220\305$E\343+\362"
  66      5756166A 
  66      4CB1A42C 
  66      2C2C90C5 
  66      2445E32B 
  67 003f 35DEF75E 		.ascii	"5\336\367^\213Y9\335\363~<=\317\323\373\236k\021H\316"
  67      8B5939DD 
  67      F37E3C3D 
  67      CFD3FB9E 
  67      6B1148CE 
  68 0053 2DA72ACE 		.ascii	"-\247*\316e|\241\011j\342\204(\021T\200\024&\010\032"
  68      657CA109 
  68      6AE28428 
  68      11548014 
  68      26081A
  69 0066 5218C2AB 		.ascii	"R\030\302\253\372V\310\216\344\366U\315\262\341s}\364"
  69      FA56C88E 
  69      E4F655CD 
  69      B2E1737D 
  69      F4
  70 0077 50675632 		.ascii	"PgV2Hk\242\202\362\234\010\313\250a\326\363\336\322"
  70      486BA282 
  70      F29C08CB 
  70      A861D6F3 
  70      DED2
  71 0089 6489AE04 		.ascii	"d\211\256\004q\375x\222\277\014W/\031\2234\246\0203"
  71      71FD7892 
  71      BF0C572F 
  71      199334A6 
  71      1033
  72 009b 3AAD8115 		.ascii	":\255\201\025hV\240!\202\272\0101@XE\265\220ov\177\246"
  72      6856A021 
  72      82BA0831 
  72      405845B5 
  72      906F767F 
ARM GAS  C:\Users\info\AppData\Local\Temp\cc1TAbks.s 			page 5


  73 00b0 4AED61B1 		.ascii	"J\355a\261\257\360M\261\006[\306\334n\313\230B!e2o\366"
  73      AFF04DB1 
  73      065BC6DC 
  73      6ECB9842 
  73      2165326F 
  74 00c5 E1875DA2 		.ascii	"\341\207]\242X\2464\007mI\010@\034l)\035\011A\011!\341"
  74      58A63407 
  74      6D490840 
  74      1C6C291D 
  74      09410921 
  75 00da 10E5F9CA 		.ascii	"\020\345\371\312\"\217JI\3269d?Fs\263\2268\247\264,"
  75      228F4A49 
  75      D639643F 
  75      4673B396 
  75      38A7B42C 
  76 00ee 359DCE9E 		.ascii	"5\235\316\236:/*\255-o\342\347\263\231\203\260\337\316"
  76      3A2F2AAD 
  76      2D6FE2E7 
  76      B39983B0 
  76      DFCE
  77 0100 2D268CC5 		.ascii	"-&\214\305\320\370\325\354\221Z\300|b\230\327\015`\003"
  77      D0F8D5EC 
  77      915AC07C 
  77      6298D70D 
  77      6003
  78 0112 11AC23C2 		.ascii	"\021\254#\302\323mb\001\224C\362\311\361\3554;r\237"
  78      D36D6201 
  78      9443F2C9 
  78      F1ED343B 
  78      729F
  79 0124 FAB2FDDE 		.ascii	"\372\262\375\336b\210\365\027\307c\337!\261\324\350"
  79      6288F517 
  79      C763DF21 
  79      B1D4E8
  80 0133 C3162B8B 		.ascii	"\303\026+\213$\374\005\212%\016C,\271?_\337\320\276"
  80      24FC058A 
  80      250E432C 
  80      B93F5FDF 
  80      D0BE
  81 0145 248C6D4F 		.ascii	"$\214mO\222z\377\243\004=c\247\330%\304(\367\331iH\377"
  81      927AFFA3 
  81      043D63A7 
  81      D825C428 
  81      F7D96948 
  82 015a DFC83B3C 		.ascii	"\337\310;<2\363\351\016\311\314g\263\260\275_\227W\220"
  82      32F3E90E 
  82      C9CC67B3 
  82      B0BD5F97 
  82      5790
  83 016c E7E1C72A 		.ascii	"\347\341\307*oq{\335\376\216\001\267\253=\032\037\354"
  83      6F717BDD 
  83      FE8E01B7 
  83      AB3D1A1F 
  83      EC
  84 017d EF7463AD 		.ascii	"\357tc\255\321xSc\254)\336\335^_\333IVO\274\313\375"
  84      D1785363 
  84      AC29DEDD 
ARM GAS  C:\Users\info\AppData\Local\Temp\cc1TAbks.s 			page 6


  84      5E5FDB49 
  84      564FBCCB 
  85 0192 052E1EA5 		.ascii	"\005.\036\245S"
  85      53
  86              		.text
  87              		.section	.gnu.lto_Col_2_Read.792a05c1,"",%progbits
  88 0000 789C354F 		.ascii	"x\2345O\315K\002Q\020\237\337{\353\256\024E\367\204"
  88      CD4B0251 
  88      109FDF7B 
  88      EBAE1445 
  88      F784
  89 0012 EAE825A2 		.ascii	"\352\350%\242\010\242\253P\327H\350$H\330\336\"A\352"
  89      08A2AB50 
  89      D748E824 
  89      48D8DE22 
  89      41EA
  90 0024 ECAEEB16 		.ascii	"\354\256\353\026D\207.\325%\023\202\320\276(\377\003"
  90      44872ED5 
  90      251382D0 
  90      BE28FF03 
  91 0034 F3141445 		.ascii	"\363\024\024EE\020\024\022!\006\235L\214@*\233\347\326"
  91      45101412 
  91      21069D4C 
  91      8C402A9B 
  91      E7D6
  92 0046 C09B796F 		.ascii	"\300\233yo\336\357cF#\220\212\031.\003\\{\371@\022\304"
  92      DEEF6346 
  92      23908A19 
  92      2E035C7B 
  92      F94012C4 
  93 005a FA1591ED 		.ascii	"\372\025\221\355\027\200\272X~PR \211\017\361-p\361"
  93      1780BA58 
  93      7E505220 
  93      890FF12D 
  93      70F1
  94 006c 79BED611 		.ascii	"y\276\326\021\314YV\312z\336k\216m\345\213p%QK\020F"
  94      CC5956CA 
  94      7ADE6B8E 
  94      6DE58B70 
  94      25514B10 
  95 0081 02180A28 		.ascii	"\002\030\012(\211\034\202\304\320\227\302\317F\227\236"
  95      891C82C4 
  95      D097C2CF 
  95      46979E
  96 0090 B638FA15 		.ascii	"\2668\372\025\200\177\362\320\225\345\311t\321j\265"
  96      807FF2D0 
  96      95E5C974 
  96      D16AB5
  97 009f 1CAB786F 		.ascii	"\034\253xo\234=\030\006\310\225\354\313I\343$|*\351"
  97      9C3D1806 
  97      C895ECCB 
  97      49E3247C 
  97      2AE9
  98 00b1 A464A9C6 		.ascii	"\244d\251\30645\304\273\020\252\312*J\315\325\362\316"
  98      3435C4BB 
  98      10AACA2A 
  98      4ACDD5F2 
ARM GAS  C:\Users\info\AppData\Local\Temp\cc1TAbks.s 			page 7


  98      CE
  99 00c2 B85272A4 		.ascii	"\270Rr\244d\227M\267tm4\204+%\224i\352\265\374\330\351"
  99      64974DB7 
  99      746D3484 
  99      2B259469 
  99      EAB5FCD8 
 100 00d7 3D0BBBB6 		.ascii	"=\013\273\266\245q\313\265\357\236\272\263\310\330i"
 100      A571CBB5 
 100      EF9EBAB3 
 100      C8D869
 101 00e6 1E55C301 		.ascii	"\036U\303\001\002\330\007\017\212CdAU8_\023\344Hxr\267"
 101      02D8070F 
 101      8A436441 
 101      55385F13 
 101      E4487872 
 102 00fb B5CB4C9B 		.ascii	"\265\313L\233\017\364\340\210aU\244\352+\015\341\031"
 102      0FF4E088 
 102      6155A4EA 
 102      2B0DE119 
 103 010b 6A8C538C 		.ascii	"j\214S\214\372rE\363:>n2\355&}\272-\025M@\303\361?\255"
 103      FA7245F3 
 103      3A3E6E32 
 103      ED267DBA 
 103      2D154D40 
 104 0123 020FA470 		.ascii	"\002\017\244p\364\206?\021\235\332\213A-\304\353\365"
 104      F4863F11 
 104      9DDA8B41 
 104      2DC4EBF5 
 105 0133 4D9A0B66 		.ascii	"M\232\013fbv\321\234\213\206\343K\211\230\031\231\012"
 105      6276D19C 
 105      8B86E34B 
 105      89981999 
 105      0A
 106 0144 C743A391 		.ascii	"\307C\243\221P|>:<\030\243_\267\232z\277"
 106      507C3E3A 
 106      3C18A35F 
 106      B79A7ABF 
 107              		.text
 108              		.section	.gnu.lto_Col_2_ReadDataReg.792a05c1,"",%progbits
 109 0000 789C354F 		.ascii	"x\2345O\315KBA\020\237\337\356\363)F\320=\241:z\211"
 109      CD4B4241 
 109      109FDFEE 
 109      F32946D0 
 109      3DA13A7A 
 110 0015 283AD455 		.ascii	"(:\324U\250k$t\022$\354\335\"A\352\354\352\363\025H"
 110      A86B2474 
 110      1224ECDD 
 110      2241EAEC 
 110      EAF31548 
 111 0029 872E1581 		.ascii	"\207.\025\201!\004\241\366A\366\007\004\346)(\372\272"
 111      2104A1F6 
 111      41F60704 
 111      E62928FA 
 111      BA
 112 003a 451709F1 		.ascii	"E\027\011\361\320!L\214\240\017m\266W\003;\263;\373"
 112      D0214C8C 
 112      A00F6DB6 
ARM GAS  C:\Users\info\AppData\Local\Temp\cc1TAbks.s 			page 8


 112      57033BB3 
 112      3BFB
 113 004c FB983108 		.ascii	"\373\2301\010\244c\216\313\020\327~>\220\004\261qM\224"
 113      A4638ECB 
 113      10D77E3E 
 113      9004B171 
 113      4D94
 114 005e F209405F 		.ascii	"\362\011@_\224\017\224\024H\342M|\013\\\276_\254\373"
 114      940F9414 
 114      48E24D7C 
 114      0B5CBE5F 
 114      ACFB
 115 0070 8305A5D2 		.ascii	"\203\005\245\322\252\266_\230\330.V\340H\242\256 \214"
 115      AAB65F98 
 115      D82E56E0 
 115      48A2AE20 
 115      8C
 116 0081 053012D0 		.ascii	"\0050\022\320\022\005\004\211\241O\247\235\315^3\243"
 116      12050489 
 116      A14FA79D 
 116      CD5E33A3 
 117 0091 38063580 		.ascii	"8\0065\200\177\2120\265\345\311lEu\273\266\252\234\371"
 117      7F8A30B5 
 117      E5C96C45 
 117      75BBB6AA 
 117      9CF9
 118 00a3 CF6FFD5E 		.ascii	"\317o\375^\220#\331\227\223\301Ixt2I\313R\223iz\210"
 118      9023D997 
 118      93C14978 
 118      743249CB 
 118      5293697A 
 119 00b8 57217495 		.ascii	"W!t\225\015T?\262\235\322\244V\262\245d\227-\247z\343"
 119      0D543FB2 
 119      9DD2A456 
 119      B2A56497 
 119      2DA77AE3 
 120 00cc 6D0B474A 		.ascii	"m\013GJh\323\207\307\235\027\323}\226\367R\312\340V"
 120      68D387C7 
 120      9D17D37D 
 120      96F752CA 
 120      E056
 121 00de 2D9BFBF4 		.ascii	"-\233\373\364\346\261\233\312\360\250\006\016\020@\011"
 121      E6B19BCA 
 121      F0A8060E 
 121      104009
 122 00ed 3C280E91 		.ascii	"<(\016\221\0075`\177M\221-\341\312\3357\257v{4\037\350"
 122      0735607F 
 122      4D912DE1 
 122      CADD37AF 
 122      767B341F 
 123 0102 C311C31A 		.ascii	"\303\021\303\032H\267\326\332\30254\030\247\031\255"
 123      48B7D6DA 
 123      C2353418 
 123      A719AD
 124 0111 D5BAE176 		.ascii	"\325\272\341v<\334d\332]\246\234\223\232&`\340\370\237"
 124      3CDC64DA 
 124      5DA69C93 
ARM GAS  C:\Users\info\AppData\Local\Temp\cc1TAbks.s 			page 9


 124      9A2660E0 
 124      F89F
 125 0123 56870BD2 		.ascii	"V\207\013\3228z\306\237\210I\277\213A/\304\353\015L"
 125      387AC69F 
 125      8849BF8B 
 125      412FC4EB 
 125      0D4C
 126 0135 5B4B5662 		.ascii	"[KVb~\331Z\210\206\343+\211\230\025\231\011\307C\343"
 126      7ED95A88 
 126      86E32B89 
 126      98159909 
 126      C743E3
 127 0148 91507C31 		.ascii	"\221P|1::\034\243\037\223@z\326"
 127      3A3A1CA3 
 127      1F93407A 
 127      D6
 128              		.text
 129              		.section	.gnu.lto_.symbol_nodes.792a05c1,"",%progbits
 130 0000 789C6361 		.ascii	"x\234ca`dpc\000\002&\206z\006\206\011\347\030@\324\252"
 130      60647063 
 130      00022686 
 130      7A068609 
 130      E71840D4 
 131 0015 0645A000 		.ascii	"\006E\240\000c=#\252\000S=\023\252\000s=3\212\000\003"
 131      633D23AA 
 131      00533D13 
 131      AA00733D 
 131      338A0003 
 132 0029 001ED60E 		.ascii	"\000\036\326\016\374"
 132      FC
 133              		.text
 134              		.section	.gnu.lto_.refs.792a05c1,"",%progbits
 135 0000 789C6361 		.ascii	"x\234ca`\004B \000\000\0009\000\007"
 135      60044220 
 135      00000039 
 135      0007
 136              		.text
 137              		.section	.gnu.lto_.decls.792a05c1,"",%progbits
 138 0000 789C8D92 		.ascii	"x\234\215\222_HSQ\034\307\317\357\336\273\315\256\226"
 138      5F485351 
 138      1CC7CFEF 
 138      DEBBCDAE 
 138      96
 139 0011 25513E8C 		.ascii	"%Q>\2142\237|\222L\002\037\242\002%{)C\313^\2041\365"
 139      329F7C92 
 139      4C021FA2 
 139      02257B29 
 139      43CB5E84 
 140 0027 6242B858 		.ascii	"bB\270X3\360!8\271EZAJX(\221VP3\315\255t\346fk\353\217"
 140      33F02138 
 140      B9455A41 
 140      4A582891 
 140      565033CD 
 141 0042 09919008 		.ascii	"\011\221\220\010E\030(\231\017\332\250\211>$a\353w\316"
 141      45182899 
 141      0FDAA889 
 141      3E2461EB 
ARM GAS  C:\Users\info\AppData\Local\Temp\cc1TAbks.s 			page 10


 141      77CE
 142 0054 EEBCD75A 		.ascii	"\356\274\327Z\340\017\316=\277\3379\277\357\347\374"
 142      E00FCE3D 
 142      BFDF39BF 
 142      EFE7FC
 143 0063 CEEF1E89 		.ascii	"\316\357\036\211\000a\266O\"\344:\316f\014ch\006\364"
 143      0061B64F 
 143      22E43ACE 
 143      660C6368 
 143      06F4
 144 0075 CB8966B8 		.ascii	"\313\211f\270M\372q\370p\014\341\010\220\177\215\355"
 144      4DFA71F8 
 144      700CE108 
 144      907F8DED 
 145 0085 1B555D1F 		.ascii	"\033U]\037c\341\010\341\010\342(Qs@\315\373\333|I\264"
 145      63E108E1 
 145      08E22851 
 145      7340CDFB 
 145      DB7C49B4 
 146 0099 619D3EA1 		.ascii	"a\235>\241\365%\321\262z\014:]I\022\335P\022]`\035\272"
 146      F525D1B2 
 146      7A0C3A5D 
 146      4912DD50 
 146      125D601D 
 147 00ae 64F75C11 		.ascii	"d\367\\\021\300\371e\276+e\022>\001\020\340F\324>\022"
 147      C0F965BE 
 147      2B65123E 
 147      0110E046 
 147      D43E12
 148 00c1 B6A2CECC 		.ascii	"\266\242\316\314\201x $x\260JV\035\236\016D\340\371"
 148      81782024 
 148      78B04A56 
 148      1D9E0E44 
 148      E0F9
 149 00d3 A0DB5893 		.ascii	"\240\333X\223\307\377\0117m\011V-\221\011k\241\214\252"
 149      C7FF0937 
 149      6D09562D 
 149      91096BA1 
 149      8CAA
 150 00e5 85180B9A 		.ascii	"\205\030\013\232@\307S\253W\317\007\375\261\034-&.\355"
 150      40C753AB 
 150      57CF07FD 
 150      B11C2D26 
 150      2EED
 151 00f7 FB18BA97 		.ascii	"\373\030\272\227.\"\023\375\251e\367\241\334^\212\326"
 151      2E2213FD 
 151      A965F7A1 
 151      DC5E8AD6 
 152 0107 42A9B043 		.ascii	"B\251\260C\353\214\347\342\327\356\224%\001\3142\304"
 152      EB8CE7E2 
 152      D7EE9425 
 152      01CC32C4 
 153 0117 80C511FF 		.ascii	"\200\305\021\377\362\306x\314\266\333[g~\247\212\333"
 153      F2C678CC 
 153      B6DB5B67 
 153      7EA78ADB 
 154 0127 992F4CCC 		.ascii	"\231/L\314\364\314I\220#\337g\230\351_\336\375~J7C\037"
ARM GAS  C:\Users\info\AppData\Local\Temp\cc1TAbks.s 			page 11


 154      F4CC4990 
 154      23DF6798 
 154      E95FDEFD 
 154      7E4A3743 
 155 013c C8D00B22 		.ascii	"\310\320\013\"tC.\253\300,\343\267\211\322F\032\275"
 155      74432EAB 
 155      C02CE3B7 
 155      89D2461A 
 155      BD
 156 014d 4B8D9904 		.ascii	"K\215\231\004\362\315\260\333L\340\021\3440&\313\202"
 156      F2CDB0DB 
 156      4CE011E4 
 156      3026CB82 
 157 015d 1E30C343 		.ascii	"\0360\303C03\376\354\315\316oF\011\333\3159\225\022"
 157      3033FEEC 
 157      CDCE6F46 
 157      09DBCD39 
 157      9512
 158 016f 5B1B7779 		.ascii	"[\033wyo\211XB\206\014\022\206\013c\0353\2330\334*C"
 158      6F895842 
 158      860C1286 
 158      0B631D33 
 158      9B30DC2A 
 159 0184 1686BD81 		.ascii	"\026\206\275\201\317\021c\346\015~\025'\315\222\240"
 159      CF1163E6 
 159      0D7E1527 
 159      CD92A0
 160 0193 7C1B3C46 		.ascii	"|\033<F\240\027\201\004\236@&~= \305o\327\034sE\015"
 160      A0178104 
 160      9E40267E 
 160      3D20C56F 
 160      D71C7345 
 161 01a8 D95DB4CB 		.ascii	"\331]\264\313K\247c\263\371\3554\354B\235\300\322\300"
 161      4BA763B3 
 161      F9ED34EC 
 161      429DC0D2 
 161      C0
 162 01b9 AD158D2E 		.ascii	"\255\025\215.\233\036\300$6\264\037\262Q\351n\232ZH"
 162      9B1EC024 
 162      36B41FB2 
 162      51E96E9A 
 162      5A48
 163 01cb 172DBC09 		.ascii	"\027-\274\011\243\236\240{C\234\022^z\223F[.Pz\2203"
 163      A39EA07B 
 163      439C125E 
 163      7A93465B 
 163      2E507A90 
 164 01e0 0634C680 		.ascii	"\0064\306\200\236\341\343\214Hd\276\307$\3329\343\375"
 164      9EE1E38C 
 164      4864BEC7 
 164      24DA39E3 
 164      FD
 165 01f1 951167BA 		.ascii	"\225\021g\272\276lv_\255\356\247\274\356J\265\354\316"
 165      BE6C765F 
 165      ADEEA7BC 
 165      EE4AB5EC 
 165      CE
ARM GAS  C:\Users\info\AppData\Local\Temp\cc1TAbks.s 			page 12


 166 0202 C5DB3F40 		.ascii	"\305\333?@=pbT\\-\033\263`P;rP\177\344\020?\362\322"
 166      3D706254 
 166      5C2D1BB3 
 166      60503B72 
 166      507FE410 
 167 0219 D5914E93 		.ascii	"\325\221N\223x\236\0379\374.\350\023TJ\340m\242l\306"
 167      789E1F39 
 167      FC2EE813 
 167      544AE06D 
 167      A26CC6
 168 022c F06B0CBF 		.ascii	"\360k\014\277\236\021\340\214%\327\342\007\243\214\377"
 168      9E11E08C 
 168      25D7E207 
 168      A38CFF
 169 023b D0B9BE7F 		.ascii	"\320\271\276\17786w'f\022\257\001\177$\375m\355m&\220"
 169      38367727 
 169      6612AF01 
 169      7F24FD6D 
 169      ED6D2690 
 170 024f 7392C89F 		.ascii	"s\222\310\237'\221\253o\351\347\361\326fv\301 6\345"
 170      2791AB6F 
 170      E9E7F1D6 
 170      6676C120 
 170      36E5
 171 0261 9956DC30 		.ascii	"\231V\3340\310\361\206t\177\177\025\206\264\313\354"
 171      C8F18674 
 171      7F7F1586 
 171      B4CBEC
 172 0270 5961F732 		.ascii	"Ya\3672\016\363D\255{!H\343\317\037\347\025A|=\341\011"
 172      0EF344AD 
 172      7B2148E3 
 172      CF1FE715 
 172      417C3DE1 
 173 0285 C9209B01 		.ascii	"\311 \233\001\367\241\211\035\020m\324\325A \314\260"
 173      F7A1891D 
 173      106DD4D5 
 173      4120CCB0 
 174 0295 F002B75F 		.ascii	"\360\002\267_\242\274\203\262\234q\340\313<\210\036"
 174      A2BC83B2 
 174      9C71E0CB 
 174      3C881E
 175 02a4 E03EFFA4 		.ascii	"\340>\377\244\026\332N[\366XN\332k\035JJ\361\321\023"
 175      16DA4E5B 
 175      F6584EDA 
 175      6B1D4A4A 
 175      F1D113
 176 02b7 59857979 		.ascii	"Y\205yy\304P_[\347(\330U\254\324)v\253C\251\266\224"
 176      C4505F5B 
 176      E728D855 
 176      ACD42976 
 176      AB43A9B6 
 177 02cc D9EAED55 		.ascii	"\331\352\355UJ\305\2612[\341\336\212\252\006G\303\031"
 177      4AC5B132 
 177      5BE1DE8A 
 177      AA0647C3 
 177      19
 178 02dd E56CEE29 		.ascii	"\345l\356)\262\363?\031\234\231[E2\342\3602\305Qd\257"
ARM GAS  C:\Users\info\AppData\Local\Temp\cc1TAbks.s 			page 13


 178      B2F33F19 
 178      9C995B45 
 178      32E2F032 
 178      C55164AF 
 179 02f1 3DA71CB1 		.ascii	"=\247\034\261U+r|\251T\261Vo\321\334\"\253\303Z\252"
 179      552B727C 
 179      A954B156 
 179      6FD1DC22 
 179      ABC35AAA 
 180 0305 D44876A5 		.ascii	"\324Hv\245\246\340\017\370\364`6"
 180      A6E00FF8 
 180      F46036
 181              		.text
 182              		.section	.gnu.lto_.symtab.792a05c1,"",%progbits
 183 0000 436F6C5F 		.ascii	"Col_2_Write\000"
 183      325F5772 
 183      69746500 
 184 000c 00       		.ascii	"\000"
 185 000d 00       		.ascii	"\000"
 186 000e 00       		.ascii	"\000"
 187 000f 00000000 		.ascii	"\000\000\000\000\000\000\000\000"
 187      00000000 
 188 0017 B3000000 		.ascii	"\263\000\000\000"
 189 001b 436F6C5F 		.ascii	"Col_2_SetDriveMode\000"
 189      325F5365 
 189      74447269 
 189      76654D6F 
 189      646500
 190 002e 00       		.ascii	"\000"
 191 002f 00       		.ascii	"\000"
 192 0030 00       		.ascii	"\000"
 193 0031 00000000 		.ascii	"\000\000\000\000\000\000\000\000"
 193      00000000 
 194 0039 B5000000 		.ascii	"\265\000\000\000"
 195 003d 436F6C5F 		.ascii	"Col_2_Read\000"
 195      325F5265 
 195      616400
 196 0048 00       		.ascii	"\000"
 197 0049 00       		.ascii	"\000"
 198 004a 00       		.ascii	"\000"
 199 004b 00000000 		.ascii	"\000\000\000\000\000\000\000\000"
 199      00000000 
 200 0053 B8000000 		.ascii	"\270\000\000\000"
 201 0057 436F6C5F 		.ascii	"Col_2_ReadDataReg\000"
 201      325F5265 
 201      61644461 
 201      74615265 
 201      6700
 202 0069 00       		.ascii	"\000"
 203 006a 00       		.ascii	"\000"
 204 006b 00       		.ascii	"\000"
 205 006c 00000000 		.ascii	"\000\000\000\000\000\000\000\000"
 205      00000000 
 206 0074 BA000000 		.ascii	"\272\000\000\000"
 207              		.text
 208              		.section	.gnu.lto_.opts,"",%progbits
 209 0000 272D666D 		.ascii	"'-fmath-errno' '-fsigned-zeros' '-ftrapping-math' '"
ARM GAS  C:\Users\info\AppData\Local\Temp\cc1TAbks.s 			page 14


 209      6174682D 
 209      6572726E 
 209      6F272027 
 209      2D667369 
 210 0033 2D666E6F 		.ascii	"-fno-trapv' '-fno-strict-overflow' '-fno-openmp' '-"
 210      2D747261 
 210      70762720 
 210      272D666E 
 210      6F2D7374 
 211 0066 666E6F2D 		.ascii	"fno-openacc' '-mcpu=cortex-m3' '-mthumb' '-g' '-Og'"
 211      6F70656E 
 211      61636327 
 211      20272D6D 
 211      6370753D 
 212 0099 20272D66 		.ascii	" '-ffunction-sections' '-ffat-lto-objects' '-flto'\000"
 212      66756E63 
 212      74696F6E 
 212      2D736563 
 212      74696F6E 
 213              		.text
 214              		.cfi_sections	.debug_frame
 215              		.section	.text.Col_2_Write,"ax",%progbits
 216              		.align	2
 217              		.global	Col_2_Write
 218              		.thumb
 219              		.thumb_func
 220              		.type	Col_2_Write, %function
 221              	Col_2_Write:
 222              	.LFB0:
 223              		.file 1 "Generated_Source\\PSoC5\\Col_2.c"
   1:Generated_Source\PSoC5/Col_2.c **** /*******************************************************************************
   2:Generated_Source\PSoC5/Col_2.c **** * File Name: Col_2.c  
   3:Generated_Source\PSoC5/Col_2.c **** * Version 2.20
   4:Generated_Source\PSoC5/Col_2.c **** *
   5:Generated_Source\PSoC5/Col_2.c **** * Description:
   6:Generated_Source\PSoC5/Col_2.c **** *  This file contains API to enable firmware control of a Pins component.
   7:Generated_Source\PSoC5/Col_2.c **** *
   8:Generated_Source\PSoC5/Col_2.c **** * Note:
   9:Generated_Source\PSoC5/Col_2.c **** *
  10:Generated_Source\PSoC5/Col_2.c **** ********************************************************************************
  11:Generated_Source\PSoC5/Col_2.c **** * Copyright 2008-2015, Cypress Semiconductor Corporation.  All rights reserved.
  12:Generated_Source\PSoC5/Col_2.c **** * You may use this file only in accordance with the license, terms, conditions, 
  13:Generated_Source\PSoC5/Col_2.c **** * disclaimers, and limitations in the end user license agreement accompanying 
  14:Generated_Source\PSoC5/Col_2.c **** * the software package with which this file was provided.
  15:Generated_Source\PSoC5/Col_2.c **** *******************************************************************************/
  16:Generated_Source\PSoC5/Col_2.c **** 
  17:Generated_Source\PSoC5/Col_2.c **** #include "cytypes.h"
  18:Generated_Source\PSoC5/Col_2.c **** #include "Col_2.h"
  19:Generated_Source\PSoC5/Col_2.c **** 
  20:Generated_Source\PSoC5/Col_2.c **** /* APIs are not generated for P15[7:6] on PSoC 5 */
  21:Generated_Source\PSoC5/Col_2.c **** #if !(CY_PSOC5A &&\
  22:Generated_Source\PSoC5/Col_2.c **** 	 Col_2__PORT == 15 && ((Col_2__MASK & 0xC0) != 0))
  23:Generated_Source\PSoC5/Col_2.c **** 
  24:Generated_Source\PSoC5/Col_2.c **** 
  25:Generated_Source\PSoC5/Col_2.c **** /*******************************************************************************
  26:Generated_Source\PSoC5/Col_2.c **** * Function Name: Col_2_Write
  27:Generated_Source\PSoC5/Col_2.c **** ****************************************************************************//**
ARM GAS  C:\Users\info\AppData\Local\Temp\cc1TAbks.s 			page 15


  28:Generated_Source\PSoC5/Col_2.c **** *
  29:Generated_Source\PSoC5/Col_2.c **** * \brief Writes the value to the physical port (data output register), masking
  30:Generated_Source\PSoC5/Col_2.c **** *  and shifting the bits appropriately. 
  31:Generated_Source\PSoC5/Col_2.c **** *
  32:Generated_Source\PSoC5/Col_2.c **** * The data output register controls the signal applied to the physical pin in 
  33:Generated_Source\PSoC5/Col_2.c **** * conjunction with the drive mode parameter. This function avoids changing 
  34:Generated_Source\PSoC5/Col_2.c **** * other bits in the port by using the appropriate method (read-modify-write or
  35:Generated_Source\PSoC5/Col_2.c **** * bit banding).
  36:Generated_Source\PSoC5/Col_2.c **** *
  37:Generated_Source\PSoC5/Col_2.c **** * <b>Note</b> This function should not be used on a hardware digital output pin 
  38:Generated_Source\PSoC5/Col_2.c **** * as it is driven by the hardware signal attached to it.
  39:Generated_Source\PSoC5/Col_2.c **** *
  40:Generated_Source\PSoC5/Col_2.c **** * \param value
  41:Generated_Source\PSoC5/Col_2.c **** *  Value to write to the component instance.
  42:Generated_Source\PSoC5/Col_2.c **** *
  43:Generated_Source\PSoC5/Col_2.c **** * \return 
  44:Generated_Source\PSoC5/Col_2.c **** *  None 
  45:Generated_Source\PSoC5/Col_2.c **** *
  46:Generated_Source\PSoC5/Col_2.c **** * \sideeffect
  47:Generated_Source\PSoC5/Col_2.c **** *  If you use read-modify-write operations that are not atomic; the Interrupt 
  48:Generated_Source\PSoC5/Col_2.c **** *  Service Routines (ISR) can cause corruption of this function. An ISR that 
  49:Generated_Source\PSoC5/Col_2.c **** *  interrupts this function and performs writes to the Pins component data 
  50:Generated_Source\PSoC5/Col_2.c **** *  register can cause corrupted port data. To avoid this issue, you should 
  51:Generated_Source\PSoC5/Col_2.c **** *  either use the Per-Pin APIs (primary method) or disable interrupts around 
  52:Generated_Source\PSoC5/Col_2.c **** *  this function.
  53:Generated_Source\PSoC5/Col_2.c **** *
  54:Generated_Source\PSoC5/Col_2.c **** * \funcusage
  55:Generated_Source\PSoC5/Col_2.c **** *  \snippet Col_2_SUT.c usage_Col_2_Write
  56:Generated_Source\PSoC5/Col_2.c **** *******************************************************************************/
  57:Generated_Source\PSoC5/Col_2.c **** void Col_2_Write(uint8 value)
  58:Generated_Source\PSoC5/Col_2.c **** {
 224              		.loc 1 58 0
 225              		.cfi_startproc
 226              		@ args = 0, pretend = 0, frame = 0
 227              		@ frame_needed = 0, uses_anonymous_args = 0
 228              		@ link register save eliminated.
 229              	.LVL0:
  59:Generated_Source\PSoC5/Col_2.c ****     uint8 staticBits = (Col_2_DR & (uint8)(~Col_2_MASK));
 230              		.loc 1 59 0
 231 0000 044A     		ldr	r2, .L2
 232 0002 1378     		ldrb	r3, [r2]	@ zero_extendqisi2
 233 0004 03F0EF03 		and	r3, r3, #239
 234              	.LVL1:
  60:Generated_Source\PSoC5/Col_2.c ****     Col_2_DR = staticBits | ((uint8)(value << Col_2_SHIFT) & Col_2_MASK);
 235              		.loc 1 60 0
 236 0008 0001     		lsls	r0, r0, #4
 237              	.LVL2:
 238 000a 00F01000 		and	r0, r0, #16
 239 000e 1843     		orrs	r0, r0, r3
 240 0010 1070     		strb	r0, [r2]
 241 0012 7047     		bx	lr
 242              	.L3:
 243              		.align	2
 244              	.L2:
 245 0014 30510040 		.word	1073762608
 246              		.cfi_endproc
 247              	.LFE0:
ARM GAS  C:\Users\info\AppData\Local\Temp\cc1TAbks.s 			page 16


 248              		.size	Col_2_Write, .-Col_2_Write
 249              		.section	.text.Col_2_SetDriveMode,"ax",%progbits
 250              		.align	2
 251              		.global	Col_2_SetDriveMode
 252              		.thumb
 253              		.thumb_func
 254              		.type	Col_2_SetDriveMode, %function
 255              	Col_2_SetDriveMode:
 256              	.LFB1:
  61:Generated_Source\PSoC5/Col_2.c **** }
  62:Generated_Source\PSoC5/Col_2.c **** 
  63:Generated_Source\PSoC5/Col_2.c **** 
  64:Generated_Source\PSoC5/Col_2.c **** /*******************************************************************************
  65:Generated_Source\PSoC5/Col_2.c **** * Function Name: Col_2_SetDriveMode
  66:Generated_Source\PSoC5/Col_2.c **** ****************************************************************************//**
  67:Generated_Source\PSoC5/Col_2.c **** *
  68:Generated_Source\PSoC5/Col_2.c **** * \brief Sets the drive mode for each of the Pins component's pins.
  69:Generated_Source\PSoC5/Col_2.c **** * 
  70:Generated_Source\PSoC5/Col_2.c **** * <b>Note</b> This affects all pins in the Pins component instance. Use the
  71:Generated_Source\PSoC5/Col_2.c **** * Per-Pin APIs if you wish to control individual pin's drive modes.
  72:Generated_Source\PSoC5/Col_2.c **** *
  73:Generated_Source\PSoC5/Col_2.c **** * \param mode
  74:Generated_Source\PSoC5/Col_2.c **** *  Mode for the selected signals. Valid options are documented in 
  75:Generated_Source\PSoC5/Col_2.c **** *  \ref driveMode.
  76:Generated_Source\PSoC5/Col_2.c **** *
  77:Generated_Source\PSoC5/Col_2.c **** * \return
  78:Generated_Source\PSoC5/Col_2.c **** *  None
  79:Generated_Source\PSoC5/Col_2.c **** *
  80:Generated_Source\PSoC5/Col_2.c **** * \sideeffect
  81:Generated_Source\PSoC5/Col_2.c **** *  If you use read-modify-write operations that are not atomic, the ISR can
  82:Generated_Source\PSoC5/Col_2.c **** *  cause corruption of this function. An ISR that interrupts this function 
  83:Generated_Source\PSoC5/Col_2.c **** *  and performs writes to the Pins component Drive Mode registers can cause 
  84:Generated_Source\PSoC5/Col_2.c **** *  corrupted port data. To avoid this issue, you should either use the Per-Pin
  85:Generated_Source\PSoC5/Col_2.c **** *  APIs (primary method) or disable interrupts around this function.
  86:Generated_Source\PSoC5/Col_2.c **** *
  87:Generated_Source\PSoC5/Col_2.c **** * \funcusage
  88:Generated_Source\PSoC5/Col_2.c **** *  \snippet Col_2_SUT.c usage_Col_2_SetDriveMode
  89:Generated_Source\PSoC5/Col_2.c **** *******************************************************************************/
  90:Generated_Source\PSoC5/Col_2.c **** void Col_2_SetDriveMode(uint8 mode)
  91:Generated_Source\PSoC5/Col_2.c **** {
 257              		.loc 1 91 0
 258              		.cfi_startproc
 259              		@ args = 0, pretend = 0, frame = 0
 260              		@ frame_needed = 0, uses_anonymous_args = 0
 261              		@ link register save eliminated.
 262              	.LVL3:
  92:Generated_Source\PSoC5/Col_2.c **** 	CyPins_SetPinDriveMode(Col_2_0, mode);
 263              		.loc 1 92 0
 264 0000 044A     		ldr	r2, .L5
 265 0002 1378     		ldrb	r3, [r2]	@ zero_extendqisi2
 266 0004 03F0F103 		and	r3, r3, #241
 267 0008 00F00E00 		and	r0, r0, #14
 268              	.LVL4:
 269 000c 1843     		orrs	r0, r0, r3
 270 000e 1070     		strb	r0, [r2]
 271 0010 7047     		bx	lr
 272              	.L6:
ARM GAS  C:\Users\info\AppData\Local\Temp\cc1TAbks.s 			page 17


 273 0012 00BF     		.align	2
 274              	.L5:
 275 0014 1C500040 		.word	1073762332
 276              		.cfi_endproc
 277              	.LFE1:
 278              		.size	Col_2_SetDriveMode, .-Col_2_SetDriveMode
 279              		.section	.text.Col_2_Read,"ax",%progbits
 280              		.align	2
 281              		.global	Col_2_Read
 282              		.thumb
 283              		.thumb_func
 284              		.type	Col_2_Read, %function
 285              	Col_2_Read:
 286              	.LFB2:
  93:Generated_Source\PSoC5/Col_2.c **** }
  94:Generated_Source\PSoC5/Col_2.c **** 
  95:Generated_Source\PSoC5/Col_2.c **** 
  96:Generated_Source\PSoC5/Col_2.c **** /*******************************************************************************
  97:Generated_Source\PSoC5/Col_2.c **** * Function Name: Col_2_Read
  98:Generated_Source\PSoC5/Col_2.c **** ****************************************************************************//**
  99:Generated_Source\PSoC5/Col_2.c **** *
 100:Generated_Source\PSoC5/Col_2.c **** * \brief Reads the associated physical port (pin status register) and masks 
 101:Generated_Source\PSoC5/Col_2.c **** *  the required bits according to the width and bit position of the component
 102:Generated_Source\PSoC5/Col_2.c **** *  instance. 
 103:Generated_Source\PSoC5/Col_2.c **** *
 104:Generated_Source\PSoC5/Col_2.c **** * The pin's status register returns the current logic level present on the 
 105:Generated_Source\PSoC5/Col_2.c **** * physical pin.
 106:Generated_Source\PSoC5/Col_2.c **** *
 107:Generated_Source\PSoC5/Col_2.c **** * \return 
 108:Generated_Source\PSoC5/Col_2.c **** *  The current value for the pins in the component as a right justified number.
 109:Generated_Source\PSoC5/Col_2.c **** *
 110:Generated_Source\PSoC5/Col_2.c **** * \funcusage
 111:Generated_Source\PSoC5/Col_2.c **** *  \snippet Col_2_SUT.c usage_Col_2_Read  
 112:Generated_Source\PSoC5/Col_2.c **** *******************************************************************************/
 113:Generated_Source\PSoC5/Col_2.c **** uint8 Col_2_Read(void)
 114:Generated_Source\PSoC5/Col_2.c **** {
 287              		.loc 1 114 0
 288              		.cfi_startproc
 289              		@ args = 0, pretend = 0, frame = 0
 290              		@ frame_needed = 0, uses_anonymous_args = 0
 291              		@ link register save eliminated.
 115:Generated_Source\PSoC5/Col_2.c ****     return (Col_2_PS & Col_2_MASK) >> Col_2_SHIFT;
 292              		.loc 1 115 0
 293 0000 024B     		ldr	r3, .L8
 294 0002 1878     		ldrb	r0, [r3]	@ zero_extendqisi2
 116:Generated_Source\PSoC5/Col_2.c **** }
 295              		.loc 1 116 0
 296 0004 C0F30010 		ubfx	r0, r0, #4, #1
 297 0008 7047     		bx	lr
 298              	.L9:
 299 000a 00BF     		.align	2
 300              	.L8:
 301 000c 31510040 		.word	1073762609
 302              		.cfi_endproc
 303              	.LFE2:
 304              		.size	Col_2_Read, .-Col_2_Read
 305              		.section	.text.Col_2_ReadDataReg,"ax",%progbits
ARM GAS  C:\Users\info\AppData\Local\Temp\cc1TAbks.s 			page 18


 306              		.align	2
 307              		.global	Col_2_ReadDataReg
 308              		.thumb
 309              		.thumb_func
 310              		.type	Col_2_ReadDataReg, %function
 311              	Col_2_ReadDataReg:
 312              	.LFB3:
 117:Generated_Source\PSoC5/Col_2.c **** 
 118:Generated_Source\PSoC5/Col_2.c **** 
 119:Generated_Source\PSoC5/Col_2.c **** /*******************************************************************************
 120:Generated_Source\PSoC5/Col_2.c **** * Function Name: Col_2_ReadDataReg
 121:Generated_Source\PSoC5/Col_2.c **** ****************************************************************************//**
 122:Generated_Source\PSoC5/Col_2.c **** *
 123:Generated_Source\PSoC5/Col_2.c **** * \brief Reads the associated physical port's data output register and masks 
 124:Generated_Source\PSoC5/Col_2.c **** *  the correct bits according to the width and bit position of the component 
 125:Generated_Source\PSoC5/Col_2.c **** *  instance. 
 126:Generated_Source\PSoC5/Col_2.c **** *
 127:Generated_Source\PSoC5/Col_2.c **** * The data output register controls the signal applied to the physical pin in 
 128:Generated_Source\PSoC5/Col_2.c **** * conjunction with the drive mode parameter. This is not the same as the 
 129:Generated_Source\PSoC5/Col_2.c **** * preferred Col_2_Read() API because the 
 130:Generated_Source\PSoC5/Col_2.c **** * Col_2_ReadDataReg() reads the data register instead of the status 
 131:Generated_Source\PSoC5/Col_2.c **** * register. For output pins this is a useful function to determine the value 
 132:Generated_Source\PSoC5/Col_2.c **** * just written to the pin.
 133:Generated_Source\PSoC5/Col_2.c **** *
 134:Generated_Source\PSoC5/Col_2.c **** * \return 
 135:Generated_Source\PSoC5/Col_2.c **** *  The current value of the data register masked and shifted into a right 
 136:Generated_Source\PSoC5/Col_2.c **** *  justified number for the component instance.
 137:Generated_Source\PSoC5/Col_2.c **** *
 138:Generated_Source\PSoC5/Col_2.c **** * \funcusage
 139:Generated_Source\PSoC5/Col_2.c **** *  \snippet Col_2_SUT.c usage_Col_2_ReadDataReg 
 140:Generated_Source\PSoC5/Col_2.c **** *******************************************************************************/
 141:Generated_Source\PSoC5/Col_2.c **** uint8 Col_2_ReadDataReg(void)
 142:Generated_Source\PSoC5/Col_2.c **** {
 313              		.loc 1 142 0
 314              		.cfi_startproc
 315              		@ args = 0, pretend = 0, frame = 0
 316              		@ frame_needed = 0, uses_anonymous_args = 0
 317              		@ link register save eliminated.
 143:Generated_Source\PSoC5/Col_2.c ****     return (Col_2_DR & Col_2_MASK) >> Col_2_SHIFT;
 318              		.loc 1 143 0
 319 0000 024B     		ldr	r3, .L11
 320 0002 1878     		ldrb	r0, [r3]	@ zero_extendqisi2
 144:Generated_Source\PSoC5/Col_2.c **** }
 321              		.loc 1 144 0
 322 0004 C0F30010 		ubfx	r0, r0, #4, #1
 323 0008 7047     		bx	lr
 324              	.L12:
 325 000a 00BF     		.align	2
 326              	.L11:
 327 000c 30510040 		.word	1073762608
 328              		.cfi_endproc
 329              	.LFE3:
 330              		.size	Col_2_ReadDataReg, .-Col_2_ReadDataReg
 331              		.text
 332              	.Letext0:
 333              		.file 2 "Generated_Source\\PSoC5\\cytypes.h"
 334              		.section	.debug_info,"",%progbits
ARM GAS  C:\Users\info\AppData\Local\Temp\cc1TAbks.s 			page 19


 335              	.Ldebug_info0:
 336 0000 1B010000 		.4byte	0x11b
 337 0004 0400     		.2byte	0x4
 338 0006 00000000 		.4byte	.Ldebug_abbrev0
 339 000a 04       		.byte	0x4
 340 000b 01       		.uleb128 0x1
 341 000c 30000000 		.4byte	.LASF20
 342 0010 0C       		.byte	0xc
 343 0011 E5010000 		.4byte	.LASF21
 344 0015 21010000 		.4byte	.LASF22
 345 0019 00000000 		.4byte	.Ldebug_ranges0+0
 346 001d 00000000 		.4byte	0
 347 0021 00000000 		.4byte	.Ldebug_line0
 348 0025 02       		.uleb128 0x2
 349 0026 01       		.byte	0x1
 350 0027 06       		.byte	0x6
 351 0028 04020000 		.4byte	.LASF0
 352 002c 02       		.uleb128 0x2
 353 002d 01       		.byte	0x1
 354 002e 08       		.byte	0x8
 355 002f CA000000 		.4byte	.LASF1
 356 0033 02       		.uleb128 0x2
 357 0034 02       		.byte	0x2
 358 0035 05       		.byte	0x5
 359 0036 BA010000 		.4byte	.LASF2
 360 003a 02       		.uleb128 0x2
 361 003b 02       		.byte	0x2
 362 003c 07       		.byte	0x7
 363 003d EF000000 		.4byte	.LASF3
 364 0041 02       		.uleb128 0x2
 365 0042 04       		.byte	0x4
 366 0043 05       		.byte	0x5
 367 0044 CA010000 		.4byte	.LASF4
 368 0048 02       		.uleb128 0x2
 369 0049 04       		.byte	0x4
 370 004a 07       		.byte	0x7
 371 004b DD000000 		.4byte	.LASF5
 372 004f 02       		.uleb128 0x2
 373 0050 08       		.byte	0x8
 374 0051 05       		.byte	0x5
 375 0052 A7010000 		.4byte	.LASF6
 376 0056 02       		.uleb128 0x2
 377 0057 08       		.byte	0x8
 378 0058 07       		.byte	0x7
 379 0059 8B010000 		.4byte	.LASF7
 380 005d 03       		.uleb128 0x3
 381 005e 04       		.byte	0x4
 382 005f 05       		.byte	0x5
 383 0060 696E7400 		.ascii	"int\000"
 384 0064 02       		.uleb128 0x2
 385 0065 04       		.byte	0x4
 386 0066 07       		.byte	0x7
 387 0067 14010000 		.4byte	.LASF8
 388 006b 04       		.uleb128 0x4
 389 006c C4010000 		.4byte	.LASF12
 390 0070 02       		.byte	0x2
 391 0071 E401     		.2byte	0x1e4
ARM GAS  C:\Users\info\AppData\Local\Temp\cc1TAbks.s 			page 20


 392 0073 2C000000 		.4byte	0x2c
 393 0077 02       		.uleb128 0x2
 394 0078 04       		.byte	0x4
 395 0079 04       		.byte	0x4
 396 007a C4000000 		.4byte	.LASF9
 397 007e 02       		.uleb128 0x2
 398 007f 08       		.byte	0x8
 399 0080 04       		.byte	0x4
 400 0081 02010000 		.4byte	.LASF10
 401 0085 02       		.uleb128 0x2
 402 0086 01       		.byte	0x1
 403 0087 08       		.byte	0x8
 404 0088 B5010000 		.4byte	.LASF11
 405 008c 04       		.uleb128 0x4
 406 008d D8000000 		.4byte	.LASF13
 407 0091 02       		.byte	0x2
 408 0092 8E02     		.2byte	0x28e
 409 0094 98000000 		.4byte	0x98
 410 0098 05       		.uleb128 0x5
 411 0099 6B000000 		.4byte	0x6b
 412 009d 06       		.uleb128 0x6
 413 009e 24000000 		.4byte	.LASF14
 414 00a2 01       		.byte	0x1
 415 00a3 39       		.byte	0x39
 416 00a4 00000000 		.4byte	.LFB0
 417 00a8 18000000 		.4byte	.LFE0-.LFB0
 418 00ac 01       		.uleb128 0x1
 419 00ad 9C       		.byte	0x9c
 420 00ae CF000000 		.4byte	0xcf
 421 00b2 07       		.uleb128 0x7
 422 00b3 13000000 		.4byte	.LASF16
 423 00b7 01       		.byte	0x1
 424 00b8 39       		.byte	0x39
 425 00b9 6B000000 		.4byte	0x6b
 426 00bd 00000000 		.4byte	.LLST0
 427 00c1 08       		.uleb128 0x8
 428 00c2 19000000 		.4byte	.LASF23
 429 00c6 01       		.byte	0x1
 430 00c7 3B       		.byte	0x3b
 431 00c8 6B000000 		.4byte	0x6b
 432 00cc 01       		.uleb128 0x1
 433 00cd 53       		.byte	0x53
 434 00ce 00       		.byte	0
 435 00cf 06       		.uleb128 0x6
 436 00d0 00000000 		.4byte	.LASF15
 437 00d4 01       		.byte	0x1
 438 00d5 5A       		.byte	0x5a
 439 00d6 00000000 		.4byte	.LFB1
 440 00da 18000000 		.4byte	.LFE1-.LFB1
 441 00de 01       		.uleb128 0x1
 442 00df 9C       		.byte	0x9c
 443 00e0 F4000000 		.4byte	0xf4
 444 00e4 07       		.uleb128 0x7
 445 00e5 A2010000 		.4byte	.LASF17
 446 00e9 01       		.byte	0x1
 447 00ea 5A       		.byte	0x5a
 448 00eb 6B000000 		.4byte	0x6b
ARM GAS  C:\Users\info\AppData\Local\Temp\cc1TAbks.s 			page 21


 449 00ef 21000000 		.4byte	.LLST1
 450 00f3 00       		.byte	0
 451 00f4 09       		.uleb128 0x9
 452 00f5 09010000 		.4byte	.LASF18
 453 00f9 01       		.byte	0x1
 454 00fa 71       		.byte	0x71
 455 00fb 6B000000 		.4byte	0x6b
 456 00ff 00000000 		.4byte	.LFB2
 457 0103 10000000 		.4byte	.LFE2-.LFB2
 458 0107 01       		.uleb128 0x1
 459 0108 9C       		.byte	0x9c
 460 0109 09       		.uleb128 0x9
 461 010a D3010000 		.4byte	.LASF19
 462 010e 01       		.byte	0x1
 463 010f 8D       		.byte	0x8d
 464 0110 6B000000 		.4byte	0x6b
 465 0114 00000000 		.4byte	.LFB3
 466 0118 10000000 		.4byte	.LFE3-.LFB3
 467 011c 01       		.uleb128 0x1
 468 011d 9C       		.byte	0x9c
 469 011e 00       		.byte	0
 470              		.section	.debug_abbrev,"",%progbits
 471              	.Ldebug_abbrev0:
 472 0000 01       		.uleb128 0x1
 473 0001 11       		.uleb128 0x11
 474 0002 01       		.byte	0x1
 475 0003 25       		.uleb128 0x25
 476 0004 0E       		.uleb128 0xe
 477 0005 13       		.uleb128 0x13
 478 0006 0B       		.uleb128 0xb
 479 0007 03       		.uleb128 0x3
 480 0008 0E       		.uleb128 0xe
 481 0009 1B       		.uleb128 0x1b
 482 000a 0E       		.uleb128 0xe
 483 000b 55       		.uleb128 0x55
 484 000c 17       		.uleb128 0x17
 485 000d 11       		.uleb128 0x11
 486 000e 01       		.uleb128 0x1
 487 000f 10       		.uleb128 0x10
 488 0010 17       		.uleb128 0x17
 489 0011 00       		.byte	0
 490 0012 00       		.byte	0
 491 0013 02       		.uleb128 0x2
 492 0014 24       		.uleb128 0x24
 493 0015 00       		.byte	0
 494 0016 0B       		.uleb128 0xb
 495 0017 0B       		.uleb128 0xb
 496 0018 3E       		.uleb128 0x3e
 497 0019 0B       		.uleb128 0xb
 498 001a 03       		.uleb128 0x3
 499 001b 0E       		.uleb128 0xe
 500 001c 00       		.byte	0
 501 001d 00       		.byte	0
 502 001e 03       		.uleb128 0x3
 503 001f 24       		.uleb128 0x24
 504 0020 00       		.byte	0
 505 0021 0B       		.uleb128 0xb
ARM GAS  C:\Users\info\AppData\Local\Temp\cc1TAbks.s 			page 22


 506 0022 0B       		.uleb128 0xb
 507 0023 3E       		.uleb128 0x3e
 508 0024 0B       		.uleb128 0xb
 509 0025 03       		.uleb128 0x3
 510 0026 08       		.uleb128 0x8
 511 0027 00       		.byte	0
 512 0028 00       		.byte	0
 513 0029 04       		.uleb128 0x4
 514 002a 16       		.uleb128 0x16
 515 002b 00       		.byte	0
 516 002c 03       		.uleb128 0x3
 517 002d 0E       		.uleb128 0xe
 518 002e 3A       		.uleb128 0x3a
 519 002f 0B       		.uleb128 0xb
 520 0030 3B       		.uleb128 0x3b
 521 0031 05       		.uleb128 0x5
 522 0032 49       		.uleb128 0x49
 523 0033 13       		.uleb128 0x13
 524 0034 00       		.byte	0
 525 0035 00       		.byte	0
 526 0036 05       		.uleb128 0x5
 527 0037 35       		.uleb128 0x35
 528 0038 00       		.byte	0
 529 0039 49       		.uleb128 0x49
 530 003a 13       		.uleb128 0x13
 531 003b 00       		.byte	0
 532 003c 00       		.byte	0
 533 003d 06       		.uleb128 0x6
 534 003e 2E       		.uleb128 0x2e
 535 003f 01       		.byte	0x1
 536 0040 3F       		.uleb128 0x3f
 537 0041 19       		.uleb128 0x19
 538 0042 03       		.uleb128 0x3
 539 0043 0E       		.uleb128 0xe
 540 0044 3A       		.uleb128 0x3a
 541 0045 0B       		.uleb128 0xb
 542 0046 3B       		.uleb128 0x3b
 543 0047 0B       		.uleb128 0xb
 544 0048 27       		.uleb128 0x27
 545 0049 19       		.uleb128 0x19
 546 004a 11       		.uleb128 0x11
 547 004b 01       		.uleb128 0x1
 548 004c 12       		.uleb128 0x12
 549 004d 06       		.uleb128 0x6
 550 004e 40       		.uleb128 0x40
 551 004f 18       		.uleb128 0x18
 552 0050 9742     		.uleb128 0x2117
 553 0052 19       		.uleb128 0x19
 554 0053 01       		.uleb128 0x1
 555 0054 13       		.uleb128 0x13
 556 0055 00       		.byte	0
 557 0056 00       		.byte	0
 558 0057 07       		.uleb128 0x7
 559 0058 05       		.uleb128 0x5
 560 0059 00       		.byte	0
 561 005a 03       		.uleb128 0x3
 562 005b 0E       		.uleb128 0xe
ARM GAS  C:\Users\info\AppData\Local\Temp\cc1TAbks.s 			page 23


 563 005c 3A       		.uleb128 0x3a
 564 005d 0B       		.uleb128 0xb
 565 005e 3B       		.uleb128 0x3b
 566 005f 0B       		.uleb128 0xb
 567 0060 49       		.uleb128 0x49
 568 0061 13       		.uleb128 0x13
 569 0062 02       		.uleb128 0x2
 570 0063 17       		.uleb128 0x17
 571 0064 00       		.byte	0
 572 0065 00       		.byte	0
 573 0066 08       		.uleb128 0x8
 574 0067 34       		.uleb128 0x34
 575 0068 00       		.byte	0
 576 0069 03       		.uleb128 0x3
 577 006a 0E       		.uleb128 0xe
 578 006b 3A       		.uleb128 0x3a
 579 006c 0B       		.uleb128 0xb
 580 006d 3B       		.uleb128 0x3b
 581 006e 0B       		.uleb128 0xb
 582 006f 49       		.uleb128 0x49
 583 0070 13       		.uleb128 0x13
 584 0071 02       		.uleb128 0x2
 585 0072 18       		.uleb128 0x18
 586 0073 00       		.byte	0
 587 0074 00       		.byte	0
 588 0075 09       		.uleb128 0x9
 589 0076 2E       		.uleb128 0x2e
 590 0077 00       		.byte	0
 591 0078 3F       		.uleb128 0x3f
 592 0079 19       		.uleb128 0x19
 593 007a 03       		.uleb128 0x3
 594 007b 0E       		.uleb128 0xe
 595 007c 3A       		.uleb128 0x3a
 596 007d 0B       		.uleb128 0xb
 597 007e 3B       		.uleb128 0x3b
 598 007f 0B       		.uleb128 0xb
 599 0080 27       		.uleb128 0x27
 600 0081 19       		.uleb128 0x19
 601 0082 49       		.uleb128 0x49
 602 0083 13       		.uleb128 0x13
 603 0084 11       		.uleb128 0x11
 604 0085 01       		.uleb128 0x1
 605 0086 12       		.uleb128 0x12
 606 0087 06       		.uleb128 0x6
 607 0088 40       		.uleb128 0x40
 608 0089 18       		.uleb128 0x18
 609 008a 9742     		.uleb128 0x2117
 610 008c 19       		.uleb128 0x19
 611 008d 00       		.byte	0
 612 008e 00       		.byte	0
 613 008f 00       		.byte	0
 614              		.section	.debug_loc,"",%progbits
 615              	.Ldebug_loc0:
 616              	.LLST0:
 617 0000 00000000 		.4byte	.LVL0
 618 0004 0A000000 		.4byte	.LVL2
 619 0008 0100     		.2byte	0x1
ARM GAS  C:\Users\info\AppData\Local\Temp\cc1TAbks.s 			page 24


 620 000a 50       		.byte	0x50
 621 000b 0A000000 		.4byte	.LVL2
 622 000f 18000000 		.4byte	.LFE0
 623 0013 0400     		.2byte	0x4
 624 0015 F3       		.byte	0xf3
 625 0016 01       		.uleb128 0x1
 626 0017 50       		.byte	0x50
 627 0018 9F       		.byte	0x9f
 628 0019 00000000 		.4byte	0
 629 001d 00000000 		.4byte	0
 630              	.LLST1:
 631 0021 00000000 		.4byte	.LVL3
 632 0025 0C000000 		.4byte	.LVL4
 633 0029 0100     		.2byte	0x1
 634 002b 50       		.byte	0x50
 635 002c 0C000000 		.4byte	.LVL4
 636 0030 18000000 		.4byte	.LFE1
 637 0034 0400     		.2byte	0x4
 638 0036 F3       		.byte	0xf3
 639 0037 01       		.uleb128 0x1
 640 0038 50       		.byte	0x50
 641 0039 9F       		.byte	0x9f
 642 003a 00000000 		.4byte	0
 643 003e 00000000 		.4byte	0
 644              		.section	.debug_aranges,"",%progbits
 645 0000 34000000 		.4byte	0x34
 646 0004 0200     		.2byte	0x2
 647 0006 00000000 		.4byte	.Ldebug_info0
 648 000a 04       		.byte	0x4
 649 000b 00       		.byte	0
 650 000c 0000     		.2byte	0
 651 000e 0000     		.2byte	0
 652 0010 00000000 		.4byte	.LFB0
 653 0014 18000000 		.4byte	.LFE0-.LFB0
 654 0018 00000000 		.4byte	.LFB1
 655 001c 18000000 		.4byte	.LFE1-.LFB1
 656 0020 00000000 		.4byte	.LFB2
 657 0024 10000000 		.4byte	.LFE2-.LFB2
 658 0028 00000000 		.4byte	.LFB3
 659 002c 10000000 		.4byte	.LFE3-.LFB3
 660 0030 00000000 		.4byte	0
 661 0034 00000000 		.4byte	0
 662              		.section	.debug_ranges,"",%progbits
 663              	.Ldebug_ranges0:
 664 0000 00000000 		.4byte	.LFB0
 665 0004 18000000 		.4byte	.LFE0
 666 0008 00000000 		.4byte	.LFB1
 667 000c 18000000 		.4byte	.LFE1
 668 0010 00000000 		.4byte	.LFB2
 669 0014 10000000 		.4byte	.LFE2
 670 0018 00000000 		.4byte	.LFB3
 671 001c 10000000 		.4byte	.LFE3
 672 0020 00000000 		.4byte	0
 673 0024 00000000 		.4byte	0
 674              		.section	.debug_line,"",%progbits
 675              	.Ldebug_line0:
 676 0000 8E000000 		.section	.debug_str,"MS",%progbits,1
ARM GAS  C:\Users\info\AppData\Local\Temp\cc1TAbks.s 			page 25


 676      02004200 
 676      00000201 
 676      FB0E0D00 
 676      01010101 
 677              	.LASF15:
 678 0000 436F6C5F 		.ascii	"Col_2_SetDriveMode\000"
 678      325F5365 
 678      74447269 
 678      76654D6F 
 678      646500
 679              	.LASF16:
 680 0013 76616C75 		.ascii	"value\000"
 680      6500
 681              	.LASF23:
 682 0019 73746174 		.ascii	"staticBits\000"
 682      69634269 
 682      747300
 683              	.LASF14:
 684 0024 436F6C5F 		.ascii	"Col_2_Write\000"
 684      325F5772 
 684      69746500 
 685              	.LASF20:
 686 0030 474E5520 		.ascii	"GNU C11 5.4.1 20160609 (release) [ARM/embedded-5-br"
 686      43313120 
 686      352E342E 
 686      31203230 
 686      31363036 
 687 0063 616E6368 		.ascii	"anch revision 237715] -mcpu=cortex-m3 -mthumb -g -O"
 687      20726576 
 687      6973696F 
 687      6E203233 
 687      37373135 
 688 0096 67202D66 		.ascii	"g -ffunction-sections -ffat-lto-objects -flto\000"
 688      66756E63 
 688      74696F6E 
 688      2D736563 
 688      74696F6E 
 689              	.LASF9:
 690 00c4 666C6F61 		.ascii	"float\000"
 690      7400
 691              	.LASF1:
 692 00ca 756E7369 		.ascii	"unsigned char\000"
 692      676E6564 
 692      20636861 
 692      7200
 693              	.LASF13:
 694 00d8 72656738 		.ascii	"reg8\000"
 694      00
 695              	.LASF5:
 696 00dd 6C6F6E67 		.ascii	"long unsigned int\000"
 696      20756E73 
 696      69676E65 
 696      6420696E 
 696      7400
 697              	.LASF3:
 698 00ef 73686F72 		.ascii	"short unsigned int\000"
 698      7420756E 
ARM GAS  C:\Users\info\AppData\Local\Temp\cc1TAbks.s 			page 26


 698      7369676E 
 698      65642069 
 698      6E7400
 699              	.LASF10:
 700 0102 646F7562 		.ascii	"double\000"
 700      6C6500
 701              	.LASF18:
 702 0109 436F6C5F 		.ascii	"Col_2_Read\000"
 702      325F5265 
 702      616400
 703              	.LASF8:
 704 0114 756E7369 		.ascii	"unsigned int\000"
 704      676E6564 
 704      20696E74 
 704      00
 705              	.LASF22:
 706 0121 433A5C55 		.ascii	"C:\\Users\\info\\Desktop\\Spring 2019 Classes\\6.11"
 706      73657273 
 706      5C696E66 
 706      6F5C4465 
 706      736B746F 
 707 014f 355C362E 		.ascii	"5\\6.115-final\\PSoCCreator\\Final Project\\FinalEm"
 707      3131352D 
 707      66696E61 
 707      6C5C5053 
 707      6F434372 
 708 017e 756C6174 		.ascii	"ulator.cydsn\000"
 708      6F722E63 
 708      7964736E 
 708      00
 709              	.LASF7:
 710 018b 6C6F6E67 		.ascii	"long long unsigned int\000"
 710      206C6F6E 
 710      6720756E 
 710      7369676E 
 710      65642069 
 711              	.LASF17:
 712 01a2 6D6F6465 		.ascii	"mode\000"
 712      00
 713              	.LASF6:
 714 01a7 6C6F6E67 		.ascii	"long long int\000"
 714      206C6F6E 
 714      6720696E 
 714      7400
 715              	.LASF11:
 716 01b5 63686172 		.ascii	"char\000"
 716      00
 717              	.LASF2:
 718 01ba 73686F72 		.ascii	"short int\000"
 718      7420696E 
 718      7400
 719              	.LASF12:
 720 01c4 75696E74 		.ascii	"uint8\000"
 720      3800
 721              	.LASF4:
 722 01ca 6C6F6E67 		.ascii	"long int\000"
 722      20696E74 
ARM GAS  C:\Users\info\AppData\Local\Temp\cc1TAbks.s 			page 27


 722      00
 723              	.LASF19:
 724 01d3 436F6C5F 		.ascii	"Col_2_ReadDataReg\000"
 724      325F5265 
 724      61644461 
 724      74615265 
 724      6700
 725              	.LASF21:
 726 01e5 47656E65 		.ascii	"Generated_Source\\PSoC5\\Col_2.c\000"
 726      72617465 
 726      645F536F 
 726      75726365 
 726      5C50536F 
 727              	.LASF0:
 728 0204 7369676E 		.ascii	"signed char\000"
 728      65642063 
 728      68617200 
 729              		.comm	__gnu_lto_v1,1,1
 730              		.ident	"GCC: (GNU Tools for ARM Embedded Processors) 5.4.1 20160609 (release) [ARM/embedded-5-bran
