ARM GAS  C:\Users\info\AppData\Local\Temp\ccQhQ3lI.s 			page 1


   1              		.syntax unified
   2              		.cpu cortex-m3
   3              		.fpu softvfp
   4              		.eabi_attribute 20, 1
   5              		.eabi_attribute 21, 1
   6              		.eabi_attribute 23, 3
   7              		.eabi_attribute 24, 1
   8              		.eabi_attribute 25, 1
   9              		.eabi_attribute 26, 1
  10              		.eabi_attribute 30, 1
  11              		.eabi_attribute 34, 1
  12              		.eabi_attribute 18, 4
  13              		.thumb
  14              		.syntax unified
  15              		.file	"cyutils.c"
  16              		.text
  17              	.Ltext0:
  18              		.section	.gnu.lto_.profile.792a726c,"",%progbits
  19 0000 789C6361 		.ascii	"x\234ca`d`a`\000\222\354l\000\000~\000\030"
  19      60646061 
  19      600092EC 
  19      6C00007E 
  19      0018
  20              		.text
  21              		.section	.gnu.lto_.inline.792a726c,"",%progbits
  22 0000 789C6361 		.ascii	"x\234ca`d\000\001Q\006\004\000\212p\260320\261\3370"
  22      60640001 
  22      51060400 
  22      8A70B033 
  22      3230B1DF 
  23 0015 63E0BC61 		.ascii	"c\340\274a\306\004\026\004\000\032U\002\\"
  23      C6041604 
  23      001A5502 
  23      5C
  24              		.text
  25              		.section	.gnu.lto_.jmpfuncs.792a726c,"",%progbits
  26 0000 789C6361 		.ascii	"x\234ca`d\000\001V\006\004\000\213\000\000\000\356\000"
  26      60640001 
  26      56060400 
  26      8B000000 
  26      EE00
  27 0012 0C       		.ascii	"\014"
  28              		.text
  29              		.section	.gnu.lto_.pureconst.792a726c,"",%progbits
  30 0000 789C6361 		.ascii	"x\234ca`d`f`\000\222R\000\000r\000$"
  30      60646066 
  30      60009252 
  30      00007200 
  30      24
  31              		.text
  32              		.section	.gnu.lto_CySetReg24.792a726c,"",%progbits
  33 0000 789C6591 		.ascii	"x\234e\221Mh\023A\024\307\347?\223d\263\321\026/\365"
  33      4D681341 
  33      14C7E73F 
  33      9364B3D1 
  33      162FF5
  34 0013 620F112C 		.ascii	"b\017\021,!\027=\351]<xU{-HH\366 T+1\021<u\362\261\315"
ARM GAS  C:\Users\info\AppData\Local\Temp\ccQhQ3lI.s 			page 2


  34      21173DE9 
  34      5D3C7855 
  34      7B2D4848 
  34      F620542B 
  35 002e 4151515B 		.ascii	"AQQ[h\261D\221\322\017\255i\214\365\203\026\\\202\024"
  35      68B14491 
  35      D20FAD69 
  35      8CF58316 
  35      5C8214
  36 0041 0CB5E2D7 		.ascii	"\014\265\342\327!7\255\246\025OI\211^\324\3067\263\271"
  36      2137ADA6 
  36      154F4989 
  36      5ED4C637 
  36      B3B9
  37 0053 A41D7677 		.ascii	"\244\035vw\336{\374\377\357\267\363\306\303\300\324"
  37      DE7BFCFF 
  37      EFB7F3C6 
  37      C3C0D4
  38 0062 7AC3193B 		.ascii	"z\303\031;F\373\001z!\030\370\3155\306R~\016\250@\372"
  38      46FB017A 
  38      2118F8CD 
  38      35C6527E 
  38      0EA840FA 
  39 0076 C1863986 		.ascii	"\301\2069\206\361\213\377\343(\3476^\362\360\264\244"
  39      F18BFFE3 
  39      28E7365E 
  39      F2F0B4A4 
  40 0086 F5C5BED5 		.ascii	"\365\305\276\325%g\034\330\202\261\026\327\235\030\246"
  40      25671CD8 
  40      82B116D7 
  40      9D18A6
  41 0095 1126D5FB 		.ascii	"\021&\325\373\354\302]\321\344\266\000<\2246\336N|\353"
  41      ECC25DD1 
  41      E4B6003C 
  41      9436DE4E 
  41      7CEB
  42 00a7 56294790 		.ascii	"V)G\220\322;\245y\333\024\207\300(^\253\256\214t\207"
  42      D23BA579 
  42      DB1487C0 
  42      285EABAE 
  42      8C7487
  43 00ba A6A44C4B 		.ascii	"\246\244LK\231\267\244i\013\2019\010\352\207Y\364b\006"
  43      99B7A469 
  43      0B813908 
  43      EA8759F4 
  43      6206
  44 00cc BD8C4A0C 		.ascii	"\275\214J\014\017\021\"\365\346r\356\023DX;\213\205"
  44      0F1122F5 
  44      E672EE13 
  44      44583B8B 
  44      85
  45 00dd EBF778DB 		.ascii	"\353\367x\333Y\325N\017\036\355tz\030\346\021R\362\245"
  45      59D54E0F 
  45      1EED747A 
  45      18E61152 
  45      F2A5
  46 00ef B9EA6753 		.ascii	"\271\352gS\034\321\326\327\215t\305\333\367@Y\235\321"
ARM GAS  C:\Users\info\AppData\Local\Temp\ccQhQ3lI.s 			page 3


  46      1CD1D6D7 
  46      8D74C5DB 
  46      F740599D 
  46      D1
  47 0100 1AC6A593 		.ascii	"\032\306\245\223\015\332\302\213\307\235v\265H\275^"
  47      0DDAC28B 
  47      C79D76B5 
  47      48BD5E
  48 010f DC1EEDF2 		.ascii	"\334\036\355\362e\325\221\203(\240\317=,\026\340S\343"
  48      65D59183 
  48      28A0CF3D 
  48      2C16E053 
  48      E3
  49 0120 2B9C7164 		.ascii	"+\234qd\253\225\221\316\355\236\032\337\013\250?\245"
  49      AB9591CE 
  49      ED9E1ADF 
  49      0BA83FA5 
  50 0130 C9115510 		.ascii	"\311\021U\020\337\347\243\217a\250\310TQ@E\214\325\251"
  50      DFE7A38F 
  50      61A8C854 
  50      5140458C 
  50      D5A9
  51 0142 839A6D83 		.ascii	"\203\232m\203s\265\213u\244\235\361)\350\236D\310\010"
  51      73B58B75 
  51      A49DF129 
  51      E89E44C8 
  51      08
  52 0153 B00DA4B7 		.ascii	"\260\015\244\267r\277\233^U\313\010\221\021\234J\345"
  52      72BF9B5E 
  52      55CB0891 
  52      119C4AE5 
  53 0163 B1AFFB55 		.ascii	"\261\257\373U\201\376j\314.\2773\324L\275\372H\367\033"
  53      81FE6ACC 
  53      2EBF33D4 
  53      4CBDFA48 
  53      F71B
  54 0175 E337441E 		.ascii	"\3437D\036\223\251lJ\312\323D\361S\023\024\325)\360"
  54      93A96C4A 
  54      CAD344F1 
  54      531314D5 
  54      29F0
  55 0187 0479500B 		.ascii	"\004yP\013\362g\266F\266\277\233nKz\324\205N,5+^\325"
  55      F267B646 
  55      B6BF9B6E 
  55      4B7AD485 
  55      4E2C352B 
  56 019d C7841F25 		.ascii	"\307\204\037%\322k\360_\356\212\014\322ur\027s\253\305"
  56      D26BF05F 
  56      EE8A0CD2 
  56      75721773 
  56      ABC5
  57 01af 80CB05A5 		.ascii	"\200\313\005\245?\354\2179\276\213\373Ts\0275\327p\271"
  57      3FEC8F39 
  57      BE8BFB54 
  57      731735D7 
  57      70B9
  58 01c1 2BB536D7 		.ascii	"+\2656\327t\271\037\352\253\223{\\\356><\333\311\015"
ARM GAS  C:\Users\info\AppData\Local\Temp\ccQhQ3lI.s 			page 4


  58      74B91FEA 
  58      AB937B5C 
  58      EE3E3CDB 
  58      C90D
  59 01d3 90AE93BB 		.ascii	"\220\256\223\273\234\2776\333\346*\373\253\253\225?"
  59      9CBF36DB 
  59      E62AFBAB 
  59      AB953F
  60 01e2 E62EEE73 		.ascii	"\346.\356s\315}\241\271\001\366\223\246Z\352Q~}\225"
  60      CD7DA1B9 
  60      01F693A6 
  60      5AEA517E 
  60      7D95
  61 01f4 750E356C 		.ascii	"u\0165l\032\375\301\223\326\005+\036IX\261\263\375C"
  61      1AFDC193 
  61      D6052B1E 
  61      4958B1B3 
  61      FD43
  62 0206 C978D41A 		.ascii	"\311x\324\0328\325?t\342\350@\364J2qn\360\322\341(\363"
  62      38D53F74 
  62      E2E840F4 
  62      4A32716E 
  62      F0D2E128 
  63 021b 4462B1B8 		.ascii	"Db\261\270\367rd0i\031\211\363\027\217S\366\037\275"
  63      F7726430 
  63      691989F3 
  63      178F53F6 
  63      1FBD
  64 022d 8DF9D3   		.ascii	"\215\371\323"
  65              		.text
  66              		.section	.gnu.lto_.symbol_nodes.792a726c,"",%progbits
  67 0000 789C6361 		.ascii	"x\234ca`d\020f\000\002&\206z\006\206\011\347\030@\324"
  67      60641066 
  67      00022686 
  67      7A068609 
  67      E71840D4 
  68 0014 AA0645A0 		.ascii	"\252\006E\240\010\000&\330\003\302"
  68      080026D8 
  68      03C2
  69              		.text
  70              		.section	.gnu.lto_.refs.792a726c,"",%progbits
  71 0000 789C6361 		.ascii	"x\234ca`\004B \000\000\0009\000\007"
  71      60044220 
  71      00000039 
  71      0007
  72              		.text
  73              		.section	.gnu.lto_.decls.792a726c,"",%progbits
  74 0000 789C8D51 		.ascii	"x\234\215QML\023Q\020~\263\273\324\262V4\015!=\254I"
  74      4D4C1351 
  74      107EB3BB 
  74      D4B25634 
  74      0D213DAC 
  75 0015 E5D29E1A 		.ascii	"\345\322\236\032\3711\361\344\245\211xRC#'\022\203u"
  75      F931F1E4 
  75      A5897852 
  75      43232712 
  75      8375
ARM GAS  C:\Users\info\AppData\Local\Temp\ccQhQ3lI.s 			page 5


  76 0027 55120306 		.ascii	"U\022\003\006\266\207\336^X0h<\224D\210\020\233T\017"
  76      B687DE5E 
  76      5830683C 
  76      94448810 
  76      9B540F
  77 003a 486DB515 		.ascii	"Hm\265\025\020\251\302\235\230pP\022\023$\246\325\352"
  77      10A9C29D 
  77      98705012 
  77      1324A6D5 
  77      EA
  78 004b 4143A248 		.ascii	"AC\242H/H\260\316{\273\355nc\214L2;\363f\277\367\315"
  78      2F48B0CE 
  78      7BBBED6E 
  78      638C4C32 
  78      3BF366BF 
  79 0061 9B6F2402 		.ascii	"\233o$\002\204\231.\022r\005\243\206^F\0230v\021\313"
  79      84992E12 
  79      7205A386 
  79      5E461330 
  79      7611CB
  80 0074 186A81FC 		.ascii	"\030j\201\374m\254&\233X7z#\372\034z\006}\031]A\367"
  80      6DAC269B 
  80      58377A23 
  80      FA1C7A06 
  80      7D195D41 
  81 0089 A12FA19F 		.ascii	"\241/\241\237\373\017\327\236\000\372\247o\011\347\006"
  81      FB0FD79E 
  81      00FAA76F 
  81      09E706
  82 0098 AC0310E0 		.ascii	"\254\003\020\340F\314\367\021V1#K\3008\010\025>\250"
  82      46CCF711 
  82      5631234B 
  82      C0380815 
  82      3EA8
  83 00aa 329B0987 		.ascii	"2\233\011\207\003\0218\036l?jp|VnV\011\252VAB-)c\265"
  83      0311381E 
  83      6C3F6A70 
  83      7C566E56 
  83      09AA5641 
  84 00c3 8E7816AC 		.ascii	"\216x\026\254\0136>\363\365f\177\260\267\345\324be\350"
  84      0B363EF3 
  84      F5667FB0 
  84      B7E5D462 
  84      65E8
  85 00d5 BB43F191 		.ascii	"\273C\361\221z\02191\317\357\314\234\016\244)Z\214R"
  85      7A113931 
  85      CFEFCC9C 
  85      0EA4295A 
  85      8C52
  86 00e7 E1A8A5CC 		.ascii	"\341\250\245\314\207\225dJ,\011\340\223\201\321\037"
  86      8795644A 
  86      2C09E093 
  86      81D11F
  87 00f6 C6526633 		.ascii	"\306Rf3\267s\310(1\304\353\374\227\237\365b\023\317"
  87      B773C828 
  87      31C4EBFC 
  87      979FF562 
ARM GAS  C:\Users\info\AppData\Local\Temp\ccQhQ3lI.s 			page 6


  87      13CF
  88 0108 DF0C67EF 		.ascii	"\337\014g\3573\264[\006\011\217[\253S\305\006<6\312"
  88      33B45B06 
  88      098F5BAB 
  88      53C5063C 
  88      36CA
  89 011a E0DD1384 		.ascii	"\340\335\023\204\267\223\233y\007\310\376QJ\207hL\247"
  89      B7939B79 
  89      07C8FE51 
  89      4A87684C 
  89      A7
  90 012b EE33049E 		.ascii	"\3563\004\236\202\002O@!\220\005?cLB\200@\012\213\217"
  90      82024F40 
  90      2190053F 
  90      634C4280 
  90      400A8B8F 
  91 013f B138CD1E 		.ascii	"\2618\315\036T\330]<\225\243\364\010d@\2064\210\034"
  91      54D85D3C 
  91      95A3F408 
  91      64408634 
  91      881C
  92 0151 82B3F864 		.ascii	"\202\263\370d\343\205\345\302|L\220p#\034pIb\265[\037"
  92      E385E5C2 
  92      7C4C9070 
  92      231C7049 
  92      62B55B1F 
  93 0165 C7DFD7C9 		.ascii	"\307\337\327\311\330G\337W\037\274\261\373}m\335\351"
  93      D847DF57 
  93      1FBCB1FB 
  93      7D6DDDE9 
  94 0175 BA5D7D19 		.ascii	"\272]}\031\314\"Y\345\022\2019p\231\202\334\2719Q\002"
  94      CC2259E5 
  94      12813970 
  94      9982DCB9 
  94      395102
  95 0188 DE0E6BF0 		.ascii	"\336\016k\360\014x\277\355\251t\374\200g\202\353\247"
  95      0C78BFED 
  95      A974FC80 
  95      6782EBA7 
  96 0198 53AF045D 		.ascii	"S\257\004]M\266\313\317\301\203\337y\204r\206\370\350"
  96      4DB6CBCF 
  96      C183DF79 
  96      847286F8 
  96      E8
  97 01a9 ECAAAB39 		.ascii	"\354\252\2539A\023YZ(?\350\034\323\351\012\336\3632"
  97      4113595A 
  97      283FE81C 
  97      D3E90ADE 
  97      F332
  98 01bb 18CC58F3 		.ascii	"\030\314X\363a\312\302#\330\300-.@3S~\344s\322\211z"
  98      61CAC223 
  98      D8C02D2E 
  98      4033537E 
  98      E473D289 
  99 01d0 2AB80CB0 		.ascii	"*\270\014\260mB1619V\374}P\354a\271\260VL}\225\300/"
  99      6D423136 
  99      313956FC 
ARM GAS  C:\Users\info\AppData\Local\Temp\ccQhQ3lI.s 			page 7


  99      7D50EC61 
  99      B9B0564C 
 100 01e8 9B12660D 		.ascii	"\233\022f\015\011_\341P9\253\205\302$\344\333\370\361"
 100      095FE150 
 100      39AB85C2 
 100      24E4DBF8 
 100      F1
 101 01f9 903A3C04 		.ascii	"\220:<\004\332\0248\216\032\275D\215\024S\243E\034\343"
 101      DA14388E 
 101      1ABD448D 
 101      1453A345 
 101      1CE3
 102 020b 85A15169 		.ascii	"\205\241Qix\373\235\303Pu_\370{\343\323\277\032\354"
 102      78FB9DC3 
 102      50755FF8 
 102      7BE3D3BF 
 102      1AEC
 103 021d 9A2ED568 		.ascii	"\232.\325h\272lh\312\243\034\214\206T\255S\275\332\332"
 103      BA6C68CA 
 103      A31C8C86 
 103      54AD53BD 
 103      DADA
 104 022f EEEC387B 		.ascii	"\356\3548{\301\033li!\216Ho\237\326\326z\254C\355S\007"
 104      C11B6C69 
 104      218E486F 
 104      9FD6D67A 
 104      AC43ED53 
 105 0244 7A34F5F2 		.ascii	"z4\365\362\305P\177d \254v\237\017\365\007Ot\207\243"
 105      C5507F64 
 105      20AC769F 
 105      0FF5074F 
 105      7487A3
 106 0257 5AF4863A 		.ascii	"Z\364\206:\030\270F\376\215\210h\275\327\007\003aR\307"
 106      18B846FE 
 106      8D8868BD 
 106      D7070361 
 106      52C7
 107 0269 A84EFE01 		.ascii	"\250N\376\001\3548\012\034"
 107      EC380A1C 
 108              		.text
 109              		.section	.gnu.lto_.symtab.792a726c,"",%progbits
 110 0000 43795365 		.ascii	"CySetReg24\000"
 110      74526567 
 110      323400
 111 000b 00       		.ascii	"\000"
 112 000c 00       		.ascii	"\000"
 113 000d 00       		.ascii	"\000"
 114 000e 00000000 		.ascii	"\000\000\000\000\000\000\000\000"
 114      00000000 
 115 0016 B6000000 		.ascii	"\266\000\000\000"
 116              		.text
 117              		.section	.gnu.lto_.opts,"",%progbits
 118 0000 272D666D 		.ascii	"'-fmath-errno' '-fsigned-zeros' '-ftrapping-math' '"
 118      6174682D 
 118      6572726E 
 118      6F272027 
 118      2D667369 
ARM GAS  C:\Users\info\AppData\Local\Temp\ccQhQ3lI.s 			page 8


 119 0033 2D666E6F 		.ascii	"-fno-trapv' '-fno-strict-overflow' '-fno-openmp' '-"
 119      2D747261 
 119      70762720 
 119      272D666E 
 119      6F2D7374 
 120 0066 666E6F2D 		.ascii	"fno-openacc' '-mcpu=cortex-m3' '-mthumb' '-g' '-Og'"
 120      6F70656E 
 120      61636327 
 120      20272D6D 
 120      6370753D 
 121 0099 20272D66 		.ascii	" '-ffunction-sections' '-ffat-lto-objects' '-flto'\000"
 121      66756E63 
 121      74696F6E 
 121      2D736563 
 121      74696F6E 
 122              		.text
 123              		.cfi_sections	.debug_frame
 124              		.section	.text.CySetReg24,"ax",%progbits
 125              		.align	2
 126              		.global	CySetReg24
 127              		.thumb
 128              		.thumb_func
 129              		.type	CySetReg24, %function
 130              	CySetReg24:
 131              	.LFB0:
 132              		.file 1 "Generated_Source\\PSoC5\\cyutils.c"
   1:Generated_Source\PSoC5/cyutils.c **** /***************************************************************************//**
   2:Generated_Source\PSoC5/cyutils.c **** * \file cyutils.c
   3:Generated_Source\PSoC5/cyutils.c **** * \version 5.80
   4:Generated_Source\PSoC5/cyutils.c **** *
   5:Generated_Source\PSoC5/cyutils.c **** * \brief Provides a function to handle 24-bit value writes.
   6:Generated_Source\PSoC5/cyutils.c **** *
   7:Generated_Source\PSoC5/cyutils.c **** ********************************************************************************
   8:Generated_Source\PSoC5/cyutils.c **** * \copyright
   9:Generated_Source\PSoC5/cyutils.c **** * Copyright 2008-2018, Cypress Semiconductor Corporation.  All rights reserved.
  10:Generated_Source\PSoC5/cyutils.c **** * You may use this file only in accordance with the license, terms, conditions,
  11:Generated_Source\PSoC5/cyutils.c **** * disclaimers, and limitations in the end user license agreement accompanying
  12:Generated_Source\PSoC5/cyutils.c **** * the software package with which this file was provided.
  13:Generated_Source\PSoC5/cyutils.c **** *******************************************************************************/
  14:Generated_Source\PSoC5/cyutils.c **** 
  15:Generated_Source\PSoC5/cyutils.c **** #include "cytypes.h"
  16:Generated_Source\PSoC5/cyutils.c **** 
  17:Generated_Source\PSoC5/cyutils.c **** #if (!CY_PSOC3)
  18:Generated_Source\PSoC5/cyutils.c **** 
  19:Generated_Source\PSoC5/cyutils.c ****     /***************************************************************************
  20:Generated_Source\PSoC5/cyutils.c ****     * Function Name: CySetReg24
  21:Generated_Source\PSoC5/cyutils.c ****     ************************************************************************//**
  22:Generated_Source\PSoC5/cyutils.c ****     *
  23:Generated_Source\PSoC5/cyutils.c ****     * Writes a 24-bit value to the specified register.
  24:Generated_Source\PSoC5/cyutils.c ****     *
  25:Generated_Source\PSoC5/cyutils.c ****     * \param add The address where data must be written.
  26:Generated_Source\PSoC5/cyutils.c ****     * \param value The data that must be written.
  27:Generated_Source\PSoC5/cyutils.c ****     *
  28:Generated_Source\PSoC5/cyutils.c ****     * Reentrant:
  29:Generated_Source\PSoC5/cyutils.c ****     *  No
  30:Generated_Source\PSoC5/cyutils.c ****     *
  31:Generated_Source\PSoC5/cyutils.c ****     ***************************************************************************/
ARM GAS  C:\Users\info\AppData\Local\Temp\ccQhQ3lI.s 			page 9


  32:Generated_Source\PSoC5/cyutils.c ****     void CySetReg24(uint32 volatile * addr, uint32 value)
  33:Generated_Source\PSoC5/cyutils.c ****     {
 133              		.loc 1 33 0
 134              		.cfi_startproc
 135              		@ args = 0, pretend = 0, frame = 0
 136              		@ frame_needed = 0, uses_anonymous_args = 0
 137              		@ link register save eliminated.
 138              	.LVL0:
  34:Generated_Source\PSoC5/cyutils.c ****         uint8 volatile *tmpAddr;
  35:Generated_Source\PSoC5/cyutils.c **** 
  36:Generated_Source\PSoC5/cyutils.c ****         tmpAddr = (uint8 volatile *) addr;
  37:Generated_Source\PSoC5/cyutils.c **** 
  38:Generated_Source\PSoC5/cyutils.c ****         tmpAddr[0u] = (uint8) value;
 139              		.loc 1 38 0
 140 0000 CBB2     		uxtb	r3, r1
 141 0002 0370     		strb	r3, [r0]
  39:Generated_Source\PSoC5/cyutils.c ****         tmpAddr[1u] = (uint8) (value >> 8u);
 142              		.loc 1 39 0
 143 0004 C1F30723 		ubfx	r3, r1, #8, #8
 144 0008 4370     		strb	r3, [r0, #1]
  40:Generated_Source\PSoC5/cyutils.c ****         tmpAddr[2u] = (uint8) (value >> 16u);
 145              		.loc 1 40 0
 146 000a C1F30741 		ubfx	r1, r1, #16, #8
 147              	.LVL1:
 148 000e 8170     		strb	r1, [r0, #2]
 149 0010 7047     		bx	lr
 150              		.cfi_endproc
 151              	.LFE0:
 152              		.size	CySetReg24, .-CySetReg24
 153 0012 00BF     		.text
 154              	.Letext0:
 155              		.file 2 "Generated_Source\\PSoC5\\cytypes.h"
 156              		.section	.debug_info,"",%progbits
 157              	.Ldebug_info0:
 158 0000 EA000000 		.4byte	0xea
 159 0004 0400     		.2byte	0x4
 160 0006 00000000 		.4byte	.Ldebug_abbrev0
 161 000a 04       		.byte	0x4
 162 000b 01       		.uleb128 0x1
 163 000c 11000000 		.4byte	.LASF16
 164 0010 0C       		.byte	0xc
 165 0011 EB000000 		.4byte	.LASF17
 166 0015 27010000 		.4byte	.LASF18
 167 0019 00000000 		.4byte	.Ldebug_ranges0+0
 168 001d 00000000 		.4byte	0
 169 0021 00000000 		.4byte	.Ldebug_line0
 170 0025 02       		.uleb128 0x2
 171 0026 01       		.byte	0x1
 172 0027 06       		.byte	0x6
 173 0028 D4010000 		.4byte	.LASF0
 174 002c 02       		.uleb128 0x2
 175 002d 01       		.byte	0x1
 176 002e 08       		.byte	0x8
 177 002f B0000000 		.4byte	.LASF1
 178 0033 02       		.uleb128 0x2
 179 0034 02       		.byte	0x2
 180 0035 05       		.byte	0x5
ARM GAS  C:\Users\info\AppData\Local\Temp\ccQhQ3lI.s 			page 10


 181 0036 BB010000 		.4byte	.LASF2
 182 003a 02       		.uleb128 0x2
 183 003b 02       		.byte	0x2
 184 003c 07       		.byte	0x7
 185 003d D8000000 		.4byte	.LASF3
 186 0041 02       		.uleb128 0x2
 187 0042 04       		.byte	0x4
 188 0043 05       		.byte	0x5
 189 0044 CB010000 		.4byte	.LASF4
 190 0048 02       		.uleb128 0x2
 191 0049 04       		.byte	0x4
 192 004a 07       		.byte	0x7
 193 004b C6000000 		.4byte	.LASF5
 194 004f 02       		.uleb128 0x2
 195 0050 08       		.byte	0x8
 196 0051 05       		.byte	0x5
 197 0052 A8010000 		.4byte	.LASF6
 198 0056 02       		.uleb128 0x2
 199 0057 08       		.byte	0x8
 200 0058 07       		.byte	0x7
 201 0059 91010000 		.4byte	.LASF7
 202 005d 03       		.uleb128 0x3
 203 005e 04       		.byte	0x4
 204 005f 05       		.byte	0x5
 205 0060 696E7400 		.ascii	"int\000"
 206 0064 02       		.uleb128 0x2
 207 0065 04       		.byte	0x4
 208 0066 07       		.byte	0x7
 209 0067 1A010000 		.4byte	.LASF8
 210 006b 04       		.uleb128 0x4
 211 006c C5010000 		.4byte	.LASF9
 212 0070 02       		.byte	0x2
 213 0071 E401     		.2byte	0x1e4
 214 0073 2C000000 		.4byte	0x2c
 215 0077 04       		.uleb128 0x4
 216 0078 13010000 		.4byte	.LASF10
 217 007c 02       		.byte	0x2
 218 007d E601     		.2byte	0x1e6
 219 007f 48000000 		.4byte	0x48
 220 0083 02       		.uleb128 0x2
 221 0084 04       		.byte	0x4
 222 0085 04       		.byte	0x4
 223 0086 AA000000 		.4byte	.LASF11
 224 008a 02       		.uleb128 0x2
 225 008b 08       		.byte	0x8
 226 008c 04       		.byte	0x4
 227 008d 0C010000 		.4byte	.LASF12
 228 0091 02       		.uleb128 0x2
 229 0092 01       		.byte	0x1
 230 0093 08       		.byte	0x8
 231 0094 B6010000 		.4byte	.LASF13
 232 0098 05       		.uleb128 0x5
 233 0099 6B000000 		.4byte	0x6b
 234 009d 05       		.uleb128 0x5
 235 009e 77000000 		.4byte	0x77
 236 00a2 06       		.uleb128 0x6
 237 00a3 06000000 		.4byte	.LASF19
ARM GAS  C:\Users\info\AppData\Local\Temp\ccQhQ3lI.s 			page 11


 238 00a7 01       		.byte	0x1
 239 00a8 20       		.byte	0x20
 240 00a9 00000000 		.4byte	.LFB0
 241 00ad 12000000 		.4byte	.LFE0-.LFB0
 242 00b1 01       		.uleb128 0x1
 243 00b2 9C       		.byte	0x9c
 244 00b3 E1000000 		.4byte	0xe1
 245 00b7 07       		.uleb128 0x7
 246 00b8 A5000000 		.4byte	.LASF14
 247 00bc 01       		.byte	0x1
 248 00bd 20       		.byte	0x20
 249 00be E1000000 		.4byte	0xe1
 250 00c2 01       		.uleb128 0x1
 251 00c3 50       		.byte	0x50
 252 00c4 08       		.uleb128 0x8
 253 00c5 00000000 		.4byte	.LASF15
 254 00c9 01       		.byte	0x1
 255 00ca 20       		.byte	0x20
 256 00cb 77000000 		.4byte	0x77
 257 00cf 00000000 		.4byte	.LLST0
 258 00d3 09       		.uleb128 0x9
 259 00d4 BE000000 		.4byte	.LASF20
 260 00d8 01       		.byte	0x1
 261 00d9 22       		.byte	0x22
 262 00da E7000000 		.4byte	0xe7
 263 00de 01       		.uleb128 0x1
 264 00df 50       		.byte	0x50
 265 00e0 00       		.byte	0
 266 00e1 0A       		.uleb128 0xa
 267 00e2 04       		.byte	0x4
 268 00e3 9D000000 		.4byte	0x9d
 269 00e7 0A       		.uleb128 0xa
 270 00e8 04       		.byte	0x4
 271 00e9 98000000 		.4byte	0x98
 272 00ed 00       		.byte	0
 273              		.section	.debug_abbrev,"",%progbits
 274              	.Ldebug_abbrev0:
 275 0000 01       		.uleb128 0x1
 276 0001 11       		.uleb128 0x11
 277 0002 01       		.byte	0x1
 278 0003 25       		.uleb128 0x25
 279 0004 0E       		.uleb128 0xe
 280 0005 13       		.uleb128 0x13
 281 0006 0B       		.uleb128 0xb
 282 0007 03       		.uleb128 0x3
 283 0008 0E       		.uleb128 0xe
 284 0009 1B       		.uleb128 0x1b
 285 000a 0E       		.uleb128 0xe
 286 000b 55       		.uleb128 0x55
 287 000c 17       		.uleb128 0x17
 288 000d 11       		.uleb128 0x11
 289 000e 01       		.uleb128 0x1
 290 000f 10       		.uleb128 0x10
 291 0010 17       		.uleb128 0x17
 292 0011 00       		.byte	0
 293 0012 00       		.byte	0
 294 0013 02       		.uleb128 0x2
ARM GAS  C:\Users\info\AppData\Local\Temp\ccQhQ3lI.s 			page 12


 295 0014 24       		.uleb128 0x24
 296 0015 00       		.byte	0
 297 0016 0B       		.uleb128 0xb
 298 0017 0B       		.uleb128 0xb
 299 0018 3E       		.uleb128 0x3e
 300 0019 0B       		.uleb128 0xb
 301 001a 03       		.uleb128 0x3
 302 001b 0E       		.uleb128 0xe
 303 001c 00       		.byte	0
 304 001d 00       		.byte	0
 305 001e 03       		.uleb128 0x3
 306 001f 24       		.uleb128 0x24
 307 0020 00       		.byte	0
 308 0021 0B       		.uleb128 0xb
 309 0022 0B       		.uleb128 0xb
 310 0023 3E       		.uleb128 0x3e
 311 0024 0B       		.uleb128 0xb
 312 0025 03       		.uleb128 0x3
 313 0026 08       		.uleb128 0x8
 314 0027 00       		.byte	0
 315 0028 00       		.byte	0
 316 0029 04       		.uleb128 0x4
 317 002a 16       		.uleb128 0x16
 318 002b 00       		.byte	0
 319 002c 03       		.uleb128 0x3
 320 002d 0E       		.uleb128 0xe
 321 002e 3A       		.uleb128 0x3a
 322 002f 0B       		.uleb128 0xb
 323 0030 3B       		.uleb128 0x3b
 324 0031 05       		.uleb128 0x5
 325 0032 49       		.uleb128 0x49
 326 0033 13       		.uleb128 0x13
 327 0034 00       		.byte	0
 328 0035 00       		.byte	0
 329 0036 05       		.uleb128 0x5
 330 0037 35       		.uleb128 0x35
 331 0038 00       		.byte	0
 332 0039 49       		.uleb128 0x49
 333 003a 13       		.uleb128 0x13
 334 003b 00       		.byte	0
 335 003c 00       		.byte	0
 336 003d 06       		.uleb128 0x6
 337 003e 2E       		.uleb128 0x2e
 338 003f 01       		.byte	0x1
 339 0040 3F       		.uleb128 0x3f
 340 0041 19       		.uleb128 0x19
 341 0042 03       		.uleb128 0x3
 342 0043 0E       		.uleb128 0xe
 343 0044 3A       		.uleb128 0x3a
 344 0045 0B       		.uleb128 0xb
 345 0046 3B       		.uleb128 0x3b
 346 0047 0B       		.uleb128 0xb
 347 0048 27       		.uleb128 0x27
 348 0049 19       		.uleb128 0x19
 349 004a 11       		.uleb128 0x11
 350 004b 01       		.uleb128 0x1
 351 004c 12       		.uleb128 0x12
ARM GAS  C:\Users\info\AppData\Local\Temp\ccQhQ3lI.s 			page 13


 352 004d 06       		.uleb128 0x6
 353 004e 40       		.uleb128 0x40
 354 004f 18       		.uleb128 0x18
 355 0050 9742     		.uleb128 0x2117
 356 0052 19       		.uleb128 0x19
 357 0053 01       		.uleb128 0x1
 358 0054 13       		.uleb128 0x13
 359 0055 00       		.byte	0
 360 0056 00       		.byte	0
 361 0057 07       		.uleb128 0x7
 362 0058 05       		.uleb128 0x5
 363 0059 00       		.byte	0
 364 005a 03       		.uleb128 0x3
 365 005b 0E       		.uleb128 0xe
 366 005c 3A       		.uleb128 0x3a
 367 005d 0B       		.uleb128 0xb
 368 005e 3B       		.uleb128 0x3b
 369 005f 0B       		.uleb128 0xb
 370 0060 49       		.uleb128 0x49
 371 0061 13       		.uleb128 0x13
 372 0062 02       		.uleb128 0x2
 373 0063 18       		.uleb128 0x18
 374 0064 00       		.byte	0
 375 0065 00       		.byte	0
 376 0066 08       		.uleb128 0x8
 377 0067 05       		.uleb128 0x5
 378 0068 00       		.byte	0
 379 0069 03       		.uleb128 0x3
 380 006a 0E       		.uleb128 0xe
 381 006b 3A       		.uleb128 0x3a
 382 006c 0B       		.uleb128 0xb
 383 006d 3B       		.uleb128 0x3b
 384 006e 0B       		.uleb128 0xb
 385 006f 49       		.uleb128 0x49
 386 0070 13       		.uleb128 0x13
 387 0071 02       		.uleb128 0x2
 388 0072 17       		.uleb128 0x17
 389 0073 00       		.byte	0
 390 0074 00       		.byte	0
 391 0075 09       		.uleb128 0x9
 392 0076 34       		.uleb128 0x34
 393 0077 00       		.byte	0
 394 0078 03       		.uleb128 0x3
 395 0079 0E       		.uleb128 0xe
 396 007a 3A       		.uleb128 0x3a
 397 007b 0B       		.uleb128 0xb
 398 007c 3B       		.uleb128 0x3b
 399 007d 0B       		.uleb128 0xb
 400 007e 49       		.uleb128 0x49
 401 007f 13       		.uleb128 0x13
 402 0080 02       		.uleb128 0x2
 403 0081 18       		.uleb128 0x18
 404 0082 00       		.byte	0
 405 0083 00       		.byte	0
 406 0084 0A       		.uleb128 0xa
 407 0085 0F       		.uleb128 0xf
 408 0086 00       		.byte	0
ARM GAS  C:\Users\info\AppData\Local\Temp\ccQhQ3lI.s 			page 14


 409 0087 0B       		.uleb128 0xb
 410 0088 0B       		.uleb128 0xb
 411 0089 49       		.uleb128 0x49
 412 008a 13       		.uleb128 0x13
 413 008b 00       		.byte	0
 414 008c 00       		.byte	0
 415 008d 00       		.byte	0
 416              		.section	.debug_loc,"",%progbits
 417              	.Ldebug_loc0:
 418              	.LLST0:
 419 0000 00000000 		.4byte	.LVL0
 420 0004 0E000000 		.4byte	.LVL1
 421 0008 0100     		.2byte	0x1
 422 000a 51       		.byte	0x51
 423 000b 0E000000 		.4byte	.LVL1
 424 000f 12000000 		.4byte	.LFE0
 425 0013 0400     		.2byte	0x4
 426 0015 F3       		.byte	0xf3
 427 0016 01       		.uleb128 0x1
 428 0017 51       		.byte	0x51
 429 0018 9F       		.byte	0x9f
 430 0019 00000000 		.4byte	0
 431 001d 00000000 		.4byte	0
 432              		.section	.debug_aranges,"",%progbits
 433 0000 1C000000 		.4byte	0x1c
 434 0004 0200     		.2byte	0x2
 435 0006 00000000 		.4byte	.Ldebug_info0
 436 000a 04       		.byte	0x4
 437 000b 00       		.byte	0
 438 000c 0000     		.2byte	0
 439 000e 0000     		.2byte	0
 440 0010 00000000 		.4byte	.LFB0
 441 0014 12000000 		.4byte	.LFE0-.LFB0
 442 0018 00000000 		.4byte	0
 443 001c 00000000 		.4byte	0
 444              		.section	.debug_ranges,"",%progbits
 445              	.Ldebug_ranges0:
 446 0000 00000000 		.4byte	.LFB0
 447 0004 12000000 		.4byte	.LFE0
 448 0008 00000000 		.4byte	0
 449 000c 00000000 		.4byte	0
 450              		.section	.debug_line,"",%progbits
 451              	.Ldebug_line0:
 452 0000 5C000000 		.section	.debug_str,"MS",%progbits,1
 452      02004400 
 452      00000201 
 452      FB0E0D00 
 452      01010101 
 453              	.LASF15:
 454 0000 76616C75 		.ascii	"value\000"
 454      6500
 455              	.LASF19:
 456 0006 43795365 		.ascii	"CySetReg24\000"
 456      74526567 
 456      323400
 457              	.LASF16:
 458 0011 474E5520 		.ascii	"GNU C11 5.4.1 20160609 (release) [ARM/embedded-5-br"
ARM GAS  C:\Users\info\AppData\Local\Temp\ccQhQ3lI.s 			page 15


 458      43313120 
 458      352E342E 
 458      31203230 
 458      31363036 
 459 0044 616E6368 		.ascii	"anch revision 237715] -mcpu=cortex-m3 -mthumb -g -O"
 459      20726576 
 459      6973696F 
 459      6E203233 
 459      37373135 
 460 0077 67202D66 		.ascii	"g -ffunction-sections -ffat-lto-objects -flto\000"
 460      66756E63 
 460      74696F6E 
 460      2D736563 
 460      74696F6E 
 461              	.LASF14:
 462 00a5 61646472 		.ascii	"addr\000"
 462      00
 463              	.LASF11:
 464 00aa 666C6F61 		.ascii	"float\000"
 464      7400
 465              	.LASF1:
 466 00b0 756E7369 		.ascii	"unsigned char\000"
 466      676E6564 
 466      20636861 
 466      7200
 467              	.LASF20:
 468 00be 746D7041 		.ascii	"tmpAddr\000"
 468      64647200 
 469              	.LASF5:
 470 00c6 6C6F6E67 		.ascii	"long unsigned int\000"
 470      20756E73 
 470      69676E65 
 470      6420696E 
 470      7400
 471              	.LASF3:
 472 00d8 73686F72 		.ascii	"short unsigned int\000"
 472      7420756E 
 472      7369676E 
 472      65642069 
 472      6E7400
 473              	.LASF17:
 474 00eb 47656E65 		.ascii	"Generated_Source\\PSoC5\\cyutils.c\000"
 474      72617465 
 474      645F536F 
 474      75726365 
 474      5C50536F 
 475              	.LASF12:
 476 010c 646F7562 		.ascii	"double\000"
 476      6C6500
 477              	.LASF10:
 478 0113 75696E74 		.ascii	"uint32\000"
 478      333200
 479              	.LASF8:
 480 011a 756E7369 		.ascii	"unsigned int\000"
 480      676E6564 
 480      20696E74 
 480      00
ARM GAS  C:\Users\info\AppData\Local\Temp\ccQhQ3lI.s 			page 16


 481              	.LASF18:
 482 0127 433A5C55 		.ascii	"C:\\Users\\info\\Desktop\\Spring 2019 Classes\\6.11"
 482      73657273 
 482      5C696E66 
 482      6F5C4465 
 482      736B746F 
 483 0155 355C362E 		.ascii	"5\\6.115-final\\PSoCCreator\\Final Project\\FinalEm"
 483      3131352D 
 483      66696E61 
 483      6C5C5053 
 483      6F434372 
 484 0184 756C6174 		.ascii	"ulator.cydsn\000"
 484      6F722E63 
 484      7964736E 
 484      00
 485              	.LASF7:
 486 0191 6C6F6E67 		.ascii	"long long unsigned int\000"
 486      206C6F6E 
 486      6720756E 
 486      7369676E 
 486      65642069 
 487              	.LASF6:
 488 01a8 6C6F6E67 		.ascii	"long long int\000"
 488      206C6F6E 
 488      6720696E 
 488      7400
 489              	.LASF13:
 490 01b6 63686172 		.ascii	"char\000"
 490      00
 491              	.LASF2:
 492 01bb 73686F72 		.ascii	"short int\000"
 492      7420696E 
 492      7400
 493              	.LASF9:
 494 01c5 75696E74 		.ascii	"uint8\000"
 494      3800
 495              	.LASF4:
 496 01cb 6C6F6E67 		.ascii	"long int\000"
 496      20696E74 
 496      00
 497              	.LASF0:
 498 01d4 7369676E 		.ascii	"signed char\000"
 498      65642063 
 498      68617200 
 499              		.comm	__gnu_lto_v1,1,1
 500              		.ident	"GCC: (GNU Tools for ARM Embedded Processors) 5.4.1 20160609 (release) [ARM/embedded-5-bran
