ARM GAS  C:\Users\info\AppData\Local\Temp\ccindcNh.s 			page 1


   1              		.syntax unified
   2              		.cpu cortex-m3
   3              		.fpu softvfp
   4              		.eabi_attribute 20, 1
   5              		.eabi_attribute 21, 1
   6              		.eabi_attribute 23, 3
   7              		.eabi_attribute 24, 1
   8              		.eabi_attribute 25, 1
   9              		.eabi_attribute 26, 1
  10              		.eabi_attribute 30, 1
  11              		.eabi_attribute 34, 1
  12              		.eabi_attribute 18, 4
  13              		.thumb
  14              		.syntax unified
  15              		.file	"DMA_dma.c"
  16              		.text
  17              	.Ltext0:
  18              		.section	.gnu.lto_.profile.792a7b6d,"",%progbits
  19 0000 789C6361 		.ascii	"x\234ca`d`a`\000\222\266\342\000\000\373\000_"
  19      60646061 
  19      600092B6 
  19      E20000FB 
  19      005F
  20              		.text
  21              		.section	.gnu.lto_.inline.792a7b6d,"",%progbits
  22 0000 789C6361 		.ascii	"x\234ca`d\000\001\177\006\004`b`\020\325gd`\3428`\307"
  22      60640001 
  22      7F060460 
  22      626010D5 
  22      676460E2 
  23 0017 C0B6409E 		.ascii	"\300\266@\236\011$\306\314\003\024\237\340\307\300\302"
  23      0924C6CC 
  23      03149FE0 
  23      C7C0C2
  24 0026 0B644FF0 		.ascii	"\013dO\360\003Av\001\006\0066\006\020\013\254\207\215"
  24      03417601 
  24      06063606 
  24      100BAC87 
  24      8D
  25 0037 0FA885E9 		.ascii	"\017\250\205\351\002?\\\013\0237\003\003#P\022\000\264"
  25      023F5C0B 
  25      13370303 
  25      23501200 
  25      B4
  26 0048 960A8E   		.ascii	"\226\012\216"
  27              		.text
  28              		.section	.gnu.lto_.jmpfuncs.792a7b6d,"",%progbits
  29 0000 789C6361 		.ascii	"x\234ca`d\000\001\036\006\004`B\242\000\002\000\000"
  29      60640001 
  29      1E060460 
  29      42A20002 
  29      0000
  30 0012 16       		.ascii	"\026"
  31              		.text
  32              		.section	.gnu.lto_.pureconst.792a7b6d,"",%progbits
  33 0000 789C6361 		.ascii	"x\234ca`d`e```b\220`\222\000\000\000\347\000?"
  33      60646065 
ARM GAS  C:\Users\info\AppData\Local\Temp\ccindcNh.s 			page 2


  33      60606062 
  33      90609200 
  33      0000E700 
  34              		.text
  35              		.section	.gnu.lto_DMA_DmaInitialize.792a7b6d,"",%progbits
  36 0000 789C9592 		.ascii	"x\234\225\222OL\023A\024\306\347\315\264\335\272\264"
  36      4F4C1341 
  36      14C6E7CD 
  36      B4DDBAB4 
  37 0010 859B0739 		.ascii	"\205\233\0079hb\202\\\324\304\230x2AH<i\032\032oUB\332"
  37      6862825C 
  37      D4C49878 
  37      3241483C 
  37      691A1A6F 
  38 0027 3D0AB82D 		.ascii	"=\012\270-\347\016]\253\222x\220\004P\017\320\250!\240"
  38      E70E5DAB 
  38      92789004 
  38      500FD0A8 
  38      21A0
  39 0039 A2B5FE2F 		.ascii	"\242\265\376/*\026\377D\023\033\211\202'=\030\017\215"
  39      2A16FF44 
  39      131B8982 
  39      273D180F 
  39      8D
  40 004a 699A5048 		.ascii	"i\232PH\201h\202\353{\323\202&\364\302&\233\235y\373"
  40      816882EB 
  40      7BD38226 
  40      F4C2269B 
  40      9D79FB
  41 005d BEEFFBBD 		.ascii	"\276\357\373\275\335q0`t\215\012\306N\341s\007\336 "
  41      DD713060 
  41      748D0AC6 
  41      4EE17307 
  41      DE20
  42 006f 18F04B1F 		.ascii	"\030\360K\037\031\353ss\000ZH7\260\030\207\030,\363"
  42      19EB7373 
  42      005A4837 
  42      B0188718 
  42      2CF3
  43 0081 350E1F56 		.ascii	"5\016\037V\337_\324\233\307\245\214\313\357cK\207.O"
  43      DF5FD49B 
  43      C7A58CCB 
  43      EF634B87 
  43      2E4F
  44 0093 64218172 		.ascii	"d!\201r\23338\320\010\373\033\311b\034\232\261s~r\266"
  44      9B3338D0 
  44      08FB1BC9 
  44      621C9AB1 
  44      737E72B6 
  45 00a7 DF277603 		.ascii	"\337'v\003\303\365\350`\256,\232\306H%\355\240\024("
  45      C3F5E860 
  45      AE2C9AC6 
  45      4825EDA0 
  45      1428
  46 00b9 810910FF 		.ascii	"\201\011\020\377T\344\0017\241\011{\027\346\256o\027"
  46      54E40137 
  46      A1097B17 
ARM GAS  C:\Users\info\AppData\Local\Temp\ccindcNh.s 			page 3


  46      E6AE6F17 
  47 00c9 FB946C20 		.ascii	"\373\224l \371\256\340\254\312\346NVd\2676\311n+\331"
  47      F9AEE0AC 
  47      CAE64E56 
  47      64B736C9 
  47      6E2BD9
  48 00dc 5B7B355B 		.ascii	"[{5[_\346\011\001@\234\237K\271\221:\332rh\300m\361"
  48      5FE60901 
  48      409C9F4B 
  48      B9913ADA 
  48      7268C06D 
  49 00f1 C6B5798F 		.ascii	"\306\265y\2178\254\\\343kK\323\276\252k\372\234G\372"
  49      38AC5CE3 
  49      6B4BD3BE 
  49      AA6BFA9C 
  49      47FA
  50 0103 1342C0DD 		.ascii	"\023B\300\335\212\355\035h\204I c\214J)\343\251\337"
  50      8AED1D68 
  50      84492063 
  50      8C4A29E3 
  50      A9DF
  51 0115 F9059F38 		.ascii	"\371\005\2378\256\244\203\2573\366:\320\300\371\252"
  51      AEA483AF 
  51      33F63AD0 
  51      C0F9AA
  52 0124 F45E0D69 		.ascii	"\364^\015i\032\232\250\377G\372\317\220\327uV\342\265"
  52      1A9AA8FF 
  52      47FACF90 
  52      D77556E2 
  52      B5
  53 0135 93BE11D2 		.ascii	"\223\276\021\322\336\007\027}\365T{V\332\266%\263C\332"
  53      DE07177D 
  53      F5547B56 
  53      DAB625B3 
  53      43DA
  54 0147 CC37CD8B 		.ascii	"\3147\315\213\3248\275\003h\030\027Z84\240x7\220\223"
  54      D438BD03 
  54      6818175A 
  54      3834A078 
  54      379093
  55 015a 4E058F1A 		.ascii	"N\005\217\032\226\225\320\204\376\312\"\347\364\024"
  55      9695D084 
  55      FECA22E7 
  55      F414
  56 0168 7988974B 		.ascii	"y\210\227K\371\264\223|1p8\361jV\243\261\235\2127\223"
  56      F9B4937C 
  56      317038F1 
  56      6A56A3B1 
  56      9D8A3793 
  57 017c 297ED562 		.ascii	")~\325bk\362\202\224\015X\353'\007,\027r_\336\350I\030"
  57      6BF28294 
  57      0D58EB27 
  57      072C1772 
  57      5FDEE849 
  58 0191 E993AACE 		.ascii	"\351\223\252\316\340!\376\336\007\310\316\340\021$\001"
  58      E021FEDE 
  58      07C8CEE0 
ARM GAS  C:\Users\info\AppData\Local\Temp\ccindcNh.s 			page 4


  58      112401
  59 01a0 3B52C5CC 		.ascii	";R\305\314//\3718\200\301c|\363\023\256\312++{(f\263"
  59      2F2FF938 
  59      80C1637C 
  59      F313AECA 
  59      2B2B7B28 
  60 01b6 B1CBE638 		.ascii	"\261\313\3468\023<\201\230j\266\204\260P\210\253\365"
  60      133C8198 
  60      6AB684B0 
  60      5088ABF5 
  61 01c6 3B213486 		.ascii	";!4\206\244\303\003e \007K\270\266\000\367t\003.\203"
  61      A4C30365 
  61      20074BB8 
  61      B600F774 
  61      032E83
  62 01d9 7048E2AA 		.ascii	"pH\342\252M\341\266\361\2330\230B\012\014\260\204f\011"
  62      4DE1B6F1 
  62      9B309842 
  62      0A0CB084 
  62      6609
  63 01eb 77426C53 		.ascii	"wBlS\301\237\226\253\301\372\026\202\237m\004?\257\004"
  63      C19F96AB 
  63      C1FA1682 
  63      9F6D043F 
  63      AF04
  64 01fd 3B6B07EB 		.ascii	";k\007\3536\247s\370B\005\353\377\237E\007p\230\246"
  64      36A773F8 
  64      4205EBFF 
  64      9F450770 
  64      98A6
  65 020f F1EB14C5 		.ascii	"\361\353\024\305\342\312\214\250`x\266\200\361r\003"
  65      E2CA8CA8 
  65      6078B680 
  65      F17203
  66 021e 234B1805 		.ascii	"#K\030\005\364\254x0u\036\200\316\001\016\276\353\250"
  66      F4AC7830 
  66      751E80CE 
  66      010EBEEB 
  66      A8
  67 022f D165989D 		.ascii	"\321e\230\235Q#\334\021\350\3565CF\320\037\350n=\030"
  67      5123DC11 
  67      E8EE3543 
  67      46D01FE8 
  67      6E3D18
  68 0242 6C3BD6D2 		.ascii	"l;\326\322\021>\335\2717\304\364#\275f$\332\332\335"
  68      113EDDB9 
  68      37C4F423 
  68      BD6624DA 
  68      DADD
  69 0254 DB15F5B5 		.ascii	"\333\025\365\265\033g\214H\324o\230\252V\177\242\247"
  69      1B678C48 
  69      D46F98AA 
  69      567FA2A7 
  70 0264 C7300366 		.ascii	"\3070\003f\250%\0346\215H\244A\355\333\260\243Z\370"
  70      A8251C36 
  70      8D48A441 
  70      EDDBB0A3 
ARM GAS  C:\Users\info\AppData\Local\Temp\ccindcNh.s 			page 5


  70      5AF8
  71 0276 0BC40A55 		.ascii	"\013\304\012U\322"
  71      D2
  72              		.text
  73              		.section	.gnu.lto_DMA_DmaRelease.792a7b6d,"",%progbits
  74 0000 789C654E 		.ascii	"x\234eN=K\003Q\020\334\331w&\341@\260\327B\261J#X\370"
  74      3D4B0351 
  74      10DCD977 
  74      26E140B0 
  74      D742B14A 
  75 0017 03444110 		.ascii	"\003DA\020\004I\332@\010\311\225\032\010Z\337K\342\241"
  75      0449DA40 
  75      08C9951A 
  75      085ADF4B 
  75      E2A1
  76 0029 7636A693 		.ascii	"v6\246\223t&~\200\210\215\327\235\301\322\217\312\312"
  76      74267E80 
  76      888DD79D 
  76      C1D28FCA 
  76      CA
  77 003a 462C8204 		.ascii	"F,\202\004\213\004\264\214\347\356Y:\360\330\307\354"
  77      8B04B48C 
  77      E7EE593A 
  77      F0D8C7EC 
  78 004a ECCC3804 		.ascii	"\354\3148\004R\244d\314\313\234\226\007C\340\243'\242"
  78      52A464CC 
  78      CB9C9607 
  78      43E0A327 
  78      A2
  79 005b 7A8601FD 		.ascii	"z\206\001\375\330\014\310g\370\370\3461\243\267\337"
  79      D80CC867 
  79      F8F8E631 
  79      A3B7DF
  80 006a 0F39DBB1 		.ascii	"\0179\333\261\202\267\340t\321v#\004\206(\346\304\211"
  80      82B7E074 
  80      D1762304 
  80      8628E6C4 
  80      89
  81 007b D0419644 		.ascii	"\320A\226D\366~\375s<\231\332S\331\354\337\022]h\016"
  81      F67EFD73 
  81      3C99DA53 
  81      D9ECDF12 
  81      5D680E
  82 008e 5DE5221B 		.ascii	"]\345\"\033\307M\033\335\270w\267\256\303\024\030\241"
  82      C74D1BDD 
  82      B877B7AE 
  82      C31418A1 
  83 009e 8722D1B0 		.ascii	"\207\"\321\260\021\263N\323G\2435z\314\351Q\323hn+\350"
  83      11B34ED3 
  83      47A3357A 
  83      CCE951D3 
  83      686E2BE8 
  84 00b2 3DA7BF38 		.ascii	"=\247\27780\014\365\017\303\317\327\264?\266\007\326"
  84      300CF50F 
  84      C3CFD7B4 
  84      3FB607D6 
  85 00c2 4E097728 		.ascii	"N\011w(\025\224\036<\274\334\273m\234\324m\302\033\234"
ARM GAS  C:\Users\info\AppData\Local\Temp\ccindcNh.s 			page 6


  85      15941E3C 
  85      BCDCBB6D 
  85      9CD46DC2 
  85      1B9C
  86 00d4 4BEF33CC 		.ascii	"K\3573\314H\374\005\332\240\0178j\371\337\301\211\305"
  86      48FC05DA 
  86      A00F386A 
  86      F9DFC189 
  86      C5
  87 00e5 9770099F 		.ascii	"\227p\011\237$/0\0234@#\012\327\023\265b({)&5\347\326"
  87      242F3013 
  87      3440230A 
  87      D713B562 
  87      287B2926 
  88 00fc BC6DAF56 		.ascii	"\274m\257V\332\361*\305|u\267V\366\012\233\371\352\312"
  88      DAF12AC5 
  88      7C75B756 
  88      F60A9BF9 
  88      EACA
  89 010e 52617563 		.ascii	"Rauc\271X\331*-\224\351\027\355dg]"
  89      B958D92A 
  89      2D94E917 
  89      ED64675D 
  90              		.text
  91              		.section	.gnu.lto_.symbol_nodes.792a7b6d,"",%progbits
  92 0000 789C558C 		.ascii	"x\234U\214\261\015\2000\014\004\317q\222\001\230\000"
  92      B10D8030 
  92      0C04CF71 
  92      92019800 
  93 0010 26759028 		.ascii	"&u\220()\230\2039R3\003,\202pR\221oN\367/}D\330\361"
  93      29988339 
  93      5233032C 
  93      82705291 
  93      6F4EF72F 
  94 0028 0431382E 		.ascii	"\00418.p\234e\201\004\353\324\206`2\014\222,\364\002"
  94      709C6581 
  94      04EBD486 
  94      60320C92 
  94      2CF402
  95 003b 4A99DDA3 		.ascii	"J\231\335\243\351\340jq\360l\351\357\352\327\365~E\211"
  95      E9E06A71 
  95      F06CE9EF 
  95      EAD7F57E 
  95      4589
  96 004d 6C4FA352 		.ascii	"lO\243R\033C\356=\037\276\244\037\006"
  96      1B43EE3D 
  96      1FBEA41F 
  96      06
  97              		.text
  98              		.section	.gnu.lto_.refs.792a7b6d,"",%progbits
  99 0000 789C0DC7 		.ascii	"x\234\015\307I\021\000 \000\000!\326c,`\377\254\312"
  99      49110020 
  99      000021D6 
  99      632C60FF 
  99      ACCA
 100 0012 8F25174B 		.ascii	"\217%\027K\245\251\255\323\370\365\000\003\311\0008"
 100      A5A9ADD3 
ARM GAS  C:\Users\info\AppData\Local\Temp\ccindcNh.s 			page 7


 100      F8F50003 
 100      C90038
 101              		.text
 102              		.section	.gnu.lto_.decls.792a7b6d,"",%progbits
 103 0000 789C8D54 		.ascii	"x\234\215TkL\024W\024\23633\002]^\226\230\226&\333\224"
 103      6B4C1457 
 103      149E3333 
 103      025D5E96 
 103      989626DB 
 104 0015 9A28FC68 		.ascii	"\232(\374h\266%M\233\376jb\226\242\375acJK\322\304\304"
 104      B6254D9B 
 104      FE6A6296 
 104      A2FD6163 
 104      4A4BD2C4 
 105 002a 2CEC5837 		.ascii	",\354X7\301\245a\227\2444i2-\330\252m\355#\246\212\217"
 105      C1A56197 
 105      A4346932 
 105      2DD8AA6D 
 105      ED23A68A 
 106 003f 14F05140 		.ascii	"\024\360Q@\221\247\340\002\352j+\013\310SA`y\255\300"
 106      91A7E002 
 106      EA6A2B0B 
 106      C8534160 
 106      79ADC0
 107 0052 6A517CA0 		.ascii	"jQ|\240\022\244F\351\271\217\335\231m\262i/\234\235"
 107      12A446E9 
 107      B98FDD99 
 107      6DB2692F 
 107      9C9D
 108 0064 7BCFFDEE 		.ascii	"{\317\375\356\371\316w\316\235\221\005\020\310\230\210"
 108      F9CE77CE 
 108      9D910510 
 108      C89888
 109 0073 14841538 		.ascii	"\024\204\0258\375\013\347\3138$|f\012\332\210@;\213"
 109      FD0BE7CB 
 109      38247C66 
 109      0ADA8840 
 109      3B8B
 110 0085 E646EB44 		.ascii	"\346F\353D\353C\033A\033G#\021|B\350 \330\030\264&\264"
 110      EB431B41 
 110      1B472311 
 110      7C42E820 
 110      D818B426 
 111 009a 04B45568 		.ascii	"\004\264Uh\325hF\264\353hSh\303h\323h\275h3h\035\374"
 111      D56846B4 
 111      EB685368 
 111      C368D368 
 111      BD683368 
 112 00b0 ACCCCF8F 		.ascii	"\254\314\317\217p\236\3160\034n\236W\246..\341\363\243"
 112      709ECE30 
 112      1C6E9E57 
 112      A62E2EE1 
 112      F3A3
 113 00c2 8D718CC8 		.ascii	"\215q\214\310q\341\362|*B\341\324\255\222\250Q\030\001"
 113      71E1F27C 
 113      2A42E1D4 
 113      AD92A851 
ARM GAS  C:\Users\info\AppData\Local\Temp\ccindcNh.s 			page 8


 113      1801
 114 00d4 10800E81 		.ascii	"\020\200\016\201\327D \036\376$\023`\013Q\340\261\030"
 114      D744201E 
 114      FE241360 
 114      0B51E0B1 
 114      18
 115 00e5 0A02A180 		.ascii	"\012\002\241\200\376\341\277H\361\240\333\010\301\321"
 115      FEE1BF48 
 115      F1A0DB08 
 115      C1D1
 116 00f3 FAD2A1B9 		.ascii	"\372\322\241\271 8\002H\010\015J\242jK\\\213\332\001"
 116      20380248 
 116      080D4AA2 
 116      6A4B5C8B 
 116      DA01
 117 0105 5D3C9E3D 		.ascii	"]<\236=\347\007=-\015-\005D7\026\367\354\224%\214\211"
 117      E7073D2D 
 117      0D2D0544 
 117      3716F7EC 
 117      94258C89 
 118 0119 F3C9A5F2 		.ascii	"\363\311\245\362t\323I\025\307O\252*\276\246U\346\330"
 118      74D34915 
 118      C74FAA2A 
 118      BEA655E6 
 118      D8
 119 012a DF4FEE4B 		.ascii	"\337O\356K\217DXk\000\274\021\350\250\236s-\3052\007"
 119      8F44586B 
 119      00BC11E8 
 119      A89E732D 
 119      C53207
 120 013d D92F2F6D 		.ascii	"\331//m\2537H/\323\371\245\345Ew<n%\030@\304\345\225"
 120      AB37482F 
 120      D3F9A5E5 
 120      45773C6E 
 120      251840C4 
 121 0153 FB5D87A3 		.ascii	"\373]\207\243q\271\312\000+\237\212\342\335\006\317"
 121      71B9CA00 
 121      2B9F8AE2 
 121      DD06CF
 122 0162 702C1852 		.ascii	"p,\030Rv\252\352\327\252Z\250\032R\0048\005F\250\002"
 122      76AAEAD7 
 122      AA5AA81A 
 122      52043805 
 122      46A802
 123 0175 A3003590 		.ascii	"\243\0005\220B\"V\200I\200\023\350\254D\347q\222\216"
 123      42225680 
 123      498013E8 
 123      AC44E771 
 123      928E
 124 0187 AFF8F4BB 		.ascii	"\257\370\364\273.U]\011\325`\200\223 Q\010*Yk`\371\355"
 124      2E555D09 
 124      D5608093 
 124      2051082A 
 124      596B60F9 
 125 019c 3FF2638A 		.ascii	"?\362c\212\214\355\240\373Y2q]\250\272\321e\010\372"
 125      8CEDA0FB 
 125      5932715D 
ARM GAS  C:\Users\info\AppData\Local\Temp\ccindcNh.s 			page 9


 125      A8BAD165 
 125      08FA
 126 01ae 6A813AAB 		.ascii	"j\201:\253w\314TDa2F\324\001:\031F&\243\370\347\351"
 126      77CC5444 
 126      613246D4 
 126      013A1946 
 126      26A3F8E7 
 127 01c3 67D1523A 		.ascii	"g\321R:\231\213W\247O\314\312\220b\240\374\356\375\257"
 127      998B57A7 
 127      4FCCCA90 
 127      62A0FCEE 
 127      FDAF
 128 01d5 A8223461 		.ascii	"\250\"4a\240\323\032\271\221\220S\035\367\313\324\210"
 128      A0D31AB9 
 128      9190531D 
 128      F7CBD488 
 129 01e5 4401DE34 		.ascii	"D\001\3364\302\033\250\242\021U\030\271\212\006TQ\217"
 129      C21BA8A2 
 129      115518B9 
 129      8A065451 
 129      8F
 130 01f6 2A30F8F8 		.ascii	"*0\370\3707\017+chB$N\035Kh\360\236\313\003A\347\031"
 130      370F2B63 
 130      6842244E 
 130      1D4B68F0 
 130      9ECB0341 
 131 020c E6EC2FAA 		.ascii	"\346\354/\2529$\261\012\312\270\234\357>0\035\307*\230"
 131      3924B10A 
 131      CAB89CEF 
 131      3E301DC7 
 131      2A98
 132 021e 84CBAF06 		.ascii	"\204\313\257\006<Gc\023\177\245]*T\223dz\262\005y\232"
 132      3C476313 
 132      7FA55D2A 
 132      5493647A 
 132      B205799A 
 133 0232 91478056 		.ascii	"\221G\200VH\304_\027\310\2542\245\307<\023\321\253K"
 133      48C45F17 
 133      C8AC32A5 
 133      C73C13D1 
 133      AB4B
 134 0244 D4921AD5 		.ascii	"\324\222\032\325\347j\263\316\327\251\352.<)\023\034"
 134      E76AB3CE 
 134      D7A9EA2E 
 134      3C29131C 
 135 0254 946B6270 		.ascii	"\224kbpJ\036\277\303(\336\226\263\260\032\217.^|\260"
 135      4A1EBFC3 
 135      28DE96B3 
 135      B01A8F2E 
 135      5E7CB0
 136 0267 274EB2D3 		.ascii	"'N\262\323\312<\3558x@\324\223f\276\240\343<O9\2638"
 136      CA3CED38 
 136      7840D493 
 136      66BEA0E3 
 136      3C4F39B3 
 137 027c 6551E9D0 		.ascii	"eQ\351\320p$\243t\327\356\226\212Uw\021\036\023\011"
 137      7024A374 
ARM GAS  C:\Users\info\AppData\Local\Temp\ccindcNh.s 			page 10


 137      D7EE968A 
 137      5577111E 
 137      1309
 138 028e 0ACE698C 		.ascii	"\012\316i\214\347\364\214n\312\330^\\Y/K_RF\377\276"
 138      E7F48C6E 
 138      CAD85E5C 
 138      592F4B5F 
 138      5246FFBE 
 139 02a2 DF6E4704 		.ascii	"\337nG\004+\303z\372\270\365\260W\014\372.\262j\215"
 139      2BC37AFA 
 139      B8F5B057 
 139      0CFA2EB2 
 139      6A8D
 140 02b4 B7579C20 		.ascii	"\267W\234 \325J&wsy9^\327\326d\326\326\301\306\035s"
 140      D54A2677 
 140      7379395E 
 140      D7D664D6 
 140      D6C1C61D 
 141 02c9 D1D20F40 		.ascii	"\321\322\017@\373z\357hyMT\340\002\242\226\204\015B"
 141      FB7AEF68 
 141      794D54E0 
 141      02A29684 
 141      0D42
 142 02db 5009B463 		.ascii	"P\011\264c\353\222y\353.\241\363O\355\002\272>\252\375"
 142      EB9279EB 
 142      2EA1F34F 
 142      ED02BA3E 
 142      AAFD
 143 02ed 96A8F020 		.ascii	"\226\250\360 s\233\246\"\231\337\300B_]g\214\276@\236"
 143      739BA622 
 143      99DFC042 
 143      5F5D678C 
 143      BE409E
 144 0300 90AE74D0 		.ascii	"\220\256t\320\012\375\021\350JksM\016V\310\207\201\307"
 144      0AFD11E8 
 144      4A6B734D 
 144      0E56C887 
 144      81C7
 145 0312 779B0ED4 		.ascii	"w\233\016\324\251E\317\021\010\\\320\002_\000\366\212"
 145      A945CF11 
 145      085CD002 
 145      5F00F68A 
 146 0322 42272DCD 		.ascii	"B'-\315\015\377\302H\244\324D5\374\367u\357\342\245"
 146      0DFFC248 
 146      A4D44435 
 146      FCF775EF 
 146      E2A5
 147 0334 09B972DD 		.ascii	"\011\271r\335\314\271g\366\301\262\024>\323^\232iO "
 147      CCB967F6 
 147      C1B2143E 
 147      D35E9A69 
 147      4F20
 148 0346 D3AABA5B 		.ascii	"\323\252\272[s2K\325\335\254`\232\270\017\227\2654/"
 148      73324BD5 
 148      DDAC609A 
 148      B80F97B5 
 148      342F
ARM GAS  C:\Users\info\AppData\Local\Temp\ccindcNh.s 			page 11


 149 0358 07D2ECA3 		.ascii	"\007\322\354\243iV\334\234\275\023+\365\303\377l\341"
 149      6956DC9C 
 149      BD132BF5 
 149      C3FF6CE1 
 150 0368 1596D2AE 		.ascii	"\025\226\322\256\302\207%\206\240\363*s\266{O>\321\220"
 150      C2872586 
 150      A0F32A73 
 150      B67B4F3E 
 150      D190
 151 037a 03CCD95D 		.ascii	"\003\314\331]\265wc\3207\310|c\355\273Z\264\323\327"
 151      B57763D0 
 151      37C87C63 
 151      EDBB5AB4 
 151      D3D7
 152 038c 98B3DE33 		.ascii	"\230\263\3363\27176\274\312a\252r(\240\262g\354\346"
 152      B93736BC 
 152      CA61AA72 
 152      28A0B267 
 152      ECE6
 153 039e F908AEF2 		.ascii	"\371\010\256\362\032Q\211\373\320\257\251\354\017\250"
 153      1A5189FB 
 153      D0AFA9EC 
 153      0FA8
 154 03ac 1CA12A3D 		.ascii	"\034\241*=\265}w\242\245\331\360*\313\346\357v\313\341"
 154      B57D77A2 
 154      A5D9F02A 
 154      CBE6EF76 
 154      CBE1
 155 03be D9C728FB 		.ascii	"\331\307(\373h\200}\337\341\321\333Q\234\275\201\260"
 155      68807DDF 
 155      E1D1DB51 
 155      9CBD81B0 
 156 03ce E33E7835 		.ascii	"\343>x5vo\200}\234\262O~7u<\342\021\373\034\321\257"
 156      766F807D 
 156      9CB24F7E 
 156      37753CE2 
 156      11FB1CD1 
 157 03e3 D842CBB3 		.ascii	"\330B\313\2633\221\322c\226\316\241\341\357\317\211"
 157      3391D263 
 157      96CEA1E1 
 157      EFCF89
 158 03f2 6B8EA825 		.ascii	"k\216\250%e\344\205O\237?\245\252\022\205N\262\200\374"
 158      65E4854F 
 158      9F3FA5AA 
 158      12854EB2 
 158      80FC
 159 0404 2B25D0F5 		.ascii	"+%\320\365\004\271\364>XC>+\007K\177\211\217\331\035"
 159      04B9F43E 
 159      58433E2B 
 159      074B7F89 
 159      8FD91D
 160 0417 7C2BFEF5 		.ascii	"|+\376\365Y\271\01614\005|\"x\300\357\365\202\036L\352"
 160      59B90E31 
 160      34057C22 
 160      78C0EFF5 
 160      821E4CEA 
 161 042b A581A738 		.ascii	"\245\201\2478x\212\202\227\206\026\232b\364\340\336"
ARM GAS  C:\Users\info\AppData\Local\Temp\ccindcNh.s 			page 12


 161      788A8297 
 161      86169A62 
 161      F4E0DE
 162 043a 10F03407 		.ascii	"\020\3604\007OSp\257\267\305\277B\017\356\010\001\317"
 162      4F5370AF 
 162      B7C5BF42 
 162      0FEE0801 
 162      CF
 163 044b 70F00C05 		.ascii	"p\360\014\005w\326/\266\210z\360X\010\330\317\301\344"
 163      77D62FB6 
 163      887AF058 
 163      08D8CFC1 
 163      E4
 164 045c F97CDAC6 		.ascii	"\371|\332\306u[\322\266[\336\267\333\2346K\216\355\013"
 164      755BD2B6 
 164      5BDEB7DB 
 164      9C364B8E 
 164      ED0B
 165 046e 256AFD07 		.ascii	"%j\375\007\037'\231SS\205\210|\233\335\231\372\366\253"
 165      1F279953 
 165      5385887C 
 165      9BDD99FA 
 165      F6AB
 166 0480 EB15BB92 		.ascii	"\353\025\273\222gq*\326-\031\271\371y\331\312\346M\031"
 166      67712AD6 
 166      2D19B9F9 
 166      79D9CAE6 
 166      4D19
 167 0492 B9E6B75E 		.ascii	"\271\346\267^\317.p\026|\2468L\333\204\025\004\370N"
 167      CF2E7016 
 167      7CA6384C 
 167      DB841504 
 167      F84E
 168 04a4 18DC6642 		.ascii	"\030\334fB`\335n1e\013q\234\353C%G\2618\224xs\001.\314"
 168      60DD6E31 
 168      650B719C 
 168      EB432547 
 168      B1389478 
 169 04bc DB36E5D9 		.ascii	"\3336\345\331r\363l\316\202\250\354\002\207\323\342"
 169      72F36CCE 
 169      82A8EC02 
 169      87D3E2
 170 04cb CC772485 		.ascii	"\314w$\205a4\177\202\001\314\246\015\302K\374d\206\342"
 170      61347F82 
 170      01CCA60D 
 170      C24BFC64 
 170      86E2
 171 04dd 7CEF73A7 		.ascii	"|\357s\247b\267*\326uVk\236\342p\274\250\355\230s\355"
 171      62B72AD6 
 171      75566B9E 
 171      E270BCA8 
 171      ED9873ED 
 172 04f1 5B6D9FE6 		.ascii	"[m\237\346c\034[\256=\216\373\323l\016KV\216\022\313"
 172      631C5BAE 
 172      3D8EFBD3 
 172      6C0E4B56 
 172      8E12CB
ARM GAS  C:\Users\info\AppData\Local\Temp\ccindcNh.s 			page 13


 173 0504 33D960B1 		.ascii	"3\331`\261[s\224\177\000\254\034\2450"
 173      5B73947F 
 173      00AC1CA5 
 173      30
 174              		.text
 175              		.section	.gnu.lto_.symtab.792a7b6d,"",%progbits
 176 0000 444D415F 		.ascii	"DMA_DmaInitialize\000"
 176      446D6149 
 176      6E697469 
 176      616C697A 
 176      6500
 177 0012 00       		.ascii	"\000"
 178 0013 00       		.ascii	"\000"
 179 0014 00       		.ascii	"\000"
 180 0015 00000000 		.ascii	"\000\000\000\000\000\000\000\000"
 180      00000000 
 181 001d BD000000 		.ascii	"\275\000\000\000"
 182 0021 444D415F 		.ascii	"DMA_DmaHandle\000"
 182      446D6148 
 182      616E646C 
 182      6500
 183 002f 00       		.ascii	"\000"
 184 0030 00       		.ascii	"\000"
 185 0031 00       		.ascii	"\000"
 186 0032 00000000 		.ascii	"\000\000\000\000\000\000\000\000"
 186      00000000 
 187 003a E0000000 		.ascii	"\340\000\000\000"
 188 003e 444D415F 		.ascii	"DMA_DmaRelease\000"
 188      446D6152 
 188      656C6561 
 188      736500
 189 004d 00       		.ascii	"\000"
 190 004e 00       		.ascii	"\000"
 191 004f 00       		.ascii	"\000"
 192 0050 00000000 		.ascii	"\000\000\000\000\000\000\000\000"
 192      00000000 
 193 0058 C0000000 		.ascii	"\300\000\000\000"
 194 005c 4379446D 		.ascii	"CyDmaChPriority\000"
 194      61436850 
 194      72696F72 
 194      69747900 
 195 006c 00       		.ascii	"\000"
 196 006d 02       		.ascii	"\002"
 197 006e 00       		.ascii	"\000"
 198 006f 00000000 		.ascii	"\000\000\000\000\000\000\000\000"
 198      00000000 
 199 0077 CA000000 		.ascii	"\312\000\000\000"
 200 007b 4379446D 		.ascii	"CyDmaChSetExtendedAddress\000"
 200      61436853 
 200      65744578 
 200      74656E64 
 200      65644164 
 201 0095 00       		.ascii	"\000"
 202 0096 02       		.ascii	"\002"
 203 0097 00       		.ascii	"\000"
 204 0098 00000000 		.ascii	"\000\000\000\000\000\000\000\000"
 204      00000000 
ARM GAS  C:\Users\info\AppData\Local\Temp\ccindcNh.s 			page 14


 205 00a0 D0000000 		.ascii	"\320\000\000\000"
 206 00a4 4379446D 		.ascii	"CyDmaChSetConfiguration\000"
 206      61436853 
 206      6574436F 
 206      6E666967 
 206      75726174 
 207 00bc 00       		.ascii	"\000"
 208 00bd 02       		.ascii	"\002"
 209 00be 00       		.ascii	"\000"
 210 00bf 00000000 		.ascii	"\000\000\000\000\000\000\000\000"
 210      00000000 
 211 00c7 D9000000 		.ascii	"\331\000\000\000"
 212 00cb 4379446D 		.ascii	"CyDmaChDisable\000"
 212      61436844 
 212      69736162 
 212      6C6500
 213 00da 00       		.ascii	"\000"
 214 00db 02       		.ascii	"\002"
 215 00dc 00       		.ascii	"\000"
 216 00dd 00000000 		.ascii	"\000\000\000\000\000\000\000\000"
 216      00000000 
 217 00e5 DD000000 		.ascii	"\335\000\000\000"
 218              		.text
 219              		.section	.gnu.lto_.opts,"",%progbits
 220 0000 272D666D 		.ascii	"'-fmath-errno' '-fsigned-zeros' '-ftrapping-math' '"
 220      6174682D 
 220      6572726E 
 220      6F272027 
 220      2D667369 
 221 0033 2D666E6F 		.ascii	"-fno-trapv' '-fno-strict-overflow' '-fno-openmp' '-"
 221      2D747261 
 221      70762720 
 221      272D666E 
 221      6F2D7374 
 222 0066 666E6F2D 		.ascii	"fno-openacc' '-mcpu=cortex-m3' '-mthumb' '-g' '-Og'"
 222      6F70656E 
 222      61636327 
 222      20272D6D 
 222      6370753D 
 223 0099 20272D66 		.ascii	" '-ffunction-sections' '-ffat-lto-objects' '-flto'\000"
 223      66756E63 
 223      74696F6E 
 223      2D736563 
 223      74696F6E 
 224              		.text
 225              		.cfi_sections	.debug_frame
 226              		.section	.text.DMA_DmaInitialize,"ax",%progbits
 227              		.align	2
 228              		.global	DMA_DmaInitialize
 229              		.thumb
 230              		.thumb_func
 231              		.type	DMA_DmaInitialize, %function
 232              	DMA_DmaInitialize:
 233              	.LFB0:
 234              		.file 1 "Generated_Source\\PSoC5\\DMA_dma.c"
   1:Generated_Source\PSoC5/DMA_dma.c **** /***************************************************************************
   2:Generated_Source\PSoC5/DMA_dma.c **** * File Name: DMA_dma.c  
ARM GAS  C:\Users\info\AppData\Local\Temp\ccindcNh.s 			page 15


   3:Generated_Source\PSoC5/DMA_dma.c **** * Version 1.70
   4:Generated_Source\PSoC5/DMA_dma.c **** *
   5:Generated_Source\PSoC5/DMA_dma.c **** *  Description:
   6:Generated_Source\PSoC5/DMA_dma.c **** *   Provides an API for the DMAC component. The API includes functions
   7:Generated_Source\PSoC5/DMA_dma.c **** *   for the DMA controller, DMA channels and Transfer Descriptors.
   8:Generated_Source\PSoC5/DMA_dma.c **** *
   9:Generated_Source\PSoC5/DMA_dma.c **** *
  10:Generated_Source\PSoC5/DMA_dma.c **** *   Note:
  11:Generated_Source\PSoC5/DMA_dma.c **** *     This module requires the developer to finish or fill in the auto
  12:Generated_Source\PSoC5/DMA_dma.c **** *     generated funcions and setup the dma channel and TD's.
  13:Generated_Source\PSoC5/DMA_dma.c **** *
  14:Generated_Source\PSoC5/DMA_dma.c **** ********************************************************************************
  15:Generated_Source\PSoC5/DMA_dma.c **** * Copyright 2008-2010, Cypress Semiconductor Corporation.  All rights reserved.
  16:Generated_Source\PSoC5/DMA_dma.c **** * You may use this file only in accordance with the license, terms, conditions, 
  17:Generated_Source\PSoC5/DMA_dma.c **** * disclaimers, and limitations in the end user license agreement accompanying 
  18:Generated_Source\PSoC5/DMA_dma.c **** * the software package with which this file was provided.
  19:Generated_Source\PSoC5/DMA_dma.c **** ********************************************************************************/
  20:Generated_Source\PSoC5/DMA_dma.c **** #include <CYLIB.H>
  21:Generated_Source\PSoC5/DMA_dma.c **** #include <CYDMAC.H>
  22:Generated_Source\PSoC5/DMA_dma.c **** #include <DMA_dma.H>
  23:Generated_Source\PSoC5/DMA_dma.c **** 
  24:Generated_Source\PSoC5/DMA_dma.c **** 
  25:Generated_Source\PSoC5/DMA_dma.c **** 
  26:Generated_Source\PSoC5/DMA_dma.c **** /****************************************************************************
  27:Generated_Source\PSoC5/DMA_dma.c **** * 
  28:Generated_Source\PSoC5/DMA_dma.c **** * The following defines are available in Cyfitter.h
  29:Generated_Source\PSoC5/DMA_dma.c **** * 
  30:Generated_Source\PSoC5/DMA_dma.c **** * 
  31:Generated_Source\PSoC5/DMA_dma.c **** * 
  32:Generated_Source\PSoC5/DMA_dma.c **** * DMA__DRQ_CTL_REG
  33:Generated_Source\PSoC5/DMA_dma.c **** * 
  34:Generated_Source\PSoC5/DMA_dma.c **** * 
  35:Generated_Source\PSoC5/DMA_dma.c **** * DMA__DRQ_NUMBER
  36:Generated_Source\PSoC5/DMA_dma.c **** * 
  37:Generated_Source\PSoC5/DMA_dma.c **** * Number of TD's used by this channel.
  38:Generated_Source\PSoC5/DMA_dma.c **** * DMA__NUMBEROF_TDS
  39:Generated_Source\PSoC5/DMA_dma.c **** * 
  40:Generated_Source\PSoC5/DMA_dma.c **** * Priority of this channel.
  41:Generated_Source\PSoC5/DMA_dma.c **** * DMA__PRIORITY
  42:Generated_Source\PSoC5/DMA_dma.c **** * 
  43:Generated_Source\PSoC5/DMA_dma.c **** * True if DMA_TERMIN_SEL is used.
  44:Generated_Source\PSoC5/DMA_dma.c **** * DMA__TERMIN_EN
  45:Generated_Source\PSoC5/DMA_dma.c **** * 
  46:Generated_Source\PSoC5/DMA_dma.c **** * TERMIN interrupt line to signal terminate.
  47:Generated_Source\PSoC5/DMA_dma.c **** * DMA__TERMIN_SEL
  48:Generated_Source\PSoC5/DMA_dma.c **** * 
  49:Generated_Source\PSoC5/DMA_dma.c **** * 
  50:Generated_Source\PSoC5/DMA_dma.c **** * True if DMA_TERMOUT0_SEL is used.
  51:Generated_Source\PSoC5/DMA_dma.c **** * DMA__TERMOUT0_EN
  52:Generated_Source\PSoC5/DMA_dma.c **** * 
  53:Generated_Source\PSoC5/DMA_dma.c **** * 
  54:Generated_Source\PSoC5/DMA_dma.c **** * TERMOUT0 interrupt line to signal completion.
  55:Generated_Source\PSoC5/DMA_dma.c **** * DMA__TERMOUT0_SEL
  56:Generated_Source\PSoC5/DMA_dma.c **** * 
  57:Generated_Source\PSoC5/DMA_dma.c **** * 
  58:Generated_Source\PSoC5/DMA_dma.c **** * True if DMA_TERMOUT1_SEL is used.
  59:Generated_Source\PSoC5/DMA_dma.c **** * DMA__TERMOUT1_EN
ARM GAS  C:\Users\info\AppData\Local\Temp\ccindcNh.s 			page 16


  60:Generated_Source\PSoC5/DMA_dma.c **** * 
  61:Generated_Source\PSoC5/DMA_dma.c **** * 
  62:Generated_Source\PSoC5/DMA_dma.c **** * TERMOUT1 interrupt line to signal completion.
  63:Generated_Source\PSoC5/DMA_dma.c **** * DMA__TERMOUT1_SEL
  64:Generated_Source\PSoC5/DMA_dma.c **** * 
  65:Generated_Source\PSoC5/DMA_dma.c **** ****************************************************************************/
  66:Generated_Source\PSoC5/DMA_dma.c **** 
  67:Generated_Source\PSoC5/DMA_dma.c **** 
  68:Generated_Source\PSoC5/DMA_dma.c **** /* Zero based index of DMA dma channel */
  69:Generated_Source\PSoC5/DMA_dma.c **** uint8 DMA_DmaHandle = DMA_INVALID_CHANNEL;
  70:Generated_Source\PSoC5/DMA_dma.c **** 
  71:Generated_Source\PSoC5/DMA_dma.c **** /*********************************************************************
  72:Generated_Source\PSoC5/DMA_dma.c **** * Function Name: uint8 DMA_DmaInitalize
  73:Generated_Source\PSoC5/DMA_dma.c **** **********************************************************************
  74:Generated_Source\PSoC5/DMA_dma.c **** * Summary:
  75:Generated_Source\PSoC5/DMA_dma.c **** *   Allocates and initialises a channel of the DMAC to be used by the
  76:Generated_Source\PSoC5/DMA_dma.c **** *   caller.
  77:Generated_Source\PSoC5/DMA_dma.c **** *
  78:Generated_Source\PSoC5/DMA_dma.c **** * Parameters:
  79:Generated_Source\PSoC5/DMA_dma.c **** *   BurstCount.
  80:Generated_Source\PSoC5/DMA_dma.c **** *       
  81:Generated_Source\PSoC5/DMA_dma.c **** *       
  82:Generated_Source\PSoC5/DMA_dma.c **** *   ReqestPerBurst.
  83:Generated_Source\PSoC5/DMA_dma.c **** *       
  84:Generated_Source\PSoC5/DMA_dma.c **** *       
  85:Generated_Source\PSoC5/DMA_dma.c **** *   UpperSrcAddress.
  86:Generated_Source\PSoC5/DMA_dma.c **** *       
  87:Generated_Source\PSoC5/DMA_dma.c **** *       
  88:Generated_Source\PSoC5/DMA_dma.c **** *   UpperDestAddress.
  89:Generated_Source\PSoC5/DMA_dma.c **** *       
  90:Generated_Source\PSoC5/DMA_dma.c **** *
  91:Generated_Source\PSoC5/DMA_dma.c **** * Return:
  92:Generated_Source\PSoC5/DMA_dma.c **** *   The channel that can be used by the caller for DMA activity.
  93:Generated_Source\PSoC5/DMA_dma.c **** *   DMA_INVALID_CHANNEL (0xFF) if there are no channels left. 
  94:Generated_Source\PSoC5/DMA_dma.c **** *
  95:Generated_Source\PSoC5/DMA_dma.c **** *
  96:Generated_Source\PSoC5/DMA_dma.c **** *******************************************************************/
  97:Generated_Source\PSoC5/DMA_dma.c **** uint8 DMA_DmaInitialize(uint8 BurstCount, uint8 ReqestPerBurst, uint16 UpperSrcAddress, uint16 Uppe
  98:Generated_Source\PSoC5/DMA_dma.c **** {
 235              		.loc 1 98 0
 236              		.cfi_startproc
 237              		@ args = 0, pretend = 0, frame = 0
 238              		@ frame_needed = 0, uses_anonymous_args = 0
 239              	.LVL0:
 240 0000 F0B5     		push	{r4, r5, r6, r7, lr}
 241              		.cfi_def_cfa_offset 20
 242              		.cfi_offset 4, -20
 243              		.cfi_offset 5, -16
 244              		.cfi_offset 6, -12
 245              		.cfi_offset 7, -8
 246              		.cfi_offset 14, -4
 247 0002 83B0     		sub	sp, sp, #12
 248              		.cfi_def_cfa_offset 32
 249 0004 1646     		mov	r6, r2
 250 0006 1F46     		mov	r7, r3
  99:Generated_Source\PSoC5/DMA_dma.c **** 
 100:Generated_Source\PSoC5/DMA_dma.c ****     /* Allocate a DMA channel. */
ARM GAS  C:\Users\info\AppData\Local\Temp\ccindcNh.s 			page 17


 101:Generated_Source\PSoC5/DMA_dma.c ****     DMA_DmaHandle = (uint8)DMA__DRQ_NUMBER;
 251              		.loc 1 101 0
 252 0008 0B4D     		ldr	r5, .L3
 253 000a 0024     		movs	r4, #0
 254 000c 2C70     		strb	r4, [r5]
 102:Generated_Source\PSoC5/DMA_dma.c **** 
 103:Generated_Source\PSoC5/DMA_dma.c ****     /* Configure the channel. */
 104:Generated_Source\PSoC5/DMA_dma.c ****     (void)CyDmaChSetConfiguration(DMA_DmaHandle,
 255              		.loc 1 104 0
 256 000e 0194     		str	r4, [sp, #4]
 257 0010 0094     		str	r4, [sp]
 258 0012 2346     		mov	r3, r4
 259              	.LVL1:
 260 0014 0A46     		mov	r2, r1
 261              	.LVL2:
 262 0016 0146     		mov	r1, r0
 263              	.LVL3:
 264 0018 2046     		mov	r0, r4
 265              	.LVL4:
 266 001a FFF7FEFF 		bl	CyDmaChSetConfiguration
 267              	.LVL5:
 105:Generated_Source\PSoC5/DMA_dma.c ****                                   BurstCount,
 106:Generated_Source\PSoC5/DMA_dma.c ****                                   ReqestPerBurst,
 107:Generated_Source\PSoC5/DMA_dma.c ****                                   (uint8)DMA__TERMOUT0_SEL,
 108:Generated_Source\PSoC5/DMA_dma.c ****                                   (uint8)DMA__TERMOUT1_SEL,
 109:Generated_Source\PSoC5/DMA_dma.c ****                                   (uint8)DMA__TERMIN_SEL);
 110:Generated_Source\PSoC5/DMA_dma.c **** 
 111:Generated_Source\PSoC5/DMA_dma.c ****     /* Set the extended address for the transfers */
 112:Generated_Source\PSoC5/DMA_dma.c ****     (void)CyDmaChSetExtendedAddress(DMA_DmaHandle, UpperSrcAddress, UpperDestAddress);
 268              		.loc 1 112 0
 269 001e 3A46     		mov	r2, r7
 270 0020 3146     		mov	r1, r6
 271 0022 2878     		ldrb	r0, [r5]	@ zero_extendqisi2
 272 0024 FFF7FEFF 		bl	CyDmaChSetExtendedAddress
 273              	.LVL6:
 113:Generated_Source\PSoC5/DMA_dma.c **** 
 114:Generated_Source\PSoC5/DMA_dma.c ****     /* Set the priority for this channel */
 115:Generated_Source\PSoC5/DMA_dma.c ****     (void)CyDmaChPriority(DMA_DmaHandle, (uint8)DMA__PRIORITY);
 274              		.loc 1 115 0
 275 0028 0221     		movs	r1, #2
 276 002a 2878     		ldrb	r0, [r5]	@ zero_extendqisi2
 277 002c FFF7FEFF 		bl	CyDmaChPriority
 278              	.LVL7:
 116:Generated_Source\PSoC5/DMA_dma.c ****     
 117:Generated_Source\PSoC5/DMA_dma.c ****     return DMA_DmaHandle;
 118:Generated_Source\PSoC5/DMA_dma.c **** }
 279              		.loc 1 118 0
 280 0030 2878     		ldrb	r0, [r5]	@ zero_extendqisi2
 281 0032 03B0     		add	sp, sp, #12
 282              		.cfi_def_cfa_offset 20
 283              		@ sp needed
 284 0034 F0BD     		pop	{r4, r5, r6, r7, pc}
 285              	.L4:
 286 0036 00BF     		.align	2
 287              	.L3:
 288 0038 00000000 		.word	.LANCHOR0
 289              		.cfi_endproc
ARM GAS  C:\Users\info\AppData\Local\Temp\ccindcNh.s 			page 18


 290              	.LFE0:
 291              		.size	DMA_DmaInitialize, .-DMA_DmaInitialize
 292              		.section	.text.DMA_DmaRelease,"ax",%progbits
 293              		.align	2
 294              		.global	DMA_DmaRelease
 295              		.thumb
 296              		.thumb_func
 297              		.type	DMA_DmaRelease, %function
 298              	DMA_DmaRelease:
 299              	.LFB1:
 119:Generated_Source\PSoC5/DMA_dma.c **** 
 120:Generated_Source\PSoC5/DMA_dma.c **** /*********************************************************************
 121:Generated_Source\PSoC5/DMA_dma.c **** * Function Name: void DMA_DmaRelease
 122:Generated_Source\PSoC5/DMA_dma.c **** **********************************************************************
 123:Generated_Source\PSoC5/DMA_dma.c **** * Summary:
 124:Generated_Source\PSoC5/DMA_dma.c **** *   Frees the channel associated with DMA.
 125:Generated_Source\PSoC5/DMA_dma.c **** *
 126:Generated_Source\PSoC5/DMA_dma.c **** *
 127:Generated_Source\PSoC5/DMA_dma.c **** * Parameters:
 128:Generated_Source\PSoC5/DMA_dma.c **** *   void.
 129:Generated_Source\PSoC5/DMA_dma.c **** *
 130:Generated_Source\PSoC5/DMA_dma.c **** *
 131:Generated_Source\PSoC5/DMA_dma.c **** *
 132:Generated_Source\PSoC5/DMA_dma.c **** * Return:
 133:Generated_Source\PSoC5/DMA_dma.c **** *   void.
 134:Generated_Source\PSoC5/DMA_dma.c **** *
 135:Generated_Source\PSoC5/DMA_dma.c **** *******************************************************************/
 136:Generated_Source\PSoC5/DMA_dma.c **** void DMA_DmaRelease(void) 
 137:Generated_Source\PSoC5/DMA_dma.c **** {
 300              		.loc 1 137 0
 301              		.cfi_startproc
 302              		@ args = 0, pretend = 0, frame = 0
 303              		@ frame_needed = 0, uses_anonymous_args = 0
 304 0000 08B5     		push	{r3, lr}
 305              		.cfi_def_cfa_offset 8
 306              		.cfi_offset 3, -8
 307              		.cfi_offset 14, -4
 138:Generated_Source\PSoC5/DMA_dma.c ****     /* Disable the channel */
 139:Generated_Source\PSoC5/DMA_dma.c ****     (void)CyDmaChDisable(DMA_DmaHandle);
 308              		.loc 1 139 0
 309 0002 024B     		ldr	r3, .L7
 310 0004 1878     		ldrb	r0, [r3]	@ zero_extendqisi2
 311 0006 FFF7FEFF 		bl	CyDmaChDisable
 312              	.LVL8:
 313 000a 08BD     		pop	{r3, pc}
 314              	.L8:
 315              		.align	2
 316              	.L7:
 317 000c 00000000 		.word	.LANCHOR0
 318              		.cfi_endproc
 319              	.LFE1:
 320              		.size	DMA_DmaRelease, .-DMA_DmaRelease
 321              		.global	DMA_DmaHandle
 322              		.data
 323              		.set	.LANCHOR0,. + 0
 324              		.type	DMA_DmaHandle, %object
 325              		.size	DMA_DmaHandle, 1
ARM GAS  C:\Users\info\AppData\Local\Temp\ccindcNh.s 			page 19


 326              	DMA_DmaHandle:
 327 0000 FF       		.byte	-1
 328              		.text
 329              	.Letext0:
 330              		.file 2 "Generated_Source\\PSoC5/cytypes.h"
 331              		.file 3 "Generated_Source\\PSoC5/CYDMAC.H"
 332              		.section	.debug_info,"",%progbits
 333              	.Ldebug_info0:
 334 0000 A6010000 		.4byte	0x1a6
 335 0004 0400     		.2byte	0x4
 336 0006 00000000 		.4byte	.Ldebug_abbrev0
 337 000a 04       		.byte	0x4
 338 000b 01       		.uleb128 0x1
 339 000c 62000000 		.4byte	.LASF24
 340 0010 0C       		.byte	0xc
 341 0011 2D010000 		.4byte	.LASF25
 342 0015 69010000 		.4byte	.LASF26
 343 0019 00000000 		.4byte	.Ldebug_ranges0+0
 344 001d 00000000 		.4byte	0
 345 0021 00000000 		.4byte	.Ldebug_line0
 346 0025 02       		.uleb128 0x2
 347 0026 04       		.byte	0x4
 348 0027 05       		.byte	0x5
 349 0028 696E7400 		.ascii	"int\000"
 350 002c 03       		.uleb128 0x3
 351 002d 04       		.byte	0x4
 352 002e 07       		.byte	0x7
 353 002f 5C010000 		.4byte	.LASF0
 354 0033 03       		.uleb128 0x3
 355 0034 08       		.byte	0x8
 356 0035 05       		.byte	0x5
 357 0036 13020000 		.4byte	.LASF1
 358 003a 03       		.uleb128 0x3
 359 003b 08       		.byte	0x8
 360 003c 04       		.byte	0x4
 361 003d 53020000 		.4byte	.LASF2
 362 0041 03       		.uleb128 0x3
 363 0042 01       		.byte	0x1
 364 0043 06       		.byte	0x6
 365 0044 5F020000 		.4byte	.LASF3
 366 0048 03       		.uleb128 0x3
 367 0049 01       		.byte	0x1
 368 004a 08       		.byte	0x8
 369 004b FC000000 		.4byte	.LASF4
 370 004f 03       		.uleb128 0x3
 371 0050 02       		.byte	0x2
 372 0051 05       		.byte	0x5
 373 0052 40020000 		.4byte	.LASF5
 374 0056 03       		.uleb128 0x3
 375 0057 02       		.byte	0x2
 376 0058 07       		.byte	0x7
 377 0059 4F000000 		.4byte	.LASF6
 378 005d 03       		.uleb128 0x3
 379 005e 04       		.byte	0x4
 380 005f 05       		.byte	0x5
 381 0060 4A020000 		.4byte	.LASF7
 382 0064 03       		.uleb128 0x3
ARM GAS  C:\Users\info\AppData\Local\Temp\ccindcNh.s 			page 20


 383 0065 04       		.byte	0x4
 384 0066 07       		.byte	0x7
 385 0067 15010000 		.4byte	.LASF8
 386 006b 03       		.uleb128 0x3
 387 006c 08       		.byte	0x8
 388 006d 07       		.byte	0x7
 389 006e D3010000 		.4byte	.LASF9
 390 0072 03       		.uleb128 0x3
 391 0073 04       		.byte	0x4
 392 0074 07       		.byte	0x7
 393 0075 0A020000 		.4byte	.LASF10
 394 0079 03       		.uleb128 0x3
 395 007a 01       		.byte	0x1
 396 007b 08       		.byte	0x8
 397 007c 3B020000 		.4byte	.LASF11
 398 0080 04       		.uleb128 0x4
 399 0081 27010000 		.4byte	.LASF12
 400 0085 02       		.byte	0x2
 401 0086 E401     		.2byte	0x1e4
 402 0088 48000000 		.4byte	0x48
 403 008c 04       		.uleb128 0x4
 404 008d 55010000 		.4byte	.LASF13
 405 0091 02       		.byte	0x2
 406 0092 E501     		.2byte	0x1e5
 407 0094 56000000 		.4byte	0x56
 408 0098 03       		.uleb128 0x3
 409 0099 04       		.byte	0x4
 410 009a 04       		.byte	0x4
 411 009b F6000000 		.4byte	.LASF14
 412 009f 03       		.uleb128 0x3
 413 00a0 08       		.byte	0x8
 414 00a1 04       		.byte	0x4
 415 00a2 4E010000 		.4byte	.LASF15
 416 00a6 05       		.uleb128 0x5
 417 00a7 3D000000 		.4byte	.LASF27
 418 00ab 01       		.byte	0x1
 419 00ac 61       		.byte	0x61
 420 00ad 80000000 		.4byte	0x80
 421 00b1 00000000 		.4byte	.LFB0
 422 00b5 3C000000 		.4byte	.LFE0-.LFB0
 423 00b9 01       		.uleb128 0x1
 424 00ba 9C       		.byte	0x9c
 425 00bb 4D010000 		.4byte	0x14d
 426 00bf 06       		.uleb128 0x6
 427 00c0 0A010000 		.4byte	.LASF16
 428 00c4 01       		.byte	0x1
 429 00c5 61       		.byte	0x61
 430 00c6 80000000 		.4byte	0x80
 431 00ca 00000000 		.4byte	.LLST0
 432 00ce 06       		.uleb128 0x6
 433 00cf 2E000000 		.4byte	.LASF17
 434 00d3 01       		.byte	0x1
 435 00d4 61       		.byte	0x61
 436 00d5 80000000 		.4byte	0x80
 437 00d9 21000000 		.4byte	.LLST1
 438 00dd 06       		.uleb128 0x6
 439 00de 00000000 		.4byte	.LASF18
ARM GAS  C:\Users\info\AppData\Local\Temp\ccindcNh.s 			page 21


 440 00e2 01       		.byte	0x1
 441 00e3 61       		.byte	0x61
 442 00e4 8C000000 		.4byte	0x8c
 443 00e8 42000000 		.4byte	.LLST2
 444 00ec 06       		.uleb128 0x6
 445 00ed F9010000 		.4byte	.LASF19
 446 00f1 01       		.byte	0x1
 447 00f2 61       		.byte	0x61
 448 00f3 8C000000 		.4byte	0x8c
 449 00f7 63000000 		.4byte	.LLST3
 450 00fb 07       		.uleb128 0x7
 451 00fc 1E000000 		.4byte	.LVL5
 452 0100 7D010000 		.4byte	0x17d
 453 0104 23010000 		.4byte	0x123
 454 0108 08       		.uleb128 0x8
 455 0109 01       		.uleb128 0x1
 456 010a 50       		.byte	0x50
 457 010b 02       		.uleb128 0x2
 458 010c 74       		.byte	0x74
 459 010d 00       		.sleb128 0
 460 010e 08       		.uleb128 0x8
 461 010f 01       		.uleb128 0x1
 462 0110 53       		.byte	0x53
 463 0111 02       		.uleb128 0x2
 464 0112 74       		.byte	0x74
 465 0113 00       		.sleb128 0
 466 0114 08       		.uleb128 0x8
 467 0115 02       		.uleb128 0x2
 468 0116 7D       		.byte	0x7d
 469 0117 00       		.sleb128 0
 470 0118 02       		.uleb128 0x2
 471 0119 74       		.byte	0x74
 472 011a 00       		.sleb128 0
 473 011b 08       		.uleb128 0x8
 474 011c 02       		.uleb128 0x2
 475 011d 7D       		.byte	0x7d
 476 011e 04       		.sleb128 4
 477 011f 02       		.uleb128 0x2
 478 0120 74       		.byte	0x74
 479 0121 00       		.sleb128 0
 480 0122 00       		.byte	0
 481 0123 07       		.uleb128 0x7
 482 0124 28000000 		.4byte	.LVL6
 483 0128 88010000 		.4byte	0x188
 484 012c 3D010000 		.4byte	0x13d
 485 0130 08       		.uleb128 0x8
 486 0131 01       		.uleb128 0x1
 487 0132 51       		.byte	0x51
 488 0133 02       		.uleb128 0x2
 489 0134 76       		.byte	0x76
 490 0135 00       		.sleb128 0
 491 0136 08       		.uleb128 0x8
 492 0137 01       		.uleb128 0x1
 493 0138 52       		.byte	0x52
 494 0139 02       		.uleb128 0x2
 495 013a 77       		.byte	0x77
 496 013b 00       		.sleb128 0
ARM GAS  C:\Users\info\AppData\Local\Temp\ccindcNh.s 			page 22


 497 013c 00       		.byte	0
 498 013d 09       		.uleb128 0x9
 499 013e 30000000 		.4byte	.LVL7
 500 0142 93010000 		.4byte	0x193
 501 0146 08       		.uleb128 0x8
 502 0147 01       		.uleb128 0x1
 503 0148 51       		.byte	0x51
 504 0149 01       		.uleb128 0x1
 505 014a 32       		.byte	0x32
 506 014b 00       		.byte	0
 507 014c 00       		.byte	0
 508 014d 0A       		.uleb128 0xa
 509 014e EA010000 		.4byte	.LASF28
 510 0152 01       		.byte	0x1
 511 0153 88       		.byte	0x88
 512 0154 00000000 		.4byte	.LFB1
 513 0158 10000000 		.4byte	.LFE1-.LFB1
 514 015c 01       		.uleb128 0x1
 515 015d 9C       		.byte	0x9c
 516 015e 6C010000 		.4byte	0x16c
 517 0162 0B       		.uleb128 0xb
 518 0163 0A000000 		.4byte	.LVL8
 519 0167 9E010000 		.4byte	0x19e
 520 016b 00       		.byte	0
 521 016c 0C       		.uleb128 0xc
 522 016d 10000000 		.4byte	.LASF29
 523 0171 01       		.byte	0x1
 524 0172 45       		.byte	0x45
 525 0173 80000000 		.4byte	0x80
 526 0177 05       		.uleb128 0x5
 527 0178 03       		.byte	0x3
 528 0179 00000000 		.4byte	DMA_DmaHandle
 529 017d 0D       		.uleb128 0xd
 530 017e 7A020000 		.4byte	.LASF20
 531 0182 7A020000 		.4byte	.LASF20
 532 0186 03       		.byte	0x3
 533 0187 33       		.byte	0x33
 534 0188 0D       		.uleb128 0xd
 535 0189 21020000 		.4byte	.LASF21
 536 018d 21020000 		.4byte	.LASF21
 537 0191 03       		.byte	0x3
 538 0192 2D       		.byte	0x2d
 539 0193 0D       		.uleb128 0xd
 540 0194 1E000000 		.4byte	.LASF22
 541 0198 1E000000 		.4byte	.LASF22
 542 019c 03       		.byte	0x3
 543 019d 2C       		.byte	0x2c
 544 019e 0D       		.uleb128 0xd
 545 019f 6B020000 		.4byte	.LASF23
 546 01a3 6B020000 		.4byte	.LASF23
 547 01a7 03       		.byte	0x3
 548 01a8 2A       		.byte	0x2a
 549 01a9 00       		.byte	0
 550              		.section	.debug_abbrev,"",%progbits
 551              	.Ldebug_abbrev0:
 552 0000 01       		.uleb128 0x1
 553 0001 11       		.uleb128 0x11
ARM GAS  C:\Users\info\AppData\Local\Temp\ccindcNh.s 			page 23


 554 0002 01       		.byte	0x1
 555 0003 25       		.uleb128 0x25
 556 0004 0E       		.uleb128 0xe
 557 0005 13       		.uleb128 0x13
 558 0006 0B       		.uleb128 0xb
 559 0007 03       		.uleb128 0x3
 560 0008 0E       		.uleb128 0xe
 561 0009 1B       		.uleb128 0x1b
 562 000a 0E       		.uleb128 0xe
 563 000b 55       		.uleb128 0x55
 564 000c 17       		.uleb128 0x17
 565 000d 11       		.uleb128 0x11
 566 000e 01       		.uleb128 0x1
 567 000f 10       		.uleb128 0x10
 568 0010 17       		.uleb128 0x17
 569 0011 00       		.byte	0
 570 0012 00       		.byte	0
 571 0013 02       		.uleb128 0x2
 572 0014 24       		.uleb128 0x24
 573 0015 00       		.byte	0
 574 0016 0B       		.uleb128 0xb
 575 0017 0B       		.uleb128 0xb
 576 0018 3E       		.uleb128 0x3e
 577 0019 0B       		.uleb128 0xb
 578 001a 03       		.uleb128 0x3
 579 001b 08       		.uleb128 0x8
 580 001c 00       		.byte	0
 581 001d 00       		.byte	0
 582 001e 03       		.uleb128 0x3
 583 001f 24       		.uleb128 0x24
 584 0020 00       		.byte	0
 585 0021 0B       		.uleb128 0xb
 586 0022 0B       		.uleb128 0xb
 587 0023 3E       		.uleb128 0x3e
 588 0024 0B       		.uleb128 0xb
 589 0025 03       		.uleb128 0x3
 590 0026 0E       		.uleb128 0xe
 591 0027 00       		.byte	0
 592 0028 00       		.byte	0
 593 0029 04       		.uleb128 0x4
 594 002a 16       		.uleb128 0x16
 595 002b 00       		.byte	0
 596 002c 03       		.uleb128 0x3
 597 002d 0E       		.uleb128 0xe
 598 002e 3A       		.uleb128 0x3a
 599 002f 0B       		.uleb128 0xb
 600 0030 3B       		.uleb128 0x3b
 601 0031 05       		.uleb128 0x5
 602 0032 49       		.uleb128 0x49
 603 0033 13       		.uleb128 0x13
 604 0034 00       		.byte	0
 605 0035 00       		.byte	0
 606 0036 05       		.uleb128 0x5
 607 0037 2E       		.uleb128 0x2e
 608 0038 01       		.byte	0x1
 609 0039 3F       		.uleb128 0x3f
 610 003a 19       		.uleb128 0x19
ARM GAS  C:\Users\info\AppData\Local\Temp\ccindcNh.s 			page 24


 611 003b 03       		.uleb128 0x3
 612 003c 0E       		.uleb128 0xe
 613 003d 3A       		.uleb128 0x3a
 614 003e 0B       		.uleb128 0xb
 615 003f 3B       		.uleb128 0x3b
 616 0040 0B       		.uleb128 0xb
 617 0041 27       		.uleb128 0x27
 618 0042 19       		.uleb128 0x19
 619 0043 49       		.uleb128 0x49
 620 0044 13       		.uleb128 0x13
 621 0045 11       		.uleb128 0x11
 622 0046 01       		.uleb128 0x1
 623 0047 12       		.uleb128 0x12
 624 0048 06       		.uleb128 0x6
 625 0049 40       		.uleb128 0x40
 626 004a 18       		.uleb128 0x18
 627 004b 9742     		.uleb128 0x2117
 628 004d 19       		.uleb128 0x19
 629 004e 01       		.uleb128 0x1
 630 004f 13       		.uleb128 0x13
 631 0050 00       		.byte	0
 632 0051 00       		.byte	0
 633 0052 06       		.uleb128 0x6
 634 0053 05       		.uleb128 0x5
 635 0054 00       		.byte	0
 636 0055 03       		.uleb128 0x3
 637 0056 0E       		.uleb128 0xe
 638 0057 3A       		.uleb128 0x3a
 639 0058 0B       		.uleb128 0xb
 640 0059 3B       		.uleb128 0x3b
 641 005a 0B       		.uleb128 0xb
 642 005b 49       		.uleb128 0x49
 643 005c 13       		.uleb128 0x13
 644 005d 02       		.uleb128 0x2
 645 005e 17       		.uleb128 0x17
 646 005f 00       		.byte	0
 647 0060 00       		.byte	0
 648 0061 07       		.uleb128 0x7
 649 0062 898201   		.uleb128 0x4109
 650 0065 01       		.byte	0x1
 651 0066 11       		.uleb128 0x11
 652 0067 01       		.uleb128 0x1
 653 0068 31       		.uleb128 0x31
 654 0069 13       		.uleb128 0x13
 655 006a 01       		.uleb128 0x1
 656 006b 13       		.uleb128 0x13
 657 006c 00       		.byte	0
 658 006d 00       		.byte	0
 659 006e 08       		.uleb128 0x8
 660 006f 8A8201   		.uleb128 0x410a
 661 0072 00       		.byte	0
 662 0073 02       		.uleb128 0x2
 663 0074 18       		.uleb128 0x18
 664 0075 9142     		.uleb128 0x2111
 665 0077 18       		.uleb128 0x18
 666 0078 00       		.byte	0
 667 0079 00       		.byte	0
ARM GAS  C:\Users\info\AppData\Local\Temp\ccindcNh.s 			page 25


 668 007a 09       		.uleb128 0x9
 669 007b 898201   		.uleb128 0x4109
 670 007e 01       		.byte	0x1
 671 007f 11       		.uleb128 0x11
 672 0080 01       		.uleb128 0x1
 673 0081 31       		.uleb128 0x31
 674 0082 13       		.uleb128 0x13
 675 0083 00       		.byte	0
 676 0084 00       		.byte	0
 677 0085 0A       		.uleb128 0xa
 678 0086 2E       		.uleb128 0x2e
 679 0087 01       		.byte	0x1
 680 0088 3F       		.uleb128 0x3f
 681 0089 19       		.uleb128 0x19
 682 008a 03       		.uleb128 0x3
 683 008b 0E       		.uleb128 0xe
 684 008c 3A       		.uleb128 0x3a
 685 008d 0B       		.uleb128 0xb
 686 008e 3B       		.uleb128 0x3b
 687 008f 0B       		.uleb128 0xb
 688 0090 27       		.uleb128 0x27
 689 0091 19       		.uleb128 0x19
 690 0092 11       		.uleb128 0x11
 691 0093 01       		.uleb128 0x1
 692 0094 12       		.uleb128 0x12
 693 0095 06       		.uleb128 0x6
 694 0096 40       		.uleb128 0x40
 695 0097 18       		.uleb128 0x18
 696 0098 9742     		.uleb128 0x2117
 697 009a 19       		.uleb128 0x19
 698 009b 01       		.uleb128 0x1
 699 009c 13       		.uleb128 0x13
 700 009d 00       		.byte	0
 701 009e 00       		.byte	0
 702 009f 0B       		.uleb128 0xb
 703 00a0 898201   		.uleb128 0x4109
 704 00a3 00       		.byte	0
 705 00a4 11       		.uleb128 0x11
 706 00a5 01       		.uleb128 0x1
 707 00a6 31       		.uleb128 0x31
 708 00a7 13       		.uleb128 0x13
 709 00a8 00       		.byte	0
 710 00a9 00       		.byte	0
 711 00aa 0C       		.uleb128 0xc
 712 00ab 34       		.uleb128 0x34
 713 00ac 00       		.byte	0
 714 00ad 03       		.uleb128 0x3
 715 00ae 0E       		.uleb128 0xe
 716 00af 3A       		.uleb128 0x3a
 717 00b0 0B       		.uleb128 0xb
 718 00b1 3B       		.uleb128 0x3b
 719 00b2 0B       		.uleb128 0xb
 720 00b3 49       		.uleb128 0x49
 721 00b4 13       		.uleb128 0x13
 722 00b5 3F       		.uleb128 0x3f
 723 00b6 19       		.uleb128 0x19
 724 00b7 02       		.uleb128 0x2
ARM GAS  C:\Users\info\AppData\Local\Temp\ccindcNh.s 			page 26


 725 00b8 18       		.uleb128 0x18
 726 00b9 00       		.byte	0
 727 00ba 00       		.byte	0
 728 00bb 0D       		.uleb128 0xd
 729 00bc 2E       		.uleb128 0x2e
 730 00bd 00       		.byte	0
 731 00be 3F       		.uleb128 0x3f
 732 00bf 19       		.uleb128 0x19
 733 00c0 3C       		.uleb128 0x3c
 734 00c1 19       		.uleb128 0x19
 735 00c2 6E       		.uleb128 0x6e
 736 00c3 0E       		.uleb128 0xe
 737 00c4 03       		.uleb128 0x3
 738 00c5 0E       		.uleb128 0xe
 739 00c6 3A       		.uleb128 0x3a
 740 00c7 0B       		.uleb128 0xb
 741 00c8 3B       		.uleb128 0x3b
 742 00c9 0B       		.uleb128 0xb
 743 00ca 00       		.byte	0
 744 00cb 00       		.byte	0
 745 00cc 00       		.byte	0
 746              		.section	.debug_loc,"",%progbits
 747              	.Ldebug_loc0:
 748              	.LLST0:
 749 0000 00000000 		.4byte	.LVL0
 750 0004 1A000000 		.4byte	.LVL4
 751 0008 0100     		.2byte	0x1
 752 000a 50       		.byte	0x50
 753 000b 1A000000 		.4byte	.LVL4
 754 000f 3C000000 		.4byte	.LFE0
 755 0013 0400     		.2byte	0x4
 756 0015 F3       		.byte	0xf3
 757 0016 01       		.uleb128 0x1
 758 0017 50       		.byte	0x50
 759 0018 9F       		.byte	0x9f
 760 0019 00000000 		.4byte	0
 761 001d 00000000 		.4byte	0
 762              	.LLST1:
 763 0021 00000000 		.4byte	.LVL0
 764 0025 18000000 		.4byte	.LVL3
 765 0029 0100     		.2byte	0x1
 766 002b 51       		.byte	0x51
 767 002c 18000000 		.4byte	.LVL3
 768 0030 3C000000 		.4byte	.LFE0
 769 0034 0400     		.2byte	0x4
 770 0036 F3       		.byte	0xf3
 771 0037 01       		.uleb128 0x1
 772 0038 51       		.byte	0x51
 773 0039 9F       		.byte	0x9f
 774 003a 00000000 		.4byte	0
 775 003e 00000000 		.4byte	0
 776              	.LLST2:
 777 0042 00000000 		.4byte	.LVL0
 778 0046 16000000 		.4byte	.LVL2
 779 004a 0100     		.2byte	0x1
 780 004c 52       		.byte	0x52
 781 004d 16000000 		.4byte	.LVL2
ARM GAS  C:\Users\info\AppData\Local\Temp\ccindcNh.s 			page 27


 782 0051 3C000000 		.4byte	.LFE0
 783 0055 0400     		.2byte	0x4
 784 0057 F3       		.byte	0xf3
 785 0058 01       		.uleb128 0x1
 786 0059 52       		.byte	0x52
 787 005a 9F       		.byte	0x9f
 788 005b 00000000 		.4byte	0
 789 005f 00000000 		.4byte	0
 790              	.LLST3:
 791 0063 00000000 		.4byte	.LVL0
 792 0067 14000000 		.4byte	.LVL1
 793 006b 0100     		.2byte	0x1
 794 006d 53       		.byte	0x53
 795 006e 14000000 		.4byte	.LVL1
 796 0072 3C000000 		.4byte	.LFE0
 797 0076 0400     		.2byte	0x4
 798 0078 F3       		.byte	0xf3
 799 0079 01       		.uleb128 0x1
 800 007a 53       		.byte	0x53
 801 007b 9F       		.byte	0x9f
 802 007c 00000000 		.4byte	0
 803 0080 00000000 		.4byte	0
 804              		.section	.debug_aranges,"",%progbits
 805 0000 24000000 		.4byte	0x24
 806 0004 0200     		.2byte	0x2
 807 0006 00000000 		.4byte	.Ldebug_info0
 808 000a 04       		.byte	0x4
 809 000b 00       		.byte	0
 810 000c 0000     		.2byte	0
 811 000e 0000     		.2byte	0
 812 0010 00000000 		.4byte	.LFB0
 813 0014 3C000000 		.4byte	.LFE0-.LFB0
 814 0018 00000000 		.4byte	.LFB1
 815 001c 10000000 		.4byte	.LFE1-.LFB1
 816 0020 00000000 		.4byte	0
 817 0024 00000000 		.4byte	0
 818              		.section	.debug_ranges,"",%progbits
 819              	.Ldebug_ranges0:
 820 0000 00000000 		.4byte	.LFB0
 821 0004 3C000000 		.4byte	.LFE0
 822 0008 00000000 		.4byte	.LFB1
 823 000c 10000000 		.4byte	.LFE1
 824 0010 00000000 		.4byte	0
 825 0014 00000000 		.4byte	0
 826              		.section	.debug_line,"",%progbits
 827              	.Ldebug_line0:
 828 0000 7C000000 		.section	.debug_str,"MS",%progbits,1
 828      02005000 
 828      00000201 
 828      FB0E0D00 
 828      01010101 
 829              	.LASF18:
 830 0000 55707065 		.ascii	"UpperSrcAddress\000"
 830      72537263 
 830      41646472 
 830      65737300 
 831              	.LASF29:
ARM GAS  C:\Users\info\AppData\Local\Temp\ccindcNh.s 			page 28


 832 0010 444D415F 		.ascii	"DMA_DmaHandle\000"
 832      446D6148 
 832      616E646C 
 832      6500
 833              	.LASF22:
 834 001e 4379446D 		.ascii	"CyDmaChPriority\000"
 834      61436850 
 834      72696F72 
 834      69747900 
 835              	.LASF17:
 836 002e 52657165 		.ascii	"ReqestPerBurst\000"
 836      73745065 
 836      72427572 
 836      737400
 837              	.LASF27:
 838 003d 444D415F 		.ascii	"DMA_DmaInitialize\000"
 838      446D6149 
 838      6E697469 
 838      616C697A 
 838      6500
 839              	.LASF6:
 840 004f 73686F72 		.ascii	"short unsigned int\000"
 840      7420756E 
 840      7369676E 
 840      65642069 
 840      6E7400
 841              	.LASF24:
 842 0062 474E5520 		.ascii	"GNU C11 5.4.1 20160609 (release) [ARM/embedded-5-br"
 842      43313120 
 842      352E342E 
 842      31203230 
 842      31363036 
 843 0095 616E6368 		.ascii	"anch revision 237715] -mcpu=cortex-m3 -mthumb -g -O"
 843      20726576 
 843      6973696F 
 843      6E203233 
 843      37373135 
 844 00c8 67202D66 		.ascii	"g -ffunction-sections -ffat-lto-objects -flto\000"
 844      66756E63 
 844      74696F6E 
 844      2D736563 
 844      74696F6E 
 845              	.LASF14:
 846 00f6 666C6F61 		.ascii	"float\000"
 846      7400
 847              	.LASF4:
 848 00fc 756E7369 		.ascii	"unsigned char\000"
 848      676E6564 
 848      20636861 
 848      7200
 849              	.LASF16:
 850 010a 42757273 		.ascii	"BurstCount\000"
 850      74436F75 
 850      6E7400
 851              	.LASF8:
 852 0115 6C6F6E67 		.ascii	"long unsigned int\000"
 852      20756E73 
ARM GAS  C:\Users\info\AppData\Local\Temp\ccindcNh.s 			page 29


 852      69676E65 
 852      6420696E 
 852      7400
 853              	.LASF12:
 854 0127 75696E74 		.ascii	"uint8\000"
 854      3800
 855              	.LASF25:
 856 012d 47656E65 		.ascii	"Generated_Source\\PSoC5\\DMA_dma.c\000"
 856      72617465 
 856      645F536F 
 856      75726365 
 856      5C50536F 
 857              	.LASF15:
 858 014e 646F7562 		.ascii	"double\000"
 858      6C6500
 859              	.LASF13:
 860 0155 75696E74 		.ascii	"uint16\000"
 860      313600
 861              	.LASF0:
 862 015c 756E7369 		.ascii	"unsigned int\000"
 862      676E6564 
 862      20696E74 
 862      00
 863              	.LASF26:
 864 0169 433A5C55 		.ascii	"C:\\Users\\info\\Desktop\\Spring 2019 Classes\\6.11"
 864      73657273 
 864      5C696E66 
 864      6F5C4465 
 864      736B746F 
 865 0197 355C362E 		.ascii	"5\\6.115-final\\PSoCCreator\\Final Project\\FinalEm"
 865      3131352D 
 865      66696E61 
 865      6C5C5053 
 865      6F434372 
 866 01c6 756C6174 		.ascii	"ulator.cydsn\000"
 866      6F722E63 
 866      7964736E 
 866      00
 867              	.LASF9:
 868 01d3 6C6F6E67 		.ascii	"long long unsigned int\000"
 868      206C6F6E 
 868      6720756E 
 868      7369676E 
 868      65642069 
 869              	.LASF28:
 870 01ea 444D415F 		.ascii	"DMA_DmaRelease\000"
 870      446D6152 
 870      656C6561 
 870      736500
 871              	.LASF19:
 872 01f9 55707065 		.ascii	"UpperDestAddress\000"
 872      72446573 
 872      74416464 
 872      72657373 
 872      00
 873              	.LASF10:
 874 020a 73697A65 		.ascii	"sizetype\000"
ARM GAS  C:\Users\info\AppData\Local\Temp\ccindcNh.s 			page 30


 874      74797065 
 874      00
 875              	.LASF1:
 876 0213 6C6F6E67 		.ascii	"long long int\000"
 876      206C6F6E 
 876      6720696E 
 876      7400
 877              	.LASF21:
 878 0221 4379446D 		.ascii	"CyDmaChSetExtendedAddress\000"
 878      61436853 
 878      65744578 
 878      74656E64 
 878      65644164 
 879              	.LASF11:
 880 023b 63686172 		.ascii	"char\000"
 880      00
 881              	.LASF5:
 882 0240 73686F72 		.ascii	"short int\000"
 882      7420696E 
 882      7400
 883              	.LASF7:
 884 024a 6C6F6E67 		.ascii	"long int\000"
 884      20696E74 
 884      00
 885              	.LASF2:
 886 0253 6C6F6E67 		.ascii	"long double\000"
 886      20646F75 
 886      626C6500 
 887              	.LASF3:
 888 025f 7369676E 		.ascii	"signed char\000"
 888      65642063 
 888      68617200 
 889              	.LASF23:
 890 026b 4379446D 		.ascii	"CyDmaChDisable\000"
 890      61436844 
 890      69736162 
 890      6C6500
 891              	.LASF20:
 892 027a 4379446D 		.ascii	"CyDmaChSetConfiguration\000"
 892      61436853 
 892      6574436F 
 892      6E666967 
 892      75726174 
 893              		.comm	__gnu_lto_v1,1,1
 894              		.ident	"GCC: (GNU Tools for ARM Embedded Processors) 5.4.1 20160609 (release) [ARM/embedded-5-bran
