ARM GAS  C:\Users\info\AppData\Local\Temp\ccjyN5Xw.s 			page 1


   1              		.syntax unified
   2              		.cpu cortex-m3
   3              		.fpu softvfp
   4              		.eabi_attribute 20, 1
   5              		.eabi_attribute 21, 1
   6              		.eabi_attribute 23, 3
   7              		.eabi_attribute 24, 1
   8              		.eabi_attribute 25, 1
   9              		.eabi_attribute 26, 1
  10              		.eabi_attribute 30, 1
  11              		.eabi_attribute 34, 1
  12              		.eabi_attribute 18, 4
  13              		.thumb
  14              		.syntax unified
  15              		.file	"HORIZ_PM.c"
  16              		.text
  17              	.Ltext0:
  18              		.section	.gnu.lto_.profile.792a7f91,"",%progbits
  19 0000 789C6361 		.ascii	"x\234ca`d`e`\000\222\015\214J\000\002\"\000\257"
  19      60646065 
  19      6000920D 
  19      8C4A0002 
  19      2200AF
  20              		.text
  21              		.section	.gnu.lto_.inline.792a7f91,"",%progbits
  22 0000 789C6361 		.ascii	"x\234ca`d\000\2016\006\004`a`\340Qcd`b\373\240\307\300"
  22      60640081 
  22      36060460 
  22      6160E051 
  22      63646062 
  23 0018 B6409E09 		.ascii	"\266@\236\011$\306\304\215J`W\3018\301\017\225bf\340"
  23      24C6C48D 
  23      4A6057C1 
  23      38C10F95 
  23      6266E0
  24 002b 9202AAE3 		.ascii	"\222\002\252\343\332g\007W\307\310\005#X\0308\204\321"
  24      DA670757 
  24      C7C80523 
  24      58183884 
  24      D1
  25 003c 0C414832 		.ascii	"\014AH2\000\000u\226\013\355"
  25      00007596 
  25      0BED
  26              		.text
  27              		.section	.gnu.lto_.jmpfuncs.792a7f91,"",%progbits
  28 0000 789C6361 		.ascii	"x\234ca`d\000\001\011\006\004`\201PL`\222\031!\002\000"
  28      60640001 
  28      09060460 
  28      81504C60 
  28      92192102 
  29 0015 0521002B 		.ascii	"\005!\000+"
  30              		.text
  31              		.section	.gnu.lto_.pureconst.792a7f91,"",%progbits
  32 0000 789C6361 		.ascii	"x\234ca`d\340d```a\220`\222`\226b\221\000\000\002\243"
  32      6064E064 
  32      60606061 
  32      90609260 
ARM GAS  C:\Users\info\AppData\Local\Temp\ccjyN5Xw.s 			page 2


  32      96629100 
  33 0017 007E     		.ascii	"\000~"
  34              		.text
  35              		.section	.gnu.lto_HORIZ_SaveConfig.792a7f91,"",%progbits
  36 0000 789C9592 		.ascii	"x\234\225\222\273/\304A\020\307\347\273{~\356<\022="
  36      BB2FC441 
  36      10C7E7BB 
  36      7B7EEE3C 
  36      123D
  37 0012 1111915C 		.ascii	"\021\021\221\\\343*\177\201\304\243\020r:$\"\\\353\022"
  37      E32A7F81 
  37      C4A31072 
  37      3A24225C 
  37      EB12
  38 0024 8FFA96F3 		.ascii	"\217\372\226\363\013\032\241p*\271\250<\317[\270\312"
  38      0B1AA170 
  38      2AB9A83C 
  38      CF5BB8CA 
  39 0034 2F824A28 		.ascii	"/\202J(D\245A!\"\012\022\312sf\366\024\022\2170\311"
  39      44A54121 
  39      220A12CA 
  39      7366F614 
  39      128F30C9 
  40 0048 EE6C76BF 		.ascii	"\356lv\2773\363\231\335\365\021H,\254\210\252\330\227"
  40      33F399DD 
  40      F511482C 
  40      AC88AAD8 
  40      97
  41 0059 F28026A8 		.ascii	"\362\200&\250\2513\242a\277\002da\374\240\230B\014\257"
  41      A933A261 
  41      BF026461 
  41      FCA09842 
  41      0CAF
  42 006b 2AA37038 		.ascii	"*\243p8v\227V\301\005\303v}\234\320f\321\203\253\211"
  42      769756C1 
  42      05C3767D 
  42      9CD066D1 
  42      83AB89
  43 007e B2CA6622 		.ascii	"\262\312f\", H,\273\335|\233)vFEV\221;\304\"\034)\267"
  43      2C20482C 
  43      BBDD7C9B 
  43      29764645 
  43      56913BC4 
  44 0096 1EF64C36 		.ascii	"\036\366L6\0337\336^^\252\250P\223\253\341\310\024\220"
  44      1B37DE5E 
  44      5EAAA850 
  44      93ABE1C8 
  44      1490
  45 00a8 89E889B5 		.ascii	"\211\350\211\265R\365Y)\361\372\036q\357 \255$:\256"
  45      52F55929 
  45      F1FA1E71 
  45      EF20AD24 
  45      3AAE
  46 00ba 35674EA7 		.ascii	"5gN\247\037\257\362c\0313nL\211\253UVq\020\226\020\343"
  46      1FAFF263 
  46      19336E4C 
  46      89AB5556 
ARM GAS  C:\Users\info\AppData\Local\Temp\ccjyN5Xw.s 			page 3


  46      71109610 
  47 00cf 704D7718 		.ascii	"pMw\030I\314W\213\230\225\011\367\360<\377E\271\332"
  47      49CC578B 
  47      989509F7 
  47      F03CFF45 
  47      B9DA
  48 00e1 07FA12E8 		.ascii	"\007\372\022\350\233`j\331~8\275<*Hbn\330\330\375<\254"
  48      9B606AD9 
  48      7E38BD3C 
  48      2A48626E 
  48      D8D8FD3C 
  49 00f6 70ABCB28 		.ascii	"p\253\313(\263\207\223\373\033\023\376PJ\3320\003\256"
  49      B38793FB 
  49      1B13FE50 
  49      4ADA3003 
  49      AE
  50 0107 76B08A24 		.ascii	"v\260\212$\336l\257H!\304D$\200\027\031\344\000\235"
  50      DE6CAF48 
  50      21C44424 
  50      801719E4 
  50      009D
  51 0119 EF00598E 		.ascii	"\357\000Y\216\265O\2007\345\037\200\177%Z\377\201\250"
  51      B54F8037 
  51      E51F807F 
  51      255AFF81 
  51      A8
  52 012a 4388362C 		.ascii	"C\2106,\221\334,6\205\310\261D\323'\241\034Q\340;\""
  52      91DC2C36 
  52      85C8B144 
  52      D327A11C 
  52      51E03B22 
  53 013e 2E84ADCF 		.ascii	".\204\255\317D5\377$\332\376\355\216v,\221}\363]!\012"
  53      4435FF24 
  53      DAFEED8E 
  53      762C917D 
  53      F35D210A 
  54 0152 D00346BC 		.ascii	"\320\003F\274\331z\251a?\311\023\343\362\333\262\242"
  54      D97AA961 
  54      3FC913E3 
  54      F2DBB2A2 
  55 0162 B221D217 		.ascii	"\262!\322\027\351\357\036\214\364v\265E\207\372{\"\235"
  55      E9EF1E8C 
  55      F476B545 
  55      87FA7B22 
  55      9D
  56 0173 AD6DD1BA 		.ascii	"\255m\321\272\332\316\306\226pS{WksM\017\275\003X\243"
  56      DACEC696 
  56      70537B57 
  56      6B734D0F 
  56      BD0358A3 
  57 0187 D884     		.ascii	"\330\204"
  58              		.text
  59              		.section	.gnu.lto_HORIZ_RestoreConfig.792a7f91,"",%progbits
  60 0000 789C9591 		.ascii	"x\234\225\221=HBQ\024\307\317\271\367\371\224 h\257"
  60      3D484251 
  60      14C7CFB9 
  60      F7F99420 
ARM GAS  C:\Users\info\AppData\Local\Temp\ccjyN5Xw.s 			page 4


  60      68AF
  61 0012 21A2C5A1 		.ascii	"!\242\305\241li\017\032\252!\012\335B\220\260\267&H"
  61      6C690F1A 
  61      AA210ADD 
  61      4290B0B7 
  61      2648
  62 0024 CDEFAA3D 		.ascii	"\315\357\252=\312%j\250-\034\265O\265\017\310\246\227"
  62      CA256AA8 
  62      2D1CB54F 
  62      B50FC8A6 
  62      97
  63 0035 042D5134 		.ascii	"\004-Q48\005\025\015\022\022\245T\243\276\356\271RK"
  63      3805150D 
  63      1212A554 
  63      A3BEEEB9 
  63      524B
  64 0047 8278E0DE 		.ascii	"\202x\340\336s9\367\360\377\377\356=\032 P\2141\200"
  64      7339F7F0 
  64      FFFFEE3D 
  64      1A20508C 
  64      3180
  65 0059 41997BE5 		.ascii	"A\231{\345B\016\3106n\001b\036\206H\007\341A0\031\232"
  65      420EC836 
  65      6E01621E 
  65      864807E1 
  65      4130199A 
  66 006d F8CDEA0C 		.ascii	"\370\315\352\014\213\253\345\002\363\246\205\214g\353"
  66      8BABE502 
  66      F3A6858C 
  66      67EB
  67 007b 7D44646C 		.ascii	"}Ddl\2648\200\303\224\022`\032\275 \333^\362\215\255"
  67      B43880C3 
  67      9412601A 
  67      BD20DB5E 
  67      F28DAD
  68 008e 6E7D85DA 		.ascii	"n}\205\332\372\233\227\230A\235\354\262~[8NB\330\237"
  68      FA9B9798 
  68      419DECB2 
  68      7E5B384E 
  68      42D89F
  69 00a1 FA65E99A 		.ascii	"\372e\351\232y\030X\0345\332t\332\000\252\262\233|k"
  69      7918581C 
  69      35DA74DA 
  69      00AAB29B 
  69      7C6B
  70 00b3 8C51E665 		.ascii	"\214Q\346e\214_\344\0377]$\220\340\304\260m\025\357"
  70      8C5FE41F 
  70      375D2490 
  70      E0C4B06D 
  70      15EF
  71 00c5 DC5FCCE2 		.ascii	"\334_\314\342\014\311\253Px{p\233u\261&D\217\254%%\016"
  71      0CC9AB50 
  71      787B709B 
  71      75B12644 
  71      8FAC2525 
  72 00da 952B37A5 		.ascii	"\225+7\245\253\256\024\356\304\204\252s\334\223o\330"
  72      ABAE14EE 
ARM GAS  C:\Users\info\AppData\Local\Temp\ccjyN5Xw.s 			page 5


  72      C484AA73 
  72      DC936FD8 
  73 00ea C53E75B9 		.ascii	"\305>u\271~\236Kz|C\026\327p\037S\330P\370x\200>xE\215"
  73      7E9E4B7A 
  73      7C4316D7 
  73      701F53D8 
  73      50F87880 
  74 0102 9CFE0BBB 		.ascii	"\234\376\013\273\034i\007x\210&H\014\213\353@d\265\247"
  74      1C690778 
  74      8826480C 
  74      8BEB4064 
  74      B5A7
  75 0114 7BDE24D3 		.ascii	"{\336$\323:@9j\215\222U(\364K\230k\203\"\2011\257P\264"
  75      3A40396A 
  75      8D925528 
  75      F44B986B 
  75      83228131 
  76 012b 3F948FDF 		.ascii	"?\224\217\337O\322;@9n\215r\242P\324\340N\333\240He"
  76      4FD23B40 
  76      396E8D72 
  76      A250D4E0 
  76      4EDBA048 
  77 0140 3C53283A 		.ascii	"<S(:\241T0n\313\301\252v\212\252|\220\234\243\224\032"
  77      A154306E 
  77      CBC1AA76 
  77      8AAA7C90 
  77      9CA3941A 
  78 0154 9830168D 		.ascii	"\2300\026\215\350\374\222\261\020\012D\226\243a#8\033"
  78      E8FC92B1 
  78      100A4496 
  78      A3612338 
  78      1B
  79 0165 888C8F06 		.ascii	"\210\214\217\006'g\374Ss\241\331\351\3410\374\000\223"
  79      2767FC53 
  79      73A1D9E9 
  79      E130FC00 
  79      93
  80 0176 3FCD49   		.ascii	"?\315I"
  81              		.text
  82              		.section	.gnu.lto_HORIZ_Sleep.792a7f91,"",%progbits
  83 0000 789C8D91 		.ascii	"x\234\215\221\313kSA\024\306\3177377\271\326\342\037"
  83      CB6B5341 
  83      14C6CF37 
  83      333737B9 
  83      D6E21F
  84 0013 D085889B 		.ascii	"\320\205\210\233n,.\334\332\205\013\037 \226v'\205\""
  84      6E2C2EDC 
  84      DA850B1F 
  84      20967627 
  84      8522
  85 0025 35DB16AA 		.ascii	"5\333\026\252\2563y\\b]\210\224*\335Hw\266Uk\023\333"
  85      AE33795C 
  85      625D8894 
  85      2ADD4877 
  85      B6556B13 
  86 003a AAD95D83 		.ascii	"\252\331]\203\013\321\322\254\272Q\360\265\010R\\$\022"
  86      0BD1D2AC 
ARM GAS  C:\Users\info\AppData\Local\Temp\ccjyN5Xw.s 			page 6


  86      BA51F0B5 
  86      08525C24 
  86      12
  87 004b 258A4D3C 		.ascii	"%\212M<g\022kA\024\017\314\235\271g\2769\277o\316\030"
  87      67126B41 
  87      140FCC9D 
  87      B967BE39 
  87      BF6FCE18 
  88 005f 0249A414 		.ascii	"\002I\244\024\321a\236\217\363@\214\240nl\022\245\343"
  88      D1619E8F 
  88      F3408CA0 
  88      6E6C12A5 
  88      E3
  89 0070 4AE9662F 		.ascii	"J\351f/\331\300\314\015\222\355\321\360:i\363k\341\001"
  89      D9C0CC0D 
  89      92EDD1F0 
  89      3A69F36B 
  89      E101
  90 0082 B2B07170 		.ascii	"\262\260qp\005m<\244\360E\355(\224\363\325\222\352_"
  90      056D3CA4 
  90      F045ED28 
  90      94F3D592 
  90      EA5F
  91 0094 B01CEFC2 		.ascii	"\260\034\357\302;G\355b\204P\023\265\225\203\021\026"
  91      3B47ED62 
  91      845013B5 
  91      95831116 
  92 00a4 D04F2CFB 		.ascii	"\320O,\373Pl\335\334\037\313\211\354`g\023\213\210\211"
  92      506CDDDC 
  92      1FCB89EC 
  92      6067138B 
  92      8889
  93 00b6 A395E1C8 		.ascii	"\243\225\341\310\266\333Y\033\255\006O\233ABS\250a\370"
  93      B6DB591B 
  93      AD064F9B 
  93      414253A8 
  93      61F8
  94 00c8 C39A1A0F 		.ascii	"\303\232\032\017\201\326\225\222YWQ\376~\355\315\322"
  94      81D69592 
  94      595751FE 
  94      7EEDCDD2 
  95 00d8 2CE46C56 		.ascii	",\344lVk\256{+,W\374\206\012\265\206`^\275\314Tz:\277"
  95      6BAE7B2B 
  95      2C57FC86 
  95      0AB58660 
  95      5EBDCC54 
  96 00ef ADE7696B 		.ascii	"\255\347ik8\365\366\307\332lb\036\267\32396fp\027}X"
  96      38F5F6C7 
  96      DA6C621E 
  96      B7D33936 
  96      6670177D 
  97 0104 421FF3EF 		.ascii	"B\037\363\357a\036TE\346s\276\241;\005\015\327\244\367"
  97      611E5445 
  97      E673BEA1 
  97      3B050DD7 
  97      A4F7
  98 0116 C86D6627 		.ascii	"\310mf'\272\211\275\004\005\302}9I\342HS\263\227\015"
ARM GAS  C:\Users\info\AppData\Local\Temp\ccjyN5Xw.s 			page 7


  98      BA89BD04 
  98      05C27D39 
  98      49E24853 
  98      B3970D
  99 0129 651A85CA 		.ascii	"e\032\205\312\314>Q\357\225z\316L\251\364\351\265\237"
  99      CC3E51EF 
  99      957ACE4C 
  99      A9F4E9B5 
  99      9F
 100 013a DAB157AD 		.ascii	"\332\261W\255=\300\271in\213\244\2677\266\236\005b\310"
 100      3DC0B969 
 100      6E8BA4B7 
 100      37B69E05 
 100      62C8
 101 014c BA7C0C0F 		.ascii	"\272|\014\017\270\227\313R\2307\257?)L\307\007\226\245"
 101      B897CB52 
 101      9837AF3F 
 101      294CC707 
 101      96A5
 102 015e 4FF652A8 		.ascii	"O\366R\250}\254\260\313\226k&\012\030`\305z~\243\030"
 102      7DACB0CB 
 102      966B260A 
 102      1860C57A 
 102      7EA318
 103 0171 08C40750 		.ascii	"\010\304\007Pt~\352\312\320\334\240sS\333\332u\363\277"
 103      747EEACA 
 103      D0DCA073 
 103      53DBDA75 
 103      F3BF
 104 0183 F887FFC2 		.ascii	"\370\207\377\302\257\376\306\2579\374\356\035}n\307"
 104      AFFEC6AF 
 104      39FCEE1D 
 104      7D6EC7
 105 0192 7A17EFB9 		.ascii	"z\027\357\271\347\371\210lT\177\241\004\377\347\365"
 105      E7F9886C 
 105      547FA104 
 105      FFE7F5
 106 01a1 E36DEE1F 		.ascii	"\343m\356\037\341\021R\374\266\011\022\355\327\340\257"
 106      E11152FC 
 106      B60912ED 
 106      D7E0AF
 107 01b0 5226E271 		.ascii	"R&\342qW\272\215L\364\355\214\223J\324\270\016\323X"
 107      57BA8D4C 
 107      F4ED8C93 
 107      4AD4B80E 
 107      D358
 108 01c2 71E86472 		.ascii	"q\350dr\"9u\341r\362\342\330\310\344\225\251\361\344"
 108      223975E1 
 108      72F2E2D8 
 108      C8E495A9 
 108      F1E4
 109 01d4 E8D0C8E4 		.ascii	"\350\320\310\344\211c\243\247\316\015\237>?6t\366\310"
 109      8963A3A7 
 109      CE0D9F3E 
 109      3F3674F6 
 109      C8
 110 01e5 38FD040C 		.ascii	"8\375\004\014l\357G"
ARM GAS  C:\Users\info\AppData\Local\Temp\ccjyN5Xw.s 			page 8


 110      6CEF47
 111              		.text
 112              		.section	.gnu.lto_HORIZ_Wakeup.792a7f91,"",%progbits
 113 0000 789C754F 		.ascii	"x\234uO;K\203A\020\334\271\273<\320\004\374\001\022"
 113      3B4B8341 
 113      10DCB9BB 
 113      3CD004FC 
 113      0112
 114 0012 446C5268 		.ascii	"DlRh\020\364\027X\250\210\030\222N\002AbZ\005\321:\227"
 114      10F41758 
 114      A8881892 
 114      4E024162 
 114      5A05D13A 
 115 0027 C787DA88 		.ascii	"\307\207\332\210\215v\2222\361\031\355L\252\317\240"
 115      8D769232 
 115      F119ED4C 
 115      AACFA0
 116 0036 95A2955A 		.ascii	"\225\242\225Z\244Q\013\021\261H\300 *\032\367>\005\013"
 116      A4510B11 
 116      B148C020 
 116      2A1AF73E 
 116      050B
 117 0048 71E1D863 		.ascii	"q\341\330cvfgG\021\310T\232[\017\367\001~p\021\304\352"
 117      76666747 
 117      11C8549A 
 117      5B0FF701 
 117      7E7011C4 
 118 005d 39835E21 		.ascii	"9\203^!d%@\272M]\205H\373$\3247\254\000\363\321^PJH"
 118      642540BA 
 118      4D5D8548 
 118      FB24D437 
 118      AC00F3D1 
 119 0075 85149AE2 		.ascii	"\205\024\232\342C\240\272x_\026\301\202\346\2729\251"
 119      43A0BA78 
 119      5F16C182 
 119      E6BA39A9 
 120 0085 F4EBA20D 		.ascii	"\364\353\242\015K\022\265\204cA( HL\273;\370\\\363\273"
 120      4B12B584 
 120      63412820 
 120      484CBB3B 
 120      F85CF3BB 
 121 0099 7386D6F5 		.ascii	"s\206\326\365=D\021nsG)b\353V+\253\355\353\366\243\267"
 121      3D44116E 
 121      73472962 
 121      EB562BAB 
 121      EDEBF6A3 
 122 00ae 76B7224B 		.ascii	"v\267\"K2\\g\212\261k\010a\272|@\326\256\235\012#2\353"
 122      325C678A 
 122      B16B0861 
 122      BA7C40D6 
 122      AE9D0A23 
 123 00c4 CAE5A79A 		.ascii	"\312\345\247\232'\365\241\227\264\356\260\244h\011\226"
 123      27F5A197 
 123      B4EEB0A4 
 123      680996
 124 00d3 60132916 		.ascii	"`\023)\026K\272G\246\322x\251\272\0149+\025\323\327"
 124      4BBA47A6 
ARM GAS  C:\Users\info\AppData\Local\Temp\ccjyN5Xw.s 			page 9


 124      D278A9BA 
 124      0C392B15 
 124      D3D7
 125 00e5 ADEA85E7 		.ascii	"\255\352\205\347YX|\366_\265Z\346{\015\374xvy\334\226"
 125      59587CF6 
 125      5FB55AE6 
 125      7B0DFC78 
 125      7679DC96 
 126 00f9 C7465A3B 		.ascii	"\307FZ;\270\013\333\034r\013\235\316p\345p\177\331\033"
 126      B80BDB1C 
 126      720B9DCE 
 126      70E5707F 
 126      D91B
 127 010b EAB5A41B 		.ascii	"\352\265\244\033;\310\343\323\311\207]\204\350\026\271"
 127      3BC8E3D3 
 127      C9875D84 
 127      E816B9
 128 011a 5A36F06B 		.ascii	"Z6\360kVz*\277\372\215\031@\3303r29$U\002N\214\346\251"
 128      567A2ABF 
 128      FA8D1940 
 128      D8337232 
 128      39245502 
 129 0132 EFDF18BC 		.ascii	"\357\337\030\274\025\245\237\030F\244\234\360\217\310"
 129      15A59F18 
 129      46A49CF0 
 129      8FC8
 130 0140 D8EF638E 		.ascii	"\330\357c\216\310T\235\3232\314\334\356\341\344Lrnj"
 130      C8549DD3 
 130      32CCDCEE 
 130      E1E44C72 
 130      6E6A
 131 0152 3E391D8F 		.ascii	">9\035\217\316.\314%\222\261ptvh062\021\031\235\214"
 131      CE2ECC25 
 131      92B17074 
 131      76683036 
 131      3211199D 
 132 0167 87C7FB12 		.ascii	"\207\307\373\022\364\005\011\016\2267"
 132      F405090E 
 132      9637
 133              		.text
 134              		.section	.gnu.lto_.symbol_nodes.792a7f91,"",%progbits
 135 0000 789C55CC 		.ascii	"x\234U\314\261\015\3020\020F\341\347\263\035\307N*z"
 135      B10DC230 
 135      1046E1E7 
 135      B31DC74E 
 135      2A7A
 136 0012 24D881FD 		.ascii	"$\330\201\375.E\006`\006\224\212\236\015R3\003 \346"
 136      2E450660 
 136      06948A9E 
 136      0D523303 
 136      20E6
 137 0024 40D81105 		.ascii	"@\330\021\005W=}\377Y\0168\366\016\020\247p\276C\315"
 137      573D7DFF 
 137      590E38F6 
 137      0E10A770 
 137      BE43CD
 138 0037 753A4284 		.ascii	"u:B\204i\007^D\2359\210W\261CPo\006\2274lC\375b:Tw\032"
ARM GAS  C:\Users\info\AppData\Local\Temp\ccjyN5Xw.s 			page 10


 138      69075E44 
 138      9D398857 
 138      B143506F 
 138      0697346C 
 139 0052 8DA376C6 		.ascii	"\215\243v\306E\223q\326\336\270\327l<h1\036u\370\267"
 139      459371D6 
 139      DEB8D76C 
 139      3C68311E 
 139      75F8B7
 140 0065 27B13C3E 		.ascii	"'\261<>\316\323\361\336\032Y\236\265RX\233%3o\356Y["
 140      CED3F1DE 
 140      1A599EB5 
 140      52589B25 
 140      336FEE59 
 141 007a FDF02BBC 		.ascii	"\375\360+\274Z\203pi\357\302\310|;\361\005\241\355A"
 141      5A837069 
 141      EFC2C87C 
 141      3BF105A1 
 141      ED41
 142 008c 23       		.ascii	"#"
 143              		.text
 144              		.section	.gnu.lto_.refs.792a7f91,"",%progbits
 145 0000 789C1DC8 		.ascii	"x\234\035\310\301\015\0000\010\304\260\344\200N\322"
 145      C10D0030 
 145      08C4B0E4 
 145      804ED2
 146 000f FD672CEA 		.ascii	"\375g,\352\317r#\027(4\332z*k\334\231\324\257\2611<"
 146      CF722317 
 146      2834DA7A 
 146      2A6BDC99 
 146      D4AFB131 
 147 0024 0B3A006A 		.ascii	"\013:\000j"
 148              		.text
 149              		.section	.gnu.lto_.decls.792a7f91,"",%progbits
 150 0000 789C8D55 		.ascii	"x\234\215UkL\024W\024\236\263w]\326eA\205\266\241\315"
 150      6B4C1457 
 150      149EB377 
 150      5DD66541 
 150      85B6A1CD 
 151 0014 26A50613 		.ascii	"&\245\006\023\222&\264j\232\370\317&\246\325\376\260"
 151      9226B46A 
 151      9AF8CF26 
 151      A6D5FEB0 
 152 0024 12899A36 		.ascii	"\022\211\2326\246\226\307h\211\004\310\2724\361G\223"
 152      A696C768 
 152      8904C8BA 
 152      34F14793 
 153 0034 41F0D947 		.ascii	"A\360\331G\264\255R(F\324hQy,\340\013\001Yy-/\351\""
 153      B4AD5228 
 153      46D46851 
 153      792CE00B 
 153      0159792D 
 154 004b B8A022A0 		.ascii	"\270\240\"\240\200 %\026|\265\330\"=\3671\314,Y\332"
 154      80202516 
 154      7CB5D822 
 154      3DF731CC 
 154      2C59DA
ARM GAS  C:\Users\info\AppData\Local\Temp\ccjyN5Xw.s 			page 11


 155 005e 5E38CC3D 		.ascii	"^8\314=w\276\357;\347\334s\347b\224@\242c\331|I\312"
 155      77BEEF3B 
 155      E7DC73E7 
 155      629440A2 
 155      63D97C49 
 156 0073 C36925DA 		.ascii	"\303i%\3324\216y\270\266Q\322\206\025\255\020\255\030"
 156      348E79B8 
 156      B651D286 
 156      15AD10AD 
 156      18
 157 0084 AD04AD0C 		.ascii	"\255\004\255\014\255\002\255\012\255\032\255\026\255"
 157      AD02AD0A 
 157      AD1AAD16 
 157      AD
 158 0091 1ECD8DD6 		.ascii	"\036\315\215\326\204\326\202F\225{$\337A5\002\204\266"
 158      84D68246 
 158      957B24DF 
 158      41350284 
 158      B6
 159 00a2 0DED2EDA 		.ascii	"\015\355.\332\025\264^\264\333h\345h\004\255\003\315"
 159      15B45EB4 
 159      DB68E568 
 159      04AD03CD 
 160 00b2 8B7613CD 		.ascii	"\213v\023\315(x\325\"^\305\034\332\305\263\264\365\232"
 160      2878D522 
 160      5EC51CDA 
 160      C5B3B4F5 
 160      9A
 161 00c3 7D683573 		.ascii	"}h5sh\027\213\274\353E\035\376\264i\315\026\235v?\332"
 161      68178BBC 
 161      EB451DFE 
 161      B469CD16 
 161      9D763FDA 
 162 00d7 30DAD0AC 		.ascii	"0\332\320\2548#h\005B\243[\304+\021{R8\207v\331\254"
 162      38236805 
 162      42A35BC4 
 162      2B117B52 
 162      388776D9 
 163 00ec BC550DBD 		.ascii	"\274U\015\275\256^\257L\344<\327\036O\031 \343\376h"
 163      AE5EAF4C 
 163      E43CD71E 
 163      4F1920E3 
 163      FE68
 164 00fe 9EF90EDC 		.ascii	"\236\371\016\334\002\220\200\015I\364Y\242+\342I'\300"
 164      0290800D 
 164      49F459A2 
 164      2BE24927 
 164      C0
 165 010f 1D8324B4 		.ascii	"\035\203$\2648\012T)`?\370k`x\320\275\360\301\2613\303"
 165      380A5429 
 165      603FF86B 
 165      6078D0BD 
 165      F0C1B133 
 166 0124 86B60433 		.ascii	"\206\266\0043CE\202\257(U\325\\\364\015\032A\247'\262"
 166      434582AF 
 166      2855D55C 
 166      F40D1A41 
ARM GAS  C:\Users\info\AppData\Local\Temp\ccjyN5Xw.s 			page 12


 166      A727B2
 167 0137 17F1411F 		.ascii	"\027\361A\037\226I\023\265\350\375Y\243_\021\224\304"
 167      964913B5 
 167      E8FD59A3 
 167      5F1194C4 
 168 0147 69DF64FE 		.ascii	"i\337d\376\207Q\005\012\216\203\212bx[\333\230\366L"
 168      8751050A 
 168      8E838A62 
 168      785BDB98 
 168      F64C
 169 0159 672E796A 		.ascii	"g.yj\200\020\013\030\321\235\270\2363\020\214\356+\026"
 169      80100B18 
 169      D19DB89E 
 169      33108CEE 
 169      2B16
 170 016b 084777AA 		.ascii	"\010Gw\252\351\347\034C\330\021\306\313P\302\215\260"
 170      E9E71C43 
 170      D811C6CB 
 170      50C28DB0 
 171 017b F1353807 		.ascii	"\36158\00768\013\330\027(\2000\374\033g\344J\015\236"
 171      36380BD8 
 171      17288030 
 171      FC1B67E4 
 171      4A0D9E
 172 018e 9F9E9A16 		.ascii	"\237\236\232\026\347)\375N\245\177rdY\266\342\312D\232"
 172      E729FD4E 
 172      A57F7264 
 172      59B6E2CA 
 172      449A
 173 01a0 81A2201F 		.ascii	"\201\242 \037\010\234\201(\232!N\351\343\027\270\203"
 173      089C8128 
 173      9A214EE9 
 173      E317B883 
 174 01b0 B917C262 		.ascii	"\271\027\302bd\326\235j\234\266\220\225,\321\007/\356"
 174      64D69D6A 
 174      9CB69095 
 174      2CD1072F 
 174      EE
 175 01c1 B983B98A 		.ascii	"\271\203\271\212k\274\301\252\034LW\224\367\231F\221"
 175      6BBCC1AA 
 175      1C4C5794 
 175      F7994691 
 176 01d1 A651A4D7 		.ascii	"\246Q\244\327(f\032\031y\247+\003I\014\323\360(#\323"
 176      28661A19 
 176      79A72B03 
 176      490CD3F0 
 176      2823D3
 177 01e4 16D4C843 		.ascii	"\026\324\310C\015g\263^\303\251i8\365\032%Lc\342\346"
 177      0D67B35E 
 177      C3A96938 
 177      F51A254C 
 177      63E2E6
 178 01f7 CB27C164 		.ascii	"\313'\301d\013\323\250\377;\337\003B\243\263E\257Q\252"
 178      0BD3A8FF 
 178      3BDF0342 
 178      A3B345AF 
 178      51AA
ARM GAS  C:\Users\info\AppData\Local\Temp\ccjyN5Xw.s 			page 13


 179 0209 6994EA35 		.ascii	"i\224\3525\312\230F\303\321\307\031\301$\211i\024\357"
 179      CA9846C3 
 179      D1C719C1 
 179      24896914 
 179      EF
 180 021a 1E3C63C6 		.ascii	"\036<c\306\315\264Y`\032\250?V>\031\304}\372:\373\320"
 180      CDB45960 
 180      1AA83F56 
 180      3E19C47D 
 180      FA3AFBD0 
 181 022e C0CB40B2 		.ascii	"\300\313@\262\007\250c\350\0308\367\320\010\221\226"
 181      07A863E8 
 181      1838F7D0 
 181      089196
 182 023d D374AFFB 		.ascii	"\323t\257\373\313\017l\315\332K7\257\034,pI\013h\243"
 182      CB0F6CCD 
 182      DA4B37AF 
 182      1C2C7049 
 182      0B68A3
 183 0250 9FDC3E45 		.ascii	"\237\334>E\331\245\214\237PLa\022,\267\301\2736\011"
 183      D9A58C9F 
 183      504C6112 
 183      2CB7C1BB 
 183      3609
 184 0262 2E432455 		.ascii	".C$U\245(\270\210\375\271\200\375\241\033\361u}\306"
 184      A528B888 
 184      FDB980FD 
 184      A11BF175 
 184      7DC6
 185 0274 027DFBA8 		.ascii	"\002}\373\250\234\326\277+>\375\033j{21\237\356<\306"
 185      9CD6BF2B 
 185      3EFD1B6A 
 185      7B32319F 
 185      EE3CC6
 186 0287 AF6AF9AC 		.ascii	"\257j\371\254\364\344\036\327A` 8\257ep\036\370\361"
 186      F4E41ED7 
 186      41602038 
 186      AF65701E 
 186      F8F1
 187 0299 820A566E 		.ascii	"\202\012Vn\351\361\263\203\204\264\261\032`l$\377w3"
 187      E9F1B383 
 187      84B4B11A 
 187      606C24FF 
 187      7733
 188 02ab 577075B5 		.ascii	"Wpu\265\004g+5FF\257\324\350\225*\275\212\321\037\237"
 188      04672B35 
 188      4646AFD4 
 188      E8952ABD 
 188      8AD11F9F 
 189 02bf EFFED640 		.ascii	"\357\376\326@\3729\275\321\375\374\210E\320\017\265"
 189      FA39BDD1 
 189      FDFC8845 
 189      D00FB5
 190 02ce 9119FA55 		.ascii	"\221\031\372U\215~U\245W3\272\347e\356h\000\231\340"
 190      8D7E55A5 
 190      5733BAE7 
 190      65EE6800 
ARM GAS  C:\Users\info\AppData\Local\Temp\ccjyN5Xw.s 			page 14


 190      99E0
 191 02e0 F4A1AC63 		.ascii	"\364\241\254c\277\231\214\370\341\262*\261*\\+\270\322"
 191      BF998CF8 
 191      E1B22AB1 
 191      2A5C2BB8 
 191      D2
 192 02f1 33669AF3 		.ascii	"3f\232\363\374\326\260\372\257\201\330\000\317\341S"
 192      FCD6B0FA 
 192      AF81D800 
 192      CFE153
 193 0300 C74C22FE 		.ascii	"\307L\"\376Ts\020\213\217\020pi\361]j\374Z\026?\257"
 193      5473108B 
 193      8F107069 
 193      F15D6AFC 
 193      5A163FAF 
 194 0314 B7B23388 		.ascii	"\267\2623\210|\303?\261\307\2155\373\324\364\237\211"
 194      7CC33FB1 
 194      C78D35FB 
 194      D4F49F89 
 195 0324 EA29BD4E 		.ascii	"\352)\275N\243\327\251\364zF\237\362V\014\005\220c\234"
 195      A3D7A9F4 
 195      7A469FF2 
 195      560C0590 
 195      639C
 196 0336 9E3E78F9 		.ascii	"\236>x\371\350L\364\026\353\014\275A\2437\250t7\243"
 196      E84CF416 
 196      EB0CBD41 
 196      A337A874 
 196      37A3
 197 0348 BFD85B34 		.ascii	"\277\330[4a %\234~\272\350\231'@\320\275\315Vl\035;"
 197      6120259C 
 197      7EBAE899 
 197      2740D0BD 
 197      CD566C1D 
 198 035d AC8D1ABB 		.ascii	"\254\215\032\273Qe71\266\367\341\361\374@R\311\331{"
 198      51653731 
 198      B6F7E1F1 
 198      FC4052C9 
 198      D97B
 199 036f EEB5F710 		.ascii	"\356\265\367\020\301\376\343;\276\365\224\336\254\321"
 199      C1FEE33B 
 199      BEF594DE 
 199      ACD1
 200 037d 9B557A0B 		.ascii	"\233Uz\013\243\357n(u\232I\023\247?\312\034\352\017"
 200      A3EF6E28 
 200      759A4913 
 200      A73FCA1C 
 200      EA0F
 201 038f E4B74618 		.ascii	"\344\267F\030\2727\306[\217\012w!\275b\246+~\004\342"
 201      BA37C65B 
 201      8F0A7721 
 201      BD62A62B 
 201      7E04E2
 202 03a2 E5D0C9A9 		.ascii	"\345\320\311\251>\017v\234;\273\257\272\377\264\222"
 202      3E0F769C 
 202      3BBBAFBA 
 202      FFB492
ARM GAS  C:\Users\info\AppData\Local\Temp\ccjyN5Xw.s 			page 15


 203 03b1 61EEEC6F 		.ascii	"a\356\354o\272\350\016&\317\231c\272\240\334\356#\020"
 203      BAE80E26 
 203      CF9963BA 
 203      A0DCEE23 
 203      10
 204 03c2 111A1111 		.ascii	"\021\032\021\021\031q\202\236wW\227\373\325,\305\225"
 204      1971829E 
 204      775797FB 
 204      D52CC595 
 205 03d2 4E58777F 		.ascii	"NXw\177\305\274:!T=\376\357\320n\266\321\236J\207X\257"
 205      C5BC3A21 
 205      543DFEEF 
 205      D06EB6D1 
 205      9E4A8758 
 206 03e7 5D8A42AF 		.ascii	"]\212B\257F\255\325\024\214\205@\027~(\335\020\001^"
 206      46ADD514 
 206      8C854017 
 206      7E28DD10 
 206      015E
 207 03f9 B40EB49B 		.ascii	"\264\016\264\233\020\301\252\3421r\233\003\025\347\347"
 207      10C1AAE2 
 207      31729B03 
 207      15E7E7
 208 0408 2CC20D3F 		.ascii	",\302\015?\021\256\263\010\034\332\341^\240\245\343"
 208      11AEB308 
 208      1CDAE15E 
 208      A0A5E3
 209 0417 F1035E4E 		.ascii	"\361\003^N\261\354kv]r[\025\305L\021\222\330M-d\225"
 209      B1EC6B76 
 209      5D725B15 
 209      C54C1192 
 209      D84D2D64 
 210 042c 3B48D369 		.ascii	";H\323i\367\243\263\324\306O\247\263\2548\307L\366\023"
 210      F7A3B3D4 
 210      C64FA7B3 
 210      AC38C74C 
 210      F613
 211 043e 765B8C15 		.ascii	"v[\214\025u\215\032!4\322o\265x\033E\376g\301\"\263"
 211      758D1A21 
 211      34D26FB5 
 211      781B45FE 
 211      67C122B3 
 212 0452 034033BB 		.ascii	"\003@3\273\215\340[Z\253i\242,faE\227\333\262\344\244"
 212      8DE05B5A 
 212      AB69A22C 
 212      66614597 
 212      DBB2E4A4 
 213 0466 A2E0C998 		.ascii	"\242\340\311\230t~\362\203\242\254a\330V\216\325\355"
 213      747EF283 
 213      A2AC61D8 
 213      568ED5ED 
 214 0476 6F2B3D1D 		.ascii	"o+=\035\320\003K\220u\266\265\241\215X\017\320\362\360"
 214      D0034B90 
 214      75B6B5A1 
 214      8D580FD0 
 214      F2F0
 215 0488 A30B59C3 		.ascii	"\243\013Y\303>b\015z\027\254\354\034\341\023\301\335"
ARM GAS  C:\Users\info\AppData\Local\Temp\ccjyN5Xw.s 			page 16


 215      3E620D7A 
 215      17ACEC1C 
 215      E113C1DD 
 216 0498 7F757A7D 		.ascii	"\177uz}\300T_\003\367\012p/\003\217_k\254]\240\007\327"
 216      C0545F03 
 216      F70A702F 
 216      038F5F6B 
 216      AC5DA007 
 217 04ad F828F709 		.ascii	"\370(\367\011p\037\005\223\272\216\342j\013Xl\200\357"
 217      701F0593 
 217      BA8EE26A 
 217      0B586C80 
 217      EF
 218 04be 611F2D77 		.ascii	"a\037-w|\227\356\316\224\240\037\3606\205{\370\372>"
 218      7C97EECE 
 218      94A01FF0 
 218      36857BF8 
 218      FA3E
 219 04d0 D273148A 		.ascii	"\322s\024\212i\007\266\314\234\361\225lN\377`\354\247"
 219      6907B6CC 
 219      9CF1956C 
 219      4EFF60EC 
 219      A7
 220 04e1 994FBC26 		.ascii	"\231O\274&\013.g\374\277\273\367\372\303\343\323\001"
 220      0B2E67FC 
 220      BFBBF7FA 
 220      C3E3D301 
 221 04f1 2497F7AB 		.ascii	"$\227\367\253\354p\366\341\000\260D\372\241?\360CW\377"
 221      EC70F6E1 
 221      00B044FA 
 221      A13FF043 
 221      57FF
 222 0503 09ACCBF9 		.ascii	"\011\254\313\371>]\011\207!<\032\203Z{\006h\3364\304"
 222      3E5D0987 
 222      213C1A83 
 222      5A7B0668 
 222      DE34C4
 223 0516 9947B52E 		.ascii	"\231G\265.\320o\307\220\317\365>,\266c\230\355]\316"
 223      D06FC790 
 223      CFF53E2C 
 223      B66398ED 
 223      5DCE
 224 0528 ADDC16B3 		.ascii	"\255\334\026\263\036\\\340\263w#`U\365q*-\\\263n\375"
 224      1E5CE0B3 
 224      77236055 
 224      F5712A2D 
 224      5CB36EFD 
 225 053c 479F6E89 		.ascii	"G\237n\211\211\375R^\225\222\2745q\233y\365\307\033"
 225      89FD525E 
 225      9592BC35 
 225      719B79F5 
 225      C71B
 226 054e C2572D5D 		.ascii	"\302W-]*-^-'\313\366X\207\234\260%&%\315\036/o\216\216"
 226      2A2D5E2D 
 226      27CBF658 
 226      879CB025 
 226      2625CD1E 
ARM GAS  C:\Users\info\AppData\Local\Temp\ccjyN5Xw.s 			page 17


 227 0566 4959F5DE 		.ascii	"IY\365\336fN\210^\033\025/\205\362\371zy\207#\305.\370"
 227      664E885E 
 227      1B152F85 
 227      F2F97A79 
 227      8723C52E 
 228 057b 81423049 		.ascii	"\201B0I\226S\255|\276)v\273\234\226\372\272\012\216"
 228      9653AD7C 
 228      BE2976BB 
 228      9C96FABA 
 228      0A8E
 229 058d 4D40A4C3 		.ascii	"M@\244\303\236\222\264^\336\226\270\303!\333\347\245"
 229      9E92B45E 
 229      DE96B8C3 
 229      21DBE7A5 
 230 059d 25263B56 		.ascii	"%&;V\2745G\274\370\235\216\235\251\362\216\250/\244"
 230      BC3547BC 
 230      F89D8E9D 
 230      A9F28EA8 
 230      2FA4
 231 05af 37FF2D23 		.ascii	"7\377-#|\277H\037!-\031\225\027j+\321\262=1%\341\015"
 231      7CBF481F 
 231      212D1995 
 231      176A2BD1 
 231      B23D3125 
 232 05c5 91913DD1 		.ascii	"\221\221=\321!\317\312\"\304\347\025\243/\322-q\276"
 232      21CFCA22 
 232      C4E715A3 
 232      2FD22D71 
 232      BE
 233 05d6 4554E748 		.ascii	"ET\347HQ\213\373 96.I\026N\\l\374\366\264\324\371\321"
 233      518BFB20 
 233      39362E49 
 233      164E5C6C 
 233      FCF6B4D4 
 234 05ec 9BD672B8 		.ascii	"\233\326r\270\011g\033\022\342\202\361\301q1\016L?\004"
 234      09671B12 
 234      E282F1C1 
 234      71310E4C 
 234      3F04
 235 05fe 5DFFC139 		.ascii	"]\377\3019?\306aO\213w\030\355\362\266\025\377\000\267"
 235      3FC6614F 
 235      8B7718ED 
 235      F2B615FF 
 235      00B7
 236 0610 806590   		.ascii	"\200e\220"
 237              		.text
 238              		.section	.gnu.lto_.symtab.792a7f91,"",%progbits
 239 0000 484F5249 		.ascii	"HORIZ_SaveConfig\000"
 239      5A5F5361 
 239      7665436F 
 239      6E666967 
 239      00
 240 0011 00       		.ascii	"\000"
 241 0012 00       		.ascii	"\000"
 242 0013 00       		.ascii	"\000"
 243 0014 00000000 		.ascii	"\000\000\000\000\000\000\000\000"
 243      00000000 
ARM GAS  C:\Users\info\AppData\Local\Temp\ccjyN5Xw.s 			page 18


 244 001c AD000000 		.ascii	"\255\000\000\000"
 245 0020 484F5249 		.ascii	"HORIZ_RestoreConfig\000"
 245      5A5F5265 
 245      73746F72 
 245      65436F6E 
 245      66696700 
 246 0034 00       		.ascii	"\000"
 247 0035 00       		.ascii	"\000"
 248 0036 00       		.ascii	"\000"
 249 0037 00000000 		.ascii	"\000\000\000\000\000\000\000\000"
 249      00000000 
 250 003f AF000000 		.ascii	"\257\000\000\000"
 251 0043 484F5249 		.ascii	"HORIZ_Sleep\000"
 251      5A5F536C 
 251      65657000 
 252 004f 00       		.ascii	"\000"
 253 0050 00       		.ascii	"\000"
 254 0051 00       		.ascii	"\000"
 255 0052 00000000 		.ascii	"\000\000\000\000\000\000\000\000"
 255      00000000 
 256 005a B1000000 		.ascii	"\261\000\000\000"
 257 005e 484F5249 		.ascii	"HORIZ_Wakeup\000"
 257      5A5F5761 
 257      6B657570 
 257      00
 258 006b 00       		.ascii	"\000"
 259 006c 00       		.ascii	"\000"
 260 006d 00       		.ascii	"\000"
 261 006e 00000000 		.ascii	"\000\000\000\000\000\000\000\000"
 261      00000000 
 262 0076 B3000000 		.ascii	"\263\000\000\000"
 263 007a 484F5249 		.ascii	"HORIZ_ReadControlRegister\000"
 263      5A5F5265 
 263      6164436F 
 263      6E74726F 
 263      6C526567 
 264 0094 00       		.ascii	"\000"
 265 0095 02       		.ascii	"\002"
 266 0096 00       		.ascii	"\000"
 267 0097 00000000 		.ascii	"\000\000\000\000\000\000\000\000"
 267      00000000 
 268 009f BB000000 		.ascii	"\273\000\000\000"
 269 00a3 484F5249 		.ascii	"HORIZ_ReadCounter\000"
 269      5A5F5265 
 269      6164436F 
 269      756E7465 
 269      7200
 270 00b5 00       		.ascii	"\000"
 271 00b6 02       		.ascii	"\002"
 272 00b7 00       		.ascii	"\000"
 273 00b8 00000000 		.ascii	"\000\000\000\000\000\000\000\000"
 273      00000000 
 274 00c0 BD000000 		.ascii	"\275\000\000\000"
 275 00c4 484F5249 		.ascii	"HORIZ_ReadPeriod\000"
 275      5A5F5265 
 275      61645065 
 275      72696F64 
ARM GAS  C:\Users\info\AppData\Local\Temp\ccjyN5Xw.s 			page 19


 275      00
 276 00d5 00       		.ascii	"\000"
 277 00d6 02       		.ascii	"\002"
 278 00d7 00       		.ascii	"\000"
 279 00d8 00000000 		.ascii	"\000\000\000\000\000\000\000\000"
 279      00000000 
 280 00e0 BF000000 		.ascii	"\277\000\000\000"
 281 00e4 484F5249 		.ascii	"HORIZ_WriteControlRegister\000"
 281      5A5F5772 
 281      69746543 
 281      6F6E7472 
 281      6F6C5265 
 282 00ff 00       		.ascii	"\000"
 283 0100 02       		.ascii	"\002"
 284 0101 00       		.ascii	"\000"
 285 0102 00000000 		.ascii	"\000\000\000\000\000\000\000\000"
 285      00000000 
 286 010a C3000000 		.ascii	"\303\000\000\000"
 287 010e 484F5249 		.ascii	"HORIZ_WriteCounter\000"
 287      5A5F5772 
 287      69746543 
 287      6F756E74 
 287      657200
 288 0121 00       		.ascii	"\000"
 289 0122 02       		.ascii	"\002"
 290 0123 00       		.ascii	"\000"
 291 0124 00000000 		.ascii	"\000\000\000\000\000\000\000\000"
 291      00000000 
 292 012c C5000000 		.ascii	"\305\000\000\000"
 293 0130 484F5249 		.ascii	"HORIZ_WritePeriod\000"
 293      5A5F5772 
 293      69746550 
 293      6572696F 
 293      6400
 294 0142 00       		.ascii	"\000"
 295 0143 02       		.ascii	"\002"
 296 0144 00       		.ascii	"\000"
 297 0145 00000000 		.ascii	"\000\000\000\000\000\000\000\000"
 297      00000000 
 298 014d C7000000 		.ascii	"\307\000\000\000"
 299 0151 484F5249 		.ascii	"HORIZ_Stop\000"
 299      5A5F5374 
 299      6F7000
 300 015c 00       		.ascii	"\000"
 301 015d 02       		.ascii	"\002"
 302 015e 00       		.ascii	"\000"
 303 015f 00000000 		.ascii	"\000\000\000\000\000\000\000\000"
 303      00000000 
 304 0167 C9000000 		.ascii	"\311\000\000\000"
 305 016b 484F5249 		.ascii	"HORIZ_Enable\000"
 305      5A5F456E 
 305      61626C65 
 305      00
 306 0178 00       		.ascii	"\000"
 307 0179 02       		.ascii	"\002"
 308 017a 00       		.ascii	"\000"
 309 017b 00000000 		.ascii	"\000\000\000\000\000\000\000\000"
ARM GAS  C:\Users\info\AppData\Local\Temp\ccjyN5Xw.s 			page 20


 309      00000000 
 310 0183 CB000000 		.ascii	"\313\000\000\000"
 311              		.text
 312              		.section	.gnu.lto_.opts,"",%progbits
 313 0000 272D666D 		.ascii	"'-fmath-errno' '-fsigned-zeros' '-ftrapping-math' '"
 313      6174682D 
 313      6572726E 
 313      6F272027 
 313      2D667369 
 314 0033 2D666E6F 		.ascii	"-fno-trapv' '-fno-strict-overflow' '-fno-openmp' '-"
 314      2D747261 
 314      70762720 
 314      272D666E 
 314      6F2D7374 
 315 0066 666E6F2D 		.ascii	"fno-openacc' '-mcpu=cortex-m3' '-mthumb' '-g' '-Og'"
 315      6F70656E 
 315      61636327 
 315      20272D6D 
 315      6370753D 
 316 0099 20272D66 		.ascii	" '-ffunction-sections' '-ffat-lto-objects' '-flto'\000"
 316      66756E63 
 316      74696F6E 
 316      2D736563 
 316      74696F6E 
 317              		.text
 318              		.cfi_sections	.debug_frame
 319              		.section	.text.HORIZ_SaveConfig,"ax",%progbits
 320              		.align	2
 321              		.global	HORIZ_SaveConfig
 322              		.thumb
 323              		.thumb_func
 324              		.type	HORIZ_SaveConfig, %function
 325              	HORIZ_SaveConfig:
 326              	.LFB0:
 327              		.file 1 "Generated_Source\\PSoC5\\HORIZ_PM.c"
   1:Generated_Source\PSoC5/HORIZ_PM.c **** /*******************************************************************************
   2:Generated_Source\PSoC5/HORIZ_PM.c **** * File Name: HORIZ_PM.c
   3:Generated_Source\PSoC5/HORIZ_PM.c **** * Version 3.30
   4:Generated_Source\PSoC5/HORIZ_PM.c **** *
   5:Generated_Source\PSoC5/HORIZ_PM.c **** * Description:
   6:Generated_Source\PSoC5/HORIZ_PM.c **** *  This file provides the power management source code to API for the
   7:Generated_Source\PSoC5/HORIZ_PM.c **** *  PWM.
   8:Generated_Source\PSoC5/HORIZ_PM.c **** *
   9:Generated_Source\PSoC5/HORIZ_PM.c **** * Note:
  10:Generated_Source\PSoC5/HORIZ_PM.c **** *
  11:Generated_Source\PSoC5/HORIZ_PM.c **** ********************************************************************************
  12:Generated_Source\PSoC5/HORIZ_PM.c **** * Copyright 2008-2014, Cypress Semiconductor Corporation.  All rights reserved.
  13:Generated_Source\PSoC5/HORIZ_PM.c **** * You may use this file only in accordance with the license, terms, conditions,
  14:Generated_Source\PSoC5/HORIZ_PM.c **** * disclaimers, and limitations in the end user license agreement accompanying
  15:Generated_Source\PSoC5/HORIZ_PM.c **** * the software package with which this file was provided.
  16:Generated_Source\PSoC5/HORIZ_PM.c **** *******************************************************************************/
  17:Generated_Source\PSoC5/HORIZ_PM.c **** 
  18:Generated_Source\PSoC5/HORIZ_PM.c **** #include "HORIZ.h"
  19:Generated_Source\PSoC5/HORIZ_PM.c **** 
  20:Generated_Source\PSoC5/HORIZ_PM.c **** static HORIZ_backupStruct HORIZ_backup;
  21:Generated_Source\PSoC5/HORIZ_PM.c **** 
  22:Generated_Source\PSoC5/HORIZ_PM.c **** 
ARM GAS  C:\Users\info\AppData\Local\Temp\ccjyN5Xw.s 			page 21


  23:Generated_Source\PSoC5/HORIZ_PM.c **** /*******************************************************************************
  24:Generated_Source\PSoC5/HORIZ_PM.c **** * Function Name: HORIZ_SaveConfig
  25:Generated_Source\PSoC5/HORIZ_PM.c **** ********************************************************************************
  26:Generated_Source\PSoC5/HORIZ_PM.c **** *
  27:Generated_Source\PSoC5/HORIZ_PM.c **** * Summary:
  28:Generated_Source\PSoC5/HORIZ_PM.c **** *  Saves the current user configuration of the component.
  29:Generated_Source\PSoC5/HORIZ_PM.c **** *
  30:Generated_Source\PSoC5/HORIZ_PM.c **** * Parameters:
  31:Generated_Source\PSoC5/HORIZ_PM.c **** *  None
  32:Generated_Source\PSoC5/HORIZ_PM.c **** *
  33:Generated_Source\PSoC5/HORIZ_PM.c **** * Return:
  34:Generated_Source\PSoC5/HORIZ_PM.c **** *  None
  35:Generated_Source\PSoC5/HORIZ_PM.c **** *
  36:Generated_Source\PSoC5/HORIZ_PM.c **** * Global variables:
  37:Generated_Source\PSoC5/HORIZ_PM.c **** *  HORIZ_backup:  Variables of this global structure are modified to
  38:Generated_Source\PSoC5/HORIZ_PM.c **** *  store the values of non retention configuration registers when Sleep() API is
  39:Generated_Source\PSoC5/HORIZ_PM.c **** *  called.
  40:Generated_Source\PSoC5/HORIZ_PM.c **** *
  41:Generated_Source\PSoC5/HORIZ_PM.c **** *******************************************************************************/
  42:Generated_Source\PSoC5/HORIZ_PM.c **** void HORIZ_SaveConfig(void) 
  43:Generated_Source\PSoC5/HORIZ_PM.c **** {
 328              		.loc 1 43 0
 329              		.cfi_startproc
 330              		@ args = 0, pretend = 0, frame = 0
 331              		@ frame_needed = 0, uses_anonymous_args = 0
 332 0000 10B5     		push	{r4, lr}
 333              		.cfi_def_cfa_offset 8
 334              		.cfi_offset 4, -8
 335              		.cfi_offset 14, -4
  44:Generated_Source\PSoC5/HORIZ_PM.c **** 
  45:Generated_Source\PSoC5/HORIZ_PM.c ****     #if(!HORIZ_UsingFixedFunction)
  46:Generated_Source\PSoC5/HORIZ_PM.c ****         #if(!HORIZ_PWMModeIsCenterAligned)
  47:Generated_Source\PSoC5/HORIZ_PM.c ****             HORIZ_backup.PWMPeriod = HORIZ_ReadPeriod();
 336              		.loc 1 47 0
 337 0002 FFF7FEFF 		bl	HORIZ_ReadPeriod
 338              	.LVL0:
 339 0006 044C     		ldr	r4, .L3
 340 0008 A070     		strb	r0, [r4, #2]
  48:Generated_Source\PSoC5/HORIZ_PM.c ****         #endif /* (!HORIZ_PWMModeIsCenterAligned) */
  49:Generated_Source\PSoC5/HORIZ_PM.c ****         HORIZ_backup.PWMUdb = HORIZ_ReadCounter();
 341              		.loc 1 49 0
 342 000a FFF7FEFF 		bl	HORIZ_ReadCounter
 343              	.LVL1:
 344 000e 6070     		strb	r0, [r4, #1]
  50:Generated_Source\PSoC5/HORIZ_PM.c ****         #if (HORIZ_UseStatus)
  51:Generated_Source\PSoC5/HORIZ_PM.c ****             HORIZ_backup.InterruptMaskValue = HORIZ_STATUS_MASK;
  52:Generated_Source\PSoC5/HORIZ_PM.c ****         #endif /* (HORIZ_UseStatus) */
  53:Generated_Source\PSoC5/HORIZ_PM.c **** 
  54:Generated_Source\PSoC5/HORIZ_PM.c ****         #if(HORIZ_DeadBandMode == HORIZ__B_PWM__DBM_256_CLOCKS || \
  55:Generated_Source\PSoC5/HORIZ_PM.c ****             HORIZ_DeadBandMode == HORIZ__B_PWM__DBM_2_4_CLOCKS)
  56:Generated_Source\PSoC5/HORIZ_PM.c ****             HORIZ_backup.PWMdeadBandValue = HORIZ_ReadDeadTime();
  57:Generated_Source\PSoC5/HORIZ_PM.c ****         #endif /*  deadband count is either 2-4 clocks or 256 clocks */
  58:Generated_Source\PSoC5/HORIZ_PM.c **** 
  59:Generated_Source\PSoC5/HORIZ_PM.c ****         #if(HORIZ_KillModeMinTime)
  60:Generated_Source\PSoC5/HORIZ_PM.c ****              HORIZ_backup.PWMKillCounterPeriod = HORIZ_ReadKillTime();
  61:Generated_Source\PSoC5/HORIZ_PM.c ****         #endif /* (HORIZ_KillModeMinTime) */
  62:Generated_Source\PSoC5/HORIZ_PM.c **** 
ARM GAS  C:\Users\info\AppData\Local\Temp\ccjyN5Xw.s 			page 22


  63:Generated_Source\PSoC5/HORIZ_PM.c ****         #if(HORIZ_UseControl)
  64:Generated_Source\PSoC5/HORIZ_PM.c ****             HORIZ_backup.PWMControlRegister = HORIZ_ReadControlRegister();
 345              		.loc 1 64 0
 346 0010 FFF7FEFF 		bl	HORIZ_ReadControlRegister
 347              	.LVL2:
 348 0014 E070     		strb	r0, [r4, #3]
 349 0016 10BD     		pop	{r4, pc}
 350              	.L4:
 351              		.align	2
 352              	.L3:
 353 0018 00000000 		.word	.LANCHOR0
 354              		.cfi_endproc
 355              	.LFE0:
 356              		.size	HORIZ_SaveConfig, .-HORIZ_SaveConfig
 357              		.section	.text.HORIZ_RestoreConfig,"ax",%progbits
 358              		.align	2
 359              		.global	HORIZ_RestoreConfig
 360              		.thumb
 361              		.thumb_func
 362              		.type	HORIZ_RestoreConfig, %function
 363              	HORIZ_RestoreConfig:
 364              	.LFB1:
  65:Generated_Source\PSoC5/HORIZ_PM.c ****         #endif /* (HORIZ_UseControl) */
  66:Generated_Source\PSoC5/HORIZ_PM.c ****     #endif  /* (!HORIZ_UsingFixedFunction) */
  67:Generated_Source\PSoC5/HORIZ_PM.c **** }
  68:Generated_Source\PSoC5/HORIZ_PM.c **** 
  69:Generated_Source\PSoC5/HORIZ_PM.c **** 
  70:Generated_Source\PSoC5/HORIZ_PM.c **** /*******************************************************************************
  71:Generated_Source\PSoC5/HORIZ_PM.c **** * Function Name: HORIZ_RestoreConfig
  72:Generated_Source\PSoC5/HORIZ_PM.c **** ********************************************************************************
  73:Generated_Source\PSoC5/HORIZ_PM.c **** *
  74:Generated_Source\PSoC5/HORIZ_PM.c **** * Summary:
  75:Generated_Source\PSoC5/HORIZ_PM.c **** *  Restores the current user configuration of the component.
  76:Generated_Source\PSoC5/HORIZ_PM.c **** *
  77:Generated_Source\PSoC5/HORIZ_PM.c **** * Parameters:
  78:Generated_Source\PSoC5/HORIZ_PM.c **** *  None
  79:Generated_Source\PSoC5/HORIZ_PM.c **** *
  80:Generated_Source\PSoC5/HORIZ_PM.c **** * Return:
  81:Generated_Source\PSoC5/HORIZ_PM.c **** *  None
  82:Generated_Source\PSoC5/HORIZ_PM.c **** *
  83:Generated_Source\PSoC5/HORIZ_PM.c **** * Global variables:
  84:Generated_Source\PSoC5/HORIZ_PM.c **** *  HORIZ_backup:  Variables of this global structure are used to
  85:Generated_Source\PSoC5/HORIZ_PM.c **** *  restore the values of non retention registers on wakeup from sleep mode.
  86:Generated_Source\PSoC5/HORIZ_PM.c **** *
  87:Generated_Source\PSoC5/HORIZ_PM.c **** *******************************************************************************/
  88:Generated_Source\PSoC5/HORIZ_PM.c **** void HORIZ_RestoreConfig(void) 
  89:Generated_Source\PSoC5/HORIZ_PM.c **** {
 365              		.loc 1 89 0
 366              		.cfi_startproc
 367              		@ args = 0, pretend = 0, frame = 0
 368              		@ frame_needed = 0, uses_anonymous_args = 0
 369 0000 10B5     		push	{r4, lr}
 370              		.cfi_def_cfa_offset 8
 371              		.cfi_offset 4, -8
 372              		.cfi_offset 14, -4
  90:Generated_Source\PSoC5/HORIZ_PM.c ****         #if(!HORIZ_UsingFixedFunction)
  91:Generated_Source\PSoC5/HORIZ_PM.c ****             #if(!HORIZ_PWMModeIsCenterAligned)
ARM GAS  C:\Users\info\AppData\Local\Temp\ccjyN5Xw.s 			page 23


  92:Generated_Source\PSoC5/HORIZ_PM.c ****                 HORIZ_WritePeriod(HORIZ_backup.PWMPeriod);
 373              		.loc 1 92 0
 374 0002 054C     		ldr	r4, .L7
 375 0004 A078     		ldrb	r0, [r4, #2]	@ zero_extendqisi2
 376 0006 FFF7FEFF 		bl	HORIZ_WritePeriod
 377              	.LVL3:
  93:Generated_Source\PSoC5/HORIZ_PM.c ****             #endif /* (!HORIZ_PWMModeIsCenterAligned) */
  94:Generated_Source\PSoC5/HORIZ_PM.c **** 
  95:Generated_Source\PSoC5/HORIZ_PM.c ****             HORIZ_WriteCounter(HORIZ_backup.PWMUdb);
 378              		.loc 1 95 0
 379 000a 6078     		ldrb	r0, [r4, #1]	@ zero_extendqisi2
 380 000c FFF7FEFF 		bl	HORIZ_WriteCounter
 381              	.LVL4:
  96:Generated_Source\PSoC5/HORIZ_PM.c **** 
  97:Generated_Source\PSoC5/HORIZ_PM.c ****             #if (HORIZ_UseStatus)
  98:Generated_Source\PSoC5/HORIZ_PM.c ****                 HORIZ_STATUS_MASK = HORIZ_backup.InterruptMaskValue;
  99:Generated_Source\PSoC5/HORIZ_PM.c ****             #endif /* (HORIZ_UseStatus) */
 100:Generated_Source\PSoC5/HORIZ_PM.c **** 
 101:Generated_Source\PSoC5/HORIZ_PM.c ****             #if(HORIZ_DeadBandMode == HORIZ__B_PWM__DBM_256_CLOCKS || \
 102:Generated_Source\PSoC5/HORIZ_PM.c ****                 HORIZ_DeadBandMode == HORIZ__B_PWM__DBM_2_4_CLOCKS)
 103:Generated_Source\PSoC5/HORIZ_PM.c ****                 HORIZ_WriteDeadTime(HORIZ_backup.PWMdeadBandValue);
 104:Generated_Source\PSoC5/HORIZ_PM.c ****             #endif /* deadband count is either 2-4 clocks or 256 clocks */
 105:Generated_Source\PSoC5/HORIZ_PM.c **** 
 106:Generated_Source\PSoC5/HORIZ_PM.c ****             #if(HORIZ_KillModeMinTime)
 107:Generated_Source\PSoC5/HORIZ_PM.c ****                 HORIZ_WriteKillTime(HORIZ_backup.PWMKillCounterPeriod);
 108:Generated_Source\PSoC5/HORIZ_PM.c ****             #endif /* (HORIZ_KillModeMinTime) */
 109:Generated_Source\PSoC5/HORIZ_PM.c **** 
 110:Generated_Source\PSoC5/HORIZ_PM.c ****             #if(HORIZ_UseControl)
 111:Generated_Source\PSoC5/HORIZ_PM.c ****                 HORIZ_WriteControlRegister(HORIZ_backup.PWMControlRegister);
 382              		.loc 1 111 0
 383 0010 E078     		ldrb	r0, [r4, #3]	@ zero_extendqisi2
 384 0012 FFF7FEFF 		bl	HORIZ_WriteControlRegister
 385              	.LVL5:
 386 0016 10BD     		pop	{r4, pc}
 387              	.L8:
 388              		.align	2
 389              	.L7:
 390 0018 00000000 		.word	.LANCHOR0
 391              		.cfi_endproc
 392              	.LFE1:
 393              		.size	HORIZ_RestoreConfig, .-HORIZ_RestoreConfig
 394              		.section	.text.HORIZ_Sleep,"ax",%progbits
 395              		.align	2
 396              		.global	HORIZ_Sleep
 397              		.thumb
 398              		.thumb_func
 399              		.type	HORIZ_Sleep, %function
 400              	HORIZ_Sleep:
 401              	.LFB2:
 112:Generated_Source\PSoC5/HORIZ_PM.c ****             #endif /* (HORIZ_UseControl) */
 113:Generated_Source\PSoC5/HORIZ_PM.c ****         #endif  /* (!HORIZ_UsingFixedFunction) */
 114:Generated_Source\PSoC5/HORIZ_PM.c ****     }
 115:Generated_Source\PSoC5/HORIZ_PM.c **** 
 116:Generated_Source\PSoC5/HORIZ_PM.c **** 
 117:Generated_Source\PSoC5/HORIZ_PM.c **** /*******************************************************************************
 118:Generated_Source\PSoC5/HORIZ_PM.c **** * Function Name: HORIZ_Sleep
 119:Generated_Source\PSoC5/HORIZ_PM.c **** ********************************************************************************
ARM GAS  C:\Users\info\AppData\Local\Temp\ccjyN5Xw.s 			page 24


 120:Generated_Source\PSoC5/HORIZ_PM.c **** *
 121:Generated_Source\PSoC5/HORIZ_PM.c **** * Summary:
 122:Generated_Source\PSoC5/HORIZ_PM.c **** *  Disables block's operation and saves the user configuration. Should be called
 123:Generated_Source\PSoC5/HORIZ_PM.c **** *  just prior to entering sleep.
 124:Generated_Source\PSoC5/HORIZ_PM.c **** *
 125:Generated_Source\PSoC5/HORIZ_PM.c **** * Parameters:
 126:Generated_Source\PSoC5/HORIZ_PM.c **** *  None
 127:Generated_Source\PSoC5/HORIZ_PM.c **** *
 128:Generated_Source\PSoC5/HORIZ_PM.c **** * Return:
 129:Generated_Source\PSoC5/HORIZ_PM.c **** *  None
 130:Generated_Source\PSoC5/HORIZ_PM.c **** *
 131:Generated_Source\PSoC5/HORIZ_PM.c **** * Global variables:
 132:Generated_Source\PSoC5/HORIZ_PM.c **** *  HORIZ_backup.PWMEnableState:  Is modified depending on the enable
 133:Generated_Source\PSoC5/HORIZ_PM.c **** *  state of the block before entering sleep mode.
 134:Generated_Source\PSoC5/HORIZ_PM.c **** *
 135:Generated_Source\PSoC5/HORIZ_PM.c **** *******************************************************************************/
 136:Generated_Source\PSoC5/HORIZ_PM.c **** void HORIZ_Sleep(void) 
 137:Generated_Source\PSoC5/HORIZ_PM.c **** {
 402              		.loc 1 137 0
 403              		.cfi_startproc
 404              		@ args = 0, pretend = 0, frame = 0
 405              		@ frame_needed = 0, uses_anonymous_args = 0
 406 0000 08B5     		push	{r3, lr}
 407              		.cfi_def_cfa_offset 8
 408              		.cfi_offset 3, -8
 409              		.cfi_offset 14, -4
 138:Generated_Source\PSoC5/HORIZ_PM.c ****     #if(HORIZ_UseControl)
 139:Generated_Source\PSoC5/HORIZ_PM.c ****         if(HORIZ_CTRL_ENABLE == (HORIZ_CONTROL & HORIZ_CTRL_ENABLE))
 410              		.loc 1 139 0
 411 0002 084B     		ldr	r3, .L13
 412 0004 1B78     		ldrb	r3, [r3]	@ zero_extendqisi2
 413 0006 13F0800F 		tst	r3, #128
 414 000a 03D0     		beq	.L10
 140:Generated_Source\PSoC5/HORIZ_PM.c ****         {
 141:Generated_Source\PSoC5/HORIZ_PM.c ****             /*Component is enabled */
 142:Generated_Source\PSoC5/HORIZ_PM.c ****             HORIZ_backup.PWMEnableState = 1u;
 415              		.loc 1 142 0
 416 000c 0122     		movs	r2, #1
 417 000e 064B     		ldr	r3, .L13+4
 418 0010 1A70     		strb	r2, [r3]
 419 0012 02E0     		b	.L11
 420              	.L10:
 143:Generated_Source\PSoC5/HORIZ_PM.c ****         }
 144:Generated_Source\PSoC5/HORIZ_PM.c ****         else
 145:Generated_Source\PSoC5/HORIZ_PM.c ****         {
 146:Generated_Source\PSoC5/HORIZ_PM.c ****             /* Component is disabled */
 147:Generated_Source\PSoC5/HORIZ_PM.c ****             HORIZ_backup.PWMEnableState = 0u;
 421              		.loc 1 147 0
 422 0014 0022     		movs	r2, #0
 423 0016 044B     		ldr	r3, .L13+4
 424 0018 1A70     		strb	r2, [r3]
 425              	.L11:
 148:Generated_Source\PSoC5/HORIZ_PM.c ****         }
 149:Generated_Source\PSoC5/HORIZ_PM.c ****     #endif /* (HORIZ_UseControl) */
 150:Generated_Source\PSoC5/HORIZ_PM.c **** 
 151:Generated_Source\PSoC5/HORIZ_PM.c ****     /* Stop component */
 152:Generated_Source\PSoC5/HORIZ_PM.c ****     HORIZ_Stop();
ARM GAS  C:\Users\info\AppData\Local\Temp\ccjyN5Xw.s 			page 25


 426              		.loc 1 152 0
 427 001a FFF7FEFF 		bl	HORIZ_Stop
 428              	.LVL6:
 153:Generated_Source\PSoC5/HORIZ_PM.c **** 
 154:Generated_Source\PSoC5/HORIZ_PM.c ****     /* Save registers configuration */
 155:Generated_Source\PSoC5/HORIZ_PM.c ****     HORIZ_SaveConfig();
 429              		.loc 1 155 0
 430 001e FFF7FEFF 		bl	HORIZ_SaveConfig
 431              	.LVL7:
 432 0022 08BD     		pop	{r3, pc}
 433              	.L14:
 434              		.align	2
 435              	.L13:
 436 0024 7E640040 		.word	1073767550
 437 0028 00000000 		.word	.LANCHOR0
 438              		.cfi_endproc
 439              	.LFE2:
 440              		.size	HORIZ_Sleep, .-HORIZ_Sleep
 441              		.section	.text.HORIZ_Wakeup,"ax",%progbits
 442              		.align	2
 443              		.global	HORIZ_Wakeup
 444              		.thumb
 445              		.thumb_func
 446              		.type	HORIZ_Wakeup, %function
 447              	HORIZ_Wakeup:
 448              	.LFB3:
 156:Generated_Source\PSoC5/HORIZ_PM.c **** }
 157:Generated_Source\PSoC5/HORIZ_PM.c **** 
 158:Generated_Source\PSoC5/HORIZ_PM.c **** 
 159:Generated_Source\PSoC5/HORIZ_PM.c **** /*******************************************************************************
 160:Generated_Source\PSoC5/HORIZ_PM.c **** * Function Name: HORIZ_Wakeup
 161:Generated_Source\PSoC5/HORIZ_PM.c **** ********************************************************************************
 162:Generated_Source\PSoC5/HORIZ_PM.c **** *
 163:Generated_Source\PSoC5/HORIZ_PM.c **** * Summary:
 164:Generated_Source\PSoC5/HORIZ_PM.c **** *  Restores and enables the user configuration. Should be called just after
 165:Generated_Source\PSoC5/HORIZ_PM.c **** *  awaking from sleep.
 166:Generated_Source\PSoC5/HORIZ_PM.c **** *
 167:Generated_Source\PSoC5/HORIZ_PM.c **** * Parameters:
 168:Generated_Source\PSoC5/HORIZ_PM.c **** *  None
 169:Generated_Source\PSoC5/HORIZ_PM.c **** *
 170:Generated_Source\PSoC5/HORIZ_PM.c **** * Return:
 171:Generated_Source\PSoC5/HORIZ_PM.c **** *  None
 172:Generated_Source\PSoC5/HORIZ_PM.c **** *
 173:Generated_Source\PSoC5/HORIZ_PM.c **** * Global variables:
 174:Generated_Source\PSoC5/HORIZ_PM.c **** *  HORIZ_backup.pwmEnable:  Is used to restore the enable state of
 175:Generated_Source\PSoC5/HORIZ_PM.c **** *  block on wakeup from sleep mode.
 176:Generated_Source\PSoC5/HORIZ_PM.c **** *
 177:Generated_Source\PSoC5/HORIZ_PM.c **** *******************************************************************************/
 178:Generated_Source\PSoC5/HORIZ_PM.c **** void HORIZ_Wakeup(void) 
 179:Generated_Source\PSoC5/HORIZ_PM.c **** {
 449              		.loc 1 179 0
 450              		.cfi_startproc
 451              		@ args = 0, pretend = 0, frame = 0
 452              		@ frame_needed = 0, uses_anonymous_args = 0
 453 0000 08B5     		push	{r3, lr}
 454              		.cfi_def_cfa_offset 8
 455              		.cfi_offset 3, -8
ARM GAS  C:\Users\info\AppData\Local\Temp\ccjyN5Xw.s 			page 26


 456              		.cfi_offset 14, -4
 180:Generated_Source\PSoC5/HORIZ_PM.c ****      /* Restore registers values */
 181:Generated_Source\PSoC5/HORIZ_PM.c ****     HORIZ_RestoreConfig();
 457              		.loc 1 181 0
 458 0002 FFF7FEFF 		bl	HORIZ_RestoreConfig
 459              	.LVL8:
 182:Generated_Source\PSoC5/HORIZ_PM.c **** 
 183:Generated_Source\PSoC5/HORIZ_PM.c ****     if(HORIZ_backup.PWMEnableState != 0u)
 460              		.loc 1 183 0
 461 0006 034B     		ldr	r3, .L18
 462 0008 1B78     		ldrb	r3, [r3]	@ zero_extendqisi2
 463 000a 0BB1     		cbz	r3, .L15
 184:Generated_Source\PSoC5/HORIZ_PM.c ****     {
 185:Generated_Source\PSoC5/HORIZ_PM.c ****         /* Enable component's operation */
 186:Generated_Source\PSoC5/HORIZ_PM.c ****         HORIZ_Enable();
 464              		.loc 1 186 0
 465 000c FFF7FEFF 		bl	HORIZ_Enable
 466              	.LVL9:
 467              	.L15:
 468 0010 08BD     		pop	{r3, pc}
 469              	.L19:
 470 0012 00BF     		.align	2
 471              	.L18:
 472 0014 00000000 		.word	.LANCHOR0
 473              		.cfi_endproc
 474              	.LFE3:
 475              		.size	HORIZ_Wakeup, .-HORIZ_Wakeup
 476              		.bss
 477              		.align	2
 478              		.set	.LANCHOR0,. + 0
 479              		.type	HORIZ_backup, %object
 480              		.size	HORIZ_backup, 4
 481              	HORIZ_backup:
 482 0000 00000000 		.space	4
 483              		.text
 484              	.Letext0:
 485              		.file 2 "Generated_Source\\PSoC5\\cytypes.h"
 486              		.file 3 "Generated_Source\\PSoC5\\HORIZ.h"
 487              		.section	.debug_info,"",%progbits
 488              	.Ldebug_info0:
 489 0000 07020000 		.4byte	0x207
 490 0004 0400     		.2byte	0x4
 491 0006 00000000 		.4byte	.Ldebug_abbrev0
 492 000a 04       		.byte	0x4
 493 000b 01       		.uleb128 0x1
 494 000c 5D000000 		.4byte	.LASF33
 495 0010 0C       		.byte	0xc
 496 0011 C7020000 		.4byte	.LASF34
 497 0015 B1010000 		.4byte	.LASF35
 498 0019 00000000 		.4byte	.Ldebug_ranges0+0
 499 001d 00000000 		.4byte	0
 500 0021 00000000 		.4byte	.Ldebug_line0
 501 0025 02       		.uleb128 0x2
 502 0026 01       		.byte	0x1
 503 0027 06       		.byte	0x6
 504 0028 B0020000 		.4byte	.LASF0
 505 002c 02       		.uleb128 0x2
ARM GAS  C:\Users\info\AppData\Local\Temp\ccjyN5Xw.s 			page 27


 506 002d 01       		.byte	0x1
 507 002e 08       		.byte	0x8
 508 002f F7000000 		.4byte	.LASF1
 509 0033 02       		.uleb128 0x2
 510 0034 02       		.byte	0x2
 511 0035 05       		.byte	0x5
 512 0036 7F020000 		.4byte	.LASF2
 513 003a 02       		.uleb128 0x2
 514 003b 02       		.byte	0x2
 515 003c 07       		.byte	0x7
 516 003d 4A000000 		.4byte	.LASF3
 517 0041 02       		.uleb128 0x2
 518 0042 04       		.byte	0x4
 519 0043 05       		.byte	0x5
 520 0044 9B020000 		.4byte	.LASF4
 521 0048 02       		.uleb128 0x2
 522 0049 04       		.byte	0x4
 523 004a 07       		.byte	0x7
 524 004b 25010000 		.4byte	.LASF5
 525 004f 02       		.uleb128 0x2
 526 0050 08       		.byte	0x8
 527 0051 05       		.byte	0x5
 528 0052 6C020000 		.4byte	.LASF6
 529 0056 02       		.uleb128 0x2
 530 0057 08       		.byte	0x8
 531 0058 07       		.byte	0x7
 532 0059 1B020000 		.4byte	.LASF7
 533 005d 03       		.uleb128 0x3
 534 005e 04       		.byte	0x4
 535 005f 05       		.byte	0x5
 536 0060 696E7400 		.ascii	"int\000"
 537 0064 02       		.uleb128 0x2
 538 0065 04       		.byte	0x4
 539 0066 07       		.byte	0x7
 540 0067 A4010000 		.4byte	.LASF8
 541 006b 04       		.uleb128 0x4
 542 006c 37010000 		.4byte	.LASF12
 543 0070 02       		.byte	0x2
 544 0071 E401     		.2byte	0x1e4
 545 0073 2C000000 		.4byte	0x2c
 546 0077 02       		.uleb128 0x2
 547 0078 04       		.byte	0x4
 548 0079 04       		.byte	0x4
 549 007a F1000000 		.4byte	.LASF9
 550 007e 02       		.uleb128 0x2
 551 007f 08       		.byte	0x8
 552 0080 04       		.byte	0x4
 553 0081 7D010000 		.4byte	.LASF10
 554 0085 02       		.uleb128 0x2
 555 0086 01       		.byte	0x1
 556 0087 08       		.byte	0x8
 557 0088 7A020000 		.4byte	.LASF11
 558 008c 04       		.uleb128 0x4
 559 008d 44020000 		.4byte	.LASF13
 560 0091 02       		.byte	0x2
 561 0092 8E02     		.2byte	0x28e
 562 0094 98000000 		.4byte	0x98
ARM GAS  C:\Users\info\AppData\Local\Temp\ccjyN5Xw.s 			page 28


 563 0098 05       		.uleb128 0x5
 564 0099 6B000000 		.4byte	0x6b
 565 009d 02       		.uleb128 0x2
 566 009e 08       		.byte	0x8
 567 009f 04       		.byte	0x4
 568 00a0 A4020000 		.4byte	.LASF14
 569 00a4 02       		.uleb128 0x2
 570 00a5 04       		.byte	0x4
 571 00a6 07       		.byte	0x7
 572 00a7 49020000 		.4byte	.LASF15
 573 00ab 06       		.uleb128 0x6
 574 00ac 04       		.byte	0x4
 575 00ad 03       		.byte	0x3
 576 00ae 6B       		.byte	0x6b
 577 00af E4000000 		.4byte	0xe4
 578 00b3 07       		.uleb128 0x7
 579 00b4 16010000 		.4byte	.LASF16
 580 00b8 03       		.byte	0x3
 581 00b9 6E       		.byte	0x6e
 582 00ba 6B000000 		.4byte	0x6b
 583 00be 00       		.byte	0
 584 00bf 07       		.uleb128 0x7
 585 00c0 00000000 		.4byte	.LASF17
 586 00c4 03       		.byte	0x3
 587 00c5 71       		.byte	0x71
 588 00c6 6B000000 		.4byte	0x6b
 589 00ca 01       		.byte	0x1
 590 00cb 07       		.uleb128 0x7
 591 00cc 07000000 		.4byte	.LASF18
 592 00d0 03       		.byte	0x3
 593 00d1 73       		.byte	0x73
 594 00d2 6B000000 		.4byte	0x6b
 595 00d6 02       		.byte	0x2
 596 00d7 07       		.uleb128 0x7
 597 00d8 50010000 		.4byte	.LASF19
 598 00dc 03       		.byte	0x3
 599 00dd 86       		.byte	0x86
 600 00de 6B000000 		.4byte	0x6b
 601 00e2 03       		.byte	0x3
 602 00e3 00       		.byte	0
 603 00e4 08       		.uleb128 0x8
 604 00e5 3D010000 		.4byte	.LASF20
 605 00e9 03       		.byte	0x3
 606 00ea 8B       		.byte	0x8b
 607 00eb AB000000 		.4byte	0xab
 608 00ef 09       		.uleb128 0x9
 609 00f0 39000000 		.4byte	.LASF21
 610 00f4 01       		.byte	0x1
 611 00f5 2A       		.byte	0x2a
 612 00f6 00000000 		.4byte	.LFB0
 613 00fa 1C000000 		.4byte	.LFE0-.LFB0
 614 00fe 01       		.uleb128 0x1
 615 00ff 9C       		.byte	0x9c
 616 0100 20010000 		.4byte	0x120
 617 0104 0A       		.uleb128 0xa
 618 0105 06000000 		.4byte	.LVL0
 619 0109 B2010000 		.4byte	0x1b2
ARM GAS  C:\Users\info\AppData\Local\Temp\ccjyN5Xw.s 			page 29


 620 010d 0A       		.uleb128 0xa
 621 010e 0E000000 		.4byte	.LVL1
 622 0112 BD010000 		.4byte	0x1bd
 623 0116 0A       		.uleb128 0xa
 624 0117 14000000 		.4byte	.LVL2
 625 011b C8010000 		.4byte	0x1c8
 626 011f 00       		.byte	0
 627 0120 09       		.uleb128 0x9
 628 0121 84010000 		.4byte	.LASF22
 629 0125 01       		.byte	0x1
 630 0126 58       		.byte	0x58
 631 0127 00000000 		.4byte	.LFB1
 632 012b 1C000000 		.4byte	.LFE1-.LFB1
 633 012f 01       		.uleb128 0x1
 634 0130 9C       		.byte	0x9c
 635 0131 51010000 		.4byte	0x151
 636 0135 0A       		.uleb128 0xa
 637 0136 0A000000 		.4byte	.LVL3
 638 013a D3010000 		.4byte	0x1d3
 639 013e 0A       		.uleb128 0xa
 640 013f 10000000 		.4byte	.LVL4
 641 0143 DE010000 		.4byte	0x1de
 642 0147 0A       		.uleb128 0xa
 643 0148 16000000 		.4byte	.LVL5
 644 014c E9010000 		.4byte	0x1e9
 645 0150 00       		.byte	0
 646 0151 09       		.uleb128 0x9
 647 0152 98010000 		.4byte	.LASF23
 648 0156 01       		.byte	0x1
 649 0157 88       		.byte	0x88
 650 0158 00000000 		.4byte	.LFB2
 651 015c 2C000000 		.4byte	.LFE2-.LFB2
 652 0160 01       		.uleb128 0x1
 653 0161 9C       		.byte	0x9c
 654 0162 79010000 		.4byte	0x179
 655 0166 0A       		.uleb128 0xa
 656 0167 1E000000 		.4byte	.LVL6
 657 016b F4010000 		.4byte	0x1f4
 658 016f 0A       		.uleb128 0xa
 659 0170 22000000 		.4byte	.LVL7
 660 0174 EF000000 		.4byte	0xef
 661 0178 00       		.byte	0
 662 0179 09       		.uleb128 0x9
 663 017a 70010000 		.4byte	.LASF24
 664 017e 01       		.byte	0x1
 665 017f B2       		.byte	0xb2
 666 0180 00000000 		.4byte	.LFB3
 667 0184 18000000 		.4byte	.LFE3-.LFB3
 668 0188 01       		.uleb128 0x1
 669 0189 9C       		.byte	0x9c
 670 018a A1010000 		.4byte	0x1a1
 671 018e 0A       		.uleb128 0xa
 672 018f 06000000 		.4byte	.LVL8
 673 0193 20010000 		.4byte	0x120
 674 0197 0A       		.uleb128 0xa
 675 0198 10000000 		.4byte	.LVL9
 676 019c FF010000 		.4byte	0x1ff
ARM GAS  C:\Users\info\AppData\Local\Temp\ccjyN5Xw.s 			page 30


 677 01a0 00       		.byte	0
 678 01a1 0B       		.uleb128 0xb
 679 01a2 63010000 		.4byte	.LASF36
 680 01a6 01       		.byte	0x1
 681 01a7 14       		.byte	0x14
 682 01a8 E4000000 		.4byte	0xe4
 683 01ac 05       		.uleb128 0x5
 684 01ad 03       		.byte	0x3
 685 01ae 00000000 		.4byte	HORIZ_backup
 686 01b2 0C       		.uleb128 0xc
 687 01b3 05010000 		.4byte	.LASF25
 688 01b7 05010000 		.4byte	.LASF25
 689 01bb 03       		.byte	0x3
 690 01bc C0       		.byte	0xc0
 691 01bd 0C       		.uleb128 0xc
 692 01be 32020000 		.4byte	.LASF26
 693 01c2 32020000 		.4byte	.LASF26
 694 01c6 03       		.byte	0x3
 695 01c7 B3       		.byte	0xb3
 696 01c8 0C       		.uleb128 0xc
 697 01c9 52020000 		.4byte	.LASF27
 698 01cd 52020000 		.4byte	.LASF27
 699 01d1 03       		.byte	0x3
 700 01d2 9D       		.byte	0x9d
 701 01d3 0C       		.uleb128 0xc
 702 01d4 89020000 		.4byte	.LASF28
 703 01d8 89020000 		.4byte	.LASF28
 704 01dc 03       		.byte	0x3
 705 01dd BE       		.byte	0xbe
 706 01de 0C       		.uleb128 0xc
 707 01df E9020000 		.4byte	.LASF29
 708 01e3 E9020000 		.4byte	.LASF29
 709 01e7 03       		.byte	0x3
 710 01e8 BA       		.byte	0xba
 711 01e9 0C       		.uleb128 0xc
 712 01ea 11000000 		.4byte	.LASF30
 713 01ee 11000000 		.4byte	.LASF30
 714 01f2 03       		.byte	0x3
 715 01f3 9E       		.byte	0x9e
 716 01f4 0C       		.uleb128 0xc
 717 01f5 BC020000 		.4byte	.LASF31
 718 01f9 BC020000 		.4byte	.LASF31
 719 01fd 03       		.byte	0x3
 720 01fe 93       		.byte	0x93
 721 01ff 0C       		.uleb128 0xc
 722 0200 2C000000 		.4byte	.LASF32
 723 0204 2C000000 		.4byte	.LASF32
 724 0208 03       		.byte	0x3
 725 0209 DB       		.byte	0xdb
 726 020a 00       		.byte	0
 727              		.section	.debug_abbrev,"",%progbits
 728              	.Ldebug_abbrev0:
 729 0000 01       		.uleb128 0x1
 730 0001 11       		.uleb128 0x11
 731 0002 01       		.byte	0x1
 732 0003 25       		.uleb128 0x25
 733 0004 0E       		.uleb128 0xe
ARM GAS  C:\Users\info\AppData\Local\Temp\ccjyN5Xw.s 			page 31


 734 0005 13       		.uleb128 0x13
 735 0006 0B       		.uleb128 0xb
 736 0007 03       		.uleb128 0x3
 737 0008 0E       		.uleb128 0xe
 738 0009 1B       		.uleb128 0x1b
 739 000a 0E       		.uleb128 0xe
 740 000b 55       		.uleb128 0x55
 741 000c 17       		.uleb128 0x17
 742 000d 11       		.uleb128 0x11
 743 000e 01       		.uleb128 0x1
 744 000f 10       		.uleb128 0x10
 745 0010 17       		.uleb128 0x17
 746 0011 00       		.byte	0
 747 0012 00       		.byte	0
 748 0013 02       		.uleb128 0x2
 749 0014 24       		.uleb128 0x24
 750 0015 00       		.byte	0
 751 0016 0B       		.uleb128 0xb
 752 0017 0B       		.uleb128 0xb
 753 0018 3E       		.uleb128 0x3e
 754 0019 0B       		.uleb128 0xb
 755 001a 03       		.uleb128 0x3
 756 001b 0E       		.uleb128 0xe
 757 001c 00       		.byte	0
 758 001d 00       		.byte	0
 759 001e 03       		.uleb128 0x3
 760 001f 24       		.uleb128 0x24
 761 0020 00       		.byte	0
 762 0021 0B       		.uleb128 0xb
 763 0022 0B       		.uleb128 0xb
 764 0023 3E       		.uleb128 0x3e
 765 0024 0B       		.uleb128 0xb
 766 0025 03       		.uleb128 0x3
 767 0026 08       		.uleb128 0x8
 768 0027 00       		.byte	0
 769 0028 00       		.byte	0
 770 0029 04       		.uleb128 0x4
 771 002a 16       		.uleb128 0x16
 772 002b 00       		.byte	0
 773 002c 03       		.uleb128 0x3
 774 002d 0E       		.uleb128 0xe
 775 002e 3A       		.uleb128 0x3a
 776 002f 0B       		.uleb128 0xb
 777 0030 3B       		.uleb128 0x3b
 778 0031 05       		.uleb128 0x5
 779 0032 49       		.uleb128 0x49
 780 0033 13       		.uleb128 0x13
 781 0034 00       		.byte	0
 782 0035 00       		.byte	0
 783 0036 05       		.uleb128 0x5
 784 0037 35       		.uleb128 0x35
 785 0038 00       		.byte	0
 786 0039 49       		.uleb128 0x49
 787 003a 13       		.uleb128 0x13
 788 003b 00       		.byte	0
 789 003c 00       		.byte	0
 790 003d 06       		.uleb128 0x6
ARM GAS  C:\Users\info\AppData\Local\Temp\ccjyN5Xw.s 			page 32


 791 003e 13       		.uleb128 0x13
 792 003f 01       		.byte	0x1
 793 0040 0B       		.uleb128 0xb
 794 0041 0B       		.uleb128 0xb
 795 0042 3A       		.uleb128 0x3a
 796 0043 0B       		.uleb128 0xb
 797 0044 3B       		.uleb128 0x3b
 798 0045 0B       		.uleb128 0xb
 799 0046 01       		.uleb128 0x1
 800 0047 13       		.uleb128 0x13
 801 0048 00       		.byte	0
 802 0049 00       		.byte	0
 803 004a 07       		.uleb128 0x7
 804 004b 0D       		.uleb128 0xd
 805 004c 00       		.byte	0
 806 004d 03       		.uleb128 0x3
 807 004e 0E       		.uleb128 0xe
 808 004f 3A       		.uleb128 0x3a
 809 0050 0B       		.uleb128 0xb
 810 0051 3B       		.uleb128 0x3b
 811 0052 0B       		.uleb128 0xb
 812 0053 49       		.uleb128 0x49
 813 0054 13       		.uleb128 0x13
 814 0055 38       		.uleb128 0x38
 815 0056 0B       		.uleb128 0xb
 816 0057 00       		.byte	0
 817 0058 00       		.byte	0
 818 0059 08       		.uleb128 0x8
 819 005a 16       		.uleb128 0x16
 820 005b 00       		.byte	0
 821 005c 03       		.uleb128 0x3
 822 005d 0E       		.uleb128 0xe
 823 005e 3A       		.uleb128 0x3a
 824 005f 0B       		.uleb128 0xb
 825 0060 3B       		.uleb128 0x3b
 826 0061 0B       		.uleb128 0xb
 827 0062 49       		.uleb128 0x49
 828 0063 13       		.uleb128 0x13
 829 0064 00       		.byte	0
 830 0065 00       		.byte	0
 831 0066 09       		.uleb128 0x9
 832 0067 2E       		.uleb128 0x2e
 833 0068 01       		.byte	0x1
 834 0069 3F       		.uleb128 0x3f
 835 006a 19       		.uleb128 0x19
 836 006b 03       		.uleb128 0x3
 837 006c 0E       		.uleb128 0xe
 838 006d 3A       		.uleb128 0x3a
 839 006e 0B       		.uleb128 0xb
 840 006f 3B       		.uleb128 0x3b
 841 0070 0B       		.uleb128 0xb
 842 0071 27       		.uleb128 0x27
 843 0072 19       		.uleb128 0x19
 844 0073 11       		.uleb128 0x11
 845 0074 01       		.uleb128 0x1
 846 0075 12       		.uleb128 0x12
 847 0076 06       		.uleb128 0x6
ARM GAS  C:\Users\info\AppData\Local\Temp\ccjyN5Xw.s 			page 33


 848 0077 40       		.uleb128 0x40
 849 0078 18       		.uleb128 0x18
 850 0079 9742     		.uleb128 0x2117
 851 007b 19       		.uleb128 0x19
 852 007c 01       		.uleb128 0x1
 853 007d 13       		.uleb128 0x13
 854 007e 00       		.byte	0
 855 007f 00       		.byte	0
 856 0080 0A       		.uleb128 0xa
 857 0081 898201   		.uleb128 0x4109
 858 0084 00       		.byte	0
 859 0085 11       		.uleb128 0x11
 860 0086 01       		.uleb128 0x1
 861 0087 31       		.uleb128 0x31
 862 0088 13       		.uleb128 0x13
 863 0089 00       		.byte	0
 864 008a 00       		.byte	0
 865 008b 0B       		.uleb128 0xb
 866 008c 34       		.uleb128 0x34
 867 008d 00       		.byte	0
 868 008e 03       		.uleb128 0x3
 869 008f 0E       		.uleb128 0xe
 870 0090 3A       		.uleb128 0x3a
 871 0091 0B       		.uleb128 0xb
 872 0092 3B       		.uleb128 0x3b
 873 0093 0B       		.uleb128 0xb
 874 0094 49       		.uleb128 0x49
 875 0095 13       		.uleb128 0x13
 876 0096 02       		.uleb128 0x2
 877 0097 18       		.uleb128 0x18
 878 0098 00       		.byte	0
 879 0099 00       		.byte	0
 880 009a 0C       		.uleb128 0xc
 881 009b 2E       		.uleb128 0x2e
 882 009c 00       		.byte	0
 883 009d 3F       		.uleb128 0x3f
 884 009e 19       		.uleb128 0x19
 885 009f 3C       		.uleb128 0x3c
 886 00a0 19       		.uleb128 0x19
 887 00a1 6E       		.uleb128 0x6e
 888 00a2 0E       		.uleb128 0xe
 889 00a3 03       		.uleb128 0x3
 890 00a4 0E       		.uleb128 0xe
 891 00a5 3A       		.uleb128 0x3a
 892 00a6 0B       		.uleb128 0xb
 893 00a7 3B       		.uleb128 0x3b
 894 00a8 0B       		.uleb128 0xb
 895 00a9 00       		.byte	0
 896 00aa 00       		.byte	0
 897 00ab 00       		.byte	0
 898              		.section	.debug_aranges,"",%progbits
 899 0000 34000000 		.4byte	0x34
 900 0004 0200     		.2byte	0x2
 901 0006 00000000 		.4byte	.Ldebug_info0
 902 000a 04       		.byte	0x4
 903 000b 00       		.byte	0
 904 000c 0000     		.2byte	0
ARM GAS  C:\Users\info\AppData\Local\Temp\ccjyN5Xw.s 			page 34


 905 000e 0000     		.2byte	0
 906 0010 00000000 		.4byte	.LFB0
 907 0014 1C000000 		.4byte	.LFE0-.LFB0
 908 0018 00000000 		.4byte	.LFB1
 909 001c 1C000000 		.4byte	.LFE1-.LFB1
 910 0020 00000000 		.4byte	.LFB2
 911 0024 2C000000 		.4byte	.LFE2-.LFB2
 912 0028 00000000 		.4byte	.LFB3
 913 002c 18000000 		.4byte	.LFE3-.LFB3
 914 0030 00000000 		.4byte	0
 915 0034 00000000 		.4byte	0
 916              		.section	.debug_ranges,"",%progbits
 917              	.Ldebug_ranges0:
 918 0000 00000000 		.4byte	.LFB0
 919 0004 1C000000 		.4byte	.LFE0
 920 0008 00000000 		.4byte	.LFB1
 921 000c 1C000000 		.4byte	.LFE1
 922 0010 00000000 		.4byte	.LFB2
 923 0014 2C000000 		.4byte	.LFE2
 924 0018 00000000 		.4byte	.LFB3
 925 001c 18000000 		.4byte	.LFE3
 926 0020 00000000 		.4byte	0
 927 0024 00000000 		.4byte	0
 928              		.section	.debug_line,"",%progbits
 929              	.Ldebug_line0:
 930 0000 A7000000 		.section	.debug_str,"MS",%progbits,1
 930      02005000 
 930      00000201 
 930      FB0E0D00 
 930      01010101 
 931              	.LASF17:
 932 0000 50574D55 		.ascii	"PWMUdb\000"
 932      646200
 933              	.LASF18:
 934 0007 50574D50 		.ascii	"PWMPeriod\000"
 934      6572696F 
 934      6400
 935              	.LASF30:
 936 0011 484F5249 		.ascii	"HORIZ_WriteControlRegister\000"
 936      5A5F5772 
 936      69746543 
 936      6F6E7472 
 936      6F6C5265 
 937              	.LASF32:
 938 002c 484F5249 		.ascii	"HORIZ_Enable\000"
 938      5A5F456E 
 938      61626C65 
 938      00
 939              	.LASF21:
 940 0039 484F5249 		.ascii	"HORIZ_SaveConfig\000"
 940      5A5F5361 
 940      7665436F 
 940      6E666967 
 940      00
 941              	.LASF3:
 942 004a 73686F72 		.ascii	"short unsigned int\000"
 942      7420756E 
ARM GAS  C:\Users\info\AppData\Local\Temp\ccjyN5Xw.s 			page 35


 942      7369676E 
 942      65642069 
 942      6E7400
 943              	.LASF33:
 944 005d 474E5520 		.ascii	"GNU C11 5.4.1 20160609 (release) [ARM/embedded-5-br"
 944      43313120 
 944      352E342E 
 944      31203230 
 944      31363036 
 945 0090 616E6368 		.ascii	"anch revision 237715] -mcpu=cortex-m3 -mthumb -g -O"
 945      20726576 
 945      6973696F 
 945      6E203233 
 945      37373135 
 946 00c3 67202D66 		.ascii	"g -ffunction-sections -ffat-lto-objects -flto\000"
 946      66756E63 
 946      74696F6E 
 946      2D736563 
 946      74696F6E 
 947              	.LASF9:
 948 00f1 666C6F61 		.ascii	"float\000"
 948      7400
 949              	.LASF1:
 950 00f7 756E7369 		.ascii	"unsigned char\000"
 950      676E6564 
 950      20636861 
 950      7200
 951              	.LASF25:
 952 0105 484F5249 		.ascii	"HORIZ_ReadPeriod\000"
 952      5A5F5265 
 952      61645065 
 952      72696F64 
 952      00
 953              	.LASF16:
 954 0116 50574D45 		.ascii	"PWMEnableState\000"
 954      6E61626C 
 954      65537461 
 954      746500
 955              	.LASF5:
 956 0125 6C6F6E67 		.ascii	"long unsigned int\000"
 956      20756E73 
 956      69676E65 
 956      6420696E 
 956      7400
 957              	.LASF12:
 958 0137 75696E74 		.ascii	"uint8\000"
 958      3800
 959              	.LASF20:
 960 013d 484F5249 		.ascii	"HORIZ_backupStruct\000"
 960      5A5F6261 
 960      636B7570 
 960      53747275 
 960      637400
 961              	.LASF19:
 962 0150 50574D43 		.ascii	"PWMControlRegister\000"
 962      6F6E7472 
 962      6F6C5265 
ARM GAS  C:\Users\info\AppData\Local\Temp\ccjyN5Xw.s 			page 36


 962      67697374 
 962      657200
 963              	.LASF36:
 964 0163 484F5249 		.ascii	"HORIZ_backup\000"
 964      5A5F6261 
 964      636B7570 
 964      00
 965              	.LASF24:
 966 0170 484F5249 		.ascii	"HORIZ_Wakeup\000"
 966      5A5F5761 
 966      6B657570 
 966      00
 967              	.LASF10:
 968 017d 646F7562 		.ascii	"double\000"
 968      6C6500
 969              	.LASF22:
 970 0184 484F5249 		.ascii	"HORIZ_RestoreConfig\000"
 970      5A5F5265 
 970      73746F72 
 970      65436F6E 
 970      66696700 
 971              	.LASF23:
 972 0198 484F5249 		.ascii	"HORIZ_Sleep\000"
 972      5A5F536C 
 972      65657000 
 973              	.LASF8:
 974 01a4 756E7369 		.ascii	"unsigned int\000"
 974      676E6564 
 974      20696E74 
 974      00
 975              	.LASF35:
 976 01b1 433A5C55 		.ascii	"C:\\Users\\info\\Desktop\\Spring 2019 Classes\\6.11"
 976      73657273 
 976      5C696E66 
 976      6F5C4465 
 976      736B746F 
 977 01df 355C362E 		.ascii	"5\\6.115-final\\PSoCCreator\\Final Project\\FinalEm"
 977      3131352D 
 977      66696E61 
 977      6C5C5053 
 977      6F434372 
 978 020e 756C6174 		.ascii	"ulator.cydsn\000"
 978      6F722E63 
 978      7964736E 
 978      00
 979              	.LASF7:
 980 021b 6C6F6E67 		.ascii	"long long unsigned int\000"
 980      206C6F6E 
 980      6720756E 
 980      7369676E 
 980      65642069 
 981              	.LASF26:
 982 0232 484F5249 		.ascii	"HORIZ_ReadCounter\000"
 982      5A5F5265 
 982      6164436F 
 982      756E7465 
 982      7200
ARM GAS  C:\Users\info\AppData\Local\Temp\ccjyN5Xw.s 			page 37


 983              	.LASF13:
 984 0244 72656738 		.ascii	"reg8\000"
 984      00
 985              	.LASF15:
 986 0249 73697A65 		.ascii	"sizetype\000"
 986      74797065 
 986      00
 987              	.LASF27:
 988 0252 484F5249 		.ascii	"HORIZ_ReadControlRegister\000"
 988      5A5F5265 
 988      6164436F 
 988      6E74726F 
 988      6C526567 
 989              	.LASF6:
 990 026c 6C6F6E67 		.ascii	"long long int\000"
 990      206C6F6E 
 990      6720696E 
 990      7400
 991              	.LASF11:
 992 027a 63686172 		.ascii	"char\000"
 992      00
 993              	.LASF2:
 994 027f 73686F72 		.ascii	"short int\000"
 994      7420696E 
 994      7400
 995              	.LASF28:
 996 0289 484F5249 		.ascii	"HORIZ_WritePeriod\000"
 996      5A5F5772 
 996      69746550 
 996      6572696F 
 996      6400
 997              	.LASF4:
 998 029b 6C6F6E67 		.ascii	"long int\000"
 998      20696E74 
 998      00
 999              	.LASF14:
 1000 02a4 6C6F6E67 		.ascii	"long double\000"
 1000      20646F75 
 1000      626C6500 
 1001              	.LASF0:
 1002 02b0 7369676E 		.ascii	"signed char\000"
 1002      65642063 
 1002      68617200 
 1003              	.LASF31:
 1004 02bc 484F5249 		.ascii	"HORIZ_Stop\000"
 1004      5A5F5374 
 1004      6F7000
 1005              	.LASF34:
 1006 02c7 47656E65 		.ascii	"Generated_Source\\PSoC5\\HORIZ_PM.c\000"
 1006      72617465 
 1006      645F536F 
 1006      75726365 
 1006      5C50536F 
 1007              	.LASF29:
 1008 02e9 484F5249 		.ascii	"HORIZ_WriteCounter\000"
 1008      5A5F5772 
 1008      69746543 
ARM GAS  C:\Users\info\AppData\Local\Temp\ccjyN5Xw.s 			page 38


 1008      6F756E74 
 1008      657200
 1009              		.comm	__gnu_lto_v1,1,1
 1010              		.ident	"GCC: (GNU Tools for ARM Embedded Processors) 5.4.1 20160609 (release) [ARM/embedded-5-bran
