ARM GAS  C:\Users\info\AppData\Local\Temp\ccwijweL.s 			page 1


   1              		.syntax unified
   2              		.cpu cortex-m3
   3              		.fpu softvfp
   4              		.eabi_attribute 20, 1
   5              		.eabi_attribute 21, 1
   6              		.eabi_attribute 23, 3
   7              		.eabi_attribute 24, 1
   8              		.eabi_attribute 25, 1
   9              		.eabi_attribute 26, 1
  10              		.eabi_attribute 30, 1
  11              		.eabi_attribute 34, 1
  12              		.eabi_attribute 18, 4
  13              		.thumb
  14              		.syntax unified
  15              		.file	"HSYNC_OUT.c"
  16              		.text
  17              	.Ltext0:
  18              		.section	.gnu.lto_.profile.792a783f,"",%progbits
  19 0000 789C6361 		.ascii	"x\234ca`d`a`\000\222\222\242\000\000\261\0009"
  19      60646061 
  19      60009292 
  19      A20000B1 
  19      0039
  20              		.text
  21              		.section	.gnu.lto_.inline.792a783f,"",%progbits
  22 0000 789C6361 		.ascii	"x\234ca`d\000\001?\006\004`a`\340\344`d`\342y\020\313"
  22      60640001 
  22      3F060460 
  22      6160E0E4 
  22      606460E2 
  23 0017 C0B6409E 		.ascii	"\300\266@\236\011$\306\310\300\301\016\024\342\232\340"
  23      0924C6C8 
  23      C0C10E14 
  23      E29AE0
  24 0026 07176262 		.ascii	"\007\027bb`c\005\012\261}\320\203\0131c\0121\000\000"
  24      6063050A 
  24      B17DD083 
  24      0B31630A 
  24      310000
  25 0039 537C0835 		.ascii	"S|\0105"
  26              		.text
  27              		.section	.gnu.lto_.jmpfuncs.792a783f,"",%progbits
  28 0000 789C6361 		.ascii	"x\234ca`d\000\001>\006\004`\001b\240(\023\003\0033\220"
  28      60640001 
  28      3E060460 
  28      0162A028 
  28      13030333 
  29 0015 05000292 		.ascii	"\005\000\002\222\000\036"
  29      001E
  30              		.text
  31              		.section	.gnu.lto_.pureconst.792a783f,"",%progbits
  32 0000 789C6361 		.ascii	"x\234ca`d\340d```a\220b\224b\222b\226\002\000\002\261"
  32      6064E064 
  32      60606061 
  32      90629462 
  32      92629602 
  33 0017 0081     		.ascii	"\000\201"
ARM GAS  C:\Users\info\AppData\Local\Temp\ccwijweL.s 			page 2


  34              		.text
  35              		.section	.gnu.lto_HSYNC_OUT_Write.792a783f,"",%progbits
  36 0000 789C5551 		.ascii	"x\234UQ;k\024Q\024>\337\2753\263yh\260w\213\200\304"
  36      3B6B1451 
  36      143EDFBD 
  36      33B37968 
  36      B0778B80 
  37 0015 10111144 		.ascii	"\020\021\021D\177\200)b\245\342j!,\204e\235\"\240\006"
  37      7F802962 
  37      A5E26A21 
  37      2C84659D 
  37      22A006
  38 0028 928D6DEE 		.ascii	"\222\215m\356\354+`\225&\211\205Id%l|\345\241\225(8"
  38      EC2B6095 
  38      26898549 
  38      64256C7C 
  38      E5A19528 
  39 003d 0CD81850 		.ascii	"\014\330\030P\204\255\202\210l1\202\215+\272\0305q="
  39      84AD8288 
  39      6C31828D 
  39      2BBA1835 
  39      713D
  40 004f E74E630E 		.ascii	"\347Nc\016\334\307\234\371\276\357|\347\\\207@\022\307"
  40      DCC79CF9 
  40      BEEF7CE7 
  40      5C874012 
  40      C7
  41 0060 14D1193E 		.ascii	"\024\321\031>\017\363\202&\250\331\267DA\227\002\344"
  41      0FF38226 
  41      A8D9B744 
  41      419702E4 
  42 0070 62BA40D3 		.ascii	"b\272@\323\012\323h\253=\205h&~\256\206\352\206\343"
  42      0AD368AB 
  42      3D856826 
  42      7EAE86EA 
  42      86E3
  43 0082 D3CA9236 		.ascii	"\323\312\2226\253!*\232\250\243\254\022\241\216!F}~"
  43      AB212A9A 
  43      A8A3AC12 
  43      A18E2146 
  43      7D7E
  44 0094 39D3803E 		.ascii	"9\323\200>\012\342{5j\267z\007W\214)\032\363+ktE\003"
  44      0AE27B35 
  44      6AB77A07 
  44      578C291A 
  44      F32B6B74 
  45 00aa ABD0CCC0 		.ascii	"\253\320\314\300\2514N\246\211\023\204\007\030\024\360"
  45      A9344EA6 
  45      89138407 
  45      1814F0
  46 00b9 CE7663AD 		.ascii	"\316vc\255O\037\267\304Y\023\327\016\014\334\027b\370"
  46      4F1FB7C4 
  46      5913D70E 
  46      0CDC1762 
  46      F8
  47 00ca F3C68209 		.ascii	"\363\306\202\011\203~\341>\374\237+\301\320\346\346"
  47      837EE13E 
ARM GAS  C:\Users\info\AppData\Local\Temp\ccwijweL.s 			page 3


  47      FC9F2BC1 
  47      D0E6E6
  48 00d9 DFB9835E 		.ascii	"\337\271\203^Y\\\365\343\021\006\022?x\014\217;\204"
  48      595CF5E3 
  48      1106123F 
  48      780C8F3B 
  48      84
  49 00ea 64D62F85 		.ascii	"d\326/\205\246\323)\231\260\355\266u\267\342\242\212"
  49      A6D32999 
  49      B0EDB675 
  49      B7E2A28A 
  50 00fa 3BE51F0E 		.ascii	";\345\037\016\244\266+\011O\266\224lD-^\322\3757\245"
  50      A4B62B09 
  50      4FB6946C 
  50      442D5ED2 
  50      FD37A5
  51 010d E4D431A2 		.ascii	"\344\3241\242\337\267?.\244D\263\244e\022\363\225\350"
  51      DFB73F2E 
  51      A444B3A4 
  51      6512F395 
  51      E8
  52 011e 5DEA87AA 		.ascii	"]\352\207\252hm\335\276~\325\274\243\222\317{\265\300"
  52      686DDDBE 
  52      7ED5BCA3 
  52      92CF7BB5 
  52      C0
  53 012f 389CDADA 		.ascii	"8\234\332\332^*\366-c1(\363\214\034\254!\215'`\317X"
  53      5E2AF62D 
  53      633128F3 
  53      8C1CAC21 
  53      8D2760CF 
  54 0144 C7322846 		.ascii	"\3072(Fi\267\372\001\211\240N4ko\026\243\036\021\001"
  54      69B7FA01 
  54      89A04E34 
  54      6B6F16A3 
  54      1E1101
  55 0157 BE021B0C 		.ascii	"\276\002\033\014nB\3316\330)\243\204\324\252\306\365"
  55      6E42D936 
  55      D829A384 
  55      D4AAC6F5 
  56 0167 EE84E596 		.ascii	"\356\204\345\226\264\324y_\336\270\253\205\345\302\301"
  56      B4D4795F 
  56      DEB8AB85 
  56      E5C2C1
  57 0176 2693AC74 		.ascii	"&\223\254tC% \3011\350\305\367\335-\353\317\301!<M@"
  57      432520C1 
  57      31E8C5F7 
  57      DD2DEBCF 
  57      C1213C4D 
  58 018b 3B5E0249 		.ascii	";^\002IY\003\036\247\242ykh\237\371\300\230\336\375"
  58      59031EA7 
  58      A2796B68 
  58      9FF9C098 
  58      DEFD
  59 019d FE9FB17F 		.ascii	"\376\237\261\177f\321\027\024\303?\256\020\354C\264"
  59      66D11714 
  59      C33FAE10 
ARM GAS  C:\Users\info\AppData\Local\Temp\ccwijweL.s 			page 4


  59      EC43B4
  60 01ac 1464563C 		.ascii	"\024dV<\271##\376M\177\"W\360\257\215f\306\247&\362"
  60      B92323FE 
  60      4D7F2257 
  60      F0AF8D66 
  60      C6A726F2 
  61 01c0 7EF66266 		.ascii	"~\366bf|\370t\366\\\346\352\371\341\321\013W.\237\310"
  61      7CF874F6 
  61      5CE6EAF9 
  61      E1D10B57 
  61      2E9FC8
  62 01d3 937B2B77 		.ascii	"\223{+w}\312\357\231,\344\012c\371\263c\205\311\177"
  62      7DCAEF99 
  62      2CE40A63 
  62      F9B36385 
  62      C97F
  63 01e5 1EE2C30A 		.ascii	"\036\342\303\012"
  64              		.text
  65              		.section	.gnu.lto_HSYNC_OUT_SetDriveMode.792a783f,"",%progbits
  66 0000 789C7D51 		.ascii	"x\234}QM+DQ\030>\3179w\356\235I\374\001\263P\212XH\311"
  66      4D2B4451 
  66      183ECF39 
  66      77EE9D49 
  66      FC01B350 
  67 0018 2F505808 		.ascii	"/PX\010\031\026\212$\356\222\211X;3cRl\024f\026\322"
  67      19168A24 
  67      EE928958 
  67      3B336352 
  67      6C146616 
  68 002d D84CE3FB 		.ascii	"\330L\343\373#+\262\030S,\311F\261\220,f\241h|E\276"
  68      232BB218 
  68      532CC946 
  68      B1902C66 
  68      A1687C45 
  69 0042 C6FBDE6B 		.ascii	"\306\373\336k1+\247{\336\257\236\347\3519\3575\004\004"
  69      312BA77B 
  69      DEAF9EE7 
  69      E939EF35 
  69      0404
  70 0054 9F2CA56A 		.ascii	"\237,\245j\312\245t\241\004\344\354\251\020!\257\004"
  70      CAA574A1 
  70      04E4ECA9 
  70      1021AF04 
  71 0064 B8D05E88 		.ascii	"\270\320^\210\011\211\011\274\312o\211\314Tv_V\2454"
  71      098909BC 
  71      CA6F89CC 
  71      54765F56 
  71      A534
  72 0076 9D9BE387 		.ascii	"\235\233\343\207Z\275\222FT\011\221\227\216\222@\012"
  72      5ABD9246 
  72      54099197 
  72      8E92400A 
  73 0086 55847ADE 		.ascii	"U\204z\336K\316\025\251\012\010\252\037Os\327%\225I"
  73      4BCE15A9 
  73      0A08AA1F 
  73      4F73D725 
  73      9549
ARM GAS  C:\Users\info\AppData\Local\Temp\ccwijweL.s 			page 5


  74 0098 ADC35AC7 		.ascii	"\255\303Z\307{\265\212*`\005\212\030\250\363\243\326"
  74      7BB58A2A 
  74      60058A18 
  74      A8F3A3D6 
  75 00a8 2F6820B0 		.ascii	"/h \260\212J\006\337\356\376,\024\233\223,_\346\212"
  75      8A4A06DF 
  75      EEFE2C14 
  75      9B932C5F 
  75      E68A
  76 00ba 620D26DB 		.ascii	"b\015&\333\334\356H\353|>\242\323o\346\321\207Y$\211"
  76      DCEE48EB 
  76      7C3EA2D3 
  76      6FE6D187 
  76      592489
  77 00cd 26150565 		.ascii	"&\025\005ep\360\200\025L.-\016^\016>\306\010\221\243"
  77      70F08015 
  77      4C2E2D0E 
  77      5E0E3EC6 
  77      0891A3
  78 00e0 CB0F7994 		.ascii	"\313\017y\224\222\263\312\"\3631\235]4X9\242\370Q\261"
  78      92B3CA22 
  78      F3319D5D 
  78      345839A2 
  78      F851B1
  79 00f3 68E6CC7A 		.ascii	"h\346\314z\221Qe8\216\357\317/\343\206\333\316/\207"
  79      91516538 
  79      8EEFCF2F 
  79      E386DBCE 
  79      2F87
  80 0105 B441A3C3 		.ascii	"\264A\243\303\203\325\226\004\226B\223\364Z\0176\340"
  80      83D59604 
  80      964293F4 
  80      5A0F36E0 
  81 0115 C73AFC64 		.ascii	"\307:\374dn\023\011\320\376\302O\226\253\246H\220\372"
  81      6E1309D0 
  81      FEC24F96 
  81      ABA64890 
  81      FA
  82 0126 C897E9F6 		.ascii	"\310\227\351\366\006\215\210~u2\363\355cE\205\021l\021"
  82      068D887E 
  82      7532F3ED 
  82      63458511 
  82      6C11
  83 0138 B380429F 		.ascii	"\263\200B\237\247\220b\321\210M\\\254o(\227R\202m\207"
  83      A79062D1 
  83      884D5CAC 
  83      6F289752 
  83      826D87
  84 014b 1279FF83 		.ascii	"\022y\377\203x\035a\253P\305GS\35231p\377\217\343\035"
  84      781D61AB 
  84      50C54753 
  84      EA333170 
  84      FF8FE31D 
  85 015f 724C7071 		.ascii	"rLpq\207p\372\263\221\301\316\217\313I\360rhU\345M\366"
  85      8770FAB3 
  85      91C1CE8F 
  85      CB49F072 
ARM GAS  C:\Users\info\AppData\Local\Temp\ccwijweL.s 			page 6


  85      6855E54D 
  86 0174 B03DDA3F 		.ascii	"\260=\332?f\017\366\005\202\343\243\003vO{ \330P\337"
  86      660FF605 
  86      82E3A303 
  86      764F7B20 
  86      D850DF
  87 0187 D31CE86E 		.ascii	"\323\034\350nm\350k\353\352\254\031\020\306Pp\320\376"
  87      6DE86BEB 
  87      EAAC1910 
  87      C65070D0 
  87      FE
  88 0198 05AA0DA5 		.ascii	"\005\252\015\245`"
  88      60
  89              		.text
  90              		.section	.gnu.lto_HSYNC_OUT_Read.792a783f,"",%progbits
  91 0000 789C354F 		.ascii	"x\2345O\337+\303Q\024?\237{\277\373\021)\357\366\240"
  91      DF2BC351 
  91      143F9F7B 
  91      BFFB1129 
  91      EFF6A0
  92 0013 E4612F52 		.ascii	"\344a/RR\362\272\302\0232\224Z-\315\367\325j\361\274"
  92      52F2BAC2 
  92      1332945A 
  92      2DCDF7D5 
  92      6AF1BC
  93 0026 BB7DF7A3 		.ascii	"\273}\367\243\344\301\013j\231\205\264\371\025\376\203"
  93      E4C10B6A 
  93      9985B4F9 
  93      15FE83
  94 0035 D99322BF 		.ascii	"\331\223\"\277\242\224\222\264\366\340i\026\251\205"
  94      A29492B4 
  94      F6E06916 
  94      A985
  95 0043 39D79753 		.ascii	"9\327\227S\367\234{\317\375\3748\307 \220\216I.\235"
  95      F79C7BCF 
  95      FDFC38C7 
  95      20908E49 
  95      2E9D
  96 0055 5CDBF840 		.ascii	"\\\333\370@\022\304\322\005Q\314-\000}QnPT \212w\361"
  96      12C4D205 
  96      51CC2D00 
  96      7D516E50 
  96      54208A77 
  97 006a 2570F671 		.ascii	"%p\366q\272\330\344\315+\025WO\333\365\276\325B\021"
  97      BAD8E4CD 
  97      2B15574F 
  97      DBF5BED5 
  97      4211
  98 007c 4949D410 		.ascii	"II\324\020\204\036\017\272=Z\"\017/1\364\371\370{\271"
  98      841E0FBA 
  98      3D5A220F 
  98      2F31F4F9 
  98      F87BB9
  99 008f C599501C 		.ascii	"\305\231P\034\355\032\300?\0058\265\345\341XQ5\032\226"
  99      ED1AC03F 
  99      0538B5E5 
  99      E1585135 
ARM GAS  C:\Users\info\AppData\Local\Temp\ccwijweL.s 			page 7


  99      1A96
 100 00a1 2ADEB94E 		.ascii	"*\336\271N\356].PR\262/'\203\223p\350\344$-KU\246\351"
 100      EE5D2E50 
 100      52B22F27 
 100      839370E8 
 100      E4242D4B 
 101 00b8 215E85D0 		.ascii	"!^\205\320UVP\252/<\256\367k%KJvYI\226.]o\")%\264iz"
 101      555650AA 
 101      2F3CAEF7 
 101      6B254B4A 
 101      76594996 
 102 00d5 2B7305FB 		.ascii	"+s\005\373\271\261\031S\006\2672)\365\340\314!\033K"
 102      B9B11953 
 102      06B73229 
 102      F5E0CC21 
 102      1B4B
 103 00e7 F0A80676 		.ascii	"\360\250\006v\341\301\016xP\354!\007\252\300\372\034"
 103      E1C10E78 
 103      50EC2107 
 103      AAC0FA1C 
 104 00f7 204BC296 		.ascii	" K\302\226\273\251\236g\2335\037h\305>\303*\210\327"
 104      BBA99E67 
 104      9B351F68 
 104      C53EC32A 
 104      88D7
 105 0109 D2B7D236 		.ascii	"\322\267\32264\030\247\031\265T\331aw\034\334d\332u"
 105      3418A719 
 105      B554D961 
 105      771CDC64 
 105      DA75
 106 011b E2684D6A 		.ascii	"\342hMj\232\200\201\203\177Z\0316H\343\350\005\342\357"
 106      9A808183 
 106      7F5A1936 
 106      48E3E805 
 106      E2EF
 107 012d 45BF8B41 		.ascii	"E\277\213A/\304\353u\014\232\263fdz\316\234\011\372"
 107      2FC4EB75 
 107      0C9AB366 
 107      647ACE9C 
 107      09FA
 108 013f C3F39190 		.ascii	"\303\363\221\220\031\030\365\207}\275\201!\377\324\260"
 108      1918F587 
 108      7DBD8121 
 108      FFD4B0
 109 014e 2F383231 		.ascii	"/821\336\025\242\037\341\315z\354"
 109      DE15A21F 
 109      E1CD7AEC 
 110              		.text
 111              		.section	.gnu.lto_HSYNC_OUT_ReadDataReg.792a783f,"",%progbits
 112 0000 789C354F 		.ascii	"x\2345O\273K\202Q\024?\277{?\037\030E{\016A4\270D\020"
 112      BB4B8251 
 112      143FBF7B 
 112      3F1F1845 
 112      7B0E4134 
 113 0017 0DB50AD5 		.ascii	"\015\265\012\325T\221\025\004\202\204\271&H\315~\276"
 113      54911504 
 113      8284B926 
ARM GAS  C:\Users\info\AppData\Local\Temp\ccwijweL.s 			page 8


 113      48CD7EBE 
 114 0027 0AA2A1A5 		.ascii	"\012\242\241\245\307\220\031A\250=\250\376\200\310\204"
 114      C7901941 
 114      A83DA8FE 
 114      80C884
 115 0036 20287AD1 		.ascii	" (z\321\324\024\"\016M&E\020\245\235\323W\007\3569\367"
 115      D414220E 
 115      4D264510 
 115      A59DD357 
 115      07EE39F7 
 116 004a DCFB7B9C 		.ascii	"\334\373{\234c\020Hb\222K'\3276>\320\004\265rC\024s"
 116      63104862 
 116      924B27D7 
 116      363ED004 
 116      B5724314 
 117 005f 2A402EA6 		.ascii	"*@.\246\023\024U\210\342]}+\\}\\.\273<Y\323\214\233"
 117      13145588 
 117      E25D7D2B 
 117      5C7D5C2E 
 117      BB3C59D3 
 118 0075 CFBBD9BE 		.ascii	"\317\273\331\276\365\\\001)M\324P\204\0367\272\335\""
 118      F55C0129 
 118      4DD45084 
 118      1E37BADD 
 118      22
 119 0086 91858718 		.ascii	"\221\205\207\030Z:\251\2576\333\223&G\273\000\370'\007"
 119      5A3AA9AF 
 119      36DB9326 
 119      47BB00F8 
 119      2707
 120 0098 BB581E8D 		.ascii	"\273X\036\215\025\314F#a\026N]\347w.\007(\245\331\227"
 120      15CC4623 
 120      61164E5D 
 120      E7772E07 
 120      28A5D997 
 121 00ac 93C149D9 		.ascii	"\223\301I\331$\331Id\251\3124\031\342U)\251\272\202"
 121      24D94964 
 121      A9CA3419 
 121      E25529A9 
 121      BA82
 122 00be E2E7523D 		.ascii	"\342\347R=\337/J\011\255\331e-U\274u\274\251\224\326"
 122      DF2F4A09 
 122      ADD9652D 
 122      55BC75BC 
 122      A994D6
 123 00d1 10D38BB3 		.ascii	"\020\323\213\263\322\206\262\332\355\235\230i\310\310"
 123      D286B2DA 
 123      ED9D9869 
 123      C8C8
 124 00df 4F5BF196 		.ascii	"O[\361\226\014\322\261$\217j`\017n\344\301\203b\037"
 124      0CD2B124 
 124      8F6A600F 
 124      6EE4C183 
 124      621F
 125 00f1 19500589 		.ascii	"\031P\005\211\257\001JhXr\017\325\353t\223\360\201V"
 125      AF014A68 
 125      58720FD5 
ARM GAS  C:\Users\info\AppData\Local\Temp\ccwijweL.s 			page 9


 125      EB7493F0 
 125      8156
 126 0103 1C30AC82 		.ascii	"\0340\254\202xm\361Q[\206\006\343\204Q[(\333\254\027"
 126      786DF151 
 126      5B8606E3 
 126      84515B28 
 126      DBAC17
 127 0116 1B3F32ED 		.ascii	"\033?2\355>y\274\251\205\246`\340\360\237V\206\005\022"
 127      3E79BCA9 
 127      85A660E0 
 127      F09F5686 
 127      0512
 128 0128 1CBD40FD 		.ascii	"\034\275@\375u\364\273\030d!^\257c04\033\212L\317\205"
 128      75F4BB18 
 128      64215EAF 
 128      6330341B 
 128      8A4CCF85 
 129 013c 6602BEF0 		.ascii	"f\002\276\360|$\030\362\217\372\302\336^\377\220oj\330"
 129      7C2418F2 
 129      8FFAC2DE 
 129      5EFF906F 
 129      6AD8
 130 014e 1B189918 		.ascii	"\033\030\231\030\357\012\322\017\020={g"
 130      EF0AD20F 
 130      103D7B67 
 131              		.text
 132              		.section	.gnu.lto_.symbol_nodes.792a783f,"",%progbits
 133 0000 789C6361 		.ascii	"x\234ca`dpc\000\002&\206z\006\206\011\347\030@\324\252"
 133      60647063 
 133      00022686 
 133      7A068609 
 133      E71840D4 
 134 0015 0645A000 		.ascii	"\006E\240\000c=#\252\000S=\023\252\000s=3\212\000\003"
 134      633D23AA 
 134      00533D13 
 134      AA00733D 
 134      338A0003 
 135 0029 001ED60E 		.ascii	"\000\036\326\016\374"
 135      FC
 136              		.text
 137              		.section	.gnu.lto_.refs.792a783f,"",%progbits
 138 0000 789C6361 		.ascii	"x\234ca`\004B \000\000\0009\000\007"
 138      60044220 
 138      00000039 
 138      0007
 139              		.text
 140              		.section	.gnu.lto_.decls.792a783f,"",%progbits
 141 0000 789C8D52 		.ascii	"x\234\215R]HTA\024\236s\357u]nf!%B\367a\263\027\351"
 141      5D485441 
 141      149E73EF 
 141      755D6E66 
 141      212542F7 
 142 0018 614922F0 		.ascii	"aI\"\360\241?P\322\2274\\5\002AV\275\230/\032\333\032"
 142      A13F50D2 
 142      97345C35 
 142      024156BD 
 142      982F1ADB 
ARM GAS  C:\Users\info\AppData\Local\Temp\ccwijweL.s 			page 10


 143 002d F812A36B 		.ascii	"\370\022\243k`E\240\211\232\026e\006\376\347O\272\346"
 143      6045A089 
 143      9A166506 
 143      FEE74FBA 
 143      E6
 144 003e AE999B96 		.ascii	"\256\231\233\226\225$$\206P\006I\366\203e\241(\204\017"
 144      95242486 
 144      500649F6 
 144      8365A128 
 144      840F
 145 0050 666766EF 		.ascii	"fgf\357z\257\265\201\007f\346\234\231\363}\347\2333"
 145      7AAFB581 
 145      0766E69C 
 145      99F37DE7 
 145      9B33
 146 0062 231120CC 		.ascii	"#\021 \314\216H\2044\343\252`\270\216\026\202~\006\321"
 146      8E488434 
 146      E3AA60B8 
 146      8E16827E 
 146      06D1
 147 0074 0D8F492F 		.ascii	"\015\217I/\0167\216\001\034^\362\257\261s\223\206\353"
 147      0E378E01 
 147      1C5EF2AF 
 147      B1739386 
 147      EB
 148 0085 645C3886 		.ascii	"d\\8\206q\014\341H\321r@\313\373\333\334A\260>\003>"
 148      710CE148 
 148      D17240CB 
 148      FBDBDC41 
 148      B03E033E 
 149 0099 807507C1 		.ascii	"\200u\007\3012=!\006\\J\020\334@\020\234w\013\270`\367"
 149      323D2106 
 149      5C4A10DC 
 149      40109C77 
 149      0BB860F7 
 150 00ad 5C13C0F5 		.ascii	"\\\023\300\365\361[\203y\006\336\002\020\340F\264>\022"
 150      F15B8379 
 150      06DE0210 
 150      E046B43E 
 150      12
 151 00be B6A3ADCC 		.ascii	"\266\243\255\314\001\177 \004\370`\203Ysx:\020\201\347"
 151      017F2004 
 151      F8608359 
 151      73783A10 
 151      81E7
 152 00d0 83E16053 		.ascii	"\203\341`S\036\177\023n\372\026lX \0236\2232V=\304X"
 152      1E7F136E 
 152      FA166C58 
 152      20133693 
 152      32563DC4 
 153 00e5 D001063E 		.ascii	"\320\001\006>M\275V\037\214e9\265\030\270tI\323\310"
 153      4DBD561F 
 153      8C6539B5 
 153      18B87449 
 153      D3C8
 154 00f7 A02C2227 		.ascii	"\240,\"'\372\037V[NX;(Z\005\245\302~\2753]\227>\265"
 154      FA1F565B 
ARM GAS  C:\Users\info\AppData\Local\Temp\ccwijweL.s 			page 11


 154      4E583B28 
 154      5A05A5C2 
 154      7EBD335D 
 155 010e 9A570450 		.ascii	"\232W\004PdX\007\026/xV\267\373cv\\W9\367{\233\270\207"
 155      64580716 
 155      2F7856B7 
 155      FB63765C 
 155      5739F77B 
 156 0125 F9C2D45C 		.ascii	"\371\302\324\\\373\274\0041r\023\243\231\255\3529\352"
 156      FBBC0431 
 156      7213A399 
 156      ADEA39EA 
 157 0135 A1742774 		.ascii	"\241t't\202\014\035 B+X\231\002E\306\271\234\322R\272"
 157      820C1D20 
 157      422B5899 
 157      0245C6B9 
 157      9CD252BA 
 158 0149 D8484D51 		.ascii	"\330HMQ\004\016*p@!p\037b\030'\313\202vP\240\015\024"
 158      040E2A70 
 158      4021701F 
 158      621827CB 
 158      827650A0 
 159 015f C6FFB9F6 		.ascii	"\306\377\271\366\316w\223\204\355\346<\331\022\333\233"
 159      CE779384 
 159      EDE63CD9 
 159      12DB9B
 160 016e 2CEBBE25 		.ascii	",\353\276%\242\204\010\031$\014\227&\352\347\3021\334"
 160      A2840819 
 160      240C9726 
 160      EAE7C231 
 160      DC
 161 017f 258305C3 		.ascii	"%\203\005\303\016\357\373\005ST\015\277\212\213Z$\310"
 161      0EEFFB05 
 161      53540DBF 
 161      8A8B5A24 
 161      C8
 162 0190 88841E24 		.ascii	"\210\204\036$\354FB\002\017 \012\347.\220\374\267\253"
 162      EC464202 
 162      0F200AE7 
 162      2E90FCB7 
 162      AB
 163 01a1 1A5D7A29 		.ascii	"\032]z)E7\320\206n:[;v\270\306E_ \316\302\322\240E\027"
 163      4537D086 
 163      6E3A5B3B 
 163      76B8C645 
 163      5F20CEC2 
 164 01b9 8D2E5B9A 		.ascii	"\215.[\232a\006\033\332\013\321\210\374\361\245\255"
 164      61061BDA 
 164      0BD188FC 
 164      F1A5AD
 165 01c8 4F10F378 		.ascii	"O\020\363x\023\334\375\323_\301\317\342[\031\013\243"
 165      13DCFDD3 
 165      5FC1CFE2 
 165      5B190BA3 
 166 01d8 1525941E 		.ascii	"\025%\224\036\347\034}:G\237\221\303\3159\226o\2247"
 166      E71C7D3A 
 166      479F91C3 
ARM GAS  C:\Users\info\AppData\Local\Temp\ccwijweL.s 			page 12


 166      CD39966F 
 166      9437
 167 01ea 4AE245CE 		.ascii	"J\342E\316\361\372\3523\327\016\243lv_]\367C\256;[\223"
 167      F1FAEA33 
 167      D70EA36C 
 167      765F5DF7 
 167      43AE3B5B 
 168 01ff 7DDB3772 		.ascii	"}\3337r\335\254\025\234z.\326Q_\031\342\004\226\005"
 168      DDAC159C 
 168      7A2ED651 
 168      5F19E204 
 168      9605
 169 0211 FD7AC97E 		.ascii	"\375z\311~c\311\001^r|\372\346\233P\361\032\360\232"
 169      63C9015E 
 169      727CFAE6 
 169      9B50F11A 
 169      F09A
 170 0223 BF1ADFBD 		.ascii	"\277\032\337\275\012\350\366\216\007t3\022\217N\342"
 170      0AE8F68E 
 170      07743312 
 170      8F4EE2
 171 0232 31927839 		.ascii	"1\222x9\311J\331\362\264I\306Gtm\355\021'\346\357\256"
 171      C94AD9F2 
 171      B449C647 
 171      746DED11 
 171      27E6EFAE 
 172 0246 878AF778 		.ascii	"\207\212\367xQ\241\267\272\256:\024\344\230 \360\307"
 172      51A1B7BA 
 172      AE3A14E4 
 172      9820F0C7 
 173 0256 41E0DA67 		.ascii	"A\340\332gZM\253\274\314n8\204]y\244\213\033\004\331"
 173      5A4DABBC 
 173      CC6E3884 
 173      5D79A48B 
 173      1B04D9
 174 0269 DF91D69F 		.ascii	"\337\221\326\237\243>\010\273\302\376\025\266/\"\211"
 174      A33E08BB 
 174      C2FE15B6 
 174      2F2289
 175 0278 27EAED1B 		.ascii	"'\352\355\033\2060\376\377q]\023\304\247S]\3032\310"
 175      8630FEFF 
 175      715D13C4 
 175      A7535DC3 
 175      32C8
 176 028a 0AE03994 		.ascii	"\012\3409\224\263\002\213\245\006\035\004|\214\026\236"
 176      B3028BA5 
 176      061D047C 
 176      8C169E
 177 0299 E0F108C2 		.ascii	"\340\361\010\302\353)\313\231\004\276\315\203\305c\334"
 177      EB29CB99 
 177      04BECD83 
 177      C563DC
 178 02a8 E7D38E24 		.ascii	"\347\323\216$\333\231\344\370\254\224\364\264\254\323"
 178      DB99E4F8 
 178      AC94F4B4 
 178      ACD3
 179 02b6 8E7CA76A 		.ascii	"\216|\247jNLN\267\304\307\306\222\220\242\374\002g\334"
ARM GAS  C:\Users\info\AppData\Local\Temp\ccwijweL.s 			page 13


 179      4E4C4EB7 
 179      C4C7C692 
 179      90A2FC02 
 179      67DC
 180 02c8 DE44B540 		.ascii	"\336D\265@u\330\235jn\226\255\260\310\221\243f\236\262"
 180      75D89D6A 
 180      6E96ADB0 
 180      C891A366 
 180      9EB2
 181 02da 15C61FCA 		.ascii	"\025\306\037\312\314)v\026\237S\317[\317\222}\377\311"
 181      CC297616 
 181      9F53CF5B 
 181      CF927DFF 
 181      C9
 182 02eb D8E0B5E6 		.ascii	"\330\340\265\346\220H\275\210Mu&8\362/\250'\013s\325"
 182      9048BD88 
 182      4D752638 
 182      F22FA827 
 182      0B73D5
 183 02fe 707D3B55 		.ascii	"p};U\265\347\356\336\034&\330\235\366T5Or\250yq\177"
 183      B5E7EEDE 
 183      1C26D89D 
 183      F654354F 
 183      72A87971 
 184 0313 00B1B065 		.ascii	"\000\261\260eH"
 184      48
 185              		.text
 186              		.section	.gnu.lto_.symtab.792a783f,"",%progbits
 187 0000 4853594E 		.ascii	"HSYNC_OUT_Write\000"
 187      435F4F55 
 187      545F5772 
 187      69746500 
 188 0010 00       		.ascii	"\000"
 189 0011 00       		.ascii	"\000"
 190 0012 00       		.ascii	"\000"
 191 0013 00000000 		.ascii	"\000\000\000\000\000\000\000\000"
 191      00000000 
 192 001b B3000000 		.ascii	"\263\000\000\000"
 193 001f 4853594E 		.ascii	"HSYNC_OUT_SetDriveMode\000"
 193      435F4F55 
 193      545F5365 
 193      74447269 
 193      76654D6F 
 194 0036 00       		.ascii	"\000"
 195 0037 00       		.ascii	"\000"
 196 0038 00       		.ascii	"\000"
 197 0039 00000000 		.ascii	"\000\000\000\000\000\000\000\000"
 197      00000000 
 198 0041 B5000000 		.ascii	"\265\000\000\000"
 199 0045 4853594E 		.ascii	"HSYNC_OUT_Read\000"
 199      435F4F55 
 199      545F5265 
 199      616400
 200 0054 00       		.ascii	"\000"
 201 0055 00       		.ascii	"\000"
 202 0056 00       		.ascii	"\000"
 203 0057 00000000 		.ascii	"\000\000\000\000\000\000\000\000"
ARM GAS  C:\Users\info\AppData\Local\Temp\ccwijweL.s 			page 14


 203      00000000 
 204 005f B8000000 		.ascii	"\270\000\000\000"
 205 0063 4853594E 		.ascii	"HSYNC_OUT_ReadDataReg\000"
 205      435F4F55 
 205      545F5265 
 205      61644461 
 205      74615265 
 206 0079 00       		.ascii	"\000"
 207 007a 00       		.ascii	"\000"
 208 007b 00       		.ascii	"\000"
 209 007c 00000000 		.ascii	"\000\000\000\000\000\000\000\000"
 209      00000000 
 210 0084 BA000000 		.ascii	"\272\000\000\000"
 211              		.text
 212              		.section	.gnu.lto_.opts,"",%progbits
 213 0000 272D666D 		.ascii	"'-fmath-errno' '-fsigned-zeros' '-ftrapping-math' '"
 213      6174682D 
 213      6572726E 
 213      6F272027 
 213      2D667369 
 214 0033 2D666E6F 		.ascii	"-fno-trapv' '-fno-strict-overflow' '-fno-openmp' '-"
 214      2D747261 
 214      70762720 
 214      272D666E 
 214      6F2D7374 
 215 0066 666E6F2D 		.ascii	"fno-openacc' '-mcpu=cortex-m3' '-mthumb' '-g' '-Og'"
 215      6F70656E 
 215      61636327 
 215      20272D6D 
 215      6370753D 
 216 0099 20272D66 		.ascii	" '-ffunction-sections' '-ffat-lto-objects' '-flto'\000"
 216      66756E63 
 216      74696F6E 
 216      2D736563 
 216      74696F6E 
 217              		.text
 218              		.cfi_sections	.debug_frame
 219              		.section	.text.HSYNC_OUT_Write,"ax",%progbits
 220              		.align	2
 221              		.global	HSYNC_OUT_Write
 222              		.thumb
 223              		.thumb_func
 224              		.type	HSYNC_OUT_Write, %function
 225              	HSYNC_OUT_Write:
 226              	.LFB0:
 227              		.file 1 "Generated_Source\\PSoC5\\HSYNC_OUT.c"
   1:Generated_Source\PSoC5/HSYNC_OUT.c **** /*******************************************************************************
   2:Generated_Source\PSoC5/HSYNC_OUT.c **** * File Name: HSYNC_OUT.c  
   3:Generated_Source\PSoC5/HSYNC_OUT.c **** * Version 2.20
   4:Generated_Source\PSoC5/HSYNC_OUT.c **** *
   5:Generated_Source\PSoC5/HSYNC_OUT.c **** * Description:
   6:Generated_Source\PSoC5/HSYNC_OUT.c **** *  This file contains API to enable firmware control of a Pins component.
   7:Generated_Source\PSoC5/HSYNC_OUT.c **** *
   8:Generated_Source\PSoC5/HSYNC_OUT.c **** * Note:
   9:Generated_Source\PSoC5/HSYNC_OUT.c **** *
  10:Generated_Source\PSoC5/HSYNC_OUT.c **** ********************************************************************************
  11:Generated_Source\PSoC5/HSYNC_OUT.c **** * Copyright 2008-2015, Cypress Semiconductor Corporation.  All rights reserved.
ARM GAS  C:\Users\info\AppData\Local\Temp\ccwijweL.s 			page 15


  12:Generated_Source\PSoC5/HSYNC_OUT.c **** * You may use this file only in accordance with the license, terms, conditions, 
  13:Generated_Source\PSoC5/HSYNC_OUT.c **** * disclaimers, and limitations in the end user license agreement accompanying 
  14:Generated_Source\PSoC5/HSYNC_OUT.c **** * the software package with which this file was provided.
  15:Generated_Source\PSoC5/HSYNC_OUT.c **** *******************************************************************************/
  16:Generated_Source\PSoC5/HSYNC_OUT.c **** 
  17:Generated_Source\PSoC5/HSYNC_OUT.c **** #include "cytypes.h"
  18:Generated_Source\PSoC5/HSYNC_OUT.c **** #include "HSYNC_OUT.h"
  19:Generated_Source\PSoC5/HSYNC_OUT.c **** 
  20:Generated_Source\PSoC5/HSYNC_OUT.c **** /* APIs are not generated for P15[7:6] on PSoC 5 */
  21:Generated_Source\PSoC5/HSYNC_OUT.c **** #if !(CY_PSOC5A &&\
  22:Generated_Source\PSoC5/HSYNC_OUT.c **** 	 HSYNC_OUT__PORT == 15 && ((HSYNC_OUT__MASK & 0xC0) != 0))
  23:Generated_Source\PSoC5/HSYNC_OUT.c **** 
  24:Generated_Source\PSoC5/HSYNC_OUT.c **** 
  25:Generated_Source\PSoC5/HSYNC_OUT.c **** /*******************************************************************************
  26:Generated_Source\PSoC5/HSYNC_OUT.c **** * Function Name: HSYNC_OUT_Write
  27:Generated_Source\PSoC5/HSYNC_OUT.c **** ****************************************************************************//**
  28:Generated_Source\PSoC5/HSYNC_OUT.c **** *
  29:Generated_Source\PSoC5/HSYNC_OUT.c **** * \brief Writes the value to the physical port (data output register), masking
  30:Generated_Source\PSoC5/HSYNC_OUT.c **** *  and shifting the bits appropriately. 
  31:Generated_Source\PSoC5/HSYNC_OUT.c **** *
  32:Generated_Source\PSoC5/HSYNC_OUT.c **** * The data output register controls the signal applied to the physical pin in 
  33:Generated_Source\PSoC5/HSYNC_OUT.c **** * conjunction with the drive mode parameter. This function avoids changing 
  34:Generated_Source\PSoC5/HSYNC_OUT.c **** * other bits in the port by using the appropriate method (read-modify-write or
  35:Generated_Source\PSoC5/HSYNC_OUT.c **** * bit banding).
  36:Generated_Source\PSoC5/HSYNC_OUT.c **** *
  37:Generated_Source\PSoC5/HSYNC_OUT.c **** * <b>Note</b> This function should not be used on a hardware digital output pin 
  38:Generated_Source\PSoC5/HSYNC_OUT.c **** * as it is driven by the hardware signal attached to it.
  39:Generated_Source\PSoC5/HSYNC_OUT.c **** *
  40:Generated_Source\PSoC5/HSYNC_OUT.c **** * \param value
  41:Generated_Source\PSoC5/HSYNC_OUT.c **** *  Value to write to the component instance.
  42:Generated_Source\PSoC5/HSYNC_OUT.c **** *
  43:Generated_Source\PSoC5/HSYNC_OUT.c **** * \return 
  44:Generated_Source\PSoC5/HSYNC_OUT.c **** *  None 
  45:Generated_Source\PSoC5/HSYNC_OUT.c **** *
  46:Generated_Source\PSoC5/HSYNC_OUT.c **** * \sideeffect
  47:Generated_Source\PSoC5/HSYNC_OUT.c **** *  If you use read-modify-write operations that are not atomic; the Interrupt 
  48:Generated_Source\PSoC5/HSYNC_OUT.c **** *  Service Routines (ISR) can cause corruption of this function. An ISR that 
  49:Generated_Source\PSoC5/HSYNC_OUT.c **** *  interrupts this function and performs writes to the Pins component data 
  50:Generated_Source\PSoC5/HSYNC_OUT.c **** *  register can cause corrupted port data. To avoid this issue, you should 
  51:Generated_Source\PSoC5/HSYNC_OUT.c **** *  either use the Per-Pin APIs (primary method) or disable interrupts around 
  52:Generated_Source\PSoC5/HSYNC_OUT.c **** *  this function.
  53:Generated_Source\PSoC5/HSYNC_OUT.c **** *
  54:Generated_Source\PSoC5/HSYNC_OUT.c **** * \funcusage
  55:Generated_Source\PSoC5/HSYNC_OUT.c **** *  \snippet HSYNC_OUT_SUT.c usage_HSYNC_OUT_Write
  56:Generated_Source\PSoC5/HSYNC_OUT.c **** *******************************************************************************/
  57:Generated_Source\PSoC5/HSYNC_OUT.c **** void HSYNC_OUT_Write(uint8 value)
  58:Generated_Source\PSoC5/HSYNC_OUT.c **** {
 228              		.loc 1 58 0
 229              		.cfi_startproc
 230              		@ args = 0, pretend = 0, frame = 0
 231              		@ frame_needed = 0, uses_anonymous_args = 0
 232              		@ link register save eliminated.
 233              	.LVL0:
  59:Generated_Source\PSoC5/HSYNC_OUT.c ****     uint8 staticBits = (HSYNC_OUT_DR & (uint8)(~HSYNC_OUT_MASK));
 234              		.loc 1 59 0
 235 0000 044A     		ldr	r2, .L2
 236 0002 1378     		ldrb	r3, [r2]	@ zero_extendqisi2
ARM GAS  C:\Users\info\AppData\Local\Temp\ccwijweL.s 			page 16


 237 0004 03F0EF03 		and	r3, r3, #239
 238              	.LVL1:
  60:Generated_Source\PSoC5/HSYNC_OUT.c ****     HSYNC_OUT_DR = staticBits | ((uint8)(value << HSYNC_OUT_SHIFT) & HSYNC_OUT_MASK);
 239              		.loc 1 60 0
 240 0008 0001     		lsls	r0, r0, #4
 241              	.LVL2:
 242 000a 00F01000 		and	r0, r0, #16
 243 000e 1843     		orrs	r0, r0, r3
 244 0010 1070     		strb	r0, [r2]
 245 0012 7047     		bx	lr
 246              	.L3:
 247              		.align	2
 248              	.L2:
 249 0014 20510040 		.word	1073762592
 250              		.cfi_endproc
 251              	.LFE0:
 252              		.size	HSYNC_OUT_Write, .-HSYNC_OUT_Write
 253              		.section	.text.HSYNC_OUT_SetDriveMode,"ax",%progbits
 254              		.align	2
 255              		.global	HSYNC_OUT_SetDriveMode
 256              		.thumb
 257              		.thumb_func
 258              		.type	HSYNC_OUT_SetDriveMode, %function
 259              	HSYNC_OUT_SetDriveMode:
 260              	.LFB1:
  61:Generated_Source\PSoC5/HSYNC_OUT.c **** }
  62:Generated_Source\PSoC5/HSYNC_OUT.c **** 
  63:Generated_Source\PSoC5/HSYNC_OUT.c **** 
  64:Generated_Source\PSoC5/HSYNC_OUT.c **** /*******************************************************************************
  65:Generated_Source\PSoC5/HSYNC_OUT.c **** * Function Name: HSYNC_OUT_SetDriveMode
  66:Generated_Source\PSoC5/HSYNC_OUT.c **** ****************************************************************************//**
  67:Generated_Source\PSoC5/HSYNC_OUT.c **** *
  68:Generated_Source\PSoC5/HSYNC_OUT.c **** * \brief Sets the drive mode for each of the Pins component's pins.
  69:Generated_Source\PSoC5/HSYNC_OUT.c **** * 
  70:Generated_Source\PSoC5/HSYNC_OUT.c **** * <b>Note</b> This affects all pins in the Pins component instance. Use the
  71:Generated_Source\PSoC5/HSYNC_OUT.c **** * Per-Pin APIs if you wish to control individual pin's drive modes.
  72:Generated_Source\PSoC5/HSYNC_OUT.c **** *
  73:Generated_Source\PSoC5/HSYNC_OUT.c **** * \param mode
  74:Generated_Source\PSoC5/HSYNC_OUT.c **** *  Mode for the selected signals. Valid options are documented in 
  75:Generated_Source\PSoC5/HSYNC_OUT.c **** *  \ref driveMode.
  76:Generated_Source\PSoC5/HSYNC_OUT.c **** *
  77:Generated_Source\PSoC5/HSYNC_OUT.c **** * \return
  78:Generated_Source\PSoC5/HSYNC_OUT.c **** *  None
  79:Generated_Source\PSoC5/HSYNC_OUT.c **** *
  80:Generated_Source\PSoC5/HSYNC_OUT.c **** * \sideeffect
  81:Generated_Source\PSoC5/HSYNC_OUT.c **** *  If you use read-modify-write operations that are not atomic, the ISR can
  82:Generated_Source\PSoC5/HSYNC_OUT.c **** *  cause corruption of this function. An ISR that interrupts this function 
  83:Generated_Source\PSoC5/HSYNC_OUT.c **** *  and performs writes to the Pins component Drive Mode registers can cause 
  84:Generated_Source\PSoC5/HSYNC_OUT.c **** *  corrupted port data. To avoid this issue, you should either use the Per-Pin
  85:Generated_Source\PSoC5/HSYNC_OUT.c **** *  APIs (primary method) or disable interrupts around this function.
  86:Generated_Source\PSoC5/HSYNC_OUT.c **** *
  87:Generated_Source\PSoC5/HSYNC_OUT.c **** * \funcusage
  88:Generated_Source\PSoC5/HSYNC_OUT.c **** *  \snippet HSYNC_OUT_SUT.c usage_HSYNC_OUT_SetDriveMode
  89:Generated_Source\PSoC5/HSYNC_OUT.c **** *******************************************************************************/
  90:Generated_Source\PSoC5/HSYNC_OUT.c **** void HSYNC_OUT_SetDriveMode(uint8 mode)
  91:Generated_Source\PSoC5/HSYNC_OUT.c **** {
 261              		.loc 1 91 0
ARM GAS  C:\Users\info\AppData\Local\Temp\ccwijweL.s 			page 17


 262              		.cfi_startproc
 263              		@ args = 0, pretend = 0, frame = 0
 264              		@ frame_needed = 0, uses_anonymous_args = 0
 265              		@ link register save eliminated.
 266              	.LVL3:
  92:Generated_Source\PSoC5/HSYNC_OUT.c **** 	CyPins_SetPinDriveMode(HSYNC_OUT_0, mode);
 267              		.loc 1 92 0
 268 0000 044A     		ldr	r2, .L5
 269 0002 1378     		ldrb	r3, [r2]	@ zero_extendqisi2
 270 0004 03F0F103 		and	r3, r3, #241
 271 0008 00F00E00 		and	r0, r0, #14
 272              	.LVL4:
 273 000c 1843     		orrs	r0, r0, r3
 274 000e 1070     		strb	r0, [r2]
 275 0010 7047     		bx	lr
 276              	.L6:
 277 0012 00BF     		.align	2
 278              	.L5:
 279 0014 14500040 		.word	1073762324
 280              		.cfi_endproc
 281              	.LFE1:
 282              		.size	HSYNC_OUT_SetDriveMode, .-HSYNC_OUT_SetDriveMode
 283              		.section	.text.HSYNC_OUT_Read,"ax",%progbits
 284              		.align	2
 285              		.global	HSYNC_OUT_Read
 286              		.thumb
 287              		.thumb_func
 288              		.type	HSYNC_OUT_Read, %function
 289              	HSYNC_OUT_Read:
 290              	.LFB2:
  93:Generated_Source\PSoC5/HSYNC_OUT.c **** }
  94:Generated_Source\PSoC5/HSYNC_OUT.c **** 
  95:Generated_Source\PSoC5/HSYNC_OUT.c **** 
  96:Generated_Source\PSoC5/HSYNC_OUT.c **** /*******************************************************************************
  97:Generated_Source\PSoC5/HSYNC_OUT.c **** * Function Name: HSYNC_OUT_Read
  98:Generated_Source\PSoC5/HSYNC_OUT.c **** ****************************************************************************//**
  99:Generated_Source\PSoC5/HSYNC_OUT.c **** *
 100:Generated_Source\PSoC5/HSYNC_OUT.c **** * \brief Reads the associated physical port (pin status register) and masks 
 101:Generated_Source\PSoC5/HSYNC_OUT.c **** *  the required bits according to the width and bit position of the component
 102:Generated_Source\PSoC5/HSYNC_OUT.c **** *  instance. 
 103:Generated_Source\PSoC5/HSYNC_OUT.c **** *
 104:Generated_Source\PSoC5/HSYNC_OUT.c **** * The pin's status register returns the current logic level present on the 
 105:Generated_Source\PSoC5/HSYNC_OUT.c **** * physical pin.
 106:Generated_Source\PSoC5/HSYNC_OUT.c **** *
 107:Generated_Source\PSoC5/HSYNC_OUT.c **** * \return 
 108:Generated_Source\PSoC5/HSYNC_OUT.c **** *  The current value for the pins in the component as a right justified number.
 109:Generated_Source\PSoC5/HSYNC_OUT.c **** *
 110:Generated_Source\PSoC5/HSYNC_OUT.c **** * \funcusage
 111:Generated_Source\PSoC5/HSYNC_OUT.c **** *  \snippet HSYNC_OUT_SUT.c usage_HSYNC_OUT_Read  
 112:Generated_Source\PSoC5/HSYNC_OUT.c **** *******************************************************************************/
 113:Generated_Source\PSoC5/HSYNC_OUT.c **** uint8 HSYNC_OUT_Read(void)
 114:Generated_Source\PSoC5/HSYNC_OUT.c **** {
 291              		.loc 1 114 0
 292              		.cfi_startproc
 293              		@ args = 0, pretend = 0, frame = 0
 294              		@ frame_needed = 0, uses_anonymous_args = 0
 295              		@ link register save eliminated.
ARM GAS  C:\Users\info\AppData\Local\Temp\ccwijweL.s 			page 18


 115:Generated_Source\PSoC5/HSYNC_OUT.c ****     return (HSYNC_OUT_PS & HSYNC_OUT_MASK) >> HSYNC_OUT_SHIFT;
 296              		.loc 1 115 0
 297 0000 024B     		ldr	r3, .L8
 298 0002 1878     		ldrb	r0, [r3]	@ zero_extendqisi2
 116:Generated_Source\PSoC5/HSYNC_OUT.c **** }
 299              		.loc 1 116 0
 300 0004 C0F30010 		ubfx	r0, r0, #4, #1
 301 0008 7047     		bx	lr
 302              	.L9:
 303 000a 00BF     		.align	2
 304              	.L8:
 305 000c 21510040 		.word	1073762593
 306              		.cfi_endproc
 307              	.LFE2:
 308              		.size	HSYNC_OUT_Read, .-HSYNC_OUT_Read
 309              		.section	.text.HSYNC_OUT_ReadDataReg,"ax",%progbits
 310              		.align	2
 311              		.global	HSYNC_OUT_ReadDataReg
 312              		.thumb
 313              		.thumb_func
 314              		.type	HSYNC_OUT_ReadDataReg, %function
 315              	HSYNC_OUT_ReadDataReg:
 316              	.LFB3:
 117:Generated_Source\PSoC5/HSYNC_OUT.c **** 
 118:Generated_Source\PSoC5/HSYNC_OUT.c **** 
 119:Generated_Source\PSoC5/HSYNC_OUT.c **** /*******************************************************************************
 120:Generated_Source\PSoC5/HSYNC_OUT.c **** * Function Name: HSYNC_OUT_ReadDataReg
 121:Generated_Source\PSoC5/HSYNC_OUT.c **** ****************************************************************************//**
 122:Generated_Source\PSoC5/HSYNC_OUT.c **** *
 123:Generated_Source\PSoC5/HSYNC_OUT.c **** * \brief Reads the associated physical port's data output register and masks 
 124:Generated_Source\PSoC5/HSYNC_OUT.c **** *  the correct bits according to the width and bit position of the component 
 125:Generated_Source\PSoC5/HSYNC_OUT.c **** *  instance. 
 126:Generated_Source\PSoC5/HSYNC_OUT.c **** *
 127:Generated_Source\PSoC5/HSYNC_OUT.c **** * The data output register controls the signal applied to the physical pin in 
 128:Generated_Source\PSoC5/HSYNC_OUT.c **** * conjunction with the drive mode parameter. This is not the same as the 
 129:Generated_Source\PSoC5/HSYNC_OUT.c **** * preferred HSYNC_OUT_Read() API because the 
 130:Generated_Source\PSoC5/HSYNC_OUT.c **** * HSYNC_OUT_ReadDataReg() reads the data register instead of the status 
 131:Generated_Source\PSoC5/HSYNC_OUT.c **** * register. For output pins this is a useful function to determine the value 
 132:Generated_Source\PSoC5/HSYNC_OUT.c **** * just written to the pin.
 133:Generated_Source\PSoC5/HSYNC_OUT.c **** *
 134:Generated_Source\PSoC5/HSYNC_OUT.c **** * \return 
 135:Generated_Source\PSoC5/HSYNC_OUT.c **** *  The current value of the data register masked and shifted into a right 
 136:Generated_Source\PSoC5/HSYNC_OUT.c **** *  justified number for the component instance.
 137:Generated_Source\PSoC5/HSYNC_OUT.c **** *
 138:Generated_Source\PSoC5/HSYNC_OUT.c **** * \funcusage
 139:Generated_Source\PSoC5/HSYNC_OUT.c **** *  \snippet HSYNC_OUT_SUT.c usage_HSYNC_OUT_ReadDataReg 
 140:Generated_Source\PSoC5/HSYNC_OUT.c **** *******************************************************************************/
 141:Generated_Source\PSoC5/HSYNC_OUT.c **** uint8 HSYNC_OUT_ReadDataReg(void)
 142:Generated_Source\PSoC5/HSYNC_OUT.c **** {
 317              		.loc 1 142 0
 318              		.cfi_startproc
 319              		@ args = 0, pretend = 0, frame = 0
 320              		@ frame_needed = 0, uses_anonymous_args = 0
 321              		@ link register save eliminated.
 143:Generated_Source\PSoC5/HSYNC_OUT.c ****     return (HSYNC_OUT_DR & HSYNC_OUT_MASK) >> HSYNC_OUT_SHIFT;
 322              		.loc 1 143 0
 323 0000 024B     		ldr	r3, .L11
ARM GAS  C:\Users\info\AppData\Local\Temp\ccwijweL.s 			page 19


 324 0002 1878     		ldrb	r0, [r3]	@ zero_extendqisi2
 144:Generated_Source\PSoC5/HSYNC_OUT.c **** }
 325              		.loc 1 144 0
 326 0004 C0F30010 		ubfx	r0, r0, #4, #1
 327 0008 7047     		bx	lr
 328              	.L12:
 329 000a 00BF     		.align	2
 330              	.L11:
 331 000c 20510040 		.word	1073762592
 332              		.cfi_endproc
 333              	.LFE3:
 334              		.size	HSYNC_OUT_ReadDataReg, .-HSYNC_OUT_ReadDataReg
 335              		.text
 336              	.Letext0:
 337              		.file 2 "Generated_Source\\PSoC5\\cytypes.h"
 338              		.section	.debug_info,"",%progbits
 339              	.Ldebug_info0:
 340 0000 1B010000 		.4byte	0x11b
 341 0004 0400     		.2byte	0x4
 342 0006 00000000 		.4byte	.Ldebug_abbrev0
 343 000a 04       		.byte	0x4
 344 000b 01       		.uleb128 0x1
 345 000c 21000000 		.4byte	.LASF20
 346 0010 0C       		.byte	0xc
 347 0011 C1010000 		.4byte	.LASF21
 348 0015 2D010000 		.4byte	.LASF22
 349 0019 00000000 		.4byte	.Ldebug_ranges0+0
 350 001d 00000000 		.4byte	0
 351 0021 00000000 		.4byte	.Ldebug_line0
 352 0025 02       		.uleb128 0x2
 353 0026 01       		.byte	0x1
 354 0027 06       		.byte	0x6
 355 0028 18020000 		.4byte	.LASF0
 356 002c 02       		.uleb128 0x2
 357 002d 01       		.byte	0x1
 358 002e 08       		.byte	0x8
 359 002f D2000000 		.4byte	.LASF1
 360 0033 02       		.uleb128 0x2
 361 0034 02       		.byte	0x2
 362 0035 05       		.byte	0x5
 363 0036 E4010000 		.4byte	.LASF2
 364 003a 02       		.uleb128 0x2
 365 003b 02       		.byte	0x2
 366 003c 07       		.byte	0x7
 367 003d F7000000 		.4byte	.LASF3
 368 0041 02       		.uleb128 0x2
 369 0042 04       		.byte	0x4
 370 0043 05       		.byte	0x5
 371 0044 0A020000 		.4byte	.LASF4
 372 0048 02       		.uleb128 0x2
 373 0049 04       		.byte	0x4
 374 004a 07       		.byte	0x7
 375 004b E5000000 		.4byte	.LASF5
 376 004f 02       		.uleb128 0x2
 377 0050 08       		.byte	0x8
 378 0051 05       		.byte	0x5
 379 0052 B3010000 		.4byte	.LASF6
ARM GAS  C:\Users\info\AppData\Local\Temp\ccwijweL.s 			page 20


 380 0056 02       		.uleb128 0x2
 381 0057 08       		.byte	0x8
 382 0058 07       		.byte	0x7
 383 0059 97010000 		.4byte	.LASF7
 384 005d 03       		.uleb128 0x3
 385 005e 04       		.byte	0x4
 386 005f 05       		.byte	0x5
 387 0060 696E7400 		.ascii	"int\000"
 388 0064 02       		.uleb128 0x2
 389 0065 04       		.byte	0x4
 390 0066 07       		.byte	0x7
 391 0067 20010000 		.4byte	.LASF8
 392 006b 04       		.uleb128 0x4
 393 006c EE010000 		.4byte	.LASF12
 394 0070 02       		.byte	0x2
 395 0071 E401     		.2byte	0x1e4
 396 0073 2C000000 		.4byte	0x2c
 397 0077 02       		.uleb128 0x2
 398 0078 04       		.byte	0x4
 399 0079 04       		.byte	0x4
 400 007a CC000000 		.4byte	.LASF9
 401 007e 02       		.uleb128 0x2
 402 007f 08       		.byte	0x8
 403 0080 04       		.byte	0x4
 404 0081 19010000 		.4byte	.LASF10
 405 0085 02       		.uleb128 0x2
 406 0086 01       		.byte	0x1
 407 0087 08       		.byte	0x8
 408 0088 13020000 		.4byte	.LASF11
 409 008c 04       		.uleb128 0x4
 410 008d E0000000 		.4byte	.LASF13
 411 0091 02       		.byte	0x2
 412 0092 8E02     		.2byte	0x28e
 413 0094 98000000 		.4byte	0x98
 414 0098 05       		.uleb128 0x5
 415 0099 6B000000 		.4byte	0x6b
 416 009d 06       		.uleb128 0x6
 417 009e 11000000 		.4byte	.LASF14
 418 00a2 01       		.byte	0x1
 419 00a3 39       		.byte	0x39
 420 00a4 00000000 		.4byte	.LFB0
 421 00a8 18000000 		.4byte	.LFE0-.LFB0
 422 00ac 01       		.uleb128 0x1
 423 00ad 9C       		.byte	0x9c
 424 00ae CF000000 		.4byte	0xcf
 425 00b2 07       		.uleb128 0x7
 426 00b3 00000000 		.4byte	.LASF16
 427 00b7 01       		.byte	0x1
 428 00b8 39       		.byte	0x39
 429 00b9 6B000000 		.4byte	0x6b
 430 00bd 00000000 		.4byte	.LLST0
 431 00c1 08       		.uleb128 0x8
 432 00c2 06000000 		.4byte	.LASF23
 433 00c6 01       		.byte	0x1
 434 00c7 3B       		.byte	0x3b
 435 00c8 6B000000 		.4byte	0x6b
 436 00cc 01       		.uleb128 0x1
ARM GAS  C:\Users\info\AppData\Local\Temp\ccwijweL.s 			page 21


 437 00cd 53       		.byte	0x53
 438 00ce 00       		.byte	0
 439 00cf 06       		.uleb128 0x6
 440 00d0 B5000000 		.4byte	.LASF15
 441 00d4 01       		.byte	0x1
 442 00d5 5A       		.byte	0x5a
 443 00d6 00000000 		.4byte	.LFB1
 444 00da 18000000 		.4byte	.LFE1-.LFB1
 445 00de 01       		.uleb128 0x1
 446 00df 9C       		.byte	0x9c
 447 00e0 F4000000 		.4byte	0xf4
 448 00e4 07       		.uleb128 0x7
 449 00e5 AE010000 		.4byte	.LASF17
 450 00e9 01       		.byte	0x1
 451 00ea 5A       		.byte	0x5a
 452 00eb 6B000000 		.4byte	0x6b
 453 00ef 21000000 		.4byte	.LLST1
 454 00f3 00       		.byte	0
 455 00f4 09       		.uleb128 0x9
 456 00f5 0A010000 		.4byte	.LASF18
 457 00f9 01       		.byte	0x1
 458 00fa 71       		.byte	0x71
 459 00fb 6B000000 		.4byte	0x6b
 460 00ff 00000000 		.4byte	.LFB2
 461 0103 10000000 		.4byte	.LFE2-.LFB2
 462 0107 01       		.uleb128 0x1
 463 0108 9C       		.byte	0x9c
 464 0109 09       		.uleb128 0x9
 465 010a F4010000 		.4byte	.LASF19
 466 010e 01       		.byte	0x1
 467 010f 8D       		.byte	0x8d
 468 0110 6B000000 		.4byte	0x6b
 469 0114 00000000 		.4byte	.LFB3
 470 0118 10000000 		.4byte	.LFE3-.LFB3
 471 011c 01       		.uleb128 0x1
 472 011d 9C       		.byte	0x9c
 473 011e 00       		.byte	0
 474              		.section	.debug_abbrev,"",%progbits
 475              	.Ldebug_abbrev0:
 476 0000 01       		.uleb128 0x1
 477 0001 11       		.uleb128 0x11
 478 0002 01       		.byte	0x1
 479 0003 25       		.uleb128 0x25
 480 0004 0E       		.uleb128 0xe
 481 0005 13       		.uleb128 0x13
 482 0006 0B       		.uleb128 0xb
 483 0007 03       		.uleb128 0x3
 484 0008 0E       		.uleb128 0xe
 485 0009 1B       		.uleb128 0x1b
 486 000a 0E       		.uleb128 0xe
 487 000b 55       		.uleb128 0x55
 488 000c 17       		.uleb128 0x17
 489 000d 11       		.uleb128 0x11
 490 000e 01       		.uleb128 0x1
 491 000f 10       		.uleb128 0x10
 492 0010 17       		.uleb128 0x17
 493 0011 00       		.byte	0
ARM GAS  C:\Users\info\AppData\Local\Temp\ccwijweL.s 			page 22


 494 0012 00       		.byte	0
 495 0013 02       		.uleb128 0x2
 496 0014 24       		.uleb128 0x24
 497 0015 00       		.byte	0
 498 0016 0B       		.uleb128 0xb
 499 0017 0B       		.uleb128 0xb
 500 0018 3E       		.uleb128 0x3e
 501 0019 0B       		.uleb128 0xb
 502 001a 03       		.uleb128 0x3
 503 001b 0E       		.uleb128 0xe
 504 001c 00       		.byte	0
 505 001d 00       		.byte	0
 506 001e 03       		.uleb128 0x3
 507 001f 24       		.uleb128 0x24
 508 0020 00       		.byte	0
 509 0021 0B       		.uleb128 0xb
 510 0022 0B       		.uleb128 0xb
 511 0023 3E       		.uleb128 0x3e
 512 0024 0B       		.uleb128 0xb
 513 0025 03       		.uleb128 0x3
 514 0026 08       		.uleb128 0x8
 515 0027 00       		.byte	0
 516 0028 00       		.byte	0
 517 0029 04       		.uleb128 0x4
 518 002a 16       		.uleb128 0x16
 519 002b 00       		.byte	0
 520 002c 03       		.uleb128 0x3
 521 002d 0E       		.uleb128 0xe
 522 002e 3A       		.uleb128 0x3a
 523 002f 0B       		.uleb128 0xb
 524 0030 3B       		.uleb128 0x3b
 525 0031 05       		.uleb128 0x5
 526 0032 49       		.uleb128 0x49
 527 0033 13       		.uleb128 0x13
 528 0034 00       		.byte	0
 529 0035 00       		.byte	0
 530 0036 05       		.uleb128 0x5
 531 0037 35       		.uleb128 0x35
 532 0038 00       		.byte	0
 533 0039 49       		.uleb128 0x49
 534 003a 13       		.uleb128 0x13
 535 003b 00       		.byte	0
 536 003c 00       		.byte	0
 537 003d 06       		.uleb128 0x6
 538 003e 2E       		.uleb128 0x2e
 539 003f 01       		.byte	0x1
 540 0040 3F       		.uleb128 0x3f
 541 0041 19       		.uleb128 0x19
 542 0042 03       		.uleb128 0x3
 543 0043 0E       		.uleb128 0xe
 544 0044 3A       		.uleb128 0x3a
 545 0045 0B       		.uleb128 0xb
 546 0046 3B       		.uleb128 0x3b
 547 0047 0B       		.uleb128 0xb
 548 0048 27       		.uleb128 0x27
 549 0049 19       		.uleb128 0x19
 550 004a 11       		.uleb128 0x11
ARM GAS  C:\Users\info\AppData\Local\Temp\ccwijweL.s 			page 23


 551 004b 01       		.uleb128 0x1
 552 004c 12       		.uleb128 0x12
 553 004d 06       		.uleb128 0x6
 554 004e 40       		.uleb128 0x40
 555 004f 18       		.uleb128 0x18
 556 0050 9742     		.uleb128 0x2117
 557 0052 19       		.uleb128 0x19
 558 0053 01       		.uleb128 0x1
 559 0054 13       		.uleb128 0x13
 560 0055 00       		.byte	0
 561 0056 00       		.byte	0
 562 0057 07       		.uleb128 0x7
 563 0058 05       		.uleb128 0x5
 564 0059 00       		.byte	0
 565 005a 03       		.uleb128 0x3
 566 005b 0E       		.uleb128 0xe
 567 005c 3A       		.uleb128 0x3a
 568 005d 0B       		.uleb128 0xb
 569 005e 3B       		.uleb128 0x3b
 570 005f 0B       		.uleb128 0xb
 571 0060 49       		.uleb128 0x49
 572 0061 13       		.uleb128 0x13
 573 0062 02       		.uleb128 0x2
 574 0063 17       		.uleb128 0x17
 575 0064 00       		.byte	0
 576 0065 00       		.byte	0
 577 0066 08       		.uleb128 0x8
 578 0067 34       		.uleb128 0x34
 579 0068 00       		.byte	0
 580 0069 03       		.uleb128 0x3
 581 006a 0E       		.uleb128 0xe
 582 006b 3A       		.uleb128 0x3a
 583 006c 0B       		.uleb128 0xb
 584 006d 3B       		.uleb128 0x3b
 585 006e 0B       		.uleb128 0xb
 586 006f 49       		.uleb128 0x49
 587 0070 13       		.uleb128 0x13
 588 0071 02       		.uleb128 0x2
 589 0072 18       		.uleb128 0x18
 590 0073 00       		.byte	0
 591 0074 00       		.byte	0
 592 0075 09       		.uleb128 0x9
 593 0076 2E       		.uleb128 0x2e
 594 0077 00       		.byte	0
 595 0078 3F       		.uleb128 0x3f
 596 0079 19       		.uleb128 0x19
 597 007a 03       		.uleb128 0x3
 598 007b 0E       		.uleb128 0xe
 599 007c 3A       		.uleb128 0x3a
 600 007d 0B       		.uleb128 0xb
 601 007e 3B       		.uleb128 0x3b
 602 007f 0B       		.uleb128 0xb
 603 0080 27       		.uleb128 0x27
 604 0081 19       		.uleb128 0x19
 605 0082 49       		.uleb128 0x49
 606 0083 13       		.uleb128 0x13
 607 0084 11       		.uleb128 0x11
ARM GAS  C:\Users\info\AppData\Local\Temp\ccwijweL.s 			page 24


 608 0085 01       		.uleb128 0x1
 609 0086 12       		.uleb128 0x12
 610 0087 06       		.uleb128 0x6
 611 0088 40       		.uleb128 0x40
 612 0089 18       		.uleb128 0x18
 613 008a 9742     		.uleb128 0x2117
 614 008c 19       		.uleb128 0x19
 615 008d 00       		.byte	0
 616 008e 00       		.byte	0
 617 008f 00       		.byte	0
 618              		.section	.debug_loc,"",%progbits
 619              	.Ldebug_loc0:
 620              	.LLST0:
 621 0000 00000000 		.4byte	.LVL0
 622 0004 0A000000 		.4byte	.LVL2
 623 0008 0100     		.2byte	0x1
 624 000a 50       		.byte	0x50
 625 000b 0A000000 		.4byte	.LVL2
 626 000f 18000000 		.4byte	.LFE0
 627 0013 0400     		.2byte	0x4
 628 0015 F3       		.byte	0xf3
 629 0016 01       		.uleb128 0x1
 630 0017 50       		.byte	0x50
 631 0018 9F       		.byte	0x9f
 632 0019 00000000 		.4byte	0
 633 001d 00000000 		.4byte	0
 634              	.LLST1:
 635 0021 00000000 		.4byte	.LVL3
 636 0025 0C000000 		.4byte	.LVL4
 637 0029 0100     		.2byte	0x1
 638 002b 50       		.byte	0x50
 639 002c 0C000000 		.4byte	.LVL4
 640 0030 18000000 		.4byte	.LFE1
 641 0034 0400     		.2byte	0x4
 642 0036 F3       		.byte	0xf3
 643 0037 01       		.uleb128 0x1
 644 0038 50       		.byte	0x50
 645 0039 9F       		.byte	0x9f
 646 003a 00000000 		.4byte	0
 647 003e 00000000 		.4byte	0
 648              		.section	.debug_aranges,"",%progbits
 649 0000 34000000 		.4byte	0x34
 650 0004 0200     		.2byte	0x2
 651 0006 00000000 		.4byte	.Ldebug_info0
 652 000a 04       		.byte	0x4
 653 000b 00       		.byte	0
 654 000c 0000     		.2byte	0
 655 000e 0000     		.2byte	0
 656 0010 00000000 		.4byte	.LFB0
 657 0014 18000000 		.4byte	.LFE0-.LFB0
 658 0018 00000000 		.4byte	.LFB1
 659 001c 18000000 		.4byte	.LFE1-.LFB1
 660 0020 00000000 		.4byte	.LFB2
 661 0024 10000000 		.4byte	.LFE2-.LFB2
 662 0028 00000000 		.4byte	.LFB3
 663 002c 10000000 		.4byte	.LFE3-.LFB3
 664 0030 00000000 		.4byte	0
ARM GAS  C:\Users\info\AppData\Local\Temp\ccwijweL.s 			page 25


 665 0034 00000000 		.4byte	0
 666              		.section	.debug_ranges,"",%progbits
 667              	.Ldebug_ranges0:
 668 0000 00000000 		.4byte	.LFB0
 669 0004 18000000 		.4byte	.LFE0
 670 0008 00000000 		.4byte	.LFB1
 671 000c 18000000 		.4byte	.LFE1
 672 0010 00000000 		.4byte	.LFB2
 673 0014 10000000 		.4byte	.LFE2
 674 0018 00000000 		.4byte	.LFB3
 675 001c 10000000 		.4byte	.LFE3
 676 0020 00000000 		.4byte	0
 677 0024 00000000 		.4byte	0
 678              		.section	.debug_line,"",%progbits
 679              	.Ldebug_line0:
 680 0000 92000000 		.section	.debug_str,"MS",%progbits,1
 680      02004600 
 680      00000201 
 680      FB0E0D00 
 680      01010101 
 681              	.LASF16:
 682 0000 76616C75 		.ascii	"value\000"
 682      6500
 683              	.LASF23:
 684 0006 73746174 		.ascii	"staticBits\000"
 684      69634269 
 684      747300
 685              	.LASF14:
 686 0011 4853594E 		.ascii	"HSYNC_OUT_Write\000"
 686      435F4F55 
 686      545F5772 
 686      69746500 
 687              	.LASF20:
 688 0021 474E5520 		.ascii	"GNU C11 5.4.1 20160609 (release) [ARM/embedded-5-br"
 688      43313120 
 688      352E342E 
 688      31203230 
 688      31363036 
 689 0054 616E6368 		.ascii	"anch revision 237715] -mcpu=cortex-m3 -mthumb -g -O"
 689      20726576 
 689      6973696F 
 689      6E203233 
 689      37373135 
 690 0087 67202D66 		.ascii	"g -ffunction-sections -ffat-lto-objects -flto\000"
 690      66756E63 
 690      74696F6E 
 690      2D736563 
 690      74696F6E 
 691              	.LASF15:
 692 00b5 4853594E 		.ascii	"HSYNC_OUT_SetDriveMode\000"
 692      435F4F55 
 692      545F5365 
 692      74447269 
 692      76654D6F 
 693              	.LASF9:
 694 00cc 666C6F61 		.ascii	"float\000"
 694      7400
ARM GAS  C:\Users\info\AppData\Local\Temp\ccwijweL.s 			page 26


 695              	.LASF1:
 696 00d2 756E7369 		.ascii	"unsigned char\000"
 696      676E6564 
 696      20636861 
 696      7200
 697              	.LASF13:
 698 00e0 72656738 		.ascii	"reg8\000"
 698      00
 699              	.LASF5:
 700 00e5 6C6F6E67 		.ascii	"long unsigned int\000"
 700      20756E73 
 700      69676E65 
 700      6420696E 
 700      7400
 701              	.LASF3:
 702 00f7 73686F72 		.ascii	"short unsigned int\000"
 702      7420756E 
 702      7369676E 
 702      65642069 
 702      6E7400
 703              	.LASF18:
 704 010a 4853594E 		.ascii	"HSYNC_OUT_Read\000"
 704      435F4F55 
 704      545F5265 
 704      616400
 705              	.LASF10:
 706 0119 646F7562 		.ascii	"double\000"
 706      6C6500
 707              	.LASF8:
 708 0120 756E7369 		.ascii	"unsigned int\000"
 708      676E6564 
 708      20696E74 
 708      00
 709              	.LASF22:
 710 012d 433A5C55 		.ascii	"C:\\Users\\info\\Desktop\\Spring 2019 Classes\\6.11"
 710      73657273 
 710      5C696E66 
 710      6F5C4465 
 710      736B746F 
 711 015b 355C362E 		.ascii	"5\\6.115-final\\PSoCCreator\\Final Project\\FinalEm"
 711      3131352D 
 711      66696E61 
 711      6C5C5053 
 711      6F434372 
 712 018a 756C6174 		.ascii	"ulator.cydsn\000"
 712      6F722E63 
 712      7964736E 
 712      00
 713              	.LASF7:
 714 0197 6C6F6E67 		.ascii	"long long unsigned int\000"
 714      206C6F6E 
 714      6720756E 
 714      7369676E 
 714      65642069 
 715              	.LASF17:
 716 01ae 6D6F6465 		.ascii	"mode\000"
 716      00
ARM GAS  C:\Users\info\AppData\Local\Temp\ccwijweL.s 			page 27


 717              	.LASF6:
 718 01b3 6C6F6E67 		.ascii	"long long int\000"
 718      206C6F6E 
 718      6720696E 
 718      7400
 719              	.LASF21:
 720 01c1 47656E65 		.ascii	"Generated_Source\\PSoC5\\HSYNC_OUT.c\000"
 720      72617465 
 720      645F536F 
 720      75726365 
 720      5C50536F 
 721              	.LASF2:
 722 01e4 73686F72 		.ascii	"short int\000"
 722      7420696E 
 722      7400
 723              	.LASF12:
 724 01ee 75696E74 		.ascii	"uint8\000"
 724      3800
 725              	.LASF19:
 726 01f4 4853594E 		.ascii	"HSYNC_OUT_ReadDataReg\000"
 726      435F4F55 
 726      545F5265 
 726      61644461 
 726      74615265 
 727              	.LASF4:
 728 020a 6C6F6E67 		.ascii	"long int\000"
 728      20696E74 
 728      00
 729              	.LASF11:
 730 0213 63686172 		.ascii	"char\000"
 730      00
 731              	.LASF0:
 732 0218 7369676E 		.ascii	"signed char\000"
 732      65642063 
 732      68617200 
 733              		.comm	__gnu_lto_v1,1,1
 734              		.ident	"GCC: (GNU Tools for ARM Embedded Processors) 5.4.1 20160609 (release) [ARM/embedded-5-bran
