ARM GAS  C:\Users\info\AppData\Local\Temp\ccfErTJ0.s 			page 1


   1              		.syntax unified
   2              		.cpu cortex-m3
   3              		.fpu softvfp
   4              		.eabi_attribute 20, 1
   5              		.eabi_attribute 21, 1
   6              		.eabi_attribute 23, 3
   7              		.eabi_attribute 24, 1
   8              		.eabi_attribute 25, 1
   9              		.eabi_attribute 26, 1
  10              		.eabi_attribute 30, 1
  11              		.eabi_attribute 34, 1
  12              		.eabi_attribute 18, 4
  13              		.thumb
  14              		.syntax unified
  15              		.file	"keybd.c"
  16              		.text
  17              	.Ltext0:
  18              		.cfi_sections	.debug_frame
  19              		.section	.text.key_pressed,"ax",%progbits
  20              		.align	2
  21              		.global	key_pressed
  22              		.thumb
  23              		.thumb_func
  24              		.type	key_pressed, %function
  25              	key_pressed:
  26              	.LFB63:
  27              		.file 1 "keybd.c"
   1:keybd.c       **** #include "project.h"
   2:keybd.c       **** #include "chip8.h"
   3:keybd.c       **** 
   4:keybd.c       **** /* Column Write Functions */
   5:keybd.c       **** void (*col_wr[4])(uint8_t) = 
   6:keybd.c       ****             {&Col_1_Write, &Col_2_Write, &Col_3_Write, &Col_4_Write};
   7:keybd.c       **** 
   8:keybd.c       **** /* Row Read Functions */
   9:keybd.c       **** uint8_t (*row_rd[4])() = 
  10:keybd.c       ****             {&Row_1_Read, &Row_2_Read, &Row_3_Read, &Row_4_Read};
  11:keybd.c       ****             
  12:keybd.c       **** uint8_t p2v[] = {0x1, 0x2, 0x3, 0xc,
  13:keybd.c       ****                  0x4, 0x5, 0x6, 0xd,
  14:keybd.c       ****                  0x7, 0x8, 0x9, 0xe,
  15:keybd.c       ****                  0xa, 0x0, 0xb, 0xf};
  16:keybd.c       **** 
  17:keybd.c       **** uint8_t v2p[] = {0xd, 0x0, 0x1, 0x2,
  18:keybd.c       ****                  0x4, 0x5, 0x6, 0x8,
  19:keybd.c       ****                  0x9, 0xa, 0xc, 0xe,
  20:keybd.c       ****                  0x3, 0x7, 0xb, 0xf};
  21:keybd.c       ****             
  22:keybd.c       **** uint8_t key_pressed(uint8_t vkey){
  28              		.loc 1 22 0
  29              		.cfi_startproc
  30              		@ args = 0, pretend = 0, frame = 0
  31              		@ frame_needed = 0, uses_anonymous_args = 0
  32              	.LVL0:
  33 0000 70B5     		push	{r4, r5, r6, lr}
  34              		.cfi_def_cfa_offset 16
  35              		.cfi_offset 4, -16
ARM GAS  C:\Users\info\AppData\Local\Temp\ccfErTJ0.s 			page 2


  36              		.cfi_offset 5, -12
  37              		.cfi_offset 6, -8
  38              		.cfi_offset 14, -4
  23:keybd.c       ****     /* Determine row and column numbers */
  24:keybd.c       ****     uint8_t key = v2p[vkey];
  39              		.loc 1 24 0
  40 0002 0E4D     		ldr	r5, .L3
  41 0004 2C5C     		ldrb	r4, [r5, r0]	@ zero_extendqisi2
  42              	.LVL1:
  25:keybd.c       ****     uint8_t row = (key & 0xc) >> 2;
  43              		.loc 1 25 0
  44 0006 C4F38106 		ubfx	r6, r4, #2, #2
  45              	.LVL2:
  26:keybd.c       ****     uint8_t col = (key & 0x3);
  46              		.loc 1 26 0
  47 000a 04F00304 		and	r4, r4, #3
  48              	.LVL3:
  27:keybd.c       ****     
  28:keybd.c       ****     uint8_t pressed = 0;
  29:keybd.c       ****     
  30:keybd.c       ****     /* Assert column line and read row line */
  31:keybd.c       ****     (*col_wr[col])(1);
  49              		.loc 1 31 0
  50 000e 05EB8404 		add	r4, r5, r4, lsl #2
  51              	.LVL4:
  52 0012 2369     		ldr	r3, [r4, #16]
  53 0014 0120     		movs	r0, #1
  54              	.LVL5:
  55 0016 9847     		blx	r3
  56              	.LVL6:
  32:keybd.c       ****     CyDelay(1);
  57              		.loc 1 32 0
  58 0018 0120     		movs	r0, #1
  59 001a FFF7FEFF 		bl	CyDelay
  60              	.LVL7:
  33:keybd.c       ****     pressed = (*row_rd[row])() ? 1 : 0;
  61              		.loc 1 33 0
  62 001e 05EB8605 		add	r5, r5, r6, lsl #2
  63 0022 2B6A     		ldr	r3, [r5, #32]
  64 0024 9847     		blx	r3
  65              	.LVL8:
  66 0026 051C     		adds	r5, r0, #0
  67 0028 18BF     		it	ne
  68 002a 0125     		movne	r5, #1
  69              	.LVL9:
  34:keybd.c       ****     (*col_wr[col])(0);
  70              		.loc 1 34 0
  71 002c 2369     		ldr	r3, [r4, #16]
  72 002e 0020     		movs	r0, #0
  73 0030 9847     		blx	r3
  74              	.LVL10:
  35:keybd.c       ****     CyDelay(1);
  75              		.loc 1 35 0
  76 0032 0120     		movs	r0, #1
  77 0034 FFF7FEFF 		bl	CyDelay
  78              	.LVL11:
  36:keybd.c       ****     return pressed;
ARM GAS  C:\Users\info\AppData\Local\Temp\ccfErTJ0.s 			page 3


  37:keybd.c       **** }
  79              		.loc 1 37 0
  80 0038 2846     		mov	r0, r5
  81 003a 70BD     		pop	{r4, r5, r6, pc}
  82              	.LVL12:
  83              	.L4:
  84              		.align	2
  85              	.L3:
  86 003c 00000000 		.word	.LANCHOR0
  87              		.cfi_endproc
  88              	.LFE63:
  89              		.size	key_pressed, .-key_pressed
  90              		.section	.text.wait_key,"ax",%progbits
  91              		.align	2
  92              		.global	wait_key
  93              		.thumb
  94              		.thumb_func
  95              		.type	wait_key, %function
  96              	wait_key:
  97              	.LFB64:
  38:keybd.c       **** 
  39:keybd.c       **** uint8_t wait_key(){
  98              		.loc 1 39 0
  99              		.cfi_startproc
 100              		@ args = 0, pretend = 0, frame = 0
 101              		@ frame_needed = 0, uses_anonymous_args = 0
 102 0000 70B5     		push	{r4, r5, r6, lr}
 103              		.cfi_def_cfa_offset 16
 104              		.cfi_offset 4, -16
 105              		.cfi_offset 5, -12
 106              		.cfi_offset 6, -8
 107              		.cfi_offset 14, -4
 108              	.L10:
 109              	.LVL13:
 110              	.LBB2:
  40:keybd.c       ****     while(1){
  41:keybd.c       ****         for (uint8_t row = 0; row < 4; row++){
 111              		.loc 1 41 0
 112 0002 0025     		movs	r5, #0
 113 0004 11E0     		b	.L6
 114              	.LVL14:
 115              	.L8:
 116              	.LBB3:
 117              	.LBB4:
  42:keybd.c       ****             for (uint8_t col = 0; col < 4; col++){
  43:keybd.c       ****                 uint8_t key = p2v[row*4 + col];
 118              		.loc 1 43 0
 119 0006 04EB8503 		add	r3, r4, r5, lsl #2
 120 000a 0A4A     		ldr	r2, .L14
 121 000c 1344     		add	r3, r3, r2
 122 000e 93F83060 		ldrb	r6, [r3, #48]	@ zero_extendqisi2
 123              	.LVL15:
  44:keybd.c       ****                 if (key_pressed(key)){
 124              		.loc 1 44 0
 125 0012 3046     		mov	r0, r6
 126 0014 FFF7FEFF 		bl	key_pressed
 127              	.LVL16:
ARM GAS  C:\Users\info\AppData\Local\Temp\ccfErTJ0.s 			page 4


 128 0018 50B9     		cbnz	r0, .L12
 129              	.LBE4:
  42:keybd.c       ****             for (uint8_t col = 0; col < 4; col++){
 130              		.loc 1 42 0 discriminator 2
 131 001a 0134     		adds	r4, r4, #1
 132              	.LVL17:
 133 001c E4B2     		uxtb	r4, r4
 134              	.LVL18:
 135 001e 00E0     		b	.L9
 136              	.LVL19:
 137              	.L11:
 138              	.LBE3:
 139 0020 0024     		movs	r4, #0
 140              	.L9:
 141              	.LVL20:
 142              	.LBB5:
  42:keybd.c       ****             for (uint8_t col = 0; col < 4; col++){
 143              		.loc 1 42 0 is_stmt 0 discriminator 1
 144 0022 032C     		cmp	r4, #3
 145 0024 EFD9     		bls	.L8
 146              	.LBE5:
  41:keybd.c       ****             for (uint8_t col = 0; col < 4; col++){
 147              		.loc 1 41 0 is_stmt 1 discriminator 2
 148 0026 0135     		adds	r5, r5, #1
 149              	.LVL21:
 150 0028 EDB2     		uxtb	r5, r5
 151              	.LVL22:
 152              	.L6:
  41:keybd.c       ****             for (uint8_t col = 0; col < 4; col++){
 153              		.loc 1 41 0 is_stmt 0 discriminator 1
 154 002a 032D     		cmp	r5, #3
 155 002c F8D9     		bls	.L11
 156 002e E8E7     		b	.L10
 157              	.LVL23:
 158              	.L12:
 159              	.LBE2:
  45:keybd.c       ****                     return key;
  46:keybd.c       ****                 }
  47:keybd.c       ****             }
  48:keybd.c       ****         }
  49:keybd.c       ****     }
  50:keybd.c       **** }
 160              		.loc 1 50 0 is_stmt 1
 161 0030 3046     		mov	r0, r6
 162 0032 70BD     		pop	{r4, r5, r6, pc}
 163              	.LVL24:
 164              	.L15:
 165              		.align	2
 166              	.L14:
 167 0034 00000000 		.word	.LANCHOR0
 168              		.cfi_endproc
 169              	.LFE64:
 170              		.size	wait_key, .-wait_key
 171              		.global	v2p
 172              		.global	p2v
 173              		.global	row_rd
 174              		.global	col_wr
ARM GAS  C:\Users\info\AppData\Local\Temp\ccfErTJ0.s 			page 5


 175              		.data
 176              		.align	2
 177              		.set	.LANCHOR0,. + 0
 178              		.type	v2p, %object
 179              		.size	v2p, 16
 180              	v2p:
 181 0000 0D       		.byte	13
 182 0001 00       		.byte	0
 183 0002 01       		.byte	1
 184 0003 02       		.byte	2
 185 0004 04       		.byte	4
 186 0005 05       		.byte	5
 187 0006 06       		.byte	6
 188 0007 08       		.byte	8
 189 0008 09       		.byte	9
 190 0009 0A       		.byte	10
 191 000a 0C       		.byte	12
 192 000b 0E       		.byte	14
 193 000c 03       		.byte	3
 194 000d 07       		.byte	7
 195 000e 0B       		.byte	11
 196 000f 0F       		.byte	15
 197              		.type	col_wr, %object
 198              		.size	col_wr, 16
 199              	col_wr:
 200 0010 00000000 		.word	Col_1_Write
 201 0014 00000000 		.word	Col_2_Write
 202 0018 00000000 		.word	Col_3_Write
 203 001c 00000000 		.word	Col_4_Write
 204              		.type	row_rd, %object
 205              		.size	row_rd, 16
 206              	row_rd:
 207 0020 00000000 		.word	Row_1_Read
 208 0024 00000000 		.word	Row_2_Read
 209 0028 00000000 		.word	Row_3_Read
 210 002c 00000000 		.word	Row_4_Read
 211              		.type	p2v, %object
 212              		.size	p2v, 16
 213              	p2v:
 214 0030 01       		.byte	1
 215 0031 02       		.byte	2
 216 0032 03       		.byte	3
 217 0033 0C       		.byte	12
 218 0034 04       		.byte	4
 219 0035 05       		.byte	5
 220 0036 06       		.byte	6
 221 0037 0D       		.byte	13
 222 0038 07       		.byte	7
 223 0039 08       		.byte	8
 224 003a 09       		.byte	9
 225 003b 0E       		.byte	14
 226 003c 0A       		.byte	10
 227 003d 00       		.byte	0
 228 003e 0B       		.byte	11
 229 003f 0F       		.byte	15
 230              		.text
 231              	.Letext0:
ARM GAS  C:\Users\info\AppData\Local\Temp\ccfErTJ0.s 			page 6


 232              		.file 2 "c:\\program files (x86)\\cypress\\psoc creator\\4.2\\psoc creator\\import\\gnu\\arm\\5.4.
 233              		.file 3 "c:\\program files (x86)\\cypress\\psoc creator\\4.2\\psoc creator\\import\\gnu\\arm\\5.4.
 234              		.file 4 "Generated_Source\\PSoC5/core_cm3.h"
 235              		.file 5 "Generated_Source\\PSoC5/CyLib.h"
 236              		.section	.debug_info,"",%progbits
 237              	.Ldebug_info0:
 238 0000 7F020000 		.4byte	0x27f
 239 0004 0400     		.2byte	0x4
 240 0006 00000000 		.4byte	.Ldebug_abbrev0
 241 000a 04       		.byte	0x4
 242 000b 01       		.uleb128 0x1
 243 000c 43000000 		.4byte	.LASF22
 244 0010 0C       		.byte	0xc
 245 0011 B5010000 		.4byte	.LASF23
 246 0015 2C010000 		.4byte	.LASF24
 247 0019 18000000 		.4byte	.Ldebug_ranges0+0x18
 248 001d 00000000 		.4byte	0
 249 0021 00000000 		.4byte	.Ldebug_line0
 250 0025 02       		.uleb128 0x2
 251 0026 01       		.byte	0x1
 252 0027 06       		.byte	0x6
 253 0028 00020000 		.4byte	.LASF0
 254 002c 03       		.uleb128 0x3
 255 002d 14000000 		.4byte	.LASF4
 256 0031 02       		.byte	0x2
 257 0032 1D       		.byte	0x1d
 258 0033 37000000 		.4byte	0x37
 259 0037 02       		.uleb128 0x2
 260 0038 01       		.byte	0x1
 261 0039 08       		.byte	0x8
 262 003a 35000000 		.4byte	.LASF1
 263 003e 02       		.uleb128 0x2
 264 003f 02       		.byte	0x2
 265 0040 05       		.byte	0x5
 266 0041 E1010000 		.4byte	.LASF2
 267 0045 02       		.uleb128 0x2
 268 0046 02       		.byte	0x2
 269 0047 07       		.byte	0x7
 270 0048 EA000000 		.4byte	.LASF3
 271 004c 03       		.uleb128 0x3
 272 004d 25000000 		.4byte	.LASF5
 273 0051 02       		.byte	0x2
 274 0052 3F       		.byte	0x3f
 275 0053 57000000 		.4byte	0x57
 276 0057 02       		.uleb128 0x2
 277 0058 04       		.byte	0x4
 278 0059 05       		.byte	0x5
 279 005a EB010000 		.4byte	.LASF6
 280 005e 02       		.uleb128 0x2
 281 005f 04       		.byte	0x4
 282 0060 07       		.byte	0x7
 283 0061 D8000000 		.4byte	.LASF7
 284 0065 02       		.uleb128 0x2
 285 0066 08       		.byte	0x8
 286 0067 05       		.byte	0x5
 287 0068 CE010000 		.4byte	.LASF8
 288 006c 02       		.uleb128 0x2
ARM GAS  C:\Users\info\AppData\Local\Temp\ccfErTJ0.s 			page 7


 289 006d 08       		.byte	0x8
 290 006e 07       		.byte	0x7
 291 006f 96010000 		.4byte	.LASF9
 292 0073 04       		.uleb128 0x4
 293 0074 04       		.byte	0x4
 294 0075 05       		.byte	0x5
 295 0076 696E7400 		.ascii	"int\000"
 296 007a 02       		.uleb128 0x2
 297 007b 04       		.byte	0x4
 298 007c 07       		.byte	0x7
 299 007d 1F010000 		.4byte	.LASF10
 300 0081 03       		.uleb128 0x3
 301 0082 AD010000 		.4byte	.LASF11
 302 0086 03       		.byte	0x3
 303 0087 18       		.byte	0x18
 304 0088 2C000000 		.4byte	0x2c
 305 008c 03       		.uleb128 0x3
 306 008d BD010000 		.4byte	.LASF12
 307 0091 03       		.byte	0x3
 308 0092 2C       		.byte	0x2c
 309 0093 4C000000 		.4byte	0x4c
 310 0097 02       		.uleb128 0x2
 311 0098 04       		.byte	0x4
 312 0099 04       		.byte	0x4
 313 009a 2F000000 		.4byte	.LASF13
 314 009e 02       		.uleb128 0x2
 315 009f 08       		.byte	0x8
 316 00a0 04       		.byte	0x4
 317 00a1 0F010000 		.4byte	.LASF14
 318 00a5 02       		.uleb128 0x2
 319 00a6 01       		.byte	0x1
 320 00a7 08       		.byte	0x8
 321 00a8 DC010000 		.4byte	.LASF15
 322 00ac 02       		.uleb128 0x2
 323 00ad 08       		.byte	0x8
 324 00ae 04       		.byte	0x4
 325 00af F4010000 		.4byte	.LASF16
 326 00b3 02       		.uleb128 0x2
 327 00b4 04       		.byte	0x4
 328 00b5 07       		.byte	0x7
 329 00b6 C5010000 		.4byte	.LASF17
 330 00ba 05       		.uleb128 0x5
 331 00bb 00000000 		.4byte	.LASF25
 332 00bf 01       		.byte	0x1
 333 00c0 16       		.byte	0x16
 334 00c1 81000000 		.4byte	0x81
 335 00c5 00000000 		.4byte	.LFB63
 336 00c9 40000000 		.4byte	.LFE63-.LFB63
 337 00cd 01       		.uleb128 0x1
 338 00ce 9C       		.byte	0x9c
 339 00cf 5F010000 		.4byte	0x15f
 340 00d3 06       		.uleb128 0x6
 341 00d4 FD000000 		.4byte	.LASF26
 342 00d8 01       		.byte	0x1
 343 00d9 16       		.byte	0x16
 344 00da 81000000 		.4byte	0x81
 345 00de 00000000 		.4byte	.LLST0
ARM GAS  C:\Users\info\AppData\Local\Temp\ccfErTJ0.s 			page 8


 346 00e2 07       		.uleb128 0x7
 347 00e3 6B657900 		.ascii	"key\000"
 348 00e7 01       		.byte	0x1
 349 00e8 18       		.byte	0x18
 350 00e9 81000000 		.4byte	0x81
 351 00ed 21000000 		.4byte	.LLST1
 352 00f1 07       		.uleb128 0x7
 353 00f2 726F7700 		.ascii	"row\000"
 354 00f6 01       		.byte	0x1
 355 00f7 19       		.byte	0x19
 356 00f8 81000000 		.4byte	0x81
 357 00fc 43000000 		.4byte	.LLST2
 358 0100 07       		.uleb128 0x7
 359 0101 636F6C00 		.ascii	"col\000"
 360 0105 01       		.byte	0x1
 361 0106 1A       		.byte	0x1a
 362 0107 81000000 		.4byte	0x81
 363 010b 56000000 		.4byte	.LLST3
 364 010f 08       		.uleb128 0x8
 365 0110 0C000000 		.4byte	.LASF18
 366 0114 01       		.byte	0x1
 367 0115 1C       		.byte	0x1c
 368 0116 81000000 		.4byte	0x81
 369 011a 7D000000 		.4byte	.LLST4
 370 011e 09       		.uleb128 0x9
 371 011f 18000000 		.4byte	.LVL6
 372 0123 2D010000 		.4byte	0x12d
 373 0127 0A       		.uleb128 0xa
 374 0128 01       		.uleb128 0x1
 375 0129 50       		.byte	0x50
 376 012a 01       		.uleb128 0x1
 377 012b 31       		.byte	0x31
 378 012c 00       		.byte	0
 379 012d 0B       		.uleb128 0xb
 380 012e 1E000000 		.4byte	.LVL7
 381 0132 77020000 		.4byte	0x277
 382 0136 40010000 		.4byte	0x140
 383 013a 0A       		.uleb128 0xa
 384 013b 01       		.uleb128 0x1
 385 013c 50       		.byte	0x50
 386 013d 01       		.uleb128 0x1
 387 013e 31       		.byte	0x31
 388 013f 00       		.byte	0
 389 0140 09       		.uleb128 0x9
 390 0141 32000000 		.4byte	.LVL10
 391 0145 4F010000 		.4byte	0x14f
 392 0149 0A       		.uleb128 0xa
 393 014a 01       		.uleb128 0x1
 394 014b 50       		.byte	0x50
 395 014c 01       		.uleb128 0x1
 396 014d 30       		.byte	0x30
 397 014e 00       		.byte	0
 398 014f 0C       		.uleb128 0xc
 399 0150 38000000 		.4byte	.LVL11
 400 0154 77020000 		.4byte	0x277
 401 0158 0A       		.uleb128 0xa
 402 0159 01       		.uleb128 0x1
ARM GAS  C:\Users\info\AppData\Local\Temp\ccfErTJ0.s 			page 9


 403 015a 50       		.byte	0x50
 404 015b 01       		.uleb128 0x1
 405 015c 31       		.byte	0x31
 406 015d 00       		.byte	0
 407 015e 00       		.byte	0
 408 015f 0D       		.uleb128 0xd
 409 0160 16010000 		.4byte	.LASF27
 410 0164 01       		.byte	0x1
 411 0165 27       		.byte	0x27
 412 0166 81000000 		.4byte	0x81
 413 016a 00000000 		.4byte	.LFB64
 414 016e 38000000 		.4byte	.LFE64-.LFB64
 415 0172 01       		.uleb128 0x1
 416 0173 9C       		.byte	0x9c
 417 0174 D0010000 		.4byte	0x1d0
 418 0178 0E       		.uleb128 0xe
 419 0179 02000000 		.4byte	.LBB2
 420 017d 2E000000 		.4byte	.LBE2-.LBB2
 421 0181 07       		.uleb128 0x7
 422 0182 726F7700 		.ascii	"row\000"
 423 0186 01       		.byte	0x1
 424 0187 29       		.byte	0x29
 425 0188 81000000 		.4byte	0x81
 426 018c A7000000 		.4byte	.LLST5
 427 0190 0F       		.uleb128 0xf
 428 0191 00000000 		.4byte	.Ldebug_ranges0+0
 429 0195 07       		.uleb128 0x7
 430 0196 636F6C00 		.ascii	"col\000"
 431 019a 01       		.byte	0x1
 432 019b 2A       		.byte	0x2a
 433 019c 81000000 		.4byte	0x81
 434 01a0 D1000000 		.4byte	.LLST6
 435 01a4 0E       		.uleb128 0xe
 436 01a5 06000000 		.4byte	.LBB4
 437 01a9 14000000 		.4byte	.LBE4-.LBB4
 438 01ad 07       		.uleb128 0x7
 439 01ae 6B657900 		.ascii	"key\000"
 440 01b2 01       		.byte	0x1
 441 01b3 2B       		.byte	0x2b
 442 01b4 81000000 		.4byte	0x81
 443 01b8 05010000 		.4byte	.LLST7
 444 01bc 0C       		.uleb128 0xc
 445 01bd 18000000 		.4byte	.LVL16
 446 01c1 BA000000 		.4byte	0xba
 447 01c5 0A       		.uleb128 0xa
 448 01c6 01       		.uleb128 0x1
 449 01c7 50       		.byte	0x50
 450 01c8 02       		.uleb128 0x2
 451 01c9 76       		.byte	0x76
 452 01ca 00       		.sleb128 0
 453 01cb 00       		.byte	0
 454 01cc 00       		.byte	0
 455 01cd 00       		.byte	0
 456 01ce 00       		.byte	0
 457 01cf 00       		.byte	0
 458 01d0 10       		.uleb128 0x10
 459 01d1 02010000 		.4byte	.LASF19
ARM GAS  C:\Users\info\AppData\Local\Temp\ccfErTJ0.s 			page 10


 460 01d5 04       		.byte	0x4
 461 01d6 1207     		.2byte	0x712
 462 01d8 DC010000 		.4byte	0x1dc
 463 01dc 11       		.uleb128 0x11
 464 01dd 8C000000 		.4byte	0x8c
 465 01e1 12       		.uleb128 0x12
 466 01e2 F1010000 		.4byte	0x1f1
 467 01e6 F1010000 		.4byte	0x1f1
 468 01ea 13       		.uleb128 0x13
 469 01eb B3000000 		.4byte	0xb3
 470 01ef 03       		.byte	0x3
 471 01f0 00       		.byte	0
 472 01f1 14       		.uleb128 0x14
 473 01f2 04       		.byte	0x4
 474 01f3 F7010000 		.4byte	0x1f7
 475 01f7 15       		.uleb128 0x15
 476 01f8 02020000 		.4byte	0x202
 477 01fc 16       		.uleb128 0x16
 478 01fd 81000000 		.4byte	0x81
 479 0201 00       		.byte	0
 480 0202 17       		.uleb128 0x17
 481 0203 1E000000 		.4byte	.LASF20
 482 0207 01       		.byte	0x1
 483 0208 05       		.byte	0x5
 484 0209 E1010000 		.4byte	0x1e1
 485 020d 05       		.uleb128 0x5
 486 020e 03       		.byte	0x3
 487 020f 00000000 		.4byte	col_wr
 488 0213 12       		.uleb128 0x12
 489 0214 23020000 		.4byte	0x223
 490 0218 23020000 		.4byte	0x223
 491 021c 13       		.uleb128 0x13
 492 021d B3000000 		.4byte	0xb3
 493 0221 03       		.byte	0x3
 494 0222 00       		.byte	0
 495 0223 14       		.uleb128 0x14
 496 0224 04       		.byte	0x4
 497 0225 29020000 		.4byte	0x229
 498 0229 18       		.uleb128 0x18
 499 022a 81000000 		.4byte	0x81
 500 022e 34020000 		.4byte	0x234
 501 0232 19       		.uleb128 0x19
 502 0233 00       		.byte	0
 503 0234 17       		.uleb128 0x17
 504 0235 D1000000 		.4byte	.LASF21
 505 0239 01       		.byte	0x1
 506 023a 09       		.byte	0x9
 507 023b 13020000 		.4byte	0x213
 508 023f 05       		.uleb128 0x5
 509 0240 03       		.byte	0x3
 510 0241 00000000 		.4byte	row_rd
 511 0245 12       		.uleb128 0x12
 512 0246 81000000 		.4byte	0x81
 513 024a 55020000 		.4byte	0x255
 514 024e 13       		.uleb128 0x13
 515 024f B3000000 		.4byte	0xb3
 516 0253 0F       		.byte	0xf
ARM GAS  C:\Users\info\AppData\Local\Temp\ccfErTJ0.s 			page 11


 517 0254 00       		.byte	0
 518 0255 1A       		.uleb128 0x1a
 519 0256 70327600 		.ascii	"p2v\000"
 520 025a 01       		.byte	0x1
 521 025b 0C       		.byte	0xc
 522 025c 45020000 		.4byte	0x245
 523 0260 05       		.uleb128 0x5
 524 0261 03       		.byte	0x3
 525 0262 00000000 		.4byte	p2v
 526 0266 1A       		.uleb128 0x1a
 527 0267 76327000 		.ascii	"v2p\000"
 528 026b 01       		.byte	0x1
 529 026c 11       		.byte	0x11
 530 026d 45020000 		.4byte	0x245
 531 0271 05       		.uleb128 0x5
 532 0272 03       		.byte	0x3
 533 0273 00000000 		.4byte	v2p
 534 0277 1B       		.uleb128 0x1b
 535 0278 0C020000 		.4byte	.LASF28
 536 027c 0C020000 		.4byte	.LASF28
 537 0280 05       		.byte	0x5
 538 0281 76       		.byte	0x76
 539 0282 00       		.byte	0
 540              		.section	.debug_abbrev,"",%progbits
 541              	.Ldebug_abbrev0:
 542 0000 01       		.uleb128 0x1
 543 0001 11       		.uleb128 0x11
 544 0002 01       		.byte	0x1
 545 0003 25       		.uleb128 0x25
 546 0004 0E       		.uleb128 0xe
 547 0005 13       		.uleb128 0x13
 548 0006 0B       		.uleb128 0xb
 549 0007 03       		.uleb128 0x3
 550 0008 0E       		.uleb128 0xe
 551 0009 1B       		.uleb128 0x1b
 552 000a 0E       		.uleb128 0xe
 553 000b 55       		.uleb128 0x55
 554 000c 17       		.uleb128 0x17
 555 000d 11       		.uleb128 0x11
 556 000e 01       		.uleb128 0x1
 557 000f 10       		.uleb128 0x10
 558 0010 17       		.uleb128 0x17
 559 0011 00       		.byte	0
 560 0012 00       		.byte	0
 561 0013 02       		.uleb128 0x2
 562 0014 24       		.uleb128 0x24
 563 0015 00       		.byte	0
 564 0016 0B       		.uleb128 0xb
 565 0017 0B       		.uleb128 0xb
 566 0018 3E       		.uleb128 0x3e
 567 0019 0B       		.uleb128 0xb
 568 001a 03       		.uleb128 0x3
 569 001b 0E       		.uleb128 0xe
 570 001c 00       		.byte	0
 571 001d 00       		.byte	0
 572 001e 03       		.uleb128 0x3
 573 001f 16       		.uleb128 0x16
ARM GAS  C:\Users\info\AppData\Local\Temp\ccfErTJ0.s 			page 12


 574 0020 00       		.byte	0
 575 0021 03       		.uleb128 0x3
 576 0022 0E       		.uleb128 0xe
 577 0023 3A       		.uleb128 0x3a
 578 0024 0B       		.uleb128 0xb
 579 0025 3B       		.uleb128 0x3b
 580 0026 0B       		.uleb128 0xb
 581 0027 49       		.uleb128 0x49
 582 0028 13       		.uleb128 0x13
 583 0029 00       		.byte	0
 584 002a 00       		.byte	0
 585 002b 04       		.uleb128 0x4
 586 002c 24       		.uleb128 0x24
 587 002d 00       		.byte	0
 588 002e 0B       		.uleb128 0xb
 589 002f 0B       		.uleb128 0xb
 590 0030 3E       		.uleb128 0x3e
 591 0031 0B       		.uleb128 0xb
 592 0032 03       		.uleb128 0x3
 593 0033 08       		.uleb128 0x8
 594 0034 00       		.byte	0
 595 0035 00       		.byte	0
 596 0036 05       		.uleb128 0x5
 597 0037 2E       		.uleb128 0x2e
 598 0038 01       		.byte	0x1
 599 0039 3F       		.uleb128 0x3f
 600 003a 19       		.uleb128 0x19
 601 003b 03       		.uleb128 0x3
 602 003c 0E       		.uleb128 0xe
 603 003d 3A       		.uleb128 0x3a
 604 003e 0B       		.uleb128 0xb
 605 003f 3B       		.uleb128 0x3b
 606 0040 0B       		.uleb128 0xb
 607 0041 27       		.uleb128 0x27
 608 0042 19       		.uleb128 0x19
 609 0043 49       		.uleb128 0x49
 610 0044 13       		.uleb128 0x13
 611 0045 11       		.uleb128 0x11
 612 0046 01       		.uleb128 0x1
 613 0047 12       		.uleb128 0x12
 614 0048 06       		.uleb128 0x6
 615 0049 40       		.uleb128 0x40
 616 004a 18       		.uleb128 0x18
 617 004b 9642     		.uleb128 0x2116
 618 004d 19       		.uleb128 0x19
 619 004e 01       		.uleb128 0x1
 620 004f 13       		.uleb128 0x13
 621 0050 00       		.byte	0
 622 0051 00       		.byte	0
 623 0052 06       		.uleb128 0x6
 624 0053 05       		.uleb128 0x5
 625 0054 00       		.byte	0
 626 0055 03       		.uleb128 0x3
 627 0056 0E       		.uleb128 0xe
 628 0057 3A       		.uleb128 0x3a
 629 0058 0B       		.uleb128 0xb
 630 0059 3B       		.uleb128 0x3b
ARM GAS  C:\Users\info\AppData\Local\Temp\ccfErTJ0.s 			page 13


 631 005a 0B       		.uleb128 0xb
 632 005b 49       		.uleb128 0x49
 633 005c 13       		.uleb128 0x13
 634 005d 02       		.uleb128 0x2
 635 005e 17       		.uleb128 0x17
 636 005f 00       		.byte	0
 637 0060 00       		.byte	0
 638 0061 07       		.uleb128 0x7
 639 0062 34       		.uleb128 0x34
 640 0063 00       		.byte	0
 641 0064 03       		.uleb128 0x3
 642 0065 08       		.uleb128 0x8
 643 0066 3A       		.uleb128 0x3a
 644 0067 0B       		.uleb128 0xb
 645 0068 3B       		.uleb128 0x3b
 646 0069 0B       		.uleb128 0xb
 647 006a 49       		.uleb128 0x49
 648 006b 13       		.uleb128 0x13
 649 006c 02       		.uleb128 0x2
 650 006d 17       		.uleb128 0x17
 651 006e 00       		.byte	0
 652 006f 00       		.byte	0
 653 0070 08       		.uleb128 0x8
 654 0071 34       		.uleb128 0x34
 655 0072 00       		.byte	0
 656 0073 03       		.uleb128 0x3
 657 0074 0E       		.uleb128 0xe
 658 0075 3A       		.uleb128 0x3a
 659 0076 0B       		.uleb128 0xb
 660 0077 3B       		.uleb128 0x3b
 661 0078 0B       		.uleb128 0xb
 662 0079 49       		.uleb128 0x49
 663 007a 13       		.uleb128 0x13
 664 007b 02       		.uleb128 0x2
 665 007c 17       		.uleb128 0x17
 666 007d 00       		.byte	0
 667 007e 00       		.byte	0
 668 007f 09       		.uleb128 0x9
 669 0080 898201   		.uleb128 0x4109
 670 0083 01       		.byte	0x1
 671 0084 11       		.uleb128 0x11
 672 0085 01       		.uleb128 0x1
 673 0086 01       		.uleb128 0x1
 674 0087 13       		.uleb128 0x13
 675 0088 00       		.byte	0
 676 0089 00       		.byte	0
 677 008a 0A       		.uleb128 0xa
 678 008b 8A8201   		.uleb128 0x410a
 679 008e 00       		.byte	0
 680 008f 02       		.uleb128 0x2
 681 0090 18       		.uleb128 0x18
 682 0091 9142     		.uleb128 0x2111
 683 0093 18       		.uleb128 0x18
 684 0094 00       		.byte	0
 685 0095 00       		.byte	0
 686 0096 0B       		.uleb128 0xb
 687 0097 898201   		.uleb128 0x4109
ARM GAS  C:\Users\info\AppData\Local\Temp\ccfErTJ0.s 			page 14


 688 009a 01       		.byte	0x1
 689 009b 11       		.uleb128 0x11
 690 009c 01       		.uleb128 0x1
 691 009d 31       		.uleb128 0x31
 692 009e 13       		.uleb128 0x13
 693 009f 01       		.uleb128 0x1
 694 00a0 13       		.uleb128 0x13
 695 00a1 00       		.byte	0
 696 00a2 00       		.byte	0
 697 00a3 0C       		.uleb128 0xc
 698 00a4 898201   		.uleb128 0x4109
 699 00a7 01       		.byte	0x1
 700 00a8 11       		.uleb128 0x11
 701 00a9 01       		.uleb128 0x1
 702 00aa 31       		.uleb128 0x31
 703 00ab 13       		.uleb128 0x13
 704 00ac 00       		.byte	0
 705 00ad 00       		.byte	0
 706 00ae 0D       		.uleb128 0xd
 707 00af 2E       		.uleb128 0x2e
 708 00b0 01       		.byte	0x1
 709 00b1 3F       		.uleb128 0x3f
 710 00b2 19       		.uleb128 0x19
 711 00b3 03       		.uleb128 0x3
 712 00b4 0E       		.uleb128 0xe
 713 00b5 3A       		.uleb128 0x3a
 714 00b6 0B       		.uleb128 0xb
 715 00b7 3B       		.uleb128 0x3b
 716 00b8 0B       		.uleb128 0xb
 717 00b9 49       		.uleb128 0x49
 718 00ba 13       		.uleb128 0x13
 719 00bb 11       		.uleb128 0x11
 720 00bc 01       		.uleb128 0x1
 721 00bd 12       		.uleb128 0x12
 722 00be 06       		.uleb128 0x6
 723 00bf 40       		.uleb128 0x40
 724 00c0 18       		.uleb128 0x18
 725 00c1 9742     		.uleb128 0x2117
 726 00c3 19       		.uleb128 0x19
 727 00c4 01       		.uleb128 0x1
 728 00c5 13       		.uleb128 0x13
 729 00c6 00       		.byte	0
 730 00c7 00       		.byte	0
 731 00c8 0E       		.uleb128 0xe
 732 00c9 0B       		.uleb128 0xb
 733 00ca 01       		.byte	0x1
 734 00cb 11       		.uleb128 0x11
 735 00cc 01       		.uleb128 0x1
 736 00cd 12       		.uleb128 0x12
 737 00ce 06       		.uleb128 0x6
 738 00cf 00       		.byte	0
 739 00d0 00       		.byte	0
 740 00d1 0F       		.uleb128 0xf
 741 00d2 0B       		.uleb128 0xb
 742 00d3 01       		.byte	0x1
 743 00d4 55       		.uleb128 0x55
 744 00d5 17       		.uleb128 0x17
ARM GAS  C:\Users\info\AppData\Local\Temp\ccfErTJ0.s 			page 15


 745 00d6 00       		.byte	0
 746 00d7 00       		.byte	0
 747 00d8 10       		.uleb128 0x10
 748 00d9 34       		.uleb128 0x34
 749 00da 00       		.byte	0
 750 00db 03       		.uleb128 0x3
 751 00dc 0E       		.uleb128 0xe
 752 00dd 3A       		.uleb128 0x3a
 753 00de 0B       		.uleb128 0xb
 754 00df 3B       		.uleb128 0x3b
 755 00e0 05       		.uleb128 0x5
 756 00e1 49       		.uleb128 0x49
 757 00e2 13       		.uleb128 0x13
 758 00e3 3F       		.uleb128 0x3f
 759 00e4 19       		.uleb128 0x19
 760 00e5 3C       		.uleb128 0x3c
 761 00e6 19       		.uleb128 0x19
 762 00e7 00       		.byte	0
 763 00e8 00       		.byte	0
 764 00e9 11       		.uleb128 0x11
 765 00ea 35       		.uleb128 0x35
 766 00eb 00       		.byte	0
 767 00ec 49       		.uleb128 0x49
 768 00ed 13       		.uleb128 0x13
 769 00ee 00       		.byte	0
 770 00ef 00       		.byte	0
 771 00f0 12       		.uleb128 0x12
 772 00f1 01       		.uleb128 0x1
 773 00f2 01       		.byte	0x1
 774 00f3 49       		.uleb128 0x49
 775 00f4 13       		.uleb128 0x13
 776 00f5 01       		.uleb128 0x1
 777 00f6 13       		.uleb128 0x13
 778 00f7 00       		.byte	0
 779 00f8 00       		.byte	0
 780 00f9 13       		.uleb128 0x13
 781 00fa 21       		.uleb128 0x21
 782 00fb 00       		.byte	0
 783 00fc 49       		.uleb128 0x49
 784 00fd 13       		.uleb128 0x13
 785 00fe 2F       		.uleb128 0x2f
 786 00ff 0B       		.uleb128 0xb
 787 0100 00       		.byte	0
 788 0101 00       		.byte	0
 789 0102 14       		.uleb128 0x14
 790 0103 0F       		.uleb128 0xf
 791 0104 00       		.byte	0
 792 0105 0B       		.uleb128 0xb
 793 0106 0B       		.uleb128 0xb
 794 0107 49       		.uleb128 0x49
 795 0108 13       		.uleb128 0x13
 796 0109 00       		.byte	0
 797 010a 00       		.byte	0
 798 010b 15       		.uleb128 0x15
 799 010c 15       		.uleb128 0x15
 800 010d 01       		.byte	0x1
 801 010e 27       		.uleb128 0x27
ARM GAS  C:\Users\info\AppData\Local\Temp\ccfErTJ0.s 			page 16


 802 010f 19       		.uleb128 0x19
 803 0110 01       		.uleb128 0x1
 804 0111 13       		.uleb128 0x13
 805 0112 00       		.byte	0
 806 0113 00       		.byte	0
 807 0114 16       		.uleb128 0x16
 808 0115 05       		.uleb128 0x5
 809 0116 00       		.byte	0
 810 0117 49       		.uleb128 0x49
 811 0118 13       		.uleb128 0x13
 812 0119 00       		.byte	0
 813 011a 00       		.byte	0
 814 011b 17       		.uleb128 0x17
 815 011c 34       		.uleb128 0x34
 816 011d 00       		.byte	0
 817 011e 03       		.uleb128 0x3
 818 011f 0E       		.uleb128 0xe
 819 0120 3A       		.uleb128 0x3a
 820 0121 0B       		.uleb128 0xb
 821 0122 3B       		.uleb128 0x3b
 822 0123 0B       		.uleb128 0xb
 823 0124 49       		.uleb128 0x49
 824 0125 13       		.uleb128 0x13
 825 0126 3F       		.uleb128 0x3f
 826 0127 19       		.uleb128 0x19
 827 0128 02       		.uleb128 0x2
 828 0129 18       		.uleb128 0x18
 829 012a 00       		.byte	0
 830 012b 00       		.byte	0
 831 012c 18       		.uleb128 0x18
 832 012d 15       		.uleb128 0x15
 833 012e 01       		.byte	0x1
 834 012f 49       		.uleb128 0x49
 835 0130 13       		.uleb128 0x13
 836 0131 01       		.uleb128 0x1
 837 0132 13       		.uleb128 0x13
 838 0133 00       		.byte	0
 839 0134 00       		.byte	0
 840 0135 19       		.uleb128 0x19
 841 0136 18       		.uleb128 0x18
 842 0137 00       		.byte	0
 843 0138 00       		.byte	0
 844 0139 00       		.byte	0
 845 013a 1A       		.uleb128 0x1a
 846 013b 34       		.uleb128 0x34
 847 013c 00       		.byte	0
 848 013d 03       		.uleb128 0x3
 849 013e 08       		.uleb128 0x8
 850 013f 3A       		.uleb128 0x3a
 851 0140 0B       		.uleb128 0xb
 852 0141 3B       		.uleb128 0x3b
 853 0142 0B       		.uleb128 0xb
 854 0143 49       		.uleb128 0x49
 855 0144 13       		.uleb128 0x13
 856 0145 3F       		.uleb128 0x3f
 857 0146 19       		.uleb128 0x19
 858 0147 02       		.uleb128 0x2
ARM GAS  C:\Users\info\AppData\Local\Temp\ccfErTJ0.s 			page 17


 859 0148 18       		.uleb128 0x18
 860 0149 00       		.byte	0
 861 014a 00       		.byte	0
 862 014b 1B       		.uleb128 0x1b
 863 014c 2E       		.uleb128 0x2e
 864 014d 00       		.byte	0
 865 014e 3F       		.uleb128 0x3f
 866 014f 19       		.uleb128 0x19
 867 0150 3C       		.uleb128 0x3c
 868 0151 19       		.uleb128 0x19
 869 0152 6E       		.uleb128 0x6e
 870 0153 0E       		.uleb128 0xe
 871 0154 03       		.uleb128 0x3
 872 0155 0E       		.uleb128 0xe
 873 0156 3A       		.uleb128 0x3a
 874 0157 0B       		.uleb128 0xb
 875 0158 3B       		.uleb128 0x3b
 876 0159 0B       		.uleb128 0xb
 877 015a 00       		.byte	0
 878 015b 00       		.byte	0
 879 015c 00       		.byte	0
 880              		.section	.debug_loc,"",%progbits
 881              	.Ldebug_loc0:
 882              	.LLST0:
 883 0000 00000000 		.4byte	.LVL0
 884 0004 16000000 		.4byte	.LVL5
 885 0008 0100     		.2byte	0x1
 886 000a 50       		.byte	0x50
 887 000b 16000000 		.4byte	.LVL5
 888 000f 40000000 		.4byte	.LFE63
 889 0013 0400     		.2byte	0x4
 890 0015 F3       		.byte	0xf3
 891 0016 01       		.uleb128 0x1
 892 0017 50       		.byte	0x50
 893 0018 9F       		.byte	0x9f
 894 0019 00000000 		.4byte	0
 895 001d 00000000 		.4byte	0
 896              	.LLST1:
 897 0021 06000000 		.4byte	.LVL1
 898 0025 0E000000 		.4byte	.LVL3
 899 0029 0100     		.2byte	0x1
 900 002b 54       		.byte	0x54
 901 002c 0E000000 		.4byte	.LVL3
 902 0030 16000000 		.4byte	.LVL5
 903 0034 0500     		.2byte	0x5
 904 0036 75       		.byte	0x75
 905 0037 00       		.sleb128 0
 906 0038 70       		.byte	0x70
 907 0039 00       		.sleb128 0
 908 003a 22       		.byte	0x22
 909 003b 00000000 		.4byte	0
 910 003f 00000000 		.4byte	0
 911              	.LLST2:
 912 0043 0A000000 		.4byte	.LVL2
 913 0047 3C000000 		.4byte	.LVL12
 914 004b 0100     		.2byte	0x1
 915 004d 56       		.byte	0x56
ARM GAS  C:\Users\info\AppData\Local\Temp\ccfErTJ0.s 			page 18


 916 004e 00000000 		.4byte	0
 917 0052 00000000 		.4byte	0
 918              	.LLST3:
 919 0056 0E000000 		.4byte	.LVL3
 920 005a 12000000 		.4byte	.LVL4
 921 005e 0100     		.2byte	0x1
 922 0060 54       		.byte	0x54
 923 0061 12000000 		.4byte	.LVL4
 924 0065 16000000 		.4byte	.LVL5
 925 0069 0A00     		.2byte	0xa
 926 006b 75       		.byte	0x75
 927 006c 00       		.sleb128 0
 928 006d 70       		.byte	0x70
 929 006e 00       		.sleb128 0
 930 006f 22       		.byte	0x22
 931 0070 94       		.byte	0x94
 932 0071 01       		.byte	0x1
 933 0072 33       		.byte	0x33
 934 0073 1A       		.byte	0x1a
 935 0074 9F       		.byte	0x9f
 936 0075 00000000 		.4byte	0
 937 0079 00000000 		.4byte	0
 938              	.LLST4:
 939 007d 0E000000 		.4byte	.LVL3
 940 0081 2C000000 		.4byte	.LVL9
 941 0085 0200     		.2byte	0x2
 942 0087 30       		.byte	0x30
 943 0088 9F       		.byte	0x9f
 944 0089 2C000000 		.4byte	.LVL9
 945 008d 3C000000 		.4byte	.LVL12
 946 0091 0100     		.2byte	0x1
 947 0093 55       		.byte	0x55
 948 0094 3C000000 		.4byte	.LVL12
 949 0098 40000000 		.4byte	.LFE63
 950 009c 0100     		.2byte	0x1
 951 009e 50       		.byte	0x50
 952 009f 00000000 		.4byte	0
 953 00a3 00000000 		.4byte	0
 954              	.LLST5:
 955 00a7 02000000 		.4byte	.LVL13
 956 00ab 06000000 		.4byte	.LVL14
 957 00af 0200     		.2byte	0x2
 958 00b1 30       		.byte	0x30
 959 00b2 9F       		.byte	0x9f
 960 00b3 06000000 		.4byte	.LVL14
 961 00b7 28000000 		.4byte	.LVL21
 962 00bb 0100     		.2byte	0x1
 963 00bd 55       		.byte	0x55
 964 00be 2A000000 		.4byte	.LVL22
 965 00c2 34000000 		.4byte	.LVL24
 966 00c6 0100     		.2byte	0x1
 967 00c8 55       		.byte	0x55
 968 00c9 00000000 		.4byte	0
 969 00cd 00000000 		.4byte	0
 970              	.LLST6:
 971 00d1 06000000 		.4byte	.LVL14
 972 00d5 1C000000 		.4byte	.LVL17
ARM GAS  C:\Users\info\AppData\Local\Temp\ccfErTJ0.s 			page 19


 973 00d9 0100     		.2byte	0x1
 974 00db 54       		.byte	0x54
 975 00dc 1E000000 		.4byte	.LVL18
 976 00e0 20000000 		.4byte	.LVL19
 977 00e4 0100     		.2byte	0x1
 978 00e6 54       		.byte	0x54
 979 00e7 22000000 		.4byte	.LVL20
 980 00eb 2A000000 		.4byte	.LVL22
 981 00ef 0100     		.2byte	0x1
 982 00f1 54       		.byte	0x54
 983 00f2 30000000 		.4byte	.LVL23
 984 00f6 34000000 		.4byte	.LVL24
 985 00fa 0100     		.2byte	0x1
 986 00fc 54       		.byte	0x54
 987 00fd 00000000 		.4byte	0
 988 0101 00000000 		.4byte	0
 989              	.LLST7:
 990 0105 12000000 		.4byte	.LVL15
 991 0109 20000000 		.4byte	.LVL19
 992 010d 0100     		.2byte	0x1
 993 010f 56       		.byte	0x56
 994 0110 30000000 		.4byte	.LVL23
 995 0114 34000000 		.4byte	.LVL24
 996 0118 0100     		.2byte	0x1
 997 011a 56       		.byte	0x56
 998 011b 34000000 		.4byte	.LVL24
 999 011f 38000000 		.4byte	.LFE64
 1000 0123 0100     		.2byte	0x1
 1001 0125 50       		.byte	0x50
 1002 0126 00000000 		.4byte	0
 1003 012a 00000000 		.4byte	0
 1004              		.section	.debug_aranges,"",%progbits
 1005 0000 24000000 		.4byte	0x24
 1006 0004 0200     		.2byte	0x2
 1007 0006 00000000 		.4byte	.Ldebug_info0
 1008 000a 04       		.byte	0x4
 1009 000b 00       		.byte	0
 1010 000c 0000     		.2byte	0
 1011 000e 0000     		.2byte	0
 1012 0010 00000000 		.4byte	.LFB63
 1013 0014 40000000 		.4byte	.LFE63-.LFB63
 1014 0018 00000000 		.4byte	.LFB64
 1015 001c 38000000 		.4byte	.LFE64-.LFB64
 1016 0020 00000000 		.4byte	0
 1017 0024 00000000 		.4byte	0
 1018              		.section	.debug_ranges,"",%progbits
 1019              	.Ldebug_ranges0:
 1020 0000 06000000 		.4byte	.LBB3
 1021 0004 20000000 		.4byte	.LBE3
 1022 0008 22000000 		.4byte	.LBB5
 1023 000c 26000000 		.4byte	.LBE5
 1024 0010 00000000 		.4byte	0
 1025 0014 00000000 		.4byte	0
 1026 0018 00000000 		.4byte	.LFB63
 1027 001c 40000000 		.4byte	.LFE63
 1028 0020 00000000 		.4byte	.LFB64
 1029 0024 38000000 		.4byte	.LFE64
ARM GAS  C:\Users\info\AppData\Local\Temp\ccfErTJ0.s 			page 20


 1030 0028 00000000 		.4byte	0
 1031 002c 00000000 		.4byte	0
 1032              		.section	.debug_line,"",%progbits
 1033              	.Ldebug_line0:
 1034 0000 96010000 		.section	.debug_str,"MS",%progbits,1
 1034      02004B01 
 1034      00000201 
 1034      FB0E0D00 
 1034      01010101 
 1035              	.LASF25:
 1036 0000 6B65795F 		.ascii	"key_pressed\000"
 1036      70726573 
 1036      73656400 
 1037              	.LASF18:
 1038 000c 70726573 		.ascii	"pressed\000"
 1038      73656400 
 1039              	.LASF4:
 1040 0014 5F5F7569 		.ascii	"__uint8_t\000"
 1040      6E74385F 
 1040      7400
 1041              	.LASF20:
 1042 001e 636F6C5F 		.ascii	"col_wr\000"
 1042      777200
 1043              	.LASF5:
 1044 0025 5F5F696E 		.ascii	"__int32_t\000"
 1044      7433325F 
 1044      7400
 1045              	.LASF13:
 1046 002f 666C6F61 		.ascii	"float\000"
 1046      7400
 1047              	.LASF1:
 1048 0035 756E7369 		.ascii	"unsigned char\000"
 1048      676E6564 
 1048      20636861 
 1048      7200
 1049              	.LASF22:
 1050 0043 474E5520 		.ascii	"GNU C11 5.4.1 20160609 (release) [ARM/embedded-5-br"
 1050      43313120 
 1050      352E342E 
 1050      31203230 
 1050      31363036 
 1051 0076 616E6368 		.ascii	"anch revision 237715] -mcpu=cortex-m3 -mthumb -g -O"
 1051      20726576 
 1051      6973696F 
 1051      6E203233 
 1051      37373135 
 1052 00a9 67202D66 		.ascii	"g -ffunction-sections -ffat-lto-objects\000"
 1052      66756E63 
 1052      74696F6E 
 1052      2D736563 
 1052      74696F6E 
 1053              	.LASF21:
 1054 00d1 726F775F 		.ascii	"row_rd\000"
 1054      726400
 1055              	.LASF7:
 1056 00d8 6C6F6E67 		.ascii	"long unsigned int\000"
 1056      20756E73 
ARM GAS  C:\Users\info\AppData\Local\Temp\ccfErTJ0.s 			page 21


 1056      69676E65 
 1056      6420696E 
 1056      7400
 1057              	.LASF3:
 1058 00ea 73686F72 		.ascii	"short unsigned int\000"
 1058      7420756E 
 1058      7369676E 
 1058      65642069 
 1058      6E7400
 1059              	.LASF26:
 1060 00fd 766B6579 		.ascii	"vkey\000"
 1060      00
 1061              	.LASF19:
 1062 0102 49544D5F 		.ascii	"ITM_RxBuffer\000"
 1062      52784275 
 1062      66666572 
 1062      00
 1063              	.LASF14:
 1064 010f 646F7562 		.ascii	"double\000"
 1064      6C6500
 1065              	.LASF27:
 1066 0116 77616974 		.ascii	"wait_key\000"
 1066      5F6B6579 
 1066      00
 1067              	.LASF10:
 1068 011f 756E7369 		.ascii	"unsigned int\000"
 1068      676E6564 
 1068      20696E74 
 1068      00
 1069              	.LASF24:
 1070 012c 433A5C55 		.ascii	"C:\\Users\\info\\Desktop\\Spring 2019 Classes\\6.11"
 1070      73657273 
 1070      5C696E66 
 1070      6F5C4465 
 1070      736B746F 
 1071 015a 355C362E 		.ascii	"5\\6.115-final\\PSoCCreator\\Final Project\\FinalEm"
 1071      3131352D 
 1071      66696E61 
 1071      6C5C5053 
 1071      6F434372 
 1072 0189 756C6174 		.ascii	"ulator.cydsn\000"
 1072      6F722E63 
 1072      7964736E 
 1072      00
 1073              	.LASF9:
 1074 0196 6C6F6E67 		.ascii	"long long unsigned int\000"
 1074      206C6F6E 
 1074      6720756E 
 1074      7369676E 
 1074      65642069 
 1075              	.LASF11:
 1076 01ad 75696E74 		.ascii	"uint8_t\000"
 1076      385F7400 
 1077              	.LASF23:
 1078 01b5 6B657962 		.ascii	"keybd.c\000"
 1078      642E6300 
 1079              	.LASF12:
ARM GAS  C:\Users\info\AppData\Local\Temp\ccfErTJ0.s 			page 22


 1080 01bd 696E7433 		.ascii	"int32_t\000"
 1080      325F7400 
 1081              	.LASF17:
 1082 01c5 73697A65 		.ascii	"sizetype\000"
 1082      74797065 
 1082      00
 1083              	.LASF8:
 1084 01ce 6C6F6E67 		.ascii	"long long int\000"
 1084      206C6F6E 
 1084      6720696E 
 1084      7400
 1085              	.LASF15:
 1086 01dc 63686172 		.ascii	"char\000"
 1086      00
 1087              	.LASF2:
 1088 01e1 73686F72 		.ascii	"short int\000"
 1088      7420696E 
 1088      7400
 1089              	.LASF6:
 1090 01eb 6C6F6E67 		.ascii	"long int\000"
 1090      20696E74 
 1090      00
 1091              	.LASF16:
 1092 01f4 6C6F6E67 		.ascii	"long double\000"
 1092      20646F75 
 1092      626C6500 
 1093              	.LASF0:
 1094 0200 7369676E 		.ascii	"signed char\000"
 1094      65642063 
 1094      68617200 
 1095              	.LASF28:
 1096 020c 43794465 		.ascii	"CyDelay\000"
 1096      6C617900 
 1097              		.ident	"GCC: (GNU Tools for ARM Embedded Processors) 5.4.1 20160609 (release) [ARM/embedded-5-bran
