ARM GAS  C:\Users\info\AppData\Local\Temp\ccr6qG9e.s 			page 1


   1              		.syntax unified
   2              		.cpu cortex-m3
   3              		.fpu softvfp
   4              		.eabi_attribute 20, 1
   5              		.eabi_attribute 21, 1
   6              		.eabi_attribute 23, 3
   7              		.eabi_attribute 24, 1
   8              		.eabi_attribute 25, 1
   9              		.eabi_attribute 26, 1
  10              		.eabi_attribute 30, 1
  11              		.eabi_attribute 34, 1
  12              		.eabi_attribute 18, 4
  13              		.thumb
  14              		.syntax unified
  15              		.file	"pin_snd.c"
  16              		.text
  17              	.Ltext0:
  18              		.section	.gnu.lto_.profile.792a7c08,"",%progbits
  19 0000 789C6361 		.ascii	"x\234ca`d`a`\000\222bB\000\000\250\0003"
  19      60646061 
  19      60009262 
  19      420000A8 
  19      0033
  20              		.text
  21              		.section	.gnu.lto_.inline.792a7c08,"",%progbits
  22 0000 789C6361 		.ascii	"x\234ca`d\000\001?\006\004`a`\340`gd`\342\232\340\307"
  22      60640001 
  22      3F060460 
  22      6160E060 
  22      676460E2 
  23 0017 C0B6409E 		.ascii	"\300\266@\236\011$\306\210)\304\304\300\312\002\024"
  23      0924C688 
  23      29C4C4C0 
  23      CA0214
  24 0026 6259200F 		.ascii	"bY \017\027b\306\024b\000\000(2\007\014"
  24      1762C614 
  24      62000028 
  24      32070C
  25              		.text
  26              		.section	.gnu.lto_.jmpfuncs.792a7c08,"",%progbits
  27 0000 789C6361 		.ascii	"x\234ca`d\000\001>\006\004`\001b\240(\023\003\0033\220"
  27      60640001 
  27      3E060460 
  27      0162A028 
  27      13030333 
  28 0015 05000292 		.ascii	"\005\000\002\222\000\036"
  28      001E
  29              		.text
  30              		.section	.gnu.lto_.pureconst.792a7c08,"",%progbits
  31 0000 789C6361 		.ascii	"x\234ca`d\340d```a\220b\224b\222b\226\002\000\002\261"
  31      6064E064 
  31      60606061 
  31      90629462 
  31      92629602 
  32 0017 0081     		.ascii	"\000\201"
  33              		.text
  34              		.section	.gnu.lto_pin_snd_Write.792a7c08,"",%progbits
ARM GAS  C:\Users\info\AppData\Local\Temp\ccr6qG9e.s 			page 2


  35 0000 789C5550 		.ascii	"x\234UPMK\033Q\024\275\347\275L\014Z\375\003\315B\241"
  35      4D4B1B51 
  35      14BDE7BD 
  35      4C0C5AFD 
  35      03CD42A1 
  36 0014 2276510A 		.ascii	"\"vQ\012\332?`\027\335\226\272\015H\210\263\010\264"
  36      DA3F6017 
  36      DD96BA0D 
  36      4888B308 
  36      B4
  37 0025 B198D8AD 		.ascii	"\261\230\330\255o\022c\240n\\\330\330\215\037(\342G"
  37      6F1263A0 
  37      6E5CD8D8 
  37      8D1F28E2 
  37      47
  38 0036 5B6D0A2E 		.ascii	"[m\012.\004\301a\240\253\226v#]\330RJ\026#t\225\202"
  38      04C161A0 
  38      AB967623 
  38      5DD8524A 
  38      16237495 
  39 004b 43A51FC6 		.ascii	"C\245\037\306{\347m\364\302\373\272\357\234s\317\275"
  39      7BE76DF4 
  39      C2FBBAEF 
  39      9C73CFBD 
  40 005b 0902C5A1 		.ascii	"\011\002\305\241\210\206\371\270\311\013\232\240\346"
  40      8886F9B8 
  40      C90B9AA0 
  40      E6
  41 0068 3F117929 		.ascii	"?\021y)\005\310\305\244@\323\012\323\210\324\177\205"
  41      05C8C5A4 
  41      40D30AD3 
  41      88D47F85 
  42 0078 A0161EA8 		.ascii	"\240\026\036\250\301M\303\361ccY\233-\037UM\324VV\011"
  42      C14DC3F1 
  42      6363599B 
  42      2D1F554D 
  42      D4565609 
  43 008c 9B1864D4 		.ascii	"\233\030d\324\351a\355\030\372\026\210\357\263A\324"
  43      E961ED18 
  43      FA1688EF 
  43      B341D4
  44 009b EA1AD830 		.ascii	"\352\032\3300\246lL\2241\272\252\201-hf`(\215\273i\342"
  44      A66C4C94 
  44      31BAAA81 
  44      2D686660 
  44      288DBB69 
  45 00b0 04611B03 		.ascii	"\004a\033\003\002>?9\336\355\321\267c\342\274\011\327"
  45      023E3F39 
  45      DEEDD1B7 
  45      63E2BC09 
  45      D7
  46 00c1 6EF4AF0B 		.ascii	"n\364\257\013\321\377\375d\321\370^\257pw\256r%\030"
  46      D1FFFD64 
  46      D1F85EAF 
  46      7077AE72 
  46      2518
  47 00d3 DA6C5CBC 		.ascii	"\332l\\\274\350N\316\210\253^\274B\277\365\203\327H"
ARM GAS  C:\Users\info\AppData\Local\Temp\ccr6qG9e.s 			page 3


  47      E84ECE88 
  47      AB5EBC42 
  47      BFF583D7 
  47      48
  48 00e4 728790CC 		.ascii	"r\207\220\314\336#\337\264\333\025\343GN\244S\212\213"
  48      DE23DFB4 
  48      DB15E347 
  48      4EA4538A 
  48      8B
  49 00f5 2AEE943F 		.ascii	"*\356\224?\022\220\332\216$\222\262\021\265xI\343\277"
  49      1290DA8E 
  49      2492B211 
  49      B57849E3 
  49      BF
  50 0106 94925387 		.ascii	"\224\222S\207\010\376<\377\276\330!r\025-C\250W\203"
  50      08FE3CFF 
  50      BED82172 
  50      152D43A8 
  50      5783
  51 0118 CF1D67AA 		.ascii	"\317\035g\252\252ul\364\375Q\363\245\262\317\3255\317"
  51      AA756CF4 
  51      FD51F3A5 
  51      B2CFD535 
  51      CF
  52 0129 2438F5E1 		.ascii	"$8\365\341d\271\334\263\202%o\206\307\223\300.\322x"
  52      64B9DCB3 
  52      82256F86 
  52      C793C02E 
  52      D278
  53 013b 03B68B3D 		.ascii	"\003\266\213=\254\200BT\376\315~\203\025\324V\363\353"
  53      AC804254 
  53      FECD7E83 
  53      15D456F3 
  53      EB
  54 014c DC97856E 		.ascii	"\334\227\205n\021\001.\200\267\014nB\305\035\260IFY"
  54      11012E80 
  54      B70C6E42 
  54      C51DB049 
  54      4659
  55 015e 5258732C 		.ascii	"RXs,\313\251h\251\263_\373\330\350\024\026\267\201\006"
  55      CBA968A9 
  55      B35FFBD8 
  55      E81416B7 
  55      8106
  56 0170 9318759E 		.ascii	"\223\030u\236\264\020\253\355p*\250\307\265\256\371"
  56      B410ABED 
  56      702AA8C7 
  56      B5AEF9
  57 017f F28CE9BA 		.ascii	"\362\214\351\272n\355\035[c\026\375D\331\377\033\227"
  57      6EED1D5B 
  57      6316FD44 
  57      D9FF1B97 
  58 018f 89C7DB52 		.ascii	"\211\307\333R\2201\360P\372\036\270\005w2[r\307\307"
  58      9031F050 
  58      FA1EB805 
  58      77325B72 
  58      C7C7
ARM GAS  C:\Users\info\AppData\Local\Temp\ccr6qG9e.s 			page 4


  59 01a1 4627A626 		.ascii	"F'\246&sn\346\341\350\304\375{\231\247\371\302X\261"
  59      736EE6E1 
  59      E8C4FD7B 
  59      99A7F9C2 
  59      58B1
  60 01b3 307E2747 		.ascii	"0~'G\316\263\354\343)\267\263X\312\226\362\271\221|"
  60      CEB3ECE3 
  60      29B7B358 
  60      CA96F2B9 
  60      917C
  61 01c5 A97809FC 		.ascii	"\251x\011\374\244\266\000"
  61      A4B600
  62              		.text
  63              		.section	.gnu.lto_pin_snd_SetDriveMode.792a7c08,"",%progbits
  64 0000 789C7D51 		.ascii	"x\234}QMK\033Q\024\275\347\275\311LB\252\177\240Y\264"
  64      4D4B1B51 
  64      14BDE7BD 
  64      C94C42AA 
  64      7FA059B4 
  65 0014 50503712 		.ascii	"PP7\022\020\177\201\240\333R\267\026)\311,\\\230h\264"
  65      107F81A0 
  65      DB52B716 
  65      29C92C5C 
  65      9868B4
  66 0027 6B5F1283 		.ascii	"k_\022\203\240`\005i6\245\330\215\230&i\254t\325\335"
  66      A0600569 
  66      36A5D88D 
  66      982669AC 
  66      74D5DD
  67 003a 38A04B5B 		.ascii	"8\240K[\020\\\270\020q\021\212\240\304\266\242\370\025"
  67      105CB810 
  67      71118AA0 
  67      C4B6A2F8 
  67      15
  68 004b EF9DE922 		.ascii	"\357\235\351\"\253>\346\335\217\3039\207{\337X\004\222"
  68      AB3EE6DD 
  68      8FC33987 
  68      7BDF5804 
  68      92
  69 005c F38B532F 		.ascii	"\363\213S/\347\247|\241\011je\217(\037U\200\024&\012"
  69      E7A77CA1 
  69      096A658F 
  69      281F5580 
  69      14260A
  70 006f 9A5398C3 		.ascii	"\232S\230\303\245\272W\360\027\232\337U\337\206\341"
  70      A5BA57F0 
  70      179ADF55 
  70      DF86E1
  71 007e 73BC739E 		.ascii	"s\274s\2364\025\017%M\324V\201\023a\003}\314\372\363"
  71      34150F25 
  71      4DD45681 
  71      1361037D 
  71      CCFAF3
  72 0091 6D7D35AE 		.ascii	"m}5\256_\200\270\276\330k\035u\367\254\033S0f\365\265"
  72      5F80B8BE 
  72      D86B1D75 
  72      F7AC1B53 
ARM GAS  C:\Users\info\AppData\Local\Temp\ccr6qG9e.s 			page 5


  72      3066F5B5 
  73 00a5 D1250D54 		.ascii	"\321%\015T\240Y\201\201\004\222\011b\200\360\031=B>"
  73      A0598181 
  73      04920962 
  73      80F0193D 
  73      423E
  74 00b7 D97A78DF 		.ascii	"\331zx\337e\317\213\375\263\320\024U\3302\346\346+\317"
  74      65CF8BFD 
  74      B3D01455 
  74      D832E6E6 
  74      2BCF
  75 00c9 B4DB45E3 		.ascii	"\264\333E\343]\331\3337v\\\261Li\016\332\222\020\201"
  75      5DD9DB37 
  75      765CB14C 
  75      690EDA92 
  75      1081
  76 00db 38D8523A 		.ascii	"8\330R:\022\242\022b\302!j\361\225E.\224\222\254\233"
  76      12A21262 
  76      C2216AF1 
  76      95452E94 
  76      92AC9B
  77 00ee F06F169B 		.ascii	"\360o\026\233\037,q.jY\252\\\362\1778\177UI[\301\304"
  77      1F2C712E 
  77      6A59AA5C 
  77      F27F387F 
  77      55495BC1 
  78 0103 3F97DFB5 		.ascii	"?\227\337\265\343a\273\362)o,\206\252\345\375\306\223"
  78      E361BBF2 
  78      296F2C86 
  78      AAE5FDC6 
  78      93
  79 0114 357CCCCF 		.ascii	"5|\314\317\363\272\021\324\221@\015\011\236\356\013"
  79      F3BA11D4 
  79      91400D09 
  79      9EEE0B
  80 0123 D6404D14 		.ascii	"\326@M\024~;\241\235fG\356\213wv\330[\014\261\376pw"
  80      7E3BA19D 
  80      6647EE8B 
  80      7776D85B 
  80      0CB1FE70 
  81 0138 E93E2696 		.ascii	"\351>&\226\032\323h\260\262C\302_\244S\3420\304\222"
  81      1AD368B0 
  81      B243C25F 
  81      A453E230 
  81      C492
  82 014a B3835A5D 		.ascii	"\263\203Z]\207\222nl\006\222\342\365?J40v:]b\214r\357"
  82      87926E6C 
  82      0692E2F5 
  82      3F4A3430 
  82      763A5D62 
  83 0161 9721FDFF 		.ascii	"\227!\375\377F\376\312#3\237NQ\360n\207\205\035\374"
  83      46FECA23 
  83      339F4E51 
  83      F06E8785 
  83      1DFC
  84 0173 BA96823C 		.ascii	"\272\226\202<\017?\326\363\0217\343\346\336\314\272"
  84      0F3FD6F3 
ARM GAS  C:\Users\info\AppData\Local\Temp\ccr6qG9e.s 			page 6


  84      1137E3E6 
  84      DECCBA
  85 0182 E9F1D1EC 		.ascii	"\351\361\321\354\333\\\312\035{9\232\035\032\034\233"
  85      DB5CCA1D 
  85      7B399A1D 
  85      1A1C9B
  86 0191 9AC88CCF 		.ascii	"\232\310\214\317d\322\375)\262&\263i\367\021\201\262"
  86      64D2FD29 
  86      B226B369 
  86      F71181B2 
  87 01a1 A5EC     		.ascii	"\245\354"
  88              		.text
  89              		.section	.gnu.lto_pin_snd_Read.792a7c08,"",%progbits
  90 0000 789C6361 		.ascii	"x\234ca`d\000\001f \245\014\244\245\201\230\221\231"
  90      60640001 
  90      6620A50C 
  90      A4A58198 
  90      9199
  91 0012 819169C2 		.ascii	"\201\221i\3029\006\206F\016&FF\020\243\201\203\221\241"
  91      39068646 
  91      0E264646 
  91      10A38183 
  91      91A1
  92 0024 9E89B19E 		.ascii	"\236\211\261\236\361+\323_&\306\323\337O\364pi.ohhj"
  92      F12BD35F 
  92      26C6D3DF 
  92      4FF47069 
  92      2E6F6868 
  93 0039 78B0F497 		.ascii	"x\260\364\227\305\364\025\007\030[\231\031\030\3763"
  93      C5F41507 
  93      185B9919 
  93      18FE33
  94 0048 31301ACB 		.ascii	"10\032\3130\032\310\200\214X\316\250\311\000T\372h\343"
  94      301AC880 
  94      8C58CEA8 
  94      C90054FA 
  94      68E3
  95 005a BFA9BC6C 		.ascii	"\277\251\274l-\015@\240\000R\000\224Y\301\310\006\262"
  95      2D0D40A0 
  95      00520094 
  95      59C1C806 
  95      B2
  96 006b 727DD081 		.ascii	"r}\320\201\206\377\377\233\033\016\\e?x\203\235\205"
  96      86FFFF9B 
  96      1B0E5C65 
  96      3F78839D 
  96      85
  97 007c 89A19519 		.ascii	"\211\241\225\031h/\310\034\206\017@u [?21\201h\346g"
  97      682FC81C 
  97      860F4075 
  97      205B3F32 
  97      318168E6 
  98 0091 8C877E75 		.ascii	"\214\207~u\335\233g\005\322\332\314\014r\301\264\326"
  98      DD9B6705 
  98      D2DACC0C 
  98      72C1B4D6 
  99 00a1 43E7D9BF 		.ascii	"C\347\331\2770\265231\202li_<\353\002#\204\273pQc\003"
ARM GAS  C:\Users\info\AppData\Local\Temp\ccr6qG9e.s 			page 7


  99      30B53233 
  99      31826C69 
  99      5F3CEB02 
  99      2384BB70 
 100 00b8 0B506856 		.ascii	"\013PhV[\303m\266\371\214s\033[\200ncf\\\305(\303\270"
 100      5BC36DB6 
 100      F98C731B 
 100      5B806E63 
 100      665CC528 
 101 00ce 9211E832 		.ascii	"\222\021\3502\306\325\214\363\031\031\23616\377i{\302"
 101      C6D58CF3 
 101      19199E31 
 101      36FF697B 
 101      C2
 102 00df 08319019 		.ascii	"\0101\220\031b\346\326\3663\033\271@\2060022\256\001"
 102      62E6D6F6 
 102      331BB940 
 102      86303032 
 102      32AE01
 103 00f2 AA7DC5C8 		.ascii	"\252}\305\310\004U\300\000v\024#\3101@\247)\272\247"
 103      0455C000 
 103      761423C8 
 103      3140A729 
 103      BAA7
 104 0104 E6A51625 		.ascii	"\346\245\026%\226\244\246\304\007\347\227\026%\247\306"
 104      96A4A6C4 
 104      07E79716 
 104      25A7C6
 105 0113 0404E73B 		.ascii	"\004\004\347;\233\306\024d\346\305\027\347\245\350%"
 105      9BC61464 
 105      E6C517E7 
 105      A5E825
 106 0122 33000052 		.ascii	"3\000\000R\236c\266"
 106      9E63B6
 107              		.text
 108              		.section	.gnu.lto_pin_snd_ReadDataReg.792a7c08,"",%progbits
 109 0000 789C6361 		.ascii	"x\234ca`d\000\001f \245\014\244\245\201\230\221\231"
 109      60640001 
 109      6620A50C 
 109      A4A58198 
 109      9199
 110 0012 819169C2 		.ascii	"\201\221i\3029\006\206F\016&FF\020\243\201\203\221\241"
 110      39068646 
 110      0E264646 
 110      10A38183 
 110      91A1
 111 0024 9E89B19E 		.ascii	"\236\211\261\236\361+\323_&\306\323\337O\364pi.ohhj"
 111      F12BD35F 
 111      26C6D3DF 
 111      4FF47069 
 111      2E6F6868 
 112 0039 78B074B9 		.ascii	"x\260t\271\345\364\025\007\030[\231\031\030\376310\032"
 112      E5F41507 
 112      185B9919 
 112      18FE3331 
 112      301A
 113 004b CB301AC8 		.ascii	"\3130\032\310\200\214X\316\250\311\000T\372h\343\277"
ARM GAS  C:\Users\info\AppData\Local\Temp\ccr6qG9e.s 			page 8


 113      808C58CE 
 113      A8C90054 
 113      FA68E3BF 
 114 005b A9BC6C2D 		.ascii	"\251\274l-\015@\240\000R\000\224Y\301\310\006\262r}"
 114      0D40A000 
 114      52009459 
 114      C1C806B2 
 114      727D
 115 006d D08186FF 		.ascii	"\320\201\206\377\377\233\033\016\354\345:x\201\213\205"
 115      FF9B1B0E 
 115      ECE53A78 
 115      818B85
 116 007c 89A19519 		.ascii	"\211\241\225\031h/\310\034\206\017@u [?21\201h\346g"
 116      682FC81C 
 116      860F4075 
 116      205B3F32 
 116      318168E6 
 117 0091 8C877E75 		.ascii	"\214\207~u\375[i\005\322\332\314\014r\301\264\326C\347"
 117      FD5B6905 
 117      D2DACC0C 
 117      72C1B4D6 
 117      43E7
 118 00a3 D9BF30B5 		.ascii	"\331\2770\265231\202l9\272\377\321\014&\010w\301\242"
 118      32333182 
 118      6C39BAFF 
 118      D10C2608 
 118      77C1A2
 119 00b6 C6061690 		.ascii	"\306\006\026\220\033o\315k\342\233\3178\267\261\005"
 119      1B6FCD6B 
 119      E29BCF38 
 119      B7B105
 120 00c5 E83666C6 		.ascii	"\3506f\306U\2142\214+\031\201.c\\\3158\237\221\341\031"
 120      558C328C 
 120      2B19812E 
 120      635CCD38 
 120      9F91E119 
 121 00d9 63F39FB6 		.ascii	"c\363\237\266'\214\020\003\231!fnm?\263\221\013d\010"
 121      278C1003 
 121      9921666E 
 121      6D3FB391 
 121      0B6408
 122 00ec 032323E3 		.ascii	"\003##\343\032\240\332W\214LP\005\014`G1\202\034\003"
 122      1AA0DA57 
 122      8C4C5005 
 122      0C604731 
 122      821C03
 123 00ff 749AA27B 		.ascii	"t\232\242{j^jQbIjJ|p~iQrjL@p\276\263iLAf^|q^\212^2\003"
 123      6A5E6A51 
 123      62496A4A 
 123      7C707E69 
 123      51726A4C 
 124 0123 0065B164 		.ascii	"\000e\261d1"
 124      31
 125              		.text
 126              		.section	.gnu.lto_.symbol_nodes.792a7c08,"",%progbits
 127 0000 789C6361 		.ascii	"x\234ca`dpc\000\002&\206z\006\206\011\347\030@\324\252"
 127      60647063 
ARM GAS  C:\Users\info\AppData\Local\Temp\ccr6qG9e.s 			page 9


 127      00022686 
 127      7A068609 
 127      E71840D4 
 128 0015 0645A000 		.ascii	"\006E\240\000c=#\252\000S=\023\252\000s=3\212\000\003"
 128      633D23AA 
 128      00533D13 
 128      AA00733D 
 128      338A0003 
 129 0029 001ED60E 		.ascii	"\000\036\326\016\374"
 129      FC
 130              		.text
 131              		.section	.gnu.lto_.refs.792a7c08,"",%progbits
 132 0000 789C6361 		.ascii	"x\234ca`\004B \000\000\0009\000\007"
 132      60044220 
 132      00000039 
 132      0007
 133              		.text
 134              		.section	.gnu.lto_.decls.792a7c08,"",%progbits
 135 0000 789C8D92 		.ascii	"x\234\215\222MHTQ\024\200\357y\357\315(/-1\011\203Y"
 135      4D485451 
 135      1480EF79 
 135      EFCD282F 
 135      2D310983 
 136 0015 4CAE6635 		.ascii	"L\256f5$\021\270\220\012\224lS\204\226m\004\321\231"
 136      2411B890 
 136      0A946C53 
 136      84966D04 
 136      D199
 137 0027 87CD6694 		.ascii	"\207\315f\224q\214\334\335\034\015\373Y(\245\241\030"
 137      718CDCDD 
 137      1C0DFB59 
 137      28A5A118 
 138 0037 6A0BD334 		.ascii	"j\013\3234g\374m\034\263\231\314T\"A1\002\261H\262\026"
 138      67FC6D1C 
 138      B399CC54 
 138      22413102 
 138      B148B216 
 139 004b 9A84918B 		.ascii	"\232\204\221\213\014t:\367\316\033\337\323F\352\300"
 139      0C743AF7 
 139      CE1BDFD3 
 139      46EAC0
 140 005a 7DF79C7B 		.ascii	"}\367\234{\316\371\316\271\347>\211\000a\222)\021\362"
 140      CEF9CEB9 
 140      E73E8900 
 140      61922911 
 140      F2
 141 006b 10F72434 		.ascii	"\020\367$4\303(\006\324\363\211&\350&\003\270\206p\371"
 141      C32806D4 
 141      F38926E8 
 141      2603B886 
 141      70F9
 142 007d 7105C8DF 		.ascii	"q\005\310\337\302\374\321\274^\\&\\A\\c\252\037\324"
 142      C2FCD1BC 
 142      5E5C265C 
 142      415C63AA 
 142      1FD4
 143 008f 98BDC298 		.ascii	"\230\275\302\230\306=y\241\030\271C1r\375jo\373\325"
ARM GAS  C:\Users\info\AppData\Local\Temp\ccr6qG9e.s 			page 10


 143      C63D79A1 
 143      18B94331 
 143      72FD6A6F 
 143      FBD5
 144 00a1 F3C7C809 		.ascii	"\363\307\310\011\374#'\326\335\266\004\360|^m\213_\204"
 144      FC2327D6 
 144      DDB604F0 
 144      7C5E6D8B 
 144      5F84
 145 00b3 0500025C 		.ascii	"\005\000\002\\\210:;\302N\324\235)\0201\204(\017v\310"
 145      883A3BC2 
 145      4ED49D29 
 145      10318428 
 145      0F76C8
 146 00c6 AAC2C381 		.ascii	"\252\302\303\201\010<\036t\216]q\374\035\270hG\260#"
 146      083C1E74 
 146      8E5D71FC 
 146      1DB86847 
 146      B023
 147 00d8 D148D80D 		.ascii	"\321H\330\015eT\315D[\320\022t<\265{\265>\350\313r\264"
 147      6554CD44 
 147      5BD01274 
 147      3CB57BB5 
 147      3EE8CB72 
 148 00ed 18BDF4C7 		.ascii	"\030\275\364\307\3559ID$\252\2376;\317Z{(J\035\245\202"
 148      ED394944 
 148      24AA9F36 
 148      3BCF5A7B 
 148      284A1DA5 
 149 0102 451B8CB7 		.ascii	"E\033\214\267\346KW\374\206\000&\031\302\300\354\265"
 149      E64B57FC 
 149      86002619 
 149      C2C0ECB5 
 150 0112 91CDC488 		.ascii	"\221\315\304\210\315\334M\365\313\333\007\304\243L\027"
 150      CDDC4DF5 
 150      CBDB07C4 
 150      A34C17
 151 0121 E697BB57 		.ascii	"\346\227\273W$\260\310\035\014\263\024\366\235\032\241"
 151      24B0C81D 
 151      0CB314F6 
 151      9D1AA1
 152 0130 34097A41 		.ascii	"4\011zA\206\036\020\241\013\254\254\001\223\214\337"
 152      861E10A1 
 152      0BACAC01 
 152      938CDF
 153 013f 5A4AABE8 		.ascii	"ZJ\253\350\372#jL%p\302\004\307M\004\236\202\2051Y\024"
 153      FA236A4C 
 153      2570C204 
 153      C74D049E 
 153      82853159 
 154 0154 7483099E 		.ascii	"t\203\011\236\200\211\361\277>h\375f\224p\332\234S,"
 154      8089F1BF 
 154      3E68FD66 
 154      9470DA9C 
 154      532C
 155 0166 B1B3B96A 		.ascii	"\261\263\271j_\213\210-$\313 \241\371c\246y\371 \232"
 155      5F8B882D 
ARM GAS  C:\Users\info\AppData\Local\Temp\ccr6qG9e.s 			page 11


 155      24CB20A1 
 155      F963A679 
 155      F9209A
 156 0179 293298D1 		.ascii	")2\230\321\354\011|X3\2466\362\253x\250Y\202\374#\320"
 156      EC097C58 
 156      33A636F2 
 156      AB78A859 
 156      82FC23D0 
 157 018d 87401F02 		.ascii	"\207@\037\002\011\364C*~\275 En\327\361\366\3678\244"
 157      09F4432A 
 157      7EBD2045 
 157      6ED7F1F6 
 157      F738A4
 158 01a0 B5D1361F 		.ascii	"\265\3216\037]\2727\231\331\350\241\323\230gfa\320\251"
 158      5DBA3799 
 158      D9E8A1D3 
 158      98676661 
 158      D0A9
 159 01b2 358D2ADB 		.ascii	"5\215*\333\036\303\"\316s\000\3220s\241\357\235W\020"
 159      1EC322CE 
 159      7300D230 
 159      73A1EF9D 
 159      5710
 160 01c4 6D7C08A3 		.ascii	"m|\010\243\367}[r\204\022\332\230L\240u7(=\303\031\203"
 160      F77D5B72 
 160      8412DA98 
 160      4CA07537 
 160      283DC319 
 161 01d9 1A6350CF 		.ascii	"\032cP\317\030\342\214\325\331\273\303\006\361:g\314"
 161      18E28CD5 
 161      D9BBC306 
 161      F13A67CC 
 162 01e9 DE79ED39 		.ascii	"\336y\3559\244o\233\335W\353\373\031\357\273Xm\273\275"
 162      A46F9BDD 
 162      57EBFB19 
 162      EFBB586D 
 162      BBBD
 163 01fb B77F5B6D 		.ascii	"\267\177[m;4?%6\321P5\346\011,\012\206\265\222\303\372"
 163      3B343F25 
 163      36D15035 
 163      E6092C0A 
 163      86B592C3 
 164 0210 927E5E72 		.ascii	"\222~^r\272\177\252\025\304\032\3405'Z\2027\015*&\360"
 164      BA7FAA15 
 164      C41AE035 
 164      275A8237 
 164      0D2A26F0 
 165 0224 26DA3783 		.ascii	"&\3327\203\214h\220\021=$\300!\033\325?\337\033e|D\317"
 165      8C689011 
 165      3D24C021 
 165      1BD53FDF 
 165      1B657C44 
 166 0239 FF3DE2CC 		.ascii	"\377=\342\314J{8Nl\342E\205\201\206\246\2068\220-1\322"
 166      4A7B384E 
 166      6CE24585 
 166      8186A686 
 166      38902D31 
ARM GAS  C:\Users\info\AppData\Local\Temp\ccr6qG9e.s 			page 12


 167 024e 5FC44857 		.ascii	"_\304HW\177\246_\227\352o\261\033\216\341T\236k\315"
 167      7FA65F97 
 167      EA6FB11B 
 167      8EE1549E 
 167      6BCD
 168 0260 8D821C99 		.ascii	"\215\202\034\231H\327\367W!H\270\315\376+\034_\3629"
 168      48D7F757 
 168      2148B8CD 
 168      FE2B1C5F 
 168      F239
 169 0272 1EA88D2F 		.ascii	"\036\250\215/\010\011\374\367\307}K\020'\346\275A\031"
 169      0809FCF7 
 169      C77D4B10 
 169      27E6BD41 
 169      19
 170 0283 6413A01F 		.ascii	"d\023\240\037jY\201\365*]\037\004B\014\013/\321=\216"
 170      6A5981F5 
 170      2A5D1F04 
 170      420C0B2F 
 170      D13D8E
 171 0296 E9CD94C5 		.ascii	"\351\315\224\305\314\001?\346\306\372i\256\363Ob\231"
 171      CC013FE6 
 171      C6FA69AE 
 171      F34F6299 
 172 02a6 C35958EE 		.ascii	"\303YX\356\264\027^q9\334J|\316\205\313\346\254\364"
 172      B4175E71 
 172      39DC4A7C 
 172      CE85CBE6 
 172      ACF4
 173 02b8 7462A870 		.ascii	"tb\250p8\335\031\307r\024\247\342*r+\366\302\274\322"
 173      38DD19C7 
 173      7214A7E2 
 173      2A722BF6 
 173      C2BCD2
 174 02cb 0A974D29 		.ascii	"\012\227M)\270\230W\232u\262\300V\351\256,S\312\255"
 174      B898579A 
 174      75B2C056 
 174      E9AE2C53 
 174      CAAD
 175 02dd 57C97E11 		.ascii	"W\311~\021*\325j#)\321\002y\212;\333\345\270\246\234"
 175      2AD56A23 
 175      29D10279 
 175      8A3BDBE5 
 175      B8A69C
 176 02f0 2FB52B09 		.ascii	"/\265+\011\321\303\\\245\310~Xod\027\271\213r\225\022"
 176      D1C35CA5 
 176      C87E586F 
 176      6417B98B 
 176      729512
 177 0303 C9A59464 		.ascii	"\311\245\224d\374\001;\027d\315"
 177      FC013B17 
 177      64CD
 178              		.text
 179              		.section	.gnu.lto_.symtab.792a7c08,"",%progbits
 180 0000 70696E5F 		.ascii	"pin_snd_Write\000"
 180      736E645F 
 180      57726974 
ARM GAS  C:\Users\info\AppData\Local\Temp\ccr6qG9e.s 			page 13


 180      6500
 181 000e 00       		.ascii	"\000"
 182 000f 00       		.ascii	"\000"
 183 0010 00       		.ascii	"\000"
 184 0011 00000000 		.ascii	"\000\000\000\000\000\000\000\000"
 184      00000000 
 185 0019 B3000000 		.ascii	"\263\000\000\000"
 186 001d 70696E5F 		.ascii	"pin_snd_SetDriveMode\000"
 186      736E645F 
 186      53657444 
 186      72697665 
 186      4D6F6465 
 187 0032 00       		.ascii	"\000"
 188 0033 00       		.ascii	"\000"
 189 0034 00       		.ascii	"\000"
 190 0035 00000000 		.ascii	"\000\000\000\000\000\000\000\000"
 190      00000000 
 191 003d B5000000 		.ascii	"\265\000\000\000"
 192 0041 70696E5F 		.ascii	"pin_snd_Read\000"
 192      736E645F 
 192      52656164 
 192      00
 193 004e 00       		.ascii	"\000"
 194 004f 00       		.ascii	"\000"
 195 0050 00       		.ascii	"\000"
 196 0051 00000000 		.ascii	"\000\000\000\000\000\000\000\000"
 196      00000000 
 197 0059 B8000000 		.ascii	"\270\000\000\000"
 198 005d 70696E5F 		.ascii	"pin_snd_ReadDataReg\000"
 198      736E645F 
 198      52656164 
 198      44617461 
 198      52656700 
 199 0071 00       		.ascii	"\000"
 200 0072 00       		.ascii	"\000"
 201 0073 00       		.ascii	"\000"
 202 0074 00000000 		.ascii	"\000\000\000\000\000\000\000\000"
 202      00000000 
 203 007c BA000000 		.ascii	"\272\000\000\000"
 204              		.text
 205              		.section	.gnu.lto_.opts,"",%progbits
 206 0000 272D666D 		.ascii	"'-fmath-errno' '-fsigned-zeros' '-ftrapping-math' '"
 206      6174682D 
 206      6572726E 
 206      6F272027 
 206      2D667369 
 207 0033 2D666E6F 		.ascii	"-fno-trapv' '-fno-strict-overflow' '-fno-openmp' '-"
 207      2D747261 
 207      70762720 
 207      272D666E 
 207      6F2D7374 
 208 0066 666E6F2D 		.ascii	"fno-openacc' '-mcpu=cortex-m3' '-mthumb' '-g' '-Og'"
 208      6F70656E 
 208      61636327 
 208      20272D6D 
 208      6370753D 
 209 0099 20272D66 		.ascii	" '-ffunction-sections' '-ffat-lto-objects' '-flto'\000"
ARM GAS  C:\Users\info\AppData\Local\Temp\ccr6qG9e.s 			page 14


 209      66756E63 
 209      74696F6E 
 209      2D736563 
 209      74696F6E 
 210              		.text
 211              		.cfi_sections	.debug_frame
 212              		.section	.text.pin_snd_Write,"ax",%progbits
 213              		.align	2
 214              		.global	pin_snd_Write
 215              		.thumb
 216              		.thumb_func
 217              		.type	pin_snd_Write, %function
 218              	pin_snd_Write:
 219              	.LFB0:
 220              		.file 1 "Generated_Source\\PSoC5\\pin_snd.c"
   1:Generated_Source\PSoC5/pin_snd.c **** /*******************************************************************************
   2:Generated_Source\PSoC5/pin_snd.c **** * File Name: pin_snd.c  
   3:Generated_Source\PSoC5/pin_snd.c **** * Version 2.20
   4:Generated_Source\PSoC5/pin_snd.c **** *
   5:Generated_Source\PSoC5/pin_snd.c **** * Description:
   6:Generated_Source\PSoC5/pin_snd.c **** *  This file contains API to enable firmware control of a Pins component.
   7:Generated_Source\PSoC5/pin_snd.c **** *
   8:Generated_Source\PSoC5/pin_snd.c **** * Note:
   9:Generated_Source\PSoC5/pin_snd.c **** *
  10:Generated_Source\PSoC5/pin_snd.c **** ********************************************************************************
  11:Generated_Source\PSoC5/pin_snd.c **** * Copyright 2008-2015, Cypress Semiconductor Corporation.  All rights reserved.
  12:Generated_Source\PSoC5/pin_snd.c **** * You may use this file only in accordance with the license, terms, conditions, 
  13:Generated_Source\PSoC5/pin_snd.c **** * disclaimers, and limitations in the end user license agreement accompanying 
  14:Generated_Source\PSoC5/pin_snd.c **** * the software package with which this file was provided.
  15:Generated_Source\PSoC5/pin_snd.c **** *******************************************************************************/
  16:Generated_Source\PSoC5/pin_snd.c **** 
  17:Generated_Source\PSoC5/pin_snd.c **** #include "cytypes.h"
  18:Generated_Source\PSoC5/pin_snd.c **** #include "pin_snd.h"
  19:Generated_Source\PSoC5/pin_snd.c **** 
  20:Generated_Source\PSoC5/pin_snd.c **** /* APIs are not generated for P15[7:6] on PSoC 5 */
  21:Generated_Source\PSoC5/pin_snd.c **** #if !(CY_PSOC5A &&\
  22:Generated_Source\PSoC5/pin_snd.c **** 	 pin_snd__PORT == 15 && ((pin_snd__MASK & 0xC0) != 0))
  23:Generated_Source\PSoC5/pin_snd.c **** 
  24:Generated_Source\PSoC5/pin_snd.c **** 
  25:Generated_Source\PSoC5/pin_snd.c **** /*******************************************************************************
  26:Generated_Source\PSoC5/pin_snd.c **** * Function Name: pin_snd_Write
  27:Generated_Source\PSoC5/pin_snd.c **** ****************************************************************************//**
  28:Generated_Source\PSoC5/pin_snd.c **** *
  29:Generated_Source\PSoC5/pin_snd.c **** * \brief Writes the value to the physical port (data output register), masking
  30:Generated_Source\PSoC5/pin_snd.c **** *  and shifting the bits appropriately. 
  31:Generated_Source\PSoC5/pin_snd.c **** *
  32:Generated_Source\PSoC5/pin_snd.c **** * The data output register controls the signal applied to the physical pin in 
  33:Generated_Source\PSoC5/pin_snd.c **** * conjunction with the drive mode parameter. This function avoids changing 
  34:Generated_Source\PSoC5/pin_snd.c **** * other bits in the port by using the appropriate method (read-modify-write or
  35:Generated_Source\PSoC5/pin_snd.c **** * bit banding).
  36:Generated_Source\PSoC5/pin_snd.c **** *
  37:Generated_Source\PSoC5/pin_snd.c **** * <b>Note</b> This function should not be used on a hardware digital output pin 
  38:Generated_Source\PSoC5/pin_snd.c **** * as it is driven by the hardware signal attached to it.
  39:Generated_Source\PSoC5/pin_snd.c **** *
  40:Generated_Source\PSoC5/pin_snd.c **** * \param value
  41:Generated_Source\PSoC5/pin_snd.c **** *  Value to write to the component instance.
  42:Generated_Source\PSoC5/pin_snd.c **** *
ARM GAS  C:\Users\info\AppData\Local\Temp\ccr6qG9e.s 			page 15


  43:Generated_Source\PSoC5/pin_snd.c **** * \return 
  44:Generated_Source\PSoC5/pin_snd.c **** *  None 
  45:Generated_Source\PSoC5/pin_snd.c **** *
  46:Generated_Source\PSoC5/pin_snd.c **** * \sideeffect
  47:Generated_Source\PSoC5/pin_snd.c **** *  If you use read-modify-write operations that are not atomic; the Interrupt 
  48:Generated_Source\PSoC5/pin_snd.c **** *  Service Routines (ISR) can cause corruption of this function. An ISR that 
  49:Generated_Source\PSoC5/pin_snd.c **** *  interrupts this function and performs writes to the Pins component data 
  50:Generated_Source\PSoC5/pin_snd.c **** *  register can cause corrupted port data. To avoid this issue, you should 
  51:Generated_Source\PSoC5/pin_snd.c **** *  either use the Per-Pin APIs (primary method) or disable interrupts around 
  52:Generated_Source\PSoC5/pin_snd.c **** *  this function.
  53:Generated_Source\PSoC5/pin_snd.c **** *
  54:Generated_Source\PSoC5/pin_snd.c **** * \funcusage
  55:Generated_Source\PSoC5/pin_snd.c **** *  \snippet pin_snd_SUT.c usage_pin_snd_Write
  56:Generated_Source\PSoC5/pin_snd.c **** *******************************************************************************/
  57:Generated_Source\PSoC5/pin_snd.c **** void pin_snd_Write(uint8 value)
  58:Generated_Source\PSoC5/pin_snd.c **** {
 221              		.loc 1 58 0
 222              		.cfi_startproc
 223              		@ args = 0, pretend = 0, frame = 0
 224              		@ frame_needed = 0, uses_anonymous_args = 0
 225              		@ link register save eliminated.
 226              	.LVL0:
  59:Generated_Source\PSoC5/pin_snd.c ****     uint8 staticBits = (pin_snd_DR & (uint8)(~pin_snd_MASK));
 227              		.loc 1 59 0
 228 0000 044A     		ldr	r2, .L2
 229 0002 1378     		ldrb	r3, [r2]	@ zero_extendqisi2
 230 0004 03F0FE03 		and	r3, r3, #254
 231              	.LVL1:
  60:Generated_Source\PSoC5/pin_snd.c ****     pin_snd_DR = staticBits | ((uint8)(value << pin_snd_SHIFT) & pin_snd_MASK);
 232              		.loc 1 60 0
 233 0008 00F00100 		and	r0, r0, #1
 234              	.LVL2:
 235 000c 1843     		orrs	r0, r0, r3
 236 000e 1070     		strb	r0, [r2]
 237 0010 7047     		bx	lr
 238              	.L3:
 239 0012 00BF     		.align	2
 240              	.L2:
 241 0014 20510040 		.word	1073762592
 242              		.cfi_endproc
 243              	.LFE0:
 244              		.size	pin_snd_Write, .-pin_snd_Write
 245              		.section	.text.pin_snd_SetDriveMode,"ax",%progbits
 246              		.align	2
 247              		.global	pin_snd_SetDriveMode
 248              		.thumb
 249              		.thumb_func
 250              		.type	pin_snd_SetDriveMode, %function
 251              	pin_snd_SetDriveMode:
 252              	.LFB1:
  61:Generated_Source\PSoC5/pin_snd.c **** }
  62:Generated_Source\PSoC5/pin_snd.c **** 
  63:Generated_Source\PSoC5/pin_snd.c **** 
  64:Generated_Source\PSoC5/pin_snd.c **** /*******************************************************************************
  65:Generated_Source\PSoC5/pin_snd.c **** * Function Name: pin_snd_SetDriveMode
  66:Generated_Source\PSoC5/pin_snd.c **** ****************************************************************************//**
  67:Generated_Source\PSoC5/pin_snd.c **** *
ARM GAS  C:\Users\info\AppData\Local\Temp\ccr6qG9e.s 			page 16


  68:Generated_Source\PSoC5/pin_snd.c **** * \brief Sets the drive mode for each of the Pins component's pins.
  69:Generated_Source\PSoC5/pin_snd.c **** * 
  70:Generated_Source\PSoC5/pin_snd.c **** * <b>Note</b> This affects all pins in the Pins component instance. Use the
  71:Generated_Source\PSoC5/pin_snd.c **** * Per-Pin APIs if you wish to control individual pin's drive modes.
  72:Generated_Source\PSoC5/pin_snd.c **** *
  73:Generated_Source\PSoC5/pin_snd.c **** * \param mode
  74:Generated_Source\PSoC5/pin_snd.c **** *  Mode for the selected signals. Valid options are documented in 
  75:Generated_Source\PSoC5/pin_snd.c **** *  \ref driveMode.
  76:Generated_Source\PSoC5/pin_snd.c **** *
  77:Generated_Source\PSoC5/pin_snd.c **** * \return
  78:Generated_Source\PSoC5/pin_snd.c **** *  None
  79:Generated_Source\PSoC5/pin_snd.c **** *
  80:Generated_Source\PSoC5/pin_snd.c **** * \sideeffect
  81:Generated_Source\PSoC5/pin_snd.c **** *  If you use read-modify-write operations that are not atomic, the ISR can
  82:Generated_Source\PSoC5/pin_snd.c **** *  cause corruption of this function. An ISR that interrupts this function 
  83:Generated_Source\PSoC5/pin_snd.c **** *  and performs writes to the Pins component Drive Mode registers can cause 
  84:Generated_Source\PSoC5/pin_snd.c **** *  corrupted port data. To avoid this issue, you should either use the Per-Pin
  85:Generated_Source\PSoC5/pin_snd.c **** *  APIs (primary method) or disable interrupts around this function.
  86:Generated_Source\PSoC5/pin_snd.c **** *
  87:Generated_Source\PSoC5/pin_snd.c **** * \funcusage
  88:Generated_Source\PSoC5/pin_snd.c **** *  \snippet pin_snd_SUT.c usage_pin_snd_SetDriveMode
  89:Generated_Source\PSoC5/pin_snd.c **** *******************************************************************************/
  90:Generated_Source\PSoC5/pin_snd.c **** void pin_snd_SetDriveMode(uint8 mode)
  91:Generated_Source\PSoC5/pin_snd.c **** {
 253              		.loc 1 91 0
 254              		.cfi_startproc
 255              		@ args = 0, pretend = 0, frame = 0
 256              		@ frame_needed = 0, uses_anonymous_args = 0
 257              		@ link register save eliminated.
 258              	.LVL3:
  92:Generated_Source\PSoC5/pin_snd.c **** 	CyPins_SetPinDriveMode(pin_snd_0, mode);
 259              		.loc 1 92 0
 260 0000 044A     		ldr	r2, .L5
 261 0002 1378     		ldrb	r3, [r2]	@ zero_extendqisi2
 262 0004 03F0F103 		and	r3, r3, #241
 263 0008 00F00E00 		and	r0, r0, #14
 264              	.LVL4:
 265 000c 1843     		orrs	r0, r0, r3
 266 000e 1070     		strb	r0, [r2]
 267 0010 7047     		bx	lr
 268              	.L6:
 269 0012 00BF     		.align	2
 270              	.L5:
 271 0014 10500040 		.word	1073762320
 272              		.cfi_endproc
 273              	.LFE1:
 274              		.size	pin_snd_SetDriveMode, .-pin_snd_SetDriveMode
 275              		.section	.text.pin_snd_Read,"ax",%progbits
 276              		.align	2
 277              		.global	pin_snd_Read
 278              		.thumb
 279              		.thumb_func
 280              		.type	pin_snd_Read, %function
 281              	pin_snd_Read:
 282              	.LFB2:
  93:Generated_Source\PSoC5/pin_snd.c **** }
  94:Generated_Source\PSoC5/pin_snd.c **** 
ARM GAS  C:\Users\info\AppData\Local\Temp\ccr6qG9e.s 			page 17


  95:Generated_Source\PSoC5/pin_snd.c **** 
  96:Generated_Source\PSoC5/pin_snd.c **** /*******************************************************************************
  97:Generated_Source\PSoC5/pin_snd.c **** * Function Name: pin_snd_Read
  98:Generated_Source\PSoC5/pin_snd.c **** ****************************************************************************//**
  99:Generated_Source\PSoC5/pin_snd.c **** *
 100:Generated_Source\PSoC5/pin_snd.c **** * \brief Reads the associated physical port (pin status register) and masks 
 101:Generated_Source\PSoC5/pin_snd.c **** *  the required bits according to the width and bit position of the component
 102:Generated_Source\PSoC5/pin_snd.c **** *  instance. 
 103:Generated_Source\PSoC5/pin_snd.c **** *
 104:Generated_Source\PSoC5/pin_snd.c **** * The pin's status register returns the current logic level present on the 
 105:Generated_Source\PSoC5/pin_snd.c **** * physical pin.
 106:Generated_Source\PSoC5/pin_snd.c **** *
 107:Generated_Source\PSoC5/pin_snd.c **** * \return 
 108:Generated_Source\PSoC5/pin_snd.c **** *  The current value for the pins in the component as a right justified number.
 109:Generated_Source\PSoC5/pin_snd.c **** *
 110:Generated_Source\PSoC5/pin_snd.c **** * \funcusage
 111:Generated_Source\PSoC5/pin_snd.c **** *  \snippet pin_snd_SUT.c usage_pin_snd_Read  
 112:Generated_Source\PSoC5/pin_snd.c **** *******************************************************************************/
 113:Generated_Source\PSoC5/pin_snd.c **** uint8 pin_snd_Read(void)
 114:Generated_Source\PSoC5/pin_snd.c **** {
 283              		.loc 1 114 0
 284              		.cfi_startproc
 285              		@ args = 0, pretend = 0, frame = 0
 286              		@ frame_needed = 0, uses_anonymous_args = 0
 287              		@ link register save eliminated.
 115:Generated_Source\PSoC5/pin_snd.c ****     return (pin_snd_PS & pin_snd_MASK) >> pin_snd_SHIFT;
 288              		.loc 1 115 0
 289 0000 024B     		ldr	r3, .L8
 290 0002 1878     		ldrb	r0, [r3]	@ zero_extendqisi2
 116:Generated_Source\PSoC5/pin_snd.c **** }
 291              		.loc 1 116 0
 292 0004 00F00100 		and	r0, r0, #1
 293 0008 7047     		bx	lr
 294              	.L9:
 295 000a 00BF     		.align	2
 296              	.L8:
 297 000c 21510040 		.word	1073762593
 298              		.cfi_endproc
 299              	.LFE2:
 300              		.size	pin_snd_Read, .-pin_snd_Read
 301              		.section	.text.pin_snd_ReadDataReg,"ax",%progbits
 302              		.align	2
 303              		.global	pin_snd_ReadDataReg
 304              		.thumb
 305              		.thumb_func
 306              		.type	pin_snd_ReadDataReg, %function
 307              	pin_snd_ReadDataReg:
 308              	.LFB3:
 117:Generated_Source\PSoC5/pin_snd.c **** 
 118:Generated_Source\PSoC5/pin_snd.c **** 
 119:Generated_Source\PSoC5/pin_snd.c **** /*******************************************************************************
 120:Generated_Source\PSoC5/pin_snd.c **** * Function Name: pin_snd_ReadDataReg
 121:Generated_Source\PSoC5/pin_snd.c **** ****************************************************************************//**
 122:Generated_Source\PSoC5/pin_snd.c **** *
 123:Generated_Source\PSoC5/pin_snd.c **** * \brief Reads the associated physical port's data output register and masks 
 124:Generated_Source\PSoC5/pin_snd.c **** *  the correct bits according to the width and bit position of the component 
 125:Generated_Source\PSoC5/pin_snd.c **** *  instance. 
ARM GAS  C:\Users\info\AppData\Local\Temp\ccr6qG9e.s 			page 18


 126:Generated_Source\PSoC5/pin_snd.c **** *
 127:Generated_Source\PSoC5/pin_snd.c **** * The data output register controls the signal applied to the physical pin in 
 128:Generated_Source\PSoC5/pin_snd.c **** * conjunction with the drive mode parameter. This is not the same as the 
 129:Generated_Source\PSoC5/pin_snd.c **** * preferred pin_snd_Read() API because the 
 130:Generated_Source\PSoC5/pin_snd.c **** * pin_snd_ReadDataReg() reads the data register instead of the status 
 131:Generated_Source\PSoC5/pin_snd.c **** * register. For output pins this is a useful function to determine the value 
 132:Generated_Source\PSoC5/pin_snd.c **** * just written to the pin.
 133:Generated_Source\PSoC5/pin_snd.c **** *
 134:Generated_Source\PSoC5/pin_snd.c **** * \return 
 135:Generated_Source\PSoC5/pin_snd.c **** *  The current value of the data register masked and shifted into a right 
 136:Generated_Source\PSoC5/pin_snd.c **** *  justified number for the component instance.
 137:Generated_Source\PSoC5/pin_snd.c **** *
 138:Generated_Source\PSoC5/pin_snd.c **** * \funcusage
 139:Generated_Source\PSoC5/pin_snd.c **** *  \snippet pin_snd_SUT.c usage_pin_snd_ReadDataReg 
 140:Generated_Source\PSoC5/pin_snd.c **** *******************************************************************************/
 141:Generated_Source\PSoC5/pin_snd.c **** uint8 pin_snd_ReadDataReg(void)
 142:Generated_Source\PSoC5/pin_snd.c **** {
 309              		.loc 1 142 0
 310              		.cfi_startproc
 311              		@ args = 0, pretend = 0, frame = 0
 312              		@ frame_needed = 0, uses_anonymous_args = 0
 313              		@ link register save eliminated.
 143:Generated_Source\PSoC5/pin_snd.c ****     return (pin_snd_DR & pin_snd_MASK) >> pin_snd_SHIFT;
 314              		.loc 1 143 0
 315 0000 024B     		ldr	r3, .L11
 316 0002 1878     		ldrb	r0, [r3]	@ zero_extendqisi2
 144:Generated_Source\PSoC5/pin_snd.c **** }
 317              		.loc 1 144 0
 318 0004 00F00100 		and	r0, r0, #1
 319 0008 7047     		bx	lr
 320              	.L12:
 321 000a 00BF     		.align	2
 322              	.L11:
 323 000c 20510040 		.word	1073762592
 324              		.cfi_endproc
 325              	.LFE3:
 326              		.size	pin_snd_ReadDataReg, .-pin_snd_ReadDataReg
 327              		.text
 328              	.Letext0:
 329              		.file 2 "Generated_Source\\PSoC5\\cytypes.h"
 330              		.section	.debug_info,"",%progbits
 331              	.Ldebug_info0:
 332 0000 1B010000 		.4byte	0x11b
 333 0004 0400     		.2byte	0x4
 334 0006 00000000 		.4byte	.Ldebug_abbrev0
 335 000a 04       		.byte	0x4
 336 000b 01       		.uleb128 0x1
 337 000c 25000000 		.4byte	.LASF20
 338 0010 0C       		.byte	0xc
 339 0011 EB010000 		.4byte	.LASF21
 340 0015 18010000 		.4byte	.LASF22
 341 0019 00000000 		.4byte	.Ldebug_ranges0+0
 342 001d 00000000 		.4byte	0
 343 0021 00000000 		.4byte	.Ldebug_line0
 344 0025 02       		.uleb128 0x2
 345 0026 01       		.byte	0x1
 346 0027 06       		.byte	0x6
ARM GAS  C:\Users\info\AppData\Local\Temp\ccr6qG9e.s 			page 19


 347 0028 DF010000 		.4byte	.LASF0
 348 002c 02       		.uleb128 0x2
 349 002d 01       		.byte	0x1
 350 002e 08       		.byte	0x8
 351 002f CC000000 		.4byte	.LASF1
 352 0033 02       		.uleb128 0x2
 353 0034 02       		.byte	0x2
 354 0035 05       		.byte	0x5
 355 0036 C6010000 		.4byte	.LASF2
 356 003a 02       		.uleb128 0x2
 357 003b 02       		.byte	0x2
 358 003c 07       		.byte	0x7
 359 003d F1000000 		.4byte	.LASF3
 360 0041 02       		.uleb128 0x2
 361 0042 04       		.byte	0x4
 362 0043 05       		.byte	0x5
 363 0044 D6010000 		.4byte	.LASF4
 364 0048 02       		.uleb128 0x2
 365 0049 04       		.byte	0x4
 366 004a 07       		.byte	0x7
 367 004b DF000000 		.4byte	.LASF5
 368 004f 02       		.uleb128 0x2
 369 0050 08       		.byte	0x8
 370 0051 05       		.byte	0x5
 371 0052 9E010000 		.4byte	.LASF6
 372 0056 02       		.uleb128 0x2
 373 0057 08       		.byte	0x8
 374 0058 07       		.byte	0x7
 375 0059 82010000 		.4byte	.LASF7
 376 005d 03       		.uleb128 0x3
 377 005e 04       		.byte	0x4
 378 005f 05       		.byte	0x5
 379 0060 696E7400 		.ascii	"int\000"
 380 0064 02       		.uleb128 0x2
 381 0065 04       		.byte	0x4
 382 0066 07       		.byte	0x7
 383 0067 0B010000 		.4byte	.LASF8
 384 006b 04       		.uleb128 0x4
 385 006c D0010000 		.4byte	.LASF12
 386 0070 02       		.byte	0x2
 387 0071 E401     		.2byte	0x1e4
 388 0073 2C000000 		.4byte	0x2c
 389 0077 02       		.uleb128 0x2
 390 0078 04       		.byte	0x4
 391 0079 04       		.byte	0x4
 392 007a C6000000 		.4byte	.LASF9
 393 007e 02       		.uleb128 0x2
 394 007f 08       		.byte	0x8
 395 0080 04       		.byte	0x4
 396 0081 04010000 		.4byte	.LASF10
 397 0085 02       		.uleb128 0x2
 398 0086 01       		.byte	0x1
 399 0087 08       		.byte	0x8
 400 0088 C1010000 		.4byte	.LASF11
 401 008c 04       		.uleb128 0x4
 402 008d DA000000 		.4byte	.LASF13
 403 0091 02       		.byte	0x2
ARM GAS  C:\Users\info\AppData\Local\Temp\ccr6qG9e.s 			page 20


 404 0092 8E02     		.2byte	0x28e
 405 0094 98000000 		.4byte	0x98
 406 0098 05       		.uleb128 0x5
 407 0099 6B000000 		.4byte	0x6b
 408 009d 06       		.uleb128 0x6
 409 009e 0C020000 		.4byte	.LASF14
 410 00a2 01       		.byte	0x1
 411 00a3 39       		.byte	0x39
 412 00a4 00000000 		.4byte	.LFB0
 413 00a8 18000000 		.4byte	.LFE0-.LFB0
 414 00ac 01       		.uleb128 0x1
 415 00ad 9C       		.byte	0x9c
 416 00ae CF000000 		.4byte	0xcf
 417 00b2 07       		.uleb128 0x7
 418 00b3 00000000 		.4byte	.LASF16
 419 00b7 01       		.byte	0x1
 420 00b8 39       		.byte	0x39
 421 00b9 6B000000 		.4byte	0x6b
 422 00bd 00000000 		.4byte	.LLST0
 423 00c1 08       		.uleb128 0x8
 424 00c2 06000000 		.4byte	.LASF23
 425 00c6 01       		.byte	0x1
 426 00c7 3B       		.byte	0x3b
 427 00c8 6B000000 		.4byte	0x6b
 428 00cc 01       		.uleb128 0x1
 429 00cd 53       		.byte	0x53
 430 00ce 00       		.byte	0
 431 00cf 06       		.uleb128 0x6
 432 00d0 AC010000 		.4byte	.LASF15
 433 00d4 01       		.byte	0x1
 434 00d5 5A       		.byte	0x5a
 435 00d6 00000000 		.4byte	.LFB1
 436 00da 18000000 		.4byte	.LFE1-.LFB1
 437 00de 01       		.uleb128 0x1
 438 00df 9C       		.byte	0x9c
 439 00e0 F4000000 		.4byte	0xf4
 440 00e4 07       		.uleb128 0x7
 441 00e5 99010000 		.4byte	.LASF17
 442 00e9 01       		.byte	0x1
 443 00ea 5A       		.byte	0x5a
 444 00eb 6B000000 		.4byte	0x6b
 445 00ef 21000000 		.4byte	.LLST1
 446 00f3 00       		.byte	0
 447 00f4 09       		.uleb128 0x9
 448 00f5 B9000000 		.4byte	.LASF18
 449 00f9 01       		.byte	0x1
 450 00fa 71       		.byte	0x71
 451 00fb 6B000000 		.4byte	0x6b
 452 00ff 00000000 		.4byte	.LFB2
 453 0103 10000000 		.4byte	.LFE2-.LFB2
 454 0107 01       		.uleb128 0x1
 455 0108 9C       		.byte	0x9c
 456 0109 09       		.uleb128 0x9
 457 010a 11000000 		.4byte	.LASF19
 458 010e 01       		.byte	0x1
 459 010f 8D       		.byte	0x8d
 460 0110 6B000000 		.4byte	0x6b
ARM GAS  C:\Users\info\AppData\Local\Temp\ccr6qG9e.s 			page 21


 461 0114 00000000 		.4byte	.LFB3
 462 0118 10000000 		.4byte	.LFE3-.LFB3
 463 011c 01       		.uleb128 0x1
 464 011d 9C       		.byte	0x9c
 465 011e 00       		.byte	0
 466              		.section	.debug_abbrev,"",%progbits
 467              	.Ldebug_abbrev0:
 468 0000 01       		.uleb128 0x1
 469 0001 11       		.uleb128 0x11
 470 0002 01       		.byte	0x1
 471 0003 25       		.uleb128 0x25
 472 0004 0E       		.uleb128 0xe
 473 0005 13       		.uleb128 0x13
 474 0006 0B       		.uleb128 0xb
 475 0007 03       		.uleb128 0x3
 476 0008 0E       		.uleb128 0xe
 477 0009 1B       		.uleb128 0x1b
 478 000a 0E       		.uleb128 0xe
 479 000b 55       		.uleb128 0x55
 480 000c 17       		.uleb128 0x17
 481 000d 11       		.uleb128 0x11
 482 000e 01       		.uleb128 0x1
 483 000f 10       		.uleb128 0x10
 484 0010 17       		.uleb128 0x17
 485 0011 00       		.byte	0
 486 0012 00       		.byte	0
 487 0013 02       		.uleb128 0x2
 488 0014 24       		.uleb128 0x24
 489 0015 00       		.byte	0
 490 0016 0B       		.uleb128 0xb
 491 0017 0B       		.uleb128 0xb
 492 0018 3E       		.uleb128 0x3e
 493 0019 0B       		.uleb128 0xb
 494 001a 03       		.uleb128 0x3
 495 001b 0E       		.uleb128 0xe
 496 001c 00       		.byte	0
 497 001d 00       		.byte	0
 498 001e 03       		.uleb128 0x3
 499 001f 24       		.uleb128 0x24
 500 0020 00       		.byte	0
 501 0021 0B       		.uleb128 0xb
 502 0022 0B       		.uleb128 0xb
 503 0023 3E       		.uleb128 0x3e
 504 0024 0B       		.uleb128 0xb
 505 0025 03       		.uleb128 0x3
 506 0026 08       		.uleb128 0x8
 507 0027 00       		.byte	0
 508 0028 00       		.byte	0
 509 0029 04       		.uleb128 0x4
 510 002a 16       		.uleb128 0x16
 511 002b 00       		.byte	0
 512 002c 03       		.uleb128 0x3
 513 002d 0E       		.uleb128 0xe
 514 002e 3A       		.uleb128 0x3a
 515 002f 0B       		.uleb128 0xb
 516 0030 3B       		.uleb128 0x3b
 517 0031 05       		.uleb128 0x5
ARM GAS  C:\Users\info\AppData\Local\Temp\ccr6qG9e.s 			page 22


 518 0032 49       		.uleb128 0x49
 519 0033 13       		.uleb128 0x13
 520 0034 00       		.byte	0
 521 0035 00       		.byte	0
 522 0036 05       		.uleb128 0x5
 523 0037 35       		.uleb128 0x35
 524 0038 00       		.byte	0
 525 0039 49       		.uleb128 0x49
 526 003a 13       		.uleb128 0x13
 527 003b 00       		.byte	0
 528 003c 00       		.byte	0
 529 003d 06       		.uleb128 0x6
 530 003e 2E       		.uleb128 0x2e
 531 003f 01       		.byte	0x1
 532 0040 3F       		.uleb128 0x3f
 533 0041 19       		.uleb128 0x19
 534 0042 03       		.uleb128 0x3
 535 0043 0E       		.uleb128 0xe
 536 0044 3A       		.uleb128 0x3a
 537 0045 0B       		.uleb128 0xb
 538 0046 3B       		.uleb128 0x3b
 539 0047 0B       		.uleb128 0xb
 540 0048 27       		.uleb128 0x27
 541 0049 19       		.uleb128 0x19
 542 004a 11       		.uleb128 0x11
 543 004b 01       		.uleb128 0x1
 544 004c 12       		.uleb128 0x12
 545 004d 06       		.uleb128 0x6
 546 004e 40       		.uleb128 0x40
 547 004f 18       		.uleb128 0x18
 548 0050 9742     		.uleb128 0x2117
 549 0052 19       		.uleb128 0x19
 550 0053 01       		.uleb128 0x1
 551 0054 13       		.uleb128 0x13
 552 0055 00       		.byte	0
 553 0056 00       		.byte	0
 554 0057 07       		.uleb128 0x7
 555 0058 05       		.uleb128 0x5
 556 0059 00       		.byte	0
 557 005a 03       		.uleb128 0x3
 558 005b 0E       		.uleb128 0xe
 559 005c 3A       		.uleb128 0x3a
 560 005d 0B       		.uleb128 0xb
 561 005e 3B       		.uleb128 0x3b
 562 005f 0B       		.uleb128 0xb
 563 0060 49       		.uleb128 0x49
 564 0061 13       		.uleb128 0x13
 565 0062 02       		.uleb128 0x2
 566 0063 17       		.uleb128 0x17
 567 0064 00       		.byte	0
 568 0065 00       		.byte	0
 569 0066 08       		.uleb128 0x8
 570 0067 34       		.uleb128 0x34
 571 0068 00       		.byte	0
 572 0069 03       		.uleb128 0x3
 573 006a 0E       		.uleb128 0xe
 574 006b 3A       		.uleb128 0x3a
ARM GAS  C:\Users\info\AppData\Local\Temp\ccr6qG9e.s 			page 23


 575 006c 0B       		.uleb128 0xb
 576 006d 3B       		.uleb128 0x3b
 577 006e 0B       		.uleb128 0xb
 578 006f 49       		.uleb128 0x49
 579 0070 13       		.uleb128 0x13
 580 0071 02       		.uleb128 0x2
 581 0072 18       		.uleb128 0x18
 582 0073 00       		.byte	0
 583 0074 00       		.byte	0
 584 0075 09       		.uleb128 0x9
 585 0076 2E       		.uleb128 0x2e
 586 0077 00       		.byte	0
 587 0078 3F       		.uleb128 0x3f
 588 0079 19       		.uleb128 0x19
 589 007a 03       		.uleb128 0x3
 590 007b 0E       		.uleb128 0xe
 591 007c 3A       		.uleb128 0x3a
 592 007d 0B       		.uleb128 0xb
 593 007e 3B       		.uleb128 0x3b
 594 007f 0B       		.uleb128 0xb
 595 0080 27       		.uleb128 0x27
 596 0081 19       		.uleb128 0x19
 597 0082 49       		.uleb128 0x49
 598 0083 13       		.uleb128 0x13
 599 0084 11       		.uleb128 0x11
 600 0085 01       		.uleb128 0x1
 601 0086 12       		.uleb128 0x12
 602 0087 06       		.uleb128 0x6
 603 0088 40       		.uleb128 0x40
 604 0089 18       		.uleb128 0x18
 605 008a 9742     		.uleb128 0x2117
 606 008c 19       		.uleb128 0x19
 607 008d 00       		.byte	0
 608 008e 00       		.byte	0
 609 008f 00       		.byte	0
 610              		.section	.debug_loc,"",%progbits
 611              	.Ldebug_loc0:
 612              	.LLST0:
 613 0000 00000000 		.4byte	.LVL0
 614 0004 0C000000 		.4byte	.LVL2
 615 0008 0100     		.2byte	0x1
 616 000a 50       		.byte	0x50
 617 000b 0C000000 		.4byte	.LVL2
 618 000f 18000000 		.4byte	.LFE0
 619 0013 0400     		.2byte	0x4
 620 0015 F3       		.byte	0xf3
 621 0016 01       		.uleb128 0x1
 622 0017 50       		.byte	0x50
 623 0018 9F       		.byte	0x9f
 624 0019 00000000 		.4byte	0
 625 001d 00000000 		.4byte	0
 626              	.LLST1:
 627 0021 00000000 		.4byte	.LVL3
 628 0025 0C000000 		.4byte	.LVL4
 629 0029 0100     		.2byte	0x1
 630 002b 50       		.byte	0x50
 631 002c 0C000000 		.4byte	.LVL4
ARM GAS  C:\Users\info\AppData\Local\Temp\ccr6qG9e.s 			page 24


 632 0030 18000000 		.4byte	.LFE1
 633 0034 0400     		.2byte	0x4
 634 0036 F3       		.byte	0xf3
 635 0037 01       		.uleb128 0x1
 636 0038 50       		.byte	0x50
 637 0039 9F       		.byte	0x9f
 638 003a 00000000 		.4byte	0
 639 003e 00000000 		.4byte	0
 640              		.section	.debug_aranges,"",%progbits
 641 0000 34000000 		.4byte	0x34
 642 0004 0200     		.2byte	0x2
 643 0006 00000000 		.4byte	.Ldebug_info0
 644 000a 04       		.byte	0x4
 645 000b 00       		.byte	0
 646 000c 0000     		.2byte	0
 647 000e 0000     		.2byte	0
 648 0010 00000000 		.4byte	.LFB0
 649 0014 18000000 		.4byte	.LFE0-.LFB0
 650 0018 00000000 		.4byte	.LFB1
 651 001c 18000000 		.4byte	.LFE1-.LFB1
 652 0020 00000000 		.4byte	.LFB2
 653 0024 10000000 		.4byte	.LFE2-.LFB2
 654 0028 00000000 		.4byte	.LFB3
 655 002c 10000000 		.4byte	.LFE3-.LFB3
 656 0030 00000000 		.4byte	0
 657 0034 00000000 		.4byte	0
 658              		.section	.debug_ranges,"",%progbits
 659              	.Ldebug_ranges0:
 660 0000 00000000 		.4byte	.LFB0
 661 0004 18000000 		.4byte	.LFE0
 662 0008 00000000 		.4byte	.LFB1
 663 000c 18000000 		.4byte	.LFE1
 664 0010 00000000 		.4byte	.LFB2
 665 0014 10000000 		.4byte	.LFE2
 666 0018 00000000 		.4byte	.LFB3
 667 001c 10000000 		.4byte	.LFE3
 668 0020 00000000 		.4byte	0
 669 0024 00000000 		.4byte	0
 670              		.section	.debug_line,"",%progbits
 671              	.Ldebug_line0:
 672 0000 90000000 		.section	.debug_str,"MS",%progbits,1
 672      02004400 
 672      00000201 
 672      FB0E0D00 
 672      01010101 
 673              	.LASF16:
 674 0000 76616C75 		.ascii	"value\000"
 674      6500
 675              	.LASF23:
 676 0006 73746174 		.ascii	"staticBits\000"
 676      69634269 
 676      747300
 677              	.LASF19:
 678 0011 70696E5F 		.ascii	"pin_snd_ReadDataReg\000"
 678      736E645F 
 678      52656164 
 678      44617461 
ARM GAS  C:\Users\info\AppData\Local\Temp\ccr6qG9e.s 			page 25


 678      52656700 
 679              	.LASF20:
 680 0025 474E5520 		.ascii	"GNU C11 5.4.1 20160609 (release) [ARM/embedded-5-br"
 680      43313120 
 680      352E342E 
 680      31203230 
 680      31363036 
 681 0058 616E6368 		.ascii	"anch revision 237715] -mcpu=cortex-m3 -mthumb -g -O"
 681      20726576 
 681      6973696F 
 681      6E203233 
 681      37373135 
 682 008b 67202D66 		.ascii	"g -ffunction-sections -ffat-lto-objects -flto\000"
 682      66756E63 
 682      74696F6E 
 682      2D736563 
 682      74696F6E 
 683              	.LASF18:
 684 00b9 70696E5F 		.ascii	"pin_snd_Read\000"
 684      736E645F 
 684      52656164 
 684      00
 685              	.LASF9:
 686 00c6 666C6F61 		.ascii	"float\000"
 686      7400
 687              	.LASF1:
 688 00cc 756E7369 		.ascii	"unsigned char\000"
 688      676E6564 
 688      20636861 
 688      7200
 689              	.LASF13:
 690 00da 72656738 		.ascii	"reg8\000"
 690      00
 691              	.LASF5:
 692 00df 6C6F6E67 		.ascii	"long unsigned int\000"
 692      20756E73 
 692      69676E65 
 692      6420696E 
 692      7400
 693              	.LASF3:
 694 00f1 73686F72 		.ascii	"short unsigned int\000"
 694      7420756E 
 694      7369676E 
 694      65642069 
 694      6E7400
 695              	.LASF10:
 696 0104 646F7562 		.ascii	"double\000"
 696      6C6500
 697              	.LASF8:
 698 010b 756E7369 		.ascii	"unsigned int\000"
 698      676E6564 
 698      20696E74 
 698      00
 699              	.LASF22:
 700 0118 433A5C55 		.ascii	"C:\\Users\\info\\Desktop\\Spring 2019 Classes\\6.11"
 700      73657273 
 700      5C696E66 
ARM GAS  C:\Users\info\AppData\Local\Temp\ccr6qG9e.s 			page 26


 700      6F5C4465 
 700      736B746F 
 701 0146 355C362E 		.ascii	"5\\6.115-final\\PSoCCreator\\Final Project\\FinalEm"
 701      3131352D 
 701      66696E61 
 701      6C5C5053 
 701      6F434372 
 702 0175 756C6174 		.ascii	"ulator.cydsn\000"
 702      6F722E63 
 702      7964736E 
 702      00
 703              	.LASF7:
 704 0182 6C6F6E67 		.ascii	"long long unsigned int\000"
 704      206C6F6E 
 704      6720756E 
 704      7369676E 
 704      65642069 
 705              	.LASF17:
 706 0199 6D6F6465 		.ascii	"mode\000"
 706      00
 707              	.LASF6:
 708 019e 6C6F6E67 		.ascii	"long long int\000"
 708      206C6F6E 
 708      6720696E 
 708      7400
 709              	.LASF15:
 710 01ac 70696E5F 		.ascii	"pin_snd_SetDriveMode\000"
 710      736E645F 
 710      53657444 
 710      72697665 
 710      4D6F6465 
 711              	.LASF11:
 712 01c1 63686172 		.ascii	"char\000"
 712      00
 713              	.LASF2:
 714 01c6 73686F72 		.ascii	"short int\000"
 714      7420696E 
 714      7400
 715              	.LASF12:
 716 01d0 75696E74 		.ascii	"uint8\000"
 716      3800
 717              	.LASF4:
 718 01d6 6C6F6E67 		.ascii	"long int\000"
 718      20696E74 
 718      00
 719              	.LASF0:
 720 01df 7369676E 		.ascii	"signed char\000"
 720      65642063 
 720      68617200 
 721              	.LASF21:
 722 01eb 47656E65 		.ascii	"Generated_Source\\PSoC5\\pin_snd.c\000"
 722      72617465 
 722      645F536F 
 722      75726365 
 722      5C50536F 
 723              	.LASF14:
 724 020c 70696E5F 		.ascii	"pin_snd_Write\000"
ARM GAS  C:\Users\info\AppData\Local\Temp\ccr6qG9e.s 			page 27


 724      736E645F 
 724      57726974 
 724      6500
 725              		.comm	__gnu_lto_v1,1,1
 726              		.ident	"GCC: (GNU Tools for ARM Embedded Processors) 5.4.1 20160609 (release) [ARM/embedded-5-bran
