ARM GAS  C:\Users\info\AppData\Local\Temp\ccJ2QWI3.s 			page 1


   1              		.syntax unified
   2              		.cpu cortex-m3
   3              		.fpu softvfp
   4              		.eabi_attribute 20, 1
   5              		.eabi_attribute 21, 1
   6              		.eabi_attribute 23, 3
   7              		.eabi_attribute 24, 1
   8              		.eabi_attribute 25, 1
   9              		.eabi_attribute 26, 1
  10              		.eabi_attribute 30, 1
  11              		.eabi_attribute 34, 1
  12              		.eabi_attribute 18, 4
  13              		.thumb
  14              		.syntax unified
  15              		.file	"pin_oled_dc.c"
  16              		.text
  17              	.Ltext0:
  18              		.section	.gnu.lto_.profile.792a006d,"",%progbits
  19 0000 789C6361 		.ascii	"x\234ca`d`a`\000\222\222\242\000\000\261\0009"
  19      60646061 
  19      60009292 
  19      A20000B1 
  19      0039
  20              		.text
  21              		.section	.gnu.lto_.inline.792a006d,"",%progbits
  22 0000 789C6361 		.ascii	"x\234ca`d\000\001?\006\004`a`\340\344`d`\342y\020\313"
  22      60640001 
  22      3F060460 
  22      6160E0E4 
  22      606460E2 
  23 0017 C0B6409E 		.ascii	"\300\266@\236\011$\306\310\300\301\016\024\342\232\340"
  23      0924C6C8 
  23      C0C10E14 
  23      E29AE0
  24 0026 07176262 		.ascii	"\007\027bb`c\005\012\261}\320\203\0131c\0121\000\000"
  24      6063050A 
  24      B17DD083 
  24      0B31630A 
  24      310000
  25 0039 537C0835 		.ascii	"S|\0105"
  26              		.text
  27              		.section	.gnu.lto_.jmpfuncs.792a006d,"",%progbits
  28 0000 789C6361 		.ascii	"x\234ca`d\000\001>\006\004`\001b\240(\023\003\0033\220"
  28      60640001 
  28      3E060460 
  28      0162A028 
  28      13030333 
  29 0015 05000292 		.ascii	"\005\000\002\222\000\036"
  29      001E
  30              		.text
  31              		.section	.gnu.lto_.pureconst.792a006d,"",%progbits
  32 0000 789C6361 		.ascii	"x\234ca`d\340d```a\220b\224b\222b\226\002\000\002\261"
  32      6064E064 
  32      60606061 
  32      90629462 
  32      92629602 
  33 0017 0081     		.ascii	"\000\201"
ARM GAS  C:\Users\info\AppData\Local\Temp\ccJ2QWI3.s 			page 2


  34              		.text
  35              		.section	.gnu.lto_pin_oled_dc_Write.792a006d,"",%progbits
  36 0000 789C5551 		.ascii	"x\234UQ\317KTQ\024>\337\275\357\275\321\306\362\017"
  36      CF4B5451 
  36      143EDFBD 
  36      EFBDD1C6 
  36      F20F
  37 0012 68166E06 		.ascii	"h\026n\006\263\205\004\021\264\256E\333\310\355\200"
  37      B3850411 
  37      B4AE45DB 
  37      C8ED80
  38 0021 0CE35B0C 		.ascii	"\014\343[\014\230\023:\266\365>\307\031\251\225\233"
  38      98133AB6 
  38      F53EC719 
  38      A9959B
  39 0030 66562A24 		.ascii	"fV*$\342\2445\246A\020\264x=\220vE -\242b\220xA\253"
  39      E2A435A6 
  39      4110B478 
  39      3D907645 
  39      202DA262 
  40 0048 111A94CC 		.ascii	"\021\032\224\314\246s\356k\221\007\356\217w\336\367"
  40      A673EE6B 
  40      9107EE8F 
  40      77DEF7
  41 0057 7DE73BE7 		.ascii	"}\347;\347:\004\222\270\254\210\256\363y\221\0274A-"
  41      3A0492B8 
  41      AC88AEF3 
  41      79911734 
  41      412D
  42 0069 BD230AFA 		.ascii	"\275#\012\372\024 \027\323\007\232S\230CW\235*D\213"
  42      142017D3 
  42      079A5398 
  42      43579D2A 
  42      448B
  43 007b F12B35B2 		.ascii	"\361+5\262a8\332\353+\3324CT5QOY%\302\006F\030\365\375"
  43      6138DAEB 
  43      2BDA3443 
  43      5435514F 
  43      5925C206 
  44 0093 F5E23EF4 		.ascii	"\365\342>\364%\020\337kQ\267\223\036^7f\336\230\323"
  44      2510DF6B 
  44      51B7931E 
  44      5E3766DE 
  44      98D3
  45 00a5 9CD1550D 		.ascii	"\234\321U\0154\241\231\201\253\031\\\311\020'\010O0"
  45      34A19981 
  45      AB195CC9 
  45      1027084F 
  45      30
  46 00b6 2CE0E34F 		.ascii	",\340\343O\373\255\013z\324\022\227L\374x \273&\304"
  46      FBAD0B7A 
  46      D412974C 
  46      FC7820BB 
  46      26C4
  47 00c8 F0E86EC3 		.ascii	"\360\350n\303\204\301\220p7\377\347J0\364`\347\317\243"
  47      84C19070 
  47      37FFE74A 
ARM GAS  C:\Users\info\AppData\Local\Temp\ccJ2QWI3.s 			page 3


  47      30F460E7 
  47      CFA3
  48 00da F3DE82B8 		.ascii	"\363\336\202\270\032\302\026\262\211\037<\205\307\035"
  48      1AC216B2 
  48      891F3C85 
  48      C71D
  49 00e8 4232DB77 		.ascii	"B2\333wB\323\353UL\330u\273\272_qQ\305\235\362\017\007"
  49      42D3EB55 
  49      4CD875BB 
  49      BA5F7151 
  49      C59DF20F 
  50 00fd 52DB9584 		.ascii	"R\333\225\204'[J6\242\016/\351\376P)9u\214\350\327\303"
  50      275B4A36 
  50      A20E2FE9 
  50      FE502939 
  50      758CE8D7 
  51 0112 AF8D9468 		.ascii	"\257\215\224hV\264L\242^\215\336\247~\252\252\326\326"
  51      56B44CA2 
  51      5E8DDEA7 
  51      7EAAAAD6 
  51      D6
  52 0123 ED87E697 		.ascii	"\355\207\346\227\306\277\317p-0\016\247Z/\333\017\006"
  52      C6BFCF70 
  52      2D300EA7 
  52      5A2FDB0F 
  52      06
  53 0134 56B11C2C 		.ascii	"V\261\034,\360\214\034\264\220\3013\260glc\025\024\243"
  53      F08C1CB4 
  53      90C133B0 
  53      676C6315 
  53      14A3
  54 0146 F2BBF619 		.ascii	"\362\273\366\031\211\240N4?.\357\325\323\"\002\234\000"
  54      89A04E34 
  54      3F2EEFD5 
  54      D322029C 
  54      00
  55 0157 CF197C00 		.ascii	"\317\031|\000e\333`\247\214\022R\247\026\277\355OXn"
  55      65DB60A7 
  55      8C1252A7 
  55      16BFED4F 
  55      586E
  56 0169 454B9DBD 		.ascii	"EK\235\275\336Q8(,\227\301;L\262\322\337T\002\022\034"
  56      DE513828 
  56      2C97C13B 
  56      4CB2D2DF 
  56      5402121C 
  57 017d 83DEB477 		.ascii	"\203\336\264w\017\255\264\003\007\273\011\350\330K "
  57      0FADB403 
  57      07BB09E8 
  57      D84B20
  58 018c 296BC0E3 		.ascii	")k\300\343TT\267\206\316\230\017\214I\237\365\377\202"
  58      5454B786 
  58      CE980F8C 
  58      499FF5FF 
  58      82
  59 019d FD338B7E 		.ascii	"\3753\213~`><q\205`\037\242\243 \263\342\311eo\371S"
  59      603E3C71 
ARM GAS  C:\Users\info\AppData\Local\Temp\ccJ2QWI3.s 			page 4


  59      85601FA2 
  59      A320B3E2 
  59      C9656FF9 
  60 01b2 FE74BEEC 		.ascii	"\376t\276\354O\214\217\225f\247\013~\356\366X\351\346"
  60      4F8C8F95 
  60      66A70B7E 
  60      EEF658E9 
  60      E6
  61 01c3 B5DCBDE2 		.ascii	"\265\334\275\342\324xi\222\263\023\205\321\002\271\367"
  61      D4786992 
  61      B31385D1 
  61      02B9F7
  62 01d2 F393B3FE 		.ascii	"\363\223\263\376\271\231r\276\\,\334(\226g\376\002\275"
  62      B99972BE 
  62      5C2CDC28 
  62      9667FE02 
  62      BD
  63 01e3 7CC5BB   		.ascii	"|\305\273"
  64              		.text
  65              		.section	.gnu.lto_pin_oled_dc_SetDriveMode.792a006d,"",%progbits
  66 0000 789C7D51 		.ascii	"x\234}Q\273J\003A\024\2353\263\331M\010\346\007La#*"
  66      BB4A0341 
  66      149D33B3 
  66      D94D08E6 
  66      074C6123 
  67 0015 8804C42F 		.ascii	"\210\004\304/\020\264\025m#\"\311\026\202\032\025\255"
  67      10B4156D 
  67      2322C916 
  67      821A15AD 
  68 0025 9D244641 		.ascii	"\235$FA\021\0041M\020m\304\367\013\005\261\213\013Z"
  68      1104314D 
  68      106DC4F7 
  68      0B05B18B 
  68      0B5A
  69 0037 C6CEC242 		.ascii	"\306\316\302B\304\"\205\240\304\027\276\215\367\356"
  69      C42285A0 
  69      C417BE8D 
  69      F7EE
  70 0045 5AA472D8 		.ascii	"Z\244r\330\271\217\3039\207;w\015\001\301\247H\251\221"
  70      B98FC339 
  70      873B770D 
  70      01C1A748 
  70      A991
  71 0057 72355D28 		.ascii	"r5](\0019W\020\"\351\227\000\027\332\0171.1\216\027"
  71      01395710 
  71      22E99700 
  71      17DA0F31 
  71      2E318E17 
  72 006b F92DE14C 		.ascii	"\371-\341L\025\217e\303\252\246s}z\037\321kyd\224\020"
  72      158F65C3 
  72      AAA6737D 
  72      7A1FD16B 
  72      79649410 
  73 007f 65E93A09 		.ascii	"e\351:\011\254\242\201XO\007+\363AU\017A\365C\241t\025"
  73      ACA28158 
  73      4F072BF3 
  73      41550F41 
ARM GAS  C:\Users\info\AppData\Local\Temp\ccJ2QWI3.s 			page 5


  73      F543A174 
  74 0094 AA5BD13A 		.ascii	"\252[\321:\245u\256[\253\214\002\326\240H\201\3460\""
  74      A575AE5B 
  74      AB8C02D6 
  74      A04881E6 
  74      3022
  75 00a6 614180C0 		.ascii	"aA\200\300:\352\230|\263\377\263PeN\260}\215g\212\015"
  75      3AEA987C 
  75      B3FFB350 
  75      654EB07D 
  75      8D678A0D 
  76 00ba 983CE66E 		.ascii	"\230<\346ng^\227\313i\235\1775O>\314\240$\231T\024\224"
  76      675E97CB 
  76      699D7F35 
  76      4F3ECCA0 
  76      24995414 
  77 00cf C1C10776 		.ascii	"\301\301\007v0\271\2648\3709\004\230#D\211.?\344AJ\316"
  77      30B9B438 
  77      F8390498 
  77      2344892E 
  77      3FE4414A 
  78 00e4 AA08E763 		.ascii	"\252\010\347c\272\2303\3309\255\370Q\331\214sn=\313"
  78      BA9833D8 
  78      39ADF851 
  78      D98C736E 
  78      3DCB
  79 00f6 8C32DC89 		.ascii	"\2142\334\211\337\013G\263!\257\275YNj\203\240\303I"
  79      DF0B47B3 
  79      21AFBD59 
  79      4E6A83A0 
  79      C349
  80 0108 A765098B 		.ascii	"\247e\011\213\311\011z\255\017[\010c\023a\032n\033K"
  80      C9097AAD 
  80      0F5B0863 
  80      13611A6E 
  80      1B4B
  81 011a A0FDA51E 		.ascii	"\240\375\245\036-\317M\221!\365\351/\323\353\015\202"
  81      2DCF4D91 
  81      21F5E92F 
  81      D3EB0D82 
  82 012a 487E7936 		.ascii	"H~y6\363\035`G\205a\354\220\262BB\237\257Rb\021D\222"
  82      F31D6047 
  82      8561EC90 
  82      B242429F 
  82      AF526211 
  83 0140 BB8BCD2D 		.ascii	"\273\213\315-\345IB\330u%\351\267?\212\3375\266*]\002"
  83      E54942D8 
  83      7525E9B7 
  83      3F8ADF35 
  83      B62A5D02 
  84 0154 8452EF64 		.ascii	"\204R\357d\301\375?\023\357\321\304D\027\267H\345?\333"
  84      C1FD3F13 
  84      EFD1C444 
  84      17B748E5 
  84      3FDB
  85 0166 98ECFEB8 		.ascii	"\230\354\376\270\222\004/\207VU\333n\017\332#\275\243"
  85      92042F87 
ARM GAS  C:\Users\info\AppData\Local\Temp\ccJ2QWI3.s 			page 6


  85      5655DB6E 
  85      0FDA23BD 
  85      A3
  86 0177 76BCA72B 		.ascii	"v\274\247+16\022\263\243\035]\211\326\226\350P\337`"
  86      313612B3 
  86      A31D5D89 
  86      D696E850 
  86      DF60
  87 0189 4FA29FD0 		.ascii	"O\242\237\320x\254)&\214\201D\334\376\005\371a\246\277"
  87      78AC2926 
  87      8C8144DC 
  87      FE05F961 
  87      A6BF
  88              		.text
  89              		.section	.gnu.lto_pin_oled_dc_Read.792a006d,"",%progbits
  90 0000 789C3D4F 		.ascii	"x\234=O1K\303P\020\276\357\2754)\202\370\003\354\340"
  90      314BC350 
  90      10BEEFBD 
  90      342982F8 
  90      03ECE0
  91 0013 22D24504 		.ascii	"\"\322E\004\021\304U\320U\024\234\012E\332\014\202\264"
  91      11C455D0 
  91      55149C0A 
  91      45DA0C82 
  91      B4
  92 0024 52746ED2 		.ascii	"Rtn\3224\012\342\240\203\272\250\035D\332\252E\235\272"
  92      340AE2A0 
  92      83BAA81D 
  92      44DAAA45 
  92      9DBA
  93 0036 A6455110 		.ascii	"\246EQ\020\024\007\301ID\244\203\223\026\245P\324x\317"
  93      1407C149 
  93      44A48393 
  93      16A550D4 
  93      78CF
  94 0048 8807EFEE 		.ascii	"\210\007\357\356\335\335\367\335w\247\021H\3314\207"
  94      DDDDF7DD 
  94      77A71148 
  94      D93487
  95 0057 3E8EDDFC 		.ascii	">\216\335\374 \011b\355\232\310\016\013@}\2540(+\220"
  95      200962ED 
  95      9AC80E0B 
  95      407DAC30 
  95      282B90
  96 006a C587F812 		.ascii	"\305\207\370\022\270j]\256vD\213\226\225\263\036\367"
  96      B86A5DAE 
  96      76448B96 
  96      95B31EF7 
  97 007a DBC35B25 		.ascii	"\333\303[%\017\256$\362\005a0\202\201\210\032QD\224"
  97      0FAE24F2 
  97      05613082 
  97      81881A51 
  97      4494
  98 008c 18FA74FA 		.ascii	"\030\372t\372\275\321\251\347-\266\036\005\340N\011"
  98      BDD1A9E7 
  98      2DB61E05 
  98      E04E09
ARM GAS  C:\Users\info\AppData\Local\Temp\ccJ2QWI3.s 			page 7


  99 009b BA923C9E 		.ascii	"\272\222<\236\364,\337w,\357\316\250\335\033\006\310"
  99      F42CDF77 
  99      2CEFCEA8 
  99      DD1B06C8 
 100 00ab 95ACCB4E 		.ascii	"\225\254\313Nc'B\312\351\244\306\322+\323\324\022oB"
 100      632742CA 
 100      E9A4C6D2 
 100      2BD3D412 
 100      6F42
 101 00bd A8281BA8 		.ascii	"\250(\033\250\267W\036vG\324$GJV\331t\3537\306\273p"
 101      B7571E76 
 101      47D42447 
 101      4A56D974 
 101      EB37C6BB 
 102 00d2 A584122D 		.ascii	"\245\204\022-\257W\233\177im\317\2664.\331\325\312\205"
 102      AF579B7F 
 102      696DCFB6 
 102      342ED9D5 
 102      CA85
 103 00e4 51C08E9D 		.ascii	"Q\300\216\235\347U5\034 \2022xQ\034\242\000j\300\371"
 103      E755351C 
 103      20823278 
 103      511CA200 
 103      6AC0F9
 104 00f7 1C234722 		.ascii	"\034#G\"\030w\233?\331\226\212\017h8bX\003\271\346\362"
 104      18779B3F 
 104      D9968A0F 
 104      68386258 
 104      03B9E6F2 
 105 010b B30C0435 		.ascii	"\263\014\0045\306)Fs\351L\017*!.2\355\334oy]\212& P"
 105      C6294673 
 105      E94C0F2A 
 105      212E32ED 
 105      DC6F795D 
 106 0123 F9A72100 		.ascii	"\371\247!\000)\034\275p'\310\350\3670\250\203\370\274"
 106      291CBD70 
 106      27C8E8F7 
 106      30A883F8 
 106      BC
 107 0134 DE713365 		.ascii	"\336q3eff\026\314d|*\275\230I\230\261\211\251\364\350"
 107      666616CC 
 107      647C2ABD 
 107      984998B1 
 107      89A9F4E8 
 108 0148 506C7E36 		.ascii	"Pl~6\025O\317q5\231\350O\320\017`\276}c"
 108      154FCF71 
 108      3599E84F 
 108      D00F60BE 
 108      7D63
 109              		.text
 110              		.section	.gnu.lto_pin_oled_dc_ReadDataReg.792a006d,"",%progbits
 111 0000 789C3D4F 		.ascii	"x\234=O=K\003A\020\235\267{\371 (\376\000S\330\210\244"
 111      3D4B0341 
 111      109DB77B 
 111      F92028FE 
 111      0053D888 
 112 0015 11412CB4 		.ascii	"\021A,\264\025\264\025\003V\201 \311\025\202$\022\264"
ARM GAS  C:\Users\info\AppData\Local\Temp\ccJ2QWI3.s 			page 8


 112      15B41503 
 112      568120C9 
 112      15822412 
 112      B4
 113 0026 CE269753 		.ascii	"\316&\227S\024\013\033M\243\244\020I\342\267\215\235"
 113      140B1B4D 
 113      A3A41049 
 113      E2B78D9D 
 114 0036 70060541 		.ascii	"p\006\005AP\363\003\204 \222\302J\203\022\020\3159\353"
 114      50F30384 
 114      2092C24A 
 114      831210CD 
 114      39EB
 115 0048 89033BB3 		.ascii	"\211\003;\2633\363\336\274\031\203@\332f8\014p\354\345"
 115      33F3DEBC 
 115      198340DA 
 115      66380C70 
 115      ECE5
 116 005a 0749101B 		.ascii	"\007I\020\033wD\271\240\000\364G\005AY\201,>\304\267"
 116      7744B9A0 
 116      00F44705 
 116      4159812C 
 116      3EC4B7
 117 006d C06DFB66 		.ascii	"\300m\373f=\024)+\225W\215\275\362h\261\342\300\226"
 117      3D14292B 
 117      95578DBD 
 117      F268B1E2 
 117      C096
 118 007f 44AE200C 		.ascii	"D\256 \014\2071\024\326#\312\210\020C\237\316:\233\335"
 118      873114D6 
 118      23CA8810 
 118      439FCE3A 
 118      9BDD
 119 0091 FE8262EB 		.ascii	"\376\202b\353\323\000\356T\340\327\222'\323\216r]K9"
 119      D300EE54 
 119      E0D79227 
 119      D38E725D 
 119      4B39
 120 00a3 17A1CB87 		.ascii	"\027\241\313\207P\000dK\326eg\260\023>\355\374\244\307"
 120      5000644B 
 120      D66567B0 
 120      133EEDFC 
 120      A4C7
 121 00b5 D22BD3F4 		.ascii	"\322+\323\364\022oB\350(\233\250}\256u\252cz\222%%\253"
 121      126F42E8 
 121      289BA87D 
 121      AE75AA63 
 121      7A922525 
 122 00ca 6CD9B5FB 		.ascii	"l\331\265\373\300\273\260\245\204\026\255W\036\213\177"
 122      C0BBB0A5 
 122      8416AD57 
 122      1E8B7F
 123 00d9 A9B39B53 		.ascii	"\251\263\233S\006\227\216\317\033\253]%\354\344\012"
 123      06978ECF 
 123      1BAB5D25 
 123      ECE40A
 124 00e8 BCAA817D 		.ascii	"\274\252\201}\204Q\005/\212\003\224@MX_\023dIx\343\352"
ARM GAS  C:\Users\info\AppData\Local\Temp\ccJ2QWI3.s 			page 9


 124      8451052F 
 124      8A039440 
 124      4D585F13 
 124      644978E3 
 125 00fd 85D36DA9 		.ascii	"\205\323m\251\371\200\201C\2065\221o\255<KO\320`\234"
 125      F9808143 
 125      8635916F 
 125      AD3C4B4F 
 125      D0609C
 126 0110 66B496AF 		.ascii	"f\264\226\257\374^\305\307E\246]\273m\247G\323\004\004"
 126      FC5EC5C7 
 126      45A65DBB 
 126      6DA747D3 
 126      0404
 127 0122 8EFE69F0 		.ascii	"\216\376i\360@\032G/\334\3612\372=\014\372 >\257\177"
 127      401A472F 
 127      DCF132FA 
 127      3D0CFA20 
 127      3EAF7F
 128 0135 D24C9999 		.ascii	"\322L\231\231\331E3\031\217\246\2272\01136\025M\217"
 128      D9453319 
 128      8FA69732 
 128      09333615 
 128      4D8F
 129 0147 8FC416E6 		.ascii	"\217\304\026\346R\361\364<W\223\211\301\004\375\000"
 129      52F1F43C 
 129      579389C1 
 129      04FD00
 130 0156 1CFD7D51 		.ascii	"\034\375}Q"
 131              		.text
 132              		.section	.gnu.lto_.symbol_nodes.792a006d,"",%progbits
 133 0000 789C6361 		.ascii	"x\234ca`dpc\000\002&\206z\006\206\011\347\030@\324\252"
 133      60647063 
 133      00022686 
 133      7A068609 
 133      E71840D4 
 134 0015 0645A000 		.ascii	"\006E\240\000c=#\252\000S=\023\252\000s=3\212\000\003"
 134      633D23AA 
 134      00533D13 
 134      AA00733D 
 134      338A0003 
 135 0029 001ED60E 		.ascii	"\000\036\326\016\374"
 135      FC
 136              		.text
 137              		.section	.gnu.lto_.refs.792a006d,"",%progbits
 138 0000 789C6361 		.ascii	"x\234ca`\004B \000\000\0009\000\007"
 138      60044220 
 138      00000039 
 138      0007
 139              		.text
 140              		.section	.gnu.lto_.decls.792a006d,"",%progbits
 141 0000 789C8D53 		.ascii	"x\234\215S]H\024Q\024\276gfv]F3\223\250}\330`\023\002"
 141      5D481451 
 141      14BE6766 
 141      765D4633 
 141      93A87DD8 
 142 0017 1F429208 		.ascii	"\037B\222\010|\010\013\224\354\245\014-{\021du\007["
ARM GAS  C:\Users\info\AppData\Local\Temp\ccJ2QWI3.s 			page 10


 142      7C080B94 
 142      ECA50C2D 
 142      7B116475 
 142      075B
 143 0029 0A57B635 		.ascii	"\012W\2665\360\355\346n`\005\241\204\212\026\371\363"
 143      F0EDE66E 
 143      6005A184 
 143      8A16F9F3 
 144 0039 509ABFEB 		.ascii	"P\232\277\353\252\271[\346f\376D d\202P\006I\226\240"
 144      AAB95BE6 
 144      66FE4420 
 144      64825006 
 144      4996A0
 145 004c 8918F990 		.ascii	"\211\030\371\220\201\331\271wg\235\3216\360\300\235"
 145      81D9B977 
 145      679DD136 
 145      F0C09D
 146 005b 7BCE3DE7 		.ascii	"{\316=\347\373\316w\317\314H\004\010\263t\211\020\037"
 146      FBCE77CF 
 146      CC480408 
 146      B3748910 
 146      1F
 147 006c EE160C37 		.ascii	"\356\026\0147\321\014\350\347\021\3150M\374\270\372"
 147      D10CE8E7 
 147      11CD304D 
 147      FCB8FA
 148 007b 710DE20A 		.ascii	"q\015\342\012\222\177\215\345\215*\256\213q\341\032"
 148      927F8DE5 
 148      8D2AAE8B 
 148      71E11A
 149 008a C635842B 		.ascii	"\3065\204+[\255\001\265n\247\365G\301\206t\370\010\266"
 149      5BAD01B5 
 149      6EA7F547 
 149      C18674F8 
 149      08B6
 150 009c 3F0A96E9 		.ascii	"?\012\226\3511\350p\331Qp\203Qp\301]\340\242\335sC\000"
 150      31E870D9 
 150      51708351 
 150      70C15DE0 
 150      A2DD7343 
 151 00b1 CF97A526 		.ascii	"\317\227\245&\323,|\000 \300\215\250s$\354D\335\231"
 151      D32C7C00 
 151      20C08DA8 
 151      7324EC44 
 151      DD99
 152 00c3 03E14088 		.ascii	"\003\341@\210\360\301\026\263\352\360r \002\257\007"
 152      F0C116B3 
 152      EAF07220 
 152      02AF07
 153 00d2 5D625B1D 		.ascii	"]b[\035\177'\334\264#\330\262H%l'e\254Z\210\261\240"
 153      7F27DCB4 
 153      23D8B248 
 153      256C2765 
 153      AC5A88B1 
 154 00e7 01747CAA 		.ascii	"\001t|\252z\265?\350\333rj1r\351\231\373\276\217&\021"
 154      7AB53FE8 
 154      DB726A31 
ARM GAS  C:\Users\info\AppData\Local\Temp\ccJ2QWI3.s 			page 11


 154      72E999FB 
 154      BE8F2611 
 155 00fb 39D1FFBC 		.ascii	"9\321\377\274\336z&\245\203\242UQ*\034\325&\323}\353"
 155      DE7A26A5 
 155      83A25551 
 155      2A1CD526 
 155      D37DEB
 156 010e 6B9B694D 		.ascii	"k\233iM\000\213\014\233\300\342\345\300\372\236p\314"
 156      008B0C9B 
 156      C0E2E5C0 
 156      FA9E70CC 
 157 011e D2F5D5F3 		.ascii	"\322\365\325\363\177b\305C\314\027\246\347\333\027%"
 157      7F62C543 
 157      CC17A6E7 
 157      DB1725
 158 012d 48961F33 		.ascii	"H\226\0373\232\271:_z\200\322\004\350\002\031:@\204"
 158      9AB93A5F 
 158      7A80D204 
 158      E802193A 
 158      4084
 159 013f 3648610A 		.ascii	"6Ha\012,2>+)\255\240\253-\324h&p\334\002\307,\004:!"
 159      2C323E2B 
 159      29ADA0AB 
 159      2DD46826 
 159      70DC02C7 
 160 0157 9971B22A 		.ascii	"\231q\262*h\007\013<\005\013\343\377V\327\370\335(\341"
 160      68070B3C 
 160      050BE3FF 
 160      56D7F8DD 
 160      28E1
 161 0169 B8394FA1 		.ascii	"\2709O\241\304\316\246\274=\017E\224\220(\203\204\341"
 161      C4CEA6BC 
 161      3D0F4594 
 161      90288384 
 161      E1
 162 017a 8FC986F9 		.ascii	"\217\311\206\371x\014\367\313`\305\260#\370i\331h\256"
 162      780CF7CB 
 162      60C5B023 
 162      F869D968 
 162      AE
 163 018b E557F150 		.ascii	"\345W\361P\253\004y\007\300\207\204=HH\240\027\314\370"
 163      AB047907 
 163      C087843D 
 163      4848A017 
 163      CCF8
 164 019d EC06297C 		.ascii	"\354\006)|\273\336\261\301*1\251\2116\365\320\271\007"
 164      BBDEB1C1 
 164      2A31A989 
 164      36F5D0B9 
 164      07
 165 01ae E3276B3D 		.ascii	"\343'k=\364\015\342\254\254\014Z5\321\350\262\355\011"
 165      F40DE2AC 
 165      AC0C5A35 
 165      D1E8B2ED 
 165      09
 166 01bf CCE240FD 		.ascii	"\314\342@\375\220\204\310\346\226\205%\020\257\362!"
 166      9084C8E6 
ARM GAS  C:\Users\info\AppData\Local\Temp\ccJ2QWI3.s 			page 12


 166      96852510 
 166      AFF221
 167 01ce 34744E84 		.ascii	"4tN\204\342\303,\241\265\3618Zu\223\322\323\234\243"
 167      E2C32CA1 
 167      B5F1385A 
 167      7593D2D3 
 167      9CA3
 168 01e0 4FE3E8D3 		.ascii	"O\343\350\323s\364s\216\225\365_!\203\350\005N\362\356"
 168      73F4738E 
 168      95F55F21 
 168      83E8054E 
 168      F2EE
 169 01f2 EE9867AF 		.ascii	"\356\230g\257^7\273\260&\374\031\027^\250\352n\364\215"
 169      5E37BBB0 
 169      26FC1917 
 169      5EA8EA6E 
 169      F48D
 170 0204 3E527587 		.ascii	">Ru\207\246'\304z\032\362\"N`U0\240\365\034\320\367"
 170      A627C47A 
 170      1AF2224E 
 170      605530A0 
 170      F51CD0F7 
 171 0218 1CE43DBB 		.ascii	"\034\344=\273~/\214\304\2125\341\236\367\336\217\373"
 171      7E2F8CC4 
 171      8A35E19E 
 171      F7DE8FFB 
 172 0228 8D2A4DF0 		.ascii	"\215*M\360mD8#\011h$\001=I\220\223\254y\177\316\030"
 172      6D443823 
 172      09682401 
 172      3D499093 
 172      AC797FCE 
 173 023d 657C8B9E 		.ascii	"e|\213\236\335\275\305\311\305\346\315\030\261\2237"
 173      DDBDC5C9 
 173      C5E6CD18 
 173      B19337
 174 024c 15FC35F5 		.ascii	"\025\3745\36551 'G\201\277\214\002W\277\246\365\213"
 174      35312027 
 174      4781BF8C 
 174      0257BFA6 
 174      F58B
 175 025e D5B7D90D 		.ascii	"\325\267\331\015\207p*/4q\317A\016O\244m\345u\010\342"
 175      87702A2F 
 175      3471CF41 
 175      0E4FA46D 
 175      E57508E2 
 176 0272 EEB00F0B 		.ascii	"\356\260\017\013\307\227x\226\027j\343\033\2068\376"
 176      C7977896 
 176      176AE31B 
 176      8638FE
 177 0281 03E0BE21 		.ascii	"\003\340\276!\210\243\323\335\3032\310\026\300<T\262"
 177      88A3D3DD 
 177      C332C816 
 177      C03C54B2 
 178 0291 06AB153A 		.ascii	"\006\253\025:\035\004B\214\026^az\004\341\015\224\325"
 178      1D04428C 
 178      165E617A 
 178      04E10D94 
ARM GAS  C:\Users\info\AppData\Local\Temp\ccJ2QWI3.s 			page 13


 178      D5
 179 02a2 4C013FE6 		.ascii	"L\001?\346\301\352)\356\363\307\276RGI\201\363\232b"
 179      C1EA29EE 
 179      F3C7BE52 
 179      474981F3 
 179      9A62
 180 02b4 2FB01715 		.ascii	"/\260\027\025\\v9\334\212)\353\374%kFj*1\2249J\334i"
 180      5C7639DC 
 180      8A29EBFC 
 180      256B466A 
 180      2A319439 
 181 02cb 87B39412 		.ascii	"\207\263\224\022\305escE\256\263\314U\244\344_\310u"
 181      C5657363 
 181      45AEB3CC 
 181      55A4E45F 
 181      C875
 182 02dd 669CC82F 		.ascii	"f\234\310/*w\227\227*\327S\256\220#\377\251\3201\247"
 182      2A779797 
 182      2AD753AE 
 182      9023FFA9 
 182      D031A7
 183 02f0 1411B3BE 		.ascii	"\024\021\263\276Q\256\342\316t9n(\347\234v%A\237\310"
 183      51AEE2CE 
 183      74396E28 
 183      E79C7625 
 183      419FC8
 184 0303 516CF683 		.ascii	"Ql\366\203;\0172mn[\216R,\271\224\342\264\277\224Tm"
 184      3B0F326D 
 184      6E5B8E52 
 184      2CB994E2 
 184      B4BF9454 
 185 0318 C8       		.ascii	"\310"
 186              		.text
 187              		.section	.gnu.lto_.symtab.792a006d,"",%progbits
 188 0000 70696E5F 		.ascii	"pin_oled_dc_Write\000"
 188      6F6C6564 
 188      5F64635F 
 188      57726974 
 188      6500
 189 0012 00       		.ascii	"\000"
 190 0013 00       		.ascii	"\000"
 191 0014 00       		.ascii	"\000"
 192 0015 00000000 		.ascii	"\000\000\000\000\000\000\000\000"
 192      00000000 
 193 001d B3000000 		.ascii	"\263\000\000\000"
 194 0021 70696E5F 		.ascii	"pin_oled_dc_SetDriveMode\000"
 194      6F6C6564 
 194      5F64635F 
 194      53657444 
 194      72697665 
 195 003a 00       		.ascii	"\000"
 196 003b 00       		.ascii	"\000"
 197 003c 00       		.ascii	"\000"
 198 003d 00000000 		.ascii	"\000\000\000\000\000\000\000\000"
 198      00000000 
 199 0045 B5000000 		.ascii	"\265\000\000\000"
 200 0049 70696E5F 		.ascii	"pin_oled_dc_Read\000"
ARM GAS  C:\Users\info\AppData\Local\Temp\ccJ2QWI3.s 			page 14


 200      6F6C6564 
 200      5F64635F 
 200      52656164 
 200      00
 201 005a 00       		.ascii	"\000"
 202 005b 00       		.ascii	"\000"
 203 005c 00       		.ascii	"\000"
 204 005d 00000000 		.ascii	"\000\000\000\000\000\000\000\000"
 204      00000000 
 205 0065 B8000000 		.ascii	"\270\000\000\000"
 206 0069 70696E5F 		.ascii	"pin_oled_dc_ReadDataReg\000"
 206      6F6C6564 
 206      5F64635F 
 206      52656164 
 206      44617461 
 207 0081 00       		.ascii	"\000"
 208 0082 00       		.ascii	"\000"
 209 0083 00       		.ascii	"\000"
 210 0084 00000000 		.ascii	"\000\000\000\000\000\000\000\000"
 210      00000000 
 211 008c BA000000 		.ascii	"\272\000\000\000"
 212              		.text
 213              		.section	.gnu.lto_.opts,"",%progbits
 214 0000 272D666D 		.ascii	"'-fmath-errno' '-fsigned-zeros' '-ftrapping-math' '"
 214      6174682D 
 214      6572726E 
 214      6F272027 
 214      2D667369 
 215 0033 2D666E6F 		.ascii	"-fno-trapv' '-fno-strict-overflow' '-fno-openmp' '-"
 215      2D747261 
 215      70762720 
 215      272D666E 
 215      6F2D7374 
 216 0066 666E6F2D 		.ascii	"fno-openacc' '-mcpu=cortex-m3' '-mthumb' '-g' '-Og'"
 216      6F70656E 
 216      61636327 
 216      20272D6D 
 216      6370753D 
 217 0099 20272D66 		.ascii	" '-ffunction-sections' '-ffat-lto-objects' '-flto'\000"
 217      66756E63 
 217      74696F6E 
 217      2D736563 
 217      74696F6E 
 218              		.text
 219              		.cfi_sections	.debug_frame
 220              		.section	.text.pin_oled_dc_Write,"ax",%progbits
 221              		.align	2
 222              		.global	pin_oled_dc_Write
 223              		.thumb
 224              		.thumb_func
 225              		.type	pin_oled_dc_Write, %function
 226              	pin_oled_dc_Write:
 227              	.LFB0:
 228              		.file 1 "Generated_Source\\PSoC5\\pin_oled_dc.c"
   1:Generated_Source\PSoC5/pin_oled_dc.c **** /*******************************************************************************
   2:Generated_Source\PSoC5/pin_oled_dc.c **** * File Name: pin_oled_dc.c  
   3:Generated_Source\PSoC5/pin_oled_dc.c **** * Version 2.20
ARM GAS  C:\Users\info\AppData\Local\Temp\ccJ2QWI3.s 			page 15


   4:Generated_Source\PSoC5/pin_oled_dc.c **** *
   5:Generated_Source\PSoC5/pin_oled_dc.c **** * Description:
   6:Generated_Source\PSoC5/pin_oled_dc.c **** *  This file contains API to enable firmware control of a Pins component.
   7:Generated_Source\PSoC5/pin_oled_dc.c **** *
   8:Generated_Source\PSoC5/pin_oled_dc.c **** * Note:
   9:Generated_Source\PSoC5/pin_oled_dc.c **** *
  10:Generated_Source\PSoC5/pin_oled_dc.c **** ********************************************************************************
  11:Generated_Source\PSoC5/pin_oled_dc.c **** * Copyright 2008-2015, Cypress Semiconductor Corporation.  All rights reserved.
  12:Generated_Source\PSoC5/pin_oled_dc.c **** * You may use this file only in accordance with the license, terms, conditions, 
  13:Generated_Source\PSoC5/pin_oled_dc.c **** * disclaimers, and limitations in the end user license agreement accompanying 
  14:Generated_Source\PSoC5/pin_oled_dc.c **** * the software package with which this file was provided.
  15:Generated_Source\PSoC5/pin_oled_dc.c **** *******************************************************************************/
  16:Generated_Source\PSoC5/pin_oled_dc.c **** 
  17:Generated_Source\PSoC5/pin_oled_dc.c **** #include "cytypes.h"
  18:Generated_Source\PSoC5/pin_oled_dc.c **** #include "pin_oled_dc.h"
  19:Generated_Source\PSoC5/pin_oled_dc.c **** 
  20:Generated_Source\PSoC5/pin_oled_dc.c **** /* APIs are not generated for P15[7:6] on PSoC 5 */
  21:Generated_Source\PSoC5/pin_oled_dc.c **** #if !(CY_PSOC5A &&\
  22:Generated_Source\PSoC5/pin_oled_dc.c **** 	 pin_oled_dc__PORT == 15 && ((pin_oled_dc__MASK & 0xC0) != 0))
  23:Generated_Source\PSoC5/pin_oled_dc.c **** 
  24:Generated_Source\PSoC5/pin_oled_dc.c **** 
  25:Generated_Source\PSoC5/pin_oled_dc.c **** /*******************************************************************************
  26:Generated_Source\PSoC5/pin_oled_dc.c **** * Function Name: pin_oled_dc_Write
  27:Generated_Source\PSoC5/pin_oled_dc.c **** ****************************************************************************//**
  28:Generated_Source\PSoC5/pin_oled_dc.c **** *
  29:Generated_Source\PSoC5/pin_oled_dc.c **** * \brief Writes the value to the physical port (data output register), masking
  30:Generated_Source\PSoC5/pin_oled_dc.c **** *  and shifting the bits appropriately. 
  31:Generated_Source\PSoC5/pin_oled_dc.c **** *
  32:Generated_Source\PSoC5/pin_oled_dc.c **** * The data output register controls the signal applied to the physical pin in 
  33:Generated_Source\PSoC5/pin_oled_dc.c **** * conjunction with the drive mode parameter. This function avoids changing 
  34:Generated_Source\PSoC5/pin_oled_dc.c **** * other bits in the port by using the appropriate method (read-modify-write or
  35:Generated_Source\PSoC5/pin_oled_dc.c **** * bit banding).
  36:Generated_Source\PSoC5/pin_oled_dc.c **** *
  37:Generated_Source\PSoC5/pin_oled_dc.c **** * <b>Note</b> This function should not be used on a hardware digital output pin 
  38:Generated_Source\PSoC5/pin_oled_dc.c **** * as it is driven by the hardware signal attached to it.
  39:Generated_Source\PSoC5/pin_oled_dc.c **** *
  40:Generated_Source\PSoC5/pin_oled_dc.c **** * \param value
  41:Generated_Source\PSoC5/pin_oled_dc.c **** *  Value to write to the component instance.
  42:Generated_Source\PSoC5/pin_oled_dc.c **** *
  43:Generated_Source\PSoC5/pin_oled_dc.c **** * \return 
  44:Generated_Source\PSoC5/pin_oled_dc.c **** *  None 
  45:Generated_Source\PSoC5/pin_oled_dc.c **** *
  46:Generated_Source\PSoC5/pin_oled_dc.c **** * \sideeffect
  47:Generated_Source\PSoC5/pin_oled_dc.c **** *  If you use read-modify-write operations that are not atomic; the Interrupt 
  48:Generated_Source\PSoC5/pin_oled_dc.c **** *  Service Routines (ISR) can cause corruption of this function. An ISR that 
  49:Generated_Source\PSoC5/pin_oled_dc.c **** *  interrupts this function and performs writes to the Pins component data 
  50:Generated_Source\PSoC5/pin_oled_dc.c **** *  register can cause corrupted port data. To avoid this issue, you should 
  51:Generated_Source\PSoC5/pin_oled_dc.c **** *  either use the Per-Pin APIs (primary method) or disable interrupts around 
  52:Generated_Source\PSoC5/pin_oled_dc.c **** *  this function.
  53:Generated_Source\PSoC5/pin_oled_dc.c **** *
  54:Generated_Source\PSoC5/pin_oled_dc.c **** * \funcusage
  55:Generated_Source\PSoC5/pin_oled_dc.c **** *  \snippet pin_oled_dc_SUT.c usage_pin_oled_dc_Write
  56:Generated_Source\PSoC5/pin_oled_dc.c **** *******************************************************************************/
  57:Generated_Source\PSoC5/pin_oled_dc.c **** void pin_oled_dc_Write(uint8 value)
  58:Generated_Source\PSoC5/pin_oled_dc.c **** {
 229              		.loc 1 58 0
 230              		.cfi_startproc
ARM GAS  C:\Users\info\AppData\Local\Temp\ccJ2QWI3.s 			page 16


 231              		@ args = 0, pretend = 0, frame = 0
 232              		@ frame_needed = 0, uses_anonymous_args = 0
 233              		@ link register save eliminated.
 234              	.LVL0:
  59:Generated_Source\PSoC5/pin_oled_dc.c ****     uint8 staticBits = (pin_oled_dc_DR & (uint8)(~pin_oled_dc_MASK));
 235              		.loc 1 59 0
 236 0000 044A     		ldr	r2, .L2
 237 0002 1378     		ldrb	r3, [r2]	@ zero_extendqisi2
 238 0004 03F0FB03 		and	r3, r3, #251
 239              	.LVL1:
  60:Generated_Source\PSoC5/pin_oled_dc.c ****     pin_oled_dc_DR = staticBits | ((uint8)(value << pin_oled_dc_SHIFT) & pin_oled_dc_MASK);
 240              		.loc 1 60 0
 241 0008 8000     		lsls	r0, r0, #2
 242              	.LVL2:
 243 000a 00F00400 		and	r0, r0, #4
 244 000e 1843     		orrs	r0, r0, r3
 245 0010 1070     		strb	r0, [r2]
 246 0012 7047     		bx	lr
 247              	.L3:
 248              		.align	2
 249              	.L2:
 250 0014 C0510040 		.word	1073762752
 251              		.cfi_endproc
 252              	.LFE0:
 253              		.size	pin_oled_dc_Write, .-pin_oled_dc_Write
 254              		.section	.text.pin_oled_dc_SetDriveMode,"ax",%progbits
 255              		.align	2
 256              		.global	pin_oled_dc_SetDriveMode
 257              		.thumb
 258              		.thumb_func
 259              		.type	pin_oled_dc_SetDriveMode, %function
 260              	pin_oled_dc_SetDriveMode:
 261              	.LFB1:
  61:Generated_Source\PSoC5/pin_oled_dc.c **** }
  62:Generated_Source\PSoC5/pin_oled_dc.c **** 
  63:Generated_Source\PSoC5/pin_oled_dc.c **** 
  64:Generated_Source\PSoC5/pin_oled_dc.c **** /*******************************************************************************
  65:Generated_Source\PSoC5/pin_oled_dc.c **** * Function Name: pin_oled_dc_SetDriveMode
  66:Generated_Source\PSoC5/pin_oled_dc.c **** ****************************************************************************//**
  67:Generated_Source\PSoC5/pin_oled_dc.c **** *
  68:Generated_Source\PSoC5/pin_oled_dc.c **** * \brief Sets the drive mode for each of the Pins component's pins.
  69:Generated_Source\PSoC5/pin_oled_dc.c **** * 
  70:Generated_Source\PSoC5/pin_oled_dc.c **** * <b>Note</b> This affects all pins in the Pins component instance. Use the
  71:Generated_Source\PSoC5/pin_oled_dc.c **** * Per-Pin APIs if you wish to control individual pin's drive modes.
  72:Generated_Source\PSoC5/pin_oled_dc.c **** *
  73:Generated_Source\PSoC5/pin_oled_dc.c **** * \param mode
  74:Generated_Source\PSoC5/pin_oled_dc.c **** *  Mode for the selected signals. Valid options are documented in 
  75:Generated_Source\PSoC5/pin_oled_dc.c **** *  \ref driveMode.
  76:Generated_Source\PSoC5/pin_oled_dc.c **** *
  77:Generated_Source\PSoC5/pin_oled_dc.c **** * \return
  78:Generated_Source\PSoC5/pin_oled_dc.c **** *  None
  79:Generated_Source\PSoC5/pin_oled_dc.c **** *
  80:Generated_Source\PSoC5/pin_oled_dc.c **** * \sideeffect
  81:Generated_Source\PSoC5/pin_oled_dc.c **** *  If you use read-modify-write operations that are not atomic, the ISR can
  82:Generated_Source\PSoC5/pin_oled_dc.c **** *  cause corruption of this function. An ISR that interrupts this function 
  83:Generated_Source\PSoC5/pin_oled_dc.c **** *  and performs writes to the Pins component Drive Mode registers can cause 
  84:Generated_Source\PSoC5/pin_oled_dc.c **** *  corrupted port data. To avoid this issue, you should either use the Per-Pin
ARM GAS  C:\Users\info\AppData\Local\Temp\ccJ2QWI3.s 			page 17


  85:Generated_Source\PSoC5/pin_oled_dc.c **** *  APIs (primary method) or disable interrupts around this function.
  86:Generated_Source\PSoC5/pin_oled_dc.c **** *
  87:Generated_Source\PSoC5/pin_oled_dc.c **** * \funcusage
  88:Generated_Source\PSoC5/pin_oled_dc.c **** *  \snippet pin_oled_dc_SUT.c usage_pin_oled_dc_SetDriveMode
  89:Generated_Source\PSoC5/pin_oled_dc.c **** *******************************************************************************/
  90:Generated_Source\PSoC5/pin_oled_dc.c **** void pin_oled_dc_SetDriveMode(uint8 mode)
  91:Generated_Source\PSoC5/pin_oled_dc.c **** {
 262              		.loc 1 91 0
 263              		.cfi_startproc
 264              		@ args = 0, pretend = 0, frame = 0
 265              		@ frame_needed = 0, uses_anonymous_args = 0
 266              		@ link register save eliminated.
 267              	.LVL3:
  92:Generated_Source\PSoC5/pin_oled_dc.c **** 	CyPins_SetPinDriveMode(pin_oled_dc_0, mode);
 268              		.loc 1 92 0
 269 0000 044A     		ldr	r2, .L5
 270 0002 1378     		ldrb	r3, [r2]	@ zero_extendqisi2
 271 0004 03F0F103 		and	r3, r3, #241
 272 0008 00F00E00 		and	r0, r0, #14
 273              	.LVL4:
 274 000c 1843     		orrs	r0, r0, r3
 275 000e 1070     		strb	r0, [r2]
 276 0010 7047     		bx	lr
 277              	.L6:
 278 0012 00BF     		.align	2
 279              	.L5:
 280 0014 62500040 		.word	1073762402
 281              		.cfi_endproc
 282              	.LFE1:
 283              		.size	pin_oled_dc_SetDriveMode, .-pin_oled_dc_SetDriveMode
 284              		.section	.text.pin_oled_dc_Read,"ax",%progbits
 285              		.align	2
 286              		.global	pin_oled_dc_Read
 287              		.thumb
 288              		.thumb_func
 289              		.type	pin_oled_dc_Read, %function
 290              	pin_oled_dc_Read:
 291              	.LFB2:
  93:Generated_Source\PSoC5/pin_oled_dc.c **** }
  94:Generated_Source\PSoC5/pin_oled_dc.c **** 
  95:Generated_Source\PSoC5/pin_oled_dc.c **** 
  96:Generated_Source\PSoC5/pin_oled_dc.c **** /*******************************************************************************
  97:Generated_Source\PSoC5/pin_oled_dc.c **** * Function Name: pin_oled_dc_Read
  98:Generated_Source\PSoC5/pin_oled_dc.c **** ****************************************************************************//**
  99:Generated_Source\PSoC5/pin_oled_dc.c **** *
 100:Generated_Source\PSoC5/pin_oled_dc.c **** * \brief Reads the associated physical port (pin status register) and masks 
 101:Generated_Source\PSoC5/pin_oled_dc.c **** *  the required bits according to the width and bit position of the component
 102:Generated_Source\PSoC5/pin_oled_dc.c **** *  instance. 
 103:Generated_Source\PSoC5/pin_oled_dc.c **** *
 104:Generated_Source\PSoC5/pin_oled_dc.c **** * The pin's status register returns the current logic level present on the 
 105:Generated_Source\PSoC5/pin_oled_dc.c **** * physical pin.
 106:Generated_Source\PSoC5/pin_oled_dc.c **** *
 107:Generated_Source\PSoC5/pin_oled_dc.c **** * \return 
 108:Generated_Source\PSoC5/pin_oled_dc.c **** *  The current value for the pins in the component as a right justified number.
 109:Generated_Source\PSoC5/pin_oled_dc.c **** *
 110:Generated_Source\PSoC5/pin_oled_dc.c **** * \funcusage
 111:Generated_Source\PSoC5/pin_oled_dc.c **** *  \snippet pin_oled_dc_SUT.c usage_pin_oled_dc_Read  
ARM GAS  C:\Users\info\AppData\Local\Temp\ccJ2QWI3.s 			page 18


 112:Generated_Source\PSoC5/pin_oled_dc.c **** *******************************************************************************/
 113:Generated_Source\PSoC5/pin_oled_dc.c **** uint8 pin_oled_dc_Read(void)
 114:Generated_Source\PSoC5/pin_oled_dc.c **** {
 292              		.loc 1 114 0
 293              		.cfi_startproc
 294              		@ args = 0, pretend = 0, frame = 0
 295              		@ frame_needed = 0, uses_anonymous_args = 0
 296              		@ link register save eliminated.
 115:Generated_Source\PSoC5/pin_oled_dc.c ****     return (pin_oled_dc_PS & pin_oled_dc_MASK) >> pin_oled_dc_SHIFT;
 297              		.loc 1 115 0
 298 0000 024B     		ldr	r3, .L8
 299 0002 1878     		ldrb	r0, [r3]	@ zero_extendqisi2
 116:Generated_Source\PSoC5/pin_oled_dc.c **** }
 300              		.loc 1 116 0
 301 0004 C0F38000 		ubfx	r0, r0, #2, #1
 302 0008 7047     		bx	lr
 303              	.L9:
 304 000a 00BF     		.align	2
 305              	.L8:
 306 000c C1510040 		.word	1073762753
 307              		.cfi_endproc
 308              	.LFE2:
 309              		.size	pin_oled_dc_Read, .-pin_oled_dc_Read
 310              		.section	.text.pin_oled_dc_ReadDataReg,"ax",%progbits
 311              		.align	2
 312              		.global	pin_oled_dc_ReadDataReg
 313              		.thumb
 314              		.thumb_func
 315              		.type	pin_oled_dc_ReadDataReg, %function
 316              	pin_oled_dc_ReadDataReg:
 317              	.LFB3:
 117:Generated_Source\PSoC5/pin_oled_dc.c **** 
 118:Generated_Source\PSoC5/pin_oled_dc.c **** 
 119:Generated_Source\PSoC5/pin_oled_dc.c **** /*******************************************************************************
 120:Generated_Source\PSoC5/pin_oled_dc.c **** * Function Name: pin_oled_dc_ReadDataReg
 121:Generated_Source\PSoC5/pin_oled_dc.c **** ****************************************************************************//**
 122:Generated_Source\PSoC5/pin_oled_dc.c **** *
 123:Generated_Source\PSoC5/pin_oled_dc.c **** * \brief Reads the associated physical port's data output register and masks 
 124:Generated_Source\PSoC5/pin_oled_dc.c **** *  the correct bits according to the width and bit position of the component 
 125:Generated_Source\PSoC5/pin_oled_dc.c **** *  instance. 
 126:Generated_Source\PSoC5/pin_oled_dc.c **** *
 127:Generated_Source\PSoC5/pin_oled_dc.c **** * The data output register controls the signal applied to the physical pin in 
 128:Generated_Source\PSoC5/pin_oled_dc.c **** * conjunction with the drive mode parameter. This is not the same as the 
 129:Generated_Source\PSoC5/pin_oled_dc.c **** * preferred pin_oled_dc_Read() API because the 
 130:Generated_Source\PSoC5/pin_oled_dc.c **** * pin_oled_dc_ReadDataReg() reads the data register instead of the status 
 131:Generated_Source\PSoC5/pin_oled_dc.c **** * register. For output pins this is a useful function to determine the value 
 132:Generated_Source\PSoC5/pin_oled_dc.c **** * just written to the pin.
 133:Generated_Source\PSoC5/pin_oled_dc.c **** *
 134:Generated_Source\PSoC5/pin_oled_dc.c **** * \return 
 135:Generated_Source\PSoC5/pin_oled_dc.c **** *  The current value of the data register masked and shifted into a right 
 136:Generated_Source\PSoC5/pin_oled_dc.c **** *  justified number for the component instance.
 137:Generated_Source\PSoC5/pin_oled_dc.c **** *
 138:Generated_Source\PSoC5/pin_oled_dc.c **** * \funcusage
 139:Generated_Source\PSoC5/pin_oled_dc.c **** *  \snippet pin_oled_dc_SUT.c usage_pin_oled_dc_ReadDataReg 
 140:Generated_Source\PSoC5/pin_oled_dc.c **** *******************************************************************************/
 141:Generated_Source\PSoC5/pin_oled_dc.c **** uint8 pin_oled_dc_ReadDataReg(void)
 142:Generated_Source\PSoC5/pin_oled_dc.c **** {
ARM GAS  C:\Users\info\AppData\Local\Temp\ccJ2QWI3.s 			page 19


 318              		.loc 1 142 0
 319              		.cfi_startproc
 320              		@ args = 0, pretend = 0, frame = 0
 321              		@ frame_needed = 0, uses_anonymous_args = 0
 322              		@ link register save eliminated.
 143:Generated_Source\PSoC5/pin_oled_dc.c ****     return (pin_oled_dc_DR & pin_oled_dc_MASK) >> pin_oled_dc_SHIFT;
 323              		.loc 1 143 0
 324 0000 024B     		ldr	r3, .L11
 325 0002 1878     		ldrb	r0, [r3]	@ zero_extendqisi2
 144:Generated_Source\PSoC5/pin_oled_dc.c **** }
 326              		.loc 1 144 0
 327 0004 C0F38000 		ubfx	r0, r0, #2, #1
 328 0008 7047     		bx	lr
 329              	.L12:
 330 000a 00BF     		.align	2
 331              	.L11:
 332 000c C0510040 		.word	1073762752
 333              		.cfi_endproc
 334              	.LFE3:
 335              		.size	pin_oled_dc_ReadDataReg, .-pin_oled_dc_ReadDataReg
 336              		.text
 337              	.Letext0:
 338              		.file 2 "Generated_Source\\PSoC5\\cytypes.h"
 339              		.section	.debug_info,"",%progbits
 340              	.Ldebug_info0:
 341 0000 1B010000 		.4byte	0x11b
 342 0004 0400     		.2byte	0x4
 343 0006 00000000 		.4byte	.Ldebug_abbrev0
 344 000a 04       		.byte	0x4
 345 000b 01       		.uleb128 0x1
 346 000c 23000000 		.4byte	.LASF20
 347 0010 0C       		.byte	0xc
 348 0011 09020000 		.4byte	.LASF21
 349 0015 33010000 		.4byte	.LASF22
 350 0019 00000000 		.4byte	.Ldebug_ranges0+0
 351 001d 00000000 		.4byte	0
 352 0021 00000000 		.4byte	.Ldebug_line0
 353 0025 02       		.uleb128 0x2
 354 0026 01       		.byte	0x1
 355 0027 06       		.byte	0x6
 356 0028 FD010000 		.4byte	.LASF0
 357 002c 02       		.uleb128 0x2
 358 002d 01       		.byte	0x1
 359 002e 08       		.byte	0x8
 360 002f BD000000 		.4byte	.LASF1
 361 0033 02       		.uleb128 0x2
 362 0034 02       		.byte	0x2
 363 0035 05       		.byte	0x5
 364 0036 E4010000 		.4byte	.LASF2
 365 003a 02       		.uleb128 0x2
 366 003b 02       		.byte	0x2
 367 003c 07       		.byte	0x7
 368 003d E2000000 		.4byte	.LASF3
 369 0041 02       		.uleb128 0x2
 370 0042 04       		.byte	0x4
 371 0043 05       		.byte	0x5
 372 0044 F4010000 		.4byte	.LASF4
ARM GAS  C:\Users\info\AppData\Local\Temp\ccJ2QWI3.s 			page 20


 373 0048 02       		.uleb128 0x2
 374 0049 04       		.byte	0x4
 375 004a 07       		.byte	0x7
 376 004b D0000000 		.4byte	.LASF5
 377 004f 02       		.uleb128 0x2
 378 0050 08       		.byte	0x8
 379 0051 05       		.byte	0x5
 380 0052 D1010000 		.4byte	.LASF6
 381 0056 02       		.uleb128 0x2
 382 0057 08       		.byte	0x8
 383 0058 07       		.byte	0x7
 384 0059 9D010000 		.4byte	.LASF7
 385 005d 03       		.uleb128 0x3
 386 005e 04       		.byte	0x4
 387 005f 05       		.byte	0x5
 388 0060 696E7400 		.ascii	"int\000"
 389 0064 02       		.uleb128 0x2
 390 0065 04       		.byte	0x4
 391 0066 07       		.byte	0x7
 392 0067 26010000 		.4byte	.LASF8
 393 006b 04       		.uleb128 0x4
 394 006c EE010000 		.4byte	.LASF12
 395 0070 02       		.byte	0x2
 396 0071 E401     		.2byte	0x1e4
 397 0073 2C000000 		.4byte	0x2c
 398 0077 02       		.uleb128 0x2
 399 0078 04       		.byte	0x4
 400 0079 04       		.byte	0x4
 401 007a B7000000 		.4byte	.LASF9
 402 007e 02       		.uleb128 0x2
 403 007f 08       		.byte	0x8
 404 0080 04       		.byte	0x4
 405 0081 F5000000 		.4byte	.LASF10
 406 0085 02       		.uleb128 0x2
 407 0086 01       		.byte	0x1
 408 0087 08       		.byte	0x8
 409 0088 DF010000 		.4byte	.LASF11
 410 008c 04       		.uleb128 0x4
 411 008d CB000000 		.4byte	.LASF13
 412 0091 02       		.byte	0x2
 413 0092 8E02     		.2byte	0x28e
 414 0094 98000000 		.4byte	0x98
 415 0098 05       		.uleb128 0x5
 416 0099 6B000000 		.4byte	0x6b
 417 009d 06       		.uleb128 0x6
 418 009e 00000000 		.4byte	.LASF14
 419 00a2 01       		.byte	0x1
 420 00a3 39       		.byte	0x39
 421 00a4 00000000 		.4byte	.LFB0
 422 00a8 18000000 		.4byte	.LFE0-.LFB0
 423 00ac 01       		.uleb128 0x1
 424 00ad 9C       		.byte	0x9c
 425 00ae CF000000 		.4byte	0xcf
 426 00b2 07       		.uleb128 0x7
 427 00b3 12000000 		.4byte	.LASF16
 428 00b7 01       		.byte	0x1
 429 00b8 39       		.byte	0x39
ARM GAS  C:\Users\info\AppData\Local\Temp\ccJ2QWI3.s 			page 21


 430 00b9 6B000000 		.4byte	0x6b
 431 00bd 00000000 		.4byte	.LLST0
 432 00c1 08       		.uleb128 0x8
 433 00c2 18000000 		.4byte	.LASF23
 434 00c6 01       		.byte	0x1
 435 00c7 3B       		.byte	0x3b
 436 00c8 6B000000 		.4byte	0x6b
 437 00cc 01       		.uleb128 0x1
 438 00cd 53       		.byte	0x53
 439 00ce 00       		.byte	0
 440 00cf 06       		.uleb128 0x6
 441 00d0 0D010000 		.4byte	.LASF15
 442 00d4 01       		.byte	0x1
 443 00d5 5A       		.byte	0x5a
 444 00d6 00000000 		.4byte	.LFB1
 445 00da 18000000 		.4byte	.LFE1-.LFB1
 446 00de 01       		.uleb128 0x1
 447 00df 9C       		.byte	0x9c
 448 00e0 F4000000 		.4byte	0xf4
 449 00e4 07       		.uleb128 0x7
 450 00e5 B4010000 		.4byte	.LASF17
 451 00e9 01       		.byte	0x1
 452 00ea 5A       		.byte	0x5a
 453 00eb 6B000000 		.4byte	0x6b
 454 00ef 21000000 		.4byte	.LLST1
 455 00f3 00       		.byte	0
 456 00f4 09       		.uleb128 0x9
 457 00f5 FC000000 		.4byte	.LASF18
 458 00f9 01       		.byte	0x1
 459 00fa 71       		.byte	0x71
 460 00fb 6B000000 		.4byte	0x6b
 461 00ff 00000000 		.4byte	.LFB2
 462 0103 10000000 		.4byte	.LFE2-.LFB2
 463 0107 01       		.uleb128 0x1
 464 0108 9C       		.byte	0x9c
 465 0109 09       		.uleb128 0x9
 466 010a B9010000 		.4byte	.LASF19
 467 010e 01       		.byte	0x1
 468 010f 8D       		.byte	0x8d
 469 0110 6B000000 		.4byte	0x6b
 470 0114 00000000 		.4byte	.LFB3
 471 0118 10000000 		.4byte	.LFE3-.LFB3
 472 011c 01       		.uleb128 0x1
 473 011d 9C       		.byte	0x9c
 474 011e 00       		.byte	0
 475              		.section	.debug_abbrev,"",%progbits
 476              	.Ldebug_abbrev0:
 477 0000 01       		.uleb128 0x1
 478 0001 11       		.uleb128 0x11
 479 0002 01       		.byte	0x1
 480 0003 25       		.uleb128 0x25
 481 0004 0E       		.uleb128 0xe
 482 0005 13       		.uleb128 0x13
 483 0006 0B       		.uleb128 0xb
 484 0007 03       		.uleb128 0x3
 485 0008 0E       		.uleb128 0xe
 486 0009 1B       		.uleb128 0x1b
ARM GAS  C:\Users\info\AppData\Local\Temp\ccJ2QWI3.s 			page 22


 487 000a 0E       		.uleb128 0xe
 488 000b 55       		.uleb128 0x55
 489 000c 17       		.uleb128 0x17
 490 000d 11       		.uleb128 0x11
 491 000e 01       		.uleb128 0x1
 492 000f 10       		.uleb128 0x10
 493 0010 17       		.uleb128 0x17
 494 0011 00       		.byte	0
 495 0012 00       		.byte	0
 496 0013 02       		.uleb128 0x2
 497 0014 24       		.uleb128 0x24
 498 0015 00       		.byte	0
 499 0016 0B       		.uleb128 0xb
 500 0017 0B       		.uleb128 0xb
 501 0018 3E       		.uleb128 0x3e
 502 0019 0B       		.uleb128 0xb
 503 001a 03       		.uleb128 0x3
 504 001b 0E       		.uleb128 0xe
 505 001c 00       		.byte	0
 506 001d 00       		.byte	0
 507 001e 03       		.uleb128 0x3
 508 001f 24       		.uleb128 0x24
 509 0020 00       		.byte	0
 510 0021 0B       		.uleb128 0xb
 511 0022 0B       		.uleb128 0xb
 512 0023 3E       		.uleb128 0x3e
 513 0024 0B       		.uleb128 0xb
 514 0025 03       		.uleb128 0x3
 515 0026 08       		.uleb128 0x8
 516 0027 00       		.byte	0
 517 0028 00       		.byte	0
 518 0029 04       		.uleb128 0x4
 519 002a 16       		.uleb128 0x16
 520 002b 00       		.byte	0
 521 002c 03       		.uleb128 0x3
 522 002d 0E       		.uleb128 0xe
 523 002e 3A       		.uleb128 0x3a
 524 002f 0B       		.uleb128 0xb
 525 0030 3B       		.uleb128 0x3b
 526 0031 05       		.uleb128 0x5
 527 0032 49       		.uleb128 0x49
 528 0033 13       		.uleb128 0x13
 529 0034 00       		.byte	0
 530 0035 00       		.byte	0
 531 0036 05       		.uleb128 0x5
 532 0037 35       		.uleb128 0x35
 533 0038 00       		.byte	0
 534 0039 49       		.uleb128 0x49
 535 003a 13       		.uleb128 0x13
 536 003b 00       		.byte	0
 537 003c 00       		.byte	0
 538 003d 06       		.uleb128 0x6
 539 003e 2E       		.uleb128 0x2e
 540 003f 01       		.byte	0x1
 541 0040 3F       		.uleb128 0x3f
 542 0041 19       		.uleb128 0x19
 543 0042 03       		.uleb128 0x3
ARM GAS  C:\Users\info\AppData\Local\Temp\ccJ2QWI3.s 			page 23


 544 0043 0E       		.uleb128 0xe
 545 0044 3A       		.uleb128 0x3a
 546 0045 0B       		.uleb128 0xb
 547 0046 3B       		.uleb128 0x3b
 548 0047 0B       		.uleb128 0xb
 549 0048 27       		.uleb128 0x27
 550 0049 19       		.uleb128 0x19
 551 004a 11       		.uleb128 0x11
 552 004b 01       		.uleb128 0x1
 553 004c 12       		.uleb128 0x12
 554 004d 06       		.uleb128 0x6
 555 004e 40       		.uleb128 0x40
 556 004f 18       		.uleb128 0x18
 557 0050 9742     		.uleb128 0x2117
 558 0052 19       		.uleb128 0x19
 559 0053 01       		.uleb128 0x1
 560 0054 13       		.uleb128 0x13
 561 0055 00       		.byte	0
 562 0056 00       		.byte	0
 563 0057 07       		.uleb128 0x7
 564 0058 05       		.uleb128 0x5
 565 0059 00       		.byte	0
 566 005a 03       		.uleb128 0x3
 567 005b 0E       		.uleb128 0xe
 568 005c 3A       		.uleb128 0x3a
 569 005d 0B       		.uleb128 0xb
 570 005e 3B       		.uleb128 0x3b
 571 005f 0B       		.uleb128 0xb
 572 0060 49       		.uleb128 0x49
 573 0061 13       		.uleb128 0x13
 574 0062 02       		.uleb128 0x2
 575 0063 17       		.uleb128 0x17
 576 0064 00       		.byte	0
 577 0065 00       		.byte	0
 578 0066 08       		.uleb128 0x8
 579 0067 34       		.uleb128 0x34
 580 0068 00       		.byte	0
 581 0069 03       		.uleb128 0x3
 582 006a 0E       		.uleb128 0xe
 583 006b 3A       		.uleb128 0x3a
 584 006c 0B       		.uleb128 0xb
 585 006d 3B       		.uleb128 0x3b
 586 006e 0B       		.uleb128 0xb
 587 006f 49       		.uleb128 0x49
 588 0070 13       		.uleb128 0x13
 589 0071 02       		.uleb128 0x2
 590 0072 18       		.uleb128 0x18
 591 0073 00       		.byte	0
 592 0074 00       		.byte	0
 593 0075 09       		.uleb128 0x9
 594 0076 2E       		.uleb128 0x2e
 595 0077 00       		.byte	0
 596 0078 3F       		.uleb128 0x3f
 597 0079 19       		.uleb128 0x19
 598 007a 03       		.uleb128 0x3
 599 007b 0E       		.uleb128 0xe
 600 007c 3A       		.uleb128 0x3a
ARM GAS  C:\Users\info\AppData\Local\Temp\ccJ2QWI3.s 			page 24


 601 007d 0B       		.uleb128 0xb
 602 007e 3B       		.uleb128 0x3b
 603 007f 0B       		.uleb128 0xb
 604 0080 27       		.uleb128 0x27
 605 0081 19       		.uleb128 0x19
 606 0082 49       		.uleb128 0x49
 607 0083 13       		.uleb128 0x13
 608 0084 11       		.uleb128 0x11
 609 0085 01       		.uleb128 0x1
 610 0086 12       		.uleb128 0x12
 611 0087 06       		.uleb128 0x6
 612 0088 40       		.uleb128 0x40
 613 0089 18       		.uleb128 0x18
 614 008a 9742     		.uleb128 0x2117
 615 008c 19       		.uleb128 0x19
 616 008d 00       		.byte	0
 617 008e 00       		.byte	0
 618 008f 00       		.byte	0
 619              		.section	.debug_loc,"",%progbits
 620              	.Ldebug_loc0:
 621              	.LLST0:
 622 0000 00000000 		.4byte	.LVL0
 623 0004 0A000000 		.4byte	.LVL2
 624 0008 0100     		.2byte	0x1
 625 000a 50       		.byte	0x50
 626 000b 0A000000 		.4byte	.LVL2
 627 000f 18000000 		.4byte	.LFE0
 628 0013 0400     		.2byte	0x4
 629 0015 F3       		.byte	0xf3
 630 0016 01       		.uleb128 0x1
 631 0017 50       		.byte	0x50
 632 0018 9F       		.byte	0x9f
 633 0019 00000000 		.4byte	0
 634 001d 00000000 		.4byte	0
 635              	.LLST1:
 636 0021 00000000 		.4byte	.LVL3
 637 0025 0C000000 		.4byte	.LVL4
 638 0029 0100     		.2byte	0x1
 639 002b 50       		.byte	0x50
 640 002c 0C000000 		.4byte	.LVL4
 641 0030 18000000 		.4byte	.LFE1
 642 0034 0400     		.2byte	0x4
 643 0036 F3       		.byte	0xf3
 644 0037 01       		.uleb128 0x1
 645 0038 50       		.byte	0x50
 646 0039 9F       		.byte	0x9f
 647 003a 00000000 		.4byte	0
 648 003e 00000000 		.4byte	0
 649              		.section	.debug_aranges,"",%progbits
 650 0000 34000000 		.4byte	0x34
 651 0004 0200     		.2byte	0x2
 652 0006 00000000 		.4byte	.Ldebug_info0
 653 000a 04       		.byte	0x4
 654 000b 00       		.byte	0
 655 000c 0000     		.2byte	0
 656 000e 0000     		.2byte	0
 657 0010 00000000 		.4byte	.LFB0
ARM GAS  C:\Users\info\AppData\Local\Temp\ccJ2QWI3.s 			page 25


 658 0014 18000000 		.4byte	.LFE0-.LFB0
 659 0018 00000000 		.4byte	.LFB1
 660 001c 18000000 		.4byte	.LFE1-.LFB1
 661 0020 00000000 		.4byte	.LFB2
 662 0024 10000000 		.4byte	.LFE2-.LFB2
 663 0028 00000000 		.4byte	.LFB3
 664 002c 10000000 		.4byte	.LFE3-.LFB3
 665 0030 00000000 		.4byte	0
 666 0034 00000000 		.4byte	0
 667              		.section	.debug_ranges,"",%progbits
 668              	.Ldebug_ranges0:
 669 0000 00000000 		.4byte	.LFB0
 670 0004 18000000 		.4byte	.LFE0
 671 0008 00000000 		.4byte	.LFB1
 672 000c 18000000 		.4byte	.LFE1
 673 0010 00000000 		.4byte	.LFB2
 674 0014 10000000 		.4byte	.LFE2
 675 0018 00000000 		.4byte	.LFB3
 676 001c 10000000 		.4byte	.LFE3
 677 0020 00000000 		.4byte	0
 678 0024 00000000 		.4byte	0
 679              		.section	.debug_line,"",%progbits
 680              	.Ldebug_line0:
 681 0000 94000000 		.section	.debug_str,"MS",%progbits,1
 681      02004800 
 681      00000201 
 681      FB0E0D00 
 681      01010101 
 682              	.LASF14:
 683 0000 70696E5F 		.ascii	"pin_oled_dc_Write\000"
 683      6F6C6564 
 683      5F64635F 
 683      57726974 
 683      6500
 684              	.LASF16:
 685 0012 76616C75 		.ascii	"value\000"
 685      6500
 686              	.LASF23:
 687 0018 73746174 		.ascii	"staticBits\000"
 687      69634269 
 687      747300
 688              	.LASF20:
 689 0023 474E5520 		.ascii	"GNU C11 5.4.1 20160609 (release) [ARM/embedded-5-br"
 689      43313120 
 689      352E342E 
 689      31203230 
 689      31363036 
 690 0056 616E6368 		.ascii	"anch revision 237715] -mcpu=cortex-m3 -mthumb -g -O"
 690      20726576 
 690      6973696F 
 690      6E203233 
 690      37373135 
 691 0089 67202D66 		.ascii	"g -ffunction-sections -ffat-lto-objects -flto\000"
 691      66756E63 
 691      74696F6E 
 691      2D736563 
 691      74696F6E 
ARM GAS  C:\Users\info\AppData\Local\Temp\ccJ2QWI3.s 			page 26


 692              	.LASF9:
 693 00b7 666C6F61 		.ascii	"float\000"
 693      7400
 694              	.LASF1:
 695 00bd 756E7369 		.ascii	"unsigned char\000"
 695      676E6564 
 695      20636861 
 695      7200
 696              	.LASF13:
 697 00cb 72656738 		.ascii	"reg8\000"
 697      00
 698              	.LASF5:
 699 00d0 6C6F6E67 		.ascii	"long unsigned int\000"
 699      20756E73 
 699      69676E65 
 699      6420696E 
 699      7400
 700              	.LASF3:
 701 00e2 73686F72 		.ascii	"short unsigned int\000"
 701      7420756E 
 701      7369676E 
 701      65642069 
 701      6E7400
 702              	.LASF10:
 703 00f5 646F7562 		.ascii	"double\000"
 703      6C6500
 704              	.LASF18:
 705 00fc 70696E5F 		.ascii	"pin_oled_dc_Read\000"
 705      6F6C6564 
 705      5F64635F 
 705      52656164 
 705      00
 706              	.LASF15:
 707 010d 70696E5F 		.ascii	"pin_oled_dc_SetDriveMode\000"
 707      6F6C6564 
 707      5F64635F 
 707      53657444 
 707      72697665 
 708              	.LASF8:
 709 0126 756E7369 		.ascii	"unsigned int\000"
 709      676E6564 
 709      20696E74 
 709      00
 710              	.LASF22:
 711 0133 433A5C55 		.ascii	"C:\\Users\\info\\Desktop\\Spring 2019 Classes\\6.11"
 711      73657273 
 711      5C696E66 
 711      6F5C4465 
 711      736B746F 
 712 0161 355C362E 		.ascii	"5\\6.115-final\\PSoCCreator\\Final Project\\FinalEm"
 712      3131352D 
 712      66696E61 
 712      6C5C5053 
 712      6F434372 
 713 0190 756C6174 		.ascii	"ulator.cydsn\000"
 713      6F722E63 
 713      7964736E 
ARM GAS  C:\Users\info\AppData\Local\Temp\ccJ2QWI3.s 			page 27


 713      00
 714              	.LASF7:
 715 019d 6C6F6E67 		.ascii	"long long unsigned int\000"
 715      206C6F6E 
 715      6720756E 
 715      7369676E 
 715      65642069 
 716              	.LASF17:
 717 01b4 6D6F6465 		.ascii	"mode\000"
 717      00
 718              	.LASF19:
 719 01b9 70696E5F 		.ascii	"pin_oled_dc_ReadDataReg\000"
 719      6F6C6564 
 719      5F64635F 
 719      52656164 
 719      44617461 
 720              	.LASF6:
 721 01d1 6C6F6E67 		.ascii	"long long int\000"
 721      206C6F6E 
 721      6720696E 
 721      7400
 722              	.LASF11:
 723 01df 63686172 		.ascii	"char\000"
 723      00
 724              	.LASF2:
 725 01e4 73686F72 		.ascii	"short int\000"
 725      7420696E 
 725      7400
 726              	.LASF12:
 727 01ee 75696E74 		.ascii	"uint8\000"
 727      3800
 728              	.LASF4:
 729 01f4 6C6F6E67 		.ascii	"long int\000"
 729      20696E74 
 729      00
 730              	.LASF0:
 731 01fd 7369676E 		.ascii	"signed char\000"
 731      65642063 
 731      68617200 
 732              	.LASF21:
 733 0209 47656E65 		.ascii	"Generated_Source\\PSoC5\\pin_oled_dc.c\000"
 733      72617465 
 733      645F536F 
 733      75726365 
 733      5C50536F 
 734              		.comm	__gnu_lto_v1,1,1
 735              		.ident	"GCC: (GNU Tools for ARM Embedded Processors) 5.4.1 20160609 (release) [ARM/embedded-5-bran
