ARM GAS  C:\Users\info\AppData\Local\Temp\ccxMPOz8.s 			page 1


   1              		.syntax unified
   2              		.cpu cortex-m3
   3              		.fpu softvfp
   4              		.eabi_attribute 20, 1
   5              		.eabi_attribute 21, 1
   6              		.eabi_attribute 23, 3
   7              		.eabi_attribute 24, 1
   8              		.eabi_attribute 25, 1
   9              		.eabi_attribute 26, 1
  10              		.eabi_attribute 30, 1
  11              		.eabi_attribute 34, 1
  12              		.eabi_attribute 18, 4
  13              		.thumb
  14              		.syntax unified
  15              		.file	"pin_oled_rst.c"
  16              		.text
  17              	.Ltext0:
  18              		.section	.gnu.lto_.profile.792a00e3,"",%progbits
  19 0000 789C6361 		.ascii	"x\234ca`d`a`\000\222\222\242\000\000\261\0009"
  19      60646061 
  19      60009292 
  19      A20000B1 
  19      0039
  20              		.text
  21              		.section	.gnu.lto_.inline.792a00e3,"",%progbits
  22 0000 789C6361 		.ascii	"x\234ca`d\000\001?\006\004`a`\340\344`d`\342y\020\313"
  22      60640001 
  22      3F060460 
  22      6160E0E4 
  22      606460E2 
  23 0017 C0B6409E 		.ascii	"\300\266@\236\011$\306\310\300\301\016\024\342\232\340"
  23      0924C6C8 
  23      C0C10E14 
  23      E29AE0
  24 0026 07176262 		.ascii	"\007\027bb`c\005\012\261}\320\203\0131c\0121\000\000"
  24      6063050A 
  24      B17DD083 
  24      0B31630A 
  24      310000
  25 0039 537C0835 		.ascii	"S|\0105"
  26              		.text
  27              		.section	.gnu.lto_.jmpfuncs.792a00e3,"",%progbits
  28 0000 789C6361 		.ascii	"x\234ca`d\000\001>\006\004`\001b\240(\023\003\0033\220"
  28      60640001 
  28      3E060460 
  28      0162A028 
  28      13030333 
  29 0015 05000292 		.ascii	"\005\000\002\222\000\036"
  29      001E
  30              		.text
  31              		.section	.gnu.lto_.pureconst.792a00e3,"",%progbits
  32 0000 789C6361 		.ascii	"x\234ca`d\340d```a\220b\224b\222b\226\002\000\002\261"
  32      6064E064 
  32      60606061 
  32      90629462 
  32      92629602 
  33 0017 0081     		.ascii	"\000\201"
ARM GAS  C:\Users\info\AppData\Local\Temp\ccxMPOz8.s 			page 2


  34              		.text
  35              		.section	.gnu.lto_pin_oled_rst_Write.792a00e3,"",%progbits
  36 0000 789C5551 		.ascii	"x\234UQ;h\024Q\024\275\347\275\231\331\374\024{\267"
  36      3B681451 
  36      14BDE7BD 
  36      99D9FC14 
  36      7BB7
  37 0012 489384B5 		.ascii	"H\223\204\265PA,l\265\260\025\323.\204e\235b!fewb\233"
  37      50412C6C 
  37      B5B015D3 
  37      2E84659D 
  37      62216665 
  38 0029 37D94F30 		.ascii	"7\331O0U\032\263\2151\220\020\262\3766?\010\210\026"
  38      551AB38D 
  38      319010B2 
  38      FE363F08 
  38      8816
  39 003b C3940A4A 		.ascii	"\303\224\012J  \210JH1\201 \270\242\213A\243\353\275"
  39      2020884A 
  39      48318120 
  39      B8A28B41 
  39      A3EBBD
  40 004e 3316E6C2 		.ascii	"3\026\346\302\373\314\235s\316=\367>\213@\022\347\024"
  40      FBCC9D73 
  40      CE3DF73E 
  40      8B4012E7 
  40      14
  41 005f D1153ECF 		.ascii	"\321\025>\317\362\202&\250\2717D~\217\002\344bz@S\012"
  41      F28226A8 
  41      B937447E 
  41      8F02E462 
  41      7A40530A 
  42 0073 53E8A8DF 		.ascii	"S\350\250\337\012\341L\364\\eV\015\307\336\312Cm\232"
  42      0AE14CF4 
  42      5C65560D 
  42      C7DECA43 
  42      6D9A
  43 0085 016A9AA8 		.ascii	"\001j\232\250\253b%\302*2\214:x9\263\013\235\001\361"
  43      AB6225C2 
  43      2A328C3A 
  43      7839B30B 
  43      9D01F1
  44 0098 BD1E76DA 		.ascii	"\275\036v\332\375#+\306L\033\323\315\032]\323@\023\232"
  44      FD232BC6 
  44      4C1BD3CD 
  44      1A5DD340 
  44      139A
  45 00aa 19B894C6 		.ascii	"\031\270\224\306\3054q\202\360\010#\002>z\277\333:\255"
  45      C5347182 
  45      F0082302 
  45      3E7ABFDB 
  45      3AAD
  46 00bc 2FC4C439 		.ascii	"/\304\3049\023-\015\014-\0131\370q\273a\002\177P\270"
  46      132D0D0C 
  46      2D0B31F8 
  46      71BB6102 
  46      7F50B8
ARM GAS  C:\Users\info\AppData\Local\Temp\ccxMPOz8.s 			page 3


  47 00cf 8FFFE74A 		.ascii	"\217\377\347J0t\177\343\317\375SNU\\\015\342\011\206"
  47      30747FE3 
  47      CFFD534E 
  47      555C0DE2 
  47      0986
  48 00e1 123F780A 		.ascii	"\022?x\012\207;\204d\326n\006\246\333\255\230\240cw"
  48      873B8464 
  48      D66E06A6 
  48      DBAD98A0 
  48      6377
  49 00f3 74AFE2A2 		.ascii	"t\257\342\242\212;\345\037\026\244\266-\011G\266\224"
  49      8A3BE51F 
  49      16A4B62D 
  49      0947B694 
  50 0103 6C446D5E 		.ascii	"lDm^\322\375W\245\344\324\021\302\237\263\237\032)\321"
  50      D2FD57A5 
  50      E4D411C2 
  50      9FB39F1A 
  50      29D1
  51 0115 AC6899C4 		.ascii	"\254h\231\304|-|\233\372\256jZ\307nw\232\037\033\377"
  51      7C2D7C9B 
  51      FAAE6A5A 
  51      C76E779A 
  51      1F1BFF
  52 0128 3E8365DF 		.ascii	">\203e\337X\234jm\357\335\033X\304\202_\345\031Yh!\215"
  52      589C6A6D 
  52      EFDD1B58 
  52      C4825FE5 
  52      19596821 
  53 013d 6760CF58 		.ascii	"g`\317X\303\"(B\345\270\376\001\211\240N4\227^-\204"
  53      C3222842 
  53      E5B8FE01 
  53      89A04E34 
  53      975E2D84 
  54 0151 7D22027C 		.ascii	"}\"\002|\001\326\031\274\017\025\267\301N\031%\244v"
  54      01D619BC 
  54      0F15B7C1 
  54      4E1925A4 
  54      76
  55 0162 3D7AD79B 		.ascii	"=z\327\233\260\354\212\226:;\325\365\007ZX6,l0)\226"
  55      B0EC8A96 
  55      3A3BD5F5 
  55      075A5836 
  55      2C6C3029 
  56 0177 FEAC1290 		.ascii	"\376\254\022\220\340\030\364\342\333\361k% \013g\260"
  56      E018F4E2 
  56      DBF16B25 
  56      200B67B0 
  57 0187 99808E9C 		.ascii	"\231\200\216\234\004\222\212\0158\234\012\347cC'\314"
  57      04928A0D 
  57      389C0AE7 
  57      634327CC 
  58 0197 FBC6F49F 		.ascii	"\373\306\364\237\364\277\305\376\231E\207\230\016~\331"
  58      F4BFC5FE 
  58      99458798 
  58      0E7ED9
  59 01a6 42881FA2 		.ascii	"B\210\037\242\255 \263\342\311\015_w'\334R\316so\215"
ARM GAS  C:\Users\info\AppData\Local\Temp\ccxMPOz8.s 			page 4


  59      AD20B3E2 
  59      C90D5F77 
  59      27DC52CE 
  59      736F8D
  60 01b9 8D16274B 		.ascii	"\215\026'Ky7{c\264x\355r\366Nab\2548\316\331R\331;\237"
  60      79377B63 
  60      B478ED72 
  60      F64E6162 
  60      AC38CED9 
  61 01d1 27FB6E6E 		.ascii	"'\373nn|\322\355+{9\257\220\277Z\360\312\177\001\005"
  61      7CD2ED2B 
  61      7B39AF90 
  61      BF5AF0CA 
  61      7F0105
  62 01e4 ABC5AB   		.ascii	"\253\305\253"
  63              		.text
  64              		.section	.gnu.lto_pin_oled_rst_SetDriveMode.792a00e3,"",%progbits
  65 0000 789C7D51 		.ascii	"x\234}QMK\033Q\024\275\347\275\311L\202\230?`\026])"
  65      4D4B1B51 
  65      14BDE7BD 
  65      C94C8298 
  65      3F60165D 
  66 0015 592882F4 		.ascii	"Y(\202\364\027\010\355\266\350\326\"\022gQ\260\211M"
  66      1708EDB6 
  66      E8D62212 
  66      6751B089 
  66      4D
  67 0026 E33A6F12 		.ascii	"\343:o\022C\301vQh\353\246\210\335\210i\023M\245\033"
  67      43C17651 
  67      68EBA688 
  67      DD886913 
  67      4DA51B
  68 0039 DDC5015D 		.ascii	"\335\305\001]\246\270q\321\205\210H(\202m\324\226\226"
  68      A6B871D1 
  68      85884828 
  68      826DD496 
  68      96
  69 004a D424BD77 		.ascii	"\324$\275w\246\213\254\372\230w?\016\347\034\356}c\021"
  69      A68BACFA 
  69      98773F0E 
  69      E71CEE7D 
  69      6311
  70 005c 48CE574E 		.ascii	"H\316WN\243\234\207\370B\023\324\313\006\221\027U\200"
  70      A39C87F8 
  70      4213D4CB 
  70      06911755 
  70      80
  71 006d 14260ACA 		.ascii	"\024&\012\312+\344\361Su\024\374g\315=\225\3344|N\017"
  71      2BE4F153 
  71      7514FC67 
  71      CD3D95DC 
  71      347C4E0F 
  72 0081 BE8D9B72 		.ascii	"\276\215\233r\035%M\324S\201\023a\023If\335|\332x5\240"
  72      1D254DD4 
  72      53811361 
  72      134966DD 
  72      7CDA7835 
ARM GAS  C:\Users\info\AppData\Local\Temp\ccxMPOz8.s 			page 5


  73 0096 9320AEAF 		.ascii	"\223 \256\257\032\255\223\370\310\2061\005c\326\036"
  73      1AAD93F8 
  73      C8863105 
  73      63D61E
  74 00a5 1A5DD240 		.ascii	"\032]\322@\031\232\025\230H`<A\014\020\336cD\310g;\335"
  74      199A1598 
  74      48603C41 
  74      0C10DE63 
  74      44C8673B 
  75 00ba 3783F6B2 		.ascii	"7\203\366\262\330\337\011M\361\001\266\214Y\233\252"
  75      D8DF094D 
  75      F101B68C 
  75      599BAA
  76 00c9 9B5EAF68 		.ascii	"\233^\257h\352\277\354\375\266=\240X\2464\007mI\210"
  76      EABFECFD 
  76      B63DA058 
  76      A634076D 
  76      4988
  77 00db 401C6C29 		.ascii	"@\034l)\035\011Q\0111\341\020\265\370\312\"WJI\326M"
  77      1D095109 
  77      31E110B5 
  77      F8CA2257 
  77      4A49D64D 
  78 00ef F8ED95E6 		.ascii	"\370\355\225\346[K\234\213Z\226Z-\371\237\235\037\252"
  78      5B4B9C8B 
  78      5A965A2D 
  78      F99F9D1F 
  78      AA
  79 0100 A4AD6062 		.ascii	"\244\255`b\357\250\361\035a{\376\3163\026C/\272\273"
  79      EFA8F11D 
  79      617BFECE 
  79      3316432F 
  79      BABB
  80 0112 AF23EB58 		.ascii	"\257#\353X\363\226y\335\010\252H\240\202\004O\267\205"
  80      F39679DD 
  80      08AA48A0 
  80      82044FB7 
  80      85
  81 0123 75501385 		.ascii	"uP\023\205k'\264\323\354\310}\361\326\016{\213!\326"
  81      6B27B4D3 
  81      ECC87DF1 
  81      D60E7B8B 
  81      21D6
  82 0135 7F397CDE 		.ascii	"\1779|\336\211\211\245\306\023l\263\262O\302_\244_\342"
  82      8989A5C6 
  82      136CB3B2 
  82      4FC25FA4 
  82      5FE2
  83 0147 30C492CB 		.ascii	"0\304\222\313\343JU\207\2228j\201\244\370\373\037%\032"
  83      E34A5587 
  83      92386A81 
  83      A4F8FB1F 
  83      251A
  84 0159 183BFD2E 		.ascii	"\030;\375.1F\271\367W!\375\377F\376\310#3\237.P\250"
  84      3146B9F7 
  84      5721FDFF 
  84      46FEC823 
ARM GAS  C:\Users\info\AppData\Local\Temp\ccxMPOz8.s 			page 6


  84      339F2E50 
  85 016e FFB927EC 		.ascii	"\377\271'\354\340\327\265\024\344y\370\261\206\357\273"
  85      E0D7B514 
  85      E479F8B1 
  85      86EFBB
  86 017d 69373B97 		.ascii	"i7;\227s\347g\2473K\331\224;\363`:3ywf\361Qz6\263\300"
  86      73E767A7 
  86      334BD994 
  86      3BF3603A 
  86      33797766 
  87 0197 68F6696E 		.ascii	"h\366in,E\326\343\314\274\373\027\203\315\250\245"
  87      2C45D6E3 
  87      CCBCFB17 
  87      83CDA8A5 
  88              		.text
  89              		.section	.gnu.lto_pin_oled_rst_Read.792a00e3,"",%progbits
  90 0000 789C354F 		.ascii	"x\2345O1HBQ\024\275\347\275\257_\212\240=\207\246\310"
  90      31484251 
  90      14BDE7BD 
  90      AF5F8AA0 
  90      3D87A6C8 
  91 0014 258208A2 		.ascii	"%\202\010\2425\2505\022\232\004\011\373C\020\032f\263"
  91      35A83512 
  91      9A0409FB 
  91      43101A66 
  91      B3
  92 0025 FFFBFD05 		.ascii	"\377\373\375\005\321PC\265d\016\021j%\325\344\252.\005"
  92      D15043B5 
  92      640E116A 
  92      25D5E4AA 
  92      2E05
  93 0037 45511434 		.ascii	"EQ\0244ED8D\203I\021He\367\365\353\302\273\367\275\363"
  93      45443844 
  93      83491148 
  93      65F7F5EB 
  93      C2BBF7BD 
  94 004c CEB9E75E 		.ascii	"\316\271\347^\215@*&\271\364r\355\342\003I\020\253\027"
  94      8D402A26 
  94      B9F472ED 
  94      E2034910 
  94      AB17
  95 005e 44964F00 		.ascii	"D\226O\000\352b\372@I\201$\336\305\227\300\331\307\351"
  95      EA62FA40 
  95      498124DE 
  95      C597C0D9 
  95      C7E9
  96 0070 4A5B2067 		.ascii	"J[ g\232)\363a\2679\264\231/\303\221D-A\030\360\243"
  96      9A29F361 
  96      B739B499 
  96      2FC39144 
  96      2D4118F0 
  97 0085 DFAF5AE4 		.ascii	"\337\257Z\344\020 \246>\036\177\257wx\323&G\267\"\360"
  97      1020A63E 
  97      1E7FAF77 
  97      78D32647 
  97      B722F0
  98 0098 4F1E5E65 		.ascii	"O\036^ey8Q6[-\333,\337\352\225;]\0079\222}9i\234\204"
ARM GAS  C:\Users\info\AppData\Local\Temp\ccxMPOz8.s 			page 7


  98      79385136 
  98      5B2DDB2C 
  98      DFEA953B 
  98      5D073992 
  99 00b1 47252FA9 		.ascii	"G%/\251\266Tg\231\032\342U\010Ue\015\325\346\362\375"
  99      B6546799 
  99      1AE25508 
  99      55650DD5 
  99      E6F2FD
 100 00c4 F6B0EA64 		.ascii	"\366\260\352dK\311.\033N\365R\177\023\216\224P\246\205"
 100      4BC92E1B 
 100      4EF5527F 
 100      138E9450 
 100      A685
 101 00d6 B552E3EF 		.ascii	"\265R\343\357Y\331\261L\215!\253T<\321\263\310Xi\036"
 101      59D9B14C 
 101      8D21AB54 
 101      3CD1B3C8 
 101      58691E
 102 00e9 55C31EFC 		.ascii	"U\303\036\374(\200\007\305>\262\240\032\354\317Q\262"
 102      288007C5 
 102      3EB2A01A 
 102      ECCF51B2 
 103 00f9 25DC76D7 		.ascii	"%\334v\327\365\363L\273\322\003\2358`Z\015\251\306\322"
 103      F5F34CBB 
 103      D2039D38 
 103      605A0DA9 
 103      C6D2
 104 010b 8B740D35 		.ascii	"\213t\0155\346)Ec\361\306\353\"\036\006Yv\225>\332\222"
 104      E6294563 
 104      F1C6EB22 
 104      1E065976 
 104      953EDA92 
 105 011f 4A26A0A1 		.ascii	"J&\240\241\370/{\202KR<z\206\370{\321\357bP\013\361"
 105      F82F7B82 
 105      4B523C7A 
 105      86F87BD1 
 105      EF62500B 
 106 0134 7A3D6346 		.ascii	"z=cF\324\210O%\214\351p0\266\020\217\030\241\361`ld"
 106      D4884F25 
 106      8CE97030 
 106      B6108F18 
 106      A1F1606C 
 107 0149 30343713 		.ascii	"047\023\015\307f\031\215\317'\372\"\364\003\364^}\311"
 107      0DC76619 
 107      8DCF27FA 
 107      22F403F4 
 107      5E7DC9
 108              		.text
 109              		.section	.gnu.lto_pin_oled_rst_ReadDataReg.792a00e3,"",%progbits
 110 0000 789C354F 		.ascii	"x\2345O=H\202Q\024\275\347\275\317\037\254\240=\207"
 110      3D488251 
 110      14BDE7BD 
 110      CF1FACA0 
 110      3D87
 111 0012 A6C82582 		.ascii	"\246\310%\202h\2505\2505\022\232\004\011s\010B\303l"
 111      68A835A8 
ARM GAS  C:\Users\info\AppData\Local\Temp\ccxMPOz8.s 			page 8


 111      35129A04 
 111      09730842 
 111      C36C
 112 0024 F6F3E72B 		.ascii	"\366\363\347+\212\206\226rI\034\"\324\376[\332\202/"
 112      8A869672 
 112      491C22D4 
 112      FE5BDA82 
 112      2F
 113 0035 A7A0E88F 		.ascii	"\247\240\350\217\326@\"\034\242\301\244\010\242\264"
 113      D640221C 
 113      A2C1A408 
 113      A2B4
 114 0043 7BB32EBC 		.ascii	"{\263.\274{\337;\357\234{\3565\010$1\311\245\227k\027"
 114      7BDF3BEF 
 114      9C7BEE35 
 114      082431C9 
 114      A5976B17 
 115 0057 1F68825A 		.ascii	"\037h\202Z\273\"J\272\025 \027\323\015J($\360\256\276"
 115      BB224ABA 
 115      152017D3 
 115      0D4A2824 
 115      F0AEBE
 116 006a 152E3ECE 		.ascii	"\025.>\316W=\276\202i\246\314\312va([\264ai\242\246"
 116      573DBE82 
 116      69A6CCCA 
 116      7661285B 
 116      B46169A2 
 117 007f 220C78D1 		.ascii	"\"\014x\321\357\225\026\005\370\210\251\217\307\215"
 117      EF951605 
 117      F888A98F 
 117      C78D
 118 008d F50E67C6 		.ascii	"\365\016g\306\344\350\026\002\377\024\341\024\313\303"
 118      E4E81602 
 118      FF14E114 
 118      CBC3
 119 009b 09DB6C36 		.ascii	"\011\333l6\323\246}\3529\273\361\270@\226f_N\006'\345"
 119      D3A67DEA 
 119      39BBF1B8 
 119      4096665F 
 119      4E0627E5 
 120 00af 90E42469 		.ascii	"\220\344$iK5\226\311\020\257JI\325U\224?W\032\245a\351"
 120      4B3596C9 
 120      10AF4A49 
 120      D555943F 
 120      571AA561 
 121 00c4 94D69A5D 		.ascii	"\224\326\232]6\254\362\265\353MYZCLo\213\017\331\277"
 121      36ACF2B5 
 121      EB4D595A 
 121      434C6F8B 
 121      0FD9BF
 122 00d7 A7BD9534 		.ascii	"\247\275\2254\015\206\016N*\313\355y\344\222\031\036"
 122      0D860E4E 
 122      2ACBED79 
 122      E492191E 
 123 00e7 D5C00EBC 		.ascii	"\325\300\016\274(\201\007\305.\362\240*\322_\243\224"
 123      288107C5 
 123      2EF2A02A 
ARM GAS  C:\Users\info\AppData\Local\Temp\ccxMPOz8.s 			page 9


 123      D25FA394 
 124 00f7 D668B5BB 		.ascii	"\326h\265\273\253]\346\332D\017tb\217iU\244\352K/\272"
 124      AB5DE6DA 
 124      440F7462 
 124      8F6955A4 
 124      EA4B2FBA 
 125 010b 6568304F 		.ascii	"eh0O\024\365\305{g\013q0(\266\231\243M-2\005\003\373"
 125      14F5C57B 
 125      670B7130 
 125      28B699A3 
 125      4D2D3205 
 126 0121 FFB227B4 		.ascii	"\377\262'\264H\302\243g\250\277\027\375.\006Y\210\327"
 126      48C2A367 
 126      A8BF17FD 
 126      2E065988 
 126      D7
 127 0132 EB190B47 		.ascii	"\353\031\013G\302\261\251xx:\350\217.\304B\341\300\270"
 127      C2B1A978 
 127      783AE88F 
 127      2EC442E1 
 127      C0B8
 128 0144 3F3A3218 		.ascii	"?:2\030\230\233\211\004\243\263\214\306\346\343}!\372"
 128      989B8904 
 128      A3B38CC6 
 128      E6E37D21 
 128      FA
 129 0155 01B08B7D 		.ascii	"\001\260\213}\267"
 129      B7
 130              		.text
 131              		.section	.gnu.lto_.symbol_nodes.792a00e3,"",%progbits
 132 0000 789C6361 		.ascii	"x\234ca`dpc\000\002&\206z\006\206\011\347\030@\324\252"
 132      60647063 
 132      00022686 
 132      7A068609 
 132      E71840D4 
 133 0015 0645A000 		.ascii	"\006E\240\000c=#\252\000S=\023\252\000s=3\212\000\003"
 133      633D23AA 
 133      00533D13 
 133      AA00733D 
 133      338A0003 
 134 0029 001ED60E 		.ascii	"\000\036\326\016\374"
 134      FC
 135              		.text
 136              		.section	.gnu.lto_.refs.792a00e3,"",%progbits
 137 0000 789C6361 		.ascii	"x\234ca`\004B \000\000\0009\000\007"
 137      60044220 
 137      00000039 
 137      0007
 138              		.text
 139              		.section	.gnu.lto_.decls.792a00e3,"",%progbits
 140 0000 789C8D53 		.ascii	"x\234\215S]H\024Q\024\276gf\\e\\\255$b\203%6\037\302"
 140      5D481451 
 140      14BE6766 
 140      5C655CAD 
 140      24628325 
 141 0017 972489C0 		.ascii	"\227$\211\300\207\260@\311^\312\320\262\027AV\035j\241"
 141      87B040C9 
ARM GAS  C:\Users\info\AppData\Local\Temp\ccxMPOz8.s 			page 10


 141      5ECAD0B2 
 141      1741561D 
 141      6AA1
 142 0029 5C59D7C0 		.ascii	"\\Y\327\300\267\233\273\222V\210>h\254\364\263\371\340"
 142      B79BBB92 
 142      56883E68 
 142      ACF4B3F9 
 142      E0
 143 003a 4F9AFF6B 		.ascii	"O\232\377k\356\226\271\225Y\004B\266\021\204B\222\371"
 143      EE96B995 
 143      590442B6 
 143      11844292 
 143      F9
 144 004b 605928F9 		.ascii	"`Y(\371\"ev\356\335Yg67\360\300\235{\316=\337\367\235"
 144      226576EE 
 144      DD596736 
 144      37F0C09D 
 144      7BCE3DDF 
 145 0061 73CFCC48 		.ascii	"s\317\314H\004\010\263,\211\220\021\334\315\030n\240"
 145      0408B32C 
 145      899011DC 
 145      CD186EA0 
 146 0071 C5A15F48 		.ascii	"\305\241_H4\3034\031\302\345\3035\212+@\266\032\313"
 146      34C33419 
 146      C2E5C335 
 146      8A2B40B6 
 146      1ACB
 147 0083 1B545E2F 		.ascii	"\033T^/\323\3025\216k\014W\236\212\001\025\367\257\371"
 147      D3C2358E 
 147      6B0C579E 
 147      8A0115F7 
 147      AFF9
 148 0095 6270833A 		.ascii	"bp\203:~\204\353\213\301e\375\304\351xy1x\2431x\201"
 148      7E84EB8B 
 148      C165FDC4 
 148      E9787931 
 148      78A33178 
 149 00aa 6DF062DD 		.ascii	"m\360b\335s]\000\327\347\257\336\204\031\370\010@\200"
 149      735D00D7 
 149      E7AFDE84 
 149      19F80840 
 149      80
 150 00bb 1B51E748 		.ascii	"\033Q\347H\330\211\2723\007\302\201\020\321\203Me\325"
 150      D889BA33 
 150      07C28110 
 150      D1834D65 
 150      D5
 151 00cc E1702002 		.ascii	"\341p \002\307\203.\021\205\343\357\204\233v\004\233"
 151      C7832E11 
 151      85E3EF84 
 151      9B76049B 
 152 00dc 164142B4 		.ascii	"\026AB\264(S\325B\214\005\215\240\323S\273W\353\203"
 152      2853D542 
 152      8C058DA0 
 152      D353BB57 
 152      EB83
 153 00ee BE2C9716 		.ascii	"\276,\227\026#\227\356nh~\007\"j\242\377i\255\363Dz"
ARM GAS  C:\Users\info\AppData\Local\Temp\ccxMPOz8.s 			page 11


 153      2397EE6E 
 153      687E0722 
 153      6AA2FF69 
 153      ADF3447A 
 154 0102 0F456BA4 		.ascii	"\017Ek\244T8\250M\246\257\366KW\302\252\000f\0316\200"
 154      5438A84D 
 154      A6AFF64B 
 154      57C2AA00 
 154      66193680 
 155 0116 C54BFEB5 		.ascii	"\305K\376\265\244p\314\322\236\246\371?\211\342>\346"
 155      A470CCD2 
 155      9EA6F93F 
 155      89E23EE6 
 156 0126 0BA1F9EE 		.ascii	"\013\241\371\356E\011\322\344v&3\347\031\310\362S\272"
 156      4509D2E4 
 156      762633E7 
 156      19C8F253 
 156      BA
 157 0137 137A4186 		.ascii	"\023zA\206\036\020\241\013\322Y\007f\031\237u\224\326"
 157      1E10A10B 
 157      D2590766 
 157      199F7594 
 157      D6
 158 0148 D0E5366A 		.ascii	"\320\3456j0\0218l\206Cf\002\017!\215i2\024t\203\031"
 158      3011386C 
 158      86436602 
 158      0F218D69 
 158      32147483 
 159 015d 1E8099E9 		.ascii	"\036\200\231\351/\334\272\367\315 \341\270\271N\211"
 159      2FDCBAF7 
 159      CD20E1B8 
 159      B94E89
 160 016c C4CEA6DD 		.ascii	"\304\316\246\335\375\267El!E\006\011\303\225\251\326"
 160      FDB7456C 
 160      21450609 
 160      C395A9D6 
 161 017c F9640C77 		.ascii	"\371d\014w\313`\301\260'0\273d0\265\360\253\270\250"
 161      CB60C1B0 
 161      2730BB64 
 161      30B5F0AB 
 161      B8A8
 162 018e 4582C23D 		.ascii	"E\202\302=0\200\202\375(H`\020L\370\354\003)|;\357w"
 162      308082FD 
 162      28486010 
 162      4CF8EC03 
 162      297C3BEF 
 163 01a3 CFAC31D5 		.ascii	"\317\2541\325K\275\375t\356\316\344\321\026\027}\215"
 163      4BBDFD74 
 163      EECEE4D1 
 163      16177D8D 
 164 01b3 3C0B8341 		.ascii	"<\013\203A\247\3264\272l\353\200\031\034\350\020\244"
 164      A7D634BA 
 164      6CEB8019 
 164      1CE810A4 
 165 01c3 22B377C1 		.ascii	"\"\263w\301\355N\026/\363!\270g\033~%\206U\202\253\223"
 165      ED4E162F 
 165      F321B867 
ARM GAS  C:\Users\info\AppData\Local\Temp\ccxMPOz8.s 			page 12


 165      1B7E2586 
 165      5582AB93 
 166 01d7 46DA7895 		.ascii	"F\332x\225\322\343\\cX\323\030\326k\370\270\306\304"
 166      D2E35C63 
 166      58D318D6 
 166      6BF8B8C6 
 166      C4
 167 01e8 FBDA9B49 		.ascii	"\373\332\233I\3425\340\"oo\274t\355\320\367\315.\254"
 167      E235E022 
 167      6F6FBC74 
 167      EDD0F7CD 
 167      2EAC
 168 01fa 35FE8837 		.ascii	"5\376\2107^\242\366\335\376{\354n\244b\350\225\350\241"
 168      5EA2F6DD 
 168      FE7BEC6E 
 168      A462E895 
 168      E8A1
 169 020c 4137F204 		.ascii	"A7\362\004\206\202\021\255\346\210\276\346(\2579\271"
 169      868211AD 
 169      E688BEE6 
 169      28AF39B9 
 170 021c D2D69124 		.ascii	"\322\326\221$z\3025\353C-\365\222*\023x\023i\234\211"
 170      7AC235EB 
 170      432DF592 
 170      2A137813 
 170      699C89
 171 022f F83511BF 		.ascii	"\3705\021\277^$\300EV\335??\030d|\213\256\355\275\305"
 171      5E24C045 
 171      56DD3F3F 
 171      18647C8B 
 171      AEEDBDC5 
 172 0243 A9C5FB1B 		.ascii	"\251\305\373\033\361\342 /*\0145{\232\343AN\213A\177"
 172      F1E2202F 
 172      2A0C357B 
 172      9AE3414E 
 172      8B417F
 173 0256 1A83AE7E 		.ascii	"\032\203\256~Mkg\233\352\331\015\307p*O\264\346\036"
 173      4D6B679B 
 173      EAD90DC7 
 173      702A4FB4 
 173      E61E
 174 0268 831C9E48 		.ascii	"\203\034\236H\327\217\027A0^g\037\026\216/\345$\007"
 174      D78F1741 
 174      305E671F 
 174      168E2FE5 
 174      2407
 175 027a 6AE31B07 		.ascii	"j\343\033\007#\377\001p_\027\304\211P\337\270\014\262"
 175      23FF0170 
 175      5F17C489 
 175      50DFB80C 
 175      B2
 176 028b 19300F75 		.ascii	"\0310\017u\254\300r\215\256\017\002A&\013\3170\375\034"
 176      ACC0728D 
 176      AE0F0241 
 176      260BCF30 
 176      FD1C
 177 029d E9AD9461 		.ascii	"\351\255\224a\246\201\037\363`\371\030\367\371#\245"
ARM GAS  C:\Users\info\AppData\Local\Temp\ccxMPOz8.s 			page 13


 177      A6811FF3 
 177      60F918F7 
 177      F923A5
 178 02ac C2565E6C 		.ascii	"\302V^l\277\244\224\025;*\235\305\347\0356\247\222\220"
 178      BFA49415 
 178      3B2A9DC5 
 178      E71D36A7 
 178      9290
 179 02be 7BFA9C25 		.ascii	"{\372\234%;#\203\304U\331\312\235\231\373s\225r\305"
 179      3B2383C4 
 179      55D9CA9D 
 179      99FB7395 
 179      72C5
 180 02d0 617522A4 		.ascii	"au\"\244\300^\345(U\212\316\024\330\263\217\024\225"
 180      C05EE528 
 180      558ACE14 
 180      D8B38F14 
 180      95
 181 02e1 563BAB2B 		.ascii	"V;\253+\224\312\364\213\344\300\177\020z\351\364R\262"
 181      94CAF48B 
 181      E4C07F10 
 181      7AE9F452 
 181      B2
 182 02f2 37AA5481 		.ascii	"7\252T\201\342\314q\330\256(\247\354e\312\256\250L\276"
 182      E2CC71D8 
 182      AE28A7EC 
 182      65CAAEA8 
 182      4CBE
 183 0304 622D336D 		.ascii	"b-3m9\311\261:\255\371\312\005\311\241\\\310\374\013"
 183      39C9B13A 
 183      ADF9CA05 
 183      C9A15CC8 
 183      FC0B
 184 0316 06256F17 		.ascii	"\006%o\027"
 185              		.text
 186              		.section	.gnu.lto_.symtab.792a00e3,"",%progbits
 187 0000 70696E5F 		.ascii	"pin_oled_rst_Write\000"
 187      6F6C6564 
 187      5F727374 
 187      5F577269 
 187      746500
 188 0013 00       		.ascii	"\000"
 189 0014 00       		.ascii	"\000"
 190 0015 00       		.ascii	"\000"
 191 0016 00000000 		.ascii	"\000\000\000\000\000\000\000\000"
 191      00000000 
 192 001e B3000000 		.ascii	"\263\000\000\000"
 193 0022 70696E5F 		.ascii	"pin_oled_rst_SetDriveMode\000"
 193      6F6C6564 
 193      5F727374 
 193      5F536574 
 193      44726976 
 194 003c 00       		.ascii	"\000"
 195 003d 00       		.ascii	"\000"
 196 003e 00       		.ascii	"\000"
 197 003f 00000000 		.ascii	"\000\000\000\000\000\000\000\000"
 197      00000000 
ARM GAS  C:\Users\info\AppData\Local\Temp\ccxMPOz8.s 			page 14


 198 0047 B5000000 		.ascii	"\265\000\000\000"
 199 004b 70696E5F 		.ascii	"pin_oled_rst_Read\000"
 199      6F6C6564 
 199      5F727374 
 199      5F526561 
 199      6400
 200 005d 00       		.ascii	"\000"
 201 005e 00       		.ascii	"\000"
 202 005f 00       		.ascii	"\000"
 203 0060 00000000 		.ascii	"\000\000\000\000\000\000\000\000"
 203      00000000 
 204 0068 B8000000 		.ascii	"\270\000\000\000"
 205 006c 70696E5F 		.ascii	"pin_oled_rst_ReadDataReg\000"
 205      6F6C6564 
 205      5F727374 
 205      5F526561 
 205      64446174 
 206 0085 00       		.ascii	"\000"
 207 0086 00       		.ascii	"\000"
 208 0087 00       		.ascii	"\000"
 209 0088 00000000 		.ascii	"\000\000\000\000\000\000\000\000"
 209      00000000 
 210 0090 BA000000 		.ascii	"\272\000\000\000"
 211              		.text
 212              		.section	.gnu.lto_.opts,"",%progbits
 213 0000 272D666D 		.ascii	"'-fmath-errno' '-fsigned-zeros' '-ftrapping-math' '"
 213      6174682D 
 213      6572726E 
 213      6F272027 
 213      2D667369 
 214 0033 2D666E6F 		.ascii	"-fno-trapv' '-fno-strict-overflow' '-fno-openmp' '-"
 214      2D747261 
 214      70762720 
 214      272D666E 
 214      6F2D7374 
 215 0066 666E6F2D 		.ascii	"fno-openacc' '-mcpu=cortex-m3' '-mthumb' '-g' '-Og'"
 215      6F70656E 
 215      61636327 
 215      20272D6D 
 215      6370753D 
 216 0099 20272D66 		.ascii	" '-ffunction-sections' '-ffat-lto-objects' '-flto'\000"
 216      66756E63 
 216      74696F6E 
 216      2D736563 
 216      74696F6E 
 217              		.text
 218              		.cfi_sections	.debug_frame
 219              		.section	.text.pin_oled_rst_Write,"ax",%progbits
 220              		.align	2
 221              		.global	pin_oled_rst_Write
 222              		.thumb
 223              		.thumb_func
 224              		.type	pin_oled_rst_Write, %function
 225              	pin_oled_rst_Write:
 226              	.LFB0:
 227              		.file 1 "Generated_Source\\PSoC5\\pin_oled_rst.c"
   1:Generated_Source\PSoC5/pin_oled_rst.c **** /*******************************************************************************
ARM GAS  C:\Users\info\AppData\Local\Temp\ccxMPOz8.s 			page 15


   2:Generated_Source\PSoC5/pin_oled_rst.c **** * File Name: pin_oled_rst.c  
   3:Generated_Source\PSoC5/pin_oled_rst.c **** * Version 2.20
   4:Generated_Source\PSoC5/pin_oled_rst.c **** *
   5:Generated_Source\PSoC5/pin_oled_rst.c **** * Description:
   6:Generated_Source\PSoC5/pin_oled_rst.c **** *  This file contains API to enable firmware control of a Pins component.
   7:Generated_Source\PSoC5/pin_oled_rst.c **** *
   8:Generated_Source\PSoC5/pin_oled_rst.c **** * Note:
   9:Generated_Source\PSoC5/pin_oled_rst.c **** *
  10:Generated_Source\PSoC5/pin_oled_rst.c **** ********************************************************************************
  11:Generated_Source\PSoC5/pin_oled_rst.c **** * Copyright 2008-2015, Cypress Semiconductor Corporation.  All rights reserved.
  12:Generated_Source\PSoC5/pin_oled_rst.c **** * You may use this file only in accordance with the license, terms, conditions, 
  13:Generated_Source\PSoC5/pin_oled_rst.c **** * disclaimers, and limitations in the end user license agreement accompanying 
  14:Generated_Source\PSoC5/pin_oled_rst.c **** * the software package with which this file was provided.
  15:Generated_Source\PSoC5/pin_oled_rst.c **** *******************************************************************************/
  16:Generated_Source\PSoC5/pin_oled_rst.c **** 
  17:Generated_Source\PSoC5/pin_oled_rst.c **** #include "cytypes.h"
  18:Generated_Source\PSoC5/pin_oled_rst.c **** #include "pin_oled_rst.h"
  19:Generated_Source\PSoC5/pin_oled_rst.c **** 
  20:Generated_Source\PSoC5/pin_oled_rst.c **** /* APIs are not generated for P15[7:6] on PSoC 5 */
  21:Generated_Source\PSoC5/pin_oled_rst.c **** #if !(CY_PSOC5A &&\
  22:Generated_Source\PSoC5/pin_oled_rst.c **** 	 pin_oled_rst__PORT == 15 && ((pin_oled_rst__MASK & 0xC0) != 0))
  23:Generated_Source\PSoC5/pin_oled_rst.c **** 
  24:Generated_Source\PSoC5/pin_oled_rst.c **** 
  25:Generated_Source\PSoC5/pin_oled_rst.c **** /*******************************************************************************
  26:Generated_Source\PSoC5/pin_oled_rst.c **** * Function Name: pin_oled_rst_Write
  27:Generated_Source\PSoC5/pin_oled_rst.c **** ****************************************************************************//**
  28:Generated_Source\PSoC5/pin_oled_rst.c **** *
  29:Generated_Source\PSoC5/pin_oled_rst.c **** * \brief Writes the value to the physical port (data output register), masking
  30:Generated_Source\PSoC5/pin_oled_rst.c **** *  and shifting the bits appropriately. 
  31:Generated_Source\PSoC5/pin_oled_rst.c **** *
  32:Generated_Source\PSoC5/pin_oled_rst.c **** * The data output register controls the signal applied to the physical pin in 
  33:Generated_Source\PSoC5/pin_oled_rst.c **** * conjunction with the drive mode parameter. This function avoids changing 
  34:Generated_Source\PSoC5/pin_oled_rst.c **** * other bits in the port by using the appropriate method (read-modify-write or
  35:Generated_Source\PSoC5/pin_oled_rst.c **** * bit banding).
  36:Generated_Source\PSoC5/pin_oled_rst.c **** *
  37:Generated_Source\PSoC5/pin_oled_rst.c **** * <b>Note</b> This function should not be used on a hardware digital output pin 
  38:Generated_Source\PSoC5/pin_oled_rst.c **** * as it is driven by the hardware signal attached to it.
  39:Generated_Source\PSoC5/pin_oled_rst.c **** *
  40:Generated_Source\PSoC5/pin_oled_rst.c **** * \param value
  41:Generated_Source\PSoC5/pin_oled_rst.c **** *  Value to write to the component instance.
  42:Generated_Source\PSoC5/pin_oled_rst.c **** *
  43:Generated_Source\PSoC5/pin_oled_rst.c **** * \return 
  44:Generated_Source\PSoC5/pin_oled_rst.c **** *  None 
  45:Generated_Source\PSoC5/pin_oled_rst.c **** *
  46:Generated_Source\PSoC5/pin_oled_rst.c **** * \sideeffect
  47:Generated_Source\PSoC5/pin_oled_rst.c **** *  If you use read-modify-write operations that are not atomic; the Interrupt 
  48:Generated_Source\PSoC5/pin_oled_rst.c **** *  Service Routines (ISR) can cause corruption of this function. An ISR that 
  49:Generated_Source\PSoC5/pin_oled_rst.c **** *  interrupts this function and performs writes to the Pins component data 
  50:Generated_Source\PSoC5/pin_oled_rst.c **** *  register can cause corrupted port data. To avoid this issue, you should 
  51:Generated_Source\PSoC5/pin_oled_rst.c **** *  either use the Per-Pin APIs (primary method) or disable interrupts around 
  52:Generated_Source\PSoC5/pin_oled_rst.c **** *  this function.
  53:Generated_Source\PSoC5/pin_oled_rst.c **** *
  54:Generated_Source\PSoC5/pin_oled_rst.c **** * \funcusage
  55:Generated_Source\PSoC5/pin_oled_rst.c **** *  \snippet pin_oled_rst_SUT.c usage_pin_oled_rst_Write
  56:Generated_Source\PSoC5/pin_oled_rst.c **** *******************************************************************************/
  57:Generated_Source\PSoC5/pin_oled_rst.c **** void pin_oled_rst_Write(uint8 value)
  58:Generated_Source\PSoC5/pin_oled_rst.c **** {
ARM GAS  C:\Users\info\AppData\Local\Temp\ccxMPOz8.s 			page 16


 228              		.loc 1 58 0
 229              		.cfi_startproc
 230              		@ args = 0, pretend = 0, frame = 0
 231              		@ frame_needed = 0, uses_anonymous_args = 0
 232              		@ link register save eliminated.
 233              	.LVL0:
  59:Generated_Source\PSoC5/pin_oled_rst.c ****     uint8 staticBits = (pin_oled_rst_DR & (uint8)(~pin_oled_rst_MASK));
 234              		.loc 1 59 0
 235 0000 044A     		ldr	r2, .L2
 236 0002 1378     		ldrb	r3, [r2]	@ zero_extendqisi2
 237 0004 03F0EF03 		and	r3, r3, #239
 238              	.LVL1:
  60:Generated_Source\PSoC5/pin_oled_rst.c ****     pin_oled_rst_DR = staticBits | ((uint8)(value << pin_oled_rst_SHIFT) & pin_oled_rst_MASK);
 239              		.loc 1 60 0
 240 0008 0001     		lsls	r0, r0, #4
 241              	.LVL2:
 242 000a 00F01000 		and	r0, r0, #16
 243 000e 1843     		orrs	r0, r0, r3
 244 0010 1070     		strb	r0, [r2]
 245 0012 7047     		bx	lr
 246              	.L3:
 247              		.align	2
 248              	.L2:
 249 0014 C0510040 		.word	1073762752
 250              		.cfi_endproc
 251              	.LFE0:
 252              		.size	pin_oled_rst_Write, .-pin_oled_rst_Write
 253              		.section	.text.pin_oled_rst_SetDriveMode,"ax",%progbits
 254              		.align	2
 255              		.global	pin_oled_rst_SetDriveMode
 256              		.thumb
 257              		.thumb_func
 258              		.type	pin_oled_rst_SetDriveMode, %function
 259              	pin_oled_rst_SetDriveMode:
 260              	.LFB1:
  61:Generated_Source\PSoC5/pin_oled_rst.c **** }
  62:Generated_Source\PSoC5/pin_oled_rst.c **** 
  63:Generated_Source\PSoC5/pin_oled_rst.c **** 
  64:Generated_Source\PSoC5/pin_oled_rst.c **** /*******************************************************************************
  65:Generated_Source\PSoC5/pin_oled_rst.c **** * Function Name: pin_oled_rst_SetDriveMode
  66:Generated_Source\PSoC5/pin_oled_rst.c **** ****************************************************************************//**
  67:Generated_Source\PSoC5/pin_oled_rst.c **** *
  68:Generated_Source\PSoC5/pin_oled_rst.c **** * \brief Sets the drive mode for each of the Pins component's pins.
  69:Generated_Source\PSoC5/pin_oled_rst.c **** * 
  70:Generated_Source\PSoC5/pin_oled_rst.c **** * <b>Note</b> This affects all pins in the Pins component instance. Use the
  71:Generated_Source\PSoC5/pin_oled_rst.c **** * Per-Pin APIs if you wish to control individual pin's drive modes.
  72:Generated_Source\PSoC5/pin_oled_rst.c **** *
  73:Generated_Source\PSoC5/pin_oled_rst.c **** * \param mode
  74:Generated_Source\PSoC5/pin_oled_rst.c **** *  Mode for the selected signals. Valid options are documented in 
  75:Generated_Source\PSoC5/pin_oled_rst.c **** *  \ref driveMode.
  76:Generated_Source\PSoC5/pin_oled_rst.c **** *
  77:Generated_Source\PSoC5/pin_oled_rst.c **** * \return
  78:Generated_Source\PSoC5/pin_oled_rst.c **** *  None
  79:Generated_Source\PSoC5/pin_oled_rst.c **** *
  80:Generated_Source\PSoC5/pin_oled_rst.c **** * \sideeffect
  81:Generated_Source\PSoC5/pin_oled_rst.c **** *  If you use read-modify-write operations that are not atomic, the ISR can
  82:Generated_Source\PSoC5/pin_oled_rst.c **** *  cause corruption of this function. An ISR that interrupts this function 
ARM GAS  C:\Users\info\AppData\Local\Temp\ccxMPOz8.s 			page 17


  83:Generated_Source\PSoC5/pin_oled_rst.c **** *  and performs writes to the Pins component Drive Mode registers can cause 
  84:Generated_Source\PSoC5/pin_oled_rst.c **** *  corrupted port data. To avoid this issue, you should either use the Per-Pin
  85:Generated_Source\PSoC5/pin_oled_rst.c **** *  APIs (primary method) or disable interrupts around this function.
  86:Generated_Source\PSoC5/pin_oled_rst.c **** *
  87:Generated_Source\PSoC5/pin_oled_rst.c **** * \funcusage
  88:Generated_Source\PSoC5/pin_oled_rst.c **** *  \snippet pin_oled_rst_SUT.c usage_pin_oled_rst_SetDriveMode
  89:Generated_Source\PSoC5/pin_oled_rst.c **** *******************************************************************************/
  90:Generated_Source\PSoC5/pin_oled_rst.c **** void pin_oled_rst_SetDriveMode(uint8 mode)
  91:Generated_Source\PSoC5/pin_oled_rst.c **** {
 261              		.loc 1 91 0
 262              		.cfi_startproc
 263              		@ args = 0, pretend = 0, frame = 0
 264              		@ frame_needed = 0, uses_anonymous_args = 0
 265              		@ link register save eliminated.
 266              	.LVL3:
  92:Generated_Source\PSoC5/pin_oled_rst.c **** 	CyPins_SetPinDriveMode(pin_oled_rst_0, mode);
 267              		.loc 1 92 0
 268 0000 044A     		ldr	r2, .L5
 269 0002 1378     		ldrb	r3, [r2]	@ zero_extendqisi2
 270 0004 03F0F103 		and	r3, r3, #241
 271 0008 00F00E00 		and	r0, r0, #14
 272              	.LVL4:
 273 000c 1843     		orrs	r0, r0, r3
 274 000e 1070     		strb	r0, [r2]
 275 0010 7047     		bx	lr
 276              	.L6:
 277 0012 00BF     		.align	2
 278              	.L5:
 279 0014 64500040 		.word	1073762404
 280              		.cfi_endproc
 281              	.LFE1:
 282              		.size	pin_oled_rst_SetDriveMode, .-pin_oled_rst_SetDriveMode
 283              		.section	.text.pin_oled_rst_Read,"ax",%progbits
 284              		.align	2
 285              		.global	pin_oled_rst_Read
 286              		.thumb
 287              		.thumb_func
 288              		.type	pin_oled_rst_Read, %function
 289              	pin_oled_rst_Read:
 290              	.LFB2:
  93:Generated_Source\PSoC5/pin_oled_rst.c **** }
  94:Generated_Source\PSoC5/pin_oled_rst.c **** 
  95:Generated_Source\PSoC5/pin_oled_rst.c **** 
  96:Generated_Source\PSoC5/pin_oled_rst.c **** /*******************************************************************************
  97:Generated_Source\PSoC5/pin_oled_rst.c **** * Function Name: pin_oled_rst_Read
  98:Generated_Source\PSoC5/pin_oled_rst.c **** ****************************************************************************//**
  99:Generated_Source\PSoC5/pin_oled_rst.c **** *
 100:Generated_Source\PSoC5/pin_oled_rst.c **** * \brief Reads the associated physical port (pin status register) and masks 
 101:Generated_Source\PSoC5/pin_oled_rst.c **** *  the required bits according to the width and bit position of the component
 102:Generated_Source\PSoC5/pin_oled_rst.c **** *  instance. 
 103:Generated_Source\PSoC5/pin_oled_rst.c **** *
 104:Generated_Source\PSoC5/pin_oled_rst.c **** * The pin's status register returns the current logic level present on the 
 105:Generated_Source\PSoC5/pin_oled_rst.c **** * physical pin.
 106:Generated_Source\PSoC5/pin_oled_rst.c **** *
 107:Generated_Source\PSoC5/pin_oled_rst.c **** * \return 
 108:Generated_Source\PSoC5/pin_oled_rst.c **** *  The current value for the pins in the component as a right justified number.
 109:Generated_Source\PSoC5/pin_oled_rst.c **** *
ARM GAS  C:\Users\info\AppData\Local\Temp\ccxMPOz8.s 			page 18


 110:Generated_Source\PSoC5/pin_oled_rst.c **** * \funcusage
 111:Generated_Source\PSoC5/pin_oled_rst.c **** *  \snippet pin_oled_rst_SUT.c usage_pin_oled_rst_Read  
 112:Generated_Source\PSoC5/pin_oled_rst.c **** *******************************************************************************/
 113:Generated_Source\PSoC5/pin_oled_rst.c **** uint8 pin_oled_rst_Read(void)
 114:Generated_Source\PSoC5/pin_oled_rst.c **** {
 291              		.loc 1 114 0
 292              		.cfi_startproc
 293              		@ args = 0, pretend = 0, frame = 0
 294              		@ frame_needed = 0, uses_anonymous_args = 0
 295              		@ link register save eliminated.
 115:Generated_Source\PSoC5/pin_oled_rst.c ****     return (pin_oled_rst_PS & pin_oled_rst_MASK) >> pin_oled_rst_SHIFT;
 296              		.loc 1 115 0
 297 0000 024B     		ldr	r3, .L8
 298 0002 1878     		ldrb	r0, [r3]	@ zero_extendqisi2
 116:Generated_Source\PSoC5/pin_oled_rst.c **** }
 299              		.loc 1 116 0
 300 0004 C0F30010 		ubfx	r0, r0, #4, #1
 301 0008 7047     		bx	lr
 302              	.L9:
 303 000a 00BF     		.align	2
 304              	.L8:
 305 000c C1510040 		.word	1073762753
 306              		.cfi_endproc
 307              	.LFE2:
 308              		.size	pin_oled_rst_Read, .-pin_oled_rst_Read
 309              		.section	.text.pin_oled_rst_ReadDataReg,"ax",%progbits
 310              		.align	2
 311              		.global	pin_oled_rst_ReadDataReg
 312              		.thumb
 313              		.thumb_func
 314              		.type	pin_oled_rst_ReadDataReg, %function
 315              	pin_oled_rst_ReadDataReg:
 316              	.LFB3:
 117:Generated_Source\PSoC5/pin_oled_rst.c **** 
 118:Generated_Source\PSoC5/pin_oled_rst.c **** 
 119:Generated_Source\PSoC5/pin_oled_rst.c **** /*******************************************************************************
 120:Generated_Source\PSoC5/pin_oled_rst.c **** * Function Name: pin_oled_rst_ReadDataReg
 121:Generated_Source\PSoC5/pin_oled_rst.c **** ****************************************************************************//**
 122:Generated_Source\PSoC5/pin_oled_rst.c **** *
 123:Generated_Source\PSoC5/pin_oled_rst.c **** * \brief Reads the associated physical port's data output register and masks 
 124:Generated_Source\PSoC5/pin_oled_rst.c **** *  the correct bits according to the width and bit position of the component 
 125:Generated_Source\PSoC5/pin_oled_rst.c **** *  instance. 
 126:Generated_Source\PSoC5/pin_oled_rst.c **** *
 127:Generated_Source\PSoC5/pin_oled_rst.c **** * The data output register controls the signal applied to the physical pin in 
 128:Generated_Source\PSoC5/pin_oled_rst.c **** * conjunction with the drive mode parameter. This is not the same as the 
 129:Generated_Source\PSoC5/pin_oled_rst.c **** * preferred pin_oled_rst_Read() API because the 
 130:Generated_Source\PSoC5/pin_oled_rst.c **** * pin_oled_rst_ReadDataReg() reads the data register instead of the status 
 131:Generated_Source\PSoC5/pin_oled_rst.c **** * register. For output pins this is a useful function to determine the value 
 132:Generated_Source\PSoC5/pin_oled_rst.c **** * just written to the pin.
 133:Generated_Source\PSoC5/pin_oled_rst.c **** *
 134:Generated_Source\PSoC5/pin_oled_rst.c **** * \return 
 135:Generated_Source\PSoC5/pin_oled_rst.c **** *  The current value of the data register masked and shifted into a right 
 136:Generated_Source\PSoC5/pin_oled_rst.c **** *  justified number for the component instance.
 137:Generated_Source\PSoC5/pin_oled_rst.c **** *
 138:Generated_Source\PSoC5/pin_oled_rst.c **** * \funcusage
 139:Generated_Source\PSoC5/pin_oled_rst.c **** *  \snippet pin_oled_rst_SUT.c usage_pin_oled_rst_ReadDataReg 
 140:Generated_Source\PSoC5/pin_oled_rst.c **** *******************************************************************************/
ARM GAS  C:\Users\info\AppData\Local\Temp\ccxMPOz8.s 			page 19


 141:Generated_Source\PSoC5/pin_oled_rst.c **** uint8 pin_oled_rst_ReadDataReg(void)
 142:Generated_Source\PSoC5/pin_oled_rst.c **** {
 317              		.loc 1 142 0
 318              		.cfi_startproc
 319              		@ args = 0, pretend = 0, frame = 0
 320              		@ frame_needed = 0, uses_anonymous_args = 0
 321              		@ link register save eliminated.
 143:Generated_Source\PSoC5/pin_oled_rst.c ****     return (pin_oled_rst_DR & pin_oled_rst_MASK) >> pin_oled_rst_SHIFT;
 322              		.loc 1 143 0
 323 0000 024B     		ldr	r3, .L11
 324 0002 1878     		ldrb	r0, [r3]	@ zero_extendqisi2
 144:Generated_Source\PSoC5/pin_oled_rst.c **** }
 325              		.loc 1 144 0
 326 0004 C0F30010 		ubfx	r0, r0, #4, #1
 327 0008 7047     		bx	lr
 328              	.L12:
 329 000a 00BF     		.align	2
 330              	.L11:
 331 000c C0510040 		.word	1073762752
 332              		.cfi_endproc
 333              	.LFE3:
 334              		.size	pin_oled_rst_ReadDataReg, .-pin_oled_rst_ReadDataReg
 335              		.text
 336              	.Letext0:
 337              		.file 2 "Generated_Source\\PSoC5\\cytypes.h"
 338              		.section	.debug_info,"",%progbits
 339              	.Ldebug_info0:
 340 0000 1B010000 		.4byte	0x11b
 341 0004 0400     		.2byte	0x4
 342 0006 00000000 		.4byte	.Ldebug_abbrev0
 343 000a 04       		.byte	0x4
 344 000b 01       		.uleb128 0x1
 345 000c 50000000 		.4byte	.LASF20
 346 0010 0C       		.byte	0xc
 347 0011 00000000 		.4byte	.LASF21
 348 0015 48010000 		.4byte	.LASF22
 349 0019 00000000 		.4byte	.Ldebug_ranges0+0
 350 001d 00000000 		.4byte	0
 351 0021 00000000 		.4byte	.Ldebug_line0
 352 0025 02       		.uleb128 0x2
 353 0026 01       		.byte	0x1
 354 0027 06       		.byte	0x6
 355 0028 27020000 		.4byte	.LASF0
 356 002c 02       		.uleb128 0x2
 357 002d 01       		.byte	0x1
 358 002e 08       		.byte	0x8
 359 002f EA000000 		.4byte	.LASF1
 360 0033 02       		.uleb128 0x2
 361 0034 02       		.byte	0x2
 362 0035 05       		.byte	0x5
 363 0036 F4010000 		.4byte	.LASF2
 364 003a 02       		.uleb128 0x2
 365 003b 02       		.byte	0x2
 366 003c 07       		.byte	0x7
 367 003d 0F010000 		.4byte	.LASF3
 368 0041 02       		.uleb128 0x2
 369 0042 04       		.byte	0x4
ARM GAS  C:\Users\info\AppData\Local\Temp\ccxMPOz8.s 			page 20


 370 0043 05       		.byte	0x5
 371 0044 1E020000 		.4byte	.LASF4
 372 0048 02       		.uleb128 0x2
 373 0049 04       		.byte	0x4
 374 004a 07       		.byte	0x7
 375 004b FD000000 		.4byte	.LASF5
 376 004f 02       		.uleb128 0x2
 377 0050 08       		.byte	0x8
 378 0051 05       		.byte	0x5
 379 0052 E1010000 		.4byte	.LASF6
 380 0056 02       		.uleb128 0x2
 381 0057 08       		.byte	0x8
 382 0058 07       		.byte	0x7
 383 0059 B2010000 		.4byte	.LASF7
 384 005d 03       		.uleb128 0x3
 385 005e 04       		.byte	0x4
 386 005f 05       		.byte	0x5
 387 0060 696E7400 		.ascii	"int\000"
 388 0064 02       		.uleb128 0x2
 389 0065 04       		.byte	0x4
 390 0066 07       		.byte	0x7
 391 0067 3B010000 		.4byte	.LASF8
 392 006b 04       		.uleb128 0x4
 393 006c 18020000 		.4byte	.LASF12
 394 0070 02       		.byte	0x2
 395 0071 E401     		.2byte	0x1e4
 396 0073 2C000000 		.4byte	0x2c
 397 0077 02       		.uleb128 0x2
 398 0078 04       		.byte	0x4
 399 0079 04       		.byte	0x4
 400 007a E4000000 		.4byte	.LASF9
 401 007e 02       		.uleb128 0x2
 402 007f 08       		.byte	0x8
 403 0080 04       		.byte	0x4
 404 0081 34010000 		.4byte	.LASF10
 405 0085 02       		.uleb128 0x2
 406 0086 01       		.byte	0x1
 407 0087 08       		.byte	0x8
 408 0088 EF010000 		.4byte	.LASF11
 409 008c 04       		.uleb128 0x4
 410 008d F8000000 		.4byte	.LASF13
 411 0091 02       		.byte	0x2
 412 0092 8E02     		.2byte	0x28e
 413 0094 98000000 		.4byte	0x98
 414 0098 05       		.uleb128 0x5
 415 0099 6B000000 		.4byte	0x6b
 416 009d 06       		.uleb128 0x6
 417 009e C9010000 		.4byte	.LASF14
 418 00a2 01       		.byte	0x1
 419 00a3 39       		.byte	0x39
 420 00a4 00000000 		.4byte	.LFB0
 421 00a8 18000000 		.4byte	.LFE0-.LFB0
 422 00ac 01       		.uleb128 0x1
 423 00ad 9C       		.byte	0x9c
 424 00ae CF000000 		.4byte	0xcf
 425 00b2 07       		.uleb128 0x7
 426 00b3 26000000 		.4byte	.LASF16
ARM GAS  C:\Users\info\AppData\Local\Temp\ccxMPOz8.s 			page 21


 427 00b7 01       		.byte	0x1
 428 00b8 39       		.byte	0x39
 429 00b9 6B000000 		.4byte	0x6b
 430 00bd 00000000 		.4byte	.LLST0
 431 00c1 08       		.uleb128 0x8
 432 00c2 2C000000 		.4byte	.LASF23
 433 00c6 01       		.byte	0x1
 434 00c7 3B       		.byte	0x3b
 435 00c8 6B000000 		.4byte	0x6b
 436 00cc 01       		.uleb128 0x1
 437 00cd 53       		.byte	0x53
 438 00ce 00       		.byte	0
 439 00cf 06       		.uleb128 0x6
 440 00d0 FE010000 		.4byte	.LASF15
 441 00d4 01       		.byte	0x1
 442 00d5 5A       		.byte	0x5a
 443 00d6 00000000 		.4byte	.LFB1
 444 00da 18000000 		.4byte	.LFE1-.LFB1
 445 00de 01       		.uleb128 0x1
 446 00df 9C       		.byte	0x9c
 447 00e0 F4000000 		.4byte	0xf4
 448 00e4 07       		.uleb128 0x7
 449 00e5 DC010000 		.4byte	.LASF17
 450 00e9 01       		.byte	0x1
 451 00ea 5A       		.byte	0x5a
 452 00eb 6B000000 		.4byte	0x6b
 453 00ef 21000000 		.4byte	.LLST1
 454 00f3 00       		.byte	0
 455 00f4 09       		.uleb128 0x9
 456 00f5 22010000 		.4byte	.LASF18
 457 00f9 01       		.byte	0x1
 458 00fa 71       		.byte	0x71
 459 00fb 6B000000 		.4byte	0x6b
 460 00ff 00000000 		.4byte	.LFB2
 461 0103 10000000 		.4byte	.LFE2-.LFB2
 462 0107 01       		.uleb128 0x1
 463 0108 9C       		.byte	0x9c
 464 0109 09       		.uleb128 0x9
 465 010a 37000000 		.4byte	.LASF19
 466 010e 01       		.byte	0x1
 467 010f 8D       		.byte	0x8d
 468 0110 6B000000 		.4byte	0x6b
 469 0114 00000000 		.4byte	.LFB3
 470 0118 10000000 		.4byte	.LFE3-.LFB3
 471 011c 01       		.uleb128 0x1
 472 011d 9C       		.byte	0x9c
 473 011e 00       		.byte	0
 474              		.section	.debug_abbrev,"",%progbits
 475              	.Ldebug_abbrev0:
 476 0000 01       		.uleb128 0x1
 477 0001 11       		.uleb128 0x11
 478 0002 01       		.byte	0x1
 479 0003 25       		.uleb128 0x25
 480 0004 0E       		.uleb128 0xe
 481 0005 13       		.uleb128 0x13
 482 0006 0B       		.uleb128 0xb
 483 0007 03       		.uleb128 0x3
ARM GAS  C:\Users\info\AppData\Local\Temp\ccxMPOz8.s 			page 22


 484 0008 0E       		.uleb128 0xe
 485 0009 1B       		.uleb128 0x1b
 486 000a 0E       		.uleb128 0xe
 487 000b 55       		.uleb128 0x55
 488 000c 17       		.uleb128 0x17
 489 000d 11       		.uleb128 0x11
 490 000e 01       		.uleb128 0x1
 491 000f 10       		.uleb128 0x10
 492 0010 17       		.uleb128 0x17
 493 0011 00       		.byte	0
 494 0012 00       		.byte	0
 495 0013 02       		.uleb128 0x2
 496 0014 24       		.uleb128 0x24
 497 0015 00       		.byte	0
 498 0016 0B       		.uleb128 0xb
 499 0017 0B       		.uleb128 0xb
 500 0018 3E       		.uleb128 0x3e
 501 0019 0B       		.uleb128 0xb
 502 001a 03       		.uleb128 0x3
 503 001b 0E       		.uleb128 0xe
 504 001c 00       		.byte	0
 505 001d 00       		.byte	0
 506 001e 03       		.uleb128 0x3
 507 001f 24       		.uleb128 0x24
 508 0020 00       		.byte	0
 509 0021 0B       		.uleb128 0xb
 510 0022 0B       		.uleb128 0xb
 511 0023 3E       		.uleb128 0x3e
 512 0024 0B       		.uleb128 0xb
 513 0025 03       		.uleb128 0x3
 514 0026 08       		.uleb128 0x8
 515 0027 00       		.byte	0
 516 0028 00       		.byte	0
 517 0029 04       		.uleb128 0x4
 518 002a 16       		.uleb128 0x16
 519 002b 00       		.byte	0
 520 002c 03       		.uleb128 0x3
 521 002d 0E       		.uleb128 0xe
 522 002e 3A       		.uleb128 0x3a
 523 002f 0B       		.uleb128 0xb
 524 0030 3B       		.uleb128 0x3b
 525 0031 05       		.uleb128 0x5
 526 0032 49       		.uleb128 0x49
 527 0033 13       		.uleb128 0x13
 528 0034 00       		.byte	0
 529 0035 00       		.byte	0
 530 0036 05       		.uleb128 0x5
 531 0037 35       		.uleb128 0x35
 532 0038 00       		.byte	0
 533 0039 49       		.uleb128 0x49
 534 003a 13       		.uleb128 0x13
 535 003b 00       		.byte	0
 536 003c 00       		.byte	0
 537 003d 06       		.uleb128 0x6
 538 003e 2E       		.uleb128 0x2e
 539 003f 01       		.byte	0x1
 540 0040 3F       		.uleb128 0x3f
ARM GAS  C:\Users\info\AppData\Local\Temp\ccxMPOz8.s 			page 23


 541 0041 19       		.uleb128 0x19
 542 0042 03       		.uleb128 0x3
 543 0043 0E       		.uleb128 0xe
 544 0044 3A       		.uleb128 0x3a
 545 0045 0B       		.uleb128 0xb
 546 0046 3B       		.uleb128 0x3b
 547 0047 0B       		.uleb128 0xb
 548 0048 27       		.uleb128 0x27
 549 0049 19       		.uleb128 0x19
 550 004a 11       		.uleb128 0x11
 551 004b 01       		.uleb128 0x1
 552 004c 12       		.uleb128 0x12
 553 004d 06       		.uleb128 0x6
 554 004e 40       		.uleb128 0x40
 555 004f 18       		.uleb128 0x18
 556 0050 9742     		.uleb128 0x2117
 557 0052 19       		.uleb128 0x19
 558 0053 01       		.uleb128 0x1
 559 0054 13       		.uleb128 0x13
 560 0055 00       		.byte	0
 561 0056 00       		.byte	0
 562 0057 07       		.uleb128 0x7
 563 0058 05       		.uleb128 0x5
 564 0059 00       		.byte	0
 565 005a 03       		.uleb128 0x3
 566 005b 0E       		.uleb128 0xe
 567 005c 3A       		.uleb128 0x3a
 568 005d 0B       		.uleb128 0xb
 569 005e 3B       		.uleb128 0x3b
 570 005f 0B       		.uleb128 0xb
 571 0060 49       		.uleb128 0x49
 572 0061 13       		.uleb128 0x13
 573 0062 02       		.uleb128 0x2
 574 0063 17       		.uleb128 0x17
 575 0064 00       		.byte	0
 576 0065 00       		.byte	0
 577 0066 08       		.uleb128 0x8
 578 0067 34       		.uleb128 0x34
 579 0068 00       		.byte	0
 580 0069 03       		.uleb128 0x3
 581 006a 0E       		.uleb128 0xe
 582 006b 3A       		.uleb128 0x3a
 583 006c 0B       		.uleb128 0xb
 584 006d 3B       		.uleb128 0x3b
 585 006e 0B       		.uleb128 0xb
 586 006f 49       		.uleb128 0x49
 587 0070 13       		.uleb128 0x13
 588 0071 02       		.uleb128 0x2
 589 0072 18       		.uleb128 0x18
 590 0073 00       		.byte	0
 591 0074 00       		.byte	0
 592 0075 09       		.uleb128 0x9
 593 0076 2E       		.uleb128 0x2e
 594 0077 00       		.byte	0
 595 0078 3F       		.uleb128 0x3f
 596 0079 19       		.uleb128 0x19
 597 007a 03       		.uleb128 0x3
ARM GAS  C:\Users\info\AppData\Local\Temp\ccxMPOz8.s 			page 24


 598 007b 0E       		.uleb128 0xe
 599 007c 3A       		.uleb128 0x3a
 600 007d 0B       		.uleb128 0xb
 601 007e 3B       		.uleb128 0x3b
 602 007f 0B       		.uleb128 0xb
 603 0080 27       		.uleb128 0x27
 604 0081 19       		.uleb128 0x19
 605 0082 49       		.uleb128 0x49
 606 0083 13       		.uleb128 0x13
 607 0084 11       		.uleb128 0x11
 608 0085 01       		.uleb128 0x1
 609 0086 12       		.uleb128 0x12
 610 0087 06       		.uleb128 0x6
 611 0088 40       		.uleb128 0x40
 612 0089 18       		.uleb128 0x18
 613 008a 9742     		.uleb128 0x2117
 614 008c 19       		.uleb128 0x19
 615 008d 00       		.byte	0
 616 008e 00       		.byte	0
 617 008f 00       		.byte	0
 618              		.section	.debug_loc,"",%progbits
 619              	.Ldebug_loc0:
 620              	.LLST0:
 621 0000 00000000 		.4byte	.LVL0
 622 0004 0A000000 		.4byte	.LVL2
 623 0008 0100     		.2byte	0x1
 624 000a 50       		.byte	0x50
 625 000b 0A000000 		.4byte	.LVL2
 626 000f 18000000 		.4byte	.LFE0
 627 0013 0400     		.2byte	0x4
 628 0015 F3       		.byte	0xf3
 629 0016 01       		.uleb128 0x1
 630 0017 50       		.byte	0x50
 631 0018 9F       		.byte	0x9f
 632 0019 00000000 		.4byte	0
 633 001d 00000000 		.4byte	0
 634              	.LLST1:
 635 0021 00000000 		.4byte	.LVL3
 636 0025 0C000000 		.4byte	.LVL4
 637 0029 0100     		.2byte	0x1
 638 002b 50       		.byte	0x50
 639 002c 0C000000 		.4byte	.LVL4
 640 0030 18000000 		.4byte	.LFE1
 641 0034 0400     		.2byte	0x4
 642 0036 F3       		.byte	0xf3
 643 0037 01       		.uleb128 0x1
 644 0038 50       		.byte	0x50
 645 0039 9F       		.byte	0x9f
 646 003a 00000000 		.4byte	0
 647 003e 00000000 		.4byte	0
 648              		.section	.debug_aranges,"",%progbits
 649 0000 34000000 		.4byte	0x34
 650 0004 0200     		.2byte	0x2
 651 0006 00000000 		.4byte	.Ldebug_info0
 652 000a 04       		.byte	0x4
 653 000b 00       		.byte	0
 654 000c 0000     		.2byte	0
ARM GAS  C:\Users\info\AppData\Local\Temp\ccxMPOz8.s 			page 25


 655 000e 0000     		.2byte	0
 656 0010 00000000 		.4byte	.LFB0
 657 0014 18000000 		.4byte	.LFE0-.LFB0
 658 0018 00000000 		.4byte	.LFB1
 659 001c 18000000 		.4byte	.LFE1-.LFB1
 660 0020 00000000 		.4byte	.LFB2
 661 0024 10000000 		.4byte	.LFE2-.LFB2
 662 0028 00000000 		.4byte	.LFB3
 663 002c 10000000 		.4byte	.LFE3-.LFB3
 664 0030 00000000 		.4byte	0
 665 0034 00000000 		.4byte	0
 666              		.section	.debug_ranges,"",%progbits
 667              	.Ldebug_ranges0:
 668 0000 00000000 		.4byte	.LFB0
 669 0004 18000000 		.4byte	.LFE0
 670 0008 00000000 		.4byte	.LFB1
 671 000c 18000000 		.4byte	.LFE1
 672 0010 00000000 		.4byte	.LFB2
 673 0014 10000000 		.4byte	.LFE2
 674 0018 00000000 		.4byte	.LFB3
 675 001c 10000000 		.4byte	.LFE3
 676 0020 00000000 		.4byte	0
 677 0024 00000000 		.4byte	0
 678              		.section	.debug_line,"",%progbits
 679              	.Ldebug_line0:
 680 0000 95000000 		.section	.debug_str,"MS",%progbits,1
 680      02004900 
 680      00000201 
 680      FB0E0D00 
 680      01010101 
 681              	.LASF21:
 682 0000 47656E65 		.ascii	"Generated_Source\\PSoC5\\pin_oled_rst.c\000"
 682      72617465 
 682      645F536F 
 682      75726365 
 682      5C50536F 
 683              	.LASF16:
 684 0026 76616C75 		.ascii	"value\000"
 684      6500
 685              	.LASF23:
 686 002c 73746174 		.ascii	"staticBits\000"
 686      69634269 
 686      747300
 687              	.LASF19:
 688 0037 70696E5F 		.ascii	"pin_oled_rst_ReadDataReg\000"
 688      6F6C6564 
 688      5F727374 
 688      5F526561 
 688      64446174 
 689              	.LASF20:
 690 0050 474E5520 		.ascii	"GNU C11 5.4.1 20160609 (release) [ARM/embedded-5-br"
 690      43313120 
 690      352E342E 
 690      31203230 
 690      31363036 
 691 0083 616E6368 		.ascii	"anch revision 237715] -mcpu=cortex-m3 -mthumb -g -O"
 691      20726576 
ARM GAS  C:\Users\info\AppData\Local\Temp\ccxMPOz8.s 			page 26


 691      6973696F 
 691      6E203233 
 691      37373135 
 692 00b6 67202D66 		.ascii	"g -ffunction-sections -ffat-lto-objects -flto\000"
 692      66756E63 
 692      74696F6E 
 692      2D736563 
 692      74696F6E 
 693              	.LASF9:
 694 00e4 666C6F61 		.ascii	"float\000"
 694      7400
 695              	.LASF1:
 696 00ea 756E7369 		.ascii	"unsigned char\000"
 696      676E6564 
 696      20636861 
 696      7200
 697              	.LASF13:
 698 00f8 72656738 		.ascii	"reg8\000"
 698      00
 699              	.LASF5:
 700 00fd 6C6F6E67 		.ascii	"long unsigned int\000"
 700      20756E73 
 700      69676E65 
 700      6420696E 
 700      7400
 701              	.LASF3:
 702 010f 73686F72 		.ascii	"short unsigned int\000"
 702      7420756E 
 702      7369676E 
 702      65642069 
 702      6E7400
 703              	.LASF18:
 704 0122 70696E5F 		.ascii	"pin_oled_rst_Read\000"
 704      6F6C6564 
 704      5F727374 
 704      5F526561 
 704      6400
 705              	.LASF10:
 706 0134 646F7562 		.ascii	"double\000"
 706      6C6500
 707              	.LASF8:
 708 013b 756E7369 		.ascii	"unsigned int\000"
 708      676E6564 
 708      20696E74 
 708      00
 709              	.LASF22:
 710 0148 433A5C55 		.ascii	"C:\\Users\\info\\Desktop\\Spring 2019 Classes\\6.11"
 710      73657273 
 710      5C696E66 
 710      6F5C4465 
 710      736B746F 
 711 0176 355C362E 		.ascii	"5\\6.115-final\\PSoCCreator\\Final Project\\FinalEm"
 711      3131352D 
 711      66696E61 
 711      6C5C5053 
 711      6F434372 
 712 01a5 756C6174 		.ascii	"ulator.cydsn\000"
ARM GAS  C:\Users\info\AppData\Local\Temp\ccxMPOz8.s 			page 27


 712      6F722E63 
 712      7964736E 
 712      00
 713              	.LASF7:
 714 01b2 6C6F6E67 		.ascii	"long long unsigned int\000"
 714      206C6F6E 
 714      6720756E 
 714      7369676E 
 714      65642069 
 715              	.LASF14:
 716 01c9 70696E5F 		.ascii	"pin_oled_rst_Write\000"
 716      6F6C6564 
 716      5F727374 
 716      5F577269 
 716      746500
 717              	.LASF17:
 718 01dc 6D6F6465 		.ascii	"mode\000"
 718      00
 719              	.LASF6:
 720 01e1 6C6F6E67 		.ascii	"long long int\000"
 720      206C6F6E 
 720      6720696E 
 720      7400
 721              	.LASF11:
 722 01ef 63686172 		.ascii	"char\000"
 722      00
 723              	.LASF2:
 724 01f4 73686F72 		.ascii	"short int\000"
 724      7420696E 
 724      7400
 725              	.LASF15:
 726 01fe 70696E5F 		.ascii	"pin_oled_rst_SetDriveMode\000"
 726      6F6C6564 
 726      5F727374 
 726      5F536574 
 726      44726976 
 727              	.LASF12:
 728 0218 75696E74 		.ascii	"uint8\000"
 728      3800
 729              	.LASF4:
 730 021e 6C6F6E67 		.ascii	"long int\000"
 730      20696E74 
 730      00
 731              	.LASF0:
 732 0227 7369676E 		.ascii	"signed char\000"
 732      65642063 
 732      68617200 
 733              		.comm	__gnu_lto_v1,1,1
 734              		.ident	"GCC: (GNU Tools for ARM Embedded Processors) 5.4.1 20160609 (release) [ARM/embedded-5-bran
