ARM GAS  C:\Users\info\AppData\Local\Temp\ccBgaXhX.s 			page 1


   1              		.syntax unified
   2              		.cpu cortex-m3
   3              		.fpu softvfp
   4              		.eabi_attribute 20, 1
   5              		.eabi_attribute 21, 1
   6              		.eabi_attribute 23, 3
   7              		.eabi_attribute 24, 1
   8              		.eabi_attribute 25, 1
   9              		.eabi_attribute 26, 1
  10              		.eabi_attribute 30, 1
  11              		.eabi_attribute 34, 1
  12              		.eabi_attribute 18, 4
  13              		.thumb
  14              		.syntax unified
  15              		.file	"pin_oled_cs.c"
  16              		.text
  17              	.Ltext0:
  18              		.section	.gnu.lto_.profile.792a07ad,"",%progbits
  19 0000 789C6361 		.ascii	"x\234ca`d`a`\000\222\222\242\000\000\261\0009"
  19      60646061 
  19      60009292 
  19      A20000B1 
  19      0039
  20              		.text
  21              		.section	.gnu.lto_.inline.792a07ad,"",%progbits
  22 0000 789C6361 		.ascii	"x\234ca`d\000\001?\006\004`a`\340\344`d`\342y\020\313"
  22      60640001 
  22      3F060460 
  22      6160E0E4 
  22      606460E2 
  23 0017 C0B6409E 		.ascii	"\300\266@\236\011$\306\310\300\301\016\024\342\232\340"
  23      0924C6C8 
  23      C0C10E14 
  23      E29AE0
  24 0026 07176262 		.ascii	"\007\027bb`c\005\012\261}\320\203\0131c\0121\000\000"
  24      6063050A 
  24      B17DD083 
  24      0B31630A 
  24      310000
  25 0039 537C0835 		.ascii	"S|\0105"
  26              		.text
  27              		.section	.gnu.lto_.jmpfuncs.792a07ad,"",%progbits
  28 0000 789C6361 		.ascii	"x\234ca`d\000\001>\006\004`\001b\240(\023\003\0033\220"
  28      60640001 
  28      3E060460 
  28      0162A028 
  28      13030333 
  29 0015 05000292 		.ascii	"\005\000\002\222\000\036"
  29      001E
  30              		.text
  31              		.section	.gnu.lto_.pureconst.792a07ad,"",%progbits
  32 0000 789C6361 		.ascii	"x\234ca`d\340d```a\220b\224b\222b\226\002\000\002\261"
  32      6064E064 
  32      60606061 
  32      90629462 
  32      92629602 
  33 0017 0081     		.ascii	"\000\201"
ARM GAS  C:\Users\info\AppData\Local\Temp\ccBgaXhX.s 			page 2


  34              		.text
  35              		.section	.gnu.lto_pin_oled_cs_Write.792a07ad,"",%progbits
  36 0000 789C5551 		.ascii	"x\234UQMk\023Q\024\275\347\275\231I\372\241\177\300"
  36      4D6B1351 
  36      14BDE7BD 
  36      9949FAA1 
  36      7FC0
  37 0012 2CBA09B5 		.ascii	",\272\011\265.\212 \202k]\270\025\273\015\224\020g\021"
  37      2E8A2082 
  37      6B5DB815 
  37      BB0D9410 
  37      6711
  38 0024 A88D34A9 		.ascii	"\250\2154\251\333\276i\232)\212\213nlV\032\260\224\246"
  38      DBBE699A 
  38      298A8B6E 
  38      6C561AB0 
  38      94A6
  39 0036 7EA45645 		.ascii	"~\244VE\020\272\030\006\241;E\351JTJ\221\021\004!\202"
  39      10BA1806 
  39      A13B45E9 
  39      4A544A91 
  39      11042182 
  40 004a C1A2C678 		.ascii	"\301\242\306x\357\033\027\366\302\373\230;\347\234{"
  40      EF1B17F6 
  40      C2FB983B 
  40      E79C7B
  41 0059 EE7D0E81 		.ascii	"\356}\016\201$N)\242s|\236\340\005MP+\257\210\202\254"
  41      244E29A2 
  41      737C9EE0 
  41      054D502B 
  41      AF8882AC 
  42 006d 02E462B2 		.ascii	"\002\344b\262\240\005\205\005\364T_!^N^\250\211\015"
  42      A0058505 
  42      F4545F21 
  42      5E4E5EA8 
  42      890D
  43 007f C3B1BF7E 		.ascii	"\303\261\277~W\233v\204\206&\032(\253D\330\300\004\243"
  43      579B7684 
  43      86261A28 
  43      AB44D8C0 
  43      04A3
  44 0091 3EEF2CEF 		.ascii	">\357,\357A\237\004\361=\214{\335\221\361uc\026\215"
  44      419F04F1 
  44      3D8C7BDD 
  44      91F17563 
  44      168D
  45 00a3 E9178C6E 		.ascii	"\351\027\214nh\240\015\315\014\234\311\341t\2168A\330"
  45      68A00DCD 
  45      0C9CC9E1 
  45      748E3841 
  45      D8
  46 00b4 C4B8800F 		.ascii	"\304\270\200\017\337\355u\216\353IK\\1\311\275\321\374"
  46      DFED758E 
  46      EB494B5C 
  46      31C9BDD1 
  46      FC
  47 00c5 9A10A31F 		.ascii	"\232\020\243\037W\233&\012\306\204{\377\177\256\004"
ARM GAS  C:\Users\info\AppData\Local\Temp\ccBgaXhX.s 			page 3


  47      579B260A 
  47      C6847BFF 
  47      7FAE04
  48 00d4 430FB6FF 		.ascii	"C\017\266\377\334>\346-\211\2531<@>\365\203\207\360"
  48      DC3EE62D 
  48      89AB313C 
  48      403EF583 
  48      87F0
  49 00e6 B8434866 		.ascii	"\270CHf\353rd\006\203\272\211znO\017).\252\270S\376"
  49      EB726406 
  49      83BA897A 
  49      6E4F0F29 
  49      2EAAB853 
  50 00fb E1406ABB 		.ascii	"\341@j\273\222\360d\313\310F\324\345%\335\177SJN\235"
  50      92F064CB 
  50      C846D4E5 
  50      25DD7F53 
  50      4A4E9D
  51 010e 20FE79F3 		.ascii	" \376y\363c3#\232u-\223Xm\304\2573\337UCk\353\366M\373"
  51      6333239A 
  51      752D9358 
  51      6DC4AF33 
  51      DF55436B 
  52 0126 43F3DF67 		.ascii	"C\363\337g\264\026\030\207S\235\347\3737F[\270\023,"
  52      B4161887 
  52      539DE7FB 
  52      37465BB8 
  52      132C
  53 0138 F18C1C74 		.ascii	"\361\214\034t\220\303#\260gl\241\005JP\377\035\276G"
  53      90C323B0 
  53      676CA105 
  53      4A50FF1D 
  53      BE47
  54 014a 2AA853CD 		.ascii	"*\250S\315\340k\3706+\"@\037x\314\340\003(\333\006;"
  54      E06BF836 
  54      2B22401F 
  54      78CCE003 
  54      28DB063B 
  55 015e 659490BA 		.ascii	"e\224\220\272a\262;\224\262\334\272\226:\317^\356\206"
  55      61B23B94 
  55      B2DCBA96 
  55      3ACF5EEE 
  55      86
  56 016f 96E502D8 		.ascii	"\226\345\002\330f\222\225\376\244R\220\340\030\264\323"
  56      669295FE 
  56      A45290E0 
  56      18B4D3
  57 017e BAB5392C 		.ascii	"\272\2659, \207\025\237\244\240C/\205d\254\001\217S"
  57      2087159F 
  57      A4A0432F 
  57      8564AC01 
  57      8F53
  58 0190 F1AA3574 		.ascii	"\361\2525t\304|`\314\310Q\377O\331?\263\350\013\026"
  58      C47C60CC 
  58      C851FF4F 
  58      D93FB3E8 
  58      0B16
ARM GAS  C:\Users\info\AppData\Local\Temp\ccBgaXhX.s 			page 4


  59 01a2 A35FAE10 		.ascii	"\243_\256\020\354Ct\025dV<\271\374E\177\326\237+\326"
  59      EC437415 
  59      64563CB9 
  59      FC457FD6 
  59      9F2BD6
  60 01b5 FC2BD353 		.ascii	"\374+\323S\225\371\271\222_\2704U\271p\266p\255<;]\231"
  60      95F9B992 
  60      5FB83455 
  60      B970B670 
  60      AD3C3B5D 
  61 01ca E16CA93A 		.ascii	"\341l\251:Y\"\367zqf\336\037\256\326\212\265r\351|\271"
  61      5922F77A 
  61      7166DE1F 
  61      AED68AB5 
  61      72E97CB9 
  62 01de 56FD0BAD 		.ascii	"V\375\013\255\245\304L"
  62      A5C44C
  63              		.text
  64              		.section	.gnu.lto_pin_oled_cs_SetDriveMode.792a07ad,"",%progbits
  65 0000 789C7D51 		.ascii	"x\234}Q\271J\003Q\024\275\347\275\311L\202\350\017\230"
  65      B94A0351 
  65      14BDE7BD 
  65      C94C82E8 
  65      0F98
  66 0012 C2465410 		.ascii	"\302FT\020\021\304/\020\264\025m\025\221d\012A\215k"
  66      11C42F10 
  66      B4156D15 
  66      91640A41 
  66      8D6B
  67 0024 ED4B6210 		.ascii	"\355Kb\020\264\021D\033\221\330\210k\\\260\022,b@K\355"
  67      B411441B 
  67      91D8886B 
  67      5CB0122C 
  67      62404BED 
  68 0038 2C2C442D 		.ascii	",,D-\"\010J\334P\334\342\2753\026\251|\314\273\313\341"
  68      22084ADC 
  68      50DCE2BD 
  68      3316A97C 
  68      CCBBCBE1 
  69 004c 9CC3BD6F 		.ascii	"\234\303\275o,\002\311\271\345T\317\271\222/4A\315\236"
  69      2C02C9B9 
  69      E554CFB9 
  69      922F3441 
  69      CD9E
  70 005e 12C5830A 		.ascii	"\022\305\203\012\220\302\004A\023\012\023xU\337\012"
  70      90C20441 
  70      130A1378 
  70      55DF0A
  71 006d B9A9FC81 		.ascii	"\271\251\374\201\252[5|\256\216\037\032\315Z\026)MT"
  71      AA5B357C 
  71      AE8E1F1A 
  71      CD5A1629 
  71      4D54
  72 007f 549E1361 		.ascii	"T\236\023a\025u\314z\336_\231+\323\265 \256\037O\013"
  72      1575CC7A 
  72      DE5F992B 
  72      D3B520AE 
ARM GAS  C:\Users\info\AppData\Local\Temp\ccBgaXhX.s 			page 5


  72      1F4F0B
  73 0092 9715352B 		.ascii	"\227\0255+\306$\214Y\3546:\245\2015hV\240)\214\3060"
  73      C6248C59 
  73      EC363AA5 
  73      81356856 
  73      A0298CC6 
  74 00a7 31405847 		.ascii	"1@XG\215\220o\366~\346\313\355I\261\257\362M\261\001"
  74      8D906FF6 
  74      7EE6CBED 
  74      49B1AFF2 
  74      4DB101
  75 00ba 5BC6DCE9 		.ascii	"[\306\334\351\310\232b1i\262o\366\321\207]\246X\246"
  75      C89A6231 
  75      69B26FF6 
  75      D1875DA6 
  75      58A6
  76 00cc 34076D49 		.ascii	"4\007mI\010@\034l)\035\011A\011!\341\020\025\370\312"
  76      08401C6C 
  76      291D0941 
  76      0921E110 
  76      15F8CA
  77 00df 228F4A49 		.ascii	"\"\217JI\326y\344>\246\363\213\2268'\265,\265\220\312"
  77      D679E43E 
  77      A6F38B96 
  77      3827B52C 
  77      B590CA
  78 00f2 9D392F2A 		.ascii	"\2359/*\245-o\342\371\233\373^\277\273^\216\033\213"
  78      A52D6FE2 
  78      F99BFB5E 
  78      BFBB5E8E 
  78      1B8B
  79 0104 9144E630 		.ascii	"\221D\3460]\236\306R|\222\267\015`\013al\"\314\303e"
  79      5D9EC652 
  79      7C92B70D 
  79      600B616C 
  79      22CCC365 
  80 0118 9006E591 		.ascii	"\220\006\345\221xr|7\315\206\334'\277l\277\267\030b"
  80      78727C37 
  80      CD86DC27 
  80      BF6CBFB7 
  80      1862
  81 012a FDC5C9CC 		.ascii	"\375\305\311\314wH,5\206\261\315\312\022\011\177\201"
  81      77482C35 
  81      86B1CDCA 
  81      12097F81 
  82 013a 5289C310 		.ascii	"R\211\303\020K\356\3177\267\264/\251\300\216'I\276\377"
  82      4BEECF37 
  82      B7B42FA9 
  82      C08E2749 
  82      BEFF
  83 014c 51829EB1 		.ascii	"Q\202\236\261S\352\022b\224\373\334\002\244\377o\344"
  83      53EA1262 
  83      94FBDC02 
  83      A4FF6FE4 
  84 015c 5D1E99F9 		.ascii	"]\036\231\371t\207D\366\263U\330\336\237+(\310\353\360"
  84      748744F6 
  84      B355D8DE 
ARM GAS  C:\Users\info\AppData\Local\Temp\ccBgaXhX.s 			page 6


  84      9F2B28C8 
  84      EBF0
  85 016e 5B55B7B9 		.ascii	"[U\267\271\203\356H\357\230\033\355\351\214\215\217"
  85      83EE48EF 
  85      981BEDE9 
  85      8C8D8F
  86 017d 44DCAEF6 		.ascii	"D\334\256\366\316XKs\327P\337`O\254\237\321\310hC\204"
  86      CE584B73 
  86      D750DF60 
  86      4FAC9FD1 
  86      C8684384 
  87 0191 AC8158D4 		.ascii	"\254\201X\324\375\005\300\013\247F"
  87      FD05C00B 
  87      A746
  88              		.text
  89              		.section	.gnu.lto_pin_oled_cs_Read.792a07ad,"",%progbits
  90 0000 789C3D50 		.ascii	"x\234=P\317K\002A\024~\337\314\352J\020\375\001y\350"
  90      CF4B0241 
  90      147EDFCC 
  90      EA4A10FD 
  90      0179E8
  91 0013 12E12582 		.ascii	"\022\341%\202\010\242kP\327H\350$H\330\036\202\320\260"
  91      08A26B50 
  91      D748E824 
  91      48D81E82 
  91      D0B0
  92 0025 3ABBEBBA 		.ascii	":\273\353\272\006\321\241\016\325\251<D\250\225D\020"
  92      06D1A10E 
  92      D5A93C44 
  92      A8954410 
  93 0035 785DC530 		.ascii	"x]\3050\010\352\024t\212\210\360\320\251\244\020\244"
  93      08EA1474 
  93      8A88F0D0 
  93      A9A410A4 
  94 0045 DADEB4D1 		.ascii	"\332\336\264\321\300\2747\363\346\373\361\336h\004R"
  94      C0BC37F3 
  94      E6FBF1DE 
  94      680452
  95 0054 6B8ED310 		.ascii	"k\216\323\020\347~\336\220\004\261uCd\205\004\240\016"
  95      E77EDE90 
  95      04B17543 
  95      648504A0 
  95      0E
  96 0065 66089411 		.ascii	"f\010\224\021\310\340C|\011\\w\2566{\"E\323\314\232"
  96      C8E0437C 
  96      095C77AE 
  96      367B2245 
  96      D3CC9A
  97 0078 8F47DDF1 		.ascii	"\217G\335\361\275\222\013G\022y\2020\032\306HXI\024"
  97      BD920B47 
  97      12798230 
  97      1AC64858 
  97      4914
  98 008a 1121863E 		.ascii	"\021!\206>\235\177\357\364\006s&\257\001\005\340\227"
  98      9D7FEFF4 
  98      067326AF 
  98      0105E097 
ARM GAS  C:\Users\info\AppData\Local\Temp\ccBgaXhX.s 			page 7


  99 009a 1282CAF2 		.ascii	"\022\202\312\362l\3265=\3176\335;\275v\257\353 G\262"
  99      6CD6353D 
  99      CF36DD3B 
  99      BD76AFEB 
  99      2047B2
 100 00ad 2F078D83 		.ascii	"/\007\215\203\010\250\020$%K\257LSM\274\011\241\262"
 100      08A81024 
 100      254BAF4C 
 100      534DBC09 
 100      A1B2
 101 00bf 6CA1DEDD 		.ascii	"l\241\336\335x8\230PJ\266\224\354\262\353\324o\365w"
 101      78389850 
 101      4AB694EC 
 101      B2EBD46F 
 101      F577
 102 00d1 E1480965 		.ascii	"\341H\011eZ\336\256\266\377\256\265C\313\324\270dU+"
 102      5ADEAEB6 
 102      FFAEB543 
 102      CBD4B864 
 102      552B
 103 00e3 4DBD807D 		.ascii	"M\275\200}+\307\255j8F\030ep\2438A\001\324\202\3759"
 103      2BC7AD6A 
 103      38461865 
 103      70A33841 
 103      01D482FD 
 104 00f8 45B6842F 		.ascii	"E\266\204/w\351u\334>\305\007\004N\031\326B\266\275"
 104      77E975DC 
 104      3EC50704 
 104      4E19D642 
 104      B6BD
 105 010a FE2C7D43 		.ascii	"\376,}C\215q\212\321\3167\202~%\300E\246]4\232\371\220"
 105      8D718AD1 
 105      CE37827E 
 105      25C045A6 
 105      5D349AF9 
 106 011f A2F1A7A1 		.ascii	"\242\361\247\241\362O\203\017R8zaA\377F\277\203A\015"
 106      F24F830F 
 106      52387A61 
 106      41FF46BF 
 106      83410D
 107 0132 C4E30D4E 		.ascii	"\304\343\015N\033I#=\277j,\304\243\251\265t\302\210"
 107      1B49233D 
 107      BF6A2CC4 
 107      A3A9B574 
 107      C288
 108 0144 CD445393 		.ascii	"\315DS\223c\261\345\305d<\265\304\325\304\312p\202~"
 108      63B1E5C5 
 108      643CB5C4 
 108      D5C4CA70 
 108      827E
 109 0156 00A03C7D 		.ascii	"\000\240<}\230"
 109      98
 110              		.text
 111              		.section	.gnu.lto_pin_oled_cs_ReadDataReg.792a07ad,"",%progbits
 112 0000 789C3D50 		.ascii	"x\234=P;K\003A\020\236o\367r\011A\361\007\230\302F$"
 112      3B4B0341 
 112      109E6FF7 
ARM GAS  C:\Users\info\AppData\Local\Temp\ccBgaXhX.s 			page 8


 112      720941F1 
 112      0798C246 
 113 0015 8D0862A1 		.ascii	"\215\010b\241\255\240\255\030\260\012\004\211W\010\222"
 113      ADA0AD18 
 113      B00A0489 
 113      570892
 114 0024 48D43A9B 		.ascii	"H\324:\233\\.\242X\330\250\225\244\020I\342\023A\354"
 114      5C2EA258 
 114      D8A895A4 
 114      1049E213 
 114      41EC
 115 0036 84334414 		.ascii	"\2043D\024\004\037?@\010\")\2544(\001\321\304YO\\\330"
 115      041F3F40 
 115      082229AC 
 115      342801D1 
 115      C4594F5C 
 116 004b 99DDD9EF 		.ascii	"\231\335\331\3571\263\006\201\364\232\342\324\307\271"
 116      31B30681 
 116      F49AE2D4 
 116      C7B9
 117 0059 9B372441 		.ascii	"\2337$A\254\337\022e\002\002\320\007\025\000\245\005"
 117      ACDF1265 
 117      0202D007 
 117      1500A505 
 118 0069 D2F810DF 		.ascii	"\322\370\020\337\0027\315\353\265`\270\250TV\325v\213"
 118      0237CDEB 
 118      B560B8A8 
 118      5456D576 
 118      8B
 119 007a C35B2517 		.ascii	"\303[%\027\216$j\013\302`\010\003!-QD\230\030\372t\322"
 119      8E246A0B 
 119      C2600803 
 119      212D5144 
 119      9818FA74 
 120 008f DAE83473 		.ascii	"\332\3504s\212W\217\006\360K\011\246\266<\236tU\273"
 120      8A578F06 
 120      F04B09A6 
 120      B63C9E74 
 120      55BB
 121 00a1 6D2BF73C 		.ascii	"m+\367<xq\037\364\203\034\311\276\034\014\016\302\247"
 121      78711FF4 
 121      831CC9BE 
 121      1C0C0EC2 
 121      A7
 122 00b2 83495A96 		.ascii	"\203IZ\226^\231\246\233x\023BgYG\345s\265U\036\321J"
 122      5E99A69B 
 122      78134267 
 122      5947E573 
 122      B5551ED1 
 123 00c7 B694ECB2 		.ascii	"\266\224\354\262\351T\356\374\357\302\221\022\332\364"
 123      E954EEFC 
 123      EFC29112 
 123      DAF4
 124 00d5 A1F4B8F5 		.ascii	"\241\364\270\365wuw2\312\340\322\321Ym\245\243\200\355"
 124      77757732 
 124      CAE0D2D1 
 124      596DA5A3 
ARM GAS  C:\Users\info\AppData\Local\Temp\ccBgaXhX.s 			page 9


 124      80ED
 125 00e7 4C8E5B35 		.ascii	"L\216[5\260\207\020\312\340F\261\217\002\250\016\373"
 125      B08710CA 
 125      E046B18F 
 125      02A80EFB 
 126 00f7 6B8C6C09 		.ascii	"k\214l\011O\356\262\335t\2734\037\0208`X\035\331\306"
 126      4FEEB2DD 
 126      74BB341F 
 126      10386058 
 126      1DD9C6
 127 010a F2B3F40C 		.ascii	"\362\263\364\014\015\306iF#_5\275\212\217\213L;\255"
 127      0DC66946 
 127      235F35BD 
 127      8A8F8B4C 
 127      3BAD
 128 011c 5EE5039A 		.ascii	"^\345\003\232\306\237\206\303\177\032<\220\306\321\013"
 128      C69F86C3 
 128      7F1A3C90 
 128      C6D10B
 129 012b 0B7A37FA 		.ascii	"\013z7\372\035\014z \036\257w\334JX\251\351Ek&\026I"
 129      1D0C7A20 
 129      1EAF77DC 
 129      4A58A9E9 
 129      456B2616 
 130 0140 2EA5E256 		.ascii	".\245\342Vt\"\222\034\035\212\316\317&b\3119\256\306"
 130      7422921C 
 130      1D8ACECF 
 130      2662C939 
 130      AEC6
 131 0152 17FAE3F4 		.ascii	"\027\372\343\364\003\\{}\206"
 131      035C7B7D 
 131      86
 132              		.text
 133              		.section	.gnu.lto_.symbol_nodes.792a07ad,"",%progbits
 134 0000 789C6361 		.ascii	"x\234ca`dpc\000\002&\206z\006\206\011\347\030@\324\252"
 134      60647063 
 134      00022686 
 134      7A068609 
 134      E71840D4 
 135 0015 0645A000 		.ascii	"\006E\240\000c=#\252\000S=\023\252\000s=3\212\000\003"
 135      633D23AA 
 135      00533D13 
 135      AA00733D 
 135      338A0003 
 136 0029 001ED60E 		.ascii	"\000\036\326\016\374"
 136      FC
 137              		.text
 138              		.section	.gnu.lto_.refs.792a07ad,"",%progbits
 139 0000 789C6361 		.ascii	"x\234ca`\004B \000\000\0009\000\007"
 139      60044220 
 139      00000039 
 139      0007
 140              		.text
 141              		.section	.gnu.lto_.decls.792a07ad,"",%progbits
 142 0000 789C8D52 		.ascii	"x\234\215R]H\024Q\024\276gf\\mR3\211\362a\202M\210|"
 142      5D481451 
 142      14BE6766 
ARM GAS  C:\Users\info\AppData\Local\Temp\ccBgaXhX.s 			page 10


 142      5C6D5233 
 142      89F26182 
 143 0017 882589C0 		.ascii	"\210%\211\300\207\376@\311^\312\320\262\027AV\035l)"
 143      87FE40C9 
 143      5ECAD0B2 
 143      1741561D 
 143      6C29
 144 0029 54D635F0 		.ascii	"T\3265\360\355\346\256aE\240\204\212Vd?\244\346\357"
 144      EDE6AE61 
 144      45A0848A 
 144      56643FA4 
 144      E6EF
 145 003b A66BBAA5 		.ascii	"\246k\272\245n\177\026\205\240I\177\030dm=lI\030\372"
 145      6E7F1685 
 145      A0497F18 
 145      646D3D6C 
 145      4918FA
 146 004e 226876EE 		.ascii	"\"hv\356\335Yg\264\015<p\347\236s\317\367}\347\334s"
 146      DD5967B4 
 146      0D3C70E7 
 146      9E73CFF7 
 146      7DE7DC73 
 147 0062 47224098 		.ascii	"G\"@\230\355\223\010q\343\256`\270\204\026\201~6\321"
 147      ED930871 
 147      E3AE60B8 
 147      8416817E 
 147      36D1
 148 0074 0DD3A407 		.ascii	"\015\323\244\007\227\007W?./\371\327X\336\244\361:\231"
 148      9707573F 
 148      2E2FF9D7 
 148      58DEA4F1 
 148      3A99
 149 0086 16AE615C 		.ascii	"\026\256a\\\203\27024\014h\270\325\346\011\303\365\031"
 149      83B83234 
 149      0C68B8D5 
 149      E609C3F5 
 149      19
 150 0097 F821AE27 		.ascii	"\370!\256'\014\227\365\023a\340e\204\341\365\207\341"
 150      0C97F513 
 150      61E06584 
 150      E1F587E1 
 151 00a7 79D7C00B 		.ascii	"y\327\300\013w\317E\001\234_\1774EM\302G\000\002\334"
 151      77CF4501 
 151      9C5F7F34 
 151      454DC247 
 151      0002DC
 152 00ba 883647C2 		.ascii	"\2106G\302N\264\2359\020\014\204\220\036,+k\016\207"
 152      4EB49D39 
 152      100C8490 
 152      1E2C2B6B 
 152      0E87
 153 00cc 0311381E 		.ascii	"\003\0218\036\014\211\0258\376&\334\364#X\266\020\022"
 153      0C891538 
 153      FE26DCF4 
 153      2358B610 
 153      12
 154 00dd 568A3255 		.ascii	"V\2122U=\304X\320\011\006=\255{\255>\030\313ri1t\351"
ARM GAS  C:\Users\info\AppData\Local\Temp\ccBgaXhX.s 			page 11


 154      3DC458D0 
 154      09063DAD 
 154      7BAD3E18 
 154      CB726931 
 155 00f3 FACBAFCF 		.ascii	"\372\313\257\317G\212\250\211\376\347\371\226C\226v"
 155      478AA889 
 155      FEE7F996 
 155      439676
 156 0102 8A564DA9 		.ascii	"\212VM\251\260S\237LW\345\267\326\2509\001\024\031\226"
 156      B0539F4C 
 156      57E5B7D6 
 156      A8390114 
 156      1996
 157 0114 80C5D303 		.ascii	"\200\305\323\003\3631\301\230\245\033j\374\177\326\213"
 157      F331C198 
 157      A51B6AFC 
 157      7FD68B
 158 0123 5B992F4C 		.ascii	"[\231/L\370\333\002\022$\311w\231\314T\275{\377\000"
 158      F8DB0212 
 158      24C97799 
 158      CC54BD7B 
 158      FF00
 159 0135 A571D009 		.ascii	"\245q\320\0112\264\203\010\255`a\035(2~\253(\255\240"
 159      32B48308 
 159      AD60611D 
 159      28327EAB 
 159      28ADA0
 160 0148 33B7A829 		.ascii	"3\267\250)\201\300n\005v)\004: \211i2\024\264\201\002"
 160      81C06E05 
 160      7629043A 
 160      20896932 
 160      14B48102 
 161 015c F74061FA 		.ascii	"\367@a\372\337\353o\3744I8n\256\223'\261\263qW\3675"
 161      DFEB6FFC 
 161      3449386E 
 161      AE9327B1 
 161      B37157F7 
 162 0171 115B8897 		.ascii	"\021[\210\227A\302\360\367h\243?\026\303M2\2301l\367"
 162      41C2F0F7 
 162      68A33F16 
 162      C34D3298 
 162      316CF7
 163 0184 7E9A3625 		.ascii	"~\2326%\324\361\2538\251Y\202\354\315\340F\301n\024"
 163      D4F1AB38 
 163      A95982EC 
 163      CDE046C1 
 163      6E14
 164 0196 24701F12 		.ascii	"$p\037\022\360\333\005R\360vc\357\207\336\312\211M\264"
 164      F0DB0552 
 164      F07663EF 
 164      87DECA89 
 164      4DB4
 165 01a8 A99B4E5D 		.ascii	"\251\233N]\035\331[\347\244/\221gf0h\321\233F\227m\315"
 165      1DD95BE7 
 165      A42F9167 
 165      663068D1 
 165      9B46976D 
ARM GAS  C:\Users\info\AppData\Local\Temp\ccBgaXhX.s 			page 12


 166 01bd 308903ED 		.ascii	"0\211\003\355\201Dd^\011,4\313\342i>\204\300\227\346"
 166      8144645E 
 166      092C34CB 
 166      E2693E84 
 166      C097E6
 167 01d0 37B14115 		.ascii	"7\261A\025\337\334H4\255>G\351A\256\321\253k\364\032"
 167      DFDC4834 
 167      AD3E47E9 
 167      41AED1AB 
 167      6BF41A
 168 01e3 353C5CE3 		.ascii	"5<\\\343\316\354\207\035\242\013\270\306\330\245\347"
 168      CEEC871D 
 168      A20BB8C6 
 168      D8A5E7
 169 01f2 CE0DC6B6 		.ascii	"\316\015\306\266\331}\365\276\037\360\276\363\264\266"
 169      D97DF5BE 
 169      1FF0BEF3 
 169      B4B6
 170 0200 5B5D0B7D 		.ascii	"[]\013}\353\264\202\023/\304\006\352s!O`(\350\323K\366"
 170      EBB48213 
 170      2FC406EA 
 170      73214F60 
 170      28E8D34B 
 171 0215 194BF6F3 		.ascii	"\031K\366\363\222\327\375\025\356\030\2616X\263\262"
 171      92D7FD15 
 171      EE18B136 
 171      58B3B2
 172 0224 D6751B34 		.ascii	"\326u\0334\031\357\253P\337Ld@\027\0310\212x\271\310"
 172      19EFAB50 
 172      DF4C6440 
 172      1719308A 
 172      78B9C8
 173 0237 9C6BF69D 		.ascii	"\234k\366\235I\306Gt\256\355\021G\0037\227\"\305\016"
 173      49C64774 
 173      AEED1147 
 173      03379722 
 173      C50E
 174 0249 5E54E8A9 		.ascii	"^T\350\251m\250\215\0049)\014}(\014]\373\231\346\217"
 174      6DA88D04 
 174      39290C7D 
 174      280C5DFB 
 174      99E68F
 175 025c D75C6037 		.ascii	"\327\\`7\034\304\251<\322\233{\010\2626\221_O}\020}"
 175      1CC4A93C 
 175      D29B7B08 
 175      B236915F 
 175      4F7D107D 
 176 0270 91FD5738 		.ascii	"\221\375W8\276\370\303\034\250\217o\030\242\371\377"
 176      BEF8C31C 
 176      A88F6F18 
 176      A2F9FF
 177 027f 8FFBA220 		.ascii	"\217\373\242 >\233\350\032\226AV\000\363P\305\012\314"
 177      3E9BE81A 
 177      96415600 
 177      F350C50A 
 177      CC
 178 0290 5418FA20 		.ascii	"T\030\372 \340c\262\360\030\323O\220\336H\031f\034\370"
ARM GAS  C:\Users\info\AppData\Local\Temp\ccBgaXhX.s 			page 13


 178      E063B2F0 
 178      18D34F90 
 178      DE481966 
 178      1CF8
 179 02a2 310F660E 		.ascii	"1\017f\016p\237\1776\226\330\212r\213\317\250\005\271"
 179      709F7F36 
 179      96D88A72 
 179      8BCFA805 
 179      B9
 180 02b3 F9A5B927 		.ascii	"\371\245\271'\3556\207\032\225~\364\204959\231D\224"
 180      ED36871A 
 180      957EF484 
 180      39353999 
 180      4494
 181 02c5 D98A1C29 		.ascii	"\331\212\034)\333\322\325\"\325nu \"\253\270\314\236"
 181      DBD2D522 
 181      D56E7520 
 181      22ABB8CC 
 181      9E
 182 02d6 AFE61CCB 		.ascii	"\257\346\034\313*N\335\223\223_\356(/QK-\247\310\366"
 182      2A4EDD93 
 182      935FEE28 
 182      2F514B2D 
 182      A7C8F6
 183 02e9 FF200CCA 		.ascii	"\377 \014\312\226|\222`,\224\245:\322\354\266\263\352"
 183      967C9260 
 183      2C94A53A 
 183      D2ECB6B3 
 183      EA
 184 02fa 91E20235 		.ascii	"\221\342\0025\316\230\310T\255\005[V\037\244Y\035\326"
 184      CE98C854 
 184      AD055B56 
 184      1FA4591D 
 184      D6
 185 030b 4CB550B2 		.ascii	"L\265P\262\253\205)\177\001_\262l\213"
 185      AB85297F 
 185      015FB26C 
 185      8B
 186              		.text
 187              		.section	.gnu.lto_.symtab.792a07ad,"",%progbits
 188 0000 70696E5F 		.ascii	"pin_oled_cs_Write\000"
 188      6F6C6564 
 188      5F63735F 
 188      57726974 
 188      6500
 189 0012 00       		.ascii	"\000"
 190 0013 00       		.ascii	"\000"
 191 0014 00       		.ascii	"\000"
 192 0015 00000000 		.ascii	"\000\000\000\000\000\000\000\000"
 192      00000000 
 193 001d B3000000 		.ascii	"\263\000\000\000"
 194 0021 70696E5F 		.ascii	"pin_oled_cs_SetDriveMode\000"
 194      6F6C6564 
 194      5F63735F 
 194      53657444 
 194      72697665 
 195 003a 00       		.ascii	"\000"
ARM GAS  C:\Users\info\AppData\Local\Temp\ccBgaXhX.s 			page 14


 196 003b 00       		.ascii	"\000"
 197 003c 00       		.ascii	"\000"
 198 003d 00000000 		.ascii	"\000\000\000\000\000\000\000\000"
 198      00000000 
 199 0045 B5000000 		.ascii	"\265\000\000\000"
 200 0049 70696E5F 		.ascii	"pin_oled_cs_Read\000"
 200      6F6C6564 
 200      5F63735F 
 200      52656164 
 200      00
 201 005a 00       		.ascii	"\000"
 202 005b 00       		.ascii	"\000"
 203 005c 00       		.ascii	"\000"
 204 005d 00000000 		.ascii	"\000\000\000\000\000\000\000\000"
 204      00000000 
 205 0065 B8000000 		.ascii	"\270\000\000\000"
 206 0069 70696E5F 		.ascii	"pin_oled_cs_ReadDataReg\000"
 206      6F6C6564 
 206      5F63735F 
 206      52656164 
 206      44617461 
 207 0081 00       		.ascii	"\000"
 208 0082 00       		.ascii	"\000"
 209 0083 00       		.ascii	"\000"
 210 0084 00000000 		.ascii	"\000\000\000\000\000\000\000\000"
 210      00000000 
 211 008c BA000000 		.ascii	"\272\000\000\000"
 212              		.text
 213              		.section	.gnu.lto_.opts,"",%progbits
 214 0000 272D666D 		.ascii	"'-fmath-errno' '-fsigned-zeros' '-ftrapping-math' '"
 214      6174682D 
 214      6572726E 
 214      6F272027 
 214      2D667369 
 215 0033 2D666E6F 		.ascii	"-fno-trapv' '-fno-strict-overflow' '-fno-openmp' '-"
 215      2D747261 
 215      70762720 
 215      272D666E 
 215      6F2D7374 
 216 0066 666E6F2D 		.ascii	"fno-openacc' '-mcpu=cortex-m3' '-mthumb' '-g' '-Og'"
 216      6F70656E 
 216      61636327 
 216      20272D6D 
 216      6370753D 
 217 0099 20272D66 		.ascii	" '-ffunction-sections' '-ffat-lto-objects' '-flto'\000"
 217      66756E63 
 217      74696F6E 
 217      2D736563 
 217      74696F6E 
 218              		.text
 219              		.cfi_sections	.debug_frame
 220              		.section	.text.pin_oled_cs_Write,"ax",%progbits
 221              		.align	2
 222              		.global	pin_oled_cs_Write
 223              		.thumb
 224              		.thumb_func
 225              		.type	pin_oled_cs_Write, %function
ARM GAS  C:\Users\info\AppData\Local\Temp\ccBgaXhX.s 			page 15


 226              	pin_oled_cs_Write:
 227              	.LFB0:
 228              		.file 1 "Generated_Source\\PSoC5\\pin_oled_cs.c"
   1:Generated_Source\PSoC5/pin_oled_cs.c **** /*******************************************************************************
   2:Generated_Source\PSoC5/pin_oled_cs.c **** * File Name: pin_oled_cs.c  
   3:Generated_Source\PSoC5/pin_oled_cs.c **** * Version 2.20
   4:Generated_Source\PSoC5/pin_oled_cs.c **** *
   5:Generated_Source\PSoC5/pin_oled_cs.c **** * Description:
   6:Generated_Source\PSoC5/pin_oled_cs.c **** *  This file contains API to enable firmware control of a Pins component.
   7:Generated_Source\PSoC5/pin_oled_cs.c **** *
   8:Generated_Source\PSoC5/pin_oled_cs.c **** * Note:
   9:Generated_Source\PSoC5/pin_oled_cs.c **** *
  10:Generated_Source\PSoC5/pin_oled_cs.c **** ********************************************************************************
  11:Generated_Source\PSoC5/pin_oled_cs.c **** * Copyright 2008-2015, Cypress Semiconductor Corporation.  All rights reserved.
  12:Generated_Source\PSoC5/pin_oled_cs.c **** * You may use this file only in accordance with the license, terms, conditions, 
  13:Generated_Source\PSoC5/pin_oled_cs.c **** * disclaimers, and limitations in the end user license agreement accompanying 
  14:Generated_Source\PSoC5/pin_oled_cs.c **** * the software package with which this file was provided.
  15:Generated_Source\PSoC5/pin_oled_cs.c **** *******************************************************************************/
  16:Generated_Source\PSoC5/pin_oled_cs.c **** 
  17:Generated_Source\PSoC5/pin_oled_cs.c **** #include "cytypes.h"
  18:Generated_Source\PSoC5/pin_oled_cs.c **** #include "pin_oled_cs.h"
  19:Generated_Source\PSoC5/pin_oled_cs.c **** 
  20:Generated_Source\PSoC5/pin_oled_cs.c **** /* APIs are not generated for P15[7:6] on PSoC 5 */
  21:Generated_Source\PSoC5/pin_oled_cs.c **** #if !(CY_PSOC5A &&\
  22:Generated_Source\PSoC5/pin_oled_cs.c **** 	 pin_oled_cs__PORT == 15 && ((pin_oled_cs__MASK & 0xC0) != 0))
  23:Generated_Source\PSoC5/pin_oled_cs.c **** 
  24:Generated_Source\PSoC5/pin_oled_cs.c **** 
  25:Generated_Source\PSoC5/pin_oled_cs.c **** /*******************************************************************************
  26:Generated_Source\PSoC5/pin_oled_cs.c **** * Function Name: pin_oled_cs_Write
  27:Generated_Source\PSoC5/pin_oled_cs.c **** ****************************************************************************//**
  28:Generated_Source\PSoC5/pin_oled_cs.c **** *
  29:Generated_Source\PSoC5/pin_oled_cs.c **** * \brief Writes the value to the physical port (data output register), masking
  30:Generated_Source\PSoC5/pin_oled_cs.c **** *  and shifting the bits appropriately. 
  31:Generated_Source\PSoC5/pin_oled_cs.c **** *
  32:Generated_Source\PSoC5/pin_oled_cs.c **** * The data output register controls the signal applied to the physical pin in 
  33:Generated_Source\PSoC5/pin_oled_cs.c **** * conjunction with the drive mode parameter. This function avoids changing 
  34:Generated_Source\PSoC5/pin_oled_cs.c **** * other bits in the port by using the appropriate method (read-modify-write or
  35:Generated_Source\PSoC5/pin_oled_cs.c **** * bit banding).
  36:Generated_Source\PSoC5/pin_oled_cs.c **** *
  37:Generated_Source\PSoC5/pin_oled_cs.c **** * <b>Note</b> This function should not be used on a hardware digital output pin 
  38:Generated_Source\PSoC5/pin_oled_cs.c **** * as it is driven by the hardware signal attached to it.
  39:Generated_Source\PSoC5/pin_oled_cs.c **** *
  40:Generated_Source\PSoC5/pin_oled_cs.c **** * \param value
  41:Generated_Source\PSoC5/pin_oled_cs.c **** *  Value to write to the component instance.
  42:Generated_Source\PSoC5/pin_oled_cs.c **** *
  43:Generated_Source\PSoC5/pin_oled_cs.c **** * \return 
  44:Generated_Source\PSoC5/pin_oled_cs.c **** *  None 
  45:Generated_Source\PSoC5/pin_oled_cs.c **** *
  46:Generated_Source\PSoC5/pin_oled_cs.c **** * \sideeffect
  47:Generated_Source\PSoC5/pin_oled_cs.c **** *  If you use read-modify-write operations that are not atomic; the Interrupt 
  48:Generated_Source\PSoC5/pin_oled_cs.c **** *  Service Routines (ISR) can cause corruption of this function. An ISR that 
  49:Generated_Source\PSoC5/pin_oled_cs.c **** *  interrupts this function and performs writes to the Pins component data 
  50:Generated_Source\PSoC5/pin_oled_cs.c **** *  register can cause corrupted port data. To avoid this issue, you should 
  51:Generated_Source\PSoC5/pin_oled_cs.c **** *  either use the Per-Pin APIs (primary method) or disable interrupts around 
  52:Generated_Source\PSoC5/pin_oled_cs.c **** *  this function.
  53:Generated_Source\PSoC5/pin_oled_cs.c **** *
  54:Generated_Source\PSoC5/pin_oled_cs.c **** * \funcusage
ARM GAS  C:\Users\info\AppData\Local\Temp\ccBgaXhX.s 			page 16


  55:Generated_Source\PSoC5/pin_oled_cs.c **** *  \snippet pin_oled_cs_SUT.c usage_pin_oled_cs_Write
  56:Generated_Source\PSoC5/pin_oled_cs.c **** *******************************************************************************/
  57:Generated_Source\PSoC5/pin_oled_cs.c **** void pin_oled_cs_Write(uint8 value)
  58:Generated_Source\PSoC5/pin_oled_cs.c **** {
 229              		.loc 1 58 0
 230              		.cfi_startproc
 231              		@ args = 0, pretend = 0, frame = 0
 232              		@ frame_needed = 0, uses_anonymous_args = 0
 233              		@ link register save eliminated.
 234              	.LVL0:
  59:Generated_Source\PSoC5/pin_oled_cs.c ****     uint8 staticBits = (pin_oled_cs_DR & (uint8)(~pin_oled_cs_MASK));
 235              		.loc 1 59 0
 236 0000 044A     		ldr	r2, .L2
 237 0002 1378     		ldrb	r3, [r2]	@ zero_extendqisi2
 238 0004 03F0FD03 		and	r3, r3, #253
 239              	.LVL1:
  60:Generated_Source\PSoC5/pin_oled_cs.c ****     pin_oled_cs_DR = staticBits | ((uint8)(value << pin_oled_cs_SHIFT) & pin_oled_cs_MASK);
 240              		.loc 1 60 0
 241 0008 4000     		lsls	r0, r0, #1
 242              	.LVL2:
 243 000a 00F00200 		and	r0, r0, #2
 244 000e 1843     		orrs	r0, r0, r3
 245 0010 1070     		strb	r0, [r2]
 246 0012 7047     		bx	lr
 247              	.L3:
 248              		.align	2
 249              	.L2:
 250 0014 C0510040 		.word	1073762752
 251              		.cfi_endproc
 252              	.LFE0:
 253              		.size	pin_oled_cs_Write, .-pin_oled_cs_Write
 254              		.section	.text.pin_oled_cs_SetDriveMode,"ax",%progbits
 255              		.align	2
 256              		.global	pin_oled_cs_SetDriveMode
 257              		.thumb
 258              		.thumb_func
 259              		.type	pin_oled_cs_SetDriveMode, %function
 260              	pin_oled_cs_SetDriveMode:
 261              	.LFB1:
  61:Generated_Source\PSoC5/pin_oled_cs.c **** }
  62:Generated_Source\PSoC5/pin_oled_cs.c **** 
  63:Generated_Source\PSoC5/pin_oled_cs.c **** 
  64:Generated_Source\PSoC5/pin_oled_cs.c **** /*******************************************************************************
  65:Generated_Source\PSoC5/pin_oled_cs.c **** * Function Name: pin_oled_cs_SetDriveMode
  66:Generated_Source\PSoC5/pin_oled_cs.c **** ****************************************************************************//**
  67:Generated_Source\PSoC5/pin_oled_cs.c **** *
  68:Generated_Source\PSoC5/pin_oled_cs.c **** * \brief Sets the drive mode for each of the Pins component's pins.
  69:Generated_Source\PSoC5/pin_oled_cs.c **** * 
  70:Generated_Source\PSoC5/pin_oled_cs.c **** * <b>Note</b> This affects all pins in the Pins component instance. Use the
  71:Generated_Source\PSoC5/pin_oled_cs.c **** * Per-Pin APIs if you wish to control individual pin's drive modes.
  72:Generated_Source\PSoC5/pin_oled_cs.c **** *
  73:Generated_Source\PSoC5/pin_oled_cs.c **** * \param mode
  74:Generated_Source\PSoC5/pin_oled_cs.c **** *  Mode for the selected signals. Valid options are documented in 
  75:Generated_Source\PSoC5/pin_oled_cs.c **** *  \ref driveMode.
  76:Generated_Source\PSoC5/pin_oled_cs.c **** *
  77:Generated_Source\PSoC5/pin_oled_cs.c **** * \return
  78:Generated_Source\PSoC5/pin_oled_cs.c **** *  None
ARM GAS  C:\Users\info\AppData\Local\Temp\ccBgaXhX.s 			page 17


  79:Generated_Source\PSoC5/pin_oled_cs.c **** *
  80:Generated_Source\PSoC5/pin_oled_cs.c **** * \sideeffect
  81:Generated_Source\PSoC5/pin_oled_cs.c **** *  If you use read-modify-write operations that are not atomic, the ISR can
  82:Generated_Source\PSoC5/pin_oled_cs.c **** *  cause corruption of this function. An ISR that interrupts this function 
  83:Generated_Source\PSoC5/pin_oled_cs.c **** *  and performs writes to the Pins component Drive Mode registers can cause 
  84:Generated_Source\PSoC5/pin_oled_cs.c **** *  corrupted port data. To avoid this issue, you should either use the Per-Pin
  85:Generated_Source\PSoC5/pin_oled_cs.c **** *  APIs (primary method) or disable interrupts around this function.
  86:Generated_Source\PSoC5/pin_oled_cs.c **** *
  87:Generated_Source\PSoC5/pin_oled_cs.c **** * \funcusage
  88:Generated_Source\PSoC5/pin_oled_cs.c **** *  \snippet pin_oled_cs_SUT.c usage_pin_oled_cs_SetDriveMode
  89:Generated_Source\PSoC5/pin_oled_cs.c **** *******************************************************************************/
  90:Generated_Source\PSoC5/pin_oled_cs.c **** void pin_oled_cs_SetDriveMode(uint8 mode)
  91:Generated_Source\PSoC5/pin_oled_cs.c **** {
 262              		.loc 1 91 0
 263              		.cfi_startproc
 264              		@ args = 0, pretend = 0, frame = 0
 265              		@ frame_needed = 0, uses_anonymous_args = 0
 266              		@ link register save eliminated.
 267              	.LVL3:
  92:Generated_Source\PSoC5/pin_oled_cs.c **** 	CyPins_SetPinDriveMode(pin_oled_cs_0, mode);
 268              		.loc 1 92 0
 269 0000 044A     		ldr	r2, .L5
 270 0002 1378     		ldrb	r3, [r2]	@ zero_extendqisi2
 271 0004 03F0F103 		and	r3, r3, #241
 272 0008 00F00E00 		and	r0, r0, #14
 273              	.LVL4:
 274 000c 1843     		orrs	r0, r0, r3
 275 000e 1070     		strb	r0, [r2]
 276 0010 7047     		bx	lr
 277              	.L6:
 278 0012 00BF     		.align	2
 279              	.L5:
 280 0014 61500040 		.word	1073762401
 281              		.cfi_endproc
 282              	.LFE1:
 283              		.size	pin_oled_cs_SetDriveMode, .-pin_oled_cs_SetDriveMode
 284              		.section	.text.pin_oled_cs_Read,"ax",%progbits
 285              		.align	2
 286              		.global	pin_oled_cs_Read
 287              		.thumb
 288              		.thumb_func
 289              		.type	pin_oled_cs_Read, %function
 290              	pin_oled_cs_Read:
 291              	.LFB2:
  93:Generated_Source\PSoC5/pin_oled_cs.c **** }
  94:Generated_Source\PSoC5/pin_oled_cs.c **** 
  95:Generated_Source\PSoC5/pin_oled_cs.c **** 
  96:Generated_Source\PSoC5/pin_oled_cs.c **** /*******************************************************************************
  97:Generated_Source\PSoC5/pin_oled_cs.c **** * Function Name: pin_oled_cs_Read
  98:Generated_Source\PSoC5/pin_oled_cs.c **** ****************************************************************************//**
  99:Generated_Source\PSoC5/pin_oled_cs.c **** *
 100:Generated_Source\PSoC5/pin_oled_cs.c **** * \brief Reads the associated physical port (pin status register) and masks 
 101:Generated_Source\PSoC5/pin_oled_cs.c **** *  the required bits according to the width and bit position of the component
 102:Generated_Source\PSoC5/pin_oled_cs.c **** *  instance. 
 103:Generated_Source\PSoC5/pin_oled_cs.c **** *
 104:Generated_Source\PSoC5/pin_oled_cs.c **** * The pin's status register returns the current logic level present on the 
 105:Generated_Source\PSoC5/pin_oled_cs.c **** * physical pin.
ARM GAS  C:\Users\info\AppData\Local\Temp\ccBgaXhX.s 			page 18


 106:Generated_Source\PSoC5/pin_oled_cs.c **** *
 107:Generated_Source\PSoC5/pin_oled_cs.c **** * \return 
 108:Generated_Source\PSoC5/pin_oled_cs.c **** *  The current value for the pins in the component as a right justified number.
 109:Generated_Source\PSoC5/pin_oled_cs.c **** *
 110:Generated_Source\PSoC5/pin_oled_cs.c **** * \funcusage
 111:Generated_Source\PSoC5/pin_oled_cs.c **** *  \snippet pin_oled_cs_SUT.c usage_pin_oled_cs_Read  
 112:Generated_Source\PSoC5/pin_oled_cs.c **** *******************************************************************************/
 113:Generated_Source\PSoC5/pin_oled_cs.c **** uint8 pin_oled_cs_Read(void)
 114:Generated_Source\PSoC5/pin_oled_cs.c **** {
 292              		.loc 1 114 0
 293              		.cfi_startproc
 294              		@ args = 0, pretend = 0, frame = 0
 295              		@ frame_needed = 0, uses_anonymous_args = 0
 296              		@ link register save eliminated.
 115:Generated_Source\PSoC5/pin_oled_cs.c ****     return (pin_oled_cs_PS & pin_oled_cs_MASK) >> pin_oled_cs_SHIFT;
 297              		.loc 1 115 0
 298 0000 024B     		ldr	r3, .L8
 299 0002 1878     		ldrb	r0, [r3]	@ zero_extendqisi2
 116:Generated_Source\PSoC5/pin_oled_cs.c **** }
 300              		.loc 1 116 0
 301 0004 C0F34000 		ubfx	r0, r0, #1, #1
 302 0008 7047     		bx	lr
 303              	.L9:
 304 000a 00BF     		.align	2
 305              	.L8:
 306 000c C1510040 		.word	1073762753
 307              		.cfi_endproc
 308              	.LFE2:
 309              		.size	pin_oled_cs_Read, .-pin_oled_cs_Read
 310              		.section	.text.pin_oled_cs_ReadDataReg,"ax",%progbits
 311              		.align	2
 312              		.global	pin_oled_cs_ReadDataReg
 313              		.thumb
 314              		.thumb_func
 315              		.type	pin_oled_cs_ReadDataReg, %function
 316              	pin_oled_cs_ReadDataReg:
 317              	.LFB3:
 117:Generated_Source\PSoC5/pin_oled_cs.c **** 
 118:Generated_Source\PSoC5/pin_oled_cs.c **** 
 119:Generated_Source\PSoC5/pin_oled_cs.c **** /*******************************************************************************
 120:Generated_Source\PSoC5/pin_oled_cs.c **** * Function Name: pin_oled_cs_ReadDataReg
 121:Generated_Source\PSoC5/pin_oled_cs.c **** ****************************************************************************//**
 122:Generated_Source\PSoC5/pin_oled_cs.c **** *
 123:Generated_Source\PSoC5/pin_oled_cs.c **** * \brief Reads the associated physical port's data output register and masks 
 124:Generated_Source\PSoC5/pin_oled_cs.c **** *  the correct bits according to the width and bit position of the component 
 125:Generated_Source\PSoC5/pin_oled_cs.c **** *  instance. 
 126:Generated_Source\PSoC5/pin_oled_cs.c **** *
 127:Generated_Source\PSoC5/pin_oled_cs.c **** * The data output register controls the signal applied to the physical pin in 
 128:Generated_Source\PSoC5/pin_oled_cs.c **** * conjunction with the drive mode parameter. This is not the same as the 
 129:Generated_Source\PSoC5/pin_oled_cs.c **** * preferred pin_oled_cs_Read() API because the 
 130:Generated_Source\PSoC5/pin_oled_cs.c **** * pin_oled_cs_ReadDataReg() reads the data register instead of the status 
 131:Generated_Source\PSoC5/pin_oled_cs.c **** * register. For output pins this is a useful function to determine the value 
 132:Generated_Source\PSoC5/pin_oled_cs.c **** * just written to the pin.
 133:Generated_Source\PSoC5/pin_oled_cs.c **** *
 134:Generated_Source\PSoC5/pin_oled_cs.c **** * \return 
 135:Generated_Source\PSoC5/pin_oled_cs.c **** *  The current value of the data register masked and shifted into a right 
 136:Generated_Source\PSoC5/pin_oled_cs.c **** *  justified number for the component instance.
ARM GAS  C:\Users\info\AppData\Local\Temp\ccBgaXhX.s 			page 19


 137:Generated_Source\PSoC5/pin_oled_cs.c **** *
 138:Generated_Source\PSoC5/pin_oled_cs.c **** * \funcusage
 139:Generated_Source\PSoC5/pin_oled_cs.c **** *  \snippet pin_oled_cs_SUT.c usage_pin_oled_cs_ReadDataReg 
 140:Generated_Source\PSoC5/pin_oled_cs.c **** *******************************************************************************/
 141:Generated_Source\PSoC5/pin_oled_cs.c **** uint8 pin_oled_cs_ReadDataReg(void)
 142:Generated_Source\PSoC5/pin_oled_cs.c **** {
 318              		.loc 1 142 0
 319              		.cfi_startproc
 320              		@ args = 0, pretend = 0, frame = 0
 321              		@ frame_needed = 0, uses_anonymous_args = 0
 322              		@ link register save eliminated.
 143:Generated_Source\PSoC5/pin_oled_cs.c ****     return (pin_oled_cs_DR & pin_oled_cs_MASK) >> pin_oled_cs_SHIFT;
 323              		.loc 1 143 0
 324 0000 024B     		ldr	r3, .L11
 325 0002 1878     		ldrb	r0, [r3]	@ zero_extendqisi2
 144:Generated_Source\PSoC5/pin_oled_cs.c **** }
 326              		.loc 1 144 0
 327 0004 C0F34000 		ubfx	r0, r0, #1, #1
 328 0008 7047     		bx	lr
 329              	.L12:
 330 000a 00BF     		.align	2
 331              	.L11:
 332 000c C0510040 		.word	1073762752
 333              		.cfi_endproc
 334              	.LFE3:
 335              		.size	pin_oled_cs_ReadDataReg, .-pin_oled_cs_ReadDataReg
 336              		.text
 337              	.Letext0:
 338              		.file 2 "Generated_Source\\PSoC5\\cytypes.h"
 339              		.section	.debug_info,"",%progbits
 340              	.Ldebug_info0:
 341 0000 1B010000 		.4byte	0x11b
 342 0004 0400     		.2byte	0x4
 343 0006 00000000 		.4byte	.Ldebug_abbrev0
 344 000a 04       		.byte	0x4
 345 000b 01       		.uleb128 0x1
 346 000c 29000000 		.4byte	.LASF20
 347 0010 0C       		.byte	0xc
 348 0011 EA000000 		.4byte	.LASF21
 349 0015 70010000 		.4byte	.LASF22
 350 0019 00000000 		.4byte	.Ldebug_ranges0+0
 351 001d 00000000 		.4byte	0
 352 0021 00000000 		.4byte	.Ldebug_line0
 353 0025 02       		.uleb128 0x2
 354 0026 01       		.byte	0x1
 355 0027 06       		.byte	0x6
 356 0028 22020000 		.4byte	.LASF0
 357 002c 02       		.uleb128 0x2
 358 002d 01       		.byte	0x1
 359 002e 08       		.byte	0x8
 360 002f DC000000 		.4byte	.LASF1
 361 0033 02       		.uleb128 0x2
 362 0034 02       		.byte	0x2
 363 0035 05       		.byte	0x5
 364 0036 09020000 		.4byte	.LASF2
 365 003a 02       		.uleb128 0x2
 366 003b 02       		.byte	0x2
ARM GAS  C:\Users\info\AppData\Local\Temp\ccBgaXhX.s 			page 20


 367 003c 07       		.byte	0x7
 368 003d 26010000 		.4byte	.LASF3
 369 0041 02       		.uleb128 0x2
 370 0042 04       		.byte	0x4
 371 0043 05       		.byte	0x5
 372 0044 19020000 		.4byte	.LASF4
 373 0048 02       		.uleb128 0x2
 374 0049 04       		.byte	0x4
 375 004a 07       		.byte	0x7
 376 004b 14010000 		.4byte	.LASF5
 377 004f 02       		.uleb128 0x2
 378 0050 08       		.byte	0x8
 379 0051 05       		.byte	0x5
 380 0052 F6010000 		.4byte	.LASF6
 381 0056 02       		.uleb128 0x2
 382 0057 08       		.byte	0x8
 383 0058 07       		.byte	0x7
 384 0059 DA010000 		.4byte	.LASF7
 385 005d 03       		.uleb128 0x3
 386 005e 04       		.byte	0x4
 387 005f 05       		.byte	0x5
 388 0060 696E7400 		.ascii	"int\000"
 389 0064 02       		.uleb128 0x2
 390 0065 04       		.byte	0x4
 391 0066 07       		.byte	0x7
 392 0067 63010000 		.4byte	.LASF8
 393 006b 04       		.uleb128 0x4
 394 006c 13020000 		.4byte	.LASF12
 395 0070 02       		.byte	0x2
 396 0071 E401     		.2byte	0x1e4
 397 0073 2C000000 		.4byte	0x2c
 398 0077 02       		.uleb128 0x2
 399 0078 04       		.byte	0x4
 400 0079 04       		.byte	0x4
 401 007a D6000000 		.4byte	.LASF9
 402 007e 02       		.uleb128 0x2
 403 007f 08       		.byte	0x8
 404 0080 04       		.byte	0x4
 405 0081 4A010000 		.4byte	.LASF10
 406 0085 02       		.uleb128 0x2
 407 0086 01       		.byte	0x1
 408 0087 08       		.byte	0x8
 409 0088 04020000 		.4byte	.LASF11
 410 008c 04       		.uleb128 0x4
 411 008d 0F010000 		.4byte	.LASF13
 412 0091 02       		.byte	0x2
 413 0092 8E02     		.2byte	0x28e
 414 0094 98000000 		.4byte	0x98
 415 0098 05       		.uleb128 0x5
 416 0099 6B000000 		.4byte	0x6b
 417 009d 06       		.uleb128 0x6
 418 009e 51010000 		.4byte	.LASF14
 419 00a2 01       		.byte	0x1
 420 00a3 39       		.byte	0x39
 421 00a4 00000000 		.4byte	.LFB0
 422 00a8 18000000 		.4byte	.LFE0-.LFB0
 423 00ac 01       		.uleb128 0x1
ARM GAS  C:\Users\info\AppData\Local\Temp\ccBgaXhX.s 			page 21


 424 00ad 9C       		.byte	0x9c
 425 00ae CF000000 		.4byte	0xcf
 426 00b2 07       		.uleb128 0x7
 427 00b3 18000000 		.4byte	.LASF16
 428 00b7 01       		.byte	0x1
 429 00b8 39       		.byte	0x39
 430 00b9 6B000000 		.4byte	0x6b
 431 00bd 00000000 		.4byte	.LLST0
 432 00c1 08       		.uleb128 0x8
 433 00c2 1E000000 		.4byte	.LASF23
 434 00c6 01       		.byte	0x1
 435 00c7 3B       		.byte	0x3b
 436 00c8 6B000000 		.4byte	0x6b
 437 00cc 01       		.uleb128 0x1
 438 00cd 53       		.byte	0x53
 439 00ce 00       		.byte	0
 440 00cf 06       		.uleb128 0x6
 441 00d0 BD000000 		.4byte	.LASF15
 442 00d4 01       		.byte	0x1
 443 00d5 5A       		.byte	0x5a
 444 00d6 00000000 		.4byte	.LFB1
 445 00da 18000000 		.4byte	.LFE1-.LFB1
 446 00de 01       		.uleb128 0x1
 447 00df 9C       		.byte	0x9c
 448 00e0 F4000000 		.4byte	0xf4
 449 00e4 07       		.uleb128 0x7
 450 00e5 F1010000 		.4byte	.LASF17
 451 00e9 01       		.byte	0x1
 452 00ea 5A       		.byte	0x5a
 453 00eb 6B000000 		.4byte	0x6b
 454 00ef 21000000 		.4byte	.LLST1
 455 00f3 00       		.byte	0
 456 00f4 09       		.uleb128 0x9
 457 00f5 39010000 		.4byte	.LASF18
 458 00f9 01       		.byte	0x1
 459 00fa 71       		.byte	0x71
 460 00fb 6B000000 		.4byte	0x6b
 461 00ff 00000000 		.4byte	.LFB2
 462 0103 10000000 		.4byte	.LFE2-.LFB2
 463 0107 01       		.uleb128 0x1
 464 0108 9C       		.byte	0x9c
 465 0109 09       		.uleb128 0x9
 466 010a 00000000 		.4byte	.LASF19
 467 010e 01       		.byte	0x1
 468 010f 8D       		.byte	0x8d
 469 0110 6B000000 		.4byte	0x6b
 470 0114 00000000 		.4byte	.LFB3
 471 0118 10000000 		.4byte	.LFE3-.LFB3
 472 011c 01       		.uleb128 0x1
 473 011d 9C       		.byte	0x9c
 474 011e 00       		.byte	0
 475              		.section	.debug_abbrev,"",%progbits
 476              	.Ldebug_abbrev0:
 477 0000 01       		.uleb128 0x1
 478 0001 11       		.uleb128 0x11
 479 0002 01       		.byte	0x1
 480 0003 25       		.uleb128 0x25
ARM GAS  C:\Users\info\AppData\Local\Temp\ccBgaXhX.s 			page 22


 481 0004 0E       		.uleb128 0xe
 482 0005 13       		.uleb128 0x13
 483 0006 0B       		.uleb128 0xb
 484 0007 03       		.uleb128 0x3
 485 0008 0E       		.uleb128 0xe
 486 0009 1B       		.uleb128 0x1b
 487 000a 0E       		.uleb128 0xe
 488 000b 55       		.uleb128 0x55
 489 000c 17       		.uleb128 0x17
 490 000d 11       		.uleb128 0x11
 491 000e 01       		.uleb128 0x1
 492 000f 10       		.uleb128 0x10
 493 0010 17       		.uleb128 0x17
 494 0011 00       		.byte	0
 495 0012 00       		.byte	0
 496 0013 02       		.uleb128 0x2
 497 0014 24       		.uleb128 0x24
 498 0015 00       		.byte	0
 499 0016 0B       		.uleb128 0xb
 500 0017 0B       		.uleb128 0xb
 501 0018 3E       		.uleb128 0x3e
 502 0019 0B       		.uleb128 0xb
 503 001a 03       		.uleb128 0x3
 504 001b 0E       		.uleb128 0xe
 505 001c 00       		.byte	0
 506 001d 00       		.byte	0
 507 001e 03       		.uleb128 0x3
 508 001f 24       		.uleb128 0x24
 509 0020 00       		.byte	0
 510 0021 0B       		.uleb128 0xb
 511 0022 0B       		.uleb128 0xb
 512 0023 3E       		.uleb128 0x3e
 513 0024 0B       		.uleb128 0xb
 514 0025 03       		.uleb128 0x3
 515 0026 08       		.uleb128 0x8
 516 0027 00       		.byte	0
 517 0028 00       		.byte	0
 518 0029 04       		.uleb128 0x4
 519 002a 16       		.uleb128 0x16
 520 002b 00       		.byte	0
 521 002c 03       		.uleb128 0x3
 522 002d 0E       		.uleb128 0xe
 523 002e 3A       		.uleb128 0x3a
 524 002f 0B       		.uleb128 0xb
 525 0030 3B       		.uleb128 0x3b
 526 0031 05       		.uleb128 0x5
 527 0032 49       		.uleb128 0x49
 528 0033 13       		.uleb128 0x13
 529 0034 00       		.byte	0
 530 0035 00       		.byte	0
 531 0036 05       		.uleb128 0x5
 532 0037 35       		.uleb128 0x35
 533 0038 00       		.byte	0
 534 0039 49       		.uleb128 0x49
 535 003a 13       		.uleb128 0x13
 536 003b 00       		.byte	0
 537 003c 00       		.byte	0
ARM GAS  C:\Users\info\AppData\Local\Temp\ccBgaXhX.s 			page 23


 538 003d 06       		.uleb128 0x6
 539 003e 2E       		.uleb128 0x2e
 540 003f 01       		.byte	0x1
 541 0040 3F       		.uleb128 0x3f
 542 0041 19       		.uleb128 0x19
 543 0042 03       		.uleb128 0x3
 544 0043 0E       		.uleb128 0xe
 545 0044 3A       		.uleb128 0x3a
 546 0045 0B       		.uleb128 0xb
 547 0046 3B       		.uleb128 0x3b
 548 0047 0B       		.uleb128 0xb
 549 0048 27       		.uleb128 0x27
 550 0049 19       		.uleb128 0x19
 551 004a 11       		.uleb128 0x11
 552 004b 01       		.uleb128 0x1
 553 004c 12       		.uleb128 0x12
 554 004d 06       		.uleb128 0x6
 555 004e 40       		.uleb128 0x40
 556 004f 18       		.uleb128 0x18
 557 0050 9742     		.uleb128 0x2117
 558 0052 19       		.uleb128 0x19
 559 0053 01       		.uleb128 0x1
 560 0054 13       		.uleb128 0x13
 561 0055 00       		.byte	0
 562 0056 00       		.byte	0
 563 0057 07       		.uleb128 0x7
 564 0058 05       		.uleb128 0x5
 565 0059 00       		.byte	0
 566 005a 03       		.uleb128 0x3
 567 005b 0E       		.uleb128 0xe
 568 005c 3A       		.uleb128 0x3a
 569 005d 0B       		.uleb128 0xb
 570 005e 3B       		.uleb128 0x3b
 571 005f 0B       		.uleb128 0xb
 572 0060 49       		.uleb128 0x49
 573 0061 13       		.uleb128 0x13
 574 0062 02       		.uleb128 0x2
 575 0063 17       		.uleb128 0x17
 576 0064 00       		.byte	0
 577 0065 00       		.byte	0
 578 0066 08       		.uleb128 0x8
 579 0067 34       		.uleb128 0x34
 580 0068 00       		.byte	0
 581 0069 03       		.uleb128 0x3
 582 006a 0E       		.uleb128 0xe
 583 006b 3A       		.uleb128 0x3a
 584 006c 0B       		.uleb128 0xb
 585 006d 3B       		.uleb128 0x3b
 586 006e 0B       		.uleb128 0xb
 587 006f 49       		.uleb128 0x49
 588 0070 13       		.uleb128 0x13
 589 0071 02       		.uleb128 0x2
 590 0072 18       		.uleb128 0x18
 591 0073 00       		.byte	0
 592 0074 00       		.byte	0
 593 0075 09       		.uleb128 0x9
 594 0076 2E       		.uleb128 0x2e
ARM GAS  C:\Users\info\AppData\Local\Temp\ccBgaXhX.s 			page 24


 595 0077 00       		.byte	0
 596 0078 3F       		.uleb128 0x3f
 597 0079 19       		.uleb128 0x19
 598 007a 03       		.uleb128 0x3
 599 007b 0E       		.uleb128 0xe
 600 007c 3A       		.uleb128 0x3a
 601 007d 0B       		.uleb128 0xb
 602 007e 3B       		.uleb128 0x3b
 603 007f 0B       		.uleb128 0xb
 604 0080 27       		.uleb128 0x27
 605 0081 19       		.uleb128 0x19
 606 0082 49       		.uleb128 0x49
 607 0083 13       		.uleb128 0x13
 608 0084 11       		.uleb128 0x11
 609 0085 01       		.uleb128 0x1
 610 0086 12       		.uleb128 0x12
 611 0087 06       		.uleb128 0x6
 612 0088 40       		.uleb128 0x40
 613 0089 18       		.uleb128 0x18
 614 008a 9742     		.uleb128 0x2117
 615 008c 19       		.uleb128 0x19
 616 008d 00       		.byte	0
 617 008e 00       		.byte	0
 618 008f 00       		.byte	0
 619              		.section	.debug_loc,"",%progbits
 620              	.Ldebug_loc0:
 621              	.LLST0:
 622 0000 00000000 		.4byte	.LVL0
 623 0004 0A000000 		.4byte	.LVL2
 624 0008 0100     		.2byte	0x1
 625 000a 50       		.byte	0x50
 626 000b 0A000000 		.4byte	.LVL2
 627 000f 18000000 		.4byte	.LFE0
 628 0013 0400     		.2byte	0x4
 629 0015 F3       		.byte	0xf3
 630 0016 01       		.uleb128 0x1
 631 0017 50       		.byte	0x50
 632 0018 9F       		.byte	0x9f
 633 0019 00000000 		.4byte	0
 634 001d 00000000 		.4byte	0
 635              	.LLST1:
 636 0021 00000000 		.4byte	.LVL3
 637 0025 0C000000 		.4byte	.LVL4
 638 0029 0100     		.2byte	0x1
 639 002b 50       		.byte	0x50
 640 002c 0C000000 		.4byte	.LVL4
 641 0030 18000000 		.4byte	.LFE1
 642 0034 0400     		.2byte	0x4
 643 0036 F3       		.byte	0xf3
 644 0037 01       		.uleb128 0x1
 645 0038 50       		.byte	0x50
 646 0039 9F       		.byte	0x9f
 647 003a 00000000 		.4byte	0
 648 003e 00000000 		.4byte	0
 649              		.section	.debug_aranges,"",%progbits
 650 0000 34000000 		.4byte	0x34
 651 0004 0200     		.2byte	0x2
ARM GAS  C:\Users\info\AppData\Local\Temp\ccBgaXhX.s 			page 25


 652 0006 00000000 		.4byte	.Ldebug_info0
 653 000a 04       		.byte	0x4
 654 000b 00       		.byte	0
 655 000c 0000     		.2byte	0
 656 000e 0000     		.2byte	0
 657 0010 00000000 		.4byte	.LFB0
 658 0014 18000000 		.4byte	.LFE0-.LFB0
 659 0018 00000000 		.4byte	.LFB1
 660 001c 18000000 		.4byte	.LFE1-.LFB1
 661 0020 00000000 		.4byte	.LFB2
 662 0024 10000000 		.4byte	.LFE2-.LFB2
 663 0028 00000000 		.4byte	.LFB3
 664 002c 10000000 		.4byte	.LFE3-.LFB3
 665 0030 00000000 		.4byte	0
 666 0034 00000000 		.4byte	0
 667              		.section	.debug_ranges,"",%progbits
 668              	.Ldebug_ranges0:
 669 0000 00000000 		.4byte	.LFB0
 670 0004 18000000 		.4byte	.LFE0
 671 0008 00000000 		.4byte	.LFB1
 672 000c 18000000 		.4byte	.LFE1
 673 0010 00000000 		.4byte	.LFB2
 674 0014 10000000 		.4byte	.LFE2
 675 0018 00000000 		.4byte	.LFB3
 676 001c 10000000 		.4byte	.LFE3
 677 0020 00000000 		.4byte	0
 678 0024 00000000 		.4byte	0
 679              		.section	.debug_line,"",%progbits
 680              	.Ldebug_line0:
 681 0000 94000000 		.section	.debug_str,"MS",%progbits,1
 681      02004800 
 681      00000201 
 681      FB0E0D00 
 681      01010101 
 682              	.LASF19:
 683 0000 70696E5F 		.ascii	"pin_oled_cs_ReadDataReg\000"
 683      6F6C6564 
 683      5F63735F 
 683      52656164 
 683      44617461 
 684              	.LASF16:
 685 0018 76616C75 		.ascii	"value\000"
 685      6500
 686              	.LASF23:
 687 001e 73746174 		.ascii	"staticBits\000"
 687      69634269 
 687      747300
 688              	.LASF20:
 689 0029 474E5520 		.ascii	"GNU C11 5.4.1 20160609 (release) [ARM/embedded-5-br"
 689      43313120 
 689      352E342E 
 689      31203230 
 689      31363036 
 690 005c 616E6368 		.ascii	"anch revision 237715] -mcpu=cortex-m3 -mthumb -g -O"
 690      20726576 
 690      6973696F 
 690      6E203233 
ARM GAS  C:\Users\info\AppData\Local\Temp\ccBgaXhX.s 			page 26


 690      37373135 
 691 008f 67202D66 		.ascii	"g -ffunction-sections -ffat-lto-objects -flto\000"
 691      66756E63 
 691      74696F6E 
 691      2D736563 
 691      74696F6E 
 692              	.LASF15:
 693 00bd 70696E5F 		.ascii	"pin_oled_cs_SetDriveMode\000"
 693      6F6C6564 
 693      5F63735F 
 693      53657444 
 693      72697665 
 694              	.LASF9:
 695 00d6 666C6F61 		.ascii	"float\000"
 695      7400
 696              	.LASF1:
 697 00dc 756E7369 		.ascii	"unsigned char\000"
 697      676E6564 
 697      20636861 
 697      7200
 698              	.LASF21:
 699 00ea 47656E65 		.ascii	"Generated_Source\\PSoC5\\pin_oled_cs.c\000"
 699      72617465 
 699      645F536F 
 699      75726365 
 699      5C50536F 
 700              	.LASF13:
 701 010f 72656738 		.ascii	"reg8\000"
 701      00
 702              	.LASF5:
 703 0114 6C6F6E67 		.ascii	"long unsigned int\000"
 703      20756E73 
 703      69676E65 
 703      6420696E 
 703      7400
 704              	.LASF3:
 705 0126 73686F72 		.ascii	"short unsigned int\000"
 705      7420756E 
 705      7369676E 
 705      65642069 
 705      6E7400
 706              	.LASF18:
 707 0139 70696E5F 		.ascii	"pin_oled_cs_Read\000"
 707      6F6C6564 
 707      5F63735F 
 707      52656164 
 707      00
 708              	.LASF10:
 709 014a 646F7562 		.ascii	"double\000"
 709      6C6500
 710              	.LASF14:
 711 0151 70696E5F 		.ascii	"pin_oled_cs_Write\000"
 711      6F6C6564 
 711      5F63735F 
 711      57726974 
 711      6500
 712              	.LASF8:
ARM GAS  C:\Users\info\AppData\Local\Temp\ccBgaXhX.s 			page 27


 713 0163 756E7369 		.ascii	"unsigned int\000"
 713      676E6564 
 713      20696E74 
 713      00
 714              	.LASF22:
 715 0170 433A5C55 		.ascii	"C:\\Users\\info\\Desktop\\Spring 2019 Classes\\6.11"
 715      73657273 
 715      5C696E66 
 715      6F5C4465 
 715      736B746F 
 716 019e 355C362E 		.ascii	"5\\6.115-final\\PSoCCreator\\Final Project\\FinalEm"
 716      3131352D 
 716      66696E61 
 716      6C5C5053 
 716      6F434372 
 717 01cd 756C6174 		.ascii	"ulator.cydsn\000"
 717      6F722E63 
 717      7964736E 
 717      00
 718              	.LASF7:
 719 01da 6C6F6E67 		.ascii	"long long unsigned int\000"
 719      206C6F6E 
 719      6720756E 
 719      7369676E 
 719      65642069 
 720              	.LASF17:
 721 01f1 6D6F6465 		.ascii	"mode\000"
 721      00
 722              	.LASF6:
 723 01f6 6C6F6E67 		.ascii	"long long int\000"
 723      206C6F6E 
 723      6720696E 
 723      7400
 724              	.LASF11:
 725 0204 63686172 		.ascii	"char\000"
 725      00
 726              	.LASF2:
 727 0209 73686F72 		.ascii	"short int\000"
 727      7420696E 
 727      7400
 728              	.LASF12:
 729 0213 75696E74 		.ascii	"uint8\000"
 729      3800
 730              	.LASF4:
 731 0219 6C6F6E67 		.ascii	"long int\000"
 731      20696E74 
 731      00
 732              	.LASF0:
 733 0222 7369676E 		.ascii	"signed char\000"
 733      65642063 
 733      68617200 
 734              		.comm	__gnu_lto_v1,1,1
 735              		.ident	"GCC: (GNU Tools for ARM Embedded Processors) 5.4.1 20160609 (release) [ARM/embedded-5-bran
