ARM GAS  C:\Users\info\AppData\Local\Temp\ccrdghQK.s 			page 1


   1              		.syntax unified
   2              		.cpu cortex-m3
   3              		.fpu softvfp
   4              		.eabi_attribute 20, 1
   5              		.eabi_attribute 21, 1
   6              		.eabi_attribute 23, 3
   7              		.eabi_attribute 24, 1
   8              		.eabi_attribute 25, 1
   9              		.eabi_attribute 26, 1
  10              		.eabi_attribute 30, 1
  11              		.eabi_attribute 34, 1
  12              		.eabi_attribute 18, 4
  13              		.thumb
  14              		.syntax unified
  15              		.file	"pin_oled_mosi.c"
  16              		.text
  17              	.Ltext0:
  18              		.section	.gnu.lto_.profile.792a073f,"",%progbits
  19 0000 789C6361 		.ascii	"x\234ca`d`a`\000\222\222\242\000\000\261\0009"
  19      60646061 
  19      60009292 
  19      A20000B1 
  19      0039
  20              		.text
  21              		.section	.gnu.lto_.inline.792a073f,"",%progbits
  22 0000 789C6361 		.ascii	"x\234ca`d\000\001?\006\004`a`\340\344`d`\342y\020\313"
  22      60640001 
  22      3F060460 
  22      6160E0E4 
  22      606460E2 
  23 0017 C0B6409E 		.ascii	"\300\266@\236\011$\306\310\300\301\016\024\342\232\340"
  23      0924C6C8 
  23      C0C10E14 
  23      E29AE0
  24 0026 07176262 		.ascii	"\007\027bb`c\005\012\261}\320\203\0131c\0121\000\000"
  24      6063050A 
  24      B17DD083 
  24      0B31630A 
  24      310000
  25 0039 537C0835 		.ascii	"S|\0105"
  26              		.text
  27              		.section	.gnu.lto_.jmpfuncs.792a073f,"",%progbits
  28 0000 789C6361 		.ascii	"x\234ca`d\000\001>\006\004`\001b\240(\023\003\0033\220"
  28      60640001 
  28      3E060460 
  28      0162A028 
  28      13030333 
  29 0015 05000292 		.ascii	"\005\000\002\222\000\036"
  29      001E
  30              		.text
  31              		.section	.gnu.lto_.pureconst.792a073f,"",%progbits
  32 0000 789C6361 		.ascii	"x\234ca`d\340d```a\220b\224b\222b\226\002\000\002\261"
  32      6064E064 
  32      60606061 
  32      90629462 
  32      92629602 
  33 0017 0081     		.ascii	"\000\201"
ARM GAS  C:\Users\info\AppData\Local\Temp\ccrdghQK.s 			page 2


  34              		.text
  35              		.section	.gnu.lto_pin_oled_mosi_Write.792a073f,"",%progbits
  36 0000 789C5551 		.ascii	"x\234UQMK\033Q\024\275\347\275\231I\254\251\177\300"
  36      4D4B1B51 
  36      14BDE7BD 
  36      9949ACA9 
  36      7FC0
  37 0012 2CDC48D0 		.ascii	",\334H\320E\021J7]\266\213nK\335*\022\322Y\004\324\210"
  37      45114A37 
  37      5DB68B6E 
  37      4BDD2A12 
  37      D25904D4 
  38 0027 89DDFAC6 		.ascii	"\211\335\372\306\230H]\024\273\250Y\210\012\212$\375"
  38      98485D14 
  38      BBA85988 
  38      0A8A24FD 
  39 0037 8ADA42A1 		.ascii	"\212\332B\241\340b\230\037\320\"\010B\351\207\270\030"
  39      E062981F 
  39      D0220842 
  39      E987B818 
  40 0047 A150488B 		.ascii	"\241PH\213A\261\037\351\2753]\324\013\357c\356\234s"
  40      41B11FE9 
  40      BD335DD4 
  40      0BEF63EE 
  40      9C73
  41 0059 EEB9F759 		.ascii	"\356\271\367Y\004\222\030TD7\371\354\345\005MPK\357"
  41      04921854 
  41      4437F9EC 
  41      E5054D50 
  41      4BEF
  42 006b 88BCA402 		.ascii	"\210\274\244\002\344b\222\240Y\205Y\264\325o\205`!|"
  42      E46292A0 
  42      598559B4 
  42      D56F8560 
  42      217C
  43 007d AB06EA86 		.ascii	"\253\006\352\206\343hkM\233\206\217\212&\352\250H\211"
  43      E3686B4D 
  43      9B868F8A 
  43      26EAA848 
  43      89
  44 008e 50C700A3 		.ascii	"P\307\000\243N\366\026\016\240\007A|\257\006\355Vwf"
  44      4EF6160E 
  44      A007417C 
  44      AF06ED56 
  44      7766
  45 00a0 CB983963 		.ascii	"\313\2309c\036\217\032]\321@\003\232\031\270\236\306"
  45      1E8F1A5D 
  45      D140039A 
  45      19B89EC6 
  46 00b0 509A3841 		.ascii	"P\2328Ax\212\214\200\317?\0344{\364PD\\2\341F\252\177"
  46      788A8C80 
  46      CF3F1C34 
  46      7BF45044 
  46      5C32E146 
  47 00c6 5388FED9 		.ascii	"S\210\376\331D\315\370^\237p\237\375\317\225`\350\361"
  47      44CDF85E 
  47      9F709FFD 
ARM GAS  C:\Users\info\AppData\Local\Temp\ccrdghQK.s 			page 3


  47      CF9560E8 
  47      F1
  48 00d7 EE9F2757 		.ascii	"\356\237'W\235yq\325\207\347\350\217\375\340\005\034"
  48      9D7971D5 
  48      87E7E88F 
  48      FDE0051C 
  49 00e7 EE1092D9 		.ascii	"\356\020\222\331\276\347\233N\247l\374\266\335\326]"
  49      BEE79B4E 
  49      A76CFCB6 
  49      DDD65D
  50 00f6 8A8B2AEE 		.ascii	"\212\213*\356\224\177X\220\332\266$\034\331\022\262"
  50      947F5890 
  50      DAB6241C 
  50      D912B2
  51 0105 11B57849 		.ascii	"\021\265xI\367\337\225\222S\207\010.\026?\327\022\242"
  51      F7DF9592 
  51      5387082E 
  51      163FD712 
  51      A2
  52 0116 59D63289 		.ascii	"Y\3262\211\345J\360>q\252*ZGn\367\033\237j\377>\375"
  52      E54AF03E 
  52      71AA2A5A 
  52      476EF71B 
  52      9F6AFF3E 
  53 012b 4DCF589C 		.ascii	"M\317X\234j\2769z\230Z\307\2527\3173\262\320D\032/\301"
  53      6ABE397A 
  53      985AC7AA 
  53      37CF33B2 
  53      D0441A2F 
  54 0140 9EB18D75 		.ascii	"\236\261\215uP\210\362\257\352G\304\202:\326\\\371\362"
  54      5088F2AF 
  54      EA47C482 
  54      3AD65CF9 
  54      F2
  55 0151 2DEC1111 		.ascii	"-\354\021\021\340\014\330a\3601T\324\006;e\224\220Z"
  55      E00CD861 
  55      F03154D4 
  55      063B6594 
  55      905A
  56 0163 D5F0A42B 		.ascii	"\325\360\244+f\331e-u\202\037;\365\224\260lh\3542)\222"
  56      66D9652D 
  56      75821F3B 
  56      F594B06C 
  56      68EC3229 
  57 0178 3E553148 		.ascii	">U1Hp\014Z\2748|\224\024\220\205$^\305\240s'\206$\""
  57      700C5ABC 
  57      387C9414 
  57      9085245E 
  57      C5A07327 
  58 018f 030EA782 		.ascii	"\003\016\247\202\345\310\320%\363\2361\335\227\375\277"
  58      E5C8D025 
  58      F39E31DD 
  58      97FDBF
  59 019e 66FFCCA2 		.ascii	"f\377\314\242\257\230\363\177\332B\210\036\242\245 "
  59      AF98F37F 
  59      DA42881E 
  59      A2A520
ARM GAS  C:\Users\info\AppData\Local\Temp\ccrdghQK.s 			page 4


  60 01ad B3E2C965 		.ascii	"\263\342\311e\356\270\223\356t\266\344\336\037\033."
  60      EEB893EE 
  60      74B6E4DE 
  60      1F1B2E
  61 01bc CC4CE7DC 		.ascii	"\314L\347\334\221\273\303\205\3337F\246\362\223c\205"
  61      91BBC385 
  61      DB3746A6 
  61      F2936385 
  62 01cc 71CE4E14 		.ascii	"q\316N\024\212\371k9\262\037d\307g\334+\305R\266\224"
  62      8AF96B39 
  62      B21F64C7 
  62      67DC2BC5 
  62      52B694
  63 01df CFDDCA97 		.ascii	"\317\335\312\227\212\177\001\212B\306+"
  63      8A7F018A 
  63      42C62B
  64              		.text
  65              		.section	.gnu.lto_pin_oled_mosi_SetDriveMode.792a073f,"",%progbits
  66 0000 789C7D51 		.ascii	"x\234}QKK\033Q\024>\337\275\223\231\304P\377@\263p\027"
  66      4B4B1B51 
  66      143EDFBD 
  66      9399C450 
  66      FF40B370 
  67 0015 741184D2 		.ascii	"t\021\204\322_ \264\333b\266\212\210\316BP\307G\273"
  67      5F20B4DB 
  67      62B68A88 
  67      CE4250C7 
  67      47BB
  68 0027 CE4DC650 		.ascii	"\316M\306Ph7\202\230M\221\270\021\337Fq%\270\210\001"
  68      68378298 
  68      4D91B811 
  68      DF467125 
  68      B88801
  69 003a 1FABB810 		.ascii	"\037\253\270\020\\\270(\305B(\205J\322\246\264\370h"
  69      5CB828C5 
  69      4228854A 
  69      D2A6B4F8 
  69      68
  70 004b 7ACE8C8B 		.ascii	"z\316\214\213\254\274\314=\217\217\357\3738\347\216"
  70      ACBCCC3D 
  70      8F8FEFFB 
  70      38E78E
  71 005a 452039DF 		.ascii	"E 9\3378\2458?\347\013MP\363U\242lT\001R\230((\243\220"
  71      38A5383F 
  71      E70B4D50 
  71      F355A26C 
  71      54015298 
  72 0072 C16FF5A0 		.ascii	"\301o\365\240Py_;P\335\253\206\317\227\343\233^\263"
  72      50795F3B 
  72      50DDAB86 
  72      CF97E39B 
  72      5EB3
  73 0084 56465E13 		.ascii	"VF^\023\265T\340DXE7\263~\355\257,\304u\017\210\353"
  73      B554E044 
  73      584537B3 
  73      7EEDAF2C 
  73      C4750F88 
ARM GAS  C:\Users\info\AppData\Local\Temp\ccrdghQK.s 			page 5


  74 0099 46B5FEB9 		.ascii	"F\265\376\2713\271bL\316\230\342\240\321y\015\254A\263"
  74      33B9624C 
  74      CE98E2A0 
  74      D1790DAC 
  74      41B3
  75 00ab 022F12E8 		.ascii	"\002/\022\350M\020\003\204u$\205|\275\367o\361\231="
  75      4D100384 
  75      7524857C 
  75      BDF76FF1 
  75      993D
  76 00bd 27F65DA1 		.ascii	"'\366]\241)6`\313\230\245\376\262i\265|S\376c\037\335"
  76      293660CB 
  76      98A5FEB2 
  76      69B57C53 
  76      FE631FDD 
  77 00d1 DA71C532 		.ascii	"\332q\3052\2459hKB\004\342`K\351H\210J\210\011\207\250"
  77      A539684B 
  77      4204E260 
  77      4BE94888 
  77      4A880987 
  78 00e6 CE571669 		.ascii	"\316W\026i(%Y\327P\271\375P\373d\211\263\257e\251B\276"
  78      282559D7 
  78      50B9FD50 
  78      FB6489B3 
  78      AF65A942 
  79 00fb 72EE3455 		.ascii	"r\3564U^[\301\304\376Es\311\016\333\257\313Yc1T:;<\355"
  79      5E5BC1C4 
  79      FE4573C9 
  79      0EDBAFCB 
  79      59633154 
  80 0113 2862293B 		.ascii	"(b);\307\353F\260\205\0046\221\340\351\266Q\004\325"
  80      C7EB46B0 
  80      85043691 
  80      E0E9B651 
  80      04D5
  81 0125 90FBE984 		.ascii	"\220\373\351\204v\232\035\271\367\357\355\260\267\030"
  81      769A1DB9 
  81      F7EFEDB0 
  81      B718
  82 0133 62FDD5C9 		.ascii	"b\375\325\311\307\207\230XjLc\207\225m\022\376\"\355"
  82      C7879858 
  82      6A4C6387 
  82      956D12FE 
  82      22ED
  83 0145 12872196 		.ascii	"\022\207!\226\374\270\334\334\322\241\244\023\245@\342"
  83      FCB8DCDC 
  83      D2A1A413 
  83      A540E2
  84 0154 FF7DA444 		.ascii	"\377}\244D\003c\247\335%\306(\367\225\002\244\177j\344"
  84      0363A7DD 
  84      25C628F7 
  84      9502A47F 
  84      6AE4
  85 0166 5D1E99F9 		.ascii	"]\036\231\371\364\035\271\362\335+a\007\277\256\256"
  85      F41DB9F2 
  85      DD2B6107 
  85      BFAEAE
ARM GAS  C:\Users\info\AppData\Local\Temp\ccrdghQK.s 			page 6


  86 0175 20CFC38F 		.ascii	" \317\303\217\225|\355N\2723\303o\335\321\241\264\367"
  86      957CED4E 
  86      BA33C36F 
  86      DDD1A1B4 
  86      F7
  87 0186 6E66C41D 		.ascii	"nf\304\035x\223\366\372^\016L\215M\016y\343\214Nx\263"
  87      7893F6FA 
  87      5E0E4C8D 
  87      4D0E79E3 
  87      8C4E78B3 
  88 019a 63A911B2 		.ascii	"c\251\021\262&\274Q\367?Hm\2517"
  88      26BC51F7 
  88      3F486DA9 
  88      37
  89              		.text
  90              		.section	.gnu.lto_pin_oled_mosi_Read.792a073f,"",%progbits
  91 0000 789C354F 		.ascii	"x\2345O\261J\003A\020\235\267{\311\005\321/0\205\235"
  91      B14A0341 
  91      109DB77B 
  91      C905D12F 
  91      30859D
  92 0013 A4114104 		.ascii	"\244\021A\004\261\025\264\025\003VB\220xE@s\022\265"
  92      B115B415 
  92      03564290 
  92      78454073 
  92      12B5
  93 0025 CE5D2EA7 		.ascii	"\316].\247 \026Z\250 h\012\221$jP\253\0246I\032EA+\301"
  93      20165AA8 
  93      20680A91 
  93      246A50AB 
  93      1436491A 
  94 003d 4A44420A 		.ascii	"JDB\012+=\"BP\343\254\027\007vf\367\355{\363f4\002\251"
  94      2B3D2242 
  94      50E3AC17 
  94      077666F7 
  94      ED7BF366 
  95 0054 98E612E1 		.ascii	"\230\346\022\341\332\313\007\222 6\357\210\354\220\000"
  95      DACB0792 
  95      2036EF88 
  95      EC9000
  96 0063 D4C50A81 		.ascii	"\324\305\012\201\322\002i|\210o\201\333\317\353\215"
  96      D202697C 
  96      886F81DB 
  96      CFEB8D
  97 0072 AE48DEB2 		.ascii	"\256H\336\2622\326\363Qkd\267P\201+\211\332\2020\024"
  97      32D6F351 
  97      6B64B750 
  97      812B89DA 
  97      823014
  98 0085 C66058B5 		.ascii	"\306`X\265\310#BL}\271\370\331\356\011f-\216>E\340\237"
  98      C823424C 
  98      7DB9F8D9 
  98      EE09662D 
  98      8E3E45E0 
  99 009a 0282CAF2 		.ascii	"\002\202\312\362l\252b\265\333\216Uy\320\253\217\272"
  99      6CAA62B5 
  99      DB8E5579 
ARM GAS  C:\Users\info\AppData\Local\Temp\ccrdghQK.s 			page 7


  99      D0AB8FBA 
 100 00aa 0E7225FB 		.ascii	"\016r%\373r\3228\211\200JARm\351\215ej\210w!T\225\015"
 100      72D23889 
 100      804A4152 
 100      6DE98D65 
 100      6A887721 
 101 00c1 D45AEB4F 		.ascii	"\324Z\353O\007\243\252\223#%\273\354\270\265{\275)\\"
 101      07A3AA93 
 101      2325BBEC 
 101      B8B57BBD 
 101      295C
 102 00d3 29A14C8B 		.ascii	")\241L\213[e\257\363\254\036\332\226\306\220].]\351"
 102      5B65AFF3 
 102      AC1EDA96 
 102      C6905D2E 
 102      5DE9
 103 00e5 39ECDB59 		.ascii	"9\354\333Y\036U\3031\302(\202\007\305\011r\240\006\234"
 103      1E55C331 
 103      C2288207 
 103      C50972A0 
 103      069C
 104 00f7 AF717224 		.ascii	"\257qr$\374v{\227\315\233\200\322\003!\2342\255\201"
 104      FC767B97 
 104      CD9B80D2 
 104      03219C32 
 104      AD81
 105 0109 8CB7D694 		.ascii	"\214\267\326\224\276\241\306<\245\360V\353A\037\011"
 105      BEA1C63C 
 105      A5F056EB 
 105      411F09
 106 0118 30C8B29A 		.ascii	"0\310\262\232w\236\357V2\001\211\322\277\254\016\237"
 106      779EEF56 
 106      320189D2 
 106      BFAC0E9F 
 107 0128 A478F40A 		.ascii	"\244x\364\012\321y\321\337bP\013\361z\375\023F\322H"
 107      D179D1DF 
 107      62500BF1 
 107      7AFD1346 
 107      D248
 108 013a CD2E1B73 		.ascii	"\315.\033s\261\250\271\222\212\0333\223Qslxf1\221\214"
 108      B1A8B992 
 108      8A1B3393 
 108      51736C78 
 108      6631918C 
 109 014e 99F38C2E 		.ascii	"\231\363\214.\230K\211\2018\375\002\224s~\216"
 109      984B8981 
 109      38FD0294 
 109      737E8E
 110              		.text
 111              		.section	.gnu.lto_pin_oled_mosi_ReadDataReg.792a073f,"",%progbits
 112 0000 789C354F 		.ascii	"x\2345O=K\003A\020\235\267{\371 \304_`\012;I#\202Xh"
 112      3D4B0341 
 112      109DB77B 
 112      F920C45F 
 112      600A3B49 
 113 0018 2B682B06 		.ascii	"+h+\006\254\002A\342\025\001\315I\324:\227\\NQ,l4 H"
 113      AC0241E2 
ARM GAS  C:\Users\info\AppData\Local\Temp\ccrdghQK.s 			page 8


 113      1501CD49 
 113      D43A975C 
 113      4E512C6C 
 114 002f 0A914BFC 		.ascii	"\012\221K\374\266\261\021\341L%\012~\374\000!HHa\245"
 114      B6B111E1 
 114      4C250A7E 
 114      FC002148 
 114      4861A5
 115 0042 21228826 		.ascii	"!\"\210&\316zq`gv\337\2767oF#\220\212i.Q\256\275| \011"
 115      CE7A7160 
 115      6776DFBE 
 115      376F4623 
 115      908A692E 
 116 005c 62F39E28 		.ascii	"b\363\236(\027\024\200\272\230APV \213\017\361#p\367"
 116      171480BA 
 116      98415056 
 116      208B0FF1 
 116      2370F7
 117 006f 79B3118A 		.ascii	"y\263\021\212:\246\2317k\373\316H\261\354\302\226D\035"
 117      3AA69937 
 117      6BFBCE48 
 117      B1ECC296 
 117      441D
 118 0081 41188A60 		.ascii	"A\030\212`0\242Z8\210\022S_\316\333[=\376\202\311\321"
 118      30A25A38 
 118      8812535F 
 118      CEDB5B3D 
 118      FE82C9D1 
 119 0095 A708FC53 		.ascii	"\247\010\374S\206_Y\236N\271f\247c\231\356U\350\372"
 119      865F599E 
 119      4EB966A7 
 119      6399EE55 
 119      E8FA
 120 00a7 311400D9 		.ascii	"1\024\000\331\222}9i\234\204O%?\251\266\364\30625\304"
 120      927D3969 
 120      9C844F25 
 120      3FA9B6F4 
 120      C63235C4 
 121 00bb BB10AACA 		.ascii	"\273\020\252\312\006\252_\353\355\312\250\352dI\311"
 121      06AA5FEB 
 121      EDCAA8EA 
 121      6449C9
 122 00ca 2EDB76F5 		.ascii	".\333v\365!\320\022\266\224P\246O\345\347b\367\351\356"
 122      21D012B6 
 122      9450A64F 
 122      E5E762F7 
 122      E9EE
 123 00dc E54C8DA1 		.ascii	"\345L\215\241\223\213\332Z\270\204\335\\\201G\325p\200"
 123      938BDA5A 
 123      B884DD5C 
 123      8147D570 
 123      80
 124 00ed 082AE041 		.ascii	"\010*\340Aq\210\022\250\001\353{\234,\011\257\335\316"
 124      718812A8 
 124      01EB7B9C 
 124      2C09AFDD 
 124      CE
ARM GAS  C:\Users\info\AppData\Local\Temp\ccrdghQK.s 			page 9


 125 00fe 65EBD6A7 		.ascii	"e\353\326\247\364@\020GLk \337\\mI\317Pc\236R4W\352"
 125      F4401047 
 125      4C6B20DF 
 125      5C6D49CF 
 125      50639E52 
 126 0115 7E0FF131 		.ascii	"~\017\3611\310\262j\363\314\011+\231\200\304\361\277"
 126      C8B26AF3 
 126      CC092B99 
 126      80C4F1BF 
 127 0125 AC0E8FA4 		.ascii	"\254\016\217\244x\364\012\321}\321\337bP\013\361z\375"
 127      78F40AD1 
 127      7DD1DF62 
 127      500BF17A 
 127      FD
 128 0136 137A5ACF 		.ascii	"\023zZ\317\314,\351\263\211\230\261\234I\352\361\311"
 128      CC2CE9B3 
 128      8998B19C 
 128      49EAF1C9 
 129 0146 9831361C 		.ascii	"\23016\034_H\245\023\306\034\243\363\306bj I\277P\216"
 129      5F48A513 
 129      C61CA3F3 
 129      C6626A20 
 129      49BF508E 
 130 015a 7E7C     		.ascii	"~|"
 131              		.text
 132              		.section	.gnu.lto_.symbol_nodes.792a073f,"",%progbits
 133 0000 789C6361 		.ascii	"x\234ca`dpc\000\002&\206z\006\206\011\347\030@\324\252"
 133      60647063 
 133      00022686 
 133      7A068609 
 133      E71840D4 
 134 0015 0645A000 		.ascii	"\006E\240\000c=#\252\000S=\023\252\000s=3\212\000\003"
 134      633D23AA 
 134      00533D13 
 134      AA00733D 
 134      338A0003 
 135 0029 001ED60E 		.ascii	"\000\036\326\016\374"
 135      FC
 136              		.text
 137              		.section	.gnu.lto_.refs.792a073f,"",%progbits
 138 0000 789C6361 		.ascii	"x\234ca`\004B \000\000\0009\000\007"
 138      60044220 
 138      00000039 
 138      0007
 139              		.text
 140              		.section	.gnu.lto_.decls.792a073f,"",%progbits
 141 0000 789C8D52 		.ascii	"x\234\215R]HTA\024\236s\357u\225\253eX\204\305B\233"
 141      5D485441 
 141      149E73EF 
 141      7595AB65 
 141      5884C542 
 142 0015 2FF9B424 		.ascii	"/\371\264$\021\370\320\037(\331K\031Z\366\"\310\252"
 142      11F8D01F 
 142      28D94B19 
 142      5AF622C8 
 142      AA
 143 0026 175B2857 		.ascii	"\027[(W\3265\360mrM\314^\224\320\320\012-\310\374Y\377"
ARM GAS  C:\Users\info\AppData\Local\Temp\ccrdghQK.s 			page 10


 143      D635F06D 
 143      724DCC5E 
 143      94D0D00A 
 143      2DC8FC59 
 144 003b 5D75D76C 		.ascii	"]u\327l\267L\355\007!1\2040HZ#,\011C\011|0;3{\327{7"
 144      B74CED07 
 144      21318430 
 144      485A232C 
 144      0943097C 
 145 0056 37F0C0CC 		.ascii	"7\360\300\314\2343\347|\337\371\231\221\010\020&'%B"
 145      9C33E77C 
 145      DFF99991 
 145      08102627 
 145      2542
 146 0068 46F134A2 		.ascii	"F\3614\242\271\211\022\205z\016\321\004\335d\000\227"
 146      B9891285 
 146      7A0ED104 
 146      DD640097 
 147 0078 1BD7082E 		.ascii	"\033\327\010./\331.\314oPq\335\214\013\227\017\327\030"
 147      2FD92ECC 
 147      6F5071DD 
 147      8C0B970F 
 147      D718
 148 008a AE4C3506 		.ascii	"\256L5\006\324\270\177\305\035\001\353\327\341CXw\004"
 148      D4B87FC5 
 148      1D01EBD7 
 148      E1435877 
 148      04
 149 009b 2CAB274A 		.ascii	",\253'J\207\313\214\200\033\211\200\363\356\000\027"
 149      87CB8C80 
 149      1B8980F3 
 149      EE0017
 150 00aa A9CF0D01 		.ascii	"\251\317\015\001\234_\276\267\304\314\303G\000\002\\"
 150      9C5FBEB7 
 150      C4CCC347 
 150      00025C
 151 00b9 883A47C2 		.ascii	"\210:G\302n\324\223)\0204\204\020\037l1\253\012\017"
 151      6ED49329 
 151      10348410 
 151      1F6C31AB 
 151      0A0F
 152 00cb 0722F078 		.ascii	"\007\"\360x\3209\302\342\370\233p\321\256`KB\221\020"
 152      D039C2E2 
 152      F89B70D1 
 152      AE604B42 
 152      9110
 153 00dd 4ECA5835 		.ascii	"N\312X5\023mA\003\350\370\324\352\325\374\240O\313\251"
 153      136D4103 
 153      E8F8D4EA 
 153      D5FCA04F 
 153      CBA9
 154 00ef C550D34F 		.ascii	"\305P\323O\336x\273@DN\324?\257\267\2355\273(J-\245"
 154      DE78BB40 
 154      444ED43F 
 154      AFB79D35 
 154      BB284A2D 
 155 0104 82599B4C 		.ascii	"\202Y\233L\317\255\305\366\2305\001\2142l\002\263\227"
ARM GAS  C:\Users\info\AppData\Local\Temp\ccrdghQK.s 			page 11


 155      CFADC5F6 
 155      9835018C 
 155      326C02B3 
 155      97
 156 0115 3DEBBB82 		.ascii	"=\353\273\2026s7\326\005\376\304\212\207\230.\314\006"
 156      367337D6 
 156      05FEC48A 
 156      87982ECC 
 156      06
 157 0126 3A972448 		.ascii	":\227$H\226[\031\315\302\375\276S\036J\367@7\310\340"
 157      965B19CD 
 157      C2FDBE53 
 157      1E4AF740 
 157      37C8E0
 158 0139 0211DA81 		.ascii	"\002\021\332\201\261\"\016\367jJ+\350\312cjH$p\314\010"
 158      B1220EF7 
 158      6A4A2BE8 
 158      CA636A48 
 158      2470CC08 
 159 014d 478D04BA 		.ascii	"G\215\004\272 \231q\262(\350\004#t\200\221\361\177\275"
 159      209971B2 
 159      28E80423 
 159      748091F1 
 159      7FBD
 160 015f D7FCC320 		.ascii	"\327\374\303 \341\2709O\276\304\356f*{\037\210XB\202"
 160      E1B8394F 
 160      BEC4EE66 
 160      2A7B1F88 
 160      584282
 161 0172 0C129ABF 		.ascii	"\014\022\232\277\246\233\002\273\321\334'\203\011M\227"
 161      A69B02BB 
 161      D1DC2783 
 161      094D97
 162 0181 F7D3B221 		.ascii	"\367\323\262!\261\201\267\342\244&\011r\366C\037\022"
 162      B181B7E2 
 162      A4260972 
 162      F6431F12 
 163 0191 F6222181 		.ascii	"\366\"!\201~H\304\275\007\244`w\256\211\376o\361I-\264"
 163      7E48C4BD 
 163      07A46077 
 163      AE89FE6F 
 163      F1492DB4 
 164 01a5 A5972E34 		.ascii	"\245\227.4O\236hp\322\327\2103\2610h\323\212F\225\035"
 164      4F9E6870 
 164      D2D78833 
 164      B13068D3 
 164      8A46951D 
 165 01b9 4F611E07 		.ascii	"Oa\036\007:\000I\210\034\035\377`\023m|\006\3769\377"
 165      3A004988 
 165      1C1DFF60 
 165      136D7C06 
 165      FE39FF
 166 01cc BBE82089 		.ascii	"\273\350 \211\177m2\216\326\336\244\364\014\247\030"
 166      7F6D328E 
 166      D6DEA4F4 
 166      0CA718
 167 01db D42806F5 		.ascii	"\324(\006\365\024nN1\325\325\021\210\025k\200\223\274"
ARM GAS  C:\Users\info\AppData\Local\Temp\ccrdghQK.s 			page 12


 167      146E4E31 
 167      D5D51188 
 167      156B8093 
 167      BC
 168 01ec BF33E18C 		.ascii	"\2773\341\214\327\227\315\372\325\352\036\346u\347\253"
 168      D797CDFA 
 168      D5EA1EE6 
 168      75E7AB
 169 01fb 657B5797 		.ascii	"e{W\227\177\213j\306\331)\261\221\372+\021'\260(\030"
 169      7F8B6AC6 
 169      D929B191 
 169      FA2B1127 
 169      B02818
 170 020e D2720EE9 		.ascii	"\322r\016\351s\216\004\313v-n\010\342\303`\316\273U"
 170      738E04CB 
 170      762D6E08 
 170      E2C360CE 
 170      BB55
 171 0220 55ADA1C2 		.ascii	"U\255\241\302\275oC\2053\022\217F\342\321\223x9\311"
 171      BD6F4385 
 171      33128F46 
 171      E2D19378 
 171      39C9
 172 0232 5AE5EA9C 		.ascii	"Z\345\352\234A\306Gt\356\354\021\247\227\036mF\213\303"
 172      41C64774 
 172      EEEC11A7 
 172      971E6D46 
 172      8BC3
 173 0244 3CA93050 		.ascii	"<\2510P\337X\037\015rr\004\370\363\010p\3653\255_\252"
 173      DF581F0D 
 173      727204F8 
 173      F30870F5 
 173      33AD5FAA 
 174 0258 BBCD3A1C 		.ascii	"\273\315:\034\303\251<\323\212\033\00598\221\366\237"
 174      C3A93CD3 
 174      8A1B0539 
 174      3891F69F 
 175 0268 E37E88AB 		.ascii	"\343~\210\253a\377\012\307\227p\216\007j\343\363A\034"
 175      61FF0AC7 
 175      97708E07 
 175      6AE3F341 
 175      1C
 176 0279 FFFF7862 		.ascii	"\377\377xb\373\257f{|2\310F@?T\263\004+\025\272:\010"
 176      FBAF667B 
 176      7C32C846 
 176      403F54B3 
 176      042B15BA 
 177 028f F8192DBC 		.ascii	"\370\031-\274@\367K\2047Q\0263\003\374\232\033+\247"
 177      40F74B84 
 177      37511633 
 177      03FC9A1B 
 177      2BA7
 178 02a1 B9CEB7BD 		.ascii	"\271\316\267\275%\326\342<\3335\2450\357\272\255\324"
 178      25D6E23C 
 178      DB35A530 
 178      EFBAADD4 
 179 02b1 9A77C56E 		.ascii	"\232w\305nu(1\031\027.\233\322RRHT\231\265\330\221z"
ARM GAS  C:\Users\info\AppData\Local\Temp\ccrdghQK.s 			page 13


 179      75283119 
 179      172E9BD2 
 179      52524854 
 179      99B5D891 
 180 02c6 38432956 		.ascii	"8C)V\354\026\007\306d\333\312\354\005J\356\305l[\332"
 180      EC1607C6 
 180      64DBCAEC 
 180      054AEEC5 
 180      6C5BDA
 181 02d9 F1DC8272 		.ascii	"\361\334\202rGy\211Rj\276J\216\374'\"\214\333\\@\016"
 181      47798952 
 181      6ABE4A8E 
 181      FC27228C 
 181      DB5C400E 
 182 02ed 8627CB56 		.ascii	"\206'\313V\034\351v\353\015\345\274\255PI\010we)\226"
 182      1CE976EB 
 182      0DE5BCAD 
 182      50490877 
 182      652996
 183 0300 C203DBAF 		.ascii	"\302\003\333\257\322-\016K\226R$\331\225\242\324\277"
 183      D22D0E4B 
 183      965224D9 
 183      95A2D4BF 
 184 0310 D9EF7287 		.ascii	"\331\357r\207"
 185              		.text
 186              		.section	.gnu.lto_.symtab.792a073f,"",%progbits
 187 0000 70696E5F 		.ascii	"pin_oled_mosi_Write\000"
 187      6F6C6564 
 187      5F6D6F73 
 187      695F5772 
 187      69746500 
 188 0014 00       		.ascii	"\000"
 189 0015 00       		.ascii	"\000"
 190 0016 00       		.ascii	"\000"
 191 0017 00000000 		.ascii	"\000\000\000\000\000\000\000\000"
 191      00000000 
 192 001f B3000000 		.ascii	"\263\000\000\000"
 193 0023 70696E5F 		.ascii	"pin_oled_mosi_SetDriveMode\000"
 193      6F6C6564 
 193      5F6D6F73 
 193      695F5365 
 193      74447269 
 194 003e 00       		.ascii	"\000"
 195 003f 00       		.ascii	"\000"
 196 0040 00       		.ascii	"\000"
 197 0041 00000000 		.ascii	"\000\000\000\000\000\000\000\000"
 197      00000000 
 198 0049 B5000000 		.ascii	"\265\000\000\000"
 199 004d 70696E5F 		.ascii	"pin_oled_mosi_Read\000"
 199      6F6C6564 
 199      5F6D6F73 
 199      695F5265 
 199      616400
 200 0060 00       		.ascii	"\000"
 201 0061 00       		.ascii	"\000"
 202 0062 00       		.ascii	"\000"
 203 0063 00000000 		.ascii	"\000\000\000\000\000\000\000\000"
ARM GAS  C:\Users\info\AppData\Local\Temp\ccrdghQK.s 			page 14


 203      00000000 
 204 006b B8000000 		.ascii	"\270\000\000\000"
 205 006f 70696E5F 		.ascii	"pin_oled_mosi_ReadDataReg\000"
 205      6F6C6564 
 205      5F6D6F73 
 205      695F5265 
 205      61644461 
 206 0089 00       		.ascii	"\000"
 207 008a 00       		.ascii	"\000"
 208 008b 00       		.ascii	"\000"
 209 008c 00000000 		.ascii	"\000\000\000\000\000\000\000\000"
 209      00000000 
 210 0094 BA000000 		.ascii	"\272\000\000\000"
 211              		.text
 212              		.section	.gnu.lto_.opts,"",%progbits
 213 0000 272D666D 		.ascii	"'-fmath-errno' '-fsigned-zeros' '-ftrapping-math' '"
 213      6174682D 
 213      6572726E 
 213      6F272027 
 213      2D667369 
 214 0033 2D666E6F 		.ascii	"-fno-trapv' '-fno-strict-overflow' '-fno-openmp' '-"
 214      2D747261 
 214      70762720 
 214      272D666E 
 214      6F2D7374 
 215 0066 666E6F2D 		.ascii	"fno-openacc' '-mcpu=cortex-m3' '-mthumb' '-g' '-Og'"
 215      6F70656E 
 215      61636327 
 215      20272D6D 
 215      6370753D 
 216 0099 20272D66 		.ascii	" '-ffunction-sections' '-ffat-lto-objects' '-flto'\000"
 216      66756E63 
 216      74696F6E 
 216      2D736563 
 216      74696F6E 
 217              		.text
 218              		.cfi_sections	.debug_frame
 219              		.section	.text.pin_oled_mosi_Write,"ax",%progbits
 220              		.align	2
 221              		.global	pin_oled_mosi_Write
 222              		.thumb
 223              		.thumb_func
 224              		.type	pin_oled_mosi_Write, %function
 225              	pin_oled_mosi_Write:
 226              	.LFB0:
 227              		.file 1 "Generated_Source\\PSoC5\\pin_oled_mosi.c"
   1:Generated_Source\PSoC5/pin_oled_mosi.c **** /*******************************************************************************
   2:Generated_Source\PSoC5/pin_oled_mosi.c **** * File Name: pin_oled_mosi.c  
   3:Generated_Source\PSoC5/pin_oled_mosi.c **** * Version 2.20
   4:Generated_Source\PSoC5/pin_oled_mosi.c **** *
   5:Generated_Source\PSoC5/pin_oled_mosi.c **** * Description:
   6:Generated_Source\PSoC5/pin_oled_mosi.c **** *  This file contains API to enable firmware control of a Pins component.
   7:Generated_Source\PSoC5/pin_oled_mosi.c **** *
   8:Generated_Source\PSoC5/pin_oled_mosi.c **** * Note:
   9:Generated_Source\PSoC5/pin_oled_mosi.c **** *
  10:Generated_Source\PSoC5/pin_oled_mosi.c **** ********************************************************************************
  11:Generated_Source\PSoC5/pin_oled_mosi.c **** * Copyright 2008-2015, Cypress Semiconductor Corporation.  All rights reserved.
ARM GAS  C:\Users\info\AppData\Local\Temp\ccrdghQK.s 			page 15


  12:Generated_Source\PSoC5/pin_oled_mosi.c **** * You may use this file only in accordance with the license, terms, conditions, 
  13:Generated_Source\PSoC5/pin_oled_mosi.c **** * disclaimers, and limitations in the end user license agreement accompanying 
  14:Generated_Source\PSoC5/pin_oled_mosi.c **** * the software package with which this file was provided.
  15:Generated_Source\PSoC5/pin_oled_mosi.c **** *******************************************************************************/
  16:Generated_Source\PSoC5/pin_oled_mosi.c **** 
  17:Generated_Source\PSoC5/pin_oled_mosi.c **** #include "cytypes.h"
  18:Generated_Source\PSoC5/pin_oled_mosi.c **** #include "pin_oled_mosi.h"
  19:Generated_Source\PSoC5/pin_oled_mosi.c **** 
  20:Generated_Source\PSoC5/pin_oled_mosi.c **** /* APIs are not generated for P15[7:6] on PSoC 5 */
  21:Generated_Source\PSoC5/pin_oled_mosi.c **** #if !(CY_PSOC5A &&\
  22:Generated_Source\PSoC5/pin_oled_mosi.c **** 	 pin_oled_mosi__PORT == 15 && ((pin_oled_mosi__MASK & 0xC0) != 0))
  23:Generated_Source\PSoC5/pin_oled_mosi.c **** 
  24:Generated_Source\PSoC5/pin_oled_mosi.c **** 
  25:Generated_Source\PSoC5/pin_oled_mosi.c **** /*******************************************************************************
  26:Generated_Source\PSoC5/pin_oled_mosi.c **** * Function Name: pin_oled_mosi_Write
  27:Generated_Source\PSoC5/pin_oled_mosi.c **** ****************************************************************************//**
  28:Generated_Source\PSoC5/pin_oled_mosi.c **** *
  29:Generated_Source\PSoC5/pin_oled_mosi.c **** * \brief Writes the value to the physical port (data output register), masking
  30:Generated_Source\PSoC5/pin_oled_mosi.c **** *  and shifting the bits appropriately. 
  31:Generated_Source\PSoC5/pin_oled_mosi.c **** *
  32:Generated_Source\PSoC5/pin_oled_mosi.c **** * The data output register controls the signal applied to the physical pin in 
  33:Generated_Source\PSoC5/pin_oled_mosi.c **** * conjunction with the drive mode parameter. This function avoids changing 
  34:Generated_Source\PSoC5/pin_oled_mosi.c **** * other bits in the port by using the appropriate method (read-modify-write or
  35:Generated_Source\PSoC5/pin_oled_mosi.c **** * bit banding).
  36:Generated_Source\PSoC5/pin_oled_mosi.c **** *
  37:Generated_Source\PSoC5/pin_oled_mosi.c **** * <b>Note</b> This function should not be used on a hardware digital output pin 
  38:Generated_Source\PSoC5/pin_oled_mosi.c **** * as it is driven by the hardware signal attached to it.
  39:Generated_Source\PSoC5/pin_oled_mosi.c **** *
  40:Generated_Source\PSoC5/pin_oled_mosi.c **** * \param value
  41:Generated_Source\PSoC5/pin_oled_mosi.c **** *  Value to write to the component instance.
  42:Generated_Source\PSoC5/pin_oled_mosi.c **** *
  43:Generated_Source\PSoC5/pin_oled_mosi.c **** * \return 
  44:Generated_Source\PSoC5/pin_oled_mosi.c **** *  None 
  45:Generated_Source\PSoC5/pin_oled_mosi.c **** *
  46:Generated_Source\PSoC5/pin_oled_mosi.c **** * \sideeffect
  47:Generated_Source\PSoC5/pin_oled_mosi.c **** *  If you use read-modify-write operations that are not atomic; the Interrupt 
  48:Generated_Source\PSoC5/pin_oled_mosi.c **** *  Service Routines (ISR) can cause corruption of this function. An ISR that 
  49:Generated_Source\PSoC5/pin_oled_mosi.c **** *  interrupts this function and performs writes to the Pins component data 
  50:Generated_Source\PSoC5/pin_oled_mosi.c **** *  register can cause corrupted port data. To avoid this issue, you should 
  51:Generated_Source\PSoC5/pin_oled_mosi.c **** *  either use the Per-Pin APIs (primary method) or disable interrupts around 
  52:Generated_Source\PSoC5/pin_oled_mosi.c **** *  this function.
  53:Generated_Source\PSoC5/pin_oled_mosi.c **** *
  54:Generated_Source\PSoC5/pin_oled_mosi.c **** * \funcusage
  55:Generated_Source\PSoC5/pin_oled_mosi.c **** *  \snippet pin_oled_mosi_SUT.c usage_pin_oled_mosi_Write
  56:Generated_Source\PSoC5/pin_oled_mosi.c **** *******************************************************************************/
  57:Generated_Source\PSoC5/pin_oled_mosi.c **** void pin_oled_mosi_Write(uint8 value)
  58:Generated_Source\PSoC5/pin_oled_mosi.c **** {
 228              		.loc 1 58 0
 229              		.cfi_startproc
 230              		@ args = 0, pretend = 0, frame = 0
 231              		@ frame_needed = 0, uses_anonymous_args = 0
 232              		@ link register save eliminated.
 233              	.LVL0:
  59:Generated_Source\PSoC5/pin_oled_mosi.c ****     uint8 staticBits = (pin_oled_mosi_DR & (uint8)(~pin_oled_mosi_MASK));
 234              		.loc 1 59 0
 235 0000 044A     		ldr	r2, .L2
 236 0002 1378     		ldrb	r3, [r2]	@ zero_extendqisi2
ARM GAS  C:\Users\info\AppData\Local\Temp\ccrdghQK.s 			page 16


 237 0004 03F0F703 		and	r3, r3, #247
 238              	.LVL1:
  60:Generated_Source\PSoC5/pin_oled_mosi.c ****     pin_oled_mosi_DR = staticBits | ((uint8)(value << pin_oled_mosi_SHIFT) & pin_oled_mosi_MASK);
 239              		.loc 1 60 0
 240 0008 C000     		lsls	r0, r0, #3
 241              	.LVL2:
 242 000a 00F00800 		and	r0, r0, #8
 243 000e 1843     		orrs	r0, r0, r3
 244 0010 1070     		strb	r0, [r2]
 245 0012 7047     		bx	lr
 246              	.L3:
 247              		.align	2
 248              	.L2:
 249 0014 C0510040 		.word	1073762752
 250              		.cfi_endproc
 251              	.LFE0:
 252              		.size	pin_oled_mosi_Write, .-pin_oled_mosi_Write
 253              		.section	.text.pin_oled_mosi_SetDriveMode,"ax",%progbits
 254              		.align	2
 255              		.global	pin_oled_mosi_SetDriveMode
 256              		.thumb
 257              		.thumb_func
 258              		.type	pin_oled_mosi_SetDriveMode, %function
 259              	pin_oled_mosi_SetDriveMode:
 260              	.LFB1:
  61:Generated_Source\PSoC5/pin_oled_mosi.c **** }
  62:Generated_Source\PSoC5/pin_oled_mosi.c **** 
  63:Generated_Source\PSoC5/pin_oled_mosi.c **** 
  64:Generated_Source\PSoC5/pin_oled_mosi.c **** /*******************************************************************************
  65:Generated_Source\PSoC5/pin_oled_mosi.c **** * Function Name: pin_oled_mosi_SetDriveMode
  66:Generated_Source\PSoC5/pin_oled_mosi.c **** ****************************************************************************//**
  67:Generated_Source\PSoC5/pin_oled_mosi.c **** *
  68:Generated_Source\PSoC5/pin_oled_mosi.c **** * \brief Sets the drive mode for each of the Pins component's pins.
  69:Generated_Source\PSoC5/pin_oled_mosi.c **** * 
  70:Generated_Source\PSoC5/pin_oled_mosi.c **** * <b>Note</b> This affects all pins in the Pins component instance. Use the
  71:Generated_Source\PSoC5/pin_oled_mosi.c **** * Per-Pin APIs if you wish to control individual pin's drive modes.
  72:Generated_Source\PSoC5/pin_oled_mosi.c **** *
  73:Generated_Source\PSoC5/pin_oled_mosi.c **** * \param mode
  74:Generated_Source\PSoC5/pin_oled_mosi.c **** *  Mode for the selected signals. Valid options are documented in 
  75:Generated_Source\PSoC5/pin_oled_mosi.c **** *  \ref driveMode.
  76:Generated_Source\PSoC5/pin_oled_mosi.c **** *
  77:Generated_Source\PSoC5/pin_oled_mosi.c **** * \return
  78:Generated_Source\PSoC5/pin_oled_mosi.c **** *  None
  79:Generated_Source\PSoC5/pin_oled_mosi.c **** *
  80:Generated_Source\PSoC5/pin_oled_mosi.c **** * \sideeffect
  81:Generated_Source\PSoC5/pin_oled_mosi.c **** *  If you use read-modify-write operations that are not atomic, the ISR can
  82:Generated_Source\PSoC5/pin_oled_mosi.c **** *  cause corruption of this function. An ISR that interrupts this function 
  83:Generated_Source\PSoC5/pin_oled_mosi.c **** *  and performs writes to the Pins component Drive Mode registers can cause 
  84:Generated_Source\PSoC5/pin_oled_mosi.c **** *  corrupted port data. To avoid this issue, you should either use the Per-Pin
  85:Generated_Source\PSoC5/pin_oled_mosi.c **** *  APIs (primary method) or disable interrupts around this function.
  86:Generated_Source\PSoC5/pin_oled_mosi.c **** *
  87:Generated_Source\PSoC5/pin_oled_mosi.c **** * \funcusage
  88:Generated_Source\PSoC5/pin_oled_mosi.c **** *  \snippet pin_oled_mosi_SUT.c usage_pin_oled_mosi_SetDriveMode
  89:Generated_Source\PSoC5/pin_oled_mosi.c **** *******************************************************************************/
  90:Generated_Source\PSoC5/pin_oled_mosi.c **** void pin_oled_mosi_SetDriveMode(uint8 mode)
  91:Generated_Source\PSoC5/pin_oled_mosi.c **** {
 261              		.loc 1 91 0
ARM GAS  C:\Users\info\AppData\Local\Temp\ccrdghQK.s 			page 17


 262              		.cfi_startproc
 263              		@ args = 0, pretend = 0, frame = 0
 264              		@ frame_needed = 0, uses_anonymous_args = 0
 265              		@ link register save eliminated.
 266              	.LVL3:
  92:Generated_Source\PSoC5/pin_oled_mosi.c **** 	CyPins_SetPinDriveMode(pin_oled_mosi_0, mode);
 267              		.loc 1 92 0
 268 0000 044A     		ldr	r2, .L5
 269 0002 1378     		ldrb	r3, [r2]	@ zero_extendqisi2
 270 0004 03F0F103 		and	r3, r3, #241
 271 0008 00F00E00 		and	r0, r0, #14
 272              	.LVL4:
 273 000c 1843     		orrs	r0, r0, r3
 274 000e 1070     		strb	r0, [r2]
 275 0010 7047     		bx	lr
 276              	.L6:
 277 0012 00BF     		.align	2
 278              	.L5:
 279 0014 63500040 		.word	1073762403
 280              		.cfi_endproc
 281              	.LFE1:
 282              		.size	pin_oled_mosi_SetDriveMode, .-pin_oled_mosi_SetDriveMode
 283              		.section	.text.pin_oled_mosi_Read,"ax",%progbits
 284              		.align	2
 285              		.global	pin_oled_mosi_Read
 286              		.thumb
 287              		.thumb_func
 288              		.type	pin_oled_mosi_Read, %function
 289              	pin_oled_mosi_Read:
 290              	.LFB2:
  93:Generated_Source\PSoC5/pin_oled_mosi.c **** }
  94:Generated_Source\PSoC5/pin_oled_mosi.c **** 
  95:Generated_Source\PSoC5/pin_oled_mosi.c **** 
  96:Generated_Source\PSoC5/pin_oled_mosi.c **** /*******************************************************************************
  97:Generated_Source\PSoC5/pin_oled_mosi.c **** * Function Name: pin_oled_mosi_Read
  98:Generated_Source\PSoC5/pin_oled_mosi.c **** ****************************************************************************//**
  99:Generated_Source\PSoC5/pin_oled_mosi.c **** *
 100:Generated_Source\PSoC5/pin_oled_mosi.c **** * \brief Reads the associated physical port (pin status register) and masks 
 101:Generated_Source\PSoC5/pin_oled_mosi.c **** *  the required bits according to the width and bit position of the component
 102:Generated_Source\PSoC5/pin_oled_mosi.c **** *  instance. 
 103:Generated_Source\PSoC5/pin_oled_mosi.c **** *
 104:Generated_Source\PSoC5/pin_oled_mosi.c **** * The pin's status register returns the current logic level present on the 
 105:Generated_Source\PSoC5/pin_oled_mosi.c **** * physical pin.
 106:Generated_Source\PSoC5/pin_oled_mosi.c **** *
 107:Generated_Source\PSoC5/pin_oled_mosi.c **** * \return 
 108:Generated_Source\PSoC5/pin_oled_mosi.c **** *  The current value for the pins in the component as a right justified number.
 109:Generated_Source\PSoC5/pin_oled_mosi.c **** *
 110:Generated_Source\PSoC5/pin_oled_mosi.c **** * \funcusage
 111:Generated_Source\PSoC5/pin_oled_mosi.c **** *  \snippet pin_oled_mosi_SUT.c usage_pin_oled_mosi_Read  
 112:Generated_Source\PSoC5/pin_oled_mosi.c **** *******************************************************************************/
 113:Generated_Source\PSoC5/pin_oled_mosi.c **** uint8 pin_oled_mosi_Read(void)
 114:Generated_Source\PSoC5/pin_oled_mosi.c **** {
 291              		.loc 1 114 0
 292              		.cfi_startproc
 293              		@ args = 0, pretend = 0, frame = 0
 294              		@ frame_needed = 0, uses_anonymous_args = 0
 295              		@ link register save eliminated.
ARM GAS  C:\Users\info\AppData\Local\Temp\ccrdghQK.s 			page 18


 115:Generated_Source\PSoC5/pin_oled_mosi.c ****     return (pin_oled_mosi_PS & pin_oled_mosi_MASK) >> pin_oled_mosi_SHIFT;
 296              		.loc 1 115 0
 297 0000 024B     		ldr	r3, .L8
 298 0002 1878     		ldrb	r0, [r3]	@ zero_extendqisi2
 116:Generated_Source\PSoC5/pin_oled_mosi.c **** }
 299              		.loc 1 116 0
 300 0004 C0F3C000 		ubfx	r0, r0, #3, #1
 301 0008 7047     		bx	lr
 302              	.L9:
 303 000a 00BF     		.align	2
 304              	.L8:
 305 000c C1510040 		.word	1073762753
 306              		.cfi_endproc
 307              	.LFE2:
 308              		.size	pin_oled_mosi_Read, .-pin_oled_mosi_Read
 309              		.section	.text.pin_oled_mosi_ReadDataReg,"ax",%progbits
 310              		.align	2
 311              		.global	pin_oled_mosi_ReadDataReg
 312              		.thumb
 313              		.thumb_func
 314              		.type	pin_oled_mosi_ReadDataReg, %function
 315              	pin_oled_mosi_ReadDataReg:
 316              	.LFB3:
 117:Generated_Source\PSoC5/pin_oled_mosi.c **** 
 118:Generated_Source\PSoC5/pin_oled_mosi.c **** 
 119:Generated_Source\PSoC5/pin_oled_mosi.c **** /*******************************************************************************
 120:Generated_Source\PSoC5/pin_oled_mosi.c **** * Function Name: pin_oled_mosi_ReadDataReg
 121:Generated_Source\PSoC5/pin_oled_mosi.c **** ****************************************************************************//**
 122:Generated_Source\PSoC5/pin_oled_mosi.c **** *
 123:Generated_Source\PSoC5/pin_oled_mosi.c **** * \brief Reads the associated physical port's data output register and masks 
 124:Generated_Source\PSoC5/pin_oled_mosi.c **** *  the correct bits according to the width and bit position of the component 
 125:Generated_Source\PSoC5/pin_oled_mosi.c **** *  instance. 
 126:Generated_Source\PSoC5/pin_oled_mosi.c **** *
 127:Generated_Source\PSoC5/pin_oled_mosi.c **** * The data output register controls the signal applied to the physical pin in 
 128:Generated_Source\PSoC5/pin_oled_mosi.c **** * conjunction with the drive mode parameter. This is not the same as the 
 129:Generated_Source\PSoC5/pin_oled_mosi.c **** * preferred pin_oled_mosi_Read() API because the 
 130:Generated_Source\PSoC5/pin_oled_mosi.c **** * pin_oled_mosi_ReadDataReg() reads the data register instead of the status 
 131:Generated_Source\PSoC5/pin_oled_mosi.c **** * register. For output pins this is a useful function to determine the value 
 132:Generated_Source\PSoC5/pin_oled_mosi.c **** * just written to the pin.
 133:Generated_Source\PSoC5/pin_oled_mosi.c **** *
 134:Generated_Source\PSoC5/pin_oled_mosi.c **** * \return 
 135:Generated_Source\PSoC5/pin_oled_mosi.c **** *  The current value of the data register masked and shifted into a right 
 136:Generated_Source\PSoC5/pin_oled_mosi.c **** *  justified number for the component instance.
 137:Generated_Source\PSoC5/pin_oled_mosi.c **** *
 138:Generated_Source\PSoC5/pin_oled_mosi.c **** * \funcusage
 139:Generated_Source\PSoC5/pin_oled_mosi.c **** *  \snippet pin_oled_mosi_SUT.c usage_pin_oled_mosi_ReadDataReg 
 140:Generated_Source\PSoC5/pin_oled_mosi.c **** *******************************************************************************/
 141:Generated_Source\PSoC5/pin_oled_mosi.c **** uint8 pin_oled_mosi_ReadDataReg(void)
 142:Generated_Source\PSoC5/pin_oled_mosi.c **** {
 317              		.loc 1 142 0
 318              		.cfi_startproc
 319              		@ args = 0, pretend = 0, frame = 0
 320              		@ frame_needed = 0, uses_anonymous_args = 0
 321              		@ link register save eliminated.
 143:Generated_Source\PSoC5/pin_oled_mosi.c ****     return (pin_oled_mosi_DR & pin_oled_mosi_MASK) >> pin_oled_mosi_SHIFT;
 322              		.loc 1 143 0
 323 0000 024B     		ldr	r3, .L11
ARM GAS  C:\Users\info\AppData\Local\Temp\ccrdghQK.s 			page 19


 324 0002 1878     		ldrb	r0, [r3]	@ zero_extendqisi2
 144:Generated_Source\PSoC5/pin_oled_mosi.c **** }
 325              		.loc 1 144 0
 326 0004 C0F3C000 		ubfx	r0, r0, #3, #1
 327 0008 7047     		bx	lr
 328              	.L12:
 329 000a 00BF     		.align	2
 330              	.L11:
 331 000c C0510040 		.word	1073762752
 332              		.cfi_endproc
 333              	.LFE3:
 334              		.size	pin_oled_mosi_ReadDataReg, .-pin_oled_mosi_ReadDataReg
 335              		.text
 336              	.Letext0:
 337              		.file 2 "Generated_Source\\PSoC5\\cytypes.h"
 338              		.section	.debug_info,"",%progbits
 339              	.Ldebug_info0:
 340 0000 1B010000 		.4byte	0x11b
 341 0004 0400     		.2byte	0x4
 342 0006 00000000 		.4byte	.Ldebug_abbrev0
 343 000a 04       		.byte	0x4
 344 000b 01       		.uleb128 0x1
 345 000c 24000000 		.4byte	.LASF20
 346 0010 0C       		.byte	0xc
 347 0011 BE010000 		.4byte	.LASF21
 348 0015 38010000 		.4byte	.LASF22
 349 0019 00000000 		.4byte	.Ldebug_ranges0+0
 350 001d 00000000 		.4byte	0
 351 0021 00000000 		.4byte	.Ldebug_line0
 352 0025 02       		.uleb128 0x2
 353 0026 01       		.byte	0x1
 354 0027 06       		.byte	0x6
 355 0028 2C020000 		.4byte	.LASF0
 356 002c 02       		.uleb128 0x2
 357 002d 01       		.byte	0x1
 358 002e 08       		.byte	0x8
 359 002f BE000000 		.4byte	.LASF1
 360 0033 02       		.uleb128 0x2
 361 0034 02       		.byte	0x2
 362 0035 05       		.byte	0x5
 363 0036 13020000 		.4byte	.LASF2
 364 003a 02       		.uleb128 0x2
 365 003b 02       		.byte	0x2
 366 003c 07       		.byte	0x7
 367 003d E3000000 		.4byte	.LASF3
 368 0041 02       		.uleb128 0x2
 369 0042 04       		.byte	0x4
 370 0043 05       		.byte	0x5
 371 0044 23020000 		.4byte	.LASF4
 372 0048 02       		.uleb128 0x2
 373 0049 04       		.byte	0x4
 374 004a 07       		.byte	0x7
 375 004b D1000000 		.4byte	.LASF5
 376 004f 02       		.uleb128 0x2
 377 0050 08       		.byte	0x8
 378 0051 05       		.byte	0x5
 379 0052 00020000 		.4byte	.LASF6
ARM GAS  C:\Users\info\AppData\Local\Temp\ccrdghQK.s 			page 20


 380 0056 02       		.uleb128 0x2
 381 0057 08       		.byte	0x8
 382 0058 07       		.byte	0x7
 383 0059 A2010000 		.4byte	.LASF7
 384 005d 03       		.uleb128 0x3
 385 005e 04       		.byte	0x4
 386 005f 05       		.byte	0x5
 387 0060 696E7400 		.ascii	"int\000"
 388 0064 02       		.uleb128 0x2
 389 0065 04       		.byte	0x4
 390 0066 07       		.byte	0x7
 391 0067 2B010000 		.4byte	.LASF8
 392 006b 04       		.uleb128 0x4
 393 006c 1D020000 		.4byte	.LASF12
 394 0070 02       		.byte	0x2
 395 0071 E401     		.2byte	0x1e4
 396 0073 2C000000 		.4byte	0x2c
 397 0077 02       		.uleb128 0x2
 398 0078 04       		.byte	0x4
 399 0079 04       		.byte	0x4
 400 007a B8000000 		.4byte	.LASF9
 401 007e 02       		.uleb128 0x2
 402 007f 08       		.byte	0x8
 403 0080 04       		.byte	0x4
 404 0081 0A010000 		.4byte	.LASF10
 405 0085 02       		.uleb128 0x2
 406 0086 01       		.byte	0x1
 407 0087 08       		.byte	0x8
 408 0088 0E020000 		.4byte	.LASF11
 409 008c 04       		.uleb128 0x4
 410 008d CC000000 		.4byte	.LASF13
 411 0091 02       		.byte	0x2
 412 0092 8E02     		.2byte	0x28e
 413 0094 98000000 		.4byte	0x98
 414 0098 05       		.uleb128 0x5
 415 0099 6B000000 		.4byte	0x6b
 416 009d 06       		.uleb128 0x6
 417 009e F6000000 		.4byte	.LASF14
 418 00a2 01       		.byte	0x1
 419 00a3 39       		.byte	0x39
 420 00a4 00000000 		.4byte	.LFB0
 421 00a8 18000000 		.4byte	.LFE0-.LFB0
 422 00ac 01       		.uleb128 0x1
 423 00ad 9C       		.byte	0x9c
 424 00ae CF000000 		.4byte	0xcf
 425 00b2 07       		.uleb128 0x7
 426 00b3 00000000 		.4byte	.LASF16
 427 00b7 01       		.byte	0x1
 428 00b8 39       		.byte	0x39
 429 00b9 6B000000 		.4byte	0x6b
 430 00bd 00000000 		.4byte	.LLST0
 431 00c1 08       		.uleb128 0x8
 432 00c2 06000000 		.4byte	.LASF23
 433 00c6 01       		.byte	0x1
 434 00c7 3B       		.byte	0x3b
 435 00c8 6B000000 		.4byte	0x6b
 436 00cc 01       		.uleb128 0x1
ARM GAS  C:\Users\info\AppData\Local\Temp\ccrdghQK.s 			page 21


 437 00cd 53       		.byte	0x53
 438 00ce 00       		.byte	0
 439 00cf 06       		.uleb128 0x6
 440 00d0 E5010000 		.4byte	.LASF15
 441 00d4 01       		.byte	0x1
 442 00d5 5A       		.byte	0x5a
 443 00d6 00000000 		.4byte	.LFB1
 444 00da 18000000 		.4byte	.LFE1-.LFB1
 445 00de 01       		.uleb128 0x1
 446 00df 9C       		.byte	0x9c
 447 00e0 F4000000 		.4byte	0xf4
 448 00e4 07       		.uleb128 0x7
 449 00e5 B9010000 		.4byte	.LASF17
 450 00e9 01       		.byte	0x1
 451 00ea 5A       		.byte	0x5a
 452 00eb 6B000000 		.4byte	0x6b
 453 00ef 21000000 		.4byte	.LLST1
 454 00f3 00       		.byte	0
 455 00f4 09       		.uleb128 0x9
 456 00f5 11000000 		.4byte	.LASF18
 457 00f9 01       		.byte	0x1
 458 00fa 71       		.byte	0x71
 459 00fb 6B000000 		.4byte	0x6b
 460 00ff 00000000 		.4byte	.LFB2
 461 0103 10000000 		.4byte	.LFE2-.LFB2
 462 0107 01       		.uleb128 0x1
 463 0108 9C       		.byte	0x9c
 464 0109 09       		.uleb128 0x9
 465 010a 11010000 		.4byte	.LASF19
 466 010e 01       		.byte	0x1
 467 010f 8D       		.byte	0x8d
 468 0110 6B000000 		.4byte	0x6b
 469 0114 00000000 		.4byte	.LFB3
 470 0118 10000000 		.4byte	.LFE3-.LFB3
 471 011c 01       		.uleb128 0x1
 472 011d 9C       		.byte	0x9c
 473 011e 00       		.byte	0
 474              		.section	.debug_abbrev,"",%progbits
 475              	.Ldebug_abbrev0:
 476 0000 01       		.uleb128 0x1
 477 0001 11       		.uleb128 0x11
 478 0002 01       		.byte	0x1
 479 0003 25       		.uleb128 0x25
 480 0004 0E       		.uleb128 0xe
 481 0005 13       		.uleb128 0x13
 482 0006 0B       		.uleb128 0xb
 483 0007 03       		.uleb128 0x3
 484 0008 0E       		.uleb128 0xe
 485 0009 1B       		.uleb128 0x1b
 486 000a 0E       		.uleb128 0xe
 487 000b 55       		.uleb128 0x55
 488 000c 17       		.uleb128 0x17
 489 000d 11       		.uleb128 0x11
 490 000e 01       		.uleb128 0x1
 491 000f 10       		.uleb128 0x10
 492 0010 17       		.uleb128 0x17
 493 0011 00       		.byte	0
ARM GAS  C:\Users\info\AppData\Local\Temp\ccrdghQK.s 			page 22


 494 0012 00       		.byte	0
 495 0013 02       		.uleb128 0x2
 496 0014 24       		.uleb128 0x24
 497 0015 00       		.byte	0
 498 0016 0B       		.uleb128 0xb
 499 0017 0B       		.uleb128 0xb
 500 0018 3E       		.uleb128 0x3e
 501 0019 0B       		.uleb128 0xb
 502 001a 03       		.uleb128 0x3
 503 001b 0E       		.uleb128 0xe
 504 001c 00       		.byte	0
 505 001d 00       		.byte	0
 506 001e 03       		.uleb128 0x3
 507 001f 24       		.uleb128 0x24
 508 0020 00       		.byte	0
 509 0021 0B       		.uleb128 0xb
 510 0022 0B       		.uleb128 0xb
 511 0023 3E       		.uleb128 0x3e
 512 0024 0B       		.uleb128 0xb
 513 0025 03       		.uleb128 0x3
 514 0026 08       		.uleb128 0x8
 515 0027 00       		.byte	0
 516 0028 00       		.byte	0
 517 0029 04       		.uleb128 0x4
 518 002a 16       		.uleb128 0x16
 519 002b 00       		.byte	0
 520 002c 03       		.uleb128 0x3
 521 002d 0E       		.uleb128 0xe
 522 002e 3A       		.uleb128 0x3a
 523 002f 0B       		.uleb128 0xb
 524 0030 3B       		.uleb128 0x3b
 525 0031 05       		.uleb128 0x5
 526 0032 49       		.uleb128 0x49
 527 0033 13       		.uleb128 0x13
 528 0034 00       		.byte	0
 529 0035 00       		.byte	0
 530 0036 05       		.uleb128 0x5
 531 0037 35       		.uleb128 0x35
 532 0038 00       		.byte	0
 533 0039 49       		.uleb128 0x49
 534 003a 13       		.uleb128 0x13
 535 003b 00       		.byte	0
 536 003c 00       		.byte	0
 537 003d 06       		.uleb128 0x6
 538 003e 2E       		.uleb128 0x2e
 539 003f 01       		.byte	0x1
 540 0040 3F       		.uleb128 0x3f
 541 0041 19       		.uleb128 0x19
 542 0042 03       		.uleb128 0x3
 543 0043 0E       		.uleb128 0xe
 544 0044 3A       		.uleb128 0x3a
 545 0045 0B       		.uleb128 0xb
 546 0046 3B       		.uleb128 0x3b
 547 0047 0B       		.uleb128 0xb
 548 0048 27       		.uleb128 0x27
 549 0049 19       		.uleb128 0x19
 550 004a 11       		.uleb128 0x11
ARM GAS  C:\Users\info\AppData\Local\Temp\ccrdghQK.s 			page 23


 551 004b 01       		.uleb128 0x1
 552 004c 12       		.uleb128 0x12
 553 004d 06       		.uleb128 0x6
 554 004e 40       		.uleb128 0x40
 555 004f 18       		.uleb128 0x18
 556 0050 9742     		.uleb128 0x2117
 557 0052 19       		.uleb128 0x19
 558 0053 01       		.uleb128 0x1
 559 0054 13       		.uleb128 0x13
 560 0055 00       		.byte	0
 561 0056 00       		.byte	0
 562 0057 07       		.uleb128 0x7
 563 0058 05       		.uleb128 0x5
 564 0059 00       		.byte	0
 565 005a 03       		.uleb128 0x3
 566 005b 0E       		.uleb128 0xe
 567 005c 3A       		.uleb128 0x3a
 568 005d 0B       		.uleb128 0xb
 569 005e 3B       		.uleb128 0x3b
 570 005f 0B       		.uleb128 0xb
 571 0060 49       		.uleb128 0x49
 572 0061 13       		.uleb128 0x13
 573 0062 02       		.uleb128 0x2
 574 0063 17       		.uleb128 0x17
 575 0064 00       		.byte	0
 576 0065 00       		.byte	0
 577 0066 08       		.uleb128 0x8
 578 0067 34       		.uleb128 0x34
 579 0068 00       		.byte	0
 580 0069 03       		.uleb128 0x3
 581 006a 0E       		.uleb128 0xe
 582 006b 3A       		.uleb128 0x3a
 583 006c 0B       		.uleb128 0xb
 584 006d 3B       		.uleb128 0x3b
 585 006e 0B       		.uleb128 0xb
 586 006f 49       		.uleb128 0x49
 587 0070 13       		.uleb128 0x13
 588 0071 02       		.uleb128 0x2
 589 0072 18       		.uleb128 0x18
 590 0073 00       		.byte	0
 591 0074 00       		.byte	0
 592 0075 09       		.uleb128 0x9
 593 0076 2E       		.uleb128 0x2e
 594 0077 00       		.byte	0
 595 0078 3F       		.uleb128 0x3f
 596 0079 19       		.uleb128 0x19
 597 007a 03       		.uleb128 0x3
 598 007b 0E       		.uleb128 0xe
 599 007c 3A       		.uleb128 0x3a
 600 007d 0B       		.uleb128 0xb
 601 007e 3B       		.uleb128 0x3b
 602 007f 0B       		.uleb128 0xb
 603 0080 27       		.uleb128 0x27
 604 0081 19       		.uleb128 0x19
 605 0082 49       		.uleb128 0x49
 606 0083 13       		.uleb128 0x13
 607 0084 11       		.uleb128 0x11
ARM GAS  C:\Users\info\AppData\Local\Temp\ccrdghQK.s 			page 24


 608 0085 01       		.uleb128 0x1
 609 0086 12       		.uleb128 0x12
 610 0087 06       		.uleb128 0x6
 611 0088 40       		.uleb128 0x40
 612 0089 18       		.uleb128 0x18
 613 008a 9742     		.uleb128 0x2117
 614 008c 19       		.uleb128 0x19
 615 008d 00       		.byte	0
 616 008e 00       		.byte	0
 617 008f 00       		.byte	0
 618              		.section	.debug_loc,"",%progbits
 619              	.Ldebug_loc0:
 620              	.LLST0:
 621 0000 00000000 		.4byte	.LVL0
 622 0004 0A000000 		.4byte	.LVL2
 623 0008 0100     		.2byte	0x1
 624 000a 50       		.byte	0x50
 625 000b 0A000000 		.4byte	.LVL2
 626 000f 18000000 		.4byte	.LFE0
 627 0013 0400     		.2byte	0x4
 628 0015 F3       		.byte	0xf3
 629 0016 01       		.uleb128 0x1
 630 0017 50       		.byte	0x50
 631 0018 9F       		.byte	0x9f
 632 0019 00000000 		.4byte	0
 633 001d 00000000 		.4byte	0
 634              	.LLST1:
 635 0021 00000000 		.4byte	.LVL3
 636 0025 0C000000 		.4byte	.LVL4
 637 0029 0100     		.2byte	0x1
 638 002b 50       		.byte	0x50
 639 002c 0C000000 		.4byte	.LVL4
 640 0030 18000000 		.4byte	.LFE1
 641 0034 0400     		.2byte	0x4
 642 0036 F3       		.byte	0xf3
 643 0037 01       		.uleb128 0x1
 644 0038 50       		.byte	0x50
 645 0039 9F       		.byte	0x9f
 646 003a 00000000 		.4byte	0
 647 003e 00000000 		.4byte	0
 648              		.section	.debug_aranges,"",%progbits
 649 0000 34000000 		.4byte	0x34
 650 0004 0200     		.2byte	0x2
 651 0006 00000000 		.4byte	.Ldebug_info0
 652 000a 04       		.byte	0x4
 653 000b 00       		.byte	0
 654 000c 0000     		.2byte	0
 655 000e 0000     		.2byte	0
 656 0010 00000000 		.4byte	.LFB0
 657 0014 18000000 		.4byte	.LFE0-.LFB0
 658 0018 00000000 		.4byte	.LFB1
 659 001c 18000000 		.4byte	.LFE1-.LFB1
 660 0020 00000000 		.4byte	.LFB2
 661 0024 10000000 		.4byte	.LFE2-.LFB2
 662 0028 00000000 		.4byte	.LFB3
 663 002c 10000000 		.4byte	.LFE3-.LFB3
 664 0030 00000000 		.4byte	0
ARM GAS  C:\Users\info\AppData\Local\Temp\ccrdghQK.s 			page 25


 665 0034 00000000 		.4byte	0
 666              		.section	.debug_ranges,"",%progbits
 667              	.Ldebug_ranges0:
 668 0000 00000000 		.4byte	.LFB0
 669 0004 18000000 		.4byte	.LFE0
 670 0008 00000000 		.4byte	.LFB1
 671 000c 18000000 		.4byte	.LFE1
 672 0010 00000000 		.4byte	.LFB2
 673 0014 10000000 		.4byte	.LFE2
 674 0018 00000000 		.4byte	.LFB3
 675 001c 10000000 		.4byte	.LFE3
 676 0020 00000000 		.4byte	0
 677 0024 00000000 		.4byte	0
 678              		.section	.debug_line,"",%progbits
 679              	.Ldebug_line0:
 680 0000 96000000 		.section	.debug_str,"MS",%progbits,1
 680      02004A00 
 680      00000201 
 680      FB0E0D00 
 680      01010101 
 681              	.LASF16:
 682 0000 76616C75 		.ascii	"value\000"
 682      6500
 683              	.LASF23:
 684 0006 73746174 		.ascii	"staticBits\000"
 684      69634269 
 684      747300
 685              	.LASF18:
 686 0011 70696E5F 		.ascii	"pin_oled_mosi_Read\000"
 686      6F6C6564 
 686      5F6D6F73 
 686      695F5265 
 686      616400
 687              	.LASF20:
 688 0024 474E5520 		.ascii	"GNU C11 5.4.1 20160609 (release) [ARM/embedded-5-br"
 688      43313120 
 688      352E342E 
 688      31203230 
 688      31363036 
 689 0057 616E6368 		.ascii	"anch revision 237715] -mcpu=cortex-m3 -mthumb -g -O"
 689      20726576 
 689      6973696F 
 689      6E203233 
 689      37373135 
 690 008a 67202D66 		.ascii	"g -ffunction-sections -ffat-lto-objects -flto\000"
 690      66756E63 
 690      74696F6E 
 690      2D736563 
 690      74696F6E 
 691              	.LASF9:
 692 00b8 666C6F61 		.ascii	"float\000"
 692      7400
 693              	.LASF1:
 694 00be 756E7369 		.ascii	"unsigned char\000"
 694      676E6564 
 694      20636861 
 694      7200
ARM GAS  C:\Users\info\AppData\Local\Temp\ccrdghQK.s 			page 26


 695              	.LASF13:
 696 00cc 72656738 		.ascii	"reg8\000"
 696      00
 697              	.LASF5:
 698 00d1 6C6F6E67 		.ascii	"long unsigned int\000"
 698      20756E73 
 698      69676E65 
 698      6420696E 
 698      7400
 699              	.LASF3:
 700 00e3 73686F72 		.ascii	"short unsigned int\000"
 700      7420756E 
 700      7369676E 
 700      65642069 
 700      6E7400
 701              	.LASF14:
 702 00f6 70696E5F 		.ascii	"pin_oled_mosi_Write\000"
 702      6F6C6564 
 702      5F6D6F73 
 702      695F5772 
 702      69746500 
 703              	.LASF10:
 704 010a 646F7562 		.ascii	"double\000"
 704      6C6500
 705              	.LASF19:
 706 0111 70696E5F 		.ascii	"pin_oled_mosi_ReadDataReg\000"
 706      6F6C6564 
 706      5F6D6F73 
 706      695F5265 
 706      61644461 
 707              	.LASF8:
 708 012b 756E7369 		.ascii	"unsigned int\000"
 708      676E6564 
 708      20696E74 
 708      00
 709              	.LASF22:
 710 0138 433A5C55 		.ascii	"C:\\Users\\info\\Desktop\\Spring 2019 Classes\\6.11"
 710      73657273 
 710      5C696E66 
 710      6F5C4465 
 710      736B746F 
 711 0166 355C362E 		.ascii	"5\\6.115-final\\PSoCCreator\\Final Project\\FinalEm"
 711      3131352D 
 711      66696E61 
 711      6C5C5053 
 711      6F434372 
 712 0195 756C6174 		.ascii	"ulator.cydsn\000"
 712      6F722E63 
 712      7964736E 
 712      00
 713              	.LASF7:
 714 01a2 6C6F6E67 		.ascii	"long long unsigned int\000"
 714      206C6F6E 
 714      6720756E 
 714      7369676E 
 714      65642069 
 715              	.LASF17:
ARM GAS  C:\Users\info\AppData\Local\Temp\ccrdghQK.s 			page 27


 716 01b9 6D6F6465 		.ascii	"mode\000"
 716      00
 717              	.LASF21:
 718 01be 47656E65 		.ascii	"Generated_Source\\PSoC5\\pin_oled_mosi.c\000"
 718      72617465 
 718      645F536F 
 718      75726365 
 718      5C50536F 
 719              	.LASF15:
 720 01e5 70696E5F 		.ascii	"pin_oled_mosi_SetDriveMode\000"
 720      6F6C6564 
 720      5F6D6F73 
 720      695F5365 
 720      74447269 
 721              	.LASF6:
 722 0200 6C6F6E67 		.ascii	"long long int\000"
 722      206C6F6E 
 722      6720696E 
 722      7400
 723              	.LASF11:
 724 020e 63686172 		.ascii	"char\000"
 724      00
 725              	.LASF2:
 726 0213 73686F72 		.ascii	"short int\000"
 726      7420696E 
 726      7400
 727              	.LASF12:
 728 021d 75696E74 		.ascii	"uint8\000"
 728      3800
 729              	.LASF4:
 730 0223 6C6F6E67 		.ascii	"long int\000"
 730      20696E74 
 730      00
 731              	.LASF0:
 732 022c 7369676E 		.ascii	"signed char\000"
 732      65642063 
 732      68617200 
 733              		.comm	__gnu_lto_v1,1,1
 734              		.ident	"GCC: (GNU Tools for ARM Embedded Processors) 5.4.1 20160609 (release) [ARM/embedded-5-bran
