ARM GAS  C:\Users\info\AppData\Local\Temp\ccy2SbM2.s 			page 1


   1              		.syntax unified
   2              		.cpu cortex-m3
   3              		.fpu softvfp
   4              		.eabi_attribute 20, 1
   5              		.eabi_attribute 21, 1
   6              		.eabi_attribute 23, 3
   7              		.eabi_attribute 24, 1
   8              		.eabi_attribute 25, 1
   9              		.eabi_attribute 26, 1
  10              		.eabi_attribute 30, 1
  11              		.eabi_attribute 34, 1
  12              		.eabi_attribute 18, 4
  13              		.thumb
  14              		.syntax unified
  15              		.file	"pin_led.c"
  16              		.text
  17              	.Ltext0:
  18              		.section	.gnu.lto_.profile.792a7df5,"",%progbits
  19 0000 789C6361 		.ascii	"x\234ca`d`a`\000\222\222\242\000\000\261\0009"
  19      60646061 
  19      60009292 
  19      A20000B1 
  19      0039
  20              		.text
  21              		.section	.gnu.lto_.inline.792a7df5,"",%progbits
  22 0000 789C6361 		.ascii	"x\234ca`d\000\001?\006\004`a`\340\344`d`\342y\020\313"
  22      60640001 
  22      3F060460 
  22      6160E0E4 
  22      606460E2 
  23 0017 C0B6409E 		.ascii	"\300\266@\236\011$\306\310\300\301\016\024\342\232\340"
  23      0924C6C8 
  23      C0C10E14 
  23      E29AE0
  24 0026 07176262 		.ascii	"\007\027bb`c\005\012\261}\320\203\0131c\0121\000\000"
  24      6063050A 
  24      B17DD083 
  24      0B31630A 
  24      310000
  25 0039 537C0835 		.ascii	"S|\0105"
  26              		.text
  27              		.section	.gnu.lto_.jmpfuncs.792a7df5,"",%progbits
  28 0000 789C6361 		.ascii	"x\234ca`d\000\001>\006\004`\001b\240(\023\003\0033\220"
  28      60640001 
  28      3E060460 
  28      0162A028 
  28      13030333 
  29 0015 05000292 		.ascii	"\005\000\002\222\000\036"
  29      001E
  30              		.text
  31              		.section	.gnu.lto_.pureconst.792a7df5,"",%progbits
  32 0000 789C6361 		.ascii	"x\234ca`d\340d```a\220b\224b\222b\226\002\000\002\261"
  32      6064E064 
  32      60606061 
  32      90629462 
  32      92629602 
  33 0017 0081     		.ascii	"\000\201"
ARM GAS  C:\Users\info\AppData\Local\Temp\ccy2SbM2.s 			page 2


  34              		.text
  35              		.section	.gnu.lto_pin_led_Write.792a7df5,"",%progbits
  36 0000 789C5551 		.ascii	"x\234UQ\317KTQ\024>\337\275\357\275\031\265\374\007"
  36      CF4B5451 
  36      143EDFBD 
  36      EFBD19B5 
  36      FC07
  37 0012 9A854122 		.ascii	"\232\205A\"\272\210\240\372\007j\3216t; \303\370\026"
  37      BA88A0FA 
  37      076AD136 
  37      743B20C3 
  37      F816
  38 0024 03A6A163 		.ascii	"\003\246\241c[\357\233q\336@\264p\223\266\321\011C\324"
  38      5BEF9B71 
  38      DE40B470 
  38      93B6D109 
  38      43D4
  39 0036 7E68569B 		.ascii	"~hV\233@\350\3610Z\004\005\341J\"b\026/\010\202\011"
  39      40E8F130 
  39      5A0405E1 
  39      4A226216 
  39      2F088209 
  40 004a 7A24954D 		.ascii	"z$\225M\347\334\267\311\003\367\307;\357\373\276\363"
  40      E7DCB7C9 
  40      03F7C73B 
  40      EFFBBEF3 
  41 005a 9D731D02 		.ascii	"\235s\035\002I\214(\242K|\236\341\005MP\213\357\210"
  41      498C28A2 
  41      4B7C9EE1 
  41      054D508B 
  41      EF88
  42 006c 82BC02E4 		.ascii	"\202\274\002\344b\362\240y\205y\244\352X!n&/\325\360"
  42      62F2A079 
  42      8579A4EA 
  42      58216E26 
  42      2FD5F0
  43 007f 86E1F8BC 		.ascii	"\206\341\370\274\276\252\315f\204\206&\352*\253D\330"
  43      BEAACD66 
  43      848626EA 
  43      2AAB44D8 
  44 008f C030A3BE 		.ascii	"\3000\243\276\3545\017\240\317\201\370\036\306i\247"
  44      EC350FA0 
  44      CF81F81E 
  44      C669A7
  45 009e 6F68DD98 		.ascii	"oh\335\230\2321i\321\350\206\0066\241\231\201\213\005"
  45      9A3169D1 
  45      E8860636 
  45      A199818B 
  45      05
  46 00af 5C281027 		.ascii	"\\(\020'\010[\030\022\360\321\341\301v\277\036\261\304"
  46      085B1812 
  46      F0D1E1C1 
  46      76BF1EB1 
  46      C4
  47 00c0 4593AC9D 		.ascii	"E\223\254\235\032| \304\350\347\215e\023\005\003\302"
  47      1A7C20C4 
  47      E8E78D65 
ARM GAS  C:\Users\info\AppData\Local\Temp\ccy2SbM2.s 			page 3


  47      130503C2 
  48 00d0 7DF83F57 		.ascii	"}\370?W\202\241\355\335\277wO{\013\342j\000\2170\230"
  48      82A1EDDD 
  48      BF774F7B 
  48      0BE26A00 
  48      8F3098
  49 00e3 F9C16378 		.ascii	"\371\301cx\334!$\2633\032\231n\267n\242\324Mu\217\342"
  49      DC2124B3 
  49      331A996E 
  49      B76EA2D4 
  49      4D758FE2 
  50 00f7 A28A3BE5 		.ascii	"\242\212;\345\037\016\244\266+\011O\266\234lD\035^\322"
  50      1F0EA4B6 
  50      2B094FB6 
  50      9C6C441D 
  50      5ED2
  51 0109 FD77A5E4 		.ascii	"\375w\245\344\324\011\342_\267?-\347D\263\256e\022K"
  51      D409E25F 
  51      B73F2DE7 
  51      44B3AE65 
  51      124B
  52 011b 8DF87DEE 		.ascii	"\215\370}\356\207jhm\335\276~\325\276\247\262\317\373"
  52      876A686D 
  52      DDBE7ED5 
  52      BEA7B2CF 
  52      FB
  53 012c 6B817138 		.ascii	"k\201q8\365\366p\265\326\337\302J\260\3003r\260\215"
  53      F5F670B5 
  53      D6DFC24A 
  53      B0C03372 
  53      B08D
  54 013e 029E803D 		.ascii	"\002\236\200=c\007-P\202\372\237\360#2A\235i\006\337"
  54      63072D50 
  54      82FA9FF0 
  54      2332419D 
  54      6906DF
  55 0151 C20F7911 		.ascii	"\302\017y\021\001\216\201\247\014nC\3316\330)\243\204"
  55      018E81A7 
  55      0C6E43D9 
  55      36D829A3 
  55      84
  56 0162 D4099366 		.ascii	"\324\011\223fO\306r\353Z\352\274\330\177\023Z\226\013"
  56      4FC672EB 
  56      5AEABCD8 
  56      7F135A96 
  56      0B
  57 0173 60974956 		.ascii	"`\227IVz_e \3011h\257ug\253W@\016+>\313@G^\006\311Y"
  57      7A5F6520 
  57      C13168AF 
  57      7567AB57 
  57      400E2B3E 
  58 018e 031EA7E2 		.ascii	"\003\036\247\342%k\350\204\371\300\230\276\223\376\237"
  58      256BE884 
  58      F9C098BE 
  58      93FE9F
  59 019d B37F66D1 		.ascii	"\263\177f\321W\324\242\337\256\020\354Ct\024dV<\271"
  59      57D4A2DF 
ARM GAS  C:\Users\info\AppData\Local\Temp\ccy2SbM2.s 			page 4


  59      AE10EC43 
  59      74146456 
  59      3CB9
  60 01af B3D7FC29 		.ascii	"\263\327\374)\177\246T\365'\306\307\246\347f\312~\361"
  60      7FA654F5 
  60      27C6C7A6 
  60      E766CA7E 
  60      F1
  61 01c0 FAD8F4D5 		.ascii	"\372\330\364\325\313\305\233\225\251\361I\177\342|\231"
  61      CBC59B95 
  61      A9F1497F 
  61      E27C99
  62 01cf DC5BA5C9 		.ascii	"\334[\245\3119\277w\266Z\252V\312W*\325\331\177\000"
  62      39BF77B6 
  62      5AAA56CA 
  62      572AD5D9 
  62      7F00
  63 01e1 76C20F   		.ascii	"v\302\017"
  64              		.text
  65              		.section	.gnu.lto_pin_led_SetDriveMode.792a7df5,"",%progbits
  66 0000 789C7D51 		.ascii	"x\234}Q;K#Q\024>\337\275\223\231\004_?\300\024\012\202"
  66      3B4B2351 
  66      143EDFBD 
  66      9399045F 
  66      3FC0140A 
  67 0015 DA8820FE 		.ascii	"\332\210 \376\002A[\321\326E\304L!\250Q\321\332\233"
  67      02415BD1 
  67      D645C44C 
  67      21A851D1 
  67      DA9B
  68 0027 C441701B 		.ascii	"\304Ap\033EL#\3526bv\343\023+\013!\006\264\324\316b"
  68      454C23EA 
  68      366276E3 
  68      132B0B21 
  68      06B4D4CE 
  69 003c 8B452C82 		.ascii	"\213E,\202\010J|\241\370\212\347\314l\221\312\313\334"
  69      084A7CA1 
  69      F88AE7CC 
  69      6C91CACB 
  69      DC
  70 004d F3F8F8BE 		.ascii	"\363\370\370\276\217s\356X\004\222s\305\251\211s-_h"
  70      8F73EE58 
  70      049273C5 
  70      A989732D 
  70      5F68
  71 005f 829A3F25 		.ascii	"\202\232?%J\204\025 \205\011\203\246\025\246\361\244"
  71      4A841520 
  71      850983A6 
  71      15A6F1A4 
  72 006f 3E14F2B3 		.ascii	">\024\362\263\205\003\325\274a\370\\\034\337\266\232"
  72      8503D5BC 
  72      61F85C1C 
  72      DFB69A
  73 007e 4C0E9E26 		.ascii	"L\016\236&*)\337\211\260\201ff=\354\257/V\350\006\020"
  73      2A29DF89 
  73      B0816666 
  73      3DECAF2F 
ARM GAS  C:\Users\info\AppData\Local\Temp\ccy2SbM2.s 			page 5


  73      56E80610 
  74 0092 D777A7C5 		.ascii	"\327w\247\305\177\325\215\353\306$\215Y\374a\264\247"
  74      7FD58DEB 
  74      C6248D59 
  74      FC61B4A7 
  75 00a2 810C342B 		.ascii	"\201\0144+\320\026Ek\224\030 \374F\243\220/\367>\227"
  75      D016456B 
  75      941820FC 
  75      46A3902F 
  75      F73E97
  76 00b5 AAEC19B1 		.ascii	"\252\354\031\261\257\013L\361\007\266\214\271\323\223"
  76      AF0B4CF1 
  76      07B68CB9 
  76      D393
  77 00c3 33A552CA 		.ascii	"3\245R\312\344\236\355\243W\273B\261Li\016\332\222\020"
  77      E49EEDA3 
  77      57BB42B1 
  77      4C690EDA 
  77      9210
  78 00d5 8238D852 		.ascii	"\2028\330R:\022\302\022\"\302!*\362\225E\356\224\222"
  78      3A12C212 
  78      22C2212A 
  78      F29545EE 
  78      9492
  79 00e7 AC0BC8BF 		.ascii	"\254\013\310\277\316\025\226-qNiY*\355\345\317\234G"
  79      CE15962D 
  79      714E6959 
  79      2AEDE5CF 
  79      9C47
  80 00f9 E569CB9F 		.ascii	"\345i\313\237\370pwo\2652h\027~%\214\305P\306;\312\326"
  80      F870776F 
  80      B5326817 
  80      7E258CC5 
  80      50C63BCA 
  81 010e AC612531 		.ascii	"\254a%1\303\353\206\260\211(\262\210\362t[X\003\025"
  81      C3EB86B0 
  81      8928B288 
  81      F2745B58 
  81      0315
  82 0120 90BC7702 		.ascii	"\220\274w\002;\315\216\334\247\336\355\240\267\030b"
  82      3BCD8EDC 
  82      A7DEEDA0 
  82      B71862
  83 012f FDDF939F 		.ascii	"\375\337\223\237\037\021\261\324\030\3076+\313$\374"
  83      1F11B1D4 
  83      18C7362B 
  83      CB24FC
  84 013e 85CA250E 		.ascii	"\205\312%\016C,\2719\317n\352@R\215\035_\222z\371O\011"
  84      432CB939 
  84      CF6EEA40 
  84      528D1D5F 
  84      927AF94F 
  85 0153 FBC64EB9 		.ascii	"\373\306N\271K\204Q\356\363iH\377\335\310\273<2\363"
  85      4B8451EE 
  85      F36948FF 
  85      DDC8BB3C 
  85      32F3
ARM GAS  C:\Users\info\AppData\Local\Temp\ccy2SbM2.s 			page 6


  86 0165 E91AC9DC 		.ascii	"\351\032\311\334[\247\260\375_WT\220\347\341\307\252"
  86      5BA7B0FD 
  86      5F575490 
  86      E7E1C7AA 
  87 0175 EF7247DD 		.ascii	"\357rG\335\211\201I7\326\337\033\237\232\030t\373\272"
  87      89814937 
  87      D6DF1B9F 
  87      9A1874FB 
  87      BA
  88 0186 7BE31DED 		.ascii	"{\343\035\355}cC\243\375\303n\254e\220\254\221x\314"
  88      7D6343A3 
  88      FDC36EAC 
  88      6590AC91 
  88      78CC
  89 0198 FD021732 		.ascii	"\375\002\0272\245d"
  89      A564
  90              		.text
  91              		.section	.gnu.lto_pin_led_Read.792a7df5,"",%progbits
  92 0000 789C3550 		.ascii	"x\2345P\315K\002A\024\177\277\231\325\225 \372\003\362"
  92      CD4B0241 
  92      147FBF99 
  92      D59520FA 
  92      03F2
  93 0012 5074F212 		.ascii	"Pt\362\022A\004\3215\250k$t\022$t\017AhH\235\035]W!"
  93      4104D135 
  93      A86B2474 
  93      1224740F 
  93      4168489D 
  94 002a 3A74A920 		.ascii	":t\251 (\251\010\355\213\010\372\00361\012\202\352\022"
  94      28A908ED 
  94      8B08FA03 
  94      36310A82 
  94      EA12
  95 003c 04414484 		.ascii	"\004AD\204\207N%\205 \325\366\246\245\201yo\346\315"
  95      874E2585 
  95      20D5F6A6 
  95      A581796F 
  95      E6CD
  96 004e EFE3BD31 		.ascii	"\357\343\2751\010\244\327\024\247>\316\335\274!\011"
  96      08A4D714 
  96      A73ECEDD 
  96      BC2109
  97 005d 62F99A28 		.ascii	"b\371\232(\027\022\200>\250\020(+\220\305\247\370\026"
  97      1712803E 
  97      A810282B 
  97      90C5A7F8 
  97      16
  98 006e B86A5D2E 		.ascii	"\270j].uD*J\345\325\323n{x\255\352\302\221D\236 \014"
  98      75442A4A 
  98      E5D5D36E 
  98      7B78ADEA 
  98      C291449E 
  99 0084 863110D6 		.ascii	"\2061\020\326\022\025D\210\241\317'?+\235\301\202\342"
  99      12154488 
  99      A1CF273F 
  99      2B9DC182 
  99      E2
ARM GAS  C:\Users\info\AppData\Local\Temp\ccy2SbM2.s 			page 7


 100 0095 D5A301FC 		.ascii	"\325\243\001\374REP[\036O\272\312\363l\345\336\231g"
 100      5245505B 
 100      1E4FBACA 
 100      F36CE5DE 
 100      9967
 101 00a7 F7A60972 		.ascii	"\367\246\011r$\373r08\210\200\016A\322\262\364\3064"
 101      24FB7230 
 101      3888800E 
 101      41D2B2F4 
 101      C634
 102 00b9 DDC4BB10 		.ascii	"\335\304\273\020:\313\006j\355\305\307\315\021\255d"
 102      3ACB066A 
 102      EDC5C7CD 
 102      11AD64
 103 00c8 4BC92EAB 		.ascii	"K\311.\253N\355\306\374\020\216\224\320\246\245\235"
 103      4EEDC6FC 
 103      108E94D0 
 103      A6A59D
 104 00d7 F55BF8D7 		.ascii	"\365[\370\327\255\355\2342\270\264^T\017\30126r\005"
 104      ADED9C32 
 104      B8B45E54 
 104      0FC13236 
 104      7205
 105 00e9 6ED5C03E 		.ascii	"n\325\300>\302\330\0037\212\003\224A\015\330_cdK\370"
 105      C2D80337 
 105      8A039441 
 105      0DD85F63 
 105      644BF8
 106 00fc 72E75ECB 		.ascii	"r\347^\313\355\322|@\340\220a\015\344\233\245\272\364"
 106      EDD27C40 
 106      E090610D 
 106      E49BA5BA 
 106      F4
 107 010d 0D0DC669 		.ascii	"\015\015\306iF\263X\017\370\225\000\027\231vZ\277(\206"
 107      46B3580F 
 107      F8950017 
 107      99765ABF 
 107      2886
 108 011f 348D3F0D 		.ascii	"4\215?\015G\377\264\027\370 \215\243W\026\364o\3647"
 108      47FFB417 
 108      F8208DA3 
 108      5716F46F 
 108      F437
 109 0131 18F4403C 		.ascii	"\030\364@<^\357\270\225\2622\323\363V2\036M/d\022Vl"
 109      5EEFB895 
 109      B232D3F3 
 109      56321E4D 
 109      2F641256 
 110 0146 229A1E1D 		.ascii	"\"\232\036\035\212\315\315\244\342\263V\262?A\277\015"
 110      8ACDCDA4 
 110      E2B356B2 
 110      3F41BF0D 
 111 0156 547B23   		.ascii	"T{#"
 112              		.text
 113              		.section	.gnu.lto_pin_led_ReadDataReg.792a7df5,"",%progbits
 114 0000 789C3550 		.ascii	"x\2345P;K\003A\020\236o\367\362 \240\376\000S(ViD\020"
 114      3B4B0341 
ARM GAS  C:\Users\info\AppData\Local\Temp\ccy2SbM2.s 			page 8


 114      109E6FF7 
 114      F220A0FE 
 114      00532856 
 115 0017 0B6D056D 		.ascii	"\013m\005m\305\200U Hr\205 \211\004\255sy\012ba\343"
 115      C5805520 
 115      48728520 
 115      8904AD73 
 115      790A6261 
 116 002c A3D18820 		.ascii	"\243\321\210 I| \202\255x\206\004\005A\255\255$H\012"
 116      497C2082 
 116      AD788604 
 116      0541ADAD 
 116      24480A
 117 003f 2B0D4A40 		.ascii	"+\015J@4\347\214\207\013;\263\263\373=f\326 \220\254"
 117      34E78C87 
 117      0B3BB3B3 
 117      FB3D66D6 
 117      2090AC
 118 0052 394E439C 		.ascii	"9NC\234\373yC\023\324\306=Q\306\257\0009X~PZ!\215O\365"
 118      FB794313 
 118      D4C63D51 
 118      C6AF0039 
 118      587E505A 
 119 006a A370D7B9 		.ascii	"\243p\327\271]\017\204\312\226\225\265\236\017\313\343"
 119      5D0F84CA 
 119      9695B59E 
 119      0FCBE3
 120 0079 DB151B05 		.ascii	"\333\025\033\005M\344(\302h\020#A\221(#D\014m\236w7"
 120      4DE428C2 
 120      68102341 
 120      91282344 
 120      0C6D9E77 
 121 008e 7BBC798B 		.ascii	"{\274y\213\327\200\000\370\245\002\257X\236\315\332"
 121      D78000F8 
 121      A502AF58 
 121      9ECDDA
 122 009d 96E3E42C 		.ascii	"\226\343\344,\3732p\375\030\360\201\012\232}9\030\034"
 122      FB3270FD 
 122      18F0810A 
 122      9A7D3918 
 122      1C
 123 00ae 94478297 		.ascii	"\224G\202\227D\226\336\230&M\274+%Y\267P\373Z\353V'"
 123      4496DE98 
 123      264DBC2B 
 123      2559B750 
 123      FB5AEB56 
 124 00c3 4429A735 		.ascii	"D)\2475\273l\025j\017\276\017U\320\032b\332\270j\356"
 124      BB6C156A 
 124      0FBE0F55 
 124      D01A62DA 
 124      B86AEE
 125 00d6 28B7DC3F 		.ascii	"(\267\334?\310X\206\264\374\264\227\355-a7\223\347V"
 125      C85886B4 
 125      FCB497ED 
 125      2D613793 
 125      E756
 126 00e8 0D1C2188 		.ascii	"\015\034!\210*\270Q\034\243\004j!\367=E9\015W\256\341"
ARM GAS  C:\Users\info\AppData\Local\Temp\ccy2SbM2.s 			page 9


 126      2AB8511C 
 126      A3046A21 
 126      F73D4539 
 126      0D57AEE1 
 127 00fc 74EC3EE1 		.ascii	"t\354>\341\003\012'\014k!\333^\255k\327\320`\2340\332"
 127      030A270C 
 127      6B21DB5E 
 127      AD6BD7D0 
 127      609C30DA 
 128 0110 C5BAC7BD 		.ascii	"\305\272\307\275\361\360%\323.\3527E\277\320\370\323"
 128      F1F025D3 
 128      2EEA3745 
 128      BFD0F8D3 
 129 0120 70FA4F7B 		.ascii	"p\372O{\201\013\022\034\275\262\240[\321\337`\220\201"
 129      810B121C 
 129      BDB2A05B 
 129      D1DF6090 
 129      81
 130 0131 78BCC169 		.ascii	"x\274\301i3a\246\346\227\315x4\234\\I\305\314\310L8"
 130      3361A6E6 
 130      97CD7834 
 130      9C5C49C5 
 130      CCC84C38 
 131 0145 39391659 		.ascii	"99\026YZHD\027\315\370p\214~\001:\277{\236"
 131      5A484417 
 131      CDF8708C 
 131      7E013ABF 
 131      7B9E
 132              		.text
 133              		.section	.gnu.lto_.symbol_nodes.792a7df5,"",%progbits
 134 0000 789C6361 		.ascii	"x\234ca`dpc\000\002&\206z\006\206\011\347\030@\324\252"
 134      60647063 
 134      00022686 
 134      7A068609 
 134      E71840D4 
 135 0015 0645A000 		.ascii	"\006E\240\000c=#\252\000S=\023\252\000s=3\212\000\003"
 135      633D23AA 
 135      00533D13 
 135      AA00733D 
 135      338A0003 
 136 0029 001ED60E 		.ascii	"\000\036\326\016\374"
 136      FC
 137              		.text
 138              		.section	.gnu.lto_.refs.792a7df5,"",%progbits
 139 0000 789C6361 		.ascii	"x\234ca`\004B \000\000\0009\000\007"
 139      60044220 
 139      00000039 
 139      0007
 140              		.text
 141              		.section	.gnu.lto_.decls.792a7df5,"",%progbits
 142 0000 789C8D92 		.ascii	"x\234\215\222_HSQ\034\307\317\357\336\273\271n\263\302"
 142      5F485351 
 142      1CC7CFEF 
 142      DEBBB96E 
 142      B3C2
 143 0012 248CF6B0 		.ascii	"$\214\366\260|\362I\222\010|\220\012\224\354\245\014"
 143      7CF24992 
ARM GAS  C:\Users\info\AppData\Local\Temp\ccy2SbM2.s 			page 10


 143      087C900A 
 143      94ECA50C 
 144 0022 2D7B1164 		.ascii	"-{\021d\316\213\015Be\315\310\267\223S0\203\320BM\311"
 144      CE8B0D42 
 144      65CDC8B7 
 144      93533083 
 144      D0424DC9 
 145 0036 5A51E6BF 		.ascii	"ZQ\346\277t\2453]\231+\313\"\020\022\241(\255\244\025"
 145      74A5335D 
 145      992BCB22 
 145      1012A128 
 145      ADA415
 146 0049 616928F9 		.ascii	"ai(\371\320\036l\375\316\331\235\367Z\013\374\301\271"
 146      D01E6CFD 
 146      CED99DF7 
 146      5A0BFCC1 
 146      B9
 147 005a E7FCCEF9 		.ascii	"\347\374\316\371}?\277\337\371\235+\021 \3142$B\332"
 147      7D3FBFDF 
 147      F99D2B11 
 147      20CC3224 
 147      42DA
 148 006c 70B6A01B 		.ascii	"p\266\240\033F3\340:\237h\206\307\244\037\207\017\307"
 148      4633E03A 
 148      9F6886C7 
 148      A41F870F 
 148      C7
 149 007d 100E3FF9 		.ascii	"\020\016?\371\327\330\271Q\325\3652\026\216Q\034#8r"
 149      D7D8B951 
 149      D5F53216 
 149      8E511C23 
 149      3872
 150 008f D41850E3 		.ascii	"\324\030P\343\3766_\014m@\247\217j}1\264\254\036\203"
 150      FE365F0C 
 150      6D40A78F 
 150      6A7D31B4 
 150      AC1E83
 151 00a2 4E971343 		.ascii	"N\227\023C7\024C\347_\207.\326=W\004p\177\372\3461M"
 151      371443E7 
 151      5F872ED6 
 151      3D570470 
 151      7FFAE631 
 152 00b7 C35B0002 		.ascii	"\303[\000\002\334\210\332G\302v\324\231- \342\010Q\036"
 152      DC88DA47 
 152      C276D499 
 152      2D20E208 
 152      511E
 153 00c9 AC92D505 		.ascii	"\254\222\325\005\017\007\"\360x\320\035\254\211\343"
 153      0F0722F0 
 153      78D01DAC 
 153      89E3
 154 00d7 6FC24DDB 		.ascii	"o\302M\333\202U\213F\302Z(\243j.\372\202&\320\361\324"
 154      82558B46 
 154      C25A28A3 
 154      6A2EFA82 
 154      26D0F1D4 
 155 00eb EAD5FCA0 		.ascii	"\352\325\374\240O\313\321b\364\322Wo}\270h\020\221\211"
ARM GAS  C:\Users\info\AppData\Local\Temp\ccy2SbM2.s 			page 11


 155      4FCBD162 
 155      F4D2576F 
 155      7DB86810 
 155      9189
 156 00fd EB8FA18E 		.ascii	"\353\217\241\216\003\251=\024\255\236R!E\353L_\315\347"
 156      03A93D14 
 156      AD9E5221 
 156      45EB4C5F 
 156      CDE7
 157 010f 4ED3B200 		.ascii	"N\323\262\000\026\031\302\300\374\371\341P|\304g\307"
 157      1619C2C0 
 157      FCF9E150 
 157      7CC467C7 
 158 011f 2D0DC1DF 		.ascii	"-\015\301\337\033\305\355l-L\005\273\347$H\221\333\031"
 158      1BC5ED6C 
 158      2D4C05BB 
 158      E7244891 
 158      DB19
 159 0131 6636ECDD 		.ascii	"f6\354\335;L\351\026\350\005\031z@\204NHe\025Xd\374"
 159      3B4CE916 
 159      E805197A 
 159      40844E48 
 159      65155864 
 160 0146 D6525A45 		.ascii	"\326RZE\027oPc\022\201\335\026\330e!p\007R\030\223E"
 160      176F5063 
 160      1281DD16 
 160      D8652170 
 160      07521893 
 161 015b 413758A0 		.ascii	"A7X\240\013,\214\377\245\371\332w\243\204\355\346\234"
 161      0B2C8CFF 
 161      A5F9DA77 
 161      A384EDE6 
 161      9C
 162 016c 2289ED4D 		.ascii	"\"\211\355MV{\257\210XB\202\014\022\272K\023\255\301"
 162      567BAF88 
 162      5842820C 
 162      12BA4B13 
 162      ADC1
 163 017e 4DE826CA 		.ascii	"M\350&\312`E\267\307?3oLj\342WqS\253\004\371\333\340"
 163      6045B7C7 
 163      3F336F4C 
 163      6AE25771 
 163      53AB04F9 
 164 0194 2E02BD08 		.ascii	".\002\275\010$p\017\222\360\333\007R\344v3\3017\357"
 164      24700F92 
 164      F0DB0752 
 164      E47633C1 
 164      37EF
 165 01a6 20D9433D 		.ascii	" \331C=^:{i<\243\311M_\240\316\312\302\240C+\032\227"
 165      5E3A7B69 
 165      3CA3C94D 
 165      5FA0CECA 
 165      C2A0432B 
 166 01bc 6CBA0DD3 		.ascii	"l\272\015\323\330\320~HFeU\373\3731\263h\347MX\272\274"
 166      D8D07E48 
 166      466555FB 
 166      FB31B368 
ARM GAS  C:\Users\info\AppData\Local\Temp\ccy2SbM2.s 			page 12


 166      E74D58BA 
 167 01d1 E08F8F50 		.ascii	"\340\217\217P\002\313\343fZ\177\226\322\375\2341\240"
 167      02CBE366 
 167      5A7F96D2 
 167      FD9C31A0 
 168 01e1 3106F40C 		.ascii	"1\006\364\014\037g\\\370\032\352\332 \236\341\214W\347"
 168      1F675CF8 
 168      1AEADA20 
 168      9EE18C57 
 168      E7
 169 01f2 9FB937EB 		.ascii	"\237\2717\353\313f\367\325\352\276\317\353.R\313\016"
 169      CB66F7D5 
 169      EABECFEB 
 169      2E52CB0E 
 170 0202 35AFB4C9 		.ascii	"5\257\264\311j\302\251\347b\013\015T\243N`Q0\250\245"
 170      6AC2A9E7 
 170      620B0D54 
 170      A34E6051 
 170      30A8A5
 171 0215 1CD4A71C 		.ascii	"\034\324\247\034\342)oR\257\317$\326\000\317\351\251"
 171      E2296F52 
 171      AFCF24D6 
 171      00CFE9A9 
 172 0225 5BD8A152 		.ascii	"[\330\241R\374/\243e3\306\260\306\030\3263\374\234\261"
 172      FC2FA365 
 172      33C6B0C6 
 172      18D633FC 
 172      9CB1
 173 0237 5CFDF3B5 		.ascii	"\\\375\363\265Q\3067t\257\357\015'\346\256\207\343\304"
 173      51C63774 
 173      AFEF0D27 
 173      E6AE87E3 
 173      C4
 174 0248 169E53E8 		.ascii	"\026\236S\350oli\214\0039%\206\374Q\014\271\372/\375"
 174      6F6C698C 
 174      03392586 
 174      FC510CB9 
 174      FA2FFD
 175 025b 3ADA708E 		.ascii	":\332p\216]p\004\233\362P+\356\001\310\221\206t\376"
 175      5D70049B 
 175      F2502BEE 
 175      01C89186 
 175      74FE
 176 026d 180B80B9 		.ascii	"\030\013\200\271\216\375V\330\275\204\203<P\353\336"
 176      8EFD56D8 
 176      BD84833C 
 176      50EBDE
 177 027c 2898F9EF 		.ascii	"(\230\371\357\217\363\212 >\235\352\033\225A\266\000"
 177      8FF38A20 
 177      3E9DEA1B 
 177      9541B600 
 178 028c 9E432D4B 		.ascii	"\236C-K\260X\245\253\203@\200a\3411\036?Ay+e1\223\300"
 178      B058A5AB 
 178      83408061 
 178      E1311E3F 
 178      41792B65 
 179 02a3 B7B9B3B8 		.ascii	"\267\271\263\270\217\257\371'\276\334QZxR).<\356t\270"
ARM GAS  C:\Users\info\AppData\Local\Temp\ccy2SbM2.s 			page 13


 179      8FAFF927 
 179      BEDC515A 
 179      7852292E 
 179      3CEE74B8 
 180 02b7 1453F6E1 		.ascii	"\024S\366\341c\326\314\2644b\250p\224\272\322wf+\245"
 180      63D6CCB4 
 180      3462A870 
 180      94BAD277 
 180      662BA5
 181 02ca 8AD3E6C2 		.ascii	"\212\323\346\302\343\274\262\012\247])8\222W\226\271"
 181      E3BCB20A 
 181      A75D2938 
 181      925796B9 
 182 02da A7C05EE9 		.ascii	"\247\300^\351\252,WN\245\236 \377\213P\251\251v\222"
 182      AA2C574E 
 182      A59E20FF 
 182      8B50A9A9 
 182      7692
 183 02ec 184D90A7 		.ascii	"\030M\220\247\270\262\234\216\323\312\241\262b\305\034"
 183      B8B29C8E 
 183      D3CAA1B2 
 183      62C51C
 184 02fb DDCC556C 		.ascii	"\335\314Ul\305[\365N\226\315e\313UJ$\247R\222\376\007"
 184      C55BF54E 
 184      96CD65CB 
 184      554A24A7 
 184      5292FE07 
 185 030f A62C654B 		.ascii	"\246,eK"
 186              		.text
 187              		.section	.gnu.lto_.symtab.792a7df5,"",%progbits
 188 0000 70696E5F 		.ascii	"pin_led_Write\000"
 188      6C65645F 
 188      57726974 
 188      6500
 189 000e 00       		.ascii	"\000"
 190 000f 00       		.ascii	"\000"
 191 0010 00       		.ascii	"\000"
 192 0011 00000000 		.ascii	"\000\000\000\000\000\000\000\000"
 192      00000000 
 193 0019 B3000000 		.ascii	"\263\000\000\000"
 194 001d 70696E5F 		.ascii	"pin_led_SetDriveMode\000"
 194      6C65645F 
 194      53657444 
 194      72697665 
 194      4D6F6465 
 195 0032 00       		.ascii	"\000"
 196 0033 00       		.ascii	"\000"
 197 0034 00       		.ascii	"\000"
 198 0035 00000000 		.ascii	"\000\000\000\000\000\000\000\000"
 198      00000000 
 199 003d B5000000 		.ascii	"\265\000\000\000"
 200 0041 70696E5F 		.ascii	"pin_led_Read\000"
 200      6C65645F 
 200      52656164 
 200      00
 201 004e 00       		.ascii	"\000"
 202 004f 00       		.ascii	"\000"
ARM GAS  C:\Users\info\AppData\Local\Temp\ccy2SbM2.s 			page 14


 203 0050 00       		.ascii	"\000"
 204 0051 00000000 		.ascii	"\000\000\000\000\000\000\000\000"
 204      00000000 
 205 0059 B8000000 		.ascii	"\270\000\000\000"
 206 005d 70696E5F 		.ascii	"pin_led_ReadDataReg\000"
 206      6C65645F 
 206      52656164 
 206      44617461 
 206      52656700 
 207 0071 00       		.ascii	"\000"
 208 0072 00       		.ascii	"\000"
 209 0073 00       		.ascii	"\000"
 210 0074 00000000 		.ascii	"\000\000\000\000\000\000\000\000"
 210      00000000 
 211 007c BA000000 		.ascii	"\272\000\000\000"
 212              		.text
 213              		.section	.gnu.lto_.opts,"",%progbits
 214 0000 272D666D 		.ascii	"'-fmath-errno' '-fsigned-zeros' '-ftrapping-math' '"
 214      6174682D 
 214      6572726E 
 214      6F272027 
 214      2D667369 
 215 0033 2D666E6F 		.ascii	"-fno-trapv' '-fno-strict-overflow' '-fno-openmp' '-"
 215      2D747261 
 215      70762720 
 215      272D666E 
 215      6F2D7374 
 216 0066 666E6F2D 		.ascii	"fno-openacc' '-mcpu=cortex-m3' '-mthumb' '-g' '-Og'"
 216      6F70656E 
 216      61636327 
 216      20272D6D 
 216      6370753D 
 217 0099 20272D66 		.ascii	" '-ffunction-sections' '-ffat-lto-objects' '-flto'\000"
 217      66756E63 
 217      74696F6E 
 217      2D736563 
 217      74696F6E 
 218              		.text
 219              		.cfi_sections	.debug_frame
 220              		.section	.text.pin_led_Write,"ax",%progbits
 221              		.align	2
 222              		.global	pin_led_Write
 223              		.thumb
 224              		.thumb_func
 225              		.type	pin_led_Write, %function
 226              	pin_led_Write:
 227              	.LFB0:
 228              		.file 1 "Generated_Source\\PSoC5\\pin_led.c"
   1:Generated_Source\PSoC5/pin_led.c **** /*******************************************************************************
   2:Generated_Source\PSoC5/pin_led.c **** * File Name: pin_led.c  
   3:Generated_Source\PSoC5/pin_led.c **** * Version 2.20
   4:Generated_Source\PSoC5/pin_led.c **** *
   5:Generated_Source\PSoC5/pin_led.c **** * Description:
   6:Generated_Source\PSoC5/pin_led.c **** *  This file contains API to enable firmware control of a Pins component.
   7:Generated_Source\PSoC5/pin_led.c **** *
   8:Generated_Source\PSoC5/pin_led.c **** * Note:
   9:Generated_Source\PSoC5/pin_led.c **** *
ARM GAS  C:\Users\info\AppData\Local\Temp\ccy2SbM2.s 			page 15


  10:Generated_Source\PSoC5/pin_led.c **** ********************************************************************************
  11:Generated_Source\PSoC5/pin_led.c **** * Copyright 2008-2015, Cypress Semiconductor Corporation.  All rights reserved.
  12:Generated_Source\PSoC5/pin_led.c **** * You may use this file only in accordance with the license, terms, conditions, 
  13:Generated_Source\PSoC5/pin_led.c **** * disclaimers, and limitations in the end user license agreement accompanying 
  14:Generated_Source\PSoC5/pin_led.c **** * the software package with which this file was provided.
  15:Generated_Source\PSoC5/pin_led.c **** *******************************************************************************/
  16:Generated_Source\PSoC5/pin_led.c **** 
  17:Generated_Source\PSoC5/pin_led.c **** #include "cytypes.h"
  18:Generated_Source\PSoC5/pin_led.c **** #include "pin_led.h"
  19:Generated_Source\PSoC5/pin_led.c **** 
  20:Generated_Source\PSoC5/pin_led.c **** /* APIs are not generated for P15[7:6] on PSoC 5 */
  21:Generated_Source\PSoC5/pin_led.c **** #if !(CY_PSOC5A &&\
  22:Generated_Source\PSoC5/pin_led.c **** 	 pin_led__PORT == 15 && ((pin_led__MASK & 0xC0) != 0))
  23:Generated_Source\PSoC5/pin_led.c **** 
  24:Generated_Source\PSoC5/pin_led.c **** 
  25:Generated_Source\PSoC5/pin_led.c **** /*******************************************************************************
  26:Generated_Source\PSoC5/pin_led.c **** * Function Name: pin_led_Write
  27:Generated_Source\PSoC5/pin_led.c **** ****************************************************************************//**
  28:Generated_Source\PSoC5/pin_led.c **** *
  29:Generated_Source\PSoC5/pin_led.c **** * \brief Writes the value to the physical port (data output register), masking
  30:Generated_Source\PSoC5/pin_led.c **** *  and shifting the bits appropriately. 
  31:Generated_Source\PSoC5/pin_led.c **** *
  32:Generated_Source\PSoC5/pin_led.c **** * The data output register controls the signal applied to the physical pin in 
  33:Generated_Source\PSoC5/pin_led.c **** * conjunction with the drive mode parameter. This function avoids changing 
  34:Generated_Source\PSoC5/pin_led.c **** * other bits in the port by using the appropriate method (read-modify-write or
  35:Generated_Source\PSoC5/pin_led.c **** * bit banding).
  36:Generated_Source\PSoC5/pin_led.c **** *
  37:Generated_Source\PSoC5/pin_led.c **** * <b>Note</b> This function should not be used on a hardware digital output pin 
  38:Generated_Source\PSoC5/pin_led.c **** * as it is driven by the hardware signal attached to it.
  39:Generated_Source\PSoC5/pin_led.c **** *
  40:Generated_Source\PSoC5/pin_led.c **** * \param value
  41:Generated_Source\PSoC5/pin_led.c **** *  Value to write to the component instance.
  42:Generated_Source\PSoC5/pin_led.c **** *
  43:Generated_Source\PSoC5/pin_led.c **** * \return 
  44:Generated_Source\PSoC5/pin_led.c **** *  None 
  45:Generated_Source\PSoC5/pin_led.c **** *
  46:Generated_Source\PSoC5/pin_led.c **** * \sideeffect
  47:Generated_Source\PSoC5/pin_led.c **** *  If you use read-modify-write operations that are not atomic; the Interrupt 
  48:Generated_Source\PSoC5/pin_led.c **** *  Service Routines (ISR) can cause corruption of this function. An ISR that 
  49:Generated_Source\PSoC5/pin_led.c **** *  interrupts this function and performs writes to the Pins component data 
  50:Generated_Source\PSoC5/pin_led.c **** *  register can cause corrupted port data. To avoid this issue, you should 
  51:Generated_Source\PSoC5/pin_led.c **** *  either use the Per-Pin APIs (primary method) or disable interrupts around 
  52:Generated_Source\PSoC5/pin_led.c **** *  this function.
  53:Generated_Source\PSoC5/pin_led.c **** *
  54:Generated_Source\PSoC5/pin_led.c **** * \funcusage
  55:Generated_Source\PSoC5/pin_led.c **** *  \snippet pin_led_SUT.c usage_pin_led_Write
  56:Generated_Source\PSoC5/pin_led.c **** *******************************************************************************/
  57:Generated_Source\PSoC5/pin_led.c **** void pin_led_Write(uint8 value)
  58:Generated_Source\PSoC5/pin_led.c **** {
 229              		.loc 1 58 0
 230              		.cfi_startproc
 231              		@ args = 0, pretend = 0, frame = 0
 232              		@ frame_needed = 0, uses_anonymous_args = 0
 233              		@ link register save eliminated.
 234              	.LVL0:
  59:Generated_Source\PSoC5/pin_led.c ****     uint8 staticBits = (pin_led_DR & (uint8)(~pin_led_MASK));
 235              		.loc 1 59 0
ARM GAS  C:\Users\info\AppData\Local\Temp\ccy2SbM2.s 			page 16


 236 0000 044A     		ldr	r2, .L2
 237 0002 1378     		ldrb	r3, [r2]	@ zero_extendqisi2
 238 0004 03F0FD03 		and	r3, r3, #253
 239              	.LVL1:
  60:Generated_Source\PSoC5/pin_led.c ****     pin_led_DR = staticBits | ((uint8)(value << pin_led_SHIFT) & pin_led_MASK);
 240              		.loc 1 60 0
 241 0008 4000     		lsls	r0, r0, #1
 242              	.LVL2:
 243 000a 00F00200 		and	r0, r0, #2
 244 000e 1843     		orrs	r0, r0, r3
 245 0010 1070     		strb	r0, [r2]
 246 0012 7047     		bx	lr
 247              	.L3:
 248              		.align	2
 249              	.L2:
 250 0014 20510040 		.word	1073762592
 251              		.cfi_endproc
 252              	.LFE0:
 253              		.size	pin_led_Write, .-pin_led_Write
 254              		.section	.text.pin_led_SetDriveMode,"ax",%progbits
 255              		.align	2
 256              		.global	pin_led_SetDriveMode
 257              		.thumb
 258              		.thumb_func
 259              		.type	pin_led_SetDriveMode, %function
 260              	pin_led_SetDriveMode:
 261              	.LFB1:
  61:Generated_Source\PSoC5/pin_led.c **** }
  62:Generated_Source\PSoC5/pin_led.c **** 
  63:Generated_Source\PSoC5/pin_led.c **** 
  64:Generated_Source\PSoC5/pin_led.c **** /*******************************************************************************
  65:Generated_Source\PSoC5/pin_led.c **** * Function Name: pin_led_SetDriveMode
  66:Generated_Source\PSoC5/pin_led.c **** ****************************************************************************//**
  67:Generated_Source\PSoC5/pin_led.c **** *
  68:Generated_Source\PSoC5/pin_led.c **** * \brief Sets the drive mode for each of the Pins component's pins.
  69:Generated_Source\PSoC5/pin_led.c **** * 
  70:Generated_Source\PSoC5/pin_led.c **** * <b>Note</b> This affects all pins in the Pins component instance. Use the
  71:Generated_Source\PSoC5/pin_led.c **** * Per-Pin APIs if you wish to control individual pin's drive modes.
  72:Generated_Source\PSoC5/pin_led.c **** *
  73:Generated_Source\PSoC5/pin_led.c **** * \param mode
  74:Generated_Source\PSoC5/pin_led.c **** *  Mode for the selected signals. Valid options are documented in 
  75:Generated_Source\PSoC5/pin_led.c **** *  \ref driveMode.
  76:Generated_Source\PSoC5/pin_led.c **** *
  77:Generated_Source\PSoC5/pin_led.c **** * \return
  78:Generated_Source\PSoC5/pin_led.c **** *  None
  79:Generated_Source\PSoC5/pin_led.c **** *
  80:Generated_Source\PSoC5/pin_led.c **** * \sideeffect
  81:Generated_Source\PSoC5/pin_led.c **** *  If you use read-modify-write operations that are not atomic, the ISR can
  82:Generated_Source\PSoC5/pin_led.c **** *  cause corruption of this function. An ISR that interrupts this function 
  83:Generated_Source\PSoC5/pin_led.c **** *  and performs writes to the Pins component Drive Mode registers can cause 
  84:Generated_Source\PSoC5/pin_led.c **** *  corrupted port data. To avoid this issue, you should either use the Per-Pin
  85:Generated_Source\PSoC5/pin_led.c **** *  APIs (primary method) or disable interrupts around this function.
  86:Generated_Source\PSoC5/pin_led.c **** *
  87:Generated_Source\PSoC5/pin_led.c **** * \funcusage
  88:Generated_Source\PSoC5/pin_led.c **** *  \snippet pin_led_SUT.c usage_pin_led_SetDriveMode
  89:Generated_Source\PSoC5/pin_led.c **** *******************************************************************************/
  90:Generated_Source\PSoC5/pin_led.c **** void pin_led_SetDriveMode(uint8 mode)
ARM GAS  C:\Users\info\AppData\Local\Temp\ccy2SbM2.s 			page 17


  91:Generated_Source\PSoC5/pin_led.c **** {
 262              		.loc 1 91 0
 263              		.cfi_startproc
 264              		@ args = 0, pretend = 0, frame = 0
 265              		@ frame_needed = 0, uses_anonymous_args = 0
 266              		@ link register save eliminated.
 267              	.LVL3:
  92:Generated_Source\PSoC5/pin_led.c **** 	CyPins_SetPinDriveMode(pin_led_0, mode);
 268              		.loc 1 92 0
 269 0000 044A     		ldr	r2, .L5
 270 0002 1378     		ldrb	r3, [r2]	@ zero_extendqisi2
 271 0004 03F0F103 		and	r3, r3, #241
 272 0008 00F00E00 		and	r0, r0, #14
 273              	.LVL4:
 274 000c 1843     		orrs	r0, r0, r3
 275 000e 1070     		strb	r0, [r2]
 276 0010 7047     		bx	lr
 277              	.L6:
 278 0012 00BF     		.align	2
 279              	.L5:
 280 0014 11500040 		.word	1073762321
 281              		.cfi_endproc
 282              	.LFE1:
 283              		.size	pin_led_SetDriveMode, .-pin_led_SetDriveMode
 284              		.section	.text.pin_led_Read,"ax",%progbits
 285              		.align	2
 286              		.global	pin_led_Read
 287              		.thumb
 288              		.thumb_func
 289              		.type	pin_led_Read, %function
 290              	pin_led_Read:
 291              	.LFB2:
  93:Generated_Source\PSoC5/pin_led.c **** }
  94:Generated_Source\PSoC5/pin_led.c **** 
  95:Generated_Source\PSoC5/pin_led.c **** 
  96:Generated_Source\PSoC5/pin_led.c **** /*******************************************************************************
  97:Generated_Source\PSoC5/pin_led.c **** * Function Name: pin_led_Read
  98:Generated_Source\PSoC5/pin_led.c **** ****************************************************************************//**
  99:Generated_Source\PSoC5/pin_led.c **** *
 100:Generated_Source\PSoC5/pin_led.c **** * \brief Reads the associated physical port (pin status register) and masks 
 101:Generated_Source\PSoC5/pin_led.c **** *  the required bits according to the width and bit position of the component
 102:Generated_Source\PSoC5/pin_led.c **** *  instance. 
 103:Generated_Source\PSoC5/pin_led.c **** *
 104:Generated_Source\PSoC5/pin_led.c **** * The pin's status register returns the current logic level present on the 
 105:Generated_Source\PSoC5/pin_led.c **** * physical pin.
 106:Generated_Source\PSoC5/pin_led.c **** *
 107:Generated_Source\PSoC5/pin_led.c **** * \return 
 108:Generated_Source\PSoC5/pin_led.c **** *  The current value for the pins in the component as a right justified number.
 109:Generated_Source\PSoC5/pin_led.c **** *
 110:Generated_Source\PSoC5/pin_led.c **** * \funcusage
 111:Generated_Source\PSoC5/pin_led.c **** *  \snippet pin_led_SUT.c usage_pin_led_Read  
 112:Generated_Source\PSoC5/pin_led.c **** *******************************************************************************/
 113:Generated_Source\PSoC5/pin_led.c **** uint8 pin_led_Read(void)
 114:Generated_Source\PSoC5/pin_led.c **** {
 292              		.loc 1 114 0
 293              		.cfi_startproc
 294              		@ args = 0, pretend = 0, frame = 0
ARM GAS  C:\Users\info\AppData\Local\Temp\ccy2SbM2.s 			page 18


 295              		@ frame_needed = 0, uses_anonymous_args = 0
 296              		@ link register save eliminated.
 115:Generated_Source\PSoC5/pin_led.c ****     return (pin_led_PS & pin_led_MASK) >> pin_led_SHIFT;
 297              		.loc 1 115 0
 298 0000 024B     		ldr	r3, .L8
 299 0002 1878     		ldrb	r0, [r3]	@ zero_extendqisi2
 116:Generated_Source\PSoC5/pin_led.c **** }
 300              		.loc 1 116 0
 301 0004 C0F34000 		ubfx	r0, r0, #1, #1
 302 0008 7047     		bx	lr
 303              	.L9:
 304 000a 00BF     		.align	2
 305              	.L8:
 306 000c 21510040 		.word	1073762593
 307              		.cfi_endproc
 308              	.LFE2:
 309              		.size	pin_led_Read, .-pin_led_Read
 310              		.section	.text.pin_led_ReadDataReg,"ax",%progbits
 311              		.align	2
 312              		.global	pin_led_ReadDataReg
 313              		.thumb
 314              		.thumb_func
 315              		.type	pin_led_ReadDataReg, %function
 316              	pin_led_ReadDataReg:
 317              	.LFB3:
 117:Generated_Source\PSoC5/pin_led.c **** 
 118:Generated_Source\PSoC5/pin_led.c **** 
 119:Generated_Source\PSoC5/pin_led.c **** /*******************************************************************************
 120:Generated_Source\PSoC5/pin_led.c **** * Function Name: pin_led_ReadDataReg
 121:Generated_Source\PSoC5/pin_led.c **** ****************************************************************************//**
 122:Generated_Source\PSoC5/pin_led.c **** *
 123:Generated_Source\PSoC5/pin_led.c **** * \brief Reads the associated physical port's data output register and masks 
 124:Generated_Source\PSoC5/pin_led.c **** *  the correct bits according to the width and bit position of the component 
 125:Generated_Source\PSoC5/pin_led.c **** *  instance. 
 126:Generated_Source\PSoC5/pin_led.c **** *
 127:Generated_Source\PSoC5/pin_led.c **** * The data output register controls the signal applied to the physical pin in 
 128:Generated_Source\PSoC5/pin_led.c **** * conjunction with the drive mode parameter. This is not the same as the 
 129:Generated_Source\PSoC5/pin_led.c **** * preferred pin_led_Read() API because the 
 130:Generated_Source\PSoC5/pin_led.c **** * pin_led_ReadDataReg() reads the data register instead of the status 
 131:Generated_Source\PSoC5/pin_led.c **** * register. For output pins this is a useful function to determine the value 
 132:Generated_Source\PSoC5/pin_led.c **** * just written to the pin.
 133:Generated_Source\PSoC5/pin_led.c **** *
 134:Generated_Source\PSoC5/pin_led.c **** * \return 
 135:Generated_Source\PSoC5/pin_led.c **** *  The current value of the data register masked and shifted into a right 
 136:Generated_Source\PSoC5/pin_led.c **** *  justified number for the component instance.
 137:Generated_Source\PSoC5/pin_led.c **** *
 138:Generated_Source\PSoC5/pin_led.c **** * \funcusage
 139:Generated_Source\PSoC5/pin_led.c **** *  \snippet pin_led_SUT.c usage_pin_led_ReadDataReg 
 140:Generated_Source\PSoC5/pin_led.c **** *******************************************************************************/
 141:Generated_Source\PSoC5/pin_led.c **** uint8 pin_led_ReadDataReg(void)
 142:Generated_Source\PSoC5/pin_led.c **** {
 318              		.loc 1 142 0
 319              		.cfi_startproc
 320              		@ args = 0, pretend = 0, frame = 0
 321              		@ frame_needed = 0, uses_anonymous_args = 0
 322              		@ link register save eliminated.
 143:Generated_Source\PSoC5/pin_led.c ****     return (pin_led_DR & pin_led_MASK) >> pin_led_SHIFT;
ARM GAS  C:\Users\info\AppData\Local\Temp\ccy2SbM2.s 			page 19


 323              		.loc 1 143 0
 324 0000 024B     		ldr	r3, .L11
 325 0002 1878     		ldrb	r0, [r3]	@ zero_extendqisi2
 144:Generated_Source\PSoC5/pin_led.c **** }
 326              		.loc 1 144 0
 327 0004 C0F34000 		ubfx	r0, r0, #1, #1
 328 0008 7047     		bx	lr
 329              	.L12:
 330 000a 00BF     		.align	2
 331              	.L11:
 332 000c 20510040 		.word	1073762592
 333              		.cfi_endproc
 334              	.LFE3:
 335              		.size	pin_led_ReadDataReg, .-pin_led_ReadDataReg
 336              		.text
 337              	.Letext0:
 338              		.file 2 "Generated_Source\\PSoC5\\cytypes.h"
 339              		.section	.debug_info,"",%progbits
 340              	.Ldebug_info0:
 341 0000 1B010000 		.4byte	0x11b
 342 0004 0400     		.2byte	0x4
 343 0006 00000000 		.4byte	.Ldebug_abbrev0
 344 000a 04       		.byte	0x4
 345 000b 01       		.uleb128 0x1
 346 000c 26000000 		.4byte	.LASF20
 347 0010 0C       		.byte	0xc
 348 0011 D4000000 		.4byte	.LASF21
 349 0015 4F010000 		.4byte	.LASF22
 350 0019 00000000 		.4byte	.Ldebug_ranges0+0
 351 001d 00000000 		.4byte	0
 352 0021 00000000 		.4byte	.Ldebug_line0
 353 0025 02       		.uleb128 0x2
 354 0026 01       		.byte	0x1
 355 0027 06       		.byte	0x6
 356 0028 0E020000 		.4byte	.LASF0
 357 002c 02       		.uleb128 0x2
 358 002d 01       		.byte	0x1
 359 002e 08       		.byte	0x8
 360 002f 1F010000 		.4byte	.LASF1
 361 0033 02       		.uleb128 0x2
 362 0034 02       		.byte	0x2
 363 0035 05       		.byte	0x5
 364 0036 F5010000 		.4byte	.LASF2
 365 003a 02       		.uleb128 0x2
 366 003b 02       		.byte	0x2
 367 003c 07       		.byte	0x7
 368 003d 0C010000 		.4byte	.LASF3
 369 0041 02       		.uleb128 0x2
 370 0042 04       		.byte	0x4
 371 0043 05       		.byte	0x5
 372 0044 05020000 		.4byte	.LASF4
 373 0048 02       		.uleb128 0x2
 374 0049 04       		.byte	0x4
 375 004a 07       		.byte	0x7
 376 004b FA000000 		.4byte	.LASF5
 377 004f 02       		.uleb128 0x2
 378 0050 08       		.byte	0x8
ARM GAS  C:\Users\info\AppData\Local\Temp\ccy2SbM2.s 			page 20


 379 0051 05       		.byte	0x5
 380 0052 E2010000 		.4byte	.LASF6
 381 0056 02       		.uleb128 0x2
 382 0057 08       		.byte	0x8
 383 0058 07       		.byte	0x7
 384 0059 B9010000 		.4byte	.LASF7
 385 005d 03       		.uleb128 0x3
 386 005e 04       		.byte	0x4
 387 005f 05       		.byte	0x5
 388 0060 696E7400 		.ascii	"int\000"
 389 0064 02       		.uleb128 0x2
 390 0065 04       		.byte	0x4
 391 0066 07       		.byte	0x7
 392 0067 42010000 		.4byte	.LASF8
 393 006b 04       		.uleb128 0x4
 394 006c FF010000 		.4byte	.LASF12
 395 0070 02       		.byte	0x2
 396 0071 E401     		.2byte	0x1e4
 397 0073 2C000000 		.4byte	0x2c
 398 0077 02       		.uleb128 0x2
 399 0078 04       		.byte	0x4
 400 0079 04       		.byte	0x4
 401 007a BA000000 		.4byte	.LASF9
 402 007e 02       		.uleb128 0x2
 403 007f 08       		.byte	0x8
 404 0080 04       		.byte	0x4
 405 0081 3B010000 		.4byte	.LASF10
 406 0085 02       		.uleb128 0x2
 407 0086 01       		.byte	0x1
 408 0087 08       		.byte	0x8
 409 0088 F0010000 		.4byte	.LASF11
 410 008c 04       		.uleb128 0x4
 411 008d F5000000 		.4byte	.LASF13
 412 0091 02       		.byte	0x2
 413 0092 8E02     		.2byte	0x28e
 414 0094 98000000 		.4byte	0x98
 415 0098 05       		.uleb128 0x5
 416 0099 6B000000 		.4byte	0x6b
 417 009d 06       		.uleb128 0x6
 418 009e 2D010000 		.4byte	.LASF14
 419 00a2 01       		.byte	0x1
 420 00a3 39       		.byte	0x39
 421 00a4 00000000 		.4byte	.LFB0
 422 00a8 18000000 		.4byte	.LFE0-.LFB0
 423 00ac 01       		.uleb128 0x1
 424 00ad 9C       		.byte	0x9c
 425 00ae CF000000 		.4byte	0xcf
 426 00b2 07       		.uleb128 0x7
 427 00b3 15000000 		.4byte	.LASF16
 428 00b7 01       		.byte	0x1
 429 00b8 39       		.byte	0x39
 430 00b9 6B000000 		.4byte	0x6b
 431 00bd 00000000 		.4byte	.LLST0
 432 00c1 08       		.uleb128 0x8
 433 00c2 1B000000 		.4byte	.LASF23
 434 00c6 01       		.byte	0x1
 435 00c7 3B       		.byte	0x3b
ARM GAS  C:\Users\info\AppData\Local\Temp\ccy2SbM2.s 			page 21


 436 00c8 6B000000 		.4byte	0x6b
 437 00cc 01       		.uleb128 0x1
 438 00cd 53       		.byte	0x53
 439 00ce 00       		.byte	0
 440 00cf 06       		.uleb128 0x6
 441 00d0 00000000 		.4byte	.LASF15
 442 00d4 01       		.byte	0x1
 443 00d5 5A       		.byte	0x5a
 444 00d6 00000000 		.4byte	.LFB1
 445 00da 18000000 		.4byte	.LFE1-.LFB1
 446 00de 01       		.uleb128 0x1
 447 00df 9C       		.byte	0x9c
 448 00e0 F4000000 		.4byte	0xf4
 449 00e4 07       		.uleb128 0x7
 450 00e5 D0010000 		.4byte	.LASF17
 451 00e9 01       		.byte	0x1
 452 00ea 5A       		.byte	0x5a
 453 00eb 6B000000 		.4byte	0x6b
 454 00ef 21000000 		.4byte	.LLST1
 455 00f3 00       		.byte	0
 456 00f4 09       		.uleb128 0x9
 457 00f5 D5010000 		.4byte	.LASF18
 458 00f9 01       		.byte	0x1
 459 00fa 71       		.byte	0x71
 460 00fb 6B000000 		.4byte	0x6b
 461 00ff 00000000 		.4byte	.LFB2
 462 0103 10000000 		.4byte	.LFE2-.LFB2
 463 0107 01       		.uleb128 0x1
 464 0108 9C       		.byte	0x9c
 465 0109 09       		.uleb128 0x9
 466 010a C0000000 		.4byte	.LASF19
 467 010e 01       		.byte	0x1
 468 010f 8D       		.byte	0x8d
 469 0110 6B000000 		.4byte	0x6b
 470 0114 00000000 		.4byte	.LFB3
 471 0118 10000000 		.4byte	.LFE3-.LFB3
 472 011c 01       		.uleb128 0x1
 473 011d 9C       		.byte	0x9c
 474 011e 00       		.byte	0
 475              		.section	.debug_abbrev,"",%progbits
 476              	.Ldebug_abbrev0:
 477 0000 01       		.uleb128 0x1
 478 0001 11       		.uleb128 0x11
 479 0002 01       		.byte	0x1
 480 0003 25       		.uleb128 0x25
 481 0004 0E       		.uleb128 0xe
 482 0005 13       		.uleb128 0x13
 483 0006 0B       		.uleb128 0xb
 484 0007 03       		.uleb128 0x3
 485 0008 0E       		.uleb128 0xe
 486 0009 1B       		.uleb128 0x1b
 487 000a 0E       		.uleb128 0xe
 488 000b 55       		.uleb128 0x55
 489 000c 17       		.uleb128 0x17
 490 000d 11       		.uleb128 0x11
 491 000e 01       		.uleb128 0x1
 492 000f 10       		.uleb128 0x10
ARM GAS  C:\Users\info\AppData\Local\Temp\ccy2SbM2.s 			page 22


 493 0010 17       		.uleb128 0x17
 494 0011 00       		.byte	0
 495 0012 00       		.byte	0
 496 0013 02       		.uleb128 0x2
 497 0014 24       		.uleb128 0x24
 498 0015 00       		.byte	0
 499 0016 0B       		.uleb128 0xb
 500 0017 0B       		.uleb128 0xb
 501 0018 3E       		.uleb128 0x3e
 502 0019 0B       		.uleb128 0xb
 503 001a 03       		.uleb128 0x3
 504 001b 0E       		.uleb128 0xe
 505 001c 00       		.byte	0
 506 001d 00       		.byte	0
 507 001e 03       		.uleb128 0x3
 508 001f 24       		.uleb128 0x24
 509 0020 00       		.byte	0
 510 0021 0B       		.uleb128 0xb
 511 0022 0B       		.uleb128 0xb
 512 0023 3E       		.uleb128 0x3e
 513 0024 0B       		.uleb128 0xb
 514 0025 03       		.uleb128 0x3
 515 0026 08       		.uleb128 0x8
 516 0027 00       		.byte	0
 517 0028 00       		.byte	0
 518 0029 04       		.uleb128 0x4
 519 002a 16       		.uleb128 0x16
 520 002b 00       		.byte	0
 521 002c 03       		.uleb128 0x3
 522 002d 0E       		.uleb128 0xe
 523 002e 3A       		.uleb128 0x3a
 524 002f 0B       		.uleb128 0xb
 525 0030 3B       		.uleb128 0x3b
 526 0031 05       		.uleb128 0x5
 527 0032 49       		.uleb128 0x49
 528 0033 13       		.uleb128 0x13
 529 0034 00       		.byte	0
 530 0035 00       		.byte	0
 531 0036 05       		.uleb128 0x5
 532 0037 35       		.uleb128 0x35
 533 0038 00       		.byte	0
 534 0039 49       		.uleb128 0x49
 535 003a 13       		.uleb128 0x13
 536 003b 00       		.byte	0
 537 003c 00       		.byte	0
 538 003d 06       		.uleb128 0x6
 539 003e 2E       		.uleb128 0x2e
 540 003f 01       		.byte	0x1
 541 0040 3F       		.uleb128 0x3f
 542 0041 19       		.uleb128 0x19
 543 0042 03       		.uleb128 0x3
 544 0043 0E       		.uleb128 0xe
 545 0044 3A       		.uleb128 0x3a
 546 0045 0B       		.uleb128 0xb
 547 0046 3B       		.uleb128 0x3b
 548 0047 0B       		.uleb128 0xb
 549 0048 27       		.uleb128 0x27
ARM GAS  C:\Users\info\AppData\Local\Temp\ccy2SbM2.s 			page 23


 550 0049 19       		.uleb128 0x19
 551 004a 11       		.uleb128 0x11
 552 004b 01       		.uleb128 0x1
 553 004c 12       		.uleb128 0x12
 554 004d 06       		.uleb128 0x6
 555 004e 40       		.uleb128 0x40
 556 004f 18       		.uleb128 0x18
 557 0050 9742     		.uleb128 0x2117
 558 0052 19       		.uleb128 0x19
 559 0053 01       		.uleb128 0x1
 560 0054 13       		.uleb128 0x13
 561 0055 00       		.byte	0
 562 0056 00       		.byte	0
 563 0057 07       		.uleb128 0x7
 564 0058 05       		.uleb128 0x5
 565 0059 00       		.byte	0
 566 005a 03       		.uleb128 0x3
 567 005b 0E       		.uleb128 0xe
 568 005c 3A       		.uleb128 0x3a
 569 005d 0B       		.uleb128 0xb
 570 005e 3B       		.uleb128 0x3b
 571 005f 0B       		.uleb128 0xb
 572 0060 49       		.uleb128 0x49
 573 0061 13       		.uleb128 0x13
 574 0062 02       		.uleb128 0x2
 575 0063 17       		.uleb128 0x17
 576 0064 00       		.byte	0
 577 0065 00       		.byte	0
 578 0066 08       		.uleb128 0x8
 579 0067 34       		.uleb128 0x34
 580 0068 00       		.byte	0
 581 0069 03       		.uleb128 0x3
 582 006a 0E       		.uleb128 0xe
 583 006b 3A       		.uleb128 0x3a
 584 006c 0B       		.uleb128 0xb
 585 006d 3B       		.uleb128 0x3b
 586 006e 0B       		.uleb128 0xb
 587 006f 49       		.uleb128 0x49
 588 0070 13       		.uleb128 0x13
 589 0071 02       		.uleb128 0x2
 590 0072 18       		.uleb128 0x18
 591 0073 00       		.byte	0
 592 0074 00       		.byte	0
 593 0075 09       		.uleb128 0x9
 594 0076 2E       		.uleb128 0x2e
 595 0077 00       		.byte	0
 596 0078 3F       		.uleb128 0x3f
 597 0079 19       		.uleb128 0x19
 598 007a 03       		.uleb128 0x3
 599 007b 0E       		.uleb128 0xe
 600 007c 3A       		.uleb128 0x3a
 601 007d 0B       		.uleb128 0xb
 602 007e 3B       		.uleb128 0x3b
 603 007f 0B       		.uleb128 0xb
 604 0080 27       		.uleb128 0x27
 605 0081 19       		.uleb128 0x19
 606 0082 49       		.uleb128 0x49
ARM GAS  C:\Users\info\AppData\Local\Temp\ccy2SbM2.s 			page 24


 607 0083 13       		.uleb128 0x13
 608 0084 11       		.uleb128 0x11
 609 0085 01       		.uleb128 0x1
 610 0086 12       		.uleb128 0x12
 611 0087 06       		.uleb128 0x6
 612 0088 40       		.uleb128 0x40
 613 0089 18       		.uleb128 0x18
 614 008a 9742     		.uleb128 0x2117
 615 008c 19       		.uleb128 0x19
 616 008d 00       		.byte	0
 617 008e 00       		.byte	0
 618 008f 00       		.byte	0
 619              		.section	.debug_loc,"",%progbits
 620              	.Ldebug_loc0:
 621              	.LLST0:
 622 0000 00000000 		.4byte	.LVL0
 623 0004 0A000000 		.4byte	.LVL2
 624 0008 0100     		.2byte	0x1
 625 000a 50       		.byte	0x50
 626 000b 0A000000 		.4byte	.LVL2
 627 000f 18000000 		.4byte	.LFE0
 628 0013 0400     		.2byte	0x4
 629 0015 F3       		.byte	0xf3
 630 0016 01       		.uleb128 0x1
 631 0017 50       		.byte	0x50
 632 0018 9F       		.byte	0x9f
 633 0019 00000000 		.4byte	0
 634 001d 00000000 		.4byte	0
 635              	.LLST1:
 636 0021 00000000 		.4byte	.LVL3
 637 0025 0C000000 		.4byte	.LVL4
 638 0029 0100     		.2byte	0x1
 639 002b 50       		.byte	0x50
 640 002c 0C000000 		.4byte	.LVL4
 641 0030 18000000 		.4byte	.LFE1
 642 0034 0400     		.2byte	0x4
 643 0036 F3       		.byte	0xf3
 644 0037 01       		.uleb128 0x1
 645 0038 50       		.byte	0x50
 646 0039 9F       		.byte	0x9f
 647 003a 00000000 		.4byte	0
 648 003e 00000000 		.4byte	0
 649              		.section	.debug_aranges,"",%progbits
 650 0000 34000000 		.4byte	0x34
 651 0004 0200     		.2byte	0x2
 652 0006 00000000 		.4byte	.Ldebug_info0
 653 000a 04       		.byte	0x4
 654 000b 00       		.byte	0
 655 000c 0000     		.2byte	0
 656 000e 0000     		.2byte	0
 657 0010 00000000 		.4byte	.LFB0
 658 0014 18000000 		.4byte	.LFE0-.LFB0
 659 0018 00000000 		.4byte	.LFB1
 660 001c 18000000 		.4byte	.LFE1-.LFB1
 661 0020 00000000 		.4byte	.LFB2
 662 0024 10000000 		.4byte	.LFE2-.LFB2
 663 0028 00000000 		.4byte	.LFB3
ARM GAS  C:\Users\info\AppData\Local\Temp\ccy2SbM2.s 			page 25


 664 002c 10000000 		.4byte	.LFE3-.LFB3
 665 0030 00000000 		.4byte	0
 666 0034 00000000 		.4byte	0
 667              		.section	.debug_ranges,"",%progbits
 668              	.Ldebug_ranges0:
 669 0000 00000000 		.4byte	.LFB0
 670 0004 18000000 		.4byte	.LFE0
 671 0008 00000000 		.4byte	.LFB1
 672 000c 18000000 		.4byte	.LFE1
 673 0010 00000000 		.4byte	.LFB2
 674 0014 10000000 		.4byte	.LFE2
 675 0018 00000000 		.4byte	.LFB3
 676 001c 10000000 		.4byte	.LFE3
 677 0020 00000000 		.4byte	0
 678 0024 00000000 		.4byte	0
 679              		.section	.debug_line,"",%progbits
 680              	.Ldebug_line0:
 681 0000 90000000 		.section	.debug_str,"MS",%progbits,1
 681      02004400 
 681      00000201 
 681      FB0E0D00 
 681      01010101 
 682              	.LASF15:
 683 0000 70696E5F 		.ascii	"pin_led_SetDriveMode\000"
 683      6C65645F 
 683      53657444 
 683      72697665 
 683      4D6F6465 
 684              	.LASF16:
 685 0015 76616C75 		.ascii	"value\000"
 685      6500
 686              	.LASF23:
 687 001b 73746174 		.ascii	"staticBits\000"
 687      69634269 
 687      747300
 688              	.LASF20:
 689 0026 474E5520 		.ascii	"GNU C11 5.4.1 20160609 (release) [ARM/embedded-5-br"
 689      43313120 
 689      352E342E 
 689      31203230 
 689      31363036 
 690 0059 616E6368 		.ascii	"anch revision 237715] -mcpu=cortex-m3 -mthumb -g -O"
 690      20726576 
 690      6973696F 
 690      6E203233 
 690      37373135 
 691 008c 67202D66 		.ascii	"g -ffunction-sections -ffat-lto-objects -flto\000"
 691      66756E63 
 691      74696F6E 
 691      2D736563 
 691      74696F6E 
 692              	.LASF9:
 693 00ba 666C6F61 		.ascii	"float\000"
 693      7400
 694              	.LASF19:
 695 00c0 70696E5F 		.ascii	"pin_led_ReadDataReg\000"
 695      6C65645F 
ARM GAS  C:\Users\info\AppData\Local\Temp\ccy2SbM2.s 			page 26


 695      52656164 
 695      44617461 
 695      52656700 
 696              	.LASF21:
 697 00d4 47656E65 		.ascii	"Generated_Source\\PSoC5\\pin_led.c\000"
 697      72617465 
 697      645F536F 
 697      75726365 
 697      5C50536F 
 698              	.LASF13:
 699 00f5 72656738 		.ascii	"reg8\000"
 699      00
 700              	.LASF5:
 701 00fa 6C6F6E67 		.ascii	"long unsigned int\000"
 701      20756E73 
 701      69676E65 
 701      6420696E 
 701      7400
 702              	.LASF3:
 703 010c 73686F72 		.ascii	"short unsigned int\000"
 703      7420756E 
 703      7369676E 
 703      65642069 
 703      6E7400
 704              	.LASF1:
 705 011f 756E7369 		.ascii	"unsigned char\000"
 705      676E6564 
 705      20636861 
 705      7200
 706              	.LASF14:
 707 012d 70696E5F 		.ascii	"pin_led_Write\000"
 707      6C65645F 
 707      57726974 
 707      6500
 708              	.LASF10:
 709 013b 646F7562 		.ascii	"double\000"
 709      6C6500
 710              	.LASF8:
 711 0142 756E7369 		.ascii	"unsigned int\000"
 711      676E6564 
 711      20696E74 
 711      00
 712              	.LASF22:
 713 014f 433A5C55 		.ascii	"C:\\Users\\info\\Desktop\\Spring 2019 Classes\\6.11"
 713      73657273 
 713      5C696E66 
 713      6F5C4465 
 713      736B746F 
 714 017d 355C362E 		.ascii	"5\\6.115-final\\PSoCCreator\\Final Project\\FinalEm"
 714      3131352D 
 714      66696E61 
 714      6C5C5053 
 714      6F434372 
 715 01ac 756C6174 		.ascii	"ulator.cydsn\000"
 715      6F722E63 
 715      7964736E 
 715      00
ARM GAS  C:\Users\info\AppData\Local\Temp\ccy2SbM2.s 			page 27


 716              	.LASF7:
 717 01b9 6C6F6E67 		.ascii	"long long unsigned int\000"
 717      206C6F6E 
 717      6720756E 
 717      7369676E 
 717      65642069 
 718              	.LASF17:
 719 01d0 6D6F6465 		.ascii	"mode\000"
 719      00
 720              	.LASF18:
 721 01d5 70696E5F 		.ascii	"pin_led_Read\000"
 721      6C65645F 
 721      52656164 
 721      00
 722              	.LASF6:
 723 01e2 6C6F6E67 		.ascii	"long long int\000"
 723      206C6F6E 
 723      6720696E 
 723      7400
 724              	.LASF11:
 725 01f0 63686172 		.ascii	"char\000"
 725      00
 726              	.LASF2:
 727 01f5 73686F72 		.ascii	"short int\000"
 727      7420696E 
 727      7400
 728              	.LASF12:
 729 01ff 75696E74 		.ascii	"uint8\000"
 729      3800
 730              	.LASF4:
 731 0205 6C6F6E67 		.ascii	"long int\000"
 731      20696E74 
 731      00
 732              	.LASF0:
 733 020e 7369676E 		.ascii	"signed char\000"
 733      65642063 
 733      68617200 
 734              		.comm	__gnu_lto_v1,1,1
 735              		.ident	"GCC: (GNU Tools for ARM Embedded Processors) 5.4.1 20160609 (release) [ARM/embedded-5-bran
