ARM GAS  C:\Users\info\AppData\Local\Temp\ccT1YWUO.s 			page 1


   1              		.syntax unified
   2              		.cpu cortex-m3
   3              		.fpu softvfp
   4              		.eabi_attribute 20, 1
   5              		.eabi_attribute 21, 1
   6              		.eabi_attribute 23, 3
   7              		.eabi_attribute 24, 1
   8              		.eabi_attribute 25, 1
   9              		.eabi_attribute 26, 1
  10              		.eabi_attribute 30, 1
  11              		.eabi_attribute 34, 1
  12              		.eabi_attribute 18, 4
  13              		.thumb
  14              		.syntax unified
  15              		.file	"pin_oled_clk.c"
  16              		.text
  17              	.Ltext0:
  18              		.section	.gnu.lto_.profile.792a0746,"",%progbits
  19 0000 789C6361 		.ascii	"x\234ca`d`a`\000\222bB\000\000\250\0003"
  19      60646061 
  19      60009262 
  19      420000A8 
  19      0033
  20              		.text
  21              		.section	.gnu.lto_.inline.792a0746,"",%progbits
  22 0000 789C6361 		.ascii	"x\234ca`d\000\001?\006\004`a`\340`gd`\342\232\340\307"
  22      60640001 
  22      3F060460 
  22      6160E060 
  22      676460E2 
  23 0017 C0B6409E 		.ascii	"\300\266@\236\011$\306\210)\304\304\300\312\002\024"
  23      0924C688 
  23      29C4C4C0 
  23      CA0214
  24 0026 6259200F 		.ascii	"bY \017\027b\306\024b\000\000(2\007\014"
  24      1762C614 
  24      62000028 
  24      32070C
  25              		.text
  26              		.section	.gnu.lto_.jmpfuncs.792a0746,"",%progbits
  27 0000 789C6361 		.ascii	"x\234ca`d\000\001>\006\004`\001b\240(\023\003\0033\220"
  27      60640001 
  27      3E060460 
  27      0162A028 
  27      13030333 
  28 0015 05000292 		.ascii	"\005\000\002\222\000\036"
  28      001E
  29              		.text
  30              		.section	.gnu.lto_.pureconst.792a0746,"",%progbits
  31 0000 789C6361 		.ascii	"x\234ca`d\340d```a\220b\224b\222b\226\002\000\002\261"
  31      6064E064 
  31      60606061 
  31      90629462 
  31      92629602 
  32 0017 0081     		.ascii	"\000\201"
  33              		.text
  34              		.section	.gnu.lto_pin_oled_clk_Write.792a0746,"",%progbits
ARM GAS  C:\Users\info\AppData\Local\Temp\ccT1YWUO.s 			page 2


  35 0000 789C5550 		.ascii	"x\234UPMK\033Q\024\275\347\275L\014~\375\201f\341F%"
  35      4D4B1B51 
  35      14BDE7BD 
  35      4C0C7EFD 
  35      8166E146 
  36 0015 1B2D942E 		.ascii	"\033-\224.\334\326E\267\245n\003\022\322Y\004\243)\032"
  36      DCD645B7 
  36      A56E0312 
  36      D25904A3 
  36      291A
  37 0027 DDFAC618 		.ascii	"\335\372\306\030\203\355\306EkV\255P\021\323V\243\021"
  37      83EDC645 
  37      6B56AD50 
  37      11D356A3 
  37      11
  38 0038 140417C3 		.ascii	"\024\004\027\303\254\213\"H\013m-\342b\012]\245`\250"
  38      AC8B2248 
  38      0B6D2DE2 
  38      620A5DA5 
  38      60A8
  39 004a F815EF9D 		.ascii	"\370\025\357\235\351B\037\274yo\316;\347\334so\204@"
  39      E9421FBC 
  39      796FCE3B 
  39      E7DC736F 
  39      8440
  40 005c C1524403 		.ascii	"\301RD\003|<\340\015MP\013\373DNL\001r11\320\264\302"
  40      7C3CE00D 
  40      4D500BFB 
  40      444E4C01 
  40      723131D0 
  41 0072 341AEA5A 		.ascii	"4\032\352Z\301+\371\273*\261jx\235\254\274\327\246\342"
  41      C12BF9BB 
  41      2AB16A78 
  41      9DACBCD7 
  41      A6E2
  42 0084 A2A8899A 		.ascii	"\242\250\211\232*t\302*\022\314\372\275W:\202N\200\370"
  42      2A74C22A 
  42      12CCFABD 
  42      573A824E 
  42      80F8
  43 0096 3EE735EA 		.ascii	">\3475\352m\275+\306\314\030\323L\032]\324@\005\232"
  43      6DBD2BC6 
  43      CC18D34C 
  43      1A5DD440 
  43      059A
  44 00a8 157814C7 		.ascii	"\025x\024\307\30381@\370\210^!\237\177?\252v\352\376"
  44      C3383140 
  44      F8885E21 
  44      9F7F3FAA 
  44      76EAFE
  45 00bb 40B860FC 		.ascii	"@\270`\374\017\355\335\313\"t\377\215\226\215\353t\211"
  45      0FEDDDCB 
  45      2274FF8D 
  45      968DEB74 
  45      89
  46 00cc F6D35DAD 		.ascii	"\366\323]\255,\246\236\326n\336vDg%U\027>\243;\314\203"
  46      2CA69ED6 
ARM GAS  C:\Users\info\AppData\Local\Temp\ccT1YWUO.s 			page 3


  46      6EDE7644 
  46      67255517 
  46      3EA33BCC 
  47 00e1 3544B943 		.ascii	"5D\271C\010\262\361\3345\315f\301\270\015\253\241c\212"
  47      08B2F1DC 
  47      35CD66C1 
  47      B80DABA1 
  47      638A
  48 00f3 8B2AEE94 		.ascii	"\213*\356\224\037\"\220\332\226\000Q\371\020\325yK\343"
  48      1F2290DA 
  48      960051F9 
  48      10D5794B 
  48      E3
  49 0104 7F959253 		.ascii	"\177\225\222S\373\360.^\375*\267\210]A\313\020\026\213"
  49      FBF02E5E 
  49      FD2AB788 
  49      5D41CB10 
  49      168B
  50 0116 DE41CB99 		.ascii	"\336A\313\231*j\035\004=\254\034\227\377\377\272\313"
  50      2A6A1D04 
  50      3DAC1C97 
  50      FFFFBACB 
  51 0126 8E893054 		.ascii	"\216\2110T\3359\231o_\302;g\226\307\023A\025q\254\203"
  51      DD39996F 
  51      5FC23B67 
  51      96C71341 
  51      1571AC83 
  52 013a E362034B 		.ascii	"\343b\003K \037\205\253\271\237\010\015u\350\371\343"
  52      201F85AB 
  52      B99F080D 
  52      75E8F9E3 
  53 014a F5D7371D 		.ascii	"\365\3277\035b\002\334\000\233L>\205\012:\340\220\314"
  53      6202DC00 
  53      9B4C3E85 
  53      0A3AE090 
  53      CC
  54 015b 0A45FE37 		.ascii	"\012E\3767+TY\005-u\266K_j\255\242\3426Pc\021\263\316"
  54      2B545905 
  54      2D75B64B 
  54      5F6AADA2 
  54      E2365063 
  55 0172 A32125F4 		.ascii	"\243!%\364\266\030\362\026\203Z\367r9\306\264\335\217"
  55      B618F216 
  55      835AF772 
  55      39C6B4DD 
  55      8F
  56 0183 B6C5D158 		.ascii	"\266\305\321XE\1770\343^\006e\202\361\326\025d\014<"
  56      457F30E3 
  56      5E066582 
  56      F1D61564 
  56      0C3C
  57 0195 949EA7F6 		.ascii	"\224\236\247\366\230=\236\312\333/\206\207r\223\343"
  57      983D9ECA 
  57      DB2F8687 
  57      7293E3
  58 01a4 693BF96C 		.ascii	"i;\371l(7\3708\371236\234\3132\232\316\216\364\245\311"
  58      2837F838 
ARM GAS  C:\Users\info\AppData\Local\Temp\ccT1YWUO.s 			page 4


  58      F9323336 
  58      9CCB329A 
  58      CE8EF4A5 
  59 01b9 9A4A6527 		.ascii	"\232Je'\355\326\211|*\237I?\311\344'n\001 9\270\207"
  59      EDD6897C 
  59      2A9F493F 
  59      C9E4276E 
  59      012039B8 
  60              		.text
  61              		.section	.gnu.lto_pin_oled_clk_SetDriveMode.792a0746,"",%progbits
  62 0000 789C7D51 		.ascii	"x\234}QMK\033Q\024\275\347\275\311\314\004\321?\320"
  62      4D4B1B51 
  62      14BDE7BD 
  62      C9CC04D1 
  62      3FD0
  63 0012 2C5C55B2 		.ascii	",\\U\262P\204\342/\020\332mi\266J(q\026\342GT\352\332"
  63      5084E22F 
  63      10DA6D69 
  63      B64A2871 
  63      16E24754 
  64 0028 978C4168 		.ascii	"\227\214Ah7\205\322lj\324\215\230\326h\024W\356\306"
  64      3785D26C 
  64      6AD48D98 
  64      D6681457 
  64      EEC6
  65 003a 80AE4477 		.ascii	"\200\256Dw.\\\224\320E,\005%\361\203\026[M\357\235\351"
  65      2E5C94D0 
  65      452C0525 
  65      F183165B 
  65      4DEF9DE9 
  66 004e 22AB3EE6 		.ascii	"\"\253>\346\335\217\3039\207{\337X\004\222\363\235S"
  66      DD8FC339 
  66      877BDF58 
  66      0492F39D 
  66      53
  67 005f 3FE7277C 		.ascii	"?\347'|\241\011\352\375\011Q\316U\200\024\306\005-("
  67      A109EAFD 
  67      0951CE55 
  67      8014C605 
  67      2D28
  68 0071 2CE04E3D 		.ascii	",\340N=(\324\226\032\373*\271a\370\324\017\257\006M"
  68      28D4961A 
  68      FB2AB961 
  68      F8D40FAF 
  68      064D
  69 0083 39404113 		.ascii	"9@A\023\265U\350D\330@\222Y7{\353\037\272t\022\304u"
  69      B555E844 
  69      D8409259 
  69      377BEB1F 
  69      BA7412C4 
  70 0098 EBA4F9B5 		.ascii	"\353\244\371\265\247o\335\230\2741\245Q\243\013\032"
  70      A76FDD98 
  70      BC31A551 
  70      A30B1A
  71 00a7 2843B302 		.ascii	"(C\263\002\317\022\030L\020\003\204\317\350\023\362"
  71      CF12184C 
  71      100384CF 
ARM GAS  C:\Users\info\AppData\Local\Temp\ccT1YWUO.s 			page 5


  71      E813F2
  72 00b6 B7DDC78F 		.ascii	"\267\335\307\217\335\366\242\330\367F\246\370\002[\306"
  72      DDF6A2D8 
  72      F746A6F8 
  72      025BC6
  73 00c5 ACBE0A4C 		.ascii	"\254\276\012L\273\355\233\340\247}pow)\226)\315A[\022"
  73      BBED9BE0 
  73      A77D706F 
  73      77299629 
  73      CD415B12 
  74 00d9 6210075B 		.ascii	"b\020\007[JG\202+!.\034\242&_Y\244\245\224d\335@\355"
  74      4A47822B 
  74      212E1CA2 
  74      265F59A4 
  74      A59464DD 
  75 00ef FE6DE393 		.ascii	"\376m\343\223%\316\276\226\245\212\205\332\251s\253"
  75      25CEBE96 
  75      A58A85DA 
  75      A973AB
  76 00fe 0ADA0A27 		.ascii	"\012\332\012'.\373\307-7j\353k9c1\264\\\277X\351^E)"
  76      2EFBC72D 
  76      376AEB6B 
  76      396331B4 
  76      5CBF58E9 
  77 0115 B7C8EBC6 		.ascii	"\267\310\353\306PA\002\233H\360t[X\0055\220\277v\";"
  77      5041029B 
  77      48F0745B 
  77      58053590 
  77      BF76223B 
  78 0129 CD8EDCFB 		.ascii	"\315\216\334\373\177\354\250\267\030b\375\371\321\273"
  78      7FECA8B7 
  78      1862FDF9 
  78      D1BB
  79 0137 87B8586A 		.ascii	"\207\270Xj\314b\233\225\035\022\376b\235\022\207!\226"
  79      CC629B95 
  79      1D12FE62 
  79      9D128721 
  79      96
  80 0148 5C9E6D56 		.ascii	"\\\236mVt$\351A5\224\370\277\376Q\334\320\330\351t\211"
  80      7424E941 
  80      3594F8BF 
  80      FE51DCD0 
  80      D8E97489 
  81 015c 33CA7DAD 		.ascii	"3\312}\255\010\351\3777\362\016\217\314|\372\201|\360"
  81      08E9FF37 
  81      F20E8FCC 
  81      7CFA817C 
  81      F0
  82 016d FBB9B0C3 		.ascii	"\373\271\260\303_\327T\220\347\341\307z\372\302\233"
  82      5FD75490 
  82      E7E1C77A 
  82      FAC29B
  83 017c F6E65EBF 		.ascii	"\366\346^\277\361\306\322\251\354\374\\\306\033y\231"
  83      F1C6D2A9 
  83      ECFC5CC6 
  83      1B7999
  84 018b CA0E0F8D 		.ascii	"\312\016\017\215\314\214O\247\263\223\214f&'\0062dM"
ARM GAS  C:\Users\info\AppData\Local\Temp\ccT1YWUO.s 			page 6


  84      CC8C4FA7 
  84      B3938C66 
  84      26270632 
  84      644D
  85 019d 65C7BCBF 		.ascii	"e\307\274\277\244\016\250\310"
  85      A40EA8C8 
  86              		.text
  87              		.section	.gnu.lto_pin_oled_clk_Read.792a0746,"",%progbits
  88 0000 789C6361 		.ascii	"x\234ca`d\000\001f \245\001\244\245\201\230\221\231"
  88      60640001 
  88      6620A501 
  88      A4A58198 
  88      9199
  89 0012 819169C2 		.ascii	"\201\221i\3029\006\206F\016&FF\020\243\201\203\221\241"
  89      39068646 
  89      0E264646 
  89      10A38183 
  89      91A1
  90 0024 9E89B19E 		.ascii	"\236\211\261\236\361+\323_&\306\323\337O\364pi.ohhj"
  90      F12BD35F 
  90      26C6D3DF 
  90      4FF47069 
  90      2E6F6868 
  91 0039 78B0F497 		.ascii	"x\260\364\227\305\364\025\007\030[\231\031\030\3763"
  91      C5F41507 
  91      185B9919 
  91      18FE33
  92 0048 31301ACB 		.ascii	"10\032\3130\032\310\200\214X\316\250\311\000T\372h\343"
  92      301AC880 
  92      8C58CEA8 
  92      C90054FA 
  92      68E3
  93 005a BFA9BC6C 		.ascii	"\277\251\274l-\015@\240\000R\000\224Y\301\310\006\262"
  93      2D0D40A0 
  93      00520094 
  93      59C1C806 
  93      B2
  94 006b 727DD081 		.ascii	"r}\320\201\206\377\377\233\033\016\\e?x\203\235\205"
  94      86FFFF9B 
  94      1B0E5C65 
  94      3F78839D 
  94      85
  95 007c 89A19519 		.ascii	"\211\241\225\031h/\310\034\206\017@u [?21\201h\346g"
  95      682FC81C 
  95      860F4075 
  95      205B3F32 
  95      318168E6 
  96 0091 8C877E75 		.ascii	"\214\207~u\335\233g\005\322\332\314\014r\301\264\326"
  96      DD9B6705 
  96      D2DACC0C 
  96      72C1B4D6 
  97 00a1 43E7D9BF 		.ascii	"C\347\331\2770\265231\202lY9q\373'(\367\340\342\306"
  97      30B53233 
  97      31826C59 
  97      3971FB27 
  97      28F7E0E2 
  98 00b6 0616A050 		.ascii	"\006\026\240P\343\366\265\307\331\3473\316ml\001\272"
ARM GAS  C:\Users\info\AppData\Local\Temp\ccT1YWUO.s 			page 7


  98      E3F6B5C7 
  98      D9E733CE 
  98      6D6C01BA 
  99 00c6 8D997115 		.ascii	"\215\231q\025\243\014\343JF\240\313\030W3\316gdx\306"
  99      A30CE34A 
  99      46A0CB18 
  99      5733CE67 
  99      6478C6
 100 00d9 D8FCA7ED 		.ascii	"\330\374\247\355\011#\304@f\210\231[\333\317l\344\002"
 100      0923C440 
 100      6688995B 
 100      DBCF6CE4 
 100      02
 101 00ea 19C2C0C8 		.ascii	"\031\302\300\310\310\270\006\250\366\025#\023T\001\003"
 101      C8B806A8 
 101      F6152313 
 101      540103
 102 00f9 D8518C20 		.ascii	"\330Q\214 \307\000\235\246\346\236\232\227Z\224X\222"
 102      C7009DA6 
 102      E69E9A97 
 102      5A945892 
 103 0109 9A121F9C 		.ascii	"\232\022\037\234_Z\224\234\032\023\020\234\357l\032"
 103      5F5A949C 
 103      1A13109C 
 103      EF6C1A
 104 0118 53909917 		.ascii	"S\220\231\027\237\237\003\024M\316\311\326Kf\000\000"
 104      9F9F0314 
 104      4DCEC9D6 
 104      4B660000 
 105 0128 B1076660 		.ascii	"\261\007f`"
 106              		.text
 107              		.section	.gnu.lto_pin_oled_clk_ReadDataReg.792a0746,"",%progbits
 108 0000 789C6361 		.ascii	"x\234ca`d\000\001f \245\001\244\245\201\230\221\231"
 108      60640001 
 108      6620A501 
 108      A4A58198 
 108      9199
 109 0012 819169C2 		.ascii	"\201\221i\3029\006\206F\016&FF\020\243\201\203\221\241"
 109      39068646 
 109      0E264646 
 109      10A38183 
 109      91A1
 110 0024 9E89B19E 		.ascii	"\236\211\261\236\361+\323_&\306\323\337O\364pi.ohhj"
 110      F12BD35F 
 110      26C6D3DF 
 110      4FF47069 
 110      2E6F6868 
 111 0039 78B074B9 		.ascii	"x\260t\271\345\364\025\007\030[\231\031\030\376310\032"
 111      E5F41507 
 111      185B9919 
 111      18FE3331 
 111      301A
 112 004b CB301AC8 		.ascii	"\3130\032\310\200\214X\316\250\311\000T\372h\343\277"
 112      808C58CE 
 112      A8C90054 
 112      FA68E3BF 
 113 005b A9BC6C2D 		.ascii	"\251\274l-\015@\240\000R\000\224Y\301\310\006\262r}"
ARM GAS  C:\Users\info\AppData\Local\Temp\ccT1YWUO.s 			page 8


 113      0D40A000 
 113      52009459 
 113      C1C806B2 
 113      727D
 114 006d D08186FF 		.ascii	"\320\201\206\377\377\233\033\016\354\345:x\201\213\205"
 114      FF9B1B0E 
 114      ECE53A78 
 114      818B85
 115 007c 89A19519 		.ascii	"\211\241\225\031h/\310\034\206\017@u [?21\201h\346g"
 115      682FC81C 
 115      860F4075 
 115      205B3F32 
 115      318168E6 
 116 0091 8C877E75 		.ascii	"\214\207~u\375[i\005\322\332\314\014r\301\264\326C\347"
 116      FD5B6905 
 116      D2DACC0C 
 116      72C1B4D6 
 116      43E7
 117 00a3 D9BF30B5 		.ascii	"\331\2770\265231\202l\271\270\342\356t(\367\300\342"
 117      32333182 
 117      6CB9B8E2 
 117      EE7428F7 
 117      C0E2
 118 00b5 C60616A0 		.ascii	"\306\006\026\240\320\272m\017:y\3463\316ml\001\272\215"
 118      D0BA6D0F 
 118      3A79E633 
 118      CE6D6C01 
 118      BA8D
 119 00c7 997115A3 		.ascii	"\231q\025\243\014\343JF\240\313\030W3\316gdx\306\330"
 119      0CE34A46 
 119      A0CB1857 
 119      33CE6764 
 119      78C6D8
 120 00da FCA7ED09 		.ascii	"\374\247\355\011#\304@f\210\231[\333\317l\344\002\031"
 120      23C44066 
 120      88995BDB 
 120      CF6CE402 
 120      19
 121 00eb C2C0C8C8 		.ascii	"\302\300\310\310\270\006\250\366\025#\023T\001\003\330"
 121      B806A8F6 
 121      15231354 
 121      0103D8
 122 00fa 518C20C7 		.ascii	"Q\214 \307\000\235\246\346\236\232\227Z\224X\222\232"
 122      009DA6E6 
 122      9E9A975A 
 122      9458929A 
 123 010a 121F9C5F 		.ascii	"\022\037\234_Z\224\234\032\023\020\234\357l\032S\220"
 123      5A949C1A 
 123      13109CEF 
 123      6C1A5390 
 124 011a 99179F9F 		.ascii	"\231\027\237\237\003\024M\316\311\326Kf\000\000xPfN"
 124      03144DCE 
 124      C9D64B66 
 124      00007850 
 124      664E
 125              		.text
 126              		.section	.gnu.lto_.symbol_nodes.792a0746,"",%progbits
ARM GAS  C:\Users\info\AppData\Local\Temp\ccT1YWUO.s 			page 9


 127 0000 789C6361 		.ascii	"x\234ca`dpc\000\002&\206z\006\206\011\347\030@\324\252"
 127      60647063 
 127      00022686 
 127      7A068609 
 127      E71840D4 
 128 0015 0645A000 		.ascii	"\006E\240\000c=#\252\000S=\023\252\000s=3\212\000\003"
 128      633D23AA 
 128      00533D13 
 128      AA00733D 
 128      338A0003 
 129 0029 001ED60E 		.ascii	"\000\036\326\016\374"
 129      FC
 130              		.text
 131              		.section	.gnu.lto_.refs.792a0746,"",%progbits
 132 0000 789C6361 		.ascii	"x\234ca`\004B \000\000\0009\000\007"
 132      60044220 
 132      00000039 
 132      0007
 133              		.text
 134              		.section	.gnu.lto_.decls.792a0746,"",%progbits
 135 0000 789C8D53 		.ascii	"x\234\215S]H\024Q\024\276gf\\e\332\322$b\203%\314\207"
 135      5D481451 
 135      14BE6766 
 135      5C65DAD2 
 135      24628325 
 136 0016 F0A52589 		.ascii	"\360\245%\211\300\207\260@\311^\212\320\262\027A\326"
 136      C087B040 
 136      C95E8AD0 
 136      B21741D6 
 137 0026 7530C954 		.ascii	"u0\311T\2665\360\355\346ZY\275(\244\261bd\006\245\271"
 137      B635F0ED 
 137      E65A59BD 
 137      28A4B162 
 137      6406A5B9 
 138 003a F9EFB6BB 		.ascii	"\371\357\266\273enV*\201\224\010\222h&m=X\022F>$h\333"
 138      656E562A 
 138      81940892 
 138      68266D3D 
 138      5812463E 
 139 0051 B977679D 		.ascii	"\271wg\235QW\352\300\235{\316=\347\373\316w\317\314"
 139      5157EAC0 
 139      9D7BCE3D 
 139      E7FBCE77 
 139      CFCC
 140 0063 480408B3 		.ascii	"H\004\010\263t\211\020\017\356\011\030\206\320b\320"
 140      7489100F 
 140      EE091886 
 140      D062D0
 141 0072 CF259A61 		.ascii	"\317%\232a\232\364\342\352\307\345\305\345'\233\215"
 141      9AF4E2EA 
 141      C7E5C5E5 
 141      279B8D
 142 0081 E523B80E 		.ascii	"\345#\270\016\\f\\\203\270\006\324<\2505\033\215q\032"
 142      5C665C83 
 142      B806D43C 
 142      A8351B8D 
 142      711A
ARM GAS  C:\Users\info\AppData\Local\Temp\ccT1YWUO.s 			page 10


 143 0093 36E00251 		.ascii	"6\340\002Q\260\375Q\260^U\333V\375\274Q0\376\177`\242"
 143      B0FD51B0 
 143      5E55DB56 
 143      FDBC5130 
 143      FE7F60A2 
 144 00a7 DD6D5500 		.ascii	"\335mU\000\347\347o\315q\3230\005@\200\033QgG\330\211"
 144      E7E76FCD 
 144      71D33005 
 144      40801B51 
 144      6747D889 
 145 00bb BA3307C2 		.ascii	"\2723\007\302\201\020\341\2035f\325\341\345@\004^\017"
 145      8110E183 
 145      3566D5E1 
 145      E540045E 
 145      0F
 146 00cc BAC4BA3A 		.ascii	"\272\304\272:\376\036\270iG\260f\221JXO\312X\265\020"
 146      FE1EB869 
 146      47B06691 
 146      4A584FCA 
 146      58B510
 147 00df 634103E8 		.ascii	"cA\003\350\370T\365j\177\320\267\345\324b\344\322\241"
 147      F854F56A 
 147      7FD0B7E5 
 147      D462E4D2 
 147      A1
 148 00f0 96D95941 		.ascii	"\226\331YADN\364?-\267\036\267\270)Z-\245\302\001m2"
 148      444EF43F 
 148      2DB71EB7 
 148      B8295A2D 
 148      A5C2016D 
 149 0105 9D57BFB4 		.ascii	"\235W\277\264\305-\011`\226!\004,^\360-o\017\307,\355"
 149      C52D0960 
 149      9621042C 
 149      5EF02D6F 
 149      0FC72CED 
 150 0119 AA0BFED9 		.ascii	"\252\013\376\331&\356e\2760\021l\237\227 E~\310h\346"
 150      26EE65BE 
 150      30116C9F 
 150      9720457E 
 150      C868E6
 151 012c 5CDDE93E 		.ascii	"\\\335\351>J\023\240\003dp\203\010m`a\012\3142>k(\255"
 151      4A13A003 
 151      64708308 
 151      6D60610A 
 151      CC323E6B 
 152 0142 A28B2DD4 		.ascii	"\242\213-\324`\"p\310\014\007\315\004\236@\012\343d"
 152      602270C8 
 152      0C07CD04 
 152      9E400AE3 
 152      64
 153 0153 55D00E66 		.ascii	"U\320\016fx\014f\306\377\365\316\275\357\006\011\307"
 153      780C66C6 
 153      FFF5CEBD 
 153      EF0609C7 
 154 0163 CD790A24 		.ascii	"\315y\012$v6^\335\325$\242\204D\031$\014\177\2165\006"
 154      76365EDD 
 154      D524A284 
ARM GAS  C:\Users\info\AppData\Local\Temp\ccT1YWUO.s 			page 11


 154      4419240C 
 154      7F8E3506 
 155 0177 7760B84B 		.ascii	"w`\270K\206$\014\335\376\231\005\203\251\201_\305I\223"
 155      86240CDD 
 155      FE990583 
 155      A9815FC5 
 155      4993
 156 0189 24C8DD0D 		.ascii	"$\310\335\015\335H\330\205\204\004z\300\204\317N\220"
 156      DD48D885 
 156      84047AC0 
 156      84CF4E90 
 157 0199 C2B79B6A 		.ascii	"\302\267\233jz\027\214Kn\246\315]t\356\356\360\221\006"
 157      7A178C4B 
 157      6EA6CD5D 
 157      74EEEEF0 
 157      9106
 158 01ab 271D455C 		.ascii	"'\035E\\\022+\203VM4\272l{\004\3238\320^HF\344P\317"
 158      122B8356 
 158      4D34BA6C 
 158      7B04D338 
 158      D05E4846 
 159 01c2 EF9678F1 		.ascii	"\357\226x\361\"\037\302\314\244\373ZL\230%\2604l\244"
 159      221FC2CC 
 159      A4FB5A4C 
 159      9825B034 
 159      6CA4
 160 01d4 B557283D 		.ascii	"\265W(=\3069\3724\216>=G?\347Xj}\320g\024\257\003'y"
 160      C639FA34 
 160      8E3E3D47 
 160      3FE7586A 
 160      7DD06714 
 161 01ec 7FEB8D33 		.ascii	"\177\353\2153^\257\233]X\023\376\224\013/Puw\370\375"
 161      5EAF9B5D 
 161      5813FE94 
 161      0B2F5075 
 161      77F8FD
 162 01ff 2B92DA71 		.ascii	"+\222\332qbDt\321@5\342\004V\005\036\255\247G\337\323"
 162      624474D1 
 162      4035E204 
 162      56051EAD 
 162      A747DFD3 
 163 0213 CB7BB678 		.ascii	"\313{\266xFFAt\205{\256|\374p[Ti\374o#\302\031\211O"
 163      46464174 
 163      857BAE7C 
 163      FC705B54 
 163      69FC6F23 
 164 022b 23F1E949 		.ascii	"#\361\351I\374a\341\325\277&\0152\276E\347\377\275\305"
 164      FC61E1D5 
 164      BF260D32 
 164      BE45E7FF 
 164      BDC5
 165 023d B1F9FBA1 		.ascii	"\261\371\373\241X\261\2077\025z\353]\365\261 \247D\201"
 165      58B18737 
 165      157AEB5D 
 165      F5B120A7 
 165      4481
 166 024f BF880257 		.ascii	"\277\210\002W\277\246\3453u7\330\015\007p*\3175q\317"
ARM GAS  C:\Users\info\AppData\Local\Temp\ccT1YWUO.s 			page 12


 166      BFA6E533 
 166      7537D80D 
 166      07702ACF 
 166      3571CF
 167 0262 400E4FA4 		.ascii	"@\016O\244\355\307\253\000\030o\262\017\013\307\227"
 167      EDC7AB00 
 167      186FB20F 
 167      0BC797
 168 0271 7882176A 		.ascii	"x\202\027j\343\033\004#\377\001p_\025\304\327\023\235"
 168      E31B0423 
 168      FF01705F 
 168      15C4D713 
 168      9D
 169 0282 8332C866 		.ascii	"\2032\310f\300<\324\260\006\213U:\035\004\002\214\026"
 169      C03CD4B0 
 169      068B553A 
 169      1D04028C 
 169      16
 170 0293 5E627A08 		.ascii	"^bz\010\341\215\224\325\214\003?\346\301\342Q\356\363"
 170      E18D94D5 
 170      8C033FE6 
 170      C1E251EE 
 170      F3
 171 02a4 47627971 		.ascii	"Gbyqi~Y\211R\230o+\271\220\177\316^\354P\342\262N\235"
 171      697E5989 
 171      52986F2B 
 171      B9907FCE 
 171      5EEC50E2 
 172 02bb 4DCA484D 		.ascii	"M\312HM%1\025\305\245\216\264}YJ\251b\267:\260$\247"
 172      253115C5 
 172      A58EB47D 
 172      594AA962 
 172      B73AB024 
 173 02d0 ACC26E53 		.ascii	"\254\302nS\362N\347\224e\034\316\263U:*\313\225K\226"
 173      F24EE794 
 173      651CCEB3 
 173      553A2ACB 
 173      954B96
 174 02e3 F364FF16 		.ascii	"\363d\377\026\025zj\213\215\354Y\327*Gqd\332\213/+'"
 174      157A6A8B 
 174      8DEC59D7 
 174      2A477164 
 174      DA8B2F2B 
 175 02f8 CB0A959D 		.ascii	"\313\012\225\235\3532\331\212\265\320\264\351$\323\352"
 175      EB32D98A 
 175      B5D0B4E9 
 175      24D3EA
 176 0307 B0662B45 		.ascii	"\260f+E\222])J\373\013U\344o\317"
 176      925D294A 
 176      FB0B55E4 
 176      6FCF
 177              		.text
 178              		.section	.gnu.lto_.symtab.792a0746,"",%progbits
 179 0000 70696E5F 		.ascii	"pin_oled_clk_Write\000"
 179      6F6C6564 
 179      5F636C6B 
 179      5F577269 
ARM GAS  C:\Users\info\AppData\Local\Temp\ccT1YWUO.s 			page 13


 179      746500
 180 0013 00       		.ascii	"\000"
 181 0014 00       		.ascii	"\000"
 182 0015 00       		.ascii	"\000"
 183 0016 00000000 		.ascii	"\000\000\000\000\000\000\000\000"
 183      00000000 
 184 001e B3000000 		.ascii	"\263\000\000\000"
 185 0022 70696E5F 		.ascii	"pin_oled_clk_SetDriveMode\000"
 185      6F6C6564 
 185      5F636C6B 
 185      5F536574 
 185      44726976 
 186 003c 00       		.ascii	"\000"
 187 003d 00       		.ascii	"\000"
 188 003e 00       		.ascii	"\000"
 189 003f 00000000 		.ascii	"\000\000\000\000\000\000\000\000"
 189      00000000 
 190 0047 B5000000 		.ascii	"\265\000\000\000"
 191 004b 70696E5F 		.ascii	"pin_oled_clk_Read\000"
 191      6F6C6564 
 191      5F636C6B 
 191      5F526561 
 191      6400
 192 005d 00       		.ascii	"\000"
 193 005e 00       		.ascii	"\000"
 194 005f 00       		.ascii	"\000"
 195 0060 00000000 		.ascii	"\000\000\000\000\000\000\000\000"
 195      00000000 
 196 0068 B8000000 		.ascii	"\270\000\000\000"
 197 006c 70696E5F 		.ascii	"pin_oled_clk_ReadDataReg\000"
 197      6F6C6564 
 197      5F636C6B 
 197      5F526561 
 197      64446174 
 198 0085 00       		.ascii	"\000"
 199 0086 00       		.ascii	"\000"
 200 0087 00       		.ascii	"\000"
 201 0088 00000000 		.ascii	"\000\000\000\000\000\000\000\000"
 201      00000000 
 202 0090 BA000000 		.ascii	"\272\000\000\000"
 203              		.text
 204              		.section	.gnu.lto_.opts,"",%progbits
 205 0000 272D666D 		.ascii	"'-fmath-errno' '-fsigned-zeros' '-ftrapping-math' '"
 205      6174682D 
 205      6572726E 
 205      6F272027 
 205      2D667369 
 206 0033 2D666E6F 		.ascii	"-fno-trapv' '-fno-strict-overflow' '-fno-openmp' '-"
 206      2D747261 
 206      70762720 
 206      272D666E 
 206      6F2D7374 
 207 0066 666E6F2D 		.ascii	"fno-openacc' '-mcpu=cortex-m3' '-mthumb' '-g' '-Og'"
 207      6F70656E 
 207      61636327 
 207      20272D6D 
 207      6370753D 
ARM GAS  C:\Users\info\AppData\Local\Temp\ccT1YWUO.s 			page 14


 208 0099 20272D66 		.ascii	" '-ffunction-sections' '-ffat-lto-objects' '-flto'\000"
 208      66756E63 
 208      74696F6E 
 208      2D736563 
 208      74696F6E 
 209              		.text
 210              		.cfi_sections	.debug_frame
 211              		.section	.text.pin_oled_clk_Write,"ax",%progbits
 212              		.align	2
 213              		.global	pin_oled_clk_Write
 214              		.thumb
 215              		.thumb_func
 216              		.type	pin_oled_clk_Write, %function
 217              	pin_oled_clk_Write:
 218              	.LFB0:
 219              		.file 1 "Generated_Source\\PSoC5\\pin_oled_clk.c"
   1:Generated_Source\PSoC5/pin_oled_clk.c **** /*******************************************************************************
   2:Generated_Source\PSoC5/pin_oled_clk.c **** * File Name: pin_oled_clk.c  
   3:Generated_Source\PSoC5/pin_oled_clk.c **** * Version 2.20
   4:Generated_Source\PSoC5/pin_oled_clk.c **** *
   5:Generated_Source\PSoC5/pin_oled_clk.c **** * Description:
   6:Generated_Source\PSoC5/pin_oled_clk.c **** *  This file contains API to enable firmware control of a Pins component.
   7:Generated_Source\PSoC5/pin_oled_clk.c **** *
   8:Generated_Source\PSoC5/pin_oled_clk.c **** * Note:
   9:Generated_Source\PSoC5/pin_oled_clk.c **** *
  10:Generated_Source\PSoC5/pin_oled_clk.c **** ********************************************************************************
  11:Generated_Source\PSoC5/pin_oled_clk.c **** * Copyright 2008-2015, Cypress Semiconductor Corporation.  All rights reserved.
  12:Generated_Source\PSoC5/pin_oled_clk.c **** * You may use this file only in accordance with the license, terms, conditions, 
  13:Generated_Source\PSoC5/pin_oled_clk.c **** * disclaimers, and limitations in the end user license agreement accompanying 
  14:Generated_Source\PSoC5/pin_oled_clk.c **** * the software package with which this file was provided.
  15:Generated_Source\PSoC5/pin_oled_clk.c **** *******************************************************************************/
  16:Generated_Source\PSoC5/pin_oled_clk.c **** 
  17:Generated_Source\PSoC5/pin_oled_clk.c **** #include "cytypes.h"
  18:Generated_Source\PSoC5/pin_oled_clk.c **** #include "pin_oled_clk.h"
  19:Generated_Source\PSoC5/pin_oled_clk.c **** 
  20:Generated_Source\PSoC5/pin_oled_clk.c **** /* APIs are not generated for P15[7:6] on PSoC 5 */
  21:Generated_Source\PSoC5/pin_oled_clk.c **** #if !(CY_PSOC5A &&\
  22:Generated_Source\PSoC5/pin_oled_clk.c **** 	 pin_oled_clk__PORT == 15 && ((pin_oled_clk__MASK & 0xC0) != 0))
  23:Generated_Source\PSoC5/pin_oled_clk.c **** 
  24:Generated_Source\PSoC5/pin_oled_clk.c **** 
  25:Generated_Source\PSoC5/pin_oled_clk.c **** /*******************************************************************************
  26:Generated_Source\PSoC5/pin_oled_clk.c **** * Function Name: pin_oled_clk_Write
  27:Generated_Source\PSoC5/pin_oled_clk.c **** ****************************************************************************//**
  28:Generated_Source\PSoC5/pin_oled_clk.c **** *
  29:Generated_Source\PSoC5/pin_oled_clk.c **** * \brief Writes the value to the physical port (data output register), masking
  30:Generated_Source\PSoC5/pin_oled_clk.c **** *  and shifting the bits appropriately. 
  31:Generated_Source\PSoC5/pin_oled_clk.c **** *
  32:Generated_Source\PSoC5/pin_oled_clk.c **** * The data output register controls the signal applied to the physical pin in 
  33:Generated_Source\PSoC5/pin_oled_clk.c **** * conjunction with the drive mode parameter. This function avoids changing 
  34:Generated_Source\PSoC5/pin_oled_clk.c **** * other bits in the port by using the appropriate method (read-modify-write or
  35:Generated_Source\PSoC5/pin_oled_clk.c **** * bit banding).
  36:Generated_Source\PSoC5/pin_oled_clk.c **** *
  37:Generated_Source\PSoC5/pin_oled_clk.c **** * <b>Note</b> This function should not be used on a hardware digital output pin 
  38:Generated_Source\PSoC5/pin_oled_clk.c **** * as it is driven by the hardware signal attached to it.
  39:Generated_Source\PSoC5/pin_oled_clk.c **** *
  40:Generated_Source\PSoC5/pin_oled_clk.c **** * \param value
  41:Generated_Source\PSoC5/pin_oled_clk.c **** *  Value to write to the component instance.
ARM GAS  C:\Users\info\AppData\Local\Temp\ccT1YWUO.s 			page 15


  42:Generated_Source\PSoC5/pin_oled_clk.c **** *
  43:Generated_Source\PSoC5/pin_oled_clk.c **** * \return 
  44:Generated_Source\PSoC5/pin_oled_clk.c **** *  None 
  45:Generated_Source\PSoC5/pin_oled_clk.c **** *
  46:Generated_Source\PSoC5/pin_oled_clk.c **** * \sideeffect
  47:Generated_Source\PSoC5/pin_oled_clk.c **** *  If you use read-modify-write operations that are not atomic; the Interrupt 
  48:Generated_Source\PSoC5/pin_oled_clk.c **** *  Service Routines (ISR) can cause corruption of this function. An ISR that 
  49:Generated_Source\PSoC5/pin_oled_clk.c **** *  interrupts this function and performs writes to the Pins component data 
  50:Generated_Source\PSoC5/pin_oled_clk.c **** *  register can cause corrupted port data. To avoid this issue, you should 
  51:Generated_Source\PSoC5/pin_oled_clk.c **** *  either use the Per-Pin APIs (primary method) or disable interrupts around 
  52:Generated_Source\PSoC5/pin_oled_clk.c **** *  this function.
  53:Generated_Source\PSoC5/pin_oled_clk.c **** *
  54:Generated_Source\PSoC5/pin_oled_clk.c **** * \funcusage
  55:Generated_Source\PSoC5/pin_oled_clk.c **** *  \snippet pin_oled_clk_SUT.c usage_pin_oled_clk_Write
  56:Generated_Source\PSoC5/pin_oled_clk.c **** *******************************************************************************/
  57:Generated_Source\PSoC5/pin_oled_clk.c **** void pin_oled_clk_Write(uint8 value)
  58:Generated_Source\PSoC5/pin_oled_clk.c **** {
 220              		.loc 1 58 0
 221              		.cfi_startproc
 222              		@ args = 0, pretend = 0, frame = 0
 223              		@ frame_needed = 0, uses_anonymous_args = 0
 224              		@ link register save eliminated.
 225              	.LVL0:
  59:Generated_Source\PSoC5/pin_oled_clk.c ****     uint8 staticBits = (pin_oled_clk_DR & (uint8)(~pin_oled_clk_MASK));
 226              		.loc 1 59 0
 227 0000 044A     		ldr	r2, .L2
 228 0002 1378     		ldrb	r3, [r2]	@ zero_extendqisi2
 229 0004 03F0FE03 		and	r3, r3, #254
 230              	.LVL1:
  60:Generated_Source\PSoC5/pin_oled_clk.c ****     pin_oled_clk_DR = staticBits | ((uint8)(value << pin_oled_clk_SHIFT) & pin_oled_clk_MASK);
 231              		.loc 1 60 0
 232 0008 00F00100 		and	r0, r0, #1
 233              	.LVL2:
 234 000c 1843     		orrs	r0, r0, r3
 235 000e 1070     		strb	r0, [r2]
 236 0010 7047     		bx	lr
 237              	.L3:
 238 0012 00BF     		.align	2
 239              	.L2:
 240 0014 C0510040 		.word	1073762752
 241              		.cfi_endproc
 242              	.LFE0:
 243              		.size	pin_oled_clk_Write, .-pin_oled_clk_Write
 244              		.section	.text.pin_oled_clk_SetDriveMode,"ax",%progbits
 245              		.align	2
 246              		.global	pin_oled_clk_SetDriveMode
 247              		.thumb
 248              		.thumb_func
 249              		.type	pin_oled_clk_SetDriveMode, %function
 250              	pin_oled_clk_SetDriveMode:
 251              	.LFB1:
  61:Generated_Source\PSoC5/pin_oled_clk.c **** }
  62:Generated_Source\PSoC5/pin_oled_clk.c **** 
  63:Generated_Source\PSoC5/pin_oled_clk.c **** 
  64:Generated_Source\PSoC5/pin_oled_clk.c **** /*******************************************************************************
  65:Generated_Source\PSoC5/pin_oled_clk.c **** * Function Name: pin_oled_clk_SetDriveMode
  66:Generated_Source\PSoC5/pin_oled_clk.c **** ****************************************************************************//**
ARM GAS  C:\Users\info\AppData\Local\Temp\ccT1YWUO.s 			page 16


  67:Generated_Source\PSoC5/pin_oled_clk.c **** *
  68:Generated_Source\PSoC5/pin_oled_clk.c **** * \brief Sets the drive mode for each of the Pins component's pins.
  69:Generated_Source\PSoC5/pin_oled_clk.c **** * 
  70:Generated_Source\PSoC5/pin_oled_clk.c **** * <b>Note</b> This affects all pins in the Pins component instance. Use the
  71:Generated_Source\PSoC5/pin_oled_clk.c **** * Per-Pin APIs if you wish to control individual pin's drive modes.
  72:Generated_Source\PSoC5/pin_oled_clk.c **** *
  73:Generated_Source\PSoC5/pin_oled_clk.c **** * \param mode
  74:Generated_Source\PSoC5/pin_oled_clk.c **** *  Mode for the selected signals. Valid options are documented in 
  75:Generated_Source\PSoC5/pin_oled_clk.c **** *  \ref driveMode.
  76:Generated_Source\PSoC5/pin_oled_clk.c **** *
  77:Generated_Source\PSoC5/pin_oled_clk.c **** * \return
  78:Generated_Source\PSoC5/pin_oled_clk.c **** *  None
  79:Generated_Source\PSoC5/pin_oled_clk.c **** *
  80:Generated_Source\PSoC5/pin_oled_clk.c **** * \sideeffect
  81:Generated_Source\PSoC5/pin_oled_clk.c **** *  If you use read-modify-write operations that are not atomic, the ISR can
  82:Generated_Source\PSoC5/pin_oled_clk.c **** *  cause corruption of this function. An ISR that interrupts this function 
  83:Generated_Source\PSoC5/pin_oled_clk.c **** *  and performs writes to the Pins component Drive Mode registers can cause 
  84:Generated_Source\PSoC5/pin_oled_clk.c **** *  corrupted port data. To avoid this issue, you should either use the Per-Pin
  85:Generated_Source\PSoC5/pin_oled_clk.c **** *  APIs (primary method) or disable interrupts around this function.
  86:Generated_Source\PSoC5/pin_oled_clk.c **** *
  87:Generated_Source\PSoC5/pin_oled_clk.c **** * \funcusage
  88:Generated_Source\PSoC5/pin_oled_clk.c **** *  \snippet pin_oled_clk_SUT.c usage_pin_oled_clk_SetDriveMode
  89:Generated_Source\PSoC5/pin_oled_clk.c **** *******************************************************************************/
  90:Generated_Source\PSoC5/pin_oled_clk.c **** void pin_oled_clk_SetDriveMode(uint8 mode)
  91:Generated_Source\PSoC5/pin_oled_clk.c **** {
 252              		.loc 1 91 0
 253              		.cfi_startproc
 254              		@ args = 0, pretend = 0, frame = 0
 255              		@ frame_needed = 0, uses_anonymous_args = 0
 256              		@ link register save eliminated.
 257              	.LVL3:
  92:Generated_Source\PSoC5/pin_oled_clk.c **** 	CyPins_SetPinDriveMode(pin_oled_clk_0, mode);
 258              		.loc 1 92 0
 259 0000 044A     		ldr	r2, .L5
 260 0002 1378     		ldrb	r3, [r2]	@ zero_extendqisi2
 261 0004 03F0F103 		and	r3, r3, #241
 262 0008 00F00E00 		and	r0, r0, #14
 263              	.LVL4:
 264 000c 1843     		orrs	r0, r0, r3
 265 000e 1070     		strb	r0, [r2]
 266 0010 7047     		bx	lr
 267              	.L6:
 268 0012 00BF     		.align	2
 269              	.L5:
 270 0014 60500040 		.word	1073762400
 271              		.cfi_endproc
 272              	.LFE1:
 273              		.size	pin_oled_clk_SetDriveMode, .-pin_oled_clk_SetDriveMode
 274              		.section	.text.pin_oled_clk_Read,"ax",%progbits
 275              		.align	2
 276              		.global	pin_oled_clk_Read
 277              		.thumb
 278              		.thumb_func
 279              		.type	pin_oled_clk_Read, %function
 280              	pin_oled_clk_Read:
 281              	.LFB2:
  93:Generated_Source\PSoC5/pin_oled_clk.c **** }
ARM GAS  C:\Users\info\AppData\Local\Temp\ccT1YWUO.s 			page 17


  94:Generated_Source\PSoC5/pin_oled_clk.c **** 
  95:Generated_Source\PSoC5/pin_oled_clk.c **** 
  96:Generated_Source\PSoC5/pin_oled_clk.c **** /*******************************************************************************
  97:Generated_Source\PSoC5/pin_oled_clk.c **** * Function Name: pin_oled_clk_Read
  98:Generated_Source\PSoC5/pin_oled_clk.c **** ****************************************************************************//**
  99:Generated_Source\PSoC5/pin_oled_clk.c **** *
 100:Generated_Source\PSoC5/pin_oled_clk.c **** * \brief Reads the associated physical port (pin status register) and masks 
 101:Generated_Source\PSoC5/pin_oled_clk.c **** *  the required bits according to the width and bit position of the component
 102:Generated_Source\PSoC5/pin_oled_clk.c **** *  instance. 
 103:Generated_Source\PSoC5/pin_oled_clk.c **** *
 104:Generated_Source\PSoC5/pin_oled_clk.c **** * The pin's status register returns the current logic level present on the 
 105:Generated_Source\PSoC5/pin_oled_clk.c **** * physical pin.
 106:Generated_Source\PSoC5/pin_oled_clk.c **** *
 107:Generated_Source\PSoC5/pin_oled_clk.c **** * \return 
 108:Generated_Source\PSoC5/pin_oled_clk.c **** *  The current value for the pins in the component as a right justified number.
 109:Generated_Source\PSoC5/pin_oled_clk.c **** *
 110:Generated_Source\PSoC5/pin_oled_clk.c **** * \funcusage
 111:Generated_Source\PSoC5/pin_oled_clk.c **** *  \snippet pin_oled_clk_SUT.c usage_pin_oled_clk_Read  
 112:Generated_Source\PSoC5/pin_oled_clk.c **** *******************************************************************************/
 113:Generated_Source\PSoC5/pin_oled_clk.c **** uint8 pin_oled_clk_Read(void)
 114:Generated_Source\PSoC5/pin_oled_clk.c **** {
 282              		.loc 1 114 0
 283              		.cfi_startproc
 284              		@ args = 0, pretend = 0, frame = 0
 285              		@ frame_needed = 0, uses_anonymous_args = 0
 286              		@ link register save eliminated.
 115:Generated_Source\PSoC5/pin_oled_clk.c ****     return (pin_oled_clk_PS & pin_oled_clk_MASK) >> pin_oled_clk_SHIFT;
 287              		.loc 1 115 0
 288 0000 024B     		ldr	r3, .L8
 289 0002 1878     		ldrb	r0, [r3]	@ zero_extendqisi2
 116:Generated_Source\PSoC5/pin_oled_clk.c **** }
 290              		.loc 1 116 0
 291 0004 00F00100 		and	r0, r0, #1
 292 0008 7047     		bx	lr
 293              	.L9:
 294 000a 00BF     		.align	2
 295              	.L8:
 296 000c C1510040 		.word	1073762753
 297              		.cfi_endproc
 298              	.LFE2:
 299              		.size	pin_oled_clk_Read, .-pin_oled_clk_Read
 300              		.section	.text.pin_oled_clk_ReadDataReg,"ax",%progbits
 301              		.align	2
 302              		.global	pin_oled_clk_ReadDataReg
 303              		.thumb
 304              		.thumb_func
 305              		.type	pin_oled_clk_ReadDataReg, %function
 306              	pin_oled_clk_ReadDataReg:
 307              	.LFB3:
 117:Generated_Source\PSoC5/pin_oled_clk.c **** 
 118:Generated_Source\PSoC5/pin_oled_clk.c **** 
 119:Generated_Source\PSoC5/pin_oled_clk.c **** /*******************************************************************************
 120:Generated_Source\PSoC5/pin_oled_clk.c **** * Function Name: pin_oled_clk_ReadDataReg
 121:Generated_Source\PSoC5/pin_oled_clk.c **** ****************************************************************************//**
 122:Generated_Source\PSoC5/pin_oled_clk.c **** *
 123:Generated_Source\PSoC5/pin_oled_clk.c **** * \brief Reads the associated physical port's data output register and masks 
 124:Generated_Source\PSoC5/pin_oled_clk.c **** *  the correct bits according to the width and bit position of the component 
ARM GAS  C:\Users\info\AppData\Local\Temp\ccT1YWUO.s 			page 18


 125:Generated_Source\PSoC5/pin_oled_clk.c **** *  instance. 
 126:Generated_Source\PSoC5/pin_oled_clk.c **** *
 127:Generated_Source\PSoC5/pin_oled_clk.c **** * The data output register controls the signal applied to the physical pin in 
 128:Generated_Source\PSoC5/pin_oled_clk.c **** * conjunction with the drive mode parameter. This is not the same as the 
 129:Generated_Source\PSoC5/pin_oled_clk.c **** * preferred pin_oled_clk_Read() API because the 
 130:Generated_Source\PSoC5/pin_oled_clk.c **** * pin_oled_clk_ReadDataReg() reads the data register instead of the status 
 131:Generated_Source\PSoC5/pin_oled_clk.c **** * register. For output pins this is a useful function to determine the value 
 132:Generated_Source\PSoC5/pin_oled_clk.c **** * just written to the pin.
 133:Generated_Source\PSoC5/pin_oled_clk.c **** *
 134:Generated_Source\PSoC5/pin_oled_clk.c **** * \return 
 135:Generated_Source\PSoC5/pin_oled_clk.c **** *  The current value of the data register masked and shifted into a right 
 136:Generated_Source\PSoC5/pin_oled_clk.c **** *  justified number for the component instance.
 137:Generated_Source\PSoC5/pin_oled_clk.c **** *
 138:Generated_Source\PSoC5/pin_oled_clk.c **** * \funcusage
 139:Generated_Source\PSoC5/pin_oled_clk.c **** *  \snippet pin_oled_clk_SUT.c usage_pin_oled_clk_ReadDataReg 
 140:Generated_Source\PSoC5/pin_oled_clk.c **** *******************************************************************************/
 141:Generated_Source\PSoC5/pin_oled_clk.c **** uint8 pin_oled_clk_ReadDataReg(void)
 142:Generated_Source\PSoC5/pin_oled_clk.c **** {
 308              		.loc 1 142 0
 309              		.cfi_startproc
 310              		@ args = 0, pretend = 0, frame = 0
 311              		@ frame_needed = 0, uses_anonymous_args = 0
 312              		@ link register save eliminated.
 143:Generated_Source\PSoC5/pin_oled_clk.c ****     return (pin_oled_clk_DR & pin_oled_clk_MASK) >> pin_oled_clk_SHIFT;
 313              		.loc 1 143 0
 314 0000 024B     		ldr	r3, .L11
 315 0002 1878     		ldrb	r0, [r3]	@ zero_extendqisi2
 144:Generated_Source\PSoC5/pin_oled_clk.c **** }
 316              		.loc 1 144 0
 317 0004 00F00100 		and	r0, r0, #1
 318 0008 7047     		bx	lr
 319              	.L12:
 320 000a 00BF     		.align	2
 321              	.L11:
 322 000c C0510040 		.word	1073762752
 323              		.cfi_endproc
 324              	.LFE3:
 325              		.size	pin_oled_clk_ReadDataReg, .-pin_oled_clk_ReadDataReg
 326              		.text
 327              	.Letext0:
 328              		.file 2 "Generated_Source\\PSoC5\\cytypes.h"
 329              		.section	.debug_info,"",%progbits
 330              	.Ldebug_info0:
 331 0000 1B010000 		.4byte	0x11b
 332 0004 0400     		.2byte	0x4
 333 0006 00000000 		.4byte	.Ldebug_abbrev0
 334 000a 04       		.byte	0x4
 335 000b 01       		.uleb128 0x1
 336 000c 11000000 		.4byte	.LASF20
 337 0010 0C       		.byte	0xc
 338 0011 0D020000 		.4byte	.LASF21
 339 0015 4F010000 		.4byte	.LASF22
 340 0019 00000000 		.4byte	.Ldebug_ranges0+0
 341 001d 00000000 		.4byte	0
 342 0021 00000000 		.4byte	.Ldebug_line0
 343 0025 02       		.uleb128 0x2
 344 0026 01       		.byte	0x1
ARM GAS  C:\Users\info\AppData\Local\Temp\ccT1YWUO.s 			page 19


 345 0027 06       		.byte	0x6
 346 0028 01020000 		.4byte	.LASF0
 347 002c 02       		.uleb128 0x2
 348 002d 01       		.byte	0x1
 349 002e 08       		.byte	0x8
 350 002f C4000000 		.4byte	.LASF1
 351 0033 02       		.uleb128 0x2
 352 0034 02       		.byte	0x2
 353 0035 05       		.byte	0x5
 354 0036 E8010000 		.4byte	.LASF2
 355 003a 02       		.uleb128 0x2
 356 003b 02       		.byte	0x2
 357 003c 07       		.byte	0x7
 358 003d E9000000 		.4byte	.LASF3
 359 0041 02       		.uleb128 0x2
 360 0042 04       		.byte	0x4
 361 0043 05       		.byte	0x5
 362 0044 F8010000 		.4byte	.LASF4
 363 0048 02       		.uleb128 0x2
 364 0049 04       		.byte	0x4
 365 004a 07       		.byte	0x7
 366 004b D7000000 		.4byte	.LASF5
 367 004f 02       		.uleb128 0x2
 368 0050 08       		.byte	0x8
 369 0051 05       		.byte	0x5
 370 0052 D5010000 		.4byte	.LASF6
 371 0056 02       		.uleb128 0x2
 372 0057 08       		.byte	0x8
 373 0058 07       		.byte	0x7
 374 0059 B9010000 		.4byte	.LASF7
 375 005d 03       		.uleb128 0x3
 376 005e 04       		.byte	0x4
 377 005f 05       		.byte	0x5
 378 0060 696E7400 		.ascii	"int\000"
 379 0064 02       		.uleb128 0x2
 380 0065 04       		.byte	0x4
 381 0066 07       		.byte	0x7
 382 0067 42010000 		.4byte	.LASF8
 383 006b 04       		.uleb128 0x4
 384 006c F2010000 		.4byte	.LASF12
 385 0070 02       		.byte	0x2
 386 0071 E401     		.2byte	0x1e4
 387 0073 2C000000 		.4byte	0x2c
 388 0077 02       		.uleb128 0x2
 389 0078 04       		.byte	0x4
 390 0079 04       		.byte	0x4
 391 007a BE000000 		.4byte	.LASF9
 392 007e 02       		.uleb128 0x2
 393 007f 08       		.byte	0x8
 394 0080 04       		.byte	0x4
 395 0081 0F010000 		.4byte	.LASF10
 396 0085 02       		.uleb128 0x2
 397 0086 01       		.byte	0x1
 398 0087 08       		.byte	0x8
 399 0088 E3010000 		.4byte	.LASF11
 400 008c 04       		.uleb128 0x4
 401 008d D2000000 		.4byte	.LASF13
ARM GAS  C:\Users\info\AppData\Local\Temp\ccT1YWUO.s 			page 20


 402 0091 02       		.byte	0x2
 403 0092 8E02     		.2byte	0x28e
 404 0094 98000000 		.4byte	0x98
 405 0098 05       		.uleb128 0x5
 406 0099 6B000000 		.4byte	0x6b
 407 009d 06       		.uleb128 0x6
 408 009e FC000000 		.4byte	.LASF14
 409 00a2 01       		.byte	0x1
 410 00a3 39       		.byte	0x39
 411 00a4 00000000 		.4byte	.LFB0
 412 00a8 18000000 		.4byte	.LFE0-.LFB0
 413 00ac 01       		.uleb128 0x1
 414 00ad 9C       		.byte	0x9c
 415 00ae CF000000 		.4byte	0xcf
 416 00b2 07       		.uleb128 0x7
 417 00b3 00000000 		.4byte	.LASF16
 418 00b7 01       		.byte	0x1
 419 00b8 39       		.byte	0x39
 420 00b9 6B000000 		.4byte	0x6b
 421 00bd 00000000 		.4byte	.LLST0
 422 00c1 08       		.uleb128 0x8
 423 00c2 06000000 		.4byte	.LASF23
 424 00c6 01       		.byte	0x1
 425 00c7 3B       		.byte	0x3b
 426 00c8 6B000000 		.4byte	0x6b
 427 00cc 01       		.uleb128 0x1
 428 00cd 53       		.byte	0x53
 429 00ce 00       		.byte	0
 430 00cf 06       		.uleb128 0x6
 431 00d0 28010000 		.4byte	.LASF15
 432 00d4 01       		.byte	0x1
 433 00d5 5A       		.byte	0x5a
 434 00d6 00000000 		.4byte	.LFB1
 435 00da 18000000 		.4byte	.LFE1-.LFB1
 436 00de 01       		.uleb128 0x1
 437 00df 9C       		.byte	0x9c
 438 00e0 F4000000 		.4byte	0xf4
 439 00e4 07       		.uleb128 0x7
 440 00e5 D0010000 		.4byte	.LASF17
 441 00e9 01       		.byte	0x1
 442 00ea 5A       		.byte	0x5a
 443 00eb 6B000000 		.4byte	0x6b
 444 00ef 21000000 		.4byte	.LLST1
 445 00f3 00       		.byte	0
 446 00f4 09       		.uleb128 0x9
 447 00f5 16010000 		.4byte	.LASF18
 448 00f9 01       		.byte	0x1
 449 00fa 71       		.byte	0x71
 450 00fb 6B000000 		.4byte	0x6b
 451 00ff 00000000 		.4byte	.LFB2
 452 0103 10000000 		.4byte	.LFE2-.LFB2
 453 0107 01       		.uleb128 0x1
 454 0108 9C       		.byte	0x9c
 455 0109 09       		.uleb128 0x9
 456 010a A5000000 		.4byte	.LASF19
 457 010e 01       		.byte	0x1
 458 010f 8D       		.byte	0x8d
ARM GAS  C:\Users\info\AppData\Local\Temp\ccT1YWUO.s 			page 21


 459 0110 6B000000 		.4byte	0x6b
 460 0114 00000000 		.4byte	.LFB3
 461 0118 10000000 		.4byte	.LFE3-.LFB3
 462 011c 01       		.uleb128 0x1
 463 011d 9C       		.byte	0x9c
 464 011e 00       		.byte	0
 465              		.section	.debug_abbrev,"",%progbits
 466              	.Ldebug_abbrev0:
 467 0000 01       		.uleb128 0x1
 468 0001 11       		.uleb128 0x11
 469 0002 01       		.byte	0x1
 470 0003 25       		.uleb128 0x25
 471 0004 0E       		.uleb128 0xe
 472 0005 13       		.uleb128 0x13
 473 0006 0B       		.uleb128 0xb
 474 0007 03       		.uleb128 0x3
 475 0008 0E       		.uleb128 0xe
 476 0009 1B       		.uleb128 0x1b
 477 000a 0E       		.uleb128 0xe
 478 000b 55       		.uleb128 0x55
 479 000c 17       		.uleb128 0x17
 480 000d 11       		.uleb128 0x11
 481 000e 01       		.uleb128 0x1
 482 000f 10       		.uleb128 0x10
 483 0010 17       		.uleb128 0x17
 484 0011 00       		.byte	0
 485 0012 00       		.byte	0
 486 0013 02       		.uleb128 0x2
 487 0014 24       		.uleb128 0x24
 488 0015 00       		.byte	0
 489 0016 0B       		.uleb128 0xb
 490 0017 0B       		.uleb128 0xb
 491 0018 3E       		.uleb128 0x3e
 492 0019 0B       		.uleb128 0xb
 493 001a 03       		.uleb128 0x3
 494 001b 0E       		.uleb128 0xe
 495 001c 00       		.byte	0
 496 001d 00       		.byte	0
 497 001e 03       		.uleb128 0x3
 498 001f 24       		.uleb128 0x24
 499 0020 00       		.byte	0
 500 0021 0B       		.uleb128 0xb
 501 0022 0B       		.uleb128 0xb
 502 0023 3E       		.uleb128 0x3e
 503 0024 0B       		.uleb128 0xb
 504 0025 03       		.uleb128 0x3
 505 0026 08       		.uleb128 0x8
 506 0027 00       		.byte	0
 507 0028 00       		.byte	0
 508 0029 04       		.uleb128 0x4
 509 002a 16       		.uleb128 0x16
 510 002b 00       		.byte	0
 511 002c 03       		.uleb128 0x3
 512 002d 0E       		.uleb128 0xe
 513 002e 3A       		.uleb128 0x3a
 514 002f 0B       		.uleb128 0xb
 515 0030 3B       		.uleb128 0x3b
ARM GAS  C:\Users\info\AppData\Local\Temp\ccT1YWUO.s 			page 22


 516 0031 05       		.uleb128 0x5
 517 0032 49       		.uleb128 0x49
 518 0033 13       		.uleb128 0x13
 519 0034 00       		.byte	0
 520 0035 00       		.byte	0
 521 0036 05       		.uleb128 0x5
 522 0037 35       		.uleb128 0x35
 523 0038 00       		.byte	0
 524 0039 49       		.uleb128 0x49
 525 003a 13       		.uleb128 0x13
 526 003b 00       		.byte	0
 527 003c 00       		.byte	0
 528 003d 06       		.uleb128 0x6
 529 003e 2E       		.uleb128 0x2e
 530 003f 01       		.byte	0x1
 531 0040 3F       		.uleb128 0x3f
 532 0041 19       		.uleb128 0x19
 533 0042 03       		.uleb128 0x3
 534 0043 0E       		.uleb128 0xe
 535 0044 3A       		.uleb128 0x3a
 536 0045 0B       		.uleb128 0xb
 537 0046 3B       		.uleb128 0x3b
 538 0047 0B       		.uleb128 0xb
 539 0048 27       		.uleb128 0x27
 540 0049 19       		.uleb128 0x19
 541 004a 11       		.uleb128 0x11
 542 004b 01       		.uleb128 0x1
 543 004c 12       		.uleb128 0x12
 544 004d 06       		.uleb128 0x6
 545 004e 40       		.uleb128 0x40
 546 004f 18       		.uleb128 0x18
 547 0050 9742     		.uleb128 0x2117
 548 0052 19       		.uleb128 0x19
 549 0053 01       		.uleb128 0x1
 550 0054 13       		.uleb128 0x13
 551 0055 00       		.byte	0
 552 0056 00       		.byte	0
 553 0057 07       		.uleb128 0x7
 554 0058 05       		.uleb128 0x5
 555 0059 00       		.byte	0
 556 005a 03       		.uleb128 0x3
 557 005b 0E       		.uleb128 0xe
 558 005c 3A       		.uleb128 0x3a
 559 005d 0B       		.uleb128 0xb
 560 005e 3B       		.uleb128 0x3b
 561 005f 0B       		.uleb128 0xb
 562 0060 49       		.uleb128 0x49
 563 0061 13       		.uleb128 0x13
 564 0062 02       		.uleb128 0x2
 565 0063 17       		.uleb128 0x17
 566 0064 00       		.byte	0
 567 0065 00       		.byte	0
 568 0066 08       		.uleb128 0x8
 569 0067 34       		.uleb128 0x34
 570 0068 00       		.byte	0
 571 0069 03       		.uleb128 0x3
 572 006a 0E       		.uleb128 0xe
ARM GAS  C:\Users\info\AppData\Local\Temp\ccT1YWUO.s 			page 23


 573 006b 3A       		.uleb128 0x3a
 574 006c 0B       		.uleb128 0xb
 575 006d 3B       		.uleb128 0x3b
 576 006e 0B       		.uleb128 0xb
 577 006f 49       		.uleb128 0x49
 578 0070 13       		.uleb128 0x13
 579 0071 02       		.uleb128 0x2
 580 0072 18       		.uleb128 0x18
 581 0073 00       		.byte	0
 582 0074 00       		.byte	0
 583 0075 09       		.uleb128 0x9
 584 0076 2E       		.uleb128 0x2e
 585 0077 00       		.byte	0
 586 0078 3F       		.uleb128 0x3f
 587 0079 19       		.uleb128 0x19
 588 007a 03       		.uleb128 0x3
 589 007b 0E       		.uleb128 0xe
 590 007c 3A       		.uleb128 0x3a
 591 007d 0B       		.uleb128 0xb
 592 007e 3B       		.uleb128 0x3b
 593 007f 0B       		.uleb128 0xb
 594 0080 27       		.uleb128 0x27
 595 0081 19       		.uleb128 0x19
 596 0082 49       		.uleb128 0x49
 597 0083 13       		.uleb128 0x13
 598 0084 11       		.uleb128 0x11
 599 0085 01       		.uleb128 0x1
 600 0086 12       		.uleb128 0x12
 601 0087 06       		.uleb128 0x6
 602 0088 40       		.uleb128 0x40
 603 0089 18       		.uleb128 0x18
 604 008a 9742     		.uleb128 0x2117
 605 008c 19       		.uleb128 0x19
 606 008d 00       		.byte	0
 607 008e 00       		.byte	0
 608 008f 00       		.byte	0
 609              		.section	.debug_loc,"",%progbits
 610              	.Ldebug_loc0:
 611              	.LLST0:
 612 0000 00000000 		.4byte	.LVL0
 613 0004 0C000000 		.4byte	.LVL2
 614 0008 0100     		.2byte	0x1
 615 000a 50       		.byte	0x50
 616 000b 0C000000 		.4byte	.LVL2
 617 000f 18000000 		.4byte	.LFE0
 618 0013 0400     		.2byte	0x4
 619 0015 F3       		.byte	0xf3
 620 0016 01       		.uleb128 0x1
 621 0017 50       		.byte	0x50
 622 0018 9F       		.byte	0x9f
 623 0019 00000000 		.4byte	0
 624 001d 00000000 		.4byte	0
 625              	.LLST1:
 626 0021 00000000 		.4byte	.LVL3
 627 0025 0C000000 		.4byte	.LVL4
 628 0029 0100     		.2byte	0x1
 629 002b 50       		.byte	0x50
ARM GAS  C:\Users\info\AppData\Local\Temp\ccT1YWUO.s 			page 24


 630 002c 0C000000 		.4byte	.LVL4
 631 0030 18000000 		.4byte	.LFE1
 632 0034 0400     		.2byte	0x4
 633 0036 F3       		.byte	0xf3
 634 0037 01       		.uleb128 0x1
 635 0038 50       		.byte	0x50
 636 0039 9F       		.byte	0x9f
 637 003a 00000000 		.4byte	0
 638 003e 00000000 		.4byte	0
 639              		.section	.debug_aranges,"",%progbits
 640 0000 34000000 		.4byte	0x34
 641 0004 0200     		.2byte	0x2
 642 0006 00000000 		.4byte	.Ldebug_info0
 643 000a 04       		.byte	0x4
 644 000b 00       		.byte	0
 645 000c 0000     		.2byte	0
 646 000e 0000     		.2byte	0
 647 0010 00000000 		.4byte	.LFB0
 648 0014 18000000 		.4byte	.LFE0-.LFB0
 649 0018 00000000 		.4byte	.LFB1
 650 001c 18000000 		.4byte	.LFE1-.LFB1
 651 0020 00000000 		.4byte	.LFB2
 652 0024 10000000 		.4byte	.LFE2-.LFB2
 653 0028 00000000 		.4byte	.LFB3
 654 002c 10000000 		.4byte	.LFE3-.LFB3
 655 0030 00000000 		.4byte	0
 656 0034 00000000 		.4byte	0
 657              		.section	.debug_ranges,"",%progbits
 658              	.Ldebug_ranges0:
 659 0000 00000000 		.4byte	.LFB0
 660 0004 18000000 		.4byte	.LFE0
 661 0008 00000000 		.4byte	.LFB1
 662 000c 18000000 		.4byte	.LFE1
 663 0010 00000000 		.4byte	.LFB2
 664 0014 10000000 		.4byte	.LFE2
 665 0018 00000000 		.4byte	.LFB3
 666 001c 10000000 		.4byte	.LFE3
 667 0020 00000000 		.4byte	0
 668 0024 00000000 		.4byte	0
 669              		.section	.debug_line,"",%progbits
 670              	.Ldebug_line0:
 671 0000 95000000 		.section	.debug_str,"MS",%progbits,1
 671      02004900 
 671      00000201 
 671      FB0E0D00 
 671      01010101 
 672              	.LASF16:
 673 0000 76616C75 		.ascii	"value\000"
 673      6500
 674              	.LASF23:
 675 0006 73746174 		.ascii	"staticBits\000"
 675      69634269 
 675      747300
 676              	.LASF20:
 677 0011 474E5520 		.ascii	"GNU C11 5.4.1 20160609 (release) [ARM/embedded-5-br"
 677      43313120 
 677      352E342E 
ARM GAS  C:\Users\info\AppData\Local\Temp\ccT1YWUO.s 			page 25


 677      31203230 
 677      31363036 
 678 0044 616E6368 		.ascii	"anch revision 237715] -mcpu=cortex-m3 -mthumb -g -O"
 678      20726576 
 678      6973696F 
 678      6E203233 
 678      37373135 
 679 0077 67202D66 		.ascii	"g -ffunction-sections -ffat-lto-objects -flto\000"
 679      66756E63 
 679      74696F6E 
 679      2D736563 
 679      74696F6E 
 680              	.LASF19:
 681 00a5 70696E5F 		.ascii	"pin_oled_clk_ReadDataReg\000"
 681      6F6C6564 
 681      5F636C6B 
 681      5F526561 
 681      64446174 
 682              	.LASF9:
 683 00be 666C6F61 		.ascii	"float\000"
 683      7400
 684              	.LASF1:
 685 00c4 756E7369 		.ascii	"unsigned char\000"
 685      676E6564 
 685      20636861 
 685      7200
 686              	.LASF13:
 687 00d2 72656738 		.ascii	"reg8\000"
 687      00
 688              	.LASF5:
 689 00d7 6C6F6E67 		.ascii	"long unsigned int\000"
 689      20756E73 
 689      69676E65 
 689      6420696E 
 689      7400
 690              	.LASF3:
 691 00e9 73686F72 		.ascii	"short unsigned int\000"
 691      7420756E 
 691      7369676E 
 691      65642069 
 691      6E7400
 692              	.LASF14:
 693 00fc 70696E5F 		.ascii	"pin_oled_clk_Write\000"
 693      6F6C6564 
 693      5F636C6B 
 693      5F577269 
 693      746500
 694              	.LASF10:
 695 010f 646F7562 		.ascii	"double\000"
 695      6C6500
 696              	.LASF18:
 697 0116 70696E5F 		.ascii	"pin_oled_clk_Read\000"
 697      6F6C6564 
 697      5F636C6B 
 697      5F526561 
 697      6400
 698              	.LASF15:
ARM GAS  C:\Users\info\AppData\Local\Temp\ccT1YWUO.s 			page 26


 699 0128 70696E5F 		.ascii	"pin_oled_clk_SetDriveMode\000"
 699      6F6C6564 
 699      5F636C6B 
 699      5F536574 
 699      44726976 
 700              	.LASF8:
 701 0142 756E7369 		.ascii	"unsigned int\000"
 701      676E6564 
 701      20696E74 
 701      00
 702              	.LASF22:
 703 014f 433A5C55 		.ascii	"C:\\Users\\info\\Desktop\\Spring 2019 Classes\\6.11"
 703      73657273 
 703      5C696E66 
 703      6F5C4465 
 703      736B746F 
 704 017d 355C362E 		.ascii	"5\\6.115-final\\PSoCCreator\\Final Project\\FinalEm"
 704      3131352D 
 704      66696E61 
 704      6C5C5053 
 704      6F434372 
 705 01ac 756C6174 		.ascii	"ulator.cydsn\000"
 705      6F722E63 
 705      7964736E 
 705      00
 706              	.LASF7:
 707 01b9 6C6F6E67 		.ascii	"long long unsigned int\000"
 707      206C6F6E 
 707      6720756E 
 707      7369676E 
 707      65642069 
 708              	.LASF17:
 709 01d0 6D6F6465 		.ascii	"mode\000"
 709      00
 710              	.LASF6:
 711 01d5 6C6F6E67 		.ascii	"long long int\000"
 711      206C6F6E 
 711      6720696E 
 711      7400
 712              	.LASF11:
 713 01e3 63686172 		.ascii	"char\000"
 713      00
 714              	.LASF2:
 715 01e8 73686F72 		.ascii	"short int\000"
 715      7420696E 
 715      7400
 716              	.LASF12:
 717 01f2 75696E74 		.ascii	"uint8\000"
 717      3800
 718              	.LASF4:
 719 01f8 6C6F6E67 		.ascii	"long int\000"
 719      20696E74 
 719      00
 720              	.LASF0:
 721 0201 7369676E 		.ascii	"signed char\000"
 721      65642063 
 721      68617200 
ARM GAS  C:\Users\info\AppData\Local\Temp\ccT1YWUO.s 			page 27


 722              	.LASF21:
 723 020d 47656E65 		.ascii	"Generated_Source\\PSoC5\\pin_oled_clk.c\000"
 723      72617465 
 723      645F536F 
 723      75726365 
 723      5C50536F 
 724              		.comm	__gnu_lto_v1,1,1
 725              		.ident	"GCC: (GNU Tools for ARM Embedded Processors) 5.4.1 20160609 (release) [ARM/embedded-5-bran
