ARM GAS  C:\Users\info\AppData\Local\Temp\ccylKrox.s 			page 1


   1              		.syntax unified
   2              		.cpu cortex-m3
   3              		.fpu softvfp
   4              		.eabi_attribute 20, 1
   5              		.eabi_attribute 21, 1
   6              		.eabi_attribute 23, 3
   7              		.eabi_attribute 24, 1
   8              		.eabi_attribute 25, 1
   9              		.eabi_attribute 26, 1
  10              		.eabi_attribute 30, 1
  11              		.eabi_attribute 34, 1
  12              		.eabi_attribute 18, 4
  13              		.thumb
  14              		.syntax unified
  15              		.file	"PIXEL_PM.c"
  16              		.text
  17              	.Ltext0:
  18              		.section	.gnu.lto_.profile.792a78b6,"",%progbits
  19 0000 789C6361 		.ascii	"x\234ca`d`a`\000\222\012\\\000\000\264\0005"
  19      60646061 
  19      6000920A 
  19      5C0000B4 
  19      0035
  20              		.text
  21              		.section	.gnu.lto_.inline.792a78b6,"",%progbits
  22 0000 789C6361 		.ascii	"x\234ca`d\000\2010\006\004`a``ead`bY \317\300\266@\236"
  22      60640081 
  22      30060460 
  22      61606065 
  22      61646062 
  23 001b 0924C684 		.ascii	"\011$\306\204)\304\314\300\302\003\024\002\262`\"\214"
  23      29C4CCC0 
  23      C2031402 
  23      B260228C 
  24 002b 5C60DD58 		.ascii	"\\`\335X\205\031\000\";\005_"
  24      85190022 
  24      3B055F
  25              		.text
  26              		.section	.gnu.lto_.jmpfuncs.792a78b6,"",%progbits
  27 0000 789C6361 		.ascii	"x\234ca`d\000\001\001\006\004`\001b&\006\006f(\223\001"
  27      60640001 
  27      01060460 
  27      01622606 
  27      06662893 
  28 0015 00031D00 		.ascii	"\000\003\035\000#"
  28      23
  29              		.text
  30              		.section	.gnu.lto_.pureconst.792a78b6,"",%progbits
  31 0000 789C6361 		.ascii	"x\234ca`d\340d```a\220b\222b\226`\221\000\000\002\265"
  31      6064E064 
  31      60606061 
  31      90629262 
  31      96609100 
  32 0017 0080     		.ascii	"\000\200"
  33              		.text
  34              		.section	.gnu.lto_PIXEL_SaveConfig.792a78b6,"",%progbits
  35 0000 789C4D50 		.ascii	"x\234MP\277K\202Q\024}\347\275\317\037\031A{B\021-."
ARM GAS  C:\Users\info\AppData\Local\Temp\ccylKrox.s 			page 2


  35      BF4B8251 
  35      147DE7BD 
  35      CF1F1941 
  35      7B42112D 
  36 0015 39F51744 		.ascii	"9\365\027DTP \2714\010\022\366\255\011R\263\317\037"
  36      545020B9 
  36      340812F6 
  36      AD0952B3 
  36      CF1F
  37 0027 1F6543B5 		.ascii	"\037eC\265\370m\341\250if\321Pn\"\015\015aS5\270T\203"
  37      F86DE1A8 
  37      6966D150 
  37      6E220D0D 
  37      615335B8 
  38 003d 831418D4 		.ascii	"\203\024\030\324\022\250\335\373\271t\341q\337;\367"
  38      12A8DDFB 
  38      B974E171 
  38      DF3BF7
  39 004c BC73EEBD 		.ascii	"\274s\356\275\206\200\340X\2414Gy\212\016\224\200<i"
  39      8680E058 
  39      A1344779 
  39      8A0E9480 
  39      3C69
  40 005e 0991F24A 		.ascii	"\011\221\362J\200/\332\013\221\224H\342G\366%\232\373"
  40      802FDA0B 
  40      919448E2 
  40      47F6259A 
  40      FB
  41 006f 9DBA0C14 		.ascii	"\235\272\014\0245\305\253e+]j\300RB\014\245\243$PD@"
  41      35C5AB65 
  41      2B5D6AC0 
  41      52420CA5 
  41      A3245044 
  42 0084 10EDFD6A 		.ascii	"\020\355\375j\220\237pg\23163*\242\0047\333\3256\032"
  42      909F7067 
  42      9936332A 
  42      A20437DB 
  42      D5361A
  43 0097 7A38CCE8 		.ascii	"z8\314\350\306\265\353S\032RX\212\320\0361\330\353K"
  43      C6B5EB53 
  43      1A52588A 
  43      D01E31D8 
  43      EB4B
  44 00a9 4ACEAA83 		.ascii	"J\316\252\203\346\357\341s~\214?e\024\373\332V\363\321"
  44      E6EFE173 
  44      7E8C3F65 
  44      14FBDA56 
  44      F3D1
  45 00bb F32D2D25 		.ascii	"\363--%\301\372\307\245v\3057z\016\357S\332 \250l\267"
  45      C1FAC7A5 
  45      76C5377A 
  45      0EEF53DA 
  45      20A86CB7 
  46 00cf 5EC60B38 		.ascii	"^\306\0138Me\251#\2052\3748\203\237\214+(@t\220\266"
  46      4D65A923 
  46      8532FC38 
  46      839F8C2B 
ARM GAS  C:\Users\info\AppData\Local\Temp\ccylKrox.s 			page 3


  46      28407490 
  47 00e4 DFA659EF 		.ascii	"\337\246Y\357\277\230\341\210\325\353\037mO\262\257"
  47      BF98E188 
  47      D5EB1F6D 
  47      4FB2AF
  48 00f3 0FB49E24 		.ascii	"\017\264\236$,G\3630\334}x\272\363\261\240vp\027\252"
  48      2C47F330 
  48      DC7D78BA 
  48      F3B1A076 
  48      7017AA
  49 0106 B4847396 		.ascii	"\264\204s\226\244\342\321\355e\316\033\254\362\200:"
  49      A4E2D1ED 
  49      65CE1BAC 
  49      F2803A
  50 0115 6C29372E 		.ascii	"l)7.\310e\340l\0015\004\251i\321E\272q\343bKg5=\352"
  50      C865E06C 
  50      013504A9 
  50      69D145BA 
  50      71E3624B 
  51 012d 9C6623CA 		.ascii	"\234f#\312\354\262\271c&\266v\315\355h8\276\227\210"
  51      ECB2B963 
  51      26B676CD 
  51      ED6838BE 
  51      9788
  52 013f 99915038 		.ascii	"\231\221P8\276\270\020\011\255n.\255EC\353\3631\361"
  52      BEB81009 
  52      AD6E2EAD 
  52      4543EBF3 
  52      31F1
  53 0151 07AB487E 		.ascii	"\007\253H~\273"
  53      BB
  54              		.text
  55              		.section	.gnu.lto_PIXEL_backup.792a78b6,"",%progbits
  56 0000 789C6361 		.ascii	"x\234ca`d\000\001] \206\260\030\030\37621\256\177\263"
  56      60640001 
  56      5D2086B0 
  56      1818FE32 
  56      31AE7FB3 
  57 0014 F327EF17 		.ascii	"\363'\357\027\246Vf\240 \220\273sn\373m>\213m\015\035"
  57      A65666A0 
  57      2090BB73 
  57      6EFB6D3E 
  57      8B6D0D1D 
  58 0028 0B1A045A 		.ascii	"\013\032\004Z\231\031\377110.g\224a`\\\301h\301\000"
  58      9919FF31 
  58      31302E67 
  58      9461605C 
  58      C168C100 
  59 003c 00C3A010 		.ascii	"\000\303\240\020)"
  59      29
  60              		.text
  61              		.section	.gnu.lto_PIXEL_RestoreConfig.792a78b6,"",%progbits
  62 0000 789C4D90 		.ascii	"x\234M\220\273O\002A\020\306\367\333=\340\202\222X\331"
  62      BB4F0241 
  62      10C6F7DB 
  62      3DE08292 
  62      58D9
ARM GAS  C:\Users\info\AppData\Local\Temp\ccylKrox.s 			page 4


  63 0012 48618C0D 		.ascii	"Ha\214\015\205R\371\027\370\212F\023\"\215\005\0111"
  63      8552F917 
  63      F88A4613 
  63      228D0509 
  63      31
  64 0023 78AD2444 		.ascii	"x\255$Dk\226\307Ei|\024^g\010\205\001AE;\261\361B,,"
  64      6B96C745 
  64      697C145E 
  64      67088501 
  64      41453BB1 
  65 003b 0C56C682 		.ascii	"\014V\306\202\306XP\020\013H\264\204s\366h\234d3\273"
  65      C6585010 
  65      0B48B484 
  65      73F6689C 
  65      6433BB
  66 004e DFCCCEEF 		.ascii	"\337\314\316\357\333\325\030\230\212%J\263\224\247h"
  66      DBD51898 
  66      8A254AB3 
  66      94A768
  67 005d 4130F0D3 		.ascii	"A0\360\323\026c\031\235\003j#u\2604G\032\277|\300\321"
  67      1663199D 
  67      036A2375 
  67      B034471A 
  67      BF7CC0D1 
  68 0071 3CEC3478 		.ascii	"<\3544x\250,)>/\213BVl\230\2021\207\273\223\030\312"
  68      A82C293E 
  68      2F8B4256 
  68      6C988231 
  68      87BB9318 
  69 0086 08316AFB 		.ascii	"\0101j\373\272\037\236\007\274y\3256=*\242\002\257\302"
  69      BA1F9E07 
  69      BC79D536 
  69      3D2AA202 
  69      AFC2
  70 0098 D5B76CE9 		.ascii	"\325\267l\35189i\017<\245q\2153S\220\332\243\016\305"
  70      3839690F 
  70      3CA5718D 
  70      335390DA 
  70      A30EC5
  71 00ab EA73AEB2 		.ascii	"\352s\256\262\350 \373\330\177ZWwrBa-\263\371\346\373"
  71      E820FBD8 
  71      7F5A5777 
  71      7242612D 
  71      B3F9E6FB 
  72 00bf E1A6E050 		.ascii	"\341\246\340P\343\033\215\357\266/=\220GRN\220V \007"
  72      E31B8DEF 
  72      B62F3D90 
  72      47524E90 
  72      562007
  73 00d2 4AEEBEBE 		.ascii	"J\356\276\276?\373\213\270\310HW\027\250\222\355+\004"
  73      3FFB8BB8 
  73      C8485717 
  73      A892ED2B 
  73      04
  74 00e3 DDE2F1C3 		.ascii	"\335\342\361\303]A\017\317\231BC\015E\014]\307\270F"
  74      5D410FCF 
  74      9942430D 
ARM GAS  C:\Users\info\AppData\Local\Temp\ccylKrox.s 			page 5


  74      450C5DC7 
  74      B846
  75 00f5 9875D0B4 		.ascii	"\230u\320\264J\223\012\366\237\344qI'\225v\315?::/\031"
  75      4A930AF6 
  75      9FE47149 
  75      279576CD 
  75      3F3A3A2F 
  76 010a A99154B5 		.ascii	"\251\221T\265Z\037c\212\222'N\300\024^\334\"\210\033"
  76      5A1F638A 
  76      92274EC0 
  76      145EDC22 
  76      881B
  77 011c 85419D26 		.ascii	"\205A\235&\223c\326E\326>[Q#\335o\351\221mz\027!gV\215"
  77      9363D645 
  77      D63E5B51 
  77      23DD6FE9 
  77      916D7A17 
  78 0134 3D23B5B3 		.ascii	"=#\265\263o\354\306\243\311\203T\302\210E\242\311\305"
  78      6FECC6A3 
  78      C98354C2 
  78      8845A2C9 
  78      C5
  79 0145 8558646D 		.ascii	"\205Xdm{y#\036\331\234O\260?\036r|\261"
  79      7B79231E 
  79      D99C4FB0 
  79      3F1E727C 
  79      B1
  80              		.text
  81              		.section	.gnu.lto_PIXEL_Sleep.792a78b6,"",%progbits
  82 0000 789C6361 		.ascii	"x\234ca`d\000\201\325@\254\002\304\322@\314\310\314"
  82      60640081 
  82      D540AC02 
  82      C4D240CC 
  82      C8CC
  83 0012 C0C834E1 		.ascii	"\300\3104\341\034\003C#\007\023##\210\321\300\301\310"
  83      1C034323 
  83      07132323 
  83      88D1C0C1 
  83      C8
  84 0023 50CFC458 		.ascii	"P\317\304X\317\370\225\351/\023\343\241\366g;\2314\227"
  84      CFF895E9 
  84      2F13E3A1 
  84      F6673B99 
  84      3497
  85 0035 3700C183 		.ascii	"7\000\301\203\245\257\014\032V\034`lef`\370\317\004"
  85      A5AF0C1A 
  85      561C606C 
  85      656660F8 
  85      CF04
  86 0047 36898171 		.ascii	"6\211\201q9\243&\003P\331\243\215\377\246\362\262\265"
  86      39A32603 
  86      50D9A38D 
  86      FFA6F2B2 
  86      B5
  87 0058 80942940 		.ascii	"\200\224)@$\031W0\262\201\254[\037t\240\341\377\377"
  87      24195730 
  87      B281AC5B 
ARM GAS  C:\Users\info\AppData\Local\Temp\ccylKrox.s 			page 6


  87      1F74A0E1 
  87      FFFF
  88 006a E6860357 		.ascii	"\346\206\003W\331\016\336`\003j\375\000\224\005\331"
  88      D90EDE60 
  88      036AFD00 
  88      9405D9
  89 0079 F3918909 		.ascii	"\363\221\211\011D3\277`l>p\375\030\023H=\310\244\235"
  89      4433BF60 
  89      6C3E70FD 
  89      1813483D 
  89      C8A49D
  90 008c 3BDFDC66 		.ascii	";\337\334f\257\377\333\320\321\320 \320\312\314\370"
  90      AFFFDBD0 
  90      D1D020D0 
  90      CACCF8
  91 009b 9F096808 		.ascii	"\237\011h\010\343J\306z\206Vf&\206W\214M\007n\272\201"
  91      E34AC67A 
  91      86566626 
  91      86578C4D 
  91      076EBA81 
  92 00af 9582C007 		.ascii	"\225\202\300\007\240$\320\010\240\201J\356\251y\251"
  92      A024D008 
  92      A0814AEE 
  92      A979A9
  93 00be 458925A9 		.ascii	"E\211%\251)\361\301\371\245E\311\2511\001\301\371\316"
  93      29F1C1F9 
  93      A545C9A9 
  93      3101C1F9 
  93      CE
  94 00cf A631019E 		.ascii	"\2461\001\236\021\256>\361\001\276z\311\014\000\033"
  94      11AE3EF1 
  94      01BE7AC9 
  94      0C001B
  95 00de 714BC2   		.ascii	"qK\302"
  96              		.text
  97              		.section	.gnu.lto_PIXEL_Wakeup.792a78b6,"",%progbits
  98 0000 789C6361 		.ascii	"x\234ca`d\000\201\325@\254\002\304\322@\314\310\314"
  98      60640081 
  98      D540AC02 
  98      C4D240CC 
  98      C8CC
  99 0012 C0C834E1 		.ascii	"\300\3104\341\034\003C#\007\023##\210\321\300\301\310"
  99      1C034323 
  99      07132323 
  99      88D1C0C1 
  99      C8
 100 0023 50CFC458 		.ascii	"P\317\304X\317\370\225\351/\023\343\241\366g;\2314\227"
 100      CFF895E9 
 100      2F13E3A1 
 100      F6673B99 
 100      3497
 101 0035 3700C183 		.ascii	"7\000\301\203\245\237\015\032V\034`lef`\370\317\004"
 101      A59F0D1A 
 101      561C606C 
 101      656660F8 
 101      CF04
 102 0047 36898171 		.ascii	"6\211\201q9\243&\003P\331\243\215\377\246\362\262\265"
ARM GAS  C:\Users\info\AppData\Local\Temp\ccylKrox.s 			page 7


 102      39A32603 
 102      50D9A38D 
 102      FFA6F2B2 
 102      B5
 103 0058 80942940 		.ascii	"\200\224)@$\031W0\262\201\254[\037t\240\341\377\377"
 103      24195730 
 103      B281AC5B 
 103      1F74A0E1 
 103      FFFF
 104 006a E6860373 		.ascii	"\346\206\003s\331\017n`\007j\375\000\224\005\331\363"
 104      D90F6E60 
 104      076AFD00 
 104      9405D9F3 
 105 007a 91890944 		.ascii	"\221\211\011D3\277`l>0\3778\023H=\310\244\235;\337\334"
 105      33BF606C 
 105      3E30FF38 
 105      13483DC8 
 105      A49D3BDF 
 106 008f 66AFFFDB 		.ascii	"f\257\377\333\320\321\320 \320\312\314\370\237\011h"
 106      D0D1D020 
 106      D0CACCF8 
 106      9F0968
 107 009e 08E34AC6 		.ascii	"\010\343J\306z\206Vf&\206W\214M\0076\272\203\225\202"
 107      7A865666 
 107      2686578C 
 107      4D0736BA 
 107      839582
 108 00b1 C007A024 		.ascii	"\300\007\240$\320\010\240\201J\356\251y\251E\211%\251"
 108      D008A081 
 108      4AEEA979 
 108      A9458925 
 108      A9
 109 00c2 29F1C1F9 		.ascii	")\361\301\371\245E\311\2511\001\301\371\316\2461\001"
 109      A545C9A9 
 109      3101C1F9 
 109      CEA63101 
 110 00d2 9E11AE3E 		.ascii	"\236\021\256>\361\001\276z\311\014\000\325tK\017"
 110      F101BE7A 
 110      C90C00D5 
 110      744B0F
 111              		.text
 112              		.section	.gnu.lto_.symbol_nodes.792a78b6,"",%progbits
 113 0000 789C5589 		.ascii	"x\234U\211A\021\200@\014\304\322\335b\000\007\030\303"
 113      41118040 
 113      0CC4D2DD 
 113      62000718 
 113      C3
 114 0011 4A4F021A 		.ascii	"JO\002\032x\"\006\015(a\270\341\327|2\223$\301\316D"
 114      7822060D 
 114      2861B8E1 
 114      D77C3293 
 114      24C1CE44 
 115 0025 5170DC30 		.ascii	"Qp\3340u\215\015\026\030+X\252hC.\365\220\345\026l8"
 115      758D0D16 
 115      182B58AA 
 115      68432EF5 
 115      90E5166C 
ARM GAS  C:\Users\info\AppData\Local\Temp\ccylKrox.s 			page 8


 116 003a 9F379CFA 		.ascii	"\2377\234\372\315\007\214J\024\303"
 116      CD078C4A 
 116      14C3
 117              		.text
 118              		.section	.gnu.lto_.refs.792a78b6,"",%progbits
 119 0000 789C6361 		.ascii	"x\234ca`d\340f`\000\222\214\214L\214L@\222\001\000\001"
 119      6064E066 
 119      6000928C 
 119      8C4C8C4C 
 119      40920100 
 120 0015 54001B   		.ascii	"T\000\033"
 121              		.text
 122              		.section	.gnu.lto_.decls.792a78b6,"",%progbits
 123 0000 789C8D54 		.ascii	"x\234\215T}LSW\024\277\347\275\332v\317j\214,\013\177"
 123      7D4C5357 
 123      14BFE7BD 
 123      DA76CF6A 
 123      8C2C0B7F 
 124 0014 34594734 		.ascii	"4YG4#Y\2022C\342\177N\033?\226mJ,\270\375AB\260>\035"
 124      23598232 
 124      43E27F4E 
 124      1B3F966D 
 124      4A2CB8FD 
 125 002d 9150538B 		.ascii	"\221PS\213\011\377]>\374\302l\301%nR\311\206\037q\202"
 125      09FF5D3E 
 125      FCC26CC1 
 125      256E52C9 
 125      861F7182 
 126 0041 40C1AA88 		.ascii	"@\301\252\210\"\024A\320\0200:\203\032\2156`4\356+\030"
 126      221441D0 
 126      10303A83 
 126      1A8D3660 
 126      34EE2B18 
 127 0055 881123C3 		.ascii	"\210\021#\303s\356\273\365=L1;\355\351\275\347\335\337"
 127      73EEBBF5 
 127      3D4C313B 
 127      EDE9BDE7 
 127      DDDF
 128 0067 F9FDCE3D 		.ascii	"\371\375\316=\367\276\332\0300\262\2549\214=\3011\017"
 128      F7BEDA18 
 128      30B2AC39 
 128      8C3DC131 
 128      0F
 129 0078 C369343B 		.ascii	"\303i4;\31671\323l\350M\350\021\364V\364(:ev\263\231"
 129      CE3731D3 
 129      6CE84DE8 
 129      11F456F4 
 129      283A6576 
 130 008e 461887CC 		.ascii	"F\030\207\314u\243\367\241\367\242\367\243w\241_\224"
 130      75A3F7A1 
 130      F7A2F7A3 
 130      77A15F94 
 131 009e 791D726C 		.ascii	"y\035rl\232\205\207bErtYr\222Y\344\035M\253VB\337\252"
 131      9A858762 
 131      45727459 
 131      729259E4 
 131      1D4DAB56 
ARM GAS  C:\Users\info\AppData\Local\Temp\ccylKrox.s 			page 9


 132 00b5 19994593 		.ascii	"\031\231E\223\366\245J\236k\350\215\362\271\"\327\232"
 132      F6A54A9E 
 132      6BE88DF2 
 132      B922D79A 
 133 00c5 926847DF 		.ascii	"\222hG\337\223\023\225Z\357\332\224\002\025#\177\326"
 133      9313955A 
 133      EFDA9402 
 133      15237FD6 
 134 00d5 39EFC33D 		.ascii	"9\357\303=\000\006\302\230<\007FO\344H\0230\002\205"
 134      0006C298 
 134      3C07464F 
 134      E4481330 
 134      0285
 135 00e7 C99A0D14 		.ascii	"\311\232\015\024$\250@|\360\253\010<X\026f\340\304\231"
 135      24A8407C 
 135      F0AB083C 
 135      581666E0 
 135      C499
 136 00f9 0A331FC1 		.ascii	"\0123\037\301[K a&)\261\232!\306\212\231`\341\223\325"
 136      5B4B2061 
 136      2629B19A 
 136      21C68A99 
 136      60E193D5 
 137 010d 4B7DB0CA 		.ascii	"K}\260\312\012j5\261\351\037:\243q\227\212\2348\177"
 137      0A6A35B1 
 137      E91F3AA3 
 137      71978A9C 
 137      387F
 138 011f 34796A4D 		.ascii	"4yjMF#G\253\346\\\371\314\354\314\315\312\226ZuB\201"
 138      462347AB 
 138      E65CF9CC 
 138      ECCCCDCA 
 138      965A7542 
 139 0134 851AD830 		.ascii	"\205\032\3300|>\030\036\235\217\341\207\032x0\234\272"
 139      7C3E181E 
 139      9D8FE187 
 139      1A78309C 
 139      BA
 140 0145 7E24ACA4 		.ascii	"~$\254\244\376,\362*\270\307\006\233>\202\323\340\206"
 140      FE2CF22A 
 140      B8C7069B 
 140      3E82D3E0 
 140      86
 141 0156 06C08387 		.ascii	"\006\300\203\207FH\305\337\3156\203\351\345\253\247"
 141      4648C5DF 
 141      CD3683E9 
 141      E5ABA7
 142 0165 BFD9D3EA 		.ascii	"\277\331\323\352x\274\205\307'\343\237\327\360X%\246"
 142      78BC85C7 
 142      27E39FD7 
 142      F05825A6 
 143 0175 29848253 		.ascii	")\204\202S\240B=dP\2118\245\341w\270\217\3057A\032f"
 143      A0423D64 
 143      508938A5 
 143      E177B88F 
 143      C537411A 
 144 018a DEF8F5F6 		.ascii	"\336\370\365\366\003PW\210B\273\367\336\031\377\300"
ARM GAS  C:\Users\info\AppData\Local\Temp\ccylKrox.s 			page 10


 144      03505788 
 144      42BBF7DE 
 144      19FFC0
 145 0199 6089BDD2 		.ascii	"`\211\275\322\371~\244\260\011\212f\223\242\331J\021"
 145      F97EA4B0 
 145      098A6693 
 145      A2D94A11 
 146 01a9 11146D23 		.ascii	"\021\024m#\2616\207\352\023\024\347+_\377E\024uHq\253"
 146      B13687EA 
 146      1314E72B 
 146      5FFF4514 
 146      754871AB 
 147 01bd CFC5ABCB 		.ascii	"\317\305\253\3138\377Bp\264\230\034-V\216V\301\321\365"
 147      38FF4270 
 147      B4981C2D 
 147      568E56C1 
 147      D1F5
 148 01cf CFDDEAF9 		.ascii	"\317\335\352\371j\276\340\030h\250\352qJ\216p\277\225"
 148      6ABEE018 
 148      68A8EA71 
 148      4A8E70BF 
 148      95
 149 01e0 E38CC971 		.ascii	"\343\214\311q\306\312\021\025\034/\206F<j\221\240\370"
 149      C6CA1115 
 149      1C2F8646 
 149      3C6A91A0 
 149      F8
 150 01f1 71F4E143 		.ascii	"q\364\341C\273Z*\346\221\335\217\353\235\330V\267\006"
 150      BB5A2AE6 
 150      91DD8FEB 
 150      9DD856B7 
 150      06
 151 0202 D340F1DF 		.ascii	"\323@\361\337\355\223\363\214\230\226k\016\216\3767"
 151      ED93F38C 
 151      98966B0E 
 151      8EFE37
 152 0211 57DD0314 		.ascii	"W\335\003\024(\177\214\236~f\203t\355$u=\336^\265\365"
 152      287F8C9E 
 152      7E668374 
 152      ED24753D 
 152      DE5EB5F5 
 153 0225 97BDD4C6 		.ascii	"\227\275\324\306\213\240\301\005S\333\255\341\357>\316"
 153      8BA0C105 
 153      53DBADE1 
 153      EF3ECE
 154 0234 CBF9D831 		.ascii	"\313\371\3301nOe\260\314\015K\335\014\332!\235X\011"
 154      6E4F65B0 
 154      CC0D4BDD 
 154      0CDA219D 
 154      5809
 155 0246 056D7852 		.ascii	"\005mxR\347\361\244\246\0245\032\276\320\011\220\262"
 155      E7F1A4A6 
 155      14351ABE 
 155      D00990B2 
 156 0256 28FD20B1 		.ascii	"(\375 \261\216\225sNw\307\310ap\011R(\003.cr\007,\022"
 156      8E95734E 
 156      77C7C861 
ARM GAS  C:\Users\info\AppData\Local\Temp\ccylKrox.s 			page 11


 156      70095228 
 156      032E6372 
 157 026d 77E31871 		.ascii	"w\343\030q\307/\037\370\364H3\347\025v\241\177\016\365"
 157      C72F1FF8 
 157      F44833E7 
 157      1576A17F 
 157      0EF5
 158 027f 092BB596 		.ascii	"\011+\265\226Pn&\375\005\210Zc5:\347N\0020Y\245\274"
 158      506E26FD 
 158      05885A63 
 158      353AE74E 
 158      023059A5 
 159 0294 6313574F 		.ascii	"c\023WO\034v\250C\306\366\356\364\334lp@J\262B \206"
 159      1C76A843 
 159      C6F6EEF4 
 159      DC6C7040 
 159      4AB24220 
 160 02a9 FAC96A31 		.ascii	"\372\311j1\350[\347a\033\272p\271\323l\003\211\011\215"
 160      E85BE761 
 160      1BBA70B9 
 160      D36C0389 
 160      098D
 161 02bb B2DAB161 		.ascii	"\262\332\261au\361q\316\361\352Lv\024\216\227\363u\002"
 161      75F171CE 
 161      F1EA4C76 
 161      148E97F3 
 161      7502
 162 02cd 7BD6C0BE 		.ascii	"{\326\300\276\335*\3059\012\203nXL\225U\216\017\333"
 162      DD2AC539 
 162      0A836E58 
 162      4C95558E 
 162      0FDB
 163 02df 356C63C5 		.ascii	"5lc\305\377j#\014>;:\355PG\214\235D\017\325\034r\200"
 163      FF6A230C 
 163      3E3B3AED 
 163      50478C9D 
 163      440FD51C 
 164 02f5 969E24FD 		.ascii	"\226\236$\375j\222\364\304yn\010\377T\306=\320\213\375"
 164      6A92F4C4 
 164      796E08FF 
 164      54C63DD0 
 164      8BFD
 165 0307 EC313772 		.ascii	"\35417r\0054c#\365\377\366\304\300UE\335\307Wn\341:"
 165      05346323 
 165      F5FFF6C4 
 165      C05545DD 
 165      C7576EE1 
 166 031c 0134DFB9 		.ascii	"\0014\337\271>p\2117\035G\004\337>\334[?\003L[6\301"
 166      3E708937 
 166      1D4704DF 
 166      3EDC5B3F 
 166      034C5B36 
 167 0331 FD12DC2F 		.ascii	"\375\022\334/\300\341{\265\003N+\230\256\263\011\276"
 167      C0E17BB5 
 167      034E2B98 
 167      AEB309BE 
 168 0341 06AE4431 		.ascii	"\006\256D18e\013\262\277\374n\365\327\371\276\202]\272"
ARM GAS  C:\Users\info\AppData\Local\Temp\ccylKrox.s 			page 12


 168      38650BB2 
 168      BFFC6EF5 
 168      D7F9BE82 
 168      5DBA
 169 0353 3750BCB5 		.ascii	"7P\274\265p\233s\355\372\\\21773\223\245\255\325\213"
 169      709B73ED 
 169      FA5C8F37 
 169      3393A5AD 
 169      D58B
 170 0365 F5604148 		.ascii	"\365`AH\337\222\357\013\224\004\375z^\266/\340\315\312"
 170      DF92EF0B 
 170      9404FD7A 
 170      5EB62FE0 
 170      CDCA
 171 0377 3312B2BF 		.ascii	"3\022\262\277\311\360\263\024c\276Q\337\031\012\004"
 171      C9F0B314 
 171      63BE51DF 
 171      190A04
 172 0386 65FE5C49 		.ascii	"e\376\\IX\244\353;\\\306\374\333\202\355zI\"\330\\\340"
 172      58A4EB3B 
 172      5CC6FCDB 
 172      82ED7A49 
 172      22D85CE0 
 173 039a DF8E813F 		.ascii	"\337\216\201?P\034\012\006\212|!\024\230SRX\034Z\376"
 173      501C0A06 
 173      8A7C2114 
 173      98535258 
 173      1C5AFE
 174 03ad C92C7AFE 		.ascii	"\311,z\376\322P\351\016}g\306\367\354\343\367U\204\353"
 174      D250E90E 
 174      7D67C6F7 
 174      ECE3F755 
 174      84EB
 175 03bf B29C552B 		.ascii	"\262\234U+\275_\345f\347\373r6\346zslA}\333\3627%\377"
 175      BD5FE566 
 175      E7FB7236 
 175      E67A736C 
 175      417DDBF2 
 176 03d6 CA5F     		.ascii	"\312_"
 177              		.text
 178              		.section	.gnu.lto_.symtab.792a78b6,"",%progbits
 179 0000 50495845 		.ascii	"PIXEL_SaveConfig\000"
 179      4C5F5361 
 179      7665436F 
 179      6E666967 
 179      00
 180 0011 00       		.ascii	"\000"
 181 0012 00       		.ascii	"\000"
 182 0013 00       		.ascii	"\000"
 183 0014 00000000 		.ascii	"\000\000\000\000\000\000\000\000"
 183      00000000 
 184 001c AD000000 		.ascii	"\255\000\000\000"
 185 0020 50495845 		.ascii	"PIXEL_RestoreConfig\000"
 185      4C5F5265 
 185      73746F72 
 185      65436F6E 
 185      66696700 
ARM GAS  C:\Users\info\AppData\Local\Temp\ccylKrox.s 			page 13


 186 0034 00       		.ascii	"\000"
 187 0035 00       		.ascii	"\000"
 188 0036 00       		.ascii	"\000"
 189 0037 00000000 		.ascii	"\000\000\000\000\000\000\000\000"
 189      00000000 
 190 003f AF000000 		.ascii	"\257\000\000\000"
 191 0043 50495845 		.ascii	"PIXEL_Sleep\000"
 191      4C5F536C 
 191      65657000 
 192 004f 00       		.ascii	"\000"
 193 0050 00       		.ascii	"\000"
 194 0051 00       		.ascii	"\000"
 195 0052 00000000 		.ascii	"\000\000\000\000\000\000\000\000"
 195      00000000 
 196 005a B1000000 		.ascii	"\261\000\000\000"
 197 005e 50495845 		.ascii	"PIXEL_Wakeup\000"
 197      4C5F5761 
 197      6B657570 
 197      00
 198 006b 00       		.ascii	"\000"
 199 006c 00       		.ascii	"\000"
 200 006d 00       		.ascii	"\000"
 201 006e 00000000 		.ascii	"\000\000\000\000\000\000\000\000"
 201      00000000 
 202 0076 B3000000 		.ascii	"\263\000\000\000"
 203              		.text
 204              		.section	.gnu.lto_.opts,"",%progbits
 205 0000 272D666D 		.ascii	"'-fmath-errno' '-fsigned-zeros' '-ftrapping-math' '"
 205      6174682D 
 205      6572726E 
 205      6F272027 
 205      2D667369 
 206 0033 2D666E6F 		.ascii	"-fno-trapv' '-fno-strict-overflow' '-fno-openmp' '-"
 206      2D747261 
 206      70762720 
 206      272D666E 
 206      6F2D7374 
 207 0066 666E6F2D 		.ascii	"fno-openacc' '-mcpu=cortex-m3' '-mthumb' '-g' '-Og'"
 207      6F70656E 
 207      61636327 
 207      20272D6D 
 207      6370753D 
 208 0099 20272D66 		.ascii	" '-ffunction-sections' '-ffat-lto-objects' '-flto'\000"
 208      66756E63 
 208      74696F6E 
 208      2D736563 
 208      74696F6E 
 209              		.text
 210              		.cfi_sections	.debug_frame
 211              		.section	.text.PIXEL_SaveConfig,"ax",%progbits
 212              		.align	2
 213              		.global	PIXEL_SaveConfig
 214              		.thumb
 215              		.thumb_func
 216              		.type	PIXEL_SaveConfig, %function
 217              	PIXEL_SaveConfig:
 218              	.LFB0:
ARM GAS  C:\Users\info\AppData\Local\Temp\ccylKrox.s 			page 14


 219              		.file 1 "Generated_Source\\PSoC5\\PIXEL_PM.c"
   1:Generated_Source\PSoC5/PIXEL_PM.c **** /*******************************************************************************
   2:Generated_Source\PSoC5/PIXEL_PM.c **** * File Name: PIXEL_PM.c
   3:Generated_Source\PSoC5/PIXEL_PM.c **** * Version 1.80
   4:Generated_Source\PSoC5/PIXEL_PM.c **** *
   5:Generated_Source\PSoC5/PIXEL_PM.c **** * Description:
   6:Generated_Source\PSoC5/PIXEL_PM.c **** *  This file contains the setup, control, and status commands to support 
   7:Generated_Source\PSoC5/PIXEL_PM.c **** *  the component operation in the low power mode. 
   8:Generated_Source\PSoC5/PIXEL_PM.c **** *
   9:Generated_Source\PSoC5/PIXEL_PM.c **** * Note:
  10:Generated_Source\PSoC5/PIXEL_PM.c **** *
  11:Generated_Source\PSoC5/PIXEL_PM.c **** ********************************************************************************
  12:Generated_Source\PSoC5/PIXEL_PM.c **** * Copyright 2015, Cypress Semiconductor Corporation.  All rights reserved.
  13:Generated_Source\PSoC5/PIXEL_PM.c **** * You may use this file only in accordance with the license, terms, conditions, 
  14:Generated_Source\PSoC5/PIXEL_PM.c **** * disclaimers, and limitations in the end user license agreement accompanying 
  15:Generated_Source\PSoC5/PIXEL_PM.c **** * the software package with which this file was provided.
  16:Generated_Source\PSoC5/PIXEL_PM.c **** *******************************************************************************/
  17:Generated_Source\PSoC5/PIXEL_PM.c **** 
  18:Generated_Source\PSoC5/PIXEL_PM.c **** #include "PIXEL.h"
  19:Generated_Source\PSoC5/PIXEL_PM.c **** 
  20:Generated_Source\PSoC5/PIXEL_PM.c **** /* Check for removal by optimization */
  21:Generated_Source\PSoC5/PIXEL_PM.c **** #if !defined(PIXEL_Sync_ctrl_reg__REMOVED)
  22:Generated_Source\PSoC5/PIXEL_PM.c **** 
  23:Generated_Source\PSoC5/PIXEL_PM.c **** static PIXEL_BACKUP_STRUCT  PIXEL_backup = {0u};
  24:Generated_Source\PSoC5/PIXEL_PM.c **** 
  25:Generated_Source\PSoC5/PIXEL_PM.c ****     
  26:Generated_Source\PSoC5/PIXEL_PM.c **** /*******************************************************************************
  27:Generated_Source\PSoC5/PIXEL_PM.c **** * Function Name: PIXEL_SaveConfig
  28:Generated_Source\PSoC5/PIXEL_PM.c **** ********************************************************************************
  29:Generated_Source\PSoC5/PIXEL_PM.c **** *
  30:Generated_Source\PSoC5/PIXEL_PM.c **** * Summary:
  31:Generated_Source\PSoC5/PIXEL_PM.c **** *  Saves the control register value.
  32:Generated_Source\PSoC5/PIXEL_PM.c **** *
  33:Generated_Source\PSoC5/PIXEL_PM.c **** * Parameters:
  34:Generated_Source\PSoC5/PIXEL_PM.c **** *  None
  35:Generated_Source\PSoC5/PIXEL_PM.c **** *
  36:Generated_Source\PSoC5/PIXEL_PM.c **** * Return:
  37:Generated_Source\PSoC5/PIXEL_PM.c **** *  None
  38:Generated_Source\PSoC5/PIXEL_PM.c **** *
  39:Generated_Source\PSoC5/PIXEL_PM.c **** *******************************************************************************/
  40:Generated_Source\PSoC5/PIXEL_PM.c **** void PIXEL_SaveConfig(void) 
  41:Generated_Source\PSoC5/PIXEL_PM.c **** {
 220              		.loc 1 41 0
 221              		.cfi_startproc
 222              		@ args = 0, pretend = 0, frame = 0
 223              		@ frame_needed = 0, uses_anonymous_args = 0
 224              		@ link register save eliminated.
  42:Generated_Source\PSoC5/PIXEL_PM.c ****     PIXEL_backup.controlState = PIXEL_Control;
 225              		.loc 1 42 0
 226 0000 024B     		ldr	r3, .L2
 227 0002 1A78     		ldrb	r2, [r3]	@ zero_extendqisi2
 228 0004 024B     		ldr	r3, .L2+4
 229 0006 1A70     		strb	r2, [r3]
 230 0008 7047     		bx	lr
 231              	.L3:
 232 000a 00BF     		.align	2
 233              	.L2:
ARM GAS  C:\Users\info\AppData\Local\Temp\ccylKrox.s 			page 15


 234 000c 7F640040 		.word	1073767551
 235 0010 00000000 		.word	.LANCHOR0
 236              		.cfi_endproc
 237              	.LFE0:
 238              		.size	PIXEL_SaveConfig, .-PIXEL_SaveConfig
 239              		.section	.text.PIXEL_RestoreConfig,"ax",%progbits
 240              		.align	2
 241              		.global	PIXEL_RestoreConfig
 242              		.thumb
 243              		.thumb_func
 244              		.type	PIXEL_RestoreConfig, %function
 245              	PIXEL_RestoreConfig:
 246              	.LFB1:
  43:Generated_Source\PSoC5/PIXEL_PM.c **** }
  44:Generated_Source\PSoC5/PIXEL_PM.c **** 
  45:Generated_Source\PSoC5/PIXEL_PM.c **** 
  46:Generated_Source\PSoC5/PIXEL_PM.c **** /*******************************************************************************
  47:Generated_Source\PSoC5/PIXEL_PM.c **** * Function Name: PIXEL_RestoreConfig
  48:Generated_Source\PSoC5/PIXEL_PM.c **** ********************************************************************************
  49:Generated_Source\PSoC5/PIXEL_PM.c **** *
  50:Generated_Source\PSoC5/PIXEL_PM.c **** * Summary:
  51:Generated_Source\PSoC5/PIXEL_PM.c **** *  Restores the control register value.
  52:Generated_Source\PSoC5/PIXEL_PM.c **** *
  53:Generated_Source\PSoC5/PIXEL_PM.c **** * Parameters:
  54:Generated_Source\PSoC5/PIXEL_PM.c **** *  None
  55:Generated_Source\PSoC5/PIXEL_PM.c **** *
  56:Generated_Source\PSoC5/PIXEL_PM.c **** * Return:
  57:Generated_Source\PSoC5/PIXEL_PM.c **** *  None
  58:Generated_Source\PSoC5/PIXEL_PM.c **** *
  59:Generated_Source\PSoC5/PIXEL_PM.c **** *
  60:Generated_Source\PSoC5/PIXEL_PM.c **** *******************************************************************************/
  61:Generated_Source\PSoC5/PIXEL_PM.c **** void PIXEL_RestoreConfig(void) 
  62:Generated_Source\PSoC5/PIXEL_PM.c **** {
 247              		.loc 1 62 0
 248              		.cfi_startproc
 249              		@ args = 0, pretend = 0, frame = 0
 250              		@ frame_needed = 0, uses_anonymous_args = 0
 251              		@ link register save eliminated.
  63:Generated_Source\PSoC5/PIXEL_PM.c ****      PIXEL_Control = PIXEL_backup.controlState;
 252              		.loc 1 63 0
 253 0000 024B     		ldr	r3, .L5
 254 0002 1A78     		ldrb	r2, [r3]	@ zero_extendqisi2
 255 0004 024B     		ldr	r3, .L5+4
 256 0006 1A70     		strb	r2, [r3]
 257 0008 7047     		bx	lr
 258              	.L6:
 259 000a 00BF     		.align	2
 260              	.L5:
 261 000c 00000000 		.word	.LANCHOR0
 262 0010 7F640040 		.word	1073767551
 263              		.cfi_endproc
 264              	.LFE1:
 265              		.size	PIXEL_RestoreConfig, .-PIXEL_RestoreConfig
 266              		.section	.text.PIXEL_Sleep,"ax",%progbits
 267              		.align	2
 268              		.global	PIXEL_Sleep
 269              		.thumb
ARM GAS  C:\Users\info\AppData\Local\Temp\ccylKrox.s 			page 16


 270              		.thumb_func
 271              		.type	PIXEL_Sleep, %function
 272              	PIXEL_Sleep:
 273              	.LFB2:
  64:Generated_Source\PSoC5/PIXEL_PM.c **** }
  65:Generated_Source\PSoC5/PIXEL_PM.c **** 
  66:Generated_Source\PSoC5/PIXEL_PM.c **** 
  67:Generated_Source\PSoC5/PIXEL_PM.c **** /*******************************************************************************
  68:Generated_Source\PSoC5/PIXEL_PM.c **** * Function Name: PIXEL_Sleep
  69:Generated_Source\PSoC5/PIXEL_PM.c **** ********************************************************************************
  70:Generated_Source\PSoC5/PIXEL_PM.c **** *
  71:Generated_Source\PSoC5/PIXEL_PM.c **** * Summary:
  72:Generated_Source\PSoC5/PIXEL_PM.c **** *  Prepares the component for entering the low power mode.
  73:Generated_Source\PSoC5/PIXEL_PM.c **** *
  74:Generated_Source\PSoC5/PIXEL_PM.c **** * Parameters:
  75:Generated_Source\PSoC5/PIXEL_PM.c **** *  None
  76:Generated_Source\PSoC5/PIXEL_PM.c **** *
  77:Generated_Source\PSoC5/PIXEL_PM.c **** * Return:
  78:Generated_Source\PSoC5/PIXEL_PM.c **** *  None
  79:Generated_Source\PSoC5/PIXEL_PM.c **** *
  80:Generated_Source\PSoC5/PIXEL_PM.c **** *******************************************************************************/
  81:Generated_Source\PSoC5/PIXEL_PM.c **** void PIXEL_Sleep(void) 
  82:Generated_Source\PSoC5/PIXEL_PM.c **** {
 274              		.loc 1 82 0
 275              		.cfi_startproc
 276              		@ args = 0, pretend = 0, frame = 0
 277              		@ frame_needed = 0, uses_anonymous_args = 0
 278 0000 08B5     		push	{r3, lr}
 279              		.cfi_def_cfa_offset 8
 280              		.cfi_offset 3, -8
 281              		.cfi_offset 14, -4
  83:Generated_Source\PSoC5/PIXEL_PM.c ****     PIXEL_SaveConfig();
 282              		.loc 1 83 0
 283 0002 FFF7FEFF 		bl	PIXEL_SaveConfig
 284              	.LVL0:
 285 0006 08BD     		pop	{r3, pc}
 286              		.cfi_endproc
 287              	.LFE2:
 288              		.size	PIXEL_Sleep, .-PIXEL_Sleep
 289              		.section	.text.PIXEL_Wakeup,"ax",%progbits
 290              		.align	2
 291              		.global	PIXEL_Wakeup
 292              		.thumb
 293              		.thumb_func
 294              		.type	PIXEL_Wakeup, %function
 295              	PIXEL_Wakeup:
 296              	.LFB3:
  84:Generated_Source\PSoC5/PIXEL_PM.c **** }
  85:Generated_Source\PSoC5/PIXEL_PM.c **** 
  86:Generated_Source\PSoC5/PIXEL_PM.c **** 
  87:Generated_Source\PSoC5/PIXEL_PM.c **** /*******************************************************************************
  88:Generated_Source\PSoC5/PIXEL_PM.c **** * Function Name: PIXEL_Wakeup
  89:Generated_Source\PSoC5/PIXEL_PM.c **** ********************************************************************************
  90:Generated_Source\PSoC5/PIXEL_PM.c **** *
  91:Generated_Source\PSoC5/PIXEL_PM.c **** * Summary:
  92:Generated_Source\PSoC5/PIXEL_PM.c **** *  Restores the component after waking up from the low power mode.
  93:Generated_Source\PSoC5/PIXEL_PM.c **** *
ARM GAS  C:\Users\info\AppData\Local\Temp\ccylKrox.s 			page 17


  94:Generated_Source\PSoC5/PIXEL_PM.c **** * Parameters:
  95:Generated_Source\PSoC5/PIXEL_PM.c **** *  None
  96:Generated_Source\PSoC5/PIXEL_PM.c **** *
  97:Generated_Source\PSoC5/PIXEL_PM.c **** * Return:
  98:Generated_Source\PSoC5/PIXEL_PM.c **** *  None
  99:Generated_Source\PSoC5/PIXEL_PM.c **** *
 100:Generated_Source\PSoC5/PIXEL_PM.c **** *******************************************************************************/
 101:Generated_Source\PSoC5/PIXEL_PM.c **** void PIXEL_Wakeup(void)  
 102:Generated_Source\PSoC5/PIXEL_PM.c **** {
 297              		.loc 1 102 0
 298              		.cfi_startproc
 299              		@ args = 0, pretend = 0, frame = 0
 300              		@ frame_needed = 0, uses_anonymous_args = 0
 301 0000 08B5     		push	{r3, lr}
 302              		.cfi_def_cfa_offset 8
 303              		.cfi_offset 3, -8
 304              		.cfi_offset 14, -4
 103:Generated_Source\PSoC5/PIXEL_PM.c ****     PIXEL_RestoreConfig();
 305              		.loc 1 103 0
 306 0002 FFF7FEFF 		bl	PIXEL_RestoreConfig
 307              	.LVL1:
 308 0006 08BD     		pop	{r3, pc}
 309              		.cfi_endproc
 310              	.LFE3:
 311              		.size	PIXEL_Wakeup, .-PIXEL_Wakeup
 312              		.bss
 313              		.align	2
 314              		.set	.LANCHOR0,. + 0
 315              		.type	PIXEL_backup, %object
 316              		.size	PIXEL_backup, 1
 317              	PIXEL_backup:
 318 0000 00       		.space	1
 319              		.text
 320              	.Letext0:
 321              		.file 2 "Generated_Source\\PSoC5\\cytypes.h"
 322              		.file 3 "Generated_Source\\PSoC5\\PIXEL.h"
 323              		.section	.debug_info,"",%progbits
 324              	.Ldebug_info0:
 325 0000 2B010000 		.4byte	0x12b
 326 0004 0400     		.2byte	0x4
 327 0006 00000000 		.4byte	.Ldebug_abbrev0
 328 000a 04       		.byte	0x4
 329 000b 01       		.uleb128 0x1
 330 000c 0D000000 		.4byte	.LASF19
 331 0010 0C       		.byte	0xc
 332 0011 AB010000 		.4byte	.LASF20
 333 0015 1E010000 		.4byte	.LASF21
 334 0019 00000000 		.4byte	.Ldebug_ranges0+0
 335 001d 00000000 		.4byte	0
 336 0021 00000000 		.4byte	.Ldebug_line0
 337 0025 02       		.uleb128 0x2
 338 0026 01       		.byte	0x1
 339 0027 06       		.byte	0x6
 340 0028 F9010000 		.4byte	.LASF0
 341 002c 02       		.uleb128 0x2
 342 002d 01       		.byte	0x1
 343 002e 08       		.byte	0x8
ARM GAS  C:\Users\info\AppData\Local\Temp\ccylKrox.s 			page 18


 344 002f B4000000 		.4byte	.LASF1
 345 0033 02       		.uleb128 0x2
 346 0034 02       		.byte	0x2
 347 0035 05       		.byte	0x5
 348 0036 E0010000 		.4byte	.LASF2
 349 003a 02       		.uleb128 0x2
 350 003b 02       		.byte	0x2
 351 003c 07       		.byte	0x7
 352 003d EA000000 		.4byte	.LASF3
 353 0041 02       		.uleb128 0x2
 354 0042 04       		.byte	0x4
 355 0043 05       		.byte	0x5
 356 0044 F0010000 		.4byte	.LASF4
 357 0048 02       		.uleb128 0x2
 358 0049 04       		.byte	0x4
 359 004a 07       		.byte	0x7
 360 004b D8000000 		.4byte	.LASF5
 361 004f 02       		.uleb128 0x2
 362 0050 08       		.byte	0x8
 363 0051 05       		.byte	0x5
 364 0052 CD010000 		.4byte	.LASF6
 365 0056 02       		.uleb128 0x2
 366 0057 08       		.byte	0x8
 367 0058 07       		.byte	0x7
 368 0059 88010000 		.4byte	.LASF7
 369 005d 03       		.uleb128 0x3
 370 005e 04       		.byte	0x4
 371 005f 05       		.byte	0x5
 372 0060 696E7400 		.ascii	"int\000"
 373 0064 02       		.uleb128 0x2
 374 0065 04       		.byte	0x4
 375 0066 07       		.byte	0x7
 376 0067 11010000 		.4byte	.LASF8
 377 006b 04       		.uleb128 0x4
 378 006c EA010000 		.4byte	.LASF12
 379 0070 02       		.byte	0x2
 380 0071 E401     		.2byte	0x1e4
 381 0073 2C000000 		.4byte	0x2c
 382 0077 02       		.uleb128 0x2
 383 0078 04       		.byte	0x4
 384 0079 04       		.byte	0x4
 385 007a AE000000 		.4byte	.LASF9
 386 007e 02       		.uleb128 0x2
 387 007f 08       		.byte	0x8
 388 0080 04       		.byte	0x4
 389 0081 0A010000 		.4byte	.LASF10
 390 0085 02       		.uleb128 0x2
 391 0086 01       		.byte	0x1
 392 0087 08       		.byte	0x8
 393 0088 DB010000 		.4byte	.LASF11
 394 008c 04       		.uleb128 0x4
 395 008d C2000000 		.4byte	.LASF13
 396 0091 02       		.byte	0x2
 397 0092 8E02     		.2byte	0x28e
 398 0094 98000000 		.4byte	0x98
 399 0098 05       		.uleb128 0x5
 400 0099 6B000000 		.4byte	0x6b
ARM GAS  C:\Users\info\AppData\Local\Temp\ccylKrox.s 			page 19


 401 009d 06       		.uleb128 0x6
 402 009e 01       		.byte	0x1
 403 009f 03       		.byte	0x3
 404 00a0 24       		.byte	0x24
 405 00a1 B2000000 		.4byte	0xb2
 406 00a5 07       		.uleb128 0x7
 407 00a6 FD000000 		.4byte	.LASF22
 408 00aa 03       		.byte	0x3
 409 00ab 26       		.byte	0x26
 410 00ac 6B000000 		.4byte	0x6b
 411 00b0 00       		.byte	0
 412 00b1 00       		.byte	0
 413 00b2 08       		.uleb128 0x8
 414 00b3 05020000 		.4byte	.LASF14
 415 00b7 03       		.byte	0x3
 416 00b8 28       		.byte	0x28
 417 00b9 9D000000 		.4byte	0x9d
 418 00bd 09       		.uleb128 0x9
 419 00be C7000000 		.4byte	.LASF15
 420 00c2 01       		.byte	0x1
 421 00c3 28       		.byte	0x28
 422 00c4 00000000 		.4byte	.LFB0
 423 00c8 14000000 		.4byte	.LFE0-.LFB0
 424 00cc 01       		.uleb128 0x1
 425 00cd 9C       		.byte	0x9c
 426 00ce 09       		.uleb128 0x9
 427 00cf 19020000 		.4byte	.LASF16
 428 00d3 01       		.byte	0x1
 429 00d4 3D       		.byte	0x3d
 430 00d5 00000000 		.4byte	.LFB1
 431 00d9 14000000 		.4byte	.LFE1-.LFB1
 432 00dd 01       		.uleb128 0x1
 433 00de 9C       		.byte	0x9c
 434 00df 0A       		.uleb128 0xa
 435 00e0 9F010000 		.4byte	.LASF17
 436 00e4 01       		.byte	0x1
 437 00e5 51       		.byte	0x51
 438 00e6 00000000 		.4byte	.LFB2
 439 00ea 08000000 		.4byte	.LFE2-.LFB2
 440 00ee 01       		.uleb128 0x1
 441 00ef 9C       		.byte	0x9c
 442 00f0 FE000000 		.4byte	0xfe
 443 00f4 0B       		.uleb128 0xb
 444 00f5 06000000 		.4byte	.LVL0
 445 00f9 BD000000 		.4byte	0xbd
 446 00fd 00       		.byte	0
 447 00fe 0A       		.uleb128 0xa
 448 00ff A1000000 		.4byte	.LASF18
 449 0103 01       		.byte	0x1
 450 0104 65       		.byte	0x65
 451 0105 00000000 		.4byte	.LFB3
 452 0109 08000000 		.4byte	.LFE3-.LFB3
 453 010d 01       		.uleb128 0x1
 454 010e 9C       		.byte	0x9c
 455 010f 1D010000 		.4byte	0x11d
 456 0113 0B       		.uleb128 0xb
 457 0114 06000000 		.4byte	.LVL1
ARM GAS  C:\Users\info\AppData\Local\Temp\ccylKrox.s 			page 20


 458 0118 CE000000 		.4byte	0xce
 459 011c 00       		.byte	0
 460 011d 0C       		.uleb128 0xc
 461 011e 00000000 		.4byte	.LASF23
 462 0122 01       		.byte	0x1
 463 0123 17       		.byte	0x17
 464 0124 B2000000 		.4byte	0xb2
 465 0128 05       		.uleb128 0x5
 466 0129 03       		.byte	0x3
 467 012a 00000000 		.4byte	PIXEL_backup
 468 012e 00       		.byte	0
 469              		.section	.debug_abbrev,"",%progbits
 470              	.Ldebug_abbrev0:
 471 0000 01       		.uleb128 0x1
 472 0001 11       		.uleb128 0x11
 473 0002 01       		.byte	0x1
 474 0003 25       		.uleb128 0x25
 475 0004 0E       		.uleb128 0xe
 476 0005 13       		.uleb128 0x13
 477 0006 0B       		.uleb128 0xb
 478 0007 03       		.uleb128 0x3
 479 0008 0E       		.uleb128 0xe
 480 0009 1B       		.uleb128 0x1b
 481 000a 0E       		.uleb128 0xe
 482 000b 55       		.uleb128 0x55
 483 000c 17       		.uleb128 0x17
 484 000d 11       		.uleb128 0x11
 485 000e 01       		.uleb128 0x1
 486 000f 10       		.uleb128 0x10
 487 0010 17       		.uleb128 0x17
 488 0011 00       		.byte	0
 489 0012 00       		.byte	0
 490 0013 02       		.uleb128 0x2
 491 0014 24       		.uleb128 0x24
 492 0015 00       		.byte	0
 493 0016 0B       		.uleb128 0xb
 494 0017 0B       		.uleb128 0xb
 495 0018 3E       		.uleb128 0x3e
 496 0019 0B       		.uleb128 0xb
 497 001a 03       		.uleb128 0x3
 498 001b 0E       		.uleb128 0xe
 499 001c 00       		.byte	0
 500 001d 00       		.byte	0
 501 001e 03       		.uleb128 0x3
 502 001f 24       		.uleb128 0x24
 503 0020 00       		.byte	0
 504 0021 0B       		.uleb128 0xb
 505 0022 0B       		.uleb128 0xb
 506 0023 3E       		.uleb128 0x3e
 507 0024 0B       		.uleb128 0xb
 508 0025 03       		.uleb128 0x3
 509 0026 08       		.uleb128 0x8
 510 0027 00       		.byte	0
 511 0028 00       		.byte	0
 512 0029 04       		.uleb128 0x4
 513 002a 16       		.uleb128 0x16
 514 002b 00       		.byte	0
ARM GAS  C:\Users\info\AppData\Local\Temp\ccylKrox.s 			page 21


 515 002c 03       		.uleb128 0x3
 516 002d 0E       		.uleb128 0xe
 517 002e 3A       		.uleb128 0x3a
 518 002f 0B       		.uleb128 0xb
 519 0030 3B       		.uleb128 0x3b
 520 0031 05       		.uleb128 0x5
 521 0032 49       		.uleb128 0x49
 522 0033 13       		.uleb128 0x13
 523 0034 00       		.byte	0
 524 0035 00       		.byte	0
 525 0036 05       		.uleb128 0x5
 526 0037 35       		.uleb128 0x35
 527 0038 00       		.byte	0
 528 0039 49       		.uleb128 0x49
 529 003a 13       		.uleb128 0x13
 530 003b 00       		.byte	0
 531 003c 00       		.byte	0
 532 003d 06       		.uleb128 0x6
 533 003e 13       		.uleb128 0x13
 534 003f 01       		.byte	0x1
 535 0040 0B       		.uleb128 0xb
 536 0041 0B       		.uleb128 0xb
 537 0042 3A       		.uleb128 0x3a
 538 0043 0B       		.uleb128 0xb
 539 0044 3B       		.uleb128 0x3b
 540 0045 0B       		.uleb128 0xb
 541 0046 01       		.uleb128 0x1
 542 0047 13       		.uleb128 0x13
 543 0048 00       		.byte	0
 544 0049 00       		.byte	0
 545 004a 07       		.uleb128 0x7
 546 004b 0D       		.uleb128 0xd
 547 004c 00       		.byte	0
 548 004d 03       		.uleb128 0x3
 549 004e 0E       		.uleb128 0xe
 550 004f 3A       		.uleb128 0x3a
 551 0050 0B       		.uleb128 0xb
 552 0051 3B       		.uleb128 0x3b
 553 0052 0B       		.uleb128 0xb
 554 0053 49       		.uleb128 0x49
 555 0054 13       		.uleb128 0x13
 556 0055 38       		.uleb128 0x38
 557 0056 0B       		.uleb128 0xb
 558 0057 00       		.byte	0
 559 0058 00       		.byte	0
 560 0059 08       		.uleb128 0x8
 561 005a 16       		.uleb128 0x16
 562 005b 00       		.byte	0
 563 005c 03       		.uleb128 0x3
 564 005d 0E       		.uleb128 0xe
 565 005e 3A       		.uleb128 0x3a
 566 005f 0B       		.uleb128 0xb
 567 0060 3B       		.uleb128 0x3b
 568 0061 0B       		.uleb128 0xb
 569 0062 49       		.uleb128 0x49
 570 0063 13       		.uleb128 0x13
 571 0064 00       		.byte	0
ARM GAS  C:\Users\info\AppData\Local\Temp\ccylKrox.s 			page 22


 572 0065 00       		.byte	0
 573 0066 09       		.uleb128 0x9
 574 0067 2E       		.uleb128 0x2e
 575 0068 00       		.byte	0
 576 0069 3F       		.uleb128 0x3f
 577 006a 19       		.uleb128 0x19
 578 006b 03       		.uleb128 0x3
 579 006c 0E       		.uleb128 0xe
 580 006d 3A       		.uleb128 0x3a
 581 006e 0B       		.uleb128 0xb
 582 006f 3B       		.uleb128 0x3b
 583 0070 0B       		.uleb128 0xb
 584 0071 27       		.uleb128 0x27
 585 0072 19       		.uleb128 0x19
 586 0073 11       		.uleb128 0x11
 587 0074 01       		.uleb128 0x1
 588 0075 12       		.uleb128 0x12
 589 0076 06       		.uleb128 0x6
 590 0077 40       		.uleb128 0x40
 591 0078 18       		.uleb128 0x18
 592 0079 9742     		.uleb128 0x2117
 593 007b 19       		.uleb128 0x19
 594 007c 00       		.byte	0
 595 007d 00       		.byte	0
 596 007e 0A       		.uleb128 0xa
 597 007f 2E       		.uleb128 0x2e
 598 0080 01       		.byte	0x1
 599 0081 3F       		.uleb128 0x3f
 600 0082 19       		.uleb128 0x19
 601 0083 03       		.uleb128 0x3
 602 0084 0E       		.uleb128 0xe
 603 0085 3A       		.uleb128 0x3a
 604 0086 0B       		.uleb128 0xb
 605 0087 3B       		.uleb128 0x3b
 606 0088 0B       		.uleb128 0xb
 607 0089 27       		.uleb128 0x27
 608 008a 19       		.uleb128 0x19
 609 008b 11       		.uleb128 0x11
 610 008c 01       		.uleb128 0x1
 611 008d 12       		.uleb128 0x12
 612 008e 06       		.uleb128 0x6
 613 008f 40       		.uleb128 0x40
 614 0090 18       		.uleb128 0x18
 615 0091 9742     		.uleb128 0x2117
 616 0093 19       		.uleb128 0x19
 617 0094 01       		.uleb128 0x1
 618 0095 13       		.uleb128 0x13
 619 0096 00       		.byte	0
 620 0097 00       		.byte	0
 621 0098 0B       		.uleb128 0xb
 622 0099 898201   		.uleb128 0x4109
 623 009c 00       		.byte	0
 624 009d 11       		.uleb128 0x11
 625 009e 01       		.uleb128 0x1
 626 009f 31       		.uleb128 0x31
 627 00a0 13       		.uleb128 0x13
 628 00a1 00       		.byte	0
ARM GAS  C:\Users\info\AppData\Local\Temp\ccylKrox.s 			page 23


 629 00a2 00       		.byte	0
 630 00a3 0C       		.uleb128 0xc
 631 00a4 34       		.uleb128 0x34
 632 00a5 00       		.byte	0
 633 00a6 03       		.uleb128 0x3
 634 00a7 0E       		.uleb128 0xe
 635 00a8 3A       		.uleb128 0x3a
 636 00a9 0B       		.uleb128 0xb
 637 00aa 3B       		.uleb128 0x3b
 638 00ab 0B       		.uleb128 0xb
 639 00ac 49       		.uleb128 0x49
 640 00ad 13       		.uleb128 0x13
 641 00ae 02       		.uleb128 0x2
 642 00af 18       		.uleb128 0x18
 643 00b0 00       		.byte	0
 644 00b1 00       		.byte	0
 645 00b2 00       		.byte	0
 646              		.section	.debug_aranges,"",%progbits
 647 0000 34000000 		.4byte	0x34
 648 0004 0200     		.2byte	0x2
 649 0006 00000000 		.4byte	.Ldebug_info0
 650 000a 04       		.byte	0x4
 651 000b 00       		.byte	0
 652 000c 0000     		.2byte	0
 653 000e 0000     		.2byte	0
 654 0010 00000000 		.4byte	.LFB0
 655 0014 14000000 		.4byte	.LFE0-.LFB0
 656 0018 00000000 		.4byte	.LFB1
 657 001c 14000000 		.4byte	.LFE1-.LFB1
 658 0020 00000000 		.4byte	.LFB2
 659 0024 08000000 		.4byte	.LFE2-.LFB2
 660 0028 00000000 		.4byte	.LFB3
 661 002c 08000000 		.4byte	.LFE3-.LFB3
 662 0030 00000000 		.4byte	0
 663 0034 00000000 		.4byte	0
 664              		.section	.debug_ranges,"",%progbits
 665              	.Ldebug_ranges0:
 666 0000 00000000 		.4byte	.LFB0
 667 0004 14000000 		.4byte	.LFE0
 668 0008 00000000 		.4byte	.LFB1
 669 000c 14000000 		.4byte	.LFE1
 670 0010 00000000 		.4byte	.LFB2
 671 0014 08000000 		.4byte	.LFE2
 672 0018 00000000 		.4byte	.LFB3
 673 001c 08000000 		.4byte	.LFE3
 674 0020 00000000 		.4byte	0
 675 0024 00000000 		.4byte	0
 676              		.section	.debug_line,"",%progbits
 677              	.Ldebug_line0:
 678 0000 98000000 		.section	.debug_str,"MS",%progbits,1
 678      02005000 
 678      00000201 
 678      FB0E0D00 
 678      01010101 
 679              	.LASF23:
 680 0000 50495845 		.ascii	"PIXEL_backup\000"
 680      4C5F6261 
ARM GAS  C:\Users\info\AppData\Local\Temp\ccylKrox.s 			page 24


 680      636B7570 
 680      00
 681              	.LASF19:
 682 000d 474E5520 		.ascii	"GNU C11 5.4.1 20160609 (release) [ARM/embedded-5-br"
 682      43313120 
 682      352E342E 
 682      31203230 
 682      31363036 
 683 0040 616E6368 		.ascii	"anch revision 237715] -mcpu=cortex-m3 -mthumb -g -O"
 683      20726576 
 683      6973696F 
 683      6E203233 
 683      37373135 
 684 0073 67202D66 		.ascii	"g -ffunction-sections -ffat-lto-objects -flto\000"
 684      66756E63 
 684      74696F6E 
 684      2D736563 
 684      74696F6E 
 685              	.LASF18:
 686 00a1 50495845 		.ascii	"PIXEL_Wakeup\000"
 686      4C5F5761 
 686      6B657570 
 686      00
 687              	.LASF9:
 688 00ae 666C6F61 		.ascii	"float\000"
 688      7400
 689              	.LASF1:
 690 00b4 756E7369 		.ascii	"unsigned char\000"
 690      676E6564 
 690      20636861 
 690      7200
 691              	.LASF13:
 692 00c2 72656738 		.ascii	"reg8\000"
 692      00
 693              	.LASF15:
 694 00c7 50495845 		.ascii	"PIXEL_SaveConfig\000"
 694      4C5F5361 
 694      7665436F 
 694      6E666967 
 694      00
 695              	.LASF5:
 696 00d8 6C6F6E67 		.ascii	"long unsigned int\000"
 696      20756E73 
 696      69676E65 
 696      6420696E 
 696      7400
 697              	.LASF3:
 698 00ea 73686F72 		.ascii	"short unsigned int\000"
 698      7420756E 
 698      7369676E 
 698      65642069 
 698      6E7400
 699              	.LASF22:
 700 00fd 636F6E74 		.ascii	"controlState\000"
 700      726F6C53 
 700      74617465 
 700      00
ARM GAS  C:\Users\info\AppData\Local\Temp\ccylKrox.s 			page 25


 701              	.LASF10:
 702 010a 646F7562 		.ascii	"double\000"
 702      6C6500
 703              	.LASF8:
 704 0111 756E7369 		.ascii	"unsigned int\000"
 704      676E6564 
 704      20696E74 
 704      00
 705              	.LASF21:
 706 011e 433A5C55 		.ascii	"C:\\Users\\info\\Desktop\\Spring 2019 Classes\\6.11"
 706      73657273 
 706      5C696E66 
 706      6F5C4465 
 706      736B746F 
 707 014c 355C362E 		.ascii	"5\\6.115-final\\PSoCCreator\\Final Project\\FinalEm"
 707      3131352D 
 707      66696E61 
 707      6C5C5053 
 707      6F434372 
 708 017b 756C6174 		.ascii	"ulator.cydsn\000"
 708      6F722E63 
 708      7964736E 
 708      00
 709              	.LASF7:
 710 0188 6C6F6E67 		.ascii	"long long unsigned int\000"
 710      206C6F6E 
 710      6720756E 
 710      7369676E 
 710      65642069 
 711              	.LASF17:
 712 019f 50495845 		.ascii	"PIXEL_Sleep\000"
 712      4C5F536C 
 712      65657000 
 713              	.LASF20:
 714 01ab 47656E65 		.ascii	"Generated_Source\\PSoC5\\PIXEL_PM.c\000"
 714      72617465 
 714      645F536F 
 714      75726365 
 714      5C50536F 
 715              	.LASF6:
 716 01cd 6C6F6E67 		.ascii	"long long int\000"
 716      206C6F6E 
 716      6720696E 
 716      7400
 717              	.LASF11:
 718 01db 63686172 		.ascii	"char\000"
 718      00
 719              	.LASF2:
 720 01e0 73686F72 		.ascii	"short int\000"
 720      7420696E 
 720      7400
 721              	.LASF12:
 722 01ea 75696E74 		.ascii	"uint8\000"
 722      3800
 723              	.LASF4:
 724 01f0 6C6F6E67 		.ascii	"long int\000"
 724      20696E74 
ARM GAS  C:\Users\info\AppData\Local\Temp\ccylKrox.s 			page 26


 724      00
 725              	.LASF0:
 726 01f9 7369676E 		.ascii	"signed char\000"
 726      65642063 
 726      68617200 
 727              	.LASF14:
 728 0205 50495845 		.ascii	"PIXEL_BACKUP_STRUCT\000"
 728      4C5F4241 
 728      434B5550 
 728      5F535452 
 728      55435400 
 729              	.LASF16:
 730 0219 50495845 		.ascii	"PIXEL_RestoreConfig\000"
 730      4C5F5265 
 730      73746F72 
 730      65436F6E 
 730      66696700 
 731              		.comm	__gnu_lto_v1,1,1
 732              		.ident	"GCC: (GNU Tools for ARM Embedded Processors) 5.4.1 20160609 (release) [ARM/embedded-5-bran
