ARM GAS  C:\Users\info\AppData\Local\Temp\ccWximap.s 			page 1


   1              		.syntax unified
   2              		.cpu cortex-m3
   3              		.fpu softvfp
   4              		.eabi_attribute 20, 1
   5              		.eabi_attribute 21, 1
   6              		.eabi_attribute 23, 3
   7              		.eabi_attribute 24, 1
   8              		.eabi_attribute 25, 1
   9              		.eabi_attribute 26, 1
  10              		.eabi_attribute 30, 1
  11              		.eabi_attribute 34, 1
  12              		.eabi_attribute 18, 4
  13              		.thumb
  14              		.syntax unified
  15              		.file	"PIXEL.c"
  16              		.text
  17              	.Ltext0:
  18              		.section	.gnu.lto_.profile.792a78df,"",%progbits
  19 0000 789C6361 		.ascii	"x\234ca`d`a`\000\222l,\000\000z\000\025"
  19      60646061 
  19      6000926C 
  19      2C00007A 
  19      0015
  20              		.text
  21              		.section	.gnu.lto_.inline.792a78df,"",%progbits
  22 0000 789C6361 		.ascii	"x\234ca`d\000\001\015\006\004`b``afd`b\272\300\317\300"
  22      60640001 
  22      0D060460 
  22      62606061 
  22      66646062 
  23 0018 B6409E09 		.ascii	"\266@\236\011$\306\210)\304\000\000L\242\003\225"
  23      24C68829 
  23      C400004C 
  23      A20395
  24              		.text
  25              		.section	.gnu.lto_.jmpfuncs.792a78df,"",%progbits
  26 0000 789C6361 		.ascii	"x\234ca`d\000\001\016\006\004`\002b\220(\000\001Z\000"
  26      60640001 
  26      0E060460 
  26      02629028 
  26      00015A00 
  27 0014 11       		.ascii	"\021"
  28              		.text
  29              		.section	.gnu.lto_.pureconst.792a78df,"",%progbits
  30 0000 789C6361 		.ascii	"x\234ca`d`e```b\220b\224\002\000\000\355\000B"
  30      60646065 
  30      60606062 
  30      90629402 
  30      0000ED00 
  31              		.text
  32              		.section	.gnu.lto_PIXEL_Write.792a78df,"",%progbits
  33 0000 789C254F 		.ascii	"x\234%O\277KBQ\024>\337\275\317\037$A{\017\212\026\221"
  33      BF4B4251 
  33      143EDFBD 
  33      CF1F2441 
  33      7B0F8A16 
  34 0015 2082E82F 		.ascii	" \202\350/\210\210\240Ari\020\"\354m\341\003\261\331"
ARM GAS  C:\Users\info\AppData\Local\Temp\ccWximap.s 			page 2


  34      8888A041 
  34      72691022 
  34      EC6DE103 
  34      B1D9
  35 0027 F3D44763 		.ascii	"\363\324GcA\344\020\211\223iZ\204[m\017\247\226llh\251"
  35      41E41089 
  35      93695A84 
  35      5B6D0FA7 
  35      966C6C68 
  36 003c 06872685 		.ascii	"\006\207&\205\032\353u\256\036\270|\347\034\316\367"
  36      1AEB75AE 
  36      1EB87CE7 
  36      1CCEF7
  37 004b E35A0432 		.ascii	"\343Z\00425'\220\022\234\227\007MPg\003\"/\256\000\323"
  37      35279012 
  37      9C97074D 
  37      50670322 
  37      2FAE00D3 
  38 005f 701C5452 		.ascii	"p\034TR(\341G\375*\364O\206\217*\325b\251\367\346\271"
  38      28E147FD 
  38      2AF44F86 
  38      8F2AD562 
  38      A9F7E6B9 
  39 0073 E676005F 		.ascii	"\346v\000_\023\205j\242Dh!e\256\236\353^B/\201\244\037"
  39      13856AA2 
  39      44682165 
  39      AE9EEB5E 
  39      422F81A4 
  40 0088 5C3F5C59 		.ascii	"\\?\\Y\311&s\231y\234e\355k\240\015-\014\254\331X\265"
  40      C9267399 
  40      799C65ED 
  40      6BA00D2D 
  40      0CACD958 
  41 009d 4916841B 		.ascii	"I\026\204\033$\315\361g\357\357b6Z5\362\213SQt\0205"
  41      24CDF167 
  41      EFEF6236 
  41      5A35F28B 
  41      53517410 
  42 00b2 31EF7703 		.ascii	"1\357w\003\016\303\012\007\365\310\207\262$\233a\320"
  42      0EC30A07 
  42      F5C887B2 
  42      249B61D0 
  43 00c2 484E4CC8 		.ascii	"HNL\310\261R\006\365\020\375\313qk\331\220D\255\346"
  43      B15206F5 
  43      10FDCB71 
  43      6BD99044 
  43      ADE6
  44 00d4 F75F62DF 		.ascii	"\367_b\337\312\327j\222\344\264\375\326\235\231\216"
  44      CAD76A92 
  44      E4B4FDD6 
  44      9D998E
  45 00e3 E193C796 		.ascii	"\341\223\307\226\254:\265\301k\242\201\272W\365\230"
  45      AC3AB5C1 
  45      6BA281BA 
  45      57F598
  46 00f2 13BED6B8 		.ascii	"\023\276\326\270\205\215.l1\276C\003\025\255\350\013"
  46      858D2E6C 
ARM GAS  C:\Users\info\AppData\Local\Temp\ccWximap.s 			page 3


  46      31BE4303 
  46      15ADE80B 
  47 0102 E5A01731 		.ascii	"\345\240\0271\222\223/\216DL\254\304xa\313\311;\205"
  47      92932F8E 
  47      444CACC4 
  47      7861CBC9 
  47      3B85
  48 0114 83A273B8 		.ascii	"\203\242s\270\237q\217\0139'\233\316\270\033\353\331"
  48      9F718F0B 
  48      39279BCE 
  48      B81BEBD9 
  49 0124 F4F6DEE6 		.ascii	"\364\366\336\346\316J\216b97_,\270G\377\366ikJ"
  49      CE4A8E62 
  49      39375F2C 
  49      B847FFF6 
  49      696B4A
  50              		.text
  51              		.section	.gnu.lto_PIXEL_Read.792a78df,"",%progbits
  52 0000 789C6361 		.ascii	"x\234ca`d\000\201\033@\254\010\304\322@\314\310\314"
  52      60640081 
  52      1B40AC08 
  52      C4D240CC 
  52      C8CC
  53 0012 C0C834E1 		.ascii	"\300\3104\341\034\003C#\007\023##\210\321\300\301\310"
  53      1C034323 
  53      07132323 
  53      88D1C0C1 
  53      C8
  54 0023 50CFC458 		.ascii	"P\317\304X\317\370\225\351/\023\343\351\357'z\2704\227"
  54      CFF895E9 
  54      2F13E3E9 
  54      EF277AB8 
  54      3497
  55 0035 37343435 		.ascii	"7445<Xz\217y\372\212\003\214\255\314\014\014\377\231"
  55      3C587A8F 
  55      79FA8A03 
  55      8CADCC0C 
  55      0CFF99
  56 0048 18188D65 		.ascii	"\030\030\215e\030\015d@F,g\324d\000*}\264\361\337T^"
  56      180D6440 
  56      462C67D4 
  56      64002A7D 
  56      B4F1DF54 
  57 005d B6960620 		.ascii	"\266\226\006 P\000)\000\312\254`d\003Y\271>\350@\303"
  57      50002900 
  57      CAAC6064 
  57      0359B93E 
  57      E840C3
  58 0070 FFFFCD0D 		.ascii	"\377\377\315\015\007\276\262~dffb\000\231\300\360\001"
  58      07BEB27E 
  58      64666662 
  58      0099C0F0 
  58      01
  59 0081 A80264DF 		.ascii	"\250\002d\337G&&\020\315\374\214\361\320\257\256{\307"
  59      47262610 
  59      CDFC8CF1 
  59      D0AFAE7B 
ARM GAS  C:\Users\info\AppData\Local\Temp\ccWximap.s 			page 4


  59      C7
  60 0092 99419A9A 		.ascii	"\231A\232\232\231AvOk=t\236\375\013S+3##\310\374\376"
  60      9941764F 
  60      6B3D749E 
  60      FD0B532B 
  60      332323C8 
  61 00a8 15B75773 		.ascii	"\025\267WsA\270\377O46\260\000\205VM;w\235{>\343\334"
  61      41B8FF4F 
  61      3436B000 
  61      85564D3B 
  61      779D7B3E 
  62 00be C616A0AB 		.ascii	"\306\026\240\253\200\\F\031\306\225\214@71\256f\234"
  62      805C4619 
  62      C6958C40 
  62      3731AE66 
  62      9C
  63 00cf CFC8F08A 		.ascii	"\317\310\360\212\221\011j\030\003\330>F\220=@\266\274"
  63      91096A18 
  63      03D83E46 
  63      903D40B6 
  63      BC
  64 00e0 7B6A5E6A 		.ascii	"{j^jQbIjJ|p~iQrjL@p\276\263iL\200g\204\253\217^2\003"
  64      5162496A 
  64      4A7C707E 
  64      6951726A 
  64      4C4070BE 
  65 00ff 00145857 		.ascii	"\000\024XW%"
  65      25
  66              		.text
  67              		.section	.gnu.lto_.symbol_nodes.792a78df,"",%progbits
  68 0000 789C6361 		.ascii	"x\234ca`dPa\000\002&\206z\006\206\011\347\030@\324\252"
  68      60645061 
  68      00022686 
  68      7A068609 
  68      E71840D4 
  69 0015 0645A000 		.ascii	"\006E\240\000c=#\212\000\003\000\216\005\007~"
  69      633D238A 
  69      0003008E 
  69      05077E
  70              		.text
  71              		.section	.gnu.lto_.refs.792a78df,"",%progbits
  72 0000 789C6361 		.ascii	"x\234ca`\004B \000\000\0009\000\007"
  72      60044220 
  72      00000039 
  72      0007
  73              		.text
  74              		.section	.gnu.lto_.decls.792a78df,"",%progbits
  75 0000 789C8D52 		.ascii	"x\234\215R_HSQ\030?\277{os\\\327\037$\312\207K-\237"
  75      5F485351 
  75      183FBF7B 
  75      6F735CD7 
  75      1F24CA87 
  76 0017 7C1A5904 		.ascii	"|\032Y\004>E eA\204dY\017\202\270y){\230\261\346\203"
  76      3E452065 
  76      41846459 
  76      0F82B879 
  76      297B98B1 
ARM GAS  C:\Users\info\AppData\Local\Temp\ccWximap.s 			page 5


  77 002d 6FA7B620 		.ascii	"o\247\266 \013j>X,\202VP\271\\\272\232Z\323\227Q\364"
  77      0B6A3E58 
  77      2C825650 
  77      B95CBA9A 
  77      5AD39751 
  78 0042 A6500441 		.ascii	"\246P\004A,IZ=X\026\211>$a\353;gw\336Y\023\372\340\334"
  78      2C495A3D 
  78      5816893E 
  78      2461EB3B 
  78      6777DE59 
  79 005a F37DE7FC 		.ascii	"\363}\347\374\276\337\357\373\276s5\006&\314\2532\346"
  79      BEDFEFFB 
  79      BE733506 
  79      26CCAB32 
  79      E6
  80 006b A73D422B 		.ascii	"\247=B+OF!ka\266)\264R\264\306\330\277&\3165\013?Dk"
  80      4F46216B 
  80      61B629B4 
  80      52B4C6D8 
  80      BF26CE35 
  81 0083 8256DABA 		.ascii	"\202V\332\272\203u\377\267\011\036u\015|9\215e\005\241"
  81      8375FFB7 
  81      091E750D 
  81      7C398D65 
  81      05A1
  82 0095 8F5F62CE 		.ascii	"\217_b\316,\336\001\014\322\230U;\023'\326.\034\024"
  82      2CDE010C 
  82      D298553B 
  82      1327D62E 
  82      1C14
  83 00a7 02A5C887 		.ascii	"\002\245\310\207\025f\313\221p0E\342Qr\261\012'\347"
  83      1566CB91 
  83      703045E2 
  83      5172B10A 
  83      27E7
  84 00b9 20CD3EC2 		.ascii	" \315>\302\212\025\221XM*X\355\220b\305N(\341\263\252"
  84      8A159158 
  84      4D2A58ED 
  84      9062C54E 
  84      28E1B3AA 
  85 00cd B7F4512A 		.ascii	"\267\364Q*+\251\325b\323\363\374\333\262K%N\362?,\015"
  85      2BA9D562 
  85      D3F3FCDB 
  85      B24B254E 
  85      F23F2C0D 
  86 00e1 1CF02438 		.ascii	"\034\360$8Y\204se\233=\231\341\213\237\342\316E\005"
  86      59847365 
  86      9B3D99E1 
  86      8B9FE2CE 
  86      4505
  87 00f3 868E3C44 		.ascii	"\206\216<D<\227^Z_\210\305u\264/\367\273R\335*|\345"
  87      3C975E5A 
  87      5F88C575 
  87      B42FF7BB 
  87      52DD2A7C 
  88 0108 4D6E7056 		.ascii	"MnpVC\255~_\320\314\374J\356Ms\276\011C\320\221\200"
  88      43AD7E5F 
ARM GAS  C:\Users\info\AppData\Local\Temp\ccWximap.s 			page 6


  88      D0CCFC4A 
  88      EE4D73BE 
  88      0943D091 
  89 011d 8A383CA2 		.ascii	"\2128<\242\002C\247\357%\316/\360\037w\271\243\232a"
  89      0243A7EF 
  89      25CE2FF0 
  89      1F77B9A3 
  89      9A61
  90 012f B7819D06 		.ascii	"\267\201\235\006\303#\324\012N\201\302 \014<\204!\370"
  90      C323D40A 
  90      4E81C220 
  90      0C3C8421 
  90      F8
  91 0140 3FDFB8FD 		.ascii	"?\337\270\375\325\241\321\270%\217W\023g\257\303\311"
  91      D5A1D1B8 
  91      258F5713 
  91      67AFC3C9 
  92 0150 5B2A9550 		.ascii	"[*\225P\245C\023mL\335\314m\240p\263\0167\205\211\361"
  92      A543136D 
  92      4CDDCC6D 
  92      A070B30E 
  92      378589F1 
  93 0164 F7738EEA 		.ascii	"\367s\216\352\353\262\225\020wkh\331\202\307D\230$B"
  93      EBB29510 
  93      776B68D9 
  93      82C74498 
  93      2442
  94 0176 8627A8A6 		.ascii	"\206'\250\246\3570\264Bw\367\346\207\2579kb<\226\344"
  94      EF30B442 
  94      77F7E687 
  94      AF396B62 
  94      3C96E4
  95 0189 33F9D15D 		.ascii	"3\371\321]Q\236\011S\236\"`\030\260\213&Wl\017\220\245"
  95      519E0953 
  95      9E226018 
  95      B08B2657 
  95      6C0F90A5 
  96 019d 81A65043 		.ascii	"\201\246PC\231\331\311\336iEm\223Cxu\345ehc\251\244"
  96      99D9C9DE 
  96      69456D93 
  96      437875E5 
  96      656863A9 
  97 01b2 A8D5D61C 		.ascii	"\250\325\326\034\225\232^Kr2\363\374\252Z\220\314,L"
  97      959A5E4B 
  97      7232F3FC 
  97      AA5A90CC 
  97      2C4C
  98 01c4 BB78E43C 		.ascii	"\273x\344<\347\373\004\006#\266\340H\251\340\230\024"
  98      E7FB0406 
  98      23B6E048 
  98      A9E09814 
  99 01d4 5C0C2FBC 		.ascii	"\\\014/\274u\3504\271\320\377Mnj\366N\276B=#_&\325\037"
  99      75E834B9 
  99      D0FF4D6E 
  99      6AF64EBE 
  99      423D235F 
 100 01eb EDAF805E 		.ascii	"\355\257\200^[&{\274L\266\365\200?\217\365\365\212a"
ARM GAS  C:\Users\info\AppData\Local\Temp\ccWximap.s 			page 7


 100      5B267BBC 
 100      4CB6F580 
 100      3F8FF5F5 
 100      8A61
 101 01fd A4A99B67 		.ascii	"\244\251\233gvmO\241\027:\211\177\177\221\201\353\262"
 101      766D4FA1 
 101      173A897F 
 101      7F9181EB 
 101      B2
 102 020e 784B6ABB 		.ascii	"xKj\273\352\240\004\332mO\300%\3779\261W6\035:\271\377"
 102      EAA004DA 
 102      6D4FC025 
 102      FF39B157 
 102      361D3AB9 
 103 0223 70DB8940 		.ascii	"p\333\211@g\320t6\0369\356n\250\253c\353\272;\375\301"
 103      67D07436 
 103      1E39EE6E 
 103      A8AB63EB 
 103      BA3BFDC1 
 104 0237 FA1D8DA6 		.ascii	"\372\035\215\246\337\014\264\007\315\216\266\346\256"
 104      DF0CB407 
 104      CD8EB6E6 
 104      AE
 105 0244 EE80CF6C 		.ascii	"\356\200\317lmj\356j\330\323\352\353\011\366\2345\317"
 105      6D6AEE6A 
 105      D8D3EAEB 
 105      09F69C35 
 105      CF
 106 0255 794EB3ED 		.ascii	"yN\263\355k $\247\307\307\364\002\371Q\263\275C\013"
 106      6B2024A7 
 106      C7C7F402 
 106      F951B3BD 
 106      430B
 107 0267 98A7EAFF 		.ascii	"\230\247\352\377\000\007)\003\372"
 107      00072903 
 107      FA
 108              		.text
 109              		.section	.gnu.lto_.symtab.792a78df,"",%progbits
 110 0000 50495845 		.ascii	"PIXEL_Write\000"
 110      4C5F5772 
 110      69746500 
 111 000c 00       		.ascii	"\000"
 112 000d 00       		.ascii	"\000"
 113 000e 00       		.ascii	"\000"
 114 000f 00000000 		.ascii	"\000\000\000\000\000\000\000\000"
 114      00000000 
 115 0017 B3000000 		.ascii	"\263\000\000\000"
 116 001b 50495845 		.ascii	"PIXEL_Read\000"
 116      4C5F5265 
 116      616400
 117 0026 00       		.ascii	"\000"
 118 0027 00       		.ascii	"\000"
 119 0028 00       		.ascii	"\000"
 120 0029 00000000 		.ascii	"\000\000\000\000\000\000\000\000"
 120      00000000 
 121 0031 B6000000 		.ascii	"\266\000\000\000"
 122              		.text
ARM GAS  C:\Users\info\AppData\Local\Temp\ccWximap.s 			page 8


 123              		.section	.gnu.lto_.opts,"",%progbits
 124 0000 272D666D 		.ascii	"'-fmath-errno' '-fsigned-zeros' '-ftrapping-math' '"
 124      6174682D 
 124      6572726E 
 124      6F272027 
 124      2D667369 
 125 0033 2D666E6F 		.ascii	"-fno-trapv' '-fno-strict-overflow' '-fno-openmp' '-"
 125      2D747261 
 125      70762720 
 125      272D666E 
 125      6F2D7374 
 126 0066 666E6F2D 		.ascii	"fno-openacc' '-mcpu=cortex-m3' '-mthumb' '-g' '-Og'"
 126      6F70656E 
 126      61636327 
 126      20272D6D 
 126      6370753D 
 127 0099 20272D66 		.ascii	" '-ffunction-sections' '-ffat-lto-objects' '-flto'\000"
 127      66756E63 
 127      74696F6E 
 127      2D736563 
 127      74696F6E 
 128              		.text
 129              		.cfi_sections	.debug_frame
 130              		.section	.text.PIXEL_Write,"ax",%progbits
 131              		.align	2
 132              		.global	PIXEL_Write
 133              		.thumb
 134              		.thumb_func
 135              		.type	PIXEL_Write, %function
 136              	PIXEL_Write:
 137              	.LFB0:
 138              		.file 1 "Generated_Source\\PSoC5\\PIXEL.c"
   1:Generated_Source\PSoC5/PIXEL.c **** /*******************************************************************************
   2:Generated_Source\PSoC5/PIXEL.c **** * File Name: PIXEL.c  
   3:Generated_Source\PSoC5/PIXEL.c **** * Version 1.80
   4:Generated_Source\PSoC5/PIXEL.c **** *
   5:Generated_Source\PSoC5/PIXEL.c **** * Description:
   6:Generated_Source\PSoC5/PIXEL.c **** *  This file contains API to enable firmware control of a Control Register.
   7:Generated_Source\PSoC5/PIXEL.c **** *
   8:Generated_Source\PSoC5/PIXEL.c **** * Note:
   9:Generated_Source\PSoC5/PIXEL.c **** *
  10:Generated_Source\PSoC5/PIXEL.c **** ********************************************************************************
  11:Generated_Source\PSoC5/PIXEL.c **** * Copyright 2008-2015, Cypress Semiconductor Corporation.  All rights reserved.
  12:Generated_Source\PSoC5/PIXEL.c **** * You may use this file only in accordance with the license, terms, conditions, 
  13:Generated_Source\PSoC5/PIXEL.c **** * disclaimers, and limitations in the end user license agreement accompanying 
  14:Generated_Source\PSoC5/PIXEL.c **** * the software package with which this file was provided.
  15:Generated_Source\PSoC5/PIXEL.c **** *******************************************************************************/
  16:Generated_Source\PSoC5/PIXEL.c **** 
  17:Generated_Source\PSoC5/PIXEL.c **** #include "PIXEL.h"
  18:Generated_Source\PSoC5/PIXEL.c **** 
  19:Generated_Source\PSoC5/PIXEL.c **** /* Check for removal by optimization */
  20:Generated_Source\PSoC5/PIXEL.c **** #if !defined(PIXEL_Sync_ctrl_reg__REMOVED)
  21:Generated_Source\PSoC5/PIXEL.c **** 
  22:Generated_Source\PSoC5/PIXEL.c ****     
  23:Generated_Source\PSoC5/PIXEL.c **** /*******************************************************************************
  24:Generated_Source\PSoC5/PIXEL.c **** * Function Name: PIXEL_Write
  25:Generated_Source\PSoC5/PIXEL.c **** ********************************************************************************
ARM GAS  C:\Users\info\AppData\Local\Temp\ccWximap.s 			page 9


  26:Generated_Source\PSoC5/PIXEL.c **** *
  27:Generated_Source\PSoC5/PIXEL.c **** * Summary:
  28:Generated_Source\PSoC5/PIXEL.c **** *  Write a byte to the Control Register.
  29:Generated_Source\PSoC5/PIXEL.c **** *
  30:Generated_Source\PSoC5/PIXEL.c **** * Parameters:
  31:Generated_Source\PSoC5/PIXEL.c **** *  control:  The value to be assigned to the Control Register.
  32:Generated_Source\PSoC5/PIXEL.c **** *
  33:Generated_Source\PSoC5/PIXEL.c **** * Return:
  34:Generated_Source\PSoC5/PIXEL.c **** *  None.
  35:Generated_Source\PSoC5/PIXEL.c **** *
  36:Generated_Source\PSoC5/PIXEL.c **** *******************************************************************************/
  37:Generated_Source\PSoC5/PIXEL.c **** void PIXEL_Write(uint8 control) 
  38:Generated_Source\PSoC5/PIXEL.c **** {
 139              		.loc 1 38 0
 140              		.cfi_startproc
 141              		@ args = 0, pretend = 0, frame = 0
 142              		@ frame_needed = 0, uses_anonymous_args = 0
 143              		@ link register save eliminated.
 144              	.LVL0:
  39:Generated_Source\PSoC5/PIXEL.c ****     PIXEL_Control = control;
 145              		.loc 1 39 0
 146 0000 014B     		ldr	r3, .L2
 147 0002 1870     		strb	r0, [r3]
 148 0004 7047     		bx	lr
 149              	.L3:
 150 0006 00BF     		.align	2
 151              	.L2:
 152 0008 7F640040 		.word	1073767551
 153              		.cfi_endproc
 154              	.LFE0:
 155              		.size	PIXEL_Write, .-PIXEL_Write
 156              		.section	.text.PIXEL_Read,"ax",%progbits
 157              		.align	2
 158              		.global	PIXEL_Read
 159              		.thumb
 160              		.thumb_func
 161              		.type	PIXEL_Read, %function
 162              	PIXEL_Read:
 163              	.LFB1:
  40:Generated_Source\PSoC5/PIXEL.c **** }
  41:Generated_Source\PSoC5/PIXEL.c **** 
  42:Generated_Source\PSoC5/PIXEL.c **** 
  43:Generated_Source\PSoC5/PIXEL.c **** /*******************************************************************************
  44:Generated_Source\PSoC5/PIXEL.c **** * Function Name: PIXEL_Read
  45:Generated_Source\PSoC5/PIXEL.c **** ********************************************************************************
  46:Generated_Source\PSoC5/PIXEL.c **** *
  47:Generated_Source\PSoC5/PIXEL.c **** * Summary:
  48:Generated_Source\PSoC5/PIXEL.c **** *  Reads the current value assigned to the Control Register.
  49:Generated_Source\PSoC5/PIXEL.c **** *
  50:Generated_Source\PSoC5/PIXEL.c **** * Parameters:
  51:Generated_Source\PSoC5/PIXEL.c **** *  None.
  52:Generated_Source\PSoC5/PIXEL.c **** *
  53:Generated_Source\PSoC5/PIXEL.c **** * Return:
  54:Generated_Source\PSoC5/PIXEL.c **** *  Returns the current value in the Control Register.
  55:Generated_Source\PSoC5/PIXEL.c **** *
  56:Generated_Source\PSoC5/PIXEL.c **** *******************************************************************************/
  57:Generated_Source\PSoC5/PIXEL.c **** uint8 PIXEL_Read(void) 
ARM GAS  C:\Users\info\AppData\Local\Temp\ccWximap.s 			page 10


  58:Generated_Source\PSoC5/PIXEL.c **** {
 164              		.loc 1 58 0
 165              		.cfi_startproc
 166              		@ args = 0, pretend = 0, frame = 0
 167              		@ frame_needed = 0, uses_anonymous_args = 0
 168              		@ link register save eliminated.
  59:Generated_Source\PSoC5/PIXEL.c ****     return PIXEL_Control;
 169              		.loc 1 59 0
 170 0000 014B     		ldr	r3, .L5
 171 0002 1878     		ldrb	r0, [r3]	@ zero_extendqisi2
  60:Generated_Source\PSoC5/PIXEL.c **** }
 172              		.loc 1 60 0
 173 0004 7047     		bx	lr
 174              	.L6:
 175 0006 00BF     		.align	2
 176              	.L5:
 177 0008 7F640040 		.word	1073767551
 178              		.cfi_endproc
 179              	.LFE1:
 180              		.size	PIXEL_Read, .-PIXEL_Read
 181              		.text
 182              	.Letext0:
 183              		.file 2 "Generated_Source\\PSoC5\\cytypes.h"
 184              		.section	.debug_info,"",%progbits
 185              	.Ldebug_info0:
 186 0000 D2000000 		.4byte	0xd2
 187 0004 0400     		.2byte	0x4
 188 0006 00000000 		.4byte	.Ldebug_abbrev0
 189 000a 04       		.byte	0x4
 190 000b 01       		.uleb128 0x1
 191 000c 0C000000 		.4byte	.LASF14
 192 0010 0C       		.byte	0xc
 193 0011 7B010000 		.4byte	.LASF15
 194 0015 FA000000 		.4byte	.LASF16
 195 0019 00000000 		.4byte	.Ldebug_ranges0+0
 196 001d 00000000 		.4byte	0
 197 0021 00000000 		.4byte	.Ldebug_line0
 198 0025 02       		.uleb128 0x2
 199 0026 01       		.byte	0x1
 200 0027 06       		.byte	0x6
 201 0028 D1010000 		.4byte	.LASF0
 202 002c 02       		.uleb128 0x2
 203 002d 01       		.byte	0x1
 204 002e 08       		.byte	0x8
 205 002f A6000000 		.4byte	.LASF1
 206 0033 02       		.uleb128 0x2
 207 0034 02       		.byte	0x2
 208 0035 05       		.byte	0x5
 209 0036 B8010000 		.4byte	.LASF2
 210 003a 02       		.uleb128 0x2
 211 003b 02       		.byte	0x2
 212 003c 07       		.byte	0x7
 213 003d CB000000 		.4byte	.LASF3
 214 0041 02       		.uleb128 0x2
 215 0042 04       		.byte	0x4
 216 0043 05       		.byte	0x5
 217 0044 C8010000 		.4byte	.LASF4
ARM GAS  C:\Users\info\AppData\Local\Temp\ccWximap.s 			page 11


 218 0048 02       		.uleb128 0x2
 219 0049 04       		.byte	0x4
 220 004a 07       		.byte	0x7
 221 004b B9000000 		.4byte	.LASF5
 222 004f 02       		.uleb128 0x2
 223 0050 08       		.byte	0x8
 224 0051 05       		.byte	0x5
 225 0052 9A010000 		.4byte	.LASF6
 226 0056 02       		.uleb128 0x2
 227 0057 08       		.byte	0x8
 228 0058 07       		.byte	0x7
 229 0059 64010000 		.4byte	.LASF7
 230 005d 03       		.uleb128 0x3
 231 005e 04       		.byte	0x4
 232 005f 05       		.byte	0x5
 233 0060 696E7400 		.ascii	"int\000"
 234 0064 02       		.uleb128 0x2
 235 0065 04       		.byte	0x4
 236 0066 07       		.byte	0x7
 237 0067 ED000000 		.4byte	.LASF8
 238 006b 04       		.uleb128 0x4
 239 006c C2010000 		.4byte	.LASF12
 240 0070 02       		.byte	0x2
 241 0071 E401     		.2byte	0x1e4
 242 0073 2C000000 		.4byte	0x2c
 243 0077 02       		.uleb128 0x2
 244 0078 04       		.byte	0x4
 245 0079 04       		.byte	0x4
 246 007a A0000000 		.4byte	.LASF9
 247 007e 02       		.uleb128 0x2
 248 007f 08       		.byte	0x8
 249 0080 04       		.byte	0x4
 250 0081 E6000000 		.4byte	.LASF10
 251 0085 02       		.uleb128 0x2
 252 0086 01       		.byte	0x1
 253 0087 08       		.byte	0x8
 254 0088 A8010000 		.4byte	.LASF11
 255 008c 04       		.uleb128 0x4
 256 008d B4000000 		.4byte	.LASF13
 257 0091 02       		.byte	0x2
 258 0092 8E02     		.2byte	0x28e
 259 0094 98000000 		.4byte	0x98
 260 0098 05       		.uleb128 0x5
 261 0099 6B000000 		.4byte	0x6b
 262 009d 06       		.uleb128 0x6
 263 009e 00000000 		.4byte	.LASF17
 264 00a2 01       		.byte	0x1
 265 00a3 25       		.byte	0x25
 266 00a4 00000000 		.4byte	.LFB0
 267 00a8 0C000000 		.4byte	.LFE0-.LFB0
 268 00ac 01       		.uleb128 0x1
 269 00ad 9C       		.byte	0x9c
 270 00ae C0000000 		.4byte	0xc0
 271 00b2 07       		.uleb128 0x7
 272 00b3 DE000000 		.4byte	.LASF18
 273 00b7 01       		.byte	0x1
 274 00b8 25       		.byte	0x25
ARM GAS  C:\Users\info\AppData\Local\Temp\ccWximap.s 			page 12


 275 00b9 6B000000 		.4byte	0x6b
 276 00bd 01       		.uleb128 0x1
 277 00be 50       		.byte	0x50
 278 00bf 00       		.byte	0
 279 00c0 08       		.uleb128 0x8
 280 00c1 AD010000 		.4byte	.LASF19
 281 00c5 01       		.byte	0x1
 282 00c6 39       		.byte	0x39
 283 00c7 6B000000 		.4byte	0x6b
 284 00cb 00000000 		.4byte	.LFB1
 285 00cf 0C000000 		.4byte	.LFE1-.LFB1
 286 00d3 01       		.uleb128 0x1
 287 00d4 9C       		.byte	0x9c
 288 00d5 00       		.byte	0
 289              		.section	.debug_abbrev,"",%progbits
 290              	.Ldebug_abbrev0:
 291 0000 01       		.uleb128 0x1
 292 0001 11       		.uleb128 0x11
 293 0002 01       		.byte	0x1
 294 0003 25       		.uleb128 0x25
 295 0004 0E       		.uleb128 0xe
 296 0005 13       		.uleb128 0x13
 297 0006 0B       		.uleb128 0xb
 298 0007 03       		.uleb128 0x3
 299 0008 0E       		.uleb128 0xe
 300 0009 1B       		.uleb128 0x1b
 301 000a 0E       		.uleb128 0xe
 302 000b 55       		.uleb128 0x55
 303 000c 17       		.uleb128 0x17
 304 000d 11       		.uleb128 0x11
 305 000e 01       		.uleb128 0x1
 306 000f 10       		.uleb128 0x10
 307 0010 17       		.uleb128 0x17
 308 0011 00       		.byte	0
 309 0012 00       		.byte	0
 310 0013 02       		.uleb128 0x2
 311 0014 24       		.uleb128 0x24
 312 0015 00       		.byte	0
 313 0016 0B       		.uleb128 0xb
 314 0017 0B       		.uleb128 0xb
 315 0018 3E       		.uleb128 0x3e
 316 0019 0B       		.uleb128 0xb
 317 001a 03       		.uleb128 0x3
 318 001b 0E       		.uleb128 0xe
 319 001c 00       		.byte	0
 320 001d 00       		.byte	0
 321 001e 03       		.uleb128 0x3
 322 001f 24       		.uleb128 0x24
 323 0020 00       		.byte	0
 324 0021 0B       		.uleb128 0xb
 325 0022 0B       		.uleb128 0xb
 326 0023 3E       		.uleb128 0x3e
 327 0024 0B       		.uleb128 0xb
 328 0025 03       		.uleb128 0x3
 329 0026 08       		.uleb128 0x8
 330 0027 00       		.byte	0
 331 0028 00       		.byte	0
ARM GAS  C:\Users\info\AppData\Local\Temp\ccWximap.s 			page 13


 332 0029 04       		.uleb128 0x4
 333 002a 16       		.uleb128 0x16
 334 002b 00       		.byte	0
 335 002c 03       		.uleb128 0x3
 336 002d 0E       		.uleb128 0xe
 337 002e 3A       		.uleb128 0x3a
 338 002f 0B       		.uleb128 0xb
 339 0030 3B       		.uleb128 0x3b
 340 0031 05       		.uleb128 0x5
 341 0032 49       		.uleb128 0x49
 342 0033 13       		.uleb128 0x13
 343 0034 00       		.byte	0
 344 0035 00       		.byte	0
 345 0036 05       		.uleb128 0x5
 346 0037 35       		.uleb128 0x35
 347 0038 00       		.byte	0
 348 0039 49       		.uleb128 0x49
 349 003a 13       		.uleb128 0x13
 350 003b 00       		.byte	0
 351 003c 00       		.byte	0
 352 003d 06       		.uleb128 0x6
 353 003e 2E       		.uleb128 0x2e
 354 003f 01       		.byte	0x1
 355 0040 3F       		.uleb128 0x3f
 356 0041 19       		.uleb128 0x19
 357 0042 03       		.uleb128 0x3
 358 0043 0E       		.uleb128 0xe
 359 0044 3A       		.uleb128 0x3a
 360 0045 0B       		.uleb128 0xb
 361 0046 3B       		.uleb128 0x3b
 362 0047 0B       		.uleb128 0xb
 363 0048 27       		.uleb128 0x27
 364 0049 19       		.uleb128 0x19
 365 004a 11       		.uleb128 0x11
 366 004b 01       		.uleb128 0x1
 367 004c 12       		.uleb128 0x12
 368 004d 06       		.uleb128 0x6
 369 004e 40       		.uleb128 0x40
 370 004f 18       		.uleb128 0x18
 371 0050 9742     		.uleb128 0x2117
 372 0052 19       		.uleb128 0x19
 373 0053 01       		.uleb128 0x1
 374 0054 13       		.uleb128 0x13
 375 0055 00       		.byte	0
 376 0056 00       		.byte	0
 377 0057 07       		.uleb128 0x7
 378 0058 05       		.uleb128 0x5
 379 0059 00       		.byte	0
 380 005a 03       		.uleb128 0x3
 381 005b 0E       		.uleb128 0xe
 382 005c 3A       		.uleb128 0x3a
 383 005d 0B       		.uleb128 0xb
 384 005e 3B       		.uleb128 0x3b
 385 005f 0B       		.uleb128 0xb
 386 0060 49       		.uleb128 0x49
 387 0061 13       		.uleb128 0x13
 388 0062 02       		.uleb128 0x2
ARM GAS  C:\Users\info\AppData\Local\Temp\ccWximap.s 			page 14


 389 0063 18       		.uleb128 0x18
 390 0064 00       		.byte	0
 391 0065 00       		.byte	0
 392 0066 08       		.uleb128 0x8
 393 0067 2E       		.uleb128 0x2e
 394 0068 00       		.byte	0
 395 0069 3F       		.uleb128 0x3f
 396 006a 19       		.uleb128 0x19
 397 006b 03       		.uleb128 0x3
 398 006c 0E       		.uleb128 0xe
 399 006d 3A       		.uleb128 0x3a
 400 006e 0B       		.uleb128 0xb
 401 006f 3B       		.uleb128 0x3b
 402 0070 0B       		.uleb128 0xb
 403 0071 27       		.uleb128 0x27
 404 0072 19       		.uleb128 0x19
 405 0073 49       		.uleb128 0x49
 406 0074 13       		.uleb128 0x13
 407 0075 11       		.uleb128 0x11
 408 0076 01       		.uleb128 0x1
 409 0077 12       		.uleb128 0x12
 410 0078 06       		.uleb128 0x6
 411 0079 40       		.uleb128 0x40
 412 007a 18       		.uleb128 0x18
 413 007b 9742     		.uleb128 0x2117
 414 007d 19       		.uleb128 0x19
 415 007e 00       		.byte	0
 416 007f 00       		.byte	0
 417 0080 00       		.byte	0
 418              		.section	.debug_aranges,"",%progbits
 419 0000 24000000 		.4byte	0x24
 420 0004 0200     		.2byte	0x2
 421 0006 00000000 		.4byte	.Ldebug_info0
 422 000a 04       		.byte	0x4
 423 000b 00       		.byte	0
 424 000c 0000     		.2byte	0
 425 000e 0000     		.2byte	0
 426 0010 00000000 		.4byte	.LFB0
 427 0014 0C000000 		.4byte	.LFE0-.LFB0
 428 0018 00000000 		.4byte	.LFB1
 429 001c 0C000000 		.4byte	.LFE1-.LFB1
 430 0020 00000000 		.4byte	0
 431 0024 00000000 		.4byte	0
 432              		.section	.debug_ranges,"",%progbits
 433              	.Ldebug_ranges0:
 434 0000 00000000 		.4byte	.LFB0
 435 0004 0C000000 		.4byte	.LFE0
 436 0008 00000000 		.4byte	.LFB1
 437 000c 0C000000 		.4byte	.LFE1
 438 0010 00000000 		.4byte	0
 439 0014 00000000 		.4byte	0
 440              		.section	.debug_line,"",%progbits
 441              	.Ldebug_line0:
 442 0000 69000000 		.section	.debug_str,"MS",%progbits,1
 442      02004200 
 442      00000201 
 442      FB0E0D00 
ARM GAS  C:\Users\info\AppData\Local\Temp\ccWximap.s 			page 15


 442      01010101 
 443              	.LASF17:
 444 0000 50495845 		.ascii	"PIXEL_Write\000"
 444      4C5F5772 
 444      69746500 
 445              	.LASF14:
 446 000c 474E5520 		.ascii	"GNU C11 5.4.1 20160609 (release) [ARM/embedded-5-br"
 446      43313120 
 446      352E342E 
 446      31203230 
 446      31363036 
 447 003f 616E6368 		.ascii	"anch revision 237715] -mcpu=cortex-m3 -mthumb -g -O"
 447      20726576 
 447      6973696F 
 447      6E203233 
 447      37373135 
 448 0072 67202D66 		.ascii	"g -ffunction-sections -ffat-lto-objects -flto\000"
 448      66756E63 
 448      74696F6E 
 448      2D736563 
 448      74696F6E 
 449              	.LASF9:
 450 00a0 666C6F61 		.ascii	"float\000"
 450      7400
 451              	.LASF1:
 452 00a6 756E7369 		.ascii	"unsigned char\000"
 452      676E6564 
 452      20636861 
 452      7200
 453              	.LASF13:
 454 00b4 72656738 		.ascii	"reg8\000"
 454      00
 455              	.LASF5:
 456 00b9 6C6F6E67 		.ascii	"long unsigned int\000"
 456      20756E73 
 456      69676E65 
 456      6420696E 
 456      7400
 457              	.LASF3:
 458 00cb 73686F72 		.ascii	"short unsigned int\000"
 458      7420756E 
 458      7369676E 
 458      65642069 
 458      6E7400
 459              	.LASF18:
 460 00de 636F6E74 		.ascii	"control\000"
 460      726F6C00 
 461              	.LASF10:
 462 00e6 646F7562 		.ascii	"double\000"
 462      6C6500
 463              	.LASF8:
 464 00ed 756E7369 		.ascii	"unsigned int\000"
 464      676E6564 
 464      20696E74 
 464      00
 465              	.LASF16:
 466 00fa 433A5C55 		.ascii	"C:\\Users\\info\\Desktop\\Spring 2019 Classes\\6.11"
ARM GAS  C:\Users\info\AppData\Local\Temp\ccWximap.s 			page 16


 466      73657273 
 466      5C696E66 
 466      6F5C4465 
 466      736B746F 
 467 0128 355C362E 		.ascii	"5\\6.115-final\\PSoCCreator\\Final Project\\FinalEm"
 467      3131352D 
 467      66696E61 
 467      6C5C5053 
 467      6F434372 
 468 0157 756C6174 		.ascii	"ulator.cydsn\000"
 468      6F722E63 
 468      7964736E 
 468      00
 469              	.LASF7:
 470 0164 6C6F6E67 		.ascii	"long long unsigned int\000"
 470      206C6F6E 
 470      6720756E 
 470      7369676E 
 470      65642069 
 471              	.LASF15:
 472 017b 47656E65 		.ascii	"Generated_Source\\PSoC5\\PIXEL.c\000"
 472      72617465 
 472      645F536F 
 472      75726365 
 472      5C50536F 
 473              	.LASF6:
 474 019a 6C6F6E67 		.ascii	"long long int\000"
 474      206C6F6E 
 474      6720696E 
 474      7400
 475              	.LASF11:
 476 01a8 63686172 		.ascii	"char\000"
 476      00
 477              	.LASF19:
 478 01ad 50495845 		.ascii	"PIXEL_Read\000"
 478      4C5F5265 
 478      616400
 479              	.LASF2:
 480 01b8 73686F72 		.ascii	"short int\000"
 480      7420696E 
 480      7400
 481              	.LASF12:
 482 01c2 75696E74 		.ascii	"uint8\000"
 482      3800
 483              	.LASF4:
 484 01c8 6C6F6E67 		.ascii	"long int\000"
 484      20696E74 
 484      00
 485              	.LASF0:
 486 01d1 7369676E 		.ascii	"signed char\000"
 486      65642063 
 486      68617200 
 487              		.comm	__gnu_lto_v1,1,1
 488              		.ident	"GCC: (GNU Tools for ARM Embedded Processors) 5.4.1 20160609 (release) [ARM/embedded-5-bran
