ARM GAS  C:\Users\info\AppData\Local\Temp\cc4GdcNj.s 			page 1


   1              		.syntax unified
   2              		.cpu cortex-m3
   3              		.fpu softvfp
   4              		.eabi_attribute 20, 1
   5              		.eabi_attribute 21, 1
   6              		.eabi_attribute 23, 3
   7              		.eabi_attribute 24, 1
   8              		.eabi_attribute 25, 1
   9              		.eabi_attribute 26, 1
  10              		.eabi_attribute 30, 1
  11              		.eabi_attribute 34, 1
  12              		.eabi_attribute 18, 4
  13              		.thumb
  14              		.syntax unified
  15              		.file	"random_PM.c"
  16              		.text
  17              	.Ltext0:
  18              		.section	.gnu.lto_.profile.792a7ced,"",%progbits
  19 0000 789C6361 		.ascii	"x\234ca`d`a`\000\2221\222\000\001;\000\200"
  19      60646061 
  19      60009231 
  19      9200013B 
  19      0080
  20              		.text
  21              		.section	.gnu.lto_.inline.792a7ced,"",%progbits
  22 0000 789C6361 		.ascii	"x\234ca`d\000\201\022\006\004`a``\343cd`b\272\300\317"
  22      60640081 
  22      12060460 
  22      616060E3 
  22      63646062 
  23 0017 C0B6409E 		.ascii	"\300\266@\236\011$\306\304\015\"\030\270\205\201\342"
  23      0924C6C4 
  23      0D2218B8 
  23      8581E2
  24 0026 3C7D7E70 		.ascii	"<}~pqF.\030\301\314\300!\211E\023#\204\234\340\307\302"
  24      71462E18 
  24      C1CCC021 
  24      89451323 
  24      849CE0C7 
  25 003b C001D2CC 		.ascii	"\300\001\322\314\366A\017\213f\006\000@+\011\036"
  25      F6410F8B 
  25      66060040 
  25      2B091E
  26              		.text
  27              		.section	.gnu.lto_.jmpfuncs.792a7ced,"",%progbits
  28 0000 789C6361 		.ascii	"x\234ca`d\000\001Q\006\004`\001\021L \202\031\316e\000"
  28      60640001 
  28      51060460 
  28      01114C20 
  28      8219CE65 
  29 0015 00045600 		.ascii	"\000\004V\000("
  29      28
  30              		.text
  31              		.section	.gnu.lto_.pureconst.792a7ced,"",%progbits
  32 0000 789C6361 		.ascii	"x\234ca`d\340d```a\220`\222b\226`\221\000\000\002\247"
  32      6064E064 
  32      60606061 
ARM GAS  C:\Users\info\AppData\Local\Temp\cc4GdcNj.s 			page 2


  32      90609262 
  32      96609100 
  33 0017 007E     		.ascii	"\000~"
  34              		.text
  35              		.section	.gnu.lto_random_SaveConfig.792a7ced,"",%progbits
  36 0000 789C654F 		.ascii	"x\234eO\277KBa\024\275\347~\376\"\012\332k\010\262\301"
  36      BF4B4261 
  36      14BDE77E 
  36      FE220ADA 
  36      6B08B2C1 
  37 0014 25A7FE82 		.ascii	"%\247\376\202\240\246@r\025D\364\215)H\316\357S{\224"
  37      A0A64072 
  37      1544F48D 
  37      2948CEEF 
  37      537B94
  38 0027 4BD4905B 		.ascii	"K\324\220[\210\223?J\252\255\267=\2441jjj(\202$\244"
  38      88933F4A 
  38      AAADB73D 
  38      A4316A6A 
  38      6A288224 
  39 003c C1A0467D 		.ascii	"\301\240F}\335\3575v\341\343|\234{\316\275\347\206\010"
  39      DDEF3576 
  39      E1E37C9C 
  39      7BCEBDE7 
  39      8608
  40 004e 642A2EB0 		.ascii	"d*.\260&\270$\017\212\300'\017D\325\030\003\346\243"
  40      26B8240F 
  40      8AC0270F 
  40      44D51803 
  40      E6A3
  41 0060 63209B61 		.ascii	"c \233a\343\207\247\214\341\341\310\345DGK\275\2767"
  41      E387A78C 
  41      E1E1C8E5 
  41      44474BBD 
  41      BE37
  42 0072 95EE7A70 		.ascii	"\225\356zp\024\221\317\301$B\007\011\022\331\333\315"
  42      1491CFC1 
  42      24420709 
  42      12D9DBCD 
  43 0082 EC6C2172 		.ascii	"\354l!r`d+\177Mt\0211\353\256v=\355\373u\355\271\341"
  43      60642B7F 
  43      4D741131 
  43      EBAE763D 
  43      EDFB75ED 
  44 0098 F67C5891 		.ascii	"\366|X\221\243\204\235\210\302\354\372b6\250>P\367^"
  44      A3849D88 
  44      C2ECFA62 
  44      36A83E50 
  44      F75E
  45 00aa 7A6C3C75 		.ascii	"zl<u\245d\236\353~>G\355\251>\322z\321Q\354\263\230"
  45      A5649EEB 
  45      7E3E47ED 
  45      A93ED27A 
  45      D151ECB3 
  46 00bf D0832D76 		.ascii	"\320\203-vE#\324\232\355\270\021\213\262\351\014\037"
  46      4523D49A 
  46      EDB8118B 
ARM GAS  C:\Users\info\AppData\Local\Temp\cc4GdcNj.s 			page 3


  46      B2E90C1F 
  47 00cf A3DFECA8 		.ascii	"\243\337\354\250\020\350\2371\324\220\254\206\036\337"
  47      10E89F31 
  47      D490AC86 
  47      1EDF
  48 00dd 3FDDCDB5 		.ascii	"?\335\315\265p^\325\001\037\306\205\034\330\307r\320"
  48      705ED501 
  48      1FC6851C 
  48      D8C772D0 
  49 00ed 3CBEBD6E 		.ascii	"<\276\275n\304\222\003\023^W\034\025\301%Z\230\005\027"
  49      C4920313 
  49      5E571C15 
  49      C1255A98 
  49      0517
  50 00ff 6280A424 		.ascii	"b\200\244$\2421j\336\351\226Y\031\234=\221<\222[$\253"
  50      A2316ADE 
  50      E9965919 
  50      9C3D913C 
  50      925B24AB 
  51 0113 DB56D12A 		.ascii	"\333V\321*\347\366\255B6]\252\224\363V&\225.mnd\312"
  51      E7F6AD42 
  51      365DAA94 
  51      F3562695 
  51      2E6D6E64 
  52 0128 B962A1B4 		.ascii	"\271b\241\264\227M\355\254\347\351\027*\341s\002"
  52      974DEDAC 
  52      E7E9172A 
  52      E17302
  53              		.text
  54              		.section	.gnu.lto_random_Sleep.792a7ced,"",%progbits
  55 0000 789C8D91 		.ascii	"x\234\215\221\317k\023A\024\307\337wfw\263\011-\344"
  55      CF6B1341 
  55      14C7DF77 
  55      6677B309 
  55      2DE4
  56 0012 0F282288 		.ascii	"\017(\"\210\207^l/\036\333\213`OB\261\327J)m\2166\020"
  56      875E6C2F 
  56      1EDB8B60 
  56      4F42B1D7 
  56      4A296D8E 
  57 0028 F49C4937 		.ascii	"\364\234I7kmA\021\264\026\004\351\261\365GMRSmnk(\326"
  57      6B6D4111 
  57      B41604E9 
  57      B1F5474D 
  57      52536D6E 
  58 003f 43D193A7 		.ascii	"C\321\223\247\010U\017\301\326\012)\244\207\250M|o\267"
  58      08550FC1 
  58      D60A29A4 
  58      87A84D7C 
  58      6FB7
  59 0051 5641141F 		.ascii	"VA\024\037\314\316\354\233\357\274\367\231\357X\004"
  59      CCCEEC9B 
  59      EFBCF799 
  59      EF5804
  60 0060 92B8A188 		.ascii	"\222\270\241\210N\363<\310\003\016A\335zM\224s\225\322"
  60      4EF33CC8 
  60      030E41DD 
ARM GAS  C:\Users\info\AppData\Local\Temp\cc4GdcNj.s 			page 4


  60      7A4D9473 
  60      95D2
  61 0072 0B493209 		.ascii	"\013I2\011\2535@\246K\303\216\322\326\317\205\015\310"
  61      AB3540A6 
  61      4BC38ED2 
  61      D6CF850D 
  61      C8
  62 0083 C2B8A0AC 		.ascii	"\302\270\240\254\322\226\215,\016\324\241Bu\246^Q\275"
  62      D2968D2C 
  62      0ED4A142 
  62      75A65E51 
  62      BD
  63 0094 4B86E3BD 		.ascii	"K\206\343\275\377\271\337,\007\3605QG\205\315\010K\350"
  63      FFB9DF2C 
  63      07F03551 
  63      4785CD08 
  63      4BE8
  64 00a6 25967D2C 		.ascii	"%\226},\265\347\273\235\274\310NF\233X\206#D\205\213"
  64      B5E7BB9D 
  64      BCC84E46 
  64      9B588623 
  64      44858B
  65 00b9 81E9743C 		.ascii	"\201\351t<\023\324\234\027wbqE\276\206%\037\242\006"
  65      13D49C17 
  65      77627145 
  65      BE86251F 
  65      A206
  66 00cb EBA4E9BE 		.ascii	"\353\244\351\276R2\353:\252_\347\332\367\372\345\250"
  66      5232EB3A 
  66      AA5FE7DA 
  66      F7FAE5A8 
  67 00db A72D2E7B 		.ascii	"\247-.{\327\257\276\2115\225\257\025\244\313\316vs."
  67      D7AFBE89 
  67      3595AF15 
  67      A4CBCE76 
  67      732E
  68 00ed 1EFD7E7B 		.ascii	"\036\375~{\2253\242\250\177Y-;\213\270\237\3133\227"
  68      9533A2A8 
  68      7F592D3B 
  68      8BB89FCB 
  68      3397
  69 00ff C643F4E0 		.ascii	"\306C\364\340\001z\270\375#,\202\352\360\276\237'O\253"
  69      017AB8FD 
  69      232C82EA 
  69      F0BE9F27 
  69      4FAB
  70 0111 A85C7963 		.ascii	"\250\\yc\363\232+\347\301\361\230e\037\220\257y'\242"
  70      F39A2BE7 
  70      C1F19865 
  70      1F90AF79 
  70      27A2
  71 0123 7E72DBC2 		.ascii	"~r\333\302^\245\325\035\011\010+R\207\004O\323B\222"
  71      5EA5D51D 
  71      09082B52 
  71      87044FD3 
  71      4292
  72 0135 E9A69B8D 		.ascii	"\351\246\233\215w\245\270\250\177G\263B\264Je\257\026"
ARM GAS  C:\Users\info\AppData\Local\Temp\cc4GdcNj.s 			page 5


  72      77A5B8A8 
  72      7F47B342 
  72      B44A65AF 
  72      16
  73 0146 CB1E9AEB 		.ascii	"\313\036\232\353\306$97\313\036Izw\353\355FB\360L\230"
  73      C6243937 
  73      CB1E497A 
  73      77EBED46 
  73      42F04C98 
  74 015a B7516063 		.ascii	"\267Q`c\237Ha\336\274\271^\234u\373V\3044s\311\327\016"
  74      9F4861DE 
  74      BCB95E9C 
  74      75FB56C4 
  74      3473C9D7 
  75 016f 8ACCDC0E 		.ascii	"\212\314\334\016\235E\011}\254X\233\331*%\244\211\303"
  75      9D45097D 
  75      AC589BD9 
  75      2A25A489 
  75      C3
  76 0180 C0AB7CEC 		.ascii	"\300\253|\354\023\274\340\340e\2270\374\3315\326a\233"
  76      13BCE0E0 
  76      659730FC 
  76      D935D661 
  76      9B
  77 0191 084F9165 		.ascii	"\010O\221e\177\335\220\334\242\326@H^\334>&\377_\324"
  77      7FDD90DC 
  77      A2D64048 
  77      5EDC3E26 
  77      FF5FD4
  78 01a4 F2BF50D7 		.ascii	"\362\277P\327~\241>\013Q\217\375\340W\307\363\320\272"
  78      7EA13E0B 
  78      518FFDE0 
  78      57C7F3D0 
  78      BA
  79 01b5 7D6587EF 		.ascii	"}e\207\357*\320\2677\325_\241\271\014\326\217\240w1"
  79      2AD0B737 
  79      D55FA1B9 
  79      0CD68FA0 
  79      7731
  80 01c7 1DCC0F85 		.ascii	"\035\314\017\205R\211\006\337\210K\260\342\324Pj*\225"
  80      528906DF 
  80      884BB0E2 
  80      D4506A2A 
  80      95
  81 01d8 19BF929A 		.ascii	"\031\277\222\232\034\033I_\315L\244F\207G\322\347\316"
  81      1C1B495F 
  81      CD4CA446 
  81      8747D2E7 
  81      CE
  82 01e9 8E66C6A7 		.ascii	"\216f\306\247&\323\227\307\206/\234\231\240\037\303"
  82      26D397C7 
  82      862F9C99 
  82      A01FC3
  83 01f8 CFF511   		.ascii	"\317\365\021"
  84              		.text
  85              		.section	.gnu.lto_random_RestoreConfig.792a7ced,"",%progbits
  86 0000 789C754F 		.ascii	"x\234uO\277KBQ\030\275\347\336\347\017\244\240)\202"
ARM GAS  C:\Users\info\AppData\Local\Temp\cc4GdcNj.s 			page 6


  86      BF4B4251 
  86      18BDE7DE 
  86      E70FA4A0 
  86      2982
  87 0012 1C826870 		.ascii	"\034\202hp(\247\376\202\206\246@r\025L\364\215)I\315"
  87      28A7FE82 
  87      86A64072 
  87      154CF48D 
  87      2949CD
  88 0025 EFFAE352 		.ascii	"\357\372\343R.QAAC8ZY\231\264d\323C\034\002#\207h\262"
  88      2E514141 
  88      43385A59 
  88      99B464D3 
  88      431C0223 
  89 003c 211A24A4 		.ascii	"!\032$\244\301\240F}}\3675F\037\\\276\217\363\235\363"
  89      C1A0467D 
  89      7DF73546 
  89      1F5CBE8F 
  89      F39DF3
  90 004f 9D730D06 		.ascii	"\235s\015\006\246k\215\332\034\365iz\020\014|\357\221"
  90      A66B8DDA 
  90      1CF5697A 
  90      100C7CEF 
  90      91
  91 0060 B19C9F03 		.ascii	"\261\234\237\003z\220~0\213\303\3027\037r4\267{\015"
  91      7A907E30 
  91      8BC3C237 
  91      1F7234B7 
  91      7B0D
  92 0072 1EAA48AA 		.ascii	"\036\252H\252WU\335\310I5\245\004c\016w/1T\020bD{\253"
  92      5755DDC8 
  92      4935A504 
  92      630E772F 
  92      31541062 
  93 0089 8F0EC7BD 		.ascii	"\217\016\307\275EM\233\371]\342\024^mW[\265\245\343"
  93      454D9BF9 
  93      5DE2145E 
  93      6D575BB5 
  93      A5E3
  94 009b 14A4DD0D 		.ascii	"\024\244\335\015\034\337\337\300\303\231\022\204\017"
  94      1CDFDFC0 
  94      C3991284 
  94      0F
  95 00a8 88A3DD3E 		.ascii	"\210\243\335>9\327]\364\220\277\253\277\034x\264\254"
  95      39D75DF4 
  95      90BFABBF 
  95      1C78B4AC 
  96 00b8 20B4F391 		.ascii	" \264\363\221jv|_\\\011\016\355\320h|t}\326P\356H9A"
  96      6A767C5F 
  96      5C090EED 
  96      D0687C74 
  96      7DD650EE 
  97 00cf 58894268 		.ascii	"X\211Bh\270\377\360\334\012\224q\222\223..pN\311\317"
  97      B8FFF0DC 
  97      0A947192 
  97      932E2E70 
  97      4EC9CF
ARM GAS  C:\Users\info\AppData\Local\Temp\cc4GdcNj.s 			page 7


  98 00e2 107497BB 		.ascii	"\020t\227\273\267\327%\177x^\011\003U\2241rC\343\002"
  98      B7D7257F 
  98      785E0903 
  98      55943172 
  98      43E302
  99 00f5 61F60E43 		.ascii	"a\366\016C;\375=\354q\310\216\341\022\026\243\030Jx"
  99      3BFD3DEC 
  99      71C88EE1 
  99      1216A318 
  99      4A78
 100 0107 895AB4F7 		.ascii	"\211Z\264\367\333\223\377\322\351(\256\210N\273\247"
 100      DB93FFD2 
 100      E928AE88 
 100      4EBBA7
 101 0116 42AB2374 		.ascii	"B\253#td\003\016PCP\353\373\310\333'\3551W\257k@\006"
 101      64030E50 
 101      4350EBFB 
 101      C8DB27ED 
 101      3157AF6B 
 102 012c F46392CD 		.ascii	"\364c\222\315.\233i3\233\3304S\361hf+\2334c\221hfi1"
 102      2E9B6933 
 102      9BD83453 
 102      F168662B 
 102      9B346391 
 103 0144 964DA453 		.ascii	"\226M\244S\231\365xde!\311~\000X\331\207."
 103      99F57864 
 103      6521C97E 
 103      0058D987 
 103      2E
 104              		.text
 105              		.section	.gnu.lto_random_Wakeup.792a7ced,"",%progbits
 106 0000 789C754F 		.ascii	"x\234uO\277K\202Q\024\275\367\275\347\247\210JcCH\020"
 106      BF4B8251 
 106      14BDF7BD 
 106      E7A7884A 
 106      63434810 
 107 0014 0D0EE552 		.ascii	"\015\016\345R\177ACSa\271\012b\352\230\202\324\354\363"
 107      7F414353 
 107      61B90A62 
 107      EA9882D4 
 107      ECF3
 108 0026 C747B944 		.ascii	"\307G\271DKm\341h\277\315\255\317\240\276\244\261l\252"
 108      4B6DE168 
 108      BFCDADCF 
 108      A0BEA4B1 
 108      6CAA
 109 0038 C5A51224 		.ascii	"\305\245\022$\304A\241\206\006\265\373>\203\206\350"
 109      C441A186 
 109      06B5FB3E 
 109      8386E8
 110 0047 C2E33ECE 		.ascii	"\302\343>\316=\347\236{\004 \250\312P\233\246>G\017"
 110      3DE79E7B 
 110      0420A8CA 
 110      509BA63E 
 110      470F
 111 0059 6D806CB7 		.ascii	"m\200l\267N\240\2031^\365\202t\212g?H\027G1\202\005"
 111      4EA08331 
ARM GAS  C:\Users\info\AppData\Local\Temp\cc4GdcNj.s 			page 8


 111      5EF58274 
 111      8A673F48 
 111      17473182 
 112 006e A2FA4807 		.ascii	"\242\372H\007B\232q\201i\374d}\206\265\255\226\301|"
 112      429A7181 
 112      69FC647D 
 112      86B5AD96 
 112      C17C
 113 0080 2549F5A2 		.ascii	"%I\365\2427W2R\037\3279\300\220Y\026\200%\364\001\321"
 113      37573252 
 113      1FD739C0 
 113      90591680 
 113      25F401D1 
 114 0094 DE2A833D 		.ascii	"\336*\203=\267\226W\264\311\321\020\017QSw\224WM9\034"
 114      B79657B4 
 114      C9D1100F 
 114      51537794 
 114      574D391C 
 115 00a8 E6A459F4 		.ascii	"\346\244Y\364\334^{4\001:'\270K\024e\327cLu\376\216"
 115      DC5E7B34 
 115      013A27B8 
 115      4B1465D7 
 115      634C75FE 
 116 00bd 39B35267 		.ascii	"9\263RgJ\244\326\031F\247aO\367\345\266\224c:gCF\022"
 116      4AA4D619 
 116      46A7614F 
 116      F7E5B694 
 116      633A6743 
 117 00d3 3CC23489 		.ascii	"<\3024\2119\2640[\355=4m\212\234\343\202\350\373z\355"
 117      39B4305B 
 117      ED3D346D 
 117      8A9CE382 
 117      E8FB7AED 
 118 00e7 D1FEC174 		.ascii	"\321\376\301t:\373\257Z\024\350^\005\267\357\237\356"
 118      3AFBAF5A 
 118      14E85E05 
 118      B7EF9FEE 
 119 00f7 9C453CC8 		.ascii	"\234E<\310H\013\267\341\011\205<\306\011k\270syQp\370"
 119      480BB7E1 
 119      09853CC6 
 119      096BB873 
 119      795170F8 
 120 010b 6774AEE1 		.ascii	"gt\256\341)\026q`\345\3033\364\303+\346\033\271\265"
 120      29167160 
 120      E5C333F4 
 120      C32BE61B 
 120      B9B5
 121 011d 5FB372C7 		.ascii	"_\263r\307\370r+3D\300s%\007\225\203C\325k\305\270\252"
 121      F8722B33 
 121      44C07325 
 121      07958343 
 121      D56BC5B8 
 122 0132 BBFE8D41 		.ascii	"\273\376\215A[\261\374\023C\211\204\025\276\215Y\363"
 122      5BB1FC13 
 122      43898415 
 122      BE8D59F3 
 123 0142 66D912A9 		.ascii	"f\331\022\251\352RZ\202\211;\265\030O\304S\221\215x"
ARM GAS  C:\Users\info\AppData\Local\Temp\cc4GdcNj.s 			page 9


 123      EA525A82 
 123      893BB518 
 123      4FC45391 
 123      8D78
 124 0154 2C1C4C6E 		.ascii	",\034Ln\246\242\361P \230\\\230\017\245\"\211Xr=\034"
 124      A6A2F150 
 124      20985C98 
 124      0FA52289 
 124      58723D1C 
 125 0168 589A8DC2 		.ascii	"X\232\215\3027yn\226\""
 125      37796E96 
 125      22
 126              		.text
 127              		.section	.gnu.lto_.symbol_nodes.792a7ced,"",%progbits
 128 0000 789C55CC 		.ascii	"x\234U\314\261\021\0021\014\005\321\225d\373|=\020@"
 128      B1110231 
 128      0C05D195 
 128      64FB7C3D 
 128      1040
 129 0012 0FF42707 		.ascii	"\017\364'\007\024@\015\314E\344t@LB\003\300\320\006"
 129      14400DCC 
 129      45E47440 
 129      4C4203C0 
 129      D006
 130 0024 0CF64548 		.ascii	"\014\366EH\311\237}\201\022\302\235~\212\303\361\306"
 130      C99F7D81 
 130      12C29D7E 
 130      8AC3F1C6 
 131 0034 9873DB41 		.ascii	"\230s\333A\316l\207\213KpU\327\010\346\026@\222\247"
 131      CE6C878B 
 131      4B7055D7 
 131      08E61640 
 131      92A7
 132 0046 15A0B5FE 		.ascii	"\025\240\265\376C\212\347\320\325K\350\311\247\320\263"
 132      438AE7D0 
 132      D54BE8C9 
 132      A7D0B3
 133 0055 D7FF3632 		.ascii	"\327\37762\313\343+\246\205\345\2631\205\327\263\247"
 133      CBE32BA6 
 133      85E5B331 
 133      85D7B3A7 
 134 0065 55AE836D 		.ascii	"U\256\203m\342=6\031\247ug\016\227=?#\266/\214"
 134      E23D3619 
 134      A775670E 
 134      973D3F23 
 134      B62F8C
 135              		.text
 136              		.section	.gnu.lto_.refs.792a7ced,"",%progbits
 137 0000 789C0DC7 		.ascii	"x\234\015\307\261\015\0000\014\3030\3115rC\376\277\264"
 137      B10D0030 
 137      0CC330C9 
 137      357243FE 
 137      BFB4
 138 0012 5908B0C8 		.ascii	"Y\010\260\310\302\251I\264:\276\233\305\360\001\005"
 138      C2A949B4 
 138      3ABE9BC5 
 138      F00105
ARM GAS  C:\Users\info\AppData\Local\Temp\cc4GdcNj.s 			page 10


 139 0021 2C0043   		.ascii	",\000C"
 140              		.text
 141              		.section	.gnu.lto_.decls.792a7ced,"",%progbits
 142 0000 789C8D54 		.ascii	"x\234\215TaL\024G\024\336\267s\336\341q\210U\323\370"
 142      614C1447 
 142      14DEB773 
 142      DEE17188 
 142      55D3F8
 143 0013 E3D2508B 		.ascii	"\343\322P\213\011?\014\2555M\374\325\324\222\3266M\255"
 143      093F0CAD 
 143      354DFCD5 
 143      D492D636 
 143      4DAD
 144 0025 F1C4FE31 		.ascii	"\361\304\3761!\007\254\226\210\207\205\243\211?\232"
 144      2107AC96 
 144      888785A3 
 144      893F9A
 145 0034 0C852260 		.ascii	"\014\205\"`\265PEz\250\221B\251\242 \207\250\010\010"
 145      B550457A 
 145      A89142A9 
 145      A22087A8 
 145      0808
 146 0046 2E20572D 		.ascii	". W-`\221\003\0210\255\021\032\265\212\305@m\215\261"
 146      60910311 
 146      30AD111A 
 146      B58AC540 
 146      6D8DB1
 147 0059 F4CDEC2C 		.ascii	"\364\315\354,\273G\240\351\300\273\333\231\373\276\357"
 147      BB47A0E9 
 147      C0BBDB99 
 147      FBBEEF
 148 0068 7DEFCDCC 		.ascii	"}\357\315\314Z$\220\330\250\264I\322\233\370X\2101\215"
 148      5A2490D8 
 148      A8B449D2 
 148      9BF85888 
 148      318D
 149 007a 6301AE6D 		.ascii	"c\001\256m\221\214\261\020\243\006\243\026\243\016\243"
 149      918CB110 
 149      A306A316 
 149      A30EA3
 150 0089 1EA319A3 		.ascii	"\036\243\031\243\005\243\015\243\003\243\023\203\251"
 150      05A30DA3 
 150      03A31383 
 150      A9
 151 0096 F549A183 		.ascii	"\365I\241\203\361lB\317\211\021\304h\302\350\307\270"
 151      F16C42CF 
 151      8911C468 
 151      C2E8C7B8 
 152 00a6 8ED12878 		.ascii	"\216\321(x=\030\262\3007\317\243U+\274\350ZC\030\203"
 152      3D18B2C0 
 152      37CFA355 
 152      2BBCE85A 
 152      431883
 153 00b9 B3B48631 		.ascii	"\263\264\2061\252\005\277\033\203\010^\213\320\236K"
 153      AA05BF1B 
 153      83085E8B 
 153      D09E4B
ARM GAS  C:\Users\info\AppData\Local\Temp\cc4GdcNj.s 			page 11


 154 00c8 B76E9647 		.ascii	"\267n\226G\263\336\010\206j\362H\004\276C\324>\227^"
 154      B3DE0886 
 154      6AF24804 
 154      BE43D43E 
 154      975E
 155 00da FD2C3DDD 		.ascii	"\375,=\335\323\354\232u\177\365Bs\276\036>\227!\373"
 155      D3EC9A75 
 155      7FF54273 
 155      BE1E3E97 
 155      21FB
 156 00ec CEEF6561 		.ascii	"\316\357ea#0\004 \001\037\222\330;\211\255\210o\366"
 156      23300420 
 156      011F92D8 
 156      3B89AD88 
 156      6FF6
 157 00fe 00DA4496 		.ascii	"\000\332D\226\204\226\206\002]\012\370\037\376\313\034"
 157      84968602 
 157      5D0AF81F 
 157      FECB1C
 158 010d 0FA61F42 		.ascii	"\017\246\037Bp\374\034\360a,\301\314\320\221\020*\312"
 158      70FC1CF0 
 158      612CC1CC 
 158      D091102A 
 158      CA
 159 011e 548D29CE 		.ascii	"T\215)\316e\203`\322\023\356E~0\247\345\322D/\272\357"
 159      658360D2 
 159      13EE457E 
 159      30A7E5D2 
 159      442FBAEF 
 160 0132 40552A41 		.ascii	"@U*AI|\374\365\351\211wc\253)\216BJ\345UFc\256\347\370"
 160      497CFCF5 
 160      E9897763 
 160      AB298E42 
 160      4AE55546 
 161 014a 8F902919 		.ascii	"\217\220)\031\226\330\301\202\323\307=\245\243\213p"
 161      96D8C182 
 161      D3C73DA5 
 161      A38B70
 162 0159 BACC0E51 		.ascii	"\272\314\016Q8}~\365p\251\274\374\020\347e\323(\013"
 162      387D7EF5 
 162      70A9BCFC 
 162      10E765D3 
 162      280B
 163 016b 6C79114E 		.ascii	"ly\021N\201\023N\002\356\013T\303r\374L\264hJ\303E\364"
 163      81134E02 
 163      EE0B54C3 
 163      72FC4CB4 
 163      684AC345 
 164 0180 8F852BCA 		.ascii	"\217\205+\312\350m?\275\375\354\341\353>\252\346 Mf"
 164      E86D3FBD 
 164      FDECE1EB 
 164      3EAAE620 
 164      4D66
 165 0192 28380104 		.ascii	"(8\001\004\252 \2269\304G\366u\034F\320{\015\254@f\177"
 165      AA209639 
 165      C447F675 
 165      1C46D07B 
ARM GAS  C:\Users\info\AppData\Local\Temp\cc4GdcNj.s 			page 12


 165      0DAC4066 
 166 01a7 7FC5A49D 		.ascii	"\177\305\244\235\254\343F\007*\017<`*e~\252\336\014"
 166      ACE34607 
 166      2A0F3C60 
 166      2A657EAA 
 166      DE0C
 167 01b9 38686116 		.ascii	"8ha\026\245oq\215\323\206\306i\263F-\327\010\376R\361"
 167      A56F718D 
 167      D386C669 
 167      B3462DD7 
 167      08FE52F1 
 168 01cd AD4C3670 		.ascii	"\255L6p\215\274\375\367Fm\232\023u\250 2\304\211\337"
 168      8DBCFDF7 
 168      466D9A13 
 168      75A82032 
 168      C489DF
 169 01e0 50F19B55 		.ascii	"P\361\233U\352\270\312`\361>\277\225$q\225\312\211;"
 169      EAB8CA60 
 169      F13EBF95 
 169      247195CA 
 169      893B
 170 01f2 53B270E2 		.ascii	"S\262p\342\333\037\021\242r\306P9cV\251\347*\267\202"
 170      DB1F11A2 
 170      72C65039 
 170      6356A9E7 
 170      2AB782
 171 0205 371A08F9 		.ascii	"7\032\010\371\224\253\324~9V\025\206\015u\332a\032\330"
 171      94ABD47E 
 171      39561586 
 171      0D75DA61 
 171      1AD8
 172 0217 FC61E3D3 		.ascii	"\374a\343\323\010m\316~\366\025\215\376\023N>g\317r"
 172      086DCE7E 
 172      F6158DFE 
 172      134E3E67 
 172      CF72
 173 0229 70F4D47D 		.ascii	"p\364\324}\013\304\330\177`\355\276]R\260\255d\017\313"
 173      0BC4D87F 
 173      60EDBE5D 
 173      52B0AD64 
 173      0FCB
 174 023b D7087668 		.ascii	"\327\010vh0\3629\355\370\231G\351\027t\242\234Z\227"
 174      30F239ED 
 174      F89947E9 
 174      1774A29C 
 174      5A97
 175 024d 4BB0C609 		.ascii	"K\260\306\011\2579%\270\0001L\224\241\340<n\3219\334"
 175      AF3925B8 
 175      00314C94 
 175      A1E03C6E 
 175      D139DC
 176 0260 224CD0BB 		.ascii	"\"L\320\273\2673;\322\274\203L\316\330\302\246\220-"
 176      B7333BD2 
 176      BC834CCE 
 176      D8C2A690 
 176      2D
 177 0271 1C9FA007 		.ascii	"\034\237\240\007\035\254q\230\377p\227\247\256\"W\305"
ARM GAS  C:\Users\info\AppData\Local\Temp\cc4GdcNj.s 			page 13


 177      1DAC7198 
 177      FF7097A7 
 177      AE2257C5 
 178 0281 771A03C1 		.ascii	"w\032\003\301Y\303\301Y\320N\0304\363j\313\307\3676"
 178      59C3C159 
 178      D04E1834 
 178      F36ACBC7 
 178      F736
 179 0293 479200F0 		.ascii	"G\222\000\360z\012\256\006.X4\005\365\317\\\342\243"
 179      7A0AAE06 
 179      2E583405 
 179      F5CF5CE2 
 179      A3
 180 02a4 ED16DEB0 		.ascii	"\355\026\336\260\213\006\375\242No\341\364{G\353\276"
 180      8B06FDA2 
 180      4E6FE1F4 
 180      7B47EBBE 
 181 02b4 B6913E8D 		.ascii	"\266\221>\215\376[\311\261\007V\013^>n\023m\341Zu\323"
 181      FE5BC9B1 
 181      07560B5E 
 181      3E6E136D 
 181      E15A75D3 
 182 02c8 AD87D679 		.ascii	"\255\207\326y\317\240\312\013\270\004\242\202\226'\215"
 182      CFA0CA0B 
 182      B804A282 
 182      96278D
 183 02d7 C789C8EF 		.ascii	"\307\211\310\357c[\217\371\021\002\255F\376V=\177\033"
 183      635B8FF9 
 183      1102AD46 
 183      FE563D7F 
 183      1B
 184 02e8 CF9F3730 		.ascii	"\317\23770\375$\214\334\325\362O\346\237\357\264\011"
 184      FD248CDC 
 184      D5F24FE6 
 184      9FEFB409 
 185 02f8 7ACB9E88 		.ascii	"z\313\236\210\031z\273Ao\327\351\035\234~t\252!\333"
 185      197ABB41 
 185      6FD7E91D 
 185      9C7E74AA 
 185      21DB
 186 030a 4AFED6E8 		.ascii	"J\376\326\350\347\362\237\007@\320\037\233\252\277l"
 186      E7F29F07 
 186      40D01F9B 
 186      AABF6C
 187 0319 D02FEBF4 		.ascii	"\320/\353\364NN\257\371\276wR&\271\332%\355\234\376"
 187      4E4EAFF9 
 187      BE775226 
 187      B9DA25ED 
 187      9CFE
 188 032b 4B8DD4EE 		.ascii	"K\215\324\356\242\314\256\357D\367\321p\355..\306i\373"
 188      A2CCAEEF 
 188      44F7D170 
 188      ED2E2EC6 
 188      69FB
 189 033d A15BFD0E 		.ascii	"\241[\375\016rP\203\266\005\307\273\355\244\214O,G\236"
 189      725083B6 
 189      05C7BBED 
ARM GAS  C:\Users\info\AppData\Local\Temp\cc4GdcNj.s 			page 14


 189      A48C4F2C 
 189      479E
 190 034f 7E756911 		.ascii	"~ui\021,\215\216\216)\342]R)e/\206+\330\244\037y\223"
 190      2C8D8E8E 
 190      29E25D52 
 190      29652F86 
 190      2BD8A41F 
 191 0365 BA6029CB 		.ascii	"\272`)\313\017\327\360\214tC4\364@47Q\316\216\221:\270"
 191      0FD7F08C 
 191      744334F4 
 191      40343751 
 191      CE8E913A 
 192 037a B384AA59 		.ascii	"\263\204\252Y\204\267\374*:ehq\250^e\354\325\316\031"
 192      84B7FC2A 
 192      3A656871 
 192      A85E65EC 
 192      D5CE19
 193 038d E8B31A30 		.ascii	"\350\263\0320\260?\315\201]\303\260\374\000\253A\205"
 193      B03FCD81 
 193      5DC3B0FC 
 193      00AB4185 
 194 039d D2300690 		.ascii	"\3220\006\220D\355\342\215S3\326z/\234Tr\353\362\243"
 194      44EDE28D 
 194      5333D67A 
 194      2F9C5472 
 194      EBF2A3
 195 03b0 B1BB3E2B 		.ascii	"\261\273>+\304,\325(\307\002\3008\327Q\364g\243eLB\222"
 195      C42CD528 
 195      C702C038 
 195      D751F467 
 195      A3654C42 
 196 03c5 E62C0D7A 		.ascii	"\346,\015z\261\242\371\252\303\\]\371\335>ye\005-C\361"
 196      B1A2F9AA 
 196      C35C5DF9 
 196      DD3E7965 
 196      052D43F1 
 197 03d9 86C04B59 		.ascii	"\206\300KY\264=\313\302\345\003\232\274\251G\001\266"
 197      B43DCBC2 
 197      E5039ABC 
 197      A94701B6 
 198 03e9 31D0072B 		.ascii	"1\320\007+\221v\262;p\2158\012X\311x\344\226\274\307"
 198      9176B23B 
 198      708D380A 
 198      58C978E4 
 198      96BCC7
 199 03fc 6F8071E6 		.ascii	"o\200q\346\202\340\340[\210\337\010\316\031}\260\317"
 199      82E0E05B 
 199      88DF08CE 
 199      197DB0CF 
 200 040c 6606337D 		.ascii	"f\0063}\003\334/\300\375\034<\2253y\303j\307\353\233"
 200      03DC2FC0 
 200      FD1C3C95 
 200      3379C36A 
 200      C7EB9B
 201 041f FDFFAE6F 		.ascii	"\375\377\256o\317\375\357\246m\244IkV}\261\257\330\006"
 201      CFFDEFA6 
 201      6DA4496B 
ARM GAS  C:\Users\info\AppData\Local\Temp\cc4GdcNj.s 			page 15


 201      567DB1AF 
 201      D806
 202 0431 F69839E8 		.ascii	"\366\2309\3507\347\240\353\357\221\217J\277\311\242"
 202      37E7A0EB 
 202      EF918F4A 
 202      BFC9A2
 203 0440 5130885B 		.ascii	"Q0\210[v\303\350\352\000\330\265\036U=\352P\301\354"
 203      76C3E8EA 
 203      00D8B51E 
 203      553DEA50 
 203      C1EC
 204 0452 7F30E40D 		.ascii	"\1770\344\0151$\374\017q\377\245CG\272\302\314\340\352"
 204      3124FC0F 
 204      71FFA543 
 204      47BAC2CC 
 204      E0EA
 205 0464 90CE0C83 		.ascii	"\220\316\014\203C\327\037\346\370\211\266+\035\221f"
 205      43D71FE6 
 205      F889B62B 
 205      1D9166
 206 0473 BC1A821F 		.ascii	"\274\032\202\037\021\342\354\373\205t\267'9mg\202\313"
 206      11E2ECFB 
 206      8574B727 
 206      396D6782 
 206      CB
 207 0484 FD991297 		.ascii	"\375\231\022\227\346\331\226\262=l\375\206\370\250\270"
 207      E6D996B2 
 207      3D6CFD86 
 207      F8A8B8
 208 0493 D5ABA557 		.ascii	"\325\253\245W\326+\036%\335\355U\222\023\\i\231\351"
 208      D62B1E25 
 208      DDED5592 
 208      135C6999 
 208      E9
 209 04a4 49CAD68D 		.ascii	"I\312\326\215\256\264\2707\266\012\306\306\017c\223"
 209      AEB4B837 
 209      B60AC6C6 
 209      0F6393
 210 04b3 24874E4F 		.ascii	"$\207NOU\224]\313\304d\223\222\341MK\027r\021b\361c"
 210      55945DCB 
 210      C4649392 
 210      E14D4B17 
 210      721162F1 
 211 04c8 F70E2573 		.ascii	"\367\016%sW\370\014\304\235\274 3\305\343]\373\362<"
 211      57F80CC4 
 211      9DBC2033 
 211      C5E35DFB 
 211      F23C
 212 04da 5992767B 		.ascii	"Y\222v{w\357R2b?\221\242\376\323\007\002tQ\2277\315"
 212      77EF5232 
 212      623F91A2 
 212      FED30702 
 212      74519737 
 213 04ef EC41F1BA 		.ascii	"\354A\361\272\024%\371}O\212w\261\356!=\305\253\260"
 213      1425F97D 
 213      4F8A77B1 
 213      EE213DC5 
ARM GAS  C:\Users\info\AppData\Local\Temp\cc4GdcNj.s 			page 16


 213      ABB0
 214 0501 45DDD43B 		.ascii	"E\335\324;\036wb\252\242\317\022\335I;\320\242\302\027"
 214      1E7762AA 
 214      A2CF12DD 
 214      493BD0A2 
 214      C217
 215 0513 5D5ECC68 		.ascii	"]^\314h\311@\260.\371\366\272\270\017\3427&\2706o\212"
 215      C940B02E 
 215      F9F6BAB8 
 215      0FE23726 
 215      B8366F8A 
 216 0527 8FDB6C49 		.ascii	"\217\333lIW\266\257\375\027e{\300L"
 216      57B6AFFD 
 216      17657BC0 
 216      4C
 217              		.text
 218              		.section	.gnu.lto_.symtab.792a7ced,"",%progbits
 219 0000 72616E64 		.ascii	"random_SaveConfig\000"
 219      6F6D5F53 
 219      61766543 
 219      6F6E6669 
 219      6700
 220 0012 00       		.ascii	"\000"
 221 0013 00       		.ascii	"\000"
 222 0014 00       		.ascii	"\000"
 223 0015 00000000 		.ascii	"\000\000\000\000\000\000\000\000"
 223      00000000 
 224 001d AD000000 		.ascii	"\255\000\000\000"
 225 0021 72616E64 		.ascii	"random_Sleep\000"
 225      6F6D5F53 
 225      6C656570 
 225      00
 226 002e 00       		.ascii	"\000"
 227 002f 00       		.ascii	"\000"
 228 0030 00       		.ascii	"\000"
 229 0031 00000000 		.ascii	"\000\000\000\000\000\000\000\000"
 229      00000000 
 230 0039 AF000000 		.ascii	"\257\000\000\000"
 231 003d 72616E64 		.ascii	"random_RestoreConfig\000"
 231      6F6D5F52 
 231      6573746F 
 231      7265436F 
 231      6E666967 
 232 0052 00       		.ascii	"\000"
 233 0053 00       		.ascii	"\000"
 234 0054 00       		.ascii	"\000"
 235 0055 00000000 		.ascii	"\000\000\000\000\000\000\000\000"
 235      00000000 
 236 005d B1000000 		.ascii	"\261\000\000\000"
 237 0061 72616E64 		.ascii	"random_Wakeup\000"
 237      6F6D5F57 
 237      616B6575 
 237      7000
 238 006f 00       		.ascii	"\000"
 239 0070 00       		.ascii	"\000"
 240 0071 00       		.ascii	"\000"
 241 0072 00000000 		.ascii	"\000\000\000\000\000\000\000\000"
ARM GAS  C:\Users\info\AppData\Local\Temp\cc4GdcNj.s 			page 17


 241      00000000 
 242 007a B3000000 		.ascii	"\263\000\000\000"
 243 007e 72616E64 		.ascii	"random_backup\000"
 243      6F6D5F62 
 243      61636B75 
 243      7000
 244 008c 00       		.ascii	"\000"
 245 008d 02       		.ascii	"\002"
 246 008e 00       		.ascii	"\000"
 247 008f 00000000 		.ascii	"\000\000\000\000\000\000\000\000"
 247      00000000 
 248 0097 D2000000 		.ascii	"\322\000\000\000"
 249 009b 72616E64 		.ascii	"random_Read\000"
 249      6F6D5F52 
 249      65616400 
 250 00a7 00       		.ascii	"\000"
 251 00a8 02       		.ascii	"\002"
 252 00a9 00       		.ascii	"\000"
 253 00aa 00000000 		.ascii	"\000\000\000\000\000\000\000\000"
 253      00000000 
 254 00b2 BB000000 		.ascii	"\273\000\000\000"
 255 00b6 72616E64 		.ascii	"random_Stop\000"
 255      6F6D5F53 
 255      746F7000 
 256 00c2 00       		.ascii	"\000"
 257 00c3 02       		.ascii	"\002"
 258 00c4 00       		.ascii	"\000"
 259 00c5 00000000 		.ascii	"\000\000\000\000\000\000\000\000"
 259      00000000 
 260 00cd BD000000 		.ascii	"\275\000\000\000"
 261 00d1 72616E64 		.ascii	"random_ResetSeedInit\000"
 261      6F6D5F52 
 261      65736574 
 261      53656564 
 261      496E6974 
 262 00e6 00       		.ascii	"\000"
 263 00e7 02       		.ascii	"\002"
 264 00e8 00       		.ascii	"\000"
 265 00e9 00000000 		.ascii	"\000\000\000\000\000\000\000\000"
 265      00000000 
 266 00f1 C1000000 		.ascii	"\301\000\000\000"
 267 00f5 72616E64 		.ascii	"random_WriteSeed\000"
 267      6F6D5F57 
 267      72697465 
 267      53656564 
 267      00
 268 0106 00       		.ascii	"\000"
 269 0107 02       		.ascii	"\002"
 270 0108 00       		.ascii	"\000"
 271 0109 00000000 		.ascii	"\000\000\000\000\000\000\000\000"
 271      00000000 
 272 0111 C3000000 		.ascii	"\303\000\000\000"
 273 0115 72616E64 		.ascii	"random_Enable\000"
 273      6F6D5F45 
 273      6E61626C 
 273      6500
 274 0123 00       		.ascii	"\000"
ARM GAS  C:\Users\info\AppData\Local\Temp\cc4GdcNj.s 			page 18


 275 0124 02       		.ascii	"\002"
 276 0125 00       		.ascii	"\000"
 277 0126 00000000 		.ascii	"\000\000\000\000\000\000\000\000"
 277      00000000 
 278 012e C5000000 		.ascii	"\305\000\000\000"
 279              		.text
 280              		.section	.gnu.lto_.opts,"",%progbits
 281 0000 272D666D 		.ascii	"'-fmath-errno' '-fsigned-zeros' '-ftrapping-math' '"
 281      6174682D 
 281      6572726E 
 281      6F272027 
 281      2D667369 
 282 0033 2D666E6F 		.ascii	"-fno-trapv' '-fno-strict-overflow' '-fno-openmp' '-"
 282      2D747261 
 282      70762720 
 282      272D666E 
 282      6F2D7374 
 283 0066 666E6F2D 		.ascii	"fno-openacc' '-mcpu=cortex-m3' '-mthumb' '-g' '-Og'"
 283      6F70656E 
 283      61636327 
 283      20272D6D 
 283      6370753D 
 284 0099 20272D66 		.ascii	" '-ffunction-sections' '-ffat-lto-objects' '-flto'\000"
 284      66756E63 
 284      74696F6E 
 284      2D736563 
 284      74696F6E 
 285              		.text
 286              		.cfi_sections	.debug_frame
 287              		.section	.text.random_SaveConfig,"ax",%progbits
 288              		.align	2
 289              		.global	random_SaveConfig
 290              		.thumb
 291              		.thumb_func
 292              		.type	random_SaveConfig, %function
 293              	random_SaveConfig:
 294              	.LFB0:
 295              		.file 1 "Generated_Source\\PSoC5\\random_PM.c"
   1:Generated_Source\PSoC5/random_PM.c **** /*******************************************************************************
   2:Generated_Source\PSoC5/random_PM.c **** * File Name: random_PM.c
   3:Generated_Source\PSoC5/random_PM.c **** * Version 2.40
   4:Generated_Source\PSoC5/random_PM.c **** *
   5:Generated_Source\PSoC5/random_PM.c **** * Description:
   6:Generated_Source\PSoC5/random_PM.c **** *  This file provides Sleep APIs for PRS component.
   7:Generated_Source\PSoC5/random_PM.c **** *
   8:Generated_Source\PSoC5/random_PM.c **** * Note:
   9:Generated_Source\PSoC5/random_PM.c **** *  None
  10:Generated_Source\PSoC5/random_PM.c **** *
  11:Generated_Source\PSoC5/random_PM.c **** ********************************************************************************
  12:Generated_Source\PSoC5/random_PM.c **** * Copyright 2008-2013, Cypress Semiconductor Corporation.  All rights reserved.
  13:Generated_Source\PSoC5/random_PM.c **** * You may use this file only in accordance with the license, terms, conditions, 
  14:Generated_Source\PSoC5/random_PM.c **** * disclaimers, and limitations in the end user license agreement accompanying 
  15:Generated_Source\PSoC5/random_PM.c **** * the software package with which this file was provided.
  16:Generated_Source\PSoC5/random_PM.c **** *******************************************************************************/
  17:Generated_Source\PSoC5/random_PM.c **** 
  18:Generated_Source\PSoC5/random_PM.c **** #include "random.h"
  19:Generated_Source\PSoC5/random_PM.c **** 
ARM GAS  C:\Users\info\AppData\Local\Temp\cc4GdcNj.s 			page 19


  20:Generated_Source\PSoC5/random_PM.c **** #if ((random_TIME_MULTIPLEXING_ENABLE) && (random_WAKEUP_BEHAVIOUR == random__RESUMEWORK))
  21:Generated_Source\PSoC5/random_PM.c ****     uint8 random_sleepState = random_NORMAL_SEQUENCE;    
  22:Generated_Source\PSoC5/random_PM.c **** #endif  /* End ((random_TIME_MULTIPLEXING_ENABLE) && 
  23:Generated_Source\PSoC5/random_PM.c ****           (random_WAKEUP_BEHAVIOUR == random__RESUMEWORK)) */
  24:Generated_Source\PSoC5/random_PM.c **** 
  25:Generated_Source\PSoC5/random_PM.c **** 
  26:Generated_Source\PSoC5/random_PM.c **** /*******************************************************************************
  27:Generated_Source\PSoC5/random_PM.c **** * Function Name: random_SaveConfig
  28:Generated_Source\PSoC5/random_PM.c **** ********************************************************************************
  29:Generated_Source\PSoC5/random_PM.c **** *
  30:Generated_Source\PSoC5/random_PM.c **** * Summary:
  31:Generated_Source\PSoC5/random_PM.c **** *  Saves seed and polynomial registers.
  32:Generated_Source\PSoC5/random_PM.c **** *
  33:Generated_Source\PSoC5/random_PM.c **** * Parameters:
  34:Generated_Source\PSoC5/random_PM.c **** *  void
  35:Generated_Source\PSoC5/random_PM.c **** *
  36:Generated_Source\PSoC5/random_PM.c **** * Return:
  37:Generated_Source\PSoC5/random_PM.c **** *  void
  38:Generated_Source\PSoC5/random_PM.c **** *
  39:Generated_Source\PSoC5/random_PM.c **** * Global Variables:
  40:Generated_Source\PSoC5/random_PM.c **** *  random_backup - modified when non-retention registers are saved.
  41:Generated_Source\PSoC5/random_PM.c **** *
  42:Generated_Source\PSoC5/random_PM.c **** *******************************************************************************/
  43:Generated_Source\PSoC5/random_PM.c **** void random_SaveConfig(void) 
  44:Generated_Source\PSoC5/random_PM.c **** {    
 296              		.loc 1 44 0
 297              		.cfi_startproc
 298              		@ args = 0, pretend = 0, frame = 0
 299              		@ frame_needed = 0, uses_anonymous_args = 0
 300 0000 08B5     		push	{r3, lr}
 301              		.cfi_def_cfa_offset 8
 302              		.cfi_offset 3, -8
 303              		.cfi_offset 14, -4
  45:Generated_Source\PSoC5/random_PM.c ****     #if (random_WAKEUP_BEHAVIOUR == random__RESUMEWORK)
  46:Generated_Source\PSoC5/random_PM.c ****         /* Save dff register for time mult */
  47:Generated_Source\PSoC5/random_PM.c ****         #if (random_TIME_MULTIPLEXING_ENABLE)
  48:Generated_Source\PSoC5/random_PM.c ****             random_backup.dffStatus = random_STATUS;
  49:Generated_Source\PSoC5/random_PM.c ****             /* Clear normal dff sequence set */
  50:Generated_Source\PSoC5/random_PM.c ****             random_sleepState &= ((uint8)~random_NORMAL_SEQUENCE);
  51:Generated_Source\PSoC5/random_PM.c ****         #endif  /* End random_TIME_MULTIPLEXING_ENABLE */
  52:Generated_Source\PSoC5/random_PM.c ****         
  53:Generated_Source\PSoC5/random_PM.c ****         /* Save A0 and A1 registers */
  54:Generated_Source\PSoC5/random_PM.c ****         #if (random_PRS_SIZE <= 32u)
  55:Generated_Source\PSoC5/random_PM.c ****             random_backup.seed = random_Read();
 304              		.loc 1 55 0
 305 0002 FFF7FEFF 		bl	random_Read
 306              	.LVL0:
 307 0006 014B     		ldr	r3, .L3
 308 0008 5870     		strb	r0, [r3, #1]
 309 000a 08BD     		pop	{r3, pc}
 310              	.L4:
 311              		.align	2
 312              	.L3:
 313 000c 00000000 		.word	random_backup
 314              		.cfi_endproc
 315              	.LFE0:
 316              		.size	random_SaveConfig, .-random_SaveConfig
ARM GAS  C:\Users\info\AppData\Local\Temp\cc4GdcNj.s 			page 20


 317              		.section	.text.random_Sleep,"ax",%progbits
 318              		.align	2
 319              		.global	random_Sleep
 320              		.thumb
 321              		.thumb_func
 322              		.type	random_Sleep, %function
 323              	random_Sleep:
 324              	.LFB1:
  56:Generated_Source\PSoC5/random_PM.c ****             
  57:Generated_Source\PSoC5/random_PM.c ****         #else
  58:Generated_Source\PSoC5/random_PM.c ****             random_backup.seedUpper = random_ReadUpper();
  59:Generated_Source\PSoC5/random_PM.c ****             random_backup.seedLower = random_ReadLower();
  60:Generated_Source\PSoC5/random_PM.c ****             
  61:Generated_Source\PSoC5/random_PM.c ****         #endif     /* End (random_PRS_SIZE <= 32u) */
  62:Generated_Source\PSoC5/random_PM.c ****         
  63:Generated_Source\PSoC5/random_PM.c ****     #endif  /* End (random_WAKEUP_BEHAVIOUR == random__RESUMEWORK) */
  64:Generated_Source\PSoC5/random_PM.c **** }
  65:Generated_Source\PSoC5/random_PM.c **** 
  66:Generated_Source\PSoC5/random_PM.c **** 
  67:Generated_Source\PSoC5/random_PM.c **** /*******************************************************************************
  68:Generated_Source\PSoC5/random_PM.c **** * Function Name: random_Sleep
  69:Generated_Source\PSoC5/random_PM.c **** ********************************************************************************
  70:Generated_Source\PSoC5/random_PM.c **** *
  71:Generated_Source\PSoC5/random_PM.c **** * Summary:
  72:Generated_Source\PSoC5/random_PM.c **** *  Stops PRS computation and saves PRS configuration.
  73:Generated_Source\PSoC5/random_PM.c **** *
  74:Generated_Source\PSoC5/random_PM.c **** * Parameters:
  75:Generated_Source\PSoC5/random_PM.c **** *  void
  76:Generated_Source\PSoC5/random_PM.c **** *
  77:Generated_Source\PSoC5/random_PM.c **** * Return:
  78:Generated_Source\PSoC5/random_PM.c **** *  void
  79:Generated_Source\PSoC5/random_PM.c **** *
  80:Generated_Source\PSoC5/random_PM.c **** * Global Variables:
  81:Generated_Source\PSoC5/random_PM.c **** *  random_backup - modified when non-retention registers are saved.
  82:Generated_Source\PSoC5/random_PM.c **** *
  83:Generated_Source\PSoC5/random_PM.c **** *******************************************************************************/
  84:Generated_Source\PSoC5/random_PM.c **** void random_Sleep(void) 
  85:Generated_Source\PSoC5/random_PM.c **** {
 325              		.loc 1 85 0
 326              		.cfi_startproc
 327              		@ args = 0, pretend = 0, frame = 0
 328              		@ frame_needed = 0, uses_anonymous_args = 0
 329 0000 08B5     		push	{r3, lr}
 330              		.cfi_def_cfa_offset 8
 331              		.cfi_offset 3, -8
 332              		.cfi_offset 14, -4
  86:Generated_Source\PSoC5/random_PM.c ****     /* Store PRS enable state */
  87:Generated_Source\PSoC5/random_PM.c ****     if(random_IS_PRS_ENABLE(random_CONTROL_REG))
 333              		.loc 1 87 0
 334 0002 084B     		ldr	r3, .L9
 335 0004 1B78     		ldrb	r3, [r3]	@ zero_extendqisi2
 336 0006 13F0010F 		tst	r3, #1
 337 000a 05D0     		beq	.L6
  88:Generated_Source\PSoC5/random_PM.c ****     {
  89:Generated_Source\PSoC5/random_PM.c ****         random_backup.enableState = 1u;
 338              		.loc 1 89 0
 339 000c 0122     		movs	r2, #1
ARM GAS  C:\Users\info\AppData\Local\Temp\cc4GdcNj.s 			page 21


 340 000e 064B     		ldr	r3, .L9+4
 341 0010 1A70     		strb	r2, [r3]
  90:Generated_Source\PSoC5/random_PM.c ****         random_Stop();
 342              		.loc 1 90 0
 343 0012 FFF7FEFF 		bl	random_Stop
 344              	.LVL1:
 345 0016 02E0     		b	.L7
 346              	.L6:
  91:Generated_Source\PSoC5/random_PM.c ****     }
  92:Generated_Source\PSoC5/random_PM.c ****     else
  93:Generated_Source\PSoC5/random_PM.c ****     {
  94:Generated_Source\PSoC5/random_PM.c ****         random_backup.enableState = 0u;
 347              		.loc 1 94 0
 348 0018 0022     		movs	r2, #0
 349 001a 034B     		ldr	r3, .L9+4
 350 001c 1A70     		strb	r2, [r3]
 351              	.L7:
  95:Generated_Source\PSoC5/random_PM.c ****     }
  96:Generated_Source\PSoC5/random_PM.c ****     
  97:Generated_Source\PSoC5/random_PM.c ****     random_SaveConfig();
 352              		.loc 1 97 0
 353 001e FFF7FEFF 		bl	random_SaveConfig
 354              	.LVL2:
 355 0022 08BD     		pop	{r3, pc}
 356              	.L10:
 357              		.align	2
 358              	.L9:
 359 0024 7B640040 		.word	1073767547
 360 0028 00000000 		.word	random_backup
 361              		.cfi_endproc
 362              	.LFE1:
 363              		.size	random_Sleep, .-random_Sleep
 364              		.section	.text.random_RestoreConfig,"ax",%progbits
 365              		.align	2
 366              		.global	random_RestoreConfig
 367              		.thumb
 368              		.thumb_func
 369              		.type	random_RestoreConfig, %function
 370              	random_RestoreConfig:
 371              	.LFB2:
  98:Generated_Source\PSoC5/random_PM.c **** }
  99:Generated_Source\PSoC5/random_PM.c **** 
 100:Generated_Source\PSoC5/random_PM.c **** 
 101:Generated_Source\PSoC5/random_PM.c **** /*******************************************************************************
 102:Generated_Source\PSoC5/random_PM.c **** * Function Name: random_RestoreConfig
 103:Generated_Source\PSoC5/random_PM.c **** ********************************************************************************
 104:Generated_Source\PSoC5/random_PM.c **** *
 105:Generated_Source\PSoC5/random_PM.c **** * Summary:
 106:Generated_Source\PSoC5/random_PM.c **** *  Restores seed and polynomial registers.
 107:Generated_Source\PSoC5/random_PM.c **** *
 108:Generated_Source\PSoC5/random_PM.c **** * Parameters:
 109:Generated_Source\PSoC5/random_PM.c **** *  void
 110:Generated_Source\PSoC5/random_PM.c **** *
 111:Generated_Source\PSoC5/random_PM.c **** * Return:
 112:Generated_Source\PSoC5/random_PM.c **** *  void
 113:Generated_Source\PSoC5/random_PM.c **** *
 114:Generated_Source\PSoC5/random_PM.c **** *******************************************************************************/
ARM GAS  C:\Users\info\AppData\Local\Temp\cc4GdcNj.s 			page 22


 115:Generated_Source\PSoC5/random_PM.c **** #if (random_WAKEUP_BEHAVIOUR == random__RESUMEWORK)
 116:Generated_Source\PSoC5/random_PM.c ****     #if (random_TIME_MULTIPLEXING_ENABLE)
 117:Generated_Source\PSoC5/random_PM.c ****         void random_RestoreConfig(void) 
 118:Generated_Source\PSoC5/random_PM.c ****         {   
 119:Generated_Source\PSoC5/random_PM.c ****             /* Restore A0 and A1 registers */
 120:Generated_Source\PSoC5/random_PM.c ****             #if (random_PRS_SIZE <= 32u)
 121:Generated_Source\PSoC5/random_PM.c ****                 random_WriteSeed(random_backup.seed);
 122:Generated_Source\PSoC5/random_PM.c ****             #else
 123:Generated_Source\PSoC5/random_PM.c ****                 random_WriteSeedUpper(random_backup.seedUpper);
 124:Generated_Source\PSoC5/random_PM.c ****                 random_WriteSeedLower(random_backup.seedLower);
 125:Generated_Source\PSoC5/random_PM.c ****             #endif  /* End (random_PRS_SIZE <= 32u) */
 126:Generated_Source\PSoC5/random_PM.c ****             
 127:Generated_Source\PSoC5/random_PM.c ****             #if (random_RUN_MODE == random__CLOCKED)
 128:Generated_Source\PSoC5/random_PM.c ****                 #if (random_PRS_SIZE <= 32u)
 129:Generated_Source\PSoC5/random_PM.c ****                     random_ResetSeedInit(random_DEFAULT_SEED);                        
 130:Generated_Source\PSoC5/random_PM.c ****                 #else
 131:Generated_Source\PSoC5/random_PM.c ****                     random_ResetSeedInitUpper(random_DEFAULT_SEED_UPPER);
 132:Generated_Source\PSoC5/random_PM.c ****                     random_ResetSeedInitLower(random_DEFAULT_SEED_LOWER); 
 133:Generated_Source\PSoC5/random_PM.c ****                 #endif  /* End (random_PRS_SIZE <= 32u) */ 
 134:Generated_Source\PSoC5/random_PM.c ****             #endif  /* End (random_RUN_MODE == random__CLOCKED) */
 135:Generated_Source\PSoC5/random_PM.c ****             
 136:Generated_Source\PSoC5/random_PM.c ****             /* Restore dff state for time mult: use async set/reest */
 137:Generated_Source\PSoC5/random_PM.c ****             /* Set CI, SI, SO, STATE0, STATE1 */
 138:Generated_Source\PSoC5/random_PM.c ****             random_CONTROL_REG = random_backup.dffStatus;
 139:Generated_Source\PSoC5/random_PM.c ****             
 140:Generated_Source\PSoC5/random_PM.c ****             /* Make pulse, to set trigger to defined state */
 141:Generated_Source\PSoC5/random_PM.c ****             random_EXECUTE_DFF_SET;
 142:Generated_Source\PSoC5/random_PM.c ****             
 143:Generated_Source\PSoC5/random_PM.c ****             /* Set normal dff sequence set */
 144:Generated_Source\PSoC5/random_PM.c ****             random_sleepState |= random_NORMAL_SEQUENCE;
 145:Generated_Source\PSoC5/random_PM.c ****         }
 146:Generated_Source\PSoC5/random_PM.c ****         
 147:Generated_Source\PSoC5/random_PM.c ****     #else
 148:Generated_Source\PSoC5/random_PM.c ****         void random_RestoreConfig(void) 
 149:Generated_Source\PSoC5/random_PM.c ****         {   
 372              		.loc 1 149 0
 373              		.cfi_startproc
 374              		@ args = 0, pretend = 0, frame = 0
 375              		@ frame_needed = 0, uses_anonymous_args = 0
 376 0000 08B5     		push	{r3, lr}
 377              		.cfi_def_cfa_offset 8
 378              		.cfi_offset 3, -8
 379              		.cfi_offset 14, -4
 150:Generated_Source\PSoC5/random_PM.c ****             /* Restore A0 and A1 registers */
 151:Generated_Source\PSoC5/random_PM.c ****             #if (random_PRS_SIZE <= 32u)
 152:Generated_Source\PSoC5/random_PM.c ****                 random_WriteSeed(random_backup.seed);
 380              		.loc 1 152 0
 381 0002 044B     		ldr	r3, .L13
 382 0004 5878     		ldrb	r0, [r3, #1]	@ zero_extendqisi2
 383 0006 FFF7FEFF 		bl	random_WriteSeed
 384              	.LVL3:
 153:Generated_Source\PSoC5/random_PM.c ****             #else
 154:Generated_Source\PSoC5/random_PM.c ****                 random_WriteSeedUpper(random_backup.seedUpper);
 155:Generated_Source\PSoC5/random_PM.c ****                 random_WriteSeedLower(random_backup.seedLower);
 156:Generated_Source\PSoC5/random_PM.c ****             #endif  /* End (random_PRS_SIZE <= 32u) */
 157:Generated_Source\PSoC5/random_PM.c ****             
 158:Generated_Source\PSoC5/random_PM.c ****             #if (random_RUN_MODE == random__CLOCKED)
ARM GAS  C:\Users\info\AppData\Local\Temp\cc4GdcNj.s 			page 23


 159:Generated_Source\PSoC5/random_PM.c ****                 #if (random_PRS_SIZE <= 32u)
 160:Generated_Source\PSoC5/random_PM.c ****                     random_ResetSeedInit(random_DEFAULT_SEED);                        
 385              		.loc 1 160 0
 386 000a FF20     		movs	r0, #255
 387 000c FFF7FEFF 		bl	random_ResetSeedInit
 388              	.LVL4:
 389 0010 08BD     		pop	{r3, pc}
 390              	.L14:
 391 0012 00BF     		.align	2
 392              	.L13:
 393 0014 00000000 		.word	random_backup
 394              		.cfi_endproc
 395              	.LFE2:
 396              		.size	random_RestoreConfig, .-random_RestoreConfig
 397              		.section	.text.random_Wakeup,"ax",%progbits
 398              		.align	2
 399              		.global	random_Wakeup
 400              		.thumb
 401              		.thumb_func
 402              		.type	random_Wakeup, %function
 403              	random_Wakeup:
 404              	.LFB3:
 161:Generated_Source\PSoC5/random_PM.c ****                 #else
 162:Generated_Source\PSoC5/random_PM.c ****                     random_ResetSeedInitUpper(random_DEFAULT_SEED_UPPER);
 163:Generated_Source\PSoC5/random_PM.c ****                     random_ResetSeedInitLower(random_DEFAULT_SEED_LOWER); 
 164:Generated_Source\PSoC5/random_PM.c ****                 #endif  /* End (random_PRS_SIZE <= 32u) */ 
 165:Generated_Source\PSoC5/random_PM.c ****             #endif  /* End (random_RUN_MODE == random__CLOCKED) */
 166:Generated_Source\PSoC5/random_PM.c ****         }
 167:Generated_Source\PSoC5/random_PM.c ****         
 168:Generated_Source\PSoC5/random_PM.c ****     #endif  /* End (random_TIME_MULTIPLEXING_ENABLE) */
 169:Generated_Source\PSoC5/random_PM.c ****     
 170:Generated_Source\PSoC5/random_PM.c **** #else
 171:Generated_Source\PSoC5/random_PM.c ****     void random_RestoreConfig(void) 
 172:Generated_Source\PSoC5/random_PM.c ****     {
 173:Generated_Source\PSoC5/random_PM.c ****         random_Init();
 174:Generated_Source\PSoC5/random_PM.c ****     }
 175:Generated_Source\PSoC5/random_PM.c ****     
 176:Generated_Source\PSoC5/random_PM.c **** #endif  /* End (random_WAKEUP_BEHAVIOUR == random__RESUMEWORK) */
 177:Generated_Source\PSoC5/random_PM.c **** 
 178:Generated_Source\PSoC5/random_PM.c **** 
 179:Generated_Source\PSoC5/random_PM.c **** /*******************************************************************************
 180:Generated_Source\PSoC5/random_PM.c **** * Function Name: random_Wakeup
 181:Generated_Source\PSoC5/random_PM.c **** ********************************************************************************
 182:Generated_Source\PSoC5/random_PM.c **** *
 183:Generated_Source\PSoC5/random_PM.c **** * Summary:
 184:Generated_Source\PSoC5/random_PM.c **** *  Restores PRS configuration and starts PRS computation. 
 185:Generated_Source\PSoC5/random_PM.c **** *
 186:Generated_Source\PSoC5/random_PM.c **** * Parameters:
 187:Generated_Source\PSoC5/random_PM.c **** *  void
 188:Generated_Source\PSoC5/random_PM.c **** *
 189:Generated_Source\PSoC5/random_PM.c **** * Return:
 190:Generated_Source\PSoC5/random_PM.c **** *  void
 191:Generated_Source\PSoC5/random_PM.c **** *
 192:Generated_Source\PSoC5/random_PM.c **** *******************************************************************************/
 193:Generated_Source\PSoC5/random_PM.c **** #if ((random_WAKEUP_BEHAVIOUR == random__RESUMEWORK) && (random_TIME_MULTIPLEXING_ENABLE))
 194:Generated_Source\PSoC5/random_PM.c ****     void random_Wakeup(void) 
 195:Generated_Source\PSoC5/random_PM.c **** #else
ARM GAS  C:\Users\info\AppData\Local\Temp\cc4GdcNj.s 			page 24


 196:Generated_Source\PSoC5/random_PM.c ****     void random_Wakeup(void) 
 197:Generated_Source\PSoC5/random_PM.c **** #endif  /* End ((random_WAKEUP_BEHAVIOUR == random__RESUMEWORK) && 
 198:Generated_Source\PSoC5/random_PM.c ****                 (random_TIME_MULTIPLEXING_ENABLE)) */
 199:Generated_Source\PSoC5/random_PM.c **** {
 405              		.loc 1 199 0
 406              		.cfi_startproc
 407              		@ args = 0, pretend = 0, frame = 0
 408              		@ frame_needed = 0, uses_anonymous_args = 0
 409 0000 08B5     		push	{r3, lr}
 410              		.cfi_def_cfa_offset 8
 411              		.cfi_offset 3, -8
 412              		.cfi_offset 14, -4
 200:Generated_Source\PSoC5/random_PM.c ****     random_RestoreConfig();
 413              		.loc 1 200 0
 414 0002 FFF7FEFF 		bl	random_RestoreConfig
 415              	.LVL5:
 201:Generated_Source\PSoC5/random_PM.c ****     
 202:Generated_Source\PSoC5/random_PM.c ****     /* Restore PRS enable state */
 203:Generated_Source\PSoC5/random_PM.c ****     if (random_backup.enableState != 0u)
 416              		.loc 1 203 0
 417 0006 034B     		ldr	r3, .L18
 418 0008 1B78     		ldrb	r3, [r3]	@ zero_extendqisi2
 419 000a 0BB1     		cbz	r3, .L15
 204:Generated_Source\PSoC5/random_PM.c ****     {
 205:Generated_Source\PSoC5/random_PM.c ****         random_Enable();
 420              		.loc 1 205 0
 421 000c FFF7FEFF 		bl	random_Enable
 422              	.LVL6:
 423              	.L15:
 424 0010 08BD     		pop	{r3, pc}
 425              	.L19:
 426 0012 00BF     		.align	2
 427              	.L18:
 428 0014 00000000 		.word	random_backup
 429              		.cfi_endproc
 430              	.LFE3:
 431              		.size	random_Wakeup, .-random_Wakeup
 432              		.text
 433              	.Letext0:
 434              		.file 2 "Generated_Source\\PSoC5\\cytypes.h"
 435              		.file 3 "Generated_Source\\PSoC5\\random.h"
 436              		.section	.debug_info,"",%progbits
 437              	.Ldebug_info0:
 438 0000 B4010000 		.4byte	0x1b4
 439 0004 0400     		.2byte	0x4
 440 0006 00000000 		.4byte	.Ldebug_abbrev0
 441 000a 04       		.byte	0x4
 442 000b 01       		.uleb128 0x1
 443 000c 1F000000 		.4byte	.LASF28
 444 0010 0C       		.byte	0xc
 445 0011 81010000 		.4byte	.LASF29
 446 0015 CE000000 		.4byte	.LASF30
 447 0019 00000000 		.4byte	.Ldebug_ranges0+0
 448 001d 00000000 		.4byte	0
 449 0021 00000000 		.4byte	.Ldebug_line0
 450 0025 02       		.uleb128 0x2
 451 0026 01       		.byte	0x1
ARM GAS  C:\Users\info\AppData\Local\Temp\cc4GdcNj.s 			page 25


 452 0027 06       		.byte	0x6
 453 0028 81020000 		.4byte	.LASF0
 454 002c 02       		.uleb128 0x2
 455 002d 01       		.byte	0x1
 456 002e 08       		.byte	0x8
 457 002f 38010000 		.4byte	.LASF1
 458 0033 02       		.uleb128 0x2
 459 0034 02       		.byte	0x2
 460 0035 05       		.byte	0x5
 461 0036 51020000 		.4byte	.LASF2
 462 003a 02       		.uleb128 0x2
 463 003b 02       		.byte	0x2
 464 003c 07       		.byte	0x7
 465 003d 0C000000 		.4byte	.LASF3
 466 0041 02       		.uleb128 0x2
 467 0042 04       		.byte	0x4
 468 0043 05       		.byte	0x5
 469 0044 60020000 		.4byte	.LASF4
 470 0048 02       		.uleb128 0x2
 471 0049 04       		.byte	0x4
 472 004a 07       		.byte	0x7
 473 004b B9010000 		.4byte	.LASF5
 474 004f 02       		.uleb128 0x2
 475 0050 08       		.byte	0x8
 476 0051 05       		.byte	0x5
 477 0052 2D020000 		.4byte	.LASF6
 478 0056 02       		.uleb128 0x2
 479 0057 08       		.byte	0x8
 480 0058 07       		.byte	0x7
 481 0059 ED010000 		.4byte	.LASF7
 482 005d 03       		.uleb128 0x3
 483 005e 04       		.byte	0x4
 484 005f 05       		.byte	0x5
 485 0060 696E7400 		.ascii	"int\000"
 486 0064 02       		.uleb128 0x2
 487 0065 04       		.byte	0x4
 488 0066 07       		.byte	0x7
 489 0067 CB010000 		.4byte	.LASF8
 490 006b 04       		.uleb128 0x4
 491 006c 58010000 		.4byte	.LASF12
 492 0070 02       		.byte	0x2
 493 0071 E401     		.2byte	0x1e4
 494 0073 2C000000 		.4byte	0x2c
 495 0077 02       		.uleb128 0x2
 496 0078 04       		.byte	0x4
 497 0079 04       		.byte	0x4
 498 007a C8000000 		.4byte	.LASF9
 499 007e 02       		.uleb128 0x2
 500 007f 08       		.byte	0x8
 501 0080 04       		.byte	0x4
 502 0081 B3000000 		.4byte	.LASF10
 503 0085 02       		.uleb128 0x2
 504 0086 01       		.byte	0x1
 505 0087 08       		.byte	0x8
 506 0088 4C020000 		.4byte	.LASF11
 507 008c 04       		.uleb128 0x4
 508 008d 46010000 		.4byte	.LASF13
ARM GAS  C:\Users\info\AppData\Local\Temp\cc4GdcNj.s 			page 26


 509 0091 02       		.byte	0x2
 510 0092 8E02     		.2byte	0x28e
 511 0094 98000000 		.4byte	0x98
 512 0098 05       		.uleb128 0x5
 513 0099 6B000000 		.4byte	0x6b
 514 009d 02       		.uleb128 0x2
 515 009e 08       		.byte	0x8
 516 009f 04       		.byte	0x4
 517 00a0 75020000 		.4byte	.LASF14
 518 00a4 02       		.uleb128 0x2
 519 00a5 04       		.byte	0x4
 520 00a6 07       		.byte	0x7
 521 00a7 24020000 		.4byte	.LASF15
 522 00ab 06       		.uleb128 0x6
 523 00ac 02       		.byte	0x2
 524 00ad 03       		.byte	0x3
 525 00ae 31       		.byte	0x31
 526 00af CC000000 		.4byte	0xcc
 527 00b3 07       		.uleb128 0x7
 528 00b4 69020000 		.4byte	.LASF16
 529 00b8 03       		.byte	0x3
 530 00b9 33       		.byte	0x33
 531 00ba 6B000000 		.4byte	0x6b
 532 00be 00       		.byte	0
 533 00bf 07       		.uleb128 0x7
 534 00c0 5B020000 		.4byte	.LASF17
 535 00c4 03       		.byte	0x3
 536 00c5 3D       		.byte	0x3d
 537 00c6 6B000000 		.4byte	0x6b
 538 00ca 01       		.byte	0x1
 539 00cb 00       		.byte	0
 540 00cc 08       		.uleb128 0x8
 541 00cd 5E010000 		.4byte	.LASF18
 542 00d1 03       		.byte	0x3
 543 00d2 47       		.byte	0x47
 544 00d3 AB000000 		.4byte	0xab
 545 00d7 09       		.uleb128 0x9
 546 00d8 12020000 		.4byte	.LASF19
 547 00dc 01       		.byte	0x1
 548 00dd 2B       		.byte	0x2b
 549 00de 00000000 		.4byte	.LFB0
 550 00e2 10000000 		.4byte	.LFE0-.LFB0
 551 00e6 01       		.uleb128 0x1
 552 00e7 9C       		.byte	0x9c
 553 00e8 F6000000 		.4byte	0xf6
 554 00ec 0A       		.uleb128 0xa
 555 00ed 06000000 		.4byte	.LVL0
 556 00f1 80010000 		.4byte	0x180
 557 00f5 00       		.byte	0
 558 00f6 09       		.uleb128 0x9
 559 00f7 4B010000 		.4byte	.LASF20
 560 00fb 01       		.byte	0x1
 561 00fc 54       		.byte	0x54
 562 00fd 00000000 		.4byte	.LFB1
 563 0101 2C000000 		.4byte	.LFE1-.LFB1
 564 0105 01       		.uleb128 0x1
 565 0106 9C       		.byte	0x9c
ARM GAS  C:\Users\info\AppData\Local\Temp\cc4GdcNj.s 			page 27


 566 0107 1E010000 		.4byte	0x11e
 567 010b 0A       		.uleb128 0xa
 568 010c 16000000 		.4byte	.LVL1
 569 0110 8B010000 		.4byte	0x18b
 570 0114 0A       		.uleb128 0xa
 571 0115 22000000 		.4byte	.LVL2
 572 0119 D7000000 		.4byte	0xd7
 573 011d 00       		.byte	0
 574 011e 09       		.uleb128 0x9
 575 011f D8010000 		.4byte	.LASF21
 576 0123 01       		.byte	0x1
 577 0124 94       		.byte	0x94
 578 0125 00000000 		.4byte	.LFB2
 579 0129 18000000 		.4byte	.LFE2-.LFB2
 580 012d 01       		.uleb128 0x1
 581 012e 9C       		.byte	0x9c
 582 012f 4D010000 		.4byte	0x14d
 583 0133 0A       		.uleb128 0xa
 584 0134 0A000000 		.4byte	.LVL3
 585 0138 96010000 		.4byte	0x196
 586 013c 0B       		.uleb128 0xb
 587 013d 10000000 		.4byte	.LVL4
 588 0141 A1010000 		.4byte	0x1a1
 589 0145 0C       		.uleb128 0xc
 590 0146 01       		.uleb128 0x1
 591 0147 50       		.byte	0x50
 592 0148 02       		.uleb128 0x2
 593 0149 09       		.byte	0x9
 594 014a FF       		.byte	0xff
 595 014b 00       		.byte	0
 596 014c 00       		.byte	0
 597 014d 09       		.uleb128 0x9
 598 014e 73010000 		.4byte	.LASF22
 599 0152 01       		.byte	0x1
 600 0153 C4       		.byte	0xc4
 601 0154 00000000 		.4byte	.LFB3
 602 0158 18000000 		.4byte	.LFE3-.LFB3
 603 015c 01       		.uleb128 0x1
 604 015d 9C       		.byte	0x9c
 605 015e 75010000 		.4byte	0x175
 606 0162 0A       		.uleb128 0xa
 607 0163 06000000 		.4byte	.LVL5
 608 0167 1E010000 		.4byte	0x11e
 609 016b 0A       		.uleb128 0xa
 610 016c 10000000 		.4byte	.LVL6
 611 0170 AC010000 		.4byte	0x1ac
 612 0174 00       		.byte	0
 613 0175 0D       		.uleb128 0xd
 614 0176 BA000000 		.4byte	.LASF31
 615 017a 03       		.byte	0x3
 616 017b 4B       		.byte	0x4b
 617 017c CC000000 		.4byte	0xcc
 618 0180 0E       		.uleb128 0xe
 619 0181 8D020000 		.4byte	.LASF23
 620 0185 8D020000 		.4byte	.LASF23
 621 0189 03       		.byte	0x3
 622 018a 6D       		.byte	0x6d
ARM GAS  C:\Users\info\AppData\Local\Temp\cc4GdcNj.s 			page 28


 623 018b 0E       		.uleb128 0xe
 624 018c 00000000 		.4byte	.LASF24
 625 0190 00000000 		.4byte	.LASF24
 626 0194 03       		.byte	0x3
 627 0195 5A       		.byte	0x5a
 628 0196 0E       		.uleb128 0xe
 629 0197 3B020000 		.4byte	.LASF25
 630 019b 3B020000 		.4byte	.LASF25
 631 019f 03       		.byte	0x3
 632 01a0 6E       		.byte	0x6e
 633 01a1 0E       		.uleb128 0xe
 634 01a2 A4010000 		.4byte	.LASF26
 635 01a6 A4010000 		.4byte	.LASF26
 636 01aa 03       		.byte	0x3
 637 01ab 84       		.byte	0x84
 638 01ac 0E       		.uleb128 0xe
 639 01ad 04020000 		.4byte	.LASF27
 640 01b1 04020000 		.4byte	.LASF27
 641 01b5 03       		.byte	0x3
 642 01b6 58       		.byte	0x58
 643 01b7 00       		.byte	0
 644              		.section	.debug_abbrev,"",%progbits
 645              	.Ldebug_abbrev0:
 646 0000 01       		.uleb128 0x1
 647 0001 11       		.uleb128 0x11
 648 0002 01       		.byte	0x1
 649 0003 25       		.uleb128 0x25
 650 0004 0E       		.uleb128 0xe
 651 0005 13       		.uleb128 0x13
 652 0006 0B       		.uleb128 0xb
 653 0007 03       		.uleb128 0x3
 654 0008 0E       		.uleb128 0xe
 655 0009 1B       		.uleb128 0x1b
 656 000a 0E       		.uleb128 0xe
 657 000b 55       		.uleb128 0x55
 658 000c 17       		.uleb128 0x17
 659 000d 11       		.uleb128 0x11
 660 000e 01       		.uleb128 0x1
 661 000f 10       		.uleb128 0x10
 662 0010 17       		.uleb128 0x17
 663 0011 00       		.byte	0
 664 0012 00       		.byte	0
 665 0013 02       		.uleb128 0x2
 666 0014 24       		.uleb128 0x24
 667 0015 00       		.byte	0
 668 0016 0B       		.uleb128 0xb
 669 0017 0B       		.uleb128 0xb
 670 0018 3E       		.uleb128 0x3e
 671 0019 0B       		.uleb128 0xb
 672 001a 03       		.uleb128 0x3
 673 001b 0E       		.uleb128 0xe
 674 001c 00       		.byte	0
 675 001d 00       		.byte	0
 676 001e 03       		.uleb128 0x3
 677 001f 24       		.uleb128 0x24
 678 0020 00       		.byte	0
 679 0021 0B       		.uleb128 0xb
ARM GAS  C:\Users\info\AppData\Local\Temp\cc4GdcNj.s 			page 29


 680 0022 0B       		.uleb128 0xb
 681 0023 3E       		.uleb128 0x3e
 682 0024 0B       		.uleb128 0xb
 683 0025 03       		.uleb128 0x3
 684 0026 08       		.uleb128 0x8
 685 0027 00       		.byte	0
 686 0028 00       		.byte	0
 687 0029 04       		.uleb128 0x4
 688 002a 16       		.uleb128 0x16
 689 002b 00       		.byte	0
 690 002c 03       		.uleb128 0x3
 691 002d 0E       		.uleb128 0xe
 692 002e 3A       		.uleb128 0x3a
 693 002f 0B       		.uleb128 0xb
 694 0030 3B       		.uleb128 0x3b
 695 0031 05       		.uleb128 0x5
 696 0032 49       		.uleb128 0x49
 697 0033 13       		.uleb128 0x13
 698 0034 00       		.byte	0
 699 0035 00       		.byte	0
 700 0036 05       		.uleb128 0x5
 701 0037 35       		.uleb128 0x35
 702 0038 00       		.byte	0
 703 0039 49       		.uleb128 0x49
 704 003a 13       		.uleb128 0x13
 705 003b 00       		.byte	0
 706 003c 00       		.byte	0
 707 003d 06       		.uleb128 0x6
 708 003e 13       		.uleb128 0x13
 709 003f 01       		.byte	0x1
 710 0040 0B       		.uleb128 0xb
 711 0041 0B       		.uleb128 0xb
 712 0042 3A       		.uleb128 0x3a
 713 0043 0B       		.uleb128 0xb
 714 0044 3B       		.uleb128 0x3b
 715 0045 0B       		.uleb128 0xb
 716 0046 01       		.uleb128 0x1
 717 0047 13       		.uleb128 0x13
 718 0048 00       		.byte	0
 719 0049 00       		.byte	0
 720 004a 07       		.uleb128 0x7
 721 004b 0D       		.uleb128 0xd
 722 004c 00       		.byte	0
 723 004d 03       		.uleb128 0x3
 724 004e 0E       		.uleb128 0xe
 725 004f 3A       		.uleb128 0x3a
 726 0050 0B       		.uleb128 0xb
 727 0051 3B       		.uleb128 0x3b
 728 0052 0B       		.uleb128 0xb
 729 0053 49       		.uleb128 0x49
 730 0054 13       		.uleb128 0x13
 731 0055 38       		.uleb128 0x38
 732 0056 0B       		.uleb128 0xb
 733 0057 00       		.byte	0
 734 0058 00       		.byte	0
 735 0059 08       		.uleb128 0x8
 736 005a 16       		.uleb128 0x16
ARM GAS  C:\Users\info\AppData\Local\Temp\cc4GdcNj.s 			page 30


 737 005b 00       		.byte	0
 738 005c 03       		.uleb128 0x3
 739 005d 0E       		.uleb128 0xe
 740 005e 3A       		.uleb128 0x3a
 741 005f 0B       		.uleb128 0xb
 742 0060 3B       		.uleb128 0x3b
 743 0061 0B       		.uleb128 0xb
 744 0062 49       		.uleb128 0x49
 745 0063 13       		.uleb128 0x13
 746 0064 00       		.byte	0
 747 0065 00       		.byte	0
 748 0066 09       		.uleb128 0x9
 749 0067 2E       		.uleb128 0x2e
 750 0068 01       		.byte	0x1
 751 0069 3F       		.uleb128 0x3f
 752 006a 19       		.uleb128 0x19
 753 006b 03       		.uleb128 0x3
 754 006c 0E       		.uleb128 0xe
 755 006d 3A       		.uleb128 0x3a
 756 006e 0B       		.uleb128 0xb
 757 006f 3B       		.uleb128 0x3b
 758 0070 0B       		.uleb128 0xb
 759 0071 27       		.uleb128 0x27
 760 0072 19       		.uleb128 0x19
 761 0073 11       		.uleb128 0x11
 762 0074 01       		.uleb128 0x1
 763 0075 12       		.uleb128 0x12
 764 0076 06       		.uleb128 0x6
 765 0077 40       		.uleb128 0x40
 766 0078 18       		.uleb128 0x18
 767 0079 9742     		.uleb128 0x2117
 768 007b 19       		.uleb128 0x19
 769 007c 01       		.uleb128 0x1
 770 007d 13       		.uleb128 0x13
 771 007e 00       		.byte	0
 772 007f 00       		.byte	0
 773 0080 0A       		.uleb128 0xa
 774 0081 898201   		.uleb128 0x4109
 775 0084 00       		.byte	0
 776 0085 11       		.uleb128 0x11
 777 0086 01       		.uleb128 0x1
 778 0087 31       		.uleb128 0x31
 779 0088 13       		.uleb128 0x13
 780 0089 00       		.byte	0
 781 008a 00       		.byte	0
 782 008b 0B       		.uleb128 0xb
 783 008c 898201   		.uleb128 0x4109
 784 008f 01       		.byte	0x1
 785 0090 11       		.uleb128 0x11
 786 0091 01       		.uleb128 0x1
 787 0092 31       		.uleb128 0x31
 788 0093 13       		.uleb128 0x13
 789 0094 00       		.byte	0
 790 0095 00       		.byte	0
 791 0096 0C       		.uleb128 0xc
 792 0097 8A8201   		.uleb128 0x410a
 793 009a 00       		.byte	0
ARM GAS  C:\Users\info\AppData\Local\Temp\cc4GdcNj.s 			page 31


 794 009b 02       		.uleb128 0x2
 795 009c 18       		.uleb128 0x18
 796 009d 9142     		.uleb128 0x2111
 797 009f 18       		.uleb128 0x18
 798 00a0 00       		.byte	0
 799 00a1 00       		.byte	0
 800 00a2 0D       		.uleb128 0xd
 801 00a3 34       		.uleb128 0x34
 802 00a4 00       		.byte	0
 803 00a5 03       		.uleb128 0x3
 804 00a6 0E       		.uleb128 0xe
 805 00a7 3A       		.uleb128 0x3a
 806 00a8 0B       		.uleb128 0xb
 807 00a9 3B       		.uleb128 0x3b
 808 00aa 0B       		.uleb128 0xb
 809 00ab 49       		.uleb128 0x49
 810 00ac 13       		.uleb128 0x13
 811 00ad 3F       		.uleb128 0x3f
 812 00ae 19       		.uleb128 0x19
 813 00af 3C       		.uleb128 0x3c
 814 00b0 19       		.uleb128 0x19
 815 00b1 00       		.byte	0
 816 00b2 00       		.byte	0
 817 00b3 0E       		.uleb128 0xe
 818 00b4 2E       		.uleb128 0x2e
 819 00b5 00       		.byte	0
 820 00b6 3F       		.uleb128 0x3f
 821 00b7 19       		.uleb128 0x19
 822 00b8 3C       		.uleb128 0x3c
 823 00b9 19       		.uleb128 0x19
 824 00ba 6E       		.uleb128 0x6e
 825 00bb 0E       		.uleb128 0xe
 826 00bc 03       		.uleb128 0x3
 827 00bd 0E       		.uleb128 0xe
 828 00be 3A       		.uleb128 0x3a
 829 00bf 0B       		.uleb128 0xb
 830 00c0 3B       		.uleb128 0x3b
 831 00c1 0B       		.uleb128 0xb
 832 00c2 00       		.byte	0
 833 00c3 00       		.byte	0
 834 00c4 00       		.byte	0
 835              		.section	.debug_aranges,"",%progbits
 836 0000 34000000 		.4byte	0x34
 837 0004 0200     		.2byte	0x2
 838 0006 00000000 		.4byte	.Ldebug_info0
 839 000a 04       		.byte	0x4
 840 000b 00       		.byte	0
 841 000c 0000     		.2byte	0
 842 000e 0000     		.2byte	0
 843 0010 00000000 		.4byte	.LFB0
 844 0014 10000000 		.4byte	.LFE0-.LFB0
 845 0018 00000000 		.4byte	.LFB1
 846 001c 2C000000 		.4byte	.LFE1-.LFB1
 847 0020 00000000 		.4byte	.LFB2
 848 0024 18000000 		.4byte	.LFE2-.LFB2
 849 0028 00000000 		.4byte	.LFB3
 850 002c 18000000 		.4byte	.LFE3-.LFB3
ARM GAS  C:\Users\info\AppData\Local\Temp\cc4GdcNj.s 			page 32


 851 0030 00000000 		.4byte	0
 852 0034 00000000 		.4byte	0
 853              		.section	.debug_ranges,"",%progbits
 854              	.Ldebug_ranges0:
 855 0000 00000000 		.4byte	.LFB0
 856 0004 10000000 		.4byte	.LFE0
 857 0008 00000000 		.4byte	.LFB1
 858 000c 2C000000 		.4byte	.LFE1
 859 0010 00000000 		.4byte	.LFB2
 860 0014 18000000 		.4byte	.LFE2
 861 0018 00000000 		.4byte	.LFB3
 862 001c 18000000 		.4byte	.LFE3
 863 0020 00000000 		.4byte	0
 864 0024 00000000 		.4byte	0
 865              		.section	.debug_line,"",%progbits
 866              	.Ldebug_line0:
 867 0000 A4000000 		.section	.debug_str,"MS",%progbits,1
 867      02005200 
 867      00000201 
 867      FB0E0D00 
 867      01010101 
 868              	.LASF24:
 869 0000 72616E64 		.ascii	"random_Stop\000"
 869      6F6D5F53 
 869      746F7000 
 870              	.LASF3:
 871 000c 73686F72 		.ascii	"short unsigned int\000"
 871      7420756E 
 871      7369676E 
 871      65642069 
 871      6E7400
 872              	.LASF28:
 873 001f 474E5520 		.ascii	"GNU C11 5.4.1 20160609 (release) [ARM/embedded-5-br"
 873      43313120 
 873      352E342E 
 873      31203230 
 873      31363036 
 874 0052 616E6368 		.ascii	"anch revision 237715] -mcpu=cortex-m3 -mthumb -g -O"
 874      20726576 
 874      6973696F 
 874      6E203233 
 874      37373135 
 875 0085 67202D66 		.ascii	"g -ffunction-sections -ffat-lto-objects -flto\000"
 875      66756E63 
 875      74696F6E 
 875      2D736563 
 875      74696F6E 
 876              	.LASF10:
 877 00b3 646F7562 		.ascii	"double\000"
 877      6C6500
 878              	.LASF31:
 879 00ba 72616E64 		.ascii	"random_backup\000"
 879      6F6D5F62 
 879      61636B75 
 879      7000
 880              	.LASF9:
 881 00c8 666C6F61 		.ascii	"float\000"
ARM GAS  C:\Users\info\AppData\Local\Temp\cc4GdcNj.s 			page 33


 881      7400
 882              	.LASF30:
 883 00ce 433A5C55 		.ascii	"C:\\Users\\info\\Desktop\\Spring 2019 Classes\\6.11"
 883      73657273 
 883      5C696E66 
 883      6F5C4465 
 883      736B746F 
 884 00fc 355C362E 		.ascii	"5\\6.115-final\\PSoCCreator\\Final Project\\FinalEm"
 884      3131352D 
 884      66696E61 
 884      6C5C5053 
 884      6F434372 
 885 012b 756C6174 		.ascii	"ulator.cydsn\000"
 885      6F722E63 
 885      7964736E 
 885      00
 886              	.LASF1:
 887 0138 756E7369 		.ascii	"unsigned char\000"
 887      676E6564 
 887      20636861 
 887      7200
 888              	.LASF13:
 889 0146 72656738 		.ascii	"reg8\000"
 889      00
 890              	.LASF20:
 891 014b 72616E64 		.ascii	"random_Sleep\000"
 891      6F6D5F53 
 891      6C656570 
 891      00
 892              	.LASF12:
 893 0158 75696E74 		.ascii	"uint8\000"
 893      3800
 894              	.LASF18:
 895 015e 72616E64 		.ascii	"random_BACKUP_STRUCT\000"
 895      6F6D5F42 
 895      41434B55 
 895      505F5354 
 895      52554354 
 896              	.LASF22:
 897 0173 72616E64 		.ascii	"random_Wakeup\000"
 897      6F6D5F57 
 897      616B6575 
 897      7000
 898              	.LASF29:
 899 0181 47656E65 		.ascii	"Generated_Source\\PSoC5\\random_PM.c\000"
 899      72617465 
 899      645F536F 
 899      75726365 
 899      5C50536F 
 900              	.LASF26:
 901 01a4 72616E64 		.ascii	"random_ResetSeedInit\000"
 901      6F6D5F52 
 901      65736574 
 901      53656564 
 901      496E6974 
 902              	.LASF5:
 903 01b9 6C6F6E67 		.ascii	"long unsigned int\000"
ARM GAS  C:\Users\info\AppData\Local\Temp\cc4GdcNj.s 			page 34


 903      20756E73 
 903      69676E65 
 903      6420696E 
 903      7400
 904              	.LASF8:
 905 01cb 756E7369 		.ascii	"unsigned int\000"
 905      676E6564 
 905      20696E74 
 905      00
 906              	.LASF21:
 907 01d8 72616E64 		.ascii	"random_RestoreConfig\000"
 907      6F6D5F52 
 907      6573746F 
 907      7265436F 
 907      6E666967 
 908              	.LASF7:
 909 01ed 6C6F6E67 		.ascii	"long long unsigned int\000"
 909      206C6F6E 
 909      6720756E 
 909      7369676E 
 909      65642069 
 910              	.LASF27:
 911 0204 72616E64 		.ascii	"random_Enable\000"
 911      6F6D5F45 
 911      6E61626C 
 911      6500
 912              	.LASF19:
 913 0212 72616E64 		.ascii	"random_SaveConfig\000"
 913      6F6D5F53 
 913      61766543 
 913      6F6E6669 
 913      6700
 914              	.LASF15:
 915 0224 73697A65 		.ascii	"sizetype\000"
 915      74797065 
 915      00
 916              	.LASF6:
 917 022d 6C6F6E67 		.ascii	"long long int\000"
 917      206C6F6E 
 917      6720696E 
 917      7400
 918              	.LASF25:
 919 023b 72616E64 		.ascii	"random_WriteSeed\000"
 919      6F6D5F57 
 919      72697465 
 919      53656564 
 919      00
 920              	.LASF11:
 921 024c 63686172 		.ascii	"char\000"
 921      00
 922              	.LASF2:
 923 0251 73686F72 		.ascii	"short int\000"
 923      7420696E 
 923      7400
 924              	.LASF17:
 925 025b 73656564 		.ascii	"seed\000"
 925      00
ARM GAS  C:\Users\info\AppData\Local\Temp\cc4GdcNj.s 			page 35


 926              	.LASF4:
 927 0260 6C6F6E67 		.ascii	"long int\000"
 927      20696E74 
 927      00
 928              	.LASF16:
 929 0269 656E6162 		.ascii	"enableState\000"
 929      6C655374 
 929      61746500 
 930              	.LASF14:
 931 0275 6C6F6E67 		.ascii	"long double\000"
 931      20646F75 
 931      626C6500 
 932              	.LASF0:
 933 0281 7369676E 		.ascii	"signed char\000"
 933      65642063 
 933      68617200 
 934              	.LASF23:
 935 028d 72616E64 		.ascii	"random_Read\000"
 935      6F6D5F52 
 935      65616400 
 936              		.comm	__gnu_lto_v1,1,1
 937              		.ident	"GCC: (GNU Tools for ARM Embedded Processors) 5.4.1 20160609 (release) [ARM/embedded-5-bran
