ARM GAS  C:\Users\info\AppData\Local\Temp\cccOEncg.s 			page 1


   1              		.syntax unified
   2              		.cpu cortex-m3
   3              		.fpu softvfp
   4              		.eabi_attribute 20, 1
   5              		.eabi_attribute 21, 1
   6              		.eabi_attribute 23, 3
   7              		.eabi_attribute 24, 1
   8              		.eabi_attribute 25, 1
   9              		.eabi_attribute 26, 1
  10              		.eabi_attribute 30, 1
  11              		.eabi_attribute 34, 1
  12              		.eabi_attribute 18, 4
  13              		.thumb
  14              		.syntax unified
  15              		.file	"Row_4.c"
  16              		.text
  17              	.Ltext0:
  18              		.section	.gnu.lto_.profile.792a0694,"",%progbits
  19 0000 789C6361 		.ascii	"x\234ca`d`a`\000\222\222\242\000\000\261\0009"
  19      60646061 
  19      60009292 
  19      A20000B1 
  19      0039
  20              		.text
  21              		.section	.gnu.lto_.inline.792a0694,"",%progbits
  22 0000 789C6361 		.ascii	"x\234ca`d\000\001?\006\004`a`\340\344`d`\342y\020\313"
  22      60640001 
  22      3F060460 
  22      6160E0E4 
  22      606460E2 
  23 0017 C0B6409E 		.ascii	"\300\266@\236\011$\306\310\300\301\016\024\342\232\340"
  23      0924C6C8 
  23      C0C10E14 
  23      E29AE0
  24 0026 07176262 		.ascii	"\007\027bb`c\005\012\261}\320\203\0131c\0121\000\000"
  24      6063050A 
  24      B17DD083 
  24      0B31630A 
  24      310000
  25 0039 537C0835 		.ascii	"S|\0105"
  26              		.text
  27              		.section	.gnu.lto_.jmpfuncs.792a0694,"",%progbits
  28 0000 789C6361 		.ascii	"x\234ca`d\000\001>\006\004`\001b\240(\023\003\0033\220"
  28      60640001 
  28      3E060460 
  28      0162A028 
  28      13030333 
  29 0015 05000292 		.ascii	"\005\000\002\222\000\036"
  29      001E
  30              		.text
  31              		.section	.gnu.lto_.pureconst.792a0694,"",%progbits
  32 0000 789C6361 		.ascii	"x\234ca`d\340d```a\220b\224b\222b\226\002\000\002\261"
  32      6064E064 
  32      60606061 
  32      90629462 
  32      92629602 
  33 0017 0081     		.ascii	"\000\201"
ARM GAS  C:\Users\info\AppData\Local\Temp\cccOEncg.s 			page 2


  34              		.text
  35              		.section	.gnu.lto_Row_4_Write.792a0694,"",%progbits
  36 0000 789C5551 		.ascii	"x\234UQ\313J\034Q\020\255so?\306h\374\201\014(\0011"
  36      CB4A1C51 
  36      10AD736F 
  36      3FC668FC 
  36      810C2801 
  37 0015 6611421E 		.ascii	"f\021B\036?\020\027\331\006\335\016\3100\366B0\031\320"
  37      3F1017D9 
  37      06DD0EC8 
  37      30F64230 
  37      19D0
  38 0027 31597ADB 		.ascii	"1Yz\333qF\230\205\270Q\011y\010\212\214\032\037c\262"
  38      71469885 
  38      B8510979 
  38      088A8C1A 
  38      1F63B2
  39 003a 12B268FA 		.ascii	"\022\262h\372\003\222\215\020\362 \021\027-\004\022"
  39      03928D10 
  39      F2201117 
  39      2D0412
  40 0049 C6E0A068 		.ascii	"\306\340\240h\222IU\267\213Xp\037]}\316\251Su-\002I"
  40      924955B7 
  40      8B58701F 
  40      5D7DCEA9 
  40      53752D02 
  41 005e 5C5744B7 		.ascii	"\\WD\267\370\274\302\013\232\240f\336\021\371)\005\310"
  41      F8BCC20B 
  41      9AA066DE 
  41      11F92905 
  41      C8
  42 006f C5A440E3 		.ascii	"\305\244@\343\012\343h\250?\012\341T\264\243z\252\206"
  42      0AE368A8 
  42      3F0AE154 
  42      B4A37AAA 
  42      86
  43 0080 636FF9A5 		.ascii	"co\371\2456+\001J\232\250\251b%B\025=\214:x;\265\013"
  43      362B014A 
  43      9AA8A962 
  43      2542153D 
  43      8C3A783B 
  44 0096 7D15C4F7 		.ascii	"}\025\304\367r\330\250\267v/\0333a\314a\306\350\222"
  44      72D8A8B7 
  44      762F1B33 
  44      61CC61C6 
  44      E892
  45 00a8 0656A099 		.ascii	"\006V\240\231\201\333i\334L\023'\010\253\350\026\360"
  45      81DB69DC 
  45      4C132708 
  45      ABE816F0 
  46 00b8 C9A7DDCD 		.ascii	"\311\247\335\315v}-&\316\230h\261\255kI\210\301\361"
  46      767D2D26 
  46      CE9868B1 
  46      AD6B4988 
  46      C1F1
  47 00ca C37913F8 		.ascii	"\303y\023\370\235\302]\373\237+\301\320\375\355\277"
  47      9DC25DFB 
ARM GAS  C:\Users\info\AppData\Local\Temp\cccOEncg.s 			page 3


  47      9F2BC1D0 
  47      FDEDBF
  48 00d9 B3979D49 		.ascii	"\263\227\235Iq\325\211W\350J\374`\035\016w\010\311l"
  48      71D58957 
  48      E84AFC60 
  48      1D0E7708 
  48      C96C
  49 00eb F505A6D9 		.ascii	"\365\005\246\331,\232\240a7t\213\342\242\212;\345\037"
  49      2C9AA061 
  49      37748BE2 
  49      A28A3BE5 
  49      1F
  50 00fc 16A4B62D 		.ascii	"\026\244\266-\011G6W6\242:/\351\376P)9u\204\360\264"
  50      09473657 
  50      36A23A2F 
  50      E9FE5029 
  50      397584F0 
  51 0111 F275DE15 		.ascii	"\362u\336\025\315\242\226I\314\225\302\367\356\221*"
  51      CDA29649 
  51      CC95C2F7 
  51      EE912A
  52 0120 691DBBFD 		.ascii	"i\035\273\375\370\371\351O'\371\254-\372\306\342\324"
  52      F8F9E94F 
  52      27F9AC2D 
  52      FAC6E2D4 
  53 0130 5EE5F999 		.ascii	"^\345\371\231\273\200\027\376$\317\310\302&\322\330"
  53      BB8017FE 
  53      24CFC8C2 
  53      26D2D8
  54 013f 007BC616 		.ascii	"\000{\306\026\026@\021\212\277\313_\220\010\352D\363"
  54      1640118A 
  54      BFCB5F90 
  54      08EA44F3 
  55 014f D9B71F51 		.ascii	"\331\267\037Q\273\210\000\307@\215\301\373Pq\033\354"
  55      BB8800C7 
  55      408DC1FB 
  55      50711BEC 
  56 015f 945142AA 		.ascii	"\224QB\252\227\243\203s\033vQK\235\360W\255\332&,\033"
  56      97A38373 
  56      1B76514B 
  56      9DF057AD 
  56      DA262C1B 
  57 0173 1ADB4C8A 		.ascii	"\032\333L\212\245\217\316\245\005\307\240\312\351\207"
  57      A58FCEA5 
  57      05C7A0CA 
  57      E987
  58 0181 E994802C 		.ascii	"\351\224\200,\244\360:\001\2358\011\304\215\0158\234"
  58      A4F03A01 
  58      9D3809C4 
  58      8D0D389C 
  59 0191 0AE762D6 		.ascii	"\012\347b\326\005\363\2761\255\027\375\277a\377\314"
  59      05F3BE31 
  59      AD17FDBF 
  59      61FFCC
  60 01a0 A2EF9808 		.ascii	"\242\357\230\010\316l!\304\017QW\220Y\361\344:\356{"
  60      CE6C21C4 
  60      0F515790 
ARM GAS  C:\Users\info\AppData\Local\Temp\cccOEncg.s 			page 4


  60      59F1E43A 
  60      EE7B
  61 01b2 8FBC916C 		.ascii	"\217\274\221l\301\033\034\350\317\217\215\344\274\314"
  61      C11B1CE8 
  61      CF8F8DE4 
  61      BCCC
  62 01c0 83FE7CEF 		.ascii	"\203\376|\357\335L_\376\311\300\235\0339\262\037g\207"
  62      DD4C5FFE 
  62      C9C09D1B 
  62      39B21F67 
  62      87
  63 01d1 C7BC4BA3 		.ascii	"\307\274K\243\205la(wo\2500\372\017u\340\303k"
  63      856C6128 
  63      776FA830 
  63      FA0F75E0 
  63      C36B
  64              		.text
  65              		.section	.gnu.lto_Row_4_SetDriveMode.792a0694,"",%progbits
  66 0000 789C7D51 		.ascii	"x\234}QM+DQ\030~\237s\356\334;\223\370\003\246\310\202"
  66      4D2B4451 
  66      187E9F73 
  66      EEDC3B93 
  66      F803A6C8 
  67 0015 6CA4F00B 		.ascii	"l\244\360\013\024[\261\235\222\270K&\"Kgf\014EJ\311"
  67      145BB19D 
  67      92B84B26 
  67      224B6766 
  67      0C454AC9 
  68 0029 6C26A1C8 		.ascii	"l&\241\310\367WVvc\212%ea!I\026\223\024\215\257\310"
  68      F7575676 
  68      638A2565 
  68      61214916 
  68      93148DAF 
  69 003e D778DF7B 		.ascii	"\327x\337{-f\345t\317\373\361\364<O\357{\256E 9\267"
  69      2D66E574 
  69      CFFBF1F4 
  69      3C4FEF7B 
  69      AE452039 
  70 0053 9CAA3997 		.ascii	"\234\2529\227\363\205&\250\351\023\242XP\001R\230 h"
  70      F38526A8 
  70      E913A258 
  70      50015298 
  70      2068
  71 0065 446104AF 		.ascii	"Da\004\257\352[!;\236;P\265+\206\317\365\321C\275Y\315"
  71      EA5B213B 
  71      9E3B50B5 
  71      2B86CFF5 
  71      D143BD59 
  72 007a 20A9890A 		.ascii	" \251\211\012\312s\"\254\240\226Y\317\373\3133%\272"
  72      CA7322AC 
  72      A09659CF 
  72      FBCB3325 
  72      BA
  73 008b 0AC4F5E3 		.ascii	"\012\304\365\343I\376\252\254f\331\230\2701\205\210"
  73      49FEAAAC 
  73      66D998B8 
  73      318588
ARM GAS  C:\Users\info\AppData\Local\Temp\cccOEncg.s 			page 5


  74 009a D1490DAC 		.ascii	"\321I\015\254B\263\002\015a\324\207\211\001\302\032"
  74      42B3020D 
  74      61D48789 
  74      01C21A
  75 00a9 6A847CB3 		.ascii	"j\204|\263\3673[j\217\212}\245o\212u\3302\346N{\306"
  75      F7335B6A 
  75      8F8A7DA5 
  75      6F8A75D8 
  75      32E64E7B 
  76 00be 140A0993 		.ascii	"\024\012\011\223y\263\017?\354\022\3052\2459hKB\000"
  76      79B30F3F 
  76      EC12C532 
  76      A539684B 
  76      4200
  77 00d0 E2604BE9 		.ascii	"\342`K\351H\010J\010\011\207(\317W\026yTJ\262\316!\373"
  77      48084A08 
  77      098728CF 
  77      57167954 
  77      4AB2CE21 
  78 00e5 31914B5B 		.ascii	"1\221K[\342\234\320\262T*\231=u^TR[\336\304\227\213"
  78      E29CD0B2 
  78      542A993D 
  78      755E5452 
  78      5BDEC497 
  79 00fa 534BA57E 		.ascii	"SK\245~\233^\210\031\213\241\263\261\265I5\217\271\330"
  79      9B5E8819 
  79      8BA1B3B1 
  79      B549358F 
  79      B9D8
  80 010c 28AF1BC0 		.ascii	"(\257\033\300&\302\330@\230\247\333\302<(\207\370\223"
  80      26C2D840 
  80      98A7DBC2 
  80      3C2887F8 
  80      93
  81 011d E3DB6976 		.ascii	"\343\333iv\344>\361e\373\275\305\020\353/\216'\277C"
  81      E43EF165 
  81      FBBDC510 
  81      EB2F8E27 
  81      BF43
  82 012f 62A9D18F 		.ascii	"b\251\321\217mV\026I\370\013\024K\034\206Xr\177\276"
  82      6D561649 
  82      F80B144B 
  82      1C865872 
  82      7FBE
  83 0141 B1A97D49 		.ascii	"\261\251}I\031v<I\342\375\217\022\364\214\235b\227\020"
  83      19763C49 
  83      E2FD8F12 
  83      F48C9D62 
  83      9710
  84 0153 A3DC6753 		.ascii	"\243\334gS\220\376\277\221wyd\346\323\035\342\231\317"
  84      90FEBF91 
  84      777964E6 
  84      D31DE299 
  84      CF
  85 0164 16617BBF 		.ascii	"\026a{\277.\257 \317\303\217U\321\352\366\271\003]\203"
  85      2EAF20CF 
  85      C38F55D1 
ARM GAS  C:\Users\info\AppData\Local\Temp\cccOEncg.s 			page 6


  85      EAF6B903 
  85      5D83
  86 0176 6E4F6747 		.ascii	"nOgGth\240\333\215\264uD\233\233\"\355\321\341\316\306"
  86      7468A0DB 
  86      8DB47544 
  86      9B9B22ED 
  86      D1E1CEC6 
  87 018a BA6EB27A 		.ascii	"\272n\262z\243=\356/W\374\244\202"
  87      A33DEE2F 
  87      57FCA482 
  88              		.text
  89              		.section	.gnu.lto_Row_4_Read.792a0694,"",%progbits
  90 0000 789C354F 		.ascii	"x\2345O;K\003A\020\236o\367r\027|\375\001\003j\231F"
  90      3B4B0341 
  90      109E6FF7 
  90      72177CFD 
  90      01036A99 
  91 0015 0415C456 		.ascii	"\004\025\304V\320V\022\260\012\004\211\327\032\010\212"
  91      D05612B0 
  91      0A0489D7 
  91      1A088A
  92 0024 65F67239 		.ascii	"e\366r9\005\261\260QA\320\200 \211/4\265ML%\012Z\210"
  92      05B1B051 
  92      41D08020 
  92      892F34B5 
  92      4D4C250A 
  93 003a 20284124 		.ascii	" (A$D\260\322\020\021\202\032g=\035\330\231\335\331"
  93      44B0D210 
  93      11821A67 
  93      3D1DD899 
  93      DDD9
  94 004c EF316310 		.ascii	"\3571c\020H\307\024\227>\256\335| \011b\365\212\310"
  94      48C71497 
  94      3EAEDD7C 
  94      200962F5 
  94      8AC8
  95 005e 090A405F 		.ascii	"\011\012@_T\020\224\026H\343]|\011\\~\234\257\264\205"
  95      54109416 
  95      48E35D7C 
  95      095C7E9C 
  95      AFB485
  96 0071 F34A65D4 		.ascii	"\363Je\324\343nsd\243P\202'\211Z\2020\030\302@HK\344"
  96      E36E7364 
  96      A3508227 
  96      895A8230 
  96      18C24048 
  97 0087 1126863E 		.ascii	"\021&\206>\025\277\327:\315\254\342\350\325\000\376"
  97      15BFD73A 
  97      CDACE2E8 
  97      D500FE
  98 0096 29C0D496 		.ascii	")\300\324\226\307\221\222j\265\\U\272\265\316\356,\013"
  98      C791926A 
  98      B55C55BA 
  98      B5CEEE2C 
  98      0B
  99 00a7 E449F6E5 		.ascii	"\344I\366\345dp\022\001\235L\322\262\364\3124=\304\233"
  99      64701201 
ARM GAS  C:\Users\info\AppData\Local\Temp\cccOEncg.s 			page 7


  99      9D4CD2B2 
  99      F4CA343D 
  99      C49B
 100 00b9 10BACA1A 		.ascii	"\020\272\312\032\312\315\345\312\366\250Vr\245d\227"
 100      CACDE5CA 
 100      F6A85672 
 100      A56497
 101 00c8 75AF7C6D 		.ascii	"u\257|m5\204'%\264i\346\271r\337\356?\213;\2162\270"
 101      35842725 
 101      B469E6B9 
 101      72DFEE3F 
 101      8B3B8E32 
 102 00dd E539370F 		.ascii	"\34597\017]9l9Y\036\325\300>B\330\003\017\212\003\344"
 102      5D396C39 
 102      591ED5C0 
 102      3E42D803 
 102      0F8A03E4 
 103 00f1 4035B89F 		.ascii	"@5\270\237\343\344J\370r\233\247\215\213\200\346\003"
 103      E3E44AF8 
 103      729BA78D 
 103      8B80E603 
 104 0101 411C32AC 		.ascii	"A\0342\254\206L}\251!|C\203q\232Q_\254\032~'\300M\246"
 104      864C7DA9 
 104      217C4383 
 104      719A515F 
 104      AC1A7E27 
 105 0118 95EB27F9 		.ascii	"\225\353'\371\016M\023\2208\372\247U\341\2034\216^\360"
 105      0E4D1390 
 105      38FAA755 
 105      E183348E 
 105      5EF0
 106 012a 2762D2EF 		.ascii	"'b\322\357b\320\013\361z=\023\366\254\235\232\236\263"
 106      62D00BF1 
 106      7A3D13F6 
 106      AC9D9A9E 
 106      B3
 107 013b 67E2D1E4 		.ascii	"g\342\321\344|*a\307&\243\311\261\341X$\271\020\037"
 107      7C2A61C7 
 107      26A3C9B1 
 107      E15824B9 
 107      101F
 108 014d EA4FD00F 		.ascii	"\352O\320\017\312\\{'"
 108      CA5C7B27 
 109              		.text
 110              		.section	.gnu.lto_Row_4_ReadDataReg.792a0694,"",%progbits
 111 0000 789C354F 		.ascii	"x\2345O;K\003A\020\236o\367r\011A\177\201\001\265L#"
 111      3B4B0341 
 111      109E6FF7 
 111      7209417F 
 111      8101B54C 
 112 0015 825A682B 		.ascii	"\202Zh+h+\021\254\002A\342\265\006\202b\231\313\343"
 112      682B11AC 
 112      0241E2B5 
 112      06826299 
 112      CBE3
 113 0027 1482858D 		.ascii	"\024\202\205\215\212\242\004\004\271\304\007\306Z\204"
 113      8AA20404 
ARM GAS  C:\Users\info\AppData\Local\Temp\cccOEncg.s 			page 8


 113      B9C407C6 
 113      5A84
 114 0035 984A14D4 		.ascii	"\230J\024\324Vl\202\204\024\026\242!\"\370H\234\361"
 114      566C8284 
 114      1416A221 
 114      22F8489C 
 114      F1
 115 0046 74606776 		.ascii	"t`gvg\277\307\214A \211\031.\375\\{\370@\023\324\332"
 115      67BFC78C 
 115      41208919 
 115      2EFD5C7B 
 115      F84013D4 
 116 005b 0D513AA0 		.ascii	"\015Q:\240\000\271\330\001PJ!\2057\365\255p\375~\271"
 116      00B9D801 
 116      504A2185 
 116      37F5AD70 
 116      FD7EB9
 117 006e 1A0CBBB6 		.ascii	"\032\014\273\266\235\261k\373\356\350f\261\002G\023"
 117      9DB16BFB 
 117      EEE866B1 
 117      024713
 118 007d 75146128 		.ascii	"u\024a(\204\301\220H\270\010\023C\037O\333\353\335f"
 118      84C19048 
 118      B8081343 
 118      1F4FDBEB 
 118      DD66
 119 008f CEE6E813 		.ascii	"\316\346\350\023\000\377\024a\212\345I\244bw:Y\273r"
 119      00FF1461 
 119      8AE549A4 
 119      62773A59 
 119      BB72
 120 00a1 1EBCB80B 		.ascii	"\036\274\270\013\372A\216f_N\006'\345\223d\222\310\322"
 120      FA418E66 
 120      5F4E0627 
 120      E5936492 
 120      C8D2
 121 00b3 0BD36488 		.ascii	"\013\323d\210W\245\244\352\006\252\037\371viL\224\262"
 121      57A5A4EA 
 121      06AA1FF9 
 121      76694C94 
 121      B2
 122 00c4 5AB3CB86 		.ascii	"Z\263\313\206S\275\365\267\224\2435\304\364\376a\353"
 122      53BDF5B7 
 122      94A335C4 
 122      F4FE61EB 
 123 00d4 D9F49EE5 		.ascii	"\331\364\236\345\275\264mp\253\226\337\371\364\027\260"
 123      BDB46D70 
 123      AB96DFF9 
 123      F417B0
 124 00e3 9BCEF1A8 		.ascii	"\233\316\361\250\006\016\020B\011<(\016Q\0005\220\375"
 124      060E1042 
 124      093C280E 
 124      51003590 
 124      FD
 125 00f4 9AA0AC86 		.ascii	"\232\240\254\206'\267}\326\272\362\011\037\010\340\210"
 125      27B77DD6 
 125      BAF2091F 
ARM GAS  C:\Users\info\AppData\Local\Temp\cccOEncg.s 			page 9


 125      08E088
 126 0103 610D649A 		.ascii	"a\015d\232+-\345\031\032\214\023Fs\271nx\035\0377\231"
 126      2B2DE519 
 126      1A8C1346 
 126      73B96E78 
 126      1D1F3799 
 127 0117 566D96DD 		.ascii	"Vm\226\335.\241)h\034\377\323\352\360@\202\243'\374"
 127      2EA12968 
 127      1CFFD3EA 
 127      F04082A3 
 127      27FC
 128 0129 8998F4BB 		.ascii	"\211\230\364\273\030d!^\257w\322\232\267\222\263\013"
 128      1864215E 
 128      AF77D29A 
 128      B792B30B 
 129 0139 D65C6C3A 		.ascii	"\326\\l:\261\230\214[\321\251\351\304\370H4\222X\212"
 129      B1988C5B 
 129      D1A9E9C4 
 129      F8483492 
 129      588A
 130 014b 0D0FC4E9 		.ascii	"\015\017\304\351\007\246\002{>"
 130      07A6027B 
 130      3E
 131              		.text
 132              		.section	.gnu.lto_.symbol_nodes.792a0694,"",%progbits
 133 0000 789C6361 		.ascii	"x\234ca`dpc\000\002&\206z\006\206\011\347\030@\324\252"
 133      60647063 
 133      00022686 
 133      7A068609 
 133      E71840D4 
 134 0015 0645A000 		.ascii	"\006E\240\000c=#\252\000S=\023\252\000s=3\212\000\003"
 134      633D23AA 
 134      00533D13 
 134      AA00733D 
 134      338A0003 
 135 0029 001ED60E 		.ascii	"\000\036\326\016\374"
 135      FC
 136              		.text
 137              		.section	.gnu.lto_.refs.792a0694,"",%progbits
 138 0000 789C6361 		.ascii	"x\234ca`\004B \000\000\0009\000\007"
 138      60044220 
 138      00000039 
 138      0007
 139              		.text
 140              		.section	.gnu.lto_.decls.792a0694,"",%progbits
 141 0000 789C8D92 		.ascii	"x\234\215\222]HTA\024\307\347\334{w]\256f%Q>,e>\371"
 141      5D485441 
 141      14C7E7DC 
 141      7B775DAE 
 141      6625513E 
 142 0018 B4241608 		.ascii	"\264$\026\010A\005J\366R\206\226A\010\313\252\027\363"
 142      41054AF6 
 142      52869641 
 142      08CBAA17 
 142      F3
 143 0029 C58D6D2D 		.ascii	"\305\215m-|\010&W\301>H-,\224 \023*\315\2575]s\267\314"
 143      7C082657 
ARM GAS  C:\Users\info\AppData\Local\Temp\cccOEncg.s 			page 10


 143      C13E482D 
 143      2C942013 
 143      2ACDAF35 
 144 0041 CDBE0321 		.ascii	"\315\276\003!Y\012\302b-\363A\0231\022Jl\335\316\314"
 144      590AC262 
 144      2DF34113 
 144      31124A6C 
 144      DDCECC
 145 0054 DEF55E6B 		.ascii	"\336\365^k\003\017\314\235sf\316\3777g\316\035\211\000"
 145      030FCC9D 
 145      7366CEFF 
 145      3767CE1D 
 145      8900
 146 0066 61B65B22 		.ascii	"a\266[\"\344*\316f\014\303h\006\364\013\210f\270M\372"
 146      E42ACE66 
 146      0CC36806 
 146      F40B8866 
 146      B84DFA
 147 0079 7078700C 		.ascii	"pxp\014\342\360\221\177\215\355\033U]7c\341\030\306"
 147      E2F0917F 
 147      8DED1B55 
 147      5D3763E1 
 147      18C6
 148 008b 31842357 		.ascii	"1\204#W\315\0015\357o\363\304\320\372u\372\250\326\023"
 148      CD0135EF 
 148      6FF3C4D0 
 148      FA75FAA8 
 148      D613
 149 009d 43CBEA31 		.ascii	"C\313\3521\350t\2711t\2031t\2765\350b\3353$\200\353"
 149      E874B931 
 149      74833174 
 149      BE35E862 
 149      DD332480 
 150 00b2 CB4C8B69 		.ascii	"\313L\213i\034>\000\020\340F\324>\022\266\242\316\314"
 150      1C3E0010 
 150      E046D43E 
 150      12B6A2CE 
 150      CC
 151 00c3 81482044 		.ascii	"\201H Dy\260BV\035\236\016D\340\371\240\333X\225\307"
 151      79B04256 
 151      1D9E0E44 
 151      E0F9A0DB 
 151      5895C7
 152 00d6 FF09376D 		.ascii	"\377\0117m\011V,\232\011\253\241\214\252\205\030\013"
 152      09562C9A 
 152      09ABA18C 
 152      AA85180B 
 153 00e6 9A40C753 		.ascii	"\232@\307S\253W\317\007\375\261\034-F/}\273n\346\267"
 153      AB57CF07 
 153      FDB11C2D 
 153      462F7DBB 
 153      6EE6B7
 154 00f9 514426FA 		.ascii	"QD&\372\301\305\266\375\226N\212VO\251\260U\353LO\315"
 154      C1C5B6FD 
 154      964E8A56 
 154      4FA9B055 
 154      EB4C4FCD 
ARM GAS  C:\Users\info\AppData\Local\Temp\cccOEncg.s 			page 11


 155 010d D776D382 		.ascii	"\327v\323\202\000f\031\302\300\342Y\357\342\272H\314"
 155      006619C2 
 155      C0E259EF 
 155      E2BA48CC 
 156 011d B69B1A26 		.ascii	"\266\233\032&\227\343\305-\314\027\002\223\035\323\022"
 156      97E3C52D 
 156      CC170293 
 156      1DD312
 157 012c A4C97718 		.ascii	"\244\311w\030fb\311\275\307K\351\006\350\006\031:A\204"
 157      6662C9BD 
 157      C74BE906 
 157      E806193A 
 157      4184
 158 013e 76B0B00A 		.ascii	"v\260\260\012\3142~k)\255\242\363\255\324\230L \303"
 158      CC327E6B 
 158      29ADA2F3 
 158      ADD4984C 
 158      20C3
 159 0150 0C3BCC04 		.ascii	"\014;\314\004\272 \2151Y\026t\200\031\356\201\231\361"
 159      BA208D31 
 159      59167480 
 159      19EE8199 
 159      F1
 160 0161 A7AEDFFC 		.ascii	"\247\256\337\374f\224\260\335\234S$\261\265\261j\367"
 160      6694B0DD 
 160      9C5324B1 
 160      B5B16AF7 
 161 0171 0D114B48 		.ascii	"\015\021KH\222A\302\360\373h\363d\"\206\233dH\301\260"
 161      9241C2F0 
 161      FB68F364 
 161      22869B64 
 161      48C1B0
 162 0184 D3F771D6 		.ascii	"\323\367q\326\230|\215_\305ES$(\330\014\275\010t#\220"
 162      987C8D5F 
 162      C5455324 
 162      28D80CBD 
 162      08742390 
 163 0198 C07D48C6 		.ascii	"\300}H\306o\017H\221\333\005=\237\226\215\251-\264\305"
 163      6F0F4891 
 163      DB053D9F 
 163      968DA92D 
 163      B4C5
 164 01aa 4D27C253 		.ascii	"M'\302S\031M\324_\215:\201\245A\233V4\272l\272\013\343"
 164      194DD45F 
 164      8D3A81A5 
 164      419B5634 
 164      BA6CBA0B 
 165 01bf D8D03E48 		.ascii	"\330\320>HE\345\334e\367q\321\312{\020\252}\335\032"
 165      45E5DC65 
 165      F771D1CA 
 165      7B10AA7D 
 165      DD1A
 166 01d1 1781F817 		.ascii	"\027\201\370\027^$\320\372s\224\356\343\210~\015\321"
 166      5E24D0FA 
 166      7394EEE3 
 166      887E0DD1 
 167 01e1 AF477838 		.ascii	"\257Gx8\342U0\324k\020\035\234\361\366\342s\327z}\325"
ARM GAS  C:\Users\info\AppData\Local\Temp\cccOEncg.s 			page 12


 167      E25530D4 
 167      6B101D9C 
 167      F1F6E273 
 167      D77A7DD5 
 168 01f5 ECBA5AD9 		.ascii	"\354\272Z\331\017x\331Ej\325?\203#\201D\365\300\300"
 168      0F78D945 
 168      6AD53F83 
 168      238144F5 
 168      C0C0
 169 0207 4B71A56A 		.ascii	"Kq\245j\314\202\001\355\310\001\375\221\203\374\310"
 169      CC8201ED 
 169      C801FD91 
 169      83FCC8
 170 0216 CF355D97 		.ascii	"\3175]\227L\342Y~\344\303wKW\004\225\342{\023-\2331"
 170      4CE2597E 
 170      E4C3774B 
 170      570495E2 
 170      7B132D9B 
 171 022b BC1AC3AB 		.ascii	"\274\032\303\253g\3708c\241\372\307{\243\214\277\320"
 171      67F83863 
 171      A1FAC77B 
 171      A38CBFD0 
 172 023b B5B65F38 		.ascii	"\265\266_8:}+\034'\326\001\177#}\215M\215q \247\305"
 172      3A7D2B1C 
 172      27D6017F 
 172      237D8D4D 
 172      8D7120A7 
 173 0250 903F8E21 		.ascii	"\220?\216!W\237\322\257#\015\347\331\005\207\260)\217"
 173      579FD2AF 
 173      230DE7D9 
 173      0587B029 
 173      8F
 174 0261 B4E21E82 		.ascii	"\264\342\036\202\034iH\373\334S?$\\`\257\012\273\227"
 174      1C6948FB 
 174      DC533F24 
 174      5C60AF0A 
 174      BB97
 175 0273 7480276A 		.ascii	"t\200'j\335\033\206\004\376\372q\016\011\342\263@\317"
 175      DD1B8604 
 175      FEFA710E 
 175      09E2B340 
 175      CF
 176 0284 B00CB219 		.ascii	"\260\014\262\031p\037j\331\001\363U\272:\010\370\031"
 176      701F6AD9 
 176      01F355BA 
 176      3A08F819 
 177 0294 169EE0F6 		.ascii	"\026\236\340\366\010\312\233)\313\031\003\276\314\203"
 177      08CA9B29 
 177      CB1903BE 
 177      CC83
 178 02a2 F9BDDCE7 		.ascii	"\371\275\334\347\237\370<\373\031\353N\3531G\231S1\345"
 178      9FF83CFB 
 178      19EB4EEB 
 178      31479953 
 178      31E5
 179 02b4 1C3A9A92 		.ascii	"\034:\232\222\225\236N\014\025e\345\316\314\3559J\271"
 179      959E4E0C 
ARM GAS  C:\Users\info\AppData\Local\Temp\cccOEncg.s 			page 13


 179      1565E5CE 
 179      CCED394A 
 179      B9
 180 02c5 E2B03995 		.ascii	"\342\2609\225\022k\276\275\302Q\254\024\036\316\267"
 180      126BBEBD 
 180      C251AC14 
 180      1ECEB7
 181 02d4 67ED2A2C 		.ascii	"g\355*,\256tV\236TNYN\220m\377\311\340LK1I\212\300\363"
 181      AE74569E 
 181      544E594E 
 181      906DFFC9 
 181      E04C4B31 
 182 02ec 1567B6A3 		.ascii	"\025g\266\243\354\264r\320^\242\310\221\245<\305V\262"
 182      ECB472D0 
 182      5EA2C891 
 182      A53CC556 
 182      B2
 183 02fd 5173B36D 		.ascii	"Qs\263mN[\236R*9\224\322\314?(=an"
 183      4E5B9E52 
 183      2A3994D2 
 183      CC3F283D 
 183      616E
 184              		.text
 185              		.section	.gnu.lto_.symtab.792a0694,"",%progbits
 186 0000 526F775F 		.ascii	"Row_4_Write\000"
 186      345F5772 
 186      69746500 
 187 000c 00       		.ascii	"\000"
 188 000d 00       		.ascii	"\000"
 189 000e 00       		.ascii	"\000"
 190 000f 00000000 		.ascii	"\000\000\000\000\000\000\000\000"
 190      00000000 
 191 0017 B3000000 		.ascii	"\263\000\000\000"
 192 001b 526F775F 		.ascii	"Row_4_SetDriveMode\000"
 192      345F5365 
 192      74447269 
 192      76654D6F 
 192      646500
 193 002e 00       		.ascii	"\000"
 194 002f 00       		.ascii	"\000"
 195 0030 00       		.ascii	"\000"
 196 0031 00000000 		.ascii	"\000\000\000\000\000\000\000\000"
 196      00000000 
 197 0039 B5000000 		.ascii	"\265\000\000\000"
 198 003d 526F775F 		.ascii	"Row_4_Read\000"
 198      345F5265 
 198      616400
 199 0048 00       		.ascii	"\000"
 200 0049 00       		.ascii	"\000"
 201 004a 00       		.ascii	"\000"
 202 004b 00000000 		.ascii	"\000\000\000\000\000\000\000\000"
 202      00000000 
 203 0053 B8000000 		.ascii	"\270\000\000\000"
 204 0057 526F775F 		.ascii	"Row_4_ReadDataReg\000"
 204      345F5265 
 204      61644461 
 204      74615265 
ARM GAS  C:\Users\info\AppData\Local\Temp\cccOEncg.s 			page 14


 204      6700
 205 0069 00       		.ascii	"\000"
 206 006a 00       		.ascii	"\000"
 207 006b 00       		.ascii	"\000"
 208 006c 00000000 		.ascii	"\000\000\000\000\000\000\000\000"
 208      00000000 
 209 0074 BA000000 		.ascii	"\272\000\000\000"
 210              		.text
 211              		.section	.gnu.lto_.opts,"",%progbits
 212 0000 272D666D 		.ascii	"'-fmath-errno' '-fsigned-zeros' '-ftrapping-math' '"
 212      6174682D 
 212      6572726E 
 212      6F272027 
 212      2D667369 
 213 0033 2D666E6F 		.ascii	"-fno-trapv' '-fno-strict-overflow' '-fno-openmp' '-"
 213      2D747261 
 213      70762720 
 213      272D666E 
 213      6F2D7374 
 214 0066 666E6F2D 		.ascii	"fno-openacc' '-mcpu=cortex-m3' '-mthumb' '-g' '-Og'"
 214      6F70656E 
 214      61636327 
 214      20272D6D 
 214      6370753D 
 215 0099 20272D66 		.ascii	" '-ffunction-sections' '-ffat-lto-objects' '-flto'\000"
 215      66756E63 
 215      74696F6E 
 215      2D736563 
 215      74696F6E 
 216              		.text
 217              		.cfi_sections	.debug_frame
 218              		.section	.text.Row_4_Write,"ax",%progbits
 219              		.align	2
 220              		.global	Row_4_Write
 221              		.thumb
 222              		.thumb_func
 223              		.type	Row_4_Write, %function
 224              	Row_4_Write:
 225              	.LFB0:
 226              		.file 1 "Generated_Source\\PSoC5\\Row_4.c"
   1:Generated_Source\PSoC5/Row_4.c **** /*******************************************************************************
   2:Generated_Source\PSoC5/Row_4.c **** * File Name: Row_4.c  
   3:Generated_Source\PSoC5/Row_4.c **** * Version 2.20
   4:Generated_Source\PSoC5/Row_4.c **** *
   5:Generated_Source\PSoC5/Row_4.c **** * Description:
   6:Generated_Source\PSoC5/Row_4.c **** *  This file contains API to enable firmware control of a Pins component.
   7:Generated_Source\PSoC5/Row_4.c **** *
   8:Generated_Source\PSoC5/Row_4.c **** * Note:
   9:Generated_Source\PSoC5/Row_4.c **** *
  10:Generated_Source\PSoC5/Row_4.c **** ********************************************************************************
  11:Generated_Source\PSoC5/Row_4.c **** * Copyright 2008-2015, Cypress Semiconductor Corporation.  All rights reserved.
  12:Generated_Source\PSoC5/Row_4.c **** * You may use this file only in accordance with the license, terms, conditions, 
  13:Generated_Source\PSoC5/Row_4.c **** * disclaimers, and limitations in the end user license agreement accompanying 
  14:Generated_Source\PSoC5/Row_4.c **** * the software package with which this file was provided.
  15:Generated_Source\PSoC5/Row_4.c **** *******************************************************************************/
  16:Generated_Source\PSoC5/Row_4.c **** 
  17:Generated_Source\PSoC5/Row_4.c **** #include "cytypes.h"
ARM GAS  C:\Users\info\AppData\Local\Temp\cccOEncg.s 			page 15


  18:Generated_Source\PSoC5/Row_4.c **** #include "Row_4.h"
  19:Generated_Source\PSoC5/Row_4.c **** 
  20:Generated_Source\PSoC5/Row_4.c **** /* APIs are not generated for P15[7:6] on PSoC 5 */
  21:Generated_Source\PSoC5/Row_4.c **** #if !(CY_PSOC5A &&\
  22:Generated_Source\PSoC5/Row_4.c **** 	 Row_4__PORT == 15 && ((Row_4__MASK & 0xC0) != 0))
  23:Generated_Source\PSoC5/Row_4.c **** 
  24:Generated_Source\PSoC5/Row_4.c **** 
  25:Generated_Source\PSoC5/Row_4.c **** /*******************************************************************************
  26:Generated_Source\PSoC5/Row_4.c **** * Function Name: Row_4_Write
  27:Generated_Source\PSoC5/Row_4.c **** ****************************************************************************//**
  28:Generated_Source\PSoC5/Row_4.c **** *
  29:Generated_Source\PSoC5/Row_4.c **** * \brief Writes the value to the physical port (data output register), masking
  30:Generated_Source\PSoC5/Row_4.c **** *  and shifting the bits appropriately. 
  31:Generated_Source\PSoC5/Row_4.c **** *
  32:Generated_Source\PSoC5/Row_4.c **** * The data output register controls the signal applied to the physical pin in 
  33:Generated_Source\PSoC5/Row_4.c **** * conjunction with the drive mode parameter. This function avoids changing 
  34:Generated_Source\PSoC5/Row_4.c **** * other bits in the port by using the appropriate method (read-modify-write or
  35:Generated_Source\PSoC5/Row_4.c **** * bit banding).
  36:Generated_Source\PSoC5/Row_4.c **** *
  37:Generated_Source\PSoC5/Row_4.c **** * <b>Note</b> This function should not be used on a hardware digital output pin 
  38:Generated_Source\PSoC5/Row_4.c **** * as it is driven by the hardware signal attached to it.
  39:Generated_Source\PSoC5/Row_4.c **** *
  40:Generated_Source\PSoC5/Row_4.c **** * \param value
  41:Generated_Source\PSoC5/Row_4.c **** *  Value to write to the component instance.
  42:Generated_Source\PSoC5/Row_4.c **** *
  43:Generated_Source\PSoC5/Row_4.c **** * \return 
  44:Generated_Source\PSoC5/Row_4.c **** *  None 
  45:Generated_Source\PSoC5/Row_4.c **** *
  46:Generated_Source\PSoC5/Row_4.c **** * \sideeffect
  47:Generated_Source\PSoC5/Row_4.c **** *  If you use read-modify-write operations that are not atomic; the Interrupt 
  48:Generated_Source\PSoC5/Row_4.c **** *  Service Routines (ISR) can cause corruption of this function. An ISR that 
  49:Generated_Source\PSoC5/Row_4.c **** *  interrupts this function and performs writes to the Pins component data 
  50:Generated_Source\PSoC5/Row_4.c **** *  register can cause corrupted port data. To avoid this issue, you should 
  51:Generated_Source\PSoC5/Row_4.c **** *  either use the Per-Pin APIs (primary method) or disable interrupts around 
  52:Generated_Source\PSoC5/Row_4.c **** *  this function.
  53:Generated_Source\PSoC5/Row_4.c **** *
  54:Generated_Source\PSoC5/Row_4.c **** * \funcusage
  55:Generated_Source\PSoC5/Row_4.c **** *  \snippet Row_4_SUT.c usage_Row_4_Write
  56:Generated_Source\PSoC5/Row_4.c **** *******************************************************************************/
  57:Generated_Source\PSoC5/Row_4.c **** void Row_4_Write(uint8 value)
  58:Generated_Source\PSoC5/Row_4.c **** {
 227              		.loc 1 58 0
 228              		.cfi_startproc
 229              		@ args = 0, pretend = 0, frame = 0
 230              		@ frame_needed = 0, uses_anonymous_args = 0
 231              		@ link register save eliminated.
 232              	.LVL0:
  59:Generated_Source\PSoC5/Row_4.c ****     uint8 staticBits = (Row_4_DR & (uint8)(~Row_4_MASK));
 233              		.loc 1 59 0
 234 0000 044A     		ldr	r2, .L2
 235 0002 1378     		ldrb	r3, [r2]	@ zero_extendqisi2
 236 0004 03F0F703 		and	r3, r3, #247
 237              	.LVL1:
  60:Generated_Source\PSoC5/Row_4.c ****     Row_4_DR = staticBits | ((uint8)(value << Row_4_SHIFT) & Row_4_MASK);
 238              		.loc 1 60 0
 239 0008 C000     		lsls	r0, r0, #3
 240              	.LVL2:
ARM GAS  C:\Users\info\AppData\Local\Temp\cccOEncg.s 			page 16


 241 000a 00F00800 		and	r0, r0, #8
 242 000e 1843     		orrs	r0, r0, r3
 243 0010 1070     		strb	r0, [r2]
 244 0012 7047     		bx	lr
 245              	.L3:
 246              		.align	2
 247              	.L2:
 248 0014 30510040 		.word	1073762608
 249              		.cfi_endproc
 250              	.LFE0:
 251              		.size	Row_4_Write, .-Row_4_Write
 252              		.section	.text.Row_4_SetDriveMode,"ax",%progbits
 253              		.align	2
 254              		.global	Row_4_SetDriveMode
 255              		.thumb
 256              		.thumb_func
 257              		.type	Row_4_SetDriveMode, %function
 258              	Row_4_SetDriveMode:
 259              	.LFB1:
  61:Generated_Source\PSoC5/Row_4.c **** }
  62:Generated_Source\PSoC5/Row_4.c **** 
  63:Generated_Source\PSoC5/Row_4.c **** 
  64:Generated_Source\PSoC5/Row_4.c **** /*******************************************************************************
  65:Generated_Source\PSoC5/Row_4.c **** * Function Name: Row_4_SetDriveMode
  66:Generated_Source\PSoC5/Row_4.c **** ****************************************************************************//**
  67:Generated_Source\PSoC5/Row_4.c **** *
  68:Generated_Source\PSoC5/Row_4.c **** * \brief Sets the drive mode for each of the Pins component's pins.
  69:Generated_Source\PSoC5/Row_4.c **** * 
  70:Generated_Source\PSoC5/Row_4.c **** * <b>Note</b> This affects all pins in the Pins component instance. Use the
  71:Generated_Source\PSoC5/Row_4.c **** * Per-Pin APIs if you wish to control individual pin's drive modes.
  72:Generated_Source\PSoC5/Row_4.c **** *
  73:Generated_Source\PSoC5/Row_4.c **** * \param mode
  74:Generated_Source\PSoC5/Row_4.c **** *  Mode for the selected signals. Valid options are documented in 
  75:Generated_Source\PSoC5/Row_4.c **** *  \ref driveMode.
  76:Generated_Source\PSoC5/Row_4.c **** *
  77:Generated_Source\PSoC5/Row_4.c **** * \return
  78:Generated_Source\PSoC5/Row_4.c **** *  None
  79:Generated_Source\PSoC5/Row_4.c **** *
  80:Generated_Source\PSoC5/Row_4.c **** * \sideeffect
  81:Generated_Source\PSoC5/Row_4.c **** *  If you use read-modify-write operations that are not atomic, the ISR can
  82:Generated_Source\PSoC5/Row_4.c **** *  cause corruption of this function. An ISR that interrupts this function 
  83:Generated_Source\PSoC5/Row_4.c **** *  and performs writes to the Pins component Drive Mode registers can cause 
  84:Generated_Source\PSoC5/Row_4.c **** *  corrupted port data. To avoid this issue, you should either use the Per-Pin
  85:Generated_Source\PSoC5/Row_4.c **** *  APIs (primary method) or disable interrupts around this function.
  86:Generated_Source\PSoC5/Row_4.c **** *
  87:Generated_Source\PSoC5/Row_4.c **** * \funcusage
  88:Generated_Source\PSoC5/Row_4.c **** *  \snippet Row_4_SUT.c usage_Row_4_SetDriveMode
  89:Generated_Source\PSoC5/Row_4.c **** *******************************************************************************/
  90:Generated_Source\PSoC5/Row_4.c **** void Row_4_SetDriveMode(uint8 mode)
  91:Generated_Source\PSoC5/Row_4.c **** {
 260              		.loc 1 91 0
 261              		.cfi_startproc
 262              		@ args = 0, pretend = 0, frame = 0
 263              		@ frame_needed = 0, uses_anonymous_args = 0
 264              		@ link register save eliminated.
 265              	.LVL3:
  92:Generated_Source\PSoC5/Row_4.c **** 	CyPins_SetPinDriveMode(Row_4_0, mode);
ARM GAS  C:\Users\info\AppData\Local\Temp\cccOEncg.s 			page 17


 266              		.loc 1 92 0
 267 0000 044A     		ldr	r2, .L5
 268 0002 1378     		ldrb	r3, [r2]	@ zero_extendqisi2
 269 0004 03F0F103 		and	r3, r3, #241
 270 0008 00F00E00 		and	r0, r0, #14
 271              	.LVL4:
 272 000c 1843     		orrs	r0, r0, r3
 273 000e 1070     		strb	r0, [r2]
 274 0010 7047     		bx	lr
 275              	.L6:
 276 0012 00BF     		.align	2
 277              	.L5:
 278 0014 1B500040 		.word	1073762331
 279              		.cfi_endproc
 280              	.LFE1:
 281              		.size	Row_4_SetDriveMode, .-Row_4_SetDriveMode
 282              		.section	.text.Row_4_Read,"ax",%progbits
 283              		.align	2
 284              		.global	Row_4_Read
 285              		.thumb
 286              		.thumb_func
 287              		.type	Row_4_Read, %function
 288              	Row_4_Read:
 289              	.LFB2:
  93:Generated_Source\PSoC5/Row_4.c **** }
  94:Generated_Source\PSoC5/Row_4.c **** 
  95:Generated_Source\PSoC5/Row_4.c **** 
  96:Generated_Source\PSoC5/Row_4.c **** /*******************************************************************************
  97:Generated_Source\PSoC5/Row_4.c **** * Function Name: Row_4_Read
  98:Generated_Source\PSoC5/Row_4.c **** ****************************************************************************//**
  99:Generated_Source\PSoC5/Row_4.c **** *
 100:Generated_Source\PSoC5/Row_4.c **** * \brief Reads the associated physical port (pin status register) and masks 
 101:Generated_Source\PSoC5/Row_4.c **** *  the required bits according to the width and bit position of the component
 102:Generated_Source\PSoC5/Row_4.c **** *  instance. 
 103:Generated_Source\PSoC5/Row_4.c **** *
 104:Generated_Source\PSoC5/Row_4.c **** * The pin's status register returns the current logic level present on the 
 105:Generated_Source\PSoC5/Row_4.c **** * physical pin.
 106:Generated_Source\PSoC5/Row_4.c **** *
 107:Generated_Source\PSoC5/Row_4.c **** * \return 
 108:Generated_Source\PSoC5/Row_4.c **** *  The current value for the pins in the component as a right justified number.
 109:Generated_Source\PSoC5/Row_4.c **** *
 110:Generated_Source\PSoC5/Row_4.c **** * \funcusage
 111:Generated_Source\PSoC5/Row_4.c **** *  \snippet Row_4_SUT.c usage_Row_4_Read  
 112:Generated_Source\PSoC5/Row_4.c **** *******************************************************************************/
 113:Generated_Source\PSoC5/Row_4.c **** uint8 Row_4_Read(void)
 114:Generated_Source\PSoC5/Row_4.c **** {
 290              		.loc 1 114 0
 291              		.cfi_startproc
 292              		@ args = 0, pretend = 0, frame = 0
 293              		@ frame_needed = 0, uses_anonymous_args = 0
 294              		@ link register save eliminated.
 115:Generated_Source\PSoC5/Row_4.c ****     return (Row_4_PS & Row_4_MASK) >> Row_4_SHIFT;
 295              		.loc 1 115 0
 296 0000 024B     		ldr	r3, .L8
 297 0002 1878     		ldrb	r0, [r3]	@ zero_extendqisi2
 116:Generated_Source\PSoC5/Row_4.c **** }
 298              		.loc 1 116 0
ARM GAS  C:\Users\info\AppData\Local\Temp\cccOEncg.s 			page 18


 299 0004 C0F3C000 		ubfx	r0, r0, #3, #1
 300 0008 7047     		bx	lr
 301              	.L9:
 302 000a 00BF     		.align	2
 303              	.L8:
 304 000c 31510040 		.word	1073762609
 305              		.cfi_endproc
 306              	.LFE2:
 307              		.size	Row_4_Read, .-Row_4_Read
 308              		.section	.text.Row_4_ReadDataReg,"ax",%progbits
 309              		.align	2
 310              		.global	Row_4_ReadDataReg
 311              		.thumb
 312              		.thumb_func
 313              		.type	Row_4_ReadDataReg, %function
 314              	Row_4_ReadDataReg:
 315              	.LFB3:
 117:Generated_Source\PSoC5/Row_4.c **** 
 118:Generated_Source\PSoC5/Row_4.c **** 
 119:Generated_Source\PSoC5/Row_4.c **** /*******************************************************************************
 120:Generated_Source\PSoC5/Row_4.c **** * Function Name: Row_4_ReadDataReg
 121:Generated_Source\PSoC5/Row_4.c **** ****************************************************************************//**
 122:Generated_Source\PSoC5/Row_4.c **** *
 123:Generated_Source\PSoC5/Row_4.c **** * \brief Reads the associated physical port's data output register and masks 
 124:Generated_Source\PSoC5/Row_4.c **** *  the correct bits according to the width and bit position of the component 
 125:Generated_Source\PSoC5/Row_4.c **** *  instance. 
 126:Generated_Source\PSoC5/Row_4.c **** *
 127:Generated_Source\PSoC5/Row_4.c **** * The data output register controls the signal applied to the physical pin in 
 128:Generated_Source\PSoC5/Row_4.c **** * conjunction with the drive mode parameter. This is not the same as the 
 129:Generated_Source\PSoC5/Row_4.c **** * preferred Row_4_Read() API because the 
 130:Generated_Source\PSoC5/Row_4.c **** * Row_4_ReadDataReg() reads the data register instead of the status 
 131:Generated_Source\PSoC5/Row_4.c **** * register. For output pins this is a useful function to determine the value 
 132:Generated_Source\PSoC5/Row_4.c **** * just written to the pin.
 133:Generated_Source\PSoC5/Row_4.c **** *
 134:Generated_Source\PSoC5/Row_4.c **** * \return 
 135:Generated_Source\PSoC5/Row_4.c **** *  The current value of the data register masked and shifted into a right 
 136:Generated_Source\PSoC5/Row_4.c **** *  justified number for the component instance.
 137:Generated_Source\PSoC5/Row_4.c **** *
 138:Generated_Source\PSoC5/Row_4.c **** * \funcusage
 139:Generated_Source\PSoC5/Row_4.c **** *  \snippet Row_4_SUT.c usage_Row_4_ReadDataReg 
 140:Generated_Source\PSoC5/Row_4.c **** *******************************************************************************/
 141:Generated_Source\PSoC5/Row_4.c **** uint8 Row_4_ReadDataReg(void)
 142:Generated_Source\PSoC5/Row_4.c **** {
 316              		.loc 1 142 0
 317              		.cfi_startproc
 318              		@ args = 0, pretend = 0, frame = 0
 319              		@ frame_needed = 0, uses_anonymous_args = 0
 320              		@ link register save eliminated.
 143:Generated_Source\PSoC5/Row_4.c ****     return (Row_4_DR & Row_4_MASK) >> Row_4_SHIFT;
 321              		.loc 1 143 0
 322 0000 024B     		ldr	r3, .L11
 323 0002 1878     		ldrb	r0, [r3]	@ zero_extendqisi2
 144:Generated_Source\PSoC5/Row_4.c **** }
 324              		.loc 1 144 0
 325 0004 C0F3C000 		ubfx	r0, r0, #3, #1
 326 0008 7047     		bx	lr
 327              	.L12:
ARM GAS  C:\Users\info\AppData\Local\Temp\cccOEncg.s 			page 19


 328 000a 00BF     		.align	2
 329              	.L11:
 330 000c 30510040 		.word	1073762608
 331              		.cfi_endproc
 332              	.LFE3:
 333              		.size	Row_4_ReadDataReg, .-Row_4_ReadDataReg
 334              		.text
 335              	.Letext0:
 336              		.file 2 "Generated_Source\\PSoC5\\cytypes.h"
 337              		.section	.debug_info,"",%progbits
 338              	.Ldebug_info0:
 339 0000 1B010000 		.4byte	0x11b
 340 0004 0400     		.2byte	0x4
 341 0006 00000000 		.4byte	.Ldebug_abbrev0
 342 000a 04       		.byte	0x4
 343 000b 01       		.uleb128 0x1
 344 000c 1C000000 		.4byte	.LASF20
 345 0010 0C       		.byte	0xc
 346 0011 78010000 		.4byte	.LASF21
 347 0015 C2000000 		.4byte	.LASF22
 348 0019 00000000 		.4byte	.Ldebug_ranges0+0
 349 001d 00000000 		.4byte	0
 350 0021 00000000 		.4byte	.Ldebug_line0
 351 0025 02       		.uleb128 0x2
 352 0026 01       		.byte	0x1
 353 0027 06       		.byte	0x6
 354 0028 F1010000 		.4byte	.LASF0
 355 002c 02       		.uleb128 0x2
 356 002d 01       		.byte	0x1
 357 002e 08       		.byte	0x8
 358 002f 2C010000 		.4byte	.LASF1
 359 0033 02       		.uleb128 0x2
 360 0034 02       		.byte	0x2
 361 0035 05       		.byte	0x5
 362 0036 D8010000 		.4byte	.LASF2
 363 003a 02       		.uleb128 0x2
 364 003b 02       		.byte	0x2
 365 003c 07       		.byte	0x7
 366 003d 51010000 		.4byte	.LASF3
 367 0041 02       		.uleb128 0x2
 368 0042 04       		.byte	0x4
 369 0043 05       		.byte	0x5
 370 0044 E8010000 		.4byte	.LASF4
 371 0048 02       		.uleb128 0x2
 372 0049 04       		.byte	0x4
 373 004a 07       		.byte	0x7
 374 004b 3F010000 		.4byte	.LASF5
 375 004f 02       		.uleb128 0x2
 376 0050 08       		.byte	0x8
 377 0051 05       		.byte	0x5
 378 0052 C5010000 		.4byte	.LASF6
 379 0056 02       		.uleb128 0x2
 380 0057 08       		.byte	0x8
 381 0058 07       		.byte	0x7
 382 0059 97010000 		.4byte	.LASF7
 383 005d 03       		.uleb128 0x3
 384 005e 04       		.byte	0x4
ARM GAS  C:\Users\info\AppData\Local\Temp\cccOEncg.s 			page 20


 385 005f 05       		.byte	0x5
 386 0060 696E7400 		.ascii	"int\000"
 387 0064 02       		.uleb128 0x2
 388 0065 04       		.byte	0x4
 389 0066 07       		.byte	0x7
 390 0067 6B010000 		.4byte	.LASF8
 391 006b 04       		.uleb128 0x4
 392 006c E2010000 		.4byte	.LASF12
 393 0070 02       		.byte	0x2
 394 0071 E401     		.2byte	0x1e4
 395 0073 2C000000 		.4byte	0x2c
 396 0077 02       		.uleb128 0x2
 397 0078 04       		.byte	0x4
 398 0079 04       		.byte	0x4
 399 007a BC000000 		.4byte	.LASF9
 400 007e 02       		.uleb128 0x2
 401 007f 08       		.byte	0x8
 402 0080 04       		.byte	0x4
 403 0081 64010000 		.4byte	.LASF10
 404 0085 02       		.uleb128 0x2
 405 0086 01       		.byte	0x1
 406 0087 08       		.byte	0x8
 407 0088 D3010000 		.4byte	.LASF11
 408 008c 04       		.uleb128 0x4
 409 008d 3A010000 		.4byte	.LASF13
 410 0091 02       		.byte	0x2
 411 0092 8E02     		.2byte	0x28e
 412 0094 98000000 		.4byte	0x98
 413 0098 05       		.uleb128 0x5
 414 0099 6B000000 		.4byte	0x6b
 415 009d 06       		.uleb128 0x6
 416 009e B0000000 		.4byte	.LASF14
 417 00a2 01       		.byte	0x1
 418 00a3 39       		.byte	0x39
 419 00a4 00000000 		.4byte	.LFB0
 420 00a8 18000000 		.4byte	.LFE0-.LFB0
 421 00ac 01       		.uleb128 0x1
 422 00ad 9C       		.byte	0x9c
 423 00ae CF000000 		.4byte	0xcf
 424 00b2 07       		.uleb128 0x7
 425 00b3 0B000000 		.4byte	.LASF16
 426 00b7 01       		.byte	0x1
 427 00b8 39       		.byte	0x39
 428 00b9 6B000000 		.4byte	0x6b
 429 00bd 00000000 		.4byte	.LLST0
 430 00c1 08       		.uleb128 0x8
 431 00c2 11000000 		.4byte	.LASF23
 432 00c6 01       		.byte	0x1
 433 00c7 3B       		.byte	0x3b
 434 00c8 6B000000 		.4byte	0x6b
 435 00cc 01       		.uleb128 0x1
 436 00cd 53       		.byte	0x53
 437 00ce 00       		.byte	0
 438 00cf 06       		.uleb128 0x6
 439 00d0 FD010000 		.4byte	.LASF15
 440 00d4 01       		.byte	0x1
 441 00d5 5A       		.byte	0x5a
ARM GAS  C:\Users\info\AppData\Local\Temp\cccOEncg.s 			page 21


 442 00d6 00000000 		.4byte	.LFB1
 443 00da 18000000 		.4byte	.LFE1-.LFB1
 444 00de 01       		.uleb128 0x1
 445 00df 9C       		.byte	0x9c
 446 00e0 F4000000 		.4byte	0xf4
 447 00e4 07       		.uleb128 0x7
 448 00e5 C0010000 		.4byte	.LASF17
 449 00e9 01       		.byte	0x1
 450 00ea 5A       		.byte	0x5a
 451 00eb 6B000000 		.4byte	0x6b
 452 00ef 21000000 		.4byte	.LLST1
 453 00f3 00       		.byte	0
 454 00f4 09       		.uleb128 0x9
 455 00f5 00000000 		.4byte	.LASF18
 456 00f9 01       		.byte	0x1
 457 00fa 71       		.byte	0x71
 458 00fb 6B000000 		.4byte	0x6b
 459 00ff 00000000 		.4byte	.LFB2
 460 0103 10000000 		.4byte	.LFE2-.LFB2
 461 0107 01       		.uleb128 0x1
 462 0108 9C       		.byte	0x9c
 463 0109 09       		.uleb128 0x9
 464 010a AE010000 		.4byte	.LASF19
 465 010e 01       		.byte	0x1
 466 010f 8D       		.byte	0x8d
 467 0110 6B000000 		.4byte	0x6b
 468 0114 00000000 		.4byte	.LFB3
 469 0118 10000000 		.4byte	.LFE3-.LFB3
 470 011c 01       		.uleb128 0x1
 471 011d 9C       		.byte	0x9c
 472 011e 00       		.byte	0
 473              		.section	.debug_abbrev,"",%progbits
 474              	.Ldebug_abbrev0:
 475 0000 01       		.uleb128 0x1
 476 0001 11       		.uleb128 0x11
 477 0002 01       		.byte	0x1
 478 0003 25       		.uleb128 0x25
 479 0004 0E       		.uleb128 0xe
 480 0005 13       		.uleb128 0x13
 481 0006 0B       		.uleb128 0xb
 482 0007 03       		.uleb128 0x3
 483 0008 0E       		.uleb128 0xe
 484 0009 1B       		.uleb128 0x1b
 485 000a 0E       		.uleb128 0xe
 486 000b 55       		.uleb128 0x55
 487 000c 17       		.uleb128 0x17
 488 000d 11       		.uleb128 0x11
 489 000e 01       		.uleb128 0x1
 490 000f 10       		.uleb128 0x10
 491 0010 17       		.uleb128 0x17
 492 0011 00       		.byte	0
 493 0012 00       		.byte	0
 494 0013 02       		.uleb128 0x2
 495 0014 24       		.uleb128 0x24
 496 0015 00       		.byte	0
 497 0016 0B       		.uleb128 0xb
 498 0017 0B       		.uleb128 0xb
ARM GAS  C:\Users\info\AppData\Local\Temp\cccOEncg.s 			page 22


 499 0018 3E       		.uleb128 0x3e
 500 0019 0B       		.uleb128 0xb
 501 001a 03       		.uleb128 0x3
 502 001b 0E       		.uleb128 0xe
 503 001c 00       		.byte	0
 504 001d 00       		.byte	0
 505 001e 03       		.uleb128 0x3
 506 001f 24       		.uleb128 0x24
 507 0020 00       		.byte	0
 508 0021 0B       		.uleb128 0xb
 509 0022 0B       		.uleb128 0xb
 510 0023 3E       		.uleb128 0x3e
 511 0024 0B       		.uleb128 0xb
 512 0025 03       		.uleb128 0x3
 513 0026 08       		.uleb128 0x8
 514 0027 00       		.byte	0
 515 0028 00       		.byte	0
 516 0029 04       		.uleb128 0x4
 517 002a 16       		.uleb128 0x16
 518 002b 00       		.byte	0
 519 002c 03       		.uleb128 0x3
 520 002d 0E       		.uleb128 0xe
 521 002e 3A       		.uleb128 0x3a
 522 002f 0B       		.uleb128 0xb
 523 0030 3B       		.uleb128 0x3b
 524 0031 05       		.uleb128 0x5
 525 0032 49       		.uleb128 0x49
 526 0033 13       		.uleb128 0x13
 527 0034 00       		.byte	0
 528 0035 00       		.byte	0
 529 0036 05       		.uleb128 0x5
 530 0037 35       		.uleb128 0x35
 531 0038 00       		.byte	0
 532 0039 49       		.uleb128 0x49
 533 003a 13       		.uleb128 0x13
 534 003b 00       		.byte	0
 535 003c 00       		.byte	0
 536 003d 06       		.uleb128 0x6
 537 003e 2E       		.uleb128 0x2e
 538 003f 01       		.byte	0x1
 539 0040 3F       		.uleb128 0x3f
 540 0041 19       		.uleb128 0x19
 541 0042 03       		.uleb128 0x3
 542 0043 0E       		.uleb128 0xe
 543 0044 3A       		.uleb128 0x3a
 544 0045 0B       		.uleb128 0xb
 545 0046 3B       		.uleb128 0x3b
 546 0047 0B       		.uleb128 0xb
 547 0048 27       		.uleb128 0x27
 548 0049 19       		.uleb128 0x19
 549 004a 11       		.uleb128 0x11
 550 004b 01       		.uleb128 0x1
 551 004c 12       		.uleb128 0x12
 552 004d 06       		.uleb128 0x6
 553 004e 40       		.uleb128 0x40
 554 004f 18       		.uleb128 0x18
 555 0050 9742     		.uleb128 0x2117
ARM GAS  C:\Users\info\AppData\Local\Temp\cccOEncg.s 			page 23


 556 0052 19       		.uleb128 0x19
 557 0053 01       		.uleb128 0x1
 558 0054 13       		.uleb128 0x13
 559 0055 00       		.byte	0
 560 0056 00       		.byte	0
 561 0057 07       		.uleb128 0x7
 562 0058 05       		.uleb128 0x5
 563 0059 00       		.byte	0
 564 005a 03       		.uleb128 0x3
 565 005b 0E       		.uleb128 0xe
 566 005c 3A       		.uleb128 0x3a
 567 005d 0B       		.uleb128 0xb
 568 005e 3B       		.uleb128 0x3b
 569 005f 0B       		.uleb128 0xb
 570 0060 49       		.uleb128 0x49
 571 0061 13       		.uleb128 0x13
 572 0062 02       		.uleb128 0x2
 573 0063 17       		.uleb128 0x17
 574 0064 00       		.byte	0
 575 0065 00       		.byte	0
 576 0066 08       		.uleb128 0x8
 577 0067 34       		.uleb128 0x34
 578 0068 00       		.byte	0
 579 0069 03       		.uleb128 0x3
 580 006a 0E       		.uleb128 0xe
 581 006b 3A       		.uleb128 0x3a
 582 006c 0B       		.uleb128 0xb
 583 006d 3B       		.uleb128 0x3b
 584 006e 0B       		.uleb128 0xb
 585 006f 49       		.uleb128 0x49
 586 0070 13       		.uleb128 0x13
 587 0071 02       		.uleb128 0x2
 588 0072 18       		.uleb128 0x18
 589 0073 00       		.byte	0
 590 0074 00       		.byte	0
 591 0075 09       		.uleb128 0x9
 592 0076 2E       		.uleb128 0x2e
 593 0077 00       		.byte	0
 594 0078 3F       		.uleb128 0x3f
 595 0079 19       		.uleb128 0x19
 596 007a 03       		.uleb128 0x3
 597 007b 0E       		.uleb128 0xe
 598 007c 3A       		.uleb128 0x3a
 599 007d 0B       		.uleb128 0xb
 600 007e 3B       		.uleb128 0x3b
 601 007f 0B       		.uleb128 0xb
 602 0080 27       		.uleb128 0x27
 603 0081 19       		.uleb128 0x19
 604 0082 49       		.uleb128 0x49
 605 0083 13       		.uleb128 0x13
 606 0084 11       		.uleb128 0x11
 607 0085 01       		.uleb128 0x1
 608 0086 12       		.uleb128 0x12
 609 0087 06       		.uleb128 0x6
 610 0088 40       		.uleb128 0x40
 611 0089 18       		.uleb128 0x18
 612 008a 9742     		.uleb128 0x2117
ARM GAS  C:\Users\info\AppData\Local\Temp\cccOEncg.s 			page 24


 613 008c 19       		.uleb128 0x19
 614 008d 00       		.byte	0
 615 008e 00       		.byte	0
 616 008f 00       		.byte	0
 617              		.section	.debug_loc,"",%progbits
 618              	.Ldebug_loc0:
 619              	.LLST0:
 620 0000 00000000 		.4byte	.LVL0
 621 0004 0A000000 		.4byte	.LVL2
 622 0008 0100     		.2byte	0x1
 623 000a 50       		.byte	0x50
 624 000b 0A000000 		.4byte	.LVL2
 625 000f 18000000 		.4byte	.LFE0
 626 0013 0400     		.2byte	0x4
 627 0015 F3       		.byte	0xf3
 628 0016 01       		.uleb128 0x1
 629 0017 50       		.byte	0x50
 630 0018 9F       		.byte	0x9f
 631 0019 00000000 		.4byte	0
 632 001d 00000000 		.4byte	0
 633              	.LLST1:
 634 0021 00000000 		.4byte	.LVL3
 635 0025 0C000000 		.4byte	.LVL4
 636 0029 0100     		.2byte	0x1
 637 002b 50       		.byte	0x50
 638 002c 0C000000 		.4byte	.LVL4
 639 0030 18000000 		.4byte	.LFE1
 640 0034 0400     		.2byte	0x4
 641 0036 F3       		.byte	0xf3
 642 0037 01       		.uleb128 0x1
 643 0038 50       		.byte	0x50
 644 0039 9F       		.byte	0x9f
 645 003a 00000000 		.4byte	0
 646 003e 00000000 		.4byte	0
 647              		.section	.debug_aranges,"",%progbits
 648 0000 34000000 		.4byte	0x34
 649 0004 0200     		.2byte	0x2
 650 0006 00000000 		.4byte	.Ldebug_info0
 651 000a 04       		.byte	0x4
 652 000b 00       		.byte	0
 653 000c 0000     		.2byte	0
 654 000e 0000     		.2byte	0
 655 0010 00000000 		.4byte	.LFB0
 656 0014 18000000 		.4byte	.LFE0-.LFB0
 657 0018 00000000 		.4byte	.LFB1
 658 001c 18000000 		.4byte	.LFE1-.LFB1
 659 0020 00000000 		.4byte	.LFB2
 660 0024 10000000 		.4byte	.LFE2-.LFB2
 661 0028 00000000 		.4byte	.LFB3
 662 002c 10000000 		.4byte	.LFE3-.LFB3
 663 0030 00000000 		.4byte	0
 664 0034 00000000 		.4byte	0
 665              		.section	.debug_ranges,"",%progbits
 666              	.Ldebug_ranges0:
 667 0000 00000000 		.4byte	.LFB0
 668 0004 18000000 		.4byte	.LFE0
 669 0008 00000000 		.4byte	.LFB1
ARM GAS  C:\Users\info\AppData\Local\Temp\cccOEncg.s 			page 25


 670 000c 18000000 		.4byte	.LFE1
 671 0010 00000000 		.4byte	.LFB2
 672 0014 10000000 		.4byte	.LFE2
 673 0018 00000000 		.4byte	.LFB3
 674 001c 10000000 		.4byte	.LFE3
 675 0020 00000000 		.4byte	0
 676 0024 00000000 		.4byte	0
 677              		.section	.debug_line,"",%progbits
 678              	.Ldebug_line0:
 679 0000 8E000000 		.section	.debug_str,"MS",%progbits,1
 679      02004200 
 679      00000201 
 679      FB0E0D00 
 679      01010101 
 680              	.LASF18:
 681 0000 526F775F 		.ascii	"Row_4_Read\000"
 681      345F5265 
 681      616400
 682              	.LASF16:
 683 000b 76616C75 		.ascii	"value\000"
 683      6500
 684              	.LASF23:
 685 0011 73746174 		.ascii	"staticBits\000"
 685      69634269 
 685      747300
 686              	.LASF20:
 687 001c 474E5520 		.ascii	"GNU C11 5.4.1 20160609 (release) [ARM/embedded-5-br"
 687      43313120 
 687      352E342E 
 687      31203230 
 687      31363036 
 688 004f 616E6368 		.ascii	"anch revision 237715] -mcpu=cortex-m3 -mthumb -g -O"
 688      20726576 
 688      6973696F 
 688      6E203233 
 688      37373135 
 689 0082 67202D66 		.ascii	"g -ffunction-sections -ffat-lto-objects -flto\000"
 689      66756E63 
 689      74696F6E 
 689      2D736563 
 689      74696F6E 
 690              	.LASF14:
 691 00b0 526F775F 		.ascii	"Row_4_Write\000"
 691      345F5772 
 691      69746500 
 692              	.LASF9:
 693 00bc 666C6F61 		.ascii	"float\000"
 693      7400
 694              	.LASF22:
 695 00c2 433A5C55 		.ascii	"C:\\Users\\info\\Desktop\\Spring 2019 Classes\\6.11"
 695      73657273 
 695      5C696E66 
 695      6F5C4465 
 695      736B746F 
 696 00f0 355C362E 		.ascii	"5\\6.115-final\\PSoCCreator\\Final Project\\FinalEm"
 696      3131352D 
 696      66696E61 
ARM GAS  C:\Users\info\AppData\Local\Temp\cccOEncg.s 			page 26


 696      6C5C5053 
 696      6F434372 
 697 011f 756C6174 		.ascii	"ulator.cydsn\000"
 697      6F722E63 
 697      7964736E 
 697      00
 698              	.LASF1:
 699 012c 756E7369 		.ascii	"unsigned char\000"
 699      676E6564 
 699      20636861 
 699      7200
 700              	.LASF13:
 701 013a 72656738 		.ascii	"reg8\000"
 701      00
 702              	.LASF5:
 703 013f 6C6F6E67 		.ascii	"long unsigned int\000"
 703      20756E73 
 703      69676E65 
 703      6420696E 
 703      7400
 704              	.LASF3:
 705 0151 73686F72 		.ascii	"short unsigned int\000"
 705      7420756E 
 705      7369676E 
 705      65642069 
 705      6E7400
 706              	.LASF10:
 707 0164 646F7562 		.ascii	"double\000"
 707      6C6500
 708              	.LASF8:
 709 016b 756E7369 		.ascii	"unsigned int\000"
 709      676E6564 
 709      20696E74 
 709      00
 710              	.LASF21:
 711 0178 47656E65 		.ascii	"Generated_Source\\PSoC5\\Row_4.c\000"
 711      72617465 
 711      645F536F 
 711      75726365 
 711      5C50536F 
 712              	.LASF7:
 713 0197 6C6F6E67 		.ascii	"long long unsigned int\000"
 713      206C6F6E 
 713      6720756E 
 713      7369676E 
 713      65642069 
 714              	.LASF19:
 715 01ae 526F775F 		.ascii	"Row_4_ReadDataReg\000"
 715      345F5265 
 715      61644461 
 715      74615265 
 715      6700
 716              	.LASF17:
 717 01c0 6D6F6465 		.ascii	"mode\000"
 717      00
 718              	.LASF6:
 719 01c5 6C6F6E67 		.ascii	"long long int\000"
ARM GAS  C:\Users\info\AppData\Local\Temp\cccOEncg.s 			page 27


 719      206C6F6E 
 719      6720696E 
 719      7400
 720              	.LASF11:
 721 01d3 63686172 		.ascii	"char\000"
 721      00
 722              	.LASF2:
 723 01d8 73686F72 		.ascii	"short int\000"
 723      7420696E 
 723      7400
 724              	.LASF12:
 725 01e2 75696E74 		.ascii	"uint8\000"
 725      3800
 726              	.LASF4:
 727 01e8 6C6F6E67 		.ascii	"long int\000"
 727      20696E74 
 727      00
 728              	.LASF0:
 729 01f1 7369676E 		.ascii	"signed char\000"
 729      65642063 
 729      68617200 
 730              	.LASF15:
 731 01fd 526F775F 		.ascii	"Row_4_SetDriveMode\000"
 731      345F5365 
 731      74447269 
 731      76654D6F 
 731      646500
 732              		.comm	__gnu_lto_v1,1,1
 733              		.ident	"GCC: (GNU Tools for ARM Embedded Processors) 5.4.1 20160609 (release) [ARM/embedded-5-bran
