ARM GAS  C:\Users\info\AppData\Local\Temp\ccyVkAO4.s 			page 1


   1              		.syntax unified
   2              		.cpu cortex-m3
   3              		.fpu softvfp
   4              		.eabi_attribute 20, 1
   5              		.eabi_attribute 21, 1
   6              		.eabi_attribute 23, 3
   7              		.eabi_attribute 24, 1
   8              		.eabi_attribute 25, 1
   9              		.eabi_attribute 26, 1
  10              		.eabi_attribute 30, 1
  11              		.eabi_attribute 34, 1
  12              		.eabi_attribute 18, 4
  13              		.thumb
  14              		.syntax unified
  15              		.file	"Row_1.c"
  16              		.text
  17              	.Ltext0:
  18              		.section	.gnu.lto_.profile.792a0735,"",%progbits
  19 0000 789C6361 		.ascii	"x\234ca`d`a`\000\222\022\"\000\000\256\0007"
  19      60646061 
  19      60009212 
  19      220000AE 
  19      0037
  20              		.text
  21              		.section	.gnu.lto_.inline.792a0735,"",%progbits
  22 0000 789C6361 		.ascii	"x\234ca`d\000\001?\006\004`a`\340`gd`\342\232\340\307"
  22      60640001 
  22      3F060460 
  22      6160E060 
  22      676460E2 
  23 0017 C0B6409E 		.ascii	"\300\266@\236\011$\306\210)\304\304\300\306\012\024"
  23      0924C688 
  23      29C4C4C0 
  23      C60A14
  24 0026 62FBA007 		.ascii	"b\373\240\007\027b\306\024b\000\0008\317\007\322"
  24      1762C614 
  24      62000038 
  24      CF07D2
  25              		.text
  26              		.section	.gnu.lto_.jmpfuncs.792a0735,"",%progbits
  27 0000 789C6361 		.ascii	"x\234ca`d\000\001>\006\004`\001b\240(\023\003\0033\220"
  27      60640001 
  27      3E060460 
  27      0162A028 
  27      13030333 
  28 0015 05000292 		.ascii	"\005\000\002\222\000\036"
  28      001E
  29              		.text
  30              		.section	.gnu.lto_.pureconst.792a0735,"",%progbits
  31 0000 789C6361 		.ascii	"x\234ca`d\340d```a\220b\224b\222b\226\002\000\002\261"
  31      6064E064 
  31      60606061 
  31      90629462 
  31      92629602 
  32 0017 0081     		.ascii	"\000\201"
  33              		.text
  34              		.section	.gnu.lto_Row_1_Write.792a0735,"",%progbits
ARM GAS  C:\Users\info\AppData\Local\Temp\ccyVkAO4.s 			page 2


  35 0000 789C5550 		.ascii	"x\234UPMK\033Q\024\275\347\275L\022\264\266?\300\200"
  35      4D4B1B51 
  35      14BDE7BD 
  35      4C12B4B6 
  35      3FC080
  36 0013 2288BA29 		.ascii	"\"\210\272)\325\342\037\250\013\267E\267\001\011q\026"
  36      D5E21FA8 
  36      0BB745B7 
  36      01097116 
  37 0023 426D4063 		.ascii	"Bm@c\273\364\215q\"d\225\215J\241UP\304\357\317\235"
  37      BBF48D71 
  37      2264958D 
  37      4AA15550 
  37      C4EFCF9D 
  38 0037 20749895 		.ascii	" t\230\225\253\272q\323\017\212\270\030\241\213\022"
  38      ABBA71D3 
  38      0F8AB818 
  38      A18B12
  39 0046 2141316D 		.ascii	"!A1m\323{g\\\350\2037\357\315y\347\234{\356\215\021"
  39      D37B675C 
  39      E88337EF 
  39      CD79E79C 
  39      7BEE8D11 
  40 005a 48965244 		.ascii	"H\226RD}|\266\362\206&\250\362\027\"'\251\000\271\230"
  40      7D7CB6F2 
  40      8626A8F2 
  40      172227A9 
  40      00B998
  41 006d 24685A61 		.ascii	"$hZa\0325\365W\301\237\013\216U\317\272\341u\261\266"
  41      1A35F557 
  41      C19F0B8E 
  41      55CFBAE1 
  41      75B1B6
  42 0080 A4CD8607 		.ascii	"\244\315\206\007W\0235T\350DXG\017\263\256N\346\316"
  42      57133554 
  42      E8445847 
  42      0FB3AE4E 
  42      E6CE
  43 0092 A13B407C 		.ascii	"\241;@|/\372\265Js\327\23213\306\\\247\215v5\260\001"
  43      2FFAB54A 
  43      73D79A31 
  43      33C65CA7 
  43      8D7635B0 
  44 00a7 CD0ABC4C 		.ascii	"\315\012\274L\341E\212\030 l\242K\310\267\337\316\367"
  44      E1458A18 
  44      206CA24B 
  44      C8B7DFCE 
  44      F7
  45 00b8 9EEAEE50 		.ascii	"\236\352\356PX6\301\312\223\316U\021z7\343\213\306s"
  45      5836C1CA 
  45      93CE5511 
  45      7A37E38B 
  45      C673
  46 00ca DA45BBF5 		.ascii	"\332E\273\365P+\213\251\227\207\377\346[\342\263\222"
  46      502B8BA9 
  46      9787FFE6 
  46      5BE2B392 
ARM GAS  C:\Users\info\AppData\Local\Temp\ccyVkAO4.s 			page 3


  47 00da AA1DDBE8 		.ascii	"\252\035\333\350\214\362`\007q\356\020\202\354\017y"
  47      8CF26007 
  47      71EE1082 
  47      EC0F79
  48 00e9 A6D12818 		.ascii	"\246\321(\030\257f\325tRqQ\305\235\362C\014R\333\022"
  48      AF66D574 
  48      527151C5 
  48      9DF2430C 
  48      52DB12
  49 00fc 202E1FA2 		.ascii	" .\037\242\012oi\374\232\347\302\247\016\340\337\225"
  49      0A6F69FC 
  49      9AE7C2A7 
  49      0EE0DF95 
  50 010c 7E2E26C4 		.ascii	"~.&\304\256\240e\010\013\256\177\226\250*W\3530\350"
  50      AEA06508 
  50      0BAE7F96 
  50      A82A57EB 
  50      30E8
  51 011e D7EF1F7E 		.ascii	"\327\357\037~\307\243\337\203\025\307\304\030\272(}"
  51      C7A3DF83 
  51      15C7C418 
  51      BA287D
  52 012d AC2796F1 		.ascii	"\254'\226\361\311\231\345\361\304\260\207\024v\301q"
  52      C999E5F1 
  52      C4B08714 
  52      76C171
  53 013c B18F6550 		.ascii	"\261\217eP\200\302\237\342\017D\206:\362\254\237\006"
  53      80C29FE2 
  53      0F44863A 
  53      F2AC9F06 
  54 014c 9F9F8909 		.ascii	"\237\237\211\011\320 \0340\371\022*\354\200C2KD\225"
  54      D0201C30 
  54      F9122AEC 
  54      8043324B 
  54      4495
  55 015e 6270751F 		.ascii	"bpu\037\303*h\251S-\2717ZT\026\0228d\021\263n\213\325"
  55      C32A68A9 
  55      532DB937 
  55      5A541612 
  55      386411B3 
  56 0175 7BEBC8DD 		.ascii	"{\353\310\335b\320_\010\241G\311\034c\232\037\207;\342"
  56      62D05F08 
  56      A147C91C 
  56      639A1F87 
  56      3BE2
  57 0187 70ACA25F 		.ascii	"p\254\242_\230\361\352\226\010\302\001W\024d\020<\226"
  57      98F1EA96 
  57      08C20157 
  57      1464103C 
  57      96
  58 0198 B641FBAD 		.ascii	"\266A\373\255=\221\311\333\243#\303\271\251\211\254"
  58      3D91C9DB 
  58      A323C3B9 
  58      A989AC
  59 01a7 9D7E3D9C 		.ascii	"\235~=\234\033\350O\017\345\336\217\364>\317\222\365"
  59      1BE84F0F 
  59      E5DE8FF4 
ARM GAS  C:\Users\info\AppData\Local\Temp\ccyVkAO4.s 			page 4


  59      3ECF92F5 
  60 01b7 2EF366CA 		.ascii	".\363f\312n\232\314g\362c\331Wc\371\311\377\340`\270"
  60      6E9ACC67 
  60      F263D957 
  60      63F9C9FF 
  60      E060B8
  61 01ca 34       		.ascii	"4"
  62              		.text
  63              		.section	.gnu.lto_Row_1_SetDriveMode.792a0735,"",%progbits
  64 0000 789C7D51 		.ascii	"x\234}Q\271J\003Q\024\275\347\275\311L\202\313\017\030"
  64      B94A0351 
  64      14BDE7BD 
  64      C94C82CB 
  64      0F18
  65 0012 502C141B 		.ascii	"P,\024\033Q\304/\020\264\025m\003\":\245\006E\261\364"
  65      51C42F10 
  65      B4156D03 
  65      223AA506 
  65      45B1F4
  66 0025 2531080A 		.ascii	"%1\010\012\"\2106\"\261\021\367\015+\2731\242\235Ke"
  66      22883622 
  66      B111F70D 
  66      2BBB31A2 
  66      9D4B65
  67 0038 61216211 		.ascii	"a!b\021DP\342\206\342\026\357\235\261H\345c\336]\016"
  67      4450E286 
  67      E216EF9D 
  67      B148E563 
  67      DE5D0E
  68 004b E71CEE7D 		.ascii	"\347\034\356}c\021H\316-\247\032\316\025|\241\011j\372"
  68      631148CE 
  68      2DA71ACE 
  68      157CA109 
  68      6AFA
  69 005d 94281156 		.ascii	"\224(\021V\200\024&\014\032U\030\305\253\372V\310\216"
  69      8014260C 
  69      1A5518C5 
  69      ABFA56C8 
  69      8E
  70 006e E7F655DD 		.ascii	"\347\366U\335\262\341s}\364\320`V<\2445QA\371N\204e"
  70      B2E1737D 
  70      F4D06056 
  70      3CA43551 
  70      41F94E84 
  71 0083 D431EB79 		.ascii	"\3241\353yoi\246DW\203\270~<\315_\225\327.\031\2234"
  71      6F69A644 
  71      5783B87E 
  71      3CCD5F95 
  71      D72E1993 
  72 0098 A610333A 		.ascii	"\246\0203:\255\201\025hV\240)\212\206(1@XE\255\220o"
  72      AD811568 
  72      56A0298A 
  72      86283140 
  72      5845AD90 
  73 00ad 767F66CB 		.ascii	"v\177f\313\3541\261\257\012L\261\006[\306\334\356\360"
  73      EC31B1AF 
  73      0A4CB106 
ARM GAS  C:\Users\info\AppData\Local\Temp\ccyVkAO4.s 			page 5


  73      5BC6DCEE 
  73      F0
  74 00be 4CA19032 		.ascii	"L\241\2202\336\233}\360a\227(\226)\315A[\022B\020\007"
  74      DE9B7DF0 
  74      61972896 
  74      29CD415B 
  74      12421007 
  75 00d2 5B4A4742 		.ascii	"[JGBXBD8Dy\276\262\310\243R\222u\016\331\217\211\334"
  75      58424438 
  75      4479BEB2 
  75      C8A35292 
  75      750ED98F 
  76 00e8 BC25CE29 		.ascii	"\274%\316)-K\315\245\263g\316\213Jk\313\237\370ak\352"
  76      2D4BCDA5 
  76      B367CE8B 
  76      4A6BCB9F 
  76      F8616BEA 
  77 00fc A4346833 		.ascii	"\2444h3\213\011c1t\356]\034Z\031,$\306x\335\0206\020"
  77      8B096331 
  77      74EE5D1C 
  77      5A192C24 
  77      C678DD10 
  78 0112 C53AA23C 		.ascii	"\305:\242<\335&2\240\034\222ON`\247\331\221\373\324"
  78      DD2632A0 
  78      1C924F4E 
  78      60A7D991 
  78      FBD4
  79 0124 971DF416 		.ascii	"\227\035\364\026C\254\277<\236\374\216\210\245\306\000"
  79      43ACBF3C 
  79      9EFC8E88 
  79      A5C600
  80 0133 B6585924 		.ascii	"\266XY$\341/T,q\030b\311\375\305\372\206\016$\345\330"
  80      E12F542C 
  80      711862C9 
  80      FDC5FA86 
  80      0E24E5D8 
  81 0147 F625A9F7 		.ascii	"\366%\251\367?J\3307v\212]\"\214r\237\235\203\364\377"
  81      3F4AD837 
  81      768A5D22 
  81      8C729F9D 
  81      83F4FF
  82 015a 8DBCC323 		.ascii	"\215\274\303#3\237\356\220\364>[\205\355\377\272\274"
  82      339FEE90 
  82      F43E5B85 
  82      EDFFBABC 
  83 016a 823C0F3F 		.ascii	"\202<\017?Ve\233\333\357\016v\017\271\275]\235\361\341"
  83      56659BDB 
  83      EF0E760F 
  83      B9BD5D9D 
  83      F1E1
  84 017c C11E37D6 		.ascii	"\301\0367\326\336\031oi\216u\304G\272\032\353{\310\352"
  84      DE196F69 
  84      8E75C447 
  84      BA1AEB7B 
  84      C8EA
  85 018e 8BF7BABF 		.ascii	"\213\367\272\277\220\341\246\011"
  85      90E1A609 
ARM GAS  C:\Users\info\AppData\Local\Temp\ccyVkAO4.s 			page 6


  86              		.text
  87              		.section	.gnu.lto_Row_1_Read.792a0735,"",%progbits
  88 0000 789C354F 		.ascii	"x\2345O;K\003A\020\236o\367\222\013\021\375\003\006"
  88      3B4B0341 
  88      109E6FF7 
  88      920B11FD 
  88      0306
  89 0012 D4328D28 		.ascii	"\3242\215(\"\210\255\240\255$\205M H\274\326@P,\263"
  89      2288ADA0 
  89      AD24854D 
  89      2048BCD6 
  89      40502CB3 
  90 0026 97CB2904 		.ascii	"\227\313)\004\013\033\265RA\220\304\027\222\306:\246"
  90      0B1BB552 
  90      4190C417 
  90      92C63AA6 
  91 0036 1045D042 		.ascii	"\020E\320B\004A\011\"\341\004+\015\221@P\343\254\247"
  91      04410922 
  91      E1042B0D 
  91      914050E3 
  91      ACA7
  92 0048 033BB33B 		.ascii	"\003;\263;\373=f\014\002\351\230\3412\300\265\227\017"
  92      FB3D660C 
  92      02E998E1 
  92      32C0B597 
  92      0F
  93 0059 2441AC5D 		.ascii	"$A\254]\023\331!\001\350\213\012\201\262\002Y|\210/"
  93      13D92101 
  93      E88B0A81 
  93      B202597C 
  93      882F
  94 006b 81ABD6C5 		.ascii	"\201\253\326\305j8ZT*\247\236\366\332c\233\245\012\\"
  94      6A385A54 
  94      2AA79EF6 
  94      DA639BA5 
  94      0A5C
  95 007d 49D41184 		.ascii	"I\324\021\204\221\010\206\"Z\242\210(1\364\271\374\275"
  95      91088622 
  95      5AA28828 
  95      31F4B9FC 
  95      BD
  96 008e DE1DCC2B 		.ascii	"\336\035\314+\216~\015\340\237\022\202\332\362$VQ\235"
  96      8E7E0DE0 
  96      9F1282DA 
  96      F2245651 
  96      9D
  97 009f 8EA32A77 		.ascii	"\216\243*w\346\331\275i\202\\\311\276\234\014N\"\240"
  97      E6D9BD69 
  97      825CC9BE 
  97      9C0C4E22 
  97      A0
  98 00b0 5390B42C 		.ascii	"S\220\264,\2751M\017\361.\204\256\322C\265]\250m\217"
  98      BD314D0F 
  98      F12E84AE 
  98      D243B55D 
  98      A86D8F
  99 00c3 6B25474A 		.ascii	"k%GJv\331p\2537fS\270RB\233\346^j\017]\376\263\274k"
ARM GAS  C:\Users\info\AppData\Local\Temp\ccyVkAO4.s 			page 7


  99      76D970AB 
  99      376653B8 
  99      52429BE6 
  99      5E6A0F5D 
 100 00db 2B835BAE 		.ascii	"+\203[\256}\373\330\263\203-;\317\243\0328@\004\373"
 100      7DFBD8B3 
 100      832D3BCF 
 100      A31A3840 
 100      04FB
 101 00ed E0417188 		.ascii	"\340Aq\210\035\220\007\347s\222\034\011_\356\324\273"
 101      1D9007E7 
 101      73921C09 
 101      5FEED4BB 
 102 00fd 3C0F6B3E 		.ascii	"<\017k>\240\200#\306y\3105V\232\302w4\030\250)\215\345"
 102      A08023C6 
 102      79C83556 
 102      9AC27734 
 102      18A8298D 
 103 0112 BAE17702 		.ascii	"\272\341w\002\334d^\263\340\266\244\346\011\2308\376"
 103      DC645EB3 
 103      E0B6A4E6 
 103      099838FE 
 104 0122 A7D5E183 		.ascii	"\247\325\341\2034\216^\361'\022\244\337\315\2407\342"
 104      348E5EF1 
 104      2712A4DF 
 104      CDA037E2 
 105 0132 FDFAA6AC 		.ascii	"\375\372\246\254y+3\273`\315%\343\351\305L\312JL\307"
 105      792B33BB 
 105      60CD25E3 
 105      E9C54CCA 
 105      4A4CC7
 106 0145 D313A389 		.ascii	"\323\023\243\211Xz)9<\230\242\037h\254{\245"
 106      587A2939 
 106      3C98A21F 
 106      68AC7BA5 
 107              		.text
 108              		.section	.gnu.lto_Row_1_ReadDataReg.792a0735,"",%progbits
 109 0000 789C354F 		.ascii	"x\2345O;K\003A\020\236o\367r\027\016\374\005\006\324"
 109      3B4B0341 
 109      109E6FF7 
 109      72170EFC 
 109      0506D4
 110 0013 328D2862 		.ascii	"2\215(b\241\255\240\255$\205M H\274\326@P,\263\311\345"
 110      A1ADA0AD 
 110      24854D20 
 110      48BCD640 
 110      502CB3C9 
 111 0028 1482858D 		.ascii	"\024\202\205\215\212\240\004\004I\342\003\265\261\023"
 111      8AA00404 
 111      49E203B5 
 111      B113
 112 0036 620A5104 		.ascii	"b\012Q\004\265\025\233 !\205\205h\210\004|$\316z:\260"
 112      B5159B20 
 112      21858568 
 112      88047C24 
 112      CE7A3AB0 
 113 004a 33BBB3DF 		.ascii	"3\273\263\337c\306 \220\216\031.\003\\{\371@\022\304"
ARM GAS  C:\Users\info\AppData\Local\Temp\ccyVkAO4.s 			page 8


 113      63C62090 
 113      8E192E03 
 113      5C7BF940 
 113      12C4
 114 005c DA2D5126 		.ascii	"\332-Q&(\000}QAPZ \215w\361-p\323\276Z\265\303E\245"
 114      28007D51 
 114      41505A20 
 114      8D77F12D 
 114      70D3BE5A 
 115 0074 B2AAB657 		.ascii	"\262\252\266W\034\333,U\340I\242\256 \214\2040\024\322"
 115      1CDB2C55 
 115      E049A2AE 
 115      208C8430 
 115      14D2
 116 0086 12458489 		.ascii	"\022E\204\211\241O\247\235\365\0363\2478\3725\200\177"
 116      A14FA79D 
 116      F51E33A7 
 116      38FA3580 
 116      7F
 117 0097 4A30B5E5 		.ascii	"J0\265\345q\244\242\272]WU\316\355\213{\333\002y\222"
 117      71A4A2BA 
 117      5D5755CE 
 117      ED8B7BDB 
 117      027992
 118 00aa 7D39199C 		.ascii	"}9\031\234D@'\223\264,\2752M\017\361&\204\256\262\201"
 118      44402793 
 118      B42CBD32 
 118      4D0FF126 
 118      84AEB281 
 119 00be EA47BE53 		.ascii	"\352G\276S\036\327J\256\224\354\262\341U\357\254\226"
 119      1ED74AAE 
 119      94ECB2E1 
 119      55EFAC96 
 120 00ce F0A48436 		.ascii	"\360\244\2046}x\334z1\375\347\311nF\031\334\252\345"
 120      7D78DC7A 
 120      31FDE7C9 
 120      6E4619DC 
 120      AAE5
 121 00e0 B73FAD02 		.ascii	"\267?\255\002v29\036\325\300>B(\203\007\305\001\012"
 121      7632391E 
 121      D5C03E42 
 121      288307C5 
 121      010A
 122 00f2 A006DCAF 		.ascii	"\240\006\334\257Ir%|\271\263\306\365\245\255\371\200"
 122      4972257C 
 122      B9B3C6F5 
 122      A5ADF980 
 123 0102 020E19D7 		.ascii	"\002\016\031\327@\266\271\322\022\276\243\301@Mi.\327"
 123      40B6B9D2 
 123      12BEA3C1 
 123      404D692E 
 123      D7
 124 0113 0DBF13E0 		.ascii	"\015\277\023\340&\363Zy\257-5O\300\302\321?\255\016"
 124      26F35A79 
 124      AF2D354F 
 124      C0C2D13F 
 124      AD0E
ARM GAS  C:\Users\info\AppData\Local\Temp\ccyVkAO4.s 			page 9


 125 0125 1FA471F4 		.ascii	"\037\244q\364\214?\021\223~7\203\336\210\367\353\233"
 125      8C3F1193 
 125      7E3783DE 
 125      88F7EB9B 
 126 0135 72E69DD4 		.ascii	"r\346\235\324\354\2023\027\217&\027S\011'6\035MN\214"
 126      EC823317 
 126      8F261753 
 126      0927361D 
 126      4D4E8C
 127 0148 C622C9A5 		.ascii	"\306\"\311\245\370\360`\202~\000Di{\274"
 127      F8F06082 
 127      7E004469 
 127      7BBC
 128              		.text
 129              		.section	.gnu.lto_.symbol_nodes.792a0735,"",%progbits
 130 0000 789C6361 		.ascii	"x\234ca`dpc\000\002&\206z\006\206\011\347\030@\324\252"
 130      60647063 
 130      00022686 
 130      7A068609 
 130      E71840D4 
 131 0015 0645A000 		.ascii	"\006E\240\000c=#\252\000S=\023\252\000s=3\212\000\003"
 131      633D23AA 
 131      00533D13 
 131      AA00733D 
 131      338A0003 
 132 0029 001ED60E 		.ascii	"\000\036\326\016\374"
 132      FC
 133              		.text
 134              		.section	.gnu.lto_.refs.792a0735,"",%progbits
 135 0000 789C6361 		.ascii	"x\234ca`\004B \000\000\0009\000\007"
 135      60044220 
 135      00000039 
 135      0007
 136              		.text
 137              		.section	.gnu.lto_.decls.792a0735,"",%progbits
 138 0000 789C8D92 		.ascii	"x\234\215\222]HTA\024\307\347\334{]\267\353\366%Q>,"
 138      5D485441 
 138      14C7E7DC 
 138      7B5DB7EB 
 138      F625513E 
 139 0015 653EF924 		.ascii	"e>\371$\211\004>D\005J\366R\206\226\275\010\313\252"
 139      89043E44 
 139      054AF652 
 139      8696BD08 
 139      CBAA
 140 0027 17F3C58D 		.ascii	"\027\363\305\215m-|\010&\327@\355!\245\264\264\250-"
 140      6D2D7C08 
 140      26D740ED 
 140      21A5B4B4 
 140      A82D
 141 0039 A2DCFCDA 		.ascii	"\242\334\374\332\3225w\323v+\263\010\214D\210\314(\321"
 141      D23577D3 
 141      762BB308 
 141      8C4488CC 
 141      28D1
 142 004b 243409C3 		.ascii	"$4\011\303%\222\262\355\314\354]\357\2656\360\300\334"
 142      2592B2ED 
ARM GAS  C:\Users\info\AppData\Local\Temp\ccyVkAO4.s 			page 10


 142      CCEC5DEF 
 142      B536F0C0 
 142      DC
 143 005c 3967E6FC 		.ascii	"9g\346\374\177s\346\334\221\010\020f\273$B.\340l\306"
 143      7F73E6DC 
 143      91081066 
 143      BB24422E 
 143      E06CC6
 144 006f 308C1687 		.ascii	"0\214\026\207~\001\321\014\267I7\016/\216>\034~\362"
 144      7E01D10C 
 144      B749370E 
 144      2F8E3E1C 
 144      7EF2
 145 0081 AFB17D83 		.ascii	"\257\261}\203\252\353d,\034\001\034\0038r\325\034P\363"
 145      AAEB642C 
 145      1C011C03 
 145      3872D51C 
 145      50F3
 146 0093 FE366F0C 		.ascii	"\3766o\014mP\247\217j\2751\264\254\2368\235.7\206\256"
 146      6D50A78F 
 146      6ABD31B4 
 146      AC9E389D 
 146      2E3786AE 
 147 00a7 2F86CEBF 		.ascii	"/\206\316\277\012]\254{.\011\340\234\234u\031\307a\014"
 147      0A5DAC7B 
 147      2E09E09C 
 147      9C7519C7 
 147      610C
 148 00b9 800037A2 		.ascii	"\200\0007\242\366\221\260\025uf\016D\002!\312\203e\262"
 148      F691B015 
 148      75660E44 
 148      0221CA83 
 148      65B2
 149 00cb EAF07420 		.ascii	"\352\360t \002\317\007\335\306\212<\376O\270iK\260l"
 149      02CF07DD 
 149      C68A3CFE 
 149      4FB8694B 
 149      B06C
 150 00dd D14C5809 		.ascii	"\321LX\011eT-\304X\320\004:\236Z\275z>\350\217\345h"
 150      65542DC4 
 150      58D0043A 
 150      9E5ABD7A 
 150      3EE88FE5 
 151 00f2 317AE92B 		.ascii	"1z\351+\223\037\372%\021\231\350\177\\l\335\227\326"
 151      931FFA25 
 151      1199E87F 
 151      5C6CDD97 
 151      D6
 152 0103 4ED1EA29 		.ascii	"N\321\352)\025\266j\235\351:\373\311m\014\011`\226!"
 152      15B66A9D 
 152      E93AFBC9 
 152      6D0C0960 
 152      9621
 153 0115 0C2C9EF3 		.ascii	"\014,\236\363-\256\215\304l\273\271a\352w\202\270\205"
 153      2DAE8DC4 
 153      6CBBB961 
 153      EA7782B8 
ARM GAS  C:\Users\info\AppData\Local\Temp\ccyVkAO4.s 			page 11


 153      85
 154 0126 F9C2E854 		.ascii	"\371\302\350T\333\214\004\251\362m\206\231\370\351\331"
 154      DB8C04A9 
 154      F26D8699 
 154      F8E9D9
 155 0135 EDA37403 		.ascii	"\355\243t\003t\202\014\355 \202\033\322X\005f\031\277"
 155      74820CED 
 155      20821BD2 
 155      58056619 
 155      BF
 156 0146 359456D1 		.ascii	"5\224V\321\371\233\324\220D \303\014;\314\004: \225"
 156      F99BD490 
 156      4420C30C 
 156      3BCC043A 
 156      2095
 157 0158 315916B4 		.ascii	"1Y\026\264\201\031\356\202\231\361\247/]\377b\220\260"
 157      8119EE82 
 157      99F1A72F 
 157      5DFF6290 
 157      B0
 158 0169 DD9C5324 		.ascii	"\335\234S$\261\265\221j\317U\021KH\224A\302\360\333"
 158      B1B5916A 
 158      CF55114B 
 158      489441C2 
 158      F0DB
 159 017b 70CBD43A 		.ascii	"p\313\324:\0147\311\220\214a\273\377\375\234!\251\211"
 159      0C37C990 
 159      8C61BBFF 
 159      FD9C21A9 
 159      89
 160 018c 5FC54993 		.ascii	"_\305I\223%(\330\014\367\020\350A \201\373\220\204\337"
 160      2528D80C 
 160      F710E841 
 160      2081FB90 
 160      84DF
 161 019e 2E9022B7 		.ascii	".\220\"\267\033\272\266\360\316\224\342\242.\017\235"
 161      1BBAB6F0 
 161      CE94E2A2 
 161      2E0F9D
 162 01ad 084F6734 		.ascii	"\010Og4\323`5\352\004\226\006\255Z\321\350\262\351\016"
 162      D36035EA 
 162      049606AD 
 162      5AD1E8B2 
 162      E90E
 163 01bf 8C6343BB 		.ascii	"\214cC\273!\005\225\227g~\205\326\210\026\336\204\332"
 163      21059597 
 163      677E85D6 
 163      8816DE84 
 163      DA
 164 01d0 8B75A1F8 		.ascii	"\213u\241\370\010%\030\0322\321\3723\224\356\345\214"
 164      0825181A 
 164      32D1FA33 
 164      94EEE58C 
 165 01e0 1E8DD1A3 		.ascii	"\036\215\321\243gx9\343m\215\353\263A\264s\306\353s"
 165      677839E3 
 165      6D8DEBB3 
 165      41B473C6 
ARM GAS  C:\Users\info\AppData\Local\Temp\ccyVkAO4.s 			page 12


 165      EB73
 166 01f2 CF9CEBF5 		.ascii	"\317\234\353\365e\263\373ju?\340u\027\251e\277\012\014"
 166      65B3FB6A 
 166      753FE075 
 166      17A965BF 
 166      0A0C
 167 0204 CEAD530F 		.ascii	"\316\255S\017\034}..\227\215Y\320\253\035\331\253?\262"
 167      1C7D2E2E 
 167      978D59D0 
 167      AB1DD9AB 
 167      3FB2
 168 0216 8F1FF97D 		.ascii	"\217\037\371}\266\343\205I<\315\217\034s\337j2\252\024"
 168      B6E38549 
 168      3CCD8F1C 
 168      73DF6A32 
 168      AA14
 169 0228 FFCB68D9 		.ascii	"\377\313h\331\214\341\323\030>=\303\317\031\241\352"
 169      8CE1D318 
 169      3E3DC3CF 
 169      19A1EA
 170 0237 85370619 		.ascii	"\2057\006\031\377\241su\377px\346F8^<\017\374\221t7"
 170      FFA17375 
 170      FF7078E6 
 170      46385E3C 
 170      0FFC9174 
 171 024c 3637C683 		.ascii	"67\306\203\234\032C\376(\206\\}K?\0167\324\262\013\016"
 171      9C1A43FE 
 171      28865C7D 
 171      4B3F0E37 
 171      D4B20B0E 
 172 0260 6053FAB5 		.ascii	"`S\372\265\342\036\202\034i\210\373\353\323 \230\352"
 172      E21E821C 
 172      6988FBEB 
 172      D32098EA 
 173 0270 D8B3C2EE 		.ascii	"\330\263\302\356%\356\347\211Z\367\002`\342\317\037"
 173      25EEE789 
 173      5AF70260 
 173      E2CF1F
 174 027f E725411C 		.ascii	"\347%A\034\034\355\012\310 \233\001\367\241\206\035"
 174      1CED0AC8 
 174      209B01F7 
 174      A1861D
 175 028e 305FA5AB 		.ascii	"0_\245\253\203@\220a\3411n?Ay\013e9#\300\227y0\277\207"
 175      83409061 
 175      E1316E3F 
 175      41790B65 
 175      3923C097 
 176 02a6 FBFC9390 		.ascii	"\373\374\223\220g;eI\267\034\265\2279\024c\316\301#"
 176      673B6549 
 176      B71CB597 
 176      391463CE 
 176      C123
 177 02b8 C959E9E9 		.ascii	"\311Y\351\351$\256\242\254\334\221\271=G)W\354V\207"
 177      24AEA2AC 
 177      DC91B93D 
 177      472957EC 
 177      5687
ARM GAS  C:\Users\info\AppData\Local\Temp\ccyVkAO4.s 			page 13


 178 02ca 5262C9B7 		.ascii	"Rb\311\267U\330\213\225\302C\371\266\254\235\205\305"
 178      55D88B95 
 178      C243F9B6 
 178      AC9D85C5 
 179 02da 958ECAE3 		.ascii	"\225\216\312\343\312\211\264cd\333\177283\255\230$F"
 179      CA89B463 
 179      64DB7F32 
 179      3833AD98 
 179      2446
 180 02ec E0F98A23 		.ascii	"\340\371\212#\333^vR9`+Q\344\310R\236b-\331\250\271"
 180      DB5E7652 
 180      39602B51 
 180      E4C8529E 
 180      622DD9A8 
 181 0301 D9568735 		.ascii	"\331V\2075O)\225\354Ji\346\037\006\325a\206"
 181      4F2995EC 
 181      4A69E61F 
 181      06D56186 
 182              		.text
 183              		.section	.gnu.lto_.symtab.792a0735,"",%progbits
 184 0000 526F775F 		.ascii	"Row_1_Write\000"
 184      315F5772 
 184      69746500 
 185 000c 00       		.ascii	"\000"
 186 000d 00       		.ascii	"\000"
 187 000e 00       		.ascii	"\000"
 188 000f 00000000 		.ascii	"\000\000\000\000\000\000\000\000"
 188      00000000 
 189 0017 B3000000 		.ascii	"\263\000\000\000"
 190 001b 526F775F 		.ascii	"Row_1_SetDriveMode\000"
 190      315F5365 
 190      74447269 
 190      76654D6F 
 190      646500
 191 002e 00       		.ascii	"\000"
 192 002f 00       		.ascii	"\000"
 193 0030 00       		.ascii	"\000"
 194 0031 00000000 		.ascii	"\000\000\000\000\000\000\000\000"
 194      00000000 
 195 0039 B5000000 		.ascii	"\265\000\000\000"
 196 003d 526F775F 		.ascii	"Row_1_Read\000"
 196      315F5265 
 196      616400
 197 0048 00       		.ascii	"\000"
 198 0049 00       		.ascii	"\000"
 199 004a 00       		.ascii	"\000"
 200 004b 00000000 		.ascii	"\000\000\000\000\000\000\000\000"
 200      00000000 
 201 0053 B8000000 		.ascii	"\270\000\000\000"
 202 0057 526F775F 		.ascii	"Row_1_ReadDataReg\000"
 202      315F5265 
 202      61644461 
 202      74615265 
 202      6700
 203 0069 00       		.ascii	"\000"
 204 006a 00       		.ascii	"\000"
 205 006b 00       		.ascii	"\000"
ARM GAS  C:\Users\info\AppData\Local\Temp\ccyVkAO4.s 			page 14


 206 006c 00000000 		.ascii	"\000\000\000\000\000\000\000\000"
 206      00000000 
 207 0074 BA000000 		.ascii	"\272\000\000\000"
 208              		.text
 209              		.section	.gnu.lto_.opts,"",%progbits
 210 0000 272D666D 		.ascii	"'-fmath-errno' '-fsigned-zeros' '-ftrapping-math' '"
 210      6174682D 
 210      6572726E 
 210      6F272027 
 210      2D667369 
 211 0033 2D666E6F 		.ascii	"-fno-trapv' '-fno-strict-overflow' '-fno-openmp' '-"
 211      2D747261 
 211      70762720 
 211      272D666E 
 211      6F2D7374 
 212 0066 666E6F2D 		.ascii	"fno-openacc' '-mcpu=cortex-m3' '-mthumb' '-g' '-Og'"
 212      6F70656E 
 212      61636327 
 212      20272D6D 
 212      6370753D 
 213 0099 20272D66 		.ascii	" '-ffunction-sections' '-ffat-lto-objects' '-flto'\000"
 213      66756E63 
 213      74696F6E 
 213      2D736563 
 213      74696F6E 
 214              		.text
 215              		.cfi_sections	.debug_frame
 216              		.section	.text.Row_1_Write,"ax",%progbits
 217              		.align	2
 218              		.global	Row_1_Write
 219              		.thumb
 220              		.thumb_func
 221              		.type	Row_1_Write, %function
 222              	Row_1_Write:
 223              	.LFB0:
 224              		.file 1 "Generated_Source\\PSoC5\\Row_1.c"
   1:Generated_Source\PSoC5/Row_1.c **** /*******************************************************************************
   2:Generated_Source\PSoC5/Row_1.c **** * File Name: Row_1.c  
   3:Generated_Source\PSoC5/Row_1.c **** * Version 2.20
   4:Generated_Source\PSoC5/Row_1.c **** *
   5:Generated_Source\PSoC5/Row_1.c **** * Description:
   6:Generated_Source\PSoC5/Row_1.c **** *  This file contains API to enable firmware control of a Pins component.
   7:Generated_Source\PSoC5/Row_1.c **** *
   8:Generated_Source\PSoC5/Row_1.c **** * Note:
   9:Generated_Source\PSoC5/Row_1.c **** *
  10:Generated_Source\PSoC5/Row_1.c **** ********************************************************************************
  11:Generated_Source\PSoC5/Row_1.c **** * Copyright 2008-2015, Cypress Semiconductor Corporation.  All rights reserved.
  12:Generated_Source\PSoC5/Row_1.c **** * You may use this file only in accordance with the license, terms, conditions, 
  13:Generated_Source\PSoC5/Row_1.c **** * disclaimers, and limitations in the end user license agreement accompanying 
  14:Generated_Source\PSoC5/Row_1.c **** * the software package with which this file was provided.
  15:Generated_Source\PSoC5/Row_1.c **** *******************************************************************************/
  16:Generated_Source\PSoC5/Row_1.c **** 
  17:Generated_Source\PSoC5/Row_1.c **** #include "cytypes.h"
  18:Generated_Source\PSoC5/Row_1.c **** #include "Row_1.h"
  19:Generated_Source\PSoC5/Row_1.c **** 
  20:Generated_Source\PSoC5/Row_1.c **** /* APIs are not generated for P15[7:6] on PSoC 5 */
  21:Generated_Source\PSoC5/Row_1.c **** #if !(CY_PSOC5A &&\
ARM GAS  C:\Users\info\AppData\Local\Temp\ccyVkAO4.s 			page 15


  22:Generated_Source\PSoC5/Row_1.c **** 	 Row_1__PORT == 15 && ((Row_1__MASK & 0xC0) != 0))
  23:Generated_Source\PSoC5/Row_1.c **** 
  24:Generated_Source\PSoC5/Row_1.c **** 
  25:Generated_Source\PSoC5/Row_1.c **** /*******************************************************************************
  26:Generated_Source\PSoC5/Row_1.c **** * Function Name: Row_1_Write
  27:Generated_Source\PSoC5/Row_1.c **** ****************************************************************************//**
  28:Generated_Source\PSoC5/Row_1.c **** *
  29:Generated_Source\PSoC5/Row_1.c **** * \brief Writes the value to the physical port (data output register), masking
  30:Generated_Source\PSoC5/Row_1.c **** *  and shifting the bits appropriately. 
  31:Generated_Source\PSoC5/Row_1.c **** *
  32:Generated_Source\PSoC5/Row_1.c **** * The data output register controls the signal applied to the physical pin in 
  33:Generated_Source\PSoC5/Row_1.c **** * conjunction with the drive mode parameter. This function avoids changing 
  34:Generated_Source\PSoC5/Row_1.c **** * other bits in the port by using the appropriate method (read-modify-write or
  35:Generated_Source\PSoC5/Row_1.c **** * bit banding).
  36:Generated_Source\PSoC5/Row_1.c **** *
  37:Generated_Source\PSoC5/Row_1.c **** * <b>Note</b> This function should not be used on a hardware digital output pin 
  38:Generated_Source\PSoC5/Row_1.c **** * as it is driven by the hardware signal attached to it.
  39:Generated_Source\PSoC5/Row_1.c **** *
  40:Generated_Source\PSoC5/Row_1.c **** * \param value
  41:Generated_Source\PSoC5/Row_1.c **** *  Value to write to the component instance.
  42:Generated_Source\PSoC5/Row_1.c **** *
  43:Generated_Source\PSoC5/Row_1.c **** * \return 
  44:Generated_Source\PSoC5/Row_1.c **** *  None 
  45:Generated_Source\PSoC5/Row_1.c **** *
  46:Generated_Source\PSoC5/Row_1.c **** * \sideeffect
  47:Generated_Source\PSoC5/Row_1.c **** *  If you use read-modify-write operations that are not atomic; the Interrupt 
  48:Generated_Source\PSoC5/Row_1.c **** *  Service Routines (ISR) can cause corruption of this function. An ISR that 
  49:Generated_Source\PSoC5/Row_1.c **** *  interrupts this function and performs writes to the Pins component data 
  50:Generated_Source\PSoC5/Row_1.c **** *  register can cause corrupted port data. To avoid this issue, you should 
  51:Generated_Source\PSoC5/Row_1.c **** *  either use the Per-Pin APIs (primary method) or disable interrupts around 
  52:Generated_Source\PSoC5/Row_1.c **** *  this function.
  53:Generated_Source\PSoC5/Row_1.c **** *
  54:Generated_Source\PSoC5/Row_1.c **** * \funcusage
  55:Generated_Source\PSoC5/Row_1.c **** *  \snippet Row_1_SUT.c usage_Row_1_Write
  56:Generated_Source\PSoC5/Row_1.c **** *******************************************************************************/
  57:Generated_Source\PSoC5/Row_1.c **** void Row_1_Write(uint8 value)
  58:Generated_Source\PSoC5/Row_1.c **** {
 225              		.loc 1 58 0
 226              		.cfi_startproc
 227              		@ args = 0, pretend = 0, frame = 0
 228              		@ frame_needed = 0, uses_anonymous_args = 0
 229              		@ link register save eliminated.
 230              	.LVL0:
  59:Generated_Source\PSoC5/Row_1.c ****     uint8 staticBits = (Row_1_DR & (uint8)(~Row_1_MASK));
 231              		.loc 1 59 0
 232 0000 044A     		ldr	r2, .L2
 233 0002 1378     		ldrb	r3, [r2]	@ zero_extendqisi2
 234 0004 03F07F03 		and	r3, r3, #127
 235              	.LVL1:
  60:Generated_Source\PSoC5/Row_1.c ****     Row_1_DR = staticBits | ((uint8)(value << Row_1_SHIFT) & Row_1_MASK);
 236              		.loc 1 60 0
 237 0008 C001     		lsls	r0, r0, #7
 238              	.LVL2:
 239 000a C0B2     		uxtb	r0, r0
 240 000c 1843     		orrs	r0, r0, r3
 241 000e 1070     		strb	r0, [r2]
 242 0010 7047     		bx	lr
ARM GAS  C:\Users\info\AppData\Local\Temp\ccyVkAO4.s 			page 16


 243              	.L3:
 244 0012 00BF     		.align	2
 245              	.L2:
 246 0014 30510040 		.word	1073762608
 247              		.cfi_endproc
 248              	.LFE0:
 249              		.size	Row_1_Write, .-Row_1_Write
 250              		.section	.text.Row_1_SetDriveMode,"ax",%progbits
 251              		.align	2
 252              		.global	Row_1_SetDriveMode
 253              		.thumb
 254              		.thumb_func
 255              		.type	Row_1_SetDriveMode, %function
 256              	Row_1_SetDriveMode:
 257              	.LFB1:
  61:Generated_Source\PSoC5/Row_1.c **** }
  62:Generated_Source\PSoC5/Row_1.c **** 
  63:Generated_Source\PSoC5/Row_1.c **** 
  64:Generated_Source\PSoC5/Row_1.c **** /*******************************************************************************
  65:Generated_Source\PSoC5/Row_1.c **** * Function Name: Row_1_SetDriveMode
  66:Generated_Source\PSoC5/Row_1.c **** ****************************************************************************//**
  67:Generated_Source\PSoC5/Row_1.c **** *
  68:Generated_Source\PSoC5/Row_1.c **** * \brief Sets the drive mode for each of the Pins component's pins.
  69:Generated_Source\PSoC5/Row_1.c **** * 
  70:Generated_Source\PSoC5/Row_1.c **** * <b>Note</b> This affects all pins in the Pins component instance. Use the
  71:Generated_Source\PSoC5/Row_1.c **** * Per-Pin APIs if you wish to control individual pin's drive modes.
  72:Generated_Source\PSoC5/Row_1.c **** *
  73:Generated_Source\PSoC5/Row_1.c **** * \param mode
  74:Generated_Source\PSoC5/Row_1.c **** *  Mode for the selected signals. Valid options are documented in 
  75:Generated_Source\PSoC5/Row_1.c **** *  \ref driveMode.
  76:Generated_Source\PSoC5/Row_1.c **** *
  77:Generated_Source\PSoC5/Row_1.c **** * \return
  78:Generated_Source\PSoC5/Row_1.c **** *  None
  79:Generated_Source\PSoC5/Row_1.c **** *
  80:Generated_Source\PSoC5/Row_1.c **** * \sideeffect
  81:Generated_Source\PSoC5/Row_1.c **** *  If you use read-modify-write operations that are not atomic, the ISR can
  82:Generated_Source\PSoC5/Row_1.c **** *  cause corruption of this function. An ISR that interrupts this function 
  83:Generated_Source\PSoC5/Row_1.c **** *  and performs writes to the Pins component Drive Mode registers can cause 
  84:Generated_Source\PSoC5/Row_1.c **** *  corrupted port data. To avoid this issue, you should either use the Per-Pin
  85:Generated_Source\PSoC5/Row_1.c **** *  APIs (primary method) or disable interrupts around this function.
  86:Generated_Source\PSoC5/Row_1.c **** *
  87:Generated_Source\PSoC5/Row_1.c **** * \funcusage
  88:Generated_Source\PSoC5/Row_1.c **** *  \snippet Row_1_SUT.c usage_Row_1_SetDriveMode
  89:Generated_Source\PSoC5/Row_1.c **** *******************************************************************************/
  90:Generated_Source\PSoC5/Row_1.c **** void Row_1_SetDriveMode(uint8 mode)
  91:Generated_Source\PSoC5/Row_1.c **** {
 258              		.loc 1 91 0
 259              		.cfi_startproc
 260              		@ args = 0, pretend = 0, frame = 0
 261              		@ frame_needed = 0, uses_anonymous_args = 0
 262              		@ link register save eliminated.
 263              	.LVL3:
  92:Generated_Source\PSoC5/Row_1.c **** 	CyPins_SetPinDriveMode(Row_1_0, mode);
 264              		.loc 1 92 0
 265 0000 044A     		ldr	r2, .L5
 266 0002 1378     		ldrb	r3, [r2]	@ zero_extendqisi2
 267 0004 03F0F103 		and	r3, r3, #241
ARM GAS  C:\Users\info\AppData\Local\Temp\ccyVkAO4.s 			page 17


 268 0008 00F00E00 		and	r0, r0, #14
 269              	.LVL4:
 270 000c 1843     		orrs	r0, r0, r3
 271 000e 1070     		strb	r0, [r2]
 272 0010 7047     		bx	lr
 273              	.L6:
 274 0012 00BF     		.align	2
 275              	.L5:
 276 0014 1F500040 		.word	1073762335
 277              		.cfi_endproc
 278              	.LFE1:
 279              		.size	Row_1_SetDriveMode, .-Row_1_SetDriveMode
 280              		.section	.text.Row_1_Read,"ax",%progbits
 281              		.align	2
 282              		.global	Row_1_Read
 283              		.thumb
 284              		.thumb_func
 285              		.type	Row_1_Read, %function
 286              	Row_1_Read:
 287              	.LFB2:
  93:Generated_Source\PSoC5/Row_1.c **** }
  94:Generated_Source\PSoC5/Row_1.c **** 
  95:Generated_Source\PSoC5/Row_1.c **** 
  96:Generated_Source\PSoC5/Row_1.c **** /*******************************************************************************
  97:Generated_Source\PSoC5/Row_1.c **** * Function Name: Row_1_Read
  98:Generated_Source\PSoC5/Row_1.c **** ****************************************************************************//**
  99:Generated_Source\PSoC5/Row_1.c **** *
 100:Generated_Source\PSoC5/Row_1.c **** * \brief Reads the associated physical port (pin status register) and masks 
 101:Generated_Source\PSoC5/Row_1.c **** *  the required bits according to the width and bit position of the component
 102:Generated_Source\PSoC5/Row_1.c **** *  instance. 
 103:Generated_Source\PSoC5/Row_1.c **** *
 104:Generated_Source\PSoC5/Row_1.c **** * The pin's status register returns the current logic level present on the 
 105:Generated_Source\PSoC5/Row_1.c **** * physical pin.
 106:Generated_Source\PSoC5/Row_1.c **** *
 107:Generated_Source\PSoC5/Row_1.c **** * \return 
 108:Generated_Source\PSoC5/Row_1.c **** *  The current value for the pins in the component as a right justified number.
 109:Generated_Source\PSoC5/Row_1.c **** *
 110:Generated_Source\PSoC5/Row_1.c **** * \funcusage
 111:Generated_Source\PSoC5/Row_1.c **** *  \snippet Row_1_SUT.c usage_Row_1_Read  
 112:Generated_Source\PSoC5/Row_1.c **** *******************************************************************************/
 113:Generated_Source\PSoC5/Row_1.c **** uint8 Row_1_Read(void)
 114:Generated_Source\PSoC5/Row_1.c **** {
 288              		.loc 1 114 0
 289              		.cfi_startproc
 290              		@ args = 0, pretend = 0, frame = 0
 291              		@ frame_needed = 0, uses_anonymous_args = 0
 292              		@ link register save eliminated.
 115:Generated_Source\PSoC5/Row_1.c ****     return (Row_1_PS & Row_1_MASK) >> Row_1_SHIFT;
 293              		.loc 1 115 0
 294 0000 014B     		ldr	r3, .L8
 295 0002 1878     		ldrb	r0, [r3]	@ zero_extendqisi2
 116:Generated_Source\PSoC5/Row_1.c **** }
 296              		.loc 1 116 0
 297 0004 C009     		lsrs	r0, r0, #7
 298 0006 7047     		bx	lr
 299              	.L9:
 300              		.align	2
ARM GAS  C:\Users\info\AppData\Local\Temp\ccyVkAO4.s 			page 18


 301              	.L8:
 302 0008 31510040 		.word	1073762609
 303              		.cfi_endproc
 304              	.LFE2:
 305              		.size	Row_1_Read, .-Row_1_Read
 306              		.section	.text.Row_1_ReadDataReg,"ax",%progbits
 307              		.align	2
 308              		.global	Row_1_ReadDataReg
 309              		.thumb
 310              		.thumb_func
 311              		.type	Row_1_ReadDataReg, %function
 312              	Row_1_ReadDataReg:
 313              	.LFB3:
 117:Generated_Source\PSoC5/Row_1.c **** 
 118:Generated_Source\PSoC5/Row_1.c **** 
 119:Generated_Source\PSoC5/Row_1.c **** /*******************************************************************************
 120:Generated_Source\PSoC5/Row_1.c **** * Function Name: Row_1_ReadDataReg
 121:Generated_Source\PSoC5/Row_1.c **** ****************************************************************************//**
 122:Generated_Source\PSoC5/Row_1.c **** *
 123:Generated_Source\PSoC5/Row_1.c **** * \brief Reads the associated physical port's data output register and masks 
 124:Generated_Source\PSoC5/Row_1.c **** *  the correct bits according to the width and bit position of the component 
 125:Generated_Source\PSoC5/Row_1.c **** *  instance. 
 126:Generated_Source\PSoC5/Row_1.c **** *
 127:Generated_Source\PSoC5/Row_1.c **** * The data output register controls the signal applied to the physical pin in 
 128:Generated_Source\PSoC5/Row_1.c **** * conjunction with the drive mode parameter. This is not the same as the 
 129:Generated_Source\PSoC5/Row_1.c **** * preferred Row_1_Read() API because the 
 130:Generated_Source\PSoC5/Row_1.c **** * Row_1_ReadDataReg() reads the data register instead of the status 
 131:Generated_Source\PSoC5/Row_1.c **** * register. For output pins this is a useful function to determine the value 
 132:Generated_Source\PSoC5/Row_1.c **** * just written to the pin.
 133:Generated_Source\PSoC5/Row_1.c **** *
 134:Generated_Source\PSoC5/Row_1.c **** * \return 
 135:Generated_Source\PSoC5/Row_1.c **** *  The current value of the data register masked and shifted into a right 
 136:Generated_Source\PSoC5/Row_1.c **** *  justified number for the component instance.
 137:Generated_Source\PSoC5/Row_1.c **** *
 138:Generated_Source\PSoC5/Row_1.c **** * \funcusage
 139:Generated_Source\PSoC5/Row_1.c **** *  \snippet Row_1_SUT.c usage_Row_1_ReadDataReg 
 140:Generated_Source\PSoC5/Row_1.c **** *******************************************************************************/
 141:Generated_Source\PSoC5/Row_1.c **** uint8 Row_1_ReadDataReg(void)
 142:Generated_Source\PSoC5/Row_1.c **** {
 314              		.loc 1 142 0
 315              		.cfi_startproc
 316              		@ args = 0, pretend = 0, frame = 0
 317              		@ frame_needed = 0, uses_anonymous_args = 0
 318              		@ link register save eliminated.
 143:Generated_Source\PSoC5/Row_1.c ****     return (Row_1_DR & Row_1_MASK) >> Row_1_SHIFT;
 319              		.loc 1 143 0
 320 0000 014B     		ldr	r3, .L11
 321 0002 1878     		ldrb	r0, [r3]	@ zero_extendqisi2
 144:Generated_Source\PSoC5/Row_1.c **** }
 322              		.loc 1 144 0
 323 0004 C009     		lsrs	r0, r0, #7
 324 0006 7047     		bx	lr
 325              	.L12:
 326              		.align	2
 327              	.L11:
 328 0008 30510040 		.word	1073762608
 329              		.cfi_endproc
ARM GAS  C:\Users\info\AppData\Local\Temp\ccyVkAO4.s 			page 19


 330              	.LFE3:
 331              		.size	Row_1_ReadDataReg, .-Row_1_ReadDataReg
 332              		.text
 333              	.Letext0:
 334              		.file 2 "Generated_Source\\PSoC5\\cytypes.h"
 335              		.section	.debug_info,"",%progbits
 336              	.Ldebug_info0:
 337 0000 1B010000 		.4byte	0x11b
 338 0004 0400     		.2byte	0x4
 339 0006 00000000 		.4byte	.Ldebug_abbrev0
 340 000a 04       		.byte	0x4
 341 000b 01       		.uleb128 0x1
 342 000c 2E000000 		.4byte	.LASF20
 343 0010 0C       		.byte	0xc
 344 0011 1A010000 		.4byte	.LASF21
 345 0015 46010000 		.4byte	.LASF22
 346 0019 00000000 		.4byte	.Ldebug_ranges0+0
 347 001d 00000000 		.4byte	0
 348 0021 00000000 		.4byte	.Ldebug_line0
 349 0025 02       		.uleb128 0x2
 350 0026 01       		.byte	0x1
 351 0027 06       		.byte	0x6
 352 0028 F8010000 		.4byte	.LASF0
 353 002c 02       		.uleb128 0x2
 354 002d 01       		.byte	0x1
 355 002e 08       		.byte	0x8
 356 002f C8000000 		.4byte	.LASF1
 357 0033 02       		.uleb128 0x2
 358 0034 02       		.byte	0x2
 359 0035 05       		.byte	0x5
 360 0036 DF010000 		.4byte	.LASF2
 361 003a 02       		.uleb128 0x2
 362 003b 02       		.byte	0x2
 363 003c 07       		.byte	0x7
 364 003d ED000000 		.4byte	.LASF3
 365 0041 02       		.uleb128 0x2
 366 0042 04       		.byte	0x4
 367 0043 05       		.byte	0x5
 368 0044 EF010000 		.4byte	.LASF4
 369 0048 02       		.uleb128 0x2
 370 0049 04       		.byte	0x4
 371 004a 07       		.byte	0x7
 372 004b DB000000 		.4byte	.LASF5
 373 004f 02       		.uleb128 0x2
 374 0050 08       		.byte	0x8
 375 0051 05       		.byte	0x5
 376 0052 CC010000 		.4byte	.LASF6
 377 0056 02       		.uleb128 0x2
 378 0057 08       		.byte	0x8
 379 0058 07       		.byte	0x7
 380 0059 B0010000 		.4byte	.LASF7
 381 005d 03       		.uleb128 0x3
 382 005e 04       		.byte	0x4
 383 005f 05       		.byte	0x5
 384 0060 696E7400 		.ascii	"int\000"
 385 0064 02       		.uleb128 0x2
 386 0065 04       		.byte	0x4
ARM GAS  C:\Users\info\AppData\Local\Temp\ccyVkAO4.s 			page 20


 387 0066 07       		.byte	0x7
 388 0067 39010000 		.4byte	.LASF8
 389 006b 04       		.uleb128 0x4
 390 006c E9010000 		.4byte	.LASF12
 391 0070 02       		.byte	0x2
 392 0071 E401     		.2byte	0x1e4
 393 0073 2C000000 		.4byte	0x2c
 394 0077 02       		.uleb128 0x2
 395 0078 04       		.byte	0x4
 396 0079 04       		.byte	0x4
 397 007a C2000000 		.4byte	.LASF9
 398 007e 02       		.uleb128 0x2
 399 007f 08       		.byte	0x8
 400 0080 04       		.byte	0x4
 401 0081 13010000 		.4byte	.LASF10
 402 0085 02       		.uleb128 0x2
 403 0086 01       		.byte	0x1
 404 0087 08       		.byte	0x8
 405 0088 DA010000 		.4byte	.LASF11
 406 008c 04       		.uleb128 0x4
 407 008d D6000000 		.4byte	.LASF13
 408 0091 02       		.byte	0x2
 409 0092 8E02     		.2byte	0x28e
 410 0094 98000000 		.4byte	0x98
 411 0098 05       		.uleb128 0x5
 412 0099 6B000000 		.4byte	0x6b
 413 009d 06       		.uleb128 0x6
 414 009e 04020000 		.4byte	.LASF14
 415 00a2 01       		.byte	0x1
 416 00a3 39       		.byte	0x39
 417 00a4 00000000 		.4byte	.LFB0
 418 00a8 18000000 		.4byte	.LFE0-.LFB0
 419 00ac 01       		.uleb128 0x1
 420 00ad 9C       		.byte	0x9c
 421 00ae CF000000 		.4byte	0xcf
 422 00b2 07       		.uleb128 0x7
 423 00b3 1D000000 		.4byte	.LASF16
 424 00b7 01       		.byte	0x1
 425 00b8 39       		.byte	0x39
 426 00b9 6B000000 		.4byte	0x6b
 427 00bd 00000000 		.4byte	.LLST0
 428 00c1 08       		.uleb128 0x8
 429 00c2 23000000 		.4byte	.LASF23
 430 00c6 01       		.byte	0x1
 431 00c7 3B       		.byte	0x3b
 432 00c8 6B000000 		.4byte	0x6b
 433 00cc 01       		.uleb128 0x1
 434 00cd 53       		.byte	0x53
 435 00ce 00       		.byte	0
 436 00cf 06       		.uleb128 0x6
 437 00d0 00010000 		.4byte	.LASF15
 438 00d4 01       		.byte	0x1
 439 00d5 5A       		.byte	0x5a
 440 00d6 00000000 		.4byte	.LFB1
 441 00da 18000000 		.4byte	.LFE1-.LFB1
 442 00de 01       		.uleb128 0x1
 443 00df 9C       		.byte	0x9c
ARM GAS  C:\Users\info\AppData\Local\Temp\ccyVkAO4.s 			page 21


 444 00e0 F4000000 		.4byte	0xf4
 445 00e4 07       		.uleb128 0x7
 446 00e5 C7010000 		.4byte	.LASF17
 447 00e9 01       		.byte	0x1
 448 00ea 5A       		.byte	0x5a
 449 00eb 6B000000 		.4byte	0x6b
 450 00ef 21000000 		.4byte	.LLST1
 451 00f3 00       		.byte	0
 452 00f4 09       		.uleb128 0x9
 453 00f5 00000000 		.4byte	.LASF18
 454 00f9 01       		.byte	0x1
 455 00fa 71       		.byte	0x71
 456 00fb 6B000000 		.4byte	0x6b
 457 00ff 00000000 		.4byte	.LFB2
 458 0103 0C000000 		.4byte	.LFE2-.LFB2
 459 0107 01       		.uleb128 0x1
 460 0108 9C       		.byte	0x9c
 461 0109 09       		.uleb128 0x9
 462 010a 0B000000 		.4byte	.LASF19
 463 010e 01       		.byte	0x1
 464 010f 8D       		.byte	0x8d
 465 0110 6B000000 		.4byte	0x6b
 466 0114 00000000 		.4byte	.LFB3
 467 0118 0C000000 		.4byte	.LFE3-.LFB3
 468 011c 01       		.uleb128 0x1
 469 011d 9C       		.byte	0x9c
 470 011e 00       		.byte	0
 471              		.section	.debug_abbrev,"",%progbits
 472              	.Ldebug_abbrev0:
 473 0000 01       		.uleb128 0x1
 474 0001 11       		.uleb128 0x11
 475 0002 01       		.byte	0x1
 476 0003 25       		.uleb128 0x25
 477 0004 0E       		.uleb128 0xe
 478 0005 13       		.uleb128 0x13
 479 0006 0B       		.uleb128 0xb
 480 0007 03       		.uleb128 0x3
 481 0008 0E       		.uleb128 0xe
 482 0009 1B       		.uleb128 0x1b
 483 000a 0E       		.uleb128 0xe
 484 000b 55       		.uleb128 0x55
 485 000c 17       		.uleb128 0x17
 486 000d 11       		.uleb128 0x11
 487 000e 01       		.uleb128 0x1
 488 000f 10       		.uleb128 0x10
 489 0010 17       		.uleb128 0x17
 490 0011 00       		.byte	0
 491 0012 00       		.byte	0
 492 0013 02       		.uleb128 0x2
 493 0014 24       		.uleb128 0x24
 494 0015 00       		.byte	0
 495 0016 0B       		.uleb128 0xb
 496 0017 0B       		.uleb128 0xb
 497 0018 3E       		.uleb128 0x3e
 498 0019 0B       		.uleb128 0xb
 499 001a 03       		.uleb128 0x3
 500 001b 0E       		.uleb128 0xe
ARM GAS  C:\Users\info\AppData\Local\Temp\ccyVkAO4.s 			page 22


 501 001c 00       		.byte	0
 502 001d 00       		.byte	0
 503 001e 03       		.uleb128 0x3
 504 001f 24       		.uleb128 0x24
 505 0020 00       		.byte	0
 506 0021 0B       		.uleb128 0xb
 507 0022 0B       		.uleb128 0xb
 508 0023 3E       		.uleb128 0x3e
 509 0024 0B       		.uleb128 0xb
 510 0025 03       		.uleb128 0x3
 511 0026 08       		.uleb128 0x8
 512 0027 00       		.byte	0
 513 0028 00       		.byte	0
 514 0029 04       		.uleb128 0x4
 515 002a 16       		.uleb128 0x16
 516 002b 00       		.byte	0
 517 002c 03       		.uleb128 0x3
 518 002d 0E       		.uleb128 0xe
 519 002e 3A       		.uleb128 0x3a
 520 002f 0B       		.uleb128 0xb
 521 0030 3B       		.uleb128 0x3b
 522 0031 05       		.uleb128 0x5
 523 0032 49       		.uleb128 0x49
 524 0033 13       		.uleb128 0x13
 525 0034 00       		.byte	0
 526 0035 00       		.byte	0
 527 0036 05       		.uleb128 0x5
 528 0037 35       		.uleb128 0x35
 529 0038 00       		.byte	0
 530 0039 49       		.uleb128 0x49
 531 003a 13       		.uleb128 0x13
 532 003b 00       		.byte	0
 533 003c 00       		.byte	0
 534 003d 06       		.uleb128 0x6
 535 003e 2E       		.uleb128 0x2e
 536 003f 01       		.byte	0x1
 537 0040 3F       		.uleb128 0x3f
 538 0041 19       		.uleb128 0x19
 539 0042 03       		.uleb128 0x3
 540 0043 0E       		.uleb128 0xe
 541 0044 3A       		.uleb128 0x3a
 542 0045 0B       		.uleb128 0xb
 543 0046 3B       		.uleb128 0x3b
 544 0047 0B       		.uleb128 0xb
 545 0048 27       		.uleb128 0x27
 546 0049 19       		.uleb128 0x19
 547 004a 11       		.uleb128 0x11
 548 004b 01       		.uleb128 0x1
 549 004c 12       		.uleb128 0x12
 550 004d 06       		.uleb128 0x6
 551 004e 40       		.uleb128 0x40
 552 004f 18       		.uleb128 0x18
 553 0050 9742     		.uleb128 0x2117
 554 0052 19       		.uleb128 0x19
 555 0053 01       		.uleb128 0x1
 556 0054 13       		.uleb128 0x13
 557 0055 00       		.byte	0
ARM GAS  C:\Users\info\AppData\Local\Temp\ccyVkAO4.s 			page 23


 558 0056 00       		.byte	0
 559 0057 07       		.uleb128 0x7
 560 0058 05       		.uleb128 0x5
 561 0059 00       		.byte	0
 562 005a 03       		.uleb128 0x3
 563 005b 0E       		.uleb128 0xe
 564 005c 3A       		.uleb128 0x3a
 565 005d 0B       		.uleb128 0xb
 566 005e 3B       		.uleb128 0x3b
 567 005f 0B       		.uleb128 0xb
 568 0060 49       		.uleb128 0x49
 569 0061 13       		.uleb128 0x13
 570 0062 02       		.uleb128 0x2
 571 0063 17       		.uleb128 0x17
 572 0064 00       		.byte	0
 573 0065 00       		.byte	0
 574 0066 08       		.uleb128 0x8
 575 0067 34       		.uleb128 0x34
 576 0068 00       		.byte	0
 577 0069 03       		.uleb128 0x3
 578 006a 0E       		.uleb128 0xe
 579 006b 3A       		.uleb128 0x3a
 580 006c 0B       		.uleb128 0xb
 581 006d 3B       		.uleb128 0x3b
 582 006e 0B       		.uleb128 0xb
 583 006f 49       		.uleb128 0x49
 584 0070 13       		.uleb128 0x13
 585 0071 02       		.uleb128 0x2
 586 0072 18       		.uleb128 0x18
 587 0073 00       		.byte	0
 588 0074 00       		.byte	0
 589 0075 09       		.uleb128 0x9
 590 0076 2E       		.uleb128 0x2e
 591 0077 00       		.byte	0
 592 0078 3F       		.uleb128 0x3f
 593 0079 19       		.uleb128 0x19
 594 007a 03       		.uleb128 0x3
 595 007b 0E       		.uleb128 0xe
 596 007c 3A       		.uleb128 0x3a
 597 007d 0B       		.uleb128 0xb
 598 007e 3B       		.uleb128 0x3b
 599 007f 0B       		.uleb128 0xb
 600 0080 27       		.uleb128 0x27
 601 0081 19       		.uleb128 0x19
 602 0082 49       		.uleb128 0x49
 603 0083 13       		.uleb128 0x13
 604 0084 11       		.uleb128 0x11
 605 0085 01       		.uleb128 0x1
 606 0086 12       		.uleb128 0x12
 607 0087 06       		.uleb128 0x6
 608 0088 40       		.uleb128 0x40
 609 0089 18       		.uleb128 0x18
 610 008a 9742     		.uleb128 0x2117
 611 008c 19       		.uleb128 0x19
 612 008d 00       		.byte	0
 613 008e 00       		.byte	0
 614 008f 00       		.byte	0
ARM GAS  C:\Users\info\AppData\Local\Temp\ccyVkAO4.s 			page 24


 615              		.section	.debug_loc,"",%progbits
 616              	.Ldebug_loc0:
 617              	.LLST0:
 618 0000 00000000 		.4byte	.LVL0
 619 0004 0A000000 		.4byte	.LVL2
 620 0008 0100     		.2byte	0x1
 621 000a 50       		.byte	0x50
 622 000b 0A000000 		.4byte	.LVL2
 623 000f 18000000 		.4byte	.LFE0
 624 0013 0400     		.2byte	0x4
 625 0015 F3       		.byte	0xf3
 626 0016 01       		.uleb128 0x1
 627 0017 50       		.byte	0x50
 628 0018 9F       		.byte	0x9f
 629 0019 00000000 		.4byte	0
 630 001d 00000000 		.4byte	0
 631              	.LLST1:
 632 0021 00000000 		.4byte	.LVL3
 633 0025 0C000000 		.4byte	.LVL4
 634 0029 0100     		.2byte	0x1
 635 002b 50       		.byte	0x50
 636 002c 0C000000 		.4byte	.LVL4
 637 0030 18000000 		.4byte	.LFE1
 638 0034 0400     		.2byte	0x4
 639 0036 F3       		.byte	0xf3
 640 0037 01       		.uleb128 0x1
 641 0038 50       		.byte	0x50
 642 0039 9F       		.byte	0x9f
 643 003a 00000000 		.4byte	0
 644 003e 00000000 		.4byte	0
 645              		.section	.debug_aranges,"",%progbits
 646 0000 34000000 		.4byte	0x34
 647 0004 0200     		.2byte	0x2
 648 0006 00000000 		.4byte	.Ldebug_info0
 649 000a 04       		.byte	0x4
 650 000b 00       		.byte	0
 651 000c 0000     		.2byte	0
 652 000e 0000     		.2byte	0
 653 0010 00000000 		.4byte	.LFB0
 654 0014 18000000 		.4byte	.LFE0-.LFB0
 655 0018 00000000 		.4byte	.LFB1
 656 001c 18000000 		.4byte	.LFE1-.LFB1
 657 0020 00000000 		.4byte	.LFB2
 658 0024 0C000000 		.4byte	.LFE2-.LFB2
 659 0028 00000000 		.4byte	.LFB3
 660 002c 0C000000 		.4byte	.LFE3-.LFB3
 661 0030 00000000 		.4byte	0
 662 0034 00000000 		.4byte	0
 663              		.section	.debug_ranges,"",%progbits
 664              	.Ldebug_ranges0:
 665 0000 00000000 		.4byte	.LFB0
 666 0004 18000000 		.4byte	.LFE0
 667 0008 00000000 		.4byte	.LFB1
 668 000c 18000000 		.4byte	.LFE1
 669 0010 00000000 		.4byte	.LFB2
 670 0014 0C000000 		.4byte	.LFE2
 671 0018 00000000 		.4byte	.LFB3
ARM GAS  C:\Users\info\AppData\Local\Temp\ccyVkAO4.s 			page 25


 672 001c 0C000000 		.4byte	.LFE3
 673 0020 00000000 		.4byte	0
 674 0024 00000000 		.4byte	0
 675              		.section	.debug_line,"",%progbits
 676              	.Ldebug_line0:
 677 0000 8E000000 		.section	.debug_str,"MS",%progbits,1
 677      02004200 
 677      00000201 
 677      FB0E0D00 
 677      01010101 
 678              	.LASF18:
 679 0000 526F775F 		.ascii	"Row_1_Read\000"
 679      315F5265 
 679      616400
 680              	.LASF19:
 681 000b 526F775F 		.ascii	"Row_1_ReadDataReg\000"
 681      315F5265 
 681      61644461 
 681      74615265 
 681      6700
 682              	.LASF16:
 683 001d 76616C75 		.ascii	"value\000"
 683      6500
 684              	.LASF23:
 685 0023 73746174 		.ascii	"staticBits\000"
 685      69634269 
 685      747300
 686              	.LASF20:
 687 002e 474E5520 		.ascii	"GNU C11 5.4.1 20160609 (release) [ARM/embedded-5-br"
 687      43313120 
 687      352E342E 
 687      31203230 
 687      31363036 
 688 0061 616E6368 		.ascii	"anch revision 237715] -mcpu=cortex-m3 -mthumb -g -O"
 688      20726576 
 688      6973696F 
 688      6E203233 
 688      37373135 
 689 0094 67202D66 		.ascii	"g -ffunction-sections -ffat-lto-objects -flto\000"
 689      66756E63 
 689      74696F6E 
 689      2D736563 
 689      74696F6E 
 690              	.LASF9:
 691 00c2 666C6F61 		.ascii	"float\000"
 691      7400
 692              	.LASF1:
 693 00c8 756E7369 		.ascii	"unsigned char\000"
 693      676E6564 
 693      20636861 
 693      7200
 694              	.LASF13:
 695 00d6 72656738 		.ascii	"reg8\000"
 695      00
 696              	.LASF5:
 697 00db 6C6F6E67 		.ascii	"long unsigned int\000"
 697      20756E73 
ARM GAS  C:\Users\info\AppData\Local\Temp\ccyVkAO4.s 			page 26


 697      69676E65 
 697      6420696E 
 697      7400
 698              	.LASF3:
 699 00ed 73686F72 		.ascii	"short unsigned int\000"
 699      7420756E 
 699      7369676E 
 699      65642069 
 699      6E7400
 700              	.LASF15:
 701 0100 526F775F 		.ascii	"Row_1_SetDriveMode\000"
 701      315F5365 
 701      74447269 
 701      76654D6F 
 701      646500
 702              	.LASF10:
 703 0113 646F7562 		.ascii	"double\000"
 703      6C6500
 704              	.LASF21:
 705 011a 47656E65 		.ascii	"Generated_Source\\PSoC5\\Row_1.c\000"
 705      72617465 
 705      645F536F 
 705      75726365 
 705      5C50536F 
 706              	.LASF8:
 707 0139 756E7369 		.ascii	"unsigned int\000"
 707      676E6564 
 707      20696E74 
 707      00
 708              	.LASF22:
 709 0146 433A5C55 		.ascii	"C:\\Users\\info\\Desktop\\Spring 2019 Classes\\6.11"
 709      73657273 
 709      5C696E66 
 709      6F5C4465 
 709      736B746F 
 710 0174 355C362E 		.ascii	"5\\6.115-final\\PSoCCreator\\Final Project\\FinalEm"
 710      3131352D 
 710      66696E61 
 710      6C5C5053 
 710      6F434372 
 711 01a3 756C6174 		.ascii	"ulator.cydsn\000"
 711      6F722E63 
 711      7964736E 
 711      00
 712              	.LASF7:
 713 01b0 6C6F6E67 		.ascii	"long long unsigned int\000"
 713      206C6F6E 
 713      6720756E 
 713      7369676E 
 713      65642069 
 714              	.LASF17:
 715 01c7 6D6F6465 		.ascii	"mode\000"
 715      00
 716              	.LASF6:
 717 01cc 6C6F6E67 		.ascii	"long long int\000"
 717      206C6F6E 
 717      6720696E 
ARM GAS  C:\Users\info\AppData\Local\Temp\ccyVkAO4.s 			page 27


 717      7400
 718              	.LASF11:
 719 01da 63686172 		.ascii	"char\000"
 719      00
 720              	.LASF2:
 721 01df 73686F72 		.ascii	"short int\000"
 721      7420696E 
 721      7400
 722              	.LASF12:
 723 01e9 75696E74 		.ascii	"uint8\000"
 723      3800
 724              	.LASF4:
 725 01ef 6C6F6E67 		.ascii	"long int\000"
 725      20696E74 
 725      00
 726              	.LASF0:
 727 01f8 7369676E 		.ascii	"signed char\000"
 727      65642063 
 727      68617200 
 728              	.LASF14:
 729 0204 526F775F 		.ascii	"Row_1_Write\000"
 729      315F5772 
 729      69746500 
 730              		.comm	__gnu_lto_v1,1,1
 731              		.ident	"GCC: (GNU Tools for ARM Embedded Processors) 5.4.1 20160609 (release) [ARM/embedded-5-bran
