ARM GAS  C:\Users\info\AppData\Local\Temp\ccLPeZwd.s 			page 1


   1              		.syntax unified
   2              		.cpu cortex-m3
   3              		.fpu softvfp
   4              		.eabi_attribute 20, 1
   5              		.eabi_attribute 21, 1
   6              		.eabi_attribute 23, 3
   7              		.eabi_attribute 24, 1
   8              		.eabi_attribute 25, 1
   9              		.eabi_attribute 26, 1
  10              		.eabi_attribute 30, 1
  11              		.eabi_attribute 34, 1
  12              		.eabi_attribute 18, 4
  13              		.thumb
  14              		.syntax unified
  15              		.file	"Row_3.c"
  16              		.text
  17              	.Ltext0:
  18              		.section	.gnu.lto_.profile.792a06ff,"",%progbits
  19 0000 789C6361 		.ascii	"x\234ca`d`a`\000\222\222\242\000\000\261\0009"
  19      60646061 
  19      60009292 
  19      A20000B1 
  19      0039
  20              		.text
  21              		.section	.gnu.lto_.inline.792a06ff,"",%progbits
  22 0000 789C6361 		.ascii	"x\234ca`d\000\001?\006\004`a`\340\344`d`\342y\020\313"
  22      60640001 
  22      3F060460 
  22      6160E0E4 
  22      606460E2 
  23 0017 C0B6409E 		.ascii	"\300\266@\236\011$\306\310\300\301\016\024\342\232\340"
  23      0924C6C8 
  23      C0C10E14 
  23      E29AE0
  24 0026 07176262 		.ascii	"\007\027bb`c\005\012\261}\320\203\0131c\0121\000\000"
  24      6063050A 
  24      B17DD083 
  24      0B31630A 
  24      310000
  25 0039 537C0835 		.ascii	"S|\0105"
  26              		.text
  27              		.section	.gnu.lto_.jmpfuncs.792a06ff,"",%progbits
  28 0000 789C6361 		.ascii	"x\234ca`d\000\001>\006\004`\001b\240(\023\003\0033\220"
  28      60640001 
  28      3E060460 
  28      0162A028 
  28      13030333 
  29 0015 05000292 		.ascii	"\005\000\002\222\000\036"
  29      001E
  30              		.text
  31              		.section	.gnu.lto_.pureconst.792a06ff,"",%progbits
  32 0000 789C6361 		.ascii	"x\234ca`d\340d```a\220b\224b\222b\226\002\000\002\261"
  32      6064E064 
  32      60606061 
  32      90629462 
  32      92629602 
  33 0017 0081     		.ascii	"\000\201"
ARM GAS  C:\Users\info\AppData\Local\Temp\ccLPeZwd.s 			page 2


  34              		.text
  35              		.section	.gnu.lto_Row_3_Write.792a06ff,"",%progbits
  36 0000 789C5551 		.ascii	"x\234UQMKTa\024>\317\373\336\217I\253?\320@\022\210"
  36      4D4B5461 
  36      143ECFFB 
  36      DE8F49AB 
  36      3FD04012 
  37 0015 D92222E9 		.ascii	"\331\"\"\351\017\324\302m\350v@\206\351.\204j@\307Z"
  37      0FD4C26D 
  37      E8764086 
  37      E92E846A 
  37      40C75A
  38 0028 FA5EC7B9 		.ascii	"\372^\307\271\202\270p\243\022T\003\206\370U~T\233\300"
  38      82B870A3 
  38      12540386 
  38      F8557E54 
  38      9BC0
  39 003a C5E512B4 		.ascii	"\305\345\022\264+\0107}\020\342\342\012A1\202C\222\331"
  39      2B08377D 
  39      10E2E20A 
  39      41318243 
  39      92D9
  40 004c 74CE7B5D 		.ascii	"t\316{]\344\201\367\343\236\373<\317y\316y\035\002I"
  40      E481F7E3 
  40      9EFB3CCF 
  40      79CE791D 
  40      0249
  41 005e 5C5144D7 		.ascii	"\\QD\327\371\274\300\013\232\240\246\337\023\2059\005"
  41      F9BCC00B 
  41      9AA0A6DF 
  41      13853905 
  42 006e C8C5E440 		.ascii	"\310\305\344@\243\012\243h\252c\205d\"}\243\272\027"
  42      A30AA368 
  42      AA638564 
  42      227DA3BA 
  42      17
  43 007f 0DC7CEC2 		.ascii	"\015\307\316\302Sm\226b\3244QKY%\302\"\272\031\265\267"
  43      536D9662 
  43      D434514B 
  43      5925C222 
  43      BA19B5B7 
  44 0093 35B10D7D 		.ascii	"5\261\015}\011\304\367(i6\332\273\026\214\0313f\277"
  44      09C4F728 
  44      6936DABB 
  44      168C1933 
  44      66BF
  45 00a5 60744D03 		.ascii	"`tM\003K\320\314@O\036\327\362\304\011\3022\272\004"
  45      4BD0CC40 
  45      4F1ED7F2 
  45      C409C232 
  45      BA04
  46 00b7 7CF8797B 		.ascii	"|\370y{\355\274\276l\211\323&\235?\333\371L\210\361"
  46      EDBCBE6C 
  46      89D3269D 
  46      3FDBF94C 
  46      88F1
  47 00c9 AF7B7326 		.ascii	"\257{s&\016;\204\273\362?W\202\241\273\233\177g\316"
ARM GAS  C:\Users\info\AppData\Local\Temp\ccLPeZwd.s 			page 3


  47      0E3B84BB 
  47      F23F5782 
  47      A1BB9B7F 
  47      67CE
  48 00db 79E3E2AA 		.ascii	"y\343\342\252\003\253\350\314\374\3409<\356\020\222"
  48      03ABE8CC 
  48      FCE0393C 
  48      EE1092
  49 00ea 59EF8B4D 		.ascii	"Y\357\213M\253U5q\323m\3523\212\213*\356\224\1778\220"
  49      AB553571 
  49      D36DEA33 
  49      8A8B2AEE 
  49      947F3890 
  50 00fe DAAE243C 		.ascii	"\332\256$<\331|\331\210\032\274\244\373}\245\344\324"
  50      D97CD988 
  50      1ABCA4FB 
  50      7DA5E4D4 
  51 010e 2992DF93 		.ascii	")\222\337\223\337\346|\321\254j\231\304l-\371\340\037"
  51      DFE67CD1 
  51      AC6A99C4 
  51      6C2DF9E0 
  51      1F
  52 011f A89AD6D6 		.ascii	"\250\232\326\326\355\247/\217~z\331\347\306|h\034N\355"
  52      EDA72F8F 
  52      7E7AD9E7 
  52      C67C681C 
  52      4EED
  53 0131 4C3E3EF2 		.ascii	"L>>\362\353x\022\216\363\214\034\254!\217\027`\317X"
  53      EB78128E 
  53      F38C1CAC 
  53      218F1760 
  53      CF58
  54 0143 471D94A2 		.ascii	"G\035\224\242\372'\372\212LPg\232\341\217\350cND\200"
  54      FA27FA8A 
  54      4C50679A 
  54      E18FE863 
  54      4E4480
  55 0156 636083C1 		.ascii	"c`\203\301\273P\266\015v\312(!5\242t\357\304\206[\325"
  55      BB50B60D 
  55      76CA2821 
  55      35A274EF 
  55      C4865BD5 
  56 016a 52E7F5DB 		.ascii	"R\347\365\333w\221e\271\0006\231d\245\017N\244\005\307"
  56      779165B9 
  56      00369964 
  56      A50F4EA4 
  56      05C7
  57 017c A0ADFAD4 		.ascii	"\240\255\372\324r\233\200\034V|\231\201\016\275\014"
  57      729B801C 
  57      567C9981 
  57      0EBD0C
  58 018b E25B031E 		.ascii	"\342[\003\036\247\222Y\313:e>4\246\375\264\377W\354"
  58      A79259CB 
  58      3A653E34 
  58      A6FDB4FF 
  58      57EC
  59 019d 9F59F41D 		.ascii	"\237Y\364\035c\361\221+\004\373\020\015\005\231\025"
ARM GAS  C:\Users\info\AppData\Local\Temp\ccLPeZwd.s 			page 4


  59      63F1912B 
  59      04FB100D 
  59      059915
  60 01ac 4FEE626F 		.ascii	"O\356bop?\030*V\202;\003\375\345\221\241RP\270\335_"
  60      703F182A 
  60      56823B03 
  60      FDE591A1 
  60      5250B8DD 
  61 01c1 BE75A3D0 		.ascii	"\276u\243\320W~8\320s\265D\356\203\342\335\221\240m"
  61      577E38D0 
  61      73B544EE 
  61      83E2DD91 
  61      A06D
  62 01d3 B852AC0C 		.ascii	"\270R\254\014\226n\016V\206\377\001\201X\302:"
  62      966E0E56 
  62      86FF0181 
  62      58C23A
  63              		.text
  64              		.section	.gnu.lto_Row_3_SetDriveMode.792a06ff,"",%progbits
  65 0000 789C7D51 		.ascii	"x\234}QM+DQ\030~\237s\356\334;C\374\001SdA6R\362\013"
  65      4D2B4451 
  65      187E9F73 
  65      EEDC3B43 
  65      FC015364 
  66 0019 145BB19D 		.ascii	"\024[\261\235\222\270K&\"KgfL\212\215\022%il\344\373"
  66      92B84B26 
  66      224B6766 
  66      4C8A8D12 
  66      25696CE4 
  67 002e 2B2BBB71 		.ascii	"++\273q\305Jc\241,,$\213I\212\306W\344k\274\357\275"
  67      C54A63A1 
  67      2C2C248B 
  67      498AC657 
  67      E46BBCEF 
  68 0043 16B372BA 		.ascii	"\026\263r\272\347\375xz\236\247\367=\327\"\220\234["
  68      E7FD787A 
  68      9EA7F73D 
  68      D722909C 
  68      5B
  69 0054 4E759CAB 		.ascii	"Nu\234\253\370B\023\324t\216(\021V\200\024&\014\032"
  69      F84213D4 
  69      748E2811 
  69      56801426 
  69      0C1A
  70 0066 5318C3AB 		.ascii	"S\030\303\253\372V\360&\362\007\252a\305\360\271>~h"
  70      FA56F026 
  70      F207AA61 
  70      C5F0B93E 
  70      7E68
  71 0078 32AB59A4 		.ascii	"2\253Y\2445QQ\371N\204\02540\353y\177y\246\\\327\202"
  71      355151F9 
  71      4E841534 
  71      30EB797F 
  71      79A65CD7 
  72 008d B87ECC15 		.ascii	"\270~\314\025\256*\353\227\215I\032S\214\031\235\326"
  72      AE2AEB97 
  72      8D491A53 
ARM GAS  C:\Users\info\AppData\Local\Temp\ccLPeZwd.s 			page 5


  72      8C199DD6 
  73 009d C02A342B 		.ascii	"\300*4+\320\034ES\224\030 \254\241^\3107{?\263\025\366"
  73      D01C4553 
  73      941820AC 
  73      A15EC837 
  73      7B3FB315 
  74 00b2 B8D8D704 		.ascii	"\270\330\327\004\246X\207-c\356tfM\261\2302\3317\373"
  74      A658872D 
  74      63EE7466 
  74      4DB19832 
  74      D937FB
  75 00c5 F0C32E57 		.ascii	"\360\303.W,S\232\203\266$\204 \016\266\224\216\204\260"
  75      2C539A83 
  75      B6248420 
  75      0EB6948E 
  75      84B0
  76 00d7 84887088 		.ascii	"\204\210p\210\012|e\221G\245$\353<\274\217\311\374\202"
  76      0A7C6591 
  76      47A524EB 
  76      3CBC8FC9 
  76      FC82
  77 00e9 25CE292D 		.ascii	"%\316)-K\315\245\2753\347E\245\265\345O\374\220;=*\013"
  77      4BCDA5BD 
  77      33E745A5 
  77      B5E54FFC 
  77      903B3D2A 
  78 00fe DAF9A584 		.ascii	"\332\371\245\204\261\030:\337z\363\3122XL\214\363\272"
  78      B1183ADF 
  78      7AF3CA32 
  78      584C8CF3 
  78      BA
  79 010f 216C228A 		.ascii	"!l\"\212\015Dy\272-d@y$\237\234\300N\263#\367\251/;"
  79      0D4479BA 
  79      2D644079 
  79      249F9CC0 
  79      4EB323F7 
  80 0126 E82D8658 		.ascii	"\350-\206X\177y2\365\035\021K\215Al\263\262D\302_\250"
  80      7F7932F5 
  80      1D114B8D 
  80      416CB3B2 
  80      44C25FA8 
  81 013a 54E230C4 		.ascii	"T\3420\304\222\373\213\215M\035H*\261\343KR\357\177"
  81      92FB8B8D 
  81      4D1D482A 
  81      B1E34B52 
  81      EF7F
  82 014c 94B06FEC 		.ascii	"\224\260o\354\224\272D\030\345\336\233\203\364\377\215"
  82      94BA4418 
  82      E5DE9B83 
  82      F4FF8D
  83 015b BCCB2333 		.ascii	"\274\313#3\237\356\220\314~\266\011\333\377u\005\005"
  83      9FEE90CC 
  83      7EB609DB 
  83      FF750505 
  84 016b 791E7EAC 		.ascii	"y\036~\254\352vw\300\035\352\031v\373\272\273\342#C"
  84      EA7677C0 
  84      1DEA1976 
ARM GAS  C:\Users\info\AppData\Local\Temp\ccLPeZwd.s 			page 6


  84      FBBABBE2 
  84      2343
  85 017d BD6EACA3 		.ascii	"\275n\254\243+\336\332\022\353\214\217v77\366\222\325"
  85      2BDEDA12 
  85      EB8C8F76 
  85      3737F692 
  85      D5
  86 018e 1FEF737F 		.ascii	"\037\357s\177\001\006\370\246\203"
  86      0106F8A6 
  86      83
  87              		.text
  88              		.section	.gnu.lto_Row_3_Read.792a06ff,"",%progbits
  89 0000 789C3550 		.ascii	"x\2345P\315K\002A\024\177\277\231\325\225\242\372\003"
  89      CD4B0241 
  89      147FBF99 
  89      D595A2FA 
  89      03
  90 0011 12AAA397 		.ascii	"\022\252\243\227\010$\210\256A]C\241\223 a{M\220\242"
  90      082488AE 
  90      415D43A1 
  90      9320617B 
  90      4D90A2
  91 0024 A3BBAE6B 		.ascii	"\243\273\256k\020\035\272T\247\022\202\320\276\010\241"
  91      101DBA54 
  91      A71282D0 
  91      BE08A1
  92 0033 3F6093A2 		.ascii	"?`\223\242 \250C\004A!\021b\320\251\304\020\244\332"
  92      20A84304 
  92      41211162 
  92      D0A9C410 
  92      A4DA
  93 0045 DEB43530 		.ascii	"\336\26450\357\315\274\371}\2747\032\201\324\232\341"
  93      EFCDBCF9 
  93      7DBC371A 
  93      81D49AE1 
  94 0055 34C4B99F 		.ascii	"4\304\271\2377$A\254]\023Y!\001\250\203\031\002e\005"
  94      372441AC 
  94      5D135921 
  94      01A88319 
  94      026505
  95 0068 B2F8105F 		.ascii	"\262\370\020_\002W\355\313\325\256H\3114s\346\323ng"
  95      0257EDCB 
  95      D5AE48C9 
  95      3473E6D3 
  95      6E67
  96 007a 6CB3ECC2 		.ascii	"l\263\354\302\221D\236 D\303\030\011+\211\022\"\304"
  96      91449E20 
  96      44C31809 
  96      2B891222 
  96      C4
  97 008b D0E7CAF7 		.ascii	"\320\347\312\367zO0o\362\032T\000~)#\250,\217c\256\351"
  97      7A4F306F 
  97      F21A5400 
  97      7E2923A8 
  97      2C8F63AE 
  98 00a0 79B6E9DE 		.ascii	"y\266\351\336\351\247\367\272\016r$\373r\3208\210\200"
  98      E9A7F7BA 
ARM GAS  C:\Users\info\AppData\Local\Temp\ccLPeZwd.s 			page 7


  98      0E7224FB 
  98      72D03888 
  98      80
  99 00b1 0A4152B2 		.ascii	"\012AR\262\364\3064\325\304\273\020*\313\006\252\235"
  99      F4C634D5 
  99      C4BB102A 
  99      CB06AA9D 
 100 00c1 95DAF6B8 		.ascii	"\225\332\366\270R\262\245d\227\015\247z\243\267\204"
 100      52B2A564 
 100      970DA77A 
 100      A3B784
 101 00d0 23259469 		.ascii	"#%\224i\356\245\366\320\355_+;\226\251q\311\261n\037"
 101      EEA5F6D0 
 101      ED5F2B3B 
 101      96A971C9 
 101      B16E1F
 102 00e3 7B8BD8B2 		.ascii	"{\213\330\262\362\334\252\206}\204\261\007n\024\007"
 102      F2DCAA86 
 102      7D84B107 
 102      6E1407
 103 00f2 28821AB0 		.ascii	"(\202\032\260?'\311\226\360\345\316\275\266\333\247"
 103      3F27C996 
 103      F0E5CEBD 
 103      B6DBA7
 104 0101 F880C021 		.ascii	"\370\200\300!\303\032\3105\227[\3027\324\030\247\030"
 104      C31AC835 
 104      975BC237 
 104      D418A718 
 105 0111 CD425DF3 		.ascii	"\315B]\363+\001.2\355\344\354\242\020R4\3764\034\375"
 105      2B012E32 
 105      EDE4ECA2 
 105      105234FE 
 105      341CFD
 106 0124 D3EAF041 		.ascii	"\323\352\360A\012G\257\370\023\011\322\357`P\003\361"
 106      0A47AFF8 
 106      1309D2EF 
 106      605003F1 
 107 0134 780353C6 		.ascii	"x\003S\306\274\221\231]0\346\222\361\364b&e$\246\343"
 107      BC91995D 
 107      30E692F1 
 107      F4622665 
 107      24A6E3
 108 0147 E989D144 		.ascii	"\351\211\321D,\275\224\214\016\247\350\007\355c{F"
 108      2CBD948C 
 108      0EA7E807 
 108      ED637B46 
 109              		.text
 110              		.section	.gnu.lto_Row_3_ReadDataReg.792a06ff,"",%progbits
 111 0000 789C3550 		.ascii	"x\2345P\315K\002A\024\177\277\231u\025!\372\003\022"
 111      CD4B0241 
 111      147FBF99 
 111      751521FA 
 111      0312
 112 0012 AAA39708 		.ascii	"\252\243\227\010\244C]\203\272\206B'A\302\366\232 E"
 112      A4435D83 
 112      BA864227 
 112      41C2F69A 
ARM GAS  C:\Users\info\AppData\Local\Temp\ccLPeZwd.s 			page 8


 112      2045
 113 0024 4747570D 		.ascii	"GGW\015\244C\227\212\240\010\202P\373\240\202\256\301"
 113      A443978A 
 113      A0088250 
 113      FBA082AE 
 113      C1
 114 0035 26454150 		.ascii	"&EAP]\243\213\204x\350\020%\206\320\207\333\233\266"
 114      5DA38B84 
 114      78E81025 
 114      86D087DB 
 114      9BB6
 115 0047 06E6BD99 		.ascii	"\006\346\275\2317\277\217\367\306 \220^\323\234\006"
 115      37BF8FF7 
 115      C620905E 
 115      D39C06
 116 0056 39F7F186 		.ascii	"9\367\361\206$\210\225[\242l@\000\372\240\002\240\214"
 116      2488955B 
 116      A26C4000 
 116      FAA002A0 
 116      8C
 117 0067 4006EFE2 		.ascii	"@\006\357\342[\340\246s\275\034\014\227\225\312\251"
 117      5BE0A673 
 117      BD1C0C97 
 117      95CAA9
 118 0076 FA6E7974 		.ascii	"\372nyt\275\342\240 \211\\A\210\2040\034\322\022e\204"
 118      BDE2A020 
 118      895C4188 
 118      84301CD2 
 118      126584
 119 0089 89A14F27 		.ascii	"\211\241O'\335\325\0363\257x\015h\000\277T`j\313\243"
 119      DDD51E33 
 119      AF780D68 
 119      00BF5460 
 119      6ACBA3
 120 009c A8A35CD7 		.ascii	"\250\243\\\327V\316Y\360\374>\350\007\025$\373r08\010"
 120      56CE59F0 
 120      FC3EE807 
 120      1524FB72 
 120      303808
 121 00af 9F0E2669 		.ascii	"\237\016&iYze\232n\342M\010\235e\023\265\217R\267:\246"
 121      597A659A 
 121      6EE24D08 
 121      9D6513B5 
 121      8F52B73A 
 122 00c4 956C29D9 		.ascii	"\225l)\331e\255P\273\363\267EAJh\323\207\307\215\027"
 122      65AD50BB 
 122      F3B74541 
 122      4A68D387 
 122      C78D17
 123 00d7 D3BB1EEF 		.ascii	"\323\273\036\357d\225\301\245zi\363\323\277\215\255"
 123      6495C1A5 
 123      7A69F3D3 
 123      BF8DAD
 124 00e6 6C9E5B35 		.ascii	"l\236[5\260\207\020\252\340F\261\217mP\023\366\327\004"
 124      B08710AA 
 124      E046B18F 
 124      6D5013F6 
ARM GAS  C:\Users\info\AppData\Local\Temp\ccLPeZwd.s 			page 9


 124      D704
 125 00f8 D9129EDC 		.ascii	"\331\022\236\334\245\333qz5\037\0208`X\023\271\326R"
 125      A5DB717A 
 125      351F1038 
 125      605813B9 
 125      D652
 126 010a 5B788606 		.ascii	"[x\206\006\3434\243Ul\030^\305\307E\246\235^\\\025\003"
 126      E334A355 
 126      6C185EC5 
 126      C745A69D 
 126      5E5C1503 
 127 011e 9AC69F86 		.ascii	"\232\306\237\206\303\177Z\003\036H\343\350\031\177\""
 127      C37F5A03 
 127      1E48E3E8 
 127      197F22
 128 012d 26FD0E06 		.ascii	"&\375\016\006=\020\217\327?i\315Y\351\231yk6\021K-\244"
 128      3D108FD7 
 128      3F69CD59 
 128      E999796B 
 128      36114B2D 
 129 0142 93567C2A 		.ascii	"\223V|*\226\032\037\211GS\213\211\310P\222~\000\311"
 129      961A1F89 
 129      47538B89 
 129      C850927E 
 129      00C9
 130 0154 097B5D   		.ascii	"\011{]"
 131              		.text
 132              		.section	.gnu.lto_.symbol_nodes.792a06ff,"",%progbits
 133 0000 789C6361 		.ascii	"x\234ca`dpc\000\002&\206z\006\206\011\347\030@\324\252"
 133      60647063 
 133      00022686 
 133      7A068609 
 133      E71840D4 
 134 0015 0645A000 		.ascii	"\006E\240\000c=#\252\000S=\023\252\000s=3\212\000\003"
 134      633D23AA 
 134      00533D13 
 134      AA00733D 
 134      338A0003 
 135 0029 001ED60E 		.ascii	"\000\036\326\016\374"
 135      FC
 136              		.text
 137              		.section	.gnu.lto_.refs.792a06ff,"",%progbits
 138 0000 789C6361 		.ascii	"x\234ca`\004B \000\000\0009\000\007"
 138      60044220 
 138      00000039 
 138      0007
 139              		.text
 140              		.section	.gnu.lto_.decls.792a06ff,"",%progbits
 141 0000 789C8D92 		.ascii	"x\234\215\222]HTA\024\307\347\334{w\225\253YI\224\017"
 141      5D485441 
 141      14C7E7DC 
 141      7B7795AB 
 141      5949940F 
 142 0014 97329F7C 		.ascii	"\2272\237|Z\022\011\244\207\012\224\354\245\014-{\021"
 142      5A1209A4 
 142      870A94EC 
 142      A50C2D7B 
ARM GAS  C:\Users\info\AppData\Local\Temp\ccLPeZwd.s 			page 10


 142      11
 143 0025 96552FE6 		.ascii	"\226U/\346\213\033\333ZH\004\223\253`\366\220\022\026"
 143      8B1BDB5A 
 143      480493AB 
 143      60F69012 
 143      16
 144 0036 5A942595 		.ascii	"Z\224%\225_\271[\356\232\273e\273}\230P\010\212\025"
 144      5FB95BEE 
 144      9ABB65BB 
 144      7D985008 
 144      8A15
 145 0048 844192F9 		.ascii	"\204A\222\371\240I)J$f\333\231\331\273\336km\340\201"
 145      A049294A 
 145      2466DB99 
 145      D9BBDE6B 
 145      6DE081
 146 005b B973CECC 		.ascii	"\271s\316\314\371\377\346\314\271#\021 \314\366H\204"
 146      F9FFE6CC 
 146      B9231120 
 146      CCF64884 
 147 006b 5CC659C1 		.ascii	"\\\306Y\3010\214fB\277\220\350\206\333\244\027\207\017"
 147      308C6642 
 147      BF90E886 
 147      DBA41787 
 147      0F
 148 007c 473F8E00 		.ascii	"G?\216\000\371\327\330\276Y\323\3650\026\216 \216\001"
 148      F9D7D8BE 
 148      59D3F530 
 148      168E208E 
 148      01
 149 008d 1C795A0E 		.ascii	"\034yZ\016hy\177\233/\2066d\320G\265\276\030ZV\217\311"
 149      68797F9B 
 149      2F863664 
 149      D047B5BE 
 149      185A568F 
 150 00a2 A0CB8BA1 		.ascii	"\240\313\213\241\353\217\241\013\254C\027\353\236+\002"
 150      EB8FA10B 
 150      AC4317EB 
 150      9E2B02
 151 00b1 B83ECFB4 		.ascii	"\270>\317\264\306\217\303\007\000\002\334\210\326G\302"
 151      C68FC307 
 151      0002DC88 
 151      D647C2
 152 00c0 56B49939 		.ascii	"V\264\2319\020\011\204(\017V\311\232\303\323\201\010"
 152      10098428 
 152      0F56C99A 
 152      C3D38108 
 153 00d0 3C1F0C1B 		.ascii	"<\037\014\033k\362\370?\341\246/\301\252E3a-\224Q\365"
 153      6BF2F83F 
 153      E1A62FC1 
 153      AA453361 
 153      2D9451F5 
 154 00e4 10634117 		.ascii	"\020cA\027\030xZ\365\332\371`<\226\243\305\350\245\275"
 154      18785AF5 
 154      DAF9603C 
 154      96A3C5E8 
 154      A5BD
ARM GAS  C:\Users\info\AppData\Local\Temp\ccLPeZwd.s 			page 11


 155 00f6 DF178A45 		.ascii	"\337\027\212ED\242\373i\251\375\200\245\233\2425P*l"
 155      44A2FB69 
 155      A9FD80A5 
 155      9BA23550 
 155      2A6C
 156 0108 D71BE3AE 		.ascii	"\327\033\343\256\375\322\021\277(\200\"C\030X<\353_"
 156      FDD211BF 
 156      28802243 
 156      18583CEB 
 156      5F
 157 0119 DA1089D9 		.ascii	"\332\020\211\331vs\343\344\357\004q\033\363\205\261"
 157      7673E3E4 
 157      EF04711B 
 157      F385B1
 158 0128 C9AE6909 		.ascii	"\311\256i\011\322\345\273\0143\261\354\331\353\247t"
 158      D2E5BB0C 
 158      33B1ECD9 
 158      EBA774
 159 0137 13F4800C 		.ascii	"\023\364\200\014\335 B\007XX\001\212\214\337:J\253\351"
 159      DD204207 
 159      5858018A 
 159      8CDF3A4A 
 159      ABE9
 160 0149 DC6D6A4E 		.ascii	"\334mjN!\220\251\300.\205\300}HgL\226\005]\240@'(\214"
 160      2190A9C0 
 160      2E85C07D 
 160      48674C96 
 160      055DA040 
 161 0160 3F75F5E6 		.ascii	"?u\365\346W\263\204\335\346\234b\211\255\215\326x\256"
 161      57B384DD 
 161      E69C6289 
 161      AD8DD678 
 161      AE
 162 0171 8B5842B2 		.ascii	"\213XB\262\014\022\206\363\303-\223I\030n\221!\025\303"
 162      0C1286F3 
 162      C32D9349 
 162      186E9121 
 162      15C3
 163 0183 EEC0C759 		.ascii	"\356\300\307Ys\312\025~\025\027M\225\240p+<@\240\007"
 163      73CA157E 
 163      15174D95 
 163      A0702B3C 
 163      40A007
 164 0196 81041E42 		.ascii	"\201\004\036B\012~\335 En\027\356\364\2761\245\265\322"
 164      0A7EDD20 
 164      456E17EE 
 164      F4BE31A5 
 164      B5D2
 165 01a8 560F9D08 		.ascii	"V\017\235\010Oe6\323P\015\352\004\226\006\355z\321\350"
 165      4F6536D3 
 165      500DEA04 
 165      9606ED7A 
 165      D1E8
 166 01ba B2E91E8C 		.ascii	"\262\351\036\214c?{!\015\225\265\235\327\202 Zy\023"
 166      633F7B21 
 166      0D95B59D 
 166      D782205A 
ARM GAS  C:\Users\info\AppData\Local\Temp\ccLPeZwd.s 			page 12


 166      7913
 167 01cc E6DBEE8C 		.ascii	"\346\333\356\214H\021Jh\361U\"m8O\351~\316\360\352\014"
 167      48114A68 
 167      F155226D 
 167      384FE97E 
 167      CEF0EA0C 
 168 01e0 AF91E1E3 		.ascii	"\257\221\341\343\214\245\267M\277d\321\301\031#\027"
 168      8CA5B74D 
 168      BF64D1C1 
 168      192317
 169 01ef 075D1B8D 		.ascii	"\007]\033\215e\263\373\352u?\342u\027G\313\256o;\253"
 169      65B3FBEA 
 169      753FE275 
 169      1747CBAE 
 169      6F3BAB
 170 0202 9D373624 		.ascii	"\23576$\256V\215I\320\247\237\330g<\261\237\23784\370"
 170      AE568D49 
 170      D0A79FD8 
 170      673CB19F 
 170      9F3834F8 
 171 0216 C32D8AE7 		.ascii	"\303-\212\347\370\2113\313\357n$i\224\300\353h\325\214"
 171      F88933CB 
 171      EF6E2469 
 171      94C0EB68 
 171      D58C
 172 0228 E1D7197E 		.ascii	"\341\327\031~##\300\031\2135\013\357\3152\376B\327\372"
 172      2323C019 
 172      8B350BEF 
 172      CD32FE42 
 172      D7FA
 173 023a 7EE1F0F4 		.ascii	"~\341\360\364\255p\234x\011\370\033\351mjn\212\0039"
 173      AD709C78 
 173      09F81BE9 
 173      6D6A6E8A 
 173      0339
 174 024c 3D86FC69 		.ascii	"=\206\374i\014\271\366\224~\036m\274\300.8\200=y\242"
 174      0CB9F694 
 174      7E1E6DBC 
 174      C02E3880 
 174      3D79A2
 175 025f 17F718E4 		.ascii	"\027\367\030\344H?:\276\275\010Ab={U\330\274\344\203"
 175      483F3ABE 
 175      BD084162 
 175      3D7B55D8 
 175      BCE483
 176 0272 3C516F5E 		.ascii	"<Qo^\020\022\371\343\307yE\020_\216\271\2032\310\012"
 176      1012F9E3 
 176      C7794510 
 176      5F8EB983 
 176      32C80A
 177 0285 E03ED4B1 		.ascii	"\340>\324\261\003\346\252\015u\020\0101,<\303\355\347"
 177      03E6AA0D 
 177      75100831 
 177      2C3CC3ED 
 177      E7
 178 0296 286FA12C 		.ascii	"(o\241,g\024\3702\017\346\366q\237\177\022\362\355g"
 178      6714F832 
ARM GAS  C:\Users\info\AppData\Local\Temp\ccLPeZwd.s 			page 13


 178      0FE6F671 
 178      9F7F12F2 
 178      ED67
 179 02a8 AC99D6E3 		.ascii	"\254\231\326\343\216r\247\032\237{\370XjvF\0061U\226"
 179      8E72A71A 
 179      9F7BF858 
 179      6A764606 
 179      315596
 180 02bb 5738B376 		.ascii	"W8\263v\346\252\025\252\303\346TK\255\005\366JG\211"
 180      E6AA15AA 
 180      C3E6544B 
 180      AD05F64A 
 180      4789
 181 02cd 5A74A4C0 		.ascii	"Zt\244\300\236\275\273\250\244\312YuR=e9Av\374'\203"
 181      9EBDBBA8 
 181      A4CA5975 
 181      523D6539 
 181      4176FC27 
 182 02e2 332D2524 		.ascii	"3-%$9\002/P\2359\216\362\323\352!{\251*G\226\362U[\351"
 182      39022F50 
 182      9D398EF2 
 182      D3EA217B 
 182      A92A4796 
 183 02fa 66DDCDB1 		.ascii	"f\335\315\2619m\371j\231\344P\313\262\376\000\225\363"
 183      396DF96A 
 183      99E450CB 
 183      B2FE0095 
 183      F3
 184 030b 6122     		.ascii	"a\""
 185              		.text
 186              		.section	.gnu.lto_.symtab.792a06ff,"",%progbits
 187 0000 526F775F 		.ascii	"Row_3_Write\000"
 187      335F5772 
 187      69746500 
 188 000c 00       		.ascii	"\000"
 189 000d 00       		.ascii	"\000"
 190 000e 00       		.ascii	"\000"
 191 000f 00000000 		.ascii	"\000\000\000\000\000\000\000\000"
 191      00000000 
 192 0017 B3000000 		.ascii	"\263\000\000\000"
 193 001b 526F775F 		.ascii	"Row_3_SetDriveMode\000"
 193      335F5365 
 193      74447269 
 193      76654D6F 
 193      646500
 194 002e 00       		.ascii	"\000"
 195 002f 00       		.ascii	"\000"
 196 0030 00       		.ascii	"\000"
 197 0031 00000000 		.ascii	"\000\000\000\000\000\000\000\000"
 197      00000000 
 198 0039 B5000000 		.ascii	"\265\000\000\000"
 199 003d 526F775F 		.ascii	"Row_3_Read\000"
 199      335F5265 
 199      616400
 200 0048 00       		.ascii	"\000"
 201 0049 00       		.ascii	"\000"
 202 004a 00       		.ascii	"\000"
ARM GAS  C:\Users\info\AppData\Local\Temp\ccLPeZwd.s 			page 14


 203 004b 00000000 		.ascii	"\000\000\000\000\000\000\000\000"
 203      00000000 
 204 0053 B8000000 		.ascii	"\270\000\000\000"
 205 0057 526F775F 		.ascii	"Row_3_ReadDataReg\000"
 205      335F5265 
 205      61644461 
 205      74615265 
 205      6700
 206 0069 00       		.ascii	"\000"
 207 006a 00       		.ascii	"\000"
 208 006b 00       		.ascii	"\000"
 209 006c 00000000 		.ascii	"\000\000\000\000\000\000\000\000"
 209      00000000 
 210 0074 BA000000 		.ascii	"\272\000\000\000"
 211              		.text
 212              		.section	.gnu.lto_.opts,"",%progbits
 213 0000 272D666D 		.ascii	"'-fmath-errno' '-fsigned-zeros' '-ftrapping-math' '"
 213      6174682D 
 213      6572726E 
 213      6F272027 
 213      2D667369 
 214 0033 2D666E6F 		.ascii	"-fno-trapv' '-fno-strict-overflow' '-fno-openmp' '-"
 214      2D747261 
 214      70762720 
 214      272D666E 
 214      6F2D7374 
 215 0066 666E6F2D 		.ascii	"fno-openacc' '-mcpu=cortex-m3' '-mthumb' '-g' '-Og'"
 215      6F70656E 
 215      61636327 
 215      20272D6D 
 215      6370753D 
 216 0099 20272D66 		.ascii	" '-ffunction-sections' '-ffat-lto-objects' '-flto'\000"
 216      66756E63 
 216      74696F6E 
 216      2D736563 
 216      74696F6E 
 217              		.text
 218              		.cfi_sections	.debug_frame
 219              		.section	.text.Row_3_Write,"ax",%progbits
 220              		.align	2
 221              		.global	Row_3_Write
 222              		.thumb
 223              		.thumb_func
 224              		.type	Row_3_Write, %function
 225              	Row_3_Write:
 226              	.LFB0:
 227              		.file 1 "Generated_Source\\PSoC5\\Row_3.c"
   1:Generated_Source\PSoC5/Row_3.c **** /*******************************************************************************
   2:Generated_Source\PSoC5/Row_3.c **** * File Name: Row_3.c  
   3:Generated_Source\PSoC5/Row_3.c **** * Version 2.20
   4:Generated_Source\PSoC5/Row_3.c **** *
   5:Generated_Source\PSoC5/Row_3.c **** * Description:
   6:Generated_Source\PSoC5/Row_3.c **** *  This file contains API to enable firmware control of a Pins component.
   7:Generated_Source\PSoC5/Row_3.c **** *
   8:Generated_Source\PSoC5/Row_3.c **** * Note:
   9:Generated_Source\PSoC5/Row_3.c **** *
  10:Generated_Source\PSoC5/Row_3.c **** ********************************************************************************
ARM GAS  C:\Users\info\AppData\Local\Temp\ccLPeZwd.s 			page 15


  11:Generated_Source\PSoC5/Row_3.c **** * Copyright 2008-2015, Cypress Semiconductor Corporation.  All rights reserved.
  12:Generated_Source\PSoC5/Row_3.c **** * You may use this file only in accordance with the license, terms, conditions, 
  13:Generated_Source\PSoC5/Row_3.c **** * disclaimers, and limitations in the end user license agreement accompanying 
  14:Generated_Source\PSoC5/Row_3.c **** * the software package with which this file was provided.
  15:Generated_Source\PSoC5/Row_3.c **** *******************************************************************************/
  16:Generated_Source\PSoC5/Row_3.c **** 
  17:Generated_Source\PSoC5/Row_3.c **** #include "cytypes.h"
  18:Generated_Source\PSoC5/Row_3.c **** #include "Row_3.h"
  19:Generated_Source\PSoC5/Row_3.c **** 
  20:Generated_Source\PSoC5/Row_3.c **** /* APIs are not generated for P15[7:6] on PSoC 5 */
  21:Generated_Source\PSoC5/Row_3.c **** #if !(CY_PSOC5A &&\
  22:Generated_Source\PSoC5/Row_3.c **** 	 Row_3__PORT == 15 && ((Row_3__MASK & 0xC0) != 0))
  23:Generated_Source\PSoC5/Row_3.c **** 
  24:Generated_Source\PSoC5/Row_3.c **** 
  25:Generated_Source\PSoC5/Row_3.c **** /*******************************************************************************
  26:Generated_Source\PSoC5/Row_3.c **** * Function Name: Row_3_Write
  27:Generated_Source\PSoC5/Row_3.c **** ****************************************************************************//**
  28:Generated_Source\PSoC5/Row_3.c **** *
  29:Generated_Source\PSoC5/Row_3.c **** * \brief Writes the value to the physical port (data output register), masking
  30:Generated_Source\PSoC5/Row_3.c **** *  and shifting the bits appropriately. 
  31:Generated_Source\PSoC5/Row_3.c **** *
  32:Generated_Source\PSoC5/Row_3.c **** * The data output register controls the signal applied to the physical pin in 
  33:Generated_Source\PSoC5/Row_3.c **** * conjunction with the drive mode parameter. This function avoids changing 
  34:Generated_Source\PSoC5/Row_3.c **** * other bits in the port by using the appropriate method (read-modify-write or
  35:Generated_Source\PSoC5/Row_3.c **** * bit banding).
  36:Generated_Source\PSoC5/Row_3.c **** *
  37:Generated_Source\PSoC5/Row_3.c **** * <b>Note</b> This function should not be used on a hardware digital output pin 
  38:Generated_Source\PSoC5/Row_3.c **** * as it is driven by the hardware signal attached to it.
  39:Generated_Source\PSoC5/Row_3.c **** *
  40:Generated_Source\PSoC5/Row_3.c **** * \param value
  41:Generated_Source\PSoC5/Row_3.c **** *  Value to write to the component instance.
  42:Generated_Source\PSoC5/Row_3.c **** *
  43:Generated_Source\PSoC5/Row_3.c **** * \return 
  44:Generated_Source\PSoC5/Row_3.c **** *  None 
  45:Generated_Source\PSoC5/Row_3.c **** *
  46:Generated_Source\PSoC5/Row_3.c **** * \sideeffect
  47:Generated_Source\PSoC5/Row_3.c **** *  If you use read-modify-write operations that are not atomic; the Interrupt 
  48:Generated_Source\PSoC5/Row_3.c **** *  Service Routines (ISR) can cause corruption of this function. An ISR that 
  49:Generated_Source\PSoC5/Row_3.c **** *  interrupts this function and performs writes to the Pins component data 
  50:Generated_Source\PSoC5/Row_3.c **** *  register can cause corrupted port data. To avoid this issue, you should 
  51:Generated_Source\PSoC5/Row_3.c **** *  either use the Per-Pin APIs (primary method) or disable interrupts around 
  52:Generated_Source\PSoC5/Row_3.c **** *  this function.
  53:Generated_Source\PSoC5/Row_3.c **** *
  54:Generated_Source\PSoC5/Row_3.c **** * \funcusage
  55:Generated_Source\PSoC5/Row_3.c **** *  \snippet Row_3_SUT.c usage_Row_3_Write
  56:Generated_Source\PSoC5/Row_3.c **** *******************************************************************************/
  57:Generated_Source\PSoC5/Row_3.c **** void Row_3_Write(uint8 value)
  58:Generated_Source\PSoC5/Row_3.c **** {
 228              		.loc 1 58 0
 229              		.cfi_startproc
 230              		@ args = 0, pretend = 0, frame = 0
 231              		@ frame_needed = 0, uses_anonymous_args = 0
 232              		@ link register save eliminated.
 233              	.LVL0:
  59:Generated_Source\PSoC5/Row_3.c ****     uint8 staticBits = (Row_3_DR & (uint8)(~Row_3_MASK));
 234              		.loc 1 59 0
 235 0000 044A     		ldr	r2, .L2
ARM GAS  C:\Users\info\AppData\Local\Temp\ccLPeZwd.s 			page 16


 236 0002 1378     		ldrb	r3, [r2]	@ zero_extendqisi2
 237 0004 03F0FD03 		and	r3, r3, #253
 238              	.LVL1:
  60:Generated_Source\PSoC5/Row_3.c ****     Row_3_DR = staticBits | ((uint8)(value << Row_3_SHIFT) & Row_3_MASK);
 239              		.loc 1 60 0
 240 0008 4000     		lsls	r0, r0, #1
 241              	.LVL2:
 242 000a 00F00200 		and	r0, r0, #2
 243 000e 1843     		orrs	r0, r0, r3
 244 0010 1070     		strb	r0, [r2]
 245 0012 7047     		bx	lr
 246              	.L3:
 247              		.align	2
 248              	.L2:
 249 0014 30510040 		.word	1073762608
 250              		.cfi_endproc
 251              	.LFE0:
 252              		.size	Row_3_Write, .-Row_3_Write
 253              		.section	.text.Row_3_SetDriveMode,"ax",%progbits
 254              		.align	2
 255              		.global	Row_3_SetDriveMode
 256              		.thumb
 257              		.thumb_func
 258              		.type	Row_3_SetDriveMode, %function
 259              	Row_3_SetDriveMode:
 260              	.LFB1:
  61:Generated_Source\PSoC5/Row_3.c **** }
  62:Generated_Source\PSoC5/Row_3.c **** 
  63:Generated_Source\PSoC5/Row_3.c **** 
  64:Generated_Source\PSoC5/Row_3.c **** /*******************************************************************************
  65:Generated_Source\PSoC5/Row_3.c **** * Function Name: Row_3_SetDriveMode
  66:Generated_Source\PSoC5/Row_3.c **** ****************************************************************************//**
  67:Generated_Source\PSoC5/Row_3.c **** *
  68:Generated_Source\PSoC5/Row_3.c **** * \brief Sets the drive mode for each of the Pins component's pins.
  69:Generated_Source\PSoC5/Row_3.c **** * 
  70:Generated_Source\PSoC5/Row_3.c **** * <b>Note</b> This affects all pins in the Pins component instance. Use the
  71:Generated_Source\PSoC5/Row_3.c **** * Per-Pin APIs if you wish to control individual pin's drive modes.
  72:Generated_Source\PSoC5/Row_3.c **** *
  73:Generated_Source\PSoC5/Row_3.c **** * \param mode
  74:Generated_Source\PSoC5/Row_3.c **** *  Mode for the selected signals. Valid options are documented in 
  75:Generated_Source\PSoC5/Row_3.c **** *  \ref driveMode.
  76:Generated_Source\PSoC5/Row_3.c **** *
  77:Generated_Source\PSoC5/Row_3.c **** * \return
  78:Generated_Source\PSoC5/Row_3.c **** *  None
  79:Generated_Source\PSoC5/Row_3.c **** *
  80:Generated_Source\PSoC5/Row_3.c **** * \sideeffect
  81:Generated_Source\PSoC5/Row_3.c **** *  If you use read-modify-write operations that are not atomic, the ISR can
  82:Generated_Source\PSoC5/Row_3.c **** *  cause corruption of this function. An ISR that interrupts this function 
  83:Generated_Source\PSoC5/Row_3.c **** *  and performs writes to the Pins component Drive Mode registers can cause 
  84:Generated_Source\PSoC5/Row_3.c **** *  corrupted port data. To avoid this issue, you should either use the Per-Pin
  85:Generated_Source\PSoC5/Row_3.c **** *  APIs (primary method) or disable interrupts around this function.
  86:Generated_Source\PSoC5/Row_3.c **** *
  87:Generated_Source\PSoC5/Row_3.c **** * \funcusage
  88:Generated_Source\PSoC5/Row_3.c **** *  \snippet Row_3_SUT.c usage_Row_3_SetDriveMode
  89:Generated_Source\PSoC5/Row_3.c **** *******************************************************************************/
  90:Generated_Source\PSoC5/Row_3.c **** void Row_3_SetDriveMode(uint8 mode)
  91:Generated_Source\PSoC5/Row_3.c **** {
ARM GAS  C:\Users\info\AppData\Local\Temp\ccLPeZwd.s 			page 17


 261              		.loc 1 91 0
 262              		.cfi_startproc
 263              		@ args = 0, pretend = 0, frame = 0
 264              		@ frame_needed = 0, uses_anonymous_args = 0
 265              		@ link register save eliminated.
 266              	.LVL3:
  92:Generated_Source\PSoC5/Row_3.c **** 	CyPins_SetPinDriveMode(Row_3_0, mode);
 267              		.loc 1 92 0
 268 0000 044A     		ldr	r2, .L5
 269 0002 1378     		ldrb	r3, [r2]	@ zero_extendqisi2
 270 0004 03F0F103 		and	r3, r3, #241
 271 0008 00F00E00 		and	r0, r0, #14
 272              	.LVL4:
 273 000c 1843     		orrs	r0, r0, r3
 274 000e 1070     		strb	r0, [r2]
 275 0010 7047     		bx	lr
 276              	.L6:
 277 0012 00BF     		.align	2
 278              	.L5:
 279 0014 19500040 		.word	1073762329
 280              		.cfi_endproc
 281              	.LFE1:
 282              		.size	Row_3_SetDriveMode, .-Row_3_SetDriveMode
 283              		.section	.text.Row_3_Read,"ax",%progbits
 284              		.align	2
 285              		.global	Row_3_Read
 286              		.thumb
 287              		.thumb_func
 288              		.type	Row_3_Read, %function
 289              	Row_3_Read:
 290              	.LFB2:
  93:Generated_Source\PSoC5/Row_3.c **** }
  94:Generated_Source\PSoC5/Row_3.c **** 
  95:Generated_Source\PSoC5/Row_3.c **** 
  96:Generated_Source\PSoC5/Row_3.c **** /*******************************************************************************
  97:Generated_Source\PSoC5/Row_3.c **** * Function Name: Row_3_Read
  98:Generated_Source\PSoC5/Row_3.c **** ****************************************************************************//**
  99:Generated_Source\PSoC5/Row_3.c **** *
 100:Generated_Source\PSoC5/Row_3.c **** * \brief Reads the associated physical port (pin status register) and masks 
 101:Generated_Source\PSoC5/Row_3.c **** *  the required bits according to the width and bit position of the component
 102:Generated_Source\PSoC5/Row_3.c **** *  instance. 
 103:Generated_Source\PSoC5/Row_3.c **** *
 104:Generated_Source\PSoC5/Row_3.c **** * The pin's status register returns the current logic level present on the 
 105:Generated_Source\PSoC5/Row_3.c **** * physical pin.
 106:Generated_Source\PSoC5/Row_3.c **** *
 107:Generated_Source\PSoC5/Row_3.c **** * \return 
 108:Generated_Source\PSoC5/Row_3.c **** *  The current value for the pins in the component as a right justified number.
 109:Generated_Source\PSoC5/Row_3.c **** *
 110:Generated_Source\PSoC5/Row_3.c **** * \funcusage
 111:Generated_Source\PSoC5/Row_3.c **** *  \snippet Row_3_SUT.c usage_Row_3_Read  
 112:Generated_Source\PSoC5/Row_3.c **** *******************************************************************************/
 113:Generated_Source\PSoC5/Row_3.c **** uint8 Row_3_Read(void)
 114:Generated_Source\PSoC5/Row_3.c **** {
 291              		.loc 1 114 0
 292              		.cfi_startproc
 293              		@ args = 0, pretend = 0, frame = 0
 294              		@ frame_needed = 0, uses_anonymous_args = 0
ARM GAS  C:\Users\info\AppData\Local\Temp\ccLPeZwd.s 			page 18


 295              		@ link register save eliminated.
 115:Generated_Source\PSoC5/Row_3.c ****     return (Row_3_PS & Row_3_MASK) >> Row_3_SHIFT;
 296              		.loc 1 115 0
 297 0000 024B     		ldr	r3, .L8
 298 0002 1878     		ldrb	r0, [r3]	@ zero_extendqisi2
 116:Generated_Source\PSoC5/Row_3.c **** }
 299              		.loc 1 116 0
 300 0004 C0F34000 		ubfx	r0, r0, #1, #1
 301 0008 7047     		bx	lr
 302              	.L9:
 303 000a 00BF     		.align	2
 304              	.L8:
 305 000c 31510040 		.word	1073762609
 306              		.cfi_endproc
 307              	.LFE2:
 308              		.size	Row_3_Read, .-Row_3_Read
 309              		.section	.text.Row_3_ReadDataReg,"ax",%progbits
 310              		.align	2
 311              		.global	Row_3_ReadDataReg
 312              		.thumb
 313              		.thumb_func
 314              		.type	Row_3_ReadDataReg, %function
 315              	Row_3_ReadDataReg:
 316              	.LFB3:
 117:Generated_Source\PSoC5/Row_3.c **** 
 118:Generated_Source\PSoC5/Row_3.c **** 
 119:Generated_Source\PSoC5/Row_3.c **** /*******************************************************************************
 120:Generated_Source\PSoC5/Row_3.c **** * Function Name: Row_3_ReadDataReg
 121:Generated_Source\PSoC5/Row_3.c **** ****************************************************************************//**
 122:Generated_Source\PSoC5/Row_3.c **** *
 123:Generated_Source\PSoC5/Row_3.c **** * \brief Reads the associated physical port's data output register and masks 
 124:Generated_Source\PSoC5/Row_3.c **** *  the correct bits according to the width and bit position of the component 
 125:Generated_Source\PSoC5/Row_3.c **** *  instance. 
 126:Generated_Source\PSoC5/Row_3.c **** *
 127:Generated_Source\PSoC5/Row_3.c **** * The data output register controls the signal applied to the physical pin in 
 128:Generated_Source\PSoC5/Row_3.c **** * conjunction with the drive mode parameter. This is not the same as the 
 129:Generated_Source\PSoC5/Row_3.c **** * preferred Row_3_Read() API because the 
 130:Generated_Source\PSoC5/Row_3.c **** * Row_3_ReadDataReg() reads the data register instead of the status 
 131:Generated_Source\PSoC5/Row_3.c **** * register. For output pins this is a useful function to determine the value 
 132:Generated_Source\PSoC5/Row_3.c **** * just written to the pin.
 133:Generated_Source\PSoC5/Row_3.c **** *
 134:Generated_Source\PSoC5/Row_3.c **** * \return 
 135:Generated_Source\PSoC5/Row_3.c **** *  The current value of the data register masked and shifted into a right 
 136:Generated_Source\PSoC5/Row_3.c **** *  justified number for the component instance.
 137:Generated_Source\PSoC5/Row_3.c **** *
 138:Generated_Source\PSoC5/Row_3.c **** * \funcusage
 139:Generated_Source\PSoC5/Row_3.c **** *  \snippet Row_3_SUT.c usage_Row_3_ReadDataReg 
 140:Generated_Source\PSoC5/Row_3.c **** *******************************************************************************/
 141:Generated_Source\PSoC5/Row_3.c **** uint8 Row_3_ReadDataReg(void)
 142:Generated_Source\PSoC5/Row_3.c **** {
 317              		.loc 1 142 0
 318              		.cfi_startproc
 319              		@ args = 0, pretend = 0, frame = 0
 320              		@ frame_needed = 0, uses_anonymous_args = 0
 321              		@ link register save eliminated.
 143:Generated_Source\PSoC5/Row_3.c ****     return (Row_3_DR & Row_3_MASK) >> Row_3_SHIFT;
 322              		.loc 1 143 0
ARM GAS  C:\Users\info\AppData\Local\Temp\ccLPeZwd.s 			page 19


 323 0000 024B     		ldr	r3, .L11
 324 0002 1878     		ldrb	r0, [r3]	@ zero_extendqisi2
 144:Generated_Source\PSoC5/Row_3.c **** }
 325              		.loc 1 144 0
 326 0004 C0F34000 		ubfx	r0, r0, #1, #1
 327 0008 7047     		bx	lr
 328              	.L12:
 329 000a 00BF     		.align	2
 330              	.L11:
 331 000c 30510040 		.word	1073762608
 332              		.cfi_endproc
 333              	.LFE3:
 334              		.size	Row_3_ReadDataReg, .-Row_3_ReadDataReg
 335              		.text
 336              	.Letext0:
 337              		.file 2 "Generated_Source\\PSoC5\\cytypes.h"
 338              		.section	.debug_info,"",%progbits
 339              	.Ldebug_info0:
 340 0000 1B010000 		.4byte	0x11b
 341 0004 0400     		.2byte	0x4
 342 0006 00000000 		.4byte	.Ldebug_abbrev0
 343 000a 04       		.byte	0x4
 344 000b 01       		.uleb128 0x1
 345 000c 2F000000 		.4byte	.LASF20
 346 0010 0C       		.byte	0xc
 347 0011 C3000000 		.4byte	.LASF21
 348 0015 34010000 		.4byte	.LASF22
 349 0019 00000000 		.4byte	.Ldebug_ranges0+0
 350 001d 00000000 		.4byte	0
 351 0021 00000000 		.4byte	.Ldebug_line0
 352 0025 02       		.uleb128 0x2
 353 0026 01       		.byte	0x1
 354 0027 06       		.byte	0x6
 355 0028 E6010000 		.4byte	.LASF0
 356 002c 02       		.uleb128 0x2
 357 002d 01       		.byte	0x1
 358 002e 08       		.byte	0x8
 359 002f E8000000 		.4byte	.LASF1
 360 0033 02       		.uleb128 0x2
 361 0034 02       		.byte	0x2
 362 0035 05       		.byte	0x5
 363 0036 CD010000 		.4byte	.LASF2
 364 003a 02       		.uleb128 0x2
 365 003b 02       		.byte	0x2
 366 003c 07       		.byte	0x7
 367 003d 0D010000 		.4byte	.LASF3
 368 0041 02       		.uleb128 0x2
 369 0042 04       		.byte	0x4
 370 0043 05       		.byte	0x5
 371 0044 DD010000 		.4byte	.LASF4
 372 0048 02       		.uleb128 0x2
 373 0049 04       		.byte	0x4
 374 004a 07       		.byte	0x7
 375 004b FB000000 		.4byte	.LASF5
 376 004f 02       		.uleb128 0x2
 377 0050 08       		.byte	0x8
 378 0051 05       		.byte	0x5
ARM GAS  C:\Users\info\AppData\Local\Temp\ccLPeZwd.s 			page 20


 379 0052 BA010000 		.4byte	.LASF6
 380 0056 02       		.uleb128 0x2
 381 0057 08       		.byte	0x8
 382 0058 07       		.byte	0x7
 383 0059 9E010000 		.4byte	.LASF7
 384 005d 03       		.uleb128 0x3
 385 005e 04       		.byte	0x4
 386 005f 05       		.byte	0x5
 387 0060 696E7400 		.ascii	"int\000"
 388 0064 02       		.uleb128 0x2
 389 0065 04       		.byte	0x4
 390 0066 07       		.byte	0x7
 391 0067 27010000 		.4byte	.LASF8
 392 006b 04       		.uleb128 0x4
 393 006c D7010000 		.4byte	.LASF12
 394 0070 02       		.byte	0x2
 395 0071 E401     		.2byte	0x1e4
 396 0073 2C000000 		.4byte	0x2c
 397 0077 02       		.uleb128 0x2
 398 0078 04       		.byte	0x4
 399 0079 04       		.byte	0x4
 400 007a E2000000 		.4byte	.LASF9
 401 007e 02       		.uleb128 0x2
 402 007f 08       		.byte	0x8
 403 0080 04       		.byte	0x4
 404 0081 20010000 		.4byte	.LASF10
 405 0085 02       		.uleb128 0x2
 406 0086 01       		.byte	0x1
 407 0087 08       		.byte	0x8
 408 0088 C8010000 		.4byte	.LASF11
 409 008c 04       		.uleb128 0x4
 410 008d F6000000 		.4byte	.LASF13
 411 0091 02       		.byte	0x2
 412 0092 8E02     		.2byte	0x28e
 413 0094 98000000 		.4byte	0x98
 414 0098 05       		.uleb128 0x5
 415 0099 6B000000 		.4byte	0x6b
 416 009d 06       		.uleb128 0x6
 417 009e 23000000 		.4byte	.LASF14
 418 00a2 01       		.byte	0x1
 419 00a3 39       		.byte	0x39
 420 00a4 00000000 		.4byte	.LFB0
 421 00a8 18000000 		.4byte	.LFE0-.LFB0
 422 00ac 01       		.uleb128 0x1
 423 00ad 9C       		.byte	0x9c
 424 00ae CF000000 		.4byte	0xcf
 425 00b2 07       		.uleb128 0x7
 426 00b3 12000000 		.4byte	.LASF16
 427 00b7 01       		.byte	0x1
 428 00b8 39       		.byte	0x39
 429 00b9 6B000000 		.4byte	0x6b
 430 00bd 00000000 		.4byte	.LLST0
 431 00c1 08       		.uleb128 0x8
 432 00c2 18000000 		.4byte	.LASF23
 433 00c6 01       		.byte	0x1
 434 00c7 3B       		.byte	0x3b
 435 00c8 6B000000 		.4byte	0x6b
ARM GAS  C:\Users\info\AppData\Local\Temp\ccLPeZwd.s 			page 21


 436 00cc 01       		.uleb128 0x1
 437 00cd 53       		.byte	0x53
 438 00ce 00       		.byte	0
 439 00cf 06       		.uleb128 0x6
 440 00d0 FD010000 		.4byte	.LASF15
 441 00d4 01       		.byte	0x1
 442 00d5 5A       		.byte	0x5a
 443 00d6 00000000 		.4byte	.LFB1
 444 00da 18000000 		.4byte	.LFE1-.LFB1
 445 00de 01       		.uleb128 0x1
 446 00df 9C       		.byte	0x9c
 447 00e0 F4000000 		.4byte	0xf4
 448 00e4 07       		.uleb128 0x7
 449 00e5 B5010000 		.4byte	.LASF17
 450 00e9 01       		.byte	0x1
 451 00ea 5A       		.byte	0x5a
 452 00eb 6B000000 		.4byte	0x6b
 453 00ef 21000000 		.4byte	.LLST1
 454 00f3 00       		.byte	0
 455 00f4 09       		.uleb128 0x9
 456 00f5 F2010000 		.4byte	.LASF18
 457 00f9 01       		.byte	0x1
 458 00fa 71       		.byte	0x71
 459 00fb 6B000000 		.4byte	0x6b
 460 00ff 00000000 		.4byte	.LFB2
 461 0103 10000000 		.4byte	.LFE2-.LFB2
 462 0107 01       		.uleb128 0x1
 463 0108 9C       		.byte	0x9c
 464 0109 09       		.uleb128 0x9
 465 010a 00000000 		.4byte	.LASF19
 466 010e 01       		.byte	0x1
 467 010f 8D       		.byte	0x8d
 468 0110 6B000000 		.4byte	0x6b
 469 0114 00000000 		.4byte	.LFB3
 470 0118 10000000 		.4byte	.LFE3-.LFB3
 471 011c 01       		.uleb128 0x1
 472 011d 9C       		.byte	0x9c
 473 011e 00       		.byte	0
 474              		.section	.debug_abbrev,"",%progbits
 475              	.Ldebug_abbrev0:
 476 0000 01       		.uleb128 0x1
 477 0001 11       		.uleb128 0x11
 478 0002 01       		.byte	0x1
 479 0003 25       		.uleb128 0x25
 480 0004 0E       		.uleb128 0xe
 481 0005 13       		.uleb128 0x13
 482 0006 0B       		.uleb128 0xb
 483 0007 03       		.uleb128 0x3
 484 0008 0E       		.uleb128 0xe
 485 0009 1B       		.uleb128 0x1b
 486 000a 0E       		.uleb128 0xe
 487 000b 55       		.uleb128 0x55
 488 000c 17       		.uleb128 0x17
 489 000d 11       		.uleb128 0x11
 490 000e 01       		.uleb128 0x1
 491 000f 10       		.uleb128 0x10
 492 0010 17       		.uleb128 0x17
ARM GAS  C:\Users\info\AppData\Local\Temp\ccLPeZwd.s 			page 22


 493 0011 00       		.byte	0
 494 0012 00       		.byte	0
 495 0013 02       		.uleb128 0x2
 496 0014 24       		.uleb128 0x24
 497 0015 00       		.byte	0
 498 0016 0B       		.uleb128 0xb
 499 0017 0B       		.uleb128 0xb
 500 0018 3E       		.uleb128 0x3e
 501 0019 0B       		.uleb128 0xb
 502 001a 03       		.uleb128 0x3
 503 001b 0E       		.uleb128 0xe
 504 001c 00       		.byte	0
 505 001d 00       		.byte	0
 506 001e 03       		.uleb128 0x3
 507 001f 24       		.uleb128 0x24
 508 0020 00       		.byte	0
 509 0021 0B       		.uleb128 0xb
 510 0022 0B       		.uleb128 0xb
 511 0023 3E       		.uleb128 0x3e
 512 0024 0B       		.uleb128 0xb
 513 0025 03       		.uleb128 0x3
 514 0026 08       		.uleb128 0x8
 515 0027 00       		.byte	0
 516 0028 00       		.byte	0
 517 0029 04       		.uleb128 0x4
 518 002a 16       		.uleb128 0x16
 519 002b 00       		.byte	0
 520 002c 03       		.uleb128 0x3
 521 002d 0E       		.uleb128 0xe
 522 002e 3A       		.uleb128 0x3a
 523 002f 0B       		.uleb128 0xb
 524 0030 3B       		.uleb128 0x3b
 525 0031 05       		.uleb128 0x5
 526 0032 49       		.uleb128 0x49
 527 0033 13       		.uleb128 0x13
 528 0034 00       		.byte	0
 529 0035 00       		.byte	0
 530 0036 05       		.uleb128 0x5
 531 0037 35       		.uleb128 0x35
 532 0038 00       		.byte	0
 533 0039 49       		.uleb128 0x49
 534 003a 13       		.uleb128 0x13
 535 003b 00       		.byte	0
 536 003c 00       		.byte	0
 537 003d 06       		.uleb128 0x6
 538 003e 2E       		.uleb128 0x2e
 539 003f 01       		.byte	0x1
 540 0040 3F       		.uleb128 0x3f
 541 0041 19       		.uleb128 0x19
 542 0042 03       		.uleb128 0x3
 543 0043 0E       		.uleb128 0xe
 544 0044 3A       		.uleb128 0x3a
 545 0045 0B       		.uleb128 0xb
 546 0046 3B       		.uleb128 0x3b
 547 0047 0B       		.uleb128 0xb
 548 0048 27       		.uleb128 0x27
 549 0049 19       		.uleb128 0x19
ARM GAS  C:\Users\info\AppData\Local\Temp\ccLPeZwd.s 			page 23


 550 004a 11       		.uleb128 0x11
 551 004b 01       		.uleb128 0x1
 552 004c 12       		.uleb128 0x12
 553 004d 06       		.uleb128 0x6
 554 004e 40       		.uleb128 0x40
 555 004f 18       		.uleb128 0x18
 556 0050 9742     		.uleb128 0x2117
 557 0052 19       		.uleb128 0x19
 558 0053 01       		.uleb128 0x1
 559 0054 13       		.uleb128 0x13
 560 0055 00       		.byte	0
 561 0056 00       		.byte	0
 562 0057 07       		.uleb128 0x7
 563 0058 05       		.uleb128 0x5
 564 0059 00       		.byte	0
 565 005a 03       		.uleb128 0x3
 566 005b 0E       		.uleb128 0xe
 567 005c 3A       		.uleb128 0x3a
 568 005d 0B       		.uleb128 0xb
 569 005e 3B       		.uleb128 0x3b
 570 005f 0B       		.uleb128 0xb
 571 0060 49       		.uleb128 0x49
 572 0061 13       		.uleb128 0x13
 573 0062 02       		.uleb128 0x2
 574 0063 17       		.uleb128 0x17
 575 0064 00       		.byte	0
 576 0065 00       		.byte	0
 577 0066 08       		.uleb128 0x8
 578 0067 34       		.uleb128 0x34
 579 0068 00       		.byte	0
 580 0069 03       		.uleb128 0x3
 581 006a 0E       		.uleb128 0xe
 582 006b 3A       		.uleb128 0x3a
 583 006c 0B       		.uleb128 0xb
 584 006d 3B       		.uleb128 0x3b
 585 006e 0B       		.uleb128 0xb
 586 006f 49       		.uleb128 0x49
 587 0070 13       		.uleb128 0x13
 588 0071 02       		.uleb128 0x2
 589 0072 18       		.uleb128 0x18
 590 0073 00       		.byte	0
 591 0074 00       		.byte	0
 592 0075 09       		.uleb128 0x9
 593 0076 2E       		.uleb128 0x2e
 594 0077 00       		.byte	0
 595 0078 3F       		.uleb128 0x3f
 596 0079 19       		.uleb128 0x19
 597 007a 03       		.uleb128 0x3
 598 007b 0E       		.uleb128 0xe
 599 007c 3A       		.uleb128 0x3a
 600 007d 0B       		.uleb128 0xb
 601 007e 3B       		.uleb128 0x3b
 602 007f 0B       		.uleb128 0xb
 603 0080 27       		.uleb128 0x27
 604 0081 19       		.uleb128 0x19
 605 0082 49       		.uleb128 0x49
 606 0083 13       		.uleb128 0x13
ARM GAS  C:\Users\info\AppData\Local\Temp\ccLPeZwd.s 			page 24


 607 0084 11       		.uleb128 0x11
 608 0085 01       		.uleb128 0x1
 609 0086 12       		.uleb128 0x12
 610 0087 06       		.uleb128 0x6
 611 0088 40       		.uleb128 0x40
 612 0089 18       		.uleb128 0x18
 613 008a 9742     		.uleb128 0x2117
 614 008c 19       		.uleb128 0x19
 615 008d 00       		.byte	0
 616 008e 00       		.byte	0
 617 008f 00       		.byte	0
 618              		.section	.debug_loc,"",%progbits
 619              	.Ldebug_loc0:
 620              	.LLST0:
 621 0000 00000000 		.4byte	.LVL0
 622 0004 0A000000 		.4byte	.LVL2
 623 0008 0100     		.2byte	0x1
 624 000a 50       		.byte	0x50
 625 000b 0A000000 		.4byte	.LVL2
 626 000f 18000000 		.4byte	.LFE0
 627 0013 0400     		.2byte	0x4
 628 0015 F3       		.byte	0xf3
 629 0016 01       		.uleb128 0x1
 630 0017 50       		.byte	0x50
 631 0018 9F       		.byte	0x9f
 632 0019 00000000 		.4byte	0
 633 001d 00000000 		.4byte	0
 634              	.LLST1:
 635 0021 00000000 		.4byte	.LVL3
 636 0025 0C000000 		.4byte	.LVL4
 637 0029 0100     		.2byte	0x1
 638 002b 50       		.byte	0x50
 639 002c 0C000000 		.4byte	.LVL4
 640 0030 18000000 		.4byte	.LFE1
 641 0034 0400     		.2byte	0x4
 642 0036 F3       		.byte	0xf3
 643 0037 01       		.uleb128 0x1
 644 0038 50       		.byte	0x50
 645 0039 9F       		.byte	0x9f
 646 003a 00000000 		.4byte	0
 647 003e 00000000 		.4byte	0
 648              		.section	.debug_aranges,"",%progbits
 649 0000 34000000 		.4byte	0x34
 650 0004 0200     		.2byte	0x2
 651 0006 00000000 		.4byte	.Ldebug_info0
 652 000a 04       		.byte	0x4
 653 000b 00       		.byte	0
 654 000c 0000     		.2byte	0
 655 000e 0000     		.2byte	0
 656 0010 00000000 		.4byte	.LFB0
 657 0014 18000000 		.4byte	.LFE0-.LFB0
 658 0018 00000000 		.4byte	.LFB1
 659 001c 18000000 		.4byte	.LFE1-.LFB1
 660 0020 00000000 		.4byte	.LFB2
 661 0024 10000000 		.4byte	.LFE2-.LFB2
 662 0028 00000000 		.4byte	.LFB3
 663 002c 10000000 		.4byte	.LFE3-.LFB3
ARM GAS  C:\Users\info\AppData\Local\Temp\ccLPeZwd.s 			page 25


 664 0030 00000000 		.4byte	0
 665 0034 00000000 		.4byte	0
 666              		.section	.debug_ranges,"",%progbits
 667              	.Ldebug_ranges0:
 668 0000 00000000 		.4byte	.LFB0
 669 0004 18000000 		.4byte	.LFE0
 670 0008 00000000 		.4byte	.LFB1
 671 000c 18000000 		.4byte	.LFE1
 672 0010 00000000 		.4byte	.LFB2
 673 0014 10000000 		.4byte	.LFE2
 674 0018 00000000 		.4byte	.LFB3
 675 001c 10000000 		.4byte	.LFE3
 676 0020 00000000 		.4byte	0
 677 0024 00000000 		.4byte	0
 678              		.section	.debug_line,"",%progbits
 679              	.Ldebug_line0:
 680 0000 8E000000 		.section	.debug_str,"MS",%progbits,1
 680      02004200 
 680      00000201 
 680      FB0E0D00 
 680      01010101 
 681              	.LASF19:
 682 0000 526F775F 		.ascii	"Row_3_ReadDataReg\000"
 682      335F5265 
 682      61644461 
 682      74615265 
 682      6700
 683              	.LASF16:
 684 0012 76616C75 		.ascii	"value\000"
 684      6500
 685              	.LASF23:
 686 0018 73746174 		.ascii	"staticBits\000"
 686      69634269 
 686      747300
 687              	.LASF14:
 688 0023 526F775F 		.ascii	"Row_3_Write\000"
 688      335F5772 
 688      69746500 
 689              	.LASF20:
 690 002f 474E5520 		.ascii	"GNU C11 5.4.1 20160609 (release) [ARM/embedded-5-br"
 690      43313120 
 690      352E342E 
 690      31203230 
 690      31363036 
 691 0062 616E6368 		.ascii	"anch revision 237715] -mcpu=cortex-m3 -mthumb -g -O"
 691      20726576 
 691      6973696F 
 691      6E203233 
 691      37373135 
 692 0095 67202D66 		.ascii	"g -ffunction-sections -ffat-lto-objects -flto\000"
 692      66756E63 
 692      74696F6E 
 692      2D736563 
 692      74696F6E 
 693              	.LASF21:
 694 00c3 47656E65 		.ascii	"Generated_Source\\PSoC5\\Row_3.c\000"
 694      72617465 
ARM GAS  C:\Users\info\AppData\Local\Temp\ccLPeZwd.s 			page 26


 694      645F536F 
 694      75726365 
 694      5C50536F 
 695              	.LASF9:
 696 00e2 666C6F61 		.ascii	"float\000"
 696      7400
 697              	.LASF1:
 698 00e8 756E7369 		.ascii	"unsigned char\000"
 698      676E6564 
 698      20636861 
 698      7200
 699              	.LASF13:
 700 00f6 72656738 		.ascii	"reg8\000"
 700      00
 701              	.LASF5:
 702 00fb 6C6F6E67 		.ascii	"long unsigned int\000"
 702      20756E73 
 702      69676E65 
 702      6420696E 
 702      7400
 703              	.LASF3:
 704 010d 73686F72 		.ascii	"short unsigned int\000"
 704      7420756E 
 704      7369676E 
 704      65642069 
 704      6E7400
 705              	.LASF10:
 706 0120 646F7562 		.ascii	"double\000"
 706      6C6500
 707              	.LASF8:
 708 0127 756E7369 		.ascii	"unsigned int\000"
 708      676E6564 
 708      20696E74 
 708      00
 709              	.LASF22:
 710 0134 433A5C55 		.ascii	"C:\\Users\\info\\Desktop\\Spring 2019 Classes\\6.11"
 710      73657273 
 710      5C696E66 
 710      6F5C4465 
 710      736B746F 
 711 0162 355C362E 		.ascii	"5\\6.115-final\\PSoCCreator\\Final Project\\FinalEm"
 711      3131352D 
 711      66696E61 
 711      6C5C5053 
 711      6F434372 
 712 0191 756C6174 		.ascii	"ulator.cydsn\000"
 712      6F722E63 
 712      7964736E 
 712      00
 713              	.LASF7:
 714 019e 6C6F6E67 		.ascii	"long long unsigned int\000"
 714      206C6F6E 
 714      6720756E 
 714      7369676E 
 714      65642069 
 715              	.LASF17:
 716 01b5 6D6F6465 		.ascii	"mode\000"
ARM GAS  C:\Users\info\AppData\Local\Temp\ccLPeZwd.s 			page 27


 716      00
 717              	.LASF6:
 718 01ba 6C6F6E67 		.ascii	"long long int\000"
 718      206C6F6E 
 718      6720696E 
 718      7400
 719              	.LASF11:
 720 01c8 63686172 		.ascii	"char\000"
 720      00
 721              	.LASF2:
 722 01cd 73686F72 		.ascii	"short int\000"
 722      7420696E 
 722      7400
 723              	.LASF12:
 724 01d7 75696E74 		.ascii	"uint8\000"
 724      3800
 725              	.LASF4:
 726 01dd 6C6F6E67 		.ascii	"long int\000"
 726      20696E74 
 726      00
 727              	.LASF0:
 728 01e6 7369676E 		.ascii	"signed char\000"
 728      65642063 
 728      68617200 
 729              	.LASF18:
 730 01f2 526F775F 		.ascii	"Row_3_Read\000"
 730      335F5265 
 730      616400
 731              	.LASF15:
 732 01fd 526F775F 		.ascii	"Row_3_SetDriveMode\000"
 732      335F5365 
 732      74447269 
 732      76654D6F 
 732      646500
 733              		.comm	__gnu_lto_v1,1,1
 734              		.ident	"GCC: (GNU Tools for ARM Embedded Processors) 5.4.1 20160609 (release) [ARM/embedded-5-bran
