ARM GAS  C:\Users\info\AppData\Local\Temp\ccuwdrvR.s 			page 1


   1              		.syntax unified
   2              		.cpu cortex-m3
   3              		.fpu softvfp
   4              		.eabi_attribute 20, 1
   5              		.eabi_attribute 21, 1
   6              		.eabi_attribute 23, 3
   7              		.eabi_attribute 24, 1
   8              		.eabi_attribute 25, 1
   9              		.eabi_attribute 26, 1
  10              		.eabi_attribute 30, 1
  11              		.eabi_attribute 34, 1
  12              		.eabi_attribute 18, 4
  13              		.thumb
  14              		.syntax unified
  15              		.file	"u8x8_u8toa.c"
  16              		.text
  17              	.Ltext0:
  18              		.section	.gnu.lto_.profile.792a6b70,"",%progbits
  19 0000 789C6361 		.ascii	"x\234ca`d`a`\000\222\362\"\000\000\274\000>"
  19      60646061 
  19      600092F2 
  19      220000BC 
  19      003E
  20              		.text
  21              		.section	.gnu.lto_.inline.792a6b70,"",%progbits
  22 0000 789C6361 		.ascii	"x\234ca`d\000\001#\006\004`b`\340\237\311\310\310\300"
  22      60640001 
  22      23060460 
  22      6260E09F 
  22      C9C8C8C0 
  23 0014 24FE608B 		.ascii	"$\376`\213\020\003{\207:\023D\224S\020(\306\262@\236"
  23      10037B87 
  23      3A134494 
  23      531028C6 
  23      B2409E
  24 0027 816D813C 		.ascii	"\201m\201<X\210\205\027$<\301\217\001\000\254>\005\365"
  24      58888517 
  24      243CC18F 
  24      0100AC3E 
  24      05F5
  25              		.text
  26              		.section	.gnu.lto_.jmpfuncs.792a6b70,"",%progbits
  27 0000 789C6361 		.ascii	"x\234ca`d\000\001N\006\004`\202b\006\000\001\205\000"
  27      60640001 
  27      4E060460 
  27      82620600 
  27      018500
  28 0013 13       		.ascii	"\023"
  29              		.text
  30              		.section	.gnu.lto_.pureconst.792a6b70,"",%progbits
  31 0000 789C6361 		.ascii	"x\234ca`d`e```b\220b\222\000\000\000\355\000A"
  31      60646065 
  31      60606062 
  31      90629200 
  31      0000ED00 
  32              		.text
  33              		.section	.gnu.lto_u8x8_u8toap.792a6b70,"",%progbits
ARM GAS  C:\Users\info\AppData\Local\Temp\ccuwdrvR.s 			page 2


  34 0000 789C6D53 		.ascii	"x\234mS\337kTG\024\2363\347\376\334\354n\027\333'\215"
  34      DF6B5447 
  34      149E33E7 
  34      FEDCEC6E 
  34      17DB278D 
  35 0014 108A6994 		.ascii	"\020\212i\224B\220\212m\250/>\365\017\360Y\021\211A"
  35      42908A6D 
  35      A82F3EF5 
  35      0FF05911 
  35      8941
  36 0026 44C4D668 		.ascii	"D\304\326h\351\333NrwW#\026\024j\032ct\037\242$1Vw\215"
  36      E9DB4E72 
  36      77572316 
  36      146A1A63 
  36      741FA224 
  37 003e 466336CD 		.ascii	"Fc6\315\306_\251\262U\224\376H\241\025\215\020TPL\214"
  37      C65FA9B2 
  37      5594FE48 
  37      A1158D10 
  37      54504C8C 
  38 0052 8A69ED7A 		.ascii	"\212i\355z\316\314\015\254\220\013\273w\346\314\367"
  38      CECC0DAC 
  38      900BBB77 
  38      E6CCF7
  39 0061 9D73BEEF 		.ascii	"\235s\276\357\314\265\004\010~V\333B|J\357\235\364\003"
  39      CCB50408 
  39      7E56DB42 
  39      7C4AEF9D 
  39      F403
  40 0073 5F803C70 		.ascii	"_\200<pK\210\026O\202k\026\010\266YXf1\346\331\322\332"
  40      4B88164F 
  40      826B1608 
  40      B6595866 
  40      31E6D9D2 
  41 0088 3F2E848A 		.ascii	"?.\204\2128)W\250\250c\220c\236+\261\364%\205\275\253"
  41      382957A8 
  41      A8639063 
  41      9E2BB1F4 
  41      2585BDAB 
  42 009c 1F52D803 		.ascii	"\037R\330\003\340\260\362@$%Z\266\343z\220DW\230\307"
  42      E0B0F240 
  42      24255AB6 
  42      E37A9044 
  42      5798C7
  43 00af 0EDF2FE5 		.ascii	"\016\337/\345[\011wR\271.\234\225i\024`\321v\372\327"
  43      5B097752 
  43      B92E9C95 
  43      691460D1 
  43      76FAD7
  44 00c2 CE8771DE 		.ascii	"\316\207q\336\002\324\320\366\210\272\333\346\256\350"
  44      02D4D0F6 
  44      88BADBE6 
  44      AEE8
  45 00d0 51AA55DD 		.ascii	"Q\252U\335O\377\021?\334[\264\322(EY\012\350\205j\350"
  45      4FFF113F 
  45      DC5BB4D2 
  45      2845590A 
ARM GAS  C:\Users\info\AppData\Local\Temp\ccuwdrvR.s 			page 3


  45      E8856AE8 
  46 00e4 816AEEBC 		.ascii	"\201j\356\274\017V\020v\356\330\2656\007\227\202\240"
  46      0F561076 
  46      EED8B536 
  46      079782A0 
  47 00f4 7576F6D0 		.ascii	"uv\366\320\204[w\202y\352`\223\362\323\210p\022\260"
  47      845B7782 
  47      79EA6093 
  47      F2D38870 
  47      12B0
  48 0106 92472101 		.ascii	"\222G!\001\375PG\350L\367\22571\374X3K\235\223G\243"
  48      FD5047E8 
  48      4CF79537 
  48      31FC5833 
  48      4B9D9347 
  49 011b 21736483 		.ascii	"!sd\203\3024Zp\3120WU\303J\346Y\002~\202:\006\337\352"
  49      C2345A70 
  49      CA305755 
  49      C34AE659 
  49      027E823A 
  50 0132 39F14304 		.ascii	"9\361C\004\227\231\222\355\227&\374\332n&\026\207\266"
  50      979992ED 
  50      9726FCDA 
  50      6E261687 
  50      B6
  51 0143 FFA88A2D 		.ascii	"\377\250\212-5\314=]\311\345\207\240\217\376\354\033"
  51      35CC3D5D 
  51      C9E587A0 
  51      8FFEEC1B 
  52 0153 B2F1134D 		.ascii	"\262\361\023M\373\347\357l!\022\322\0067\250`-\223r"
  52      FBE7EF6C 
  52      2112D206 
  52      37A8602D 
  52      9372
  53 0165 0B90B2BF 		.ascii	"\013\220\262\277\035<\356\342rM\372\267\243<n\207\244"
  53      1D3CEEE2 
  53      724DFAB7 
  53      A33C6E87 
  53      A4
  54 0176 73F3A4B3 		.ascii	"s\363\244\263\013\220&\363\377\037\2129)EO\015\014@"
  54      0B9026F3 
  54      FF1F8A39 
  54      29454F0D 
  54      0C40
  55 0188 2DE4E977 		.ascii	"-\344\351w\006j\331A2\356\0348t\021\260\362\344\314"
  55      066AD941 
  55      32EE1C38 
  55      7411B0F2 
  55      E4CC
  56 019a BAA22A97 		.ascii	"\272\242*\227\003U\034\260\037\343\"\320R\245\376'\273"
  56      03551CB0 
  56      1FE322D0 
  56      52A5FE27 
  56      BB
  57 01ab 0847E209 		.ascii	"\010G\342\011\351\000G<2C\370\364gG\004s\2534.\252\021"
  57      E900473C 
  57      3243F8F4 
ARM GAS  C:\Users\info\AppData\Local\Temp\ccuwdrvR.s 			page 4


  57      67470473 
  57      AB342EAA 
  58 01c0 316073E3 		.ascii	"1`s\343lsB\023\205xN5OI1-%\275p\022Z\213\303\337\350"
  58      6C734213 
  58      85784E35 
  58      4F49312D 
  58      25BD7012 
  59 01d9 16E8947A 		.ascii	"\026\350\224zmO_\276\355\362\350-\252z^OvZ\242H\271"
  59      6D4F5FBE 
  59      EDF2E82D 
  59      AA7A5E4F 
  59      765AA248 
  60 01ee 1A3ADAA4 		.ascii	"\032:\332\244\241y\015\355\316\365f\320@W\302 A\247"
  60      A1790DED 
  60      CEF566D0 
  60      4057C220 
  60      41A7
  61 0200 A07566CF 		.ascii	"\240uf\317\365A\2271\001z\001\315v\012\202.\307\354"
  61      F5419731 
  61      017A01CD 
  61      760A822E 
  61      C7EC
  62 0212 FDCAEC8E 		.ascii	"\375\312\354\216v0\230\033}\021O\276U\035J%(\326\206"
  62      7630981B 
  62      7D114FBE 
  62      551D4A25 
  62      28D686
  63 0225 C6AF1B9D 		.ascii	"\306\257\033\235\375\333\262p\264\345\200\016\273p\021"
  63      FDDBB270 
  63      B4E5800E 
  63      BB7011
  64 0234 9270815B 		.ascii	"\222p\201[\241\263\362\223\263\247}CQk8\317\020d\311"
  64      A1B3F293 
  64      B3A77D43 
  64      516B38CF 
  64      1064C9
  65 0247 3DB80449 		.ascii	"=\270\004I*\311-\314\355+\201\251\030\251\254h\353\212"
  65      2AC92DCC 
  65      ED2B81A9 
  65      18A9AC68 
  65      EB8A
  66 0259 AFC76FEE 		.ascii	"\257\307o\356\215rn\036\306\027\344\013u\351\3030'\207"
  66      8D726E1E 
  66      C617E40B 
  66      75E9C330 
  66      2787
  67 026b 02672295 		.ascii	"\002g\"\225j\225\026IVR\012\255\337\022\364\271!i\351"
  67      6A951649 
  67      56520AAD 
  67      DF12F4B9 
  67      2169E9
  68 027e C8DCFBCA 		.ascii	"\310\334\373\312\344\256\012\020\370x\022\244F\223\345"
  68      E4AE0A10 
  68      F87812A4 
  68      4693E5
  69 028d 1464BDED 		.ascii	"\024d\275\355\231\251\317\015&\032 \177M\347\367\224"
  69      99A9CF0D 
ARM GAS  C:\Users\info\AppData\Local\Temp\ccuwdrvR.s 			page 5


  69      261A207F 
  69      4DE7F794 
  70 029d F211E313 		.ascii	"\362\021\343\023\300\010\225\232\347\344\271BTW\260"
  70      C008959A 
  70      E7E4B942 
  70      5457B0
  71 02ac 057DAA6C 		.ascii	"\005}\252lqB\230\260%\314F\347\005\361\000R\177\005"
  71      714298B0 
  71      25CC46E7 
  71      05F10052 
  71      7F05
  72 02be 3D0F4361 		.ascii	"=\017Ca`\032\0233@+\311\333*\253\360=\314\200\305s\300"
  72      601A1333 
  72      402BC9DB 
  72      2AABF03D 
  72      CC80C573 
  73 02d3 FFFAB9B8 		.ascii	"\377\372\271\270U\332N\211\035\036\035O!\363j\020\015"
  73      55DA4E89 
  73      1D1E1D4F 
  73      21F36A10 
  73      0D
  74 02e4 3B1E602C 		.ascii	";\036`,\364\252\375\301G\034\253\364\011\027\366\311"
  74      F4AAFDC1 
  74      471CABF4 
  74      0917F6C9 
  75 02f4 271EFCAC 		.ascii	"'\036\374\254}\032%\237\270A\255\365\331\357\341\270"
  75      7D1A259F 
  75      B841ADF5 
  75      D9EFE1B8 
  76 0304 1334EEF7 		.ascii	"\0234\356\367\324\015\260\214\204V\347\212\234\037\212"
  76      D40DB08C 
  76      8456E78A 
  76      9C1F8A
  77 0313 D351AC14 		.ascii	"\323Q\254\024'Y\334\355 n\322 \025/d\367\367\205\206"
  77      2759DCED 
  77      206ED220 
  77      152F64F7 
  77      F78586
  78 0326 4928EA3B 		.ascii	"I(\352;HRe\200\016]\031\244\3243\200|7\345/H\025\234"
  78      48526580 
  78      0E5D19A4 
  78      D433807C 
  78      37E52F48 
  79 033c 09974A78 		.ascii	"\011\227Jx|\233I\321l\256\260$\224\324\326u\270?\224"
  79      7C9B49D1 
  79      6CAEB024 
  79      94D4D675 
  79      B83F94
  80 034f C4594B4F 		.ascii	"\304YKO\311\227yI\037hE1\030\323\212.\223\242J\017|"
  80      C9977949 
  80      1F684531 
  80      18D38A2E 
  80      93A24A0F 
  81 0364 BAFB57E8 		.ascii	"\272\373W\350\344\011]\371\027[Mc1\356\342\271\004\252"
  81      E4095DF9 
  81      175B4D63 
  81      31EEE2B9 
ARM GAS  C:\Users\info\AppData\Local\Temp\ccuwdrvR.s 			page 6


  81      04AA
  82 0376 435FD0E2 		.ascii	"C_\320\342\372\372\365\273\033\266|\266\261\261yg#\255"
  82      FAFAF5BB 
  82      1BB67CB6 
  82      B1B17967 
  82      23AD
  83 0388 BE6BD8B8 		.ascii	"\276k\330\270\273a\327\216M\365\215\302\332\334\324"
  83      BB61D78E 
  83      4DF58DC2 
  83      DADCD4
  84 0397 BC0BBE85 		.ascii	"\274\013\276\205F\330\214_\357h~\007\320\231\247\336"
  84      46D88C5F 
  84      EF687E07 
  84      D099A7DE 
  85              		.text
  86              		.section	.gnu.lto_u8x8_u8toa_tab.792a6b70,"",%progbits
  87 0000 789C6361 		.ascii	"x\234ca`d\000\201, \206\260\030\030\37621n9r\274\215"
  87      60640081 
  87      2C2086B0 
  87      1818FE32 
  87      316E3972 
  88 0016 E30B532B 		.ascii	"\343\013S+3\003##\220{\364\377\367\003\374 .##\023\220"
  88      33032323 
  88      907BF4FF 
  88      F703FC20 
  88      2E232313 
  89 002b FBF7C385 		.ascii	"\373\367\303\205\277<\020Y. \367\324\342o\207X!\334"
  89      BF3C1059 
  89      2E20F7D4 
  89      E26F8758 
  89      21DC
  90 003d 2720CD4D 		.ascii	"' \315M-O\1773[lk\350X\320`\320\312\314\304h(\303\270"
  90      2D4F7F33 
  90      5B6C6BE8 
  90      58D060D0 
  90      CACCC468 
  91 0054 8A5186D1 		.ascii	"\212Q\206\321H\206q%\220Z\001\304\313\031e\030\030W"
  91      48867125 
  91      905A01C4 
  91      CB196518 
  91      1857
  92 0066 335A3000 		.ascii	"3Z0\000\000\002\013$\373"
  92      00020B24 
  92      FB
  93              		.text
  94              		.section	.gnu.lto_u8x8_u8toa.792a6b70,"",%progbits
  95 0000 789C6552 		.ascii	"x\234eR\317k\023Q\020\236\357\315fw[\222\342\271]1\027"
  95      CF6B1351 
  95      109EEFCD 
  95      66775B92 
  95      E2B95D31 
  96 0015 09BD8452 		.ascii	"\011\275\204R/\371;<+ER\360(\250\025o\373\322\355\246"
  96      2FF93B3C 
  96      2B4552F0 
  96      28A8156F 
  96      FBD2EDA6 
  97 0029 E656F107 		.ascii	"\346V\361\007mMiAJ\023\253\266UAr\013Uz\352\017\024"
ARM GAS  C:\Users\info\AppData\Local\Temp\ccuwdrvR.s 			page 7


  97      6D4D6941 
  97      4A13ABB6 
  97      5541720B 
  97      557AEA0F 
  98 003e 8B070F4A 		.ascii	"\213\007\017J\204R\212\207\266\324C\205\030g6z\220."
  98      84528A87 
  98      B6D44385 
  98      1867367A 
  98      902E
  99 0050 BC7DF3BE 		.ascii	"\274}\363\276\235o\346\233\357\255C }.\032\242\254\354"
  99      9D6FE69B 
  99      EFAD4320 
  99      7D2E1AA2 
  99      ACEC
 100 0062 03B2C004 		.ascii	"\003\262\300\0043\265MT\362\015\240\201\365A\241A\210"
 100      33B54D54 
 100      F20DA081 
 100      F541A141 
 100      88
 101 0073 9FA66DF0 		.ascii	"\237\246m\360ab\265\312'&\2264G\216G[\263\337\373\364"
 101      6162B5CA 
 101      27269634 
 101      478E475B 
 101      B3DFFBF4 
 102 0087 0864E5F8 		.ascii	"\010d\345\370\304~\254x\203K\326\216\333o\213_\373f"
 102      C47EAC78 
 102      834BD68E 
 102      DB6F8B5F 
 102      FB66
 103 0099 6A4D2766 		.ascii	"jM'fC\035C\250!\300\022\002mQ\307\240\344\226\237\276"
 103      431D43A8 
 103      21C01202 
 103      6D51C7A0 
 103      E4969FBE 
 104 00ad 3BCDF079 		.ascii	";\315\360y\220\304\233\263\255\271tnQy\366\376U\313"
 104      90C49BB3 
 104      ADB9746E 
 104      5179F6FE 
 104      55CB
 105 00bf 31339E81 		.ascii	"13\236\201\225w)\300P@\002\020\226\221\223\334\375\317"
 105      957729C0 
 105      50400210 
 105      969193DC 
 105      FDCF
 106 00d1 F5468A2F 		.ascii	"\365F\212/$\274R\355\341\361?\336\333\277\274\347gx"
 106      24BC52ED 
 106      E1F13FDE 
 106      DBBFBCE7 
 106      6778
 107 00e3 2F90D3E4 		.ascii	"/\220\323\344\326\332\357G\031w\302\312\223\2550\251"
 107      D6DAEF47 
 107      1977C2CA 
 107      93AD30A9 
 108 00f3 2A11F312 		.ascii	"*\021\363\022\256\270\000\001V.7m\247\023\331f;UO\367"
 108      AEB80001 
 108      562E376D 
 108      A713D966 
ARM GAS  C:\Users\info\AppData\Local\Temp\ccuwdrvR.s 			page 8


 108      3B554FF7 
 109 0107 00CA3309 		.ascii	"\000\3123\011\333\201\366v\245\232\361\344E\276FD\207"
 109      DB81F676 
 109      A59AF1E4 
 109      45BE4644 
 109      87
 110 0118 B2D4A123 		.ascii	"\262\324\241#ct\347=D\323\345\215\351^\255\031\261\272"
 110      6374E73D 
 110      44D3E58D 
 110      E95EAD19 
 110      B1BA
 111 012a 55A9CE2C 		.ascii	"U\251\316,{j\017\203\261\202 bP\013&i*u%\211\366\021"
 111      7B6A0F83 
 111      B1822062 
 111      500B2669 
 111      2A752589 
 112 0140 371F9433 		.ascii	"7\037\2243]\216+\234F\343\307\027/l\333{\326\236\213"
 112      5D8E2B9C 
 112      46E3C717 
 112      2F6CDB7B 
 112      D69E8B
 113 0153 D9E91895 		.ascii	"\331\351\030\225\267\212PGx\034\257\357$\365R\311\370"
 113      B78A5047 
 113      781CAFEF 
 113      24F552C9 
 113      F8
 114 0164 FFA7A674 		.ascii	"\377\247\246t(\205\0176w\337\367\316c\256d\023\334\305"
 114      28850F36 
 114      77DFF7CE 
 114      63AE6413 
 114      DCC5
 115 0176 2BB9BD35 		.ascii	"+\271\2755\365^>.\374:\335M\013\307\327\"\2571\017\355"
 115      F55E3E2E 
 115      FC3ADD4D 
 115      0BC7D722 
 115      AF310FED 
 116 018a 4C788330 		.ascii	"Lx\2030b\271,\217\3660~<y\302]A\236J\224\271\252\345"
 116      62B92C8F 
 116      F6307E3C 
 116      79C25D41 
 116      9E4A94B9 
 117 01a0 4FE822BE 		.ascii	"O\350\"\276\250\024\234\016\272c\010\240\277\320\241"
 117      A8149C0E 
 117      BA6308A0 
 117      BFD0A1
 118 01af A8140BC4 		.ascii	"\250\024\013\304\220\376|\376\312X\341\372\360H\361"
 118      90FE7CFE 
 118      CA58E1FA 
 118      F048F1
 119 01be D6CDA244 		.ascii	"\326\315\242Dw\013#c\205\3337\256\345\213\204;\030\375"
 119      770B2363 
 119      85DB37AE 
 119      E58B843B 
 119      18FD
 120 01d0 0388DFB7 		.ascii	"\003\210\337\2678"
 120      38
 121              		.text
ARM GAS  C:\Users\info\AppData\Local\Temp\ccuwdrvR.s 			page 9


 122              		.section	.gnu.lto_.symbol_nodes.792a6b70,"",%progbits
 123 0000 789C6361 		.ascii	"x\234ca`d\260a\000\002&\306z\006\206\011\347\030\030"
 123      6064B061 
 123      000226C6 
 123      7A068609 
 123      E71818
 124 0013 80D4AA06 		.ascii	"\200\324\252\006E\006\006V\006\206\006!\006\006f&\246"
 124      45060656 
 124      06860621 
 124      06066626 
 124      A6
 125 0024 7A465409 		.ascii	"zFT\011fF\260\0043\023\003\303\243\007\377\030\031\000"
 125      6646B004 
 125      331303C3 
 125      A307FF18 
 125      1900
 126 0036 55FB0B96 		.ascii	"U\373\013\226"
 127              		.text
 128              		.section	.gnu.lto_.refs.792a6b70,"",%progbits
 129 0000 789C6361 		.ascii	"x\234ca`d\340f`\000\222L\214,\214LL\314\314\014\000"
 129      6064E066 
 129      6000924C 
 129      8C2C8C4C 
 129      4CCCCC0C 
 130 0015 017D0024 		.ascii	"\001}\000$"
 131              		.text
 132              		.section	.gnu.lto_.decls.792a6b70,"",%progbits
 133 0000 789CBD53 		.ascii	"x\234\275S]L\034U\024\23633\302v\3713\233&\022\2631"
 133      5D4C1C55 
 133      149E3333 
 133      C276F933 
 133      9B2612B3 
 134 0015 9B264D30 		.ascii	"\233&M0\261\253\264T7>iL\324'\237\324\247I6\3132\300"
 134      B1ABB454 
 134      373E694C 
 134      D4279FD4 
 134      A74936CB 
 135 002b 26B0BBD9 		.ascii	"&\260\273\331\237\266<\030o\201Zj\373@(j%\326\322\237"
 135      9FB63C18 
 135      6F815A6A 
 135      FB40286A 
 135      25D6D29F 
 136 003f F023C52E 		.ascii	"\360#\305.\245P\267\025\272\224\205V\350\362[X~\254"
 136      A550B715 
 136      BA948556 
 136      E8F25B58 
 136      7EAC
 137 0051 05B59A14 		.ascii	"\005\265\232\024\265T1\012\021\361\334;\263\314l\263"
 137      B554310A 
 137      11F1DC3B 
 137      B3CC6CB3 
 138 0061 E89B3739 		.ascii	"\350\233793\347\334\373\235s\276s\356\271\"\007\034"
 138      33E7DCFB 
 138      9D73BE73 
 138      EEB92207 
 138      1C
 139 0072 5DCB691C 		.ascii	"]\313i\034\267\037\325\277P\337\300%\342\377mN[<\312"
ARM GAS  C:\Users\info\AppData\Local\Temp\ccuwdrvR.s 			page 10


 139      B71FD5BF 
 139      50DFC025 
 139      E2FF6D4E 
 139      5B3CCA
 140 0085 3594A8AA 		.ascii	"5\224\250\252\217\242\334\346\222\027=7\242\230P\266"
 140      8FA2DCE6 
 140      92173D37 
 140      A29850B6 
 141 0095 A3F4A05C 		.ascii	"\243\364\240\\A\351@\231B\231F\031A\211\241\204U\037"
 141      41E94099 
 141      42994619 
 141      4189A184 
 141      551F
 142 00a7 50FD408D 		.ascii	"P\375@\215\251_\324\026P\314j\274\021n\353Ey\031\036"
 142      A95FD416 
 142      50CC6ABC 
 142      116EEB45 
 142      79191E
 143 00ba C94DF3C6 		.ascii	"\311M\363\306QfP&Qzu\265Duy\037\255c\235\207\252o\357"
 143      51665026 
 143      517A75B5 
 143      4475791F 
 143      AD639D87 
 144 00d1 371AE661 		.ascii	"7\032\346a\026\200\003\2668\265O\034\335Q\377T\001\305"
 144      168003B6 
 144      38B54F1C 
 144      DD51FF54 
 144      01C5
 145 00e3 E013B5C0 		.ascii	"\340\023\265\300fU\252\302\340\300\361\014\017\272\203"
 145      6655AAC2 
 145      E0C0F10C 
 145      0FBA83
 146 00f2 241CEB39 		.ascii	"$\034\3539[\332\026l\256\004\022\222\203\322\250\232"
 146      5BDA166C 
 146      AE041292 
 146      83D2A89A 
 147 0102 8936AF39 		.ascii	"\2116\2579\350\342\251\354\325\374\240O\313B\013\211"
 147      E8E2A9EC 
 147      D5FCA04F 
 147      CB420B89 
 148 0112 A2A373F1 		.ascii	"\242\243s\3613\274\2001Q\277\273\332\362\252\365<\301"
 148      33BC8031 
 148      51BFBBDA 
 148      F2AAF53C 
 148      C1
 149 0123 554B08FF 		.ascii	"UK\010\377\224\326\231\013\207\276o5\254\360`6\302\006"
 149      94D6990B 
 149      87BE6F35 
 149      ACF06036 
 149      C206
 150 0135 50FBA7F0 		.ascii	"P\373\247\360j\226b\323\343K\221\337\332E\341\011\252"
 150      6A9662D3 
 150      E34B91DF 
 150      DA45E109 
 150      AA
 151 0146 F3E39DB3 		.ascii	"\363\343\235\263\003\333 \317\330D\303,\034\377\375"
 151      03DB20CF 
ARM GAS  C:\Users\info\AppData\Local\Temp\ccuwdrvR.s 			page 11


 151      D844C32C 
 151      1CFFFD
 152 0155 E52A4200 		.ascii	"\345*B\000>\007#\234\007\001Z\301J\031\230\351\304\324"
 152      3E07239C 
 152      07015AC1 
 152      4A1998E9 
 152      C4D4
 153 0167 10524996 		.ascii	"\020RI\226\317\220\264\\\016\366\230\34193\007\355\220"
 153      CF90B45C 
 153      0EF698E1 
 153      393307ED 
 153      90
 154 0178 47635214 		.ascii	"GcR\024\264\201\031>\0033\215\337z\252%\232%\234\003"
 154      B481193E 
 154      03338DDF 
 154      7AAA259A 
 154      259C03
 155 018b 96E0E7FA 		.ascii	"\226\340\347\372\245\032a3A\370\250\271\215\220\307"
 155      A51A6133 
 155      41F8A8B9 
 155      8D90C7
 156 019a A103135C 		.ascii	"\241\003\023\\\320\022`\276\324\031B\2513,>\350\371"
 156      D01260BE 
 156      D41942A9 
 156      332C3EE8 
 156      F9
 157 01ab 385DC40B 		.ascii	"8]\304\013e\201\012E\2727^\035\372D\300\"MF\020\321"
 157      65810A45 
 157      BA375E1D 
 157      FA44C022 
 157      4D4610D1 
 158 01bf 7C186BF8 		.ascii	"|\030k\370.\033\315\355F\260\2409\365g\317Z\246p\226"
 158      2E1BCDED 
 158      46B0A039 
 158      F567CF5A 
 158      A67096
 159 01d2 354EECAC 		.ascii	"5N\354\254\274{:\033\362\314\200\021AaF;\310A\030\243"
 159      BC7B3A1B 
 159      F2CC8011 
 159      4161463B 
 159      C84118A3 
 160 01e6 75819068 		.ascii	"u\201\220h}\003AJ\313\357\322m\324\015\354\237\202d"
 160      7D03414A 
 160      CBEFD26D 
 160      D40DEC9F 
 160      8264
 161 01f8 3792A447 		.ascii	"7\222\244G\034|\201\001/+\024\177\034<\334\227\221\371"
 161      1C7C8101 
 161      2F2B147F 
 161      1C3CDC97 
 161      91F9
 162 020a 3E45D756 		.ascii	">E\327V\021\323\353,\366%<\357\304s\016\256@\246zY\307"
 162      11D3EB2C 
 162      F6253CEF 
 162      C4730EAE 
 162      40A67A59 
 163 021f 3E188A65 		.ascii	">\030\212e\261Zp\017.\002+f\356\306\255\3524\243\232"
ARM GAS  C:\Users\info\AppData\Local\Temp\ccuwdrvR.s 			page 12


 163      B15A700F 
 163      2E022B66 
 163      EEC6ADEA 
 163      34A39A
 164 0232 ABF6BF72 		.ascii	"\253\366\277r\365\336?wB\324\347\3722)W\317f\256\246"
 164      F5DE3F77 
 164      42D4E7FA 
 164      322957CF 
 164      66AEA6
 165 0245 3B2B87C4 		.ascii	";+\207\304\334\017Y\301U\304\"\322#\035\260\027r\361"
 165      DC0F59C1 
 165      55C422D2 
 165      231DB017 
 165      72F1
 166 0257 7B154405 		.ascii	"{\025D\005\375i\363\360\000\277\243\221,\204\310B\307"
 166      FD69F3F0 
 166      00BFA391 
 166      2C84C842 
 166      C7
 167 0268 F1674E5E 		.ascii	"\361gN^$\344\010z\212\024\007-\332\355\265\260\216A"
 167      24E4087A 
 167      8A14072D 
 167      DAEDB5B0 
 167      8E41
 168 027a 33CCE3E8 		.ascii	"3\314\343\350^\203\035\350zt\361D_\266\320\257\314i"
 168      5E831DE8 
 168      7A74F144 
 168      5FB6D0AF 
 168      CC69
 169 028c AADB9A5E 		.ascii	"\252\333\232^;R'n\356\365)Uw\255\336\233\317\336\232"
 169      3B52276E 
 169      EEF52955 
 169      77ADDE9B 
 169      CFDE9A
 170 029f 5E3FA377 		.ascii	"^?\243w=Ao\254m\256\035\220^c\210D\326d\225\032b \242"
 170      3D416FAC 
 170      6DAE1D90 
 170      5E638844 
 170      D664951A 
 171 02b6 518BE8A9 		.ascii	"Q\213\350\251E\031\265\007\353\227\207DaD\241v\375\327"
 171      4519B507 
 171      EB978744 
 171      6144A176 
 171      FDD7
 172 02c8 5073A632 		.ascii	"Ps\24624\002\232\277T\337[\310P\206&\027\315\201\215"
 172      34029ABF 
 172      54DF5BC8 
 172      50862617 
 172      CD818D
 173 02db 3F2239CA 		.ascii	"?\"9\312)\217f]g\3074O/\205\250m6\351\273\374\025\273"
 173      298F665D 
 173      67C7344F 
 173      2F85A86D 
 173      36E9BBFC 
 174 02f1 9567CD70 		.ascii	"\225g\315pS\271\024rx\240?\315T\253\016\327K@\347\370"
 174      53B91472 
 174      78A03FCD 
ARM GAS  C:\Users\info\AppData\Local\Temp\ccuwdrvR.s 			page 13


 174      54AB0ED7 
 174      4B40E7F8 
 175 0305 06A20719 		.ascii	"\006\242\007\031z\010L\011\037\012\256\251\014\377\235"
 175      7A084C09 
 175      1F0AAEA9 
 175      0CFF9D
 176 0314 23DC51DF 		.ascii	"#\334Q\337u<<\306\347\351\306\022=\207\265\251D\304"
 176      753C3CC6 
 176      E7E9C612 
 176      3D87B5A9 
 176      44C4
 177 0326 0F0D7DF5 		.ascii	"\017\015}\365\220j<n\245~/\335\241\367\006\323\365\\"
 177      906A3C6E 
 177      A57E2FDD 
 177      A1F706D3 
 177      F55C
 178 0338 62F02F64 		.ascii	"b\360/d\2165\365~\375\330\316\263d\254\221DN=\204\203"
 178      8E35F57E 
 178      FDD8CEB3 
 178      64AC9144 
 178      4E3D8483 
 179 034c 2422C208 		.ascii	"$\"\302\010\230`@\351\253\316\221\356\274\211\004Ga"
 179      986040E9 
 179      ABCE91EE 
 179      BC890447 
 179      61
 180 035d 27FAAD2F 		.ascii	"'\372\255/\236\254\316\021\226\224\"\332V\326\207E\372"
 180      9EACCE11 
 180      969422DA 
 180      56D68745 
 180      FA
 181 036e 1EA9F1D1 		.ascii	"\036\251\361\3217\335\253\231[vn\"\321\271A\205\355"
 181      37DDAB99 
 181      5B766E22 
 181      D1B94185 
 181      ED
 182 037f C2D59951 		.ascii	"\302\325\231QP\331F(\333\344\2473\311\330N$\330\316"
 182      50D94628 
 182      DBE4A733 
 182      C9D84E24 
 182      D8CE
 183 0391 CF4EF467 		.ascii	"\317N\364g \333\010\262\335x\007\311V[(\004\306\221"
 183      20DB08B2 
 183      DD7807C9 
 183      565B2804 
 183      C691
 184 03a3 1BDEB8CE 		.ascii	"\033\336\270\316q\214\366\020n3\256]=k\006\375\213\211"
 184      718CF610 
 184      6E33AE5D 
 184      3D6B06FD 
 184      8B89
 185 03b5 25A59852 		.ascii	"%\245\230R^\014\375#vb\351t{\322S\246\315\320\300\323"
 185      5E0CFD23 
 185      7662E974 
 185      7BD253A6 
 185      CDD0C0D3 
 186 03c9 2A789A81 		.ascii	"*x\232\201\353&n\366&\275E\372X4p\\\005\307\0318\272"
ARM GAS  C:\Users\info\AppData\Local\Temp\ccuwdrvR.s 			page 14


 186      EB266EF6 
 186      26BD45FA 
 186      5834705C 
 186      05C71938 
 187 03de D15A9FA6 		.ascii	"\321Z\237\246\007O&E\236Q\301\364\237\021\264\035\260"
 187      074F2645 
 187      9E51C1F4 
 187      9F11B41D 
 187      B0
 188 03ef D983B680 		.ascii	"\331\203\266\200\307\3415\274\366\306[\226W\362\363"
 188      C7E135BC 
 188      F6C65B96 
 188      57F2F3
 189 03fe B96D767B 		.ascii	"\271mv{\320\345\016\330\354\201\203\340|Q\362\372<%"
 189      D0E50ED8 
 189      EC8183E0 
 189      7C51F2FA 
 189      3C25
 190 0410 3E47B9A5 		.ascii	">G\271\245\330U&\373-y\007l\317?-9+\274>\331\357\227"
 190      D85526FB 
 190      2D79076C 
 190      CF3F2D39 
 190      2BBC3ED9 
 191 0426 BC7E8FD3 		.ascii	"\274~\217\323\342\364\311\216\200\307'\025Xw'o\270\312"
 191      E2F4C98E 
 191      80C72715 
 191      5877276F 
 191      B8CA
 192 0438 BD1E5F40 		.ascii	"\275\036_@*q\007%\207\257\\\332k-\260\346Sm\227\333"
 192      2A710725 
 192      87AF5CDA 
 192      6B2DB0E6 
 192      536D97DB 
 193 044c E39677C9 		.ascii	"\343\226w\311\216B\227\344r;\313\202E\262T\356p\226"
 193      8E4297E4 
 193      723BCB82 
 193      45B254EE 
 193      7096
 194 045e BADCB264 		.ascii	"\272\334\262d/\222\213\035\301\262\200=P\341\225\375"
 194      2F928B1D 
 194      C1B2803D 
 194      50E195FD 
 195 046e D6522E5D 		.ascii	"\326R.]\245\262\357\377b\342\257\360Kv\177\240\010\323"
 195      A5B2EFFF 
 195      62E2AFF0 
 195      4B767FA0 
 195      08D3
 196 0480 627AD159 		.ascii	"bz\321Y\352\360=i\265JA[\311n\273\323\357sJZ\313\254"
 196      EAF03D69 
 196      B54A415B 
 196      C96EBBD3 
 196      EF734A5A 
 197 0496 4ECEA859 		.ascii	"N\316\250Y\331\232j\0178\012\263\202n\277\253\304-\027"
 197      D99A6A0F 
 197      380AB382 
 197      6EBFABC4 
 197      2D17
ARM GAS  C:\Users\info\AppData\Local\Temp\ccuwdrvR.s 			page 15


 198 04a8 59680843 		.ascii	"Yh\010Ca\260\330\272\267`\317\013\002*\377\000\225\013"
 198      61B0D8BA 
 198      B760CF0B 
 198      022AFF00 
 198      950B
 199 04ba 7B2A     		.ascii	"{*"
 200              		.text
 201              		.section	.gnu.lto_.symtab.792a6b70,"",%progbits
 202 0000 75387838 		.ascii	"u8x8_u8toap\000"
 202      5F753874 
 202      6F617000 
 203 000c 00       		.ascii	"\000"
 204 000d 00       		.ascii	"\000"
 205 000e 00       		.ascii	"\000"
 206 000f 00000000 		.ascii	"\000\000\000\000\000\000\000\000"
 206      00000000 
 207 0017 BF000000 		.ascii	"\277\000\000\000"
 208 001b 75387838 		.ascii	"u8x8_u8toa\000"
 208      5F753874 
 208      6F6100
 209 0026 00       		.ascii	"\000"
 210 0027 00       		.ascii	"\000"
 211 0028 00       		.ascii	"\000"
 212 0029 00000000 		.ascii	"\000\000\000\000\000\000\000\000"
 212      00000000 
 213 0031 C4000000 		.ascii	"\304\000\000\000"
 214              		.text
 215              		.section	.gnu.lto_.opts,"",%progbits
 216 0000 272D666D 		.ascii	"'-fmath-errno' '-fsigned-zeros' '-ftrapping-math' '"
 216      6174682D 
 216      6572726E 
 216      6F272027 
 216      2D667369 
 217 0033 2D666E6F 		.ascii	"-fno-trapv' '-fno-strict-overflow' '-fno-openmp' '-"
 217      2D747261 
 217      70762720 
 217      272D666E 
 217      6F2D7374 
 218 0066 666E6F2D 		.ascii	"fno-openacc' '-mcpu=cortex-m3' '-mthumb' '-g' '-Og'"
 218      6F70656E 
 218      61636327 
 218      20272D6D 
 218      6370753D 
 219 0099 20272D66 		.ascii	" '-ffunction-sections' '-ffat-lto-objects' '-flto'\000"
 219      66756E63 
 219      74696F6E 
 219      2D736563 
 219      74696F6E 
 220              		.text
 221              		.cfi_sections	.debug_frame
 222              		.section	.text.u8x8_u8toap,"ax",%progbits
 223              		.align	2
 224              		.global	u8x8_u8toap
 225              		.thumb
 226              		.thumb_func
 227              		.type	u8x8_u8toap, %function
 228              	u8x8_u8toap:
ARM GAS  C:\Users\info\AppData\Local\Temp\ccuwdrvR.s 			page 16


 229              	.LFB0:
 230              		.file 1 "..\\u8g2_csrc\\u8x8_u8toa.c"
   1:..\u8g2_csrc/u8x8_u8toa.c **** /*
   2:..\u8g2_csrc/u8x8_u8toa.c **** 
   3:..\u8g2_csrc/u8x8_u8toa.c ****   u8x8_u8toa.c
   4:..\u8g2_csrc/u8x8_u8toa.c **** 
   5:..\u8g2_csrc/u8x8_u8toa.c ****   Universal 8bit Graphics Library (https://github.com/olikraus/u8g2/)
   6:..\u8g2_csrc/u8x8_u8toa.c **** 
   7:..\u8g2_csrc/u8x8_u8toa.c ****   Copyright (c) 2016, olikraus@gmail.com
   8:..\u8g2_csrc/u8x8_u8toa.c ****   All rights reserved.
   9:..\u8g2_csrc/u8x8_u8toa.c **** 
  10:..\u8g2_csrc/u8x8_u8toa.c ****   Redistribution and use in source and binary forms, with or without modification, 
  11:..\u8g2_csrc/u8x8_u8toa.c ****   are permitted provided that the following conditions are met:
  12:..\u8g2_csrc/u8x8_u8toa.c **** 
  13:..\u8g2_csrc/u8x8_u8toa.c ****   * Redistributions of source code must retain the above copyright notice, this list 
  14:..\u8g2_csrc/u8x8_u8toa.c ****     of conditions and the following disclaimer.
  15:..\u8g2_csrc/u8x8_u8toa.c ****     
  16:..\u8g2_csrc/u8x8_u8toa.c ****   * Redistributions in binary form must reproduce the above copyright notice, this 
  17:..\u8g2_csrc/u8x8_u8toa.c ****     list of conditions and the following disclaimer in the documentation and/or other 
  18:..\u8g2_csrc/u8x8_u8toa.c ****     materials provided with the distribution.
  19:..\u8g2_csrc/u8x8_u8toa.c **** 
  20:..\u8g2_csrc/u8x8_u8toa.c ****   THIS SOFTWARE IS PROVIDED BY THE COPYRIGHT HOLDERS AND 
  21:..\u8g2_csrc/u8x8_u8toa.c ****   CONTRIBUTORS "AS IS" AND ANY EXPRESS OR IMPLIED WARRANTIES, 
  22:..\u8g2_csrc/u8x8_u8toa.c ****   INCLUDING, BUT NOT LIMITED TO, THE IMPLIED WARRANTIES OF 
  23:..\u8g2_csrc/u8x8_u8toa.c ****   MERCHANTABILITY AND FITNESS FOR A PARTICULAR PURPOSE ARE 
  24:..\u8g2_csrc/u8x8_u8toa.c ****   DISCLAIMED. IN NO EVENT SHALL THE COPYRIGHT HOLDER OR 
  25:..\u8g2_csrc/u8x8_u8toa.c ****   CONTRIBUTORS BE LIABLE FOR ANY DIRECT, INDIRECT, INCIDENTAL, 
  26:..\u8g2_csrc/u8x8_u8toa.c ****   SPECIAL, EXEMPLARY, OR CONSEQUENTIAL DAMAGES (INCLUDING, BUT 
  27:..\u8g2_csrc/u8x8_u8toa.c ****   NOT LIMITED TO, PROCUREMENT OF SUBSTITUTE GOODS OR SERVICES; 
  28:..\u8g2_csrc/u8x8_u8toa.c ****   LOSS OF USE, DATA, OR PROFITS; OR BUSINESS INTERRUPTION) HOWEVER 
  29:..\u8g2_csrc/u8x8_u8toa.c ****   CAUSED AND ON ANY THEORY OF LIABILITY, WHETHER IN CONTRACT, 
  30:..\u8g2_csrc/u8x8_u8toa.c ****   STRICT LIABILITY, OR TORT (INCLUDING NEGLIGENCE OR OTHERWISE) 
  31:..\u8g2_csrc/u8x8_u8toa.c ****   ARISING IN ANY WAY OUT OF THE USE OF THIS SOFTWARE, EVEN IF 
  32:..\u8g2_csrc/u8x8_u8toa.c ****   ADVISED OF THE POSSIBILITY OF SUCH DAMAGE.  
  33:..\u8g2_csrc/u8x8_u8toa.c ****   
  34:..\u8g2_csrc/u8x8_u8toa.c **** */
  35:..\u8g2_csrc/u8x8_u8toa.c **** 
  36:..\u8g2_csrc/u8x8_u8toa.c **** 
  37:..\u8g2_csrc/u8x8_u8toa.c **** #include "u8x8.h"
  38:..\u8g2_csrc/u8x8_u8toa.c **** 
  39:..\u8g2_csrc/u8x8_u8toa.c **** static const unsigned char u8x8_u8toa_tab[3]  = { 100, 10, 1 } ;
  40:..\u8g2_csrc/u8x8_u8toa.c **** const char *u8x8_u8toap(char * dest, uint8_t v)
  41:..\u8g2_csrc/u8x8_u8toa.c **** {
 231              		.loc 1 41 0
 232              		.cfi_startproc
 233              		@ args = 0, pretend = 0, frame = 0
 234              		@ frame_needed = 0, uses_anonymous_args = 0
 235              		@ link register save eliminated.
 236              	.LVL0:
 237 0000 30B4     		push	{r4, r5}
 238              		.cfi_def_cfa_offset 8
 239              		.cfi_offset 4, -8
 240              		.cfi_offset 5, -4
 241              	.LVL1:
  42:..\u8g2_csrc/u8x8_u8toa.c ****   uint8_t pos;
  43:..\u8g2_csrc/u8x8_u8toa.c ****   uint8_t d;
  44:..\u8g2_csrc/u8x8_u8toa.c ****   uint8_t c;
ARM GAS  C:\Users\info\AppData\Local\Temp\ccuwdrvR.s 			page 17


  45:..\u8g2_csrc/u8x8_u8toa.c ****   for( pos = 0; pos < 3; pos++ )
 242              		.loc 1 45 0
 243 0002 0024     		movs	r4, #0
 244 0004 0DE0     		b	.L2
 245              	.LVL2:
 246              	.L5:
  46:..\u8g2_csrc/u8x8_u8toa.c ****   {
  47:..\u8g2_csrc/u8x8_u8toa.c ****       d = '0';
  48:..\u8g2_csrc/u8x8_u8toa.c ****       c = *(u8x8_u8toa_tab+pos);
 247              		.loc 1 48 0
 248 0006 2546     		mov	r5, r4
 249 0008 094B     		ldr	r3, .L7
 250 000a 1A5D     		ldrb	r2, [r3, r4]	@ zero_extendqisi2
 251              	.LVL3:
  47:..\u8g2_csrc/u8x8_u8toa.c ****       c = *(u8x8_u8toa_tab+pos);
 252              		.loc 1 47 0
 253 000c 3023     		movs	r3, #48
  49:..\u8g2_csrc/u8x8_u8toa.c ****       while( v >= c )
 254              		.loc 1 49 0
 255 000e 03E0     		b	.L3
 256              	.LVL4:
 257              	.L4:
  50:..\u8g2_csrc/u8x8_u8toa.c ****       {
  51:..\u8g2_csrc/u8x8_u8toa.c **** 	v -= c;
 258              		.loc 1 51 0
 259 0010 891A     		subs	r1, r1, r2
 260              	.LVL5:
 261 0012 C9B2     		uxtb	r1, r1
 262              	.LVL6:
  52:..\u8g2_csrc/u8x8_u8toa.c **** 	d++;
 263              		.loc 1 52 0
 264 0014 0133     		adds	r3, r3, #1
 265              	.LVL7:
 266 0016 DBB2     		uxtb	r3, r3
 267              	.LVL8:
 268              	.L3:
  49:..\u8g2_csrc/u8x8_u8toa.c ****       while( v >= c )
 269              		.loc 1 49 0
 270 0018 9142     		cmp	r1, r2
 271 001a F9D2     		bcs	.L4
  53:..\u8g2_csrc/u8x8_u8toa.c ****       }
  54:..\u8g2_csrc/u8x8_u8toa.c ****       dest[pos] = d;
 272              		.loc 1 54 0 discriminator 2
 273 001c 4355     		strb	r3, [r0, r5]
  45:..\u8g2_csrc/u8x8_u8toa.c ****   {
 274              		.loc 1 45 0 discriminator 2
 275 001e 0134     		adds	r4, r4, #1
 276              	.LVL9:
 277 0020 E4B2     		uxtb	r4, r4
 278              	.LVL10:
 279              	.L2:
  45:..\u8g2_csrc/u8x8_u8toa.c ****   {
 280              		.loc 1 45 0 is_stmt 0 discriminator 1
 281 0022 022C     		cmp	r4, #2
 282 0024 EFD9     		bls	.L5
  55:..\u8g2_csrc/u8x8_u8toa.c ****   }  
  56:..\u8g2_csrc/u8x8_u8toa.c ****   dest[3] = '\0';
ARM GAS  C:\Users\info\AppData\Local\Temp\ccuwdrvR.s 			page 18


 283              		.loc 1 56 0 is_stmt 1
 284 0026 0023     		movs	r3, #0
 285 0028 C370     		strb	r3, [r0, #3]
  57:..\u8g2_csrc/u8x8_u8toa.c ****   return dest;
  58:..\u8g2_csrc/u8x8_u8toa.c **** }
 286              		.loc 1 58 0
 287 002a 30BC     		pop	{r4, r5}
 288              		.cfi_restore 5
 289              		.cfi_restore 4
 290              		.cfi_def_cfa_offset 0
 291              	.LVL11:
 292 002c 7047     		bx	lr
 293              	.L8:
 294 002e 00BF     		.align	2
 295              	.L7:
 296 0030 00000000 		.word	.LANCHOR0
 297              		.cfi_endproc
 298              	.LFE0:
 299              		.size	u8x8_u8toap, .-u8x8_u8toap
 300              		.section	.text.u8x8_u8toa,"ax",%progbits
 301              		.align	2
 302              		.global	u8x8_u8toa
 303              		.thumb
 304              		.thumb_func
 305              		.type	u8x8_u8toa, %function
 306              	u8x8_u8toa:
 307              	.LFB1:
  59:..\u8g2_csrc/u8x8_u8toa.c **** 
  60:..\u8g2_csrc/u8x8_u8toa.c **** /* v = value, d = number of digits */
  61:..\u8g2_csrc/u8x8_u8toa.c **** const char *u8x8_u8toa(uint8_t v, uint8_t d)
  62:..\u8g2_csrc/u8x8_u8toa.c **** {
 308              		.loc 1 62 0
 309              		.cfi_startproc
 310              		@ args = 0, pretend = 0, frame = 0
 311              		@ frame_needed = 0, uses_anonymous_args = 0
 312              	.LVL12:
 313 0000 10B5     		push	{r4, lr}
 314              		.cfi_def_cfa_offset 8
 315              		.cfi_offset 4, -8
 316              		.cfi_offset 14, -4
  63:..\u8g2_csrc/u8x8_u8toa.c ****   static char buf[4];
  64:..\u8g2_csrc/u8x8_u8toa.c ****   d = 3-d;
 317              		.loc 1 64 0
 318 0002 C1F10301 		rsb	r1, r1, #3
 319              	.LVL13:
 320 0006 CCB2     		uxtb	r4, r1
 321              	.LVL14:
  65:..\u8g2_csrc/u8x8_u8toa.c ****   return u8x8_u8toap(buf, v) + d;
 322              		.loc 1 65 0
 323 0008 0146     		mov	r1, r0
 324 000a 0248     		ldr	r0, .L11
 325              	.LVL15:
 326 000c FFF7FEFF 		bl	u8x8_u8toap
 327              	.LVL16:
  66:..\u8g2_csrc/u8x8_u8toa.c **** }
 328              		.loc 1 66 0
 329 0010 2044     		add	r0, r0, r4
ARM GAS  C:\Users\info\AppData\Local\Temp\ccuwdrvR.s 			page 19


 330 0012 10BD     		pop	{r4, pc}
 331              	.LVL17:
 332              	.L12:
 333              		.align	2
 334              	.L11:
 335 0014 00000000 		.word	.LANCHOR1
 336              		.cfi_endproc
 337              	.LFE1:
 338              		.size	u8x8_u8toa, .-u8x8_u8toa
 339              		.section	.rodata
 340              		.align	2
 341              		.set	.LANCHOR0,. + 0
 342              		.type	u8x8_u8toa_tab, %object
 343              		.size	u8x8_u8toa_tab, 3
 344              	u8x8_u8toa_tab:
 345 0000 64       		.byte	100
 346 0001 0A       		.byte	10
 347 0002 01       		.byte	1
 348              		.bss
 349              		.align	2
 350              		.set	.LANCHOR1,. + 0
 351              		.type	buf.5437, %object
 352              		.size	buf.5437, 4
 353              	buf.5437:
 354 0000 00000000 		.space	4
 355              		.text
 356              	.Letext0:
 357              		.file 2 "c:\\program files (x86)\\cypress\\psoc creator\\4.2\\psoc creator\\import\\gnu\\arm\\5.4.
 358              		.file 3 "c:\\program files (x86)\\cypress\\psoc creator\\4.2\\psoc creator\\import\\gnu\\arm\\5.4.
 359              		.section	.debug_info,"",%progbits
 360              	.Ldebug_info0:
 361 0000 94010000 		.4byte	0x194
 362 0004 0400     		.2byte	0x4
 363 0006 00000000 		.4byte	.Ldebug_abbrev0
 364 000a 04       		.byte	0x4
 365 000b 01       		.uleb128 0x1
 366 000c 33000000 		.4byte	.LASF19
 367 0010 0C       		.byte	0xc
 368 0011 D9000000 		.4byte	.LASF20
 369 0015 5F010000 		.4byte	.LASF21
 370 0019 00000000 		.4byte	.Ldebug_ranges0+0
 371 001d 00000000 		.4byte	0
 372 0021 00000000 		.4byte	.Ldebug_line0
 373 0025 02       		.uleb128 0x2
 374 0026 01       		.byte	0x1
 375 0027 06       		.byte	0x6
 376 0028 FD000000 		.4byte	.LASF0
 377 002c 03       		.uleb128 0x3
 378 002d F3000000 		.4byte	.LASF9
 379 0031 02       		.byte	0x2
 380 0032 1D       		.byte	0x1d
 381 0033 37000000 		.4byte	0x37
 382 0037 02       		.uleb128 0x2
 383 0038 01       		.byte	0x1
 384 0039 08       		.byte	0x8
 385 003a 28010000 		.4byte	.LASF1
 386 003e 02       		.uleb128 0x2
ARM GAS  C:\Users\info\AppData\Local\Temp\ccuwdrvR.s 			page 20


 387 003f 02       		.byte	0x2
 388 0040 05       		.byte	0x5
 389 0041 E0010000 		.4byte	.LASF2
 390 0045 02       		.uleb128 0x2
 391 0046 02       		.byte	0x2
 392 0047 07       		.byte	0x7
 393 0048 0E000000 		.4byte	.LASF3
 394 004c 02       		.uleb128 0x2
 395 004d 04       		.byte	0x4
 396 004e 05       		.byte	0x5
 397 004f 3B010000 		.4byte	.LASF4
 398 0053 02       		.uleb128 0x2
 399 0054 04       		.byte	0x4
 400 0055 07       		.byte	0x7
 401 0056 C7000000 		.4byte	.LASF5
 402 005a 02       		.uleb128 0x2
 403 005b 08       		.byte	0x8
 404 005c 05       		.byte	0x5
 405 005d 00000000 		.4byte	.LASF6
 406 0061 02       		.uleb128 0x2
 407 0062 08       		.byte	0x8
 408 0063 07       		.byte	0x7
 409 0064 09010000 		.4byte	.LASF7
 410 0068 04       		.uleb128 0x4
 411 0069 04       		.byte	0x4
 412 006a 05       		.byte	0x5
 413 006b 696E7400 		.ascii	"int\000"
 414 006f 02       		.uleb128 0x2
 415 0070 04       		.byte	0x4
 416 0071 07       		.byte	0x7
 417 0072 21000000 		.4byte	.LASF8
 418 0076 03       		.uleb128 0x3
 419 0077 20010000 		.4byte	.LASF10
 420 007b 03       		.byte	0x3
 421 007c 18       		.byte	0x18
 422 007d 2C000000 		.4byte	0x2c
 423 0081 02       		.uleb128 0x2
 424 0082 08       		.byte	0x8
 425 0083 04       		.byte	0x4
 426 0084 D4010000 		.4byte	.LASF11
 427 0088 05       		.uleb128 0x5
 428 0089 44010000 		.4byte	.LASF14
 429 008d 01       		.byte	0x1
 430 008e 28       		.byte	0x28
 431 008f E5000000 		.4byte	0xe5
 432 0093 00000000 		.4byte	.LFB0
 433 0097 34000000 		.4byte	.LFE0-.LFB0
 434 009b 01       		.uleb128 0x1
 435 009c 9C       		.byte	0x9c
 436 009d E5000000 		.4byte	0xe5
 437 00a1 06       		.uleb128 0x6
 438 00a2 2E000000 		.4byte	.LASF12
 439 00a6 01       		.byte	0x1
 440 00a7 28       		.byte	0x28
 441 00a8 F7000000 		.4byte	0xf7
 442 00ac 01       		.uleb128 0x1
 443 00ad 50       		.byte	0x50
ARM GAS  C:\Users\info\AppData\Local\Temp\ccuwdrvR.s 			page 21


 444 00ae 07       		.uleb128 0x7
 445 00af 7600     		.ascii	"v\000"
 446 00b1 01       		.byte	0x1
 447 00b2 28       		.byte	0x28
 448 00b3 76000000 		.4byte	0x76
 449 00b7 00000000 		.4byte	.LLST0
 450 00bb 08       		.uleb128 0x8
 451 00bc 706F7300 		.ascii	"pos\000"
 452 00c0 01       		.byte	0x1
 453 00c1 2A       		.byte	0x2a
 454 00c2 76000000 		.4byte	0x76
 455 00c6 1E000000 		.4byte	.LLST1
 456 00ca 08       		.uleb128 0x8
 457 00cb 6400     		.ascii	"d\000"
 458 00cd 01       		.byte	0x1
 459 00ce 2B       		.byte	0x2b
 460 00cf 76000000 		.4byte	0x76
 461 00d3 48000000 		.4byte	.LLST2
 462 00d7 08       		.uleb128 0x8
 463 00d8 6300     		.ascii	"c\000"
 464 00da 01       		.byte	0x1
 465 00db 2C       		.byte	0x2c
 466 00dc 76000000 		.4byte	0x76
 467 00e0 73000000 		.4byte	.LLST3
 468 00e4 00       		.byte	0
 469 00e5 09       		.uleb128 0x9
 470 00e6 04       		.byte	0x4
 471 00e7 F2000000 		.4byte	0xf2
 472 00eb 02       		.uleb128 0x2
 473 00ec 01       		.byte	0x1
 474 00ed 08       		.byte	0x8
 475 00ee 36010000 		.4byte	.LASF13
 476 00f2 0A       		.uleb128 0xa
 477 00f3 EB000000 		.4byte	0xeb
 478 00f7 09       		.uleb128 0x9
 479 00f8 04       		.byte	0x4
 480 00f9 EB000000 		.4byte	0xeb
 481 00fd 05       		.uleb128 0x5
 482 00fe C9010000 		.4byte	.LASF15
 483 0102 01       		.byte	0x1
 484 0103 3D       		.byte	0x3d
 485 0104 E5000000 		.4byte	0xe5
 486 0108 00000000 		.4byte	.LFB1
 487 010c 18000000 		.4byte	.LFE1-.LFB1
 488 0110 01       		.uleb128 0x1
 489 0111 9C       		.byte	0x9c
 490 0112 55010000 		.4byte	0x155
 491 0116 07       		.uleb128 0x7
 492 0117 7600     		.ascii	"v\000"
 493 0119 01       		.byte	0x1
 494 011a 3D       		.byte	0x3d
 495 011b 76000000 		.4byte	0x76
 496 011f 86000000 		.4byte	.LLST4
 497 0123 07       		.uleb128 0x7
 498 0124 6400     		.ascii	"d\000"
 499 0126 01       		.byte	0x1
 500 0127 3D       		.byte	0x3d
ARM GAS  C:\Users\info\AppData\Local\Temp\ccuwdrvR.s 			page 22


 501 0128 76000000 		.4byte	0x76
 502 012c A7000000 		.4byte	.LLST5
 503 0130 0B       		.uleb128 0xb
 504 0131 EA010000 		.4byte	.LASF16
 505 0135 01       		.byte	0x1
 506 0136 3F       		.byte	0x3f
 507 0137 55010000 		.4byte	0x155
 508 013b 05       		.uleb128 0x5
 509 013c 03       		.byte	0x3
 510 013d 00000000 		.4byte	buf.5437
 511 0141 0C       		.uleb128 0xc
 512 0142 10000000 		.4byte	.LVL16
 513 0146 88000000 		.4byte	0x88
 514 014a 0D       		.uleb128 0xd
 515 014b 01       		.uleb128 0x1
 516 014c 50       		.byte	0x50
 517 014d 05       		.uleb128 0x5
 518 014e 03       		.byte	0x3
 519 014f 00000000 		.4byte	.LANCHOR1
 520 0153 00       		.byte	0
 521 0154 00       		.byte	0
 522 0155 0E       		.uleb128 0xe
 523 0156 EB000000 		.4byte	0xeb
 524 015a 65010000 		.4byte	0x165
 525 015e 0F       		.uleb128 0xf
 526 015f 65010000 		.4byte	0x165
 527 0163 03       		.byte	0x3
 528 0164 00       		.byte	0
 529 0165 02       		.uleb128 0x2
 530 0166 04       		.byte	0x4
 531 0167 07       		.byte	0x7
 532 0168 F3010000 		.4byte	.LASF17
 533 016c 0E       		.uleb128 0xe
 534 016d 7C010000 		.4byte	0x17c
 535 0171 7C010000 		.4byte	0x17c
 536 0175 0F       		.uleb128 0xf
 537 0176 65010000 		.4byte	0x165
 538 017a 02       		.byte	0x2
 539 017b 00       		.byte	0
 540 017c 0A       		.uleb128 0xa
 541 017d 37000000 		.4byte	0x37
 542 0181 0B       		.uleb128 0xb
 543 0182 50010000 		.4byte	.LASF18
 544 0186 01       		.byte	0x1
 545 0187 27       		.byte	0x27
 546 0188 92010000 		.4byte	0x192
 547 018c 05       		.uleb128 0x5
 548 018d 03       		.byte	0x3
 549 018e 00000000 		.4byte	u8x8_u8toa_tab
 550 0192 0A       		.uleb128 0xa
 551 0193 6C010000 		.4byte	0x16c
 552 0197 00       		.byte	0
 553              		.section	.debug_abbrev,"",%progbits
 554              	.Ldebug_abbrev0:
 555 0000 01       		.uleb128 0x1
 556 0001 11       		.uleb128 0x11
 557 0002 01       		.byte	0x1
ARM GAS  C:\Users\info\AppData\Local\Temp\ccuwdrvR.s 			page 23


 558 0003 25       		.uleb128 0x25
 559 0004 0E       		.uleb128 0xe
 560 0005 13       		.uleb128 0x13
 561 0006 0B       		.uleb128 0xb
 562 0007 03       		.uleb128 0x3
 563 0008 0E       		.uleb128 0xe
 564 0009 1B       		.uleb128 0x1b
 565 000a 0E       		.uleb128 0xe
 566 000b 55       		.uleb128 0x55
 567 000c 17       		.uleb128 0x17
 568 000d 11       		.uleb128 0x11
 569 000e 01       		.uleb128 0x1
 570 000f 10       		.uleb128 0x10
 571 0010 17       		.uleb128 0x17
 572 0011 00       		.byte	0
 573 0012 00       		.byte	0
 574 0013 02       		.uleb128 0x2
 575 0014 24       		.uleb128 0x24
 576 0015 00       		.byte	0
 577 0016 0B       		.uleb128 0xb
 578 0017 0B       		.uleb128 0xb
 579 0018 3E       		.uleb128 0x3e
 580 0019 0B       		.uleb128 0xb
 581 001a 03       		.uleb128 0x3
 582 001b 0E       		.uleb128 0xe
 583 001c 00       		.byte	0
 584 001d 00       		.byte	0
 585 001e 03       		.uleb128 0x3
 586 001f 16       		.uleb128 0x16
 587 0020 00       		.byte	0
 588 0021 03       		.uleb128 0x3
 589 0022 0E       		.uleb128 0xe
 590 0023 3A       		.uleb128 0x3a
 591 0024 0B       		.uleb128 0xb
 592 0025 3B       		.uleb128 0x3b
 593 0026 0B       		.uleb128 0xb
 594 0027 49       		.uleb128 0x49
 595 0028 13       		.uleb128 0x13
 596 0029 00       		.byte	0
 597 002a 00       		.byte	0
 598 002b 04       		.uleb128 0x4
 599 002c 24       		.uleb128 0x24
 600 002d 00       		.byte	0
 601 002e 0B       		.uleb128 0xb
 602 002f 0B       		.uleb128 0xb
 603 0030 3E       		.uleb128 0x3e
 604 0031 0B       		.uleb128 0xb
 605 0032 03       		.uleb128 0x3
 606 0033 08       		.uleb128 0x8
 607 0034 00       		.byte	0
 608 0035 00       		.byte	0
 609 0036 05       		.uleb128 0x5
 610 0037 2E       		.uleb128 0x2e
 611 0038 01       		.byte	0x1
 612 0039 3F       		.uleb128 0x3f
 613 003a 19       		.uleb128 0x19
 614 003b 03       		.uleb128 0x3
ARM GAS  C:\Users\info\AppData\Local\Temp\ccuwdrvR.s 			page 24


 615 003c 0E       		.uleb128 0xe
 616 003d 3A       		.uleb128 0x3a
 617 003e 0B       		.uleb128 0xb
 618 003f 3B       		.uleb128 0x3b
 619 0040 0B       		.uleb128 0xb
 620 0041 27       		.uleb128 0x27
 621 0042 19       		.uleb128 0x19
 622 0043 49       		.uleb128 0x49
 623 0044 13       		.uleb128 0x13
 624 0045 11       		.uleb128 0x11
 625 0046 01       		.uleb128 0x1
 626 0047 12       		.uleb128 0x12
 627 0048 06       		.uleb128 0x6
 628 0049 40       		.uleb128 0x40
 629 004a 18       		.uleb128 0x18
 630 004b 9742     		.uleb128 0x2117
 631 004d 19       		.uleb128 0x19
 632 004e 01       		.uleb128 0x1
 633 004f 13       		.uleb128 0x13
 634 0050 00       		.byte	0
 635 0051 00       		.byte	0
 636 0052 06       		.uleb128 0x6
 637 0053 05       		.uleb128 0x5
 638 0054 00       		.byte	0
 639 0055 03       		.uleb128 0x3
 640 0056 0E       		.uleb128 0xe
 641 0057 3A       		.uleb128 0x3a
 642 0058 0B       		.uleb128 0xb
 643 0059 3B       		.uleb128 0x3b
 644 005a 0B       		.uleb128 0xb
 645 005b 49       		.uleb128 0x49
 646 005c 13       		.uleb128 0x13
 647 005d 02       		.uleb128 0x2
 648 005e 18       		.uleb128 0x18
 649 005f 00       		.byte	0
 650 0060 00       		.byte	0
 651 0061 07       		.uleb128 0x7
 652 0062 05       		.uleb128 0x5
 653 0063 00       		.byte	0
 654 0064 03       		.uleb128 0x3
 655 0065 08       		.uleb128 0x8
 656 0066 3A       		.uleb128 0x3a
 657 0067 0B       		.uleb128 0xb
 658 0068 3B       		.uleb128 0x3b
 659 0069 0B       		.uleb128 0xb
 660 006a 49       		.uleb128 0x49
 661 006b 13       		.uleb128 0x13
 662 006c 02       		.uleb128 0x2
 663 006d 17       		.uleb128 0x17
 664 006e 00       		.byte	0
 665 006f 00       		.byte	0
 666 0070 08       		.uleb128 0x8
 667 0071 34       		.uleb128 0x34
 668 0072 00       		.byte	0
 669 0073 03       		.uleb128 0x3
 670 0074 08       		.uleb128 0x8
 671 0075 3A       		.uleb128 0x3a
ARM GAS  C:\Users\info\AppData\Local\Temp\ccuwdrvR.s 			page 25


 672 0076 0B       		.uleb128 0xb
 673 0077 3B       		.uleb128 0x3b
 674 0078 0B       		.uleb128 0xb
 675 0079 49       		.uleb128 0x49
 676 007a 13       		.uleb128 0x13
 677 007b 02       		.uleb128 0x2
 678 007c 17       		.uleb128 0x17
 679 007d 00       		.byte	0
 680 007e 00       		.byte	0
 681 007f 09       		.uleb128 0x9
 682 0080 0F       		.uleb128 0xf
 683 0081 00       		.byte	0
 684 0082 0B       		.uleb128 0xb
 685 0083 0B       		.uleb128 0xb
 686 0084 49       		.uleb128 0x49
 687 0085 13       		.uleb128 0x13
 688 0086 00       		.byte	0
 689 0087 00       		.byte	0
 690 0088 0A       		.uleb128 0xa
 691 0089 26       		.uleb128 0x26
 692 008a 00       		.byte	0
 693 008b 49       		.uleb128 0x49
 694 008c 13       		.uleb128 0x13
 695 008d 00       		.byte	0
 696 008e 00       		.byte	0
 697 008f 0B       		.uleb128 0xb
 698 0090 34       		.uleb128 0x34
 699 0091 00       		.byte	0
 700 0092 03       		.uleb128 0x3
 701 0093 0E       		.uleb128 0xe
 702 0094 3A       		.uleb128 0x3a
 703 0095 0B       		.uleb128 0xb
 704 0096 3B       		.uleb128 0x3b
 705 0097 0B       		.uleb128 0xb
 706 0098 49       		.uleb128 0x49
 707 0099 13       		.uleb128 0x13
 708 009a 02       		.uleb128 0x2
 709 009b 18       		.uleb128 0x18
 710 009c 00       		.byte	0
 711 009d 00       		.byte	0
 712 009e 0C       		.uleb128 0xc
 713 009f 898201   		.uleb128 0x4109
 714 00a2 01       		.byte	0x1
 715 00a3 11       		.uleb128 0x11
 716 00a4 01       		.uleb128 0x1
 717 00a5 31       		.uleb128 0x31
 718 00a6 13       		.uleb128 0x13
 719 00a7 00       		.byte	0
 720 00a8 00       		.byte	0
 721 00a9 0D       		.uleb128 0xd
 722 00aa 8A8201   		.uleb128 0x410a
 723 00ad 00       		.byte	0
 724 00ae 02       		.uleb128 0x2
 725 00af 18       		.uleb128 0x18
 726 00b0 9142     		.uleb128 0x2111
 727 00b2 18       		.uleb128 0x18
 728 00b3 00       		.byte	0
ARM GAS  C:\Users\info\AppData\Local\Temp\ccuwdrvR.s 			page 26


 729 00b4 00       		.byte	0
 730 00b5 0E       		.uleb128 0xe
 731 00b6 01       		.uleb128 0x1
 732 00b7 01       		.byte	0x1
 733 00b8 49       		.uleb128 0x49
 734 00b9 13       		.uleb128 0x13
 735 00ba 01       		.uleb128 0x1
 736 00bb 13       		.uleb128 0x13
 737 00bc 00       		.byte	0
 738 00bd 00       		.byte	0
 739 00be 0F       		.uleb128 0xf
 740 00bf 21       		.uleb128 0x21
 741 00c0 00       		.byte	0
 742 00c1 49       		.uleb128 0x49
 743 00c2 13       		.uleb128 0x13
 744 00c3 2F       		.uleb128 0x2f
 745 00c4 0B       		.uleb128 0xb
 746 00c5 00       		.byte	0
 747 00c6 00       		.byte	0
 748 00c7 00       		.byte	0
 749              		.section	.debug_loc,"",%progbits
 750              	.Ldebug_loc0:
 751              	.LLST0:
 752 0000 00000000 		.4byte	.LVL0
 753 0004 12000000 		.4byte	.LVL5
 754 0008 0100     		.2byte	0x1
 755 000a 51       		.byte	0x51
 756 000b 14000000 		.4byte	.LVL6
 757 000f 34000000 		.4byte	.LFE0
 758 0013 0100     		.2byte	0x1
 759 0015 51       		.byte	0x51
 760 0016 00000000 		.4byte	0
 761 001a 00000000 		.4byte	0
 762              	.LLST1:
 763 001e 02000000 		.4byte	.LVL1
 764 0022 06000000 		.4byte	.LVL2
 765 0026 0200     		.2byte	0x2
 766 0028 30       		.byte	0x30
 767 0029 9F       		.byte	0x9f
 768 002a 06000000 		.4byte	.LVL2
 769 002e 20000000 		.4byte	.LVL9
 770 0032 0100     		.2byte	0x1
 771 0034 54       		.byte	0x54
 772 0035 22000000 		.4byte	.LVL10
 773 0039 2C000000 		.4byte	.LVL11
 774 003d 0100     		.2byte	0x1
 775 003f 54       		.byte	0x54
 776 0040 00000000 		.4byte	0
 777 0044 00000000 		.4byte	0
 778              	.LLST2:
 779 0048 06000000 		.4byte	.LVL2
 780 004c 10000000 		.4byte	.LVL4
 781 0050 0300     		.2byte	0x3
 782 0052 08       		.byte	0x8
 783 0053 30       		.byte	0x30
 784 0054 9F       		.byte	0x9f
 785 0055 10000000 		.4byte	.LVL4
ARM GAS  C:\Users\info\AppData\Local\Temp\ccuwdrvR.s 			page 27


 786 0059 16000000 		.4byte	.LVL7
 787 005d 0100     		.2byte	0x1
 788 005f 53       		.byte	0x53
 789 0060 18000000 		.4byte	.LVL8
 790 0064 22000000 		.4byte	.LVL10
 791 0068 0100     		.2byte	0x1
 792 006a 53       		.byte	0x53
 793 006b 00000000 		.4byte	0
 794 006f 00000000 		.4byte	0
 795              	.LLST3:
 796 0073 0C000000 		.4byte	.LVL3
 797 0077 22000000 		.4byte	.LVL10
 798 007b 0100     		.2byte	0x1
 799 007d 52       		.byte	0x52
 800 007e 00000000 		.4byte	0
 801 0082 00000000 		.4byte	0
 802              	.LLST4:
 803 0086 00000000 		.4byte	.LVL12
 804 008a 0C000000 		.4byte	.LVL15
 805 008e 0100     		.2byte	0x1
 806 0090 50       		.byte	0x50
 807 0091 0C000000 		.4byte	.LVL15
 808 0095 18000000 		.4byte	.LFE1
 809 0099 0400     		.2byte	0x4
 810 009b F3       		.byte	0xf3
 811 009c 01       		.uleb128 0x1
 812 009d 50       		.byte	0x50
 813 009e 9F       		.byte	0x9f
 814 009f 00000000 		.4byte	0
 815 00a3 00000000 		.4byte	0
 816              	.LLST5:
 817 00a7 00000000 		.4byte	.LVL12
 818 00ab 06000000 		.4byte	.LVL13
 819 00af 0100     		.2byte	0x1
 820 00b1 51       		.byte	0x51
 821 00b2 06000000 		.4byte	.LVL13
 822 00b6 08000000 		.4byte	.LVL14
 823 00ba 0400     		.2byte	0x4
 824 00bc F3       		.byte	0xf3
 825 00bd 01       		.uleb128 0x1
 826 00be 51       		.byte	0x51
 827 00bf 9F       		.byte	0x9f
 828 00c0 08000000 		.4byte	.LVL14
 829 00c4 14000000 		.4byte	.LVL17
 830 00c8 0100     		.2byte	0x1
 831 00ca 54       		.byte	0x54
 832 00cb 00000000 		.4byte	0
 833 00cf 00000000 		.4byte	0
 834              		.section	.debug_aranges,"",%progbits
 835 0000 24000000 		.4byte	0x24
 836 0004 0200     		.2byte	0x2
 837 0006 00000000 		.4byte	.Ldebug_info0
 838 000a 04       		.byte	0x4
 839 000b 00       		.byte	0
 840 000c 0000     		.2byte	0
 841 000e 0000     		.2byte	0
 842 0010 00000000 		.4byte	.LFB0
ARM GAS  C:\Users\info\AppData\Local\Temp\ccuwdrvR.s 			page 28


 843 0014 34000000 		.4byte	.LFE0-.LFB0
 844 0018 00000000 		.4byte	.LFB1
 845 001c 18000000 		.4byte	.LFE1-.LFB1
 846 0020 00000000 		.4byte	0
 847 0024 00000000 		.4byte	0
 848              		.section	.debug_ranges,"",%progbits
 849              	.Ldebug_ranges0:
 850 0000 00000000 		.4byte	.LFB0
 851 0004 34000000 		.4byte	.LFE0
 852 0008 00000000 		.4byte	.LFB1
 853 000c 18000000 		.4byte	.LFE1
 854 0010 00000000 		.4byte	0
 855 0014 00000000 		.4byte	0
 856              		.section	.debug_line,"",%progbits
 857              	.Ldebug_line0:
 858 0000 72010000 		.section	.debug_str,"MS",%progbits,1
 858      02002D01 
 858      00000201 
 858      FB0E0D00 
 858      01010101 
 859              	.LASF6:
 860 0000 6C6F6E67 		.ascii	"long long int\000"
 860      206C6F6E 
 860      6720696E 
 860      7400
 861              	.LASF3:
 862 000e 73686F72 		.ascii	"short unsigned int\000"
 862      7420756E 
 862      7369676E 
 862      65642069 
 862      6E7400
 863              	.LASF8:
 864 0021 756E7369 		.ascii	"unsigned int\000"
 864      676E6564 
 864      20696E74 
 864      00
 865              	.LASF12:
 866 002e 64657374 		.ascii	"dest\000"
 866      00
 867              	.LASF19:
 868 0033 474E5520 		.ascii	"GNU C11 5.4.1 20160609 (release) [ARM/embedded-5-br"
 868      43313120 
 868      352E342E 
 868      31203230 
 868      31363036 
 869 0066 616E6368 		.ascii	"anch revision 237715] -mcpu=cortex-m3 -mthumb -g -O"
 869      20726576 
 869      6973696F 
 869      6E203233 
 869      37373135 
 870 0099 67202D66 		.ascii	"g -ffunction-sections -ffat-lto-objects -flto\000"
 870      66756E63 
 870      74696F6E 
 870      2D736563 
 870      74696F6E 
 871              	.LASF5:
 872 00c7 6C6F6E67 		.ascii	"long unsigned int\000"
ARM GAS  C:\Users\info\AppData\Local\Temp\ccuwdrvR.s 			page 29


 872      20756E73 
 872      69676E65 
 872      6420696E 
 872      7400
 873              	.LASF20:
 874 00d9 2E2E5C75 		.ascii	"..\\u8g2_csrc\\u8x8_u8toa.c\000"
 874      3867325F 
 874      63737263 
 874      5C753878 
 874      385F7538 
 875              	.LASF9:
 876 00f3 5F5F7569 		.ascii	"__uint8_t\000"
 876      6E74385F 
 876      7400
 877              	.LASF0:
 878 00fd 7369676E 		.ascii	"signed char\000"
 878      65642063 
 878      68617200 
 879              	.LASF7:
 880 0109 6C6F6E67 		.ascii	"long long unsigned int\000"
 880      206C6F6E 
 880      6720756E 
 880      7369676E 
 880      65642069 
 881              	.LASF10:
 882 0120 75696E74 		.ascii	"uint8_t\000"
 882      385F7400 
 883              	.LASF1:
 884 0128 756E7369 		.ascii	"unsigned char\000"
 884      676E6564 
 884      20636861 
 884      7200
 885              	.LASF13:
 886 0136 63686172 		.ascii	"char\000"
 886      00
 887              	.LASF4:
 888 013b 6C6F6E67 		.ascii	"long int\000"
 888      20696E74 
 888      00
 889              	.LASF14:
 890 0144 75387838 		.ascii	"u8x8_u8toap\000"
 890      5F753874 
 890      6F617000 
 891              	.LASF18:
 892 0150 75387838 		.ascii	"u8x8_u8toa_tab\000"
 892      5F753874 
 892      6F615F74 
 892      616200
 893              	.LASF21:
 894 015f 433A5C55 		.ascii	"C:\\Users\\info\\Desktop\\Spring 2019 Classes\\6.11"
 894      73657273 
 894      5C696E66 
 894      6F5C4465 
 894      736B746F 
 895 018d 355C362E 		.ascii	"5\\6.115-final\\PSoCCreator\\Final Project\\FinalEm"
 895      3131352D 
 895      66696E61 
ARM GAS  C:\Users\info\AppData\Local\Temp\ccuwdrvR.s 			page 30


 895      6C5C5053 
 895      6F434372 
 896 01bc 756C6174 		.ascii	"ulator.cydsn\000"
 896      6F722E63 
 896      7964736E 
 896      00
 897              	.LASF15:
 898 01c9 75387838 		.ascii	"u8x8_u8toa\000"
 898      5F753874 
 898      6F6100
 899              	.LASF11:
 900 01d4 6C6F6E67 		.ascii	"long double\000"
 900      20646F75 
 900      626C6500 
 901              	.LASF2:
 902 01e0 73686F72 		.ascii	"short int\000"
 902      7420696E 
 902      7400
 903              	.LASF16:
 904 01ea 6275662E 		.ascii	"buf.5437\000"
 904      35343337 
 904      00
 905              	.LASF17:
 906 01f3 73697A65 		.ascii	"sizetype\000"
 906      74797065 
 906      00
 907              		.comm	__gnu_lto_v1,1,1
 908              		.ident	"GCC: (GNU Tools for ARM Embedded Processors) 5.4.1 20160609 (release) [ARM/embedded-5-bran
