ARM GAS  C:\Users\info\AppData\Local\Temp\cc0shiXX.s 			page 1


   1              		.syntax unified
   2              		.cpu cortex-m3
   3              		.fpu softvfp
   4              		.eabi_attribute 20, 1
   5              		.eabi_attribute 21, 1
   6              		.eabi_attribute 23, 3
   7              		.eabi_attribute 24, 1
   8              		.eabi_attribute 25, 1
   9              		.eabi_attribute 26, 1
  10              		.eabi_attribute 30, 1
  11              		.eabi_attribute 34, 1
  12              		.eabi_attribute 18, 4
  13              		.thumb
  14              		.syntax unified
  15              		.file	"u8x8_u16toa.c"
  16              		.text
  17              	.Ltext0:
  18              		.section	.gnu.lto_.profile.792a6ad5,"",%progbits
  19 0000 789C6361 		.ascii	"x\234ca`d`a`\000\222r\302\000\000\271\000<"
  19      60646061 
  19      60009272 
  19      C20000B9 
  19      003C
  20              		.text
  21              		.section	.gnu.lto_.inline.792a6ad5,"",%progbits
  22 0000 789C6361 		.ascii	"x\234ca`d\000\001#\006\004`b`\340\373\316\310\310\300"
  22      60640001 
  22      23060460 
  22      6260E0FB 
  22      CEC8C8C0 
  23 0014 24FAE0BD 		.ascii	"$\372\340\275,\003{\207:\023H\224\221\201S\020(\306"
  23      2C037B87 
  23      3A134894 
  23      91815310 
  23      28C6
  24 0026 B2409E81 		.ascii	"\262@\236\201m\201<X\210\205\027\244x\202\037\003\000"
  24      6D813C58 
  24      888517A4 
  24      78821F03 
  24      00
  25 0037 C7240695 		.ascii	"\307$\006\225"
  26              		.text
  27              		.section	.gnu.lto_.jmpfuncs.792a6ad5,"",%progbits
  28 0000 789C6361 		.ascii	"x\234ca`d\000\001N\006\004`\002b\260(\000\001\200\000"
  28      60640001 
  28      4E060460 
  28      0262B028 
  28      00018000 
  29 0014 12       		.ascii	"\022"
  30              		.text
  31              		.section	.gnu.lto_.pureconst.792a6ad5,"",%progbits
  32 0000 789C6361 		.ascii	"x\234ca`d`e```b\220b\224\000\000\000\353\000@"
  32      60646065 
  32      60606062 
  32      90629400 
  32      0000EB00 
  33              		.text
ARM GAS  C:\Users\info\AppData\Local\Temp\cc0shiXX.s 			page 2


  34              		.section	.gnu.lto_u8x8_u16toap.792a6ad5,"",%progbits
  35 0000 789C6D53 		.ascii	"x\234mS]kTW\024=\373\354\3735w>\234\004}2\224@\011!"
  35      5D6B5457 
  35      143DFBEC 
  35      FB35773E 
  35      9C047D32 
  36 0018 50825AB0 		.ascii	"P\202Z\260>\366\251?\240\317-\"QJ\037\304j\264\364\315"
  36      3EF6A93F 
  36      A0CF2D22 
  36      514A1FC4 
  36      6AB4F4CD 
  37 002c 9BB933A3 		.ascii	"\233\2713\243B\205\2125M[\355P\242$\326j\022\315\207"
  37      42858A35 
  37      4D5BED50 
  37      A224D66A 
  37      12CD87
  38 003f A9B19D69 		.ascii	"\251\261\235i\261)\022\265\221\332*\304b\024\244T\012"
  38      B12912B5 
  38      91DA2AC4 
  38      6214A454 
  38      0A
  39 0050 93212A6D 		.ascii	"\223!*mM\246k\2373-#\364\300=\037\373\254\265\317:\353"
  39      4DA66B9F 
  39      332D23F4 
  39      C03D1FFB 
  39      ACB5CF3A 
  40 0065 ECEB2852 		.ascii	"\354\353(R\322\326\271J\275\204q\017>J(\322\037\\W\252"
  40      D2D6B94A 
  40      BD84710F 
  40      3E4A28D2 
  40      1F5C57AA 
  41 0079 2FD0E4D9 		.ascii	"/\320\344\331\011S \223J\020h~\177V\251(t\363\276\212"
  41      09532093 
  41      4A10687E 
  41      7F56A928 
  41      74F3BE8A 
  42 008d 52AE0554 		.ascii	"R\256\005T\002O;\207+\022\367\3434\342\216\305\223O"
  42      024F3B87 
  42      2B12F7E3 
  42      34E28EC5 
  42      934F
  43 009f 24631490 		.ascii	"$c\024\220\332\2579p=\307\247\375\354)\333\202\306\370"
  43      DAAF3970 
  43      3DC7A7FD 
  43      EC29DB82 
  43      C6F8
  44 00b1 58AF689A 		.ascii	"X\257h\232\317\217\036\347e]`E\016\226K\327>y\220\221"
  44      CF8F1EE7 
  44      655D6045 
  44      0E964BD7 
  44      3E799091 
  45 00c5 25513B96 		.ascii	"%Q;\226\237F7\017\371]CQ\224\213\356\025~\316|<\\v\012"
  45      9F46370F 
  45      F95D4351 
  45      948BEE15 
  45      7ECE7C3C 
  46 00dc AC555D2B 		.ascii	"\254U]+\032\2466\032\2426Q~\232\272\200\375\353\263"
ARM GAS  C:\Users\info\AppData\Local\Temp\cc0shiXX.s 			page 3


  46      1AA6361A 
  46      A236517E 
  46      9ABA80FD 
  46      EBB3
  47 00ee 2B873C7E 		.ascii	"+\207<~\201\024\346\245\345c\267\375\316S\302\213\216"
  47      8114E6A5 
  47      E563B7FD 
  47      CE53C28B 
  47      8E
  48 00ff EE881205 		.ascii	"\356\210\022\005f\372\202\270\231\207\220\2423\324\011"
  48      66FA82B8 
  48      998790A2 
  48      33D409
  49 010e F495FAD3 		.ascii	"\364\225\372\323\362\032\253A$\335\254\316\235HZ\015"
  49      F21AAB41 
  49      24DDACCE 
  49      9D485A0D 
  50 011e 592C8B83 		.ascii	"Y,\213\203\337\375\231\346\027M\336s\317N.\207\215\274"
  50      DFFD99E6 
  50      174DDE73 
  50      CF4E2E87 
  50      8DBC
  51 0130 F3DB22B7 		.ascii	"\363\333\"\267\300\016\235\263y\317\"\357\227&\257\243"
  51      C00E9DB3 
  51      79CF22EF 
  51      9726AFA3 
  52 0140 68843A05 		.ascii	"h\204:\005~}\350\324\207!w\030\352\321hr\304\357\030"
  52      7E7DE8D4 
  52      87217718 
  52      EAD16872 
  52      C4EF18
  53 0153 146A797A 		.ascii	"\024jyz\367@T\316\265\013{\364y\2664\200\177\373\345"
  53      F74054CE 
  53      B50B7BF4 
  53      79B63480 
  53      7FFBE5
  54 0166 F4B4CB9D 		.ascii	"\364\264\313\235\206xw\2414\0236\210S;?\212\312} \272"
  54      867877A1 
  54      34133688 
  54      533B3F8A 
  54      CA7D20BA 
  55 017a 74DE125F 		.ascii	"t\336\022_n\243\015\377\321J?\0359\351s\227\241\375"
  55      6EA30DFF 
  55      D14A3F1D 
  55      39E97397 
  55      A1FD
  56 018c 3D509F75 		.ascii	"=P\237u\033\264\3617\243\370U!\215\377\017\351\376\330"
  56      1BB4F137 
  56      A3F85521 
  56      8DFF0FE9 
  56      FED8
  57 019e EAB1B497 		.ascii	"\352\261\264\227\217\320\332i\202:\350\002\2761\352"
  57      8FD0DA69 
  57      823AE802 
  57      BE31EA
  58 01ad 109761EE 		.ascii	"\020\227a\356$y(\026n\336\031y\275\034\325\353qT\276"
  58      24792816 
ARM GAS  C:\Users\info\AppData\Local\Temp\cc0shiXX.s 			page 4


  58      6EDE1979 
  58      BD1CD5EB 
  58      7154BE
  59 01c0 E0FEC16B 		.ascii	"\340\376\301k\311\\W\233\036\016\002\007\003\200t\225"
  59      C95C579B 
  59      1E0E0207 
  59      03807495 
  60 01d0 60510A88 		.ascii	"`Q\012\210'\314nh\372\244\331M\301(\225&y\201\214\274"
  60      27CC6E68 
  60      FAA4D94D 
  60      C1289526 
  60      79818CBC 
  61 01e4 45D6A05B 		.ascii	"E\326\240[\314^\253\311\242T\025\002\306I-i\215\201"
  61      CC5EABC9 
  61      A2541502 
  61      C6492D69 
  61      8D81
  62 01f6 EF53AE7C 		.ascii	"\357S\256|i\235\321\003$\204_\235=\262@\362N\216T\033"
  62      699DD103 
  62      24845F9D 
  62      3DB240F2 
  62      4E8E541B 
  63 020a 4DC13EC1 		.ascii	"M\301>\301\\\336m0\023\006\323_\370\366\206/\030\027"
  63      5CDE6D30 
  63      1306D35F 
  63      F8F6862F 
  63      1817
  64 021c 322F1A83 		.ascii	"2/\032\203\2274+\0243?\244x\240\370\353k\002\2169\021"
  64      97342B14 
  64      333FA478 
  64      A0F8EB6B 
  64      028E3911 
  65 0230 33C5EC22 		.ascii	"3\305\354\"\2016l\350DP\001\323_|\270\331b\2221K\211"
  65      81366CE8 
  65      445001D3 
  65      5F7CB8D9 
  65      6292314B 
  66 0245 4E1C981B 		.ascii	"N\034\230\033\013mJ\242is\250\345@9@\346\204@\211\""
  66      0B6D4AA2 
  66      6973A8E5 
  66      403940E6 
  66      84408922 
  67 0259 A8C92A1B 		.ascii	"\250\311*\033v\224]\230\274\244\026)\177'\036z@6\261"
  67      76945D98 
  67      BCA41629 
  67      7F271E7A 
  67      4036B1
  68 026c 3919AD46 		.ascii	"9\031\255F\230\205\016\272\004\317\034\246\03291\267"
  68      98850EBA 
  68      04CF1CA6 
  68      1A3931B7 
  69 027c C832C973 		.ascii	"\3102\311s;\221\325Uy\037\262s\265\003O&\331RS1\312"
  69      3B91D555 
  69      791FB273 
  69      B5034F26 
  69      D9525331 
  70 0291 182A8F7B 		.ascii	"\030*\217{v\235\2119\215(B\271\376\305\265\022k6\201"
ARM GAS  C:\Users\info\AppData\Local\Temp\cc0shiXX.s 			page 5


  70      769D8939 
  70      8D2842B9 
  70      FEC5B512 
  70      6B3681
  71 02a4 4D653C9D 		.ascii	"Me<\235\275z0U\242\023}\362\344\257\300|\341\321Wb\016"
  71      BD7A3055 
  71      A2137DF2 
  71      E4AFC07C 
  71      E1D15762 
  72 02b9 5DA21289 		.ascii	"]\242\022\211Z\244\034-\256\3667N\311B \210+\325\037"
  72      5AA41C2D 
  72      AEF6374E 
  72      C9422088 
  72      2BD51F
  73 02cc 575292C7 		.ascii	"WR\222\307\247\220f\232n>&W\314Z\267\236\334\362-\251"
  73      A790669A 
  73      6E3E2657 
  73      CC5AB79E 
  73      DCF22DA9 
  74 02e0 15D29EF3 		.ascii	"\025\322\236\363gBP\255\306\037O]\014\330:b\270n\303"
  74      674250AD 
  74      C61F4F5D 
  74      0CD83A62 
  74      B86EC3
  75 02f3 1E03E166 		.ascii	"\036\003\341f\257\264xu#\316\330\234\014\025\225{\347"
  75      AFB47875 
  75      23CED89C 
  75      0C15957B 
  75      E7
  76 0304 9792D67F 		.ascii	"\227\222\326\177\207.\333\177\246F:f_C:\271\360\215"
  76      872EDB7F 
  76      A6463A66 
  76      5F433AB9 
  76      F08D
  77 0316 E5A9F50F 		.ascii	"\345\251\365\017\214\343\334\333~\0151\024\207^8\203"
  77      8CE3DCDB 
  77      7E0D3114 
  77      875E3883 
  78 0326 FDACFBEC 		.ascii	"\375\254\373\354\254\007\005\216x\011^\210#<PZ\220y"
  78      AC07058E 
  78      78095E88 
  78      233C505A 
  78      9079
  79 0338 7074B8C8 		.ascii	"pt\270\3106\363\006\372\232\332\274|\032H_\212\017~"
  79      36F306FA 
  79      9ADABC7C 
  79      1A485F8A 
  79      0F7E
  80 034a 2E5767D6 		.ascii	".Wg\3267\014]}\264\370(m\015\025_>\377~j>\361\257\241"
  80      370C5D7D 
  80      B4F8286D 
  80      0D155F3E 
  80      FF7E6A3E 
  81 0361 6B8C9F69 		.ascii	"k\214\237i\372\306\370Y\206\237\315/\200\177\211*\330"
  81      FAC6F859 
  81      869FCD2F 
  81      807F892A 
ARM GAS  C:\Users\info\AppData\Local\Temp\cc0shiXX.s 			page 6


  81      D8
  82 0372 F91D85FA 		.ascii	"\371\035\205\372\370m{\251\264\334\240\252\011\347\240"
  82      F86D7BA9 
  82      B4DCA0AA 
  82      09E7A0
  83 0381 E0D77777 		.ascii	"\340\327ww\277\261o\313[\233\266\366\364\356\351\301"
  83      BFB16FCB 
  83      5B9BB6F6 
  83      F4EEE9C1 
  84 0391 ECBD2D5B 		.ascii	"\354\275-[\367m\334\274w\327\266\356\036\345l\337\321"
  84      F76DDCBC 
  84      77D7B6EE 
  84      1EE56CDF 
  84      D1
  85 03a2 BB97DEA5 		.ascii	"\273\227\336\245\036\332\316\357\354\352\375\007\034"
  85      1EDACEEF 
  85      ECEAFD07 
  85      1C
  86 03af F9995B   		.ascii	"\371\231["
  87              		.text
  88              		.section	.gnu.lto_u8x8_u16toa.792a6ad5,"",%progbits
  89 0000 789C5552 		.ascii	"x\234UR\315KTQ\024?\277{\337W\323\214\272w\210i5\270"
  89      CD4B5451 
  89      143FBF7B 
  89      DF57D38C 
  89      BA778869 
  90 0016 19B220FC 		.ascii	"\031\262 \374\007\372\007\\\033\"\023\264\014J\243\335"
  90      07FA075C 
  90      1B2213B4 
  90      0C4AA3DD 
  91 0026 BBE3F34D 		.ascii	"\273\343\363M\271k\341\204\226\242P\341X\371\325\207"
  91      B96BE184 
  91      96A250E1 
  91      58F9D587 
  92 0036 30B47954 		.ascii	"0\264yT\356\314H\222\026-*\005\021m1\212!\206\372:\347"
  92      EECC4892 
  92      162D2A05 
  92      116D318A 
  92      2186FA3A 
  93 004b BD365DB8 		.ascii	"\2756]\270\357\236\363{\347\367;\037\367Z\004\222uE"
  93      EF9EF37B 
  93      E7F73B1F 
  93      F75A0492 
  93      7545
  94 005d 119DE7B3 		.ascii	"\021\235\347\263\23574A\335_%\252x\012\020\303x _\301"
  94      9D373441 
  94      DD5F25AA 
  94      780A10C3 
  94      78205FC1 
  95 0071 C76F75A2 		.ascii	"\307ou\242\360yha\\\037\250\220\303,v\367>>\334l\021"
  95      F0796861 
  95      5C1FA890 
  95      C32C76F7 
  95      3E3EDC6C 
  96 0086 1728B0FB 		.ascii	"\027(\260\373\310\254\015\273\035\323\306\014\232\037"
  96      C8AC0DBB 
  96      1DD3C60C 
ARM GAS  C:\Users\info\AppData\Local\Temp\cc0shiXX.s 			page 7


  96      9A1F
  97 0094 CBDF5BC6 		.ascii	"\313\337[\306\352\221\025jE\261\"\324\221\3074\362\222"
  97      EA91156A 
  97      45B122D4 
  97      91C734F2 
  97      92
  98 00a5 62061D1C 		.ascii	"b\006\035\034\273\034\037F\255\251\222\010\2575W&\316"
  98      BB1C1F46 
  98      ADA99208 
  98      AF355726 
  98      CE
  99 00b6 A64A6DEC 		.ascii	"\246Jm\354V\037\277?\312\351s \266\347\216\237\034d"
  99      561FBF3F 
  99      CAE97320 
  99      B6E78E9F 
  99      1C64
 100 00c8 8A4F45D5 		.ascii	"\212OE\325\324\372\214\035j\215\027\320\242\372\234"
 100      D4FA8C1D 
 100      6A8D17D0 
 100      A2FA9C
 101 00d7 559FB12A 		.ascii	"U\237\261*C\204Y\0249z\373\353L\303\326\205\204Y\251"
 101      43845914 
 101      397AFBEB 
 101      4CC3D685 
 101      8459A9
 102 00ea 8FEC67FF 		.ascii	"\217\354g\3771\337^5:\324\026\346R\346\245<.\010\317"
 102      31DF5E35 
 102      3AD416E6 
 102      52E6A53C 
 102      2E08CF
 103 00fd 22CCA328 		.ascii	"\"\314\243(\301\033\213\247\265\2343dx\025\2065I\325"
 103      C11B8BA7 
 103      B59C3364 
 103      78158635 
 103      49D5
 104 010f 5CEC021C 		.ascii	"\\\354\002\034\236\022\030\230\357\216L\034\007&\212"
 104      9E121898 
 104      EF8E4C1C 
 104      07268A
 105 011e EDD9EC19 		.ascii	"\355\331\354\031@x*a[\220\334\016\253)\227?\344\211"
 105      40782A61 
 105      5B90DC0E 
 105      AB29973F 
 105      E489
 106 0130 45D4E42D 		.ascii	"E\324\344-\023\334SJN\275\205`\264\272:\232\021\315"
 106      13DC534A 
 106      4EBD8560 
 106      B4BA3A9A 
 106      11CD
 107 0142 404BD3A7 		.ascii	"@K\323\247\273?ws\322\264\005\033\213\310\007\032\264"
 107      BB3F7773 
 107      D2B4051B 
 107      8BC8071A 
 107      B4
 108 0153 01952465 		.ascii	"\001\225$e]\016\242m\204Q\255\232K9\016s\032\215_\337"
 108      5D0EA26D 
 108      8451AD9A 
ARM GAS  C:\Users\info\AppData\Local\Temp\cc0shiXX.s 			page 8


 108      4B390E73 
 108      1A8D5FDF 
 109 0167 5CFFC4DC 		.ascii	"\\\377\304\3343\246-\324v\254\244\274\227\360\245\205"
 109      33A62DD4 
 109      76ACA4BC 
 109      97F0A585 
 110 0177 07E1BB4F 		.ascii	"\007\341\273O\256\3509I\373\377\207:\322\224\300;+\353"
 110      AEE83949 
 110      FBFF873A 
 110      D294C03B 
 110      2BEB
 111 0189 1F329398 		.ascii	"\0372\223\230\250\230\004w\361\232o\367\225\334\015"
 111      A8980477 
 111      F19A6FF7 
 111      95DC0D
 112 0198 FF9CFA73 		.ascii	"\377\234\372s\264\236e\216'\"o0\011\311LX\202\037h\276"
 112      B49E658E 
 112      27226F30 
 112      09C94C58 
 112      821F68BE 
 113 01ac 4C8FB630 		.ascii	"L\217\2660\270\177\367X\247\005\271R\"\3675^\375\202"
 113      B87FF758 
 113      A705B952 
 113      22F7355E 
 113      FD82
 114 01be 14F1B84A 		.ascii	"\024\361\270J\306i'm\203\001ybM\256\222G\300\003i/\225"
 114      C669276D 
 114      83017962 
 114      4DAE9247 
 114      C003692F 
 115 01d3 7A06BAAE 		.ascii	"z\006\272\256_\354-\337\272Yf\353NW\357@\347\345\376"
 115      5FEC2DDF 
 115      BA5966EB 
 115      4E57EF40 
 115      E7E5FE
 116 01e6 1B7DA532 		.ascii	"\033}\2452\3416\256\375\005x\225\306z"
 116      E136AEFD 
 116      057895C6 
 116      7A
 117              		.text
 118              		.section	.gnu.lto_.symbol_nodes.792a6ad5,"",%progbits
 119 0000 789C6361 		.ascii	"x\234ca`d0a\000\002&\206z\006\206\011\347\030@\324\252"
 119      60643061 
 119      00022686 
 119      7A068609 
 119      E71840D4 
 120 0015 0645A000 		.ascii	"\006E\240\000c=#\212\000+\023C\203\020\003\00333#\003"
 120      633D238A 
 120      002B1343 
 120      83100303 
 120      33332303 
 121 0029 C3A307FF 		.ascii	"\303\243\007\377\030\031\000\034\372\012\357"
 121      1819001C 
 121      FA0AEF
 122              		.text
 123              		.section	.gnu.lto_.refs.792a6ad5,"",%progbits
 124 0000 789C6361 		.ascii	"x\234ca`d`c```ddbbf\000\000\000\255\000\025"
ARM GAS  C:\Users\info\AppData\Local\Temp\cc0shiXX.s 			page 9


 124      60646063 
 124      60606064 
 124      64626266 
 124      000000AD 
 125              		.text
 126              		.section	.gnu.lto_.decls.792a6ad5,"",%progbits
 127 0000 789CBD53 		.ascii	"x\234\275S]L\034U\024\23633\205e\330B\263\351\003\211"
 127      5D4C1C55 
 127      149E3333 
 127      8565D842 
 127      B3E90389 
 128 0014 9BB86952 		.ascii	"\233\270iR\262&v--%\304\0275&j|\360M\237&\331,\313\002"
 128      B226762D 
 128      2D25C417 
 128      35266A7C 
 128      F04D9F26 
 129 002c 9BC0EEBA 		.ascii	"\233\300\356\272?\246<y[\320\3226&\264\032\255M\033"
 129      3FA63C79 
 129      5BD0D236 
 129      26B41AAD 
 129      4D1B
 130 003e D1220529 		.ascii	"\321\"\005)\362W\241\345wA\226-\377\205J\177$\246\253"
 130      F257A1E5 
 130      7741962D 
 130      FF854A7F 
 130      24A6AB
 131 0051 AD35B656 		.ascii	"\2555\266V1\305\324\202\233z\356\275\263;C\003\361\315"
 131      31C5D482 
 131      9B7AEEBD 
 131      B33B4303 
 131      F1CD
 132 0063 9B9CB9F7 		.ascii	"\233\234\271\367\234\373\335\363\235\277\221\005\020"
 132      9CFBDDF3 
 132      9DBF9105 
 132      10
 133 0070 E80A6708 		.ascii	"\350\012g\010\302\333x\034\303\363c\\\022\356o\011\372"
 133      C2DB781C 
 133      C3F3635C 
 133      12EE6F09 
 133      FA
 134 0081 12514650 		.ascii	"\022QFPfQ\350\213\253\302\372E\357L(\026\224\355(\303"
 134      6651E88B 
 134      ABC2FA45 
 134      EF4C2816 
 134      94ED28C3 
 135 0095 2803285D 		.ascii	"(\003(](\223(\375(\371\032\0264\374\223\213\372\316"
 135      289328FD 
 135      28F91A16 
 135      34FC938B 
 135      FACE
 136 00a7 7AC247EA 		.ascii	"z\302G\352\3755\224\353(\213(QCL\263\232\257\215bJ\212"
 136      FD3594EB 
 136      288B2851 
 136      434CB39A 
 136      AF8D624A 
 137 00bc 50F3D3DD 		.ascii	"P\363\323\335\006\323\022\334\000\020\200-A\313W\240"
 137      06D312DC 
ARM GAS  C:\Users\info\AppData\Local\Temp\cc0shiXX.s 			page 10


 137      0010802D 
 137      41CB57A0 
 138 00cc 166DA707 		.ascii	"\026m\247\007\340\212\230\212\017\322\221j\007\006\007"
 138      E08A988A 
 138      0FD2916A 
 138      070607
 139 00db 41647830 		.ascii	"Adx0\\\254\303\261\332\261\245\233 \275RHX\357\224z"
 139      5CACC3B1 
 139      DAB1A59B 
 139      20BD5248 
 139      58EF947A 
 140 00ef D555D445 		.ascii	"\325U\324E\375\201\301\237\026\275\306\017FZ\346ZJ%"
 140      FD81C19F 
 140      16BDC60F 
 140      465AE65A 
 140      4A25
 141 0101 3D5D7FA9 		.ascii	"=]\177\2517SB\237x\276\371\250\371\025\3079\202\253"
 141      3753429F 
 141      78BEF9A8 
 141      F915C739 
 141      82AB
 142 0113 9E10F169 		.ascii	"\236\020\361i\2752_\256\256-K+\"\344+\200\335FC\373"
 142      BD325FAE 
 142      AE2D4B2B 
 142      22E42B80 
 142      DD4643FB 
 143 0127 6F171F6D 		.ascii	"o\027\037m\345\006z?<5\321d\226\362\3309\366\370a4\027"
 143      E5067A3F 
 143      3C35D164 
 143      96F2D839 
 143      F6F86134 
 144 013c AF2C0A88 		.ascii	"\257,\012\210\250.,O\237\316Fu\273\002\333\222\242\270"
 144      A82E2C4F 
 144      9FCE4675 
 144      BB02DB92 
 144      A2B8
 145 014e 307A2299 		.ascii	"0z\"\231\015\212\275\216\220\203\204\324\020\305.\300"
 145      0D8ABD8E 
 145      908384D4 
 145      10C52EC0 
 146 015e D7608536 		.ascii	"\327`\2056\260\012\320\001v\352\261\005\034\002\264"
 146      B00AD001 
 146      76EAB105 
 146      1C02B4
 147 016d A2F12B34 		.ascii	"\242\361+46\321p\022\237\334\177\275\206\020\200vP\340"
 147      36D17012 
 147      9FDC7FBD 
 147      86108076 
 147      50E0
 148 017f 1C480C82 		.ascii	"\034H\014\202\231\344+<\276\241cKw\024\251\011h\000"
 148      99E42B3C 
 148      BEA1634B 
 148      7714A909 
 148      6800
 149 0191 62E32DD2 		.ascii	"b\343-\322/oF\321\275)\305\360\321|L}\033t!E\247N\201"
 149      2F6F46D1 
 149      BD29C5F0 
ARM GAS  C:\Users\info\AppData\Local\Temp\cc0shiXX.s 			page 11


 149      D17C4C7D 
 149      1B742145 
 150 01a8 8C9CE34C 		.ascii	"\214\234\343L\364N\033\310\330s\206(\221\251m\276\266"
 150      F44E1BC8 
 150      D8738628 
 150      91A96DBE 
 150      B6
 151 01b9 E394C473 		.ascii	"\343\224\304s\225Q\375s\346\344\255\034\236\253\015"
 151      9551FD73 
 151      E6E4AD1C 
 151      9EAB0D
 152 01c8 D5C5BF07 		.ascii	"\325\305\277\007W\315R\023\253\255\334}\360\346\347"
 152      57CD5213 
 152      ABADDC7D 
 152      F0E6E7
 153 01d7 3960B702 		.ascii	"9`\267\002\222\202\322\224*\262\000\375\350\255\027"
 153      9282D294 
 153      2AB200FD 
 153      E8AD17
 154 01e6 A454774E 		.ascii	"\244TwN\022\214{\371]j\306\263\211\355,\223\345/HF\236"
 154      128C7BF9 
 154      5D6AC6B3 
 154      89ED2C93 
 154      E52F4846 
 155 01fb 007BADB0 		.ascii	"\000{\255\260\033\363\270\200y\320+\001\372\320\341"
 155      1BF3B880 
 155      79D02B01 
 155      FAD0E1
 156 020a 45CC0209 		.ascii	"E\314\002\011\177\031?4\222m>B\321\3655\304\362\032"
 156      7F193F34 
 156      926D3E42 
 156      D1F535C4 
 156      F21A
 157 021c F3DD83F7 		.ascii	"\363\335\203\367\337\340\275\000\003`\326\372\33186"
 157      DFE0BD00 
 157      0360D6FA 
 157      D93836
 158 022b 782F93E5 		.ascii	"x/\223\345\20268\017,\231\357\343\323\265\031\212\306"
 158      8236380F 
 158      2C99EFE3 
 158      D3B5198A 
 158      C6
 159 023c 55FF5F5C 		.ascii	"U\377_\\Cw\033O\310F\256\241u\\\303i\256\271\346_?\200"
 159      43771B4F 
 159      C846AEA1 
 159      755CC369 
 159      AEB9E65F 
 160 0252 BC8F59C2 		.ascii	"\274\217Y\3025\304&\323+\0030\012y\370\035\304\020x"
 160      35C426D3 
 160      2B03300A 
 160      79F81DC4 
 160      1078
 161 0264 649D170E 		.ascii	"d\235\027\016I;\032H\242\203$z?|\366t\027!\207\361\245"
 161      493B1A48 
 161      A283247A 
 161      3F7CF674 
 161      172187F1 
ARM GAS  C:\Users\info\AppData\Local\Temp\cc0shiXX.s 			page 12


 162 0279 4C71D0AC 		.ascii	"Lq\320\254\267\245\231U\014\316\302\022N\367\010\354"
 162      B7A59955 
 162      0CCEC212 
 162      4EF708EC 
 163 0289 C0A7C713 		.ascii	"\300\247\307\023\207{LR\234\217r\373{\267[L\330\012"
 163      877B4C52 
 163      9C8F72FB 
 163      7BB75B4C 
 163      D80A
 164 029b 2B4E2C18 		.ascii	"+N,\030\006\326\312\007\366|\364A\233,]aXq\276\373F"
 164      06D6CA07 
 164      F67CF441 
 164      9B2C5D61 
 164      5871BEFB 
 165 02b0 2C0BEC8A 		.ascii	",\013\354\2126j\177\275\304F-\216\371\304tB+\035\203"
 165      366A7FBD 
 165      C4462D8E 
 165      F9C47442 
 165      2B1D83
 166 02c3 0D1A318E 		.ascii	"\015\0321\216\305\261j\0035\206Y}\313\313\323\362Y\363"
 166      C5B16A03 
 166      3586597D 
 166      CBCBD3F2 
 166      59F3
 167 02d5 D856E907 		.ascii	"\330V\351\007Np\377\243{uR\232`\370\250\265\225\016"
 167      4E70FFA3 
 167      7B75529A 
 167      60F8A8B5 
 167      950E
 168 02e7 DA24125C 		.ascii	"\332$\022\\\322\011\342\260\011\303\304\306\014?\376"
 168      D209E2B0 
 168      09C3C4C6 
 168      0C3FFE
 169 02f6 31F829EF 		.ascii	"1\370)\357\341dz\036\027\326\226j\225\364\214N\361\276"
 169      E1647A1E 
 169      17D6966A 
 169      95F48C4E 
 169      F1BE
 170 0308 C62ED71D 		.ascii	"\306.\327\035\311\334\274\0013\254\001\323\251\006\034"
 170      C9DCBC01 
 170      33AC01D3 
 170      A9061C
 171 0317 8FCF0C98 		.ascii	"\217\317\014\230\260\001\015\254\001/\350\015@\034\214"
 171      B0010DAC 
 171      012FE80D 
 171      401C8C
 172 0326 EAE18E1A 		.ascii	"\352\341\216\032\0330\313\032\320\031;\373\276(\375"
 172      1B30CB1A 
 172      D0193BFB 
 172      BE28FD
 173 0335 CC1B707B 		.ascii	"\314\033p{\255\255/\207\377\032\031\250\366\367\016"
 173      ADAD2F87 
 173      FF1A19A8 
 173      F6F70E
 174 0344 8C6FE1BF 		.ascii	"\214o\341\277\306nT[W\222S\262\364;\207N4\366\375c\346"
 174      C66E545B 
 174      579253B2 
ARM GAS  C:\Users\info\AppData\Local\Temp\cc0shiXX.s 			page 13


 174      F43B874E 
 174      34F6FD63 
 175 0359 D02DA84E 		.ascii	"\320-\250N\235\232MJt\016\2116Y\026\343`}\307\006\361"
 175      9D9A4D4A 
 175      740E8936 
 175      5916E360 
 175      7DC706F1 
 176 036d 392B5CE1 		.ascii	"9+\\\341eXY\353Y\000K\275\366?\275\010l\346\347\021"
 176      655859EB 
 176      59004BBD 
 176      F63FBD08 
 176      6CE6E711 
 177 0381 7E99C117 		.ascii	"~\231\301\027\301\222zD\321\015s\321\325\214\235gH\264"
 177      C1927A44 
 177      D10D73D1 
 177      D58C9D67 
 177      48B4
 178 0393 81448F8D 		.ascii	"\201D\217\215\347\036 \321Z\033\305\300\002f\206Y\030"
 178      E71E20D1 
 178      5A1BC5C0 
 178      02668659 
 178      18
 179 03a4 5ECED104 		.ascii	"^\316\321\004\341*\354\304g\017\036\306z\262\214\303"
 179      E12AECC4 
 179      670F1EC6 
 179      7AB28CC3 
 180 03b4 4EA7518F 		.ascii	"N\247Q\217\351\032\037v\272#81\267\032\3175\202\251"
 180      E91A1F76 
 180      BA233831 
 180      B71ACF35 
 180      82A9
 181 03c6 7F1D7C5D 		.ascii	"\177\035|]\003\323\335\034)\336_\354\214\024\024\205"
 181      03D3DD1C 
 181      29DE5FEC 
 181      8C141485 
 182 03d6 FDAE80E9 		.ascii	"\375\256\200\351\3257\336\264\275\\P (Ng\304\353\013"
 182      D537DEB4 
 182      BD5C5020 
 182      284E67C4 
 182      EB0B
 183 03e8 171439C3 		.ascii	"\027\0249\303\007\300\375\274\032\010\372\313\203\256"
 183      07C0FDBC 
 183      1A08FACB 
 183      83AE
 184 03f6 2A5B99B7 		.ascii	"*[\231\267\322\023\262\331\367\027\027=\243\272\253"
 184      D213B2D9 
 184      F717173D 
 184      A3BAAB
 185 0405 03414F28 		.ascii	"\003AO(\244\006B~\267\315\035\364\270\302\376\240Z\350"
 185      A406427E 
 185      B7CD1DF4 
 185      B8C2FEA0 
 185      5AE8
 186 0417 D8B3DEE0 		.ascii	"\330\263\336\340\255\012\370\203a\265\334\027Q]\301"
 186      AD0AF883 
 186      61B5DC17 
 186      515DC1
ARM GAS  C:\Users\info\AppData\Local\Temp\cc0shiXX.s 			page 14


 187 0426 2A759FA3 		.ascii	"*u\237\243\320Q@O\273|~\237g\227\307U\342U\275>we\244"
 187      D051404F 
 187      BB7C7E9F 
 187      6797C755 
 187      E255BD3E 
 188 043d D4A356B9 		.ascii	"\324\243V\271\334\025^\237Gu\226z\312\\\221\312\260"
 188      DC155E9F 
 188      4775967A 
 188      CA5C91CA 
 188      B0
 189 044e 335C1DF0 		.ascii	"3\\\035\360\204\034\025\202)\025\313;\377W(\241\352"
 189      841C1582 
 189      2915CB3B 
 189      FF5728A1 
 189      EA
 190 045f 90EA0C85 		.ascii	"\220\352\014\205K\221\027\371ew\205+\370\224\303\241"
 190      4B9117F9 
 190      6577852B 
 190      F894C3A1 
 191 046f 468ACBF7 		.ascii	"F\212\313\3678\335\241\240[5T\315\341\026\262\015j\026"
 191      38DDA1A0 
 191      5B3554CD 
 191      E116B20D 
 191      6A16
 192 0481 2F5DB133 		.ascii	"/]\2613\234\251\355\246\222H\231c_\341\336\"\011\017"
 192      9CA9EDA6 
 192      92489963 
 192      5FE1DE22 
 192      090F
 193 0493 FF0207D1 		.ascii	"\377\002\007\321V\243"
 193      56A3
 194              		.text
 195              		.section	.gnu.lto_.symtab.792a6ad5,"",%progbits
 196 0000 75387838 		.ascii	"u8x8_u16toap\000"
 196      5F753136 
 196      746F6170 
 196      00
 197 000d 00       		.ascii	"\000"
 198 000e 00       		.ascii	"\000"
 199 000f 00       		.ascii	"\000"
 200 0010 00000000 		.ascii	"\000\000\000\000\000\000\000\000"
 200      00000000 
 201 0018 C1000000 		.ascii	"\301\000\000\000"
 202 001c 75387838 		.ascii	"u8x8_u16toa\000"
 202      5F753136 
 202      746F6100 
 203 0028 00       		.ascii	"\000"
 204 0029 00       		.ascii	"\000"
 205 002a 00       		.ascii	"\000"
 206 002b 00000000 		.ascii	"\000\000\000\000\000\000\000\000"
 206      00000000 
 207 0033 CE000000 		.ascii	"\316\000\000\000"
 208              		.text
 209              		.section	.gnu.lto_.opts,"",%progbits
 210 0000 272D666D 		.ascii	"'-fmath-errno' '-fsigned-zeros' '-ftrapping-math' '"
 210      6174682D 
 210      6572726E 
ARM GAS  C:\Users\info\AppData\Local\Temp\cc0shiXX.s 			page 15


 210      6F272027 
 210      2D667369 
 211 0033 2D666E6F 		.ascii	"-fno-trapv' '-fno-strict-overflow' '-fno-openmp' '-"
 211      2D747261 
 211      70762720 
 211      272D666E 
 211      6F2D7374 
 212 0066 666E6F2D 		.ascii	"fno-openacc' '-mcpu=cortex-m3' '-mthumb' '-g' '-Og'"
 212      6F70656E 
 212      61636327 
 212      20272D6D 
 212      6370753D 
 213 0099 20272D66 		.ascii	" '-ffunction-sections' '-ffat-lto-objects' '-flto'\000"
 213      66756E63 
 213      74696F6E 
 213      2D736563 
 213      74696F6E 
 214              		.text
 215              		.cfi_sections	.debug_frame
 216              		.section	.text.u8x8_u16toap,"ax",%progbits
 217              		.align	2
 218              		.global	u8x8_u16toap
 219              		.thumb
 220              		.thumb_func
 221              		.type	u8x8_u16toap, %function
 222              	u8x8_u16toap:
 223              	.LFB0:
 224              		.file 1 "..\\u8g2_csrc\\u8x8_u16toa.c"
   1:..\u8g2_csrc/u8x8_u16toa.c **** /*
   2:..\u8g2_csrc/u8x8_u16toa.c **** 
   3:..\u8g2_csrc/u8x8_u16toa.c ****   u8x8_u16toa.c
   4:..\u8g2_csrc/u8x8_u16toa.c **** 
   5:..\u8g2_csrc/u8x8_u16toa.c ****   Universal 8bit Graphics Library (https://github.com/olikraus/u8g2/)
   6:..\u8g2_csrc/u8x8_u16toa.c **** 
   7:..\u8g2_csrc/u8x8_u16toa.c ****   Copyright (c) 2016, olikraus@gmail.com
   8:..\u8g2_csrc/u8x8_u16toa.c ****   All rights reserved.
   9:..\u8g2_csrc/u8x8_u16toa.c **** 
  10:..\u8g2_csrc/u8x8_u16toa.c ****   Redistribution and use in source and binary forms, with or without modification, 
  11:..\u8g2_csrc/u8x8_u16toa.c ****   are permitted provided that the following conditions are met:
  12:..\u8g2_csrc/u8x8_u16toa.c **** 
  13:..\u8g2_csrc/u8x8_u16toa.c ****   * Redistributions of source code must retain the above copyright notice, this list 
  14:..\u8g2_csrc/u8x8_u16toa.c ****     of conditions and the following disclaimer.
  15:..\u8g2_csrc/u8x8_u16toa.c ****     
  16:..\u8g2_csrc/u8x8_u16toa.c ****   * Redistributions in binary form must reproduce the above copyright notice, this 
  17:..\u8g2_csrc/u8x8_u16toa.c ****     list of conditions and the following disclaimer in the documentation and/or other 
  18:..\u8g2_csrc/u8x8_u16toa.c ****     materials provided with the distribution.
  19:..\u8g2_csrc/u8x8_u16toa.c **** 
  20:..\u8g2_csrc/u8x8_u16toa.c ****   THIS SOFTWARE IS PROVIDED BY THE COPYRIGHT HOLDERS AND 
  21:..\u8g2_csrc/u8x8_u16toa.c ****   CONTRIBUTORS "AS IS" AND ANY EXPRESS OR IMPLIED WARRANTIES, 
  22:..\u8g2_csrc/u8x8_u16toa.c ****   INCLUDING, BUT NOT LIMITED TO, THE IMPLIED WARRANTIES OF 
  23:..\u8g2_csrc/u8x8_u16toa.c ****   MERCHANTABILITY AND FITNESS FOR A PARTICULAR PURPOSE ARE 
  24:..\u8g2_csrc/u8x8_u16toa.c ****   DISCLAIMED. IN NO EVENT SHALL THE COPYRIGHT HOLDER OR 
  25:..\u8g2_csrc/u8x8_u16toa.c ****   CONTRIBUTORS BE LIABLE FOR ANY DIRECT, INDIRECT, INCIDENTAL, 
  26:..\u8g2_csrc/u8x8_u16toa.c ****   SPECIAL, EXEMPLARY, OR CONSEQUENTIAL DAMAGES (INCLUDING, BUT 
  27:..\u8g2_csrc/u8x8_u16toa.c ****   NOT LIMITED TO, PROCUREMENT OF SUBSTITUTE GOODS OR SERVICES; 
  28:..\u8g2_csrc/u8x8_u16toa.c ****   LOSS OF USE, DATA, OR PROFITS; OR BUSINESS INTERRUPTION) HOWEVER 
  29:..\u8g2_csrc/u8x8_u16toa.c ****   CAUSED AND ON ANY THEORY OF LIABILITY, WHETHER IN CONTRACT, 
ARM GAS  C:\Users\info\AppData\Local\Temp\cc0shiXX.s 			page 16


  30:..\u8g2_csrc/u8x8_u16toa.c ****   STRICT LIABILITY, OR TORT (INCLUDING NEGLIGENCE OR OTHERWISE) 
  31:..\u8g2_csrc/u8x8_u16toa.c ****   ARISING IN ANY WAY OUT OF THE USE OF THIS SOFTWARE, EVEN IF 
  32:..\u8g2_csrc/u8x8_u16toa.c ****   ADVISED OF THE POSSIBILITY OF SUCH DAMAGE.  
  33:..\u8g2_csrc/u8x8_u16toa.c **** 
  34:..\u8g2_csrc/u8x8_u16toa.c ****   
  35:..\u8g2_csrc/u8x8_u16toa.c **** */
  36:..\u8g2_csrc/u8x8_u16toa.c **** 
  37:..\u8g2_csrc/u8x8_u16toa.c **** 
  38:..\u8g2_csrc/u8x8_u16toa.c **** #include "u8x8.h"
  39:..\u8g2_csrc/u8x8_u16toa.c **** 
  40:..\u8g2_csrc/u8x8_u16toa.c **** const char *u8x8_u16toap(char * dest, uint16_t v)
  41:..\u8g2_csrc/u8x8_u16toa.c **** {
 225              		.loc 1 41 0
 226              		.cfi_startproc
 227              		@ args = 0, pretend = 0, frame = 0
 228              		@ frame_needed = 0, uses_anonymous_args = 0
 229              		@ link register save eliminated.
 230              	.LVL0:
 231 0000 10B4     		push	{r4}
 232              		.cfi_def_cfa_offset 4
 233              		.cfi_offset 4, -4
 234              	.LVL1:
  42:..\u8g2_csrc/u8x8_u16toa.c ****   uint8_t pos;
  43:..\u8g2_csrc/u8x8_u16toa.c ****   uint8_t d;
  44:..\u8g2_csrc/u8x8_u16toa.c ****   uint16_t c;
  45:..\u8g2_csrc/u8x8_u16toa.c ****   c = 10000;
 235              		.loc 1 45 0
 236 0002 42F21072 		movw	r2, #10000
  46:..\u8g2_csrc/u8x8_u16toa.c ****   for( pos = 0; pos < 5; pos++ )
 237              		.loc 1 46 0
 238 0006 0024     		movs	r4, #0
 239 0008 0EE0     		b	.L2
 240              	.LVL2:
 241              	.L3:
  47:..\u8g2_csrc/u8x8_u16toa.c ****   {
  48:..\u8g2_csrc/u8x8_u16toa.c ****       d = '0';
  49:..\u8g2_csrc/u8x8_u16toa.c ****       while( v >= c )
  50:..\u8g2_csrc/u8x8_u16toa.c ****       {
  51:..\u8g2_csrc/u8x8_u16toa.c **** 	v -= c;
 242              		.loc 1 51 0
 243 000a 891A     		subs	r1, r1, r2
 244              	.LVL3:
 245 000c 89B2     		uxth	r1, r1
 246              	.LVL4:
  52:..\u8g2_csrc/u8x8_u16toa.c **** 	d++;
 247              		.loc 1 52 0
 248 000e 0133     		adds	r3, r3, #1
 249              	.LVL5:
 250 0010 DBB2     		uxtb	r3, r3
 251              	.LVL6:
 252 0012 00E0     		b	.L4
 253              	.LVL7:
 254              	.L5:
 255 0014 3023     		movs	r3, #48
 256              	.L4:
 257              	.LVL8:
  49:..\u8g2_csrc/u8x8_u16toa.c ****       {
ARM GAS  C:\Users\info\AppData\Local\Temp\cc0shiXX.s 			page 17


 258              		.loc 1 49 0
 259 0016 9142     		cmp	r1, r2
 260 0018 F7D2     		bcs	.L3
  53:..\u8g2_csrc/u8x8_u16toa.c ****       }
  54:..\u8g2_csrc/u8x8_u16toa.c ****       dest[pos] = d;
 261              		.loc 1 54 0 discriminator 2
 262 001a 0355     		strb	r3, [r0, r4]
  55:..\u8g2_csrc/u8x8_u16toa.c ****       c /= 10;
 263              		.loc 1 55 0 discriminator 2
 264 001c 054B     		ldr	r3, .L7
 265              	.LVL9:
 266 001e A3FB0232 		umull	r3, r2, r3, r2
 267              	.LVL10:
 268 0022 D208     		lsrs	r2, r2, #3
 269              	.LVL11:
  46:..\u8g2_csrc/u8x8_u16toa.c ****   {
 270              		.loc 1 46 0 discriminator 2
 271 0024 0134     		adds	r4, r4, #1
 272              	.LVL12:
 273 0026 E4B2     		uxtb	r4, r4
 274              	.LVL13:
 275              	.L2:
  46:..\u8g2_csrc/u8x8_u16toa.c ****   {
 276              		.loc 1 46 0 is_stmt 0 discriminator 1
 277 0028 042C     		cmp	r4, #4
 278 002a F3D9     		bls	.L5
  56:..\u8g2_csrc/u8x8_u16toa.c ****   }  
  57:..\u8g2_csrc/u8x8_u16toa.c ****   dest[5] = '\0';
 279              		.loc 1 57 0 is_stmt 1
 280 002c 0023     		movs	r3, #0
 281 002e 4371     		strb	r3, [r0, #5]
  58:..\u8g2_csrc/u8x8_u16toa.c ****   return dest;
  59:..\u8g2_csrc/u8x8_u16toa.c **** }
 282              		.loc 1 59 0
 283 0030 10BC     		pop	{r4}
 284              		.cfi_restore 4
 285              		.cfi_def_cfa_offset 0
 286              	.LVL14:
 287 0032 7047     		bx	lr
 288              	.L8:
 289              		.align	2
 290              	.L7:
 291 0034 CDCCCCCC 		.word	-858993459
 292              		.cfi_endproc
 293              	.LFE0:
 294              		.size	u8x8_u16toap, .-u8x8_u16toap
 295              		.section	.text.u8x8_u16toa,"ax",%progbits
 296              		.align	2
 297              		.global	u8x8_u16toa
 298              		.thumb
 299              		.thumb_func
 300              		.type	u8x8_u16toa, %function
 301              	u8x8_u16toa:
 302              	.LFB1:
  60:..\u8g2_csrc/u8x8_u16toa.c **** 
  61:..\u8g2_csrc/u8x8_u16toa.c **** /* v = value, d = number of digits */
  62:..\u8g2_csrc/u8x8_u16toa.c **** const char *u8x8_u16toa(uint16_t v, uint8_t d)
ARM GAS  C:\Users\info\AppData\Local\Temp\cc0shiXX.s 			page 18


  63:..\u8g2_csrc/u8x8_u16toa.c **** {
 303              		.loc 1 63 0
 304              		.cfi_startproc
 305              		@ args = 0, pretend = 0, frame = 0
 306              		@ frame_needed = 0, uses_anonymous_args = 0
 307              	.LVL15:
 308 0000 10B5     		push	{r4, lr}
 309              		.cfi_def_cfa_offset 8
 310              		.cfi_offset 4, -8
 311              		.cfi_offset 14, -4
  64:..\u8g2_csrc/u8x8_u16toa.c ****   static char buf[6];
  65:..\u8g2_csrc/u8x8_u16toa.c ****   d = 5-d;
 312              		.loc 1 65 0
 313 0002 C1F10501 		rsb	r1, r1, #5
 314              	.LVL16:
 315 0006 CCB2     		uxtb	r4, r1
 316              	.LVL17:
  66:..\u8g2_csrc/u8x8_u16toa.c ****   return u8x8_u16toap(buf, v) + d;
 317              		.loc 1 66 0
 318 0008 0146     		mov	r1, r0
 319 000a 0248     		ldr	r0, .L11
 320              	.LVL18:
 321 000c FFF7FEFF 		bl	u8x8_u16toap
 322              	.LVL19:
  67:..\u8g2_csrc/u8x8_u16toa.c **** }
 323              		.loc 1 67 0
 324 0010 2044     		add	r0, r0, r4
 325 0012 10BD     		pop	{r4, pc}
 326              	.LVL20:
 327              	.L12:
 328              		.align	2
 329              	.L11:
 330 0014 00000000 		.word	.LANCHOR0
 331              		.cfi_endproc
 332              	.LFE1:
 333              		.size	u8x8_u16toa, .-u8x8_u16toa
 334              		.bss
 335              		.align	2
 336              		.set	.LANCHOR0,. + 0
 337              		.type	buf.5436, %object
 338              		.size	buf.5436, 6
 339              	buf.5436:
 340 0000 00000000 		.space	6
 340      0000
 341              		.text
 342              	.Letext0:
 343              		.file 2 "c:\\program files (x86)\\cypress\\psoc creator\\4.2\\psoc creator\\import\\gnu\\arm\\5.4.
 344              		.file 3 "c:\\program files (x86)\\cypress\\psoc creator\\4.2\\psoc creator\\import\\gnu\\arm\\5.4.
 345              		.section	.debug_info,"",%progbits
 346              	.Ldebug_info0:
 347 0000 7F010000 		.4byte	0x17f
 348 0004 0400     		.2byte	0x4
 349 0006 00000000 		.4byte	.Ldebug_abbrev0
 350 000a 04       		.byte	0x4
 351 000b 01       		.uleb128 0x1
 352 000c 4E000000 		.4byte	.LASF20
 353 0010 0C       		.byte	0xc
ARM GAS  C:\Users\info\AppData\Local\Temp\cc0shiXX.s 			page 19


 354 0011 E0010000 		.4byte	.LASF21
 355 0015 4E010000 		.4byte	.LASF22
 356 0019 00000000 		.4byte	.Ldebug_ranges0+0
 357 001d 00000000 		.4byte	0
 358 0021 00000000 		.4byte	.Ldebug_line0
 359 0025 02       		.uleb128 0x2
 360 0026 01       		.byte	0x1
 361 0027 06       		.byte	0x6
 362 0028 15010000 		.4byte	.LASF0
 363 002c 03       		.uleb128 0x3
 364 002d 0B010000 		.4byte	.LASF3
 365 0031 02       		.byte	0x2
 366 0032 1D       		.byte	0x1d
 367 0033 37000000 		.4byte	0x37
 368 0037 02       		.uleb128 0x2
 369 0038 01       		.byte	0x1
 370 0039 08       		.byte	0x8
 371 003a 33000000 		.4byte	.LASF1
 372 003e 02       		.uleb128 0x2
 373 003f 02       		.byte	0x2
 374 0040 05       		.byte	0x5
 375 0041 D6010000 		.4byte	.LASF2
 376 0045 03       		.uleb128 0x3
 377 0046 21010000 		.4byte	.LASF4
 378 004a 02       		.byte	0x2
 379 004b 2B       		.byte	0x2b
 380 004c 50000000 		.4byte	0x50
 381 0050 02       		.uleb128 0x2
 382 0051 02       		.byte	0x2
 383 0052 07       		.byte	0x7
 384 0053 0E000000 		.4byte	.LASF5
 385 0057 02       		.uleb128 0x2
 386 0058 04       		.byte	0x4
 387 0059 05       		.byte	0x5
 388 005a 45010000 		.4byte	.LASF6
 389 005e 02       		.uleb128 0x2
 390 005f 04       		.byte	0x4
 391 0060 07       		.byte	0x7
 392 0061 E2000000 		.4byte	.LASF7
 393 0065 02       		.uleb128 0x2
 394 0066 08       		.byte	0x8
 395 0067 05       		.byte	0x5
 396 0068 00000000 		.4byte	.LASF8
 397 006c 02       		.uleb128 0x2
 398 006d 08       		.byte	0x8
 399 006e 07       		.byte	0x7
 400 006f F4000000 		.4byte	.LASF9
 401 0073 04       		.uleb128 0x4
 402 0074 04       		.byte	0x4
 403 0075 05       		.byte	0x5
 404 0076 696E7400 		.ascii	"int\000"
 405 007a 02       		.uleb128 0x2
 406 007b 04       		.byte	0x4
 407 007c 07       		.byte	0x7
 408 007d 21000000 		.4byte	.LASF10
 409 0081 03       		.uleb128 0x3
 410 0082 2C010000 		.4byte	.LASF11
ARM GAS  C:\Users\info\AppData\Local\Temp\cc0shiXX.s 			page 20


 411 0086 03       		.byte	0x3
 412 0087 18       		.byte	0x18
 413 0088 2C000000 		.4byte	0x2c
 414 008c 03       		.uleb128 0x3
 415 008d C1010000 		.4byte	.LASF12
 416 0091 03       		.byte	0x3
 417 0092 24       		.byte	0x24
 418 0093 45000000 		.4byte	0x45
 419 0097 02       		.uleb128 0x2
 420 0098 08       		.byte	0x8
 421 0099 04       		.byte	0x4
 422 009a CA010000 		.4byte	.LASF13
 423 009e 05       		.uleb128 0x5
 424 009f 41000000 		.4byte	.LASF16
 425 00a3 01       		.byte	0x1
 426 00a4 28       		.byte	0x28
 427 00a5 FB000000 		.4byte	0xfb
 428 00a9 00000000 		.4byte	.LFB0
 429 00ad 38000000 		.4byte	.LFE0-.LFB0
 430 00b1 01       		.uleb128 0x1
 431 00b2 9C       		.byte	0x9c
 432 00b3 FB000000 		.4byte	0xfb
 433 00b7 06       		.uleb128 0x6
 434 00b8 2E000000 		.4byte	.LASF14
 435 00bc 01       		.byte	0x1
 436 00bd 28       		.byte	0x28
 437 00be 0D010000 		.4byte	0x10d
 438 00c2 01       		.uleb128 0x1
 439 00c3 50       		.byte	0x50
 440 00c4 07       		.uleb128 0x7
 441 00c5 7600     		.ascii	"v\000"
 442 00c7 01       		.byte	0x1
 443 00c8 28       		.byte	0x28
 444 00c9 8C000000 		.4byte	0x8c
 445 00cd 00000000 		.4byte	.LLST0
 446 00d1 08       		.uleb128 0x8
 447 00d2 706F7300 		.ascii	"pos\000"
 448 00d6 01       		.byte	0x1
 449 00d7 2A       		.byte	0x2a
 450 00d8 81000000 		.4byte	0x81
 451 00dc 1E000000 		.4byte	.LLST1
 452 00e0 08       		.uleb128 0x8
 453 00e1 6400     		.ascii	"d\000"
 454 00e3 01       		.byte	0x1
 455 00e4 2B       		.byte	0x2b
 456 00e5 81000000 		.4byte	0x81
 457 00e9 48000000 		.4byte	.LLST2
 458 00ed 08       		.uleb128 0x8
 459 00ee 6300     		.ascii	"c\000"
 460 00f0 01       		.byte	0x1
 461 00f1 2C       		.byte	0x2c
 462 00f2 8C000000 		.4byte	0x8c
 463 00f6 91000000 		.4byte	.LLST3
 464 00fa 00       		.byte	0
 465 00fb 09       		.uleb128 0x9
 466 00fc 04       		.byte	0x4
 467 00fd 08010000 		.4byte	0x108
ARM GAS  C:\Users\info\AppData\Local\Temp\cc0shiXX.s 			page 21


 468 0101 02       		.uleb128 0x2
 469 0102 01       		.byte	0x1
 470 0103 08       		.byte	0x8
 471 0104 40010000 		.4byte	.LASF15
 472 0108 0A       		.uleb128 0xa
 473 0109 01010000 		.4byte	0x101
 474 010d 09       		.uleb128 0x9
 475 010e 04       		.byte	0x4
 476 010f 01010000 		.4byte	0x101
 477 0113 05       		.uleb128 0x5
 478 0114 34010000 		.4byte	.LASF17
 479 0118 01       		.byte	0x1
 480 0119 3E       		.byte	0x3e
 481 011a FB000000 		.4byte	0xfb
 482 011e 00000000 		.4byte	.LFB1
 483 0122 18000000 		.4byte	.LFE1-.LFB1
 484 0126 01       		.uleb128 0x1
 485 0127 9C       		.byte	0x9c
 486 0128 6B010000 		.4byte	0x16b
 487 012c 07       		.uleb128 0x7
 488 012d 7600     		.ascii	"v\000"
 489 012f 01       		.byte	0x1
 490 0130 3E       		.byte	0x3e
 491 0131 8C000000 		.4byte	0x8c
 492 0135 BD000000 		.4byte	.LLST4
 493 0139 07       		.uleb128 0x7
 494 013a 6400     		.ascii	"d\000"
 495 013c 01       		.byte	0x1
 496 013d 3E       		.byte	0x3e
 497 013e 81000000 		.4byte	0x81
 498 0142 DE000000 		.4byte	.LLST5
 499 0146 0B       		.uleb128 0xb
 500 0147 B8010000 		.4byte	.LASF18
 501 014b 01       		.byte	0x1
 502 014c 40       		.byte	0x40
 503 014d 6B010000 		.4byte	0x16b
 504 0151 05       		.uleb128 0x5
 505 0152 03       		.byte	0x3
 506 0153 00000000 		.4byte	buf.5436
 507 0157 0C       		.uleb128 0xc
 508 0158 10000000 		.4byte	.LVL19
 509 015c 9E000000 		.4byte	0x9e
 510 0160 0D       		.uleb128 0xd
 511 0161 01       		.uleb128 0x1
 512 0162 50       		.byte	0x50
 513 0163 05       		.uleb128 0x5
 514 0164 03       		.byte	0x3
 515 0165 00000000 		.4byte	.LANCHOR0
 516 0169 00       		.byte	0
 517 016a 00       		.byte	0
 518 016b 0E       		.uleb128 0xe
 519 016c 01010000 		.4byte	0x101
 520 0170 7B010000 		.4byte	0x17b
 521 0174 0F       		.uleb128 0xf
 522 0175 7B010000 		.4byte	0x17b
 523 0179 05       		.byte	0x5
 524 017a 00       		.byte	0
ARM GAS  C:\Users\info\AppData\Local\Temp\cc0shiXX.s 			page 22


 525 017b 02       		.uleb128 0x2
 526 017c 04       		.byte	0x4
 527 017d 07       		.byte	0x7
 528 017e FB010000 		.4byte	.LASF19
 529 0182 00       		.byte	0
 530              		.section	.debug_abbrev,"",%progbits
 531              	.Ldebug_abbrev0:
 532 0000 01       		.uleb128 0x1
 533 0001 11       		.uleb128 0x11
 534 0002 01       		.byte	0x1
 535 0003 25       		.uleb128 0x25
 536 0004 0E       		.uleb128 0xe
 537 0005 13       		.uleb128 0x13
 538 0006 0B       		.uleb128 0xb
 539 0007 03       		.uleb128 0x3
 540 0008 0E       		.uleb128 0xe
 541 0009 1B       		.uleb128 0x1b
 542 000a 0E       		.uleb128 0xe
 543 000b 55       		.uleb128 0x55
 544 000c 17       		.uleb128 0x17
 545 000d 11       		.uleb128 0x11
 546 000e 01       		.uleb128 0x1
 547 000f 10       		.uleb128 0x10
 548 0010 17       		.uleb128 0x17
 549 0011 00       		.byte	0
 550 0012 00       		.byte	0
 551 0013 02       		.uleb128 0x2
 552 0014 24       		.uleb128 0x24
 553 0015 00       		.byte	0
 554 0016 0B       		.uleb128 0xb
 555 0017 0B       		.uleb128 0xb
 556 0018 3E       		.uleb128 0x3e
 557 0019 0B       		.uleb128 0xb
 558 001a 03       		.uleb128 0x3
 559 001b 0E       		.uleb128 0xe
 560 001c 00       		.byte	0
 561 001d 00       		.byte	0
 562 001e 03       		.uleb128 0x3
 563 001f 16       		.uleb128 0x16
 564 0020 00       		.byte	0
 565 0021 03       		.uleb128 0x3
 566 0022 0E       		.uleb128 0xe
 567 0023 3A       		.uleb128 0x3a
 568 0024 0B       		.uleb128 0xb
 569 0025 3B       		.uleb128 0x3b
 570 0026 0B       		.uleb128 0xb
 571 0027 49       		.uleb128 0x49
 572 0028 13       		.uleb128 0x13
 573 0029 00       		.byte	0
 574 002a 00       		.byte	0
 575 002b 04       		.uleb128 0x4
 576 002c 24       		.uleb128 0x24
 577 002d 00       		.byte	0
 578 002e 0B       		.uleb128 0xb
 579 002f 0B       		.uleb128 0xb
 580 0030 3E       		.uleb128 0x3e
 581 0031 0B       		.uleb128 0xb
ARM GAS  C:\Users\info\AppData\Local\Temp\cc0shiXX.s 			page 23


 582 0032 03       		.uleb128 0x3
 583 0033 08       		.uleb128 0x8
 584 0034 00       		.byte	0
 585 0035 00       		.byte	0
 586 0036 05       		.uleb128 0x5
 587 0037 2E       		.uleb128 0x2e
 588 0038 01       		.byte	0x1
 589 0039 3F       		.uleb128 0x3f
 590 003a 19       		.uleb128 0x19
 591 003b 03       		.uleb128 0x3
 592 003c 0E       		.uleb128 0xe
 593 003d 3A       		.uleb128 0x3a
 594 003e 0B       		.uleb128 0xb
 595 003f 3B       		.uleb128 0x3b
 596 0040 0B       		.uleb128 0xb
 597 0041 27       		.uleb128 0x27
 598 0042 19       		.uleb128 0x19
 599 0043 49       		.uleb128 0x49
 600 0044 13       		.uleb128 0x13
 601 0045 11       		.uleb128 0x11
 602 0046 01       		.uleb128 0x1
 603 0047 12       		.uleb128 0x12
 604 0048 06       		.uleb128 0x6
 605 0049 40       		.uleb128 0x40
 606 004a 18       		.uleb128 0x18
 607 004b 9742     		.uleb128 0x2117
 608 004d 19       		.uleb128 0x19
 609 004e 01       		.uleb128 0x1
 610 004f 13       		.uleb128 0x13
 611 0050 00       		.byte	0
 612 0051 00       		.byte	0
 613 0052 06       		.uleb128 0x6
 614 0053 05       		.uleb128 0x5
 615 0054 00       		.byte	0
 616 0055 03       		.uleb128 0x3
 617 0056 0E       		.uleb128 0xe
 618 0057 3A       		.uleb128 0x3a
 619 0058 0B       		.uleb128 0xb
 620 0059 3B       		.uleb128 0x3b
 621 005a 0B       		.uleb128 0xb
 622 005b 49       		.uleb128 0x49
 623 005c 13       		.uleb128 0x13
 624 005d 02       		.uleb128 0x2
 625 005e 18       		.uleb128 0x18
 626 005f 00       		.byte	0
 627 0060 00       		.byte	0
 628 0061 07       		.uleb128 0x7
 629 0062 05       		.uleb128 0x5
 630 0063 00       		.byte	0
 631 0064 03       		.uleb128 0x3
 632 0065 08       		.uleb128 0x8
 633 0066 3A       		.uleb128 0x3a
 634 0067 0B       		.uleb128 0xb
 635 0068 3B       		.uleb128 0x3b
 636 0069 0B       		.uleb128 0xb
 637 006a 49       		.uleb128 0x49
 638 006b 13       		.uleb128 0x13
ARM GAS  C:\Users\info\AppData\Local\Temp\cc0shiXX.s 			page 24


 639 006c 02       		.uleb128 0x2
 640 006d 17       		.uleb128 0x17
 641 006e 00       		.byte	0
 642 006f 00       		.byte	0
 643 0070 08       		.uleb128 0x8
 644 0071 34       		.uleb128 0x34
 645 0072 00       		.byte	0
 646 0073 03       		.uleb128 0x3
 647 0074 08       		.uleb128 0x8
 648 0075 3A       		.uleb128 0x3a
 649 0076 0B       		.uleb128 0xb
 650 0077 3B       		.uleb128 0x3b
 651 0078 0B       		.uleb128 0xb
 652 0079 49       		.uleb128 0x49
 653 007a 13       		.uleb128 0x13
 654 007b 02       		.uleb128 0x2
 655 007c 17       		.uleb128 0x17
 656 007d 00       		.byte	0
 657 007e 00       		.byte	0
 658 007f 09       		.uleb128 0x9
 659 0080 0F       		.uleb128 0xf
 660 0081 00       		.byte	0
 661 0082 0B       		.uleb128 0xb
 662 0083 0B       		.uleb128 0xb
 663 0084 49       		.uleb128 0x49
 664 0085 13       		.uleb128 0x13
 665 0086 00       		.byte	0
 666 0087 00       		.byte	0
 667 0088 0A       		.uleb128 0xa
 668 0089 26       		.uleb128 0x26
 669 008a 00       		.byte	0
 670 008b 49       		.uleb128 0x49
 671 008c 13       		.uleb128 0x13
 672 008d 00       		.byte	0
 673 008e 00       		.byte	0
 674 008f 0B       		.uleb128 0xb
 675 0090 34       		.uleb128 0x34
 676 0091 00       		.byte	0
 677 0092 03       		.uleb128 0x3
 678 0093 0E       		.uleb128 0xe
 679 0094 3A       		.uleb128 0x3a
 680 0095 0B       		.uleb128 0xb
 681 0096 3B       		.uleb128 0x3b
 682 0097 0B       		.uleb128 0xb
 683 0098 49       		.uleb128 0x49
 684 0099 13       		.uleb128 0x13
 685 009a 02       		.uleb128 0x2
 686 009b 18       		.uleb128 0x18
 687 009c 00       		.byte	0
 688 009d 00       		.byte	0
 689 009e 0C       		.uleb128 0xc
 690 009f 898201   		.uleb128 0x4109
 691 00a2 01       		.byte	0x1
 692 00a3 11       		.uleb128 0x11
 693 00a4 01       		.uleb128 0x1
 694 00a5 31       		.uleb128 0x31
 695 00a6 13       		.uleb128 0x13
ARM GAS  C:\Users\info\AppData\Local\Temp\cc0shiXX.s 			page 25


 696 00a7 00       		.byte	0
 697 00a8 00       		.byte	0
 698 00a9 0D       		.uleb128 0xd
 699 00aa 8A8201   		.uleb128 0x410a
 700 00ad 00       		.byte	0
 701 00ae 02       		.uleb128 0x2
 702 00af 18       		.uleb128 0x18
 703 00b0 9142     		.uleb128 0x2111
 704 00b2 18       		.uleb128 0x18
 705 00b3 00       		.byte	0
 706 00b4 00       		.byte	0
 707 00b5 0E       		.uleb128 0xe
 708 00b6 01       		.uleb128 0x1
 709 00b7 01       		.byte	0x1
 710 00b8 49       		.uleb128 0x49
 711 00b9 13       		.uleb128 0x13
 712 00ba 01       		.uleb128 0x1
 713 00bb 13       		.uleb128 0x13
 714 00bc 00       		.byte	0
 715 00bd 00       		.byte	0
 716 00be 0F       		.uleb128 0xf
 717 00bf 21       		.uleb128 0x21
 718 00c0 00       		.byte	0
 719 00c1 49       		.uleb128 0x49
 720 00c2 13       		.uleb128 0x13
 721 00c3 2F       		.uleb128 0x2f
 722 00c4 0B       		.uleb128 0xb
 723 00c5 00       		.byte	0
 724 00c6 00       		.byte	0
 725 00c7 00       		.byte	0
 726              		.section	.debug_loc,"",%progbits
 727              	.Ldebug_loc0:
 728              	.LLST0:
 729 0000 00000000 		.4byte	.LVL0
 730 0004 0C000000 		.4byte	.LVL3
 731 0008 0100     		.2byte	0x1
 732 000a 51       		.byte	0x51
 733 000b 0E000000 		.4byte	.LVL4
 734 000f 38000000 		.4byte	.LFE0
 735 0013 0100     		.2byte	0x1
 736 0015 51       		.byte	0x51
 737 0016 00000000 		.4byte	0
 738 001a 00000000 		.4byte	0
 739              	.LLST1:
 740 001e 02000000 		.4byte	.LVL1
 741 0022 0A000000 		.4byte	.LVL2
 742 0026 0200     		.2byte	0x2
 743 0028 30       		.byte	0x30
 744 0029 9F       		.byte	0x9f
 745 002a 0A000000 		.4byte	.LVL2
 746 002e 26000000 		.4byte	.LVL12
 747 0032 0100     		.2byte	0x1
 748 0034 54       		.byte	0x54
 749 0035 28000000 		.4byte	.LVL13
 750 0039 32000000 		.4byte	.LVL14
 751 003d 0100     		.2byte	0x1
 752 003f 54       		.byte	0x54
ARM GAS  C:\Users\info\AppData\Local\Temp\cc0shiXX.s 			page 26


 753 0040 00000000 		.4byte	0
 754 0044 00000000 		.4byte	0
 755              	.LLST2:
 756 0048 0A000000 		.4byte	.LVL2
 757 004c 10000000 		.4byte	.LVL5
 758 0050 0100     		.2byte	0x1
 759 0052 53       		.byte	0x53
 760 0053 12000000 		.4byte	.LVL6
 761 0057 14000000 		.4byte	.LVL7
 762 005b 0100     		.2byte	0x1
 763 005d 53       		.byte	0x53
 764 005e 16000000 		.4byte	.LVL8
 765 0062 1E000000 		.4byte	.LVL9
 766 0066 0100     		.2byte	0x1
 767 0068 53       		.byte	0x53
 768 0069 1E000000 		.4byte	.LVL9
 769 006d 26000000 		.4byte	.LVL12
 770 0071 0500     		.2byte	0x5
 771 0073 70       		.byte	0x70
 772 0074 00       		.sleb128 0
 773 0075 74       		.byte	0x74
 774 0076 00       		.sleb128 0
 775 0077 22       		.byte	0x22
 776 0078 26000000 		.4byte	.LVL12
 777 007c 28000000 		.4byte	.LVL13
 778 0080 0700     		.2byte	0x7
 779 0082 70       		.byte	0x70
 780 0083 00       		.sleb128 0
 781 0084 74       		.byte	0x74
 782 0085 00       		.sleb128 0
 783 0086 22       		.byte	0x22
 784 0087 31       		.byte	0x31
 785 0088 1C       		.byte	0x1c
 786 0089 00000000 		.4byte	0
 787 008d 00000000 		.4byte	0
 788              	.LLST3:
 789 0091 02000000 		.4byte	.LVL1
 790 0095 0A000000 		.4byte	.LVL2
 791 0099 0400     		.2byte	0x4
 792 009b 0A       		.byte	0xa
 793 009c 1027     		.2byte	0x2710
 794 009e 9F       		.byte	0x9f
 795 009f 0A000000 		.4byte	.LVL2
 796 00a3 22000000 		.4byte	.LVL10
 797 00a7 0100     		.2byte	0x1
 798 00a9 52       		.byte	0x52
 799 00aa 24000000 		.4byte	.LVL11
 800 00ae 38000000 		.4byte	.LFE0
 801 00b2 0100     		.2byte	0x1
 802 00b4 52       		.byte	0x52
 803 00b5 00000000 		.4byte	0
 804 00b9 00000000 		.4byte	0
 805              	.LLST4:
 806 00bd 00000000 		.4byte	.LVL15
 807 00c1 0C000000 		.4byte	.LVL18
 808 00c5 0100     		.2byte	0x1
 809 00c7 50       		.byte	0x50
ARM GAS  C:\Users\info\AppData\Local\Temp\cc0shiXX.s 			page 27


 810 00c8 0C000000 		.4byte	.LVL18
 811 00cc 18000000 		.4byte	.LFE1
 812 00d0 0400     		.2byte	0x4
 813 00d2 F3       		.byte	0xf3
 814 00d3 01       		.uleb128 0x1
 815 00d4 50       		.byte	0x50
 816 00d5 9F       		.byte	0x9f
 817 00d6 00000000 		.4byte	0
 818 00da 00000000 		.4byte	0
 819              	.LLST5:
 820 00de 00000000 		.4byte	.LVL15
 821 00e2 06000000 		.4byte	.LVL16
 822 00e6 0100     		.2byte	0x1
 823 00e8 51       		.byte	0x51
 824 00e9 06000000 		.4byte	.LVL16
 825 00ed 08000000 		.4byte	.LVL17
 826 00f1 0400     		.2byte	0x4
 827 00f3 F3       		.byte	0xf3
 828 00f4 01       		.uleb128 0x1
 829 00f5 51       		.byte	0x51
 830 00f6 9F       		.byte	0x9f
 831 00f7 08000000 		.4byte	.LVL17
 832 00fb 14000000 		.4byte	.LVL20
 833 00ff 0100     		.2byte	0x1
 834 0101 54       		.byte	0x54
 835 0102 00000000 		.4byte	0
 836 0106 00000000 		.4byte	0
 837              		.section	.debug_aranges,"",%progbits
 838 0000 24000000 		.4byte	0x24
 839 0004 0200     		.2byte	0x2
 840 0006 00000000 		.4byte	.Ldebug_info0
 841 000a 04       		.byte	0x4
 842 000b 00       		.byte	0
 843 000c 0000     		.2byte	0
 844 000e 0000     		.2byte	0
 845 0010 00000000 		.4byte	.LFB0
 846 0014 38000000 		.4byte	.LFE0-.LFB0
 847 0018 00000000 		.4byte	.LFB1
 848 001c 18000000 		.4byte	.LFE1-.LFB1
 849 0020 00000000 		.4byte	0
 850 0024 00000000 		.4byte	0
 851              		.section	.debug_ranges,"",%progbits
 852              	.Ldebug_ranges0:
 853 0000 00000000 		.4byte	.LFB0
 854 0004 38000000 		.4byte	.LFE0
 855 0008 00000000 		.4byte	.LFB1
 856 000c 18000000 		.4byte	.LFE1
 857 0010 00000000 		.4byte	0
 858 0014 00000000 		.4byte	0
 859              		.section	.debug_line,"",%progbits
 860              	.Ldebug_line0:
 861 0000 76010000 		.section	.debug_str,"MS",%progbits,1
 861      02002E01 
 861      00000201 
 861      FB0E0D00 
 861      01010101 
 862              	.LASF8:
ARM GAS  C:\Users\info\AppData\Local\Temp\cc0shiXX.s 			page 28


 863 0000 6C6F6E67 		.ascii	"long long int\000"
 863      206C6F6E 
 863      6720696E 
 863      7400
 864              	.LASF5:
 865 000e 73686F72 		.ascii	"short unsigned int\000"
 865      7420756E 
 865      7369676E 
 865      65642069 
 865      6E7400
 866              	.LASF10:
 867 0021 756E7369 		.ascii	"unsigned int\000"
 867      676E6564 
 867      20696E74 
 867      00
 868              	.LASF14:
 869 002e 64657374 		.ascii	"dest\000"
 869      00
 870              	.LASF1:
 871 0033 756E7369 		.ascii	"unsigned char\000"
 871      676E6564 
 871      20636861 
 871      7200
 872              	.LASF16:
 873 0041 75387838 		.ascii	"u8x8_u16toap\000"
 873      5F753136 
 873      746F6170 
 873      00
 874              	.LASF20:
 875 004e 474E5520 		.ascii	"GNU C11 5.4.1 20160609 (release) [ARM/embedded-5-br"
 875      43313120 
 875      352E342E 
 875      31203230 
 875      31363036 
 876 0081 616E6368 		.ascii	"anch revision 237715] -mcpu=cortex-m3 -mthumb -g -O"
 876      20726576 
 876      6973696F 
 876      6E203233 
 876      37373135 
 877 00b4 67202D66 		.ascii	"g -ffunction-sections -ffat-lto-objects -flto\000"
 877      66756E63 
 877      74696F6E 
 877      2D736563 
 877      74696F6E 
 878              	.LASF7:
 879 00e2 6C6F6E67 		.ascii	"long unsigned int\000"
 879      20756E73 
 879      69676E65 
 879      6420696E 
 879      7400
 880              	.LASF9:
 881 00f4 6C6F6E67 		.ascii	"long long unsigned int\000"
 881      206C6F6E 
 881      6720756E 
 881      7369676E 
 881      65642069 
 882              	.LASF3:
ARM GAS  C:\Users\info\AppData\Local\Temp\cc0shiXX.s 			page 29


 883 010b 5F5F7569 		.ascii	"__uint8_t\000"
 883      6E74385F 
 883      7400
 884              	.LASF0:
 885 0115 7369676E 		.ascii	"signed char\000"
 885      65642063 
 885      68617200 
 886              	.LASF4:
 887 0121 5F5F7569 		.ascii	"__uint16_t\000"
 887      6E743136 
 887      5F7400
 888              	.LASF11:
 889 012c 75696E74 		.ascii	"uint8_t\000"
 889      385F7400 
 890              	.LASF17:
 891 0134 75387838 		.ascii	"u8x8_u16toa\000"
 891      5F753136 
 891      746F6100 
 892              	.LASF15:
 893 0140 63686172 		.ascii	"char\000"
 893      00
 894              	.LASF6:
 895 0145 6C6F6E67 		.ascii	"long int\000"
 895      20696E74 
 895      00
 896              	.LASF22:
 897 014e 433A5C55 		.ascii	"C:\\Users\\info\\Desktop\\Spring 2019 Classes\\6.11"
 897      73657273 
 897      5C696E66 
 897      6F5C4465 
 897      736B746F 
 898 017c 355C362E 		.ascii	"5\\6.115-final\\PSoCCreator\\Final Project\\FinalEm"
 898      3131352D 
 898      66696E61 
 898      6C5C5053 
 898      6F434372 
 899 01ab 756C6174 		.ascii	"ulator.cydsn\000"
 899      6F722E63 
 899      7964736E 
 899      00
 900              	.LASF18:
 901 01b8 6275662E 		.ascii	"buf.5436\000"
 901      35343336 
 901      00
 902              	.LASF12:
 903 01c1 75696E74 		.ascii	"uint16_t\000"
 903      31365F74 
 903      00
 904              	.LASF13:
 905 01ca 6C6F6E67 		.ascii	"long double\000"
 905      20646F75 
 905      626C6500 
 906              	.LASF2:
 907 01d6 73686F72 		.ascii	"short int\000"
 907      7420696E 
 907      7400
 908              	.LASF21:
ARM GAS  C:\Users\info\AppData\Local\Temp\cc0shiXX.s 			page 30


 909 01e0 2E2E5C75 		.ascii	"..\\u8g2_csrc\\u8x8_u16toa.c\000"
 909      3867325F 
 909      63737263 
 909      5C753878 
 909      385F7531 
 910              	.LASF19:
 911 01fb 73697A65 		.ascii	"sizetype\000"
 911      74797065 
 911      00
 912              		.comm	__gnu_lto_v1,1,1
 913              		.ident	"GCC: (GNU Tools for ARM Embedded Processors) 5.4.1 20160609 (release) [ARM/embedded-5-bran
