ARM GAS  C:\Users\info\AppData\Local\Temp\ccNGy4mk.s 			page 1


   1              		.syntax unified
   2              		.cpu cortex-m3
   3              		.fpu softvfp
   4              		.eabi_attribute 20, 1
   5              		.eabi_attribute 21, 1
   6              		.eabi_attribute 23, 3
   7              		.eabi_attribute 24, 1
   8              		.eabi_attribute 25, 1
   9              		.eabi_attribute 26, 1
  10              		.eabi_attribute 30, 1
  11              		.eabi_attribute 34, 1
  12              		.eabi_attribute 18, 4
  13              		.thumb
  14              		.syntax unified
  15              		.file	"u8x8_gpio.c"
  16              		.text
  17              	.Ltext0:
  18              		.section	.gnu.lto_.profile.792a0ce8,"",%progbits
  19 0000 789C6361 		.ascii	"x\234ca`d`a`\000\222b\234\000\000\237\000*"
  19      60646061 
  19      60009262 
  19      9C00009F 
  19      002A
  20              		.text
  21              		.section	.gnu.lto_.inline.792a0ce8,"",%progbits
  22 0000 789C6361 		.ascii	"x\234ca`d\000\001E\006\004\000\212p\2131001\276`g`\357"
  22      60640001 
  22      45060400 
  22      8A708B31 
  22      303031BE 
  23 0018 50670289 		.ascii	"Pg\002\211\261\01330\260L\360\003A\006\006\000?\361"
  23      B10B3330 
  23      B04CF003 
  23      41060600 
  23      3FF1
  24 002a 04AB     		.ascii	"\004\253"
  25              		.text
  26              		.section	.gnu.lto_.jmpfuncs.792a0ce8,"",%progbits
  27 0000 789C6361 		.ascii	"x\234ca`d\000\001\016\006\004\000\213\324\0130\000\000"
  27      60640001 
  27      0E060400 
  27      8BD40B30 
  27      0000
  28 0012 02EB009E 		.ascii	"\002\353\000\236"
  29              		.text
  30              		.section	.gnu.lto_.pureconst.792a0ce8,"",%progbits
  31 0000 789C6361 		.ascii	"x\234ca`d`f`\000\222\222\000\000q\000#"
  31      60646066 
  31      60009292 
  31      00007100 
  31      23
  32              		.text
  33              		.section	.gnu.lto_u8x8_gpio_call.792a0ce8,"",%progbits
  34 0000 789C6590 		.ascii	"x\234e\220\273K\\Q\020\306\347;s\357\336\015\250\275"
  34      BB4B5C51 
  34      10C6E73B 
  34      73EFDE0D 
ARM GAS  C:\Users\info\AppData\Local\Temp\ccNGy4mk.s 			page 2


  34      A8BD
  35 0012 780B53C8 		.ascii	"x\013S\310\306\302U\264\361\357\2606HXaI!\212\"\330"
  35      C6C255B4 
  35      F1EFB036 
  35      48586149 
  35      218A22D8 
  36 0026 79DCF5A2 		.ascii	"y\334\365\242`c\243\205\017\024\302\242I|\354j!>\002"
  36      6063A385 
  36      0F14C2A2 
  36      497CEC6A 
  36      213E02
  37 0039 8B2914F1 		.ascii	"\213)\024\361\201 \330X\204$\210(\212\013\212\205\350"
  37      8120D858 
  37      84248828 
  37      8A0B8A85 
  37      E8
  38 004a 3A73572B 		.ascii	":sW+\007\0163s\356\374\276{\346s\010\244q \351\223\344"
  38      070E3373 
  38      EEFCBE7B 
  38      E67308A4 
  38      7120E993 
  39 005f 2A396082 		.ascii	"*9`\202\031=$\032\210\032@\013\033\005\365\033\364\343"
  39      193D241A 
  39      881A400B 
  39      1B05F51B 
  39      F4E3
  40 0071 DE3C196C 		.ascii	"\336<\031l\017\235\257\233\3329+\361'\030g;\237G\300"
  40      0F9DAF9B 
  40      DA392BF1 
  40      2718673B 
  40      9F47C0
  41 0084 4445132A 		.ascii	"DE\023*\021\346P+S\307\203\331)\2763\001\003\216\264"
  41      11E6502B 
  41      53C783D9 
  41      29BE3301 
  41      038EB4
  42 0097 8583897F 		.ascii	"\205\203\211\177\025\332\032TK;{\362\355,\302>H\352"
  42      15DA1A54 
  42      4B3B7BF2 
  42      ED2CC23E 
  42      48EA
  43 00a9 F1BD939B 		.ascii	"\361\275\223\233\362X\306\332\224\265\217\355\366C\300"
  43      F258C6DA 
  43      94B58FED 
  43      F643C0
  44 00b8 8C1F60D1 		.ascii	"\214\037`\321\303w\370\230\207OrE\370\211\230L\357g"
  44      C377F898 
  44      874F7245 
  44      F889984C 
  44      EF67
  45 00ca D74F1DFE 		.ascii	"\327O\035\376\030\222\017[\277\237\336\310\265\317\226"
  45      18920F5B 
  45      BF9FDEC8 
  45      B5CF96
  46 00d9 0376B050 		.ascii	"\003v\260P\"\233|4(\347\020\026C\356\312\216\374\002"
  46      229B7C34 
  46      28E71016 
ARM GAS  C:\Users\info\AppData\Local\Temp\ccNGy4mk.s 			page 3


  46      43EECA8E 
  46      FC02
  47 00eb D784DCE4 		.ascii	"\327\204\334\344\351\346\256\373\312\025^\271\245w\334"
  47      E9E6AEFB 
  47      CA155EB9 
  47      A577DC
  48 00fa 32623AFC 		.ascii	"2b:\3747\367<V\036\031\324u\253KK\"\213\210\332\266"
  48      37F73C56 
  48      1E19D475 
  48      AB4B4B22 
  48      8B88DAB6 
  49 010e DC92B7C5 		.ascii	"\334\222\267\305b\332\346W\335k\343\211W\362B\026\326"
  49      62DAE657 
  49      DD6BE389 
  49      57F24216 
  49      D6
  50 011f 75A03F75 		.ascii	"u\240?u\021J\320\2550\352b\301\030\315|\216\324Fn\321"
  50      114AD0AD 
  50      30EA62C1 
  50      18CD7C8E 
  50      D4466ED1 
  51 0133 539534B3 		.ascii	"S\2254\263\032\020l\037y\352\015\227\266\332\331\033"
  51      1A106C1F 
  51      79EA0D97 
  51      B6DAD91B 
  52 0143 2E9BC1B4 		.ascii	".\233\301\264\270*\003\00691@\3573\377SK^}]\300\036"
  52      B82A0306 
  52      393140EF 
  52      33FF534B 
  52      5E7D5DC0 
  53 0158 563083E7 		.ascii	"V0\203\347\320o\254\242\236.0dC=\022A9&\315N\232]\304"
  53      D06FACA2 
  53      9E2E3064 
  53      433D1241 
  53      3926CD4E 
  54 016f FD80A374 		.ascii	"\375\200\243t\211T~\315\015?k\334\032\3503\204\256\214"
  54      89547ECD 
  54      0D3F6BDC 
  54      1AE83384 
  54      AE8C
  55 0181 C75B7B9B 		.ascii	"\307[{\233\223\215m\211\236\356\204T}\315m\311\256\257"
  55      938D6D89 
  55      9EEE8454 
  55      7DCD6DC9 
  55      AEAF
  56 0193 9DF10439 		.ascii	"\235\361\0049\332pGO\222\277t'_\000\375\026\235\334"
  56      DA70474F 
  56      92BF7427 
  56      5F00FD16 
  56      9DDC
  57              		.text
  58              		.section	.gnu.lto_.symbol_nodes.792a0ce8,"",%progbits
  59 0000 789C6361 		.ascii	"x\234ca`d\220f\000\002&\206z\006\206\011\347\030@\324"
  59      60649066 
  59      00022686 
  59      7A068609 
  59      E71840D4 
ARM GAS  C:\Users\info\AppData\Local\Temp\ccNGy4mk.s 			page 4


  60 0014 AA064506 		.ascii	"\252\006E\006\006\026\006\206\313\017\376120\000\000"
  60      06160686 
  60      CB0FFE31 
  60      32300000 
  61 0024 53510680 		.ascii	"SQ\006\200"
  62              		.text
  63              		.section	.gnu.lto_.refs.792a0ce8,"",%progbits
  64 0000 789C6361 		.ascii	"x\234ca`\004B \000\000\0009\000\007"
  64      60044220 
  64      00000039 
  64      0007
  65              		.text
  66              		.section	.gnu.lto_.decls.792a0ce8,"",%progbits
  67 0000 789CBD57 		.ascii	"x\234\275W[PTG\032>}z\200a\030@\001\263\354\026\265"
  67      5B505447 
  67      1A3E7D7A 
  67      80611840 
  67      01B3EC16 
  68 0015 6B454A67 		.ascii	"kEJg\2536D\324\270T\336R[\265I\355\303\276%OSu2\314"
  68      AB3644D4 
  68      B854DE52 
  68      5BB549ED 
  68      C3BE254F 
  69 002d 1C6036C3 		.ascii	"\034`6\303\314\324\314\301K\236\016\212\367+^P\274,"
  69      CCD4CCC1 
  69      4B9E0E8A 
  69      F72B5E50 
  69      BC2C
  70 003f 46112F80 		.ascii	"F\021/\200\242 \212\210L@\311\305;\012\211\021\0255"
  70      A2208A88 
  70      4C40C9C5 
  70      3B0A8911 
  70      1535
  71 0051 5EA2A220 		.ascii	"^\242\242 \242QD\366\357\3563sz\360X\373\262\331S\365"
  71      A25144F6 
  71      EFEE3373 
  71      7AF058FB 
  71      B2D953F5 
  72 0065 33FD777F 		.ascii	"3\375w\177\347\377\277\376\272\373\357\203I@\002y\206"
  72      E7FFBFFE 
  72      BAFBEF83 
  72      49400279 
  72      86
  73 0076 520561BA 		.ascii	"R\005a\272I\020\024h\217\302#\302\357g\202\376\020\324"
  73      49101468 
  73      8FC223C2 
  73      EF6782FE 
  73      10D4
  74 0088 C74878E3 		.ascii	"\307Hx\343!}\361\0326\005,\015l\022\364\325\303\357"
  74      217DF11A 
  74      36052C0D 
  74      6C12F4D5 
  74      C3EF
  75 009a 4CF8CD04 		.ascii	"L\370\315\004\373\000\354\257\210\305\230\201\336\036"
  75      FB00ECAF 
  75      88C59881 
  75      DE1E
ARM GAS  C:\Users\info\AppData\Local\Temp\ccNGy4mk.s 			page 5


  76 00a8 6B4444F3 		.ascii	"kDD\363o\336\337f\276\202.#$ \372\010\032?\201\364h"
  76      6FDEDF66 
  76      BE822E23 
  76      2420FA08 
  76      1A3F81F4 
  77 00bd BFA48198 		.ascii	"\277\244\201\230#\206\271\241\010K\255A\341H\020)\036"
  77      2386B9A1 
  77      084BAD41 
  77      E1481029 
  77      1E
  78 00ce 71035138 		.ascii	"q\003Q8:W\372\350](\362\204\221(:(\211\252\273\340\213"
  78      3A57FAE8 
  78      5D28F284 
  78      91283A28 
  78      89AABBE0 
  79 00e3 FA0B5C3C 		.ascii	"\372\013\\<\215\275\226\037\361iih\034\236\364\226\025"
  79      8DBD961F 
  79      F1696968 
  79      1C9EF496 
  79      15
  80 00f4 A5A38918 		.ascii	"\245\243\211\030b\022\001\252z\317\307\340\361\264]"
  80      621201AA 
  80      7ACFC7E0 
  80      F1B45D
  81 0103 D61ADA92 		.ascii	"\326\032\332\222l\022\005\264\007a\206\274\376b\367"
  81      6C1205B4 
  81      076186BC 
  81      FE62F7
  82 0112 DFB36A54 		.ascii	"\337\263jTxV\253\252\370\241\256\333\376\005?\3571?"
  82      7856ABAA 
  82      F8A1AEDB 
  82      FE053FEF 
  82      313F
  83 0124 15518605 		.ascii	"\025Q\206\005\215\"\342?lz\221\310|2\334\020\032\254"
  83      8D22E23F 
  83      6C7A91C8 
  83      7C32DC10 
  83      1AAC
  84 0136 35E149A4 		.ascii	"5\341I\244-^\250\277|2\036\331,U$Lo\363\320G\363U\025"
  84      2D5EA8BF 
  84      7C321ED9 
  84      2C55244C 
  84      6FF3D047 
  85 014d A13A6441 		.ascii	"\241:dA\373\020F\325(\213\360\313\260\300\337\305\252"
  85      FB1046D5 
  85      288BF0CB 
  85      B0C0DFC5 
  85      AA
  86 015e 3A4FEDDF 		.ascii	":O\355\337\256\306\246\013hz\006\232\232!\240\375\310"
  86      AEC6A60B 
  86      687A069A 
  86      9A21A0FD 
  86      C8
  87 016f 46621214 		.ascii	"Fb\022\024\252E\031\250\006e\220\370{*v\237H\304u\210"
  87      AA4519A8 
  87      066590F8 
  87      7B2A769F 
ARM GAS  C:\Users\info\AppData\Local\Temp\ccNGy4mk.s 			page 6


  87      48C47588 
  88 0183 26E85BF7 		.ascii	"&\350[\367`1\216$\030X\226Q\255\252\343P=$8\240'\200"
  88      60318E24 
  88      18589651 
  88      ADAAE350 
  88      3D2438A0 
  89 0199 7CC6190E 		.ascii	"|\306\031\016\032g\270\361\270\245<\016\264\020h\240"
  89      1A67B8F1 
  89      B8A53C0E 
  89      B41068A0 
  90 01a9 5C13E9EB 		.ascii	"\\\023\351\353~\271d\215)\322\327\200h\347\205\222\272"
  90      7EB9648D 
  90      29D2D780 
  90      68E78592 
  90      BA
  91 01ba 2D18669E 		.ascii	"-\030f\236bA&p\007\316l\272\225\004n\232\005M\004w\363"
  91      62412670 
  91      07CE6CBA 
  91      95046E9A 
  91      054D0477 
  92 01cf E0D55FE2 		.ascii	"\340\325_\342\331\250\015\334G%\267{\023\330h:\270\352"
  92      D9A80DDC 
  92      4725B77B 
  92      13D8683A 
  92      B8EA
  93 01e1 BD920A11 		.ascii	"\275\222\012\021\357g+\321\331\177z\25366\016\334\326"
  93      EF672BD1 
  93      D97F7AAB 
  93      36360EDC 
  93      D6
  94 01f2 7BA5AD66 		.ascii	"{\245\255f|\234\215\235\337\325\367C\022\356f\316\275"
  94      7C9C8D9D 
  94      DFD5F743 
  94      12EE66CE 
  94      BD
  95 0203 6DAD07CD 		.ascii	"m\255\007\315x\2009\273\357lYieo\345p\351SX\372\365"
  95      788039BB 
  95      EF6C5969 
  95      656FE570 
  95      E95358FA 
  96 0218 A135AF2C 		.ascii	"\2415\257,x\204A\233\017\037\353\210a\320\251\340~\327"
  96      7884419B 
  96      0F1FEB88 
  96      61D0A9E0 
  96      7ED7
  97 022a 74732A06 		.ascii	"ts*\006\341\004\216f\032\243\371\354\324\245\253\030"
  97      E1048E66 
  97      1AA3F9EC 
  97      D4A5AB18 
  98 023a 6F6063AB 		.ascii	"o`c\253\332Z\332\315x\007s:z~\3522\341\375\314)ni\257"
  98      DA5ADACD 
  98      7807733A 
  98      7A7EEA32 
  98      E1FDCC29 
  99 0251 4FC42798 		.ascii	"O\304'\230sr\364y(\231e\026\301\035\251\257oG\370\014"
  99      7372F479 
  99      28996516 
ARM GAS  C:\Users\info\AppData\Local\Temp\ccNGy4mk.s 			page 7


  99      C11DA9AF 
  99      6F47F80C 
 100 0265 1BDBF972 		.ascii	"\033\333\371r\270\237h4\031v\313(\346\266\313d\266]"
 100      B89F6834 
 100      1976CB28 
 100      E6B6CB64 
 100      B65D
 101 0277 5A4F7D57 		.ascii	"ZO}We\305\335\024,v\266m\034I@\026\033]+u\276j\261\011"
 101      65C5DD14 
 101      2C76B66D 
 101      1C494016 
 101      1B5D2B75 
 102 028f A81916E6 		.ascii	"\250\031\026\346;X\030t\016Vk\262\266Z\247\241\363\024"
 102      3B581874 
 102      0E566BB2 
 102      B65AA7A1 
 102      F314
 103 02a1 746A1BAB 		.ascii	"tj\033\253\357\037tc\235\205\2459\243\257\373d\013\333"
 103      EF1F7463 
 103      9D85A539 
 103      A3AFFB64 
 103      0BDB
 104 02b3 B0C74BAF 		.ascii	"\260\307K\257\334\261\340\033,E\345-\265\331\364\266"
 104      DCB1E01B 
 104      2C45E52D 
 104      B5D9F4B6 
 105 02c3 149D6F4D 		.ascii	"\024\235oM1\260lr\015\331Z\027 \305y=\305Y\244\345\010"
 105      31B06C72 
 105      0DD95A17 
 105      20C5793D 
 105      C559A4E5 
 106 02d8 AF6E0A5B 		.ascii	"\257n\012[\335;K\367\014X\361}&\301\326\256\233\253"
 106      DD3B4BF7 
 106      0C58F17D 
 106      26C1D6AE 
 106      9BAB
 107 02ea E32DDAFE 		.ascii	"\343-\332\376[\375\337\367\337\246\223\213\333b\254"
 107      5BFDDFF7 
 107      DFA6938B 
 107      DB62AC
 108 02f9 4B097EF5 		.ascii	"K\011~\365|5\345\023\324\005I\017\303x#\214\013\250"
 108      7C35E513 
 108      D405490F 
 108      C378238C 
 108      0BA8
 109 030b 1B59B593 		.ascii	"\033Y\265\223Xr\177G\037\302\217Y\226\253\337\356\251"
 109      58727F47 
 109      1FC28F59 
 109      96ABDFEE 
 109      A9
 110 031c 26424F21 		.ascii	"&BO!B\217\216&sROaRw\256zR\031\207_0\035\252K\037tr"
 110      428F8E26 
 110      73524F61 
 110      5277AE7A 
 110      5219875F 
 111 0337 4773A7B5 		.ascii	"Gs\247\265\211L\257\0072\375\244OoJ\344\340P\"B\204"
 111      894CAF07 
ARM GAS  C:\Users\info\AppData\Local\Temp\ccNGy4mk.s 			page 8


 111      32FDA44F 
 111      6F4AE4E0 
 111      50224284 
 112 034b 05BA02D4 		.ascii	"\005\272\002\324\247h\324/C\347\217\332\341\254,\335"
 112      A768D42F 
 112      43E78FDA 
 112      E1AC2CDD 
 113 035b 1E8B4B4C 		.ascii	"\036\213KL4\305\336}\347:\342\302R\217\015p\335 @X\352"
 113      34C5DE7D 
 113      E73AE2C2 
 113      528F0D70 
 113      DD204058 
 114 0370 1954EA6B 		.ascii	"\031T\352k\300\345\252\316\245',u\370\260\244\260\303"
 114      C0E5AACE 
 114      A5272C75 
 114      F8B0A4B0 
 114      C3
 115 0381 72F3C0F3 		.ascii	"r\363\300\363\207f\274\202\246D\373j\206\353,\364\230"
 115      8766BC82 
 115      A644FB6A 
 115      86EB2CF4 
 115      98
 116 0392 7E6AD54E 		.ascii	"~j\325N\356\225\205\273N%DN\356Mvr\273~\274\326\025"
 116      EE9585BB 
 116      4E25444E 
 116      EE4D7672 
 116      BB7EBCD6 
 117 03a7 1FE9BCC5 		.ascii	"\037\351\274\305:\027\215^=a\306\025,R\311\256\025\233"
 117      3A178D5E 
 117      3D61C615 
 117      2C52C9AE 
 117      159B
 118 03b9 13713573 		.ascii	"\023q5s65?\375>\206\2454\203\273\262\374Is\034\256g"
 118      36353FFD 
 118      3E86A534 
 118      83BBB2FC 
 118      49731CAE 
 119 03ce 631743DB 		.ascii	"c\027C\3336\307\343\243\314\271\325\360\2742\021\237"
 119      36C7E3A3 
 119      CCB9D5F0 
 119      BC32119F 
 120 03de 648E511D 		.ascii	"d\216Q\0359\324Yq=\016\237a\200\227\347\206\217\"\374"
 120      39D45971 
 120      3D0E9F61 
 120      8097E786 
 120      8F22FC
 121 03f1 1373965F 		.ascii	"\023s\226_l\234\216\357\262vM\327\217#\010\0172\347"
 121      6C9C8EEF 
 121      B2764DD7 
 121      8F23080F 
 121      32E7
 122 0403 CCEBFEE3 		.ascii	"\314\353\376\343\030/\210\241Nm\357\302\2131\270\214"
 122      182F88A1 
 122      4E6DEFC2 
 122      8B31B88C 
 123 0413 3955AFBE 		.ascii	"9U\257\276j\260\342\355\314\351x\336\262#\006\3272g"
 123      6AB0E2ED 
ARM GAS  C:\Users\info\AppData\Local\Temp\ccNGy4mk.s 			page 9


 123      CCE978DE 
 123      B22306D7 
 123      3267
 124 0425 E9B2BD5F 		.ascii	"\351\262\275_%\3416\346,X^}\014\343.\346\234\277~p("
 124      25E136E6 
 124      2C585E7D 
 124      0CE32EE6 
 124      9CBF7E70 
 125 043a 16DF67CE 		.ascii	"\026\337g\316\365k\245\377\302\203\254\375\340Rgi\014"
 125      F56BA5FF 
 125      C283ACFD 
 125      E0526769 
 125      0C
 126 044b 5663A933 		.ascii	"Vc\2513rpQ\263\011\257e\316\335o_<M\300;\231\363\262"
 126      727051B3 
 126      09AF65CE 
 126      DD6F5F3C 
 126      4DC03B99 
 127 0461 6D5E13C2 		.ascii	"m^\023\302G\230\323\330\366\342t\014>\303\234G\363\252"
 127      4798D3D8 
 127      F6E2740C 
 127      3EC39C47 
 127      F3AA
 128 0473 2B11BEC3 		.ascii	"+\021\276\303\234\363\353\373\312D<\312\234W\303k\213"
 128      9CF3EBFB 
 128      CA443CCA 
 128      9C57C36B 
 128      8B
 129 0484 63F09A38 		.ascii	"c\360\2328v\340{\356\325$\340J\346\324\035+\351\323"
 129      76E07BEE 
 129      D524E04A 
 129      E6D41D2B 
 129      E9D3
 130 0496 4A6688DC 		.ascii	"Jf\210\334%\273W\364\267[p\013\035\234\320_\275\361"
 130      25BB57F4 
 130      B75B700B 
 130      1D9CD05F 
 130      BDF1
 131 04a8 522CCA1C 		.ascii	"R,\312\034\363\33023S3\267\223-\325{\350\265\277\245"
 131      F3D83233 
 131      5333B793 
 131      2DD57BE8 
 131      B5BFA5
 132 04bb B1475517 		.ascii	"\261GU\027Z\251\302/`\263\224\211\251\341\323\365>9"
 132      5AA9C22F 
 132      60B39489 
 132      A9E1D3F5 
 132      3E39
 133 04cd 2C6DE4C8 		.ascii	",m\344\310\010\024\036:\326\231\240\326}N\241\003\321"
 133      08141E3A 
 133      D699A0D6 
 133      7D4EA103 
 133      D1
 134 04de D05E7AB0 		.ascii	"\320^z\260\246\353\320\3015I\033\325\320<L\317\373#"
 134      A6EBD0C1 
 134      35491BD5 
 134      D03C4CCF 
ARM GAS  C:\Users\info\AppData\Local\Temp\ccNGy4mk.s 			page 10


 134      FB23
 135 04f0 0D1C2913 		.ascii	"\015\034)\023\014~\230\013]~.q\203\032*\3064\370\210"
 135      0C7E980B 
 135      5D7E2E71 
 135      831A2AC6 
 135      34F888
 136 0503 018F660E 		.ascii	"\001\217f\016|\351\\\204\307\257\006\320V\016\272N\207"
 136      7CE95C84 
 136      C7AF06D0 
 136      560EBA4E 
 136      87
 137 0514 BE368072 		.ascii	"\2766\200r\214;\365\311=6\232\\\023\027u\215\036u\324"
 137      8C3BF5C9 
 137      3D369A5C 
 137      1317758D 
 137      1E75D4
 138 0527 206AB68E 		.ascii	" j\266\216\334\244#_\031 \371\240[t\350\260\001\224"
 138      DCA4235F 
 138      1920F9A0 
 138      5B74E8B0 
 138      0194
 139 0539 57AB4EE7 		.ascii	"W\253N\347\3724\032z\027\215]\264\363:\266\337h^\274"
 139      FA341A7A 
 139      178D5DB4 
 139      F33AB6DF 
 139      685EBC
 140 054c B0EB74EC 		.ascii	"\260\353t\354\220Q\334\023\034\366\265N\367\231\021"
 140      9051DC13 
 140      1CF6B54E 
 140      F79911
 141 055b 96E7DBA0 		.ascii	"\226\347\333\240\307\0354\302\362+6\304\357\234y\242"
 141      C71D34C2 
 141      F22B36C4 
 141      EF9C79A2 
 142 056b E1CE61F3 		.ascii	"\341\316a\363\243\325.4\274\322\252\252f\202\022\264"
 142      A3D52E34 
 142      BCD2AAAA 
 142      668212B4 
 143 057b 4A274462 		.ascii	"J'DbU\360\273\352\245\201\250\374\204\216\352$\237\030"
 143      55F0BBEA 
 143      A581A8FC 
 143      848EEA24 
 143      9F18
 144 058d 094557B5 		.ascii	"\011EW\265T\373\236S\241\342\241b1\003]$\254T\215&\344"
 144      54FB9E53 
 144      A1E2A162 
 144      31035D24 
 144      AC548D26 
 145 05a2 476B451B 		.ascii	"GkE\033Z*f\242\305`\013\301\226\201-\007[\0076\037l"
 145      5A2A66A2 
 145      C5600BC1 
 145      96812D07 
 145      5B07361F 
 146 05b7 11D806B0 		.ascii	"\021\330\006\260\325`\253\300V\200\225\202\255\007+"
 146      D560ABC0 
 146      56809582 
 146      AD072B
ARM GAS  C:\Users\info\AppData\Local\Temp\ccNGy4mk.s 			page 11


 147 05c6 015B09B6 		.ascii	"\001[\011\266\004l\001\330\0321\223\233\315\225UI\345"
 147      046C01D8 
 147      1A31939B 
 147      CD955549 
 147      E5
 148 05d7 6AA804D3 		.ascii	"j\250\004\323\302\376\\\243\030\271\017\356\352$\241"
 148      C2FE5CA3 
 148      18B90FEE 
 148      EA24A1
 149 05e6 0E5C5EB5 		.ascii	"\016\\^\265\271<\031_\247u@\034Z\3216\023\245\332\214"
 149      B93C195F 
 149      A775401C 
 149      5AD13613 
 149      A5DA8C
 150 05f9 B96F02BE 		.ascii	"\271o\002\276\277%w\266J\345g\377BV\251\034\022m\024"
 150      BF2577B6 
 150      4AE567FF 
 150      4256A91C 
 150      126D14
 151 060c 23571259 		.ascii	"#W\022Y4J\267\341f\325\343\270T\215`\350\255\004\205"
 151      344AB7E1 
 151      66D5E3B8 
 151      548D60E8 
 151      AD0485
 152 061f FF393B52 		.ascii	"\3779;RO\273K\026%\360_\013\2339Y\005\264E\014\177-"
 152      4FBB4B16 
 152      25F05F0B 
 152      9B395905 
 152      B4450C7F 
 153 0634 3CAFBDDB 		.ascii	"<\257\275\333\023\203\007\343\242>\010S\330\007aC\313"
 153      138307E3 
 153      A23E0853 
 153      D8076143 
 153      CB
 154 0645 C04EED23 		.ascii	"\300N\355#P%\037i\367no\356\260\340Q\255b_\334\177:"
 154      50251F69 
 154      F76E6FEE 
 154      B0E051AD 
 154      625FDC7F 
 155 065a 19AF3513 		.ascii	"\031\2575\023g\322\225\245\255\305\010\231\254\251P"
 155      67D295A5 
 155      ADC50899 
 155      ACA950
 156 0669 85A31EAB 		.ascii	"\205\243\036\2535\335d\323\032\266L\233\215\334{;D+"
 156      35DD64D3 
 156      1AB64C9B 
 156      8DDC7B3B 
 156      442B
 157 067b 7A006A70 		.ascii	"z\000jp\354*\243\330\355`\354\242\226\266\002\224\373"
 157      EC2AA3D8 
 157      ED60ECA2 
 157      96B60294 
 157      FB
 158 068c B708CA9D 		.ascii	"\267\010\312\235\000\345\252\264\245m\207v\033L\274"
 158      00E5AAB4 
 158      A56D8776 
 158      1B4CBC
ARM GAS  C:\Users\info\AppData\Local\Temp\ccNGy4mk.s 			page 12


 159 069b 05EC1858 		.ascii	"\005\354\030X3\330Q\260\006\260z\260\203`\007\300\352"
 159      33D851B0 
 159      06B07AB0 
 159      836007C0 
 159      EA
 160 06ac C0F683ED 		.ascii	"\300\366\203\355\003\253\005\253\001\253\006\333\013"
 160      03AB05AB 
 160      01AB06DB 
 160      0B
 161 06b9 B6076C37 		.ascii	"\266\007l7\330.\260\235Q[s\270\233;h\333`\201\253\364"
 161      D82EB09D 
 161      515B73B8 
 161      9B3B68DB 
 161      6081ABF4 
 162 06cd D373842B 		.ascii	"\323s\204+\007\306<\267j/\374\366<\177\355\216\234q"
 162      07C63CB7 
 162      6A2FFCF6 
 162      3C7FED8E 
 162      9C71
 163 06df F8707893 		.ascii	"\370px\223%_\217\237\351\330cFX\276p>\325\261-FX\356"
 163      255F8F9F 
 163      E9D86346 
 163      58BE703E 
 163      D5B12D46 
 164 06f5 9E79A243 		.ascii	"\236y\242C\217\033A\271\313\243_\207~\035\015\015\275"
 164      8F1B41B9 
 164      CBA35F87 
 164      7E1D0D0D 
 164      BD
 165 0706 5136AFE9 		.ascii	"Q6\257\351\330v#,\177%\364\350\330\223FX\276*v\353\330"
 165      D876232C 
 165      7F25F4E8 
 165      D8934658 
 165      BE2A76EB 
 166 071b 0E232C5F 		.ascii	"\016#,_\346/\351\330o\214\260\274\272\235:\366[#,\257"
 166      E62FE9D8 
 166      6F8CB0BC 
 166      BA9D3AF6 
 166      5B232CAF 
 167 072f EE8532EE 		.ascii	"\356\2052\356J\370^CG\256\204\320X\331Z\313&\260:\011"
 167      4AF85E43 
 167      47AE84D0 
 167      58D95ACB 
 167      26B03A09 
 168 0743 1FFAE892 		.ascii	"\037\372\350\222\006\217\324\311\213o\320n)\343\352"
 168      068FD4C9 
 168      8B6FD06E 
 168      29E3EA
 169 0752 EA0FC678 		.ascii	"\352\017\306x.|sw2\203\037\202\303yc,\234\377\264\341"
 169      2E7C7377 
 169      32831F82 
 169      C379632C 
 169      9CFFB4E1 
 170 0766 4EED6131 		.ascii	"N\355a1]\3074\301\036o\204\227Y\025|\013J\340 e\364"
 170      5DC734C1 
 170      1E6F8497 
 170      59157C0B 
ARM GAS  C:\Users\info\AppData\Local\Temp\ccNGy4mk.s 			page 13


 170      4AE02065 
 171 077b D8CC5727 		.ascii	"\330\314W'\232\250`:\004^\200\277GD\023\200\302\365"
 171      9AA8603A 
 171      045E80BF 
 171      47441380 
 171      C2F5
 172 078d E267385B 		.ascii	"\342g8[\254\350V\234\235@\212.\341y[\377?\240\221\226"
 172      ACE8569C 
 172      9D408A2E 
 172      E1795BFF 
 172      3FA09196 
 173 07a1 0C369726 		.ascii	"\0146\227&~.w\214\347\302M\275\261\333\252\256vP\360"
 173      7E2E778C 
 173      E7C24DBD 
 173      B1DBAAAE 
 173      7650F0
 174 07b4 BDB16083 		.ascii	"\275\261`\203[_G\377b\214\346B\327\227\2451&\307\001"
 174      5B5F47FF 
 174      628CE642 
 174      D797A531 
 174      26C701
 175 07c7 7E7F2CFC 		.ascii	"~\177,\374}CQC\274"
 175      7D435143 
 175      BC
 176 07d0 A85F83A8 		.ascii	"\250_\203\250\255F\242\206\242Dm5\022\365B\224\250!"
 176      AD46A286 
 176      A2446D35 
 176      12F54294 
 176      A821
 177 07e2 2AEA762A 		.ascii	"*\352v**\023\362\300\312w\210\220\204\332C]\310VN\310"
 177      2A13F2C0 
 177      CA778890 
 177      84DA435D 
 177      C8564EC8 
 178 07f6 03657F62 		.ascii	"\003e\177b\364\341\272@}\206\364\263\365o\226\255e\364"
 178      F4E1BA40 
 178      7D86F4B3 
 178      F56F96AD 
 178      65F4
 179 0808 9BA52AFA 		.ascii	"\233\245*\372\233\205\215mX\371G2F\312\374W\372MY\025"
 179      9B858D6D 
 179      58F94732 
 179      46CAFC57 
 179      FA4D5915 
 180 081c BE292B9F 		.ascii	"\276)+\237^\036L4\205\327\372\020\373\307ktm\355\322"
 180      5E1E4C34 
 180      85D7FA10 
 180      FBC76B74 
 180      6DEDD2
 181 082f C4746E42 		.ascii	"\304tnB\237\275\303\315\247\203\316\347$\235\017\271"
 181      9FBDC3CD 
 181      A783CEE7 
 181      249D0FB9 
 182 083f C6DA6F0C 		.ascii	"\306\332o\014\340w\267\251\333\352\324\336\241\355\037"
 182      E077B7A9 
 182      DBEAD4DE 
 182      A1ED1F
ARM GAS  C:\Users\info\AppData\Local\Temp\ccNGy4mk.s 			page 14


 183 084e DD3EA8AA 		.ascii	"\335>\250\252KT\265\330Dphwxzh/2\021\217$\337\005\377"
 183      4B54B5D8 
 183      44706877 
 183      787A682F 
 183      32118F24 
 184 0865 AD0AE81B 		.ascii	"\255\012\350\033\361]!\251(gN\216\224\357w\373$\247"
 184      F15D21A9 
 184      28674E8E 
 184      94EF77FB 
 184      24A7
 185 0877 C3E3317B 		.ascii	"\303\3431{}n\257\307\355\225\315\037\377\363\323\211"
 185      7D6EAFC7 
 185      ED95CD1F 
 185      FFF3D389 
 186 0887 7FCBCE16 		.ascii	"\177\313\316\026\342%\251\310\355Ur$\245\0309?\264\373"
 186      E225A9C8 
 186      ED557224 
 186      A518393F 
 186      B4FB
 187 0899 03BEFC80 		.ascii	"\003\276\374\200\243pb\236\333#\007'\332\346\344\314"
 187      A370629E 
 187      DB230727 
 187      DAE6E4CC 
 188 08a9 FCB3DD39 		.ascii	"\374\263\3359\327\037\220\203A\273?\350sNt\006d\207"
 188      D71F9083 
 188      41BB3FE8 
 188      734E7406 
 188      6487
 189 08bb E20BD867 		.ascii	"\342\013\330gdM\213\356p\027\372}\001\305\236\357-\262"
 189      644D8BEE 
 189      7017FA7D 
 189      01C59EEF 
 189      2DB2
 190 08cd 3B0285F6 		.ascii	";\002\205\366\017\262fde\223\326{^\237W~Ov\344\272\355"
 190      0FB26664 
 190      6593D67B 
 190      5E9F577E 
 190      4F76E4BA 
 191 08e2 6EAFD353 		.ascii	"n\257\323S\344\222\355\205\016g\001p\260K.9\317Q\344"
 191      E492ED85 
 191      0E670170 
 191      B04B2E39 
 191      CF51E4
 192 08f5 512465AE 		.ascii	"Q$e\256_\016f\025\010q\032\225Y\377/&\301\271A\273\024"
 192      5F0E6615 
 192      08711A95 
 192      59FF2F26 
 192      C1B941BB 
 193 090a 545C9016 		.ascii	"T\\\220\026\322'\271\344\\_\221\327)C\227C\221\177\027"
 193      D227B9E4 
 193      5C5F91D7 
 193      29439743 
 193      917F17
 194 091d 713D8EA0 		.ascii	"q=\216\240\"\371\335^\326\377\207H\177\230\177d(\201"
 194      22F9DD5E 
 194      D6FF8748 
 194      7F987F64 
ARM GAS  C:\Users\info\AppData\Local\Temp\ccNGy4mk.s 			page 15


 194      2881
 195 092f 2A0D1CA1 		.ascii	"*\015\034\241\327R\244\344\345\260n\010<\313\015x\207"
 195      D752A4E4 
 195      E5B06E08 
 195      3CCB0D78 
 195      87
 196 0940 CB45F827 		.ascii	"\313E\370'\270\2479\311@@\221]\264\255\365\247\271\203"
 196      B8A739C9 
 196      4040915D 
 196      B4ADF5A7 
 196      B983
 197 0952 529ECFAB 		.ascii	"R\236\317\253Hn\357,9\020\224\245B\237K6\317\221|yy"
 197      486EEF2C 
 197      391094A5 
 197      429F4B36 
 197      CF917C79 
 198 0967 415931CB 		.ascii	"AY1\313^\247\017\230\346[\330\222e\317\224\024s\270"
 198      5EA70F98 
 198      E65BD892 
 198      65CF9414 
 198      73B8
 199 0979 6122EFC5 		.ascii	"a\"\357\305\347\026\005%\247\307\347\374B\203L\237\246"
 199      E7160525 
 199      A7C7E7FC 
 199      42834C9F 
 199      A6
 200 098a 4148633C 		.ascii	"AHc<\345\346\360\272\200\266\3071Wr\346&\320\315Q\030"
 200      E5E6F0BA 
 200      80B6C731 
 200      5772E626 
 200      D0CD5118 
 201 099e CC87765C 		.ascii	"\314\207v\\\356\\E\206\337X\247\303\005?\026\227;\350"
 201      EE5C4586 
 201      DF58A7C3 
 201      053F1697 
 201      3BE8
 202 09b0 67A838AF 		.ascii	"g\2508\257<G\201_+E;\013\034\001\342\204\307\335\336"
 202      3C47815F 
 202      2B453B0B 
 202      1C01E284 
 202      C7DDDE
 203 09c3 3C5F82DF 		.ascii	"<_\202\337=G\366H\263\335.\245`|\236\307\355'\274\245"
 203      3D47F648 
 203      B3DD2EA5 
 203      607C9EC7 
 203      ED27BCA5 
 204 09d7 30EF7161 		.ascii	"0\357qa\225\302\035\011\012,\251T \273\363\013\024\013"
 204      95C21D09 
 204      0A2CA954 
 204      20BBF30B 
 204      140B
 205 09e9 6DD337D3 		.ascii	"m\3237\323f\007\334@\301_\344\011j=\2227\230\342r(\016"
 205      6607DC40 
 205      C15FE409 
 205      6A3D9237 
 205      98E27228 
 206 09fe 095E2AF2 		.ascii	"\011^*\362K\212\273P\206\2564\242Xd\246R\366\324\251"
ARM GAS  C:\Users\info\AppData\Local\Temp\ccNGy4mk.s 			page 16


 206      4B8ABB50 
 206      86AE34A2 
 206      5864A652 
 206      F6D4A9
 207 0a11 5F7CF2A5 		.ascii	"_|\362\2459\350wS\271\254A\350c#\005_\246\020':\340"
 207      39E87753 
 207      B9AC41E8 
 207      6323055F 
 207      A610273A 
 208 0a26 F8A06B4C 		.ascii	"\370\240kL\274\024\277\017V\027\364\227\025i\266\303"
 208      BC14BF0F 
 208      5617F497 
 208      1569B6C3 
 209 0a36 AD802069 		.ascii	"\255\200 i\314\343\337,\014\246\303\336\203\351\273"
 209      CCE3DF2C 
 209      0CA6C3DE 
 209      83E9BB
 210 0a45 FD12CCDD 		.ascii	"\375\022\314\335\221Kh\023\264\027\006H\000:\"{\371"
 210      914B6813 
 210      B4170648 
 210      003A227B 
 210      F9
 211 0a56 819428B4 		.ascii	"\201\224(\264G\236%{\306\3630\332\223Ne\345\345\204"
 211      479E257B 
 211      C6F330DA 
 211      934E65E5 
 211      E584
 212 0a68 AD112872 		.ascii	"\255\021(r*V\246*\323)-+\313^\224\223?Mr\006\003N;y"
 212      2A56A62A 
 212      D3292D2B 
 212      CB5E9493 
 212      3F4D7206 
 213 0a80 05F66BEA 		.ascii	"\005\366k\352\233\257*lMY\204\324\310Fe;\222,u,\035"
 213      9BAF2A6C 
 213      4D5984D4 
 213      C846653B 
 213      922C752C 
 214 0a95 577EFF46 		.ascii	"W~\377F<Z$\262\234\302\177\000\201\364\373\002"
 214      3C5A24B2 
 214      9CC27F00 
 214      81F4FB02 
 215              		.text
 216              		.section	.gnu.lto_.symtab.792a0ce8,"",%progbits
 217 0000 75387838 		.ascii	"u8x8_gpio_call\000"
 217      5F677069 
 217      6F5F6361 
 217      6C6C00
 218 000f 00       		.ascii	"\000"
 219 0010 00       		.ascii	"\000"
 220 0011 00       		.ascii	"\000"
 221 0012 00000000 		.ascii	"\000\000\000\000\000\000\000\000"
 221      00000000 
 222 001a 47010000 		.ascii	"G\001\000\000"
 223              		.text
 224              		.section	.gnu.lto_.opts,"",%progbits
 225 0000 272D666D 		.ascii	"'-fmath-errno' '-fsigned-zeros' '-ftrapping-math' '"
 225      6174682D 
ARM GAS  C:\Users\info\AppData\Local\Temp\ccNGy4mk.s 			page 17


 225      6572726E 
 225      6F272027 
 225      2D667369 
 226 0033 2D666E6F 		.ascii	"-fno-trapv' '-fno-strict-overflow' '-fno-openmp' '-"
 226      2D747261 
 226      70762720 
 226      272D666E 
 226      6F2D7374 
 227 0066 666E6F2D 		.ascii	"fno-openacc' '-mcpu=cortex-m3' '-mthumb' '-g' '-Og'"
 227      6F70656E 
 227      61636327 
 227      20272D6D 
 227      6370753D 
 228 0099 20272D66 		.ascii	" '-ffunction-sections' '-ffat-lto-objects' '-flto'\000"
 228      66756E63 
 228      74696F6E 
 228      2D736563 
 228      74696F6E 
 229              		.text
 230              		.cfi_sections	.debug_frame
 231              		.section	.text.u8x8_gpio_call,"ax",%progbits
 232              		.align	2
 233              		.global	u8x8_gpio_call
 234              		.thumb
 235              		.thumb_func
 236              		.type	u8x8_gpio_call, %function
 237              	u8x8_gpio_call:
 238              	.LFB0:
 239              		.file 1 "..\\u8g2_csrc\\u8x8_gpio.c"
   1:..\u8g2_csrc/u8x8_gpio.c **** /*
   2:..\u8g2_csrc/u8x8_gpio.c **** 
   3:..\u8g2_csrc/u8x8_gpio.c ****   u8x8_gpio.c
   4:..\u8g2_csrc/u8x8_gpio.c ****   
   5:..\u8g2_csrc/u8x8_gpio.c ****   Universal 8bit Graphics Library (https://github.com/olikraus/u8g2/)
   6:..\u8g2_csrc/u8x8_gpio.c **** 
   7:..\u8g2_csrc/u8x8_gpio.c ****   Copyright (c) 2016, olikraus@gmail.com
   8:..\u8g2_csrc/u8x8_gpio.c ****   All rights reserved.
   9:..\u8g2_csrc/u8x8_gpio.c **** 
  10:..\u8g2_csrc/u8x8_gpio.c ****   Redistribution and use in source and binary forms, with or without modification, 
  11:..\u8g2_csrc/u8x8_gpio.c ****   are permitted provided that the following conditions are met:
  12:..\u8g2_csrc/u8x8_gpio.c **** 
  13:..\u8g2_csrc/u8x8_gpio.c ****   * Redistributions of source code must retain the above copyright notice, this list 
  14:..\u8g2_csrc/u8x8_gpio.c ****     of conditions and the following disclaimer.
  15:..\u8g2_csrc/u8x8_gpio.c ****     
  16:..\u8g2_csrc/u8x8_gpio.c ****   * Redistributions in binary form must reproduce the above copyright notice, this 
  17:..\u8g2_csrc/u8x8_gpio.c ****     list of conditions and the following disclaimer in the documentation and/or other 
  18:..\u8g2_csrc/u8x8_gpio.c ****     materials provided with the distribution.
  19:..\u8g2_csrc/u8x8_gpio.c **** 
  20:..\u8g2_csrc/u8x8_gpio.c ****   THIS SOFTWARE IS PROVIDED BY THE COPYRIGHT HOLDERS AND 
  21:..\u8g2_csrc/u8x8_gpio.c ****   CONTRIBUTORS "AS IS" AND ANY EXPRESS OR IMPLIED WARRANTIES, 
  22:..\u8g2_csrc/u8x8_gpio.c ****   INCLUDING, BUT NOT LIMITED TO, THE IMPLIED WARRANTIES OF 
  23:..\u8g2_csrc/u8x8_gpio.c ****   MERCHANTABILITY AND FITNESS FOR A PARTICULAR PURPOSE ARE 
  24:..\u8g2_csrc/u8x8_gpio.c ****   DISCLAIMED. IN NO EVENT SHALL THE COPYRIGHT HOLDER OR 
  25:..\u8g2_csrc/u8x8_gpio.c ****   CONTRIBUTORS BE LIABLE FOR ANY DIRECT, INDIRECT, INCIDENTAL, 
  26:..\u8g2_csrc/u8x8_gpio.c ****   SPECIAL, EXEMPLARY, OR CONSEQUENTIAL DAMAGES (INCLUDING, BUT 
  27:..\u8g2_csrc/u8x8_gpio.c ****   NOT LIMITED TO, PROCUREMENT OF SUBSTITUTE GOODS OR SERVICES; 
  28:..\u8g2_csrc/u8x8_gpio.c ****   LOSS OF USE, DATA, OR PROFITS; OR BUSINESS INTERRUPTION) HOWEVER 
ARM GAS  C:\Users\info\AppData\Local\Temp\ccNGy4mk.s 			page 18


  29:..\u8g2_csrc/u8x8_gpio.c ****   CAUSED AND ON ANY THEORY OF LIABILITY, WHETHER IN CONTRACT, 
  30:..\u8g2_csrc/u8x8_gpio.c ****   STRICT LIABILITY, OR TORT (INCLUDING NEGLIGENCE OR OTHERWISE) 
  31:..\u8g2_csrc/u8x8_gpio.c ****   ARISING IN ANY WAY OUT OF THE USE OF THIS SOFTWARE, EVEN IF 
  32:..\u8g2_csrc/u8x8_gpio.c ****   ADVISED OF THE POSSIBILITY OF SUCH DAMAGE.  
  33:..\u8g2_csrc/u8x8_gpio.c **** 
  34:..\u8g2_csrc/u8x8_gpio.c **** */
  35:..\u8g2_csrc/u8x8_gpio.c **** 
  36:..\u8g2_csrc/u8x8_gpio.c **** 
  37:..\u8g2_csrc/u8x8_gpio.c **** #include "u8x8.h"
  38:..\u8g2_csrc/u8x8_gpio.c **** 
  39:..\u8g2_csrc/u8x8_gpio.c **** 
  40:..\u8g2_csrc/u8x8_gpio.c **** void u8x8_gpio_call(u8x8_t *u8x8, uint8_t msg, uint8_t arg)
  41:..\u8g2_csrc/u8x8_gpio.c **** {
 240              		.loc 1 41 0
 241              		.cfi_startproc
 242              		@ args = 0, pretend = 0, frame = 0
 243              		@ frame_needed = 0, uses_anonymous_args = 0
 244              	.LVL0:
 245 0000 10B5     		push	{r4, lr}
 246              		.cfi_def_cfa_offset 8
 247              		.cfi_offset 4, -8
 248              		.cfi_offset 14, -4
  42:..\u8g2_csrc/u8x8_gpio.c ****   u8x8->gpio_and_delay_cb(u8x8, msg, arg, NULL);
 249              		.loc 1 42 0
 250 0002 4469     		ldr	r4, [r0, #20]
 251 0004 0023     		movs	r3, #0
 252 0006 A047     		blx	r4
 253              	.LVL1:
 254 0008 10BD     		pop	{r4, pc}
 255              		.cfi_endproc
 256              	.LFE0:
 257              		.size	u8x8_gpio_call, .-u8x8_gpio_call
 258 000a 00BF     		.text
 259              	.Letext0:
 260              		.file 2 "c:\\program files (x86)\\cypress\\psoc creator\\4.2\\psoc creator\\import\\gnu\\arm\\5.4.
 261              		.file 3 "c:\\program files (x86)\\cypress\\psoc creator\\4.2\\psoc creator\\import\\gnu\\arm\\5.4.
 262              		.file 4 "..\\u8g2_csrc\\u8x8.h"
 263              		.section	.debug_info,"",%progbits
 264              	.Ldebug_info0:
 265 0000 99030000 		.4byte	0x399
 266 0004 0400     		.2byte	0x4
 267 0006 00000000 		.4byte	.Ldebug_abbrev0
 268 000a 04       		.byte	0x4
 269 000b 01       		.uleb128 0x1
 270 000c E2010000 		.4byte	.LASF62
 271 0010 0C       		.byte	0xc
 272 0011 1E000000 		.4byte	.LASF63
 273 0015 C2000000 		.4byte	.LASF64
 274 0019 00000000 		.4byte	.Ldebug_ranges0+0
 275 001d 00000000 		.4byte	0
 276 0021 00000000 		.4byte	.Ldebug_line0
 277 0025 02       		.uleb128 0x2
 278 0026 01       		.byte	0x1
 279 0027 06       		.byte	0x6
 280 0028 CD020000 		.4byte	.LASF0
 281 002c 03       		.uleb128 0x3
 282 002d 7F020000 		.4byte	.LASF3
ARM GAS  C:\Users\info\AppData\Local\Temp\ccNGy4mk.s 			page 19


 283 0031 02       		.byte	0x2
 284 0032 1D       		.byte	0x1d
 285 0033 37000000 		.4byte	0x37
 286 0037 02       		.uleb128 0x2
 287 0038 01       		.byte	0x1
 288 0039 08       		.byte	0x8
 289 003a BF020000 		.4byte	.LASF1
 290 003e 02       		.uleb128 0x2
 291 003f 02       		.byte	0x2
 292 0040 05       		.byte	0x5
 293 0041 6B000000 		.4byte	.LASF2
 294 0045 03       		.uleb128 0x3
 295 0046 2C010000 		.4byte	.LASF4
 296 004a 02       		.byte	0x2
 297 004b 2B       		.byte	0x2b
 298 004c 50000000 		.4byte	0x50
 299 0050 02       		.uleb128 0x2
 300 0051 02       		.byte	0x2
 301 0052 07       		.byte	0x7
 302 0053 66030000 		.4byte	.LASF5
 303 0057 02       		.uleb128 0x2
 304 0058 04       		.byte	0x4
 305 0059 05       		.byte	0x5
 306 005a 76020000 		.4byte	.LASF6
 307 005e 03       		.uleb128 0x3
 308 005f B7000000 		.4byte	.LASF7
 309 0063 02       		.byte	0x2
 310 0064 41       		.byte	0x41
 311 0065 69000000 		.4byte	0x69
 312 0069 02       		.uleb128 0x2
 313 006a 04       		.byte	0x4
 314 006b 07       		.byte	0x7
 315 006c D2030000 		.4byte	.LASF8
 316 0070 02       		.uleb128 0x2
 317 0071 08       		.byte	0x8
 318 0072 05       		.byte	0x5
 319 0073 C8010000 		.4byte	.LASF9
 320 0077 02       		.uleb128 0x2
 321 0078 08       		.byte	0x8
 322 0079 07       		.byte	0x7
 323 007a D9020000 		.4byte	.LASF10
 324 007e 04       		.uleb128 0x4
 325 007f 04       		.byte	0x4
 326 0080 05       		.byte	0x5
 327 0081 696E7400 		.ascii	"int\000"
 328 0085 02       		.uleb128 0x2
 329 0086 04       		.byte	0x4
 330 0087 07       		.byte	0x7
 331 0088 F9020000 		.4byte	.LASF11
 332 008c 03       		.uleb128 0x3
 333 008d 4C010000 		.4byte	.LASF12
 334 0091 03       		.byte	0x3
 335 0092 18       		.byte	0x18
 336 0093 2C000000 		.4byte	0x2c
 337 0097 03       		.uleb128 0x3
 338 0098 06030000 		.4byte	.LASF13
 339 009c 03       		.byte	0x3
ARM GAS  C:\Users\info\AppData\Local\Temp\ccNGy4mk.s 			page 20


 340 009d 24       		.byte	0x24
 341 009e 45000000 		.4byte	0x45
 342 00a2 03       		.uleb128 0x3
 343 00a3 F0020000 		.4byte	.LASF14
 344 00a7 03       		.byte	0x3
 345 00a8 30       		.byte	0x30
 346 00a9 5E000000 		.4byte	0x5e
 347 00ad 05       		.uleb128 0x5
 348 00ae 04       		.byte	0x4
 349 00af 02       		.uleb128 0x2
 350 00b0 08       		.byte	0x8
 351 00b1 04       		.byte	0x4
 352 00b2 A7020000 		.4byte	.LASF15
 353 00b6 03       		.uleb128 0x3
 354 00b7 3D030000 		.4byte	.LASF16
 355 00bb 04       		.byte	0x4
 356 00bc C3       		.byte	0xc3
 357 00bd C1000000 		.4byte	0xc1
 358 00c1 06       		.uleb128 0x6
 359 00c2 C6030000 		.4byte	.LASF38
 360 00c6 30       		.byte	0x30
 361 00c7 04       		.byte	0x4
 362 00c8 4601     		.2byte	0x146
 363 00ca D3010000 		.4byte	0x1d3
 364 00ce 07       		.uleb128 0x7
 365 00cf 95030000 		.4byte	.LASF17
 366 00d3 04       		.byte	0x4
 367 00d4 4801     		.2byte	0x148
 368 00d6 32030000 		.4byte	0x332
 369 00da 00       		.byte	0
 370 00db 07       		.uleb128 0x7
 371 00dc 82040000 		.4byte	.LASF18
 372 00e0 04       		.byte	0x4
 373 00e1 4901     		.2byte	0x149
 374 00e3 0D030000 		.4byte	0x30d
 375 00e7 04       		.byte	0x4
 376 00e8 07       		.uleb128 0x7
 377 00e9 89020000 		.4byte	.LASF19
 378 00ed 04       		.byte	0x4
 379 00ee 4A01     		.2byte	0x14a
 380 00f0 D8020000 		.4byte	0x2d8
 381 00f4 08       		.byte	0x8
 382 00f5 07       		.uleb128 0x7
 383 00f6 45040000 		.4byte	.LASF20
 384 00fa 04       		.byte	0x4
 385 00fb 4B01     		.2byte	0x14b
 386 00fd D8020000 		.4byte	0x2d8
 387 0101 0C       		.byte	0xc
 388 0102 07       		.uleb128 0x7
 389 0103 E4030000 		.4byte	.LASF21
 390 0107 04       		.byte	0x4
 391 0108 4C01     		.2byte	0x14c
 392 010a D8020000 		.4byte	0x2d8
 393 010e 10       		.byte	0x10
 394 010f 07       		.uleb128 0x7
 395 0110 75000000 		.4byte	.LASF22
 396 0114 04       		.byte	0x4
ARM GAS  C:\Users\info\AppData\Local\Temp\ccNGy4mk.s 			page 21


 397 0115 4D01     		.2byte	0x14d
 398 0117 D8020000 		.4byte	0x2d8
 399 011b 14       		.byte	0x14
 400 011c 07       		.uleb128 0x7
 401 011d 81010000 		.4byte	.LASF23
 402 0121 04       		.byte	0x4
 403 0122 4E01     		.2byte	0x14e
 404 0124 A2000000 		.4byte	0xa2
 405 0128 18       		.byte	0x18
 406 0129 07       		.uleb128 0x7
 407 012a 52000000 		.4byte	.LASF24
 408 012e 04       		.byte	0x4
 409 012f 4F01     		.2byte	0x14f
 410 0131 3D030000 		.4byte	0x33d
 411 0135 1C       		.byte	0x1c
 412 0136 07       		.uleb128 0x7
 413 0137 30040000 		.4byte	.LASF25
 414 013b 04       		.byte	0x4
 415 013c 5001     		.2byte	0x150
 416 013e 97000000 		.4byte	0x97
 417 0142 20       		.byte	0x20
 418 0143 07       		.uleb128 0x7
 419 0144 00000000 		.4byte	.LASF26
 420 0148 04       		.byte	0x4
 421 0149 5101     		.2byte	0x151
 422 014b 8C000000 		.4byte	0x8c
 423 014f 22       		.byte	0x22
 424 0150 07       		.uleb128 0x7
 425 0151 09000000 		.4byte	.LASF27
 426 0155 04       		.byte	0x4
 427 0156 5201     		.2byte	0x152
 428 0158 8C000000 		.4byte	0x8c
 429 015c 23       		.byte	0x23
 430 015d 07       		.uleb128 0x7
 431 015e FF030000 		.4byte	.LASF28
 432 0162 04       		.byte	0x4
 433 0163 5301     		.2byte	0x153
 434 0165 8C000000 		.4byte	0x8c
 435 0169 24       		.byte	0x24
 436 016a 07       		.uleb128 0x7
 437 016b 39040000 		.4byte	.LASF29
 438 016f 04       		.byte	0x4
 439 0170 5601     		.2byte	0x156
 440 0172 8C000000 		.4byte	0x8c
 441 0176 25       		.byte	0x25
 442 0177 07       		.uleb128 0x7
 443 0178 4C040000 		.4byte	.LASF30
 444 017c 04       		.byte	0x4
 445 017d 5701     		.2byte	0x157
 446 017f 8C000000 		.4byte	0x8c
 447 0183 26       		.byte	0x26
 448 0184 07       		.uleb128 0x7
 449 0185 BB030000 		.4byte	.LASF31
 450 0189 04       		.byte	0x4
 451 018a 5801     		.2byte	0x158
 452 018c 8C000000 		.4byte	0x8c
 453 0190 27       		.byte	0x27
ARM GAS  C:\Users\info\AppData\Local\Temp\ccNGy4mk.s 			page 22


 454 0191 07       		.uleb128 0x7
 455 0192 D6010000 		.4byte	.LASF32
 456 0196 04       		.byte	0x4
 457 0197 5901     		.2byte	0x159
 458 0199 8C000000 		.4byte	0x8c
 459 019d 28       		.byte	0x28
 460 019e 07       		.uleb128 0x7
 461 019f 5B040000 		.4byte	.LASF33
 462 01a3 04       		.byte	0x4
 463 01a4 5A01     		.2byte	0x15a
 464 01a6 8C000000 		.4byte	0x8c
 465 01aa 29       		.byte	0x29
 466 01ab 07       		.uleb128 0x7
 467 01ac B0010000 		.4byte	.LASF34
 468 01b0 04       		.byte	0x4
 469 01b1 5B01     		.2byte	0x15b
 470 01b3 8C000000 		.4byte	0x8c
 471 01b7 2A       		.byte	0x2a
 472 01b8 07       		.uleb128 0x7
 473 01b9 86030000 		.4byte	.LASF35
 474 01bd 04       		.byte	0x4
 475 01be 5C01     		.2byte	0x15c
 476 01c0 8C000000 		.4byte	0x8c
 477 01c4 2B       		.byte	0x2b
 478 01c5 07       		.uleb128 0x7
 479 01c6 57000000 		.4byte	.LASF36
 480 01ca 04       		.byte	0x4
 481 01cb 5D01     		.2byte	0x15d
 482 01cd 8C000000 		.4byte	0x8c
 483 01d1 2C       		.byte	0x2c
 484 01d2 00       		.byte	0
 485 01d3 03       		.uleb128 0x3
 486 01d4 9C010000 		.4byte	.LASF37
 487 01d8 04       		.byte	0x4
 488 01d9 C4       		.byte	0xc4
 489 01da DE010000 		.4byte	0x1de
 490 01de 08       		.uleb128 0x8
 491 01df 0F030000 		.4byte	.LASF39
 492 01e3 18       		.byte	0x18
 493 01e4 04       		.byte	0x4
 494 01e5 DD       		.byte	0xdd
 495 01e6 D8020000 		.4byte	0x2d8
 496 01ea 09       		.uleb128 0x9
 497 01eb 40000000 		.4byte	.LASF40
 498 01ef 04       		.byte	0x4
 499 01f0 E1       		.byte	0xe1
 500 01f1 8C000000 		.4byte	0x8c
 501 01f5 00       		.byte	0
 502 01f6 09       		.uleb128 0x9
 503 01f7 EC030000 		.4byte	.LASF41
 504 01fb 04       		.byte	0x4
 505 01fc E2       		.byte	0xe2
 506 01fd 8C000000 		.4byte	0x8c
 507 0201 01       		.byte	0x1
 508 0202 09       		.uleb128 0x9
 509 0203 54010000 		.4byte	.LASF42
 510 0207 04       		.byte	0x4
ARM GAS  C:\Users\info\AppData\Local\Temp\ccNGy4mk.s 			page 23


 511 0208 E4       		.byte	0xe4
 512 0209 8C000000 		.4byte	0x8c
 513 020d 02       		.byte	0x2
 514 020e 09       		.uleb128 0x9
 515 020f 8A040000 		.4byte	.LASF43
 516 0213 04       		.byte	0x4
 517 0214 E5       		.byte	0xe5
 518 0215 8C000000 		.4byte	0x8c
 519 0219 03       		.byte	0x3
 520 021a 09       		.uleb128 0x9
 521 021b 28030000 		.4byte	.LASF44
 522 021f 04       		.byte	0x4
 523 0220 E6       		.byte	0xe6
 524 0221 8C000000 		.4byte	0x8c
 525 0225 04       		.byte	0x4
 526 0226 09       		.uleb128 0x9
 527 0227 A4000000 		.4byte	.LASF45
 528 022b 04       		.byte	0x4
 529 022c E7       		.byte	0xe7
 530 022d 8C000000 		.4byte	0x8c
 531 0231 05       		.byte	0x5
 532 0232 09       		.uleb128 0x9
 533 0233 92000000 		.4byte	.LASF46
 534 0237 04       		.byte	0x4
 535 0238 EE       		.byte	0xee
 536 0239 8C000000 		.4byte	0x8c
 537 023d 06       		.byte	0x6
 538 023e 09       		.uleb128 0x9
 539 023f 1D040000 		.4byte	.LASF47
 540 0243 04       		.byte	0x4
 541 0244 F2       		.byte	0xf2
 542 0245 8C000000 		.4byte	0x8c
 543 0249 07       		.byte	0x7
 544 024a 09       		.uleb128 0x9
 545 024b 59030000 		.4byte	.LASF48
 546 024f 04       		.byte	0x4
 547 0250 F5       		.byte	0xf5
 548 0251 A2000000 		.4byte	0xa2
 549 0255 08       		.byte	0x8
 550 0256 09       		.uleb128 0x9
 551 0257 37000000 		.4byte	.LASF49
 552 025b 04       		.byte	0x4
 553 025c FF       		.byte	0xff
 554 025d 8C000000 		.4byte	0x8c
 555 0261 0C       		.byte	0xc
 556 0262 07       		.uleb128 0x7
 557 0263 44030000 		.4byte	.LASF50
 558 0267 04       		.byte	0x4
 559 0268 0201     		.2byte	0x102
 560 026a 8C000000 		.4byte	0x8c
 561 026e 0D       		.byte	0xd
 562 026f 07       		.uleb128 0x7
 563 0270 94020000 		.4byte	.LASF51
 564 0274 04       		.byte	0x4
 565 0275 0801     		.2byte	0x108
 566 0277 8C000000 		.4byte	0x8c
 567 027b 0E       		.byte	0xe
ARM GAS  C:\Users\info\AppData\Local\Temp\ccNGy4mk.s 			page 24


 568 027c 07       		.uleb128 0x7
 569 027d 37010000 		.4byte	.LASF52
 570 0281 04       		.byte	0x4
 571 0282 0A01     		.2byte	0x10a
 572 0284 8C000000 		.4byte	0x8c
 573 0288 0F       		.byte	0xf
 574 0289 07       		.uleb128 0x7
 575 028a 87000000 		.4byte	.LASF53
 576 028e 04       		.byte	0x4
 577 028f 0D01     		.2byte	0x10d
 578 0291 8C000000 		.4byte	0x8c
 579 0295 10       		.byte	0x10
 580 0296 07       		.uleb128 0x7
 581 0297 B3020000 		.4byte	.LASF54
 582 029b 04       		.byte	0x4
 583 029c 0E01     		.2byte	0x10e
 584 029e 8C000000 		.4byte	0x8c
 585 02a2 11       		.byte	0x11
 586 02a3 07       		.uleb128 0x7
 587 02a4 8B010000 		.4byte	.LASF55
 588 02a8 04       		.byte	0x4
 589 02a9 1001     		.2byte	0x110
 590 02ab 8C000000 		.4byte	0x8c
 591 02af 12       		.byte	0x12
 592 02b0 07       		.uleb128 0x7
 593 02b1 0B040000 		.4byte	.LASF56
 594 02b5 04       		.byte	0x4
 595 02b6 1101     		.2byte	0x111
 596 02b8 8C000000 		.4byte	0x8c
 597 02bc 13       		.byte	0x13
 598 02bd 07       		.uleb128 0x7
 599 02be AF030000 		.4byte	.LASF57
 600 02c2 04       		.byte	0x4
 601 02c3 1901     		.2byte	0x119
 602 02c5 97000000 		.4byte	0x97
 603 02c9 14       		.byte	0x14
 604 02ca 07       		.uleb128 0x7
 605 02cb A2030000 		.4byte	.LASF58
 606 02cf 04       		.byte	0x4
 607 02d0 1A01     		.2byte	0x11a
 608 02d2 97000000 		.4byte	0x97
 609 02d6 16       		.byte	0x16
 610 02d7 00       		.byte	0
 611 02d8 03       		.uleb128 0x3
 612 02d9 76040000 		.4byte	.LASF59
 613 02dd 04       		.byte	0x4
 614 02de C7       		.byte	0xc7
 615 02df E3020000 		.4byte	0x2e3
 616 02e3 0A       		.uleb128 0xa
 617 02e4 04       		.byte	0x4
 618 02e5 E9020000 		.4byte	0x2e9
 619 02e9 0B       		.uleb128 0xb
 620 02ea 8C000000 		.4byte	0x8c
 621 02ee 07030000 		.4byte	0x307
 622 02f2 0C       		.uleb128 0xc
 623 02f3 07030000 		.4byte	0x307
 624 02f7 0C       		.uleb128 0xc
ARM GAS  C:\Users\info\AppData\Local\Temp\ccNGy4mk.s 			page 25


 625 02f8 8C000000 		.4byte	0x8c
 626 02fc 0C       		.uleb128 0xc
 627 02fd 8C000000 		.4byte	0x8c
 628 0301 0C       		.uleb128 0xc
 629 0302 AD000000 		.4byte	0xad
 630 0306 00       		.byte	0
 631 0307 0A       		.uleb128 0xa
 632 0308 04       		.byte	0x4
 633 0309 B6000000 		.4byte	0xb6
 634 030d 03       		.uleb128 0x3
 635 030e 79030000 		.4byte	.LASF60
 636 0312 04       		.byte	0x4
 637 0313 C8       		.byte	0xc8
 638 0314 18030000 		.4byte	0x318
 639 0318 0A       		.uleb128 0xa
 640 0319 04       		.byte	0x4
 641 031a 1E030000 		.4byte	0x31e
 642 031e 0B       		.uleb128 0xb
 643 031f 97000000 		.4byte	0x97
 644 0323 32030000 		.4byte	0x332
 645 0327 0C       		.uleb128 0xc
 646 0328 07030000 		.4byte	0x307
 647 032c 0C       		.uleb128 0xc
 648 032d 8C000000 		.4byte	0x8c
 649 0331 00       		.byte	0
 650 0332 0A       		.uleb128 0xa
 651 0333 04       		.byte	0x4
 652 0334 38030000 		.4byte	0x338
 653 0338 0D       		.uleb128 0xd
 654 0339 D3010000 		.4byte	0x1d3
 655 033d 0A       		.uleb128 0xa
 656 033e 04       		.byte	0x4
 657 033f 43030000 		.4byte	0x343
 658 0343 0D       		.uleb128 0xd
 659 0344 8C000000 		.4byte	0x8c
 660 0348 0E       		.uleb128 0xe
 661 0349 72010000 		.4byte	.LASF65
 662 034d 01       		.byte	0x1
 663 034e 28       		.byte	0x28
 664 034f 00000000 		.4byte	.LFB0
 665 0353 0A000000 		.4byte	.LFE0-.LFB0
 666 0357 01       		.uleb128 0x1
 667 0358 9C       		.byte	0x9c
 668 0359 0F       		.uleb128 0xf
 669 035a 6D010000 		.4byte	.LASF61
 670 035e 01       		.byte	0x1
 671 035f 28       		.byte	0x28
 672 0360 07030000 		.4byte	0x307
 673 0364 00000000 		.4byte	.LLST0
 674 0368 10       		.uleb128 0x10
 675 0369 6D736700 		.ascii	"msg\000"
 676 036d 01       		.byte	0x1
 677 036e 28       		.byte	0x28
 678 036f 8C000000 		.4byte	0x8c
 679 0373 21000000 		.4byte	.LLST1
 680 0377 10       		.uleb128 0x10
 681 0378 61726700 		.ascii	"arg\000"
ARM GAS  C:\Users\info\AppData\Local\Temp\ccNGy4mk.s 			page 26


 682 037c 01       		.byte	0x1
 683 037d 28       		.byte	0x28
 684 037e 8C000000 		.4byte	0x8c
 685 0382 42000000 		.4byte	.LLST2
 686 0386 11       		.uleb128 0x11
 687 0387 08000000 		.4byte	.LVL1
 688 038b 02       		.uleb128 0x2
 689 038c 74       		.byte	0x74
 690 038d 00       		.sleb128 0
 691 038e 12       		.uleb128 0x12
 692 038f 01       		.uleb128 0x1
 693 0390 50       		.byte	0x50
 694 0391 03       		.uleb128 0x3
 695 0392 F3       		.byte	0xf3
 696 0393 01       		.uleb128 0x1
 697 0394 50       		.byte	0x50
 698 0395 12       		.uleb128 0x12
 699 0396 01       		.uleb128 0x1
 700 0397 53       		.byte	0x53
 701 0398 01       		.uleb128 0x1
 702 0399 30       		.byte	0x30
 703 039a 00       		.byte	0
 704 039b 00       		.byte	0
 705 039c 00       		.byte	0
 706              		.section	.debug_abbrev,"",%progbits
 707              	.Ldebug_abbrev0:
 708 0000 01       		.uleb128 0x1
 709 0001 11       		.uleb128 0x11
 710 0002 01       		.byte	0x1
 711 0003 25       		.uleb128 0x25
 712 0004 0E       		.uleb128 0xe
 713 0005 13       		.uleb128 0x13
 714 0006 0B       		.uleb128 0xb
 715 0007 03       		.uleb128 0x3
 716 0008 0E       		.uleb128 0xe
 717 0009 1B       		.uleb128 0x1b
 718 000a 0E       		.uleb128 0xe
 719 000b 55       		.uleb128 0x55
 720 000c 17       		.uleb128 0x17
 721 000d 11       		.uleb128 0x11
 722 000e 01       		.uleb128 0x1
 723 000f 10       		.uleb128 0x10
 724 0010 17       		.uleb128 0x17
 725 0011 00       		.byte	0
 726 0012 00       		.byte	0
 727 0013 02       		.uleb128 0x2
 728 0014 24       		.uleb128 0x24
 729 0015 00       		.byte	0
 730 0016 0B       		.uleb128 0xb
 731 0017 0B       		.uleb128 0xb
 732 0018 3E       		.uleb128 0x3e
 733 0019 0B       		.uleb128 0xb
 734 001a 03       		.uleb128 0x3
 735 001b 0E       		.uleb128 0xe
 736 001c 00       		.byte	0
 737 001d 00       		.byte	0
 738 001e 03       		.uleb128 0x3
ARM GAS  C:\Users\info\AppData\Local\Temp\ccNGy4mk.s 			page 27


 739 001f 16       		.uleb128 0x16
 740 0020 00       		.byte	0
 741 0021 03       		.uleb128 0x3
 742 0022 0E       		.uleb128 0xe
 743 0023 3A       		.uleb128 0x3a
 744 0024 0B       		.uleb128 0xb
 745 0025 3B       		.uleb128 0x3b
 746 0026 0B       		.uleb128 0xb
 747 0027 49       		.uleb128 0x49
 748 0028 13       		.uleb128 0x13
 749 0029 00       		.byte	0
 750 002a 00       		.byte	0
 751 002b 04       		.uleb128 0x4
 752 002c 24       		.uleb128 0x24
 753 002d 00       		.byte	0
 754 002e 0B       		.uleb128 0xb
 755 002f 0B       		.uleb128 0xb
 756 0030 3E       		.uleb128 0x3e
 757 0031 0B       		.uleb128 0xb
 758 0032 03       		.uleb128 0x3
 759 0033 08       		.uleb128 0x8
 760 0034 00       		.byte	0
 761 0035 00       		.byte	0
 762 0036 05       		.uleb128 0x5
 763 0037 0F       		.uleb128 0xf
 764 0038 00       		.byte	0
 765 0039 0B       		.uleb128 0xb
 766 003a 0B       		.uleb128 0xb
 767 003b 00       		.byte	0
 768 003c 00       		.byte	0
 769 003d 06       		.uleb128 0x6
 770 003e 13       		.uleb128 0x13
 771 003f 01       		.byte	0x1
 772 0040 03       		.uleb128 0x3
 773 0041 0E       		.uleb128 0xe
 774 0042 0B       		.uleb128 0xb
 775 0043 0B       		.uleb128 0xb
 776 0044 3A       		.uleb128 0x3a
 777 0045 0B       		.uleb128 0xb
 778 0046 3B       		.uleb128 0x3b
 779 0047 05       		.uleb128 0x5
 780 0048 01       		.uleb128 0x1
 781 0049 13       		.uleb128 0x13
 782 004a 00       		.byte	0
 783 004b 00       		.byte	0
 784 004c 07       		.uleb128 0x7
 785 004d 0D       		.uleb128 0xd
 786 004e 00       		.byte	0
 787 004f 03       		.uleb128 0x3
 788 0050 0E       		.uleb128 0xe
 789 0051 3A       		.uleb128 0x3a
 790 0052 0B       		.uleb128 0xb
 791 0053 3B       		.uleb128 0x3b
 792 0054 05       		.uleb128 0x5
 793 0055 49       		.uleb128 0x49
 794 0056 13       		.uleb128 0x13
 795 0057 38       		.uleb128 0x38
ARM GAS  C:\Users\info\AppData\Local\Temp\ccNGy4mk.s 			page 28


 796 0058 0B       		.uleb128 0xb
 797 0059 00       		.byte	0
 798 005a 00       		.byte	0
 799 005b 08       		.uleb128 0x8
 800 005c 13       		.uleb128 0x13
 801 005d 01       		.byte	0x1
 802 005e 03       		.uleb128 0x3
 803 005f 0E       		.uleb128 0xe
 804 0060 0B       		.uleb128 0xb
 805 0061 0B       		.uleb128 0xb
 806 0062 3A       		.uleb128 0x3a
 807 0063 0B       		.uleb128 0xb
 808 0064 3B       		.uleb128 0x3b
 809 0065 0B       		.uleb128 0xb
 810 0066 01       		.uleb128 0x1
 811 0067 13       		.uleb128 0x13
 812 0068 00       		.byte	0
 813 0069 00       		.byte	0
 814 006a 09       		.uleb128 0x9
 815 006b 0D       		.uleb128 0xd
 816 006c 00       		.byte	0
 817 006d 03       		.uleb128 0x3
 818 006e 0E       		.uleb128 0xe
 819 006f 3A       		.uleb128 0x3a
 820 0070 0B       		.uleb128 0xb
 821 0071 3B       		.uleb128 0x3b
 822 0072 0B       		.uleb128 0xb
 823 0073 49       		.uleb128 0x49
 824 0074 13       		.uleb128 0x13
 825 0075 38       		.uleb128 0x38
 826 0076 0B       		.uleb128 0xb
 827 0077 00       		.byte	0
 828 0078 00       		.byte	0
 829 0079 0A       		.uleb128 0xa
 830 007a 0F       		.uleb128 0xf
 831 007b 00       		.byte	0
 832 007c 0B       		.uleb128 0xb
 833 007d 0B       		.uleb128 0xb
 834 007e 49       		.uleb128 0x49
 835 007f 13       		.uleb128 0x13
 836 0080 00       		.byte	0
 837 0081 00       		.byte	0
 838 0082 0B       		.uleb128 0xb
 839 0083 15       		.uleb128 0x15
 840 0084 01       		.byte	0x1
 841 0085 27       		.uleb128 0x27
 842 0086 19       		.uleb128 0x19
 843 0087 49       		.uleb128 0x49
 844 0088 13       		.uleb128 0x13
 845 0089 01       		.uleb128 0x1
 846 008a 13       		.uleb128 0x13
 847 008b 00       		.byte	0
 848 008c 00       		.byte	0
 849 008d 0C       		.uleb128 0xc
 850 008e 05       		.uleb128 0x5
 851 008f 00       		.byte	0
 852 0090 49       		.uleb128 0x49
ARM GAS  C:\Users\info\AppData\Local\Temp\ccNGy4mk.s 			page 29


 853 0091 13       		.uleb128 0x13
 854 0092 00       		.byte	0
 855 0093 00       		.byte	0
 856 0094 0D       		.uleb128 0xd
 857 0095 26       		.uleb128 0x26
 858 0096 00       		.byte	0
 859 0097 49       		.uleb128 0x49
 860 0098 13       		.uleb128 0x13
 861 0099 00       		.byte	0
 862 009a 00       		.byte	0
 863 009b 0E       		.uleb128 0xe
 864 009c 2E       		.uleb128 0x2e
 865 009d 01       		.byte	0x1
 866 009e 3F       		.uleb128 0x3f
 867 009f 19       		.uleb128 0x19
 868 00a0 03       		.uleb128 0x3
 869 00a1 0E       		.uleb128 0xe
 870 00a2 3A       		.uleb128 0x3a
 871 00a3 0B       		.uleb128 0xb
 872 00a4 3B       		.uleb128 0x3b
 873 00a5 0B       		.uleb128 0xb
 874 00a6 27       		.uleb128 0x27
 875 00a7 19       		.uleb128 0x19
 876 00a8 11       		.uleb128 0x11
 877 00a9 01       		.uleb128 0x1
 878 00aa 12       		.uleb128 0x12
 879 00ab 06       		.uleb128 0x6
 880 00ac 40       		.uleb128 0x40
 881 00ad 18       		.uleb128 0x18
 882 00ae 9742     		.uleb128 0x2117
 883 00b0 19       		.uleb128 0x19
 884 00b1 00       		.byte	0
 885 00b2 00       		.byte	0
 886 00b3 0F       		.uleb128 0xf
 887 00b4 05       		.uleb128 0x5
 888 00b5 00       		.byte	0
 889 00b6 03       		.uleb128 0x3
 890 00b7 0E       		.uleb128 0xe
 891 00b8 3A       		.uleb128 0x3a
 892 00b9 0B       		.uleb128 0xb
 893 00ba 3B       		.uleb128 0x3b
 894 00bb 0B       		.uleb128 0xb
 895 00bc 49       		.uleb128 0x49
 896 00bd 13       		.uleb128 0x13
 897 00be 02       		.uleb128 0x2
 898 00bf 17       		.uleb128 0x17
 899 00c0 00       		.byte	0
 900 00c1 00       		.byte	0
 901 00c2 10       		.uleb128 0x10
 902 00c3 05       		.uleb128 0x5
 903 00c4 00       		.byte	0
 904 00c5 03       		.uleb128 0x3
 905 00c6 08       		.uleb128 0x8
 906 00c7 3A       		.uleb128 0x3a
 907 00c8 0B       		.uleb128 0xb
 908 00c9 3B       		.uleb128 0x3b
 909 00ca 0B       		.uleb128 0xb
ARM GAS  C:\Users\info\AppData\Local\Temp\ccNGy4mk.s 			page 30


 910 00cb 49       		.uleb128 0x49
 911 00cc 13       		.uleb128 0x13
 912 00cd 02       		.uleb128 0x2
 913 00ce 17       		.uleb128 0x17
 914 00cf 00       		.byte	0
 915 00d0 00       		.byte	0
 916 00d1 11       		.uleb128 0x11
 917 00d2 898201   		.uleb128 0x4109
 918 00d5 01       		.byte	0x1
 919 00d6 11       		.uleb128 0x11
 920 00d7 01       		.uleb128 0x1
 921 00d8 9342     		.uleb128 0x2113
 922 00da 18       		.uleb128 0x18
 923 00db 00       		.byte	0
 924 00dc 00       		.byte	0
 925 00dd 12       		.uleb128 0x12
 926 00de 8A8201   		.uleb128 0x410a
 927 00e1 00       		.byte	0
 928 00e2 02       		.uleb128 0x2
 929 00e3 18       		.uleb128 0x18
 930 00e4 9142     		.uleb128 0x2111
 931 00e6 18       		.uleb128 0x18
 932 00e7 00       		.byte	0
 933 00e8 00       		.byte	0
 934 00e9 00       		.byte	0
 935              		.section	.debug_loc,"",%progbits
 936              	.Ldebug_loc0:
 937              	.LLST0:
 938 0000 00000000 		.4byte	.LVL0
 939 0004 07000000 		.4byte	.LVL1-1
 940 0008 0100     		.2byte	0x1
 941 000a 50       		.byte	0x50
 942 000b 07000000 		.4byte	.LVL1-1
 943 000f 0A000000 		.4byte	.LFE0
 944 0013 0400     		.2byte	0x4
 945 0015 F3       		.byte	0xf3
 946 0016 01       		.uleb128 0x1
 947 0017 50       		.byte	0x50
 948 0018 9F       		.byte	0x9f
 949 0019 00000000 		.4byte	0
 950 001d 00000000 		.4byte	0
 951              	.LLST1:
 952 0021 00000000 		.4byte	.LVL0
 953 0025 07000000 		.4byte	.LVL1-1
 954 0029 0100     		.2byte	0x1
 955 002b 51       		.byte	0x51
 956 002c 07000000 		.4byte	.LVL1-1
 957 0030 0A000000 		.4byte	.LFE0
 958 0034 0400     		.2byte	0x4
 959 0036 F3       		.byte	0xf3
 960 0037 01       		.uleb128 0x1
 961 0038 51       		.byte	0x51
 962 0039 9F       		.byte	0x9f
 963 003a 00000000 		.4byte	0
 964 003e 00000000 		.4byte	0
 965              	.LLST2:
 966 0042 00000000 		.4byte	.LVL0
ARM GAS  C:\Users\info\AppData\Local\Temp\ccNGy4mk.s 			page 31


 967 0046 07000000 		.4byte	.LVL1-1
 968 004a 0100     		.2byte	0x1
 969 004c 52       		.byte	0x52
 970 004d 07000000 		.4byte	.LVL1-1
 971 0051 0A000000 		.4byte	.LFE0
 972 0055 0400     		.2byte	0x4
 973 0057 F3       		.byte	0xf3
 974 0058 01       		.uleb128 0x1
 975 0059 52       		.byte	0x52
 976 005a 9F       		.byte	0x9f
 977 005b 00000000 		.4byte	0
 978 005f 00000000 		.4byte	0
 979              		.section	.debug_aranges,"",%progbits
 980 0000 1C000000 		.4byte	0x1c
 981 0004 0200     		.2byte	0x2
 982 0006 00000000 		.4byte	.Ldebug_info0
 983 000a 04       		.byte	0x4
 984 000b 00       		.byte	0
 985 000c 0000     		.2byte	0
 986 000e 0000     		.2byte	0
 987 0010 00000000 		.4byte	.LFB0
 988 0014 0A000000 		.4byte	.LFE0-.LFB0
 989 0018 00000000 		.4byte	0
 990 001c 00000000 		.4byte	0
 991              		.section	.debug_ranges,"",%progbits
 992              	.Ldebug_ranges0:
 993 0000 00000000 		.4byte	.LFB0
 994 0004 0A000000 		.4byte	.LFE0
 995 0008 00000000 		.4byte	0
 996 000c 00000000 		.4byte	0
 997              		.section	.debug_line,"",%progbits
 998              	.Ldebug_line0:
 999 0000 4C010000 		.section	.debug_str,"MS",%progbits,1
 999      02003601 
 999      00000201 
 999      FB0E0D00 
 999      01010101 
 1000              	.LASF26:
 1001 0000 785F6F66 		.ascii	"x_offset\000"
 1001      66736574 
 1001      00
 1002              	.LASF27:
 1003 0009 69735F66 		.ascii	"is_font_inverse_mode\000"
 1003      6F6E745F 
 1003      696E7665 
 1003      7273655F 
 1003      6D6F6465 
 1004              	.LASF63:
 1005 001e 2E2E5C75 		.ascii	"..\\u8g2_csrc\\u8x8_gpio.c\000"
 1005      3867325F 
 1005      63737263 
 1005      5C753878 
 1005      385F6770 
 1006              	.LASF49:
 1007 0037 7370695F 		.ascii	"spi_mode\000"
 1007      6D6F6465 
 1007      00
ARM GAS  C:\Users\info\AppData\Local\Temp\ccNGy4mk.s 			page 32


 1008              	.LASF40:
 1009 0040 63686970 		.ascii	"chip_enable_level\000"
 1009      5F656E61 
 1009      626C655F 
 1009      6C657665 
 1009      6C00
 1010              	.LASF24:
 1011 0052 666F6E74 		.ascii	"font\000"
 1011      00
 1012              	.LASF36:
 1013 0057 6465626F 		.ascii	"debounce_result_msg\000"
 1013      756E6365 
 1013      5F726573 
 1013      756C745F 
 1013      6D736700 
 1014              	.LASF2:
 1015 006b 73686F72 		.ascii	"short int\000"
 1015      7420696E 
 1015      7400
 1016              	.LASF22:
 1017 0075 6770696F 		.ascii	"gpio_and_delay_cb\000"
 1017      5F616E64 
 1017      5F64656C 
 1017      61795F63 
 1017      6200
 1018              	.LASF53:
 1019 0087 74696C65 		.ascii	"tile_width\000"
 1019      5F776964 
 1019      746800
 1020              	.LASF46:
 1021 0092 7364615F 		.ascii	"sda_setup_time_ns\000"
 1021      73657475 
 1021      705F7469 
 1021      6D655F6E 
 1021      7300
 1022              	.LASF45:
 1023 00a4 706F7374 		.ascii	"post_reset_wait_ms\000"
 1023      5F726573 
 1023      65745F77 
 1023      6169745F 
 1023      6D7300
 1024              	.LASF7:
 1025 00b7 5F5F7569 		.ascii	"__uint32_t\000"
 1025      6E743332 
 1025      5F7400
 1026              	.LASF64:
 1027 00c2 433A5C55 		.ascii	"C:\\Users\\info\\Desktop\\Spring 2019 Classes\\6.11"
 1027      73657273 
 1027      5C696E66 
 1027      6F5C4465 
 1027      736B746F 
 1028 00f0 355C362E 		.ascii	"5\\6.115-final\\PSoCCreator\\Final Project\\FinalEm"
 1028      3131352D 
 1028      66696E61 
 1028      6C5C5053 
 1028      6F434372 
 1029 011f 756C6174 		.ascii	"ulator.cydsn\000"
ARM GAS  C:\Users\info\AppData\Local\Temp\ccNGy4mk.s 			page 33


 1029      6F722E63 
 1029      7964736E 
 1029      00
 1030              	.LASF4:
 1031 012c 5F5F7569 		.ascii	"__uint16_t\000"
 1031      6E743136 
 1031      5F7400
 1032              	.LASF52:
 1033 0137 77726974 		.ascii	"write_pulse_width_ns\000"
 1033      655F7075 
 1033      6C73655F 
 1033      77696474 
 1033      685F6E73 
 1034              	.LASF12:
 1035 014c 75696E74 		.ascii	"uint8_t\000"
 1035      385F7400 
 1036              	.LASF42:
 1037 0154 706F7374 		.ascii	"post_chip_enable_wait_ns\000"
 1037      5F636869 
 1037      705F656E 
 1037      61626C65 
 1037      5F776169 
 1038              	.LASF61:
 1039 016d 75387838 		.ascii	"u8x8\000"
 1039      00
 1040              	.LASF65:
 1041 0172 75387838 		.ascii	"u8x8_gpio_call\000"
 1041      5F677069 
 1041      6F5F6361 
 1041      6C6C00
 1042              	.LASF23:
 1043 0181 6275735F 		.ascii	"bus_clock\000"
 1043      636C6F63 
 1043      6B00
 1044              	.LASF55:
 1045 018b 64656661 		.ascii	"default_x_offset\000"
 1045      756C745F 
 1045      785F6F66 
 1045      66736574 
 1045      00
 1046              	.LASF37:
 1047 019c 75387838 		.ascii	"u8x8_display_info_t\000"
 1047      5F646973 
 1047      706C6179 
 1047      5F696E66 
 1047      6F5F7400 
 1048              	.LASF34:
 1049 01b0 6465626F 		.ascii	"debounce_last_pin_state\000"
 1049      756E6365 
 1049      5F6C6173 
 1049      745F7069 
 1049      6E5F7374 
 1050              	.LASF9:
 1051 01c8 6C6F6E67 		.ascii	"long long int\000"
 1051      206C6F6E 
 1051      6720696E 
 1051      7400
ARM GAS  C:\Users\info\AppData\Local\Temp\ccNGy4mk.s 			page 34


 1052              	.LASF32:
 1053 01d6 6770696F 		.ascii	"gpio_result\000"
 1053      5F726573 
 1053      756C7400 
 1054              	.LASF62:
 1055 01e2 474E5520 		.ascii	"GNU C11 5.4.1 20160609 (release) [ARM/embedded-5-br"
 1055      43313120 
 1055      352E342E 
 1055      31203230 
 1055      31363036 
 1056 0215 616E6368 		.ascii	"anch revision 237715] -mcpu=cortex-m3 -mthumb -g -O"
 1056      20726576 
 1056      6973696F 
 1056      6E203233 
 1056      37373135 
 1057 0248 67202D66 		.ascii	"g -ffunction-sections -ffat-lto-objects -flto\000"
 1057      66756E63 
 1057      74696F6E 
 1057      2D736563 
 1057      74696F6E 
 1058              	.LASF6:
 1059 0276 6C6F6E67 		.ascii	"long int\000"
 1059      20696E74 
 1059      00
 1060              	.LASF3:
 1061 027f 5F5F7569 		.ascii	"__uint8_t\000"
 1061      6E74385F 
 1061      7400
 1062              	.LASF19:
 1063 0289 64697370 		.ascii	"display_cb\000"
 1063      6C61795F 
 1063      636200
 1064              	.LASF51:
 1065 0294 64617461 		.ascii	"data_setup_time_ns\000"
 1065      5F736574 
 1065      75705F74 
 1065      696D655F 
 1065      6E7300
 1066              	.LASF15:
 1067 02a7 6C6F6E67 		.ascii	"long double\000"
 1067      20646F75 
 1067      626C6500 
 1068              	.LASF54:
 1069 02b3 74696C65 		.ascii	"tile_height\000"
 1069      5F686569 
 1069      67687400 
 1070              	.LASF1:
 1071 02bf 756E7369 		.ascii	"unsigned char\000"
 1071      676E6564 
 1071      20636861 
 1071      7200
 1072              	.LASF0:
 1073 02cd 7369676E 		.ascii	"signed char\000"
 1073      65642063 
 1073      68617200 
 1074              	.LASF10:
 1075 02d9 6C6F6E67 		.ascii	"long long unsigned int\000"
ARM GAS  C:\Users\info\AppData\Local\Temp\ccNGy4mk.s 			page 35


 1075      206C6F6E 
 1075      6720756E 
 1075      7369676E 
 1075      65642069 
 1076              	.LASF14:
 1077 02f0 75696E74 		.ascii	"uint32_t\000"
 1077      33325F74 
 1077      00
 1078              	.LASF11:
 1079 02f9 756E7369 		.ascii	"unsigned int\000"
 1079      676E6564 
 1079      20696E74 
 1079      00
 1080              	.LASF13:
 1081 0306 75696E74 		.ascii	"uint16_t\000"
 1081      31365F74 
 1081      00
 1082              	.LASF39:
 1083 030f 75387838 		.ascii	"u8x8_display_info_struct\000"
 1083      5F646973 
 1083      706C6179 
 1083      5F696E66 
 1083      6F5F7374 
 1084              	.LASF44:
 1085 0328 72657365 		.ascii	"reset_pulse_width_ms\000"
 1085      745F7075 
 1085      6C73655F 
 1085      77696474 
 1085      685F6D73 
 1086              	.LASF16:
 1087 033d 75387838 		.ascii	"u8x8_t\000"
 1087      5F7400
 1088              	.LASF50:
 1089 0344 6932635F 		.ascii	"i2c_bus_clock_100kHz\000"
 1089      6275735F 
 1089      636C6F63 
 1089      6B5F3130 
 1089      306B487A 
 1090              	.LASF48:
 1091 0359 73636B5F 		.ascii	"sck_clock_hz\000"
 1091      636C6F63 
 1091      6B5F687A 
 1091      00
 1092              	.LASF5:
 1093 0366 73686F72 		.ascii	"short unsigned int\000"
 1093      7420756E 
 1093      7369676E 
 1093      65642069 
 1093      6E7400
 1094              	.LASF60:
 1095 0379 75387838 		.ascii	"u8x8_char_cb\000"
 1095      5F636861 
 1095      725F6362 
 1095      00
 1096              	.LASF35:
 1097 0386 6465626F 		.ascii	"debounce_state\000"
 1097      756E6365 
ARM GAS  C:\Users\info\AppData\Local\Temp\ccNGy4mk.s 			page 36


 1097      5F737461 
 1097      746500
 1098              	.LASF17:
 1099 0395 64697370 		.ascii	"display_info\000"
 1099      6C61795F 
 1099      696E666F 
 1099      00
 1100              	.LASF58:
 1101 03a2 70697865 		.ascii	"pixel_height\000"
 1101      6C5F6865 
 1101      69676874 
 1101      00
 1102              	.LASF57:
 1103 03af 70697865 		.ascii	"pixel_width\000"
 1103      6C5F7769 
 1103      64746800 
 1104              	.LASF31:
 1105 03bb 75746638 		.ascii	"utf8_state\000"
 1105      5F737461 
 1105      746500
 1106              	.LASF38:
 1107 03c6 75387838 		.ascii	"u8x8_struct\000"
 1107      5F737472 
 1107      75637400 
 1108              	.LASF8:
 1109 03d2 6C6F6E67 		.ascii	"long unsigned int\000"
 1109      20756E73 
 1109      69676E65 
 1109      6420696E 
 1109      7400
 1110              	.LASF21:
 1111 03e4 62797465 		.ascii	"byte_cb\000"
 1111      5F636200 
 1112              	.LASF41:
 1113 03ec 63686970 		.ascii	"chip_disable_level\000"
 1113      5F646973 
 1113      61626C65 
 1113      5F6C6576 
 1113      656C00
 1114              	.LASF28:
 1115 03ff 6932635F 		.ascii	"i2c_address\000"
 1115      61646472 
 1115      65737300 
 1116              	.LASF56:
 1117 040b 666C6970 		.ascii	"flipmode_x_offset\000"
 1117      6D6F6465 
 1117      5F785F6F 
 1117      66667365 
 1117      7400
 1118              	.LASF47:
 1119 041d 73636B5F 		.ascii	"sck_pulse_width_ns\000"
 1119      70756C73 
 1119      655F7769 
 1119      6474685F 
 1119      6E7300
 1120              	.LASF25:
 1121 0430 656E636F 		.ascii	"encoding\000"
ARM GAS  C:\Users\info\AppData\Local\Temp\ccNGy4mk.s 			page 37


 1121      64696E67 
 1121      00
 1122              	.LASF29:
 1123 0439 6932635F 		.ascii	"i2c_started\000"
 1123      73746172 
 1123      74656400 
 1124              	.LASF20:
 1125 0445 6361645F 		.ascii	"cad_cb\000"
 1125      636200
 1126              	.LASF30:
 1127 044c 64657669 		.ascii	"device_address\000"
 1127      63655F61 
 1127      64647265 
 1127      737300
 1128              	.LASF33:
 1129 045b 6465626F 		.ascii	"debounce_default_pin_state\000"
 1129      756E6365 
 1129      5F646566 
 1129      61756C74 
 1129      5F70696E 
 1130              	.LASF59:
 1131 0476 75387838 		.ascii	"u8x8_msg_cb\000"
 1131      5F6D7367 
 1131      5F636200 
 1132              	.LASF18:
 1133 0482 6E657874 		.ascii	"next_cb\000"
 1133      5F636200 
 1134              	.LASF43:
 1135 048a 7072655F 		.ascii	"pre_chip_disable_wait_ns\000"
 1135      63686970 
 1135      5F646973 
 1135      61626C65 
 1135      5F776169 
 1136              		.comm	__gnu_lto_v1,1,1
 1137              		.ident	"GCC: (GNU Tools for ARM Embedded Processors) 5.4.1 20160609 (release) [ARM/embedded-5-bran
