--------------- Clean Started: 04/29/2019 16:39:36 Project: FinalEmulator, Configuration: ARM GCC 5.4-2016-q2-update Debug ---------------
Deleting file ".\CortexM3\ARM_GCC_541\Debug\main.o"
Deleting file ".\CortexM3\ARM_GCC_541\Debug\cyfitter_cfg.o"
Deleting file ".\CortexM3\ARM_GCC_541\Debug\cymetadata.o"
Deleting file ".\CortexM3\ARM_GCC_541\Debug\cy_em_eeprom.o"
Deleting file ".\CortexM3\ARM_GCC_541\Debug\Cm3Start.o"
Deleting file ".\CortexM3\ARM_GCC_541\Debug\CyBootAsmGnu.o"
Deleting file ".\CortexM3\ARM_GCC_541\Debug\CyDmac.o"
Deleting file ".\CortexM3\ARM_GCC_541\Debug\CyFlash.o"
Deleting file ".\CortexM3\ARM_GCC_541\Debug\CyLib.o"
Deleting file ".\CortexM3\ARM_GCC_541\Debug\cyPm.o"
Deleting file ".\CortexM3\ARM_GCC_541\Debug\CySpc.o"
Deleting file ".\CortexM3\ARM_GCC_541\Debug\cyutils.o"
Deleting file ".\CortexM3\ARM_GCC_541\Debug\isr_timer.o"
Deleting file ".\CortexM3\ARM_GCC_541\Debug\clk_timer.o"
Deleting file ".\CortexM3\ARM_GCC_541\Debug\pin_led.o"
Deleting file ".\CortexM3\ARM_GCC_541\Debug\random.o"
Deleting file ".\CortexM3\ARM_GCC_541\Debug\random_PM.o"
Deleting file ".\CortexM3\ARM_GCC_541\Debug\pin_snd.o"
Deleting file ".\CortexM3\ARM_GCC_541\Debug\FinalEmulator.hex"
Deleting file ".\CortexM3\ARM_GCC_541\Debug\FinalEmulator.elf"
Deleting file ".\CortexM3\ARM_GCC_541\Debug\FinalEmulator.map"
Deleting file ".\FinalEmulator.cycdx"
Deleting file ".\FinalEmulator.svd"
Deleting file ".\FinalEmulator.rpt"
Deleting file ".\FinalEmulator_timing.html"
Deleting file ".\CortexM3\ARM_GCC_541\Debug\.deps\SOURCE_C__ARM_GCC_GENERIC.P"
Deleting file ".\CortexM3\ARM_GCC_541\Debug\.deps\SOURCE_ASM__ARM_GCC_GENERIC.P"
--------------- Clean Succeeded: 04/29/2019 16:39:36 ---------------
