ARM GAS  C:\Users\info\AppData\Local\Temp\ccD8Yjsk.s 			page 1


   1              		.syntax unified
   2              		.cpu cortex-m3
   3              		.fpu softvfp
   4              		.eabi_attribute 20, 1
   5              		.eabi_attribute 21, 1
   6              		.eabi_attribute 23, 3
   7              		.eabi_attribute 24, 1
   8              		.eabi_attribute 25, 1
   9              		.eabi_attribute 26, 1
  10              		.eabi_attribute 30, 4
  11              		.eabi_attribute 34, 1
  12              		.eabi_attribute 18, 4
  13              		.thumb
  14              		.syntax unified
  15              		.file	"Col_1.c"
  16              		.text
  17              	.Ltext0:
  18              		.section	.gnu.lto_.profile.bf153790,"",%progbits
  19 0000 789C6361 		.ascii	"x\234ca`d`a`\000\222\222\242\000\000\261\0009"
  19      60646061 
  19      60009292 
  19      A20000B1 
  19      0039
  20              		.text
  21              		.section	.gnu.lto_.icf.bf153790,"",%progbits
  22 0000 789C6361 		.ascii	"x\234ca`d\000\001)\006\004`a8q\276\377\022?\343\372"
  22      60640001 
  22      29060460 
  22      613871BE 
  22      FF123FE3 
  23 0015 2927B6F2 		.ascii	")'\266\3621\275\335\335v\222\225y\306\363\346\353|\014"
  23      31BDDDDD 
  23      76929579 
  23      C6F3E6EB 
  23      7C0C
  24 0027 00A3FC0B 		.ascii	"\000\243\374\013\342"
  24      E2
  25              		.text
  26              		.section	.gnu.lto_.jmpfuncs.bf153790,"",%progbits
  27 0000 789C6361 		.ascii	"x\234ca`d\000\001!\006\004`a`dd\254g\004\021L\014\014"
  27      60640001 
  27      21060460 
  27      61606464 
  27      AC670411 
  28 0017 CC401100 		.ascii	"\314@\021\000\016\"\001&"
  28      0E220126 
  29              		.text
  30              		.section	.gnu.lto_.inline.bf153790,"",%progbits
  31 0000 789C6361 		.ascii	"x\234ca`d\000\201$\006\004`a`\340\344`dd\340\000J1s"
  31      60640081 
  31      24060460 
  31      6160E0E4 
  31      606464E0 
  32 0018 1CB06360 		.ascii	"\034\260c`[ \317\304\300\262@\236\005$\013\024g\307"
  32      5B20CFC4 
  32      C0B2409E 
  32      05240B14 
ARM GAS  C:\Users\info\AppData\Local\Temp\ccD8Yjsk.s 			page 2


  32      67C7
  33 002a 9064BAC0 		.ascii	"\220d\272\300\017\226db`ced`b\373\240\007\021\007\002"
  33      0F966462 
  33      60636564 
  33      6062FBA0 
  33      07110702 
  34 003e 664C2106 		.ascii	"fL!\006\000\346\332\011\346"
  34      00E6DA09 
  34      E6
  35              		.text
  36              		.section	.gnu.lto_.pureconst.bf153790,"",%progbits
  37 0000 789C6361 		.ascii	"x\234ca`d\340d```a\220b\224b\222b\226\002\000\002\261"
  37      6064E064 
  37      60606061 
  37      90629462 
  37      92629602 
  38 0017 0081     		.ascii	"\000\201"
  39              		.text
  40              		.section	.gnu.lto_Col_1_Write.bf153790,"",%progbits
  41 0000 789C5551 		.ascii	"x\234UQKk\023Q\024>\337\275\363\250\306\307\0170\320"
  41      4B6B1351 
  41      143EDFBD 
  41      F3A8C6C7 
  41      0F30D0
  42 0013 22945A17 		.ascii	"\"\224Z\027\342\003\377\200]\270\025\273\015\224\020"
  42      E203FF80 
  42      5DB815BB 
  42      0D9410
  43 0022 6751A806 		.ascii	"gQ\250\006\332\324m\3574M\012]uc\212`-TJ_\332\227+\301"
  43      DAD46DEF 
  43      344D0A5D 
  43      75638A60 
  43      2D544A5F 
  44 003a C538D0AD 		.ascii	"\3058\320\255n\212\340\003\011]L\301\205$\320\320b\324"
  44      6E8AE003 
  44      095D4CC1 
  44      8524D0D0 
  44      62D4
  45 004c 78CE9D2E 		.ascii	"x\316\235.\332\003\3671g\276\357;\3379\327!\220\304"
  45      DA03F731 
  45      67BEEF3B 
  45      DF39D721 
  45      90C4
  46 005e 7545749B 		.ascii	"uEt\233\317+\274\240\011j\366#Q\330\245\000\271\230"
  46      CF2BBCA0 
  46      096AF623 
  46      51D8A500 
  46      B998
  47 0070 2ED084C2 		.ascii	".\320\204\302\004Z\352\257B<\235\274S\375\313\206\243"
  47      045AEAAF 
  47      423C9DBC 
  47      53FDCB86 
  47      A3
  48 0081 BEF4529B 		.ascii	"\276\364R\233\225\010\025M\324QV\211\260\214~F\035\274"
  48      9508154D 
  48      D4515689 
  48      B08C7E46 
ARM GAS  C:\Users\info\AppData\Local\Temp\ccD8Yjsk.s 			page 3


  48      1DBC
  49 0093 9FDE83BE 		.ascii	"\237\336\203\276\012\342{5n52}K\306L\032\323\314\031"
  49      0AE27B35 
  49      6E35327D 
  49      4BC64C1A 
  49      D3CC19
  50 00a6 5DD1C00A 		.ascii	"]\321\300\01243p'\213\233Y\342\004a\025}\002>\376\272"
  50      34337027 
  50      8B9B59E2 
  50      0461157D 
  50      023EFEBA 
  51 00ba B771495F 		.ascii	"\267qI_\263\304Y\223,^\350}%\304\350\350\361\234\211"
  51      B3C45993 
  51      2C5EE87D 
  51      25C4E8E8 
  51      F19C89
  52 00cd C21EE1AE 		.ascii	"\302\036\341\256\235\346J0t\177\373\337\263\213\336"
  52      9DE64A30 
  52      747FFBDF 
  52      B38BDE
  53 00dc 94B8EAC1 		.ascii	"\224\270\352\301:zS?x\015\217;\204d6\037F\246\323)\233"
  53      3A7A533F 
  53      780D8F3B 
  53      8464361F 
  53      46A6D329 
  54 00f1 A8E5B6F4 		.ascii	"\250\345\266\3649\305E\025w\312?\034HmW\022\236l\276"
  54      39C54515 
  54      77CA3F1C 
  54      486D5712 
  54      9E6CBE
  55 0104 6C440D5E 		.ascii	"lD\015^\322}S)9u\202\370\367\314\2179_4\313Z&Q\253\304"
  55      D27D5329 
  55      397582F8 
  55      F7CC8F39 
  55      5F34CB5A 
  56 011c 9FFC4355 		.ascii	"\237\374CU\321\332\272\375\362\355\371//\375\334Z\014"
  56      D1DABAFD 
  56      F2EDF92F 
  56      2FFDDC5A 
  56      0C
  57 012d 8DC3A9FA 		.ascii	"\215\303\251\372\314\213\266\277\200\371p\212g\344`"
  57      CC8BB6BF 
  57      80F9708A 
  57      67E460
  58 013c 0359BC01 		.ascii	"\003Y\274\001{\306&\026@\011\312\177\252\337\221\012"
  58      7BC62616 
  58      4009CA7F 
  58      AADF910A 
  59 014c EA54F3F3 		.ascii	"\352T\363\363\374n-#\"@\033\330b\360>\224m\203\2352"
  59      FC6E2D23 
  59      22401BD8 
  59      62F03E94 
  59      6D839D32 
  60 0160 4A488D6A 		.ascii	"JH\215jrpb\303-k\251\263\3339\212.\013\313e\3606\223"
  60      727062C3 
  60      2D6BA9B3 
  60      DB398A2E 
ARM GAS  C:\Users\info\AppData\Local\Temp\ccD8Yjsk.s 			page 4


  60      0BCB65F0 
  61 0176 ACF4E189 		.ascii	"\254\364\341\211\264\340\030\364\241\276\323\264\322"
  61      B4E018F4 
  61      A1BED3B4 
  61      D2
  62 0183 0E1CECA4 		.ascii	"\016\034\354\244\240c/\205\370\326\200\307\251\270f"
  62      A0632F85 
  62      F8D680C7 
  62      A9B866
  63 0192 5967CC87 		.ascii	"Yg\314\207\306d\316\372\177\313\376\231E?1\031\265]"
  63      C664CEFA 
  63      7FCBFE99 
  63      453F3119 
  63      B55D
  64 01a4 21D88768 		.ascii	"!\330\207h(\310\254xr\335\367\203'\301h\276\024<\032"
  64      28C8AC78 
  64      72DDF783 
  64      27C168BE 
  64      143C1A
  65 01b7 1A2C8E8F 		.ascii	"\032,\216\217\026\202\334\203\301\342\300\335\334@q"
  65      1682DC83 
  65      C1E2C0DD 
  65      DC4071
  66 01c6 64E8D68D 		.ascii	"d\350\326\215\002\271O\363#\343\301\371\261R\2764\\"
  66      02B94FF3 
  66      23E3C1F9 
  66      B152BE34 
  66      5C
  67 01d7 B8375C1A 		.ascii	"\2707\\\032\373\017\206\327\303\234"
  67      FB0F86D7 
  67      C39C
  68              		.text
  69              		.section	.gnu.lto_Col_1_SetDriveMode.bf153790,"",%progbits
  70 0000 789C7D51 		.ascii	"x\234}QK+Da\030~\237\357;s\316L\342\017\230\"\013\262"
  70      4B2B4461 
  70      187E9FEF 
  70      3B73CE4C 
  70      E20F9822 
  71 0016 11C92F50 		.ascii	"\021\311/Ple\266S\3228;L\304\3327\267\024\033%\224K"
  71      6C65B653 
  71      D2383B4C 
  71      C4DA37B7 
  71      141B2594 
  72 002b 58C8B893 		.ascii	"X\310\270\223\225\335\230\302\216\235\205\205d1I\321"
  72      95DD98C2 
  72      8E9D8585 
  72      643149D1 
  73 003b 8C4BE436 		.ascii	"\214K\3446\336\367\214\305\254|\235\357\275<=\317\323"
  73      DEF78CC5 
  73      AC7C9DEF 
  73      BD3C3DCF 
  73      D3
  74 004c FB7EC722 		.ascii	"\373~\307\"\220\234;N\365\234\253\371B\023\324\3249"
  74      909C3B4E 
  74      F59CABF9 
  74      4213D4D4 
  74      39
ARM GAS  C:\Users\info\AppData\Local\Temp\ccD8Yjsk.s 			page 5


  75 005d 51CCAF00 		.ascii	"Q\314\257\000)\214\0374\2460\206W\365\255\220\035\317"
  75      298C1F34 
  75      A6308657 
  75      F5AD901D 
  75      CF
  76 006e 1DA9C675 		.ascii	"\035\251\306u\303\347\346\344\261\331\2443Hi\242\242"
  76      C3E7E6E4 
  76      B1D9A433 
  76      4869A2A2 
  77 007e F29C08EB 		.ascii	"\362\234\010\353hd\326\363\341\332t\205\256\003q]8\317"
  77      6864D6F3 
  77      E1DA7485 
  77      AE03715D 
  77      38CF
  78 0090 5F5735AC 		.ascii	"_W5\254\031\0237\246\0306:\245\20144+\320\032Ds\220"
  78      191337A6 
  78      18363AA5 
  78      8134342B 
  78      D01A4473 
  79 00a5 18206CA0 		.ascii	"\030 l\240A\310\267\007?3\225vR\354kK\246\330\204-c"
  79      41C8B707 
  79      3F339576 
  79      52EC6B4B 
  79      A6D8842D 
  80 00ba EE75674C 		.ascii	"\356ugL\261\2300\2317\373\370\303\256P,S\232\203\266"
  80      B1983099 
  80      37FBF8C3 
  80      AE502C53 
  80      9A83B6
  81 00cd 24F8200E 		.ascii	"$\370 \016\266\224\216\004\277\204\200p\210\362|e\221"
  81      B6948E04 
  81      BF848070 
  81      88F27C65 
  81      91
  82 00de 82529275 		.ascii	"\202R\222u\016\331\217\211\334\202%\316\011-K\315\246"
  82      0ED98F89 
  82      DC8225CE 
  82      092D4BCD 
  82      A6
  83 00ef B217CE8B 		.ascii	"\262\027\316\213Ji\313\233\370\354\354u\365\257\235"
  83      4A69CB9B 
  83      F8ECEC75 
  83      F5AF9D
  84 00fe 5F89198B 		.ascii	"_\211\031\213\241\305\271\343w{\031K\261$\257\353\303"
  84      A1C5B9E3 
  84      777B194B 
  84      B124AFEB 
  84      C3
  85 010f 3682D842 		.ascii	"6\202\330B\220\247\333\3012(\207\370\223S\262\323\354"
  85      90A7DBC1 
  85      322887F8 
  85      9353B2D3 
  85      EC
  86 0120 C87DE2CB 		.ascii	"\310}\342\313.\365\026C\254\277:\235\374\016\210\245"
  86      2EF51643 
  86      ACBF3A9D 
  86      FC0E88A5 
ARM GAS  C:\Users\info\AppData\Local\Temp\ccD8Yjsk.s 			page 6


  87 0130 C6107659 		.ascii	"\306\020vYY&\341\317W.q\030b\311\303\345\326\266.I\252"
  87      5926E1CF 
  87      572E7118 
  87      62C9C3E5 
  87      D6B62E49 
  88 0145 B0E74912 		.ascii	"\260\347I\022\357\177\024\277g\354\224\273\004\030\345"
  88      EF7F14BF 
  88      67EC94BB 
  88      0418E5
  89 0154 3E3B0BE9 		.ascii	">;\013\351\377\033y\237Gf>\335#\236\371\354\020\266"
  89      FF1B799F 
  89      47663EDD 
  89      239EF9EC 
  89      10B6
  90 0166 F7EBF20A 		.ascii	"\367\353\362\012\362<\374X5\235\356\240;\334;\342\366"
  90      F23CFC58 
  90      359DEEA0 
  90      3BDC3BE2 
  90      F6
  91 0177 F584A2A3 		.ascii	"\365\204\242\243\303\0217\334\025\212\266\267\205\333"
  91      C31137DC 
  91      158AB6B7 
  91      85DB
  92 0185 A3FD3D2D 		.ascii	"\243\375=-M\021\262\006\242}\356/a\351\245\234"
  92      4D11B206 
  92      A27DEE2F 
  92      61E9A59C 
  93              		.text
  94              		.section	.gnu.lto_Col_1_Read.bf153790,"",%progbits
  95 0000 789C354F 		.ascii	"x\2345O\337+Cq\024?\237\357\367\356\336E\370\003\254"
  95      DF2B4371 
  95      143F9FEF 
  95      F7EEDE45 
  95      F803AC
  96 0013 F0B81791 		.ascii	"\360\270\027\221\224\274*^e\345i\2654\367MV\213\347"
  96      94BC2A5E 
  96      65E569B5 
  96      34F74D56 
  96      8BE7
  97 0025 DDBBBB4B 		.ascii	"\335\273\273K\311\203\027\274`\245\264\371\025\373\017"
  97      C98317BC 
  97      60A5B4F9 
  97      15FB0F
  98 0034 AE95528A 		.ascii	"\256\225R\212$\245hIk\312\023kZ-\\\347\353r\352{\316"
  98      24A56849 
  98      6BCA136B 
  98      5A2D5CE7 
  98      EB72EA7B 
  99 0049 F77BBE9F 		.ascii	"\367{\276\237\037\347h\004R1\315\245\217k7\037H\202"
  99      1FE76804 
  99      5231CDA5 
  99      8F6B371F 
  99      4882
 100 005b 58BB22B2 		.ascii	"X\273\"\262\303\002P\027+\014\312\010d\360!\276\004"
 100      C3025017 
 100      2B0CCA08 
 100      64F021BE 
ARM GAS  C:\Users\info\AppData\Local\Temp\ccD8Yjsk.s 			page 7


 100      04
 101 006c 2E9B17AB 		.ascii	".\233\027\253m\321\202ee\255\247\275\326\310f\321\203"
 101      6DD18265 
 101      65ADA7BD 
 101      D6C866D1 
 101      83
 102 007d 2B897C41 		.ascii	"+\211|A\030\212` \242$\012\210\022C\237K\337\353\035"
 102      188A6020 
 102      A2240A88 
 102      12439F4B 
 102      DFEB1D
 103 0090 7ACEE2E8 		.ascii	"z\316\342\350U\000\376)BW\226'S\236\345\373\216\345"
 103      5500FE29 
 103      42579627 
 103      539EE5FB 
 103      8EE5
 104 00a2 DD1967F7 		.ascii	"\335\031g\367\206\001r%\373r\3228\211\220J:)Yzc\232"
 104      86017225 
 104      FB72D238 
 104      89904A3A 
 104      29597A63 
 105 00b7 1AE25D08 		.ascii	"\032\342]\010Ue\015\345\326JegT)9R\262\313\206[\276"
 105      55650DE5 
 105      D64A6567 
 105      54293952 
 105      B2CB865B 
 106 00cc 361AC295 		.ascii	"6\032\302\225\022\3124\373Ryh\017\236\245]\333\322\270"
 106      12CA34FB 
 106      5279680F 
 106      9EA55DDB 
 106      D2B8
 107 00de E5DAB78F 		.ascii	"\345\332\267\217\235yl\3339\036U\303\001\"\330\007\017"
 107      9D796CDB 
 107      391E55C3 
 107      0122D807 
 107      0F
 108 00ef 8A43E441 		.ascii	"\212C\344A58\237\343\344H\004r7\271\323-\251\370\200"
 108      35389FE3 
 108      E4480472 
 108      37B9D32D 
 108      A9F880
 109 0102 862386D5 		.ascii	"\206#\206\325\220\255/7D`\2501N1\352KU-\350\204\270"
 109      90AD2F37 
 109      4460A831 
 109      4E31EA4B 
 109      552DE884 
 110 0117 C9B473BF 		.ascii	"\311\264s\277\351u)\232\200\300\361?\255\212\000\244"
 110      E975299A 
 110      80C0F13F 
 110      AD8A00A4 
 111 0127 70F48A3F 		.ascii	"p\364\212?\021\235~\027\203Z\210\327\353\2310\347\315"
 111      119D7E17 
 111      835A88D7 
 111      EB9930E7 
 111      CD
 112 0138 F4CC8239 		.ascii	"\364\314\2029\233\210\245\026\323I3>\031K\215\015\307"
 112      9B88A516 
ARM GAS  C:\Users\info\AppData\Local\Temp\ccD8Yjsk.s 			page 8


 112      D349333E 
 112      194B8D0D 
 112      C7
 113 0149 C7527389 		.ascii	"\307Rs\211\301\376$\375\000\256B{\004"
 113      C1FE24FD 
 113      00AE427B 
 113      04
 114              		.text
 115              		.section	.gnu.lto_Col_1_ReadDataReg.bf153790,"",%progbits
 116 0000 789C354F 		.ascii	"x\2345OKKBA\024>\337\314\365*B\364\003\022\252\245\233"
 116      4B4B4241 
 116      143EDFCC 
 116      F52A42F4 
 116      0312AAA5 
 117 0015 28A2456D 		.ascii	"(\242Em\205\332FB+A\302\334E\202\324\332\321\353-\220"
 117      85DA4642 
 117      2B41C2DC 
 117      4582D4DA 
 117      D1EB2D90 
 118 0029 166D2A02 		.ascii	"\026m*\002C\010B\355A\366\003\202\233\020\004A\217e"
 118      430842ED 
 118      41F60382 
 118      9B100441 
 118      8F65
 119 003b B4911017 		.ascii	"\264\221\020\027-\242\304\020zx;\323\255\003s\316\314"
 119      2DA2C410 
 119      7A783BD3 
 119      AD0373CE 
 119      CC
 120 004c 99EF718E 		.ascii	"\231\357q\216A \035\363\\\206\271\016\360\201$\210\315"
 120      41201DF3 
 120      5C86B90E 
 120      F0812488 
 120      CD
 121 005d 1BA26C40 		.ascii	"\033\242l@\000\372\242\002\240\214@\006\357\342[\340"
 121      00FAA202 
 121      A08C4006 
 121      EFE25BE0 
 122 006d BA7BB511 		.ascii	"\272{\265\021\014\227\225\312\251\306Ayr\247\342\300"
 122      0C9795CA 
 122      A9C64179 
 122      72A7E2C0 
 123 007d 9644AE20 		.ascii	"\226D\256 \214\2070\032\322\022e\204\211\241Og\275\255"
 123      8C87301A 
 123      D2126584 
 123      89A14F67 
 123      BDAD
 124 008f 3E33AF38 		.ascii	">3\2578\2064\200\177*0\265\345\351\234\243\\\327R\316"
 124      8634807F 
 124      2A30B5E5 
 124      E99CA35C 
 124      D752CE
 125 00a2 79F0E22E 		.ascii	"y\360\342.\350\007\331\222}9\031\234\204O'\223\264,"
 125      E807D992 
 125      7D39199C 
 125      844F2793 
 125      B42C
ARM GAS  C:\Users\info\AppData\Local\Temp\ccD8Yjsk.s 			page 9


 126 00b4 BD324D0F 		.ascii	"\2752M\017\361&\204\256\262\205\372G\241W\235\322J\226"
 126      F12684AE 
 126      B285FA47 
 126      A1579DD2 
 126      4A96
 127 00c6 94ECB26D 		.ascii	"\224\354\262m\327o\375\035aK\011m\372\360\270\373bz"
 127      D76FFD1D 
 127      614B096D 
 127      FAF0B8FB 
 127      627A
 128 00d8 CFDA7E56 		.ascii	"\317\332~V\031\334j\024\212\237\376\022\366\262y\036"
 128      19DC6A14 
 128      8A9FFE12 
 128      F6B2791E 
 129 00e8 D5C02142 		.ascii	"\325\300!B\250\202\007\305\021J\240\026\254\257i\262"
 129      A88207C5 
 129      114AA016 
 129      ACAF69B2 
 130 00f8 243CB9FB 		.ascii	"$<\271\373|\255(5\0370p\314\260\026r\355\365\216\360"
 130      7CAD2835 
 130      1F3070CC 
 130      B01672ED 
 130      F58EF0
 131 010b 0C0DC669 		.ascii	"\014\015\306iF{\255ix\035\0377\231v\351v\235~M\023\020"
 131      467BAD69 
 131      781D1F37 
 131      9976E976 
 131      9D7E4D13 
 132 0120 38F9A735 		.ascii	"8\371\2475\341\2014\216\236\361'b\322\357b\320\013\361"
 132      E181348E 
 132      9EF12762 
 132      D2EF62D0 
 132      0BF1
 133 0132 7A8333C9 		.ascii	"z\2033\311\345dza%\271\030\217\246V\323\211dl6\232\212"
 133      E5647A61 
 133      25B9188F 
 133      A656D389 
 133      646C369A 
 134 0147 4CC422A9 		.ascii	"L\304\"\251\245\370\330H\202~\000\211\350{\033"
 134      A5F8D848 
 134      827E0089 
 134      E87B1B
 135              		.text
 136              		.section	.gnu.lto_.symbol_nodes.bf153790,"",%progbits
 137 0000 789C6361 		.ascii	"x\234ca`dpc\000\002&\206z\006\206\011\347\030@\324\256"
 137      60647063 
 137      00022686 
 137      7A068609 
 137      E71840D4 
 138 0015 0645A000 		.ascii	"\006E\240\000c=#\252\000S=\023\252\000s=3\212\000\003"
 138      633D23AA 
 138      00533D13 
 138      AA00733D 
 138      338A0003 
 139 0029 0026B60F 		.ascii	"\000&\266\017<"
 139      3C
 140              		.text
ARM GAS  C:\Users\info\AppData\Local\Temp\ccD8Yjsk.s 			page 10


 141              		.section	.gnu.lto_.refs.bf153790,"",%progbits
 142 0000 789C6361 		.ascii	"x\234ca`\004B \000\000\0009\000\007"
 142      60044220 
 142      00000039 
 142      0007
 143              		.text
 144              		.section	.gnu.lto_.decls.bf153790,"",%progbits
 145 0000 789C8D53 		.ascii	"x\234\215S]HTA\024\236s\357\356j\327\337$\312\207\245"
 145      5D485441 
 145      149E73EF 
 145      EE6AD7DF 
 145      24CA87A5 
 146 0014 CC279F24 		.ascii	"\314'\237$\221\300\247\012\224|*E\313 \204e\325\213"
 146      91C0A70A 
 146      947C2A45 
 146      CB208465 
 146      D58B
 147 0026 19E1C6B6 		.ascii	"\031\341\306\266\006>\004\203\032\250/)e\251iZ\202\256"
 147      063E0483 
 147      1AA82F29 
 147      65A9695A 
 147      82AE
 148 0038 FF5BFE6B 		.ascii	"\377[\376k\345jZ\021\031\376\224h\373\220\260\011I\005"
 148      E56A5A11 
 148      19FE9468 
 148      FB90B009 
 148      4905
 149 004a 1B492561 		.ascii	"\033I%a\333\231\271w\367n\265\201\303=3\347\314\234"
 149      DB99B977 
 149      F76EB581 
 149      C33D33E7 
 149      CC9C
 150 005c EF9BEF9C 		.ascii	"\357\233\357\234\235\325\021 l\234\325\021r\035W#\206"
 150      9DD51120 
 150      6C9CD511 
 150      721D5723 
 150      86
 151 006d 5E1C7AF4 		.ascii	"^\034z\364s\2106\360\230\014\240\015\241\215\242\215"
 151      738836F0 
 151      980CA00D 
 151      A18DA28D 
 152 007d 937F073B 		.ascii	"\223\177\007;7\250\270>\306\2056\2056\211\226\241\346"
 152      37A8B83E 
 152      C6853685 
 152      368996A1 
 152      E6
 153 008e 809AF7F7 		.ascii	"\200\232\367\367\030\012\202\235\011\300\373\260CA\260"
 153      180A829D 
 153      09C0FBB0 
 153      4341B0
 154 009d 4C8F3E00 		.ascii	"L\217>\000\227\021\0047\032\0047\276\003\\\260:\267"
 154      97110437 
 154      1A0437BE 
 154      035CB03A 
 154      B7
 155 00ae 0518ADAE 		.ascii	"\005\030\255\256\377\026\345\202U\020@m \001Pf\340F"
 155      FF16E582 
ARM GAS  C:\Users\info\AppData\Local\Temp\ccD8Yjsk.s 			page 11


 155      5510406D 
 155      20015066 
 155      E046
 156 00c0 14E3213A 		.ascii	"\024\343!:\002\237\211\177\313\277\020\177\212\352j"
 156      029F897F 
 156      CBBF107F 
 156      8AEA6A
 157 00cf 64FCF3AD 		.ascii	"d\374\363\255^\337\340$\032;\250 \360+P}~.h\027\200"
 157      5EDFE024 
 157      1A3BA820 
 157      F02B507D 
 157      7E2E6817 
 158 00e4 12FA0001 		.ascii	"\022\372\000\001|\212\334\000M\360gM\340+\232\216\264"
 158      7C8ADC00 
 158      4DF0674D 
 158      E02B9A8E 
 158      B4
 159 00f5 678A5830 		.ascii	"g\212X0\272\357\266\354\307\023{(\216\032J\205\375Z"
 159      BAEFB6EC 
 159      C7137B28 
 159      8E1A4A85 
 159      FD5A
 160 0107 63FAAFBE 		.ascii	"c\372\257\276\357\014\335\024\300(\201\027X\374il+B"
 160      EF0CDD14 
 160      C0288117 
 160      58FC696C 
 160      2B42
 161 0119 89D97143 		.ascii	"\211\331qC\255\373W\230\270\217\371\302\222\273{C\007"
 161      ADFB5798 
 161      B88FF9C2 
 161      92BB7B43 
 161      07
 162 012a 09523BA3 		.ascii	"\011R;\243Y\373\35182Fi4\364\201\004= B'$\262\273\215"
 162      59FBE938 
 162      32466934 
 162      F481043D 
 162      20422724 
 163 0141 12CE9594 		.ascii	"\022\316\225\224\226Q\317=j\210%\220l\204CF\002\275"
 163      9651CF3D 
 163      6A882590 
 163      6C844346 
 163      02BD
 164 0153 90C03859 		.ascii	"\220\3008Y\026t\203\021\272\300\310\370\327o\265|4\350"
 164      16748311 
 164      BAC0C8F8 
 164      D76FB57C 
 164      34E8
 165 0165 0404329E 		.ascii	"\004\0042\236<\035\333\233\365~wF\241\204\030\011\004"
 165      3C1DDB9B 
 165      F57E7746 
 165      A1841809 
 165      04
 166 0176 0C173D2F 		.ascii	"\014\027=/\233\3030\334#A4\206\257n\254.B\354M\246\201"
 166      9BC330DC 
 166      23413486 
 166      AF6EAC2E 
 166      42EC4DA6 
ARM GAS  C:\Users\info\AppData\Local\Temp\ccD8Yjsk.s 			page 12


 167 018b 96D33801 		.ascii	"\226\3238\001r\366\302}$t !\201\007\020\213s?\350\224"
 167      72F6C27D 
 167      24742021 
 167      8107108B 
 167      733FE894 
 168 019f EA7A6797 		.ascii	"\352zg\227\206#\342[i\253\203\256y\327\223\033\250\263"
 168      8623E25B 
 168      69AB83AE 
 168      79D7931B 
 168      A8B3
 169 01b1 0C61024B 		.ascii	"\014a\002K\003\273&\032]\266t\200\013;9\000\361\210"
 169      03BB261A 
 169      5DB67480 
 169      0B3B3900 
 169      F188
 170 01c3 BCB3626F 		.ascii	"\274\263bo\323\213&\336\204\305\267oVv),\316\315\247"
 170      D38B26DE 
 170      84C5B76F 
 170      5676292C 
 170      CECDA7
 171 01d6 E1741E39 		.ascii	"\341t\0369\216q\216A\215c0\220c\210st\270W\317\213V"
 171      8E718E41 
 171      8D633090 
 171      63887374 
 171      B857CF8B 
 172 01eb 4ED15CD3 		.ascii	"N\321\\\323\326\025\026\250\232\225\253\311\036\341"
 172      D61516A8 
 172      9A95ABC9 
 172      1EE1
 173 01f9 B2F354D5 		.ascii	"\262\363T\325-U\257]\006\365\276\245g\242_5f\301\260"
 173      2D55AF5D 
 173      06F5BEA5 
 173      67A25F35 
 173      66C1B0
 174 020c 76E370E0 		.ascii	"v\343p\340\215\243\374\306U\227g\"B\274\302\257\264"
 174      8DA3FCC6 
 174      55976722 
 174      42BCC2AF 
 174      B4
 175 021d F74C7FD0 		.ascii	"\367L\177\320\253,\343/|\252\031\307\230\3061\026\310"
 175      AB2CE32F 
 175      7CAA19C7 
 175      98C63116 
 175      C8
 176 022e 31CE3916 		.ascii	"1\3169\026*\034M\242\322~\035\206_\346\032\335\221J"
 176      2A1C4DA2 
 176      D27E1D86 
 176      5FE61ADD 
 176      914A
 177 0240 FBE330DC 		.ascii	"\373\3430\334\254\370\272l\220*Y\025;\372\201\3476\356"
 177      ACF8BA6C 
 177      902A5915 
 177      3BFA81E7 
 177      36EE
 178 0252 7A43C46B 		.ascii	"zC\304k\300_\320@]C]\010H\011A\340\316 p\365\241\375"
 178      C05FD040 
 178      5D435D08 
ARM GAS  C:\Users\info\AppData\Local\Temp\ccD8Yjsk.s 			page 13


 178      480941E0 
 178      CE2070F5 
 179 0268 38555BC5 		.ascii	"8U[\305\312\237\304\226=\326\244?\002Ii\327\340\374"
 179      CA9FC496 
 179      3DD6A43F 
 179      024969D7 
 179      E0FC
 180 027a E77E7D78 		.ascii	"\347~}x5{s5\3454\346y$\317|\210$\023\274\271S\020\316"
 180      357B7335 
 180      E534E679 
 180      24CF7C88 
 180      2413BCB9 
 181 0291 FF1BB86E 		.ascii	"\377\033\270n\013\342\303\345\333M\"\236\261Oj\244("
 181      0BE2C3E5 
 181      DB4D229E 
 181      B14F6AA4 
 181      28
 182 02a2 852E00CC 		.ascii	"\205.\000\314 \031\017<G\271\317\266\251\247\214\032"
 182      20190F3C 
 182      47B9CFB6 
 182      A9A78C1A 
 183 02b2 EA237D12 		.ascii	"\352#}\022\011? 0\215\310'H\314\303\260T\313\005S\222"
 183      093F2030 
 183      8DC82748 
 183      CCC3B054 
 183      CB055392 
 184 02c6 E98CB5C8 		.ascii	"\351\214\265\310&\207\246\237<\035\227\232\224D\364"
 184      2687A69F 
 184      3C1D979A 
 184      9444F4
 185 02d5 2545C5B6 		.ascii	"%E\305\266\224\203\351r\261l5\333\344\002S\266\245\304"
 185      9483E972 
 185      B16C35DB 
 185      E40253B6 
 185      A5C4
 186 02e7 9A2FE766 		.ascii	"\232/\347ff[R\017\347\346\227\332J/\312\227\022\317"
 186      665B520F 
 186      E7E697DA 
 186      4A2FCA97 
 186      12CF
 187 02f9 9103FFC9 		.ascii	"\221\003\377\311\340\234\211\371$F!\317\226mi\326\242"
 187      E09C89F9 
 187      244621CF 
 187      966D69D6 
 187      A2
 188 030a CBF2094B 		.ascii	"\313\362\011K\201,)[Y\262\271`\267\346\246\231m\346"
 188      812C295B 
 188      59B2B960 
 188      B7E6A699 
 188      6DE6
 189 031c 2CB95067 		.ascii	",\271Pg\225\013S~\003y\031k\376"
 189      950B537E 
 189      0379196B 
 189      FE
 190              		.text
 191              		.section	.gnu.lto_.symtab.bf153790,"",%progbits
 192 0000 436F6C5F 		.ascii	"Col_1_Write\000"
ARM GAS  C:\Users\info\AppData\Local\Temp\ccD8Yjsk.s 			page 14


 192      315F5772 
 192      69746500 
 193 000c 00       		.ascii	"\000"
 194 000d 00       		.ascii	"\000"
 195 000e 00       		.ascii	"\000"
 196 000f 00000000 		.ascii	"\000\000\000\000\000\000\000\000"
 196      00000000 
 197 0017 B3000000 		.ascii	"\263\000\000\000"
 198 001b 436F6C5F 		.ascii	"Col_1_SetDriveMode\000"
 198      315F5365 
 198      74447269 
 198      76654D6F 
 198      646500
 199 002e 00       		.ascii	"\000"
 200 002f 00       		.ascii	"\000"
 201 0030 00       		.ascii	"\000"
 202 0031 00000000 		.ascii	"\000\000\000\000\000\000\000\000"
 202      00000000 
 203 0039 B5000000 		.ascii	"\265\000\000\000"
 204 003d 436F6C5F 		.ascii	"Col_1_Read\000"
 204      315F5265 
 204      616400
 205 0048 00       		.ascii	"\000"
 206 0049 00       		.ascii	"\000"
 207 004a 00       		.ascii	"\000"
 208 004b 00000000 		.ascii	"\000\000\000\000\000\000\000\000"
 208      00000000 
 209 0053 B8000000 		.ascii	"\270\000\000\000"
 210 0057 436F6C5F 		.ascii	"Col_1_ReadDataReg\000"
 210      315F5265 
 210      61644461 
 210      74615265 
 210      6700
 211 0069 00       		.ascii	"\000"
 212 006a 00       		.ascii	"\000"
 213 006b 00       		.ascii	"\000"
 214 006c 00000000 		.ascii	"\000\000\000\000\000\000\000\000"
 214      00000000 
 215 0074 BA000000 		.ascii	"\272\000\000\000"
 216              		.text
 217              		.section	.gnu.lto_.opts,"",%progbits
 218 0000 272D666D 		.ascii	"'-fmath-errno' '-fsigned-zeros' '-ftrapping-math' '"
 218      6174682D 
 218      6572726E 
 218      6F272027 
 218      2D667369 
 219 0033 2D666E6F 		.ascii	"-fno-trapv' '-fno-openmp' '-fno-openacc' '-mcpu=cor"
 219      2D747261 
 219      70762720 
 219      272D666E 
 219      6F2D6F70 
 220 0066 7465782D 		.ascii	"tex-m3' '-mthumb' '-g' '-Os' '-ffunction-sections' "
 220      6D332720 
 220      272D6D74 
 220      68756D62 
 220      2720272D 
 221 0099 272D6666 		.ascii	"'-ffat-lto-objects' '-flto'\000"
ARM GAS  C:\Users\info\AppData\Local\Temp\ccD8Yjsk.s 			page 15


 221      61742D6C 
 221      746F2D6F 
 221      626A6563 
 221      74732720 
 222              		.text
 223              		.cfi_sections	.debug_frame
 224              		.section	.text.Col_1_Write,"ax",%progbits
 225              		.align	1
 226              		.global	Col_1_Write
 227              		.thumb
 228              		.thumb_func
 229              		.type	Col_1_Write, %function
 230              	Col_1_Write:
 231              	.LFB0:
 232              		.file 1 "Generated_Source\\PSoC5\\Col_1.c"
   1:Generated_Source\PSoC5/Col_1.c **** /*******************************************************************************
   2:Generated_Source\PSoC5/Col_1.c **** * File Name: Col_1.c  
   3:Generated_Source\PSoC5/Col_1.c **** * Version 2.20
   4:Generated_Source\PSoC5/Col_1.c **** *
   5:Generated_Source\PSoC5/Col_1.c **** * Description:
   6:Generated_Source\PSoC5/Col_1.c **** *  This file contains API to enable firmware control of a Pins component.
   7:Generated_Source\PSoC5/Col_1.c **** *
   8:Generated_Source\PSoC5/Col_1.c **** * Note:
   9:Generated_Source\PSoC5/Col_1.c **** *
  10:Generated_Source\PSoC5/Col_1.c **** ********************************************************************************
  11:Generated_Source\PSoC5/Col_1.c **** * Copyright 2008-2015, Cypress Semiconductor Corporation.  All rights reserved.
  12:Generated_Source\PSoC5/Col_1.c **** * You may use this file only in accordance with the license, terms, conditions, 
  13:Generated_Source\PSoC5/Col_1.c **** * disclaimers, and limitations in the end user license agreement accompanying 
  14:Generated_Source\PSoC5/Col_1.c **** * the software package with which this file was provided.
  15:Generated_Source\PSoC5/Col_1.c **** *******************************************************************************/
  16:Generated_Source\PSoC5/Col_1.c **** 
  17:Generated_Source\PSoC5/Col_1.c **** #include "cytypes.h"
  18:Generated_Source\PSoC5/Col_1.c **** #include "Col_1.h"
  19:Generated_Source\PSoC5/Col_1.c **** 
  20:Generated_Source\PSoC5/Col_1.c **** /* APIs are not generated for P15[7:6] on PSoC 5 */
  21:Generated_Source\PSoC5/Col_1.c **** #if !(CY_PSOC5A &&\
  22:Generated_Source\PSoC5/Col_1.c **** 	 Col_1__PORT == 15 && ((Col_1__MASK & 0xC0) != 0))
  23:Generated_Source\PSoC5/Col_1.c **** 
  24:Generated_Source\PSoC5/Col_1.c **** 
  25:Generated_Source\PSoC5/Col_1.c **** /*******************************************************************************
  26:Generated_Source\PSoC5/Col_1.c **** * Function Name: Col_1_Write
  27:Generated_Source\PSoC5/Col_1.c **** ****************************************************************************//**
  28:Generated_Source\PSoC5/Col_1.c **** *
  29:Generated_Source\PSoC5/Col_1.c **** * \brief Writes the value to the physical port (data output register), masking
  30:Generated_Source\PSoC5/Col_1.c **** *  and shifting the bits appropriately. 
  31:Generated_Source\PSoC5/Col_1.c **** *
  32:Generated_Source\PSoC5/Col_1.c **** * The data output register controls the signal applied to the physical pin in 
  33:Generated_Source\PSoC5/Col_1.c **** * conjunction with the drive mode parameter. This function avoids changing 
  34:Generated_Source\PSoC5/Col_1.c **** * other bits in the port by using the appropriate method (read-modify-write or
  35:Generated_Source\PSoC5/Col_1.c **** * bit banding).
  36:Generated_Source\PSoC5/Col_1.c **** *
  37:Generated_Source\PSoC5/Col_1.c **** * <b>Note</b> This function should not be used on a hardware digital output pin 
  38:Generated_Source\PSoC5/Col_1.c **** * as it is driven by the hardware signal attached to it.
  39:Generated_Source\PSoC5/Col_1.c **** *
  40:Generated_Source\PSoC5/Col_1.c **** * \param value
  41:Generated_Source\PSoC5/Col_1.c **** *  Value to write to the component instance.
  42:Generated_Source\PSoC5/Col_1.c **** *
ARM GAS  C:\Users\info\AppData\Local\Temp\ccD8Yjsk.s 			page 16


  43:Generated_Source\PSoC5/Col_1.c **** * \return 
  44:Generated_Source\PSoC5/Col_1.c **** *  None 
  45:Generated_Source\PSoC5/Col_1.c **** *
  46:Generated_Source\PSoC5/Col_1.c **** * \sideeffect
  47:Generated_Source\PSoC5/Col_1.c **** *  If you use read-modify-write operations that are not atomic; the Interrupt 
  48:Generated_Source\PSoC5/Col_1.c **** *  Service Routines (ISR) can cause corruption of this function. An ISR that 
  49:Generated_Source\PSoC5/Col_1.c **** *  interrupts this function and performs writes to the Pins component data 
  50:Generated_Source\PSoC5/Col_1.c **** *  register can cause corrupted port data. To avoid this issue, you should 
  51:Generated_Source\PSoC5/Col_1.c **** *  either use the Per-Pin APIs (primary method) or disable interrupts around 
  52:Generated_Source\PSoC5/Col_1.c **** *  this function.
  53:Generated_Source\PSoC5/Col_1.c **** *
  54:Generated_Source\PSoC5/Col_1.c **** * \funcusage
  55:Generated_Source\PSoC5/Col_1.c **** *  \snippet Col_1_SUT.c usage_Col_1_Write
  56:Generated_Source\PSoC5/Col_1.c **** *******************************************************************************/
  57:Generated_Source\PSoC5/Col_1.c **** void Col_1_Write(uint8 value)
  58:Generated_Source\PSoC5/Col_1.c **** {
 233              		.loc 1 58 0
 234              		.cfi_startproc
 235              		@ args = 0, pretend = 0, frame = 0
 236              		@ frame_needed = 0, uses_anonymous_args = 0
 237              		@ link register save eliminated.
 238              	.LVL0:
  59:Generated_Source\PSoC5/Col_1.c ****     uint8 staticBits = (Col_1_DR & (uint8)(~Col_1_MASK));
 239              		.loc 1 59 0
 240 0000 044A     		ldr	r2, .L2
  60:Generated_Source\PSoC5/Col_1.c ****     Col_1_DR = staticBits | ((uint8)(value << Col_1_SHIFT) & Col_1_MASK);
 241              		.loc 1 60 0
 242 0002 8000     		lsls	r0, r0, #2
 243              	.LVL1:
  59:Generated_Source\PSoC5/Col_1.c ****     uint8 staticBits = (Col_1_DR & (uint8)(~Col_1_MASK));
 244              		.loc 1 59 0
 245 0004 1378     		ldrb	r3, [r2]	@ zero_extendqisi2
 246              	.LVL2:
 247              		.loc 1 60 0
 248 0006 00F00400 		and	r0, r0, #4
 249 000a 03F0FB03 		and	r3, r3, #251
 250              	.LVL3:
 251 000e 0343     		orrs	r3, r3, r0
 252 0010 1370     		strb	r3, [r2]
 253 0012 7047     		bx	lr
 254              	.L3:
 255              		.align	2
 256              	.L2:
 257 0014 30510040 		.word	1073762608
 258              		.cfi_endproc
 259              	.LFE0:
 260              		.size	Col_1_Write, .-Col_1_Write
 261              		.section	.text.Col_1_SetDriveMode,"ax",%progbits
 262              		.align	1
 263              		.global	Col_1_SetDriveMode
 264              		.thumb
 265              		.thumb_func
 266              		.type	Col_1_SetDriveMode, %function
 267              	Col_1_SetDriveMode:
 268              	.LFB1:
  61:Generated_Source\PSoC5/Col_1.c **** }
  62:Generated_Source\PSoC5/Col_1.c **** 
ARM GAS  C:\Users\info\AppData\Local\Temp\ccD8Yjsk.s 			page 17


  63:Generated_Source\PSoC5/Col_1.c **** 
  64:Generated_Source\PSoC5/Col_1.c **** /*******************************************************************************
  65:Generated_Source\PSoC5/Col_1.c **** * Function Name: Col_1_SetDriveMode
  66:Generated_Source\PSoC5/Col_1.c **** ****************************************************************************//**
  67:Generated_Source\PSoC5/Col_1.c **** *
  68:Generated_Source\PSoC5/Col_1.c **** * \brief Sets the drive mode for each of the Pins component's pins.
  69:Generated_Source\PSoC5/Col_1.c **** * 
  70:Generated_Source\PSoC5/Col_1.c **** * <b>Note</b> This affects all pins in the Pins component instance. Use the
  71:Generated_Source\PSoC5/Col_1.c **** * Per-Pin APIs if you wish to control individual pin's drive modes.
  72:Generated_Source\PSoC5/Col_1.c **** *
  73:Generated_Source\PSoC5/Col_1.c **** * \param mode
  74:Generated_Source\PSoC5/Col_1.c **** *  Mode for the selected signals. Valid options are documented in 
  75:Generated_Source\PSoC5/Col_1.c **** *  \ref driveMode.
  76:Generated_Source\PSoC5/Col_1.c **** *
  77:Generated_Source\PSoC5/Col_1.c **** * \return
  78:Generated_Source\PSoC5/Col_1.c **** *  None
  79:Generated_Source\PSoC5/Col_1.c **** *
  80:Generated_Source\PSoC5/Col_1.c **** * \sideeffect
  81:Generated_Source\PSoC5/Col_1.c **** *  If you use read-modify-write operations that are not atomic, the ISR can
  82:Generated_Source\PSoC5/Col_1.c **** *  cause corruption of this function. An ISR that interrupts this function 
  83:Generated_Source\PSoC5/Col_1.c **** *  and performs writes to the Pins component Drive Mode registers can cause 
  84:Generated_Source\PSoC5/Col_1.c **** *  corrupted port data. To avoid this issue, you should either use the Per-Pin
  85:Generated_Source\PSoC5/Col_1.c **** *  APIs (primary method) or disable interrupts around this function.
  86:Generated_Source\PSoC5/Col_1.c **** *
  87:Generated_Source\PSoC5/Col_1.c **** * \funcusage
  88:Generated_Source\PSoC5/Col_1.c **** *  \snippet Col_1_SUT.c usage_Col_1_SetDriveMode
  89:Generated_Source\PSoC5/Col_1.c **** *******************************************************************************/
  90:Generated_Source\PSoC5/Col_1.c **** void Col_1_SetDriveMode(uint8 mode)
  91:Generated_Source\PSoC5/Col_1.c **** {
 269              		.loc 1 91 0
 270              		.cfi_startproc
 271              		@ args = 0, pretend = 0, frame = 0
 272              		@ frame_needed = 0, uses_anonymous_args = 0
 273              		@ link register save eliminated.
 274              	.LVL4:
  92:Generated_Source\PSoC5/Col_1.c **** 	CyPins_SetPinDriveMode(Col_1_0, mode);
 275              		.loc 1 92 0
 276 0000 044A     		ldr	r2, .L5
 277 0002 00F00E00 		and	r0, r0, #14
 278              	.LVL5:
 279 0006 1378     		ldrb	r3, [r2]	@ zero_extendqisi2
 280 0008 03F0F103 		and	r3, r3, #241
 281 000c 1843     		orrs	r0, r0, r3
 282 000e 1070     		strb	r0, [r2]
 283 0010 7047     		bx	lr
 284              	.L6:
 285 0012 00BF     		.align	2
 286              	.L5:
 287 0014 1A500040 		.word	1073762330
 288              		.cfi_endproc
 289              	.LFE1:
 290              		.size	Col_1_SetDriveMode, .-Col_1_SetDriveMode
 291              		.section	.text.Col_1_Read,"ax",%progbits
 292              		.align	1
 293              		.global	Col_1_Read
 294              		.thumb
 295              		.thumb_func
ARM GAS  C:\Users\info\AppData\Local\Temp\ccD8Yjsk.s 			page 18


 296              		.type	Col_1_Read, %function
 297              	Col_1_Read:
 298              	.LFB2:
  93:Generated_Source\PSoC5/Col_1.c **** }
  94:Generated_Source\PSoC5/Col_1.c **** 
  95:Generated_Source\PSoC5/Col_1.c **** 
  96:Generated_Source\PSoC5/Col_1.c **** /*******************************************************************************
  97:Generated_Source\PSoC5/Col_1.c **** * Function Name: Col_1_Read
  98:Generated_Source\PSoC5/Col_1.c **** ****************************************************************************//**
  99:Generated_Source\PSoC5/Col_1.c **** *
 100:Generated_Source\PSoC5/Col_1.c **** * \brief Reads the associated physical port (pin status register) and masks 
 101:Generated_Source\PSoC5/Col_1.c **** *  the required bits according to the width and bit position of the component
 102:Generated_Source\PSoC5/Col_1.c **** *  instance. 
 103:Generated_Source\PSoC5/Col_1.c **** *
 104:Generated_Source\PSoC5/Col_1.c **** * The pin's status register returns the current logic level present on the 
 105:Generated_Source\PSoC5/Col_1.c **** * physical pin.
 106:Generated_Source\PSoC5/Col_1.c **** *
 107:Generated_Source\PSoC5/Col_1.c **** * \return 
 108:Generated_Source\PSoC5/Col_1.c **** *  The current value for the pins in the component as a right justified number.
 109:Generated_Source\PSoC5/Col_1.c **** *
 110:Generated_Source\PSoC5/Col_1.c **** * \funcusage
 111:Generated_Source\PSoC5/Col_1.c **** *  \snippet Col_1_SUT.c usage_Col_1_Read  
 112:Generated_Source\PSoC5/Col_1.c **** *******************************************************************************/
 113:Generated_Source\PSoC5/Col_1.c **** uint8 Col_1_Read(void)
 114:Generated_Source\PSoC5/Col_1.c **** {
 299              		.loc 1 114 0
 300              		.cfi_startproc
 301              		@ args = 0, pretend = 0, frame = 0
 302              		@ frame_needed = 0, uses_anonymous_args = 0
 303              		@ link register save eliminated.
 115:Generated_Source\PSoC5/Col_1.c ****     return (Col_1_PS & Col_1_MASK) >> Col_1_SHIFT;
 304              		.loc 1 115 0
 305 0000 024B     		ldr	r3, .L8
 306 0002 1878     		ldrb	r0, [r3]	@ zero_extendqisi2
 116:Generated_Source\PSoC5/Col_1.c **** }
 307              		.loc 1 116 0
 308 0004 C0F38000 		ubfx	r0, r0, #2, #1
 309 0008 7047     		bx	lr
 310              	.L9:
 311 000a 00BF     		.align	2
 312              	.L8:
 313 000c 31510040 		.word	1073762609
 314              		.cfi_endproc
 315              	.LFE2:
 316              		.size	Col_1_Read, .-Col_1_Read
 317              		.section	.text.Col_1_ReadDataReg,"ax",%progbits
 318              		.align	1
 319              		.global	Col_1_ReadDataReg
 320              		.thumb
 321              		.thumb_func
 322              		.type	Col_1_ReadDataReg, %function
 323              	Col_1_ReadDataReg:
 324              	.LFB3:
 117:Generated_Source\PSoC5/Col_1.c **** 
 118:Generated_Source\PSoC5/Col_1.c **** 
 119:Generated_Source\PSoC5/Col_1.c **** /*******************************************************************************
 120:Generated_Source\PSoC5/Col_1.c **** * Function Name: Col_1_ReadDataReg
ARM GAS  C:\Users\info\AppData\Local\Temp\ccD8Yjsk.s 			page 19


 121:Generated_Source\PSoC5/Col_1.c **** ****************************************************************************//**
 122:Generated_Source\PSoC5/Col_1.c **** *
 123:Generated_Source\PSoC5/Col_1.c **** * \brief Reads the associated physical port's data output register and masks 
 124:Generated_Source\PSoC5/Col_1.c **** *  the correct bits according to the width and bit position of the component 
 125:Generated_Source\PSoC5/Col_1.c **** *  instance. 
 126:Generated_Source\PSoC5/Col_1.c **** *
 127:Generated_Source\PSoC5/Col_1.c **** * The data output register controls the signal applied to the physical pin in 
 128:Generated_Source\PSoC5/Col_1.c **** * conjunction with the drive mode parameter. This is not the same as the 
 129:Generated_Source\PSoC5/Col_1.c **** * preferred Col_1_Read() API because the 
 130:Generated_Source\PSoC5/Col_1.c **** * Col_1_ReadDataReg() reads the data register instead of the status 
 131:Generated_Source\PSoC5/Col_1.c **** * register. For output pins this is a useful function to determine the value 
 132:Generated_Source\PSoC5/Col_1.c **** * just written to the pin.
 133:Generated_Source\PSoC5/Col_1.c **** *
 134:Generated_Source\PSoC5/Col_1.c **** * \return 
 135:Generated_Source\PSoC5/Col_1.c **** *  The current value of the data register masked and shifted into a right 
 136:Generated_Source\PSoC5/Col_1.c **** *  justified number for the component instance.
 137:Generated_Source\PSoC5/Col_1.c **** *
 138:Generated_Source\PSoC5/Col_1.c **** * \funcusage
 139:Generated_Source\PSoC5/Col_1.c **** *  \snippet Col_1_SUT.c usage_Col_1_ReadDataReg 
 140:Generated_Source\PSoC5/Col_1.c **** *******************************************************************************/
 141:Generated_Source\PSoC5/Col_1.c **** uint8 Col_1_ReadDataReg(void)
 142:Generated_Source\PSoC5/Col_1.c **** {
 325              		.loc 1 142 0
 326              		.cfi_startproc
 327              		@ args = 0, pretend = 0, frame = 0
 328              		@ frame_needed = 0, uses_anonymous_args = 0
 329              		@ link register save eliminated.
 143:Generated_Source\PSoC5/Col_1.c ****     return (Col_1_DR & Col_1_MASK) >> Col_1_SHIFT;
 330              		.loc 1 143 0
 331 0000 024B     		ldr	r3, .L11
 332 0002 1878     		ldrb	r0, [r3]	@ zero_extendqisi2
 144:Generated_Source\PSoC5/Col_1.c **** }
 333              		.loc 1 144 0
 334 0004 C0F38000 		ubfx	r0, r0, #2, #1
 335 0008 7047     		bx	lr
 336              	.L12:
 337 000a 00BF     		.align	2
 338              	.L11:
 339 000c 30510040 		.word	1073762608
 340              		.cfi_endproc
 341              	.LFE3:
 342              		.size	Col_1_ReadDataReg, .-Col_1_ReadDataReg
 343              		.text
 344              	.Letext0:
 345              		.file 2 "Generated_Source\\PSoC5\\cytypes.h"
 346              		.section	.debug_info,"",%progbits
 347              	.Ldebug_info0:
 348 0000 1D010000 		.4byte	0x11d
 349 0004 0400     		.2byte	0x4
 350 0006 00000000 		.4byte	.Ldebug_abbrev0
 351 000a 04       		.byte	0x4
 352 000b 01       		.uleb128 0x1
 353 000c 3F010000 		.4byte	.LASF20
 354 0010 0C       		.byte	0xc
 355 0011 92000000 		.4byte	.LASF21
 356 0015 BE000000 		.4byte	.LASF22
 357 0019 00000000 		.4byte	.Ldebug_ranges0+0
ARM GAS  C:\Users\info\AppData\Local\Temp\ccD8Yjsk.s 			page 20


 358 001d 00000000 		.4byte	0
 359 0021 00000000 		.4byte	.Ldebug_line0
 360 0025 02       		.uleb128 0x2
 361 0026 01       		.byte	0x1
 362 0027 06       		.byte	0x6
 363 0028 04020000 		.4byte	.LASF0
 364 002c 02       		.uleb128 0x2
 365 002d 01       		.byte	0x1
 366 002e 08       		.byte	0x8
 367 002f 2E000000 		.4byte	.LASF1
 368 0033 02       		.uleb128 0x2
 369 0034 02       		.byte	0x2
 370 0035 05       		.byte	0x5
 371 0036 EB010000 		.4byte	.LASF2
 372 003a 02       		.uleb128 0x2
 373 003b 02       		.byte	0x2
 374 003c 07       		.byte	0x7
 375 003d 78000000 		.4byte	.LASF3
 376 0041 02       		.uleb128 0x2
 377 0042 04       		.byte	0x4
 378 0043 05       		.byte	0x5
 379 0044 FB010000 		.4byte	.LASF4
 380 0048 02       		.uleb128 0x2
 381 0049 04       		.byte	0x4
 382 004a 07       		.byte	0x7
 383 004b 53000000 		.4byte	.LASF5
 384 004f 02       		.uleb128 0x2
 385 0050 08       		.byte	0x8
 386 0051 05       		.byte	0x5
 387 0052 D8010000 		.4byte	.LASF6
 388 0056 02       		.uleb128 0x2
 389 0057 08       		.byte	0x8
 390 0058 07       		.byte	0x7
 391 0059 28010000 		.4byte	.LASF7
 392 005d 03       		.uleb128 0x3
 393 005e 04       		.byte	0x4
 394 005f 05       		.byte	0x5
 395 0060 696E7400 		.ascii	"int\000"
 396 0064 02       		.uleb128 0x2
 397 0065 04       		.byte	0x4
 398 0066 07       		.byte	0x7
 399 0067 B1000000 		.4byte	.LASF8
 400 006b 04       		.uleb128 0x4
 401 006c F5010000 		.4byte	.LASF12
 402 0070 02       		.byte	0x2
 403 0071 E401     		.2byte	0x1e4
 404 0073 2C000000 		.4byte	0x2c
 405 0077 02       		.uleb128 0x2
 406 0078 04       		.byte	0x4
 407 0079 04       		.byte	0x4
 408 007a 28000000 		.4byte	.LASF9
 409 007e 02       		.uleb128 0x2
 410 007f 08       		.byte	0x8
 411 0080 04       		.byte	0x4
 412 0081 8B000000 		.4byte	.LASF10
 413 0085 02       		.uleb128 0x2
 414 0086 01       		.byte	0x1
ARM GAS  C:\Users\info\AppData\Local\Temp\ccD8Yjsk.s 			page 21


 415 0087 08       		.byte	0x8
 416 0088 E6010000 		.4byte	.LASF11
 417 008c 04       		.uleb128 0x4
 418 008d 3C000000 		.4byte	.LASF13
 419 0091 02       		.byte	0x2
 420 0092 8E02     		.2byte	0x28e
 421 0094 98000000 		.4byte	0x98
 422 0098 05       		.uleb128 0x5
 423 0099 6B000000 		.4byte	0x6b
 424 009d 06       		.uleb128 0x6
 425 009e 1C000000 		.4byte	.LASF14
 426 00a2 01       		.byte	0x1
 427 00a3 39       		.byte	0x39
 428 00a4 00000000 		.4byte	.LFB0
 429 00a8 18000000 		.4byte	.LFE0-.LFB0
 430 00ac 01       		.uleb128 0x1
 431 00ad 9C       		.byte	0x9c
 432 00ae D1000000 		.4byte	0xd1
 433 00b2 07       		.uleb128 0x7
 434 00b3 00000000 		.4byte	.LASF16
 435 00b7 01       		.byte	0x1
 436 00b8 39       		.byte	0x39
 437 00b9 6B000000 		.4byte	0x6b
 438 00bd 00000000 		.4byte	.LLST0
 439 00c1 08       		.uleb128 0x8
 440 00c2 06000000 		.4byte	.LASF23
 441 00c6 01       		.byte	0x1
 442 00c7 3B       		.byte	0x3b
 443 00c8 6B000000 		.4byte	0x6b
 444 00cc 21000000 		.4byte	.LLST1
 445 00d0 00       		.byte	0
 446 00d1 06       		.uleb128 0x6
 447 00d2 65000000 		.4byte	.LASF15
 448 00d6 01       		.byte	0x1
 449 00d7 5A       		.byte	0x5a
 450 00d8 00000000 		.4byte	.LFB1
 451 00dc 18000000 		.4byte	.LFE1-.LFB1
 452 00e0 01       		.uleb128 0x1
 453 00e1 9C       		.byte	0x9c
 454 00e2 F6000000 		.4byte	0xf6
 455 00e6 07       		.uleb128 0x7
 456 00e7 D3010000 		.4byte	.LASF17
 457 00eb 01       		.byte	0x1
 458 00ec 5A       		.byte	0x5a
 459 00ed 6B000000 		.4byte	0x6b
 460 00f1 39000000 		.4byte	.LLST2
 461 00f5 00       		.byte	0
 462 00f6 09       		.uleb128 0x9
 463 00f7 11000000 		.4byte	.LASF18
 464 00fb 01       		.byte	0x1
 465 00fc 71       		.byte	0x71
 466 00fd 6B000000 		.4byte	0x6b
 467 0101 00000000 		.4byte	.LFB2
 468 0105 10000000 		.4byte	.LFE2-.LFB2
 469 0109 01       		.uleb128 0x1
 470 010a 9C       		.byte	0x9c
 471 010b 09       		.uleb128 0x9
ARM GAS  C:\Users\info\AppData\Local\Temp\ccD8Yjsk.s 			page 22


 472 010c 41000000 		.4byte	.LASF19
 473 0110 01       		.byte	0x1
 474 0111 8D       		.byte	0x8d
 475 0112 6B000000 		.4byte	0x6b
 476 0116 00000000 		.4byte	.LFB3
 477 011a 10000000 		.4byte	.LFE3-.LFB3
 478 011e 01       		.uleb128 0x1
 479 011f 9C       		.byte	0x9c
 480 0120 00       		.byte	0
 481              		.section	.debug_abbrev,"",%progbits
 482              	.Ldebug_abbrev0:
 483 0000 01       		.uleb128 0x1
 484 0001 11       		.uleb128 0x11
 485 0002 01       		.byte	0x1
 486 0003 25       		.uleb128 0x25
 487 0004 0E       		.uleb128 0xe
 488 0005 13       		.uleb128 0x13
 489 0006 0B       		.uleb128 0xb
 490 0007 03       		.uleb128 0x3
 491 0008 0E       		.uleb128 0xe
 492 0009 1B       		.uleb128 0x1b
 493 000a 0E       		.uleb128 0xe
 494 000b 55       		.uleb128 0x55
 495 000c 17       		.uleb128 0x17
 496 000d 11       		.uleb128 0x11
 497 000e 01       		.uleb128 0x1
 498 000f 10       		.uleb128 0x10
 499 0010 17       		.uleb128 0x17
 500 0011 00       		.byte	0
 501 0012 00       		.byte	0
 502 0013 02       		.uleb128 0x2
 503 0014 24       		.uleb128 0x24
 504 0015 00       		.byte	0
 505 0016 0B       		.uleb128 0xb
 506 0017 0B       		.uleb128 0xb
 507 0018 3E       		.uleb128 0x3e
 508 0019 0B       		.uleb128 0xb
 509 001a 03       		.uleb128 0x3
 510 001b 0E       		.uleb128 0xe
 511 001c 00       		.byte	0
 512 001d 00       		.byte	0
 513 001e 03       		.uleb128 0x3
 514 001f 24       		.uleb128 0x24
 515 0020 00       		.byte	0
 516 0021 0B       		.uleb128 0xb
 517 0022 0B       		.uleb128 0xb
 518 0023 3E       		.uleb128 0x3e
 519 0024 0B       		.uleb128 0xb
 520 0025 03       		.uleb128 0x3
 521 0026 08       		.uleb128 0x8
 522 0027 00       		.byte	0
 523 0028 00       		.byte	0
 524 0029 04       		.uleb128 0x4
 525 002a 16       		.uleb128 0x16
 526 002b 00       		.byte	0
 527 002c 03       		.uleb128 0x3
 528 002d 0E       		.uleb128 0xe
ARM GAS  C:\Users\info\AppData\Local\Temp\ccD8Yjsk.s 			page 23


 529 002e 3A       		.uleb128 0x3a
 530 002f 0B       		.uleb128 0xb
 531 0030 3B       		.uleb128 0x3b
 532 0031 05       		.uleb128 0x5
 533 0032 49       		.uleb128 0x49
 534 0033 13       		.uleb128 0x13
 535 0034 00       		.byte	0
 536 0035 00       		.byte	0
 537 0036 05       		.uleb128 0x5
 538 0037 35       		.uleb128 0x35
 539 0038 00       		.byte	0
 540 0039 49       		.uleb128 0x49
 541 003a 13       		.uleb128 0x13
 542 003b 00       		.byte	0
 543 003c 00       		.byte	0
 544 003d 06       		.uleb128 0x6
 545 003e 2E       		.uleb128 0x2e
 546 003f 01       		.byte	0x1
 547 0040 3F       		.uleb128 0x3f
 548 0041 19       		.uleb128 0x19
 549 0042 03       		.uleb128 0x3
 550 0043 0E       		.uleb128 0xe
 551 0044 3A       		.uleb128 0x3a
 552 0045 0B       		.uleb128 0xb
 553 0046 3B       		.uleb128 0x3b
 554 0047 0B       		.uleb128 0xb
 555 0048 27       		.uleb128 0x27
 556 0049 19       		.uleb128 0x19
 557 004a 11       		.uleb128 0x11
 558 004b 01       		.uleb128 0x1
 559 004c 12       		.uleb128 0x12
 560 004d 06       		.uleb128 0x6
 561 004e 40       		.uleb128 0x40
 562 004f 18       		.uleb128 0x18
 563 0050 9742     		.uleb128 0x2117
 564 0052 19       		.uleb128 0x19
 565 0053 01       		.uleb128 0x1
 566 0054 13       		.uleb128 0x13
 567 0055 00       		.byte	0
 568 0056 00       		.byte	0
 569 0057 07       		.uleb128 0x7
 570 0058 05       		.uleb128 0x5
 571 0059 00       		.byte	0
 572 005a 03       		.uleb128 0x3
 573 005b 0E       		.uleb128 0xe
 574 005c 3A       		.uleb128 0x3a
 575 005d 0B       		.uleb128 0xb
 576 005e 3B       		.uleb128 0x3b
 577 005f 0B       		.uleb128 0xb
 578 0060 49       		.uleb128 0x49
 579 0061 13       		.uleb128 0x13
 580 0062 02       		.uleb128 0x2
 581 0063 17       		.uleb128 0x17
 582 0064 00       		.byte	0
 583 0065 00       		.byte	0
 584 0066 08       		.uleb128 0x8
 585 0067 34       		.uleb128 0x34
ARM GAS  C:\Users\info\AppData\Local\Temp\ccD8Yjsk.s 			page 24


 586 0068 00       		.byte	0
 587 0069 03       		.uleb128 0x3
 588 006a 0E       		.uleb128 0xe
 589 006b 3A       		.uleb128 0x3a
 590 006c 0B       		.uleb128 0xb
 591 006d 3B       		.uleb128 0x3b
 592 006e 0B       		.uleb128 0xb
 593 006f 49       		.uleb128 0x49
 594 0070 13       		.uleb128 0x13
 595 0071 02       		.uleb128 0x2
 596 0072 17       		.uleb128 0x17
 597 0073 00       		.byte	0
 598 0074 00       		.byte	0
 599 0075 09       		.uleb128 0x9
 600 0076 2E       		.uleb128 0x2e
 601 0077 00       		.byte	0
 602 0078 3F       		.uleb128 0x3f
 603 0079 19       		.uleb128 0x19
 604 007a 03       		.uleb128 0x3
 605 007b 0E       		.uleb128 0xe
 606 007c 3A       		.uleb128 0x3a
 607 007d 0B       		.uleb128 0xb
 608 007e 3B       		.uleb128 0x3b
 609 007f 0B       		.uleb128 0xb
 610 0080 27       		.uleb128 0x27
 611 0081 19       		.uleb128 0x19
 612 0082 49       		.uleb128 0x49
 613 0083 13       		.uleb128 0x13
 614 0084 11       		.uleb128 0x11
 615 0085 01       		.uleb128 0x1
 616 0086 12       		.uleb128 0x12
 617 0087 06       		.uleb128 0x6
 618 0088 40       		.uleb128 0x40
 619 0089 18       		.uleb128 0x18
 620 008a 9742     		.uleb128 0x2117
 621 008c 19       		.uleb128 0x19
 622 008d 00       		.byte	0
 623 008e 00       		.byte	0
 624 008f 00       		.byte	0
 625              		.section	.debug_loc,"",%progbits
 626              	.Ldebug_loc0:
 627              	.LLST0:
 628 0000 00000000 		.4byte	.LVL0
 629 0004 04000000 		.4byte	.LVL1
 630 0008 0100     		.2byte	0x1
 631 000a 50       		.byte	0x50
 632 000b 04000000 		.4byte	.LVL1
 633 000f 18000000 		.4byte	.LFE0
 634 0013 0400     		.2byte	0x4
 635 0015 F3       		.byte	0xf3
 636 0016 01       		.uleb128 0x1
 637 0017 50       		.byte	0x50
 638 0018 9F       		.byte	0x9f
 639 0019 00000000 		.4byte	0
 640 001d 00000000 		.4byte	0
 641              	.LLST1:
 642 0021 06000000 		.4byte	.LVL2
ARM GAS  C:\Users\info\AppData\Local\Temp\ccD8Yjsk.s 			page 25


 643 0025 0E000000 		.4byte	.LVL3
 644 0029 0600     		.2byte	0x6
 645 002b 73       		.byte	0x73
 646 002c 00       		.sleb128 0
 647 002d 09       		.byte	0x9
 648 002e FB       		.byte	0xfb
 649 002f 1A       		.byte	0x1a
 650 0030 9F       		.byte	0x9f
 651 0031 00000000 		.4byte	0
 652 0035 00000000 		.4byte	0
 653              	.LLST2:
 654 0039 00000000 		.4byte	.LVL4
 655 003d 06000000 		.4byte	.LVL5
 656 0041 0100     		.2byte	0x1
 657 0043 50       		.byte	0x50
 658 0044 06000000 		.4byte	.LVL5
 659 0048 18000000 		.4byte	.LFE1
 660 004c 0400     		.2byte	0x4
 661 004e F3       		.byte	0xf3
 662 004f 01       		.uleb128 0x1
 663 0050 50       		.byte	0x50
 664 0051 9F       		.byte	0x9f
 665 0052 00000000 		.4byte	0
 666 0056 00000000 		.4byte	0
 667              		.section	.debug_aranges,"",%progbits
 668 0000 34000000 		.4byte	0x34
 669 0004 0200     		.2byte	0x2
 670 0006 00000000 		.4byte	.Ldebug_info0
 671 000a 04       		.byte	0x4
 672 000b 00       		.byte	0
 673 000c 0000     		.2byte	0
 674 000e 0000     		.2byte	0
 675 0010 00000000 		.4byte	.LFB0
 676 0014 18000000 		.4byte	.LFE0-.LFB0
 677 0018 00000000 		.4byte	.LFB1
 678 001c 18000000 		.4byte	.LFE1-.LFB1
 679 0020 00000000 		.4byte	.LFB2
 680 0024 10000000 		.4byte	.LFE2-.LFB2
 681 0028 00000000 		.4byte	.LFB3
 682 002c 10000000 		.4byte	.LFE3-.LFB3
 683 0030 00000000 		.4byte	0
 684 0034 00000000 		.4byte	0
 685              		.section	.debug_ranges,"",%progbits
 686              	.Ldebug_ranges0:
 687 0000 00000000 		.4byte	.LFB0
 688 0004 18000000 		.4byte	.LFE0
 689 0008 00000000 		.4byte	.LFB1
 690 000c 18000000 		.4byte	.LFE1
 691 0010 00000000 		.4byte	.LFB2
 692 0014 10000000 		.4byte	.LFE2
 693 0018 00000000 		.4byte	.LFB3
 694 001c 10000000 		.4byte	.LFE3
 695 0020 00000000 		.4byte	0
 696 0024 00000000 		.4byte	0
 697              		.section	.debug_line,"",%progbits
 698              	.Ldebug_line0:
 699 0000 90000000 		.section	.debug_str,"MS",%progbits,1
ARM GAS  C:\Users\info\AppData\Local\Temp\ccD8Yjsk.s 			page 26


 699      02004200 
 699      00000201 
 699      FB0E0D00 
 699      01010101 
 700              	.LASF16:
 701 0000 76616C75 		.ascii	"value\000"
 701      6500
 702              	.LASF23:
 703 0006 73746174 		.ascii	"staticBits\000"
 703      69634269 
 703      747300
 704              	.LASF18:
 705 0011 436F6C5F 		.ascii	"Col_1_Read\000"
 705      315F5265 
 705      616400
 706              	.LASF14:
 707 001c 436F6C5F 		.ascii	"Col_1_Write\000"
 707      315F5772 
 707      69746500 
 708              	.LASF9:
 709 0028 666C6F61 		.ascii	"float\000"
 709      7400
 710              	.LASF1:
 711 002e 756E7369 		.ascii	"unsigned char\000"
 711      676E6564 
 711      20636861 
 711      7200
 712              	.LASF13:
 713 003c 72656738 		.ascii	"reg8\000"
 713      00
 714              	.LASF19:
 715 0041 436F6C5F 		.ascii	"Col_1_ReadDataReg\000"
 715      315F5265 
 715      61644461 
 715      74615265 
 715      6700
 716              	.LASF5:
 717 0053 6C6F6E67 		.ascii	"long unsigned int\000"
 717      20756E73 
 717      69676E65 
 717      6420696E 
 717      7400
 718              	.LASF15:
 719 0065 436F6C5F 		.ascii	"Col_1_SetDriveMode\000"
 719      315F5365 
 719      74447269 
 719      76654D6F 
 719      646500
 720              	.LASF3:
 721 0078 73686F72 		.ascii	"short unsigned int\000"
 721      7420756E 
 721      7369676E 
 721      65642069 
 721      6E7400
 722              	.LASF10:
 723 008b 646F7562 		.ascii	"double\000"
 723      6C6500
ARM GAS  C:\Users\info\AppData\Local\Temp\ccD8Yjsk.s 			page 27


 724              	.LASF21:
 725 0092 47656E65 		.ascii	"Generated_Source\\PSoC5\\Col_1.c\000"
 725      72617465 
 725      645F536F 
 725      75726365 
 725      5C50536F 
 726              	.LASF8:
 727 00b1 756E7369 		.ascii	"unsigned int\000"
 727      676E6564 
 727      20696E74 
 727      00
 728              	.LASF22:
 729 00be 433A5C55 		.ascii	"C:\\Users\\info\\Desktop\\Spring 2019 Classes\\6.11"
 729      73657273 
 729      5C696E66 
 729      6F5C4465 
 729      736B746F 
 730 00ec 355C362E 		.ascii	"5\\6.115-final\\PSoCCreator\\Final Project\\FinalEm"
 730      3131352D 
 730      66696E61 
 730      6C5C5053 
 730      6F434372 
 731 011b 756C6174 		.ascii	"ulator.cydsn\000"
 731      6F722E63 
 731      7964736E 
 731      00
 732              	.LASF7:
 733 0128 6C6F6E67 		.ascii	"long long unsigned int\000"
 733      206C6F6E 
 733      6720756E 
 733      7369676E 
 733      65642069 
 734              	.LASF20:
 735 013f 474E5520 		.ascii	"GNU C11 5.4.1 20160609 (release) [ARM/embedded-5-br"
 735      43313120 
 735      352E342E 
 735      31203230 
 735      31363036 
 736 0172 616E6368 		.ascii	"anch revision 237715] -mcpu=cortex-m3 -mthumb -g -O"
 736      20726576 
 736      6973696F 
 736      6E203233 
 736      37373135 
 737 01a5 73202D66 		.ascii	"s -ffunction-sections -ffat-lto-objects -flto\000"
 737      66756E63 
 737      74696F6E 
 737      2D736563 
 737      74696F6E 
 738              	.LASF17:
 739 01d3 6D6F6465 		.ascii	"mode\000"
 739      00
 740              	.LASF6:
 741 01d8 6C6F6E67 		.ascii	"long long int\000"
 741      206C6F6E 
 741      6720696E 
 741      7400
 742              	.LASF11:
ARM GAS  C:\Users\info\AppData\Local\Temp\ccD8Yjsk.s 			page 28


 743 01e6 63686172 		.ascii	"char\000"
 743      00
 744              	.LASF2:
 745 01eb 73686F72 		.ascii	"short int\000"
 745      7420696E 
 745      7400
 746              	.LASF12:
 747 01f5 75696E74 		.ascii	"uint8\000"
 747      3800
 748              	.LASF4:
 749 01fb 6C6F6E67 		.ascii	"long int\000"
 749      20696E74 
 749      00
 750              	.LASF0:
 751 0204 7369676E 		.ascii	"signed char\000"
 751      65642063 
 751      68617200 
 752              		.comm	__gnu_lto_v1,1,1
 753              		.ident	"GCC: (GNU Tools for ARM Embedded Processors) 5.4.1 20160609 (release) [ARM/embedded-5-bran
