ARM GAS  C:\Users\info\AppData\Local\Temp\ccOVvh1q.s 			page 1


   1              		.syntax unified
   2              		.cpu cortex-m3
   3              		.fpu softvfp
   4              		.eabi_attribute 20, 1
   5              		.eabi_attribute 21, 1
   6              		.eabi_attribute 23, 3
   7              		.eabi_attribute 24, 1
   8              		.eabi_attribute 25, 1
   9              		.eabi_attribute 26, 1
  10              		.eabi_attribute 30, 4
  11              		.eabi_attribute 34, 1
  12              		.eabi_attribute 18, 4
  13              		.thumb
  14              		.syntax unified
  15              		.file	"Col_4.c"
  16              		.text
  17              	.Ltext0:
  18              		.section	.gnu.lto_.profile.bf1520c9,"",%progbits
  19 0000 789C6361 		.ascii	"x\234ca`d`a`\000\222\222\242\000\000\261\0009"
  19      60646061 
  19      60009292 
  19      A20000B1 
  19      0039
  20              		.text
  21              		.section	.gnu.lto_.icf.bf1520c9,"",%progbits
  22 0000 789C6361 		.ascii	"x\234ca`d\000\001)\006\004`axyrG\007/\343\202]\375o"
  22      60640001 
  22      29060460 
  22      61787972 
  22      47072FE3 
  23 0018 D9992EBE 		.ascii	"\331\231.\276|>\217\237\371\311\203\013W\371\031\000"
  23      7C3E8F9F 
  23      F9C9830B 
  23      57F91900 
  24 0028 AABA0CCC 		.ascii	"\252\272\014\314"
  25              		.text
  26              		.section	.gnu.lto_.jmpfuncs.bf1520c9,"",%progbits
  27 0000 789C6361 		.ascii	"x\234ca`d\000\001!\006\004`a`dd\254g\004\021L\014\014"
  27      60640001 
  27      21060460 
  27      61606464 
  27      AC670411 
  28 0017 CC401100 		.ascii	"\314@\021\000\016\"\001&"
  28      0E220126 
  29              		.text
  30              		.section	.gnu.lto_.inline.bf1520c9,"",%progbits
  31 0000 789C6361 		.ascii	"x\234ca`d\000\201$\006\004`a`\340\344`dd\340\000J1s"
  31      60640081 
  31      24060460 
  31      6160E0E4 
  31      606464E0 
  32 0018 1CB06360 		.ascii	"\034\260c`[ \317\304\300\262@\236\005$\013\024g\307"
  32      5B20CFC4 
  32      C0B2409E 
  32      05240B14 
  32      67C7
  33 002a 9064BAC0 		.ascii	"\220d\272\300\017\226db`ced`b\373\240\007\021\007\002"
ARM GAS  C:\Users\info\AppData\Local\Temp\ccOVvh1q.s 			page 2


  33      0F966462 
  33      60636564 
  33      6062FBA0 
  33      07110702 
  34 003e 664C2106 		.ascii	"fL!\006\000\346\332\011\346"
  34      00E6DA09 
  34      E6
  35              		.text
  36              		.section	.gnu.lto_.pureconst.bf1520c9,"",%progbits
  37 0000 789C6361 		.ascii	"x\234ca`d\340d```a\220b\224b\222b\226\002\000\002\261"
  37      6064E064 
  37      60606061 
  37      90629462 
  37      92629602 
  38 0017 0081     		.ascii	"\000\201"
  39              		.text
  40              		.section	.gnu.lto_Col_4_Write.bf1520c9,"",%progbits
  41 0000 789C5551 		.ascii	"x\234UQMKTa\024>\317\373\336\017m\322?\320@\022\210"
  41      4D4B5461 
  41      143ECFFB 
  41      DE0F6DD2 
  41      3FD04012 
  42 0015 491091F9 		.ascii	"I\020\221\371\007r\3216r; \303t\027\2026\240c[\337\353"
  42      0772D136 
  42      723B20C3 
  42      74178236 
  42      A0635BDF 
  43 002a 75465002 		.ascii	"uFP\0027)A%L\210\366\341\367\252\020\272\334\037P\033"
  43      37294125 
  43      4C88F6E1 
  43      F7AA10BA 
  43      DC1F501B 
  44 003e 5BF44188 		.ascii	"[\364A\210\304\025Z\304\010NZS\215\347\334\353\"\017"
  44      C4155AC4 
  44      084E5A53 
  44      8DE7DCEB 
  44      220F
  45 0050 BC1FF7DC 		.ascii	"\274\037\367\334\347y\316s\316k\021H\342\212\"\272\316"
  45      E779CE73 
  45      CE6B1148 
  45      E28A22BA 
  45      CE
  46 0061 E7055ED0 		.ascii	"\347\005^\320\0045\373\216\310oQ\200\\L\013h\\a\034"
  46      0435FB8E 
  46      C86F5180 
  46      5C4C0B68 
  46      5C611C
  47 0074 75F55721 		.ascii	"u\365W!\232\212_\253\356%\303\261\273\370T\233\345\020"
  47      9A8A5FAB 
  47      EE25C3B1 
  47      BBF8549B 
  47      E510
  48 0086 654DD454 		.ascii	"eM\324T\211\022a\011\335\214\332\337\236\332\201\276"
  48      89126109 
  48      DD8CDADF 
  48      9EDA81BE 
  49 0096 04E27B25 		.ascii	"\004\342{%\252\3272]\213\306L\030s\2203\272\254\201"
ARM GAS  C:\Users\info\AppData\Local\Temp\ccOVvh1q.s 			page 3


  49      AAD7325D 
  49      8BC64C18 
  49      739033BA 
  49      AC81
  50 00a8 656866A0 		.ascii	"ehf\240'\213kY\342\004\3419\272\004|\374ig\265]_N\210"
  50      278B6B59 
  50      E204E139 
  50      BA047CFC 
  50      6967B55D 
  51 00bf B326AE9E 		.ascii	"\263&\256\236\357|&\304\360hx\336\204~\207p_\374\317"
  51      EF7C26C4 
  51      F06878DE 
  51      847E8770 
  51      5FFCCF
  52 00d2 9560E8DE 		.ascii	"\225`\350\336\306\277\207m\316\244\270\352\300Kt\246"
  52      C6BF876D 
  52      CEA4B8EA 
  52      C04B74A6 
  53 00e2 7EF00A0E 		.ascii	"~\360\012\016w\010\311\254\335\011M\263\031\230\260"
  53      7708C9AC 
  53      DD094DB3 
  53      1998B0
  54 00f1 6ED775AB 		.ascii	"n\327u\253\342\242\212;\345\037\026\244\266-\011G6W"
  54      E2A28A3B 
  54      E51F16A4 
  54      B62D0947 
  54      3657
  55 0103 36A21A2F 		.ascii	"6\242\032/\351\376@)9u\214\350\367\364\327yW4\003-\223"
  55      E9FE4029 
  55      39758CE8 
  55      F7F4D779 
  55      5734032D 
  56 0118 982B47EF 		.ascii	"\230+G\357\335CU\326:q\373\361\363\243\037N\372\271"
  56      DD4355D6 
  56      3A71FBF1 
  56      F3A31F4E 
  56      FAB9
  57 012a 5EF58DC5 		.ascii	"^\365\215\305\251\335\351\307\015w\001O\374I\236\221"
  57      A9DDE9C7 
  57      0D77014F 
  57      FC499E91 
  58 013a 855564B1 		.ascii	"\205Ud\261\002\366\2145,\200b\004\177*_\220\012\352"
  58      02F68C35 
  58      2C806204 
  58      7F2A5F90 
  58      0AEA
  59 014c 5473E6D7 		.ascii	"Ts\346\327\346\2076\021\001\336\002\353\014\336\203"
  59      E6873611 
  59      01DE02EB 
  59      0CDE83
  60 015b 4ADA60A7 		.ascii	"J\332`\247\214\022R\255\022\357\237\332\260\003-u\276"
  60      8C1252AD 
  60      12EF9FDA 
  60      B0032D75 
  60      BE
  61 016c 3556DEB4 		.ascii	"5V\336\264\013\313f\340\006\223\022\351\303Si\3011\250"
  61      0BCB66E0 
ARM GAS  C:\Users\info\AppData\Local\Temp\ccOVvh1q.s 			page 4


  61      069312E9 
  61      C35369C1 
  61      31A8
  62 017e FA337890 		.ascii	"\3723x\220\021\220\205\220\260\231\242\216\235\024\343"
  62      11908590 
  62      B099A28E 
  62      9D14E3
  63 018d 260E1C4E 		.ascii	"&\016\034NEs\011\355\214{\337\230\314\331\006\266\270"
  63      457309ED 
  63      8C7BDF98 
  63      CCD906B6 
  63      B8
  64 019e 0166D177 		.ascii	"\001f\321wL\204\015[\010\311K\324\024dX<\272\213\267"
  64      4C840D5B 
  64      08C94BD4 
  64      1464583C 
  64      BA8BB7
  65 01b1 BC7BDE48 		.ascii	"\274{\336H\276\344\335\035\350/\216\215\024\274\334"
  65      BEE4DD1D 
  65      E82F8E8D 
  65      14BCDC
  66 01c0 EDFE625F 		.ascii	"\355\376b_o\256\25784p\343j\201\354\373\371\2411\357"
  66      6FAEAF38 
  66      3470E36A 
  66      81ECFBF9 
  66      A131EF
  67 01d3 DC68295F 		.ascii	"\334h)_\032,\334\034,\215\236\000\015p\303\221"
  67      1A2CDC1C 
  67      2C8D9E00 
  67      0D70C391 
  68              		.text
  69              		.section	.gnu.lto_Col_4_SetDriveMode.bf1520c9,"",%progbits
  70 0000 789C7D51 		.ascii	"x\234}QMK\033Q\024\275\347\275\311\314\0041\177\300"
  70      4D4B1B51 
  70      14BDE7BD 
  70      C9CC0431 
  70      7FC0
  71 0012 80E2C290 		.ascii	"\200\342\302\220\215\010\352/\010\350V\3146 \242\263"
  71      8D08EA2F 
  71      08E856CC 
  71      3620A2B3 
  72 0022 D3868A5D 		.ascii	"\323\206\212]\373\222\030\012\355\242\202\350F4n\304"
  72      FB92180A 
  72      EDA282E8 
  72      46346EC4 
  73 0032 8FF8155C 		.ascii	"\217\370\025\\\271\033\003\355\242\213\264\253.\\Hq"
  73      B91B03ED 
  73      A28BB4AB 
  73      2E5C4871 
  74 0042 11446889 		.ascii	"\021Dh\211_(\266iz\357\214\213\254|\314\273\037\207"
  74      5F28B669 
  74      7AEF8C8B 
  74      AC7CCCBB 
  74      1F87
  75 0054 730EF7BE 		.ascii	"s\016\367\276\261\010$\347\212S\037\347.\276\320\004"
  75      B10824E7 
  75      8A531FE7 
ARM GAS  C:\Users\info\AppData\Local\Temp\ccOVvh1q.s 			page 5


  75      2EBED004 
  76 0064 B55423CA 		.ascii	"\265T#\312\271\012\220\302\270\240\005\205\005<\250"
  76      B90A90C2 
  76      B8A00585 
  76      053CA8
  77 0073 A642F57D 		.ascii	"\246B\365}\375T%\267\015\237\237\237\177\017\230\035"
  77      FD5425B7 
  77      0D9F9F9F 
  77      7F0F981D 
  78 0083 1F454DD4 		.ascii	"\037EM\324R\201\023a\033If\335\235l-w\350^\020\3277"
  78      52811361 
  78      1B4966DD 
  78      9D6C2D77 
  78      E85E10D7 
  79 0098 B5C6452C 		.ascii	"\265\306E,\261eL\336\230V\306\350\242\006v\240Y\201"
  79      B1654CDE 
  79      9856C6E8 
  79      A20676A0 
  79      5981
  80 00aa C13806E2 		.ascii	"\3018\006\342\304\000a\027\011!_V\376\255t\332\213b"
  80      C4006117 
  80      09215F56 
  80      FEAD74DA 
  80      8B62
  81 00bc DF139A62 		.ascii	"\337\023\232b\017\266\214y4\356\233V\253`\374G\373\354"
  81      0FB68C79 
  81      34EE9B56 
  81      AB60FC47 
  81      FBEC
  82 00ce D9EE502C 		.ascii	"\331\356P,S\232\203\266$D \016\266\224\216\004WBT8D"
  82      539A83B6 
  82      2444200E 
  82      B6948E04 
  82      57425438 
  83 00e3 0DBEB2C8 		.ascii	"\015\276\262\310\215R\222u\035\325\347\017\3655K\234"
  83      8D529275 
  83      1DD5E70F 
  83      F5354B9C 
  84 00f3 0B5A965A 		.ascii	"\013Z\226Z-V\2779\367\252\250\255`\342\257\327\376\367"
  84      2D56BF39 
  84      F7AAA8AD 
  84      60E2AFD7 
  84      FEF7
  85 0105 58D86E6C 		.ascii	"X\330nl\346\214\305P\245\374\311\270%\254\347\026y\335"
  85      E68CC550 
  85      A5FCC9B8 
  85      25ACE716 
  85      79DD
  86 0117 08F61147 		.ascii	"\010\366\021G\031q\236\356\000%P\035\371['\264\323\354"
  86      19719EEE 
  86      0025501D 
  86      F95B27B4 
  86      D3EC
  87 0129 C87DE1AF 		.ascii	"\310}\341\257\035\366\026C\254?\377\362\261\031\025"
  87      1DF61643 
  87      AC3FFFF2 
  87      B11915
ARM GAS  C:\Users\info\AppData\Local\Temp\ccOVvh1q.s 			page 6


  88 0138 4B8DB738 		.ascii	"K\215\2678de\233\204\277H\273\304a\210%\277~\224\367"
  88      64659B84 
  88      BF48BBC4 
  88      618825BF 
  88      7E94F7
  89 014b 752889E1 		.ascii	"u(\211\341(\220\024\236^(n`\354\264\273D\031\345\276"
  89      2890149E 
  89      5E286E60 
  89      ECB4BB44 
  89      19E5BE
  90 015e BA0AE95F 		.ascii	"\272\012\351_\033\371\230Gf>]#\357\377\031\021v\360"
  90      1BF99847 
  90      663E5D23 
  90      EFFF1911 
  90      76F0
  91 0170 EB1A0AF2 		.ascii	"\353\032\012\362<\374X\335\243\336\033onr\336\233\236"
  91      3CFC58DD 
  91      A3DE1B6F 
  91      6E72DE9B 
  91      9E
  92 0181 4867DFCD 		.ascii	"Hg\337\315My\231\261t65\234Ieg&\206\372\247\310\232"
  92      4D7999B1 
  92      7436359C 
  92      49656726 
  92      86FAA7C8 
  93 0196 CD4E7BFF 		.ascii	"\315N{\377\001\336\357\244\314"
  93      01DEEFA4 
  93      CC
  94              		.text
  95              		.section	.gnu.lto_Col_4_Read.bf1520c9,"",%progbits
  96 0000 789C354F 		.ascii	"x\2345O\315K\002Q\020\237\337{\253+\205\376\003\011"
  96      CD4B0251 
  96      109FDF7B 
  96      AB2B85FE 
  96      0309
  97 0012 D5D14B04 		.ascii	"\325\321K\004\025DW\241\256\221\207.\202\204\355-\022"
  97      154457A1 
  97      AE91872E 
  97      8284ED2D 
  97      12
  98 0023 A4CEEEBA 		.ascii	"\244\316\356\272nAt\350R\235J\010B\313$<\011\2356OA"
  98      6E4174E8 
  98      529D4A08 
  98      42CB243C 
  98      099D364F 
  99 0038 50870882 		.ascii	"P\207\010\202B\"\304\240C\224\030\201}\330\274\266\006"
  99      4222C4A0 
  99      43941881 
  99      7DD8BCB6 
  99      06
 100 0049 DECC7BF3 		.ascii	"\336\314{\363~\0373\032\201T\314r\031\344\332\307\007"
 100      7E1F331A 
 100      8154CC72 
 100      19E4DAC7 
 100      07
 101 005a 9220362E 		.ascii	"\222 6.\210\254\200\000\324\305\014\2002\002\031\274"
 101      88AC8000 
ARM GAS  C:\Users\info\AppData\Local\Temp\ccOVvh1q.s 			page 7


 101      D4C50C80 
 101      320219BC 
 102 006a 892F81F3 		.ascii	"\211/\201\363\367\263\365\236H\3014\263\346\375~g|\273"
 102      F7B3F59E 
 102      48C134B3 
 102      E6FD7E67 
 102      7CBB
 103 007c E8C29144 		.ascii	"\350\302\221D]A\030\011c8\254$\012\210\020C\037*\337"
 103      5D411809 
 103      6338AC24 
 103      0A881043 
 103      1F2ADF
 104 008f 9B417FCE 		.ascii	"\233A\177\316\344\030P\000\376)\302\257,\217g\\\263"
 104      E4185000 
 104      FE29C2AF 
 104      2C8F675C 
 104      B3
 105 00a0 DBB54DF7 		.ascii	"\333\265M\367Z?\275\321u\220#\331\227\223\306I\370T"
 105      5A3FBDD1 
 105      759023D9 
 105      9793C649 
 105      F854
 106 00b2 F29392A5 		.ascii	"\362\223\222\245\027\246\251!^\205PU6Q\353\254\325w"
 106      17A6A921 
 106      5E855055 
 106      3651EBAC 
 106      D577
 107 00c4 2794922D 		.ascii	"'\224\222-%\273l9\265K\275-\034)\241L\263\217\365\333"
 107      25BB6C39 
 107      B54BBD2D 
 107      1C29A14C 
 107      B38FF5DB 
 108 00d8 5EEF59D9 		.ascii	"^\357Y\331\263L\215[\216uu\027\312c\307\312\361\250"
 108      B34C8D5B 
 108      8E757517 
 108      CA63C7CA 
 108      F1A8
 109 00ea 1A0E11C6 		.ascii	"\032\016\021\306\001xP\224\220\0075a\177N\222-\341\311"
 109      01785094 
 109      90073561 
 109      7F4E922D 
 109      E1C9
 110 00fc 559F4BD5 		.ascii	"U\237K\325\240\342\003.\341\210qMd[\253m\3419j\014T"
 110      A0E2032E 
 110      E188714D 
 110      645BAB6D 
 110      E1396A0C 
 111 0111 94D64A43 		.ascii	"\224\326JC\363:>n2\257\361Q>\011)\236\340\025\313\377"
 111      F33A3E6E 
 111      32AFF151 
 111      3E09299E 
 111      E015CBFF 
 112 0125 B4063C90 		.ascii	"\264\006<\220\302\321\023\376D\374\364\273\031\324F"
 112      C2D113FE 
 112      44FCF4BB 
 112      19D446
 113 0134 BC5FFF94 		.ascii	"\274_\377\224\261h\244\347\226\214\371D,\265\234N\032"
ARM GAS  C:\Users\info\AppData\Local\Temp\ccOVvh1q.s 			page 8


 113      B168A4E7 
 113      968CF944 
 113      2CB59C4E 
 113      1A
 114 0145 F1E9582A 		.ascii	"\361\351X*:\026\217\246\026\022\243CI\372\001\225@|"
 114      3A168FA6 
 114      1612A343 
 114      49FA0195 
 114      407C
 115 0157 02       		.ascii	"\002"
 116              		.text
 117              		.section	.gnu.lto_Col_4_ReadDataReg.bf1520c9,"",%progbits
 118 0000 789C354F 		.ascii	"x\2345O\277KBQ\024>\337\275\317\247\010\366\017$T\243"
 118      BF4B4251 
 118      143EDFBD 
 118      CFA708F6 
 118      0F2454A3 
 119 0014 4B04D550 		.ascii	"K\004\325P\253Pk\344\320\"H\330\333\"Aj\366\352\363"
 119      AB506BE4 
 119      D02248D8 
 119      DB22416A 
 119      F6EAF3
 120 0027 1548434B 		.ascii	"\025HCKEP\004A\250\231T\223\020\004\346\024\004\325"
 120      45500441 
 120      A8995493 
 120      1004E614 
 120      04D5
 121 0039 1A2D12E2 		.ascii	"\032-\022\342\320 %F\220\245\235\333\253\003\367\234"
 121      D0202546 
 121      90A59DDB 
 121      AB03F79C 
 122 0049 7BCFFD7E 		.ascii	"{\317\375~\234c\020H\307\002\227\021\256\203| \011b"
 122      9C631048 
 122      C7029711 
 122      AE837C20 
 122      0962
 123 005b EB8E28ED 		.ascii	"\353\216(\355\023\200\276(\037(%\220\302\273\370\026"
 123      1380BE28 
 123      1F282590 
 123      C2BBF816 
 124 006b B8FDB8D9 		.ascii	"\270\375\270\331\364\207\362JeT\3758?\265[\250\302\221"
 124      F487F24A 
 124      6554FD38 
 124      3FB55BA8 
 124      C291
 125 007d 447D4118 		.ascii	"D}A\030\017b,\250%\362\010\021C\237/z\333\0013\2538"
 125      0F622CA8 
 125      25F20811 
 125      439F2F7A 
 125      DB0133AB 
 126 0092 8635807F 		.ascii	"\2065\200\177\0120\265\345\331|U\365\373\266\252^\371"
 126      0A30B5E5 
 126      D97C55F5 
 126      FBB6AA5E 
 126      F9
 127 00a3 AF1FFC5E 		.ascii	"\257\037\374^\220#\331\227\223\301Ixt2I\313\322+\323"
 127      9023D997 
ARM GAS  C:\Users\info\AppData\Local\Temp\ccOVvh1q.s 			page 9


 127      93C14978 
 127      743249CB 
 127      D22BD3
 128 00b6 F4106F42 		.ascii	"\364\020oB\350*\233\250}\346z\305i\255dK\311.;N\355"
 128      E82A9BA8 
 128      7DE67AC5 
 128      69AD644B 
 128      C92E3B4E 
 129 00cb DEDB118E 		.ascii	"\336\333\021\216\224\320\246\217O{-\323}\236\037\245"
 129      94D0A68F 
 129      4F7B2DD3 
 129      7D9E1FA5 
 130 00db 95C1AD7A 		.ascii	"\225\301\255zn\277\353=\304A:\313\243\0328A\020E\360"
 130      6EBFEB3D 
 130      C4413ACB 
 130      A31A3841 
 130      1045F0
 131 00ee A028E110 		.ascii	"\240(\341\020\324\204\3755C\266\204+Wi\225*\001\315"
 131      D484FD35 
 131      43B6842B 
 131      5769952A 
 131      01CD
 132 0100 07AA8453 		.ascii	"\007\252\204S\3065\221iot\204\353h0PS\332\353\015\303"
 132      C6359169 
 132      6F7484EB 
 132      68305053 
 132      DAEB0DC3 
 133 0114 ED78B8C9 		.ascii	"\355x\270\311\274F\267|9\240y\202W,\377\323\032pA\032"
 133      BC46B77C 
 133      39A07982 
 133      572CFFD3 
 133      1A70411A 
 134 0128 472FF813 		.ascii	"G/\370\0231\351w3\350\215x\277\241Yk\305J.\256ZK\261"
 134      31E97733 
 134      E88D78BF 
 134      A1596BC5 
 134      4A2EAE5A 
 135 013e 48622D19 		.ascii	"Hb-\031\267\242s\221Dx2\032N,\307&F\343\364\003p\375"
 135      B7A27391 
 135      4478321A 
 135      4E2CC726 
 135      46E3F403 
 136 0154 7C19     		.ascii	"|\031"
 137              		.text
 138              		.section	.gnu.lto_.symbol_nodes.bf1520c9,"",%progbits
 139 0000 789C6361 		.ascii	"x\234ca`dpc\000\002&\206z\006\206\011\347\030@\324\256"
 139      60647063 
 139      00022686 
 139      7A068609 
 139      E71840D4 
 140 0015 0645A000 		.ascii	"\006E\240\000c=#\252\000S=\023\252\000s=3\212\000\003"
 140      633D23AA 
 140      00533D13 
 140      AA00733D 
 140      338A0003 
 141 0029 0026B60F 		.ascii	"\000&\266\017<"
 141      3C
ARM GAS  C:\Users\info\AppData\Local\Temp\ccOVvh1q.s 			page 10


 142              		.text
 143              		.section	.gnu.lto_.refs.bf1520c9,"",%progbits
 144 0000 789C6361 		.ascii	"x\234ca`\004B \000\000\0009\000\007"
 144      60044220 
 144      00000039 
 144      0007
 145              		.text
 146              		.section	.gnu.lto_.decls.bf1520c9,"",%progbits
 147 0000 789C8D53 		.ascii	"x\234\215S[HTQ\024=\373\336\353\250WS\223(?\2062\277"
 147      5B485451 
 147      143DFBDE 
 147      EBA85753 
 147      93283F86 
 148 0016 FC924403 		.ascii	"\374\222D\003\277*P\362\253\014-\373H\030|\\L\010'\246"
 148      BF2A50F2 
 148      AB0C2DFB 
 148      48187C5C 
 148      4C0827A6 
 149 002a 31F02338 		.ascii	"1\360#8\250\225\371a\212\217\324\224\324\240|\345#\037"
 149      A895F961 
 149      8A8FD494 
 149      D4A07CE5 
 149      231F
 150 003c E9643996 		.ascii	"\351d9\226=\210\024\037`\210\037Jf`\017\230\310J\011"
 150      3D88141F 
 150      60881F4A 
 150      66600F98 
 150      C84A09
 151 004f 9BF639F7 		.ascii	"\233\3669\367\336\271SM\340\341\356s\366>g\257u\326"
 151      DEB9534D 
 151      E0E1EE73 
 151      F63E67AF 
 151      75D6
 152 0061 DE734622 		.ascii	"\336sF\"@\3308#\021R\205\253\031C7\016?\364\323\211"
 152      40D83823 
 152      115285AB 
 152      1943370E 
 152      3FF4D389 
 153 0075 31F098F4 		.ascii	"1\360\230\364\243\015\242\015\2439\310\277\203\235\233"
 153      A30DA20D 
 153      A339C8BF 
 153      839D9B
 154 0084 345C37E3 		.ascii	"4\\7\343B\033G\033CK\321r@\313\373{\014\372\300Nx\341"
 154      421B471B 
 154      434BD172 
 154      40CBFB7B 
 154      0CFAC04E 
 155 009a 75ECA00F 		.ascii	"u\354\240\017,\323\343\347\205K\361\201\033\366\201"
 155      2CD3E3E7 
 155      854BF181 
 155      1BF681
 156 00a9 736C03E7 		.ascii	"sl\003\347\253\316-\001\206\313\352\276\207.\302\002"
 156      ABCE2D01 
 156      86CBEABE 
 156      872EC202 
 157 00b9 08A03590 		.ascii	"\010\2405\220\000\2503p#\252\361\020\035\201\317\304"
 157      00A83370 
ARM GAS  C:\Users\info\AppData\Local\Temp\ccOVvh1q.s 			page 11


 157      23AAF110 
 157      1D81CFC4 
 158 00c9 B3E55988 		.ascii	"\263\345Y\210'Es\0152\376\351\253[\037\234\304`\007"
 158      2745730D 
 158      32FEE9AB 
 158      5B1F9CC4 
 158      6007
 159 00db 0D041E05 		.ascii	"\015\004\036\005\232\317\317\005\343\002PC\035\340\305"
 159      9ACFCF05 
 159      E3025043 
 159      1DE0C5
 160 00ea A7CAF5D2 		.ascii	"\247\312\365\322\004\177\326\004z\321W\247Z\342E,\030"
 160      047FD604 
 160      7AD157A7 
 160      5AE2452C 
 160      18
 161 00fb DDA5CDB6 		.ascii	"\335\245\315\266\2431]\024G\005\245\302^\2431=\227\337"
 161      A3315D14 
 161      4705A5C2 
 161      5EA3313D 
 161      97DF
 162 010d B507AC0B 		.ascii	"\265\007\254\013`\226\301\015,\3764\262\271C\215\331"
 162      6096C10D 
 162      2CFE34B2 
 162      B9438DD9 
 163 011d 717DE5CA 		.ascii	"q}\345\312\257 q\017\363\205\271\225\3165\011\242\345"
 163      AF20710F 
 163      F385B995 
 163      CE3509A2 
 163      E5
 164 012e 3B8C66F9 		.ascii	";\214f\371g\357\241\021J\303\240\033d\350\002\021\332"
 164      67EFA111 
 164      4AC3A01B 
 164      64E80211 
 164      DA
 165 013f 2186DD6D 		.ascii	"!\206\335m\226q.\245\264\210\272Z\251)\202@\234\031"
 165      96712EA5 
 165      B488BA5A 
 165      A9298240 
 165      9C19
 166 0151 0E9809DC 		.ascii	"\016\230\011\334\203h\306\311\262\240\023\314\320\001"
 166      8368C6C9 
 166      B2A013CC 
 166      D001
 167 015f 66C6BF7A 		.ascii	"f\306\277z\343\326G\223$ \220\361dIl\357\231\373\207"
 167      E3D64793 
 167      242090F1 
 167      64496CEF 
 167      99FB87
 168 0172 33142584 		.ascii	"3\024%\204\313 `8\353z\335\024\204\341.\031\3020\234"
 168      CB206038 
 168      EB7ADD14 
 168      84E12E19 
 168      C2309C
 169 0185 AA5E9885 		.ascii	"\252^\230\205\210Z\246\201\026\323H\001\322wC\037\022"
 169      885AA681 
 169      16D34801 
ARM GAS  C:\Users\info\AppData\Local\Temp\ccOVvh1q.s 			page 12


 169      D277431F 
 169      12
 170 0196 F6222181 		.ascii	"\366\"!\201\373\020\201s\017Hjuo\252K\334\201Q\315\264"
 170      FB108173 
 170      0F486A75 
 170      6FAA4BDC 
 170      8151CDB4 
 171 01aa B9972EBB 		.ascii	"\271\227.\273W\343\352\251\263\010a\002K\2036C4\272"
 171      57E3EAA9 
 171      B3086102 
 171      4B833643 
 171      34BA
 172 01bc 6CB90B8B 		.ascii	"l\271\013\213\330\311~\210b\017f\250\374}\240h\341M"
 172      D8C97E88 
 172      620F66A8 
 172      FC7DA068 
 172      E14D
 173 01ce 70D4567D 		.ascii	"p\324V}\013UY\234\353\317\203\3514r\034\341\034\003"
 173      0B55599C 
 173      EBCF83E9 
 173      34721CE1 
 173      1C03
 174 01e0 06C78037 		.ascii	"\006\307\2007\307 \347(o\350\233\025E\033\347h\252\270"
 174      C720E728 
 174      6FE89B15 
 174      451BE768 
 174      AAB8
 175 01f2 DD11E42D 		.ascii	"\335\021\344-\233\325k\350~\300ugi\262\307\3477\257"
 175      9BD56BE8 
 175      7EC07567 
 175      69B2C7E7 
 175      37AF
 176 0204 98B40BE7 		.ascii	"\230\264\013\347^\210\036\331\230\005C\306\225C\336"
 176      5E881ED9 
 176      980543C6 
 176      9543DE
 177 0213 570EF32B 		.ascii	"W\016\363+[\3477>\004\210\227\370\225\353KUou\331\216"
 177      5BE7373E 
 177      048897F8 
 177      95EB4B55 
 177      6F75D98E 
 178 0227 57BA6CC6 		.ascii	"W\272l\3061bp\214xs88\307LIo\243\250\366_\302\360\313"
 178      3162708C 
 178      78733838 
 178      C74C496F 
 178      A3A8F65F 
 179 023e 64C34A88 		.ascii	"d\303J\210\332\377H\306Z\362u\336$\227\262*\266\365"
 179      DAFF48C6 
 179      5AF275DE 
 179      2497B22A 
 179      B6F5
 180 0250 0B4FAEB5 		.ascii	"\013O\256\265\270\375\305\353\300\237P\177M}\215?\310"
 180      B8FDC5EB 
 180      C09F507F 
 180      4D7D8D3F 
 180      C8
 181 0261 D13EE04E 		.ascii	"\321>\340N\037p\355\245m\234\254\274\306\312\037\303"
ARM GAS  C:\Users\info\AppData\Local\Temp\ccOVvh1q.s 			page 13


 181      1F70EDA5 
 181      6D9CACBC 
 181      C6CA1FC3 
 182 0271 963D36A4 		.ascii	"\226=6\244?\002Ym\327\300\364\347\036\277\3402\366\350"
 182      3F02596D 
 182      D7C0F4E7 
 182      1EBFE032 
 182      F6E8
 183 0283 2A8A69F8 		.ascii	"*\212i\370\313\020\2369\212$\017ys\307!\230\3779p\335"
 183      CB109E39 
 183      8A240F79 
 183      73C72198 
 183      FF3970DD 
 184 0297 12C4D1F9 		.ascii	"\022\304\321\371\233\215\"\236\261On\240(\205\316\000"
 184      9B8D229E 
 184      B14F6EA0 
 184      2885CE00 
 185 02a7 4C20190F 		.ascii	"L \031\017\\\207\271\317\266\251\253\210\232\352Bt\211"
 185      5C87B9CF 
 185      B6A9AB88 
 185      9AEA4274 
 185      89
 186 02b8 841F1078 		.ascii	"\204\037\020x\202\310\247H\314\303\240D\3539K\274\345"
 186      82C8A748 
 186      CCC3A044 
 186      EB394BBC 
 186      E5
 187 02c9 B42DCFAE 		.ascii	"\264-\317\256\004$\037?\025\231\030\033K\374\012\362"
 187      04241F3F 
 187      1599181B 
 187      4BFC0AF2 
 188 02d9 F2ED09FB 		.ascii	"\362\355\011\373\223\225|\305\226iWr,i\326\002[\266"
 188      93957CC5 
 188      96695772 
 188      2C69D602 
 188      5BB6
 189 02eb 927122CD 		.ascii	"\222q\"\315\232x0#\273\320^x^\271\020s\226\354\373O"
 189      9A783023 
 189      BBD05E78 
 189      5EB91073 
 189      96ECFB4F 
 190 02ff 06E78CC9 		.ascii	"\006\347\214\311&\341*y\232bO\262\345]T\216Ys\024Y\335"
 190      26E12A79 
 190      9A624FB2 
 190      E55D548E 
 190      59731459 
 191 0314 4A553273 		.ascii	"JU2sv\032nR\246=3U\311\225lJn\302o\336Sl\016"
 191      761A6E52 
 191      A63D3355 
 191      C9956C4A 
 191      6EC26FDE 
 192              		.text
 193              		.section	.gnu.lto_.symtab.bf1520c9,"",%progbits
 194 0000 436F6C5F 		.ascii	"Col_4_Write\000"
 194      345F5772 
 194      69746500 
 195 000c 00       		.ascii	"\000"
ARM GAS  C:\Users\info\AppData\Local\Temp\ccOVvh1q.s 			page 14


 196 000d 00       		.ascii	"\000"
 197 000e 00       		.ascii	"\000"
 198 000f 00000000 		.ascii	"\000\000\000\000\000\000\000\000"
 198      00000000 
 199 0017 B3000000 		.ascii	"\263\000\000\000"
 200 001b 436F6C5F 		.ascii	"Col_4_SetDriveMode\000"
 200      345F5365 
 200      74447269 
 200      76654D6F 
 200      646500
 201 002e 00       		.ascii	"\000"
 202 002f 00       		.ascii	"\000"
 203 0030 00       		.ascii	"\000"
 204 0031 00000000 		.ascii	"\000\000\000\000\000\000\000\000"
 204      00000000 
 205 0039 B5000000 		.ascii	"\265\000\000\000"
 206 003d 436F6C5F 		.ascii	"Col_4_Read\000"
 206      345F5265 
 206      616400
 207 0048 00       		.ascii	"\000"
 208 0049 00       		.ascii	"\000"
 209 004a 00       		.ascii	"\000"
 210 004b 00000000 		.ascii	"\000\000\000\000\000\000\000\000"
 210      00000000 
 211 0053 B8000000 		.ascii	"\270\000\000\000"
 212 0057 436F6C5F 		.ascii	"Col_4_ReadDataReg\000"
 212      345F5265 
 212      61644461 
 212      74615265 
 212      6700
 213 0069 00       		.ascii	"\000"
 214 006a 00       		.ascii	"\000"
 215 006b 00       		.ascii	"\000"
 216 006c 00000000 		.ascii	"\000\000\000\000\000\000\000\000"
 216      00000000 
 217 0074 BA000000 		.ascii	"\272\000\000\000"
 218              		.text
 219              		.section	.gnu.lto_.opts,"",%progbits
 220 0000 272D666D 		.ascii	"'-fmath-errno' '-fsigned-zeros' '-ftrapping-math' '"
 220      6174682D 
 220      6572726E 
 220      6F272027 
 220      2D667369 
 221 0033 2D666E6F 		.ascii	"-fno-trapv' '-fno-openmp' '-fno-openacc' '-mcpu=cor"
 221      2D747261 
 221      70762720 
 221      272D666E 
 221      6F2D6F70 
 222 0066 7465782D 		.ascii	"tex-m3' '-mthumb' '-g' '-Os' '-ffunction-sections' "
 222      6D332720 
 222      272D6D74 
 222      68756D62 
 222      2720272D 
 223 0099 272D6666 		.ascii	"'-ffat-lto-objects' '-flto'\000"
 223      61742D6C 
 223      746F2D6F 
 223      626A6563 
ARM GAS  C:\Users\info\AppData\Local\Temp\ccOVvh1q.s 			page 15


 223      74732720 
 224              		.text
 225              		.cfi_sections	.debug_frame
 226              		.section	.text.Col_4_Write,"ax",%progbits
 227              		.align	1
 228              		.global	Col_4_Write
 229              		.thumb
 230              		.thumb_func
 231              		.type	Col_4_Write, %function
 232              	Col_4_Write:
 233              	.LFB0:
 234              		.file 1 "Generated_Source\\PSoC5\\Col_4.c"
   1:Generated_Source\PSoC5/Col_4.c **** /*******************************************************************************
   2:Generated_Source\PSoC5/Col_4.c **** * File Name: Col_4.c  
   3:Generated_Source\PSoC5/Col_4.c **** * Version 2.20
   4:Generated_Source\PSoC5/Col_4.c **** *
   5:Generated_Source\PSoC5/Col_4.c **** * Description:
   6:Generated_Source\PSoC5/Col_4.c **** *  This file contains API to enable firmware control of a Pins component.
   7:Generated_Source\PSoC5/Col_4.c **** *
   8:Generated_Source\PSoC5/Col_4.c **** * Note:
   9:Generated_Source\PSoC5/Col_4.c **** *
  10:Generated_Source\PSoC5/Col_4.c **** ********************************************************************************
  11:Generated_Source\PSoC5/Col_4.c **** * Copyright 2008-2015, Cypress Semiconductor Corporation.  All rights reserved.
  12:Generated_Source\PSoC5/Col_4.c **** * You may use this file only in accordance with the license, terms, conditions, 
  13:Generated_Source\PSoC5/Col_4.c **** * disclaimers, and limitations in the end user license agreement accompanying 
  14:Generated_Source\PSoC5/Col_4.c **** * the software package with which this file was provided.
  15:Generated_Source\PSoC5/Col_4.c **** *******************************************************************************/
  16:Generated_Source\PSoC5/Col_4.c **** 
  17:Generated_Source\PSoC5/Col_4.c **** #include "cytypes.h"
  18:Generated_Source\PSoC5/Col_4.c **** #include "Col_4.h"
  19:Generated_Source\PSoC5/Col_4.c **** 
  20:Generated_Source\PSoC5/Col_4.c **** /* APIs are not generated for P15[7:6] on PSoC 5 */
  21:Generated_Source\PSoC5/Col_4.c **** #if !(CY_PSOC5A &&\
  22:Generated_Source\PSoC5/Col_4.c **** 	 Col_4__PORT == 15 && ((Col_4__MASK & 0xC0) != 0))
  23:Generated_Source\PSoC5/Col_4.c **** 
  24:Generated_Source\PSoC5/Col_4.c **** 
  25:Generated_Source\PSoC5/Col_4.c **** /*******************************************************************************
  26:Generated_Source\PSoC5/Col_4.c **** * Function Name: Col_4_Write
  27:Generated_Source\PSoC5/Col_4.c **** ****************************************************************************//**
  28:Generated_Source\PSoC5/Col_4.c **** *
  29:Generated_Source\PSoC5/Col_4.c **** * \brief Writes the value to the physical port (data output register), masking
  30:Generated_Source\PSoC5/Col_4.c **** *  and shifting the bits appropriately. 
  31:Generated_Source\PSoC5/Col_4.c **** *
  32:Generated_Source\PSoC5/Col_4.c **** * The data output register controls the signal applied to the physical pin in 
  33:Generated_Source\PSoC5/Col_4.c **** * conjunction with the drive mode parameter. This function avoids changing 
  34:Generated_Source\PSoC5/Col_4.c **** * other bits in the port by using the appropriate method (read-modify-write or
  35:Generated_Source\PSoC5/Col_4.c **** * bit banding).
  36:Generated_Source\PSoC5/Col_4.c **** *
  37:Generated_Source\PSoC5/Col_4.c **** * <b>Note</b> This function should not be used on a hardware digital output pin 
  38:Generated_Source\PSoC5/Col_4.c **** * as it is driven by the hardware signal attached to it.
  39:Generated_Source\PSoC5/Col_4.c **** *
  40:Generated_Source\PSoC5/Col_4.c **** * \param value
  41:Generated_Source\PSoC5/Col_4.c **** *  Value to write to the component instance.
  42:Generated_Source\PSoC5/Col_4.c **** *
  43:Generated_Source\PSoC5/Col_4.c **** * \return 
  44:Generated_Source\PSoC5/Col_4.c **** *  None 
  45:Generated_Source\PSoC5/Col_4.c **** *
ARM GAS  C:\Users\info\AppData\Local\Temp\ccOVvh1q.s 			page 16


  46:Generated_Source\PSoC5/Col_4.c **** * \sideeffect
  47:Generated_Source\PSoC5/Col_4.c **** *  If you use read-modify-write operations that are not atomic; the Interrupt 
  48:Generated_Source\PSoC5/Col_4.c **** *  Service Routines (ISR) can cause corruption of this function. An ISR that 
  49:Generated_Source\PSoC5/Col_4.c **** *  interrupts this function and performs writes to the Pins component data 
  50:Generated_Source\PSoC5/Col_4.c **** *  register can cause corrupted port data. To avoid this issue, you should 
  51:Generated_Source\PSoC5/Col_4.c **** *  either use the Per-Pin APIs (primary method) or disable interrupts around 
  52:Generated_Source\PSoC5/Col_4.c **** *  this function.
  53:Generated_Source\PSoC5/Col_4.c **** *
  54:Generated_Source\PSoC5/Col_4.c **** * \funcusage
  55:Generated_Source\PSoC5/Col_4.c **** *  \snippet Col_4_SUT.c usage_Col_4_Write
  56:Generated_Source\PSoC5/Col_4.c **** *******************************************************************************/
  57:Generated_Source\PSoC5/Col_4.c **** void Col_4_Write(uint8 value)
  58:Generated_Source\PSoC5/Col_4.c **** {
 235              		.loc 1 58 0
 236              		.cfi_startproc
 237              		@ args = 0, pretend = 0, frame = 0
 238              		@ frame_needed = 0, uses_anonymous_args = 0
 239              		@ link register save eliminated.
 240              	.LVL0:
  59:Generated_Source\PSoC5/Col_4.c ****     uint8 staticBits = (Col_4_DR & (uint8)(~Col_4_MASK));
 241              		.loc 1 59 0
 242 0000 044A     		ldr	r2, .L2
  60:Generated_Source\PSoC5/Col_4.c ****     Col_4_DR = staticBits | ((uint8)(value << Col_4_SHIFT) & Col_4_MASK);
 243              		.loc 1 60 0
 244 0002 8001     		lsls	r0, r0, #6
 245              	.LVL1:
  59:Generated_Source\PSoC5/Col_4.c ****     uint8 staticBits = (Col_4_DR & (uint8)(~Col_4_MASK));
 246              		.loc 1 59 0
 247 0004 1378     		ldrb	r3, [r2]	@ zero_extendqisi2
 248              	.LVL2:
 249              		.loc 1 60 0
 250 0006 00F04000 		and	r0, r0, #64
 251 000a 03F0BF03 		and	r3, r3, #191
 252              	.LVL3:
 253 000e 0343     		orrs	r3, r3, r0
 254 0010 1370     		strb	r3, [r2]
 255 0012 7047     		bx	lr
 256              	.L3:
 257              		.align	2
 258              	.L2:
 259 0014 30510040 		.word	1073762608
 260              		.cfi_endproc
 261              	.LFE0:
 262              		.size	Col_4_Write, .-Col_4_Write
 263              		.section	.text.Col_4_SetDriveMode,"ax",%progbits
 264              		.align	1
 265              		.global	Col_4_SetDriveMode
 266              		.thumb
 267              		.thumb_func
 268              		.type	Col_4_SetDriveMode, %function
 269              	Col_4_SetDriveMode:
 270              	.LFB1:
  61:Generated_Source\PSoC5/Col_4.c **** }
  62:Generated_Source\PSoC5/Col_4.c **** 
  63:Generated_Source\PSoC5/Col_4.c **** 
  64:Generated_Source\PSoC5/Col_4.c **** /*******************************************************************************
  65:Generated_Source\PSoC5/Col_4.c **** * Function Name: Col_4_SetDriveMode
ARM GAS  C:\Users\info\AppData\Local\Temp\ccOVvh1q.s 			page 17


  66:Generated_Source\PSoC5/Col_4.c **** ****************************************************************************//**
  67:Generated_Source\PSoC5/Col_4.c **** *
  68:Generated_Source\PSoC5/Col_4.c **** * \brief Sets the drive mode for each of the Pins component's pins.
  69:Generated_Source\PSoC5/Col_4.c **** * 
  70:Generated_Source\PSoC5/Col_4.c **** * <b>Note</b> This affects all pins in the Pins component instance. Use the
  71:Generated_Source\PSoC5/Col_4.c **** * Per-Pin APIs if you wish to control individual pin's drive modes.
  72:Generated_Source\PSoC5/Col_4.c **** *
  73:Generated_Source\PSoC5/Col_4.c **** * \param mode
  74:Generated_Source\PSoC5/Col_4.c **** *  Mode for the selected signals. Valid options are documented in 
  75:Generated_Source\PSoC5/Col_4.c **** *  \ref driveMode.
  76:Generated_Source\PSoC5/Col_4.c **** *
  77:Generated_Source\PSoC5/Col_4.c **** * \return
  78:Generated_Source\PSoC5/Col_4.c **** *  None
  79:Generated_Source\PSoC5/Col_4.c **** *
  80:Generated_Source\PSoC5/Col_4.c **** * \sideeffect
  81:Generated_Source\PSoC5/Col_4.c **** *  If you use read-modify-write operations that are not atomic, the ISR can
  82:Generated_Source\PSoC5/Col_4.c **** *  cause corruption of this function. An ISR that interrupts this function 
  83:Generated_Source\PSoC5/Col_4.c **** *  and performs writes to the Pins component Drive Mode registers can cause 
  84:Generated_Source\PSoC5/Col_4.c **** *  corrupted port data. To avoid this issue, you should either use the Per-Pin
  85:Generated_Source\PSoC5/Col_4.c **** *  APIs (primary method) or disable interrupts around this function.
  86:Generated_Source\PSoC5/Col_4.c **** *
  87:Generated_Source\PSoC5/Col_4.c **** * \funcusage
  88:Generated_Source\PSoC5/Col_4.c **** *  \snippet Col_4_SUT.c usage_Col_4_SetDriveMode
  89:Generated_Source\PSoC5/Col_4.c **** *******************************************************************************/
  90:Generated_Source\PSoC5/Col_4.c **** void Col_4_SetDriveMode(uint8 mode)
  91:Generated_Source\PSoC5/Col_4.c **** {
 271              		.loc 1 91 0
 272              		.cfi_startproc
 273              		@ args = 0, pretend = 0, frame = 0
 274              		@ frame_needed = 0, uses_anonymous_args = 0
 275              		@ link register save eliminated.
 276              	.LVL4:
  92:Generated_Source\PSoC5/Col_4.c **** 	CyPins_SetPinDriveMode(Col_4_0, mode);
 277              		.loc 1 92 0
 278 0000 044A     		ldr	r2, .L5
 279 0002 00F00E00 		and	r0, r0, #14
 280              	.LVL5:
 281 0006 1378     		ldrb	r3, [r2]	@ zero_extendqisi2
 282 0008 03F0F103 		and	r3, r3, #241
 283 000c 1843     		orrs	r0, r0, r3
 284 000e 1070     		strb	r0, [r2]
 285 0010 7047     		bx	lr
 286              	.L6:
 287 0012 00BF     		.align	2
 288              	.L5:
 289 0014 1E500040 		.word	1073762334
 290              		.cfi_endproc
 291              	.LFE1:
 292              		.size	Col_4_SetDriveMode, .-Col_4_SetDriveMode
 293              		.section	.text.Col_4_Read,"ax",%progbits
 294              		.align	1
 295              		.global	Col_4_Read
 296              		.thumb
 297              		.thumb_func
 298              		.type	Col_4_Read, %function
 299              	Col_4_Read:
 300              	.LFB2:
ARM GAS  C:\Users\info\AppData\Local\Temp\ccOVvh1q.s 			page 18


  93:Generated_Source\PSoC5/Col_4.c **** }
  94:Generated_Source\PSoC5/Col_4.c **** 
  95:Generated_Source\PSoC5/Col_4.c **** 
  96:Generated_Source\PSoC5/Col_4.c **** /*******************************************************************************
  97:Generated_Source\PSoC5/Col_4.c **** * Function Name: Col_4_Read
  98:Generated_Source\PSoC5/Col_4.c **** ****************************************************************************//**
  99:Generated_Source\PSoC5/Col_4.c **** *
 100:Generated_Source\PSoC5/Col_4.c **** * \brief Reads the associated physical port (pin status register) and masks 
 101:Generated_Source\PSoC5/Col_4.c **** *  the required bits according to the width and bit position of the component
 102:Generated_Source\PSoC5/Col_4.c **** *  instance. 
 103:Generated_Source\PSoC5/Col_4.c **** *
 104:Generated_Source\PSoC5/Col_4.c **** * The pin's status register returns the current logic level present on the 
 105:Generated_Source\PSoC5/Col_4.c **** * physical pin.
 106:Generated_Source\PSoC5/Col_4.c **** *
 107:Generated_Source\PSoC5/Col_4.c **** * \return 
 108:Generated_Source\PSoC5/Col_4.c **** *  The current value for the pins in the component as a right justified number.
 109:Generated_Source\PSoC5/Col_4.c **** *
 110:Generated_Source\PSoC5/Col_4.c **** * \funcusage
 111:Generated_Source\PSoC5/Col_4.c **** *  \snippet Col_4_SUT.c usage_Col_4_Read  
 112:Generated_Source\PSoC5/Col_4.c **** *******************************************************************************/
 113:Generated_Source\PSoC5/Col_4.c **** uint8 Col_4_Read(void)
 114:Generated_Source\PSoC5/Col_4.c **** {
 301              		.loc 1 114 0
 302              		.cfi_startproc
 303              		@ args = 0, pretend = 0, frame = 0
 304              		@ frame_needed = 0, uses_anonymous_args = 0
 305              		@ link register save eliminated.
 115:Generated_Source\PSoC5/Col_4.c ****     return (Col_4_PS & Col_4_MASK) >> Col_4_SHIFT;
 306              		.loc 1 115 0
 307 0000 024B     		ldr	r3, .L8
 308 0002 1878     		ldrb	r0, [r3]	@ zero_extendqisi2
 116:Generated_Source\PSoC5/Col_4.c **** }
 309              		.loc 1 116 0
 310 0004 C0F38010 		ubfx	r0, r0, #6, #1
 311 0008 7047     		bx	lr
 312              	.L9:
 313 000a 00BF     		.align	2
 314              	.L8:
 315 000c 31510040 		.word	1073762609
 316              		.cfi_endproc
 317              	.LFE2:
 318              		.size	Col_4_Read, .-Col_4_Read
 319              		.section	.text.Col_4_ReadDataReg,"ax",%progbits
 320              		.align	1
 321              		.global	Col_4_ReadDataReg
 322              		.thumb
 323              		.thumb_func
 324              		.type	Col_4_ReadDataReg, %function
 325              	Col_4_ReadDataReg:
 326              	.LFB3:
 117:Generated_Source\PSoC5/Col_4.c **** 
 118:Generated_Source\PSoC5/Col_4.c **** 
 119:Generated_Source\PSoC5/Col_4.c **** /*******************************************************************************
 120:Generated_Source\PSoC5/Col_4.c **** * Function Name: Col_4_ReadDataReg
 121:Generated_Source\PSoC5/Col_4.c **** ****************************************************************************//**
 122:Generated_Source\PSoC5/Col_4.c **** *
 123:Generated_Source\PSoC5/Col_4.c **** * \brief Reads the associated physical port's data output register and masks 
ARM GAS  C:\Users\info\AppData\Local\Temp\ccOVvh1q.s 			page 19


 124:Generated_Source\PSoC5/Col_4.c **** *  the correct bits according to the width and bit position of the component 
 125:Generated_Source\PSoC5/Col_4.c **** *  instance. 
 126:Generated_Source\PSoC5/Col_4.c **** *
 127:Generated_Source\PSoC5/Col_4.c **** * The data output register controls the signal applied to the physical pin in 
 128:Generated_Source\PSoC5/Col_4.c **** * conjunction with the drive mode parameter. This is not the same as the 
 129:Generated_Source\PSoC5/Col_4.c **** * preferred Col_4_Read() API because the 
 130:Generated_Source\PSoC5/Col_4.c **** * Col_4_ReadDataReg() reads the data register instead of the status 
 131:Generated_Source\PSoC5/Col_4.c **** * register. For output pins this is a useful function to determine the value 
 132:Generated_Source\PSoC5/Col_4.c **** * just written to the pin.
 133:Generated_Source\PSoC5/Col_4.c **** *
 134:Generated_Source\PSoC5/Col_4.c **** * \return 
 135:Generated_Source\PSoC5/Col_4.c **** *  The current value of the data register masked and shifted into a right 
 136:Generated_Source\PSoC5/Col_4.c **** *  justified number for the component instance.
 137:Generated_Source\PSoC5/Col_4.c **** *
 138:Generated_Source\PSoC5/Col_4.c **** * \funcusage
 139:Generated_Source\PSoC5/Col_4.c **** *  \snippet Col_4_SUT.c usage_Col_4_ReadDataReg 
 140:Generated_Source\PSoC5/Col_4.c **** *******************************************************************************/
 141:Generated_Source\PSoC5/Col_4.c **** uint8 Col_4_ReadDataReg(void)
 142:Generated_Source\PSoC5/Col_4.c **** {
 327              		.loc 1 142 0
 328              		.cfi_startproc
 329              		@ args = 0, pretend = 0, frame = 0
 330              		@ frame_needed = 0, uses_anonymous_args = 0
 331              		@ link register save eliminated.
 143:Generated_Source\PSoC5/Col_4.c ****     return (Col_4_DR & Col_4_MASK) >> Col_4_SHIFT;
 332              		.loc 1 143 0
 333 0000 024B     		ldr	r3, .L11
 334 0002 1878     		ldrb	r0, [r3]	@ zero_extendqisi2
 144:Generated_Source\PSoC5/Col_4.c **** }
 335              		.loc 1 144 0
 336 0004 C0F38010 		ubfx	r0, r0, #6, #1
 337 0008 7047     		bx	lr
 338              	.L12:
 339 000a 00BF     		.align	2
 340              	.L11:
 341 000c 30510040 		.word	1073762608
 342              		.cfi_endproc
 343              	.LFE3:
 344              		.size	Col_4_ReadDataReg, .-Col_4_ReadDataReg
 345              		.text
 346              	.Letext0:
 347              		.file 2 "Generated_Source\\PSoC5\\cytypes.h"
 348              		.section	.debug_info,"",%progbits
 349              	.Ldebug_info0:
 350 0000 1D010000 		.4byte	0x11d
 351 0004 0400     		.2byte	0x4
 352 0006 00000000 		.4byte	.Ldebug_abbrev0
 353 000a 04       		.byte	0x4
 354 000b 01       		.uleb128 0x1
 355 000c 2D010000 		.4byte	.LASF20
 356 0010 0C       		.byte	0xc
 357 0011 0E010000 		.4byte	.LASF21
 358 0015 A4000000 		.4byte	.LASF22
 359 0019 00000000 		.4byte	.Ldebug_ranges0+0
 360 001d 00000000 		.4byte	0
 361 0021 00000000 		.4byte	.Ldebug_line0
 362 0025 02       		.uleb128 0x2
ARM GAS  C:\Users\info\AppData\Local\Temp\ccOVvh1q.s 			page 20


 363 0026 01       		.byte	0x1
 364 0027 06       		.byte	0x6
 365 0028 04020000 		.4byte	.LASF0
 366 002c 02       		.uleb128 0x2
 367 002d 01       		.byte	0x1
 368 002e 08       		.byte	0x8
 369 002f 4C000000 		.4byte	.LASF1
 370 0033 02       		.uleb128 0x2
 371 0034 02       		.byte	0x2
 372 0035 05       		.byte	0x5
 373 0036 EB010000 		.4byte	.LASF2
 374 003a 02       		.uleb128 0x2
 375 003b 02       		.byte	0x2
 376 003c 07       		.byte	0x7
 377 003d 71000000 		.4byte	.LASF3
 378 0041 02       		.uleb128 0x2
 379 0042 04       		.byte	0x4
 380 0043 05       		.byte	0x5
 381 0044 FB010000 		.4byte	.LASF4
 382 0048 02       		.uleb128 0x2
 383 0049 04       		.byte	0x4
 384 004a 07       		.byte	0x7
 385 004b 5F000000 		.4byte	.LASF5
 386 004f 02       		.uleb128 0x2
 387 0050 08       		.byte	0x8
 388 0051 05       		.byte	0x5
 389 0052 D8010000 		.4byte	.LASF6
 390 0056 02       		.uleb128 0x2
 391 0057 08       		.byte	0x8
 392 0058 07       		.byte	0x7
 393 0059 35000000 		.4byte	.LASF7
 394 005d 03       		.uleb128 0x3
 395 005e 04       		.byte	0x4
 396 005f 05       		.byte	0x5
 397 0060 696E7400 		.ascii	"int\000"
 398 0064 02       		.uleb128 0x2
 399 0065 04       		.byte	0x4
 400 0066 07       		.byte	0x7
 401 0067 97000000 		.4byte	.LASF8
 402 006b 04       		.uleb128 0x4
 403 006c F5010000 		.4byte	.LASF12
 404 0070 02       		.byte	0x2
 405 0071 E401     		.2byte	0x1e4
 406 0073 2C000000 		.4byte	0x2c
 407 0077 02       		.uleb128 0x2
 408 0078 04       		.byte	0x4
 409 0079 04       		.byte	0x4
 410 007a 2F000000 		.4byte	.LASF9
 411 007e 02       		.uleb128 0x2
 412 007f 08       		.byte	0x8
 413 0080 04       		.byte	0x4
 414 0081 84000000 		.4byte	.LASF10
 415 0085 02       		.uleb128 0x2
 416 0086 01       		.byte	0x1
 417 0087 08       		.byte	0x8
 418 0088 E6010000 		.4byte	.LASF11
 419 008c 04       		.uleb128 0x4
ARM GAS  C:\Users\info\AppData\Local\Temp\ccOVvh1q.s 			page 21


 420 008d 5A000000 		.4byte	.LASF13
 421 0091 02       		.byte	0x2
 422 0092 8E02     		.2byte	0x28e
 423 0094 98000000 		.4byte	0x98
 424 0098 05       		.uleb128 0x5
 425 0099 6B000000 		.4byte	0x6b
 426 009d 06       		.uleb128 0x6
 427 009e 8B000000 		.4byte	.LASF14
 428 00a2 01       		.byte	0x1
 429 00a3 39       		.byte	0x39
 430 00a4 00000000 		.4byte	.LFB0
 431 00a8 18000000 		.4byte	.LFE0-.LFB0
 432 00ac 01       		.uleb128 0x1
 433 00ad 9C       		.byte	0x9c
 434 00ae D1000000 		.4byte	0xd1
 435 00b2 07       		.uleb128 0x7
 436 00b3 13000000 		.4byte	.LASF16
 437 00b7 01       		.byte	0x1
 438 00b8 39       		.byte	0x39
 439 00b9 6B000000 		.4byte	0x6b
 440 00bd 00000000 		.4byte	.LLST0
 441 00c1 08       		.uleb128 0x8
 442 00c2 19000000 		.4byte	.LASF23
 443 00c6 01       		.byte	0x1
 444 00c7 3B       		.byte	0x3b
 445 00c8 6B000000 		.4byte	0x6b
 446 00cc 21000000 		.4byte	.LLST1
 447 00d0 00       		.byte	0
 448 00d1 06       		.uleb128 0x6
 449 00d2 00000000 		.4byte	.LASF15
 450 00d6 01       		.byte	0x1
 451 00d7 5A       		.byte	0x5a
 452 00d8 00000000 		.4byte	.LFB1
 453 00dc 18000000 		.4byte	.LFE1-.LFB1
 454 00e0 01       		.uleb128 0x1
 455 00e1 9C       		.byte	0x9c
 456 00e2 F6000000 		.4byte	0xf6
 457 00e6 07       		.uleb128 0x7
 458 00e7 C1010000 		.4byte	.LASF17
 459 00eb 01       		.byte	0x1
 460 00ec 5A       		.byte	0x5a
 461 00ed 6B000000 		.4byte	0x6b
 462 00f1 39000000 		.4byte	.LLST2
 463 00f5 00       		.byte	0
 464 00f6 09       		.uleb128 0x9
 465 00f7 24000000 		.4byte	.LASF18
 466 00fb 01       		.byte	0x1
 467 00fc 71       		.byte	0x71
 468 00fd 6B000000 		.4byte	0x6b
 469 0101 00000000 		.4byte	.LFB2
 470 0105 10000000 		.4byte	.LFE2-.LFB2
 471 0109 01       		.uleb128 0x1
 472 010a 9C       		.byte	0x9c
 473 010b 09       		.uleb128 0x9
 474 010c C6010000 		.4byte	.LASF19
 475 0110 01       		.byte	0x1
 476 0111 8D       		.byte	0x8d
ARM GAS  C:\Users\info\AppData\Local\Temp\ccOVvh1q.s 			page 22


 477 0112 6B000000 		.4byte	0x6b
 478 0116 00000000 		.4byte	.LFB3
 479 011a 10000000 		.4byte	.LFE3-.LFB3
 480 011e 01       		.uleb128 0x1
 481 011f 9C       		.byte	0x9c
 482 0120 00       		.byte	0
 483              		.section	.debug_abbrev,"",%progbits
 484              	.Ldebug_abbrev0:
 485 0000 01       		.uleb128 0x1
 486 0001 11       		.uleb128 0x11
 487 0002 01       		.byte	0x1
 488 0003 25       		.uleb128 0x25
 489 0004 0E       		.uleb128 0xe
 490 0005 13       		.uleb128 0x13
 491 0006 0B       		.uleb128 0xb
 492 0007 03       		.uleb128 0x3
 493 0008 0E       		.uleb128 0xe
 494 0009 1B       		.uleb128 0x1b
 495 000a 0E       		.uleb128 0xe
 496 000b 55       		.uleb128 0x55
 497 000c 17       		.uleb128 0x17
 498 000d 11       		.uleb128 0x11
 499 000e 01       		.uleb128 0x1
 500 000f 10       		.uleb128 0x10
 501 0010 17       		.uleb128 0x17
 502 0011 00       		.byte	0
 503 0012 00       		.byte	0
 504 0013 02       		.uleb128 0x2
 505 0014 24       		.uleb128 0x24
 506 0015 00       		.byte	0
 507 0016 0B       		.uleb128 0xb
 508 0017 0B       		.uleb128 0xb
 509 0018 3E       		.uleb128 0x3e
 510 0019 0B       		.uleb128 0xb
 511 001a 03       		.uleb128 0x3
 512 001b 0E       		.uleb128 0xe
 513 001c 00       		.byte	0
 514 001d 00       		.byte	0
 515 001e 03       		.uleb128 0x3
 516 001f 24       		.uleb128 0x24
 517 0020 00       		.byte	0
 518 0021 0B       		.uleb128 0xb
 519 0022 0B       		.uleb128 0xb
 520 0023 3E       		.uleb128 0x3e
 521 0024 0B       		.uleb128 0xb
 522 0025 03       		.uleb128 0x3
 523 0026 08       		.uleb128 0x8
 524 0027 00       		.byte	0
 525 0028 00       		.byte	0
 526 0029 04       		.uleb128 0x4
 527 002a 16       		.uleb128 0x16
 528 002b 00       		.byte	0
 529 002c 03       		.uleb128 0x3
 530 002d 0E       		.uleb128 0xe
 531 002e 3A       		.uleb128 0x3a
 532 002f 0B       		.uleb128 0xb
 533 0030 3B       		.uleb128 0x3b
ARM GAS  C:\Users\info\AppData\Local\Temp\ccOVvh1q.s 			page 23


 534 0031 05       		.uleb128 0x5
 535 0032 49       		.uleb128 0x49
 536 0033 13       		.uleb128 0x13
 537 0034 00       		.byte	0
 538 0035 00       		.byte	0
 539 0036 05       		.uleb128 0x5
 540 0037 35       		.uleb128 0x35
 541 0038 00       		.byte	0
 542 0039 49       		.uleb128 0x49
 543 003a 13       		.uleb128 0x13
 544 003b 00       		.byte	0
 545 003c 00       		.byte	0
 546 003d 06       		.uleb128 0x6
 547 003e 2E       		.uleb128 0x2e
 548 003f 01       		.byte	0x1
 549 0040 3F       		.uleb128 0x3f
 550 0041 19       		.uleb128 0x19
 551 0042 03       		.uleb128 0x3
 552 0043 0E       		.uleb128 0xe
 553 0044 3A       		.uleb128 0x3a
 554 0045 0B       		.uleb128 0xb
 555 0046 3B       		.uleb128 0x3b
 556 0047 0B       		.uleb128 0xb
 557 0048 27       		.uleb128 0x27
 558 0049 19       		.uleb128 0x19
 559 004a 11       		.uleb128 0x11
 560 004b 01       		.uleb128 0x1
 561 004c 12       		.uleb128 0x12
 562 004d 06       		.uleb128 0x6
 563 004e 40       		.uleb128 0x40
 564 004f 18       		.uleb128 0x18
 565 0050 9742     		.uleb128 0x2117
 566 0052 19       		.uleb128 0x19
 567 0053 01       		.uleb128 0x1
 568 0054 13       		.uleb128 0x13
 569 0055 00       		.byte	0
 570 0056 00       		.byte	0
 571 0057 07       		.uleb128 0x7
 572 0058 05       		.uleb128 0x5
 573 0059 00       		.byte	0
 574 005a 03       		.uleb128 0x3
 575 005b 0E       		.uleb128 0xe
 576 005c 3A       		.uleb128 0x3a
 577 005d 0B       		.uleb128 0xb
 578 005e 3B       		.uleb128 0x3b
 579 005f 0B       		.uleb128 0xb
 580 0060 49       		.uleb128 0x49
 581 0061 13       		.uleb128 0x13
 582 0062 02       		.uleb128 0x2
 583 0063 17       		.uleb128 0x17
 584 0064 00       		.byte	0
 585 0065 00       		.byte	0
 586 0066 08       		.uleb128 0x8
 587 0067 34       		.uleb128 0x34
 588 0068 00       		.byte	0
 589 0069 03       		.uleb128 0x3
 590 006a 0E       		.uleb128 0xe
ARM GAS  C:\Users\info\AppData\Local\Temp\ccOVvh1q.s 			page 24


 591 006b 3A       		.uleb128 0x3a
 592 006c 0B       		.uleb128 0xb
 593 006d 3B       		.uleb128 0x3b
 594 006e 0B       		.uleb128 0xb
 595 006f 49       		.uleb128 0x49
 596 0070 13       		.uleb128 0x13
 597 0071 02       		.uleb128 0x2
 598 0072 17       		.uleb128 0x17
 599 0073 00       		.byte	0
 600 0074 00       		.byte	0
 601 0075 09       		.uleb128 0x9
 602 0076 2E       		.uleb128 0x2e
 603 0077 00       		.byte	0
 604 0078 3F       		.uleb128 0x3f
 605 0079 19       		.uleb128 0x19
 606 007a 03       		.uleb128 0x3
 607 007b 0E       		.uleb128 0xe
 608 007c 3A       		.uleb128 0x3a
 609 007d 0B       		.uleb128 0xb
 610 007e 3B       		.uleb128 0x3b
 611 007f 0B       		.uleb128 0xb
 612 0080 27       		.uleb128 0x27
 613 0081 19       		.uleb128 0x19
 614 0082 49       		.uleb128 0x49
 615 0083 13       		.uleb128 0x13
 616 0084 11       		.uleb128 0x11
 617 0085 01       		.uleb128 0x1
 618 0086 12       		.uleb128 0x12
 619 0087 06       		.uleb128 0x6
 620 0088 40       		.uleb128 0x40
 621 0089 18       		.uleb128 0x18
 622 008a 9742     		.uleb128 0x2117
 623 008c 19       		.uleb128 0x19
 624 008d 00       		.byte	0
 625 008e 00       		.byte	0
 626 008f 00       		.byte	0
 627              		.section	.debug_loc,"",%progbits
 628              	.Ldebug_loc0:
 629              	.LLST0:
 630 0000 00000000 		.4byte	.LVL0
 631 0004 04000000 		.4byte	.LVL1
 632 0008 0100     		.2byte	0x1
 633 000a 50       		.byte	0x50
 634 000b 04000000 		.4byte	.LVL1
 635 000f 18000000 		.4byte	.LFE0
 636 0013 0400     		.2byte	0x4
 637 0015 F3       		.byte	0xf3
 638 0016 01       		.uleb128 0x1
 639 0017 50       		.byte	0x50
 640 0018 9F       		.byte	0x9f
 641 0019 00000000 		.4byte	0
 642 001d 00000000 		.4byte	0
 643              	.LLST1:
 644 0021 06000000 		.4byte	.LVL2
 645 0025 0E000000 		.4byte	.LVL3
 646 0029 0600     		.2byte	0x6
 647 002b 73       		.byte	0x73
ARM GAS  C:\Users\info\AppData\Local\Temp\ccOVvh1q.s 			page 25


 648 002c 00       		.sleb128 0
 649 002d 09       		.byte	0x9
 650 002e BF       		.byte	0xbf
 651 002f 1A       		.byte	0x1a
 652 0030 9F       		.byte	0x9f
 653 0031 00000000 		.4byte	0
 654 0035 00000000 		.4byte	0
 655              	.LLST2:
 656 0039 00000000 		.4byte	.LVL4
 657 003d 06000000 		.4byte	.LVL5
 658 0041 0100     		.2byte	0x1
 659 0043 50       		.byte	0x50
 660 0044 06000000 		.4byte	.LVL5
 661 0048 18000000 		.4byte	.LFE1
 662 004c 0400     		.2byte	0x4
 663 004e F3       		.byte	0xf3
 664 004f 01       		.uleb128 0x1
 665 0050 50       		.byte	0x50
 666 0051 9F       		.byte	0x9f
 667 0052 00000000 		.4byte	0
 668 0056 00000000 		.4byte	0
 669              		.section	.debug_aranges,"",%progbits
 670 0000 34000000 		.4byte	0x34
 671 0004 0200     		.2byte	0x2
 672 0006 00000000 		.4byte	.Ldebug_info0
 673 000a 04       		.byte	0x4
 674 000b 00       		.byte	0
 675 000c 0000     		.2byte	0
 676 000e 0000     		.2byte	0
 677 0010 00000000 		.4byte	.LFB0
 678 0014 18000000 		.4byte	.LFE0-.LFB0
 679 0018 00000000 		.4byte	.LFB1
 680 001c 18000000 		.4byte	.LFE1-.LFB1
 681 0020 00000000 		.4byte	.LFB2
 682 0024 10000000 		.4byte	.LFE2-.LFB2
 683 0028 00000000 		.4byte	.LFB3
 684 002c 10000000 		.4byte	.LFE3-.LFB3
 685 0030 00000000 		.4byte	0
 686 0034 00000000 		.4byte	0
 687              		.section	.debug_ranges,"",%progbits
 688              	.Ldebug_ranges0:
 689 0000 00000000 		.4byte	.LFB0
 690 0004 18000000 		.4byte	.LFE0
 691 0008 00000000 		.4byte	.LFB1
 692 000c 18000000 		.4byte	.LFE1
 693 0010 00000000 		.4byte	.LFB2
 694 0014 10000000 		.4byte	.LFE2
 695 0018 00000000 		.4byte	.LFB3
 696 001c 10000000 		.4byte	.LFE3
 697 0020 00000000 		.4byte	0
 698 0024 00000000 		.4byte	0
 699              		.section	.debug_line,"",%progbits
 700              	.Ldebug_line0:
 701 0000 90000000 		.section	.debug_str,"MS",%progbits,1
 701      02004200 
 701      00000201 
 701      FB0E0D00 
ARM GAS  C:\Users\info\AppData\Local\Temp\ccOVvh1q.s 			page 26


 701      01010101 
 702              	.LASF15:
 703 0000 436F6C5F 		.ascii	"Col_4_SetDriveMode\000"
 703      345F5365 
 703      74447269 
 703      76654D6F 
 703      646500
 704              	.LASF16:
 705 0013 76616C75 		.ascii	"value\000"
 705      6500
 706              	.LASF23:
 707 0019 73746174 		.ascii	"staticBits\000"
 707      69634269 
 707      747300
 708              	.LASF18:
 709 0024 436F6C5F 		.ascii	"Col_4_Read\000"
 709      345F5265 
 709      616400
 710              	.LASF9:
 711 002f 666C6F61 		.ascii	"float\000"
 711      7400
 712              	.LASF7:
 713 0035 6C6F6E67 		.ascii	"long long unsigned int\000"
 713      206C6F6E 
 713      6720756E 
 713      7369676E 
 713      65642069 
 714              	.LASF1:
 715 004c 756E7369 		.ascii	"unsigned char\000"
 715      676E6564 
 715      20636861 
 715      7200
 716              	.LASF13:
 717 005a 72656738 		.ascii	"reg8\000"
 717      00
 718              	.LASF5:
 719 005f 6C6F6E67 		.ascii	"long unsigned int\000"
 719      20756E73 
 719      69676E65 
 719      6420696E 
 719      7400
 720              	.LASF3:
 721 0071 73686F72 		.ascii	"short unsigned int\000"
 721      7420756E 
 721      7369676E 
 721      65642069 
 721      6E7400
 722              	.LASF10:
 723 0084 646F7562 		.ascii	"double\000"
 723      6C6500
 724              	.LASF14:
 725 008b 436F6C5F 		.ascii	"Col_4_Write\000"
 725      345F5772 
 725      69746500 
 726              	.LASF8:
 727 0097 756E7369 		.ascii	"unsigned int\000"
 727      676E6564 
ARM GAS  C:\Users\info\AppData\Local\Temp\ccOVvh1q.s 			page 27


 727      20696E74 
 727      00
 728              	.LASF22:
 729 00a4 433A5C55 		.ascii	"C:\\Users\\info\\Desktop\\Spring 2019 Classes\\6.11"
 729      73657273 
 729      5C696E66 
 729      6F5C4465 
 729      736B746F 
 730 00d2 355C362E 		.ascii	"5\\6.115-final\\PSoCCreator\\Final Project\\FinalEm"
 730      3131352D 
 730      66696E61 
 730      6C5C5053 
 730      6F434372 
 731 0101 756C6174 		.ascii	"ulator.cydsn\000"
 731      6F722E63 
 731      7964736E 
 731      00
 732              	.LASF21:
 733 010e 47656E65 		.ascii	"Generated_Source\\PSoC5\\Col_4.c\000"
 733      72617465 
 733      645F536F 
 733      75726365 
 733      5C50536F 
 734              	.LASF20:
 735 012d 474E5520 		.ascii	"GNU C11 5.4.1 20160609 (release) [ARM/embedded-5-br"
 735      43313120 
 735      352E342E 
 735      31203230 
 735      31363036 
 736 0160 616E6368 		.ascii	"anch revision 237715] -mcpu=cortex-m3 -mthumb -g -O"
 736      20726576 
 736      6973696F 
 736      6E203233 
 736      37373135 
 737 0193 73202D66 		.ascii	"s -ffunction-sections -ffat-lto-objects -flto\000"
 737      66756E63 
 737      74696F6E 
 737      2D736563 
 737      74696F6E 
 738              	.LASF17:
 739 01c1 6D6F6465 		.ascii	"mode\000"
 739      00
 740              	.LASF19:
 741 01c6 436F6C5F 		.ascii	"Col_4_ReadDataReg\000"
 741      345F5265 
 741      61644461 
 741      74615265 
 741      6700
 742              	.LASF6:
 743 01d8 6C6F6E67 		.ascii	"long long int\000"
 743      206C6F6E 
 743      6720696E 
 743      7400
 744              	.LASF11:
 745 01e6 63686172 		.ascii	"char\000"
 745      00
 746              	.LASF2:
ARM GAS  C:\Users\info\AppData\Local\Temp\ccOVvh1q.s 			page 28


 747 01eb 73686F72 		.ascii	"short int\000"
 747      7420696E 
 747      7400
 748              	.LASF12:
 749 01f5 75696E74 		.ascii	"uint8\000"
 749      3800
 750              	.LASF4:
 751 01fb 6C6F6E67 		.ascii	"long int\000"
 751      20696E74 
 751      00
 752              	.LASF0:
 753 0204 7369676E 		.ascii	"signed char\000"
 753      65642063 
 753      68617200 
 754              		.comm	__gnu_lto_v1,1,1
 755              		.ident	"GCC: (GNU Tools for ARM Embedded Processors) 5.4.1 20160609 (release) [ARM/embedded-5-bran
