ARM GAS  C:\Users\info\AppData\Local\Temp\ccBiOJIb.s 			page 1


   1              		.syntax unified
   2              		.cpu cortex-m3
   3              		.fpu softvfp
   4              		.eabi_attribute 20, 1
   5              		.eabi_attribute 21, 1
   6              		.eabi_attribute 23, 3
   7              		.eabi_attribute 24, 1
   8              		.eabi_attribute 25, 1
   9              		.eabi_attribute 26, 1
  10              		.eabi_attribute 30, 2
  11              		.eabi_attribute 34, 1
  12              		.eabi_attribute 18, 4
  13              		.thumb
  14              		.syntax unified
  15              		.file	"cymetadata.c"
  16              		.text
  17              	.Ltext0:
  18              		.cfi_sections	.debug_frame
  19              		.global	cy_metadata
  20              		.global	cy_meta_flashprotect
  21              		.global	cy_meta_wonvl
  22              		.global	cy_meta_custnvl
  23              		.global	cy_meta_configecc
  24              		.section	.cyconfigecc,"a",%progbits
  25              		.align	2
  26              		.type	cy_meta_configecc, %object
  27              		.size	cy_meta_configecc, 740
  28              	cy_meta_configecc:
  29 0000 02       		.byte	2
  30 0001 52       		.byte	82
  31 0002 00       		.byte	0
  32 0003 40       		.byte	64
  33 0004 01       		.byte	1
  34 0005 01       		.byte	1
  35 0006 01       		.byte	1
  36 0007 40       		.byte	64
  37 0008 01       		.byte	1
  38 0009 09       		.byte	9
  39 000a 01       		.byte	1
  40 000b 40       		.byte	64
  41 000c 35       		.byte	53
  42 000d 0A       		.byte	10
  43 000e 01       		.byte	1
  44 000f 40       		.byte	64
  45 0010 1B       		.byte	27
  46 0011 0B       		.byte	11
  47 0012 01       		.byte	1
  48 0013 40       		.byte	64
  49 0014 34       		.byte	52
  50 0015 0C       		.byte	12
  51 0016 01       		.byte	1
  52 0017 40       		.byte	64
  53 0018 19       		.byte	25
  54 0019 0D       		.byte	13
  55 001a 01       		.byte	1
  56 001b 40       		.byte	64
  57 001c 4D       		.byte	77
ARM GAS  C:\Users\info\AppData\Local\Temp\ccBiOJIb.s 			page 2


  58 001d 0E       		.byte	14
  59 001e 01       		.byte	1
  60 001f 40       		.byte	64
  61 0020 2B       		.byte	43
  62 0021 0F       		.byte	15
  63 0022 01       		.byte	1
  64 0023 40       		.byte	64
  65 0024 05       		.byte	5
  66 0025 40       		.byte	64
  67 0026 01       		.byte	1
  68 0027 40       		.byte	64
  69 0028 01       		.byte	1
  70 0029 41       		.byte	65
  71 002a 01       		.byte	1
  72 002b 40       		.byte	64
  73 002c 01       		.byte	1
  74 002d 42       		.byte	66
  75 002e 01       		.byte	1
  76 002f 40       		.byte	64
  77 0030 01       		.byte	1
  78 0031 43       		.byte	67
  79 0032 01       		.byte	1
  80 0033 40       		.byte	64
  81 0034 01       		.byte	1
  82 0035 44       		.byte	68
  83 0036 01       		.byte	1
  84 0037 40       		.byte	64
  85 0038 08       		.byte	8
  86 0039 45       		.byte	69
  87 003a 01       		.byte	1
  88 003b 40       		.byte	64
  89 003c 01       		.byte	1
  90 003d 46       		.byte	70
  91 003e 01       		.byte	1
  92 003f 40       		.byte	64
  93 0040 02       		.byte	2
  94 0041 47       		.byte	71
  95 0042 01       		.byte	1
  96 0043 40       		.byte	64
  97 0044 03       		.byte	3
  98 0045 48       		.byte	72
  99 0046 01       		.byte	1
 100 0047 40       		.byte	64
 101 0048 05       		.byte	5
 102 0049 50       		.byte	80
 103 004a 01       		.byte	1
 104 004b 40       		.byte	64
 105 004c 02       		.byte	2
 106 004d 51       		.byte	81
 107 004e 01       		.byte	1
 108 004f 40       		.byte	64
 109 0050 10       		.byte	16
 110 0051 10       		.byte	16
 111 0052 11       		.byte	17
 112 0053 18       		.byte	24
 113 0054 E2       		.byte	-30
 114 0055 80       		.byte	-128
ARM GAS  C:\Users\info\AppData\Local\Temp\ccBiOJIb.s 			page 3


 115 0056 B2       		.byte	-78
 116 0057 04       		.byte	4
 117 0058 06       		.byte	6
 118 0059 01       		.byte	1
 119 005a 07       		.byte	7
 120 005b 02       		.byte	2
 121 005c 0E       		.byte	14
 122 005d 02       		.byte	2
 123 005e 0F       		.byte	15
 124 005f 01       		.byte	1
 125 0060 13       		.byte	19
 126 0061 03       		.byte	3
 127 0062 15       		.byte	21
 128 0063 02       		.byte	2
 129 0064 25       		.byte	37
 130 0065 01       		.byte	1
 131 0066 26       		.byte	38
 132 0067 01       		.byte	1
 133 0068 32       		.byte	50
 134 0069 02       		.byte	2
 135 006a 34       		.byte	52
 136 006b 01       		.byte	1
 137 006c 35       		.byte	53
 138 006d 03       		.byte	3
 139 006e 40       		.byte	64
 140 006f 20       		.byte	32
 141 0070 41       		.byte	65
 142 0071 06       		.byte	6
 143 0072 47       		.byte	71
 144 0073 02       		.byte	2
 145 0074 48       		.byte	72
 146 0075 11       		.byte	17
 147 0076 49       		.byte	73
 148 0077 FF       		.byte	-1
 149 0078 4A       		.byte	74
 150 0079 FF       		.byte	-1
 151 007a 4B       		.byte	75
 152 007b FF       		.byte	-1
 153 007c 4D       		.byte	77
 154 007d A0       		.byte	-96
 155 007e 4F       		.byte	79
 156 007f 04       		.byte	4
 157 0080 50       		.byte	80
 158 0081 18       		.byte	24
 159 0082 52       		.byte	82
 160 0083 80       		.byte	-128
 161 0084 58       		.byte	88
 162 0085 08       		.byte	8
 163 0086 59       		.byte	89
 164 0087 08       		.byte	8
 165 0088 5A       		.byte	90
 166 0089 08       		.byte	8
 167 008a 5B       		.byte	91
 168 008b 08       		.byte	8
 169 008c 5F       		.byte	95
 170 008d 01       		.byte	1
 171 008e 60       		.byte	96
ARM GAS  C:\Users\info\AppData\Local\Temp\ccBiOJIb.s 			page 4


 172 008f 40       		.byte	64
 173 0090 62       		.byte	98
 174 0091 C0       		.byte	-64
 175 0092 64       		.byte	100
 176 0093 40       		.byte	64
 177 0094 65       		.byte	101
 178 0095 40       		.byte	64
 179 0096 66       		.byte	102
 180 0097 C0       		.byte	-64
 181 0098 68       		.byte	104
 182 0099 C0       		.byte	-64
 183 009a 6A       		.byte	106
 184 009b C0       		.byte	-64
 185 009c 6C       		.byte	108
 186 009d C0       		.byte	-64
 187 009e 6E       		.byte	110
 188 009f C0       		.byte	-64
 189 00a0 C0       		.byte	-64
 190 00a1 04       		.byte	4
 191 00a2 C9       		.byte	-55
 192 00a3 FF       		.byte	-1
 193 00a4 CA       		.byte	-54
 194 00a5 FF       		.byte	-1
 195 00a6 CB       		.byte	-53
 196 00a7 FF       		.byte	-1
 197 00a8 CC       		.byte	-52
 198 00a9 02       		.byte	2
 199 00aa CE       		.byte	-50
 200 00ab F0       		.byte	-16
 201 00ac D2       		.byte	-46
 202 00ad 01       		.byte	1
 203 00ae DA       		.byte	-38
 204 00af 0C       		.byte	12
 205 00b0 DB       		.byte	-37
 206 00b1 04       		.byte	4
 207 00b2 DD       		.byte	-35
 208 00b3 99       		.byte	-103
 209 00b4 DF       		.byte	-33
 210 00b5 01       		.byte	1
 211 00b6 E2       		.byte	-30
 212 00b7 48       		.byte	72
 213 00b8 E3       		.byte	-29
 214 00b9 A1       		.byte	-95
 215 00ba E8       		.byte	-24
 216 00bb F0       		.byte	-16
 217 00bc EA       		.byte	-22
 218 00bd F0       		.byte	-16
 219 00be EC       		.byte	-20
 220 00bf F0       		.byte	-16
 221 00c0 EE       		.byte	-18
 222 00c1 F0       		.byte	-16
 223 00c2 00       		.byte	0
 224 00c3 44       		.byte	68
 225 00c4 10       		.byte	16
 226 00c5 20       		.byte	32
 227 00c6 19       		.byte	25
 228 00c7 08       		.byte	8
ARM GAS  C:\Users\info\AppData\Local\Temp\ccBiOJIb.s 			page 5


 229 00c8 1A       		.byte	26
 230 00c9 04       		.byte	4
 231 00ca 20       		.byte	32
 232 00cb 04       		.byte	4
 233 00cc 29       		.byte	41
 234 00cd 08       		.byte	8
 235 00ce 30       		.byte	48
 236 00cf 08       		.byte	8
 237 00d0 31       		.byte	49
 238 00d1 01       		.byte	1
 239 00d2 38       		.byte	56
 240 00d3 44       		.byte	68
 241 00d4 40       		.byte	64
 242 00d5 04       		.byte	4
 243 00d6 47       		.byte	71
 244 00d7 01       		.byte	1
 245 00d8 48       		.byte	72
 246 00d9 28       		.byte	40
 247 00da 50       		.byte	80
 248 00db 08       		.byte	8
 249 00dc 6F       		.byte	111
 250 00dd 03       		.byte	3
 251 00de 71       		.byte	113
 252 00df 01       		.byte	1
 253 00e0 7B       		.byte	123
 254 00e1 01       		.byte	1
 255 00e2 7F       		.byte	127
 256 00e3 02       		.byte	2
 257 00e4 90       		.byte	-112
 258 00e5 40       		.byte	64
 259 00e6 A3       		.byte	-93
 260 00e7 01       		.byte	1
 261 00e8 C0       		.byte	-64
 262 00e9 05       		.byte	5
 263 00ea C4       		.byte	-60
 264 00eb 04       		.byte	4
 265 00ec CA       		.byte	-54
 266 00ed 02       		.byte	2
 267 00ee CC       		.byte	-52
 268 00ef 03       		.byte	3
 269 00f0 CE       		.byte	-50
 270 00f1 0A       		.byte	10
 271 00f2 D0       		.byte	-48
 272 00f3 84       		.byte	-124
 273 00f4 D2       		.byte	-46
 274 00f5 04       		.byte	4
 275 00f6 DE       		.byte	-34
 276 00f7 18       		.byte	24
 277 00f8 40       		.byte	64
 278 00f9 60       		.byte	96
 279 00fa 41       		.byte	65
 280 00fb 02       		.byte	2
 281 00fc 49       		.byte	73
 282 00fd FF       		.byte	-1
 283 00fe 4A       		.byte	74
 284 00ff FF       		.byte	-1
 285 0100 4B       		.byte	75
ARM GAS  C:\Users\info\AppData\Local\Temp\ccBiOJIb.s 			page 6


 286 0101 FF       		.byte	-1
 287 0102 4D       		.byte	77
 288 0103 A0       		.byte	-96
 289 0104 4F       		.byte	79
 290 0105 04       		.byte	4
 291 0106 50       		.byte	80
 292 0107 18       		.byte	24
 293 0108 52       		.byte	82
 294 0109 80       		.byte	-128
 295 010a 5A       		.byte	90
 296 010b 08       		.byte	8
 297 010c 5B       		.byte	91
 298 010d 04       		.byte	4
 299 010e 5F       		.byte	95
 300 010f 01       		.byte	1
 301 0110 60       		.byte	96
 302 0111 40       		.byte	64
 303 0112 62       		.byte	98
 304 0113 C0       		.byte	-64
 305 0114 64       		.byte	100
 306 0115 40       		.byte	64
 307 0116 65       		.byte	101
 308 0117 40       		.byte	64
 309 0118 66       		.byte	102
 310 0119 C0       		.byte	-64
 311 011a 68       		.byte	104
 312 011b C0       		.byte	-64
 313 011c 6A       		.byte	106
 314 011d C0       		.byte	-64
 315 011e 6C       		.byte	108
 316 011f C0       		.byte	-64
 317 0120 6E       		.byte	110
 318 0121 C0       		.byte	-64
 319 0122 86       		.byte	-122
 320 0123 01       		.byte	1
 321 0124 92       		.byte	-110
 322 0125 02       		.byte	2
 323 0126 A6       		.byte	-90
 324 0127 01       		.byte	1
 325 0128 B0       		.byte	-80
 326 0129 01       		.byte	1
 327 012a B4       		.byte	-76
 328 012b 02       		.byte	2
 329 012c C0       		.byte	-64
 330 012d 20       		.byte	32
 331 012e C1       		.byte	-63
 332 012f 06       		.byte	6
 333 0130 C5       		.byte	-59
 334 0131 01       		.byte	1
 335 0132 C7       		.byte	-57
 336 0133 02       		.byte	2
 337 0134 C8       		.byte	-56
 338 0135 11       		.byte	17
 339 0136 C9       		.byte	-55
 340 0137 FF       		.byte	-1
 341 0138 CA       		.byte	-54
 342 0139 FF       		.byte	-1
ARM GAS  C:\Users\info\AppData\Local\Temp\ccBiOJIb.s 			page 7


 343 013a CB       		.byte	-53
 344 013b FF       		.byte	-1
 345 013c CD       		.byte	-51
 346 013d AF       		.byte	-81
 347 013e CE       		.byte	-50
 348 013f 0F       		.byte	15
 349 0140 CF       		.byte	-49
 350 0141 04       		.byte	4
 351 0142 D0       		.byte	-48
 352 0143 18       		.byte	24
 353 0144 D2       		.byte	-46
 354 0145 80       		.byte	-128
 355 0146 D8       		.byte	-40
 356 0147 08       		.byte	8
 357 0148 DA       		.byte	-38
 358 0149 08       		.byte	8
 359 014a DB       		.byte	-37
 360 014b 08       		.byte	8
 361 014c DF       		.byte	-33
 362 014d 01       		.byte	1
 363 014e E0       		.byte	-32
 364 014f 40       		.byte	64
 365 0150 E2       		.byte	-30
 366 0151 C0       		.byte	-64
 367 0152 E4       		.byte	-28
 368 0153 40       		.byte	64
 369 0154 E5       		.byte	-27
 370 0155 40       		.byte	64
 371 0156 E6       		.byte	-26
 372 0157 C0       		.byte	-64
 373 0158 E8       		.byte	-24
 374 0159 C0       		.byte	-64
 375 015a EA       		.byte	-22
 376 015b C0       		.byte	-64
 377 015c EC       		.byte	-20
 378 015d C0       		.byte	-64
 379 015e EE       		.byte	-18
 380 015f C0       		.byte	-64
 381 0160 00       		.byte	0
 382 0161 04       		.byte	4
 383 0162 09       		.byte	9
 384 0163 02       		.byte	2
 385 0164 10       		.byte	16
 386 0165 20       		.byte	32
 387 0166 18       		.byte	24
 388 0167 44       		.byte	68
 389 0168 1B       		.byte	27
 390 0169 10       		.byte	16
 391 016a 40       		.byte	64
 392 016b 04       		.byte	4
 393 016c 46       		.byte	70
 394 016d 04       		.byte	4
 395 016e 48       		.byte	72
 396 016f 28       		.byte	40
 397 0170 4F       		.byte	79
 398 0171 20       		.byte	32
 399 0172 50       		.byte	80
ARM GAS  C:\Users\info\AppData\Local\Temp\ccBiOJIb.s 			page 8


 400 0173 08       		.byte	8
 401 0174 52       		.byte	82
 402 0175 04       		.byte	4
 403 0176 71       		.byte	113
 404 0177 02       		.byte	2
 405 0178 76       		.byte	118
 406 0179 80       		.byte	-128
 407 017a 7B       		.byte	123
 408 017b 03       		.byte	3
 409 017c 7F       		.byte	127
 410 017d 02       		.byte	2
 411 017e 94       		.byte	-108
 412 017f 40       		.byte	64
 413 0180 9E       		.byte	-98
 414 0181 80       		.byte	-128
 415 0182 A3       		.byte	-93
 416 0183 01       		.byte	1
 417 0184 B0       		.byte	-80
 418 0185 10       		.byte	16
 419 0186 C0       		.byte	-64
 420 0187 04       		.byte	4
 421 0188 C2       		.byte	-62
 422 0189 08       		.byte	8
 423 018a C4       		.byte	-60
 424 018b 04       		.byte	4
 425 018c D0       		.byte	-48
 426 018d 24       		.byte	36
 427 018e D2       		.byte	-46
 428 018f 24       		.byte	36
 429 0190 DE       		.byte	-34
 430 0191 18       		.byte	24
 431 0192 0A       		.byte	10
 432 0193 03       		.byte	3
 433 0194 0B       		.byte	11
 434 0195 01       		.byte	1
 435 0196 0C       		.byte	12
 436 0197 04       		.byte	4
 437 0198 10       		.byte	16
 438 0199 04       		.byte	4
 439 019a 13       		.byte	19
 440 019b 02       		.byte	2
 441 019c 1E       		.byte	30
 442 019d 04       		.byte	4
 443 019e 22       		.byte	34
 444 019f 01       		.byte	1
 445 01a0 23       		.byte	35
 446 01a1 01       		.byte	1
 447 01a2 26       		.byte	38
 448 01a3 02       		.byte	2
 449 01a4 30       		.byte	48
 450 01a5 03       		.byte	3
 451 01a6 32       		.byte	50
 452 01a7 04       		.byte	4
 453 01a8 33       		.byte	51
 454 01a9 02       		.byte	2
 455 01aa 37       		.byte	55
 456 01ab 01       		.byte	1
ARM GAS  C:\Users\info\AppData\Local\Temp\ccBiOJIb.s 			page 9


 457 01ac 3E       		.byte	62
 458 01ad 04       		.byte	4
 459 01ae 40       		.byte	64
 460 01af 30       		.byte	48
 461 01b0 41       		.byte	65
 462 01b1 06       		.byte	6
 463 01b2 45       		.byte	69
 464 01b3 01       		.byte	1
 465 01b4 46       		.byte	70
 466 01b5 05       		.byte	5
 467 01b6 47       		.byte	71
 468 01b7 02       		.byte	2
 469 01b8 48       		.byte	72
 470 01b9 17       		.byte	23
 471 01ba 49       		.byte	73
 472 01bb FF       		.byte	-1
 473 01bc 4A       		.byte	74
 474 01bd FF       		.byte	-1
 475 01be 4B       		.byte	75
 476 01bf FF       		.byte	-1
 477 01c0 4D       		.byte	77
 478 01c1 A0       		.byte	-96
 479 01c2 4F       		.byte	79
 480 01c3 04       		.byte	4
 481 01c4 50       		.byte	80
 482 01c5 18       		.byte	24
 483 01c6 52       		.byte	82
 484 01c7 80       		.byte	-128
 485 01c8 58       		.byte	88
 486 01c9 04       		.byte	4
 487 01ca 59       		.byte	89
 488 01cb 04       		.byte	4
 489 01cc 5A       		.byte	90
 490 01cd 04       		.byte	4
 491 01ce 5B       		.byte	91
 492 01cf 04       		.byte	4
 493 01d0 5F       		.byte	95
 494 01d1 01       		.byte	1
 495 01d2 60       		.byte	96
 496 01d3 40       		.byte	64
 497 01d4 62       		.byte	98
 498 01d5 C0       		.byte	-64
 499 01d6 64       		.byte	100
 500 01d7 40       		.byte	64
 501 01d8 65       		.byte	101
 502 01d9 40       		.byte	64
 503 01da 66       		.byte	102
 504 01db C0       		.byte	-64
 505 01dc 68       		.byte	104
 506 01dd C0       		.byte	-64
 507 01de 6A       		.byte	106
 508 01df C0       		.byte	-64
 509 01e0 6C       		.byte	108
 510 01e1 C0       		.byte	-64
 511 01e2 6E       		.byte	110
 512 01e3 C0       		.byte	-64
 513 01e4 83       		.byte	-125
ARM GAS  C:\Users\info\AppData\Local\Temp\ccBiOJIb.s 			page 10


 514 01e5 06       		.byte	6
 515 01e6 8D       		.byte	-115
 516 01e7 08       		.byte	8
 517 01e8 93       		.byte	-109
 518 01e9 01       		.byte	1
 519 01ea 97       		.byte	-105
 520 01eb 08       		.byte	8
 521 01ec 99       		.byte	-103
 522 01ed 04       		.byte	4
 523 01ee 9A       		.byte	-102
 524 01ef 01       		.byte	1
 525 01f0 AA       		.byte	-86
 526 01f1 01       		.byte	1
 527 01f2 AF       		.byte	-81
 528 01f3 0C       		.byte	12
 529 01f4 B2       		.byte	-78
 530 01f5 01       		.byte	1
 531 01f6 B3       		.byte	-77
 532 01f7 0C       		.byte	12
 533 01f8 B5       		.byte	-75
 534 01f9 02       		.byte	2
 535 01fa B7       		.byte	-73
 536 01fb 01       		.byte	1
 537 01fc C0       		.byte	-64
 538 01fd 20       		.byte	32
 539 01fe C1       		.byte	-63
 540 01ff 05       		.byte	5
 541 0200 C6       		.byte	-58
 542 0201 02       		.byte	2
 543 0202 C8       		.byte	-56
 544 0203 05       		.byte	5
 545 0204 C9       		.byte	-55
 546 0205 FF       		.byte	-1
 547 0206 CA       		.byte	-54
 548 0207 FF       		.byte	-1
 549 0208 CB       		.byte	-53
 550 0209 FF       		.byte	-1
 551 020a CD       		.byte	-51
 552 020b A0       		.byte	-96
 553 020c CF       		.byte	-49
 554 020d 04       		.byte	4
 555 020e D0       		.byte	-48
 556 020f 18       		.byte	24
 557 0210 D8       		.byte	-40
 558 0211 04       		.byte	4
 559 0212 D9       		.byte	-39
 560 0213 04       		.byte	4
 561 0214 DA       		.byte	-38
 562 0215 04       		.byte	4
 563 0216 DB       		.byte	-37
 564 0217 04       		.byte	4
 565 0218 DF       		.byte	-33
 566 0219 01       		.byte	1
 567 021a E0       		.byte	-32
 568 021b 40       		.byte	64
 569 021c E2       		.byte	-30
 570 021d C0       		.byte	-64
ARM GAS  C:\Users\info\AppData\Local\Temp\ccBiOJIb.s 			page 11


 571 021e E4       		.byte	-28
 572 021f 40       		.byte	64
 573 0220 E5       		.byte	-27
 574 0221 40       		.byte	64
 575 0222 E6       		.byte	-26
 576 0223 C0       		.byte	-64
 577 0224 E8       		.byte	-24
 578 0225 C0       		.byte	-64
 579 0226 EA       		.byte	-22
 580 0227 C0       		.byte	-64
 581 0228 EC       		.byte	-20
 582 0229 C0       		.byte	-64
 583 022a EE       		.byte	-18
 584 022b C0       		.byte	-64
 585 022c 00       		.byte	0
 586 022d 50       		.byte	80
 587 022e 09       		.byte	9
 588 022f 40       		.byte	64
 589 0230 0A       		.byte	10
 590 0231 80       		.byte	-128
 591 0232 0F       		.byte	15
 592 0233 08       		.byte	8
 593 0234 10       		.byte	16
 594 0235 A0       		.byte	-96
 595 0236 17       		.byte	23
 596 0237 20       		.byte	32
 597 0238 19       		.byte	25
 598 0239 08       		.byte	8
 599 023a 1B       		.byte	27
 600 023b 01       		.byte	1
 601 023c 1C       		.byte	28
 602 023d 20       		.byte	32
 603 023e 20       		.byte	32
 604 023f 10       		.byte	16
 605 0240 22       		.byte	34
 606 0241 40       		.byte	64
 607 0242 23       		.byte	35
 608 0243 01       		.byte	1
 609 0244 25       		.byte	37
 610 0245 40       		.byte	64
 611 0246 26       		.byte	38
 612 0247 28       		.byte	40
 613 0248 27       		.byte	39
 614 0249 20       		.byte	32
 615 024a 2B       		.byte	43
 616 024b 80       		.byte	-128
 617 024c 2E       		.byte	46
 618 024d 80       		.byte	-128
 619 024e 31       		.byte	49
 620 024f 01       		.byte	1
 621 0250 36       		.byte	54
 622 0251 28       		.byte	40
 623 0252 37       		.byte	55
 624 0253 01       		.byte	1
 625 0254 38       		.byte	56
 626 0255 10       		.byte	16
 627 0256 3F       		.byte	63
ARM GAS  C:\Users\info\AppData\Local\Temp\ccBiOJIb.s 			page 12


 628 0257 81       		.byte	-127
 629 0258 40       		.byte	64
 630 0259 10       		.byte	16
 631 025a 47       		.byte	71
 632 025b 20       		.byte	32
 633 025c 48       		.byte	72
 634 025d A8       		.byte	-88
 635 025e 4F       		.byte	79
 636 025f 88       		.byte	-120
 637 0260 50       		.byte	80
 638 0261 08       		.byte	8
 639 0262 53       		.byte	83
 640 0263 80       		.byte	-128
 641 0264 57       		.byte	87
 642 0265 40       		.byte	64
 643 0266 6F       		.byte	111
 644 0267 01       		.byte	1
 645 0268 71       		.byte	113
 646 0269 01       		.byte	1
 647 026a 85       		.byte	-123
 648 026b 08       		.byte	8
 649 026c 8B       		.byte	-117
 650 026d 01       		.byte	1
 651 026e C0       		.byte	-64
 652 026f 03       		.byte	3
 653 0270 C2       		.byte	-62
 654 0271 49       		.byte	73
 655 0272 C4       		.byte	-60
 656 0273 4C       		.byte	76
 657 0274 CA       		.byte	-54
 658 0275 11       		.byte	17
 659 0276 CC       		.byte	-52
 660 0277 E1       		.byte	-31
 661 0278 CE       		.byte	-50
 662 0279 94       		.byte	-108
 663 027a D0       		.byte	-48
 664 027b 22       		.byte	34
 665 027c D2       		.byte	-46
 666 027d 14       		.byte	20
 667 027e E2       		.byte	-30
 668 027f 80       		.byte	-128
 669 0280 E4       		.byte	-28
 670 0281 08       		.byte	8
 671 0282 37       		.byte	55
 672 0283 80       		.byte	-128
 673 0284 3D       		.byte	61
 674 0285 10       		.byte	16
 675 0286 89       		.byte	-119
 676 0287 10       		.byte	16
 677 0288 CC       		.byte	-52
 678 0289 20       		.byte	32
 679 028a CE       		.byte	-50
 680 028b 20       		.byte	32
 681 028c 9F       		.byte	-97
 682 028d 80       		.byte	-128
 683 028e 9F       		.byte	-97
 684 028f 80       		.byte	-128
ARM GAS  C:\Users\info\AppData\Local\Temp\ccBiOJIb.s 			page 13


 685 0290 9F       		.byte	-97
 686 0291 80       		.byte	-128
 687 0292 86       		.byte	-122
 688 0293 80       		.byte	-128
 689 0294 52       		.byte	82
 690 0295 82       		.byte	-126
 691 0296 64       		.byte	100
 692 0297 04       		.byte	4
 693 0298 98       		.byte	-104
 694 0299 04       		.byte	4
 695 029a A2       		.byte	-94
 696 029b 80       		.byte	-128
 697 029c B0       		.byte	-80
 698 029d 04       		.byte	4
 699 029e D4       		.byte	-44
 700 029f 05       		.byte	5
 701 02a0 D8       		.byte	-40
 702 02a1 01       		.byte	1
 703 02a2 EC       		.byte	-20
 704 02a3 01       		.byte	1
 705 02a4 A6       		.byte	-90
 706 02a5 02       		.byte	2
 707 02a6 B2       		.byte	-78
 708 02a7 02       		.byte	2
 709 02a8 EC       		.byte	-20
 710 02a9 04       		.byte	4
 711 02aa 23       		.byte	35
 712 02ab 80       		.byte	-128
 713 02ac 9F       		.byte	-97
 714 02ad 80       		.byte	-128
 715 02ae C8       		.byte	-56
 716 02af 40       		.byte	64
 717 02b0 00       		.byte	0
 718 02b1 01       		.byte	1
 719 02b2 01       		.byte	1
 720 02b3 01       		.byte	1
 721 02b4 0C       		.byte	12
 722 02b5 01       		.byte	1
 723 02b6 0D       		.byte	13
 724 02b7 01       		.byte	1
 725 02b8 0E       		.byte	14
 726 02b9 01       		.byte	1
 727 02ba 00       		.byte	0
 728 02bb 0D       		.byte	13
 729 02bc 10       		.byte	16
 730 02bd 02       		.byte	2
 731 02be 00       		.byte	0
 732 02bf 00       		.byte	0
 733 02c0 10       		.byte	16
 734 02c1 00       		.byte	0
 735 02c2 00       		.byte	0
 736 02c3 1F       		.byte	31
 737 02c4 1F       		.byte	31
 738 02c5 00       		.byte	0
 739 02c6 00       		.byte	0
 740 02c7 00       		.byte	0
 741 02c8 00       		.byte	0
ARM GAS  C:\Users\info\AppData\Local\Temp\ccBiOJIb.s 			page 14


 742 02c9 00       		.byte	0
 743 02ca 00       		.byte	0
 744 02cb 00       		.byte	0
 745 02cc 00       		.byte	0
 746 02cd 0B       		.byte	11
 747 02ce 0B       		.byte	11
 748 02cf 00       		.byte	0
 749 02d0 00       		.byte	0
 750 02d1 00       		.byte	0
 751 02d2 00       		.byte	0
 752 02d3 00       		.byte	0
 753 02d4 00       		.byte	0
 754 02d5 1F       		.byte	31
 755 02d6 1F       		.byte	31
 756 02d7 00       		.byte	0
 757 02d8 1C       		.byte	28
 758 02d9 00       		.byte	0
 759 02da 00       		.byte	0
 760 02db 00       		.byte	0
 761 02dc 8B       		.byte	-117
 762 02dd FF       		.byte	-1
 763 02de 74       		.byte	116
 764 02df 00       		.byte	0
 765 02e0 00       		.byte	0
 766 02e1 00       		.byte	0
 767 02e2 00       		.byte	0
 768 02e3 00       		.byte	0
 769              		.section	.cywolatch,"a",%progbits
 770              		.align	2
 771              		.type	cy_meta_wonvl, %object
 772              		.size	cy_meta_wonvl, 4
 773              	cy_meta_wonvl:
 774 0000 BC       		.byte	-68
 775 0001 90       		.byte	-112
 776 0002 AC       		.byte	-84
 777 0003 AF       		.byte	-81
 778              		.section	.cycustnvl,"a",%progbits
 779              		.align	2
 780              		.type	cy_meta_custnvl, %object
 781              		.size	cy_meta_custnvl, 4
 782              	cy_meta_custnvl:
 783 0000 00       		.byte	0
 784 0001 00       		.byte	0
 785 0002 40       		.byte	64
 786 0003 05       		.byte	5
 787              		.section	.cymeta,"a",%progbits
 788              		.align	2
 789              		.type	cy_metadata, %object
 790              		.size	cy_metadata, 12
 791              	cy_metadata:
 792 0000 00       		.byte	0
 793 0001 01       		.byte	1
 794 0002 2E       		.byte	46
 795 0003 16       		.byte	22
 796 0004 10       		.byte	16
 797 0005 69       		.byte	105
 798 0006 00       		.byte	0
ARM GAS  C:\Users\info\AppData\Local\Temp\ccBiOJIb.s 			page 15


 799 0007 01       		.byte	1
 800 0008 00       		.byte	0
 801 0009 00       		.byte	0
 802 000a 00       		.byte	0
 803 000b 00       		.byte	0
 804              		.section	.cyflashprotect,"a",%progbits
 805              		.align	2
 806              		.type	cy_meta_flashprotect, %object
 807              		.size	cy_meta_flashprotect, 256
 808              	cy_meta_flashprotect:
 809 0000 00000000 		.space	256
 809      00000000 
 809      00000000 
 809      00000000 
 809      00000000 
 810              		.text
 811              	.Letext0:
 812              		.file 1 "c:\\program files (x86)\\cypress\\psoc creator\\4.2\\psoc creator\\import\\gnu\\arm\\5.4.
 813              		.file 2 "c:\\program files (x86)\\cypress\\psoc creator\\4.2\\psoc creator\\import\\gnu\\arm\\5.4.
 814              		.file 3 "Generated_Source\\PSoC5\\cymetadata.c"
 815              		.section	.debug_info,"",%progbits
 816              	.Ldebug_info0:
 817 0000 31010000 		.4byte	0x131
 818 0004 0400     		.2byte	0x4
 819 0006 00000000 		.4byte	.Ldebug_abbrev0
 820 000a 04       		.byte	0x4
 821 000b 01       		.uleb128 0x1
 822 000c 0A000000 		.4byte	.LASF17
 823 0010 0C       		.byte	0xc
 824 0011 E8010000 		.4byte	.LASF18
 825 0015 06010000 		.4byte	.LASF19
 826 0019 00000000 		.4byte	.Ldebug_line0
 827 001d 02       		.uleb128 0x2
 828 001e 01       		.byte	0x1
 829 001f 06       		.byte	0x6
 830 0020 DC010000 		.4byte	.LASF0
 831 0024 03       		.uleb128 0x3
 832 0025 00000000 		.4byte	.LASF9
 833 0029 01       		.byte	0x1
 834 002a 1D       		.byte	0x1d
 835 002b 2F000000 		.4byte	0x2f
 836 002f 02       		.uleb128 0x2
 837 0030 01       		.byte	0x1
 838 0031 08       		.byte	0x8
 839 0032 A4000000 		.4byte	.LASF1
 840 0036 02       		.uleb128 0x2
 841 0037 02       		.byte	0x2
 842 0038 05       		.byte	0x5
 843 0039 C9010000 		.4byte	.LASF2
 844 003d 02       		.uleb128 0x2
 845 003e 02       		.byte	0x2
 846 003f 07       		.byte	0x7
 847 0040 C4000000 		.4byte	.LASF3
 848 0044 02       		.uleb128 0x2
 849 0045 04       		.byte	0x4
 850 0046 05       		.byte	0x5
 851 0047 D3010000 		.4byte	.LASF4
ARM GAS  C:\Users\info\AppData\Local\Temp\ccBiOJIb.s 			page 16


 852 004b 02       		.uleb128 0x2
 853 004c 04       		.byte	0x4
 854 004d 07       		.byte	0x7
 855 004e B2000000 		.4byte	.LASF5
 856 0052 02       		.uleb128 0x2
 857 0053 08       		.byte	0x8
 858 0054 05       		.byte	0x5
 859 0055 BB010000 		.4byte	.LASF6
 860 0059 02       		.uleb128 0x2
 861 005a 08       		.byte	0x8
 862 005b 07       		.byte	0x7
 863 005c 70010000 		.4byte	.LASF7
 864 0060 04       		.uleb128 0x4
 865 0061 04       		.byte	0x4
 866 0062 05       		.byte	0x5
 867 0063 696E7400 		.ascii	"int\000"
 868 0067 02       		.uleb128 0x2
 869 0068 04       		.byte	0x4
 870 0069 07       		.byte	0x7
 871 006a F9000000 		.4byte	.LASF8
 872 006e 03       		.uleb128 0x3
 873 006f 87010000 		.4byte	.LASF10
 874 0073 02       		.byte	0x2
 875 0074 18       		.byte	0x18
 876 0075 24000000 		.4byte	0x24
 877 0079 05       		.uleb128 0x5
 878 007a 91000000 		.4byte	0x91
 879 007e 8A000000 		.4byte	0x8a
 880 0082 06       		.uleb128 0x6
 881 0083 8A000000 		.4byte	0x8a
 882 0087 E302     		.2byte	0x2e3
 883 0089 00       		.byte	0
 884 008a 02       		.uleb128 0x2
 885 008b 04       		.byte	0x4
 886 008c 07       		.byte	0x7
 887 008d B2010000 		.4byte	.LASF11
 888 0091 07       		.uleb128 0x7
 889 0092 6E000000 		.4byte	0x6e
 890 0096 08       		.uleb128 0x8
 891 0097 E7000000 		.4byte	.LASF12
 892 009b 03       		.byte	0x3
 893 009c 1F       		.byte	0x1f
 894 009d A7000000 		.4byte	0xa7
 895 00a1 05       		.uleb128 0x5
 896 00a2 03       		.byte	0x3
 897 00a3 00000000 		.4byte	cy_meta_configecc
 898 00a7 07       		.uleb128 0x7
 899 00a8 79000000 		.4byte	0x79
 900 00ac 05       		.uleb128 0x5
 901 00ad 91000000 		.4byte	0x91
 902 00b1 BC000000 		.4byte	0xbc
 903 00b5 09       		.uleb128 0x9
 904 00b6 8A000000 		.4byte	0x8a
 905 00ba 03       		.byte	0x3
 906 00bb 00       		.byte	0
 907 00bc 08       		.uleb128 0x8
 908 00bd D7000000 		.4byte	.LASF13
ARM GAS  C:\Users\info\AppData\Local\Temp\ccBiOJIb.s 			page 17


 909 00c1 03       		.byte	0x3
 910 00c2 89       		.byte	0x89
 911 00c3 CD000000 		.4byte	0xcd
 912 00c7 05       		.uleb128 0x5
 913 00c8 03       		.byte	0x3
 914 00c9 00000000 		.4byte	cy_meta_custnvl
 915 00cd 07       		.uleb128 0x7
 916 00ce AC000000 		.4byte	0xac
 917 00d2 08       		.uleb128 0x8
 918 00d3 A4010000 		.4byte	.LASF14
 919 00d7 03       		.byte	0x3
 920 00d8 97       		.byte	0x97
 921 00d9 E3000000 		.4byte	0xe3
 922 00dd 05       		.uleb128 0x5
 923 00de 03       		.byte	0x3
 924 00df 00000000 		.4byte	cy_meta_wonvl
 925 00e3 07       		.uleb128 0x7
 926 00e4 AC000000 		.4byte	0xac
 927 00e8 05       		.uleb128 0x5
 928 00e9 91000000 		.4byte	0x91
 929 00ed F8000000 		.4byte	0xf8
 930 00f1 09       		.uleb128 0x9
 931 00f2 8A000000 		.4byte	0x8a
 932 00f6 FF       		.byte	0xff
 933 00f7 00       		.byte	0
 934 00f8 08       		.uleb128 0x8
 935 00f9 8F010000 		.4byte	.LASF15
 936 00fd 03       		.byte	0x3
 937 00fe A5       		.byte	0xa5
 938 00ff 09010000 		.4byte	0x109
 939 0103 05       		.uleb128 0x5
 940 0104 03       		.byte	0x3
 941 0105 00000000 		.4byte	cy_meta_flashprotect
 942 0109 07       		.uleb128 0x7
 943 010a E8000000 		.4byte	0xe8
 944 010e 05       		.uleb128 0x5
 945 010f 91000000 		.4byte	0x91
 946 0113 1E010000 		.4byte	0x11e
 947 0117 09       		.uleb128 0x9
 948 0118 8A000000 		.4byte	0x8a
 949 011c 0B       		.byte	0xb
 950 011d 00       		.byte	0
 951 011e 08       		.uleb128 0x8
 952 011f 98000000 		.4byte	.LASF16
 953 0123 03       		.byte	0x3
 954 0124 D2       		.byte	0xd2
 955 0125 2F010000 		.4byte	0x12f
 956 0129 05       		.uleb128 0x5
 957 012a 03       		.byte	0x3
 958 012b 00000000 		.4byte	cy_metadata
 959 012f 07       		.uleb128 0x7
 960 0130 0E010000 		.4byte	0x10e
 961 0134 00       		.byte	0
 962              		.section	.debug_abbrev,"",%progbits
 963              	.Ldebug_abbrev0:
 964 0000 01       		.uleb128 0x1
 965 0001 11       		.uleb128 0x11
ARM GAS  C:\Users\info\AppData\Local\Temp\ccBiOJIb.s 			page 18


 966 0002 01       		.byte	0x1
 967 0003 25       		.uleb128 0x25
 968 0004 0E       		.uleb128 0xe
 969 0005 13       		.uleb128 0x13
 970 0006 0B       		.uleb128 0xb
 971 0007 03       		.uleb128 0x3
 972 0008 0E       		.uleb128 0xe
 973 0009 1B       		.uleb128 0x1b
 974 000a 0E       		.uleb128 0xe
 975 000b 10       		.uleb128 0x10
 976 000c 17       		.uleb128 0x17
 977 000d 00       		.byte	0
 978 000e 00       		.byte	0
 979 000f 02       		.uleb128 0x2
 980 0010 24       		.uleb128 0x24
 981 0011 00       		.byte	0
 982 0012 0B       		.uleb128 0xb
 983 0013 0B       		.uleb128 0xb
 984 0014 3E       		.uleb128 0x3e
 985 0015 0B       		.uleb128 0xb
 986 0016 03       		.uleb128 0x3
 987 0017 0E       		.uleb128 0xe
 988 0018 00       		.byte	0
 989 0019 00       		.byte	0
 990 001a 03       		.uleb128 0x3
 991 001b 16       		.uleb128 0x16
 992 001c 00       		.byte	0
 993 001d 03       		.uleb128 0x3
 994 001e 0E       		.uleb128 0xe
 995 001f 3A       		.uleb128 0x3a
 996 0020 0B       		.uleb128 0xb
 997 0021 3B       		.uleb128 0x3b
 998 0022 0B       		.uleb128 0xb
 999 0023 49       		.uleb128 0x49
 1000 0024 13       		.uleb128 0x13
 1001 0025 00       		.byte	0
 1002 0026 00       		.byte	0
 1003 0027 04       		.uleb128 0x4
 1004 0028 24       		.uleb128 0x24
 1005 0029 00       		.byte	0
 1006 002a 0B       		.uleb128 0xb
 1007 002b 0B       		.uleb128 0xb
 1008 002c 3E       		.uleb128 0x3e
 1009 002d 0B       		.uleb128 0xb
 1010 002e 03       		.uleb128 0x3
 1011 002f 08       		.uleb128 0x8
 1012 0030 00       		.byte	0
 1013 0031 00       		.byte	0
 1014 0032 05       		.uleb128 0x5
 1015 0033 01       		.uleb128 0x1
 1016 0034 01       		.byte	0x1
 1017 0035 49       		.uleb128 0x49
 1018 0036 13       		.uleb128 0x13
 1019 0037 01       		.uleb128 0x1
 1020 0038 13       		.uleb128 0x13
 1021 0039 00       		.byte	0
 1022 003a 00       		.byte	0
ARM GAS  C:\Users\info\AppData\Local\Temp\ccBiOJIb.s 			page 19


 1023 003b 06       		.uleb128 0x6
 1024 003c 21       		.uleb128 0x21
 1025 003d 00       		.byte	0
 1026 003e 49       		.uleb128 0x49
 1027 003f 13       		.uleb128 0x13
 1028 0040 2F       		.uleb128 0x2f
 1029 0041 05       		.uleb128 0x5
 1030 0042 00       		.byte	0
 1031 0043 00       		.byte	0
 1032 0044 07       		.uleb128 0x7
 1033 0045 26       		.uleb128 0x26
 1034 0046 00       		.byte	0
 1035 0047 49       		.uleb128 0x49
 1036 0048 13       		.uleb128 0x13
 1037 0049 00       		.byte	0
 1038 004a 00       		.byte	0
 1039 004b 08       		.uleb128 0x8
 1040 004c 34       		.uleb128 0x34
 1041 004d 00       		.byte	0
 1042 004e 03       		.uleb128 0x3
 1043 004f 0E       		.uleb128 0xe
 1044 0050 3A       		.uleb128 0x3a
 1045 0051 0B       		.uleb128 0xb
 1046 0052 3B       		.uleb128 0x3b
 1047 0053 0B       		.uleb128 0xb
 1048 0054 49       		.uleb128 0x49
 1049 0055 13       		.uleb128 0x13
 1050 0056 3F       		.uleb128 0x3f
 1051 0057 19       		.uleb128 0x19
 1052 0058 02       		.uleb128 0x2
 1053 0059 18       		.uleb128 0x18
 1054 005a 00       		.byte	0
 1055 005b 00       		.byte	0
 1056 005c 09       		.uleb128 0x9
 1057 005d 21       		.uleb128 0x21
 1058 005e 00       		.byte	0
 1059 005f 49       		.uleb128 0x49
 1060 0060 13       		.uleb128 0x13
 1061 0061 2F       		.uleb128 0x2f
 1062 0062 0B       		.uleb128 0xb
 1063 0063 00       		.byte	0
 1064 0064 00       		.byte	0
 1065 0065 00       		.byte	0
 1066              		.section	.debug_aranges,"",%progbits
 1067 0000 14000000 		.4byte	0x14
 1068 0004 0200     		.2byte	0x2
 1069 0006 00000000 		.4byte	.Ldebug_info0
 1070 000a 04       		.byte	0x4
 1071 000b 00       		.byte	0
 1072 000c 0000     		.2byte	0
 1073 000e 0000     		.2byte	0
 1074 0010 00000000 		.4byte	0
 1075 0014 00000000 		.4byte	0
 1076              		.section	.debug_line,"",%progbits
 1077              	.Ldebug_line0:
 1078 0000 3D010000 		.section	.debug_str,"MS",%progbits,1
 1078      02003701 
ARM GAS  C:\Users\info\AppData\Local\Temp\ccBiOJIb.s 			page 20


 1078      00000201 
 1078      FB0E0D00 
 1078      01010101 
 1079              	.LASF9:
 1080 0000 5F5F7569 		.ascii	"__uint8_t\000"
 1080      6E74385F 
 1080      7400
 1081              	.LASF17:
 1082 000a 474E5520 		.ascii	"GNU C11 5.4.1 20160609 (release) [ARM/embedded-5-br"
 1082      43313120 
 1082      352E342E 
 1082      31203230 
 1082      31363036 
 1083 003d 616E6368 		.ascii	"anch revision 237715] -mcpu=cortex-m3 -mthumb -g -O"
 1083      20726576 
 1083      6973696F 
 1083      6E203233 
 1083      37373135 
 1084 0070 33202D66 		.ascii	"3 -ffunction-sections -ffat-lto-objects\000"
 1084      66756E63 
 1084      74696F6E 
 1084      2D736563 
 1084      74696F6E 
 1085              	.LASF16:
 1086 0098 63795F6D 		.ascii	"cy_metadata\000"
 1086      65746164 
 1086      61746100 
 1087              	.LASF1:
 1088 00a4 756E7369 		.ascii	"unsigned char\000"
 1088      676E6564 
 1088      20636861 
 1088      7200
 1089              	.LASF5:
 1090 00b2 6C6F6E67 		.ascii	"long unsigned int\000"
 1090      20756E73 
 1090      69676E65 
 1090      6420696E 
 1090      7400
 1091              	.LASF3:
 1092 00c4 73686F72 		.ascii	"short unsigned int\000"
 1092      7420756E 
 1092      7369676E 
 1092      65642069 
 1092      6E7400
 1093              	.LASF13:
 1094 00d7 63795F6D 		.ascii	"cy_meta_custnvl\000"
 1094      6574615F 
 1094      63757374 
 1094      6E766C00 
 1095              	.LASF12:
 1096 00e7 63795F6D 		.ascii	"cy_meta_configecc\000"
 1096      6574615F 
 1096      636F6E66 
 1096      69676563 
 1096      6300
 1097              	.LASF8:
 1098 00f9 756E7369 		.ascii	"unsigned int\000"
ARM GAS  C:\Users\info\AppData\Local\Temp\ccBiOJIb.s 			page 21


 1098      676E6564 
 1098      20696E74 
 1098      00
 1099              	.LASF19:
 1100 0106 433A5C55 		.ascii	"C:\\Users\\info\\Desktop\\Spring 2019 Classes\\6.11"
 1100      73657273 
 1100      5C696E66 
 1100      6F5C4465 
 1100      736B746F 
 1101 0134 355C362E 		.ascii	"5\\6.115-final\\PSoCCreator\\Final Project\\FinalEm"
 1101      3131352D 
 1101      66696E61 
 1101      6C5C5053 
 1101      6F434372 
 1102 0163 756C6174 		.ascii	"ulator.cydsn\000"
 1102      6F722E63 
 1102      7964736E 
 1102      00
 1103              	.LASF7:
 1104 0170 6C6F6E67 		.ascii	"long long unsigned int\000"
 1104      206C6F6E 
 1104      6720756E 
 1104      7369676E 
 1104      65642069 
 1105              	.LASF10:
 1106 0187 75696E74 		.ascii	"uint8_t\000"
 1106      385F7400 
 1107              	.LASF15:
 1108 018f 63795F6D 		.ascii	"cy_meta_flashprotect\000"
 1108      6574615F 
 1108      666C6173 
 1108      6870726F 
 1108      74656374 
 1109              	.LASF14:
 1110 01a4 63795F6D 		.ascii	"cy_meta_wonvl\000"
 1110      6574615F 
 1110      776F6E76 
 1110      6C00
 1111              	.LASF11:
 1112 01b2 73697A65 		.ascii	"sizetype\000"
 1112      74797065 
 1112      00
 1113              	.LASF6:
 1114 01bb 6C6F6E67 		.ascii	"long long int\000"
 1114      206C6F6E 
 1114      6720696E 
 1114      7400
 1115              	.LASF2:
 1116 01c9 73686F72 		.ascii	"short int\000"
 1116      7420696E 
 1116      7400
 1117              	.LASF4:
 1118 01d3 6C6F6E67 		.ascii	"long int\000"
 1118      20696E74 
 1118      00
 1119              	.LASF0:
 1120 01dc 7369676E 		.ascii	"signed char\000"
ARM GAS  C:\Users\info\AppData\Local\Temp\ccBiOJIb.s 			page 22


 1120      65642063 
 1120      68617200 
 1121              	.LASF18:
 1122 01e8 47656E65 		.ascii	"Generated_Source\\PSoC5\\cymetadata.c\000"
 1122      72617465 
 1122      645F536F 
 1122      75726365 
 1122      5C50536F 
 1123              		.ident	"GCC: (GNU Tools for ARM Embedded Processors) 5.4.1 20160609 (release) [ARM/embedded-5-bran
