ARM GAS  C:\Users\info\AppData\Local\Temp\ccP1mfiC.s 			page 1


   1              		.syntax unified
   2              		.cpu cortex-m3
   3              		.fpu softvfp
   4              		.eabi_attribute 20, 1
   5              		.eabi_attribute 21, 1
   6              		.eabi_attribute 23, 3
   7              		.eabi_attribute 24, 1
   8              		.eabi_attribute 25, 1
   9              		.eabi_attribute 26, 1
  10              		.eabi_attribute 30, 4
  11              		.eabi_attribute 34, 1
  12              		.eabi_attribute 18, 4
  13              		.thumb
  14              		.syntax unified
  15              		.file	"cyutils.c"
  16              		.text
  17              	.Ltext0:
  18              		.section	.gnu.lto_.profile.bf15279b,"",%progbits
  19 0000 789C6361 		.ascii	"x\234ca`d`a`\000\222\354l\000\000~\000\030"
  19      60646061 
  19      600092EC 
  19      6C00007E 
  19      0018
  20              		.text
  21              		.section	.gnu.lto_.icf.bf15279b,"",%progbits
  22 0000 789C6361 		.ascii	"x\234ca`d\000\001\016\006\004`d\230\177cy\037\027\003"
  22      60640001 
  22      0E060460 
  22      64987F63 
  22      791F1703 
  23 0014 000D9A02 		.ascii	"\000\015\232\002\305"
  23      C5
  24              		.text
  25              		.section	.gnu.lto_.jmpfuncs.bf15279b,"",%progbits
  26 0000 789C6361 		.ascii	"x\234ca`d\000\001N\006\004`d`bdd\256\257g\000\000\004"
  26      60640001 
  26      4E060460 
  26      64606264 
  26      64AEAF67 
  27 0017 120115   		.ascii	"\022\001\025"
  28              		.text
  29              		.section	.gnu.lto_.inline.bf15279b,"",%progbits
  30 0000 789C6361 		.ascii	"x\234ca`d\000\001y\006\004\000\212p\260322*\000\031"
  30      60640001 
  30      79060400 
  30      8A70B033 
  30      32322A00 
  31 0015 CCCC3BC4 		.ascii	"\314\314;\304\0318o\23011\260,\220g\001K\003\000-\242"
  31      19386F98 
  31      3131B02C 
  31      9067014B 
  31      03002DA2 
  32 0029 030E     		.ascii	"\003\016"
  33              		.text
  34              		.section	.gnu.lto_.pureconst.bf15279b,"",%progbits
  35 0000 789C6361 		.ascii	"x\234ca`d`f`\000\222R\000\000r\000$"
  35      60646066 
ARM GAS  C:\Users\info\AppData\Local\Temp\ccP1mfiC.s 			page 2


  35      60009252 
  35      00007200 
  35      24
  36              		.text
  37              		.section	.gnu.lto_CySetReg24.bf15279b,"",%progbits
  38 0000 789C6591 		.ascii	"x\234e\221Mh\023A\024\307\347?\223d\263\321\026/\365"
  38      4D681341 
  38      14C7E73F 
  38      9364B3D1 
  38      162FF5
  39 0013 620F112C 		.ascii	"b\017\021,!\027=\351]<xU{-HH\366 T+1\021<u\362\261\315"
  39      21173DE9 
  39      5D3C7855 
  39      7B2D4848 
  39      F620542B 
  40 002e 4151515B 		.ascii	"AQQ[h\261D\221\322\017\255i\214\365\203\026\\\202\024"
  40      68B14491 
  40      D20FAD69 
  40      8CF58316 
  40      5C8214
  41 0041 0CB5E2D7 		.ascii	"\014\265\342\327!7\255\246\025OI\211^\324\3067\263\271"
  41      2137ADA6 
  41      154F4989 
  41      5ED4C637 
  41      B3B9
  42 0053 A41D7677 		.ascii	"\244\035vw\336{\374\377\357\267\363\306\303\300\324"
  42      DE7BFCFF 
  42      EFB7F3C6 
  42      C3C0D4
  43 0062 7AC3193B 		.ascii	"z\303\031;F\373\001z!\030\370\3155\306R~\016\250@\372"
  43      46FB017A 
  43      2118F8CD 
  43      35C6527E 
  43      0EA840FA 
  44 0076 C1863986 		.ascii	"\301\2069\206\361\213\377\343(\3476^\362\360\264\244"
  44      F18BFFE3 
  44      28E7365E 
  44      F2F0B4A4 
  45 0086 F5C5BED5 		.ascii	"\365\305\276\325%g\034\330\202\261\026\327\235\030\246"
  45      25671CD8 
  45      82B116D7 
  45      9D18A6
  46 0095 1126D5FB 		.ascii	"\021&\325\373\354\302]\321\344\266\000<\2246\336N|\353"
  46      ECC25DD1 
  46      E4B6003C 
  46      9436DE4E 
  46      7CEB
  47 00a7 56294790 		.ascii	"V)G\220\322;\245y\333\024\207\300(^\253\256\214t\207"
  47      D23BA579 
  47      DB1487C0 
  47      285EABAE 
  47      8C7487
  48 00ba A6A44C4B 		.ascii	"\246\244LK\231\267\244i\013\2019\010\352\207Y\364b\006"
  48      99B7A469 
  48      0B813908 
  48      EA8759F4 
  48      6206
ARM GAS  C:\Users\info\AppData\Local\Temp\ccP1mfiC.s 			page 3


  49 00cc BD8C4A0C 		.ascii	"\275\214J\014\017\021\"\365\346r\356\023DX;\213\205"
  49      0F1122F5 
  49      E672EE13 
  49      44583B8B 
  49      85
  50 00dd EBF778DB 		.ascii	"\353\367x\333Y\325N\017\036\355tz\030\346\021R\362\245"
  50      59D54E0F 
  50      1EED747A 
  50      18E61152 
  50      F2A5
  51 00ef B9EA6753 		.ascii	"\271\352gS\034\321\326\327\215t\305\333\367@Y\235\321"
  51      1CD1D6D7 
  51      8D74C5DB 
  51      F740599D 
  51      D1
  52 0100 1AC6A593 		.ascii	"\032\306\245\223\015\332\302\213\307\235v\265H\275^"
  52      0DDAC28B 
  52      C79D76B5 
  52      48BD5E
  53 010f DC1EEDF2 		.ascii	"\334\036\355\362e\325\221\203(\240\317=,\026\340S\343"
  53      65D59183 
  53      28A0CF3D 
  53      2C16E053 
  53      E3
  54 0120 2B9C7164 		.ascii	"+\234qd\253\225\221\316\355\236\032\337\013\250?\245"
  54      AB9591CE 
  54      ED9E1ADF 
  54      0BA83FA5 
  55 0130 C9115510 		.ascii	"\311\021U\020\337\347\243\217a\250\310TQ@E\214\325\251"
  55      DFE7A38F 
  55      61A8C854 
  55      5140458C 
  55      D5A9
  56 0142 839A6D83 		.ascii	"\203\232m\203s\265\213u\244\235\361)\350\236D\310\010"
  56      73B58B75 
  56      A49DF129 
  56      E89E44C8 
  56      08
  57 0153 B00DA4B7 		.ascii	"\260\015\244\267r\277\233^U\313\010\221\021\234J\345"
  57      72BF9B5E 
  57      55CB0891 
  57      119C4AE5 
  58 0163 B1AFFB55 		.ascii	"\261\257\373U\201\376j\314.\2773\324L\275\372H\367\033"
  58      81FE6ACC 
  58      2EBF33D4 
  58      4CBDFA48 
  58      F71B
  59 0175 E337441E 		.ascii	"\3437D\036\223\251lJ\312\323D\361S\023\024\325)\360"
  59      93A96C4A 
  59      CAD344F1 
  59      531314D5 
  59      29F0
  60 0187 0479500B 		.ascii	"\004yP\013\362g\266F\266\277\233nKz\324\205N,5+^\325"
  60      F267B646 
  60      B6BF9B6E 
  60      4B7AD485 
  60      4E2C352B 
ARM GAS  C:\Users\info\AppData\Local\Temp\ccP1mfiC.s 			page 4


  61 019d C7841F25 		.ascii	"\307\204\037%\322k\360_\356\212\014\322ur\027s\253\305"
  61      D26BF05F 
  61      EE8A0CD2 
  61      75721773 
  61      ABC5
  62 01af 80CB05A5 		.ascii	"\200\313\005\245?\354\2179\276\213\373Ts\0275\327p\271"
  62      3FEC8F39 
  62      BE8BFB54 
  62      731735D7 
  62      70B9
  63 01c1 2BB536D7 		.ascii	"+\2656\327t\271\037\352\253\223{\\\356><\333\311\015"
  63      74B91FEA 
  63      AB937B5C 
  63      EE3E3CDB 
  63      C90D
  64 01d3 90AE93BB 		.ascii	"\220\256\223\273\234\2776\333\346*\373\253\253\225?"
  64      9CBF36DB 
  64      E62AFBAB 
  64      AB953F
  65 01e2 E62EEE73 		.ascii	"\346.\356s\315}\241\271\001\366\223\246Z\352Q~}\225"
  65      CD7DA1B9 
  65      01F693A6 
  65      5AEA517E 
  65      7D95
  66 01f4 750E356C 		.ascii	"u\0165l\032\375\301\223\326\005+\036IX\261\263\375C"
  66      1AFDC193 
  66      D6052B1E 
  66      4958B1B3 
  66      FD43
  67 0206 C978D41A 		.ascii	"\311x\324\0328\325?t\342\350@\364J2qn\360\322\341(\363"
  67      38D53F74 
  67      E2E840F4 
  67      4A32716E 
  67      F0D2E128 
  68 021b 4462B1B8 		.ascii	"Db\261\270\367rd0i\031\211\363\027\217S\366\037\275"
  68      F7726430 
  68      691989F3 
  68      178F53F6 
  68      1FBD
  69 022d 8DF9D3   		.ascii	"\215\371\323"
  70              		.text
  71              		.section	.gnu.lto_.symbol_nodes.bf15279b,"",%progbits
  72 0000 789C6361 		.ascii	"x\234ca`d\020f\000\002&\206z\006\206\011\347\030@\324"
  72      60641066 
  72      00022686 
  72      7A068609 
  72      E71840D4 
  73 0014 AE0645A0 		.ascii	"\256\006E\240\010\000'8\003\322"
  73      08002738 
  73      03D2
  74              		.text
  75              		.section	.gnu.lto_.refs.bf15279b,"",%progbits
  76 0000 789C6361 		.ascii	"x\234ca`\004B \000\000\0009\000\007"
  76      60044220 
  76      00000039 
  76      0007
  77              		.text
ARM GAS  C:\Users\info\AppData\Local\Temp\ccP1mfiC.s 			page 5


  78              		.section	.gnu.lto_.decls.bf15279b,"",%progbits
  79 0000 789C8D52 		.ascii	"x\234\215R_H\223Q\024\277\347\3736\377|3'Cd\017_\260"
  79      5F489351 
  79      14BFE7FB 
  79      36FF7C33 
  79      2743640F 
  80 0016 7CD99E46 		.ascii	"|\331\236FjAO\275\014\362\255\302\221OB\330\372*!4t"
  80      6A414FBD 
  80      0CF2ADC2 
  80      914F42D8 
  80      FA2A2134 
  81 002b 7BD8DBC5 		.ascii	"{\330\333\305)\224O3\",\022\265\277\233Z[\231\266Y\315"
  81      29944F33 
  81      222C12B5 
  81      BF9B5A5B 
  81      99B659CD 
  82 003f 5E223185 		.ascii	"^\"1\205\314\020b\210\302\012\012\212,\245\020\261u"
  82      CC106288 
  82      C20A0A8A 
  82      2CA510B1 
  82      75
  83 0050 EEBDDFF6 		.ascii	"\356\275\337\366mD\344a\347\236s\317\316\375\235s~\347"
  83      6D44E461 
  83      E79E73CF 
  83      CEFD9D73 
  83      7EE7
  84 0062 3311204C 		.ascii	"3\021 L\356\310\204\234A\353G\315\242Hh\233\211!,+A"
  84      EEC8849C 
  84      41EB47CD 
  84      A248689B 
  84      89212C2B 
  85 0077 FE161653 		.ascii	"\376\026\026S\364\\\033j5\352\004j\014u\006UEu\242\246"
  85      F45C1B6A 
  85      35EA046A 
  85      0C750655 
  85      4575A2A6 
  86 008b 508FFD07 		.ascii	"P\217\375\007kG\202D\337\300Ok\032\336\203\004zc\004"
  86      6B478244 
  86      DFC04F6B 
  86      1ADE8304 
  86      7A6304
  87 009e 409CC095 		.ascii	"@\234\300\225\010\345Wt$~\222|(oH>Ew\0150\376\313\331"
  87      08E55774 
  87      247E927C 
  87      286F483E 
  87      45770D30 
  88 00b5 6C4E3888 		.ascii	"lN8\210\201\016\372#\310w\240\373\374\177\311(\000\342"
  88      810EFA23 
  88      C877A0FB 
  88      FC7FC928 
  88      00E2
  89 00c7 9A7B5080 		.ascii	"\232{P\200'\332-\350\011\212g\202\334\320W\272\007{"
  89      27DA2DE8 
  89      098A6782 
  89      DCD057BA 
  89      077B
  90 00d9 CB659C18 		.ascii	"\313e\234\030\375\325\255\310\021\3678E\011S*\3555\230"
ARM GAS  C:\Users\info\AppData\Local\Temp\ccP1mfiC.s 			page 6


  90      FDD5ADC8 
  90      11F73845 
  90      09532AED 
  90      3598
  91 00eb 59998D8E 		.ascii	"Y\231\215\216\311\233\0228\025`\360V\014\305\276$\267"
  91      C99B1238 
  91      1560F056 
  91      0CC5BE24 
  91      B7
  92 00fc F68810CB 		.ascii	"\366\210\020\313\230[\375\370\243\\\256\341\376bO\374"
  92      985BFDF8 
  92      A35CAEE1 
  92      FE624FFC 
  93 010c 06CBB629 		.ascii	"\006\313\266)`\302\353\367\205\353\231J\274V+\340\330"
  93      60C2EBF7 
  93      85EB994A 
  93      BC562BE0 
  93      D8
  94 011d 91A4A95B 		.ascii	"\221\244\251[C\033fP\\\027)\355\246\341\020\265\315"
  94      431B6650 
  94      5C1729ED 
  94      A6E110B5 
  94      CD
  95 012e 56127800 		.ascii	"V\022x\000*\334\007\225@\034\\\0142\012n\002c\030\034"
  95      2ADC0795 
  95      401C5C0C 
  95      320A6E02 
  95      63181C
  96 0141 C5E05DD6 		.ascii	"\305\340]\326\321\332v\342p\222\322*\210\201\002\343"
  96      D1DA76E2 
  96      7092D22A 
  96      888102E3 
  97 0151 20F3149C 		.ascii	" \363\024\234\303\251\210\026\277~\033Z(5\341\227\303"
  97      C3A98816 
  97      BF7E1B5A 
  97      2835E197 
  97      C3
  98 0162 134E9958 		.ascii	"\023N\231Xlz<6 +X(\264\273B\370$<\262\375\311Z\321g"
  98      6C7A3C36 
  98      202B5828 
  98      B4BB42F8 
  98      243CB2FD 
  99 017a F4068F10 		.ascii	"\364\006\217\020.\367\212\300\004T\350\234\244/\275"
  99      2EF78AC0 
  99      0454E89C 
  99      A42FBD
 100 0189 9933F382 		.ascii	"\2313\363\202\030\203\207\300+\276\314\376za\025\243"
 100      188387C0 
 100      2BBECCFE 
 100      7A6115A3 
 101 0199 4B787DBB 		.ascii	"Kx}\273>?h\021\243W\341\365\362\355\225I\213\375*\033"
 101      3E3F6811 
 101      A357E1F5 
 101      F2ED9549 
 101      8BFD2A1B 
 102 01ad 075B7248 		.ascii	"\007[rH\320\\\003S\010=\311\241\237\200\035\317\307"
 102      D05C0353 
ARM GAS  C:\Users\info\AppData\Local\Temp\ccP1mfiC.s 			page 7


 102      083DC9A1 
 102      9F801DCF 
 102      C7
 103 01be 08C4F15F 		.ascii	"\010\304\361_-\217.)\265\303t8N\327\262#M\375!\032\301"
 103      2D8F2E29 
 103      B5C37438 
 103      4ED7B223 
 103      4DFD211A 
 104 01d3 670E9606 		.ascii	"g\016\226\006\021c~t\231\271\007i\\p\002j\331jz?D\313"
 104      11637E74 
 104      99B90769 
 104      5C70026A 
 104      D96A7A3F 
 105 01e9 B0AA8ADB 		.ascii	"\260\252\212\333\202\202U\251bU\327\3723\277-r+\363"
 105      828255A9 
 105      6255D7FA 
 105      33BF2D72 
 105      2BF3
 106 01fb A5A5CCD8 		.ascii	"\245\245\314\330g\023\270\024\235\342\270\240\3709\216"
 106      6713B814 
 106      9DE2B8A0 
 106      F8398E
 107 020a FCD428A1 		.ascii	"\374\324(\2412\212\371\272\326o\322\022;\201\006\025"
 107      328AF9BA 
 107      D66FD212 
 107      3B810615 
 108 021a F62385CF 		.ascii	"\366#\205\317\220BU\247p\032\307H\012\0127{6\226K\004"
 108      904255A7 
 108      701AC748 
 108      0A0A377B 
 108      36964B04 
 109 022e EBBBCA9F 		.ascii	"\353\273\312\237\177\367:UZDy\252\210\362\031A9\267"
 109      7FF73A55 
 109      5A4479AA 
 109      88F21941 
 109      39B7
 110 0240 8A27E8D5 		.ascii	"\212'\350\325\374M\332\331\372\003e\215GO8<uu\244$\320"
 110      FC4DDAD9 
 110      FA03658D 
 110      474F383C 
 110      7575A424 
 111 0255 D6EE6FA8 		.ascii	"\326\356o\250\337\327\250\265k\235\255~\355\364IoG\240"
 111      DFD7A8B5 
 111      6B9DAD7E 
 111      EDF4496F 
 111      47A0
 112 0267 D3A7B51C 		.ascii	"\323\247\265\034\367vx\016\266\370\202\376\340\005\255"
 112      F776780E 
 112      B6F882FE 
 112      E005AD
 113 0276 CB7D8EFC 		.ascii	"\313}\216\374;#\340o;\337\345\366\0213\203:\364\007"
 113      3B23E06F 
 113      3BDFE5F6 
 113      1133833A 
 113      F407
 114 0288 B51717DB 		.ascii	"\265\027\027\333"
 115              		.text
ARM GAS  C:\Users\info\AppData\Local\Temp\ccP1mfiC.s 			page 8


 116              		.section	.gnu.lto_.symtab.bf15279b,"",%progbits
 117 0000 43795365 		.ascii	"CySetReg24\000"
 117      74526567 
 117      323400
 118 000b 00       		.ascii	"\000"
 119 000c 00       		.ascii	"\000"
 120 000d 00       		.ascii	"\000"
 121 000e 00000000 		.ascii	"\000\000\000\000\000\000\000\000"
 121      00000000 
 122 0016 B8000000 		.ascii	"\270\000\000\000"
 123              		.text
 124              		.section	.gnu.lto_.opts,"",%progbits
 125 0000 272D666D 		.ascii	"'-fmath-errno' '-fsigned-zeros' '-ftrapping-math' '"
 125      6174682D 
 125      6572726E 
 125      6F272027 
 125      2D667369 
 126 0033 2D666E6F 		.ascii	"-fno-trapv' '-fno-openmp' '-fno-openacc' '-mcpu=cor"
 126      2D747261 
 126      70762720 
 126      272D666E 
 126      6F2D6F70 
 127 0066 7465782D 		.ascii	"tex-m3' '-mthumb' '-g' '-Os' '-ffunction-sections' "
 127      6D332720 
 127      272D6D74 
 127      68756D62 
 127      2720272D 
 128 0099 272D6666 		.ascii	"'-ffat-lto-objects' '-flto'\000"
 128      61742D6C 
 128      746F2D6F 
 128      626A6563 
 128      74732720 
 129              		.text
 130              		.cfi_sections	.debug_frame
 131              		.section	.text.CySetReg24,"ax",%progbits
 132              		.align	1
 133              		.global	CySetReg24
 134              		.thumb
 135              		.thumb_func
 136              		.type	CySetReg24, %function
 137              	CySetReg24:
 138              	.LFB0:
 139              		.file 1 "Generated_Source\\PSoC5\\cyutils.c"
   1:Generated_Source\PSoC5/cyutils.c **** /***************************************************************************//**
   2:Generated_Source\PSoC5/cyutils.c **** * \file cyutils.c
   3:Generated_Source\PSoC5/cyutils.c **** * \version 5.80
   4:Generated_Source\PSoC5/cyutils.c **** *
   5:Generated_Source\PSoC5/cyutils.c **** * \brief Provides a function to handle 24-bit value writes.
   6:Generated_Source\PSoC5/cyutils.c **** *
   7:Generated_Source\PSoC5/cyutils.c **** ********************************************************************************
   8:Generated_Source\PSoC5/cyutils.c **** * \copyright
   9:Generated_Source\PSoC5/cyutils.c **** * Copyright 2008-2018, Cypress Semiconductor Corporation.  All rights reserved.
  10:Generated_Source\PSoC5/cyutils.c **** * You may use this file only in accordance with the license, terms, conditions,
  11:Generated_Source\PSoC5/cyutils.c **** * disclaimers, and limitations in the end user license agreement accompanying
  12:Generated_Source\PSoC5/cyutils.c **** * the software package with which this file was provided.
  13:Generated_Source\PSoC5/cyutils.c **** *******************************************************************************/
  14:Generated_Source\PSoC5/cyutils.c **** 
ARM GAS  C:\Users\info\AppData\Local\Temp\ccP1mfiC.s 			page 9


  15:Generated_Source\PSoC5/cyutils.c **** #include "cytypes.h"
  16:Generated_Source\PSoC5/cyutils.c **** 
  17:Generated_Source\PSoC5/cyutils.c **** #if (!CY_PSOC3)
  18:Generated_Source\PSoC5/cyutils.c **** 
  19:Generated_Source\PSoC5/cyutils.c ****     /***************************************************************************
  20:Generated_Source\PSoC5/cyutils.c ****     * Function Name: CySetReg24
  21:Generated_Source\PSoC5/cyutils.c ****     ************************************************************************//**
  22:Generated_Source\PSoC5/cyutils.c ****     *
  23:Generated_Source\PSoC5/cyutils.c ****     * Writes a 24-bit value to the specified register.
  24:Generated_Source\PSoC5/cyutils.c ****     *
  25:Generated_Source\PSoC5/cyutils.c ****     * \param add The address where data must be written.
  26:Generated_Source\PSoC5/cyutils.c ****     * \param value The data that must be written.
  27:Generated_Source\PSoC5/cyutils.c ****     *
  28:Generated_Source\PSoC5/cyutils.c ****     * Reentrant:
  29:Generated_Source\PSoC5/cyutils.c ****     *  No
  30:Generated_Source\PSoC5/cyutils.c ****     *
  31:Generated_Source\PSoC5/cyutils.c ****     ***************************************************************************/
  32:Generated_Source\PSoC5/cyutils.c ****     void CySetReg24(uint32 volatile * addr, uint32 value)
  33:Generated_Source\PSoC5/cyutils.c ****     {
 140              		.loc 1 33 0
 141              		.cfi_startproc
 142              		@ args = 0, pretend = 0, frame = 0
 143              		@ frame_needed = 0, uses_anonymous_args = 0
 144              		@ link register save eliminated.
 145              	.LVL0:
  34:Generated_Source\PSoC5/cyutils.c ****         uint8 volatile *tmpAddr;
  35:Generated_Source\PSoC5/cyutils.c **** 
  36:Generated_Source\PSoC5/cyutils.c ****         tmpAddr = (uint8 volatile *) addr;
  37:Generated_Source\PSoC5/cyutils.c **** 
  38:Generated_Source\PSoC5/cyutils.c ****         tmpAddr[0u] = (uint8) value;
 146              		.loc 1 38 0
 147 0000 CBB2     		uxtb	r3, r1
 148 0002 0370     		strb	r3, [r0]
  39:Generated_Source\PSoC5/cyutils.c ****         tmpAddr[1u] = (uint8) (value >> 8u);
 149              		.loc 1 39 0
 150 0004 C1F30723 		ubfx	r3, r1, #8, #8
  40:Generated_Source\PSoC5/cyutils.c ****         tmpAddr[2u] = (uint8) (value >> 16u);
 151              		.loc 1 40 0
 152 0008 C1F30741 		ubfx	r1, r1, #16, #8
 153              	.LVL1:
  39:Generated_Source\PSoC5/cyutils.c ****         tmpAddr[1u] = (uint8) (value >> 8u);
 154              		.loc 1 39 0
 155 000c 4370     		strb	r3, [r0, #1]
 156              		.loc 1 40 0
 157 000e 8170     		strb	r1, [r0, #2]
 158 0010 7047     		bx	lr
 159              		.cfi_endproc
 160              	.LFE0:
 161              		.size	CySetReg24, .-CySetReg24
 162              		.text
 163              	.Letext0:
 164              		.file 2 "Generated_Source\\PSoC5\\cytypes.h"
 165              		.section	.debug_info,"",%progbits
 166              	.Ldebug_info0:
 167 0000 EA000000 		.4byte	0xea
 168 0004 0400     		.2byte	0x4
 169 0006 00000000 		.4byte	.Ldebug_abbrev0
ARM GAS  C:\Users\info\AppData\Local\Temp\ccP1mfiC.s 			page 10


 170 000a 04       		.byte	0x4
 171 000b 01       		.uleb128 0x1
 172 000c 14010000 		.4byte	.LASF16
 173 0010 0C       		.byte	0xc
 174 0011 57000000 		.4byte	.LASF17
 175 0015 93000000 		.4byte	.LASF18
 176 0019 00000000 		.4byte	.Ldebug_ranges0+0
 177 001d 00000000 		.4byte	0
 178 0021 00000000 		.4byte	.Ldebug_line0
 179 0025 02       		.uleb128 0x2
 180 0026 01       		.byte	0x1
 181 0027 06       		.byte	0x6
 182 0028 D4010000 		.4byte	.LASF0
 183 002c 02       		.uleb128 0x2
 184 002d 01       		.byte	0x1
 185 002e 08       		.byte	0x8
 186 002f 1C000000 		.4byte	.LASF1
 187 0033 02       		.uleb128 0x2
 188 0034 02       		.byte	0x2
 189 0035 05       		.byte	0x5
 190 0036 BB010000 		.4byte	.LASF2
 191 003a 02       		.uleb128 0x2
 192 003b 02       		.byte	0x2
 193 003c 07       		.byte	0x7
 194 003d 44000000 		.4byte	.LASF3
 195 0041 02       		.uleb128 0x2
 196 0042 04       		.byte	0x4
 197 0043 05       		.byte	0x5
 198 0044 CB010000 		.4byte	.LASF4
 199 0048 02       		.uleb128 0x2
 200 0049 04       		.byte	0x4
 201 004a 07       		.byte	0x7
 202 004b 32000000 		.4byte	.LASF5
 203 004f 02       		.uleb128 0x2
 204 0050 08       		.byte	0x8
 205 0051 05       		.byte	0x5
 206 0052 A8010000 		.4byte	.LASF6
 207 0056 02       		.uleb128 0x2
 208 0057 08       		.byte	0x8
 209 0058 07       		.byte	0x7
 210 0059 FD000000 		.4byte	.LASF7
 211 005d 03       		.uleb128 0x3
 212 005e 04       		.byte	0x4
 213 005f 05       		.byte	0x5
 214 0060 696E7400 		.ascii	"int\000"
 215 0064 02       		.uleb128 0x2
 216 0065 04       		.byte	0x4
 217 0066 07       		.byte	0x7
 218 0067 86000000 		.4byte	.LASF8
 219 006b 04       		.uleb128 0x4
 220 006c C5010000 		.4byte	.LASF9
 221 0070 02       		.byte	0x2
 222 0071 E401     		.2byte	0x1e4
 223 0073 2C000000 		.4byte	0x2c
 224 0077 04       		.uleb128 0x4
 225 0078 7F000000 		.4byte	.LASF10
 226 007c 02       		.byte	0x2
ARM GAS  C:\Users\info\AppData\Local\Temp\ccP1mfiC.s 			page 11


 227 007d E601     		.2byte	0x1e6
 228 007f 48000000 		.4byte	0x48
 229 0083 02       		.uleb128 0x2
 230 0084 04       		.byte	0x4
 231 0085 04       		.byte	0x4
 232 0086 16000000 		.4byte	.LASF11
 233 008a 02       		.uleb128 0x2
 234 008b 08       		.byte	0x8
 235 008c 04       		.byte	0x4
 236 008d 78000000 		.4byte	.LASF12
 237 0091 02       		.uleb128 0x2
 238 0092 01       		.byte	0x1
 239 0093 08       		.byte	0x8
 240 0094 B6010000 		.4byte	.LASF13
 241 0098 05       		.uleb128 0x5
 242 0099 6B000000 		.4byte	0x6b
 243 009d 05       		.uleb128 0x5
 244 009e 77000000 		.4byte	0x77
 245 00a2 06       		.uleb128 0x6
 246 00a3 06000000 		.4byte	.LASF19
 247 00a7 01       		.byte	0x1
 248 00a8 20       		.byte	0x20
 249 00a9 00000000 		.4byte	.LFB0
 250 00ad 12000000 		.4byte	.LFE0-.LFB0
 251 00b1 01       		.uleb128 0x1
 252 00b2 9C       		.byte	0x9c
 253 00b3 E1000000 		.4byte	0xe1
 254 00b7 07       		.uleb128 0x7
 255 00b8 11000000 		.4byte	.LASF14
 256 00bc 01       		.byte	0x1
 257 00bd 20       		.byte	0x20
 258 00be E1000000 		.4byte	0xe1
 259 00c2 01       		.uleb128 0x1
 260 00c3 50       		.byte	0x50
 261 00c4 08       		.uleb128 0x8
 262 00c5 00000000 		.4byte	.LASF15
 263 00c9 01       		.byte	0x1
 264 00ca 20       		.byte	0x20
 265 00cb 77000000 		.4byte	0x77
 266 00cf 00000000 		.4byte	.LLST0
 267 00d3 09       		.uleb128 0x9
 268 00d4 2A000000 		.4byte	.LASF20
 269 00d8 01       		.byte	0x1
 270 00d9 22       		.byte	0x22
 271 00da E7000000 		.4byte	0xe7
 272 00de 01       		.uleb128 0x1
 273 00df 50       		.byte	0x50
 274 00e0 00       		.byte	0
 275 00e1 0A       		.uleb128 0xa
 276 00e2 04       		.byte	0x4
 277 00e3 9D000000 		.4byte	0x9d
 278 00e7 0A       		.uleb128 0xa
 279 00e8 04       		.byte	0x4
 280 00e9 98000000 		.4byte	0x98
 281 00ed 00       		.byte	0
 282              		.section	.debug_abbrev,"",%progbits
 283              	.Ldebug_abbrev0:
ARM GAS  C:\Users\info\AppData\Local\Temp\ccP1mfiC.s 			page 12


 284 0000 01       		.uleb128 0x1
 285 0001 11       		.uleb128 0x11
 286 0002 01       		.byte	0x1
 287 0003 25       		.uleb128 0x25
 288 0004 0E       		.uleb128 0xe
 289 0005 13       		.uleb128 0x13
 290 0006 0B       		.uleb128 0xb
 291 0007 03       		.uleb128 0x3
 292 0008 0E       		.uleb128 0xe
 293 0009 1B       		.uleb128 0x1b
 294 000a 0E       		.uleb128 0xe
 295 000b 55       		.uleb128 0x55
 296 000c 17       		.uleb128 0x17
 297 000d 11       		.uleb128 0x11
 298 000e 01       		.uleb128 0x1
 299 000f 10       		.uleb128 0x10
 300 0010 17       		.uleb128 0x17
 301 0011 00       		.byte	0
 302 0012 00       		.byte	0
 303 0013 02       		.uleb128 0x2
 304 0014 24       		.uleb128 0x24
 305 0015 00       		.byte	0
 306 0016 0B       		.uleb128 0xb
 307 0017 0B       		.uleb128 0xb
 308 0018 3E       		.uleb128 0x3e
 309 0019 0B       		.uleb128 0xb
 310 001a 03       		.uleb128 0x3
 311 001b 0E       		.uleb128 0xe
 312 001c 00       		.byte	0
 313 001d 00       		.byte	0
 314 001e 03       		.uleb128 0x3
 315 001f 24       		.uleb128 0x24
 316 0020 00       		.byte	0
 317 0021 0B       		.uleb128 0xb
 318 0022 0B       		.uleb128 0xb
 319 0023 3E       		.uleb128 0x3e
 320 0024 0B       		.uleb128 0xb
 321 0025 03       		.uleb128 0x3
 322 0026 08       		.uleb128 0x8
 323 0027 00       		.byte	0
 324 0028 00       		.byte	0
 325 0029 04       		.uleb128 0x4
 326 002a 16       		.uleb128 0x16
 327 002b 00       		.byte	0
 328 002c 03       		.uleb128 0x3
 329 002d 0E       		.uleb128 0xe
 330 002e 3A       		.uleb128 0x3a
 331 002f 0B       		.uleb128 0xb
 332 0030 3B       		.uleb128 0x3b
 333 0031 05       		.uleb128 0x5
 334 0032 49       		.uleb128 0x49
 335 0033 13       		.uleb128 0x13
 336 0034 00       		.byte	0
 337 0035 00       		.byte	0
 338 0036 05       		.uleb128 0x5
 339 0037 35       		.uleb128 0x35
 340 0038 00       		.byte	0
ARM GAS  C:\Users\info\AppData\Local\Temp\ccP1mfiC.s 			page 13


 341 0039 49       		.uleb128 0x49
 342 003a 13       		.uleb128 0x13
 343 003b 00       		.byte	0
 344 003c 00       		.byte	0
 345 003d 06       		.uleb128 0x6
 346 003e 2E       		.uleb128 0x2e
 347 003f 01       		.byte	0x1
 348 0040 3F       		.uleb128 0x3f
 349 0041 19       		.uleb128 0x19
 350 0042 03       		.uleb128 0x3
 351 0043 0E       		.uleb128 0xe
 352 0044 3A       		.uleb128 0x3a
 353 0045 0B       		.uleb128 0xb
 354 0046 3B       		.uleb128 0x3b
 355 0047 0B       		.uleb128 0xb
 356 0048 27       		.uleb128 0x27
 357 0049 19       		.uleb128 0x19
 358 004a 11       		.uleb128 0x11
 359 004b 01       		.uleb128 0x1
 360 004c 12       		.uleb128 0x12
 361 004d 06       		.uleb128 0x6
 362 004e 40       		.uleb128 0x40
 363 004f 18       		.uleb128 0x18
 364 0050 9742     		.uleb128 0x2117
 365 0052 19       		.uleb128 0x19
 366 0053 01       		.uleb128 0x1
 367 0054 13       		.uleb128 0x13
 368 0055 00       		.byte	0
 369 0056 00       		.byte	0
 370 0057 07       		.uleb128 0x7
 371 0058 05       		.uleb128 0x5
 372 0059 00       		.byte	0
 373 005a 03       		.uleb128 0x3
 374 005b 0E       		.uleb128 0xe
 375 005c 3A       		.uleb128 0x3a
 376 005d 0B       		.uleb128 0xb
 377 005e 3B       		.uleb128 0x3b
 378 005f 0B       		.uleb128 0xb
 379 0060 49       		.uleb128 0x49
 380 0061 13       		.uleb128 0x13
 381 0062 02       		.uleb128 0x2
 382 0063 18       		.uleb128 0x18
 383 0064 00       		.byte	0
 384 0065 00       		.byte	0
 385 0066 08       		.uleb128 0x8
 386 0067 05       		.uleb128 0x5
 387 0068 00       		.byte	0
 388 0069 03       		.uleb128 0x3
 389 006a 0E       		.uleb128 0xe
 390 006b 3A       		.uleb128 0x3a
 391 006c 0B       		.uleb128 0xb
 392 006d 3B       		.uleb128 0x3b
 393 006e 0B       		.uleb128 0xb
 394 006f 49       		.uleb128 0x49
 395 0070 13       		.uleb128 0x13
 396 0071 02       		.uleb128 0x2
 397 0072 17       		.uleb128 0x17
ARM GAS  C:\Users\info\AppData\Local\Temp\ccP1mfiC.s 			page 14


 398 0073 00       		.byte	0
 399 0074 00       		.byte	0
 400 0075 09       		.uleb128 0x9
 401 0076 34       		.uleb128 0x34
 402 0077 00       		.byte	0
 403 0078 03       		.uleb128 0x3
 404 0079 0E       		.uleb128 0xe
 405 007a 3A       		.uleb128 0x3a
 406 007b 0B       		.uleb128 0xb
 407 007c 3B       		.uleb128 0x3b
 408 007d 0B       		.uleb128 0xb
 409 007e 49       		.uleb128 0x49
 410 007f 13       		.uleb128 0x13
 411 0080 02       		.uleb128 0x2
 412 0081 18       		.uleb128 0x18
 413 0082 00       		.byte	0
 414 0083 00       		.byte	0
 415 0084 0A       		.uleb128 0xa
 416 0085 0F       		.uleb128 0xf
 417 0086 00       		.byte	0
 418 0087 0B       		.uleb128 0xb
 419 0088 0B       		.uleb128 0xb
 420 0089 49       		.uleb128 0x49
 421 008a 13       		.uleb128 0x13
 422 008b 00       		.byte	0
 423 008c 00       		.byte	0
 424 008d 00       		.byte	0
 425              		.section	.debug_loc,"",%progbits
 426              	.Ldebug_loc0:
 427              	.LLST0:
 428 0000 00000000 		.4byte	.LVL0
 429 0004 0C000000 		.4byte	.LVL1
 430 0008 0100     		.2byte	0x1
 431 000a 51       		.byte	0x51
 432 000b 0C000000 		.4byte	.LVL1
 433 000f 12000000 		.4byte	.LFE0
 434 0013 0400     		.2byte	0x4
 435 0015 F3       		.byte	0xf3
 436 0016 01       		.uleb128 0x1
 437 0017 51       		.byte	0x51
 438 0018 9F       		.byte	0x9f
 439 0019 00000000 		.4byte	0
 440 001d 00000000 		.4byte	0
 441              		.section	.debug_aranges,"",%progbits
 442 0000 1C000000 		.4byte	0x1c
 443 0004 0200     		.2byte	0x2
 444 0006 00000000 		.4byte	.Ldebug_info0
 445 000a 04       		.byte	0x4
 446 000b 00       		.byte	0
 447 000c 0000     		.2byte	0
 448 000e 0000     		.2byte	0
 449 0010 00000000 		.4byte	.LFB0
 450 0014 12000000 		.4byte	.LFE0-.LFB0
 451 0018 00000000 		.4byte	0
 452 001c 00000000 		.4byte	0
 453              		.section	.debug_ranges,"",%progbits
 454              	.Ldebug_ranges0:
ARM GAS  C:\Users\info\AppData\Local\Temp\ccP1mfiC.s 			page 15


 455 0000 00000000 		.4byte	.LFB0
 456 0004 12000000 		.4byte	.LFE0
 457 0008 00000000 		.4byte	0
 458 000c 00000000 		.4byte	0
 459              		.section	.debug_line,"",%progbits
 460              	.Ldebug_line0:
 461 0000 5E000000 		.section	.debug_str,"MS",%progbits,1
 461      02004400 
 461      00000201 
 461      FB0E0D00 
 461      01010101 
 462              	.LASF15:
 463 0000 76616C75 		.ascii	"value\000"
 463      6500
 464              	.LASF19:
 465 0006 43795365 		.ascii	"CySetReg24\000"
 465      74526567 
 465      323400
 466              	.LASF14:
 467 0011 61646472 		.ascii	"addr\000"
 467      00
 468              	.LASF11:
 469 0016 666C6F61 		.ascii	"float\000"
 469      7400
 470              	.LASF1:
 471 001c 756E7369 		.ascii	"unsigned char\000"
 471      676E6564 
 471      20636861 
 471      7200
 472              	.LASF20:
 473 002a 746D7041 		.ascii	"tmpAddr\000"
 473      64647200 
 474              	.LASF5:
 475 0032 6C6F6E67 		.ascii	"long unsigned int\000"
 475      20756E73 
 475      69676E65 
 475      6420696E 
 475      7400
 476              	.LASF3:
 477 0044 73686F72 		.ascii	"short unsigned int\000"
 477      7420756E 
 477      7369676E 
 477      65642069 
 477      6E7400
 478              	.LASF17:
 479 0057 47656E65 		.ascii	"Generated_Source\\PSoC5\\cyutils.c\000"
 479      72617465 
 479      645F536F 
 479      75726365 
 479      5C50536F 
 480              	.LASF12:
 481 0078 646F7562 		.ascii	"double\000"
 481      6C6500
 482              	.LASF10:
 483 007f 75696E74 		.ascii	"uint32\000"
 483      333200
 484              	.LASF8:
ARM GAS  C:\Users\info\AppData\Local\Temp\ccP1mfiC.s 			page 16


 485 0086 756E7369 		.ascii	"unsigned int\000"
 485      676E6564 
 485      20696E74 
 485      00
 486              	.LASF18:
 487 0093 433A5C55 		.ascii	"C:\\Users\\info\\Desktop\\Spring 2019 Classes\\6.11"
 487      73657273 
 487      5C696E66 
 487      6F5C4465 
 487      736B746F 
 488 00c1 355C362E 		.ascii	"5\\6.115-final\\PSoCCreator\\Final Project\\FinalEm"
 488      3131352D 
 488      66696E61 
 488      6C5C5053 
 488      6F434372 
 489 00f0 756C6174 		.ascii	"ulator.cydsn\000"
 489      6F722E63 
 489      7964736E 
 489      00
 490              	.LASF7:
 491 00fd 6C6F6E67 		.ascii	"long long unsigned int\000"
 491      206C6F6E 
 491      6720756E 
 491      7369676E 
 491      65642069 
 492              	.LASF16:
 493 0114 474E5520 		.ascii	"GNU C11 5.4.1 20160609 (release) [ARM/embedded-5-br"
 493      43313120 
 493      352E342E 
 493      31203230 
 493      31363036 
 494 0147 616E6368 		.ascii	"anch revision 237715] -mcpu=cortex-m3 -mthumb -g -O"
 494      20726576 
 494      6973696F 
 494      6E203233 
 494      37373135 
 495 017a 73202D66 		.ascii	"s -ffunction-sections -ffat-lto-objects -flto\000"
 495      66756E63 
 495      74696F6E 
 495      2D736563 
 495      74696F6E 
 496              	.LASF6:
 497 01a8 6C6F6E67 		.ascii	"long long int\000"
 497      206C6F6E 
 497      6720696E 
 497      7400
 498              	.LASF13:
 499 01b6 63686172 		.ascii	"char\000"
 499      00
 500              	.LASF2:
 501 01bb 73686F72 		.ascii	"short int\000"
 501      7420696E 
 501      7400
 502              	.LASF9:
 503 01c5 75696E74 		.ascii	"uint8\000"
 503      3800
 504              	.LASF4:
ARM GAS  C:\Users\info\AppData\Local\Temp\ccP1mfiC.s 			page 17


 505 01cb 6C6F6E67 		.ascii	"long int\000"
 505      20696E74 
 505      00
 506              	.LASF0:
 507 01d4 7369676E 		.ascii	"signed char\000"
 507      65642063 
 507      68617200 
 508              		.comm	__gnu_lto_v1,1,1
 509              		.ident	"GCC: (GNU Tools for ARM Embedded Processors) 5.4.1 20160609 (release) [ARM/embedded-5-bran
