ARM GAS  C:\Users\info\AppData\Local\Temp\ccWuF9qk.s 			page 1


   1              		.syntax unified
   2              		.cpu cortex-m3
   3              		.fpu softvfp
   4              		.eabi_attribute 20, 1
   5              		.eabi_attribute 21, 1
   6              		.eabi_attribute 23, 3
   7              		.eabi_attribute 24, 1
   8              		.eabi_attribute 25, 1
   9              		.eabi_attribute 26, 1
  10              		.eabi_attribute 30, 4
  11              		.eabi_attribute 34, 1
  12              		.eabi_attribute 18, 4
  13              		.thumb
  14              		.syntax unified
  15              		.file	"DMA_dma.c"
  16              		.text
  17              	.Ltext0:
  18              		.section	.gnu.lto_.profile.bf152d98,"",%progbits
  19 0000 789C6361 		.ascii	"x\234ca`d`a`\000\222\266\342\000\000\373\000_"
  19      60646061 
  19      600092B6 
  19      E20000FB 
  19      005F
  20              		.text
  21              		.section	.gnu.lto_.icf.bf152d98,"",%progbits
  22 0000 789C6361 		.ascii	"x\234ca`d\000\001\021\006\004`fh\353\271}\214\231\261"
  22      60640001 
  22      11060460 
  22      6668EBB9 
  22      7D8C99B1 
  23 0014 7B4EDB0D 		.ascii	"{N\333\015V\246\233\253\177M\347d\000\000XQ\010~"
  23      56A69BAB 
  23      7F4DE764 
  23      00005851 
  23      087E
  24              		.text
  25              		.section	.gnu.lto_.jmpfuncs.bf152d98,"",%progbits
  26 0000 789C6361 		.ascii	"x\234ca`d\000\2012\006\004`b`a\004\002~\020\301\002"
  26      60640081 
  26      32060460 
  26      62606104 
  26      027E10C1 
  27 0015 E433FE65 		.ascii	"\3443\376eb<\372\377\373\001\376/L\255\314\014\214L"
  27      623CFAFF 
  27      FB01FE2F 
  27      4CADCC0C 
  27      8C4C
  28 0027 8CCB1965 		.ascii	"\214\313\031e\030\030\330@*+\231\300$3\220\344\001)"
  28      1818D840 
  28      2A2B99C0 
  28      243390E4 
  28      0129
  29 0039 5BFF66E7 		.ascii	"[\377f\347O^\2102\006\306\025 eL\225`#+A\3260B\204P"
  29      4F5E8832 
  29      06C61520 
  29      654C9560 
  29      232B41D6 
ARM GAS  C:\Users\info\AppData\Local\Temp\ccWuF9qk.s 			page 2


  30 0051 29263062 		.ascii	")&0b`\000\000\343?\022k"
  30      600000E3 
  30      3F126B
  31              		.text
  32              		.section	.gnu.lto_.inline.bf152d98,"",%progbits
  33 0000 789C6361 		.ascii	"x\234ca`d\000\001\177\006\004`b`\020\325gd`\3428`\307"
  33      60640001 
  33      7F060460 
  33      626010D5 
  33      676460E2 
  34 0017 C0B6409E 		.ascii	"\300\266@\236\011$\306\314\003\024\237\340\307\300\302"
  34      0924C6CC 
  34      03149FE0 
  34      C7C0C2
  35 0026 0B644FF0 		.ascii	"\013dO\360\003Av\001\006\0066\006\020\013\254\207\215"
  35      03417601 
  35      06063606 
  35      100BAC87 
  35      8D
  36 0037 0FA885E9 		.ascii	"\017\250\205\351\002?\\\013\0237\003\003#P\022\000\264"
  36      023F5C0B 
  36      13370303 
  36      23501200 
  36      B4
  37 0048 960A8E   		.ascii	"\226\012\216"
  38              		.text
  39              		.section	.gnu.lto_.pureconst.bf152d98,"",%progbits
  40 0000 789C6361 		.ascii	"x\234ca`d`e```b\220`\222\000\000\000\347\000?"
  40      60646065 
  40      60606062 
  40      90609200 
  40      0000E700 
  41              		.text
  42              		.section	.gnu.lto_DMA_DmaInitialize.bf152d98,"",%progbits
  43 0000 789C9592 		.ascii	"x\234\225\222OL\023A\024\306\347\315\264\335\272\264"
  43      4F4C1341 
  43      14C6E7CD 
  43      B4DDBAB4 
  44 0010 859B0739 		.ascii	"\205\233\0079hb\202\\\324\304\230x2AH<i\032\032oUB\332"
  44      6862825C 
  44      D4C49878 
  44      3241483C 
  44      691A1A6F 
  45 0027 3D0AB82D 		.ascii	"=\012\270-\347\016]\253\222x\220\004P\017\320\250!\240"
  45      E70E5DAB 
  45      92789004 
  45      500FD0A8 
  45      21A0
  46 0039 A2B5FE2F 		.ascii	"\242\265\376/*\026\377D\023\033\211\202'=\030\017\215"
  46      2A16FF44 
  46      131B8982 
  46      273D180F 
  46      8D
  47 004a 699A5048 		.ascii	"i\232PH\201h\202\353{\323\202&\364\302&\233\235y\373"
  47      816882EB 
  47      7BD38226 
  47      F4C2269B 
ARM GAS  C:\Users\info\AppData\Local\Temp\ccWuF9qk.s 			page 3


  47      9D79FB
  48 005d BEEFFBBD 		.ascii	"\276\357\373\275\335q0`t\215\012\306N\341s\007\336 "
  48      DD713060 
  48      748D0AC6 
  48      4EE17307 
  48      DE20
  49 006f 18F04B1F 		.ascii	"\030\360K\037\031\353ss\000ZH7\260\030\207\030,\363"
  49      19EB7373 
  49      005A4837 
  49      B0188718 
  49      2CF3
  50 0081 350E1F56 		.ascii	"5\016\037V\337_\324\233\307\245\214\313\357cK\207.O"
  50      DF5FD49B 
  50      C7A58CCB 
  50      EF634B87 
  50      2E4F
  51 0093 64218172 		.ascii	"d!\201r\23338\320\010\373\033\311b\034\232\261s~r\266"
  51      9B3338D0 
  51      08FB1BC9 
  51      621C9AB1 
  51      737E72B6 
  52 00a7 DF277603 		.ascii	"\337'v\003\303\365\350`\256,\232\306H%\355\240\024("
  52      C3F5E860 
  52      AE2C9AC6 
  52      4825EDA0 
  52      1428
  53 00b9 810910FF 		.ascii	"\201\011\020\377T\344\0017\241\011{\027\346\256o\027"
  53      54E40137 
  53      A1097B17 
  53      E6AE6F17 
  54 00c9 FB946C20 		.ascii	"\373\224l \371\256\340\254\312\346NVd\2676\311n+\331"
  54      F9AEE0AC 
  54      CAE64E56 
  54      64B736C9 
  54      6E2BD9
  55 00dc 5B7B355B 		.ascii	"[{5[_\346\011\001@\234\237K\271\221:\332rh\300m\361"
  55      5FE60901 
  55      409C9F4B 
  55      B9913ADA 
  55      7268C06D 
  56 00f1 C6B5798F 		.ascii	"\306\265y\2178\254\\\343kK\323\276\252k\372\234G\372"
  56      38AC5CE3 
  56      6B4BD3BE 
  56      AA6BFA9C 
  56      47FA
  57 0103 1342C0DD 		.ascii	"\023B\300\335\212\355\035h\204I c\214J)\343\251\337"
  57      8AED1D68 
  57      84492063 
  57      8C4A29E3 
  57      A9DF
  58 0115 F9059F38 		.ascii	"\371\005\2378\256\244\203\2573\366:\320\300\371\252"
  58      AEA483AF 
  58      33F63AD0 
  58      C0F9AA
  59 0124 F45E0D69 		.ascii	"\364^\015i\032\232\250\377G\372\317\220\327uV\342\265"
  59      1A9AA8FF 
  59      47FACF90 
ARM GAS  C:\Users\info\AppData\Local\Temp\ccWuF9qk.s 			page 4


  59      D77556E2 
  59      B5
  60 0135 93BE11D2 		.ascii	"\223\276\021\322\336\007\027}\365T{V\332\266%\263C\332"
  60      DE07177D 
  60      F5547B56 
  60      DAB625B3 
  60      43DA
  61 0147 CC37CD8B 		.ascii	"\3147\315\213\3248\275\003h\030\027Z84\240x7\220\223"
  61      D438BD03 
  61      6818175A 
  61      3834A078 
  61      379093
  62 015a 4E058F1A 		.ascii	"N\005\217\032\226\225\320\204\376\312\"\347\364\024"
  62      9695D084 
  62      FECA22E7 
  62      F414
  63 0168 7988974B 		.ascii	"y\210\227K\371\264\223|1p8\361jV\243\261\235\2127\223"
  63      F9B4937C 
  63      317038F1 
  63      6A56A3B1 
  63      9D8A3793 
  64 017c 297ED562 		.ascii	")~\325bk\362\202\224\015X\353'\007,\027r_\336\350I\030"
  64      6BF28294 
  64      0D58EB27 
  64      072C1772 
  64      5FDEE849 
  65 0191 E993AACE 		.ascii	"\351\223\252\316\340!\376\336\007\310\316\340\021$\001"
  65      E021FEDE 
  65      07C8CEE0 
  65      112401
  66 01a0 3B52C5CC 		.ascii	";R\305\314//\3718\200\301c|\363\023\256\312++{(f\263"
  66      2F2FF938 
  66      80C1637C 
  66      F313AECA 
  66      2B2B7B28 
  67 01b6 B1CBE638 		.ascii	"\261\313\3468\023<\201\230j\266\204\260P\210\253\365"
  67      133C8198 
  67      6AB684B0 
  67      5088ABF5 
  68 01c6 3B213486 		.ascii	";!4\206\244\303\003e \007K\270\266\000\367t\003.\203"
  68      A4C30365 
  68      20074BB8 
  68      B600F774 
  68      032E83
  69 01d9 7048E2AA 		.ascii	"pH\342\252M\341\266\361\2330\230B\012\014\260\204f\011"
  69      4DE1B6F1 
  69      9B309842 
  69      0A0CB084 
  69      6609
  70 01eb 77426C53 		.ascii	"wBlS\301\237\226\253\301\372\026\202\237m\004?\257\004"
  70      C19F96AB 
  70      C1FA1682 
  70      9F6D043F 
  70      AF04
  71 01fd 3B6B07EB 		.ascii	";k\007\3536\247s\370B\005\353\377\237E\007p\230\246"
  71      36A773F8 
  71      4205EBFF 
ARM GAS  C:\Users\info\AppData\Local\Temp\ccWuF9qk.s 			page 5


  71      9F450770 
  71      98A6
  72 020f F1EB14C5 		.ascii	"\361\353\024\305\342\312\214\250`x\266\200\361r\003"
  72      E2CA8CA8 
  72      6078B680 
  72      F17203
  73 021e 234B1805 		.ascii	"#K\030\005\364\254x0u\036\200\316\001\016\276\353\250"
  73      F4AC7830 
  73      751E80CE 
  73      010EBEEB 
  73      A8
  74 022f D165989D 		.ascii	"\321e\230\235Q#\334\021\350\3565CF\320\037\350n=\030"
  74      5123DC11 
  74      E8EE3543 
  74      46D01FE8 
  74      6E3D18
  75 0242 6C3BD6D2 		.ascii	"l;\326\322\021>\335\2717\304\364#\275f$\332\332\335"
  75      113EDDB9 
  75      37C4F423 
  75      BD6624DA 
  75      DADD
  76 0254 DB15F5B5 		.ascii	"\333\025\365\265\033g\214H\324o\230\252V\177\242\247"
  76      1B678C48 
  76      D46F98AA 
  76      567FA2A7 
  77 0264 C7300366 		.ascii	"\3070\003f\250%\0346\215H\244A\355\333\260\243Z\370"
  77      A8251C36 
  77      8D48A441 
  77      EDDBB0A3 
  77      5AF8
  78 0276 0BC40A55 		.ascii	"\013\304\012U\322"
  78      D2
  79              		.text
  80              		.section	.gnu.lto_DMA_DmaRelease.bf152d98,"",%progbits
  81 0000 789C654E 		.ascii	"x\234eN=K\003Q\020\334\331w&\341@\260\327B\261J#X\370"
  81      3D4B0351 
  81      10DCD977 
  81      26E140B0 
  81      D742B14A 
  82 0017 03444110 		.ascii	"\003DA\020\004I\332@\010\311\225\032\010Z\337K\342\241"
  82      0449DA40 
  82      08C9951A 
  82      085ADF4B 
  82      E2A1
  83 0029 7636A693 		.ascii	"v6\246\223t&~\200\210\215\327\235\301\322\217\312\312"
  83      74267E80 
  83      888DD79D 
  83      C1D28FCA 
  83      CA
  84 003a 462C8204 		.ascii	"F,\202\004\213\004\264\214\347\356Y:\360\330\307\354"
  84      8B04B48C 
  84      E7EE593A 
  84      F0D8C7EC 
  85 004a ECCC3804 		.ascii	"\354\3148\004R\244d\314\313\234\226\007C\340\243'\242"
  85      52A464CC 
  85      CB9C9607 
  85      43E0A327 
ARM GAS  C:\Users\info\AppData\Local\Temp\ccWuF9qk.s 			page 6


  85      A2
  86 005b 7A8601FD 		.ascii	"z\206\001\375\330\014\310g\370\370\3461\243\267\337"
  86      D80CC867 
  86      F8F8E631 
  86      A3B7DF
  87 006a 0F39DBB1 		.ascii	"\0179\333\261\202\267\340t\321v#\004\206(\346\304\211"
  87      82B7E074 
  87      D1762304 
  87      8628E6C4 
  87      89
  88 007b D0419644 		.ascii	"\320A\226D\366~\375s<\231\332S\331\354\337\022]h\016"
  88      F67EFD73 
  88      3C99DA53 
  88      D9ECDF12 
  88      5D680E
  89 008e 5DE5221B 		.ascii	"]\345\"\033\307M\033\335\270w\267\256\303\024\030\241"
  89      C74D1BDD 
  89      B877B7AE 
  89      C31418A1 
  90 009e 8722D1B0 		.ascii	"\207\"\321\260\021\263N\323G\2435z\314\351Q\323hn+\350"
  90      11B34ED3 
  90      47A3357A 
  90      CCE951D3 
  90      686E2BE8 
  91 00b2 3DA7BF38 		.ascii	"=\247\27780\014\365\017\303\317\327\264?\266\007\326"
  91      300CF50F 
  91      C3CFD7B4 
  91      3FB607D6 
  92 00c2 4E097728 		.ascii	"N\011w(\025\224\036<\274\334\273m\234\324m\302\033\234"
  92      15941E3C 
  92      BCDCBB6D 
  92      9CD46DC2 
  92      1B9C
  93 00d4 4BEF33CC 		.ascii	"K\3573\314H\374\005\332\240\0178j\371\337\301\211\305"
  93      48FC05DA 
  93      A00F386A 
  93      F9DFC189 
  93      C5
  94 00e5 9770099F 		.ascii	"\227p\011\237$/0\0234@#\012\327\023\265b({)&5\347\326"
  94      242F3013 
  94      3440230A 
  94      D713B562 
  94      287B2926 
  95 00fc BC6DAF56 		.ascii	"\274m\257V\332\361*\305|u\267V\366\012\233\371\352\312"
  95      DAF12AC5 
  95      7C75B756 
  95      F60A9BF9 
  95      EACA
  96 010e 52617563 		.ascii	"Rauc\271X\331*-\224\351\027\355dg]"
  96      B958D92A 
  96      2D94E917 
  96      ED64675D 
  97              		.text
  98              		.section	.gnu.lto_.symbol_nodes.bf152d98,"",%progbits
  99 0000 789C558C 		.ascii	"x\234U\214\261\015\2000\014\004\317q\222\001\230\000"
  99      B10D8030 
  99      0C04CF71 
ARM GAS  C:\Users\info\AppData\Local\Temp\ccWuF9qk.s 			page 7


  99      92019800 
 100 0010 26759028 		.ascii	"&u\220()\230\207:53\300\"\010'\025\371\346t\377\322"
 100      2998873A 
 100      3533C022 
 100      082715F9 
 100      E674FFD2 
 101 0024 47841D4F 		.ascii	"G\204\035O\020\203\343\002\307Y\026H\260Nm\010&\303"
 101      1083E302 
 101      C7591648 
 101      B04E6D08 
 101      26C3
 102 0036 20C9422F 		.ascii	" \311B/\240\224\331=\232\016\256\026\007\317\226\376"
 102      A094D93D 
 102      9A0EAE16 
 102      07CF96FE 
 103 0046 AE7E5DEF 		.ascii	"\256~]\357W\224\310\3664*\2651\344\336\363\001\314\364"
 103      5794C8F6 
 103      342AB531 
 103      E4DEF301 
 103      CCF4
 104 0058 1F26     		.ascii	"\037&"
 105              		.text
 106              		.section	.gnu.lto_.refs.bf152d98,"",%progbits
 107 0000 789C0DC7 		.ascii	"x\234\015\307I\021\000 \000\000!\326c,`\377\254\312"
 107      49110020 
 107      000021D6 
 107      632C60FF 
 107      ACCA
 108 0012 8F25174B 		.ascii	"\217%\027K\245\251\255\323\370\365\000\003\311\0008"
 108      A5A9ADD3 
 108      F8F50003 
 108      C90038
 109              		.text
 110              		.section	.gnu.lto_.decls.bf152d98,"",%progbits
 111 0000 789C8D54 		.ascii	"x\234\215TkL\024W\024\2363\263,dyYcZ\232lSj\242\360"
 111      6B4C1457 
 111      149E33B3 
 111      2C647959 
 111      635A9A6C 
 112 0018 A3D9D634 		.ascii	"\243\331\3264m\372\253\011Y\212\366\207\215)-I\023\023"
 112      6DFAAB09 
 112      598AF687 
 112      8D292D49 
 112      1313
 113 002a B3B0D3BA 		.ascii	"\263\260\323\272\011.\015\273$\245I\223\211H\252\210"
 113      092E0DBB 
 113      24A54993 
 113      8948AA88 
 114 003a AD245659 		.ascii	"\255$VY\013\021i\212 /\001E\020\304\325\252\274D@\024"
 114      0B11698A 
 114      202F0145 
 114      10C4D5AA 
 114      BC444014 
 115 004e 59044516 		.ascii	"Y\004E\0260T\210\"\250X+\364\334\307\354\354\374\330"
 115      30548822 
 115      A8582BF4 
 115      DCC7ECEC 
ARM GAS  C:\Users\info\AppData\Local\Temp\ccWuF9qk.s 			page 8


 115      FCD8
 116 0060 B4377B66 		.ascii	"\2647{f\356=\367\273\347;\337\271g\307 \200@\306\203"
 116      EE3DF7BB 
 116      E73BDFB9 
 116      67C72080 
 116      40C683
 117 0073 704108C3 		.ascii	"pA\010\303\351\034\316WqH\370NC#\273f\201\015#Z\033"
 117      E91CCE57 
 117      7148F84E 
 117      4323BB66 
 117      810D235A 
 118 0088 5A075A0F 		.ascii	"Z\007Z\017\332\000\232\017m\234\343&\004\375 \330(\264"
 118      DA009A0F 
 118      6D9CE326 
 118      04FD20D8 
 118      28B4
 119 009a B3686BD1 		.ascii	"\263hk\321\326\241\325\363x\367\321&\321F\320\374h\375"
 119      D6A1D5F3 
 119      78F7D126 
 119      D146D0FC 
 119      68FD
 120 00ac 685368DD 		.ascii	"hSh\335\374\254\201\237\367q\236\236\020\034\035<\257"
 120      FCAC819F 
 120      F7719E9E 
 120      101C1D3C 
 120      AF
 121 00bd B4A0B884 		.ascii	"\264\240\270\204o\032m\214cD\216\013\225\347+\021Z\012"
 121      6F1A6D8C 
 121      63448E0B 
 121      95E72B11 
 121      5A0A
 122 00cf 8A9FC5DE 		.ascii	"\212\237\305\336\001\037\210\300\013\"\000\260'P\023"
 122      011F88C0 
 122      0B2200B0 
 122      275013
 123 00de 98D1254E 		.ascii	"\230\321%ND\372\024\002\256\300K\010@\370T\013F\177"
 123      44FA1402 
 123      AEC04B08 
 123      40F8540B 
 123      467F
 124 00f0 EA7B551D 		.ascii	"\352{U\0354\210\026\035\370!\010d\300\347t_\324\010"
 124      3488161D 
 124      F8210864 
 124      C0E7745F 
 124      D408
 125 0102 802DD503 		.ascii	"\200-\325\003A\361X\272A9\201^\023\250\242\233=\327"
 125      41F158BA 
 125      4139815E 
 125      13A8A29B 
 125      3DD7
 126 0114 F71A2454 		.ascii	"\367\032$T\214\363{/*S,5\012\216\203\212\"\276\253U"
 126      8CF37B2F 
 126      2A532C35 
 126      0A8E838A 
 126      22BEAB55 
 127 0128 E68FBF5F 		.ascii	"\346\217\277_>\226\226D\330h\002\354\012t\324\317\265"
 127      3E969644 
ARM GAS  C:\Users\info\AppData\Local\Temp\ccWuF9qk.s 			page 9


 127      D86802EC 
 127      0A74D4CF 
 127      B5
 128 0139 BE88660E 		.ascii	"\276\210f\016\262_y\374j\223Iz\213\316\257\254>\367"
 128      B25F79FC 
 128      6A93497A 
 128      8BCEAFAC 
 128      3EF7
 129 014b C6E2D65A 		.ascii	"\306\342\326Z\023\210\270\274\361\370Zi$.\327\231`\315"
 129      1388B8BC 
 129      F1F85A69 
 129      242ED799 
 129      60CD
 130 015d 2B512C39 		.ascii	"+Q,9t\261\326\010\246\304\275\212\262[Q\362\024Se\214"
 130      74B1D608 
 130      A6C4BD8A 
 130      B25B51F2 
 130      1453658C 
 131 0171 00756086 		.ascii	"\000u`\206Z0\013p\012\022I\310*\260\010P\215\316\223"
 131      5A300B70 
 131      0A1249C8 
 131      2AB00850 
 131      8DCE93
 132 0184 E8AC20F9 		.ascii	"\350\254 \371Lx\316|\322\252(k\240\036LP\003\022\205"
 132      4C78CE7C 
 132      D2AA286B 
 132      A01E4C50 
 132      031285
 133 0197 A08A8D26 		.ascii	"\240\212\215&\226\340\341\241\245\027`\300;\246\200"
 133      96E0E1A1 
 133      A51760C0 
 133      3BA680
 134 01a6 7403F195 		.ascii	"t\003\361\225?Z,\212\010\370\032\200:\353\363\247\252"
 134      3F5A2C8A 
 134      08F81A80 
 134      3AEBF3A7 
 134      AA
 135 01b7 22301D33 		.ascii	"\"0\0353*\201 !f&\304S\344_\211\224R\310\\\034\362W"
 135      2A812021 
 135      6626C453 
 135      E45F8994 
 135      52C85C1C 
 136 01cd CF1A20D1 		.ascii	"\317\032 \321D\023\360\026\277\255\210p\026\003\235"
 136      4413F016 
 136      BFAD8870 
 136      16039D
 137 01dc D1D8CD84 		.ascii	"\321\330\315\204\235*y\\\256\030\343\004\370\300\014"
 137      9D2A795C 
 137      AE18E304 
 137      F8C00C
 138 01eb EFA38C66 		.ascii	"\357\243\214f\224a\3462N\243\214&\224\201\301\375\276"
 138      9461E632 
 138      4EA38C26 
 138      9481C1FD 
 138      BE
 139 01fc A2C5489A 		.ascii	"\242\305H\232\020\211\323\310\022\272\275\320x86\340"
 139      1089D3C8 
ARM GAS  C:\Users\info\AppData\Local\Temp\ccWuF9qk.s 			page 10


 139      12BABDD0 
 139      783836E0 
 140 020c 6C614E6F 		.ascii	"laNo\333\324\257\321q\207\0111\326(\236\021\253U\022"
 140      DBD4AFD1 
 140      71870931 
 140      D6289E11 
 140      AB5512
 141 021f E01CC4E1 		.ascii	"\340\034\304\341\263\025\014L|~\377\3143i}\231RvJ\231"
 141      B3150C4C 
 141      7C7EFFCC 
 141      33697D99 
 141      52764A99 
 142 0233 68BD6A5F 		.ascii	"h\275j_hT\224|<h 8\250\324\322\305)y\235\200;\330\013"
 142      6854947C 
 142      3C682038 
 142      A8D4D2C5 
 142      29799D80 
 143 024a 6DB01E8F 		.ascii	"m\260\036\217>\277\364\344\347\030\311I\265?\354\360"
 143      3EBFF4E4 
 143      E718C949 
 143      B53FECF0 
 144 025a ACEA48D3 		.ascii	"\254\352H\323^\017\342<O9\3239\345\345\376\322\246X"
 144      5E0FE23C 
 144      4F39D339 
 144      E5E5FED2 
 144      A658
 145 026c 46E96D28 		.ascii	"F\351m(\220<\212\027o\023\013\204(h\327\030\333\203"
 145      903C8A17 
 145      6F130B84 
 145      2868D718 
 145      DB83
 146 027e 193B2863 		.ascii	"\031;(c\227\347d\223A\372\2212N\0379\366\320\030\320"
 146      97E76493 
 146      41FA9132 
 146      4E1F39F6 
 146      D018D0
 147 0291 CE6E6DB9 		.ascii	"\316nm\271\275tT\014\370\274\254\036\343]U\325\244\377"
 147      BD74540C 
 147      F8BCAC1E 
 147      E35D55D5 
 147      A4FF
 148 02a3 1248FFAD 		.ascii	"\022H\377\255\256\306\006]\\\002\273\270[\315\371s\221"
 148      AEC6065D 
 148      5C02BBB8 
 148      5BCDF973 
 148      91
 149 02b4 D201A08B 		.ascii	"\322\001\240\213\301=\247J$\326\202\006\\.\364\035\365"
 149      C13DA74A 
 149      24D68206 
 149      5C2EF41D 
 149      F5
 150 02c5 C7B0168C 		.ascii	"\307\260\026\214\307{\255=^X\037h\301\203y\312\332."
 150      C77BAD3D 
 150      5E581F68 
 150      C18379CA 
 150      DA2E
 151 02d7 6CC1AB28 		.ascii	"l\301\253(\364\012i\301.\274\273\004~w\177\242\363\222"
ARM GAS  C:\Users\info\AppData\Local\Temp\ccWuF9qk.s 			page 11


 151      F40A69C1 
 151      2EBCBB04 
 151      7E777FA2 
 151      F392
 152 02e9 D682AD5F 		.ascii	"\326\202\255_6\374DDvbb\2275\221\011\274\007\313/\374"
 152      36FC4444 
 152      76626297 
 152      359109BC 
 152      07CB2FFC 
 153 02fd B63F2AB8 		.ascii	"\266?*\270~\235\272K\353\246\005\274\250^Z\347|\367"
 153      7E9DBA4B 
 153      EBA605BC 
 153      A85E5AE7 
 153      7CF7
 154 030f 9288159C 		.ascii	"\222\210\025\234\300\310\343\005\226\243\215\312\236"
 154      C0C8E305 
 154      96A38DCA 
 154      9E
 155 031c 3082810B 		.ascii	"0\202\201\013Z\344\013\264|8\351\241\245\233\231~\352"
 155      5AE40BB4 
 155      7C38E9A1 
 155      A59B997E 
 155      EA
 156 032d 0B97CE32 		.ascii	"\013\227\3162\215\377\335\361\327X\355\364]\327\307"
 156      8DFFDDF1 
 156      D758EDF4 
 156      5DD7C7
 157 033c 9CC575BE 		.ascii	"\234\305u\276\341\360\320\271\366\323\\\257\253\271"
 157      E1F0D0B9 
 157      F6D35CAF 
 157      ABB9
 158 034a 1EE9D9ED 		.ascii	"\036\351\331\3551\261\\\275\347d\314\023\367\241W\313"
 158      31B15CBD 
 158      E764CC13 
 158      F7A157CB 
 159 035a B357CD73 		.ascii	"\263W\315s\200\346Y\365`v>Z\032\204\377y\3077XJ\373"
 159      80E659F5 
 159      60763E5A 
 159      1A84FF79 
 159      C737584A 
 160 036f F216CB4C 		.ascii	"\362\026\313L\001\347\020sv\215\326\274\324\2207\231"
 160      01E71073 
 160      768DD6BC 
 160      D4903799 
 161 037f B3AFF6D0 		.ascii	"\263\257\366\320\326\200\357\026\363\215u\355k\323N"
 161      D680EF16 
 161      F38D75ED 
 161      6BD34E
 162 038e 0F33E7B1 		.ascii	"\0173\347\261\336\345GRh\225#T\345mU\345\354/\025g\302"
 162      DEE54752 
 162      68952354 
 162      E56D55E5 
 162      EC2F1567 
 163 03a3 B8CA61A2 		.ascii	"\270\312a\242\022\367aPS9\250\252\364Q\225\235\015\003"
 163      12F76150 
 163      5339A8AA 
 163      F451959D 
ARM GAS  C:\Users\info\AppData\Local\Temp\ccWuF9qk.s 			page 12


 163      0D03
 164 03b5 F391D26C 		.ascii	"\363\221\322lh\225S\177\025\237\027C\263\217Q\366;*"
 164      6895537F 
 164      159F1743 
 164      B38F51F6 
 164      3B2A
 165 03c7 7B5FCDDD 		.ascii	"{_\315\335\316h\316~\232\260\343>\214j\354\243*\373"
 165      CE68CE7E 
 165      9AB0E33E 
 165      8C6AECA3 
 165      2AFB
 166 03d9 3865BFB7 		.ascii	"8e\277\267\177\262\302\270\304>\014\364C\366\264m\245"
 166      7FB2C2B8 
 166      C43E0CF4 
 166      43F6B46D 
 166      A5
 167 03ea 255C5A66 		.ascii	"%\\Zf\351\224\214\024v\210\033~W\312\312\311\027!e\241"
 167      E9948C14 
 167      76881B7E 
 167      57CACAC9 
 167      172165A1 
 168 03fe 4E51240A 		.ascii	"NQ$\012\275\307\002\362\017\225@\327wI\333O\300\006"
 168      BDC702F2 
 168      0F9540D7 
 168      7749DB4F 
 168      C006
 169 0410 3CB7FFE6 		.ascii	"<\267\377\346?IQ\005\332\377\202\236Q\377\032\002\334"
 169      3F495105 
 169      DAFF829E 
 169      51FF1A02 
 169      DC
 170 0421 87289A02 		.ascii	"\207(\232\002\276\021<r\351\225\002:4)\230\206\236\344"
 170      BE113C72 
 170      E995023A 
 170      34299886 
 170      9EE4
 171 0433 E8498A9E 		.ascii	"\350I\212\236)<\261\022\245C\367\353\320~\216\366St"
 171      293CB112 
 171      A543F7EB 
 171      D07E8EF6 
 171      5374
 172 0445 51C58196 		.ascii	"Q\305\201\226\010\035\272[\207\236\342\350)\212~\322"
 172      081DBA5B 
 172      879EE2E8 
 172      298A7ED2 
 173 0455 D1DC2AE9 		.ascii	"\321\334*\351\320c:\3644G\223\367k\311[\223v$\357\262"
 173      D0633AF4 
 173      344793F7 
 173      6BC95B93 
 173      7624EFB2 
 174 0469 7DE674B8 		.ascii	"}\346t\270\035\266L\307\017r\304\346\317\277\212\267"
 174      1DB64CC7 
 174      0F72C4E6 
 174      CFBF8AB7 
 175 0479 6EDA2418 		.ascii	"n\332$\030s\034N\367\246\217\336\331,;\345l\233[\266"
 175      731C4EF7 
 175      A68FDED9 
ARM GAS  C:\Users\info\AppData\Local\Temp\ccWuF9qk.s 			page 13


 175      2C3BE56C 
 175      9B5BB6
 176 048c EF48CDCA 		.ascii	"\357H\315\312\311\316\220\267oK\315\262~\370^F\256;"
 176      C9CE90B7 
 176      6F4BCDB2 
 176      7EF85E46 
 176      AE3B
 177 049e F73BD965 		.ascii	"\367;\331e\331)\204\021\340\307!p\333\011\201}\227\315"
 177      D9298411 
 177      E0C72170 
 177      DB09817D 
 177      97CD
 178 04b0 9221C470 		.ascii	"\222!\304p\256/\344L\331\346\222c\255\271\270\260\356"
 178      AE2FE44C 
 178      D9E69263 
 178      ADB9B8B0 
 178      EE
 179 04c1 DC96EDC8 		.ascii	"\334\226\355\310\312v\270s#2r]n\233;\307\025\037\202"
 179      CA76B873 
 179      2332725D 
 179      6E9B3BC7 
 179      151F82
 180 04d4 D1FA3506 		.ascii	"\321\3725\006\260Z\266\010o\362\223\251\262\373\323"
 180      B05AB608 
 180      6FF293A9 
 180      B2FBD3
 181 04e3 EFDDB2D3 		.ascii	"\357\335\262\323.\333\223\354\366l\331\345zC\333\261"
 181      2EDB93EC 
 181      F66CD9E5 
 181      7A43DBB1 
 182 04f3 6639BF71 		.ascii	"f9\277q|\233\203q\034Y\316\030\356Ov\270l\351\231r4"
 182      7C9B8371 
 182      1C59CE18 
 182      EE4F76B8 
 182      6CE99972 
 183 0508 CF648BCD 		.ascii	"\317d\213\315i\317\224\377\005U\310\251?"
 183      69CF94FF 
 183      0555C8A9 
 183      3F
 184              		.text
 185              		.section	.gnu.lto_.symtab.bf152d98,"",%progbits
 186 0000 444D415F 		.ascii	"DMA_DmaInitialize\000"
 186      446D6149 
 186      6E697469 
 186      616C697A 
 186      6500
 187 0012 00       		.ascii	"\000"
 188 0013 00       		.ascii	"\000"
 189 0014 00       		.ascii	"\000"
 190 0015 00000000 		.ascii	"\000\000\000\000\000\000\000\000"
 190      00000000 
 191 001d BB000000 		.ascii	"\273\000\000\000"
 192 0021 444D415F 		.ascii	"DMA_DmaHandle\000"
 192      446D6148 
 192      616E646C 
 192      6500
 193 002f 00       		.ascii	"\000"
ARM GAS  C:\Users\info\AppData\Local\Temp\ccWuF9qk.s 			page 14


 194 0030 00       		.ascii	"\000"
 195 0031 00       		.ascii	"\000"
 196 0032 00000000 		.ascii	"\000\000\000\000\000\000\000\000"
 196      00000000 
 197 003a E0000000 		.ascii	"\340\000\000\000"
 198 003e 444D415F 		.ascii	"DMA_DmaRelease\000"
 198      446D6152 
 198      656C6561 
 198      736500
 199 004d 00       		.ascii	"\000"
 200 004e 00       		.ascii	"\000"
 201 004f 00       		.ascii	"\000"
 202 0050 00000000 		.ascii	"\000\000\000\000\000\000\000\000"
 202      00000000 
 203 0058 BE000000 		.ascii	"\276\000\000\000"
 204 005c 4379446D 		.ascii	"CyDmaChPriority\000"
 204      61436850 
 204      72696F72 
 204      69747900 
 205 006c 00       		.ascii	"\000"
 206 006d 02       		.ascii	"\002"
 207 006e 00       		.ascii	"\000"
 208 006f 00000000 		.ascii	"\000\000\000\000\000\000\000\000"
 208      00000000 
 209 0077 CA000000 		.ascii	"\312\000\000\000"
 210 007b 4379446D 		.ascii	"CyDmaChSetExtendedAddress\000"
 210      61436853 
 210      65744578 
 210      74656E64 
 210      65644164 
 211 0095 00       		.ascii	"\000"
 212 0096 02       		.ascii	"\002"
 213 0097 00       		.ascii	"\000"
 214 0098 00000000 		.ascii	"\000\000\000\000\000\000\000\000"
 214      00000000 
 215 00a0 D0000000 		.ascii	"\320\000\000\000"
 216 00a4 4379446D 		.ascii	"CyDmaChSetConfiguration\000"
 216      61436853 
 216      6574436F 
 216      6E666967 
 216      75726174 
 217 00bc 00       		.ascii	"\000"
 218 00bd 02       		.ascii	"\002"
 219 00be 00       		.ascii	"\000"
 220 00bf 00000000 		.ascii	"\000\000\000\000\000\000\000\000"
 220      00000000 
 221 00c7 D9000000 		.ascii	"\331\000\000\000"
 222 00cb 4379446D 		.ascii	"CyDmaChDisable\000"
 222      61436844 
 222      69736162 
 222      6C6500
 223 00da 00       		.ascii	"\000"
 224 00db 02       		.ascii	"\002"
 225 00dc 00       		.ascii	"\000"
 226 00dd 00000000 		.ascii	"\000\000\000\000\000\000\000\000"
 226      00000000 
 227 00e5 DD000000 		.ascii	"\335\000\000\000"
ARM GAS  C:\Users\info\AppData\Local\Temp\ccWuF9qk.s 			page 15


 228              		.text
 229              		.section	.gnu.lto_.opts,"",%progbits
 230 0000 272D666D 		.ascii	"'-fmath-errno' '-fsigned-zeros' '-ftrapping-math' '"
 230      6174682D 
 230      6572726E 
 230      6F272027 
 230      2D667369 
 231 0033 2D666E6F 		.ascii	"-fno-trapv' '-fno-openmp' '-fno-openacc' '-mcpu=cor"
 231      2D747261 
 231      70762720 
 231      272D666E 
 231      6F2D6F70 
 232 0066 7465782D 		.ascii	"tex-m3' '-mthumb' '-g' '-Os' '-ffunction-sections' "
 232      6D332720 
 232      272D6D74 
 232      68756D62 
 232      2720272D 
 233 0099 272D6666 		.ascii	"'-ffat-lto-objects' '-flto'\000"
 233      61742D6C 
 233      746F2D6F 
 233      626A6563 
 233      74732720 
 234              		.text
 235              		.cfi_sections	.debug_frame
 236              		.section	.text.DMA_DmaInitialize,"ax",%progbits
 237              		.align	1
 238              		.global	DMA_DmaInitialize
 239              		.thumb
 240              		.thumb_func
 241              		.type	DMA_DmaInitialize, %function
 242              	DMA_DmaInitialize:
 243              	.LFB0:
 244              		.file 1 "Generated_Source\\PSoC5\\DMA_dma.c"
   1:Generated_Source\PSoC5/DMA_dma.c **** /***************************************************************************
   2:Generated_Source\PSoC5/DMA_dma.c **** * File Name: DMA_dma.c  
   3:Generated_Source\PSoC5/DMA_dma.c **** * Version 1.70
   4:Generated_Source\PSoC5/DMA_dma.c **** *
   5:Generated_Source\PSoC5/DMA_dma.c **** *  Description:
   6:Generated_Source\PSoC5/DMA_dma.c **** *   Provides an API for the DMAC component. The API includes functions
   7:Generated_Source\PSoC5/DMA_dma.c **** *   for the DMA controller, DMA channels and Transfer Descriptors.
   8:Generated_Source\PSoC5/DMA_dma.c **** *
   9:Generated_Source\PSoC5/DMA_dma.c **** *
  10:Generated_Source\PSoC5/DMA_dma.c **** *   Note:
  11:Generated_Source\PSoC5/DMA_dma.c **** *     This module requires the developer to finish or fill in the auto
  12:Generated_Source\PSoC5/DMA_dma.c **** *     generated funcions and setup the dma channel and TD's.
  13:Generated_Source\PSoC5/DMA_dma.c **** *
  14:Generated_Source\PSoC5/DMA_dma.c **** ********************************************************************************
  15:Generated_Source\PSoC5/DMA_dma.c **** * Copyright 2008-2010, Cypress Semiconductor Corporation.  All rights reserved.
  16:Generated_Source\PSoC5/DMA_dma.c **** * You may use this file only in accordance with the license, terms, conditions, 
  17:Generated_Source\PSoC5/DMA_dma.c **** * disclaimers, and limitations in the end user license agreement accompanying 
  18:Generated_Source\PSoC5/DMA_dma.c **** * the software package with which this file was provided.
  19:Generated_Source\PSoC5/DMA_dma.c **** ********************************************************************************/
  20:Generated_Source\PSoC5/DMA_dma.c **** #include <CYLIB.H>
  21:Generated_Source\PSoC5/DMA_dma.c **** #include <CYDMAC.H>
  22:Generated_Source\PSoC5/DMA_dma.c **** #include <DMA_dma.H>
  23:Generated_Source\PSoC5/DMA_dma.c **** 
  24:Generated_Source\PSoC5/DMA_dma.c **** 
ARM GAS  C:\Users\info\AppData\Local\Temp\ccWuF9qk.s 			page 16


  25:Generated_Source\PSoC5/DMA_dma.c **** 
  26:Generated_Source\PSoC5/DMA_dma.c **** /****************************************************************************
  27:Generated_Source\PSoC5/DMA_dma.c **** * 
  28:Generated_Source\PSoC5/DMA_dma.c **** * The following defines are available in Cyfitter.h
  29:Generated_Source\PSoC5/DMA_dma.c **** * 
  30:Generated_Source\PSoC5/DMA_dma.c **** * 
  31:Generated_Source\PSoC5/DMA_dma.c **** * 
  32:Generated_Source\PSoC5/DMA_dma.c **** * DMA__DRQ_CTL_REG
  33:Generated_Source\PSoC5/DMA_dma.c **** * 
  34:Generated_Source\PSoC5/DMA_dma.c **** * 
  35:Generated_Source\PSoC5/DMA_dma.c **** * DMA__DRQ_NUMBER
  36:Generated_Source\PSoC5/DMA_dma.c **** * 
  37:Generated_Source\PSoC5/DMA_dma.c **** * Number of TD's used by this channel.
  38:Generated_Source\PSoC5/DMA_dma.c **** * DMA__NUMBEROF_TDS
  39:Generated_Source\PSoC5/DMA_dma.c **** * 
  40:Generated_Source\PSoC5/DMA_dma.c **** * Priority of this channel.
  41:Generated_Source\PSoC5/DMA_dma.c **** * DMA__PRIORITY
  42:Generated_Source\PSoC5/DMA_dma.c **** * 
  43:Generated_Source\PSoC5/DMA_dma.c **** * True if DMA_TERMIN_SEL is used.
  44:Generated_Source\PSoC5/DMA_dma.c **** * DMA__TERMIN_EN
  45:Generated_Source\PSoC5/DMA_dma.c **** * 
  46:Generated_Source\PSoC5/DMA_dma.c **** * TERMIN interrupt line to signal terminate.
  47:Generated_Source\PSoC5/DMA_dma.c **** * DMA__TERMIN_SEL
  48:Generated_Source\PSoC5/DMA_dma.c **** * 
  49:Generated_Source\PSoC5/DMA_dma.c **** * 
  50:Generated_Source\PSoC5/DMA_dma.c **** * True if DMA_TERMOUT0_SEL is used.
  51:Generated_Source\PSoC5/DMA_dma.c **** * DMA__TERMOUT0_EN
  52:Generated_Source\PSoC5/DMA_dma.c **** * 
  53:Generated_Source\PSoC5/DMA_dma.c **** * 
  54:Generated_Source\PSoC5/DMA_dma.c **** * TERMOUT0 interrupt line to signal completion.
  55:Generated_Source\PSoC5/DMA_dma.c **** * DMA__TERMOUT0_SEL
  56:Generated_Source\PSoC5/DMA_dma.c **** * 
  57:Generated_Source\PSoC5/DMA_dma.c **** * 
  58:Generated_Source\PSoC5/DMA_dma.c **** * True if DMA_TERMOUT1_SEL is used.
  59:Generated_Source\PSoC5/DMA_dma.c **** * DMA__TERMOUT1_EN
  60:Generated_Source\PSoC5/DMA_dma.c **** * 
  61:Generated_Source\PSoC5/DMA_dma.c **** * 
  62:Generated_Source\PSoC5/DMA_dma.c **** * TERMOUT1 interrupt line to signal completion.
  63:Generated_Source\PSoC5/DMA_dma.c **** * DMA__TERMOUT1_SEL
  64:Generated_Source\PSoC5/DMA_dma.c **** * 
  65:Generated_Source\PSoC5/DMA_dma.c **** ****************************************************************************/
  66:Generated_Source\PSoC5/DMA_dma.c **** 
  67:Generated_Source\PSoC5/DMA_dma.c **** 
  68:Generated_Source\PSoC5/DMA_dma.c **** /* Zero based index of DMA dma channel */
  69:Generated_Source\PSoC5/DMA_dma.c **** uint8 DMA_DmaHandle = DMA_INVALID_CHANNEL;
  70:Generated_Source\PSoC5/DMA_dma.c **** 
  71:Generated_Source\PSoC5/DMA_dma.c **** /*********************************************************************
  72:Generated_Source\PSoC5/DMA_dma.c **** * Function Name: uint8 DMA_DmaInitalize
  73:Generated_Source\PSoC5/DMA_dma.c **** **********************************************************************
  74:Generated_Source\PSoC5/DMA_dma.c **** * Summary:
  75:Generated_Source\PSoC5/DMA_dma.c **** *   Allocates and initialises a channel of the DMAC to be used by the
  76:Generated_Source\PSoC5/DMA_dma.c **** *   caller.
  77:Generated_Source\PSoC5/DMA_dma.c **** *
  78:Generated_Source\PSoC5/DMA_dma.c **** * Parameters:
  79:Generated_Source\PSoC5/DMA_dma.c **** *   BurstCount.
  80:Generated_Source\PSoC5/DMA_dma.c **** *       
  81:Generated_Source\PSoC5/DMA_dma.c **** *       
ARM GAS  C:\Users\info\AppData\Local\Temp\ccWuF9qk.s 			page 17


  82:Generated_Source\PSoC5/DMA_dma.c **** *   ReqestPerBurst.
  83:Generated_Source\PSoC5/DMA_dma.c **** *       
  84:Generated_Source\PSoC5/DMA_dma.c **** *       
  85:Generated_Source\PSoC5/DMA_dma.c **** *   UpperSrcAddress.
  86:Generated_Source\PSoC5/DMA_dma.c **** *       
  87:Generated_Source\PSoC5/DMA_dma.c **** *       
  88:Generated_Source\PSoC5/DMA_dma.c **** *   UpperDestAddress.
  89:Generated_Source\PSoC5/DMA_dma.c **** *       
  90:Generated_Source\PSoC5/DMA_dma.c **** *
  91:Generated_Source\PSoC5/DMA_dma.c **** * Return:
  92:Generated_Source\PSoC5/DMA_dma.c **** *   The channel that can be used by the caller for DMA activity.
  93:Generated_Source\PSoC5/DMA_dma.c **** *   DMA_INVALID_CHANNEL (0xFF) if there are no channels left. 
  94:Generated_Source\PSoC5/DMA_dma.c **** *
  95:Generated_Source\PSoC5/DMA_dma.c **** *
  96:Generated_Source\PSoC5/DMA_dma.c **** *******************************************************************/
  97:Generated_Source\PSoC5/DMA_dma.c **** uint8 DMA_DmaInitialize(uint8 BurstCount, uint8 ReqestPerBurst, uint16 UpperSrcAddress, uint16 Uppe
  98:Generated_Source\PSoC5/DMA_dma.c **** {
 245              		.loc 1 98 0
 246              		.cfi_startproc
 247              		@ args = 0, pretend = 0, frame = 0
 248              		@ frame_needed = 0, uses_anonymous_args = 0
 249              	.LVL0:
 250 0000 73B5     		push	{r0, r1, r4, r5, r6, lr}
 251              		.cfi_def_cfa_offset 24
 252              		.cfi_offset 4, -16
 253              		.cfi_offset 5, -12
 254              		.cfi_offset 6, -8
 255              		.cfi_offset 14, -4
 256              		.loc 1 98 0
 257 0002 1546     		mov	r5, r2
 258 0004 1E46     		mov	r6, r3
  99:Generated_Source\PSoC5/DMA_dma.c **** 
 100:Generated_Source\PSoC5/DMA_dma.c ****     /* Allocate a DMA channel. */
 101:Generated_Source\PSoC5/DMA_dma.c ****     DMA_DmaHandle = (uint8)DMA__DRQ_NUMBER;
 259              		.loc 1 101 0
 260 0006 0B4C     		ldr	r4, .L2
 261 0008 0023     		movs	r3, #0
 262              	.LVL1:
 102:Generated_Source\PSoC5/DMA_dma.c **** 
 103:Generated_Source\PSoC5/DMA_dma.c ****     /* Configure the channel. */
 104:Generated_Source\PSoC5/DMA_dma.c ****     (void)CyDmaChSetConfiguration(DMA_DmaHandle,
 263              		.loc 1 104 0
 264 000a 0193     		str	r3, [sp, #4]
 265 000c 0093     		str	r3, [sp]
 266 000e 0A46     		mov	r2, r1
 267              	.LVL2:
 268 0010 0146     		mov	r1, r0
 269              	.LVL3:
 270 0012 1846     		mov	r0, r3
 271              	.LVL4:
 101:Generated_Source\PSoC5/DMA_dma.c **** 
 272              		.loc 1 101 0
 273 0014 2370     		strb	r3, [r4]
 274              		.loc 1 104 0
 275 0016 FFF7FEFF 		bl	CyDmaChSetConfiguration
 276              	.LVL5:
 105:Generated_Source\PSoC5/DMA_dma.c ****                                   BurstCount,
ARM GAS  C:\Users\info\AppData\Local\Temp\ccWuF9qk.s 			page 18


 106:Generated_Source\PSoC5/DMA_dma.c ****                                   ReqestPerBurst,
 107:Generated_Source\PSoC5/DMA_dma.c ****                                   (uint8)DMA__TERMOUT0_SEL,
 108:Generated_Source\PSoC5/DMA_dma.c ****                                   (uint8)DMA__TERMOUT1_SEL,
 109:Generated_Source\PSoC5/DMA_dma.c ****                                   (uint8)DMA__TERMIN_SEL);
 110:Generated_Source\PSoC5/DMA_dma.c **** 
 111:Generated_Source\PSoC5/DMA_dma.c ****     /* Set the extended address for the transfers */
 112:Generated_Source\PSoC5/DMA_dma.c ****     (void)CyDmaChSetExtendedAddress(DMA_DmaHandle, UpperSrcAddress, UpperDestAddress);
 277              		.loc 1 112 0
 278 001a 3246     		mov	r2, r6
 279 001c 2946     		mov	r1, r5
 280 001e 2078     		ldrb	r0, [r4]	@ zero_extendqisi2
 281 0020 FFF7FEFF 		bl	CyDmaChSetExtendedAddress
 282              	.LVL6:
 113:Generated_Source\PSoC5/DMA_dma.c **** 
 114:Generated_Source\PSoC5/DMA_dma.c ****     /* Set the priority for this channel */
 115:Generated_Source\PSoC5/DMA_dma.c ****     (void)CyDmaChPriority(DMA_DmaHandle, (uint8)DMA__PRIORITY);
 283              		.loc 1 115 0
 284 0024 0221     		movs	r1, #2
 285 0026 2078     		ldrb	r0, [r4]	@ zero_extendqisi2
 286 0028 FFF7FEFF 		bl	CyDmaChPriority
 287              	.LVL7:
 116:Generated_Source\PSoC5/DMA_dma.c ****     
 117:Generated_Source\PSoC5/DMA_dma.c ****     return DMA_DmaHandle;
 118:Generated_Source\PSoC5/DMA_dma.c **** }
 288              		.loc 1 118 0
 289 002c 2078     		ldrb	r0, [r4]	@ zero_extendqisi2
 290 002e 02B0     		add	sp, sp, #8
 291              		.cfi_def_cfa_offset 16
 292              		@ sp needed
 293 0030 70BD     		pop	{r4, r5, r6, pc}
 294              	.L3:
 295 0032 00BF     		.align	2
 296              	.L2:
 297 0034 00000000 		.word	.LANCHOR0
 298              		.cfi_endproc
 299              	.LFE0:
 300              		.size	DMA_DmaInitialize, .-DMA_DmaInitialize
 301              		.section	.text.DMA_DmaRelease,"ax",%progbits
 302              		.align	1
 303              		.global	DMA_DmaRelease
 304              		.thumb
 305              		.thumb_func
 306              		.type	DMA_DmaRelease, %function
 307              	DMA_DmaRelease:
 308              	.LFB1:
 119:Generated_Source\PSoC5/DMA_dma.c **** 
 120:Generated_Source\PSoC5/DMA_dma.c **** /*********************************************************************
 121:Generated_Source\PSoC5/DMA_dma.c **** * Function Name: void DMA_DmaRelease
 122:Generated_Source\PSoC5/DMA_dma.c **** **********************************************************************
 123:Generated_Source\PSoC5/DMA_dma.c **** * Summary:
 124:Generated_Source\PSoC5/DMA_dma.c **** *   Frees the channel associated with DMA.
 125:Generated_Source\PSoC5/DMA_dma.c **** *
 126:Generated_Source\PSoC5/DMA_dma.c **** *
 127:Generated_Source\PSoC5/DMA_dma.c **** * Parameters:
 128:Generated_Source\PSoC5/DMA_dma.c **** *   void.
 129:Generated_Source\PSoC5/DMA_dma.c **** *
 130:Generated_Source\PSoC5/DMA_dma.c **** *
ARM GAS  C:\Users\info\AppData\Local\Temp\ccWuF9qk.s 			page 19


 131:Generated_Source\PSoC5/DMA_dma.c **** *
 132:Generated_Source\PSoC5/DMA_dma.c **** * Return:
 133:Generated_Source\PSoC5/DMA_dma.c **** *   void.
 134:Generated_Source\PSoC5/DMA_dma.c **** *
 135:Generated_Source\PSoC5/DMA_dma.c **** *******************************************************************/
 136:Generated_Source\PSoC5/DMA_dma.c **** void DMA_DmaRelease(void) 
 137:Generated_Source\PSoC5/DMA_dma.c **** {
 309              		.loc 1 137 0
 310              		.cfi_startproc
 311              		@ args = 0, pretend = 0, frame = 0
 312              		@ frame_needed = 0, uses_anonymous_args = 0
 313              		@ link register save eliminated.
 138:Generated_Source\PSoC5/DMA_dma.c ****     /* Disable the channel */
 139:Generated_Source\PSoC5/DMA_dma.c ****     (void)CyDmaChDisable(DMA_DmaHandle);
 314              		.loc 1 139 0
 315 0000 014B     		ldr	r3, .L5
 316 0002 1878     		ldrb	r0, [r3]	@ zero_extendqisi2
 317 0004 FFF7FEBF 		b	CyDmaChDisable
 318              	.LVL8:
 319              	.L6:
 320              		.align	2
 321              	.L5:
 322 0008 00000000 		.word	.LANCHOR0
 323              		.cfi_endproc
 324              	.LFE1:
 325              		.size	DMA_DmaRelease, .-DMA_DmaRelease
 326              		.global	DMA_DmaHandle
 327              		.data
 328              		.set	.LANCHOR0,. + 0
 329              		.type	DMA_DmaHandle, %object
 330              		.size	DMA_DmaHandle, 1
 331              	DMA_DmaHandle:
 332 0000 FF       		.byte	-1
 333              		.text
 334              	.Letext0:
 335              		.file 2 "Generated_Source\\PSoC5/cytypes.h"
 336              		.file 3 "Generated_Source\\PSoC5/CYDMAC.H"
 337              		.section	.debug_info,"",%progbits
 338              	.Ldebug_info0:
 339 0000 A2010000 		.4byte	0x1a2
 340 0004 0400     		.2byte	0x4
 341 0006 00000000 		.4byte	.Ldebug_abbrev0
 342 000a 04       		.byte	0x4
 343 000b 01       		.uleb128 0x1
 344 000c 56010000 		.4byte	.LASF24
 345 0010 0C       		.byte	0xc
 346 0011 99000000 		.4byte	.LASF25
 347 0015 D5000000 		.4byte	.LASF26
 348 0019 00000000 		.4byte	.Ldebug_ranges0+0
 349 001d 00000000 		.4byte	0
 350 0021 00000000 		.4byte	.Ldebug_line0
 351 0025 02       		.uleb128 0x2
 352 0026 04       		.byte	0x4
 353 0027 05       		.byte	0x5
 354 0028 696E7400 		.ascii	"int\000"
 355 002c 03       		.uleb128 0x3
 356 002d 04       		.byte	0x4
ARM GAS  C:\Users\info\AppData\Local\Temp\ccWuF9qk.s 			page 20


 357 002e 07       		.byte	0x7
 358 002f C8000000 		.4byte	.LASF0
 359 0033 03       		.uleb128 0x3
 360 0034 08       		.byte	0x8
 361 0035 05       		.byte	0x5
 362 0036 04020000 		.4byte	.LASF1
 363 003a 03       		.uleb128 0x3
 364 003b 08       		.byte	0x8
 365 003c 04       		.byte	0x4
 366 003d 53020000 		.4byte	.LASF2
 367 0041 03       		.uleb128 0x3
 368 0042 01       		.byte	0x1
 369 0043 06       		.byte	0x6
 370 0044 5F020000 		.4byte	.LASF3
 371 0048 03       		.uleb128 0x3
 372 0049 01       		.byte	0x1
 373 004a 08       		.byte	0x8
 374 004b 68000000 		.4byte	.LASF4
 375 004f 03       		.uleb128 0x3
 376 0050 02       		.byte	0x2
 377 0051 05       		.byte	0x5
 378 0052 40020000 		.4byte	.LASF5
 379 0056 03       		.uleb128 0x3
 380 0057 02       		.byte	0x2
 381 0058 07       		.byte	0x7
 382 0059 4F000000 		.4byte	.LASF6
 383 005d 03       		.uleb128 0x3
 384 005e 04       		.byte	0x4
 385 005f 05       		.byte	0x5
 386 0060 4A020000 		.4byte	.LASF7
 387 0064 03       		.uleb128 0x3
 388 0065 04       		.byte	0x4
 389 0066 07       		.byte	0x7
 390 0067 81000000 		.4byte	.LASF8
 391 006b 03       		.uleb128 0x3
 392 006c 08       		.byte	0x8
 393 006d 07       		.byte	0x7
 394 006e 3F010000 		.4byte	.LASF9
 395 0072 03       		.uleb128 0x3
 396 0073 04       		.byte	0x4
 397 0074 07       		.byte	0x7
 398 0075 FB010000 		.4byte	.LASF10
 399 0079 03       		.uleb128 0x3
 400 007a 01       		.byte	0x1
 401 007b 08       		.byte	0x8
 402 007c 3B020000 		.4byte	.LASF11
 403 0080 04       		.uleb128 0x4
 404 0081 93000000 		.4byte	.LASF12
 405 0085 02       		.byte	0x2
 406 0086 E401     		.2byte	0x1e4
 407 0088 48000000 		.4byte	0x48
 408 008c 04       		.uleb128 0x4
 409 008d C1000000 		.4byte	.LASF13
 410 0091 02       		.byte	0x2
 411 0092 E501     		.2byte	0x1e5
 412 0094 56000000 		.4byte	0x56
 413 0098 03       		.uleb128 0x3
ARM GAS  C:\Users\info\AppData\Local\Temp\ccWuF9qk.s 			page 21


 414 0099 04       		.byte	0x4
 415 009a 04       		.byte	0x4
 416 009b 62000000 		.4byte	.LASF14
 417 009f 03       		.uleb128 0x3
 418 00a0 08       		.byte	0x8
 419 00a1 04       		.byte	0x4
 420 00a2 BA000000 		.4byte	.LASF15
 421 00a6 05       		.uleb128 0x5
 422 00a7 3D000000 		.4byte	.LASF27
 423 00ab 01       		.byte	0x1
 424 00ac 61       		.byte	0x61
 425 00ad 80000000 		.4byte	0x80
 426 00b1 00000000 		.4byte	.LFB0
 427 00b5 38000000 		.4byte	.LFE0-.LFB0
 428 00b9 01       		.uleb128 0x1
 429 00ba 9C       		.byte	0x9c
 430 00bb 49010000 		.4byte	0x149
 431 00bf 06       		.uleb128 0x6
 432 00c0 76000000 		.4byte	.LASF16
 433 00c4 01       		.byte	0x1
 434 00c5 61       		.byte	0x61
 435 00c6 80000000 		.4byte	0x80
 436 00ca 00000000 		.4byte	.LLST0
 437 00ce 06       		.uleb128 0x6
 438 00cf 2E000000 		.4byte	.LASF17
 439 00d3 01       		.byte	0x1
 440 00d4 61       		.byte	0x61
 441 00d5 80000000 		.4byte	0x80
 442 00d9 21000000 		.4byte	.LLST1
 443 00dd 06       		.uleb128 0x6
 444 00de 00000000 		.4byte	.LASF18
 445 00e2 01       		.byte	0x1
 446 00e3 61       		.byte	0x61
 447 00e4 8C000000 		.4byte	0x8c
 448 00e8 42000000 		.4byte	.LLST2
 449 00ec 06       		.uleb128 0x6
 450 00ed EA010000 		.4byte	.LASF19
 451 00f1 01       		.byte	0x1
 452 00f2 61       		.byte	0x61
 453 00f3 8C000000 		.4byte	0x8c
 454 00f7 63000000 		.4byte	.LLST3
 455 00fb 07       		.uleb128 0x7
 456 00fc 1A000000 		.4byte	.LVL5
 457 0100 79010000 		.4byte	0x179
 458 0104 1F010000 		.4byte	0x11f
 459 0108 08       		.uleb128 0x8
 460 0109 01       		.uleb128 0x1
 461 010a 50       		.byte	0x50
 462 010b 01       		.uleb128 0x1
 463 010c 30       		.byte	0x30
 464 010d 08       		.uleb128 0x8
 465 010e 01       		.uleb128 0x1
 466 010f 53       		.byte	0x53
 467 0110 01       		.uleb128 0x1
 468 0111 30       		.byte	0x30
 469 0112 08       		.uleb128 0x8
 470 0113 02       		.uleb128 0x2
ARM GAS  C:\Users\info\AppData\Local\Temp\ccWuF9qk.s 			page 22


 471 0114 7D       		.byte	0x7d
 472 0115 00       		.sleb128 0
 473 0116 01       		.uleb128 0x1
 474 0117 30       		.byte	0x30
 475 0118 08       		.uleb128 0x8
 476 0119 02       		.uleb128 0x2
 477 011a 7D       		.byte	0x7d
 478 011b 04       		.sleb128 4
 479 011c 01       		.uleb128 0x1
 480 011d 30       		.byte	0x30
 481 011e 00       		.byte	0
 482 011f 07       		.uleb128 0x7
 483 0120 24000000 		.4byte	.LVL6
 484 0124 84010000 		.4byte	0x184
 485 0128 39010000 		.4byte	0x139
 486 012c 08       		.uleb128 0x8
 487 012d 01       		.uleb128 0x1
 488 012e 51       		.byte	0x51
 489 012f 02       		.uleb128 0x2
 490 0130 75       		.byte	0x75
 491 0131 00       		.sleb128 0
 492 0132 08       		.uleb128 0x8
 493 0133 01       		.uleb128 0x1
 494 0134 52       		.byte	0x52
 495 0135 02       		.uleb128 0x2
 496 0136 76       		.byte	0x76
 497 0137 00       		.sleb128 0
 498 0138 00       		.byte	0
 499 0139 09       		.uleb128 0x9
 500 013a 2C000000 		.4byte	.LVL7
 501 013e 8F010000 		.4byte	0x18f
 502 0142 08       		.uleb128 0x8
 503 0143 01       		.uleb128 0x1
 504 0144 51       		.byte	0x51
 505 0145 01       		.uleb128 0x1
 506 0146 32       		.byte	0x32
 507 0147 00       		.byte	0
 508 0148 00       		.byte	0
 509 0149 0A       		.uleb128 0xa
 510 014a 12020000 		.4byte	.LASF28
 511 014e 01       		.byte	0x1
 512 014f 88       		.byte	0x88
 513 0150 00000000 		.4byte	.LFB1
 514 0154 0C000000 		.4byte	.LFE1-.LFB1
 515 0158 01       		.uleb128 0x1
 516 0159 9C       		.byte	0x9c
 517 015a 68010000 		.4byte	0x168
 518 015e 0B       		.uleb128 0xb
 519 015f 08000000 		.4byte	.LVL8
 520 0163 9A010000 		.4byte	0x19a
 521 0167 00       		.byte	0
 522 0168 0C       		.uleb128 0xc
 523 0169 10000000 		.4byte	.LASF29
 524 016d 01       		.byte	0x1
 525 016e 45       		.byte	0x45
 526 016f 80000000 		.4byte	0x80
 527 0173 05       		.uleb128 0x5
ARM GAS  C:\Users\info\AppData\Local\Temp\ccWuF9qk.s 			page 23


 528 0174 03       		.byte	0x3
 529 0175 00000000 		.4byte	DMA_DmaHandle
 530 0179 0D       		.uleb128 0xd
 531 017a 7A020000 		.4byte	.LASF20
 532 017e 7A020000 		.4byte	.LASF20
 533 0182 03       		.byte	0x3
 534 0183 33       		.byte	0x33
 535 0184 0D       		.uleb128 0xd
 536 0185 21020000 		.4byte	.LASF21
 537 0189 21020000 		.4byte	.LASF21
 538 018d 03       		.byte	0x3
 539 018e 2D       		.byte	0x2d
 540 018f 0D       		.uleb128 0xd
 541 0190 1E000000 		.4byte	.LASF22
 542 0194 1E000000 		.4byte	.LASF22
 543 0198 03       		.byte	0x3
 544 0199 2C       		.byte	0x2c
 545 019a 0D       		.uleb128 0xd
 546 019b 6B020000 		.4byte	.LASF23
 547 019f 6B020000 		.4byte	.LASF23
 548 01a3 03       		.byte	0x3
 549 01a4 2A       		.byte	0x2a
 550 01a5 00       		.byte	0
 551              		.section	.debug_abbrev,"",%progbits
 552              	.Ldebug_abbrev0:
 553 0000 01       		.uleb128 0x1
 554 0001 11       		.uleb128 0x11
 555 0002 01       		.byte	0x1
 556 0003 25       		.uleb128 0x25
 557 0004 0E       		.uleb128 0xe
 558 0005 13       		.uleb128 0x13
 559 0006 0B       		.uleb128 0xb
 560 0007 03       		.uleb128 0x3
 561 0008 0E       		.uleb128 0xe
 562 0009 1B       		.uleb128 0x1b
 563 000a 0E       		.uleb128 0xe
 564 000b 55       		.uleb128 0x55
 565 000c 17       		.uleb128 0x17
 566 000d 11       		.uleb128 0x11
 567 000e 01       		.uleb128 0x1
 568 000f 10       		.uleb128 0x10
 569 0010 17       		.uleb128 0x17
 570 0011 00       		.byte	0
 571 0012 00       		.byte	0
 572 0013 02       		.uleb128 0x2
 573 0014 24       		.uleb128 0x24
 574 0015 00       		.byte	0
 575 0016 0B       		.uleb128 0xb
 576 0017 0B       		.uleb128 0xb
 577 0018 3E       		.uleb128 0x3e
 578 0019 0B       		.uleb128 0xb
 579 001a 03       		.uleb128 0x3
 580 001b 08       		.uleb128 0x8
 581 001c 00       		.byte	0
 582 001d 00       		.byte	0
 583 001e 03       		.uleb128 0x3
 584 001f 24       		.uleb128 0x24
ARM GAS  C:\Users\info\AppData\Local\Temp\ccWuF9qk.s 			page 24


 585 0020 00       		.byte	0
 586 0021 0B       		.uleb128 0xb
 587 0022 0B       		.uleb128 0xb
 588 0023 3E       		.uleb128 0x3e
 589 0024 0B       		.uleb128 0xb
 590 0025 03       		.uleb128 0x3
 591 0026 0E       		.uleb128 0xe
 592 0027 00       		.byte	0
 593 0028 00       		.byte	0
 594 0029 04       		.uleb128 0x4
 595 002a 16       		.uleb128 0x16
 596 002b 00       		.byte	0
 597 002c 03       		.uleb128 0x3
 598 002d 0E       		.uleb128 0xe
 599 002e 3A       		.uleb128 0x3a
 600 002f 0B       		.uleb128 0xb
 601 0030 3B       		.uleb128 0x3b
 602 0031 05       		.uleb128 0x5
 603 0032 49       		.uleb128 0x49
 604 0033 13       		.uleb128 0x13
 605 0034 00       		.byte	0
 606 0035 00       		.byte	0
 607 0036 05       		.uleb128 0x5
 608 0037 2E       		.uleb128 0x2e
 609 0038 01       		.byte	0x1
 610 0039 3F       		.uleb128 0x3f
 611 003a 19       		.uleb128 0x19
 612 003b 03       		.uleb128 0x3
 613 003c 0E       		.uleb128 0xe
 614 003d 3A       		.uleb128 0x3a
 615 003e 0B       		.uleb128 0xb
 616 003f 3B       		.uleb128 0x3b
 617 0040 0B       		.uleb128 0xb
 618 0041 27       		.uleb128 0x27
 619 0042 19       		.uleb128 0x19
 620 0043 49       		.uleb128 0x49
 621 0044 13       		.uleb128 0x13
 622 0045 11       		.uleb128 0x11
 623 0046 01       		.uleb128 0x1
 624 0047 12       		.uleb128 0x12
 625 0048 06       		.uleb128 0x6
 626 0049 40       		.uleb128 0x40
 627 004a 18       		.uleb128 0x18
 628 004b 9742     		.uleb128 0x2117
 629 004d 19       		.uleb128 0x19
 630 004e 01       		.uleb128 0x1
 631 004f 13       		.uleb128 0x13
 632 0050 00       		.byte	0
 633 0051 00       		.byte	0
 634 0052 06       		.uleb128 0x6
 635 0053 05       		.uleb128 0x5
 636 0054 00       		.byte	0
 637 0055 03       		.uleb128 0x3
 638 0056 0E       		.uleb128 0xe
 639 0057 3A       		.uleb128 0x3a
 640 0058 0B       		.uleb128 0xb
 641 0059 3B       		.uleb128 0x3b
ARM GAS  C:\Users\info\AppData\Local\Temp\ccWuF9qk.s 			page 25


 642 005a 0B       		.uleb128 0xb
 643 005b 49       		.uleb128 0x49
 644 005c 13       		.uleb128 0x13
 645 005d 02       		.uleb128 0x2
 646 005e 17       		.uleb128 0x17
 647 005f 00       		.byte	0
 648 0060 00       		.byte	0
 649 0061 07       		.uleb128 0x7
 650 0062 898201   		.uleb128 0x4109
 651 0065 01       		.byte	0x1
 652 0066 11       		.uleb128 0x11
 653 0067 01       		.uleb128 0x1
 654 0068 31       		.uleb128 0x31
 655 0069 13       		.uleb128 0x13
 656 006a 01       		.uleb128 0x1
 657 006b 13       		.uleb128 0x13
 658 006c 00       		.byte	0
 659 006d 00       		.byte	0
 660 006e 08       		.uleb128 0x8
 661 006f 8A8201   		.uleb128 0x410a
 662 0072 00       		.byte	0
 663 0073 02       		.uleb128 0x2
 664 0074 18       		.uleb128 0x18
 665 0075 9142     		.uleb128 0x2111
 666 0077 18       		.uleb128 0x18
 667 0078 00       		.byte	0
 668 0079 00       		.byte	0
 669 007a 09       		.uleb128 0x9
 670 007b 898201   		.uleb128 0x4109
 671 007e 01       		.byte	0x1
 672 007f 11       		.uleb128 0x11
 673 0080 01       		.uleb128 0x1
 674 0081 31       		.uleb128 0x31
 675 0082 13       		.uleb128 0x13
 676 0083 00       		.byte	0
 677 0084 00       		.byte	0
 678 0085 0A       		.uleb128 0xa
 679 0086 2E       		.uleb128 0x2e
 680 0087 01       		.byte	0x1
 681 0088 3F       		.uleb128 0x3f
 682 0089 19       		.uleb128 0x19
 683 008a 03       		.uleb128 0x3
 684 008b 0E       		.uleb128 0xe
 685 008c 3A       		.uleb128 0x3a
 686 008d 0B       		.uleb128 0xb
 687 008e 3B       		.uleb128 0x3b
 688 008f 0B       		.uleb128 0xb
 689 0090 27       		.uleb128 0x27
 690 0091 19       		.uleb128 0x19
 691 0092 11       		.uleb128 0x11
 692 0093 01       		.uleb128 0x1
 693 0094 12       		.uleb128 0x12
 694 0095 06       		.uleb128 0x6
 695 0096 40       		.uleb128 0x40
 696 0097 18       		.uleb128 0x18
 697 0098 9742     		.uleb128 0x2117
 698 009a 19       		.uleb128 0x19
ARM GAS  C:\Users\info\AppData\Local\Temp\ccWuF9qk.s 			page 26


 699 009b 01       		.uleb128 0x1
 700 009c 13       		.uleb128 0x13
 701 009d 00       		.byte	0
 702 009e 00       		.byte	0
 703 009f 0B       		.uleb128 0xb
 704 00a0 898201   		.uleb128 0x4109
 705 00a3 00       		.byte	0
 706 00a4 11       		.uleb128 0x11
 707 00a5 01       		.uleb128 0x1
 708 00a6 9542     		.uleb128 0x2115
 709 00a8 19       		.uleb128 0x19
 710 00a9 31       		.uleb128 0x31
 711 00aa 13       		.uleb128 0x13
 712 00ab 00       		.byte	0
 713 00ac 00       		.byte	0
 714 00ad 0C       		.uleb128 0xc
 715 00ae 34       		.uleb128 0x34
 716 00af 00       		.byte	0
 717 00b0 03       		.uleb128 0x3
 718 00b1 0E       		.uleb128 0xe
 719 00b2 3A       		.uleb128 0x3a
 720 00b3 0B       		.uleb128 0xb
 721 00b4 3B       		.uleb128 0x3b
 722 00b5 0B       		.uleb128 0xb
 723 00b6 49       		.uleb128 0x49
 724 00b7 13       		.uleb128 0x13
 725 00b8 3F       		.uleb128 0x3f
 726 00b9 19       		.uleb128 0x19
 727 00ba 02       		.uleb128 0x2
 728 00bb 18       		.uleb128 0x18
 729 00bc 00       		.byte	0
 730 00bd 00       		.byte	0
 731 00be 0D       		.uleb128 0xd
 732 00bf 2E       		.uleb128 0x2e
 733 00c0 00       		.byte	0
 734 00c1 3F       		.uleb128 0x3f
 735 00c2 19       		.uleb128 0x19
 736 00c3 3C       		.uleb128 0x3c
 737 00c4 19       		.uleb128 0x19
 738 00c5 6E       		.uleb128 0x6e
 739 00c6 0E       		.uleb128 0xe
 740 00c7 03       		.uleb128 0x3
 741 00c8 0E       		.uleb128 0xe
 742 00c9 3A       		.uleb128 0x3a
 743 00ca 0B       		.uleb128 0xb
 744 00cb 3B       		.uleb128 0x3b
 745 00cc 0B       		.uleb128 0xb
 746 00cd 00       		.byte	0
 747 00ce 00       		.byte	0
 748 00cf 00       		.byte	0
 749              		.section	.debug_loc,"",%progbits
 750              	.Ldebug_loc0:
 751              	.LLST0:
 752 0000 00000000 		.4byte	.LVL0
 753 0004 14000000 		.4byte	.LVL4
 754 0008 0100     		.2byte	0x1
 755 000a 50       		.byte	0x50
ARM GAS  C:\Users\info\AppData\Local\Temp\ccWuF9qk.s 			page 27


 756 000b 14000000 		.4byte	.LVL4
 757 000f 38000000 		.4byte	.LFE0
 758 0013 0400     		.2byte	0x4
 759 0015 F3       		.byte	0xf3
 760 0016 01       		.uleb128 0x1
 761 0017 50       		.byte	0x50
 762 0018 9F       		.byte	0x9f
 763 0019 00000000 		.4byte	0
 764 001d 00000000 		.4byte	0
 765              	.LLST1:
 766 0021 00000000 		.4byte	.LVL0
 767 0025 12000000 		.4byte	.LVL3
 768 0029 0100     		.2byte	0x1
 769 002b 51       		.byte	0x51
 770 002c 12000000 		.4byte	.LVL3
 771 0030 38000000 		.4byte	.LFE0
 772 0034 0400     		.2byte	0x4
 773 0036 F3       		.byte	0xf3
 774 0037 01       		.uleb128 0x1
 775 0038 51       		.byte	0x51
 776 0039 9F       		.byte	0x9f
 777 003a 00000000 		.4byte	0
 778 003e 00000000 		.4byte	0
 779              	.LLST2:
 780 0042 00000000 		.4byte	.LVL0
 781 0046 10000000 		.4byte	.LVL2
 782 004a 0100     		.2byte	0x1
 783 004c 52       		.byte	0x52
 784 004d 10000000 		.4byte	.LVL2
 785 0051 38000000 		.4byte	.LFE0
 786 0055 0400     		.2byte	0x4
 787 0057 F3       		.byte	0xf3
 788 0058 01       		.uleb128 0x1
 789 0059 52       		.byte	0x52
 790 005a 9F       		.byte	0x9f
 791 005b 00000000 		.4byte	0
 792 005f 00000000 		.4byte	0
 793              	.LLST3:
 794 0063 00000000 		.4byte	.LVL0
 795 0067 0A000000 		.4byte	.LVL1
 796 006b 0100     		.2byte	0x1
 797 006d 53       		.byte	0x53
 798 006e 0A000000 		.4byte	.LVL1
 799 0072 38000000 		.4byte	.LFE0
 800 0076 0400     		.2byte	0x4
 801 0078 F3       		.byte	0xf3
 802 0079 01       		.uleb128 0x1
 803 007a 53       		.byte	0x53
 804 007b 9F       		.byte	0x9f
 805 007c 00000000 		.4byte	0
 806 0080 00000000 		.4byte	0
 807              		.section	.debug_aranges,"",%progbits
 808 0000 24000000 		.4byte	0x24
 809 0004 0200     		.2byte	0x2
 810 0006 00000000 		.4byte	.Ldebug_info0
 811 000a 04       		.byte	0x4
 812 000b 00       		.byte	0
ARM GAS  C:\Users\info\AppData\Local\Temp\ccWuF9qk.s 			page 28


 813 000c 0000     		.2byte	0
 814 000e 0000     		.2byte	0
 815 0010 00000000 		.4byte	.LFB0
 816 0014 38000000 		.4byte	.LFE0-.LFB0
 817 0018 00000000 		.4byte	.LFB1
 818 001c 0C000000 		.4byte	.LFE1-.LFB1
 819 0020 00000000 		.4byte	0
 820 0024 00000000 		.4byte	0
 821              		.section	.debug_ranges,"",%progbits
 822              	.Ldebug_ranges0:
 823 0000 00000000 		.4byte	.LFB0
 824 0004 38000000 		.4byte	.LFE0
 825 0008 00000000 		.4byte	.LFB1
 826 000c 0C000000 		.4byte	.LFE1
 827 0010 00000000 		.4byte	0
 828 0014 00000000 		.4byte	0
 829              		.section	.debug_line,"",%progbits
 830              	.Ldebug_line0:
 831 0000 7F000000 		.section	.debug_str,"MS",%progbits,1
 831      02005000 
 831      00000201 
 831      FB0E0D00 
 831      01010101 
 832              	.LASF18:
 833 0000 55707065 		.ascii	"UpperSrcAddress\000"
 833      72537263 
 833      41646472 
 833      65737300 
 834              	.LASF29:
 835 0010 444D415F 		.ascii	"DMA_DmaHandle\000"
 835      446D6148 
 835      616E646C 
 835      6500
 836              	.LASF22:
 837 001e 4379446D 		.ascii	"CyDmaChPriority\000"
 837      61436850 
 837      72696F72 
 837      69747900 
 838              	.LASF17:
 839 002e 52657165 		.ascii	"ReqestPerBurst\000"
 839      73745065 
 839      72427572 
 839      737400
 840              	.LASF27:
 841 003d 444D415F 		.ascii	"DMA_DmaInitialize\000"
 841      446D6149 
 841      6E697469 
 841      616C697A 
 841      6500
 842              	.LASF6:
 843 004f 73686F72 		.ascii	"short unsigned int\000"
 843      7420756E 
 843      7369676E 
 843      65642069 
 843      6E7400
 844              	.LASF14:
 845 0062 666C6F61 		.ascii	"float\000"
ARM GAS  C:\Users\info\AppData\Local\Temp\ccWuF9qk.s 			page 29


 845      7400
 846              	.LASF4:
 847 0068 756E7369 		.ascii	"unsigned char\000"
 847      676E6564 
 847      20636861 
 847      7200
 848              	.LASF16:
 849 0076 42757273 		.ascii	"BurstCount\000"
 849      74436F75 
 849      6E7400
 850              	.LASF8:
 851 0081 6C6F6E67 		.ascii	"long unsigned int\000"
 851      20756E73 
 851      69676E65 
 851      6420696E 
 851      7400
 852              	.LASF12:
 853 0093 75696E74 		.ascii	"uint8\000"
 853      3800
 854              	.LASF25:
 855 0099 47656E65 		.ascii	"Generated_Source\\PSoC5\\DMA_dma.c\000"
 855      72617465 
 855      645F536F 
 855      75726365 
 855      5C50536F 
 856              	.LASF15:
 857 00ba 646F7562 		.ascii	"double\000"
 857      6C6500
 858              	.LASF13:
 859 00c1 75696E74 		.ascii	"uint16\000"
 859      313600
 860              	.LASF0:
 861 00c8 756E7369 		.ascii	"unsigned int\000"
 861      676E6564 
 861      20696E74 
 861      00
 862              	.LASF26:
 863 00d5 433A5C55 		.ascii	"C:\\Users\\info\\Desktop\\Spring 2019 Classes\\6.11"
 863      73657273 
 863      5C696E66 
 863      6F5C4465 
 863      736B746F 
 864 0103 355C362E 		.ascii	"5\\6.115-final\\PSoCCreator\\Final Project\\FinalEm"
 864      3131352D 
 864      66696E61 
 864      6C5C5053 
 864      6F434372 
 865 0132 756C6174 		.ascii	"ulator.cydsn\000"
 865      6F722E63 
 865      7964736E 
 865      00
 866              	.LASF9:
 867 013f 6C6F6E67 		.ascii	"long long unsigned int\000"
 867      206C6F6E 
 867      6720756E 
 867      7369676E 
 867      65642069 
ARM GAS  C:\Users\info\AppData\Local\Temp\ccWuF9qk.s 			page 30


 868              	.LASF24:
 869 0156 474E5520 		.ascii	"GNU C11 5.4.1 20160609 (release) [ARM/embedded-5-br"
 869      43313120 
 869      352E342E 
 869      31203230 
 869      31363036 
 870 0189 616E6368 		.ascii	"anch revision 237715] -mcpu=cortex-m3 -mthumb -g -O"
 870      20726576 
 870      6973696F 
 870      6E203233 
 870      37373135 
 871 01bc 73202D66 		.ascii	"s -ffunction-sections -ffat-lto-objects -flto\000"
 871      66756E63 
 871      74696F6E 
 871      2D736563 
 871      74696F6E 
 872              	.LASF19:
 873 01ea 55707065 		.ascii	"UpperDestAddress\000"
 873      72446573 
 873      74416464 
 873      72657373 
 873      00
 874              	.LASF10:
 875 01fb 73697A65 		.ascii	"sizetype\000"
 875      74797065 
 875      00
 876              	.LASF1:
 877 0204 6C6F6E67 		.ascii	"long long int\000"
 877      206C6F6E 
 877      6720696E 
 877      7400
 878              	.LASF28:
 879 0212 444D415F 		.ascii	"DMA_DmaRelease\000"
 879      446D6152 
 879      656C6561 
 879      736500
 880              	.LASF21:
 881 0221 4379446D 		.ascii	"CyDmaChSetExtendedAddress\000"
 881      61436853 
 881      65744578 
 881      74656E64 
 881      65644164 
 882              	.LASF11:
 883 023b 63686172 		.ascii	"char\000"
 883      00
 884              	.LASF5:
 885 0240 73686F72 		.ascii	"short int\000"
 885      7420696E 
 885      7400
 886              	.LASF7:
 887 024a 6C6F6E67 		.ascii	"long int\000"
 887      20696E74 
 887      00
 888              	.LASF2:
 889 0253 6C6F6E67 		.ascii	"long double\000"
 889      20646F75 
 889      626C6500 
ARM GAS  C:\Users\info\AppData\Local\Temp\ccWuF9qk.s 			page 31


 890              	.LASF3:
 891 025f 7369676E 		.ascii	"signed char\000"
 891      65642063 
 891      68617200 
 892              	.LASF23:
 893 026b 4379446D 		.ascii	"CyDmaChDisable\000"
 893      61436844 
 893      69736162 
 893      6C6500
 894              	.LASF20:
 895 027a 4379446D 		.ascii	"CyDmaChSetConfiguration\000"
 895      61436853 
 895      6574436F 
 895      6E666967 
 895      75726174 
 896              		.comm	__gnu_lto_v1,1,1
 897              		.ident	"GCC: (GNU Tools for ARM Embedded Processors) 5.4.1 20160609 (release) [ARM/embedded-5-bran
