ARM GAS  C:\Users\info\AppData\Local\Temp\ccYVQrFb.s 			page 1


   1              		.syntax unified
   2              		.cpu cortex-m3
   3              		.fpu softvfp
   4              		.eabi_attribute 20, 1
   5              		.eabi_attribute 21, 1
   6              		.eabi_attribute 23, 3
   7              		.eabi_attribute 24, 1
   8              		.eabi_attribute 25, 1
   9              		.eabi_attribute 26, 1
  10              		.eabi_attribute 30, 4
  11              		.eabi_attribute 34, 1
  12              		.eabi_attribute 18, 4
  13              		.thumb
  14              		.syntax unified
  15              		.file	"HSYNC_PM.c"
  16              		.text
  17              	.Ltext0:
  18              		.section	.gnu.lto_.profile.bf150999,"",%progbits
  19 0000 789C6361 		.ascii	"x\234ca`d`e`\000\222\015\214J\000\002\"\000\257"
  19      60646065 
  19      6000920D 
  19      8C4A0002 
  19      2200AF
  20              		.text
  21              		.section	.gnu.lto_.icf.bf150999,"",%progbits
  22 0000 789C6361 		.ascii	"x\234ca`d\000\001\005\006\004`e\270\331p`+/\343\336"
  22      60640001 
  22      05060460 
  22      65B8D970 
  22      602B2FE3 
  23 0015 87EFDA59 		.ascii	"\207\357\332Y\231\356\367n^\310\307\274\365\344\277"
  23      99EEF76E 
  23      5EC8C7BC 
  23      F5E4BF
  24 0024 33CC2C9B 		.ascii	"3\314,\233\266\366lba\000\000\373\311\016\352"
  24      B6F66C62 
  24      610000FB 
  24      C90EEA
  25              		.text
  26              		.section	.gnu.lto_.jmpfuncs.bf150999,"",%progbits
  27 0000 789C6361 		.ascii	"x\234ca`d\000\001E\006\004`\201PL`\004\307\314\010)"
  27      60640001 
  27      45060460 
  27      81504C60 
  27      04C7CC08 
  28 0015 00086C00 		.ascii	"\000\010l\000:"
  28      3A
  29              		.text
  30              		.section	.gnu.lto_.inline.bf150999,"",%progbits
  31 0000 789C6361 		.ascii	"x\234ca`d\000\2016\006\004`a`\340Qcd`b\373\240\307\300"
  31      60640081 
  31      36060460 
  31      6160E051 
  31      63646062 
  32 0018 B6409E09 		.ascii	"\266@\236\011$\306\304\215J`W\3018\301\017\225bf\340"
  32      24C6C48D 
  32      4A6057C1 
ARM GAS  C:\Users\info\AppData\Local\Temp\ccYVQrFb.s 			page 2


  32      38C10F95 
  32      6266E0
  33 002b 9202AAE3 		.ascii	"\222\002\252\343\332g\007W\307\310\005#X\0308\204\321"
  33      DA670757 
  33      C7C80523 
  33      58183884 
  33      D1
  34 003c 0C414832 		.ascii	"\014AH2\000\000u\226\013\355"
  34      00007596 
  34      0BED
  35              		.text
  36              		.section	.gnu.lto_.pureconst.bf150999,"",%progbits
  37 0000 789C6361 		.ascii	"x\234ca`d\340d```a\220`\222`\226b\221\000\000\002\243"
  37      6064E064 
  37      60606061 
  37      90609260 
  37      96629100 
  38 0017 007E     		.ascii	"\000~"
  39              		.text
  40              		.section	.gnu.lto_HSYNC_SaveConfig.bf150999,"",%progbits
  41 0000 789C9592 		.ascii	"x\234\225\222\275/\204A\020\306\347\331=\257;\037\211"
  41      BD2F8441 
  41      10C6E7D9 
  41      3DAF3B1F 
  41      89
  42 0011 9E888848 		.ascii	"\236\210\210H\256\271\253\374\005\0224D\\%$\"\\Kr\250"
  42      AEB9ABFC 
  42      05123444 
  42      5C252422 
  42      5C4B72A8 
  43 0025 6F396FD0 		.ascii	"o9o\320\010\205S\211\250|\236o\341*o\004\225P\210J\203"
  43      08855389 
  43      A87C9E6F 
  43      E12A6F04 
  43      9550884A 
  44 003a 42E4A220 		.ascii	"B\344\242 \241<gfO!\361\021&\331\235\315\35633\277\331"
  44      A13C6766 
  44      4F21F111 
  44      26D99DCD 
  44      EE3333BF 
  45 004f 5D1F81C4 		.ascii	"]\037\201\304\332\024Q\015\373r\036\320\0045uN4\354"
  45      DA14510D 
  45      FB721ED0 
  45      0435754E 
  45      34EC
  46 0061 57802C8C 		.ascii	"W\200,\214\037\024W\210\343Ue\025\216\306\356\323*\270"
  46      1F145788 
  46      E3556515 
  46      8EC6EED3 
  46      2AB8
  47 0073 68D86E4E 		.ascii	"h\330nN\222\332,yp5QN\331L\204E\004\211ew[o3\245\316"
  47      92DA2C79 
  47      7035514E 
  47      D94C8445 
  47      04896577 
  48 008c A8C8AAF2 		.ascii	"\250\310\252\362\207X\202#\3456\332<\223\313%\214\267"
  48      87588223 
ARM GAS  C:\Users\info\AppData\Local\Temp\ccYVQrFb.s 			page 3


  48      E536DA3C 
  48      93CB258C 
  48      B7
  49 009d 5F902A29 		.ascii	"_\220*)\326\344j82\005d\"zb\255T}VJ\274~@\302;L+\211"
  49      D6E46A38 
  49      32056422 
  49      7A62AD54 
  49      7D564ABC 
  50 00b8 4E68CD99 		.ascii	"Nh\315\231\323\351\307\353\302x\326\214\033S\346j\225"
  50      D3E9C7EB 
  50      C278D68C 
  50      1B53E66A 
  50      95
  51 00c9 531C8465 		.ascii	"S\034\204e\3049\\\323=F\222\013\265\"fe\322=\272(|Q"
  51      C4395CD3 
  51      3D46920B 
  51      B5226665 
  51      D23DBA28 
  52 00df AEF681BE 		.ascii	"\256\366\201\276\004\372&\230Z\2663gW\307E\363\230\033"
  52      04FA2698 
  52      5AB63367 
  52      57C745F3 
  52      981B
  53 00f1 3676BF00 		.ascii	"6v\277\000\253\334\352\012*\354\341\344\301\346\204"
  53      ABDCEA0A 
  53      2AECE1E4 
  53      C1E684
  54 0100 3F9C9236 		.ascii	"?\234\2226\314\200\253\035\254a\036o\266W\244\020f\""
  54      CC80AB1D 
  54      AC611E6F 
  54      B657A410 
  54      6622
  55 0112 12C0CB2C 		.ascii	"\022\300\313,\362\200\316w\200,\307\372'\300\333\312"
  55      F280CE77 
  55      802CC7FA 
  55      27C0DBCA 
  56 0122 0FC0BF12 		.ascii	"\017\300\277\022m\374@\324!D\233\226Hn\026[B\344X\242"
  56      6DFC40D4 
  56      21449B96 
  56      486E165B 
  56      42E458A2 
  57 0136 E9D3709E 		.ascii	"\351\323p\236(\360\035\021\027\302\366g\242\320?\211"
  57      28F01D11 
  57      17C2F667 
  57      A2D03F89 
  58 0146 767EBBA3 		.ascii	"v~\273\243]Kd\337|O\210\002\224\301\2107\333 5\354'"
  58      5D4B64DF 
  58      7C4F8802 
  58      94C18837 
  58      DB2035EC 
  59 015b 79625C7E 		.ascii	"yb\\~[VT7F\373\242\261\356\301hoW\244\177(\326\023\355"
  59      5B565437 
  59      46FBA2B1 
  59      EEC1686F 
  59      57A47F28 
  60 0172 6C8DF4D7 		.ascii	"l\215\364\327\327u6E\332[\352\273Z\233C=\364\016X\221"
  60      D7753645 
ARM GAS  C:\Users\info\AppData\Local\Temp\ccYVQrFb.s 			page 4


  60      DA5BEABB 
  60      5A9B433D 
  60      F40E5891 
  61 0186 D87D     		.ascii	"\330}"
  62              		.text
  63              		.section	.gnu.lto_HSYNC_RestoreConfig.bf150999,"",%progbits
  64 0000 789C9591 		.ascii	"x\234\225\221=HBQ\024\307\317\271\367\371|\004A{\015"
  64      3D484251 
  64      14C7CFB9 
  64      F7F97C04 
  64      417B0D
  65 0013 112D0E65 		.ascii	"\021-\016eK{\340PK!9\005\202\204\2755Aj\366\252=\312"
  65      4B7BE050 
  65      4B213905 
  65      8284BD35 
  65      416AF6AA 
  66 0029 256AA82D 		.ascii	"%j\250-\034\265O\265\017\310\246\227\004-Q48\005\025"
  66      1CB54FB5 
  66      0FC8A697 
  66      042D5134 
  66      380515
  67 003c 0D1212A5 		.ascii	"\015\022\022\245T\243\276\356\271RK\202x\340\336s9\367"
  67      54A3BEEE 
  67      B9524B82 
  67      78E0DE73 
  67      39F7
  68 004e F0FFFFEE 		.ascii	"\360\377\377\356=\032 PL0\200a\231\373\345B\016\310"
  68      3D1A2050 
  68      4C308061 
  68      99FBE542 
  68      0EC8
  69 0060 366E01E2 		.ascii	"6n\001\342\006C\244\2030\020b\014c\370\315\032\014K"
  69      0643A483 
  69      3010620C 
  69      63F8CD1A 
  69      0C4B
  70 0072 AB9522F3 		.ascii	"\253\225\"\363d\204\214g\353}Ldm\2648\200\303\224\022"
  70      64848C67 
  70      EB7D4C64 
  70      6DB43880 
  70      C39412
  71 0085 60063D20 		.ascii	"`\006= \333^\012\315\255^}\205\332\006[\227\230E\235"
  71      DB5E0ACD 
  71      AD5E7D85 
  71      DA065B97 
  71      98459D
  72 0098 EC72B3B6 		.ascii	"\354r\263\266p\234\244\260?\365\313\36253\030X\0345"
  72      709CA4B0 
  72      3FF5CBF2 
  72      35331858 
  72      1C35
  73 00aa DA74DA00 		.ascii	"\332t\332\000j\262\233|\353\214Q\346\025L\\\024\036"
  73      6AB29B7C 
  73      EB8C51E6 
  73      154C5C14 
  73      1E
  74 00bb 375D2490 		.ascii	"7]$\220\344\304\260m\225\356\334_\314\342\014\311\253"
ARM GAS  C:\Users\info\AppData\Local\Temp\ccYVQrFb.s 			page 5


  74      E4C4B06D 
  74      95EEDC5F 
  74      CCE20CC9 
  74      AB
  75 00cc 587C7B70 		.ascii	"X|{p\307\032bM\210>YKI\034*Wo\312W=i\334\211\013U\347"
  75      C71A624D 
  75      883E594B 
  75      491C2A57 
  75      6FCA573D 
  76 00e6 B827DFB0 		.ascii	"\270'\337\260\213\003\352r\375<\2372\274#\026\327p\037"
  76      8B03EA72 
  76      FD3C9F32 
  76      BC2316D7 
  76      701F
  77 00f8 D3D854F8 		.ascii	"\323\330T\370x\200^xE\215\234\376\013\273\034i\007x"
  77      78805E78 
  77      458D9CFE 
  77      0BBB1C69 
  77      0778
  78 010a 88319018 		.ascii	"\2101\220\030\026\327\201\310\352O\367\274E\246u\201"
  78      16D781C8 
  78      EA4FF7BC 
  78      45A67581 
  79 011a 72D41E25 		.ascii	"r\324\036%\247P\350\2270\337\001E\002cA\241h\177(\037"
  79      A750E897 
  79      30DF0145 
  79      026341A1 
  79      687F281F 
  80 012e BF9FA477 		.ascii	"\277\237\244w\201r\334\036\345D\241\250\301\235v@\221"
  80      8172DC1E 
  80      E544A1A8 
  80      C19D7640 
  80      91
  81 013f CA78A650 		.ascii	"\312x\246PtB\251b\302\226\203U\355\0245\371 9G)54i."
  81      7442A962 
  81      C2968355 
  81      ED1435F9 
  81      20394729 
  82 0157 9AD1F925 		.ascii	"\232\321\371%s!\024\210,G\303f\320\037\210\370\306\203"
  82      73211488 
  82      2C47C366 
  82      D01F88F8 
  82      C683
  83 0169 5381B919 		.ascii	"S\201\271\031_\310?=\032\206\037\223-\315B"
  83      5FC83F3D 
  83      1A861F93 
  83      2DCD42
  84              		.text
  85              		.section	.gnu.lto_HSYNC_Sleep.bf150999,"",%progbits
  86 0000 789C8D91 		.ascii	"x\234\215\221\315kSA\024\305\357\231\231\227\227\276"
  86      CD6B5341 
  86      14C5EF99 
  86      999797BE 
  87 0010 6AF10FE8 		.ascii	"j\361\017\350B\304M7\026\027n\355\242\013EP\212Y\011"
  87      42C44D37 
  87      16176EED 
  87      A20B4550 
ARM GAS  C:\Users\info\AppData\Local\Temp\ccYVQrFb.s 			page 6


  87      8A5909
  88 0023 852235DB 		.ascii	"\205\"5\333\026\252\2563\371x\304\272\020\221*\335\224"
  88      16AAAE33 
  88      F978C4BA 
  88      10912ADD 
  88      94
  89 0034 EEEC87D6 		.ascii	"\356\354\207\326$\326\252Y\210\317PA\245\264\253\256"
  89      24D6AA59 
  89      88CF5041 
  89      A5B4ABAE 
  90 0044 04511741 		.ascii	"\004Q\027A\212\213Db\211B\033\357\235\304Z\020\245\027"
  90      8A8B4462 
  90      89421BEF 
  90      9DC45A10 
  90      A517
  91 0056 E6CDBC3B 		.ascii	"\346\315\274;g\356\357\314\035C \211\224\":\316\363"
  91      67EEEFCC 
  91      1D432089 
  91      94223ACE 
  91      F3
  92 0067 691E8811 		.ascii	"i\036\210\021\324\355u\242t\\)\335\354!\033\230\351"
  92      D4ED75A2 
  92      745C29DD 
  92      EC211B98 
  92      E9
  93 0078 01B28734 		.ascii	"\001\262\2074\274v\332\374^x\200,l\034\\A\033\017)|"
  93      BC76DAFC 
  93      5E78802C 
  93      6C1C5C41 
  93      1B0F297C 
  94 008c 573B0A95 		.ascii	"W;\012\225|\265\254\372\346,\307\307\360\376I;\037!"
  94      7CB5ACFA 
  94      E62CC7C7 
  94      F0FE493B 
  94      1F21
  95 009e D4442DE5 		.ascii	"\324D-\345`\2049\364\021\313>\227v\357\036\216\345D"
  95      608439F4 
  95      11CB3E97 
  95      76EF1E8E 
  95      E544
  96 00b0 76B4BD89 		.ascii	"v\264\275\211y\304\304Q\341bd[\255\254\215\226\203W"
  96      79C4C451 
  96      E162645B 
  96      ADAC8D96 
  96      8357
  97 00c2 CDA04B53 		.ascii	"\315\240KS\250a\370\303\232\032\017\201\326\225\222"
  97      A861F8C3 
  97      9A1A0F81 
  97      D69592
  98 00d1 595751F9 		.ascii	"YWQ\371y\363\303\302\024\344lVk\256{/\254l\370\015\025"
  98      79F3C3C2 
  98      14E46C56 
  98      6BAE7B2F 
  98      AC6CF80D 
  99 00e6 6A0DC114 		.ascii	"j\015\301\024\322\257WM\373w\373M\332\032N\275x\371"
  99      D2AF574D 
  99      FB77FB4D 
ARM GAS  C:\Users\info\AppData\Local\Temp\ccYVQrFb.s 			page 7


  99      DA1A4EBD 
  99      78F9
 100 00f8 76B17B16 		.ascii	"v\261{\0263\351\034\0333XD/\026\320\313\374\007\230"
 100      33E91C1B 
 100      3358442F 
 100      16D0CBFC 
 100      0798
 101 010a 055591F9 		.ascii	"\005U\221\371\226o\350vA\3035\351\023r\353\331\261N"
 101      966FE876 
 101      41C335E9 
 101      1372EBD9 
 101      B14E
 102 011c 623F4181 		.ascii	"b?A\201\360PN\2228\322\324\354aC\231Fq\343N\267\250"
 102      F0504E92 
 102      38D2D4EC 
 102      61439946 
 102      71E34EB7 
 103 0131 F74B3D67 		.ascii	"\367K=g\246\\\376\372\336O\355\330\033\326\036\341\334"
 103      A65CFEFA 
 103      DE4FEDD8 
 103      1BD61EE1 
 103      DC
 104 0142 24B745D2 		.ascii	"$\267E\322[k\233\253\201\030\262.\037\303#\356\345\222"
 104      5B6B9BAB 
 104      8118B22E 
 104      1FC323EE 
 104      E592
 105 0154 14E6CD5B 		.ascii	"\024\346\315[\317\213\223\361\376%\351\223\275\032j"
 105      CF8B93F1 
 105      FE25E993 
 105      BD1A6A
 106 0163 1F0576B9 		.ascii	"\037\005v\271\353\232\211\"\372Y\261\222_+\005\002\361"
 106      EB9A8922 
 106      FA59B192 
 106      5F2B0502 
 106      F1
 107 0174 01949C9F 		.ascii	"\001\224\234\237\27224=\340\334\3246\367\334\034\024"
 107      BA32343D 
 107      E0DCD436 
 107      F7DC1C14 
 108 0184 FFF87FF8 		.ascii	"\377\370\177\370\345?\370'\016\277wG\237\333\261\322"
 108      E53FF827 
 108      0EBF7747 
 108      9FDBB1D2 
 109 0194 C17BEE79 		.ascii	"\301{\356y\276 \033\325\337)\301\377}\375x\213\373G"
 109      BE201BD5 
 109      DF29C1FF 
 109      7DFD788B 
 109      FB47
 110 01a6 788A14BF 		.ascii	"x\212\024\277m\027\211v;\370\247\224\211x\326\221n!"
 110      6D178976 
 110      3BF8A794 
 110      8978D691 
 110      6E21
 111 01b8 13FD38E7 		.ascii	"\023\3758\347\244\0225\256\3034V\034;\223\034KN\\\276"
 111      A41235AE 
 111      C334561C 
ARM GAS  C:\Users\info\AppData\Local\Temp\ccYVQrFb.s 			page 8


 111      3B931C4B 
 111      4E5CBE
 112 01cb 96BC3292 		.ascii	"\226\2742\222\030\277>1\232\034\036J\214\017\236\032"
 112      18BF3E31 
 112      9A1C1E4A 
 112      8C0F9E1A 
 113 01db 3E9BB874 		.ascii	">\233\270tapd\350\374\211Q\372\005\0127\356\301"
 113      617064E8 
 113      FC8951FA 
 113      050A37EE 
 113      C1
 114              		.text
 115              		.section	.gnu.lto_HSYNC_Wakeup.bf150999,"",%progbits
 116 0000 789C754F 		.ascii	"x\234uO\277K\202Q\024\275\347\275\247I\032\364\007\204"
 116      BF4B8251 
 116      14BDE7BD 
 116      A7491AF4 
 116      0784
 117 0012 44B43894 		.ascii	"D\2648\224\004\365\0274\024D!9\005A\204\271\026H\315"
 117      04F51734 
 117      14442139 
 117      054184B9 
 117      1648CD
 118 0025 3ED38F6A 		.ascii	">\323\217j\211\226\332\242Q\373im\371M_R\223QS5\270"
 118      8996DAA2 
 118      51FB696D 
 118      F94D5F52 
 118      93515335 
 119 003a 54834438 		.ascii	"T\203D8($Q\221v\337W\320\020]x\334\307\271\347\334s"
 119      28245191 
 119      76DF57D0 
 119      105D78DC 
 119      C7B9E7DC 
 120 004f 8F2290A9 		.ascii	"\217\"\220\251\024\267^\356\203\374\340!\210\215+\006"
 120      14B75EEE 
 120      83FCE021 
 120      888D2B06 
 121 005f 7D42483B 		.ascii	"}BH;H\272]\335\206I\007$\3247\254\000\363\321>PRH\205"
 121      48BA5DDD 
 121      86490724 
 121      D437AC00 
 121      F3D13E50 
 122 0076 241AE253 		.ascii	"$\032\342S\240\270R)\210PVs\335_\330\003:\347\300\222"
 122      A0B85229 
 122      88505673 
 122      DD5FD803 
 122      3AE7C092 
 123 008a 442DE15A 		.ascii	"D-\341Z\020\262\010\021\323\036O\232\233\035\336\214"
 123      10B20811 
 123      D31E4F9A 
 123      9B1DDE8C 
 124 009a A1757F0F 		.ascii	"\241u\177\017\221\203\327\334\221\237tt\253\225\326"
 124      9183D7DC 
 124      919F7474 
 124      AB95D6
 125 00a9 CE9DFFEC 		.ascii	"\316\235\377\354\335\357UdI\206kL1vu!L\227OH;\345\222"
 125      DDEF5564 
ARM GAS  C:\Users\info\AppData\Local\Temp\ccYVQrFb.s 			page 9


 125      49866B4C 
 125      31767521 
 125      4C974F48 
 126 00c0 3022B3AE 		.ascii	"0\"\263\256P\250\226\333\222\237zU\353NK\212\226`\011"
 126      50A896DB 
 126      929F7A55 
 126      EB4E4B8A 
 126      966009
 127 00d3 769164B1 		.ascii	"v\221d\261\244\012\226\355\372k\321c\310i\251\230\276"
 127      A40A96ED 
 127      FA6BD163 
 127      C869A998 
 127      BE
 128 00e4 6515AFDB 		.ascii	"e\025\257\333^\204\305g\377U\2535\276\327\300\317\227"
 128      5E84C567 
 128      FF55AB35 
 128      BED7C0CF 
 128      97
 129 00f5 37E7ED3B 		.ascii	"7\347\355;\330Ni\027\367`\237C\356\241\313\035\256\237"
 129      D84E6917 
 129      F7609F43 
 129      EEA1CB1D 
 129      AE9F
 130 0107 1EAFF9C2 		.ascii	"\036\257\371\302}\226\364\342\000;h\272\371p\2100= "
 130      7D96F4E2 
 130      003B68BA 
 130      F9708830 
 130      3D20
 131 0119 534E077F 		.ascii	"SN\007\177\315\362\325\302[\2071\003\010GFN&\207$;\350"
 131      CDF2D5C2 
 131      5B873103 
 131      0847464E 
 131      2687243B 
 132 012e C6689402 		.ascii	"\306h\224\002\377\306\340\255\310\377\3040\"\345\206"
 132      FFC6E0AD 
 132      C8FFC430 
 132      22E586
 133 013d 7FC6B2F3 		.ascii	"\177\306\262\3631\346\212L\3258-\303\314\355\031\211"
 133      31E68A4C 
 133      D5382DC3 
 133      CCED1989 
 134 014d CFC713B3 		.ascii	"\317\307\023\263\213\361\271\231\350\302R\"\026\237"
 134      8BF1B999 
 134      E8C25222 
 134      169F
 135 015b 8E441786 		.ascii	"\216D\027\206\207\246G\243S\023\3033\221\361\376\030"
 135      87A647A3 
 135      5313C333 
 135      91F1FE18 
 136 016b 7D0108FC 		.ascii	"}\001\010\374\2260"
 136      9630
 137              		.text
 138              		.section	.gnu.lto_.symbol_nodes.bf150999,"",%progbits
 139 0000 789C55CC 		.ascii	"x\234U\314\261\015\3020\020F\341\347\263\035\307N*z"
 139      B10DC230 
 139      1046E1E7 
 139      B31DC74E 
ARM GAS  C:\Users\info\AppData\Local\Temp\ccYVQrFb.s 			page 10


 139      2A7A
 140 0012 24D881FD 		.ascii	"$\330\201\375.E\006`\006\224\025h\250S3\003 \346@\330"
 140      2E450660 
 140      06941568 
 140      A8533303 
 140      20E640D8 
 141 0026 1105573D 		.ascii	"\021\005W=}\377Y\0168\366\016\020\247p\276C\315m:B\204"
 141      7DFF590E 
 141      38F60E10 
 141      A770BE43 
 141      CD6D3A42 
 142 003b 69075E44 		.ascii	"i\007^D\2359\210W\261CPo\006\2274lC\375b:Tw\032\215"
 142      9D398857 
 142      B143506F 
 142      0697346C 
 142      43FD623A 
 143 0053 A376C645 		.ascii	"\243v\306E\223q\326\336\270\327l<h1\036u\370\267'\261"
 143      9371D6DE 
 143      B8D76C3C 
 143      68311E75 
 143      F8B727B1 
 144 0067 3C3ECED3 		.ascii	"<>\316\323\361\336\032Y\236\265RX\233%3o\356Y[\375\360"
 144      F1DE1A59 
 144      9EB55258 
 144      9B25336F 
 144      EE595BFD 
 145 007c 2BBC5A83 		.ascii	"+\274Z\203pi\357\302\310|=\361\005\336\015Ac"
 145      7069EFC2 
 145      C87C3DF1 
 145      05DE0D41 
 145      63
 146              		.text
 147              		.section	.gnu.lto_.refs.bf150999,"",%progbits
 148 0000 789C1DC8 		.ascii	"x\234\035\310\301\015\0000\010\304\260\344\200N\322"
 148      C10D0030 
 148      08C4B0E4 
 148      804ED2
 149 000f FD672CEA 		.ascii	"\375g,\352\317r#\027(4\332z*k\334\231\324\257\2611<"
 149      CF722317 
 149      2834DA7A 
 149      2A6BDC99 
 149      D4AFB131 
 150 0024 0B3A006A 		.ascii	"\013:\000j"
 151              		.text
 152              		.section	.gnu.lto_.decls.bf150999,"",%progbits
 153 0000 789C8D55 		.ascii	"x\234\215UkL\024W\024\236\263wy-\313\242\3206\264!)"
 153      6B4C1457 
 153      149EB377 
 153      792DCBA2 
 153      D036B421 
 154 0015 35989034 		.ascii	"5\230\2204\241\265\246\211\377lB[\373GK$jLL-\217\321"
 154      A1B5A689 
 154      FF6C425B 
 154      FB474B24 
 154      6A4C4C2D 
 155 002b 1209D075 		.ascii	"\022\011\320ui\343\277\021\221\012}DQ\213(*\212ZP\220"
 155      69E3BF11 
ARM GAS  C:\Users\info\AppData\Local\Temp\ccYVQrFb.s 			page 11


 155      910A7D44 
 155      518B282A 
 155      8A5A5090 
 156 003f 4550C1E5 		.ascii	"EP\301\345\261Eay\313C\241H\225-\017\201X\025\343\223"
 156      B1456179 
 156      CB43A148 
 156      952D0F81 
 156      5815E393 
 157 0053 44A5E73E 		.ascii	"D\245\347>\206\231%\320v\262\337\314=s\317\367\235\307"
 157      869925D0 
 157      76B2DFCC 
 157      3D73CFF7 
 157      9DC7
 158 0065 BD73D728 		.ascii	"\275s\327(\201D\257O\375$\251\000\2075\210\031\274\274"
 158      8144AF4F 
 158      FD24A900 
 158      87358819 
 158      BCBC
 159 0077 F0DD7A49 		.ascii	"\360\335zI\273\314\210RD\031\242\034Q\201p j\021\365"
 159      BBCC8852 
 159      4419A21C 
 159      51817020 
 159      6A11F5
 160 008a 88AB8846 		.ascii	"\210\253\210F\204\013\321\202hCP\345\333\222\347E5|"
 160      840BD182 
 160      684350E5 
 160      DB92E745 
 160      357C
 161 009c 847628E2 		.ascii	"\204v(\342\016\342\012b\0101\210\250F\020\304\015D\037"
 161      0EE20A62 
 161      083188A8 
 161      4610C40D 
 161      441F
 162 00ae E226C228 		.ascii	"\342&\302(x\365\"\236c\001\355\2629\332zM7\242a\001"
 162      78F5229E 
 162      6301EDB2 
 162      39DA7A4D 
 162      37A26101 
 163 00c2 ED329177 		.ascii	"\3552\221w\243\250c>mZ\263I\247=\202\230@\334\235\023"
 163      A3A8633E 
 163      6D5AB349 
 163      A73D8298 
 163      40DC9D13 
 164 00d6 67125122 		.ascii	"g\022Q\"4\006D\274r\321\223\322\005\264+\346\344\255"
 164      340644BC 
 164      72D193D2 
 164      05B42BE6 
 164      E4AD
 165 00e8 6AE875F5 		.ascii	"j\350u\365z\025\"\347\205z\374\312\000U\331\207\236"
 165      7A1522E7 
 165      857AFCCA 
 165      0055D987 
 165      9E
 166 00f9 050EC200 		.ascii	"\005\016\302\000\030@,\260\004\300\357\300 q0\023\007"
 166      18402CB0 
 166      04C0EFC0 
 166      20713013 
ARM GAS  C:\Users\info\AppData\Local\Temp\ccYVQrFb.s 			page 12


 166      07
 167 010a 06769766 		.ascii	"\006v\227f_\315>\244Y\0271\324\304\330O}\316\250\027"
 167      5FCD3EA4 
 167      591731D4 
 167      C4D84F7D 
 167      CEA817
 168 011d 13D1D441 		.ascii	"\023\321\324A\220`6\0031f\363\006-\000pS%\350\364x\272"
 168      90603603 
 168      3166F306 
 168      2D007053 
 168      25E8F478 
 169 0132 BA9CC0B3 		.ascii	"\272\234\300\263&P\213~\366\364a\2157\301\212q<4]\364"
 169      26508B7E 
 169      F6F4618D 
 169      37C18A71 
 169      3C345DF4 
 170 0146 79648982 		.ascii	"yd\211\202\327^E1\274\257u\246q\346\2713\360\211\001"
 170      D75E4531 
 170      BCAF75A6 
 170      71E6B933 
 170      F08901
 171 0159 824C6040 		.ascii	"\202L`@\263g\252\375\250?\232o\230`\021\232\367\352"
 171      B367AAFD 
 171      A83F9A6F 
 171      9860119A 
 171      F7EA
 172 016b F2660242 		.ascii	"\362f\002B~\245<e\227\022f\200\365o\3019\010\205\263"
 172      7EA53C65 
 172      97126680 
 172      F56FC139 
 172      0885B3
 173 017e 800B0325 		.ascii	"\200\013\003%\020\202\3678#W\312ily\355\277\244@q\333"
 173      1082F738 
 173      2357CA69 
 173      6C79EDBF 
 173      A44071DB 
 174 0192 15F7F4C4 		.ascii	"\025\367\364\304Gy\2123\035Y\006\352\005E@\240\030\""
 174      47798A33 
 174      1D5906EA 
 174      054540A0 
 174      1822
 175 01a4 697638A4 		.ascii	"iv8\244\217\337`\020\323.\205%\310t\034\351-\362\"+"
 175      8FDF6010 
 175      D32E8525 
 175      C8741CE9 
 175      2DF2222B 
 176 01b8 59A25975 		.ascii	"Y\242YuM\203f\256\342\234j2+]\250\361\011\3238\257i"
 176      4D8366AE 
 176      E29C6A32 
 176      2B5DA8F1 
 176      09D338AF 
 177 01cd 9CD76B94 		.ascii	"\234\327k\224q\215\353\343\307\010\211a\032O\213\037"
 177      718DEBE3 
 177      C7088961 
 177      1A4F8B1F 
 178 01dd 171950A3 		.ascii	"\027\031P\243\0005\354\255z\015\273\246a\327k\2243\215"
 178      0035ECAD 
ARM GAS  C:\Users\info\AppData\Local\Temp\ccYVQrFb.s 			page 13


 178      7A0DBBA6 
 178      61D76B94 
 178      338D
 179 01ef FAA6C293 		.ascii	"\372\246\302\223~d3\323\350>y\321\245j\334h\323k\\\320"
 179      7E6433D3 
 179      E83E79D1 
 179      A56ADC68 
 179      D36B5CD0 
 180 0203 342EE835 		.ascii	"4.\3505*\230\306\363\216\214L?\222\3044\312v\217\026"
 180      2A98C6F3 
 180      8E8C4C3F 
 180      92C434CA 
 180      768F16
 181 0216 FB623343 		.ascii	"\373b3CM0\003\324\376\273z:\200\333t:o\337\310k\177"
 181      4D3003D4 
 181      FEBB7A3A 
 181      80DB743A 
 181      6FDFC86B 
 182 022b 9209D430 		.ascii	"\222\011\3240\364\216\234\2334B\204\351\014m\265\273"
 182      F48E9C9B 
 182      344284E9 
 182      0C6DB5BB 
 183 023b 3A7B4BEE 		.ascii	":{K\356\017\264y\325`\202\313Z\300P\372\315\355Q\224"
 183      0FB479D5 
 183      6082CB5A 
 183      C050FACD 
 183      ED5194
 184 024e 7465EAA4 		.ascii	"te\352\244\342\035\"\301\362P\3700T\202*\210\240\252"
 184      E21D22C1 
 184      F250F830 
 184      54822A88 
 184      A0AA
 185 0260 D40B2EE1 		.ascii	"\324\013.\341\372\\\304\365\301\010G\367\026\236\365"
 185      FA5CC4F5 
 185      C10847F7 
 185      169EF5
 186 026f D72F1F95 		.ascii	"\327/\037\225\323\326\357\212\307\372\0256\216\332-"
 186      D3D6EF8A 
 186      C7FA1536 
 186      8EDA2D
 187 027e B4F318BF 		.ascii	"\264\363\030\277\266\355\253\013\205\231\316h\346\003"
 187      B6EDAB0B 
 187      8599CE68 
 187      E603
 188 028c 955A0295 		.ascii	"\225Z\002\225\254b\0348X\265\235\243\247\303H'\253\000"
 188      AC621C38 
 188      58B59DA3 
 188      A7C34827 
 188      AB00
 189 029e 2A0FED1A 		.ascii	"*\017\355\032\026|g\177\233%Oi00v\215\306\256Q\331\265"
 189      167C677F 
 189      9B254F69 
 189      3030768D 
 189      C6AE51D9 
 190 02b3 8C3D79EC 		.ascii	"\214=y\354\345C\013qs\372\301\322\214SfA\337\327If\351"
 190      E5430B71 
 190      73FAC1D2 
ARM GAS  C:\Users\info\AppData\Local\Temp\ccYVQrFb.s 			page 14


 190      8C536641 
 190      DFD74966 
 191 02c8 751ABD4E 		.ascii	"u\032\275N\245\3273z\316\375\023UF\362\210\323\307r"
 191      A5D7337A 
 191      CEFD1355 
 191      46F288D3 
 191      C772
 192 02da 8FDFF336 		.ascii	"\217\337\3636\032p\222\326\2105\321\354\016\014\364"
 192      1A7092D6 
 192      8835D1EC 
 192      0E0CF4
 193 02e9 C082BBB7 		.ascii	"\300\202\273\267\201U\377;\210\362\035eWG\375E\374W"
 193      8155FF3B 
 193      88F21D65 
 193      5747FD45 
 193      FC57
 194 02fb AD012C3E 		.ascii	"\255\001,>\272\200S\213\357T\343_e\361\335\365\303\247"
 194      BA80538B 
 194      EF54E35F 
 194      65F1DDF5 
 194      C3A7
 195 030d 7CC94FFC 		.ascii	"|\311O\374\003K\317\312\314\367\023\364\247\242zJ\277"
 195      034BCFCA 
 195      CCF713F4 
 195      A7A27A4A 
 195      BF
 196 031e A6D1AFA9 		.ascii	"\246\321\257\251\364FF\037\033o\357\002r\234\323_\326"
 196      F446461F 
 196      1B6FEF02 
 196      729CD35F 
 196      D6
 197 032f 3E1C266A 		.ascii	">\034&j\3646\363,\275I\2437\251t\027\243\367O\227\357"
 197      F436F32C 
 197      BD49A337 
 197      A97417A3 
 197      F74F97EF 
 198 0343 0C20E59C 		.ascii	"\014 \345\234~\332Y\367\243\217\240\367\265\232\235"
 198      7EDA59F7 
 198      A38FA0F7 
 198      B59A9D
 199 0352 D16CA736 		.ascii	"\321l\2476k\344f\225\334\302\310\005\307\307\316\370"
 199      6BE46695 
 199      DCC2C805 
 199      C7C7CEF8 
 200 0362 911A4E3E 		.ascii	"\221\032N>QYj\017\020\344\347\277\360\316Sz\253FoU\351"
 200      51596A0F 
 200      10E4E7BF 
 200      F0CE537A 
 200      AB466F55 
 201 0377 6D8CFEA2 		.ascii	"m\214\376\242\370\361##i\341\364\356\014{>\341'\210"
 201      F8F12323 
 201      69E1F4EE 
 201      0C7B3EE1 
 201      2788
 202 0389 11CD471D 		.ascii	"\021\315G\035\207G,\374\004\011C\363A\306\230[\034("
 202      87472CFC 
 202      040943F3 
ARM GAS  C:\Users\info\AppData\Local\Temp\ccYVQrFb.s 			page 15


 202      41C6985B 
 202      1C28
 203 039b 21D479C6 		.ascii	"!\324y\306q\000H\037gN\277\032\3522\02077v\327\271^"
 203      7100481F 
 203      674EBF1A 
 203      EA321037 
 203      3776D7B9 
 204 03b0 98C93837 		.ascii	"\230\31187\262Z.\271,\344\0313\274\217\346\025>\010"
 204      B25A2EB9 
 204      2CE41933 
 204      BC8FE615 
 204      3E08
 205 03c2 80F0F0F0 		.ascii	"\200\360\360\360\210\340\360\223t\357;\373]o\346*\316"
 205      88E0F093 
 205      74EF3BFB 
 205      5D6FE62A 
 205      CE
 206 03d3 9D84AD35 		.ascii	"\235\204\25556\021\376\200`\365S\370\200\256\3559\272"
 206      3611FE80 
 206      60F553F8 
 206      80AEED39 
 206      BA
 207 03e4 C21277CE 		.ascii	"\302\022w\316o\365W\354_3\327\336y\\\257\353\\{]\201"
 207      6FF557EC 
 207      5F33D7DE 
 207      795CAFEB 
 207      5C7B5D81 
 208 03f8 9A6EF73C 		.ascii	"\232n\367<\316\313\251/\373D\235\227]fE\361\245\036"
 208      CECBA92F 
 208      FB449D97 
 208      5D6645F1 
 208      A51E
 209 040a 92E812BD 		.ascii	"\222\350\022\275\366\261#\326\251(\360\255\004\235\270"
 209      F6B123D6 
 209      A928F0AD 
 209      049DB8
 210 0419 D73AD85E 		.ascii	"\327:\330^\243:\350\004\375\370\235\016@8\364!n nB8"
 210      A33AE804 
 210      FDF89D0E 
 210      4038F421 
 210      6E206E42 
 211 042e A3F1F0B5 		.ascii	"\243\361\360\265\256\000-|\317<\341\227\205\362\275"
 211      AE002D7C 
 211      CF3CE197 
 211      85F2BD
 212 043d BADFD977 		.ascii	"\272\337\331w+\220d\021vr\334>\340\310\361\203\340\210"
 212      2B906411 
 212      7672DC3E 
 212      E0C8F183 
 212      E088
 213 044f 7943C39F 		.ascii	"yC\303\237\030\361\277\242\213\202\262\201\0264\210"
 213      18F1BFA2 
 213      8B82B281 
 213      163488
 214 045e CEB7B495 		.ascii	"\316\267\264\225\247\365\361?\012gs>YZ\250(\270Q\246"
 214      A7F5F13F 
 214      0A67733E 
ARM GAS  C:\Users\info\AppData\Local\Temp\ccYVQrFb.s 			page 16


 214      595AA828 
 214      B851A6
 215 0471 ED1BF72B 		.ascii	"\355\033\367+J\010\363m\347\276\272b\333\351f\201\333"
 215      4A08F36D 
 215      E7BEBA62 
 215      DBE96681 
 215      DB
 216 0482 B014593F 		.ascii	"\260\024Y?W\365|o\316\246\325\355\335\245\0045[\330"
 216      57F57C6F 
 216      CEA6D5ED 
 216      DDA50435 
 216      5BD8
 217 0494 27ADB9DE 		.ascii	"'\255\271\336\0013\333V\370\244\177X\271\343\205\340"
 217      0133DB56 
 217      F8A47F58 
 217      B9E385E0 
 218 04a4 E14D0368 		.ascii	"\341M\003h\336C\302{\210yg\035s\344\232=\274\033<\264"
 218      DE43C27B 
 218      8879671D 
 218      73E49A3D 
 218      BC1B3CB4 
 219 04b8 DDC2DB4D 		.ascii	"\335\302\333M\275IM\337\221|\202s\364g:\254\340\031"
 219      BD494DDF 
 219      917C8273 
 219      F4673AAC 
 219      E019
 220 04ca AA74038C 		.ascii	"\252t\003\214\200Ib\306\324J6\246\257\225\251t\305\373"
 220      804962C6 
 220      D44A36A6 
 220      AF95A974 
 220      C5FB
 221 04dc 90453D5B 		.ascii	"\220E=[%6!\301_\310\034\246\035E\023\243?\311x\334\347"
 221      253621C1 
 221      5FC81CA6 
 221      1D4513A3 
 221      3FC978DC 
 222 04f1 6DDA430F 		.ascii	"m\332C\017\226\377u\024wL\236\230\361!\371|\311*\016"
 222      96FF7514 
 222      774C9E98 
 222      F121F97C 
 222      C92A0E
 223 0504 E61DF401 		.ascii	"\346\035\364\001S\304<\364\361y\350\352\177\302\227"
 223      53C43CF4 
 223      F179E8EA 
 223      7FC297
 224 0513 8773762A 		.ascii	"\207sv*ap\027w\307\230\266B\2434=v\000w\335/\363\362"
 224      61701777 
 224      C798B642 
 224      A3343D76 
 224      0077DD2F 
 225 0529 6808F5D4 		.ascii	"h\010\365\324\0322!\0322\301\332w\267\250\242\300\342"
 225      1A32211A 
 225      32C1DA77 
 225      B7A8A2C0 
 225      E2
 226 053a E15DE2D1 		.ascii	"\341]\342\321\276I0\253\021p(-\372\"f\343\232\250\315"
 226      BE4930AB 
ARM GAS  C:\Users\info\AppData\Local\Temp\ccYVQrFb.s 			page 17


 226      1170282D 
 226      FA2266E3 
 226      9AA8CD
 227 054d 31B1DFC9 		.ascii	"1\261\337\311Q)\311[\022\267\372\256Z\263.,j\3312i\311"
 227      5129C95B 
 227      12B7FAAE 
 227      5AB32E2C 
 227      6AD93269 
 228 0562 2A3959B6 		.ascii	"*9Y\266\306\332\344\204\3151)i\326xyStLJ\324\307\233"
 228      C6DAE484 
 228      CD312969 
 228      D6787953 
 228      744C4AD4 
 229 0578 38217A75 		.ascii	"8!zud\274\024\314\307k\345\355\266\024\253\340\373\013"
 229      64BC14CC 
 229      C76BE5ED 
 229      B614ABE0 
 229      FB0B
 230 058a C124594E 		.ascii	"\301$YN5\363\361\206\330mrZ\352\333\252sl\002z\332\254"
 230      35F3F186 
 230      D86D725A 
 230      EADBAA73 
 230      6C027ADA 
 231 059f 29496BE5 		.ascii	")Ik\345\255\211\333m\262\325+-1\331\266\342\275\005"
 231      AD89DB6D 
 231      B2D52B2D 
 231      31D9B6E2 
 231      BD05
 232 05b1 E2C5EFB0 		.ascii	"\342\305\357\260\355H\225\267G~#\275\373o\031\341\374"
 232      ED4895B7 
 232      477E23BD 
 232      FB6F19E1 
 232      FC
 233 05c2 627D84B4 		.ascii	"b}\204\264dT^\244\275\211\226\255\211)\011\357\210\214"
 233      64545EA4 
 233      BD8996AD 
 233      892909EF 
 233      888C
 234 05d4 AC893679 		.ascii	"\254\2116yN\026A\036S\214\276X\367\212\363M\242:[\212"
 234      4E16411E 
 234      538CBE58 
 234      F78AF34D 
 234      A23A5B8A 
 235 05e8 5ADC67C9 		.ascii	"Z\334g\311\261qI\2620\342b\343\267\245\245\372EoX\315"
 235      B17149B2 
 235      30E262E3 
 235      B7A5A5FA 
 235      456F58CD 
 236 05fc DDBD71B4 		.ascii	"\335\275q\264.!\316\202\017\356\027c\303\364\203\320"
 236      2E21CE82 
 236      0FEE1763 
 236      C3F483D0 
 237 060c 9C3F38E7 		.ascii	"\234?8\347\307\330\254i\3616\243U\336\272\342\0375\341"
 237      C7D8AC69 
 237      F136A355 
 237      DEBAE21F 
 237      35E1
ARM GAS  C:\Users\info\AppData\Local\Temp\ccYVQrFb.s 			page 18


 238 061e 6BE5     		.ascii	"k\345"
 239              		.text
 240              		.section	.gnu.lto_.symtab.bf150999,"",%progbits
 241 0000 4853594E 		.ascii	"HSYNC_SaveConfig\000"
 241      435F5361 
 241      7665436F 
 241      6E666967 
 241      00
 242 0011 00       		.ascii	"\000"
 243 0012 00       		.ascii	"\000"
 244 0013 00       		.ascii	"\000"
 245 0014 00000000 		.ascii	"\000\000\000\000\000\000\000\000"
 245      00000000 
 246 001c AD000000 		.ascii	"\255\000\000\000"
 247 0020 4853594E 		.ascii	"HSYNC_RestoreConfig\000"
 247      435F5265 
 247      73746F72 
 247      65436F6E 
 247      66696700 
 248 0034 00       		.ascii	"\000"
 249 0035 00       		.ascii	"\000"
 250 0036 00       		.ascii	"\000"
 251 0037 00000000 		.ascii	"\000\000\000\000\000\000\000\000"
 251      00000000 
 252 003f AF000000 		.ascii	"\257\000\000\000"
 253 0043 4853594E 		.ascii	"HSYNC_Sleep\000"
 253      435F536C 
 253      65657000 
 254 004f 00       		.ascii	"\000"
 255 0050 00       		.ascii	"\000"
 256 0051 00       		.ascii	"\000"
 257 0052 00000000 		.ascii	"\000\000\000\000\000\000\000\000"
 257      00000000 
 258 005a B1000000 		.ascii	"\261\000\000\000"
 259 005e 4853594E 		.ascii	"HSYNC_Wakeup\000"
 259      435F5761 
 259      6B657570 
 259      00
 260 006b 00       		.ascii	"\000"
 261 006c 00       		.ascii	"\000"
 262 006d 00       		.ascii	"\000"
 263 006e 00000000 		.ascii	"\000\000\000\000\000\000\000\000"
 263      00000000 
 264 0076 B3000000 		.ascii	"\263\000\000\000"
 265 007a 4853594E 		.ascii	"HSYNC_ReadControlRegister\000"
 265      435F5265 
 265      6164436F 
 265      6E74726F 
 265      6C526567 
 266 0094 00       		.ascii	"\000"
 267 0095 02       		.ascii	"\002"
 268 0096 00       		.ascii	"\000"
 269 0097 00000000 		.ascii	"\000\000\000\000\000\000\000\000"
 269      00000000 
 270 009f BB000000 		.ascii	"\273\000\000\000"
 271 00a3 4853594E 		.ascii	"HSYNC_ReadCounter\000"
 271      435F5265 
ARM GAS  C:\Users\info\AppData\Local\Temp\ccYVQrFb.s 			page 19


 271      6164436F 
 271      756E7465 
 271      7200
 272 00b5 00       		.ascii	"\000"
 273 00b6 02       		.ascii	"\002"
 274 00b7 00       		.ascii	"\000"
 275 00b8 00000000 		.ascii	"\000\000\000\000\000\000\000\000"
 275      00000000 
 276 00c0 BD000000 		.ascii	"\275\000\000\000"
 277 00c4 4853594E 		.ascii	"HSYNC_ReadPeriod\000"
 277      435F5265 
 277      61645065 
 277      72696F64 
 277      00
 278 00d5 00       		.ascii	"\000"
 279 00d6 02       		.ascii	"\002"
 280 00d7 00       		.ascii	"\000"
 281 00d8 00000000 		.ascii	"\000\000\000\000\000\000\000\000"
 281      00000000 
 282 00e0 BF000000 		.ascii	"\277\000\000\000"
 283 00e4 4853594E 		.ascii	"HSYNC_WriteControlRegister\000"
 283      435F5772 
 283      69746543 
 283      6F6E7472 
 283      6F6C5265 
 284 00ff 00       		.ascii	"\000"
 285 0100 02       		.ascii	"\002"
 286 0101 00       		.ascii	"\000"
 287 0102 00000000 		.ascii	"\000\000\000\000\000\000\000\000"
 287      00000000 
 288 010a C3000000 		.ascii	"\303\000\000\000"
 289 010e 4853594E 		.ascii	"HSYNC_WriteCounter\000"
 289      435F5772 
 289      69746543 
 289      6F756E74 
 289      657200
 290 0121 00       		.ascii	"\000"
 291 0122 02       		.ascii	"\002"
 292 0123 00       		.ascii	"\000"
 293 0124 00000000 		.ascii	"\000\000\000\000\000\000\000\000"
 293      00000000 
 294 012c C5000000 		.ascii	"\305\000\000\000"
 295 0130 4853594E 		.ascii	"HSYNC_WritePeriod\000"
 295      435F5772 
 295      69746550 
 295      6572696F 
 295      6400
 296 0142 00       		.ascii	"\000"
 297 0143 02       		.ascii	"\002"
 298 0144 00       		.ascii	"\000"
 299 0145 00000000 		.ascii	"\000\000\000\000\000\000\000\000"
 299      00000000 
 300 014d C7000000 		.ascii	"\307\000\000\000"
 301 0151 4853594E 		.ascii	"HSYNC_Stop\000"
 301      435F5374 
 301      6F7000
 302 015c 00       		.ascii	"\000"
ARM GAS  C:\Users\info\AppData\Local\Temp\ccYVQrFb.s 			page 20


 303 015d 02       		.ascii	"\002"
 304 015e 00       		.ascii	"\000"
 305 015f 00000000 		.ascii	"\000\000\000\000\000\000\000\000"
 305      00000000 
 306 0167 C9000000 		.ascii	"\311\000\000\000"
 307 016b 4853594E 		.ascii	"HSYNC_Enable\000"
 307      435F456E 
 307      61626C65 
 307      00
 308 0178 00       		.ascii	"\000"
 309 0179 02       		.ascii	"\002"
 310 017a 00       		.ascii	"\000"
 311 017b 00000000 		.ascii	"\000\000\000\000\000\000\000\000"
 311      00000000 
 312 0183 CB000000 		.ascii	"\313\000\000\000"
 313              		.text
 314              		.section	.gnu.lto_.opts,"",%progbits
 315 0000 272D666D 		.ascii	"'-fmath-errno' '-fsigned-zeros' '-ftrapping-math' '"
 315      6174682D 
 315      6572726E 
 315      6F272027 
 315      2D667369 
 316 0033 2D666E6F 		.ascii	"-fno-trapv' '-fno-openmp' '-fno-openacc' '-mcpu=cor"
 316      2D747261 
 316      70762720 
 316      272D666E 
 316      6F2D6F70 
 317 0066 7465782D 		.ascii	"tex-m3' '-mthumb' '-g' '-Os' '-ffunction-sections' "
 317      6D332720 
 317      272D6D74 
 317      68756D62 
 317      2720272D 
 318 0099 272D6666 		.ascii	"'-ffat-lto-objects' '-flto'\000"
 318      61742D6C 
 318      746F2D6F 
 318      626A6563 
 318      74732720 
 319              		.text
 320              		.cfi_sections	.debug_frame
 321              		.section	.text.HSYNC_SaveConfig,"ax",%progbits
 322              		.align	1
 323              		.global	HSYNC_SaveConfig
 324              		.thumb
 325              		.thumb_func
 326              		.type	HSYNC_SaveConfig, %function
 327              	HSYNC_SaveConfig:
 328              	.LFB0:
 329              		.file 1 "Generated_Source\\PSoC5\\HSYNC_PM.c"
   1:Generated_Source\PSoC5/HSYNC_PM.c **** /*******************************************************************************
   2:Generated_Source\PSoC5/HSYNC_PM.c **** * File Name: HSYNC_PM.c
   3:Generated_Source\PSoC5/HSYNC_PM.c **** * Version 3.30
   4:Generated_Source\PSoC5/HSYNC_PM.c **** *
   5:Generated_Source\PSoC5/HSYNC_PM.c **** * Description:
   6:Generated_Source\PSoC5/HSYNC_PM.c **** *  This file provides the power management source code to API for the
   7:Generated_Source\PSoC5/HSYNC_PM.c **** *  PWM.
   8:Generated_Source\PSoC5/HSYNC_PM.c **** *
   9:Generated_Source\PSoC5/HSYNC_PM.c **** * Note:
ARM GAS  C:\Users\info\AppData\Local\Temp\ccYVQrFb.s 			page 21


  10:Generated_Source\PSoC5/HSYNC_PM.c **** *
  11:Generated_Source\PSoC5/HSYNC_PM.c **** ********************************************************************************
  12:Generated_Source\PSoC5/HSYNC_PM.c **** * Copyright 2008-2014, Cypress Semiconductor Corporation.  All rights reserved.
  13:Generated_Source\PSoC5/HSYNC_PM.c **** * You may use this file only in accordance with the license, terms, conditions,
  14:Generated_Source\PSoC5/HSYNC_PM.c **** * disclaimers, and limitations in the end user license agreement accompanying
  15:Generated_Source\PSoC5/HSYNC_PM.c **** * the software package with which this file was provided.
  16:Generated_Source\PSoC5/HSYNC_PM.c **** *******************************************************************************/
  17:Generated_Source\PSoC5/HSYNC_PM.c **** 
  18:Generated_Source\PSoC5/HSYNC_PM.c **** #include "HSYNC.h"
  19:Generated_Source\PSoC5/HSYNC_PM.c **** 
  20:Generated_Source\PSoC5/HSYNC_PM.c **** static HSYNC_backupStruct HSYNC_backup;
  21:Generated_Source\PSoC5/HSYNC_PM.c **** 
  22:Generated_Source\PSoC5/HSYNC_PM.c **** 
  23:Generated_Source\PSoC5/HSYNC_PM.c **** /*******************************************************************************
  24:Generated_Source\PSoC5/HSYNC_PM.c **** * Function Name: HSYNC_SaveConfig
  25:Generated_Source\PSoC5/HSYNC_PM.c **** ********************************************************************************
  26:Generated_Source\PSoC5/HSYNC_PM.c **** *
  27:Generated_Source\PSoC5/HSYNC_PM.c **** * Summary:
  28:Generated_Source\PSoC5/HSYNC_PM.c **** *  Saves the current user configuration of the component.
  29:Generated_Source\PSoC5/HSYNC_PM.c **** *
  30:Generated_Source\PSoC5/HSYNC_PM.c **** * Parameters:
  31:Generated_Source\PSoC5/HSYNC_PM.c **** *  None
  32:Generated_Source\PSoC5/HSYNC_PM.c **** *
  33:Generated_Source\PSoC5/HSYNC_PM.c **** * Return:
  34:Generated_Source\PSoC5/HSYNC_PM.c **** *  None
  35:Generated_Source\PSoC5/HSYNC_PM.c **** *
  36:Generated_Source\PSoC5/HSYNC_PM.c **** * Global variables:
  37:Generated_Source\PSoC5/HSYNC_PM.c **** *  HSYNC_backup:  Variables of this global structure are modified to
  38:Generated_Source\PSoC5/HSYNC_PM.c **** *  store the values of non retention configuration registers when Sleep() API is
  39:Generated_Source\PSoC5/HSYNC_PM.c **** *  called.
  40:Generated_Source\PSoC5/HSYNC_PM.c **** *
  41:Generated_Source\PSoC5/HSYNC_PM.c **** *******************************************************************************/
  42:Generated_Source\PSoC5/HSYNC_PM.c **** void HSYNC_SaveConfig(void) 
  43:Generated_Source\PSoC5/HSYNC_PM.c **** {
 330              		.loc 1 43 0
 331              		.cfi_startproc
 332              		@ args = 0, pretend = 0, frame = 0
 333              		@ frame_needed = 0, uses_anonymous_args = 0
 334 0000 10B5     		push	{r4, lr}
 335              		.cfi_def_cfa_offset 8
 336              		.cfi_offset 4, -8
 337              		.cfi_offset 14, -4
  44:Generated_Source\PSoC5/HSYNC_PM.c **** 
  45:Generated_Source\PSoC5/HSYNC_PM.c ****     #if(!HSYNC_UsingFixedFunction)
  46:Generated_Source\PSoC5/HSYNC_PM.c ****         #if(!HSYNC_PWMModeIsCenterAligned)
  47:Generated_Source\PSoC5/HSYNC_PM.c ****             HSYNC_backup.PWMPeriod = HSYNC_ReadPeriod();
 338              		.loc 1 47 0
 339 0002 FFF7FEFF 		bl	HSYNC_ReadPeriod
 340              	.LVL0:
 341 0006 044C     		ldr	r4, .L2
 342 0008 A070     		strb	r0, [r4, #2]
  48:Generated_Source\PSoC5/HSYNC_PM.c ****         #endif /* (!HSYNC_PWMModeIsCenterAligned) */
  49:Generated_Source\PSoC5/HSYNC_PM.c ****         HSYNC_backup.PWMUdb = HSYNC_ReadCounter();
 343              		.loc 1 49 0
 344 000a FFF7FEFF 		bl	HSYNC_ReadCounter
 345              	.LVL1:
 346 000e 6070     		strb	r0, [r4, #1]
ARM GAS  C:\Users\info\AppData\Local\Temp\ccYVQrFb.s 			page 22


  50:Generated_Source\PSoC5/HSYNC_PM.c ****         #if (HSYNC_UseStatus)
  51:Generated_Source\PSoC5/HSYNC_PM.c ****             HSYNC_backup.InterruptMaskValue = HSYNC_STATUS_MASK;
  52:Generated_Source\PSoC5/HSYNC_PM.c ****         #endif /* (HSYNC_UseStatus) */
  53:Generated_Source\PSoC5/HSYNC_PM.c **** 
  54:Generated_Source\PSoC5/HSYNC_PM.c ****         #if(HSYNC_DeadBandMode == HSYNC__B_PWM__DBM_256_CLOCKS || \
  55:Generated_Source\PSoC5/HSYNC_PM.c ****             HSYNC_DeadBandMode == HSYNC__B_PWM__DBM_2_4_CLOCKS)
  56:Generated_Source\PSoC5/HSYNC_PM.c ****             HSYNC_backup.PWMdeadBandValue = HSYNC_ReadDeadTime();
  57:Generated_Source\PSoC5/HSYNC_PM.c ****         #endif /*  deadband count is either 2-4 clocks or 256 clocks */
  58:Generated_Source\PSoC5/HSYNC_PM.c **** 
  59:Generated_Source\PSoC5/HSYNC_PM.c ****         #if(HSYNC_KillModeMinTime)
  60:Generated_Source\PSoC5/HSYNC_PM.c ****              HSYNC_backup.PWMKillCounterPeriod = HSYNC_ReadKillTime();
  61:Generated_Source\PSoC5/HSYNC_PM.c ****         #endif /* (HSYNC_KillModeMinTime) */
  62:Generated_Source\PSoC5/HSYNC_PM.c **** 
  63:Generated_Source\PSoC5/HSYNC_PM.c ****         #if(HSYNC_UseControl)
  64:Generated_Source\PSoC5/HSYNC_PM.c ****             HSYNC_backup.PWMControlRegister = HSYNC_ReadControlRegister();
 347              		.loc 1 64 0
 348 0010 FFF7FEFF 		bl	HSYNC_ReadControlRegister
 349              	.LVL2:
 350 0014 E070     		strb	r0, [r4, #3]
 351 0016 10BD     		pop	{r4, pc}
 352              	.L3:
 353              		.align	2
 354              	.L2:
 355 0018 00000000 		.word	.LANCHOR0
 356              		.cfi_endproc
 357              	.LFE0:
 358              		.size	HSYNC_SaveConfig, .-HSYNC_SaveConfig
 359              		.section	.text.HSYNC_RestoreConfig,"ax",%progbits
 360              		.align	1
 361              		.global	HSYNC_RestoreConfig
 362              		.thumb
 363              		.thumb_func
 364              		.type	HSYNC_RestoreConfig, %function
 365              	HSYNC_RestoreConfig:
 366              	.LFB1:
  65:Generated_Source\PSoC5/HSYNC_PM.c ****         #endif /* (HSYNC_UseControl) */
  66:Generated_Source\PSoC5/HSYNC_PM.c ****     #endif  /* (!HSYNC_UsingFixedFunction) */
  67:Generated_Source\PSoC5/HSYNC_PM.c **** }
  68:Generated_Source\PSoC5/HSYNC_PM.c **** 
  69:Generated_Source\PSoC5/HSYNC_PM.c **** 
  70:Generated_Source\PSoC5/HSYNC_PM.c **** /*******************************************************************************
  71:Generated_Source\PSoC5/HSYNC_PM.c **** * Function Name: HSYNC_RestoreConfig
  72:Generated_Source\PSoC5/HSYNC_PM.c **** ********************************************************************************
  73:Generated_Source\PSoC5/HSYNC_PM.c **** *
  74:Generated_Source\PSoC5/HSYNC_PM.c **** * Summary:
  75:Generated_Source\PSoC5/HSYNC_PM.c **** *  Restores the current user configuration of the component.
  76:Generated_Source\PSoC5/HSYNC_PM.c **** *
  77:Generated_Source\PSoC5/HSYNC_PM.c **** * Parameters:
  78:Generated_Source\PSoC5/HSYNC_PM.c **** *  None
  79:Generated_Source\PSoC5/HSYNC_PM.c **** *
  80:Generated_Source\PSoC5/HSYNC_PM.c **** * Return:
  81:Generated_Source\PSoC5/HSYNC_PM.c **** *  None
  82:Generated_Source\PSoC5/HSYNC_PM.c **** *
  83:Generated_Source\PSoC5/HSYNC_PM.c **** * Global variables:
  84:Generated_Source\PSoC5/HSYNC_PM.c **** *  HSYNC_backup:  Variables of this global structure are used to
  85:Generated_Source\PSoC5/HSYNC_PM.c **** *  restore the values of non retention registers on wakeup from sleep mode.
  86:Generated_Source\PSoC5/HSYNC_PM.c **** *
ARM GAS  C:\Users\info\AppData\Local\Temp\ccYVQrFb.s 			page 23


  87:Generated_Source\PSoC5/HSYNC_PM.c **** *******************************************************************************/
  88:Generated_Source\PSoC5/HSYNC_PM.c **** void HSYNC_RestoreConfig(void) 
  89:Generated_Source\PSoC5/HSYNC_PM.c **** {
 367              		.loc 1 89 0
 368              		.cfi_startproc
 369              		@ args = 0, pretend = 0, frame = 0
 370              		@ frame_needed = 0, uses_anonymous_args = 0
 371 0000 10B5     		push	{r4, lr}
 372              		.cfi_def_cfa_offset 8
 373              		.cfi_offset 4, -8
 374              		.cfi_offset 14, -4
  90:Generated_Source\PSoC5/HSYNC_PM.c ****         #if(!HSYNC_UsingFixedFunction)
  91:Generated_Source\PSoC5/HSYNC_PM.c ****             #if(!HSYNC_PWMModeIsCenterAligned)
  92:Generated_Source\PSoC5/HSYNC_PM.c ****                 HSYNC_WritePeriod(HSYNC_backup.PWMPeriod);
 375              		.loc 1 92 0
 376 0002 064C     		ldr	r4, .L5
 377 0004 A078     		ldrb	r0, [r4, #2]	@ zero_extendqisi2
 378 0006 FFF7FEFF 		bl	HSYNC_WritePeriod
 379              	.LVL3:
  93:Generated_Source\PSoC5/HSYNC_PM.c ****             #endif /* (!HSYNC_PWMModeIsCenterAligned) */
  94:Generated_Source\PSoC5/HSYNC_PM.c **** 
  95:Generated_Source\PSoC5/HSYNC_PM.c ****             HSYNC_WriteCounter(HSYNC_backup.PWMUdb);
 380              		.loc 1 95 0
 381 000a 6078     		ldrb	r0, [r4, #1]	@ zero_extendqisi2
 382 000c FFF7FEFF 		bl	HSYNC_WriteCounter
 383              	.LVL4:
  96:Generated_Source\PSoC5/HSYNC_PM.c **** 
  97:Generated_Source\PSoC5/HSYNC_PM.c ****             #if (HSYNC_UseStatus)
  98:Generated_Source\PSoC5/HSYNC_PM.c ****                 HSYNC_STATUS_MASK = HSYNC_backup.InterruptMaskValue;
  99:Generated_Source\PSoC5/HSYNC_PM.c ****             #endif /* (HSYNC_UseStatus) */
 100:Generated_Source\PSoC5/HSYNC_PM.c **** 
 101:Generated_Source\PSoC5/HSYNC_PM.c ****             #if(HSYNC_DeadBandMode == HSYNC__B_PWM__DBM_256_CLOCKS || \
 102:Generated_Source\PSoC5/HSYNC_PM.c ****                 HSYNC_DeadBandMode == HSYNC__B_PWM__DBM_2_4_CLOCKS)
 103:Generated_Source\PSoC5/HSYNC_PM.c ****                 HSYNC_WriteDeadTime(HSYNC_backup.PWMdeadBandValue);
 104:Generated_Source\PSoC5/HSYNC_PM.c ****             #endif /* deadband count is either 2-4 clocks or 256 clocks */
 105:Generated_Source\PSoC5/HSYNC_PM.c **** 
 106:Generated_Source\PSoC5/HSYNC_PM.c ****             #if(HSYNC_KillModeMinTime)
 107:Generated_Source\PSoC5/HSYNC_PM.c ****                 HSYNC_WriteKillTime(HSYNC_backup.PWMKillCounterPeriod);
 108:Generated_Source\PSoC5/HSYNC_PM.c ****             #endif /* (HSYNC_KillModeMinTime) */
 109:Generated_Source\PSoC5/HSYNC_PM.c **** 
 110:Generated_Source\PSoC5/HSYNC_PM.c ****             #if(HSYNC_UseControl)
 111:Generated_Source\PSoC5/HSYNC_PM.c ****                 HSYNC_WriteControlRegister(HSYNC_backup.PWMControlRegister);
 384              		.loc 1 111 0
 385 0010 E078     		ldrb	r0, [r4, #3]	@ zero_extendqisi2
 112:Generated_Source\PSoC5/HSYNC_PM.c ****             #endif /* (HSYNC_UseControl) */
 113:Generated_Source\PSoC5/HSYNC_PM.c ****         #endif  /* (!HSYNC_UsingFixedFunction) */
 114:Generated_Source\PSoC5/HSYNC_PM.c ****     }
 386              		.loc 1 114 0
 387 0012 BDE81040 		pop	{r4, lr}
 388              		.cfi_restore 14
 389              		.cfi_restore 4
 390              		.cfi_def_cfa_offset 0
 111:Generated_Source\PSoC5/HSYNC_PM.c ****             #endif /* (HSYNC_UseControl) */
 391              		.loc 1 111 0
 392 0016 FFF7FEBF 		b	HSYNC_WriteControlRegister
 393              	.LVL5:
 394              	.L6:
ARM GAS  C:\Users\info\AppData\Local\Temp\ccYVQrFb.s 			page 24


 395 001a 00BF     		.align	2
 396              	.L5:
 397 001c 00000000 		.word	.LANCHOR0
 398              		.cfi_endproc
 399              	.LFE1:
 400              		.size	HSYNC_RestoreConfig, .-HSYNC_RestoreConfig
 401              		.section	.text.HSYNC_Sleep,"ax",%progbits
 402              		.align	1
 403              		.global	HSYNC_Sleep
 404              		.thumb
 405              		.thumb_func
 406              		.type	HSYNC_Sleep, %function
 407              	HSYNC_Sleep:
 408              	.LFB2:
 115:Generated_Source\PSoC5/HSYNC_PM.c **** 
 116:Generated_Source\PSoC5/HSYNC_PM.c **** 
 117:Generated_Source\PSoC5/HSYNC_PM.c **** /*******************************************************************************
 118:Generated_Source\PSoC5/HSYNC_PM.c **** * Function Name: HSYNC_Sleep
 119:Generated_Source\PSoC5/HSYNC_PM.c **** ********************************************************************************
 120:Generated_Source\PSoC5/HSYNC_PM.c **** *
 121:Generated_Source\PSoC5/HSYNC_PM.c **** * Summary:
 122:Generated_Source\PSoC5/HSYNC_PM.c **** *  Disables block's operation and saves the user configuration. Should be called
 123:Generated_Source\PSoC5/HSYNC_PM.c **** *  just prior to entering sleep.
 124:Generated_Source\PSoC5/HSYNC_PM.c **** *
 125:Generated_Source\PSoC5/HSYNC_PM.c **** * Parameters:
 126:Generated_Source\PSoC5/HSYNC_PM.c **** *  None
 127:Generated_Source\PSoC5/HSYNC_PM.c **** *
 128:Generated_Source\PSoC5/HSYNC_PM.c **** * Return:
 129:Generated_Source\PSoC5/HSYNC_PM.c **** *  None
 130:Generated_Source\PSoC5/HSYNC_PM.c **** *
 131:Generated_Source\PSoC5/HSYNC_PM.c **** * Global variables:
 132:Generated_Source\PSoC5/HSYNC_PM.c **** *  HSYNC_backup.PWMEnableState:  Is modified depending on the enable
 133:Generated_Source\PSoC5/HSYNC_PM.c **** *  state of the block before entering sleep mode.
 134:Generated_Source\PSoC5/HSYNC_PM.c **** *
 135:Generated_Source\PSoC5/HSYNC_PM.c **** *******************************************************************************/
 136:Generated_Source\PSoC5/HSYNC_PM.c **** void HSYNC_Sleep(void) 
 137:Generated_Source\PSoC5/HSYNC_PM.c **** {
 409              		.loc 1 137 0
 410              		.cfi_startproc
 411              		@ args = 0, pretend = 0, frame = 0
 412              		@ frame_needed = 0, uses_anonymous_args = 0
 413 0000 08B5     		push	{r3, lr}
 414              		.cfi_def_cfa_offset 8
 415              		.cfi_offset 3, -8
 416              		.cfi_offset 14, -4
 138:Generated_Source\PSoC5/HSYNC_PM.c ****     #if(HSYNC_UseControl)
 139:Generated_Source\PSoC5/HSYNC_PM.c ****         if(HSYNC_CTRL_ENABLE == (HSYNC_CONTROL & HSYNC_CTRL_ENABLE))
 417              		.loc 1 139 0
 418 0002 074B     		ldr	r3, .L11
 419 0004 1B78     		ldrb	r3, [r3]	@ zero_extendqisi2
 420 0006 13F0800F 		tst	r3, #128
 421 000a 064B     		ldr	r3, .L11+4
 140:Generated_Source\PSoC5/HSYNC_PM.c ****         {
 141:Generated_Source\PSoC5/HSYNC_PM.c ****             /*Component is enabled */
 142:Generated_Source\PSoC5/HSYNC_PM.c ****             HSYNC_backup.PWMEnableState = 1u;
 422              		.loc 1 142 0
 423 000c 14BF     		ite	ne
ARM GAS  C:\Users\info\AppData\Local\Temp\ccYVQrFb.s 			page 25


 424 000e 0122     		movne	r2, #1
 143:Generated_Source\PSoC5/HSYNC_PM.c ****         }
 144:Generated_Source\PSoC5/HSYNC_PM.c ****         else
 145:Generated_Source\PSoC5/HSYNC_PM.c ****         {
 146:Generated_Source\PSoC5/HSYNC_PM.c ****             /* Component is disabled */
 147:Generated_Source\PSoC5/HSYNC_PM.c ****             HSYNC_backup.PWMEnableState = 0u;
 425              		.loc 1 147 0
 426 0010 0022     		moveq	r2, #0
 427 0012 1A70     		strb	r2, [r3]
 148:Generated_Source\PSoC5/HSYNC_PM.c ****         }
 149:Generated_Source\PSoC5/HSYNC_PM.c ****     #endif /* (HSYNC_UseControl) */
 150:Generated_Source\PSoC5/HSYNC_PM.c **** 
 151:Generated_Source\PSoC5/HSYNC_PM.c ****     /* Stop component */
 152:Generated_Source\PSoC5/HSYNC_PM.c ****     HSYNC_Stop();
 428              		.loc 1 152 0
 429 0014 FFF7FEFF 		bl	HSYNC_Stop
 430              	.LVL6:
 153:Generated_Source\PSoC5/HSYNC_PM.c **** 
 154:Generated_Source\PSoC5/HSYNC_PM.c ****     /* Save registers configuration */
 155:Generated_Source\PSoC5/HSYNC_PM.c ****     HSYNC_SaveConfig();
 156:Generated_Source\PSoC5/HSYNC_PM.c **** }
 431              		.loc 1 156 0
 432 0018 BDE80840 		pop	{r3, lr}
 433              		.cfi_restore 14
 434              		.cfi_restore 3
 435              		.cfi_def_cfa_offset 0
 155:Generated_Source\PSoC5/HSYNC_PM.c **** }
 436              		.loc 1 155 0
 437 001c FFF7FEBF 		b	HSYNC_SaveConfig
 438              	.LVL7:
 439              	.L12:
 440              		.align	2
 441              	.L11:
 442 0020 76640040 		.word	1073767542
 443 0024 00000000 		.word	.LANCHOR0
 444              		.cfi_endproc
 445              	.LFE2:
 446              		.size	HSYNC_Sleep, .-HSYNC_Sleep
 447              		.section	.text.HSYNC_Wakeup,"ax",%progbits
 448              		.align	1
 449              		.global	HSYNC_Wakeup
 450              		.thumb
 451              		.thumb_func
 452              		.type	HSYNC_Wakeup, %function
 453              	HSYNC_Wakeup:
 454              	.LFB3:
 157:Generated_Source\PSoC5/HSYNC_PM.c **** 
 158:Generated_Source\PSoC5/HSYNC_PM.c **** 
 159:Generated_Source\PSoC5/HSYNC_PM.c **** /*******************************************************************************
 160:Generated_Source\PSoC5/HSYNC_PM.c **** * Function Name: HSYNC_Wakeup
 161:Generated_Source\PSoC5/HSYNC_PM.c **** ********************************************************************************
 162:Generated_Source\PSoC5/HSYNC_PM.c **** *
 163:Generated_Source\PSoC5/HSYNC_PM.c **** * Summary:
 164:Generated_Source\PSoC5/HSYNC_PM.c **** *  Restores and enables the user configuration. Should be called just after
 165:Generated_Source\PSoC5/HSYNC_PM.c **** *  awaking from sleep.
 166:Generated_Source\PSoC5/HSYNC_PM.c **** *
 167:Generated_Source\PSoC5/HSYNC_PM.c **** * Parameters:
ARM GAS  C:\Users\info\AppData\Local\Temp\ccYVQrFb.s 			page 26


 168:Generated_Source\PSoC5/HSYNC_PM.c **** *  None
 169:Generated_Source\PSoC5/HSYNC_PM.c **** *
 170:Generated_Source\PSoC5/HSYNC_PM.c **** * Return:
 171:Generated_Source\PSoC5/HSYNC_PM.c **** *  None
 172:Generated_Source\PSoC5/HSYNC_PM.c **** *
 173:Generated_Source\PSoC5/HSYNC_PM.c **** * Global variables:
 174:Generated_Source\PSoC5/HSYNC_PM.c **** *  HSYNC_backup.pwmEnable:  Is used to restore the enable state of
 175:Generated_Source\PSoC5/HSYNC_PM.c **** *  block on wakeup from sleep mode.
 176:Generated_Source\PSoC5/HSYNC_PM.c **** *
 177:Generated_Source\PSoC5/HSYNC_PM.c **** *******************************************************************************/
 178:Generated_Source\PSoC5/HSYNC_PM.c **** void HSYNC_Wakeup(void) 
 179:Generated_Source\PSoC5/HSYNC_PM.c **** {
 455              		.loc 1 179 0
 456              		.cfi_startproc
 457              		@ args = 0, pretend = 0, frame = 0
 458              		@ frame_needed = 0, uses_anonymous_args = 0
 459 0000 08B5     		push	{r3, lr}
 460              		.cfi_def_cfa_offset 8
 461              		.cfi_offset 3, -8
 462              		.cfi_offset 14, -4
 180:Generated_Source\PSoC5/HSYNC_PM.c ****      /* Restore registers values */
 181:Generated_Source\PSoC5/HSYNC_PM.c ****     HSYNC_RestoreConfig();
 463              		.loc 1 181 0
 464 0002 FFF7FEFF 		bl	HSYNC_RestoreConfig
 465              	.LVL8:
 182:Generated_Source\PSoC5/HSYNC_PM.c **** 
 183:Generated_Source\PSoC5/HSYNC_PM.c ****     if(HSYNC_backup.PWMEnableState != 0u)
 466              		.loc 1 183 0
 467 0006 044B     		ldr	r3, .L16
 468 0008 1B78     		ldrb	r3, [r3]	@ zero_extendqisi2
 469 000a 1BB1     		cbz	r3, .L13
 184:Generated_Source\PSoC5/HSYNC_PM.c ****     {
 185:Generated_Source\PSoC5/HSYNC_PM.c ****         /* Enable component's operation */
 186:Generated_Source\PSoC5/HSYNC_PM.c ****         HSYNC_Enable();
 187:Generated_Source\PSoC5/HSYNC_PM.c ****     } /* Do nothing if component's block was disabled before */
 188:Generated_Source\PSoC5/HSYNC_PM.c **** 
 189:Generated_Source\PSoC5/HSYNC_PM.c **** }
 470              		.loc 1 189 0
 471 000c BDE80840 		pop	{r3, lr}
 472              		.cfi_remember_state
 473              		.cfi_restore 14
 474              		.cfi_restore 3
 475              		.cfi_def_cfa_offset 0
 186:Generated_Source\PSoC5/HSYNC_PM.c ****     } /* Do nothing if component's block was disabled before */
 476              		.loc 1 186 0
 477 0010 FFF7FEBF 		b	HSYNC_Enable
 478              	.LVL9:
 479              	.L13:
 480              		.cfi_restore_state
 481 0014 08BD     		pop	{r3, pc}
 482              	.L17:
 483 0016 00BF     		.align	2
 484              	.L16:
 485 0018 00000000 		.word	.LANCHOR0
 486              		.cfi_endproc
 487              	.LFE3:
 488              		.size	HSYNC_Wakeup, .-HSYNC_Wakeup
ARM GAS  C:\Users\info\AppData\Local\Temp\ccYVQrFb.s 			page 27


 489              		.bss
 490              		.set	.LANCHOR0,. + 0
 491              		.type	HSYNC_backup, %object
 492              		.size	HSYNC_backup, 4
 493              	HSYNC_backup:
 494 0000 00000000 		.space	4
 495              		.text
 496              	.Letext0:
 497              		.file 2 "Generated_Source\\PSoC5\\cytypes.h"
 498              		.file 3 "Generated_Source\\PSoC5\\HSYNC.h"
 499              		.section	.debug_info,"",%progbits
 500              	.Ldebug_info0:
 501 0000 07020000 		.4byte	0x207
 502 0004 0400     		.2byte	0x4
 503 0006 00000000 		.4byte	.Ldebug_abbrev0
 504 000a 04       		.byte	0x4
 505 000b 01       		.uleb128 0x1
 506 000c CA010000 		.4byte	.LASF33
 507 0010 0C       		.byte	0xc
 508 0011 B2000000 		.4byte	.LASF34
 509 0015 3C010000 		.4byte	.LASF35
 510 0019 00000000 		.4byte	.Ldebug_ranges0+0
 511 001d 00000000 		.4byte	0
 512 0021 00000000 		.4byte	.Ldebug_line0
 513 0025 02       		.uleb128 0x2
 514 0026 01       		.byte	0x1
 515 0027 06       		.byte	0x6
 516 0028 F0020000 		.4byte	.LASF0
 517 002c 02       		.uleb128 0x2
 518 002d 01       		.byte	0x1
 519 002e 08       		.byte	0x8
 520 002f 7D000000 		.4byte	.LASF1
 521 0033 02       		.uleb128 0x2
 522 0034 02       		.byte	0x2
 523 0035 05       		.byte	0x5
 524 0036 B8020000 		.4byte	.LASF2
 525 003a 02       		.uleb128 0x2
 526 003b 02       		.byte	0x2
 527 003c 07       		.byte	0x7
 528 003d 49000000 		.4byte	.LASF3
 529 0041 02       		.uleb128 0x2
 530 0042 04       		.byte	0x4
 531 0043 05       		.byte	0x5
 532 0044 D5020000 		.4byte	.LASF4
 533 0048 02       		.uleb128 0x2
 534 0049 04       		.byte	0x4
 535 004a 07       		.byte	0x7
 536 004b 9A000000 		.4byte	.LASF5
 537 004f 02       		.uleb128 0x2
 538 0050 08       		.byte	0x8
 539 0051 05       		.byte	0x5
 540 0052 A5020000 		.4byte	.LASF6
 541 0056 02       		.uleb128 0x2
 542 0057 08       		.byte	0x8
 543 0058 07       		.byte	0x7
 544 0059 B3010000 		.4byte	.LASF7
 545 005d 03       		.uleb128 0x3
ARM GAS  C:\Users\info\AppData\Local\Temp\ccYVQrFb.s 			page 28


 546 005e 04       		.byte	0x4
 547 005f 05       		.byte	0x5
 548 0060 696E7400 		.ascii	"int\000"
 549 0064 02       		.uleb128 0x2
 550 0065 04       		.byte	0x4
 551 0066 07       		.byte	0x7
 552 0067 2F010000 		.4byte	.LASF8
 553 006b 04       		.uleb128 0x4
 554 006c AC000000 		.4byte	.LASF12
 555 0070 02       		.byte	0x2
 556 0071 E401     		.2byte	0x1e4
 557 0073 2C000000 		.4byte	0x2c
 558 0077 02       		.uleb128 0x2
 559 0078 04       		.byte	0x4
 560 0079 04       		.byte	0x4
 561 007a 63000000 		.4byte	.LASF9
 562 007e 02       		.uleb128 0x2
 563 007f 08       		.byte	0x8
 564 0080 04       		.byte	0x4
 565 0081 5C000000 		.4byte	.LASF10
 566 0085 02       		.uleb128 0x2
 567 0086 01       		.byte	0x1
 568 0087 08       		.byte	0x8
 569 0088 B3020000 		.4byte	.LASF11
 570 008c 04       		.uleb128 0x4
 571 008d 79020000 		.4byte	.LASF13
 572 0091 02       		.byte	0x2
 573 0092 8E02     		.2byte	0x28e
 574 0094 98000000 		.4byte	0x98
 575 0098 05       		.uleb128 0x5
 576 0099 6B000000 		.4byte	0x6b
 577 009d 02       		.uleb128 0x2
 578 009e 08       		.byte	0x8
 579 009f 04       		.byte	0x4
 580 00a0 7E020000 		.4byte	.LASF14
 581 00a4 02       		.uleb128 0x2
 582 00a5 04       		.byte	0x4
 583 00a6 07       		.byte	0x7
 584 00a7 8A020000 		.4byte	.LASF15
 585 00ab 06       		.uleb128 0x6
 586 00ac 04       		.byte	0x4
 587 00ad 03       		.byte	0x3
 588 00ae 6B       		.byte	0x6b
 589 00af E4000000 		.4byte	0xe4
 590 00b3 07       		.uleb128 0x7
 591 00b4 8B000000 		.4byte	.LASF16
 592 00b8 03       		.byte	0x3
 593 00b9 6E       		.byte	0x6e
 594 00ba 6B000000 		.4byte	0x6b
 595 00be 00       		.byte	0
 596 00bf 07       		.uleb128 0x7
 597 00c0 00000000 		.4byte	.LASF17
 598 00c4 03       		.byte	0x3
 599 00c5 71       		.byte	0x71
 600 00c6 6B000000 		.4byte	0x6b
 601 00ca 01       		.byte	0x1
 602 00cb 07       		.uleb128 0x7
ARM GAS  C:\Users\info\AppData\Local\Temp\ccYVQrFb.s 			page 29


 603 00cc 21000000 		.4byte	.LASF18
 604 00d0 03       		.byte	0x3
 605 00d1 73       		.byte	0x73
 606 00d2 6B000000 		.4byte	0x6b
 607 00d6 02       		.byte	0x2
 608 00d7 07       		.uleb128 0x7
 609 00d8 F8000000 		.4byte	.LASF19
 610 00dc 03       		.byte	0x3
 611 00dd 86       		.byte	0x86
 612 00de 6B000000 		.4byte	0x6b
 613 00e2 03       		.byte	0x3
 614 00e3 00       		.byte	0
 615 00e4 08       		.uleb128 0x8
 616 00e5 E5000000 		.4byte	.LASF20
 617 00e9 03       		.byte	0x3
 618 00ea 8B       		.byte	0x8b
 619 00eb AB000000 		.4byte	0xab
 620 00ef 09       		.uleb128 0x9
 621 00f0 2B000000 		.4byte	.LASF21
 622 00f4 01       		.byte	0x1
 623 00f5 2A       		.byte	0x2a
 624 00f6 00000000 		.4byte	.LFB0
 625 00fa 1C000000 		.4byte	.LFE0-.LFB0
 626 00fe 01       		.uleb128 0x1
 627 00ff 9C       		.byte	0x9c
 628 0100 20010000 		.4byte	0x120
 629 0104 0A       		.uleb128 0xa
 630 0105 06000000 		.4byte	.LVL0
 631 0109 B2010000 		.4byte	0x1b2
 632 010d 0A       		.uleb128 0xa
 633 010e 0E000000 		.4byte	.LVL1
 634 0112 BD010000 		.4byte	0x1bd
 635 0116 0A       		.uleb128 0xa
 636 0117 14000000 		.4byte	.LVL2
 637 011b C8010000 		.4byte	0x1c8
 638 011f 00       		.byte	0
 639 0120 09       		.uleb128 0x9
 640 0121 69000000 		.4byte	.LASF22
 641 0125 01       		.byte	0x1
 642 0126 58       		.byte	0x58
 643 0127 00000000 		.4byte	.LFB1
 644 012b 20000000 		.4byte	.LFE1-.LFB1
 645 012f 01       		.uleb128 0x1
 646 0130 9C       		.byte	0x9c
 647 0131 51010000 		.4byte	0x151
 648 0135 0A       		.uleb128 0xa
 649 0136 0A000000 		.4byte	.LVL3
 650 013a D3010000 		.4byte	0x1d3
 651 013e 0A       		.uleb128 0xa
 652 013f 10000000 		.4byte	.LVL4
 653 0143 DE010000 		.4byte	0x1de
 654 0147 0B       		.uleb128 0xb
 655 0148 1A000000 		.4byte	.LVL5
 656 014c E9010000 		.4byte	0x1e9
 657 0150 00       		.byte	0
 658 0151 09       		.uleb128 0x9
 659 0152 23010000 		.4byte	.LASF23
ARM GAS  C:\Users\info\AppData\Local\Temp\ccYVQrFb.s 			page 30


 660 0156 01       		.byte	0x1
 661 0157 88       		.byte	0x88
 662 0158 00000000 		.4byte	.LFB2
 663 015c 28000000 		.4byte	.LFE2-.LFB2
 664 0160 01       		.uleb128 0x1
 665 0161 9C       		.byte	0x9c
 666 0162 79010000 		.4byte	0x179
 667 0166 0A       		.uleb128 0xa
 668 0167 18000000 		.4byte	.LVL6
 669 016b F4010000 		.4byte	0x1f4
 670 016f 0B       		.uleb128 0xb
 671 0170 20000000 		.4byte	.LVL7
 672 0174 EF000000 		.4byte	0xef
 673 0178 00       		.byte	0
 674 0179 09       		.uleb128 0x9
 675 017a A6010000 		.4byte	.LASF24
 676 017e 01       		.byte	0x1
 677 017f B2       		.byte	0xb2
 678 0180 00000000 		.4byte	.LFB3
 679 0184 1C000000 		.4byte	.LFE3-.LFB3
 680 0188 01       		.uleb128 0x1
 681 0189 9C       		.byte	0x9c
 682 018a A1010000 		.4byte	0x1a1
 683 018e 0A       		.uleb128 0xa
 684 018f 06000000 		.4byte	.LVL8
 685 0193 20010000 		.4byte	0x120
 686 0197 0B       		.uleb128 0xb
 687 0198 14000000 		.4byte	.LVL9
 688 019c FF010000 		.4byte	0x1ff
 689 01a0 00       		.byte	0
 690 01a1 0C       		.uleb128 0xc
 691 01a2 16010000 		.4byte	.LASF36
 692 01a6 01       		.byte	0x1
 693 01a7 14       		.byte	0x14
 694 01a8 E4000000 		.4byte	0xe4
 695 01ac 05       		.uleb128 0x5
 696 01ad 03       		.byte	0x3
 697 01ae 00000000 		.4byte	HSYNC_backup
 698 01b2 0D       		.uleb128 0xd
 699 01b3 D4000000 		.4byte	.LASF25
 700 01b7 D4000000 		.4byte	.LASF25
 701 01bb 03       		.byte	0x3
 702 01bc C0       		.byte	0xc0
 703 01bd 0D       		.uleb128 0xd
 704 01be 93020000 		.4byte	.LASF26
 705 01c2 93020000 		.4byte	.LASF26
 706 01c6 03       		.byte	0x3
 707 01c7 B3       		.byte	0xb3
 708 01c8 0D       		.uleb128 0xd
 709 01c9 07000000 		.4byte	.LASF27
 710 01cd 07000000 		.4byte	.LASF27
 711 01d1 03       		.byte	0x3
 712 01d2 9D       		.byte	0x9d
 713 01d3 0D       		.uleb128 0xd
 714 01d4 DE020000 		.4byte	.LASF28
 715 01d8 DE020000 		.4byte	.LASF28
 716 01dc 03       		.byte	0x3
ARM GAS  C:\Users\info\AppData\Local\Temp\ccYVQrFb.s 			page 31


 717 01dd BE       		.byte	0xbe
 718 01de 0D       		.uleb128 0xd
 719 01df C2020000 		.4byte	.LASF29
 720 01e3 C2020000 		.4byte	.LASF29
 721 01e7 03       		.byte	0x3
 722 01e8 BA       		.byte	0xba
 723 01e9 0D       		.uleb128 0xd
 724 01ea 5E020000 		.4byte	.LASF30
 725 01ee 5E020000 		.4byte	.LASF30
 726 01f2 03       		.byte	0x3
 727 01f3 9E       		.byte	0x9e
 728 01f4 0D       		.uleb128 0xd
 729 01f5 0B010000 		.4byte	.LASF31
 730 01f9 0B010000 		.4byte	.LASF31
 731 01fd 03       		.byte	0x3
 732 01fe 93       		.byte	0x93
 733 01ff 0D       		.uleb128 0xd
 734 0200 3C000000 		.4byte	.LASF32
 735 0204 3C000000 		.4byte	.LASF32
 736 0208 03       		.byte	0x3
 737 0209 DB       		.byte	0xdb
 738 020a 00       		.byte	0
 739              		.section	.debug_abbrev,"",%progbits
 740              	.Ldebug_abbrev0:
 741 0000 01       		.uleb128 0x1
 742 0001 11       		.uleb128 0x11
 743 0002 01       		.byte	0x1
 744 0003 25       		.uleb128 0x25
 745 0004 0E       		.uleb128 0xe
 746 0005 13       		.uleb128 0x13
 747 0006 0B       		.uleb128 0xb
 748 0007 03       		.uleb128 0x3
 749 0008 0E       		.uleb128 0xe
 750 0009 1B       		.uleb128 0x1b
 751 000a 0E       		.uleb128 0xe
 752 000b 55       		.uleb128 0x55
 753 000c 17       		.uleb128 0x17
 754 000d 11       		.uleb128 0x11
 755 000e 01       		.uleb128 0x1
 756 000f 10       		.uleb128 0x10
 757 0010 17       		.uleb128 0x17
 758 0011 00       		.byte	0
 759 0012 00       		.byte	0
 760 0013 02       		.uleb128 0x2
 761 0014 24       		.uleb128 0x24
 762 0015 00       		.byte	0
 763 0016 0B       		.uleb128 0xb
 764 0017 0B       		.uleb128 0xb
 765 0018 3E       		.uleb128 0x3e
 766 0019 0B       		.uleb128 0xb
 767 001a 03       		.uleb128 0x3
 768 001b 0E       		.uleb128 0xe
 769 001c 00       		.byte	0
 770 001d 00       		.byte	0
 771 001e 03       		.uleb128 0x3
 772 001f 24       		.uleb128 0x24
 773 0020 00       		.byte	0
ARM GAS  C:\Users\info\AppData\Local\Temp\ccYVQrFb.s 			page 32


 774 0021 0B       		.uleb128 0xb
 775 0022 0B       		.uleb128 0xb
 776 0023 3E       		.uleb128 0x3e
 777 0024 0B       		.uleb128 0xb
 778 0025 03       		.uleb128 0x3
 779 0026 08       		.uleb128 0x8
 780 0027 00       		.byte	0
 781 0028 00       		.byte	0
 782 0029 04       		.uleb128 0x4
 783 002a 16       		.uleb128 0x16
 784 002b 00       		.byte	0
 785 002c 03       		.uleb128 0x3
 786 002d 0E       		.uleb128 0xe
 787 002e 3A       		.uleb128 0x3a
 788 002f 0B       		.uleb128 0xb
 789 0030 3B       		.uleb128 0x3b
 790 0031 05       		.uleb128 0x5
 791 0032 49       		.uleb128 0x49
 792 0033 13       		.uleb128 0x13
 793 0034 00       		.byte	0
 794 0035 00       		.byte	0
 795 0036 05       		.uleb128 0x5
 796 0037 35       		.uleb128 0x35
 797 0038 00       		.byte	0
 798 0039 49       		.uleb128 0x49
 799 003a 13       		.uleb128 0x13
 800 003b 00       		.byte	0
 801 003c 00       		.byte	0
 802 003d 06       		.uleb128 0x6
 803 003e 13       		.uleb128 0x13
 804 003f 01       		.byte	0x1
 805 0040 0B       		.uleb128 0xb
 806 0041 0B       		.uleb128 0xb
 807 0042 3A       		.uleb128 0x3a
 808 0043 0B       		.uleb128 0xb
 809 0044 3B       		.uleb128 0x3b
 810 0045 0B       		.uleb128 0xb
 811 0046 01       		.uleb128 0x1
 812 0047 13       		.uleb128 0x13
 813 0048 00       		.byte	0
 814 0049 00       		.byte	0
 815 004a 07       		.uleb128 0x7
 816 004b 0D       		.uleb128 0xd
 817 004c 00       		.byte	0
 818 004d 03       		.uleb128 0x3
 819 004e 0E       		.uleb128 0xe
 820 004f 3A       		.uleb128 0x3a
 821 0050 0B       		.uleb128 0xb
 822 0051 3B       		.uleb128 0x3b
 823 0052 0B       		.uleb128 0xb
 824 0053 49       		.uleb128 0x49
 825 0054 13       		.uleb128 0x13
 826 0055 38       		.uleb128 0x38
 827 0056 0B       		.uleb128 0xb
 828 0057 00       		.byte	0
 829 0058 00       		.byte	0
 830 0059 08       		.uleb128 0x8
ARM GAS  C:\Users\info\AppData\Local\Temp\ccYVQrFb.s 			page 33


 831 005a 16       		.uleb128 0x16
 832 005b 00       		.byte	0
 833 005c 03       		.uleb128 0x3
 834 005d 0E       		.uleb128 0xe
 835 005e 3A       		.uleb128 0x3a
 836 005f 0B       		.uleb128 0xb
 837 0060 3B       		.uleb128 0x3b
 838 0061 0B       		.uleb128 0xb
 839 0062 49       		.uleb128 0x49
 840 0063 13       		.uleb128 0x13
 841 0064 00       		.byte	0
 842 0065 00       		.byte	0
 843 0066 09       		.uleb128 0x9
 844 0067 2E       		.uleb128 0x2e
 845 0068 01       		.byte	0x1
 846 0069 3F       		.uleb128 0x3f
 847 006a 19       		.uleb128 0x19
 848 006b 03       		.uleb128 0x3
 849 006c 0E       		.uleb128 0xe
 850 006d 3A       		.uleb128 0x3a
 851 006e 0B       		.uleb128 0xb
 852 006f 3B       		.uleb128 0x3b
 853 0070 0B       		.uleb128 0xb
 854 0071 27       		.uleb128 0x27
 855 0072 19       		.uleb128 0x19
 856 0073 11       		.uleb128 0x11
 857 0074 01       		.uleb128 0x1
 858 0075 12       		.uleb128 0x12
 859 0076 06       		.uleb128 0x6
 860 0077 40       		.uleb128 0x40
 861 0078 18       		.uleb128 0x18
 862 0079 9742     		.uleb128 0x2117
 863 007b 19       		.uleb128 0x19
 864 007c 01       		.uleb128 0x1
 865 007d 13       		.uleb128 0x13
 866 007e 00       		.byte	0
 867 007f 00       		.byte	0
 868 0080 0A       		.uleb128 0xa
 869 0081 898201   		.uleb128 0x4109
 870 0084 00       		.byte	0
 871 0085 11       		.uleb128 0x11
 872 0086 01       		.uleb128 0x1
 873 0087 31       		.uleb128 0x31
 874 0088 13       		.uleb128 0x13
 875 0089 00       		.byte	0
 876 008a 00       		.byte	0
 877 008b 0B       		.uleb128 0xb
 878 008c 898201   		.uleb128 0x4109
 879 008f 00       		.byte	0
 880 0090 11       		.uleb128 0x11
 881 0091 01       		.uleb128 0x1
 882 0092 9542     		.uleb128 0x2115
 883 0094 19       		.uleb128 0x19
 884 0095 31       		.uleb128 0x31
 885 0096 13       		.uleb128 0x13
 886 0097 00       		.byte	0
 887 0098 00       		.byte	0
ARM GAS  C:\Users\info\AppData\Local\Temp\ccYVQrFb.s 			page 34


 888 0099 0C       		.uleb128 0xc
 889 009a 34       		.uleb128 0x34
 890 009b 00       		.byte	0
 891 009c 03       		.uleb128 0x3
 892 009d 0E       		.uleb128 0xe
 893 009e 3A       		.uleb128 0x3a
 894 009f 0B       		.uleb128 0xb
 895 00a0 3B       		.uleb128 0x3b
 896 00a1 0B       		.uleb128 0xb
 897 00a2 49       		.uleb128 0x49
 898 00a3 13       		.uleb128 0x13
 899 00a4 02       		.uleb128 0x2
 900 00a5 18       		.uleb128 0x18
 901 00a6 00       		.byte	0
 902 00a7 00       		.byte	0
 903 00a8 0D       		.uleb128 0xd
 904 00a9 2E       		.uleb128 0x2e
 905 00aa 00       		.byte	0
 906 00ab 3F       		.uleb128 0x3f
 907 00ac 19       		.uleb128 0x19
 908 00ad 3C       		.uleb128 0x3c
 909 00ae 19       		.uleb128 0x19
 910 00af 6E       		.uleb128 0x6e
 911 00b0 0E       		.uleb128 0xe
 912 00b1 03       		.uleb128 0x3
 913 00b2 0E       		.uleb128 0xe
 914 00b3 3A       		.uleb128 0x3a
 915 00b4 0B       		.uleb128 0xb
 916 00b5 3B       		.uleb128 0x3b
 917 00b6 0B       		.uleb128 0xb
 918 00b7 00       		.byte	0
 919 00b8 00       		.byte	0
 920 00b9 00       		.byte	0
 921              		.section	.debug_aranges,"",%progbits
 922 0000 34000000 		.4byte	0x34
 923 0004 0200     		.2byte	0x2
 924 0006 00000000 		.4byte	.Ldebug_info0
 925 000a 04       		.byte	0x4
 926 000b 00       		.byte	0
 927 000c 0000     		.2byte	0
 928 000e 0000     		.2byte	0
 929 0010 00000000 		.4byte	.LFB0
 930 0014 1C000000 		.4byte	.LFE0-.LFB0
 931 0018 00000000 		.4byte	.LFB1
 932 001c 20000000 		.4byte	.LFE1-.LFB1
 933 0020 00000000 		.4byte	.LFB2
 934 0024 28000000 		.4byte	.LFE2-.LFB2
 935 0028 00000000 		.4byte	.LFB3
 936 002c 1C000000 		.4byte	.LFE3-.LFB3
 937 0030 00000000 		.4byte	0
 938 0034 00000000 		.4byte	0
 939              		.section	.debug_ranges,"",%progbits
 940              	.Ldebug_ranges0:
 941 0000 00000000 		.4byte	.LFB0
 942 0004 1C000000 		.4byte	.LFE0
 943 0008 00000000 		.4byte	.LFB1
 944 000c 20000000 		.4byte	.LFE1
ARM GAS  C:\Users\info\AppData\Local\Temp\ccYVQrFb.s 			page 35


 945 0010 00000000 		.4byte	.LFB2
 946 0014 28000000 		.4byte	.LFE2
 947 0018 00000000 		.4byte	.LFB3
 948 001c 1C000000 		.4byte	.LFE3
 949 0020 00000000 		.4byte	0
 950 0024 00000000 		.4byte	0
 951              		.section	.debug_line,"",%progbits
 952              	.Ldebug_line0:
 953 0000 AB000000 		.section	.debug_str,"MS",%progbits,1
 953      02005000 
 953      00000201 
 953      FB0E0D00 
 953      01010101 
 954              	.LASF17:
 955 0000 50574D55 		.ascii	"PWMUdb\000"
 955      646200
 956              	.LASF27:
 957 0007 4853594E 		.ascii	"HSYNC_ReadControlRegister\000"
 957      435F5265 
 957      6164436F 
 957      6E74726F 
 957      6C526567 
 958              	.LASF18:
 959 0021 50574D50 		.ascii	"PWMPeriod\000"
 959      6572696F 
 959      6400
 960              	.LASF21:
 961 002b 4853594E 		.ascii	"HSYNC_SaveConfig\000"
 961      435F5361 
 961      7665436F 
 961      6E666967 
 961      00
 962              	.LASF32:
 963 003c 4853594E 		.ascii	"HSYNC_Enable\000"
 963      435F456E 
 963      61626C65 
 963      00
 964              	.LASF3:
 965 0049 73686F72 		.ascii	"short unsigned int\000"
 965      7420756E 
 965      7369676E 
 965      65642069 
 965      6E7400
 966              	.LASF10:
 967 005c 646F7562 		.ascii	"double\000"
 967      6C6500
 968              	.LASF9:
 969 0063 666C6F61 		.ascii	"float\000"
 969      7400
 970              	.LASF22:
 971 0069 4853594E 		.ascii	"HSYNC_RestoreConfig\000"
 971      435F5265 
 971      73746F72 
 971      65436F6E 
 971      66696700 
 972              	.LASF1:
 973 007d 756E7369 		.ascii	"unsigned char\000"
ARM GAS  C:\Users\info\AppData\Local\Temp\ccYVQrFb.s 			page 36


 973      676E6564 
 973      20636861 
 973      7200
 974              	.LASF16:
 975 008b 50574D45 		.ascii	"PWMEnableState\000"
 975      6E61626C 
 975      65537461 
 975      746500
 976              	.LASF5:
 977 009a 6C6F6E67 		.ascii	"long unsigned int\000"
 977      20756E73 
 977      69676E65 
 977      6420696E 
 977      7400
 978              	.LASF12:
 979 00ac 75696E74 		.ascii	"uint8\000"
 979      3800
 980              	.LASF34:
 981 00b2 47656E65 		.ascii	"Generated_Source\\PSoC5\\HSYNC_PM.c\000"
 981      72617465 
 981      645F536F 
 981      75726365 
 981      5C50536F 
 982              	.LASF25:
 983 00d4 4853594E 		.ascii	"HSYNC_ReadPeriod\000"
 983      435F5265 
 983      61645065 
 983      72696F64 
 983      00
 984              	.LASF20:
 985 00e5 4853594E 		.ascii	"HSYNC_backupStruct\000"
 985      435F6261 
 985      636B7570 
 985      53747275 
 985      637400
 986              	.LASF19:
 987 00f8 50574D43 		.ascii	"PWMControlRegister\000"
 987      6F6E7472 
 987      6F6C5265 
 987      67697374 
 987      657200
 988              	.LASF31:
 989 010b 4853594E 		.ascii	"HSYNC_Stop\000"
 989      435F5374 
 989      6F7000
 990              	.LASF36:
 991 0116 4853594E 		.ascii	"HSYNC_backup\000"
 991      435F6261 
 991      636B7570 
 991      00
 992              	.LASF23:
 993 0123 4853594E 		.ascii	"HSYNC_Sleep\000"
 993      435F536C 
 993      65657000 
 994              	.LASF8:
 995 012f 756E7369 		.ascii	"unsigned int\000"
 995      676E6564 
ARM GAS  C:\Users\info\AppData\Local\Temp\ccYVQrFb.s 			page 37


 995      20696E74 
 995      00
 996              	.LASF35:
 997 013c 433A5C55 		.ascii	"C:\\Users\\info\\Desktop\\Spring 2019 Classes\\6.11"
 997      73657273 
 997      5C696E66 
 997      6F5C4465 
 997      736B746F 
 998 016a 355C362E 		.ascii	"5\\6.115-final\\PSoCCreator\\Final Project\\FinalEm"
 998      3131352D 
 998      66696E61 
 998      6C5C5053 
 998      6F434372 
 999 0199 756C6174 		.ascii	"ulator.cydsn\000"
 999      6F722E63 
 999      7964736E 
 999      00
 1000              	.LASF24:
 1001 01a6 4853594E 		.ascii	"HSYNC_Wakeup\000"
 1001      435F5761 
 1001      6B657570 
 1001      00
 1002              	.LASF7:
 1003 01b3 6C6F6E67 		.ascii	"long long unsigned int\000"
 1003      206C6F6E 
 1003      6720756E 
 1003      7369676E 
 1003      65642069 
 1004              	.LASF33:
 1005 01ca 474E5520 		.ascii	"GNU C11 5.4.1 20160609 (release) [ARM/embedded-5-br"
 1005      43313120 
 1005      352E342E 
 1005      31203230 
 1005      31363036 
 1006 01fd 616E6368 		.ascii	"anch revision 237715] -mcpu=cortex-m3 -mthumb -g -O"
 1006      20726576 
 1006      6973696F 
 1006      6E203233 
 1006      37373135 
 1007 0230 73202D66 		.ascii	"s -ffunction-sections -ffat-lto-objects -flto\000"
 1007      66756E63 
 1007      74696F6E 
 1007      2D736563 
 1007      74696F6E 
 1008              	.LASF30:
 1009 025e 4853594E 		.ascii	"HSYNC_WriteControlRegister\000"
 1009      435F5772 
 1009      69746543 
 1009      6F6E7472 
 1009      6F6C5265 
 1010              	.LASF13:
 1011 0279 72656738 		.ascii	"reg8\000"
 1011      00
 1012              	.LASF14:
 1013 027e 6C6F6E67 		.ascii	"long double\000"
 1013      20646F75 
 1013      626C6500 
ARM GAS  C:\Users\info\AppData\Local\Temp\ccYVQrFb.s 			page 38


 1014              	.LASF15:
 1015 028a 73697A65 		.ascii	"sizetype\000"
 1015      74797065 
 1015      00
 1016              	.LASF26:
 1017 0293 4853594E 		.ascii	"HSYNC_ReadCounter\000"
 1017      435F5265 
 1017      6164436F 
 1017      756E7465 
 1017      7200
 1018              	.LASF6:
 1019 02a5 6C6F6E67 		.ascii	"long long int\000"
 1019      206C6F6E 
 1019      6720696E 
 1019      7400
 1020              	.LASF11:
 1021 02b3 63686172 		.ascii	"char\000"
 1021      00
 1022              	.LASF2:
 1023 02b8 73686F72 		.ascii	"short int\000"
 1023      7420696E 
 1023      7400
 1024              	.LASF29:
 1025 02c2 4853594E 		.ascii	"HSYNC_WriteCounter\000"
 1025      435F5772 
 1025      69746543 
 1025      6F756E74 
 1025      657200
 1026              	.LASF4:
 1027 02d5 6C6F6E67 		.ascii	"long int\000"
 1027      20696E74 
 1027      00
 1028              	.LASF28:
 1029 02de 4853594E 		.ascii	"HSYNC_WritePeriod\000"
 1029      435F5772 
 1029      69746550 
 1029      6572696F 
 1029      6400
 1030              	.LASF0:
 1031 02f0 7369676E 		.ascii	"signed char\000"
 1031      65642063 
 1031      68617200 
 1032              		.comm	__gnu_lto_v1,1,1
 1033              		.ident	"GCC: (GNU Tools for ARM Embedded Processors) 5.4.1 20160609 (release) [ARM/embedded-5-bran
