ARM GAS  C:\Users\info\AppData\Local\Temp\ccNqteaK.s 			page 1


   1              		.syntax unified
   2              		.cpu cortex-m3
   3              		.fpu softvfp
   4              		.eabi_attribute 20, 1
   5              		.eabi_attribute 21, 1
   6              		.eabi_attribute 23, 3
   7              		.eabi_attribute 24, 1
   8              		.eabi_attribute 25, 1
   9              		.eabi_attribute 26, 1
  10              		.eabi_attribute 30, 2
  11              		.eabi_attribute 34, 1
  12              		.eabi_attribute 18, 4
  13              		.thumb
  14              		.syntax unified
  15              		.file	"keybd.c"
  16              		.text
  17              	.Ltext0:
  18              		.cfi_sections	.debug_frame
  19              		.section	.text.key_pressed,"ax",%progbits
  20              		.align	2
  21              		.global	key_pressed
  22              		.thumb
  23              		.thumb_func
  24              		.type	key_pressed, %function
  25              	key_pressed:
  26              	.LFB63:
  27              		.file 1 "keybd.c"
   1:keybd.c       **** #include "project.h"
   2:keybd.c       **** #include "chip8.h"
   3:keybd.c       **** 
   4:keybd.c       **** /* Column Write Functions */
   5:keybd.c       **** void (*col_wr[4])(uint8_t) = 
   6:keybd.c       ****             {&Col_1_Write, &Col_2_Write, &Col_3_Write, &Col_4_Write};
   7:keybd.c       **** 
   8:keybd.c       **** /* Row Read Functions */
   9:keybd.c       **** uint8_t (*row_rd[4])() = 
  10:keybd.c       ****             {&Row_1_Read, &Row_2_Read, &Row_3_Read, &Row_4_Read};
  11:keybd.c       ****             
  12:keybd.c       **** uint8_t p2v[] = {0x1, 0x2, 0x3, 0xc,
  13:keybd.c       ****                  0x4, 0x5, 0x6, 0xd,
  14:keybd.c       ****                  0x7, 0x8, 0x9, 0xe,
  15:keybd.c       ****                  0xa, 0x0, 0xb, 0xf};
  16:keybd.c       **** 
  17:keybd.c       **** uint8_t v2p[] = {0xd, 0x0, 0x1, 0x2,
  18:keybd.c       ****                  0x4, 0x5, 0x6, 0x8,
  19:keybd.c       ****                  0x9, 0xa, 0xc, 0xe,
  20:keybd.c       ****                  0x3, 0x7, 0xb, 0xf};
  21:keybd.c       ****             
  22:keybd.c       **** uint8_t key_pressed(uint8_t vkey){
  28              		.loc 1 22 0
  29              		.cfi_startproc
  30              		@ args = 0, pretend = 0, frame = 0
  31              		@ frame_needed = 0, uses_anonymous_args = 0
  32              	.LVL0:
  33 0000 70B5     		push	{r4, r5, r6, lr}
  34              		.cfi_def_cfa_offset 16
  35              		.cfi_offset 4, -16
ARM GAS  C:\Users\info\AppData\Local\Temp\ccNqteaK.s 			page 2


  36              		.cfi_offset 5, -12
  37              		.cfi_offset 6, -8
  38              		.cfi_offset 14, -4
  23:keybd.c       ****     /* Determine row and column numbers */
  24:keybd.c       ****     uint8_t key = v2p[vkey];
  39              		.loc 1 24 0
  40 0002 0E4E     		ldr	r6, .L3
  41 0004 345C     		ldrb	r4, [r6, r0]	@ zero_extendqisi2
  42              	.LVL1:
  25:keybd.c       ****     uint8_t row = (key & 0xc) >> 2;
  26:keybd.c       ****     uint8_t col = (key & 0x3);
  27:keybd.c       ****     
  28:keybd.c       ****     uint8_t pressed = 0;
  29:keybd.c       ****     
  30:keybd.c       ****     /* Assert column line and read row line */
  31:keybd.c       ****     (*col_wr[col])(1);
  43              		.loc 1 31 0
  44 0006 0120     		movs	r0, #1
  45              	.LVL2:
  46 0008 04F00305 		and	r5, r4, #3
  47 000c 06EB8505 		add	r5, r6, r5, lsl #2
  48 0010 2B69     		ldr	r3, [r5, #16]
  32:keybd.c       ****     CyDelay(1);
  33:keybd.c       ****     pressed = (*row_rd[row])() ? 1 : 0;
  49              		.loc 1 33 0
  50 0012 04F00C04 		and	r4, r4, #12
  51              	.LVL3:
  31:keybd.c       ****     CyDelay(1);
  52              		.loc 1 31 0
  53 0016 9847     		blx	r3
  54              	.LVL4:
  55              		.loc 1 33 0
  56 0018 3444     		add	r4, r4, r6
  32:keybd.c       ****     CyDelay(1);
  57              		.loc 1 32 0
  58 001a 0120     		movs	r0, #1
  59 001c FFF7FEFF 		bl	CyDelay
  60              	.LVL5:
  61              		.loc 1 33 0
  62 0020 236A     		ldr	r3, [r4, #32]
  63 0022 9847     		blx	r3
  64              	.LVL6:
  65 0024 0446     		mov	r4, r0
  66              	.LVL7:
  34:keybd.c       ****     (*col_wr[col])(0);
  67              		.loc 1 34 0
  68 0026 2B69     		ldr	r3, [r5, #16]
  69 0028 0020     		movs	r0, #0
  70 002a 9847     		blx	r3
  71              	.LVL8:
  35:keybd.c       ****     CyDelay(1);
  72              		.loc 1 35 0
  73 002c 0120     		movs	r0, #1
  74 002e FFF7FEFF 		bl	CyDelay
  75              	.LVL9:
  36:keybd.c       ****     return pressed;
  37:keybd.c       **** }
ARM GAS  C:\Users\info\AppData\Local\Temp\ccNqteaK.s 			page 3


  76              		.loc 1 37 0
  77 0032 201C     		adds	r0, r4, #0
  78 0034 18BF     		it	ne
  79 0036 0120     		movne	r0, #1
  80 0038 70BD     		pop	{r4, r5, r6, pc}
  81              	.LVL10:
  82              	.L4:
  83 003a 00BF     		.align	2
  84              	.L3:
  85 003c 00000000 		.word	.LANCHOR0
  86              		.cfi_endproc
  87              	.LFE63:
  88              		.size	key_pressed, .-key_pressed
  89              		.section	.text.wait_key,"ax",%progbits
  90              		.align	2
  91              		.global	wait_key
  92              		.thumb
  93              		.thumb_func
  94              		.type	wait_key, %function
  95              	wait_key:
  96              	.LFB64:
  38:keybd.c       **** 
  39:keybd.c       **** uint8_t wait_key(){
  97              		.loc 1 39 0
  98              		.cfi_startproc
  99              		@ args = 0, pretend = 0, frame = 0
 100              		@ frame_needed = 0, uses_anonymous_args = 0
 101 0000 2DE9F047 		push	{r4, r5, r6, r7, r8, r9, r10, lr}
 102              		.cfi_def_cfa_offset 32
 103              		.cfi_offset 4, -32
 104              		.cfi_offset 5, -28
 105              		.cfi_offset 6, -24
 106              		.cfi_offset 7, -20
 107              		.cfi_offset 8, -16
 108              		.cfi_offset 9, -12
 109              		.cfi_offset 10, -8
 110              		.cfi_offset 14, -4
 111 0004 144F     		ldr	r7, .L15
 112              	.L9:
 113              	.LVL11:
 114 0006 154E     		ldr	r6, .L15+4
 115 0008 06F11009 		add	r9, r6, #16
 116              	.LVL12:
 117              	.L6:
 118 000c 06F10408 		add	r8, r6, #4
 119              	.LVL13:
 120              	.L8:
 121              	.LBB7:
 122              	.LBB8:
 123              	.LBB9:
  40:keybd.c       ****     while(1){
  41:keybd.c       ****         for (uint8_t row = 0; row < 4; row++){
  42:keybd.c       ****             for (uint8_t col = 0; col < 4; col++){
  43:keybd.c       ****                 uint8_t key = p2v[row*4 + col];
 124              		.loc 1 43 0
 125 0010 16F801AB 		ldrb	r10, [r6], #1	@ zero_extendqisi2
 126              	.LVL14:
ARM GAS  C:\Users\info\AppData\Local\Temp\ccNqteaK.s 			page 4


 127              	.LBB10:
 128              	.LBB11:
  31:keybd.c       ****     CyDelay(1);
 129              		.loc 1 31 0
 130 0014 0120     		movs	r0, #1
  24:keybd.c       ****     uint8_t row = (key & 0xc) >> 2;
 131              		.loc 1 24 0
 132 0016 17F80A40 		ldrb	r4, [r7, r10]	@ zero_extendqisi2
 133              	.LVL15:
  31:keybd.c       ****     CyDelay(1);
 134              		.loc 1 31 0
 135 001a 04F00305 		and	r5, r4, #3
 136 001e 07EB8505 		add	r5, r7, r5, lsl #2
 137 0022 2B69     		ldr	r3, [r5, #16]
  33:keybd.c       ****     (*col_wr[col])(0);
 138              		.loc 1 33 0
 139 0024 04F00C04 		and	r4, r4, #12
 140              	.LVL16:
  31:keybd.c       ****     CyDelay(1);
 141              		.loc 1 31 0
 142 0028 9847     		blx	r3
 143              	.LVL17:
  33:keybd.c       ****     (*col_wr[col])(0);
 144              		.loc 1 33 0
 145 002a 3C44     		add	r4, r4, r7
  32:keybd.c       ****     pressed = (*row_rd[row])() ? 1 : 0;
 146              		.loc 1 32 0
 147 002c 0120     		movs	r0, #1
 148 002e FFF7FEFF 		bl	CyDelay
 149              	.LVL18:
  33:keybd.c       ****     (*col_wr[col])(0);
 150              		.loc 1 33 0
 151 0032 236A     		ldr	r3, [r4, #32]
 152 0034 9847     		blx	r3
 153              	.LVL19:
 154 0036 0446     		mov	r4, r0
 155              	.LVL20:
  34:keybd.c       ****     CyDelay(1);
 156              		.loc 1 34 0
 157 0038 2B69     		ldr	r3, [r5, #16]
 158 003a 0020     		movs	r0, #0
 159 003c 9847     		blx	r3
 160              	.LVL21:
  35:keybd.c       ****     return pressed;
 161              		.loc 1 35 0
 162 003e 0120     		movs	r0, #1
 163 0040 FFF7FEFF 		bl	CyDelay
 164              	.LVL22:
 165              	.LBE11:
 166              	.LBE10:
  44:keybd.c       ****                 if (key_pressed(key)){
 167              		.loc 1 44 0
 168 0044 24B9     		cbnz	r4, .L12
 169              	.LBE9:
  42:keybd.c       ****                 uint8_t key = p2v[row*4 + col];
 170              		.loc 1 42 0 discriminator 2
 171 0046 B045     		cmp	r8, r6
ARM GAS  C:\Users\info\AppData\Local\Temp\ccNqteaK.s 			page 5


 172 0048 E2D1     		bne	.L8
 173              	.LBE8:
  41:keybd.c       ****             for (uint8_t col = 0; col < 4; col++){
 174              		.loc 1 41 0 discriminator 2
 175 004a 4E45     		cmp	r6, r9
 176 004c DED1     		bne	.L6
 177 004e DAE7     		b	.L9
 178              	.L12:
 179              	.LBE7:
  45:keybd.c       ****                     return key;
  46:keybd.c       ****                 }
  47:keybd.c       ****             }
  48:keybd.c       ****         }
  49:keybd.c       ****     }
  50:keybd.c       **** }
 180              		.loc 1 50 0
 181 0050 5046     		mov	r0, r10
 182 0052 BDE8F087 		pop	{r4, r5, r6, r7, r8, r9, r10, pc}
 183              	.LVL23:
 184              	.L16:
 185 0056 00BF     		.align	2
 186              	.L15:
 187 0058 00000000 		.word	.LANCHOR0
 188 005c 30000000 		.word	.LANCHOR0+48
 189              		.cfi_endproc
 190              	.LFE64:
 191              		.size	wait_key, .-wait_key
 192              		.global	v2p
 193              		.global	p2v
 194              		.global	row_rd
 195              		.global	col_wr
 196              		.data
 197              		.align	2
 198              		.set	.LANCHOR0,. + 0
 199              		.type	v2p, %object
 200              		.size	v2p, 16
 201              	v2p:
 202 0000 0D       		.byte	13
 203 0001 00       		.byte	0
 204 0002 01       		.byte	1
 205 0003 02       		.byte	2
 206 0004 04       		.byte	4
 207 0005 05       		.byte	5
 208 0006 06       		.byte	6
 209 0007 08       		.byte	8
 210 0008 09       		.byte	9
 211 0009 0A       		.byte	10
 212 000a 0C       		.byte	12
 213 000b 0E       		.byte	14
 214 000c 03       		.byte	3
 215 000d 07       		.byte	7
 216 000e 0B       		.byte	11
 217 000f 0F       		.byte	15
 218              		.type	col_wr, %object
 219              		.size	col_wr, 16
 220              	col_wr:
 221 0010 00000000 		.word	Col_1_Write
ARM GAS  C:\Users\info\AppData\Local\Temp\ccNqteaK.s 			page 6


 222 0014 00000000 		.word	Col_2_Write
 223 0018 00000000 		.word	Col_3_Write
 224 001c 00000000 		.word	Col_4_Write
 225              		.type	row_rd, %object
 226              		.size	row_rd, 16
 227              	row_rd:
 228 0020 00000000 		.word	Row_1_Read
 229 0024 00000000 		.word	Row_2_Read
 230 0028 00000000 		.word	Row_3_Read
 231 002c 00000000 		.word	Row_4_Read
 232              		.type	p2v, %object
 233              		.size	p2v, 16
 234              	p2v:
 235 0030 01       		.byte	1
 236 0031 02       		.byte	2
 237 0032 03       		.byte	3
 238 0033 0C       		.byte	12
 239 0034 04       		.byte	4
 240 0035 05       		.byte	5
 241 0036 06       		.byte	6
 242 0037 0D       		.byte	13
 243 0038 07       		.byte	7
 244 0039 08       		.byte	8
 245 003a 09       		.byte	9
 246 003b 0E       		.byte	14
 247 003c 0A       		.byte	10
 248 003d 00       		.byte	0
 249 003e 0B       		.byte	11
 250 003f 0F       		.byte	15
 251              		.text
 252              	.Letext0:
 253              		.file 2 "c:\\program files (x86)\\cypress\\psoc creator\\4.2\\psoc creator\\import\\gnu\\arm\\5.4.
 254              		.file 3 "c:\\program files (x86)\\cypress\\psoc creator\\4.2\\psoc creator\\import\\gnu\\arm\\5.4.
 255              		.file 4 "Generated_Source\\PSoC5/core_cm3.h"
 256              		.file 5 "Generated_Source\\PSoC5/CyLib.h"
 257              		.section	.debug_info,"",%progbits
 258              	.Ldebug_info0:
 259 0000 1E030000 		.4byte	0x31e
 260 0004 0400     		.2byte	0x4
 261 0006 00000000 		.4byte	.Ldebug_abbrev0
 262 000a 04       		.byte	0x4
 263 000b 01       		.uleb128 0x1
 264 000c 25000000 		.4byte	.LASF22
 265 0010 0C       		.byte	0xc
 266 0011 B5010000 		.4byte	.LASF23
 267 0015 2C010000 		.4byte	.LASF24
 268 0019 00000000 		.4byte	.Ldebug_ranges0+0
 269 001d 00000000 		.4byte	0
 270 0021 00000000 		.4byte	.Ldebug_line0
 271 0025 02       		.uleb128 0x2
 272 0026 01       		.byte	0x1
 273 0027 06       		.byte	0x6
 274 0028 00020000 		.4byte	.LASF0
 275 002c 03       		.uleb128 0x3
 276 002d 14000000 		.4byte	.LASF4
 277 0031 02       		.byte	0x2
 278 0032 1D       		.byte	0x1d
ARM GAS  C:\Users\info\AppData\Local\Temp\ccNqteaK.s 			page 7


 279 0033 37000000 		.4byte	0x37
 280 0037 02       		.uleb128 0x2
 281 0038 01       		.byte	0x1
 282 0039 08       		.byte	0x8
 283 003a C3000000 		.4byte	.LASF1
 284 003e 02       		.uleb128 0x2
 285 003f 02       		.byte	0x2
 286 0040 05       		.byte	0x5
 287 0041 E1010000 		.4byte	.LASF2
 288 0045 02       		.uleb128 0x2
 289 0046 02       		.byte	0x2
 290 0047 07       		.byte	0x7
 291 0048 EA000000 		.4byte	.LASF3
 292 004c 03       		.uleb128 0x3
 293 004d B3000000 		.4byte	.LASF5
 294 0051 02       		.byte	0x2
 295 0052 3F       		.byte	0x3f
 296 0053 57000000 		.4byte	0x57
 297 0057 02       		.uleb128 0x2
 298 0058 04       		.byte	0x4
 299 0059 05       		.byte	0x5
 300 005a EB010000 		.4byte	.LASF6
 301 005e 02       		.uleb128 0x2
 302 005f 04       		.byte	0x4
 303 0060 07       		.byte	0x7
 304 0061 D8000000 		.4byte	.LASF7
 305 0065 02       		.uleb128 0x2
 306 0066 08       		.byte	0x8
 307 0067 05       		.byte	0x5
 308 0068 CE010000 		.4byte	.LASF8
 309 006c 02       		.uleb128 0x2
 310 006d 08       		.byte	0x8
 311 006e 07       		.byte	0x7
 312 006f 96010000 		.4byte	.LASF9
 313 0073 04       		.uleb128 0x4
 314 0074 04       		.byte	0x4
 315 0075 05       		.byte	0x5
 316 0076 696E7400 		.ascii	"int\000"
 317 007a 02       		.uleb128 0x2
 318 007b 04       		.byte	0x4
 319 007c 07       		.byte	0x7
 320 007d 1F010000 		.4byte	.LASF10
 321 0081 03       		.uleb128 0x3
 322 0082 AD010000 		.4byte	.LASF11
 323 0086 03       		.byte	0x3
 324 0087 18       		.byte	0x18
 325 0088 2C000000 		.4byte	0x2c
 326 008c 03       		.uleb128 0x3
 327 008d BD010000 		.4byte	.LASF12
 328 0091 03       		.byte	0x3
 329 0092 2C       		.byte	0x2c
 330 0093 4C000000 		.4byte	0x4c
 331 0097 02       		.uleb128 0x2
 332 0098 04       		.byte	0x4
 333 0099 04       		.byte	0x4
 334 009a BD000000 		.4byte	.LASF13
 335 009e 02       		.uleb128 0x2
ARM GAS  C:\Users\info\AppData\Local\Temp\ccNqteaK.s 			page 8


 336 009f 08       		.byte	0x8
 337 00a0 04       		.byte	0x4
 338 00a1 0F010000 		.4byte	.LASF14
 339 00a5 02       		.uleb128 0x2
 340 00a6 01       		.byte	0x1
 341 00a7 08       		.byte	0x8
 342 00a8 DC010000 		.4byte	.LASF15
 343 00ac 02       		.uleb128 0x2
 344 00ad 08       		.byte	0x8
 345 00ae 04       		.byte	0x4
 346 00af F4010000 		.4byte	.LASF16
 347 00b3 02       		.uleb128 0x2
 348 00b4 04       		.byte	0x4
 349 00b5 07       		.byte	0x7
 350 00b6 C5010000 		.4byte	.LASF17
 351 00ba 05       		.uleb128 0x5
 352 00bb 00000000 		.4byte	.LASF25
 353 00bf 01       		.byte	0x1
 354 00c0 16       		.byte	0x16
 355 00c1 81000000 		.4byte	0x81
 356 00c5 01       		.byte	0x1
 357 00c6 02010000 		.4byte	0x102
 358 00ca 06       		.uleb128 0x6
 359 00cb FD000000 		.4byte	.LASF26
 360 00cf 01       		.byte	0x1
 361 00d0 16       		.byte	0x16
 362 00d1 81000000 		.4byte	0x81
 363 00d5 07       		.uleb128 0x7
 364 00d6 6B657900 		.ascii	"key\000"
 365 00da 01       		.byte	0x1
 366 00db 18       		.byte	0x18
 367 00dc 81000000 		.4byte	0x81
 368 00e0 07       		.uleb128 0x7
 369 00e1 726F7700 		.ascii	"row\000"
 370 00e5 01       		.byte	0x1
 371 00e6 19       		.byte	0x19
 372 00e7 81000000 		.4byte	0x81
 373 00eb 07       		.uleb128 0x7
 374 00ec 636F6C00 		.ascii	"col\000"
 375 00f0 01       		.byte	0x1
 376 00f1 1A       		.byte	0x1a
 377 00f2 81000000 		.4byte	0x81
 378 00f6 08       		.uleb128 0x8
 379 00f7 0C000000 		.4byte	.LASF18
 380 00fb 01       		.byte	0x1
 381 00fc 1C       		.byte	0x1c
 382 00fd 81000000 		.4byte	0x81
 383 0101 00       		.byte	0
 384 0102 09       		.uleb128 0x9
 385 0103 BA000000 		.4byte	0xba
 386 0107 00000000 		.4byte	.LFB63
 387 010b 40000000 		.4byte	.LFE63-.LFB63
 388 010f 01       		.uleb128 0x1
 389 0110 9C       		.byte	0x9c
 390 0111 83010000 		.4byte	0x183
 391 0115 0A       		.uleb128 0xa
 392 0116 CA000000 		.4byte	0xca
ARM GAS  C:\Users\info\AppData\Local\Temp\ccNqteaK.s 			page 9


 393 011a 00000000 		.4byte	.LLST0
 394 011e 0B       		.uleb128 0xb
 395 011f D5000000 		.4byte	0xd5
 396 0123 21000000 		.4byte	.LLST1
 397 0127 0B       		.uleb128 0xb
 398 0128 E0000000 		.4byte	0xe0
 399 012c 34000000 		.4byte	.LLST2
 400 0130 0B       		.uleb128 0xb
 401 0131 EB000000 		.4byte	0xeb
 402 0135 4D000000 		.4byte	.LLST3
 403 0139 0B       		.uleb128 0xb
 404 013a F6000000 		.4byte	0xf6
 405 013e 64000000 		.4byte	.LLST4
 406 0142 0C       		.uleb128 0xc
 407 0143 18000000 		.4byte	.LVL4
 408 0147 51010000 		.4byte	0x151
 409 014b 0D       		.uleb128 0xd
 410 014c 01       		.uleb128 0x1
 411 014d 50       		.byte	0x50
 412 014e 01       		.uleb128 0x1
 413 014f 31       		.byte	0x31
 414 0150 00       		.byte	0
 415 0151 0E       		.uleb128 0xe
 416 0152 20000000 		.4byte	.LVL5
 417 0156 16030000 		.4byte	0x316
 418 015a 64010000 		.4byte	0x164
 419 015e 0D       		.uleb128 0xd
 420 015f 01       		.uleb128 0x1
 421 0160 50       		.byte	0x50
 422 0161 01       		.uleb128 0x1
 423 0162 31       		.byte	0x31
 424 0163 00       		.byte	0
 425 0164 0C       		.uleb128 0xc
 426 0165 2C000000 		.4byte	.LVL8
 427 0169 73010000 		.4byte	0x173
 428 016d 0D       		.uleb128 0xd
 429 016e 01       		.uleb128 0x1
 430 016f 50       		.byte	0x50
 431 0170 01       		.uleb128 0x1
 432 0171 30       		.byte	0x30
 433 0172 00       		.byte	0
 434 0173 0F       		.uleb128 0xf
 435 0174 32000000 		.4byte	.LVL9
 436 0178 16030000 		.4byte	0x316
 437 017c 0D       		.uleb128 0xd
 438 017d 01       		.uleb128 0x1
 439 017e 50       		.byte	0x50
 440 017f 01       		.uleb128 0x1
 441 0180 31       		.byte	0x31
 442 0181 00       		.byte	0
 443 0182 00       		.byte	0
 444 0183 10       		.uleb128 0x10
 445 0184 16010000 		.4byte	.LASF27
 446 0188 01       		.byte	0x1
 447 0189 27       		.byte	0x27
 448 018a 81000000 		.4byte	0x81
 449 018e 00000000 		.4byte	.LFB64
ARM GAS  C:\Users\info\AppData\Local\Temp\ccNqteaK.s 			page 10


 450 0192 60000000 		.4byte	.LFE64-.LFB64
 451 0196 01       		.uleb128 0x1
 452 0197 9C       		.byte	0x9c
 453 0198 6F020000 		.4byte	0x26f
 454 019c 11       		.uleb128 0x11
 455 019d 10000000 		.4byte	.LBB7
 456 01a1 40000000 		.4byte	.LBE7-.LBB7
 457 01a5 12       		.uleb128 0x12
 458 01a6 726F7700 		.ascii	"row\000"
 459 01aa 01       		.byte	0x1
 460 01ab 29       		.byte	0x29
 461 01ac 81000000 		.4byte	0x81
 462 01b0 89000000 		.4byte	.LLST5
 463 01b4 11       		.uleb128 0x11
 464 01b5 10000000 		.4byte	.LBB8
 465 01b9 3A000000 		.4byte	.LBE8-.LBB8
 466 01bd 12       		.uleb128 0x12
 467 01be 636F6C00 		.ascii	"col\000"
 468 01c2 01       		.byte	0x1
 469 01c3 2A       		.byte	0x2a
 470 01c4 81000000 		.4byte	0x81
 471 01c8 9D000000 		.4byte	.LLST6
 472 01cc 11       		.uleb128 0x11
 473 01cd 10000000 		.4byte	.LBB9
 474 01d1 36000000 		.4byte	.LBE9-.LBB9
 475 01d5 12       		.uleb128 0x12
 476 01d6 6B657900 		.ascii	"key\000"
 477 01da 01       		.byte	0x1
 478 01db 2B       		.byte	0x2b
 479 01dc 81000000 		.4byte	0x81
 480 01e0 D1000000 		.4byte	.LLST7
 481 01e4 13       		.uleb128 0x13
 482 01e5 BA000000 		.4byte	0xba
 483 01e9 14000000 		.4byte	.LBB10
 484 01ed 30000000 		.4byte	.LBE10-.LBB10
 485 01f1 01       		.byte	0x1
 486 01f2 2C       		.byte	0x2c
 487 01f3 0A       		.uleb128 0xa
 488 01f4 CA000000 		.4byte	0xca
 489 01f8 EF000000 		.4byte	.LLST8
 490 01fc 11       		.uleb128 0x11
 491 01fd 14000000 		.4byte	.LBB11
 492 0201 30000000 		.4byte	.LBE11-.LBB11
 493 0205 0B       		.uleb128 0xb
 494 0206 D5000000 		.4byte	0xd5
 495 020a 02010000 		.4byte	.LLST9
 496 020e 0B       		.uleb128 0xb
 497 020f E0000000 		.4byte	0xe0
 498 0213 24010000 		.4byte	.LLST10
 499 0217 0B       		.uleb128 0xb
 500 0218 EB000000 		.4byte	0xeb
 501 021c 53010000 		.4byte	.LLST11
 502 0220 0B       		.uleb128 0xb
 503 0221 F6000000 		.4byte	0xf6
 504 0225 7E010000 		.4byte	.LLST12
 505 0229 0C       		.uleb128 0xc
 506 022a 2A000000 		.4byte	.LVL17
ARM GAS  C:\Users\info\AppData\Local\Temp\ccNqteaK.s 			page 11


 507 022e 38020000 		.4byte	0x238
 508 0232 0D       		.uleb128 0xd
 509 0233 01       		.uleb128 0x1
 510 0234 50       		.byte	0x50
 511 0235 01       		.uleb128 0x1
 512 0236 31       		.byte	0x31
 513 0237 00       		.byte	0
 514 0238 0E       		.uleb128 0xe
 515 0239 32000000 		.4byte	.LVL18
 516 023d 16030000 		.4byte	0x316
 517 0241 4B020000 		.4byte	0x24b
 518 0245 0D       		.uleb128 0xd
 519 0246 01       		.uleb128 0x1
 520 0247 50       		.byte	0x50
 521 0248 01       		.uleb128 0x1
 522 0249 31       		.byte	0x31
 523 024a 00       		.byte	0
 524 024b 0C       		.uleb128 0xc
 525 024c 3E000000 		.4byte	.LVL21
 526 0250 5A020000 		.4byte	0x25a
 527 0254 0D       		.uleb128 0xd
 528 0255 01       		.uleb128 0x1
 529 0256 50       		.byte	0x50
 530 0257 01       		.uleb128 0x1
 531 0258 30       		.byte	0x30
 532 0259 00       		.byte	0
 533 025a 0F       		.uleb128 0xf
 534 025b 44000000 		.4byte	.LVL22
 535 025f 16030000 		.4byte	0x316
 536 0263 0D       		.uleb128 0xd
 537 0264 01       		.uleb128 0x1
 538 0265 50       		.byte	0x50
 539 0266 01       		.uleb128 0x1
 540 0267 31       		.byte	0x31
 541 0268 00       		.byte	0
 542 0269 00       		.byte	0
 543 026a 00       		.byte	0
 544 026b 00       		.byte	0
 545 026c 00       		.byte	0
 546 026d 00       		.byte	0
 547 026e 00       		.byte	0
 548 026f 14       		.uleb128 0x14
 549 0270 02010000 		.4byte	.LASF19
 550 0274 04       		.byte	0x4
 551 0275 1207     		.2byte	0x712
 552 0277 7B020000 		.4byte	0x27b
 553 027b 15       		.uleb128 0x15
 554 027c 8C000000 		.4byte	0x8c
 555 0280 16       		.uleb128 0x16
 556 0281 90020000 		.4byte	0x290
 557 0285 90020000 		.4byte	0x290
 558 0289 17       		.uleb128 0x17
 559 028a B3000000 		.4byte	0xb3
 560 028e 03       		.byte	0x3
 561 028f 00       		.byte	0
 562 0290 18       		.uleb128 0x18
 563 0291 04       		.byte	0x4
ARM GAS  C:\Users\info\AppData\Local\Temp\ccNqteaK.s 			page 12


 564 0292 96020000 		.4byte	0x296
 565 0296 19       		.uleb128 0x19
 566 0297 A1020000 		.4byte	0x2a1
 567 029b 1A       		.uleb128 0x1a
 568 029c 81000000 		.4byte	0x81
 569 02a0 00       		.byte	0
 570 02a1 1B       		.uleb128 0x1b
 571 02a2 1E000000 		.4byte	.LASF20
 572 02a6 01       		.byte	0x1
 573 02a7 05       		.byte	0x5
 574 02a8 80020000 		.4byte	0x280
 575 02ac 05       		.uleb128 0x5
 576 02ad 03       		.byte	0x3
 577 02ae 00000000 		.4byte	col_wr
 578 02b2 16       		.uleb128 0x16
 579 02b3 C2020000 		.4byte	0x2c2
 580 02b7 C2020000 		.4byte	0x2c2
 581 02bb 17       		.uleb128 0x17
 582 02bc B3000000 		.4byte	0xb3
 583 02c0 03       		.byte	0x3
 584 02c1 00       		.byte	0
 585 02c2 18       		.uleb128 0x18
 586 02c3 04       		.byte	0x4
 587 02c4 C8020000 		.4byte	0x2c8
 588 02c8 1C       		.uleb128 0x1c
 589 02c9 81000000 		.4byte	0x81
 590 02cd D3020000 		.4byte	0x2d3
 591 02d1 1D       		.uleb128 0x1d
 592 02d2 00       		.byte	0
 593 02d3 1B       		.uleb128 0x1b
 594 02d4 D1000000 		.4byte	.LASF21
 595 02d8 01       		.byte	0x1
 596 02d9 09       		.byte	0x9
 597 02da B2020000 		.4byte	0x2b2
 598 02de 05       		.uleb128 0x5
 599 02df 03       		.byte	0x3
 600 02e0 00000000 		.4byte	row_rd
 601 02e4 16       		.uleb128 0x16
 602 02e5 81000000 		.4byte	0x81
 603 02e9 F4020000 		.4byte	0x2f4
 604 02ed 17       		.uleb128 0x17
 605 02ee B3000000 		.4byte	0xb3
 606 02f2 0F       		.byte	0xf
 607 02f3 00       		.byte	0
 608 02f4 1E       		.uleb128 0x1e
 609 02f5 70327600 		.ascii	"p2v\000"
 610 02f9 01       		.byte	0x1
 611 02fa 0C       		.byte	0xc
 612 02fb E4020000 		.4byte	0x2e4
 613 02ff 05       		.uleb128 0x5
 614 0300 03       		.byte	0x3
 615 0301 00000000 		.4byte	p2v
 616 0305 1E       		.uleb128 0x1e
 617 0306 76327000 		.ascii	"v2p\000"
 618 030a 01       		.byte	0x1
 619 030b 11       		.byte	0x11
 620 030c E4020000 		.4byte	0x2e4
ARM GAS  C:\Users\info\AppData\Local\Temp\ccNqteaK.s 			page 13


 621 0310 05       		.uleb128 0x5
 622 0311 03       		.byte	0x3
 623 0312 00000000 		.4byte	v2p
 624 0316 1F       		.uleb128 0x1f
 625 0317 0C020000 		.4byte	.LASF28
 626 031b 0C020000 		.4byte	.LASF28
 627 031f 05       		.byte	0x5
 628 0320 76       		.byte	0x76
 629 0321 00       		.byte	0
 630              		.section	.debug_abbrev,"",%progbits
 631              	.Ldebug_abbrev0:
 632 0000 01       		.uleb128 0x1
 633 0001 11       		.uleb128 0x11
 634 0002 01       		.byte	0x1
 635 0003 25       		.uleb128 0x25
 636 0004 0E       		.uleb128 0xe
 637 0005 13       		.uleb128 0x13
 638 0006 0B       		.uleb128 0xb
 639 0007 03       		.uleb128 0x3
 640 0008 0E       		.uleb128 0xe
 641 0009 1B       		.uleb128 0x1b
 642 000a 0E       		.uleb128 0xe
 643 000b 55       		.uleb128 0x55
 644 000c 17       		.uleb128 0x17
 645 000d 11       		.uleb128 0x11
 646 000e 01       		.uleb128 0x1
 647 000f 10       		.uleb128 0x10
 648 0010 17       		.uleb128 0x17
 649 0011 00       		.byte	0
 650 0012 00       		.byte	0
 651 0013 02       		.uleb128 0x2
 652 0014 24       		.uleb128 0x24
 653 0015 00       		.byte	0
 654 0016 0B       		.uleb128 0xb
 655 0017 0B       		.uleb128 0xb
 656 0018 3E       		.uleb128 0x3e
 657 0019 0B       		.uleb128 0xb
 658 001a 03       		.uleb128 0x3
 659 001b 0E       		.uleb128 0xe
 660 001c 00       		.byte	0
 661 001d 00       		.byte	0
 662 001e 03       		.uleb128 0x3
 663 001f 16       		.uleb128 0x16
 664 0020 00       		.byte	0
 665 0021 03       		.uleb128 0x3
 666 0022 0E       		.uleb128 0xe
 667 0023 3A       		.uleb128 0x3a
 668 0024 0B       		.uleb128 0xb
 669 0025 3B       		.uleb128 0x3b
 670 0026 0B       		.uleb128 0xb
 671 0027 49       		.uleb128 0x49
 672 0028 13       		.uleb128 0x13
 673 0029 00       		.byte	0
 674 002a 00       		.byte	0
 675 002b 04       		.uleb128 0x4
 676 002c 24       		.uleb128 0x24
 677 002d 00       		.byte	0
ARM GAS  C:\Users\info\AppData\Local\Temp\ccNqteaK.s 			page 14


 678 002e 0B       		.uleb128 0xb
 679 002f 0B       		.uleb128 0xb
 680 0030 3E       		.uleb128 0x3e
 681 0031 0B       		.uleb128 0xb
 682 0032 03       		.uleb128 0x3
 683 0033 08       		.uleb128 0x8
 684 0034 00       		.byte	0
 685 0035 00       		.byte	0
 686 0036 05       		.uleb128 0x5
 687 0037 2E       		.uleb128 0x2e
 688 0038 01       		.byte	0x1
 689 0039 3F       		.uleb128 0x3f
 690 003a 19       		.uleb128 0x19
 691 003b 03       		.uleb128 0x3
 692 003c 0E       		.uleb128 0xe
 693 003d 3A       		.uleb128 0x3a
 694 003e 0B       		.uleb128 0xb
 695 003f 3B       		.uleb128 0x3b
 696 0040 0B       		.uleb128 0xb
 697 0041 27       		.uleb128 0x27
 698 0042 19       		.uleb128 0x19
 699 0043 49       		.uleb128 0x49
 700 0044 13       		.uleb128 0x13
 701 0045 20       		.uleb128 0x20
 702 0046 0B       		.uleb128 0xb
 703 0047 01       		.uleb128 0x1
 704 0048 13       		.uleb128 0x13
 705 0049 00       		.byte	0
 706 004a 00       		.byte	0
 707 004b 06       		.uleb128 0x6
 708 004c 05       		.uleb128 0x5
 709 004d 00       		.byte	0
 710 004e 03       		.uleb128 0x3
 711 004f 0E       		.uleb128 0xe
 712 0050 3A       		.uleb128 0x3a
 713 0051 0B       		.uleb128 0xb
 714 0052 3B       		.uleb128 0x3b
 715 0053 0B       		.uleb128 0xb
 716 0054 49       		.uleb128 0x49
 717 0055 13       		.uleb128 0x13
 718 0056 00       		.byte	0
 719 0057 00       		.byte	0
 720 0058 07       		.uleb128 0x7
 721 0059 34       		.uleb128 0x34
 722 005a 00       		.byte	0
 723 005b 03       		.uleb128 0x3
 724 005c 08       		.uleb128 0x8
 725 005d 3A       		.uleb128 0x3a
 726 005e 0B       		.uleb128 0xb
 727 005f 3B       		.uleb128 0x3b
 728 0060 0B       		.uleb128 0xb
 729 0061 49       		.uleb128 0x49
 730 0062 13       		.uleb128 0x13
 731 0063 00       		.byte	0
 732 0064 00       		.byte	0
 733 0065 08       		.uleb128 0x8
 734 0066 34       		.uleb128 0x34
ARM GAS  C:\Users\info\AppData\Local\Temp\ccNqteaK.s 			page 15


 735 0067 00       		.byte	0
 736 0068 03       		.uleb128 0x3
 737 0069 0E       		.uleb128 0xe
 738 006a 3A       		.uleb128 0x3a
 739 006b 0B       		.uleb128 0xb
 740 006c 3B       		.uleb128 0x3b
 741 006d 0B       		.uleb128 0xb
 742 006e 49       		.uleb128 0x49
 743 006f 13       		.uleb128 0x13
 744 0070 00       		.byte	0
 745 0071 00       		.byte	0
 746 0072 09       		.uleb128 0x9
 747 0073 2E       		.uleb128 0x2e
 748 0074 01       		.byte	0x1
 749 0075 31       		.uleb128 0x31
 750 0076 13       		.uleb128 0x13
 751 0077 11       		.uleb128 0x11
 752 0078 01       		.uleb128 0x1
 753 0079 12       		.uleb128 0x12
 754 007a 06       		.uleb128 0x6
 755 007b 40       		.uleb128 0x40
 756 007c 18       		.uleb128 0x18
 757 007d 9642     		.uleb128 0x2116
 758 007f 19       		.uleb128 0x19
 759 0080 01       		.uleb128 0x1
 760 0081 13       		.uleb128 0x13
 761 0082 00       		.byte	0
 762 0083 00       		.byte	0
 763 0084 0A       		.uleb128 0xa
 764 0085 05       		.uleb128 0x5
 765 0086 00       		.byte	0
 766 0087 31       		.uleb128 0x31
 767 0088 13       		.uleb128 0x13
 768 0089 02       		.uleb128 0x2
 769 008a 17       		.uleb128 0x17
 770 008b 00       		.byte	0
 771 008c 00       		.byte	0
 772 008d 0B       		.uleb128 0xb
 773 008e 34       		.uleb128 0x34
 774 008f 00       		.byte	0
 775 0090 31       		.uleb128 0x31
 776 0091 13       		.uleb128 0x13
 777 0092 02       		.uleb128 0x2
 778 0093 17       		.uleb128 0x17
 779 0094 00       		.byte	0
 780 0095 00       		.byte	0
 781 0096 0C       		.uleb128 0xc
 782 0097 898201   		.uleb128 0x4109
 783 009a 01       		.byte	0x1
 784 009b 11       		.uleb128 0x11
 785 009c 01       		.uleb128 0x1
 786 009d 01       		.uleb128 0x1
 787 009e 13       		.uleb128 0x13
 788 009f 00       		.byte	0
 789 00a0 00       		.byte	0
 790 00a1 0D       		.uleb128 0xd
 791 00a2 8A8201   		.uleb128 0x410a
ARM GAS  C:\Users\info\AppData\Local\Temp\ccNqteaK.s 			page 16


 792 00a5 00       		.byte	0
 793 00a6 02       		.uleb128 0x2
 794 00a7 18       		.uleb128 0x18
 795 00a8 9142     		.uleb128 0x2111
 796 00aa 18       		.uleb128 0x18
 797 00ab 00       		.byte	0
 798 00ac 00       		.byte	0
 799 00ad 0E       		.uleb128 0xe
 800 00ae 898201   		.uleb128 0x4109
 801 00b1 01       		.byte	0x1
 802 00b2 11       		.uleb128 0x11
 803 00b3 01       		.uleb128 0x1
 804 00b4 31       		.uleb128 0x31
 805 00b5 13       		.uleb128 0x13
 806 00b6 01       		.uleb128 0x1
 807 00b7 13       		.uleb128 0x13
 808 00b8 00       		.byte	0
 809 00b9 00       		.byte	0
 810 00ba 0F       		.uleb128 0xf
 811 00bb 898201   		.uleb128 0x4109
 812 00be 01       		.byte	0x1
 813 00bf 11       		.uleb128 0x11
 814 00c0 01       		.uleb128 0x1
 815 00c1 31       		.uleb128 0x31
 816 00c2 13       		.uleb128 0x13
 817 00c3 00       		.byte	0
 818 00c4 00       		.byte	0
 819 00c5 10       		.uleb128 0x10
 820 00c6 2E       		.uleb128 0x2e
 821 00c7 01       		.byte	0x1
 822 00c8 3F       		.uleb128 0x3f
 823 00c9 19       		.uleb128 0x19
 824 00ca 03       		.uleb128 0x3
 825 00cb 0E       		.uleb128 0xe
 826 00cc 3A       		.uleb128 0x3a
 827 00cd 0B       		.uleb128 0xb
 828 00ce 3B       		.uleb128 0x3b
 829 00cf 0B       		.uleb128 0xb
 830 00d0 49       		.uleb128 0x49
 831 00d1 13       		.uleb128 0x13
 832 00d2 11       		.uleb128 0x11
 833 00d3 01       		.uleb128 0x1
 834 00d4 12       		.uleb128 0x12
 835 00d5 06       		.uleb128 0x6
 836 00d6 40       		.uleb128 0x40
 837 00d7 18       		.uleb128 0x18
 838 00d8 9642     		.uleb128 0x2116
 839 00da 19       		.uleb128 0x19
 840 00db 01       		.uleb128 0x1
 841 00dc 13       		.uleb128 0x13
 842 00dd 00       		.byte	0
 843 00de 00       		.byte	0
 844 00df 11       		.uleb128 0x11
 845 00e0 0B       		.uleb128 0xb
 846 00e1 01       		.byte	0x1
 847 00e2 11       		.uleb128 0x11
 848 00e3 01       		.uleb128 0x1
ARM GAS  C:\Users\info\AppData\Local\Temp\ccNqteaK.s 			page 17


 849 00e4 12       		.uleb128 0x12
 850 00e5 06       		.uleb128 0x6
 851 00e6 00       		.byte	0
 852 00e7 00       		.byte	0
 853 00e8 12       		.uleb128 0x12
 854 00e9 34       		.uleb128 0x34
 855 00ea 00       		.byte	0
 856 00eb 03       		.uleb128 0x3
 857 00ec 08       		.uleb128 0x8
 858 00ed 3A       		.uleb128 0x3a
 859 00ee 0B       		.uleb128 0xb
 860 00ef 3B       		.uleb128 0x3b
 861 00f0 0B       		.uleb128 0xb
 862 00f1 49       		.uleb128 0x49
 863 00f2 13       		.uleb128 0x13
 864 00f3 02       		.uleb128 0x2
 865 00f4 17       		.uleb128 0x17
 866 00f5 00       		.byte	0
 867 00f6 00       		.byte	0
 868 00f7 13       		.uleb128 0x13
 869 00f8 1D       		.uleb128 0x1d
 870 00f9 01       		.byte	0x1
 871 00fa 31       		.uleb128 0x31
 872 00fb 13       		.uleb128 0x13
 873 00fc 11       		.uleb128 0x11
 874 00fd 01       		.uleb128 0x1
 875 00fe 12       		.uleb128 0x12
 876 00ff 06       		.uleb128 0x6
 877 0100 58       		.uleb128 0x58
 878 0101 0B       		.uleb128 0xb
 879 0102 59       		.uleb128 0x59
 880 0103 0B       		.uleb128 0xb
 881 0104 00       		.byte	0
 882 0105 00       		.byte	0
 883 0106 14       		.uleb128 0x14
 884 0107 34       		.uleb128 0x34
 885 0108 00       		.byte	0
 886 0109 03       		.uleb128 0x3
 887 010a 0E       		.uleb128 0xe
 888 010b 3A       		.uleb128 0x3a
 889 010c 0B       		.uleb128 0xb
 890 010d 3B       		.uleb128 0x3b
 891 010e 05       		.uleb128 0x5
 892 010f 49       		.uleb128 0x49
 893 0110 13       		.uleb128 0x13
 894 0111 3F       		.uleb128 0x3f
 895 0112 19       		.uleb128 0x19
 896 0113 3C       		.uleb128 0x3c
 897 0114 19       		.uleb128 0x19
 898 0115 00       		.byte	0
 899 0116 00       		.byte	0
 900 0117 15       		.uleb128 0x15
 901 0118 35       		.uleb128 0x35
 902 0119 00       		.byte	0
 903 011a 49       		.uleb128 0x49
 904 011b 13       		.uleb128 0x13
 905 011c 00       		.byte	0
ARM GAS  C:\Users\info\AppData\Local\Temp\ccNqteaK.s 			page 18


 906 011d 00       		.byte	0
 907 011e 16       		.uleb128 0x16
 908 011f 01       		.uleb128 0x1
 909 0120 01       		.byte	0x1
 910 0121 49       		.uleb128 0x49
 911 0122 13       		.uleb128 0x13
 912 0123 01       		.uleb128 0x1
 913 0124 13       		.uleb128 0x13
 914 0125 00       		.byte	0
 915 0126 00       		.byte	0
 916 0127 17       		.uleb128 0x17
 917 0128 21       		.uleb128 0x21
 918 0129 00       		.byte	0
 919 012a 49       		.uleb128 0x49
 920 012b 13       		.uleb128 0x13
 921 012c 2F       		.uleb128 0x2f
 922 012d 0B       		.uleb128 0xb
 923 012e 00       		.byte	0
 924 012f 00       		.byte	0
 925 0130 18       		.uleb128 0x18
 926 0131 0F       		.uleb128 0xf
 927 0132 00       		.byte	0
 928 0133 0B       		.uleb128 0xb
 929 0134 0B       		.uleb128 0xb
 930 0135 49       		.uleb128 0x49
 931 0136 13       		.uleb128 0x13
 932 0137 00       		.byte	0
 933 0138 00       		.byte	0
 934 0139 19       		.uleb128 0x19
 935 013a 15       		.uleb128 0x15
 936 013b 01       		.byte	0x1
 937 013c 27       		.uleb128 0x27
 938 013d 19       		.uleb128 0x19
 939 013e 01       		.uleb128 0x1
 940 013f 13       		.uleb128 0x13
 941 0140 00       		.byte	0
 942 0141 00       		.byte	0
 943 0142 1A       		.uleb128 0x1a
 944 0143 05       		.uleb128 0x5
 945 0144 00       		.byte	0
 946 0145 49       		.uleb128 0x49
 947 0146 13       		.uleb128 0x13
 948 0147 00       		.byte	0
 949 0148 00       		.byte	0
 950 0149 1B       		.uleb128 0x1b
 951 014a 34       		.uleb128 0x34
 952 014b 00       		.byte	0
 953 014c 03       		.uleb128 0x3
 954 014d 0E       		.uleb128 0xe
 955 014e 3A       		.uleb128 0x3a
 956 014f 0B       		.uleb128 0xb
 957 0150 3B       		.uleb128 0x3b
 958 0151 0B       		.uleb128 0xb
 959 0152 49       		.uleb128 0x49
 960 0153 13       		.uleb128 0x13
 961 0154 3F       		.uleb128 0x3f
 962 0155 19       		.uleb128 0x19
ARM GAS  C:\Users\info\AppData\Local\Temp\ccNqteaK.s 			page 19


 963 0156 02       		.uleb128 0x2
 964 0157 18       		.uleb128 0x18
 965 0158 00       		.byte	0
 966 0159 00       		.byte	0
 967 015a 1C       		.uleb128 0x1c
 968 015b 15       		.uleb128 0x15
 969 015c 01       		.byte	0x1
 970 015d 49       		.uleb128 0x49
 971 015e 13       		.uleb128 0x13
 972 015f 01       		.uleb128 0x1
 973 0160 13       		.uleb128 0x13
 974 0161 00       		.byte	0
 975 0162 00       		.byte	0
 976 0163 1D       		.uleb128 0x1d
 977 0164 18       		.uleb128 0x18
 978 0165 00       		.byte	0
 979 0166 00       		.byte	0
 980 0167 00       		.byte	0
 981 0168 1E       		.uleb128 0x1e
 982 0169 34       		.uleb128 0x34
 983 016a 00       		.byte	0
 984 016b 03       		.uleb128 0x3
 985 016c 08       		.uleb128 0x8
 986 016d 3A       		.uleb128 0x3a
 987 016e 0B       		.uleb128 0xb
 988 016f 3B       		.uleb128 0x3b
 989 0170 0B       		.uleb128 0xb
 990 0171 49       		.uleb128 0x49
 991 0172 13       		.uleb128 0x13
 992 0173 3F       		.uleb128 0x3f
 993 0174 19       		.uleb128 0x19
 994 0175 02       		.uleb128 0x2
 995 0176 18       		.uleb128 0x18
 996 0177 00       		.byte	0
 997 0178 00       		.byte	0
 998 0179 1F       		.uleb128 0x1f
 999 017a 2E       		.uleb128 0x2e
 1000 017b 00       		.byte	0
 1001 017c 3F       		.uleb128 0x3f
 1002 017d 19       		.uleb128 0x19
 1003 017e 3C       		.uleb128 0x3c
 1004 017f 19       		.uleb128 0x19
 1005 0180 6E       		.uleb128 0x6e
 1006 0181 0E       		.uleb128 0xe
 1007 0182 03       		.uleb128 0x3
 1008 0183 0E       		.uleb128 0xe
 1009 0184 3A       		.uleb128 0x3a
 1010 0185 0B       		.uleb128 0xb
 1011 0186 3B       		.uleb128 0x3b
 1012 0187 0B       		.uleb128 0xb
 1013 0188 00       		.byte	0
 1014 0189 00       		.byte	0
 1015 018a 00       		.byte	0
 1016              		.section	.debug_loc,"",%progbits
 1017              	.Ldebug_loc0:
 1018              	.LLST0:
 1019 0000 00000000 		.4byte	.LVL0
ARM GAS  C:\Users\info\AppData\Local\Temp\ccNqteaK.s 			page 20


 1020 0004 08000000 		.4byte	.LVL2
 1021 0008 0100     		.2byte	0x1
 1022 000a 50       		.byte	0x50
 1023 000b 08000000 		.4byte	.LVL2
 1024 000f 40000000 		.4byte	.LFE63
 1025 0013 0400     		.2byte	0x4
 1026 0015 F3       		.byte	0xf3
 1027 0016 01       		.uleb128 0x1
 1028 0017 50       		.byte	0x50
 1029 0018 9F       		.byte	0x9f
 1030 0019 00000000 		.4byte	0
 1031 001d 00000000 		.4byte	0
 1032              	.LLST1:
 1033 0021 06000000 		.4byte	.LVL1
 1034 0025 16000000 		.4byte	.LVL3
 1035 0029 0100     		.2byte	0x1
 1036 002b 54       		.byte	0x54
 1037 002c 00000000 		.4byte	0
 1038 0030 00000000 		.4byte	0
 1039              	.LLST2:
 1040 0034 06000000 		.4byte	.LVL1
 1041 0038 16000000 		.4byte	.LVL3
 1042 003c 0700     		.2byte	0x7
 1043 003e 74       		.byte	0x74
 1044 003f 00       		.sleb128 0
 1045 0040 32       		.byte	0x32
 1046 0041 25       		.byte	0x25
 1047 0042 33       		.byte	0x33
 1048 0043 1A       		.byte	0x1a
 1049 0044 9F       		.byte	0x9f
 1050 0045 00000000 		.4byte	0
 1051 0049 00000000 		.4byte	0
 1052              	.LLST3:
 1053 004d 06000000 		.4byte	.LVL1
 1054 0051 16000000 		.4byte	.LVL3
 1055 0055 0500     		.2byte	0x5
 1056 0057 74       		.byte	0x74
 1057 0058 00       		.sleb128 0
 1058 0059 33       		.byte	0x33
 1059 005a 1A       		.byte	0x1a
 1060 005b 9F       		.byte	0x9f
 1061 005c 00000000 		.4byte	0
 1062 0060 00000000 		.4byte	0
 1063              	.LLST4:
 1064 0064 06000000 		.4byte	.LVL1
 1065 0068 26000000 		.4byte	.LVL7
 1066 006c 0200     		.2byte	0x2
 1067 006e 30       		.byte	0x30
 1068 006f 9F       		.byte	0x9f
 1069 0070 26000000 		.4byte	.LVL7
 1070 0074 3A000000 		.4byte	.LVL10
 1071 0078 0700     		.2byte	0x7
 1072 007a 74       		.byte	0x74
 1073 007b 00       		.sleb128 0
 1074 007c 48       		.byte	0x48
 1075 007d 24       		.byte	0x24
 1076 007e 30       		.byte	0x30
ARM GAS  C:\Users\info\AppData\Local\Temp\ccNqteaK.s 			page 21


 1077 007f 2E       		.byte	0x2e
 1078 0080 9F       		.byte	0x9f
 1079 0081 00000000 		.4byte	0
 1080 0085 00000000 		.4byte	0
 1081              	.LLST5:
 1082 0089 06000000 		.4byte	.LVL11
 1083 008d 0C000000 		.4byte	.LVL12
 1084 0091 0200     		.2byte	0x2
 1085 0093 30       		.byte	0x30
 1086 0094 9F       		.byte	0x9f
 1087 0095 00000000 		.4byte	0
 1088 0099 00000000 		.4byte	0
 1089              	.LLST6:
 1090 009d 0C000000 		.4byte	.LVL12
 1091 00a1 10000000 		.4byte	.LVL13
 1092 00a5 0200     		.2byte	0x2
 1093 00a7 30       		.byte	0x30
 1094 00a8 9F       		.byte	0x9f
 1095 00a9 10000000 		.4byte	.LVL13
 1096 00ad 14000000 		.4byte	.LVL14
 1097 00b1 0600     		.2byte	0x6
 1098 00b3 76       		.byte	0x76
 1099 00b4 00       		.sleb128 0
 1100 00b5 78       		.byte	0x78
 1101 00b6 7C       		.sleb128 -4
 1102 00b7 1C       		.byte	0x1c
 1103 00b8 9F       		.byte	0x9f
 1104 00b9 44000000 		.4byte	.LVL22
 1105 00bd 56000000 		.4byte	.LVL23
 1106 00c1 0600     		.2byte	0x6
 1107 00c3 76       		.byte	0x76
 1108 00c4 00       		.sleb128 0
 1109 00c5 78       		.byte	0x78
 1110 00c6 7C       		.sleb128 -4
 1111 00c7 1C       		.byte	0x1c
 1112 00c8 9F       		.byte	0x9f
 1113 00c9 00000000 		.4byte	0
 1114 00cd 00000000 		.4byte	0
 1115              	.LLST7:
 1116 00d1 14000000 		.4byte	.LVL14
 1117 00d5 56000000 		.4byte	.LVL23
 1118 00d9 0100     		.2byte	0x1
 1119 00db 5A       		.byte	0x5a
 1120 00dc 56000000 		.4byte	.LVL23
 1121 00e0 60000000 		.4byte	.LFE64
 1122 00e4 0100     		.2byte	0x1
 1123 00e6 50       		.byte	0x50
 1124 00e7 00000000 		.4byte	0
 1125 00eb 00000000 		.4byte	0
 1126              	.LLST8:
 1127 00ef 14000000 		.4byte	.LVL14
 1128 00f3 44000000 		.4byte	.LVL22
 1129 00f7 0100     		.2byte	0x1
 1130 00f9 5A       		.byte	0x5a
 1131 00fa 00000000 		.4byte	0
 1132 00fe 00000000 		.4byte	0
 1133              	.LLST9:
ARM GAS  C:\Users\info\AppData\Local\Temp\ccNqteaK.s 			page 22


 1134 0102 1A000000 		.4byte	.LVL15
 1135 0106 28000000 		.4byte	.LVL16
 1136 010a 0100     		.2byte	0x1
 1137 010c 54       		.byte	0x54
 1138 010d 28000000 		.4byte	.LVL16
 1139 0111 29000000 		.4byte	.LVL17-1
 1140 0115 0500     		.2byte	0x5
 1141 0117 77       		.byte	0x77
 1142 0118 00       		.sleb128 0
 1143 0119 7A       		.byte	0x7a
 1144 011a 00       		.sleb128 0
 1145 011b 22       		.byte	0x22
 1146 011c 00000000 		.4byte	0
 1147 0120 00000000 		.4byte	0
 1148              	.LLST10:
 1149 0124 1A000000 		.4byte	.LVL15
 1150 0128 28000000 		.4byte	.LVL16
 1151 012c 0700     		.2byte	0x7
 1152 012e 74       		.byte	0x74
 1153 012f 00       		.sleb128 0
 1154 0130 32       		.byte	0x32
 1155 0131 25       		.byte	0x25
 1156 0132 33       		.byte	0x33
 1157 0133 1A       		.byte	0x1a
 1158 0134 9F       		.byte	0x9f
 1159 0135 28000000 		.4byte	.LVL16
 1160 0139 29000000 		.4byte	.LVL17-1
 1161 013d 0C00     		.2byte	0xc
 1162 013f 77       		.byte	0x77
 1163 0140 00       		.sleb128 0
 1164 0141 7A       		.byte	0x7a
 1165 0142 00       		.sleb128 0
 1166 0143 22       		.byte	0x22
 1167 0144 94       		.byte	0x94
 1168 0145 01       		.byte	0x1
 1169 0146 32       		.byte	0x32
 1170 0147 25       		.byte	0x25
 1171 0148 33       		.byte	0x33
 1172 0149 1A       		.byte	0x1a
 1173 014a 9F       		.byte	0x9f
 1174 014b 00000000 		.4byte	0
 1175 014f 00000000 		.4byte	0
 1176              	.LLST11:
 1177 0153 1A000000 		.4byte	.LVL15
 1178 0157 28000000 		.4byte	.LVL16
 1179 015b 0500     		.2byte	0x5
 1180 015d 74       		.byte	0x74
 1181 015e 00       		.sleb128 0
 1182 015f 33       		.byte	0x33
 1183 0160 1A       		.byte	0x1a
 1184 0161 9F       		.byte	0x9f
 1185 0162 28000000 		.4byte	.LVL16
 1186 0166 29000000 		.4byte	.LVL17-1
 1187 016a 0A00     		.2byte	0xa
 1188 016c 77       		.byte	0x77
 1189 016d 00       		.sleb128 0
 1190 016e 7A       		.byte	0x7a
ARM GAS  C:\Users\info\AppData\Local\Temp\ccNqteaK.s 			page 23


 1191 016f 00       		.sleb128 0
 1192 0170 22       		.byte	0x22
 1193 0171 94       		.byte	0x94
 1194 0172 01       		.byte	0x1
 1195 0173 33       		.byte	0x33
 1196 0174 1A       		.byte	0x1a
 1197 0175 9F       		.byte	0x9f
 1198 0176 00000000 		.4byte	0
 1199 017a 00000000 		.4byte	0
 1200              	.LLST12:
 1201 017e 1A000000 		.4byte	.LVL15
 1202 0182 38000000 		.4byte	.LVL20
 1203 0186 0200     		.2byte	0x2
 1204 0188 30       		.byte	0x30
 1205 0189 9F       		.byte	0x9f
 1206 018a 38000000 		.4byte	.LVL20
 1207 018e 44000000 		.4byte	.LVL22
 1208 0192 0700     		.2byte	0x7
 1209 0194 74       		.byte	0x74
 1210 0195 00       		.sleb128 0
 1211 0196 48       		.byte	0x48
 1212 0197 24       		.byte	0x24
 1213 0198 30       		.byte	0x30
 1214 0199 2E       		.byte	0x2e
 1215 019a 9F       		.byte	0x9f
 1216 019b 00000000 		.4byte	0
 1217 019f 00000000 		.4byte	0
 1218              		.section	.debug_aranges,"",%progbits
 1219 0000 24000000 		.4byte	0x24
 1220 0004 0200     		.2byte	0x2
 1221 0006 00000000 		.4byte	.Ldebug_info0
 1222 000a 04       		.byte	0x4
 1223 000b 00       		.byte	0
 1224 000c 0000     		.2byte	0
 1225 000e 0000     		.2byte	0
 1226 0010 00000000 		.4byte	.LFB63
 1227 0014 40000000 		.4byte	.LFE63-.LFB63
 1228 0018 00000000 		.4byte	.LFB64
 1229 001c 60000000 		.4byte	.LFE64-.LFB64
 1230 0020 00000000 		.4byte	0
 1231 0024 00000000 		.4byte	0
 1232              		.section	.debug_ranges,"",%progbits
 1233              	.Ldebug_ranges0:
 1234 0000 00000000 		.4byte	.LFB63
 1235 0004 40000000 		.4byte	.LFE63
 1236 0008 00000000 		.4byte	.LFB64
 1237 000c 60000000 		.4byte	.LFE64
 1238 0010 00000000 		.4byte	0
 1239 0014 00000000 		.4byte	0
 1240              		.section	.debug_line,"",%progbits
 1241              	.Ldebug_line0:
 1242 0000 98010000 		.section	.debug_str,"MS",%progbits,1
 1242      02004B01 
 1242      00000201 
 1242      FB0E0D00 
 1242      01010101 
 1243              	.LASF25:
ARM GAS  C:\Users\info\AppData\Local\Temp\ccNqteaK.s 			page 24


 1244 0000 6B65795F 		.ascii	"key_pressed\000"
 1244      70726573 
 1244      73656400 
 1245              	.LASF18:
 1246 000c 70726573 		.ascii	"pressed\000"
 1246      73656400 
 1247              	.LASF4:
 1248 0014 5F5F7569 		.ascii	"__uint8_t\000"
 1248      6E74385F 
 1248      7400
 1249              	.LASF20:
 1250 001e 636F6C5F 		.ascii	"col_wr\000"
 1250      777200
 1251              	.LASF22:
 1252 0025 474E5520 		.ascii	"GNU C11 5.4.1 20160609 (release) [ARM/embedded-5-br"
 1252      43313120 
 1252      352E342E 
 1252      31203230 
 1252      31363036 
 1253 0058 616E6368 		.ascii	"anch revision 237715] -mcpu=cortex-m3 -mthumb -g -O"
 1253      20726576 
 1253      6973696F 
 1253      6E203233 
 1253      37373135 
 1254 008b 33202D66 		.ascii	"3 -ffunction-sections -ffat-lto-objects\000"
 1254      66756E63 
 1254      74696F6E 
 1254      2D736563 
 1254      74696F6E 
 1255              	.LASF5:
 1256 00b3 5F5F696E 		.ascii	"__int32_t\000"
 1256      7433325F 
 1256      7400
 1257              	.LASF13:
 1258 00bd 666C6F61 		.ascii	"float\000"
 1258      7400
 1259              	.LASF1:
 1260 00c3 756E7369 		.ascii	"unsigned char\000"
 1260      676E6564 
 1260      20636861 
 1260      7200
 1261              	.LASF21:
 1262 00d1 726F775F 		.ascii	"row_rd\000"
 1262      726400
 1263              	.LASF7:
 1264 00d8 6C6F6E67 		.ascii	"long unsigned int\000"
 1264      20756E73 
 1264      69676E65 
 1264      6420696E 
 1264      7400
 1265              	.LASF3:
 1266 00ea 73686F72 		.ascii	"short unsigned int\000"
 1266      7420756E 
 1266      7369676E 
 1266      65642069 
 1266      6E7400
 1267              	.LASF26:
ARM GAS  C:\Users\info\AppData\Local\Temp\ccNqteaK.s 			page 25


 1268 00fd 766B6579 		.ascii	"vkey\000"
 1268      00
 1269              	.LASF19:
 1270 0102 49544D5F 		.ascii	"ITM_RxBuffer\000"
 1270      52784275 
 1270      66666572 
 1270      00
 1271              	.LASF14:
 1272 010f 646F7562 		.ascii	"double\000"
 1272      6C6500
 1273              	.LASF27:
 1274 0116 77616974 		.ascii	"wait_key\000"
 1274      5F6B6579 
 1274      00
 1275              	.LASF10:
 1276 011f 756E7369 		.ascii	"unsigned int\000"
 1276      676E6564 
 1276      20696E74 
 1276      00
 1277              	.LASF24:
 1278 012c 433A5C55 		.ascii	"C:\\Users\\info\\Desktop\\Spring 2019 Classes\\6.11"
 1278      73657273 
 1278      5C696E66 
 1278      6F5C4465 
 1278      736B746F 
 1279 015a 355C362E 		.ascii	"5\\6.115-final\\PSoCCreator\\Final Project\\FinalEm"
 1279      3131352D 
 1279      66696E61 
 1279      6C5C5053 
 1279      6F434372 
 1280 0189 756C6174 		.ascii	"ulator.cydsn\000"
 1280      6F722E63 
 1280      7964736E 
 1280      00
 1281              	.LASF9:
 1282 0196 6C6F6E67 		.ascii	"long long unsigned int\000"
 1282      206C6F6E 
 1282      6720756E 
 1282      7369676E 
 1282      65642069 
 1283              	.LASF11:
 1284 01ad 75696E74 		.ascii	"uint8_t\000"
 1284      385F7400 
 1285              	.LASF23:
 1286 01b5 6B657962 		.ascii	"keybd.c\000"
 1286      642E6300 
 1287              	.LASF12:
 1288 01bd 696E7433 		.ascii	"int32_t\000"
 1288      325F7400 
 1289              	.LASF17:
 1290 01c5 73697A65 		.ascii	"sizetype\000"
 1290      74797065 
 1290      00
 1291              	.LASF8:
 1292 01ce 6C6F6E67 		.ascii	"long long int\000"
 1292      206C6F6E 
 1292      6720696E 
ARM GAS  C:\Users\info\AppData\Local\Temp\ccNqteaK.s 			page 26


 1292      7400
 1293              	.LASF15:
 1294 01dc 63686172 		.ascii	"char\000"
 1294      00
 1295              	.LASF2:
 1296 01e1 73686F72 		.ascii	"short int\000"
 1296      7420696E 
 1296      7400
 1297              	.LASF6:
 1298 01eb 6C6F6E67 		.ascii	"long int\000"
 1298      20696E74 
 1298      00
 1299              	.LASF16:
 1300 01f4 6C6F6E67 		.ascii	"long double\000"
 1300      20646F75 
 1300      626C6500 
 1301              	.LASF0:
 1302 0200 7369676E 		.ascii	"signed char\000"
 1302      65642063 
 1302      68617200 
 1303              	.LASF28:
 1304 020c 43794465 		.ascii	"CyDelay\000"
 1304      6C617900 
 1305              		.ident	"GCC: (GNU Tools for ARM Embedded Processors) 5.4.1 20160609 (release) [ARM/embedded-5-bran
