ARM GAS  C:\Users\info\AppData\Local\Temp\ccsgNAL8.s 			page 1


   1              		.syntax unified
   2              		.cpu cortex-m3
   3              		.fpu softvfp
   4              		.eabi_attribute 20, 1
   5              		.eabi_attribute 21, 1
   6              		.eabi_attribute 23, 3
   7              		.eabi_attribute 24, 1
   8              		.eabi_attribute 25, 1
   9              		.eabi_attribute 26, 1
  10              		.eabi_attribute 30, 4
  11              		.eabi_attribute 34, 1
  12              		.eabi_attribute 18, 4
  13              		.thumb
  14              		.syntax unified
  15              		.file	"pin_oled_cs.c"
  16              		.text
  17              	.Ltext0:
  18              		.section	.gnu.lto_.profile.bf1533ad,"",%progbits
  19 0000 789C6361 		.ascii	"x\234ca`d`a`\000\222\222\242\000\000\261\0009"
  19      60646061 
  19      60009292 
  19      A20000B1 
  19      0039
  20              		.text
  21              		.section	.gnu.lto_.icf.bf1533ad,"",%progbits
  22 0000 789C6361 		.ascii	"x\234ca`d\000\001I\006\004`a8x\352\330[\026\306\277"
  22      60640001 
  22      49060460 
  22      613878EA 
  22      D85B16C6 
  23 0015 9FA61D64 		.ascii	"\237\246\035dbz{n\302OF\346\266\215\3338\031\000\245"
  23      627A7B6E 
  23      C24F46E6 
  23      B68DDB38 
  23      1900A5
  24 0028 190BEE   		.ascii	"\031\013\356"
  25              		.text
  26              		.section	.gnu.lto_.jmpfuncs.bf1533ad,"",%progbits
  27 0000 789C6361 		.ascii	"x\234ca`d\000\001!\006\004`a`dd\254g\004\021L\014\014"
  27      60640001 
  27      21060460 
  27      61606464 
  27      AC670411 
  28 0017 CC401100 		.ascii	"\314@\021\000\016\"\001&"
  28      0E220126 
  29              		.text
  30              		.section	.gnu.lto_.inline.bf1533ad,"",%progbits
  31 0000 789C6361 		.ascii	"x\234ca`d\000\201$\006\004`a`\340\344`dd\340\000J1s"
  31      60640081 
  31      24060460 
  31      6160E0E4 
  31      606464E0 
  32 0018 1CB06360 		.ascii	"\034\260c`[ \317\304\300\262@\236\005$\013\024g\307"
  32      5B20CFC4 
  32      C0B2409E 
  32      05240B14 
  32      67C7
ARM GAS  C:\Users\info\AppData\Local\Temp\ccsgNAL8.s 			page 2


  33 002a 9064BAC0 		.ascii	"\220d\272\300\017\226db`ced`b\373\240\007\021\007\002"
  33      0F966462 
  33      60636564 
  33      6062FBA0 
  33      07110702 
  34 003e 664C2106 		.ascii	"fL!\006\000\346\332\011\346"
  34      00E6DA09 
  34      E6
  35              		.text
  36              		.section	.gnu.lto_.pureconst.bf1533ad,"",%progbits
  37 0000 789C6361 		.ascii	"x\234ca`d\340d```a\220b\224b\222b\226\002\000\002\261"
  37      6064E064 
  37      60606061 
  37      90629462 
  37      92629602 
  38 0017 0081     		.ascii	"\000\201"
  39              		.text
  40              		.section	.gnu.lto_pin_oled_cs_Write.bf1533ad,"",%progbits
  41 0000 789C5551 		.ascii	"x\234UQMHTQ\024>\337\275\357\275\361\257h\337,\334\014"
  41      4D485451 
  41      143EDFBD 
  41      EFBDF1AF 
  41      68DF2CDC 
  42 0015 660B0922 		.ascii	"f\013\011\"h]\213\266\221\333\001\031\246\267\030P'"
  42      685D8BB6 
  42      91DB0119 
  42      A6B71850 
  42      27
  43 0026 9CB1ADF7 		.ascii	"\234\261\255\3679?b+79\233LP\304\321j\374\003Al\361"
  43      393F622B 
  43      37399B4C 
  43      50C4D16A 
  43      FC03416C 
  44 003b 781BC1A0 		.ascii	"x\033\301\240\020\\E\205H\274\240M\0235$\245M\347\274"
  44      105C4585 
  44      48BCA04D 
  44      133524A5 
  44      4DE7BC
  45 004e E7220FDC 		.ascii	"\347\"\017\334\237w\336\367}\347;\347Z\004\222\270\256"
  45      9F77DEF7 
  45      7DE73BE7 
  45      5A0492B8 
  45      AE
  46 005f 886EF379 		.ascii	"\210n\363y\225\0274A\315\274%\362:\024 \027\323\001"
  46      95173441 
  46      CDBC25F2 
  46      3A142017 
  46      D301
  47 0071 9A509840 		.ascii	"\232P\230@K\235)\004S\341\216\352_6\034GK\317\265\251"
  47      4B9D2904 
  47      53E18EEA 
  47      5F361C47 
  47      4BCFB5A9 
  48 0085 FBA868A2 		.ascii	"\373\250h\242\266\212\224\010\313\350g\324\227\327S"
  48      B68A9408 
  48      CBE867D4 
  48      97D753
ARM GAS  C:\Users\info\AppData\Local\Temp\ccsgNAL8.s 			page 3


  49 0094 87D0D740 		.ascii	"\207\320\327@|\257\006\255fw\337\2221\223\306\234\245"
  49      7CAF06AD 
  49      6677DF92 
  49      3193C69C 
  49      A5
  50 00a5 8DAE68A0 		.ascii	"\215\256h\240\016\315\014\334L\342F\2228AXA\237\200"
  50      0ECD0CDC 
  50      4CE24692 
  50      38415841 
  50      9F80
  51 00b7 4FDE1F36 		.ascii	"O\336\0376.\353\201\2108c\302\205\236\324\242\020\375"
  51      2EEB8188 
  51      3863C285 
  51      9ED4A210 
  51      FD
  52 00c8 5F2335E3 		.ascii	"_#5\343{\275\302]\375\237+\301\320\343\215\277O/9eq"
  52      7BBDC25D 
  52      FD9F2BC1 
  52      D0E38DBF 
  52      4F2F3965 
  53 00dd D58B1748 		.ascii	"\325\213\027H\305~\360\022\016w\010\311\254=\360M\273"
  53      C57EF012 
  53      0E7708C9 
  53      AC3DF04D 
  53      BB
  54 00ee 5D327ECB 		.ascii	"]2~\313n\351N\305E\025w\312?,Hm[\022\216l\011\331\210"
  54      6EE94EC5 
  54      451577CA 
  54      3F2C486D 
  54      5B128E6C 
  55 0105 9ABCA4FB 		.ascii	"\232\274\244\373\357J\311\251C\004\277\237|\252%D\263"
  55      EF4AC9A9 
  55      4304BF9F 
  55      7CAA2544 
  55      B3
  56 0116 A46512B3 		.ascii	"\244e\022\263\225\340]\342\247\252h\035\271=\250\177"
  56      95E05DE2 
  56      A7AA681D 
  56      B93DA87F 
  57 0126 AC9D7FFA 		.ascii	"\254\235\177\372\213\236\2618\325\330>\232\356\231\307"
  57      8B9EB138 
  57      D5D83E9A 
  57      EE99C7
  58 0135 9C57E619 		.ascii	"\234W\346\031Yh \211W`\317X\303<(D\351\264\372\001\261"
  58      59682089 
  58      5760CF58 
  58      C33C2844 
  58      E9B4FA01 
  59 014a A08E3517 		.ascii	"\240\2165\027\366\347\202.\021\001\276\001\353\014>"
  59      F6E7822E 
  59      1101BE01 
  59      EB0C3E
  60 0159 868ADA60 		.ascii	"\206\212\332`\247\214\022R\263\032\356u\306,\273\244"
  60      A78C1252 
  60      B31AEE75 
  60      C62CBBA4 
  61 0169 A5CE4179 		.ascii	"\245\316Ay\375\231\026\226\015\013\033L\212\244?\253"
ARM GAS  C:\Users\info\AppData\Local\Temp\ccsgNAL8.s 			page 4


  61      FD991696 
  61      0D0B1B4C 
  61      8AA43FAB 
  62 0179 18243806 		.ascii	"\030$8\006\355\3768}\243\004d\341\0126c\320\211\023"
  62      EDFE387D 
  62      A30464E1 
  62      0A3663D0 
  62      8913
  63 018b 43129101 		.ascii	"C\022\221\001\207S\301ld\350\202y\317\230\356\213\376"
  63      8753C16C 
  63      64E88279 
  63      CF98EE8B 
  63      FE
  64 019c B7D83FB3 		.ascii	"\267\330?\263\350+&\375?\266\020\242\207h*\310\254x"
  64      E82B26FD 
  64      3FB610A2 
  64      87682AC8 
  64      AC78
  65 01ae 72A97BEE 		.ascii	"r\251{\356\250;\226)\272\017\207\006\363\343cY7}\177"
  65      A83B9629 
  65      BA0F8706 
  65      F3E36359 
  65      377D7F
  66 01c1 307FF756 		.ascii	"0\177\367V\372Qnt(?\314\331la K\366\343\314\360\270"
  66      FA516E74 
  66      283FCCD9 
  66      6C61204B 
  66      F6E3CCF0 
  67 01d6 DB552866 		.ascii	"\333U(f\212\271\354\235\\\261\360\017\0363\305\012"
  67      8AB9EC9D 
  67      5CB1F00F 
  67      1E33C50A 
  68              		.text
  69              		.section	.gnu.lto_pin_oled_cs_SetDriveMode.bf1533ad,"",%progbits
  70 0000 789C7D51 		.ascii	"x\234}QMK\033Q\024\275\347\275\311L\202\230?`\026\335"
  70      4D4B1B51 
  70      14BDE7BD 
  70      C94C8298 
  70      3F6016DD 
  71 0014 94541011 		.ascii	"\224T\020\021J\177AA\267b\266)R\342,\012\325\370\325"
  71      4A7F4141 
  71      B762B629 
  71      52E22C0A 
  71      D5F8D5
  72 0027 B52F5F08 		.ascii	"\265/_\010\352BP\263\021\261\033IZ\323\332\342Fw1\240"
  72      EA4250B3 
  72      11B11B49 
  72      5AD3DAE2 
  72      467731A0 
  73 003b CB881B17 		.ascii	"\313\210\033\027.D\244\204Rh\215UQ\374H\274w\306EV>"
  73      2E44A484 
  73      52688D55 
  73      51FC48BC 
  73      77C64556 
  74 0050 E6DD8FC3 		.ascii	"\346\335\217\3039\207{\337X\004\222\363\233S\027\347"
  74      39877BDF 
  74      580492F3 
ARM GAS  C:\Users\info\AppData\Local\Temp\ccsgNAL8.s 			page 5


  74      9B5317E7 
  75 0060 0EBED004 		.ascii	"\016\276\320\0045_%J\005\025 \205\011\202\246\024\246"
  75      355F254A 
  75      05152085 
  75      0982A614 
  75      A6
  76 0071 70A51E14 		.ascii	"p\245\036\024*\323\265m\325Y0|Nv\377\365\230b\0319M"
  76      2AD3B56D 
  76      D559307C 
  76      4E76FFF5 
  76      98621939 
  77 0086 D4549E13 		.ascii	"\324T\236\023\241\200Nf]l\256-\264\351W \256\317\253"
  77      A1804E66 
  77      5D6CAE2D 
  77      B4E95720 
  77      AECFAB
  78 0099 F5E37074 		.ascii	"\365\343pt\315\230\2641\313\357\214\316i\240\010\315"
  78      CD98B431 
  78      CBEF8CCE 
  78      69A008CD 
  79 00a9 0ABC8EA0 		.ascii	"\012\274\216\240'B\014\020\276 *\344\323\237\215\245"
  79      27420C10 
  79      BE202AE4 
  79      D39F8DA5 
  80 00b9 763B2BF6 		.ascii	"v;+\366/|S|\205-cn\014\224M\263\2311\345k{\347\326n"
  80      2F7C537C 
  80      852D636E 
  80      0C944DB3 
  80      9931E56B 
  81 00d1 532C539A 		.ascii	"S,S\232\203\266$\004 \016\266\224\216\204\240\204\220"
  81      83B62404 
  81      200EB694 
  81      8E84A084 
  81      90
  82 00e2 7088EA7C 		.ascii	"p\210\352|e\221s\245$\353\032*\2673\265eK\2343Z\226"
  82      659173A5 
  82      24EB1A2A 
  82      B733B565 
  82      4B9C335A 
  83 00f7 CAE72AFB 		.ascii	"\312\347*\373\316\245\312i\313\2338uP=\203\337\376\372"
  83      CEA5CA69 
  83      CB9B3875 
  83      503D83DF 
  83      FEFA
  84 0109 9C321643 		.ascii	"\2342\026Cs\215\255\305\300*VRY^7\200\022\"XG\204\247"
  84      738DADC5 
  84      C02A5652 
  84      595E3780 
  84      12225847 
  85 011f FB865550 		.ascii	"\373\206UP\015\351\377\216o\247\331\221\373\314\275"
  85      0DE9FF8E 
  85      6FA7D991 
  85      FBCCBD
  86 012e EDF71643 		.ascii	"\355\367\026C\254?\332\233}\010\211\245\306\030\276"
  86      AC3FDA9B 
  86      7D0889A5 
  86      C618BE
ARM GAS  C:\Users\info\AppData\Local\Temp\ccsgNAL8.s 			page 6


  87 013d B3B245C2 		.ascii	"\263\262E\302_\240U\3420\304\222\277\207\353%\355K\302"
  87      5FA055E2 
  87      30C492BF 
  87      87EB25ED 
  87      4BC2
  88 014f D8F02499 		.ascii	"\330\360$\231\233'J\3203vZ]B\214r_\311C\372\347F\376"
  88      9B274AD0 
  88      33765A5D 
  88      428C725F 
  88      C943FAE7 
  89 0165 C123339F 		.ascii	"\301#3\237\376 ]\276\353\025\266\367\353\352\012\362"
  89      FE205DBE 
  89      EB15B6F7 
  89      EBEA0AF2 
  90 0175 3CFC582F 		.ascii	"<\374X/\373\334\021w\374\375\244;4\030K~\032O\270\361"
  90      FBDC1177 
  90      FCFDA43B 
  90      34184B7E 
  90      1A4FB8F1 
  91 0189 FE58F2ED 		.ascii	"\376X\362\355\233\370\350\207\221\301\344GF\023\023"
  91      9BF8E887 
  91      91C1E447 
  91      461313
  92 0198 DD09B286 		.ascii	"\335\011\262\206\223C\356#\3216\250\035"
  92      9343EE23 
  92      D136A81D 
  93              		.text
  94              		.section	.gnu.lto_pin_oled_cs_Read.bf1533ad,"",%progbits
  95 0000 789C3D4F 		.ascii	"x\234=O1H\003A\020\334\271\373\374\007E\2607\205\215"
  95      31480341 
  95      10DCB9FB 
  95      FC0745B0 
  95      37858D
  96 0013 481A1144 		.ascii	"H\032\021D\020[A[1`\025\010\022\277\020$\221\250u\376"
  96      105B415B 
  96      31601508 
  96      12BF1024 
  96      91A875FE 
  97 0027 F37905B1 		.ascii	"\363y\005\261\320Bm\214)D\222\250A\255\322&APP\024\005"
  97      D0426D8C 
  97      294492A8 
  97      41ADD226 
  97      41505014 
  98 003c C14A4424 		.ascii	"\301JD$\205U\014\212\020\324\270\347\213\013\267{77"
  98      85550C8A 
  98      10D4B8E7 
  98      8B0BB77B 
  98      3737
  99 004e B3B3AB11 		.ascii	"\263\263\253\021H\305$\227^\256]| \011b\355\212\310"
  99      48C52497 
  99      5EAE5D7C 
  99      200962ED 
  99      8AC8
 100 0060 F60B405D 		.ascii	"\366\013@],?()\220\304\273\370\022\270\3708_m\013\346"
 100      2C3F2829 
 100      90C4BBF8 
 100      12B8F838 
ARM GAS  C:\Users\info\AppData\Local\Temp\ccsgNAL8.s 			page 7


 100      5F6D0BE6 
 101 0074 2C2B653D 		.ascii	",+e=\3565\207\266\362e\270\222\250%\010\003\001\364"
 101      EE3587B6 
 101      F265B892 
 101      A8250803 
 101      01F4
 102 0086 07548B1C 		.ascii	"\007T\213\034\202\304\324\247\223\357\215\016=mqt+\002"
 102      82C4D4A7 
 102      93EF8D0E 
 102      3D6D7174 
 102      2B02
 103 0098 FFE4A12B 		.ascii	"\377\344\241+\313\243\211\262\325j9V\371\316\250\334"
 103      CBA389B2 
 103      D56A3956 
 103      F9CEA8DC 
 104 00a8 1B06C895 		.ascii	"\033\006\310\225\354\313I\343$|*\351\244\332R\235ej"
 104      ECCB49E3 
 104      247C2AE9 
 104      A4DA529D 
 104      656A
 105 00ba 88572154 		.ascii	"\210W!T\2255T\233+\017;\303\252\223#%\273l\272\325k"
 105      9535549B 
 105      2B0F3BC3 
 105      AA932325 
 105      BB6CBAD5 
 106 00cf E34DB852 		.ascii	"\343M\270RB\231\026\326K\215\277ge\327\2664\206\354"
 106      429916D6 
 106      4B8DBF67 
 106      65D7B634 
 106      86EC
 107 00e1 52F1CCC8 		.ascii	"R\361\314\310\"c\247yT\015\373\010\240\000\036\024\007"
 107      2263A779 
 107      540DFB08 
 107      A0001E14 
 107      07
 108 00f2 C8826A70 		.ascii	"\310\202jp>G\311\221\360\332\335\326/3\355J\017t\342"
 108      3E47C991 
 108      F0DADDD6 
 108      2F33ED4A 
 108      0F74E2
 109 0105 906935A4 		.ascii	"\220i5\244\032\313\317\3223\324\230\247\024\215\245"
 109      1ACBCFD2 
 109      33D498A7 
 109      148DA5
 110 0114 53DD437C 		.ascii	"S\335C|\014\262\354&}\274-\225L@C\361_\006\217\244x"
 110      0CB2EC26 
 110      7DBC2D95 
 110      4C4043F1 
 110      5F068FA4 
 111 0129 F402F1F7 		.ascii	"\364\002\361\367\242\337\305\240\026\342\365z\306\314"
 111      A2DFC5A0 
 111      16E2F57A 
 111      C6CC
 112 0137 9899985A 		.ascii	"\230\231\230Z0\247#\241\370b\"j\206\307C\361\221\301"
 112      30A723A1 
 112      F862226A 
 112      86C743F1 
ARM GAS  C:\Users\info\AppData\Local\Temp\ccsgNAL8.s 			page 8


 112      91C1
 113 0149 F0DC4C2C 		.ascii	"\360\334L,\022\237e4:\337\027\245\037h\251},"
 113      129F6534 
 113      3ADF17A5 
 113      1F68A97D 
 113      2C
 114              		.text
 115              		.section	.gnu.lto_pin_oled_cs_ReadDataReg.bf1533ad,"",%progbits
 116 0000 789C3D4F 		.ascii	"x\234=O=H\202Q\024\275\347\275\317\037\254\240=\207"
 116      3D488251 
 116      14BDE7BD 
 116      CF1FACA0 
 116      3D87
 117 0012 96089708 		.ascii	"\226\010\227\010\242\241\326\240\326Hh\022$\354\033"
 117      A2A1D6A0 
 117      D6486812 
 117      24EC1B
 118 0021 82D0B09A 		.ascii	"\202\320\260\232\375\364\323\242hh)\227\304!B\355\277"
 118      FDF4D3A2 
 118      68682997 
 118      C42142ED 
 118      BF
 119 0032 A52DF892 		.ascii	"\245-\370\222\206\240\350o\017$\302\241\311\244\010"
 119      86A0E86F 
 119      0F24C2A1 
 119      C9A408
 120 0041 A2B47B33 		.ascii	"\242\264{3\272\360\356}\357\274s\356\271\327 \220\304"
 120      BAF0EE7D 
 120      EFBC73EE 
 120      B9D72090 
 120      C4
 121 0052 24975EAE 		.ascii	"$\227^\256]|\240\011j\375\206(\351U\200\\,/(\241\220"
 121      5D7CA009 
 121      6AFD8628 
 121      E955805C 
 121      2C2F28A1 
 122 0067 C0BBFA56 		.ascii	"\300\273\372V\270\372\270\\\363\005\012\226\225\262"
 122      B8FAB85C 
 122      F3050A96 
 122      95B2
 123 0075 2A3B85A1 		.ascii	"*;\205\241l\321AF\0235\025a\300\217~\277\264( @L}:i"
 123      6CD14146 
 123      13351561 
 123      C08F7EBF 
 123      B4282040 
 124 008d 6C74B8D3 		.ascii	"lt\270\323\026G\267\020\370\247\010\267X\036M8V\263"
 124      1647B710 
 124      F8A708B7 
 124      581E4D38 
 124      56B3
 125 009f 695BCE99 		.ascii	"i[\316\231\357\374\316\347\001e4\373r28)\227$7I[\252"
 125      EFFCCEE7 
 125      016534FB 
 125      72323829 
 125      97243749 
 126 00b5 B14C8678 		.ascii	"\261L\206xUJ\252\256\242\374\271\332(\015K'[kv\331\314"
 126      554AAAAE 
ARM GAS  C:\Users\info\AppData\Local\Temp\ccsgNAL8.s 			page 9


 126      A2FCB9DA 
 126      280D4B27 
 126      5B6B76D9 
 127 00ca 946F3D6F 		.ascii	"\224o=o*\2435\304\364\276\370\230\375{:\333I\313`\350"
 127      2AA335C4 
 127      F4BEF898 
 127      FD7B3ADB 
 127      49CB60E8 
 128 00de F0B4B2D2 		.ascii	"\360\264\262\322\236G.\231\346Q\015\354\302\217\022"
 128      9E472E99 
 128      E6510DEC 
 128      C28F12
 129 00ed 7850EC21 		.ascii	"xP\354!\017\252\302\376\032%[\243\325\356\241v\235k"
 129      0FAAC2FE 
 129      1A255BA3 
 129      D5EEA176 
 129      9D6B
 130 00ff 133DD089 		.ascii	"\023=\320\211}\246U\221\252/?\353\226\241\301<Q\324"
 130      7DA65591 
 130      AA2F3FEB 
 130      96A1C13C 
 130      51D4
 131 0111 972EDC2D 		.ascii	"\227.\334-\304\305\240\330\246\217\267\264\310\024\014"
 131      C4C5A0D8 
 131      A68FB7B4 
 131      C8140C
 132 0120 1CFCCBD0 		.ascii	"\034\374\313\320\"\011\217^\240\376^\364\273\030d!^"
 132      22098F5E 
 132      A0FE5EF4 
 132      BB186421 
 132      5E
 133 0131 AF67CC8C 		.ascii	"\257g\314\214\232\361\251\005s:\034\214-\306#fh<\030"
 133      9AF1A905 
 133      733A1C8C 
 133      2DC62366 
 133      683C18
 134 0144 1B190CCD 		.ascii	"\033\031\014\315\315D\303\261YF#\363}\021\372\001$\350"
 134      CD44C3B1 
 134      594623F3 
 134      7D11FA01 
 134      24E8
 135 0156 7D1A     		.ascii	"}\032"
 136              		.text
 137              		.section	.gnu.lto_.symbol_nodes.bf1533ad,"",%progbits
 138 0000 789C6361 		.ascii	"x\234ca`dpc\000\002&\206z\006\206\011\347\030@\324\256"
 138      60647063 
 138      00022686 
 138      7A068609 
 138      E71840D4 
 139 0015 0645A000 		.ascii	"\006E\240\000c=#\252\000S=\023\252\000s=3\212\000\003"
 139      633D23AA 
 139      00533D13 
 139      AA00733D 
 139      338A0003 
 140 0029 0026B60F 		.ascii	"\000&\266\017<"
 140      3C
 141              		.text
ARM GAS  C:\Users\info\AppData\Local\Temp\ccsgNAL8.s 			page 10


 142              		.section	.gnu.lto_.refs.bf1533ad,"",%progbits
 143 0000 789C6361 		.ascii	"x\234ca`\004B \000\000\0009\000\007"
 143      60044220 
 143      00000039 
 143      0007
 144              		.text
 145              		.section	.gnu.lto_.decls.bf1533ad,"",%progbits
 146 0000 789C8D53 		.ascii	"x\234\215SkH\024Q\024\276gf]e|&Q\376\330\300\204\310"
 146      6B481451 
 146      14BE6766 
 146      5D657C26 
 146      51FED8C0 
 147 0016 1FB16411 		.ascii	"\037\261d\021\370#*P\362W\031Z\366#AV\035l)\\Y\327\300"
 147      F8232A50 
 147      F257195A 
 147      F6234156 
 147      1D6C295C 
 148 002d 7F17B530 		.ascii	"\177\027\2650#R\312\267\222=\310\367+\037\255\217R\313"
 148      2352CAB7 
 148      923DC8F7 
 148      2B1FAD8F 
 148      52CB
 149 003f 4C2ACB07 		.ascii	"L*\313\007H\342\217\004+\020\2136\264B\310\266s\357"
 149      48E28F04 
 149      2B108B36 
 149      B442C8B6 
 149      73EF
 150 0051 CC3A936D 		.ascii	"\314:\223m\340e\316\334s\356=\337w\276sv\326@\200\260"
 150      E065CEDC 
 150      73EE3DDF 
 150      77BE7376 
 150      D64080B0 
 151 0065 75CE4048 		.ascii	"u\316@H'\356&\014\335\270|\320O\"\332\302k\322\205\326"
 151      27EE260C 
 151      DDB87CD0 
 151      4F22DAC2 
 151      6BD285D6 
 152 0079 83E644EB 		.ascii	"\203\346D\353'\377.voTqm\214\013m\004m\010-^\315\001"
 152      27FF2E76 
 152      6F54716D 
 152      8C0B6D04 
 152      6D082D5E 
 153 008f 356FF3EA 		.ascii	"5o\363\352\361\202\035\325\341=\330\036/X\246\307G\207"
 153      F1821DD5 
 153      E13DD81E 
 153      2F58A6C7 
 153      4787
 154 00a1 8BF78273 		.ascii	"\213\367\202sz\301\365o\001\347\255\317u\001\234E\025"
 154      7AC1F56F 
 154      01E7ADCF 
 154      75019C45 
 154      15
 155 00b2 3F82E761 		.ascii	"?\202\347a\016\004P\007H\000\2247p#\212\361\020\035"
 155      0E045007 
 155      48009437 
 155      70238AF1 
 155      101D
ARM GAS  C:\Users\info\AppData\Local\Temp\ccsgNAL8.s 			page 11


 156 00c4 81BFC9C6 		.ascii	"\201\277\311\306\321\306F6RTW#\343\217gw{\026'\321\330"
 156      D1C64636 
 156      52545723 
 156      E38F6777 
 156      7B1627D1 
 157 00d9 4105C186 		.ascii	"A\005\301\206\002\325\347\367\202V\000\224\320\003\320"
 157      02D5E7F7 
 157      82560094 
 157      D003D0
 158 00e8 F1297275 		.ascii	"\361)ru\232\340\357\236\300\323t\371\365WW|E\354\030"
 158      9AE0EF9E 
 158      C0D374F9 
 158      F557577C 
 158      45EC18
 159 00fb FDF76B0D 		.ascii	"\375\367k\015\307\315-\024W1\245\302>m2\355\227?4\372"
 159      C7CD2D14 
 159      5731A5C2 
 159      3E6D32ED 
 159      973F34FA 
 160 010f AD0A6092 		.ascii	"\255\012`\222\300\015,\376\334\267\026\250\304\354\272"
 160      C00D2CFE 
 160      DCB716A8 
 160      C4ECBA
 161 011e B264F1B7 		.ascii	"\262d\361\267\277\270\213\371\302\314b\363\222\001\""
 161      BFB88BF9 
 161      C2CC62F3 
 161      920122
 162 012d A5078C66 		.ascii	"\245\007\214f\241\274\363H\037\245!\320\006\022\264"
 162      A1BCF348 
 162      1FA521D0 
 162      0612B4
 163 013c 80088D60 		.ascii	"\200\010\215`f\305M\022\276\013)\315\243\256\273\324"
 163      66C54D12 
 163      BE0B29CD 
 163      A3AEBBD4 
 164 014c 1846E0A0 		.ascii	"\030F\340\240\011\366\233\010\264B$\343dY\320\014&h"
 164      09F69B08 
 164      B44224E3 
 164      6459D00C 
 164      2668
 165 015e 0213E3FF 		.ascii	"\002\023\343\377X~{\331h\020\020\310xR\015\354\354\271"
 165      587E7BD9 
 165      681010C8 
 165      78520DEC 
 165      ECB9
 166 0170 FBE77030 		.ascii	"\373\347p0J\010\225@\300p\332\365\272\326\037\303\355"
 166      4A089540 
 166      C070DAF5 
 166      BAD61FC3 
 166      ED
 167 0181 128460F8 		.ascii	"\022\204`\370\346\326\3344\204\2251\0154\237\206\013"
 167      E6D6DC34 
 167      8495310D 
 167      349F860B 
 168 0191 90B4033A 		.ascii	"\220\264\003:\221\260\003\011\011<\2040|\267\203A\351"
 168      91B00309 
 168      093C8430 
ARM GAS  C:\Users\info\AppData\Local\Temp\ccsgNAL8.s 			page 12


 168      7CB78341 
 168      E9
 169 01a2 6EA87B79 		.ascii	"n\250{y 0\242\216\326u\320\205\352\261\303e\371\264"
 169      2030A28E 
 169      D675D085 
 169      EAB1C365 
 169      F9B4
 170 01b4 0161E12C 		.ascii	"\001a\341,\015\0324\321\350\262\255\036\346q\224]\020"
 170      0D1A34D1 
 170      E8B2AD1E 
 170      E671945D 
 170      10
 171 01c5 81C89B4B 		.ascii	"\201\310\233K\277\352%\361\002\037\302\364\333k\211"
 171      BFEA25F1 
 171      021FC2F4 
 171      DB6B89
 172 01d4 0AC9F0EA 		.ascii	"\012\311\360\352X\000\235D\212c\234\242[\243\350\326"
 172      58009D44 
 172      8A639CA2 
 172      5BA3E8D6 
 173 01e4 53F4708A 		.ascii	"S\364p\212\373+\357\366\212\005\300)j\213\3575\371\353"
 173      FB2BEFF6 
 173      8A05C029 
 173      6A8BEF35 
 173      F9EB
 174 01f6 55B37635 		.ascii	"U\263v5\331\217\270\354TU\365\327\212\352\357\222Zp"
 174      D98FB8EC 
 174      5455F5D7 
 174      8AEAEF92 
 174      5A70
 175 0208 E6855849 		.ascii	"\346\205XI\207\363\020&\260,\350\325J\366\352K:y\311"
 175      87F31026 
 175      B02CE8D5 
 175      4AF6EA4B 
 175      3A79C9
 176 021b DAC5BCCE 		.ascii	"\332\305\274\316@\261T\2519~\343\323\001\225\245\377"
 176      40B154A9 
 176      397EE3D3 
 176      0195A5FF 
 177 022b A54736E3 		.ascii	"\245G6\343\350\3238\372\364\034\375\234c\252\240\243"
 177      E8D338FA 
 177      F41CFD9C 
 177      63AAA0A3 
 178 023b 4654C66F 		.ascii	"FT\306o\300\360\333D\325b\2202\376p\014W\013Vf\215R"
 178      C0F0DB44 
 178      D5629032 
 178      FE700C57 
 178      0B56668D 
 179 0250 21EB624B 		.ascii	"!\353bK?\360\304\322\035\267\257\330\312\025\011]\245"
 179      3FF0C4D2 
 179      1DB7AFD8 
 179      CA15095D 
 179      A5
 180 0261 95A5BE20 		.ascii	"\225\245\276 Ez\201\017{\201\253\037\332\332\351\222"
 180      457A810F 
 180      7B81AB1F 
 180      DADAE992 
ARM GAS  C:\Users\info\AppData\Local\Temp\ccsgNAL8.s 			page 13


 181 0271 ABACFD21 		.ascii	"\253\254\375!\034\331\023M\372c\220\224quO~i\367\011"
 181      1CD9134D 
 181      FA639094 
 181      71754F7E 
 181      69F709
 182 0284 2862DF5C 		.ascii	"(b\337\\q>\015\035\017\342\231\203H2\300\207;\002\001"
 182      713E0D1D 
 182      0FE29983 
 182      4832C087 
 182      3B0201
 183 0297 FCCF81FB 		.ascii	"\374\317\201\373\272 \016\316V\327\210x\307\036\251"
 183      BA200ECE 
 183      56D78878 
 183      C71EA9
 184 02a6 8AA2143A 		.ascii	"\212\242\024:\0050\212d<p\035\345>;\246\256<j\254\010"
 184      05308A64 
 184      3C701DE5 
 184      3E3BA6AE 
 184      3C6AAC08 
 185 02ba F24824FC 		.ascii	"\362H$\374\202\300SD>Cb\036n\313\262f\246\330.\312\351"
 185      82C05344 
 185      3E43621E 
 185      6ECBB266 
 185      A6D82ECA 
 186 02cf 2969D929 		.ascii	")i\331)g\355V\207\354\027w\362LxLT\024\361\311\261f"
 186      67ED5687 
 186      EC1777F2 
 186      4C784C54 
 186      14F1C9B1 
 187 02e4 3AA277C7 		.ascii	":\242w\307\311\231\262\335\342\300\214D[\216=MN>\225"
 187      C999B2DD 
 187      E2C08C44 
 187      5B8E3D4D 
 187      4E3E95
 188 02f7 688B3994 		.ascii	"h\2139\224\234\226\353\310\315\222\263\315\347\311\236"
 188      9C96EBC8 
 188      CD92B3CD 
 188      E7C99E
 189 0306 FF64E898 		.ascii	"\377d\350\230\315i$L_(Qv\304\332\255\227\344\023\266"
 189      CD69244C 
 189      5F285176 
 189      C4DAAD97 
 189      E413B6
 190 0319 7439447F 		.ascii	"t9D\177\221 [\322wn>\210\2658,\011r\206\301.gD\377\001"
 190      91205BD2 
 190      776E3E88 
 190      B5382C09 
 190      7286C12E 
 191 0331 53787838 		.ascii	"Sxx8"
 192              		.text
 193              		.section	.gnu.lto_.symtab.bf1533ad,"",%progbits
 194 0000 70696E5F 		.ascii	"pin_oled_cs_Write\000"
 194      6F6C6564 
 194      5F63735F 
 194      57726974 
 194      6500
 195 0012 00       		.ascii	"\000"
ARM GAS  C:\Users\info\AppData\Local\Temp\ccsgNAL8.s 			page 14


 196 0013 00       		.ascii	"\000"
 197 0014 00       		.ascii	"\000"
 198 0015 00000000 		.ascii	"\000\000\000\000\000\000\000\000"
 198      00000000 
 199 001d B3000000 		.ascii	"\263\000\000\000"
 200 0021 70696E5F 		.ascii	"pin_oled_cs_SetDriveMode\000"
 200      6F6C6564 
 200      5F63735F 
 200      53657444 
 200      72697665 
 201 003a 00       		.ascii	"\000"
 202 003b 00       		.ascii	"\000"
 203 003c 00       		.ascii	"\000"
 204 003d 00000000 		.ascii	"\000\000\000\000\000\000\000\000"
 204      00000000 
 205 0045 B5000000 		.ascii	"\265\000\000\000"
 206 0049 70696E5F 		.ascii	"pin_oled_cs_Read\000"
 206      6F6C6564 
 206      5F63735F 
 206      52656164 
 206      00
 207 005a 00       		.ascii	"\000"
 208 005b 00       		.ascii	"\000"
 209 005c 00       		.ascii	"\000"
 210 005d 00000000 		.ascii	"\000\000\000\000\000\000\000\000"
 210      00000000 
 211 0065 B8000000 		.ascii	"\270\000\000\000"
 212 0069 70696E5F 		.ascii	"pin_oled_cs_ReadDataReg\000"
 212      6F6C6564 
 212      5F63735F 
 212      52656164 
 212      44617461 
 213 0081 00       		.ascii	"\000"
 214 0082 00       		.ascii	"\000"
 215 0083 00       		.ascii	"\000"
 216 0084 00000000 		.ascii	"\000\000\000\000\000\000\000\000"
 216      00000000 
 217 008c BA000000 		.ascii	"\272\000\000\000"
 218              		.text
 219              		.section	.gnu.lto_.opts,"",%progbits
 220 0000 272D666D 		.ascii	"'-fmath-errno' '-fsigned-zeros' '-ftrapping-math' '"
 220      6174682D 
 220      6572726E 
 220      6F272027 
 220      2D667369 
 221 0033 2D666E6F 		.ascii	"-fno-trapv' '-fno-openmp' '-fno-openacc' '-mcpu=cor"
 221      2D747261 
 221      70762720 
 221      272D666E 
 221      6F2D6F70 
 222 0066 7465782D 		.ascii	"tex-m3' '-mthumb' '-g' '-Os' '-ffunction-sections' "
 222      6D332720 
 222      272D6D74 
 222      68756D62 
 222      2720272D 
 223 0099 272D6666 		.ascii	"'-ffat-lto-objects' '-flto'\000"
 223      61742D6C 
ARM GAS  C:\Users\info\AppData\Local\Temp\ccsgNAL8.s 			page 15


 223      746F2D6F 
 223      626A6563 
 223      74732720 
 224              		.text
 225              		.cfi_sections	.debug_frame
 226              		.section	.text.pin_oled_cs_Write,"ax",%progbits
 227              		.align	1
 228              		.global	pin_oled_cs_Write
 229              		.thumb
 230              		.thumb_func
 231              		.type	pin_oled_cs_Write, %function
 232              	pin_oled_cs_Write:
 233              	.LFB0:
 234              		.file 1 "Generated_Source\\PSoC5\\pin_oled_cs.c"
   1:Generated_Source\PSoC5/pin_oled_cs.c **** /*******************************************************************************
   2:Generated_Source\PSoC5/pin_oled_cs.c **** * File Name: pin_oled_cs.c  
   3:Generated_Source\PSoC5/pin_oled_cs.c **** * Version 2.20
   4:Generated_Source\PSoC5/pin_oled_cs.c **** *
   5:Generated_Source\PSoC5/pin_oled_cs.c **** * Description:
   6:Generated_Source\PSoC5/pin_oled_cs.c **** *  This file contains API to enable firmware control of a Pins component.
   7:Generated_Source\PSoC5/pin_oled_cs.c **** *
   8:Generated_Source\PSoC5/pin_oled_cs.c **** * Note:
   9:Generated_Source\PSoC5/pin_oled_cs.c **** *
  10:Generated_Source\PSoC5/pin_oled_cs.c **** ********************************************************************************
  11:Generated_Source\PSoC5/pin_oled_cs.c **** * Copyright 2008-2015, Cypress Semiconductor Corporation.  All rights reserved.
  12:Generated_Source\PSoC5/pin_oled_cs.c **** * You may use this file only in accordance with the license, terms, conditions, 
  13:Generated_Source\PSoC5/pin_oled_cs.c **** * disclaimers, and limitations in the end user license agreement accompanying 
  14:Generated_Source\PSoC5/pin_oled_cs.c **** * the software package with which this file was provided.
  15:Generated_Source\PSoC5/pin_oled_cs.c **** *******************************************************************************/
  16:Generated_Source\PSoC5/pin_oled_cs.c **** 
  17:Generated_Source\PSoC5/pin_oled_cs.c **** #include "cytypes.h"
  18:Generated_Source\PSoC5/pin_oled_cs.c **** #include "pin_oled_cs.h"
  19:Generated_Source\PSoC5/pin_oled_cs.c **** 
  20:Generated_Source\PSoC5/pin_oled_cs.c **** /* APIs are not generated for P15[7:6] on PSoC 5 */
  21:Generated_Source\PSoC5/pin_oled_cs.c **** #if !(CY_PSOC5A &&\
  22:Generated_Source\PSoC5/pin_oled_cs.c **** 	 pin_oled_cs__PORT == 15 && ((pin_oled_cs__MASK & 0xC0) != 0))
  23:Generated_Source\PSoC5/pin_oled_cs.c **** 
  24:Generated_Source\PSoC5/pin_oled_cs.c **** 
  25:Generated_Source\PSoC5/pin_oled_cs.c **** /*******************************************************************************
  26:Generated_Source\PSoC5/pin_oled_cs.c **** * Function Name: pin_oled_cs_Write
  27:Generated_Source\PSoC5/pin_oled_cs.c **** ****************************************************************************//**
  28:Generated_Source\PSoC5/pin_oled_cs.c **** *
  29:Generated_Source\PSoC5/pin_oled_cs.c **** * \brief Writes the value to the physical port (data output register), masking
  30:Generated_Source\PSoC5/pin_oled_cs.c **** *  and shifting the bits appropriately. 
  31:Generated_Source\PSoC5/pin_oled_cs.c **** *
  32:Generated_Source\PSoC5/pin_oled_cs.c **** * The data output register controls the signal applied to the physical pin in 
  33:Generated_Source\PSoC5/pin_oled_cs.c **** * conjunction with the drive mode parameter. This function avoids changing 
  34:Generated_Source\PSoC5/pin_oled_cs.c **** * other bits in the port by using the appropriate method (read-modify-write or
  35:Generated_Source\PSoC5/pin_oled_cs.c **** * bit banding).
  36:Generated_Source\PSoC5/pin_oled_cs.c **** *
  37:Generated_Source\PSoC5/pin_oled_cs.c **** * <b>Note</b> This function should not be used on a hardware digital output pin 
  38:Generated_Source\PSoC5/pin_oled_cs.c **** * as it is driven by the hardware signal attached to it.
  39:Generated_Source\PSoC5/pin_oled_cs.c **** *
  40:Generated_Source\PSoC5/pin_oled_cs.c **** * \param value
  41:Generated_Source\PSoC5/pin_oled_cs.c **** *  Value to write to the component instance.
  42:Generated_Source\PSoC5/pin_oled_cs.c **** *
  43:Generated_Source\PSoC5/pin_oled_cs.c **** * \return 
ARM GAS  C:\Users\info\AppData\Local\Temp\ccsgNAL8.s 			page 16


  44:Generated_Source\PSoC5/pin_oled_cs.c **** *  None 
  45:Generated_Source\PSoC5/pin_oled_cs.c **** *
  46:Generated_Source\PSoC5/pin_oled_cs.c **** * \sideeffect
  47:Generated_Source\PSoC5/pin_oled_cs.c **** *  If you use read-modify-write operations that are not atomic; the Interrupt 
  48:Generated_Source\PSoC5/pin_oled_cs.c **** *  Service Routines (ISR) can cause corruption of this function. An ISR that 
  49:Generated_Source\PSoC5/pin_oled_cs.c **** *  interrupts this function and performs writes to the Pins component data 
  50:Generated_Source\PSoC5/pin_oled_cs.c **** *  register can cause corrupted port data. To avoid this issue, you should 
  51:Generated_Source\PSoC5/pin_oled_cs.c **** *  either use the Per-Pin APIs (primary method) or disable interrupts around 
  52:Generated_Source\PSoC5/pin_oled_cs.c **** *  this function.
  53:Generated_Source\PSoC5/pin_oled_cs.c **** *
  54:Generated_Source\PSoC5/pin_oled_cs.c **** * \funcusage
  55:Generated_Source\PSoC5/pin_oled_cs.c **** *  \snippet pin_oled_cs_SUT.c usage_pin_oled_cs_Write
  56:Generated_Source\PSoC5/pin_oled_cs.c **** *******************************************************************************/
  57:Generated_Source\PSoC5/pin_oled_cs.c **** void pin_oled_cs_Write(uint8 value)
  58:Generated_Source\PSoC5/pin_oled_cs.c **** {
 235              		.loc 1 58 0
 236              		.cfi_startproc
 237              		@ args = 0, pretend = 0, frame = 0
 238              		@ frame_needed = 0, uses_anonymous_args = 0
 239              		@ link register save eliminated.
 240              	.LVL0:
  59:Generated_Source\PSoC5/pin_oled_cs.c ****     uint8 staticBits = (pin_oled_cs_DR & (uint8)(~pin_oled_cs_MASK));
 241              		.loc 1 59 0
 242 0000 044A     		ldr	r2, .L2
  60:Generated_Source\PSoC5/pin_oled_cs.c ****     pin_oled_cs_DR = staticBits | ((uint8)(value << pin_oled_cs_SHIFT) & pin_oled_cs_MASK);
 243              		.loc 1 60 0
 244 0002 0001     		lsls	r0, r0, #4
 245              	.LVL1:
  59:Generated_Source\PSoC5/pin_oled_cs.c ****     uint8 staticBits = (pin_oled_cs_DR & (uint8)(~pin_oled_cs_MASK));
 246              		.loc 1 59 0
 247 0004 1378     		ldrb	r3, [r2]	@ zero_extendqisi2
 248              	.LVL2:
 249              		.loc 1 60 0
 250 0006 00F01000 		and	r0, r0, #16
 251 000a 03F0EF03 		and	r3, r3, #239
 252              	.LVL3:
 253 000e 0343     		orrs	r3, r3, r0
 254 0010 1370     		strb	r3, [r2]
 255 0012 7047     		bx	lr
 256              	.L3:
 257              		.align	2
 258              	.L2:
 259 0014 C0510040 		.word	1073762752
 260              		.cfi_endproc
 261              	.LFE0:
 262              		.size	pin_oled_cs_Write, .-pin_oled_cs_Write
 263              		.section	.text.pin_oled_cs_SetDriveMode,"ax",%progbits
 264              		.align	1
 265              		.global	pin_oled_cs_SetDriveMode
 266              		.thumb
 267              		.thumb_func
 268              		.type	pin_oled_cs_SetDriveMode, %function
 269              	pin_oled_cs_SetDriveMode:
 270              	.LFB1:
  61:Generated_Source\PSoC5/pin_oled_cs.c **** }
  62:Generated_Source\PSoC5/pin_oled_cs.c **** 
  63:Generated_Source\PSoC5/pin_oled_cs.c **** 
ARM GAS  C:\Users\info\AppData\Local\Temp\ccsgNAL8.s 			page 17


  64:Generated_Source\PSoC5/pin_oled_cs.c **** /*******************************************************************************
  65:Generated_Source\PSoC5/pin_oled_cs.c **** * Function Name: pin_oled_cs_SetDriveMode
  66:Generated_Source\PSoC5/pin_oled_cs.c **** ****************************************************************************//**
  67:Generated_Source\PSoC5/pin_oled_cs.c **** *
  68:Generated_Source\PSoC5/pin_oled_cs.c **** * \brief Sets the drive mode for each of the Pins component's pins.
  69:Generated_Source\PSoC5/pin_oled_cs.c **** * 
  70:Generated_Source\PSoC5/pin_oled_cs.c **** * <b>Note</b> This affects all pins in the Pins component instance. Use the
  71:Generated_Source\PSoC5/pin_oled_cs.c **** * Per-Pin APIs if you wish to control individual pin's drive modes.
  72:Generated_Source\PSoC5/pin_oled_cs.c **** *
  73:Generated_Source\PSoC5/pin_oled_cs.c **** * \param mode
  74:Generated_Source\PSoC5/pin_oled_cs.c **** *  Mode for the selected signals. Valid options are documented in 
  75:Generated_Source\PSoC5/pin_oled_cs.c **** *  \ref driveMode.
  76:Generated_Source\PSoC5/pin_oled_cs.c **** *
  77:Generated_Source\PSoC5/pin_oled_cs.c **** * \return
  78:Generated_Source\PSoC5/pin_oled_cs.c **** *  None
  79:Generated_Source\PSoC5/pin_oled_cs.c **** *
  80:Generated_Source\PSoC5/pin_oled_cs.c **** * \sideeffect
  81:Generated_Source\PSoC5/pin_oled_cs.c **** *  If you use read-modify-write operations that are not atomic, the ISR can
  82:Generated_Source\PSoC5/pin_oled_cs.c **** *  cause corruption of this function. An ISR that interrupts this function 
  83:Generated_Source\PSoC5/pin_oled_cs.c **** *  and performs writes to the Pins component Drive Mode registers can cause 
  84:Generated_Source\PSoC5/pin_oled_cs.c **** *  corrupted port data. To avoid this issue, you should either use the Per-Pin
  85:Generated_Source\PSoC5/pin_oled_cs.c **** *  APIs (primary method) or disable interrupts around this function.
  86:Generated_Source\PSoC5/pin_oled_cs.c **** *
  87:Generated_Source\PSoC5/pin_oled_cs.c **** * \funcusage
  88:Generated_Source\PSoC5/pin_oled_cs.c **** *  \snippet pin_oled_cs_SUT.c usage_pin_oled_cs_SetDriveMode
  89:Generated_Source\PSoC5/pin_oled_cs.c **** *******************************************************************************/
  90:Generated_Source\PSoC5/pin_oled_cs.c **** void pin_oled_cs_SetDriveMode(uint8 mode)
  91:Generated_Source\PSoC5/pin_oled_cs.c **** {
 271              		.loc 1 91 0
 272              		.cfi_startproc
 273              		@ args = 0, pretend = 0, frame = 0
 274              		@ frame_needed = 0, uses_anonymous_args = 0
 275              		@ link register save eliminated.
 276              	.LVL4:
  92:Generated_Source\PSoC5/pin_oled_cs.c **** 	CyPins_SetPinDriveMode(pin_oled_cs_0, mode);
 277              		.loc 1 92 0
 278 0000 044A     		ldr	r2, .L5
 279 0002 00F00E00 		and	r0, r0, #14
 280              	.LVL5:
 281 0006 1378     		ldrb	r3, [r2]	@ zero_extendqisi2
 282 0008 03F0F103 		and	r3, r3, #241
 283 000c 1843     		orrs	r0, r0, r3
 284 000e 1070     		strb	r0, [r2]
 285 0010 7047     		bx	lr
 286              	.L6:
 287 0012 00BF     		.align	2
 288              	.L5:
 289 0014 64500040 		.word	1073762404
 290              		.cfi_endproc
 291              	.LFE1:
 292              		.size	pin_oled_cs_SetDriveMode, .-pin_oled_cs_SetDriveMode
 293              		.section	.text.pin_oled_cs_Read,"ax",%progbits
 294              		.align	1
 295              		.global	pin_oled_cs_Read
 296              		.thumb
 297              		.thumb_func
 298              		.type	pin_oled_cs_Read, %function
ARM GAS  C:\Users\info\AppData\Local\Temp\ccsgNAL8.s 			page 18


 299              	pin_oled_cs_Read:
 300              	.LFB2:
  93:Generated_Source\PSoC5/pin_oled_cs.c **** }
  94:Generated_Source\PSoC5/pin_oled_cs.c **** 
  95:Generated_Source\PSoC5/pin_oled_cs.c **** 
  96:Generated_Source\PSoC5/pin_oled_cs.c **** /*******************************************************************************
  97:Generated_Source\PSoC5/pin_oled_cs.c **** * Function Name: pin_oled_cs_Read
  98:Generated_Source\PSoC5/pin_oled_cs.c **** ****************************************************************************//**
  99:Generated_Source\PSoC5/pin_oled_cs.c **** *
 100:Generated_Source\PSoC5/pin_oled_cs.c **** * \brief Reads the associated physical port (pin status register) and masks 
 101:Generated_Source\PSoC5/pin_oled_cs.c **** *  the required bits according to the width and bit position of the component
 102:Generated_Source\PSoC5/pin_oled_cs.c **** *  instance. 
 103:Generated_Source\PSoC5/pin_oled_cs.c **** *
 104:Generated_Source\PSoC5/pin_oled_cs.c **** * The pin's status register returns the current logic level present on the 
 105:Generated_Source\PSoC5/pin_oled_cs.c **** * physical pin.
 106:Generated_Source\PSoC5/pin_oled_cs.c **** *
 107:Generated_Source\PSoC5/pin_oled_cs.c **** * \return 
 108:Generated_Source\PSoC5/pin_oled_cs.c **** *  The current value for the pins in the component as a right justified number.
 109:Generated_Source\PSoC5/pin_oled_cs.c **** *
 110:Generated_Source\PSoC5/pin_oled_cs.c **** * \funcusage
 111:Generated_Source\PSoC5/pin_oled_cs.c **** *  \snippet pin_oled_cs_SUT.c usage_pin_oled_cs_Read  
 112:Generated_Source\PSoC5/pin_oled_cs.c **** *******************************************************************************/
 113:Generated_Source\PSoC5/pin_oled_cs.c **** uint8 pin_oled_cs_Read(void)
 114:Generated_Source\PSoC5/pin_oled_cs.c **** {
 301              		.loc 1 114 0
 302              		.cfi_startproc
 303              		@ args = 0, pretend = 0, frame = 0
 304              		@ frame_needed = 0, uses_anonymous_args = 0
 305              		@ link register save eliminated.
 115:Generated_Source\PSoC5/pin_oled_cs.c ****     return (pin_oled_cs_PS & pin_oled_cs_MASK) >> pin_oled_cs_SHIFT;
 306              		.loc 1 115 0
 307 0000 024B     		ldr	r3, .L8
 308 0002 1878     		ldrb	r0, [r3]	@ zero_extendqisi2
 116:Generated_Source\PSoC5/pin_oled_cs.c **** }
 309              		.loc 1 116 0
 310 0004 C0F30010 		ubfx	r0, r0, #4, #1
 311 0008 7047     		bx	lr
 312              	.L9:
 313 000a 00BF     		.align	2
 314              	.L8:
 315 000c C1510040 		.word	1073762753
 316              		.cfi_endproc
 317              	.LFE2:
 318              		.size	pin_oled_cs_Read, .-pin_oled_cs_Read
 319              		.section	.text.pin_oled_cs_ReadDataReg,"ax",%progbits
 320              		.align	1
 321              		.global	pin_oled_cs_ReadDataReg
 322              		.thumb
 323              		.thumb_func
 324              		.type	pin_oled_cs_ReadDataReg, %function
 325              	pin_oled_cs_ReadDataReg:
 326              	.LFB3:
 117:Generated_Source\PSoC5/pin_oled_cs.c **** 
 118:Generated_Source\PSoC5/pin_oled_cs.c **** 
 119:Generated_Source\PSoC5/pin_oled_cs.c **** /*******************************************************************************
 120:Generated_Source\PSoC5/pin_oled_cs.c **** * Function Name: pin_oled_cs_ReadDataReg
 121:Generated_Source\PSoC5/pin_oled_cs.c **** ****************************************************************************//**
ARM GAS  C:\Users\info\AppData\Local\Temp\ccsgNAL8.s 			page 19


 122:Generated_Source\PSoC5/pin_oled_cs.c **** *
 123:Generated_Source\PSoC5/pin_oled_cs.c **** * \brief Reads the associated physical port's data output register and masks 
 124:Generated_Source\PSoC5/pin_oled_cs.c **** *  the correct bits according to the width and bit position of the component 
 125:Generated_Source\PSoC5/pin_oled_cs.c **** *  instance. 
 126:Generated_Source\PSoC5/pin_oled_cs.c **** *
 127:Generated_Source\PSoC5/pin_oled_cs.c **** * The data output register controls the signal applied to the physical pin in 
 128:Generated_Source\PSoC5/pin_oled_cs.c **** * conjunction with the drive mode parameter. This is not the same as the 
 129:Generated_Source\PSoC5/pin_oled_cs.c **** * preferred pin_oled_cs_Read() API because the 
 130:Generated_Source\PSoC5/pin_oled_cs.c **** * pin_oled_cs_ReadDataReg() reads the data register instead of the status 
 131:Generated_Source\PSoC5/pin_oled_cs.c **** * register. For output pins this is a useful function to determine the value 
 132:Generated_Source\PSoC5/pin_oled_cs.c **** * just written to the pin.
 133:Generated_Source\PSoC5/pin_oled_cs.c **** *
 134:Generated_Source\PSoC5/pin_oled_cs.c **** * \return 
 135:Generated_Source\PSoC5/pin_oled_cs.c **** *  The current value of the data register masked and shifted into a right 
 136:Generated_Source\PSoC5/pin_oled_cs.c **** *  justified number for the component instance.
 137:Generated_Source\PSoC5/pin_oled_cs.c **** *
 138:Generated_Source\PSoC5/pin_oled_cs.c **** * \funcusage
 139:Generated_Source\PSoC5/pin_oled_cs.c **** *  \snippet pin_oled_cs_SUT.c usage_pin_oled_cs_ReadDataReg 
 140:Generated_Source\PSoC5/pin_oled_cs.c **** *******************************************************************************/
 141:Generated_Source\PSoC5/pin_oled_cs.c **** uint8 pin_oled_cs_ReadDataReg(void)
 142:Generated_Source\PSoC5/pin_oled_cs.c **** {
 327              		.loc 1 142 0
 328              		.cfi_startproc
 329              		@ args = 0, pretend = 0, frame = 0
 330              		@ frame_needed = 0, uses_anonymous_args = 0
 331              		@ link register save eliminated.
 143:Generated_Source\PSoC5/pin_oled_cs.c ****     return (pin_oled_cs_DR & pin_oled_cs_MASK) >> pin_oled_cs_SHIFT;
 332              		.loc 1 143 0
 333 0000 024B     		ldr	r3, .L11
 334 0002 1878     		ldrb	r0, [r3]	@ zero_extendqisi2
 144:Generated_Source\PSoC5/pin_oled_cs.c **** }
 335              		.loc 1 144 0
 336 0004 C0F30010 		ubfx	r0, r0, #4, #1
 337 0008 7047     		bx	lr
 338              	.L12:
 339 000a 00BF     		.align	2
 340              	.L11:
 341 000c C0510040 		.word	1073762752
 342              		.cfi_endproc
 343              	.LFE3:
 344              		.size	pin_oled_cs_ReadDataReg, .-pin_oled_cs_ReadDataReg
 345              		.text
 346              	.Letext0:
 347              		.file 2 "Generated_Source\\PSoC5\\cytypes.h"
 348              		.section	.debug_info,"",%progbits
 349              	.Ldebug_info0:
 350 0000 1D010000 		.4byte	0x11d
 351 0004 0400     		.2byte	0x4
 352 0006 00000000 		.4byte	.Ldebug_abbrev0
 353 000a 04       		.byte	0x4
 354 000b 01       		.uleb128 0x1
 355 000c 5D010000 		.4byte	.LASF20
 356 0010 0C       		.byte	0xc
 357 0011 56000000 		.4byte	.LASF21
 358 0015 DC000000 		.4byte	.LASF22
 359 0019 00000000 		.4byte	.Ldebug_ranges0+0
 360 001d 00000000 		.4byte	0
ARM GAS  C:\Users\info\AppData\Local\Temp\ccsgNAL8.s 			page 20


 361 0021 00000000 		.4byte	.Ldebug_line0
 362 0025 02       		.uleb128 0x2
 363 0026 01       		.byte	0x1
 364 0027 06       		.byte	0x6
 365 0028 22020000 		.4byte	.LASF0
 366 002c 02       		.uleb128 0x2
 367 002d 01       		.byte	0x1
 368 002e 08       		.byte	0x8
 369 002f 48000000 		.4byte	.LASF1
 370 0033 02       		.uleb128 0x2
 371 0034 02       		.byte	0x2
 372 0035 05       		.byte	0x5
 373 0036 09020000 		.4byte	.LASF2
 374 003a 02       		.uleb128 0x2
 375 003b 02       		.byte	0x2
 376 003c 07       		.byte	0x7
 377 003d 92000000 		.4byte	.LASF3
 378 0041 02       		.uleb128 0x2
 379 0042 04       		.byte	0x4
 380 0043 05       		.byte	0x5
 381 0044 19020000 		.4byte	.LASF4
 382 0048 02       		.uleb128 0x2
 383 0049 04       		.byte	0x4
 384 004a 07       		.byte	0x7
 385 004b 80000000 		.4byte	.LASF5
 386 004f 02       		.uleb128 0x2
 387 0050 08       		.byte	0x8
 388 0051 05       		.byte	0x5
 389 0052 F6010000 		.4byte	.LASF6
 390 0056 02       		.uleb128 0x2
 391 0057 08       		.byte	0x8
 392 0058 07       		.byte	0x7
 393 0059 46010000 		.4byte	.LASF7
 394 005d 03       		.uleb128 0x3
 395 005e 04       		.byte	0x4
 396 005f 05       		.byte	0x5
 397 0060 696E7400 		.ascii	"int\000"
 398 0064 02       		.uleb128 0x2
 399 0065 04       		.byte	0x4
 400 0066 07       		.byte	0x7
 401 0067 CF000000 		.4byte	.LASF8
 402 006b 04       		.uleb128 0x4
 403 006c 13020000 		.4byte	.LASF12
 404 0070 02       		.byte	0x2
 405 0071 E401     		.2byte	0x1e4
 406 0073 2C000000 		.4byte	0x2c
 407 0077 02       		.uleb128 0x2
 408 0078 04       		.byte	0x4
 409 0079 04       		.byte	0x4
 410 007a 42000000 		.4byte	.LASF9
 411 007e 02       		.uleb128 0x2
 412 007f 08       		.byte	0x8
 413 0080 04       		.byte	0x4
 414 0081 B6000000 		.4byte	.LASF10
 415 0085 02       		.uleb128 0x2
 416 0086 01       		.byte	0x1
 417 0087 08       		.byte	0x8
ARM GAS  C:\Users\info\AppData\Local\Temp\ccsgNAL8.s 			page 21


 418 0088 04020000 		.4byte	.LASF11
 419 008c 04       		.uleb128 0x4
 420 008d 7B000000 		.4byte	.LASF13
 421 0091 02       		.byte	0x2
 422 0092 8E02     		.2byte	0x28e
 423 0094 98000000 		.4byte	0x98
 424 0098 05       		.uleb128 0x5
 425 0099 6B000000 		.4byte	0x6b
 426 009d 06       		.uleb128 0x6
 427 009e BD000000 		.4byte	.LASF14
 428 00a2 01       		.byte	0x1
 429 00a3 39       		.byte	0x39
 430 00a4 00000000 		.4byte	.LFB0
 431 00a8 18000000 		.4byte	.LFE0-.LFB0
 432 00ac 01       		.uleb128 0x1
 433 00ad 9C       		.byte	0x9c
 434 00ae D1000000 		.4byte	0xd1
 435 00b2 07       		.uleb128 0x7
 436 00b3 18000000 		.4byte	.LASF16
 437 00b7 01       		.byte	0x1
 438 00b8 39       		.byte	0x39
 439 00b9 6B000000 		.4byte	0x6b
 440 00bd 00000000 		.4byte	.LLST0
 441 00c1 08       		.uleb128 0x8
 442 00c2 1E000000 		.4byte	.LASF23
 443 00c6 01       		.byte	0x1
 444 00c7 3B       		.byte	0x3b
 445 00c8 6B000000 		.4byte	0x6b
 446 00cc 21000000 		.4byte	.LLST1
 447 00d0 00       		.byte	0
 448 00d1 06       		.uleb128 0x6
 449 00d2 29000000 		.4byte	.LASF15
 450 00d6 01       		.byte	0x1
 451 00d7 5A       		.byte	0x5a
 452 00d8 00000000 		.4byte	.LFB1
 453 00dc 18000000 		.4byte	.LFE1-.LFB1
 454 00e0 01       		.uleb128 0x1
 455 00e1 9C       		.byte	0x9c
 456 00e2 F6000000 		.4byte	0xf6
 457 00e6 07       		.uleb128 0x7
 458 00e7 F1010000 		.4byte	.LASF17
 459 00eb 01       		.byte	0x1
 460 00ec 5A       		.byte	0x5a
 461 00ed 6B000000 		.4byte	0x6b
 462 00f1 39000000 		.4byte	.LLST2
 463 00f5 00       		.byte	0
 464 00f6 09       		.uleb128 0x9
 465 00f7 A5000000 		.4byte	.LASF18
 466 00fb 01       		.byte	0x1
 467 00fc 71       		.byte	0x71
 468 00fd 6B000000 		.4byte	0x6b
 469 0101 00000000 		.4byte	.LFB2
 470 0105 10000000 		.4byte	.LFE2-.LFB2
 471 0109 01       		.uleb128 0x1
 472 010a 9C       		.byte	0x9c
 473 010b 09       		.uleb128 0x9
 474 010c 00000000 		.4byte	.LASF19
ARM GAS  C:\Users\info\AppData\Local\Temp\ccsgNAL8.s 			page 22


 475 0110 01       		.byte	0x1
 476 0111 8D       		.byte	0x8d
 477 0112 6B000000 		.4byte	0x6b
 478 0116 00000000 		.4byte	.LFB3
 479 011a 10000000 		.4byte	.LFE3-.LFB3
 480 011e 01       		.uleb128 0x1
 481 011f 9C       		.byte	0x9c
 482 0120 00       		.byte	0
 483              		.section	.debug_abbrev,"",%progbits
 484              	.Ldebug_abbrev0:
 485 0000 01       		.uleb128 0x1
 486 0001 11       		.uleb128 0x11
 487 0002 01       		.byte	0x1
 488 0003 25       		.uleb128 0x25
 489 0004 0E       		.uleb128 0xe
 490 0005 13       		.uleb128 0x13
 491 0006 0B       		.uleb128 0xb
 492 0007 03       		.uleb128 0x3
 493 0008 0E       		.uleb128 0xe
 494 0009 1B       		.uleb128 0x1b
 495 000a 0E       		.uleb128 0xe
 496 000b 55       		.uleb128 0x55
 497 000c 17       		.uleb128 0x17
 498 000d 11       		.uleb128 0x11
 499 000e 01       		.uleb128 0x1
 500 000f 10       		.uleb128 0x10
 501 0010 17       		.uleb128 0x17
 502 0011 00       		.byte	0
 503 0012 00       		.byte	0
 504 0013 02       		.uleb128 0x2
 505 0014 24       		.uleb128 0x24
 506 0015 00       		.byte	0
 507 0016 0B       		.uleb128 0xb
 508 0017 0B       		.uleb128 0xb
 509 0018 3E       		.uleb128 0x3e
 510 0019 0B       		.uleb128 0xb
 511 001a 03       		.uleb128 0x3
 512 001b 0E       		.uleb128 0xe
 513 001c 00       		.byte	0
 514 001d 00       		.byte	0
 515 001e 03       		.uleb128 0x3
 516 001f 24       		.uleb128 0x24
 517 0020 00       		.byte	0
 518 0021 0B       		.uleb128 0xb
 519 0022 0B       		.uleb128 0xb
 520 0023 3E       		.uleb128 0x3e
 521 0024 0B       		.uleb128 0xb
 522 0025 03       		.uleb128 0x3
 523 0026 08       		.uleb128 0x8
 524 0027 00       		.byte	0
 525 0028 00       		.byte	0
 526 0029 04       		.uleb128 0x4
 527 002a 16       		.uleb128 0x16
 528 002b 00       		.byte	0
 529 002c 03       		.uleb128 0x3
 530 002d 0E       		.uleb128 0xe
 531 002e 3A       		.uleb128 0x3a
ARM GAS  C:\Users\info\AppData\Local\Temp\ccsgNAL8.s 			page 23


 532 002f 0B       		.uleb128 0xb
 533 0030 3B       		.uleb128 0x3b
 534 0031 05       		.uleb128 0x5
 535 0032 49       		.uleb128 0x49
 536 0033 13       		.uleb128 0x13
 537 0034 00       		.byte	0
 538 0035 00       		.byte	0
 539 0036 05       		.uleb128 0x5
 540 0037 35       		.uleb128 0x35
 541 0038 00       		.byte	0
 542 0039 49       		.uleb128 0x49
 543 003a 13       		.uleb128 0x13
 544 003b 00       		.byte	0
 545 003c 00       		.byte	0
 546 003d 06       		.uleb128 0x6
 547 003e 2E       		.uleb128 0x2e
 548 003f 01       		.byte	0x1
 549 0040 3F       		.uleb128 0x3f
 550 0041 19       		.uleb128 0x19
 551 0042 03       		.uleb128 0x3
 552 0043 0E       		.uleb128 0xe
 553 0044 3A       		.uleb128 0x3a
 554 0045 0B       		.uleb128 0xb
 555 0046 3B       		.uleb128 0x3b
 556 0047 0B       		.uleb128 0xb
 557 0048 27       		.uleb128 0x27
 558 0049 19       		.uleb128 0x19
 559 004a 11       		.uleb128 0x11
 560 004b 01       		.uleb128 0x1
 561 004c 12       		.uleb128 0x12
 562 004d 06       		.uleb128 0x6
 563 004e 40       		.uleb128 0x40
 564 004f 18       		.uleb128 0x18
 565 0050 9742     		.uleb128 0x2117
 566 0052 19       		.uleb128 0x19
 567 0053 01       		.uleb128 0x1
 568 0054 13       		.uleb128 0x13
 569 0055 00       		.byte	0
 570 0056 00       		.byte	0
 571 0057 07       		.uleb128 0x7
 572 0058 05       		.uleb128 0x5
 573 0059 00       		.byte	0
 574 005a 03       		.uleb128 0x3
 575 005b 0E       		.uleb128 0xe
 576 005c 3A       		.uleb128 0x3a
 577 005d 0B       		.uleb128 0xb
 578 005e 3B       		.uleb128 0x3b
 579 005f 0B       		.uleb128 0xb
 580 0060 49       		.uleb128 0x49
 581 0061 13       		.uleb128 0x13
 582 0062 02       		.uleb128 0x2
 583 0063 17       		.uleb128 0x17
 584 0064 00       		.byte	0
 585 0065 00       		.byte	0
 586 0066 08       		.uleb128 0x8
 587 0067 34       		.uleb128 0x34
 588 0068 00       		.byte	0
ARM GAS  C:\Users\info\AppData\Local\Temp\ccsgNAL8.s 			page 24


 589 0069 03       		.uleb128 0x3
 590 006a 0E       		.uleb128 0xe
 591 006b 3A       		.uleb128 0x3a
 592 006c 0B       		.uleb128 0xb
 593 006d 3B       		.uleb128 0x3b
 594 006e 0B       		.uleb128 0xb
 595 006f 49       		.uleb128 0x49
 596 0070 13       		.uleb128 0x13
 597 0071 02       		.uleb128 0x2
 598 0072 17       		.uleb128 0x17
 599 0073 00       		.byte	0
 600 0074 00       		.byte	0
 601 0075 09       		.uleb128 0x9
 602 0076 2E       		.uleb128 0x2e
 603 0077 00       		.byte	0
 604 0078 3F       		.uleb128 0x3f
 605 0079 19       		.uleb128 0x19
 606 007a 03       		.uleb128 0x3
 607 007b 0E       		.uleb128 0xe
 608 007c 3A       		.uleb128 0x3a
 609 007d 0B       		.uleb128 0xb
 610 007e 3B       		.uleb128 0x3b
 611 007f 0B       		.uleb128 0xb
 612 0080 27       		.uleb128 0x27
 613 0081 19       		.uleb128 0x19
 614 0082 49       		.uleb128 0x49
 615 0083 13       		.uleb128 0x13
 616 0084 11       		.uleb128 0x11
 617 0085 01       		.uleb128 0x1
 618 0086 12       		.uleb128 0x12
 619 0087 06       		.uleb128 0x6
 620 0088 40       		.uleb128 0x40
 621 0089 18       		.uleb128 0x18
 622 008a 9742     		.uleb128 0x2117
 623 008c 19       		.uleb128 0x19
 624 008d 00       		.byte	0
 625 008e 00       		.byte	0
 626 008f 00       		.byte	0
 627              		.section	.debug_loc,"",%progbits
 628              	.Ldebug_loc0:
 629              	.LLST0:
 630 0000 00000000 		.4byte	.LVL0
 631 0004 04000000 		.4byte	.LVL1
 632 0008 0100     		.2byte	0x1
 633 000a 50       		.byte	0x50
 634 000b 04000000 		.4byte	.LVL1
 635 000f 18000000 		.4byte	.LFE0
 636 0013 0400     		.2byte	0x4
 637 0015 F3       		.byte	0xf3
 638 0016 01       		.uleb128 0x1
 639 0017 50       		.byte	0x50
 640 0018 9F       		.byte	0x9f
 641 0019 00000000 		.4byte	0
 642 001d 00000000 		.4byte	0
 643              	.LLST1:
 644 0021 06000000 		.4byte	.LVL2
 645 0025 0E000000 		.4byte	.LVL3
ARM GAS  C:\Users\info\AppData\Local\Temp\ccsgNAL8.s 			page 25


 646 0029 0600     		.2byte	0x6
 647 002b 73       		.byte	0x73
 648 002c 00       		.sleb128 0
 649 002d 09       		.byte	0x9
 650 002e EF       		.byte	0xef
 651 002f 1A       		.byte	0x1a
 652 0030 9F       		.byte	0x9f
 653 0031 00000000 		.4byte	0
 654 0035 00000000 		.4byte	0
 655              	.LLST2:
 656 0039 00000000 		.4byte	.LVL4
 657 003d 06000000 		.4byte	.LVL5
 658 0041 0100     		.2byte	0x1
 659 0043 50       		.byte	0x50
 660 0044 06000000 		.4byte	.LVL5
 661 0048 18000000 		.4byte	.LFE1
 662 004c 0400     		.2byte	0x4
 663 004e F3       		.byte	0xf3
 664 004f 01       		.uleb128 0x1
 665 0050 50       		.byte	0x50
 666 0051 9F       		.byte	0x9f
 667 0052 00000000 		.4byte	0
 668 0056 00000000 		.4byte	0
 669              		.section	.debug_aranges,"",%progbits
 670 0000 34000000 		.4byte	0x34
 671 0004 0200     		.2byte	0x2
 672 0006 00000000 		.4byte	.Ldebug_info0
 673 000a 04       		.byte	0x4
 674 000b 00       		.byte	0
 675 000c 0000     		.2byte	0
 676 000e 0000     		.2byte	0
 677 0010 00000000 		.4byte	.LFB0
 678 0014 18000000 		.4byte	.LFE0-.LFB0
 679 0018 00000000 		.4byte	.LFB1
 680 001c 18000000 		.4byte	.LFE1-.LFB1
 681 0020 00000000 		.4byte	.LFB2
 682 0024 10000000 		.4byte	.LFE2-.LFB2
 683 0028 00000000 		.4byte	.LFB3
 684 002c 10000000 		.4byte	.LFE3-.LFB3
 685 0030 00000000 		.4byte	0
 686 0034 00000000 		.4byte	0
 687              		.section	.debug_ranges,"",%progbits
 688              	.Ldebug_ranges0:
 689 0000 00000000 		.4byte	.LFB0
 690 0004 18000000 		.4byte	.LFE0
 691 0008 00000000 		.4byte	.LFB1
 692 000c 18000000 		.4byte	.LFE1
 693 0010 00000000 		.4byte	.LFB2
 694 0014 10000000 		.4byte	.LFE2
 695 0018 00000000 		.4byte	.LFB3
 696 001c 10000000 		.4byte	.LFE3
 697 0020 00000000 		.4byte	0
 698 0024 00000000 		.4byte	0
 699              		.section	.debug_line,"",%progbits
 700              	.Ldebug_line0:
 701 0000 96000000 		.section	.debug_str,"MS",%progbits,1
 701      02004800 
ARM GAS  C:\Users\info\AppData\Local\Temp\ccsgNAL8.s 			page 26


 701      00000201 
 701      FB0E0D00 
 701      01010101 
 702              	.LASF19:
 703 0000 70696E5F 		.ascii	"pin_oled_cs_ReadDataReg\000"
 703      6F6C6564 
 703      5F63735F 
 703      52656164 
 703      44617461 
 704              	.LASF16:
 705 0018 76616C75 		.ascii	"value\000"
 705      6500
 706              	.LASF23:
 707 001e 73746174 		.ascii	"staticBits\000"
 707      69634269 
 707      747300
 708              	.LASF15:
 709 0029 70696E5F 		.ascii	"pin_oled_cs_SetDriveMode\000"
 709      6F6C6564 
 709      5F63735F 
 709      53657444 
 709      72697665 
 710              	.LASF9:
 711 0042 666C6F61 		.ascii	"float\000"
 711      7400
 712              	.LASF1:
 713 0048 756E7369 		.ascii	"unsigned char\000"
 713      676E6564 
 713      20636861 
 713      7200
 714              	.LASF21:
 715 0056 47656E65 		.ascii	"Generated_Source\\PSoC5\\pin_oled_cs.c\000"
 715      72617465 
 715      645F536F 
 715      75726365 
 715      5C50536F 
 716              	.LASF13:
 717 007b 72656738 		.ascii	"reg8\000"
 717      00
 718              	.LASF5:
 719 0080 6C6F6E67 		.ascii	"long unsigned int\000"
 719      20756E73 
 719      69676E65 
 719      6420696E 
 719      7400
 720              	.LASF3:
 721 0092 73686F72 		.ascii	"short unsigned int\000"
 721      7420756E 
 721      7369676E 
 721      65642069 
 721      6E7400
 722              	.LASF18:
 723 00a5 70696E5F 		.ascii	"pin_oled_cs_Read\000"
 723      6F6C6564 
 723      5F63735F 
 723      52656164 
 723      00
ARM GAS  C:\Users\info\AppData\Local\Temp\ccsgNAL8.s 			page 27


 724              	.LASF10:
 725 00b6 646F7562 		.ascii	"double\000"
 725      6C6500
 726              	.LASF14:
 727 00bd 70696E5F 		.ascii	"pin_oled_cs_Write\000"
 727      6F6C6564 
 727      5F63735F 
 727      57726974 
 727      6500
 728              	.LASF8:
 729 00cf 756E7369 		.ascii	"unsigned int\000"
 729      676E6564 
 729      20696E74 
 729      00
 730              	.LASF22:
 731 00dc 433A5C55 		.ascii	"C:\\Users\\info\\Desktop\\Spring 2019 Classes\\6.11"
 731      73657273 
 731      5C696E66 
 731      6F5C4465 
 731      736B746F 
 732 010a 355C362E 		.ascii	"5\\6.115-final\\PSoCCreator\\Final Project\\FinalEm"
 732      3131352D 
 732      66696E61 
 732      6C5C5053 
 732      6F434372 
 733 0139 756C6174 		.ascii	"ulator.cydsn\000"
 733      6F722E63 
 733      7964736E 
 733      00
 734              	.LASF7:
 735 0146 6C6F6E67 		.ascii	"long long unsigned int\000"
 735      206C6F6E 
 735      6720756E 
 735      7369676E 
 735      65642069 
 736              	.LASF20:
 737 015d 474E5520 		.ascii	"GNU C11 5.4.1 20160609 (release) [ARM/embedded-5-br"
 737      43313120 
 737      352E342E 
 737      31203230 
 737      31363036 
 738 0190 616E6368 		.ascii	"anch revision 237715] -mcpu=cortex-m3 -mthumb -g -O"
 738      20726576 
 738      6973696F 
 738      6E203233 
 738      37373135 
 739 01c3 73202D66 		.ascii	"s -ffunction-sections -ffat-lto-objects -flto\000"
 739      66756E63 
 739      74696F6E 
 739      2D736563 
 739      74696F6E 
 740              	.LASF17:
 741 01f1 6D6F6465 		.ascii	"mode\000"
 741      00
 742              	.LASF6:
 743 01f6 6C6F6E67 		.ascii	"long long int\000"
 743      206C6F6E 
ARM GAS  C:\Users\info\AppData\Local\Temp\ccsgNAL8.s 			page 28


 743      6720696E 
 743      7400
 744              	.LASF11:
 745 0204 63686172 		.ascii	"char\000"
 745      00
 746              	.LASF2:
 747 0209 73686F72 		.ascii	"short int\000"
 747      7420696E 
 747      7400
 748              	.LASF12:
 749 0213 75696E74 		.ascii	"uint8\000"
 749      3800
 750              	.LASF4:
 751 0219 6C6F6E67 		.ascii	"long int\000"
 751      20696E74 
 751      00
 752              	.LASF0:
 753 0222 7369676E 		.ascii	"signed char\000"
 753      65642063 
 753      68617200 
 754              		.comm	__gnu_lto_v1,1,1
 755              		.ident	"GCC: (GNU Tools for ARM Embedded Processors) 5.4.1 20160609 (release) [ARM/embedded-5-bran
