ARM GAS  C:\Users\info\AppData\Local\Temp\ccQuOBN0.s 			page 1


   1              		.syntax unified
   2              		.cpu cortex-m3
   3              		.fpu softvfp
   4              		.eabi_attribute 20, 1
   5              		.eabi_attribute 21, 1
   6              		.eabi_attribute 23, 3
   7              		.eabi_attribute 24, 1
   8              		.eabi_attribute 25, 1
   9              		.eabi_attribute 26, 1
  10              		.eabi_attribute 30, 4
  11              		.eabi_attribute 34, 1
  12              		.eabi_attribute 18, 4
  13              		.thumb
  14              		.syntax unified
  15              		.file	"pin_oled_clk.c"
  16              		.text
  17              	.Ltext0:
  18              		.section	.gnu.lto_.profile.bf1522bd,"",%progbits
  19 0000 789C6361 		.ascii	"x\234ca`d`a`\000\222bB\000\000\250\0003"
  19      60646061 
  19      60009262 
  19      420000A8 
  19      0033
  20              		.text
  21              		.section	.gnu.lto_.icf.bf1522bd,"",%progbits
  22 0000 789C6361 		.ascii	"x\234ca`d\000\001)\006\004`a8s\372T\0133\343\356/\217"
  22      60640001 
  22      29060460 
  22      613873FA 
  22      540B33E3 
  23 0017 3FF0336D 		.ascii	"?\3603m\177;\371\015\007\363\352\216\003\315\\\014\000"
  23      7F3BF90D 
  23      07F3EA8E 
  23      03CD5C0C 
  23      00
  24 0028 AE210C4E 		.ascii	"\256!\014N"
  25              		.text
  26              		.section	.gnu.lto_.jmpfuncs.bf1522bd,"",%progbits
  27 0000 789C6361 		.ascii	"x\234ca`d\000\001!\006\004`a`dd\254g\004\021L\014\014"
  27      60640001 
  27      21060460 
  27      61606464 
  27      AC670411 
  28 0017 CC401100 		.ascii	"\314@\021\000\016\"\001&"
  28      0E220126 
  29              		.text
  30              		.section	.gnu.lto_.inline.bf1522bd,"",%progbits
  31 0000 789C6361 		.ascii	"x\234ca`d\000\201$\006\004`a`\340`gdd\340\000J1s\034"
  31      60640081 
  31      24060460 
  31      6160E060 
  31      676464E0 
  32 0019 B063605B 		.ascii	"\260c`[ \317\304\300t\201\237\005$\313\210O\222\211"
  32      20CFC4C0 
  32      74819F05 
  32      24CB884F 
  32      9289
ARM GAS  C:\Users\info\AppData\Local\Temp\ccQuOBN0.s 			page 2


  33 002b 81958591 		.ascii	"\201\225\205\221\201\211e\201<D\034\010\2301\205\030"
  33      81896581 
  33      3C441C08 
  33      98318518 
  34 003b 00DE5809 		.ascii	"\000\336X\011<"
  34      3C
  35              		.text
  36              		.section	.gnu.lto_.pureconst.bf1522bd,"",%progbits
  37 0000 789C6361 		.ascii	"x\234ca`d\340d```a\220b\224b\222b\226\002\000\002\261"
  37      6064E064 
  37      60606061 
  37      90629462 
  37      92629602 
  38 0017 0081     		.ascii	"\000\201"
  39              		.text
  40              		.section	.gnu.lto_pin_oled_clk_Write.bf1522bd,"",%progbits
  41 0000 789C5550 		.ascii	"x\234UPMK\033Q\024\275\347\275L\014~\375\201f\341F%"
  41      4D4B1B51 
  41      14BDE7BD 
  41      4C0C7EFD 
  41      8166E146 
  42 0015 1B2D942E 		.ascii	"\033-\224.\334\326E\267\245n\003\022\322Y\004\243)\032"
  42      DCD645B7 
  42      A56E0312 
  42      D25904A3 
  42      291A
  43 0027 DDFAC618 		.ascii	"\335\372\306\030\203\355\306EkV\255P\021\323V\243\021"
  43      83EDC645 
  43      6B56AD50 
  43      11D356A3 
  43      11
  44 0038 140417C3 		.ascii	"\024\004\027\303\254\213\"H\013m-\342b\012]\245`\250"
  44      AC8B2248 
  44      0B6D2DE2 
  44      620A5DA5 
  44      60A8
  45 004a F815EF9D 		.ascii	"\370\025\357\235\351B\037\274yo\316;\347\334so\204@"
  45      E9421FBC 
  45      796FCE3B 
  45      E7DC736F 
  45      8440
  46 005c C1524403 		.ascii	"\301RD\003|<\340\015MP\013\373DNL\001r11\320\264\302"
  46      7C3CE00D 
  46      4D500BFB 
  46      444E4C01 
  46      723131D0 
  47 0072 341AEA5A 		.ascii	"4\032\352Z\301+\371\273*\261jx\235\254\274\327\246\342"
  47      C12BF9BB 
  47      2AB16A78 
  47      9DACBCD7 
  47      A6E2
  48 0084 A2A8899A 		.ascii	"\242\250\211\232*t\302*\022\314\372\275W:\202N\200\370"
  48      2A74C22A 
  48      12CCFABD 
  48      573A824E 
  48      80F8
  49 0096 3EE735EA 		.ascii	">\3475\352m\275+\306\314\030\323L\032]\324@\005\232"
ARM GAS  C:\Users\info\AppData\Local\Temp\ccQuOBN0.s 			page 3


  49      6DBD2BC6 
  49      CC18D34C 
  49      1A5DD440 
  49      059A
  50 00a8 157814C7 		.ascii	"\025x\024\307\30381@\370\210^!\237\177?\252v\352\376"
  50      C3383140 
  50      F8885E21 
  50      9F7F3FAA 
  50      76EAFE
  51 00bb 40B860FC 		.ascii	"@\270`\374\017\355\335\313\"t\377\215\226\215\353t\211"
  51      0FEDDDCB 
  51      2274FF8D 
  51      968DEB74 
  51      89
  52 00cc F6D35DAD 		.ascii	"\366\323]\255,\246\236\326n\336vDg%U\027>\243;\314\203"
  52      2CA69ED6 
  52      6EDE7644 
  52      67255517 
  52      3EA33BCC 
  53 00e1 3544B943 		.ascii	"5D\271C\010\262\361\3345\315f\301\270\015\253\241c\212"
  53      08B2F1DC 
  53      35CD66C1 
  53      B80DABA1 
  53      638A
  54 00f3 8B2AEE94 		.ascii	"\213*\356\224\037\"\220\332\226\000Q\371\020\325yK\343"
  54      1F2290DA 
  54      960051F9 
  54      10D5794B 
  54      E3
  55 0104 7F959253 		.ascii	"\177\225\222S\373\360.^\375*\267\210]A\313\020\026\213"
  55      FBF02E5E 
  55      FD2AB788 
  55      5D41CB10 
  55      168B
  56 0116 DE41CB99 		.ascii	"\336A\313\231*j\035\004=\254\034\227\377\377\272\313"
  56      2A6A1D04 
  56      3DAC1C97 
  56      FFFFBACB 
  57 0126 8E893054 		.ascii	"\216\2110T\3359\231o_\302;g\226\307\023A\025q\254\203"
  57      DD39996F 
  57      5FC23B67 
  57      96C71341 
  57      1571AC83 
  58 013a E362034B 		.ascii	"\343b\003K \037\205\253\271\237\010\015u\350\371\343"
  58      201F85AB 
  58      B99F080D 
  58      75E8F9E3 
  59 014a F5D7371D 		.ascii	"\365\3277\035b\002\334\000\233L>\205\012:\340\220\314"
  59      6202DC00 
  59      9B4C3E85 
  59      0A3AE090 
  59      CC
  60 015b 0A45FE37 		.ascii	"\012E\3767+TY\005-u\266K_j\255\242\3426Pc\021\263\316"
  60      2B545905 
  60      2D75B64B 
  60      5F6AADA2 
  60      E2365063 
ARM GAS  C:\Users\info\AppData\Local\Temp\ccQuOBN0.s 			page 4


  61 0172 A32125F4 		.ascii	"\243!%\364\266\030\362\026\203Z\367r9\306\264\335\217"
  61      B618F216 
  61      835AF772 
  61      39C6B4DD 
  61      8F
  62 0183 B6C5D158 		.ascii	"\266\305\321XE\1770\343^\006e\202\361\326\025d\014<"
  62      457F30E3 
  62      5E066582 
  62      F1D61564 
  62      0C3C
  63 0195 949EA7F6 		.ascii	"\224\236\247\366\230=\236\312\333/\206\207r\223\343"
  63      983D9ECA 
  63      DB2F8687 
  63      7293E3
  64 01a4 693BF96C 		.ascii	"i;\371l(7\3708\371236\234\3132\232\316\216\364\245\311"
  64      2837F838 
  64      F9323336 
  64      9CCB329A 
  64      CE8EF4A5 
  65 01b9 9A4A6527 		.ascii	"\232Je'\355\326\211|*\237I?\311\344'n\001 9\270\207"
  65      EDD6897C 
  65      2A9F493F 
  65      C9E4276E 
  65      012039B8 
  66              		.text
  67              		.section	.gnu.lto_pin_oled_clk_SetDriveMode.bf1522bd,"",%progbits
  68 0000 789C7D51 		.ascii	"x\234}QMK\033Q\024\275\347\275\311\314\004\321?\320"
  68      4D4B1B51 
  68      14BDE7BD 
  68      C9CC04D1 
  68      3FD0
  69 0012 2C5C55B2 		.ascii	",\\U\262P\204\342/\020\332mi\266J(q\026\342GT\352\332"
  69      5084E22F 
  69      10DA6D69 
  69      B64A2871 
  69      16E24754 
  70 0028 978C4168 		.ascii	"\227\214Ah7\205\322lj\324\215\230\326h\024W\356\306"
  70      3785D26C 
  70      6AD48D98 
  70      D6681457 
  70      EEC6
  71 003a 80AE4477 		.ascii	"\200\256Dw.\\\224\320E,\005%\361\203\026[M\357\235\351"
  71      2E5C94D0 
  71      452C0525 
  71      F183165B 
  71      4DEF9DE9 
  72 004e 22AB3EE6 		.ascii	"\"\253>\346\335\217\3039\207{\337X\004\222\363\235S"
  72      DD8FC339 
  72      877BDF58 
  72      0492F39D 
  72      53
  73 005f 3FE7277C 		.ascii	"?\347'|\241\011\352\375\011Q\316U\200\024\306\005-("
  73      A109EAFD 
  73      0951CE55 
  73      8014C605 
  73      2D28
  74 0071 2CE04E3D 		.ascii	",\340N=(\324\226\032\373*\271a\370\324\017\257\006M"
ARM GAS  C:\Users\info\AppData\Local\Temp\ccQuOBN0.s 			page 5


  74      28D4961A 
  74      FB2AB961 
  74      F8D40FAF 
  74      064D
  75 0083 39404113 		.ascii	"9@A\023\265U\350D\330@\222Y7{\353\037\272t\022\304u"
  75      B555E844 
  75      D8409259 
  75      377BEB1F 
  75      BA7412C4 
  76 0098 EBA4F9B5 		.ascii	"\353\244\371\265\247o\335\230\2741\245Q\243\013\032"
  76      A76FDD98 
  76      BC31A551 
  76      A30B1A
  77 00a7 2843B302 		.ascii	"(C\263\002\317\022\030L\020\003\204\317\350\023\362"
  77      CF12184C 
  77      100384CF 
  77      E813F2
  78 00b6 B7DDC78F 		.ascii	"\267\335\307\217\335\366\242\330\367F\246\370\002[\306"
  78      DDF6A2D8 
  78      F746A6F8 
  78      025BC6
  79 00c5 ACBE0A4C 		.ascii	"\254\276\012L\273\355\233\340\247}pow)\226)\315A[\022"
  79      BBED9BE0 
  79      A77D706F 
  79      77299629 
  79      CD415B12 
  80 00d9 6210075B 		.ascii	"b\020\007[JG\202+!.\034\242&_Y\244\245\224d\335@\355"
  80      4A47822B 
  80      212E1CA2 
  80      265F59A4 
  80      A59464DD 
  81 00ef FE6DE393 		.ascii	"\376m\343\223%\316\276\226\245\212\205\332\251s\253"
  81      25CEBE96 
  81      A58A85DA 
  81      A973AB
  82 00fe 0ADA0A27 		.ascii	"\012\332\012'.\373\307-7j\353k9c1\264\\\277X\351^E)"
  82      2EFBC72D 
  82      376AEB6B 
  82      396331B4 
  82      5CBF58E9 
  83 0115 B7C8EBC6 		.ascii	"\267\310\353\306PA\002\233H\360t[X\0055\220\277v\";"
  83      5041029B 
  83      48F0745B 
  83      58053590 
  83      BF76223B 
  84 0129 CD8EDCFB 		.ascii	"\315\216\334\373\177\354\250\267\030b\375\371\321\273"
  84      7FECA8B7 
  84      1862FDF9 
  84      D1BB
  85 0137 87B8586A 		.ascii	"\207\270Xj\314b\233\225\035\022\376b\235\022\207!\226"
  85      CC629B95 
  85      1D12FE62 
  85      9D128721 
  85      96
  86 0148 5C9E6D56 		.ascii	"\\\236mVt$\351A5\224\370\277\376Q\334\320\330\351t\211"
  86      7424E941 
  86      3594F8BF 
ARM GAS  C:\Users\info\AppData\Local\Temp\ccQuOBN0.s 			page 6


  86      FE51DCD0 
  86      D8E97489 
  87 015c 33CA7DAD 		.ascii	"3\312}\255\010\351\3777\362\016\217\314|\372\201|\360"
  87      08E9FF37 
  87      F20E8FCC 
  87      7CFA817C 
  87      F0
  88 016d FBB9B0C3 		.ascii	"\373\271\260\303_\327T\220\347\341\307z\372\302\233"
  88      5FD75490 
  88      E7E1C77A 
  88      FAC29B
  89 017c F6E65EBF 		.ascii	"\366\346^\277\361\306\322\251\354\374\\\306\033y\231"
  89      F1C6D2A9 
  89      ECFC5CC6 
  89      1B7999
  90 018b CA0E0F8D 		.ascii	"\312\016\017\215\314\214O\247\263\223\214f&'\0062dM"
  90      CC8C4FA7 
  90      B3938C66 
  90      26270632 
  90      644D
  91 019d 65C7BCBF 		.ascii	"e\307\274\277\244\016\250\310"
  91      A40EA8C8 
  92              		.text
  93              		.section	.gnu.lto_pin_oled_clk_Read.bf1522bd,"",%progbits
  94 0000 789C6361 		.ascii	"x\234ca`d\000\001f \245\001\244\245\201\230\221\231"
  94      60640001 
  94      6620A501 
  94      A4A58198 
  94      9199
  95 0012 819169C2 		.ascii	"\201\221i\3029\006\206F\016&FF\020\243\201\203\221\241"
  95      39068646 
  95      0E264646 
  95      10A38183 
  95      91A1
  96 0024 9E89B19E 		.ascii	"\236\211\261\236\361+\323_&\306\323\337O\364pi.ohhj"
  96      F12BD35F 
  96      26C6D3DF 
  96      4FF47069 
  96      2E6F6868 
  97 0039 78B0F497 		.ascii	"x\260\364\227\305\364\025\007\030[\231\031\030\3763"
  97      C5F41507 
  97      185B9919 
  97      18FE33
  98 0048 31301ACB 		.ascii	"10\032\3130\032\310\200\214X\316\250\311\000T\372h\343"
  98      301AC880 
  98      8C58CEA8 
  98      C90054FA 
  98      68E3
  99 005a BFA9BC6C 		.ascii	"\277\251\274l-\015@\240\000R\000\224Y\301\310\006\262"
  99      2D0D40A0 
  99      00520094 
  99      59C1C806 
  99      B2
 100 006b 727DD081 		.ascii	"r}\320\201\206\377\377\233\033\016\\e?x\203\235\205"
 100      86FFFF9B 
 100      1B0E5C65 
 100      3F78839D 
ARM GAS  C:\Users\info\AppData\Local\Temp\ccQuOBN0.s 			page 7


 100      85
 101 007c 89A19519 		.ascii	"\211\241\225\031h/\310\034\206\017@u [?21\201h\346g"
 101      682FC81C 
 101      860F4075 
 101      205B3F32 
 101      318168E6 
 102 0091 8C877E75 		.ascii	"\214\207~u\335\233g\005\322\332\314\014r\301\264\326"
 102      DD9B6705 
 102      D2DACC0C 
 102      72C1B4D6 
 103 00a1 43E7D9BF 		.ascii	"C\347\331\2770\265231\202lY9q\373'(\367\340\342\306"
 103      30B53233 
 103      31826C59 
 103      3971FB27 
 103      28F7E0E2 
 104 00b6 0616A050 		.ascii	"\006\026\240P\343\366\265\307\331\3473\316ml\001\272"
 104      E3F6B5C7 
 104      D9E733CE 
 104      6D6C01BA 
 105 00c6 8D997115 		.ascii	"\215\231q\025\243\014\343JF\240\313\030W3\316gdx\306"
 105      A30CE34A 
 105      46A0CB18 
 105      5733CE67 
 105      6478C6
 106 00d9 D8FCA7ED 		.ascii	"\330\374\247\355\011#\304@f\210\231[\333\317l\344\002"
 106      0923C440 
 106      6688995B 
 106      DBCF6CE4 
 106      02
 107 00ea 19C2C0C8 		.ascii	"\031\302\300\310\310\270\006\250\366\025#\023T\001\003"
 107      C8B806A8 
 107      F6152313 
 107      540103
 108 00f9 D8518C20 		.ascii	"\330Q\214 \307\000\235\246\346\236\232\227Z\224X\222"
 108      C7009DA6 
 108      E69E9A97 
 108      5A945892 
 109 0109 9A121F9C 		.ascii	"\232\022\037\234_Z\224\234\032\023\020\234\357l\032"
 109      5F5A949C 
 109      1A13109C 
 109      EF6C1A
 110 0118 53909917 		.ascii	"S\220\231\027\237\237\003\024M\316\311\326Kf\000\000"
 110      9F9F0314 
 110      4DCEC9D6 
 110      4B660000 
 111 0128 B1076660 		.ascii	"\261\007f`"
 112              		.text
 113              		.section	.gnu.lto_pin_oled_clk_ReadDataReg.bf1522bd,"",%progbits
 114 0000 789C6361 		.ascii	"x\234ca`d\000\001f \245\001\244\245\201\230\221\231"
 114      60640001 
 114      6620A501 
 114      A4A58198 
 114      9199
 115 0012 819169C2 		.ascii	"\201\221i\3029\006\206F\016&FF\020\243\201\203\221\241"
 115      39068646 
 115      0E264646 
 115      10A38183 
ARM GAS  C:\Users\info\AppData\Local\Temp\ccQuOBN0.s 			page 8


 115      91A1
 116 0024 9E89B19E 		.ascii	"\236\211\261\236\361+\323_&\306\323\337O\364pi.ohhj"
 116      F12BD35F 
 116      26C6D3DF 
 116      4FF47069 
 116      2E6F6868 
 117 0039 78B074B9 		.ascii	"x\260t\271\345\364\025\007\030[\231\031\030\376310\032"
 117      E5F41507 
 117      185B9919 
 117      18FE3331 
 117      301A
 118 004b CB301AC8 		.ascii	"\3130\032\310\200\214X\316\250\311\000T\372h\343\277"
 118      808C58CE 
 118      A8C90054 
 118      FA68E3BF 
 119 005b A9BC6C2D 		.ascii	"\251\274l-\015@\240\000R\000\224Y\301\310\006\262r}"
 119      0D40A000 
 119      52009459 
 119      C1C806B2 
 119      727D
 120 006d D08186FF 		.ascii	"\320\201\206\377\377\233\033\016\354\345:x\201\213\205"
 120      FF9B1B0E 
 120      ECE53A78 
 120      818B85
 121 007c 89A19519 		.ascii	"\211\241\225\031h/\310\034\206\017@u [?21\201h\346g"
 121      682FC81C 
 121      860F4075 
 121      205B3F32 
 121      318168E6 
 122 0091 8C877E75 		.ascii	"\214\207~u\375[i\005\322\332\314\014r\301\264\326C\347"
 122      FD5B6905 
 122      D2DACC0C 
 122      72C1B4D6 
 122      43E7
 123 00a3 D9BF30B5 		.ascii	"\331\2770\265231\202l\271\270\342\356t(\367\300\342"
 123      32333182 
 123      6CB9B8E2 
 123      EE7428F7 
 123      C0E2
 124 00b5 C60616A0 		.ascii	"\306\006\026\240\320\272m\017:y\3463\316ml\001\272\215"
 124      D0BA6D0F 
 124      3A79E633 
 124      CE6D6C01 
 124      BA8D
 125 00c7 997115A3 		.ascii	"\231q\025\243\014\343JF\240\313\030W3\316gdx\306\330"
 125      0CE34A46 
 125      A0CB1857 
 125      33CE6764 
 125      78C6D8
 126 00da FCA7ED09 		.ascii	"\374\247\355\011#\304@f\210\231[\333\317l\344\002\031"
 126      23C44066 
 126      88995BDB 
 126      CF6CE402 
 126      19
 127 00eb C2C0C8C8 		.ascii	"\302\300\310\310\270\006\250\366\025#\023T\001\003\330"
 127      B806A8F6 
 127      15231354 
ARM GAS  C:\Users\info\AppData\Local\Temp\ccQuOBN0.s 			page 9


 127      0103D8
 128 00fa 518C20C7 		.ascii	"Q\214 \307\000\235\246\346\236\232\227Z\224X\222\232"
 128      009DA6E6 
 128      9E9A975A 
 128      9458929A 
 129 010a 121F9C5F 		.ascii	"\022\037\234_Z\224\234\032\023\020\234\357l\032S\220"
 129      5A949C1A 
 129      13109CEF 
 129      6C1A5390 
 130 011a 99179F9F 		.ascii	"\231\027\237\237\003\024M\316\311\326Kf\000\000xPfN"
 130      03144DCE 
 130      C9D64B66 
 130      00007850 
 130      664E
 131              		.text
 132              		.section	.gnu.lto_.symbol_nodes.bf1522bd,"",%progbits
 133 0000 789C6361 		.ascii	"x\234ca`dpc\000\002&\206z\006\206\011\347\030@\324\256"
 133      60647063 
 133      00022686 
 133      7A068609 
 133      E71840D4 
 134 0015 0645A000 		.ascii	"\006E\240\000c=#\252\000S=\023\252\000s=3\212\000\003"
 134      633D23AA 
 134      00533D13 
 134      AA00733D 
 134      338A0003 
 135 0029 0026B60F 		.ascii	"\000&\266\017<"
 135      3C
 136              		.text
 137              		.section	.gnu.lto_.refs.bf1522bd,"",%progbits
 138 0000 789C6361 		.ascii	"x\234ca`\004B \000\000\0009\000\007"
 138      60044220 
 138      00000039 
 138      0007
 139              		.text
 140              		.section	.gnu.lto_.decls.bf1522bd,"",%progbits
 141 0000 789C8D53 		.ascii	"x\234\215S]H\024Q\024\276gf]e45\211\330`\011\363!|i"
 141      5D481451 
 141      14BE6766 
 141      5D653435 
 141      89D86009 
 142 0018 4922F021 		.ascii	"I\"\360!*P\362\251\010-{\221D\327\301$S\331\326\300"
 142      2A50F2A9 
 142      082D7B91 
 142      44D7C124 
 142      53D9D6C0 
 143 002c B78B1A99 		.ascii	"\267\213\032\231OZi\256)\371\003\345_\376\256\333\356"
 143      4F5A69AE 
 143      29F903E5 
 143      5FFEAEDB 
 143      EE
 144 003d 66BA9AA9 		.ascii	"f\272\232\251D\206? \210d\202\365 \025XJ\346\203m\347"
 144      44863F20 
 144      886482F5 
 144      2015584A 
 144      E6836DE7 
 145 0051 DE997556 		.ascii	"\336\231uV]\251\313\236\271\347\334s\276\357|\347\316"
ARM GAS  C:\Users\info\AppData\Local\Temp\ccQuOBN0.s 			page 10


 145      5DA9CB9E 
 145      B9E7DC73 
 145      BEEF7CE7 
 145      CE
 146 0062 AC8E0061 		.ascii	"\254\216\000a\353\272\216\020\007\356\221\030zq\005"
 146      EBBA8E10 
 146      07EE9118 
 146      7A7105
 147 0071 A19F4AB4 		.ascii	"\241\237J\264\205i\322\207\326\217\346Ds\223\275\213"
 147      8569D287 
 147      D68FE644 
 147      7393BD8B 
 148 0081 E57DB84E 		.ascii	"\345}\270N4#\3320\332\220\232\007\265f\367b\234\372"
 148      3423DA30 
 148      DA909A07 
 148      B566F762 
 148      9CFA
 149 0093 5DB8D100 		.ascii	"]\270\321\000\330\376\000X\247\252m\277~\316\000\030"
 149      D8FE0058 
 149      A7AA6DBF 
 149      7ECE0018 
 150 00a3 F73F3081 		.ascii	"\367?0\201f\333\022\300Y^\363+b\001\346A\000\365\322"
 150      66DB12C0 
 150      595EF32B 
 150      6201E641 
 150      00F5D2
 151 00b6 0880F204 		.ascii	"\010\200\362\004nD1\036\242#\360'\331>\332\336\310v"
 151      6E44311E 
 151      A223F027 
 151      D93EDADE 
 151      C876
 152 00c8 89EA6A64 		.ascii	"\211\352jd\374\347\333\275\276\305I4vPA\260\255@\365"
 152      FCE7DBBD 
 152      BEC54934 
 152      765041B0 
 152      AD40F5
 153 00db 795ED01A 		.ascii	"y^\320\032\200\022\372\000~|\212\\?M\260s&\360\015\355"
 153      8012FA00 
 153      7E7C8A5C 
 153      3F4DB073 
 153      26F00DED 
 154 00ef 6D5A5C14 		.ascii	"mZ\\\024D\234\030\375O\233-\027L\035\024W\005\245\302"
 154      449C18FD 
 154      4F9B2D17 
 154      4C1D1457 
 154      05A5C2
 155 0102 09ED66BA 		.ascii	"\011\355f\272\356~n\015Y\027\300(\201\027X\374\315\265"
 155      EE7E6E0D 
 155      5917C028 
 155      811758FC 
 155      CDB5
 156 0114 79408959 		.ascii	"y@\211Y\332V\271\374'T<\312|av\271}E\007\261\3223F\263"
 156      DA56B9FC 
 156      27543CCA 
 156      7C6176B9 
 156      7D4507B1 
 157 012c 64EB39EB 		.ascii	"d\3539\353\2424\022:A\202\016\020\241\025L\254\271Q"
ARM GAS  C:\Users\info\AppData\Local\Temp\ccQuOBN0.s 			page 11


 157      A234123A 
 157      41820E10 
 157      A1154CAC 
 157      B951
 158 013e C26719A5 		.ascii	"\302g\031\245\305t\265\211\352\015\004N\031\341\244"
 158      C574B589 
 158      EA0D044E 
 158      19E1A4
 159 014d 91C00B88 		.ascii	"\221\300\013\210e\234\254\012\332\301\010m`d\374_\036"
 159      659CAC0A 
 159      DAC1086D 
 159      6064FC5F 
 159      1E
 160 015e 3FFDAAD7 		.ascii	"?\375\252\327\011\010d<\231:v\366\326\273\341\211@\011"
 160      0908643C 
 160      993A76F6 
 160      D6BBE189 
 160      4009
 161 0170 51120818 		.ascii	"Q\022\010\030\316\254\276\257\017\305\360\220\004\221"
 161      CEACBEAF 
 161      0FC5F090 
 161      0491
 162 017e 187E7834 		.ascii	"\030~x4?\003\206j\246\201\226\320h\001R\017C\017\022"
 162      3F03866A 
 162      A68196D0 
 162      6801520F 
 162      430F12
 163 0191 76232181 		.ascii	"v#!\201^0\340\263\013t\312t\215\037k\036\004\3074\320"
 163      5E30E0B3 
 163      0B74CA74 
 163      8D1F6B1E 
 163      04C734D0 
 164 01a5 866EBA54 		.ascii	"\206n\272T?v\246\272\204\266 ,\232\225A\213&\032]\266"
 164      3F76A6BA 
 164      84B6202C 
 164      9A95418B 
 164      261A5DB6 
 165 01b9 3D8705BC 		.ascii	"=\207\005\274\312>\210A\344H\357\357\246\010\361\026"
 165      CA3E8841 
 165      E448EFEF 
 165      A608F116 
 166 01c9 BF84870D 		.ascii	"\277\204\207\015\203\353!\012\213g},\214N!\307y\316"
 166      83EB210A 
 166      8B677D2C 
 166      8C4E21C7 
 166      79CE
 167 01db 61D738EC 		.ascii	"a\3278\354\376\034\375\234c\275\245\331\036&\336\003"
 167      FE1CFD9C 
 167      63BDA5D9 
 167      1E26DE03 
 168 01eb 4E525FD1 		.ascii	"NR_\321\334\026\352\257\233\015\254\011\177\311\205"
 168      DC16EAAF 
 168      9B0DAC09 
 168      7FC985
 169 01fa 67AABA07 		.ascii	"g\252\272\007\346\351\232\250v\234\035\027m\324S\214"
 169      E6E99AA8 
 169      769C1D17 
ARM GAS  C:\Users\info\AppData\Local\Temp\ccQuOBN0.s 			page 12


 169      6DD4538C 
 170 020a 30815581 		.ascii	"0\201U\201C\353\351\360\357\351\344=\233\034\343\023"
 170      43EBE9F0 
 170      EFE9E43D 
 170      9B1CE313 
 171 021a 20DA949E 		.ascii	" \332\224\236?\355\033U\341*\215\373\235O8#qi$.\177"
 171      3FED1B55 
 171      E12A8DFB 
 171      9D4F3823 
 171      7169242E 
 172 022f 12372799 		.ascii	"\0227'\231.\355\256\023\2257\240\303\360\307d\355r\270"
 172      2EEDAE13 
 172      9537A0C3 
 172      F0C764ED 
 172      72B8
 173 0241 F206A2D9 		.ascii	"\362\006\242\331X\245ksz\251\214\215\361_\357xr\245"
 173      58A56B73 
 173      7AA98C8D 
 173      F15FEF78 
 173      72A5
 174 0253 D11B2CF6 		.ascii	"\321\033,\366rIB_\225\255*\030\244\330\000pO\000\270"
 174      7249425F 
 174      95AD2A18 
 174      A4D80070 
 174      4F00B8
 175 0266 FAAD6D5E 		.ascii	"\372\255m^\251\274\317\346\037\302;\033\324\244\277"
 175      A9BCCFE6 
 175      1FC23B1B 
 175      D4A4BF
 176 0275 0649B92F 		.ascii	"\006I\271/\373\324\367\256\240\260r\366\331U\224\320"
 176      FBD4F7AE 
 176      A0B072F6 
 176      D95594D0 
 177 0285 A889705E 		.ascii	"\250\211p^9\200$\257\370\355\016C\030\377\177\340\276"
 177      398024AF 
 177      F8ED0E43 
 177      18FF7FE0 
 177      BE
 178 0296 25880373 		.ascii	"%\210\003sO\352D\314\261\237TKQ\012\235\006\030E2\036"
 178      4FEA44CC 
 178      B19F544B 
 178      510A9D06 
 178      1845321E 
 179 02aa AC9EE33E 		.ascii	"\254\236\343>;\246\253\305T_\023\356\223Hx\202\300\010"
 179      3BA6ABC5 
 179      545F13EE 
 179      93487882 
 179      C008
 180 02bc 22DF2031 		.ascii	"\"\337 1\017\243\012r\362\322\363s\345\254ts\356\315"
 180      0FA30A72 
 180      F2D2F373 
 180      E5AC7473 
 180      EECD
 181 02ce F46B961C 		.ascii	"\364k\226\034\253\034\222t\351jtB\\\034\011*\314\311"
 181      AB1C9274 
 181      E96A7442 
 181      5C1C092A 
ARM GAS  C:\Users\info\AppData\Local\Temp\ccQuOBN0.s 			page 13


 181      CCC9
 182 02e0 B3C61F4B 		.ascii	"\263\306\037K\222\363dK\206\025KR\362\013-f9\355rJ~"
 182      92F3644B 
 182      86154B52 
 182      F20B2D66 
 182      39ED724A 
 183 02f5 C2E93473 		.ascii	"\302\3514s\221\265\250@\276m\272A\216\357S\341Om2\223"
 183      91B5A840 
 183      BE6DBA41 
 183      8EEF53E1 
 183      4F6D3293 
 184 0309 233B5AA5 		.ascii	"#;Z\245\310\326DK\316\035\371b~\226|pG&Y\316\3102\354"
 184      C8D6444B 
 184      CE1DF962 
 184      7E967C70 
 184      472659CE 
 185 0320 3949CCB0 		.ascii	"9I\314\260f$\313\331:\213\234\035\377\027!\310{m"
 185      6624CBD9 
 185      3A8B9C1D 
 185      FF1721C8 
 185      7B6D
 186              		.text
 187              		.section	.gnu.lto_.symtab.bf1522bd,"",%progbits
 188 0000 70696E5F 		.ascii	"pin_oled_clk_Write\000"
 188      6F6C6564 
 188      5F636C6B 
 188      5F577269 
 188      746500
 189 0013 00       		.ascii	"\000"
 190 0014 00       		.ascii	"\000"
 191 0015 00       		.ascii	"\000"
 192 0016 00000000 		.ascii	"\000\000\000\000\000\000\000\000"
 192      00000000 
 193 001e B3000000 		.ascii	"\263\000\000\000"
 194 0022 70696E5F 		.ascii	"pin_oled_clk_SetDriveMode\000"
 194      6F6C6564 
 194      5F636C6B 
 194      5F536574 
 194      44726976 
 195 003c 00       		.ascii	"\000"
 196 003d 00       		.ascii	"\000"
 197 003e 00       		.ascii	"\000"
 198 003f 00000000 		.ascii	"\000\000\000\000\000\000\000\000"
 198      00000000 
 199 0047 B5000000 		.ascii	"\265\000\000\000"
 200 004b 70696E5F 		.ascii	"pin_oled_clk_Read\000"
 200      6F6C6564 
 200      5F636C6B 
 200      5F526561 
 200      6400
 201 005d 00       		.ascii	"\000"
 202 005e 00       		.ascii	"\000"
 203 005f 00       		.ascii	"\000"
 204 0060 00000000 		.ascii	"\000\000\000\000\000\000\000\000"
 204      00000000 
 205 0068 B8000000 		.ascii	"\270\000\000\000"
 206 006c 70696E5F 		.ascii	"pin_oled_clk_ReadDataReg\000"
ARM GAS  C:\Users\info\AppData\Local\Temp\ccQuOBN0.s 			page 14


 206      6F6C6564 
 206      5F636C6B 
 206      5F526561 
 206      64446174 
 207 0085 00       		.ascii	"\000"
 208 0086 00       		.ascii	"\000"
 209 0087 00       		.ascii	"\000"
 210 0088 00000000 		.ascii	"\000\000\000\000\000\000\000\000"
 210      00000000 
 211 0090 BA000000 		.ascii	"\272\000\000\000"
 212              		.text
 213              		.section	.gnu.lto_.opts,"",%progbits
 214 0000 272D666D 		.ascii	"'-fmath-errno' '-fsigned-zeros' '-ftrapping-math' '"
 214      6174682D 
 214      6572726E 
 214      6F272027 
 214      2D667369 
 215 0033 2D666E6F 		.ascii	"-fno-trapv' '-fno-openmp' '-fno-openacc' '-mcpu=cor"
 215      2D747261 
 215      70762720 
 215      272D666E 
 215      6F2D6F70 
 216 0066 7465782D 		.ascii	"tex-m3' '-mthumb' '-g' '-Os' '-ffunction-sections' "
 216      6D332720 
 216      272D6D74 
 216      68756D62 
 216      2720272D 
 217 0099 272D6666 		.ascii	"'-ffat-lto-objects' '-flto'\000"
 217      61742D6C 
 217      746F2D6F 
 217      626A6563 
 217      74732720 
 218              		.text
 219              		.cfi_sections	.debug_frame
 220              		.section	.text.pin_oled_clk_Write,"ax",%progbits
 221              		.align	1
 222              		.global	pin_oled_clk_Write
 223              		.thumb
 224              		.thumb_func
 225              		.type	pin_oled_clk_Write, %function
 226              	pin_oled_clk_Write:
 227              	.LFB0:
 228              		.file 1 "Generated_Source\\PSoC5\\pin_oled_clk.c"
   1:Generated_Source\PSoC5/pin_oled_clk.c **** /*******************************************************************************
   2:Generated_Source\PSoC5/pin_oled_clk.c **** * File Name: pin_oled_clk.c  
   3:Generated_Source\PSoC5/pin_oled_clk.c **** * Version 2.20
   4:Generated_Source\PSoC5/pin_oled_clk.c **** *
   5:Generated_Source\PSoC5/pin_oled_clk.c **** * Description:
   6:Generated_Source\PSoC5/pin_oled_clk.c **** *  This file contains API to enable firmware control of a Pins component.
   7:Generated_Source\PSoC5/pin_oled_clk.c **** *
   8:Generated_Source\PSoC5/pin_oled_clk.c **** * Note:
   9:Generated_Source\PSoC5/pin_oled_clk.c **** *
  10:Generated_Source\PSoC5/pin_oled_clk.c **** ********************************************************************************
  11:Generated_Source\PSoC5/pin_oled_clk.c **** * Copyright 2008-2015, Cypress Semiconductor Corporation.  All rights reserved.
  12:Generated_Source\PSoC5/pin_oled_clk.c **** * You may use this file only in accordance with the license, terms, conditions, 
  13:Generated_Source\PSoC5/pin_oled_clk.c **** * disclaimers, and limitations in the end user license agreement accompanying 
  14:Generated_Source\PSoC5/pin_oled_clk.c **** * the software package with which this file was provided.
ARM GAS  C:\Users\info\AppData\Local\Temp\ccQuOBN0.s 			page 15


  15:Generated_Source\PSoC5/pin_oled_clk.c **** *******************************************************************************/
  16:Generated_Source\PSoC5/pin_oled_clk.c **** 
  17:Generated_Source\PSoC5/pin_oled_clk.c **** #include "cytypes.h"
  18:Generated_Source\PSoC5/pin_oled_clk.c **** #include "pin_oled_clk.h"
  19:Generated_Source\PSoC5/pin_oled_clk.c **** 
  20:Generated_Source\PSoC5/pin_oled_clk.c **** /* APIs are not generated for P15[7:6] on PSoC 5 */
  21:Generated_Source\PSoC5/pin_oled_clk.c **** #if !(CY_PSOC5A &&\
  22:Generated_Source\PSoC5/pin_oled_clk.c **** 	 pin_oled_clk__PORT == 15 && ((pin_oled_clk__MASK & 0xC0) != 0))
  23:Generated_Source\PSoC5/pin_oled_clk.c **** 
  24:Generated_Source\PSoC5/pin_oled_clk.c **** 
  25:Generated_Source\PSoC5/pin_oled_clk.c **** /*******************************************************************************
  26:Generated_Source\PSoC5/pin_oled_clk.c **** * Function Name: pin_oled_clk_Write
  27:Generated_Source\PSoC5/pin_oled_clk.c **** ****************************************************************************//**
  28:Generated_Source\PSoC5/pin_oled_clk.c **** *
  29:Generated_Source\PSoC5/pin_oled_clk.c **** * \brief Writes the value to the physical port (data output register), masking
  30:Generated_Source\PSoC5/pin_oled_clk.c **** *  and shifting the bits appropriately. 
  31:Generated_Source\PSoC5/pin_oled_clk.c **** *
  32:Generated_Source\PSoC5/pin_oled_clk.c **** * The data output register controls the signal applied to the physical pin in 
  33:Generated_Source\PSoC5/pin_oled_clk.c **** * conjunction with the drive mode parameter. This function avoids changing 
  34:Generated_Source\PSoC5/pin_oled_clk.c **** * other bits in the port by using the appropriate method (read-modify-write or
  35:Generated_Source\PSoC5/pin_oled_clk.c **** * bit banding).
  36:Generated_Source\PSoC5/pin_oled_clk.c **** *
  37:Generated_Source\PSoC5/pin_oled_clk.c **** * <b>Note</b> This function should not be used on a hardware digital output pin 
  38:Generated_Source\PSoC5/pin_oled_clk.c **** * as it is driven by the hardware signal attached to it.
  39:Generated_Source\PSoC5/pin_oled_clk.c **** *
  40:Generated_Source\PSoC5/pin_oled_clk.c **** * \param value
  41:Generated_Source\PSoC5/pin_oled_clk.c **** *  Value to write to the component instance.
  42:Generated_Source\PSoC5/pin_oled_clk.c **** *
  43:Generated_Source\PSoC5/pin_oled_clk.c **** * \return 
  44:Generated_Source\PSoC5/pin_oled_clk.c **** *  None 
  45:Generated_Source\PSoC5/pin_oled_clk.c **** *
  46:Generated_Source\PSoC5/pin_oled_clk.c **** * \sideeffect
  47:Generated_Source\PSoC5/pin_oled_clk.c **** *  If you use read-modify-write operations that are not atomic; the Interrupt 
  48:Generated_Source\PSoC5/pin_oled_clk.c **** *  Service Routines (ISR) can cause corruption of this function. An ISR that 
  49:Generated_Source\PSoC5/pin_oled_clk.c **** *  interrupts this function and performs writes to the Pins component data 
  50:Generated_Source\PSoC5/pin_oled_clk.c **** *  register can cause corrupted port data. To avoid this issue, you should 
  51:Generated_Source\PSoC5/pin_oled_clk.c **** *  either use the Per-Pin APIs (primary method) or disable interrupts around 
  52:Generated_Source\PSoC5/pin_oled_clk.c **** *  this function.
  53:Generated_Source\PSoC5/pin_oled_clk.c **** *
  54:Generated_Source\PSoC5/pin_oled_clk.c **** * \funcusage
  55:Generated_Source\PSoC5/pin_oled_clk.c **** *  \snippet pin_oled_clk_SUT.c usage_pin_oled_clk_Write
  56:Generated_Source\PSoC5/pin_oled_clk.c **** *******************************************************************************/
  57:Generated_Source\PSoC5/pin_oled_clk.c **** void pin_oled_clk_Write(uint8 value)
  58:Generated_Source\PSoC5/pin_oled_clk.c **** {
 229              		.loc 1 58 0
 230              		.cfi_startproc
 231              		@ args = 0, pretend = 0, frame = 0
 232              		@ frame_needed = 0, uses_anonymous_args = 0
 233              		@ link register save eliminated.
 234              	.LVL0:
  59:Generated_Source\PSoC5/pin_oled_clk.c ****     uint8 staticBits = (pin_oled_clk_DR & (uint8)(~pin_oled_clk_MASK));
 235              		.loc 1 59 0
 236 0000 044A     		ldr	r2, .L2
  60:Generated_Source\PSoC5/pin_oled_clk.c ****     pin_oled_clk_DR = staticBits | ((uint8)(value << pin_oled_clk_SHIFT) & pin_oled_clk_MASK);
 237              		.loc 1 60 0
 238 0002 00F00100 		and	r0, r0, #1
 239              	.LVL1:
ARM GAS  C:\Users\info\AppData\Local\Temp\ccQuOBN0.s 			page 16


  59:Generated_Source\PSoC5/pin_oled_clk.c ****     uint8 staticBits = (pin_oled_clk_DR & (uint8)(~pin_oled_clk_MASK));
 240              		.loc 1 59 0
 241 0006 1378     		ldrb	r3, [r2]	@ zero_extendqisi2
 242              	.LVL2:
 243              		.loc 1 60 0
 244 0008 03F0FE03 		and	r3, r3, #254
 245              	.LVL3:
 246 000c 1843     		orrs	r0, r0, r3
 247 000e 1070     		strb	r0, [r2]
 248 0010 7047     		bx	lr
 249              	.L3:
 250 0012 00BF     		.align	2
 251              	.L2:
 252 0014 C0510040 		.word	1073762752
 253              		.cfi_endproc
 254              	.LFE0:
 255              		.size	pin_oled_clk_Write, .-pin_oled_clk_Write
 256              		.section	.text.pin_oled_clk_SetDriveMode,"ax",%progbits
 257              		.align	1
 258              		.global	pin_oled_clk_SetDriveMode
 259              		.thumb
 260              		.thumb_func
 261              		.type	pin_oled_clk_SetDriveMode, %function
 262              	pin_oled_clk_SetDriveMode:
 263              	.LFB1:
  61:Generated_Source\PSoC5/pin_oled_clk.c **** }
  62:Generated_Source\PSoC5/pin_oled_clk.c **** 
  63:Generated_Source\PSoC5/pin_oled_clk.c **** 
  64:Generated_Source\PSoC5/pin_oled_clk.c **** /*******************************************************************************
  65:Generated_Source\PSoC5/pin_oled_clk.c **** * Function Name: pin_oled_clk_SetDriveMode
  66:Generated_Source\PSoC5/pin_oled_clk.c **** ****************************************************************************//**
  67:Generated_Source\PSoC5/pin_oled_clk.c **** *
  68:Generated_Source\PSoC5/pin_oled_clk.c **** * \brief Sets the drive mode for each of the Pins component's pins.
  69:Generated_Source\PSoC5/pin_oled_clk.c **** * 
  70:Generated_Source\PSoC5/pin_oled_clk.c **** * <b>Note</b> This affects all pins in the Pins component instance. Use the
  71:Generated_Source\PSoC5/pin_oled_clk.c **** * Per-Pin APIs if you wish to control individual pin's drive modes.
  72:Generated_Source\PSoC5/pin_oled_clk.c **** *
  73:Generated_Source\PSoC5/pin_oled_clk.c **** * \param mode
  74:Generated_Source\PSoC5/pin_oled_clk.c **** *  Mode for the selected signals. Valid options are documented in 
  75:Generated_Source\PSoC5/pin_oled_clk.c **** *  \ref driveMode.
  76:Generated_Source\PSoC5/pin_oled_clk.c **** *
  77:Generated_Source\PSoC5/pin_oled_clk.c **** * \return
  78:Generated_Source\PSoC5/pin_oled_clk.c **** *  None
  79:Generated_Source\PSoC5/pin_oled_clk.c **** *
  80:Generated_Source\PSoC5/pin_oled_clk.c **** * \sideeffect
  81:Generated_Source\PSoC5/pin_oled_clk.c **** *  If you use read-modify-write operations that are not atomic, the ISR can
  82:Generated_Source\PSoC5/pin_oled_clk.c **** *  cause corruption of this function. An ISR that interrupts this function 
  83:Generated_Source\PSoC5/pin_oled_clk.c **** *  and performs writes to the Pins component Drive Mode registers can cause 
  84:Generated_Source\PSoC5/pin_oled_clk.c **** *  corrupted port data. To avoid this issue, you should either use the Per-Pin
  85:Generated_Source\PSoC5/pin_oled_clk.c **** *  APIs (primary method) or disable interrupts around this function.
  86:Generated_Source\PSoC5/pin_oled_clk.c **** *
  87:Generated_Source\PSoC5/pin_oled_clk.c **** * \funcusage
  88:Generated_Source\PSoC5/pin_oled_clk.c **** *  \snippet pin_oled_clk_SUT.c usage_pin_oled_clk_SetDriveMode
  89:Generated_Source\PSoC5/pin_oled_clk.c **** *******************************************************************************/
  90:Generated_Source\PSoC5/pin_oled_clk.c **** void pin_oled_clk_SetDriveMode(uint8 mode)
  91:Generated_Source\PSoC5/pin_oled_clk.c **** {
 264              		.loc 1 91 0
ARM GAS  C:\Users\info\AppData\Local\Temp\ccQuOBN0.s 			page 17


 265              		.cfi_startproc
 266              		@ args = 0, pretend = 0, frame = 0
 267              		@ frame_needed = 0, uses_anonymous_args = 0
 268              		@ link register save eliminated.
 269              	.LVL4:
  92:Generated_Source\PSoC5/pin_oled_clk.c **** 	CyPins_SetPinDriveMode(pin_oled_clk_0, mode);
 270              		.loc 1 92 0
 271 0000 044A     		ldr	r2, .L5
 272 0002 00F00E00 		and	r0, r0, #14
 273              	.LVL5:
 274 0006 1378     		ldrb	r3, [r2]	@ zero_extendqisi2
 275 0008 03F0F103 		and	r3, r3, #241
 276 000c 1843     		orrs	r0, r0, r3
 277 000e 1070     		strb	r0, [r2]
 278 0010 7047     		bx	lr
 279              	.L6:
 280 0012 00BF     		.align	2
 281              	.L5:
 282 0014 60500040 		.word	1073762400
 283              		.cfi_endproc
 284              	.LFE1:
 285              		.size	pin_oled_clk_SetDriveMode, .-pin_oled_clk_SetDriveMode
 286              		.section	.text.pin_oled_clk_Read,"ax",%progbits
 287              		.align	1
 288              		.global	pin_oled_clk_Read
 289              		.thumb
 290              		.thumb_func
 291              		.type	pin_oled_clk_Read, %function
 292              	pin_oled_clk_Read:
 293              	.LFB2:
  93:Generated_Source\PSoC5/pin_oled_clk.c **** }
  94:Generated_Source\PSoC5/pin_oled_clk.c **** 
  95:Generated_Source\PSoC5/pin_oled_clk.c **** 
  96:Generated_Source\PSoC5/pin_oled_clk.c **** /*******************************************************************************
  97:Generated_Source\PSoC5/pin_oled_clk.c **** * Function Name: pin_oled_clk_Read
  98:Generated_Source\PSoC5/pin_oled_clk.c **** ****************************************************************************//**
  99:Generated_Source\PSoC5/pin_oled_clk.c **** *
 100:Generated_Source\PSoC5/pin_oled_clk.c **** * \brief Reads the associated physical port (pin status register) and masks 
 101:Generated_Source\PSoC5/pin_oled_clk.c **** *  the required bits according to the width and bit position of the component
 102:Generated_Source\PSoC5/pin_oled_clk.c **** *  instance. 
 103:Generated_Source\PSoC5/pin_oled_clk.c **** *
 104:Generated_Source\PSoC5/pin_oled_clk.c **** * The pin's status register returns the current logic level present on the 
 105:Generated_Source\PSoC5/pin_oled_clk.c **** * physical pin.
 106:Generated_Source\PSoC5/pin_oled_clk.c **** *
 107:Generated_Source\PSoC5/pin_oled_clk.c **** * \return 
 108:Generated_Source\PSoC5/pin_oled_clk.c **** *  The current value for the pins in the component as a right justified number.
 109:Generated_Source\PSoC5/pin_oled_clk.c **** *
 110:Generated_Source\PSoC5/pin_oled_clk.c **** * \funcusage
 111:Generated_Source\PSoC5/pin_oled_clk.c **** *  \snippet pin_oled_clk_SUT.c usage_pin_oled_clk_Read  
 112:Generated_Source\PSoC5/pin_oled_clk.c **** *******************************************************************************/
 113:Generated_Source\PSoC5/pin_oled_clk.c **** uint8 pin_oled_clk_Read(void)
 114:Generated_Source\PSoC5/pin_oled_clk.c **** {
 294              		.loc 1 114 0
 295              		.cfi_startproc
 296              		@ args = 0, pretend = 0, frame = 0
 297              		@ frame_needed = 0, uses_anonymous_args = 0
 298              		@ link register save eliminated.
ARM GAS  C:\Users\info\AppData\Local\Temp\ccQuOBN0.s 			page 18


 115:Generated_Source\PSoC5/pin_oled_clk.c ****     return (pin_oled_clk_PS & pin_oled_clk_MASK) >> pin_oled_clk_SHIFT;
 299              		.loc 1 115 0
 300 0000 024B     		ldr	r3, .L8
 301 0002 1878     		ldrb	r0, [r3]	@ zero_extendqisi2
 116:Generated_Source\PSoC5/pin_oled_clk.c **** }
 302              		.loc 1 116 0
 303 0004 00F00100 		and	r0, r0, #1
 304 0008 7047     		bx	lr
 305              	.L9:
 306 000a 00BF     		.align	2
 307              	.L8:
 308 000c C1510040 		.word	1073762753
 309              		.cfi_endproc
 310              	.LFE2:
 311              		.size	pin_oled_clk_Read, .-pin_oled_clk_Read
 312              		.section	.text.pin_oled_clk_ReadDataReg,"ax",%progbits
 313              		.align	1
 314              		.global	pin_oled_clk_ReadDataReg
 315              		.thumb
 316              		.thumb_func
 317              		.type	pin_oled_clk_ReadDataReg, %function
 318              	pin_oled_clk_ReadDataReg:
 319              	.LFB3:
 117:Generated_Source\PSoC5/pin_oled_clk.c **** 
 118:Generated_Source\PSoC5/pin_oled_clk.c **** 
 119:Generated_Source\PSoC5/pin_oled_clk.c **** /*******************************************************************************
 120:Generated_Source\PSoC5/pin_oled_clk.c **** * Function Name: pin_oled_clk_ReadDataReg
 121:Generated_Source\PSoC5/pin_oled_clk.c **** ****************************************************************************//**
 122:Generated_Source\PSoC5/pin_oled_clk.c **** *
 123:Generated_Source\PSoC5/pin_oled_clk.c **** * \brief Reads the associated physical port's data output register and masks 
 124:Generated_Source\PSoC5/pin_oled_clk.c **** *  the correct bits according to the width and bit position of the component 
 125:Generated_Source\PSoC5/pin_oled_clk.c **** *  instance. 
 126:Generated_Source\PSoC5/pin_oled_clk.c **** *
 127:Generated_Source\PSoC5/pin_oled_clk.c **** * The data output register controls the signal applied to the physical pin in 
 128:Generated_Source\PSoC5/pin_oled_clk.c **** * conjunction with the drive mode parameter. This is not the same as the 
 129:Generated_Source\PSoC5/pin_oled_clk.c **** * preferred pin_oled_clk_Read() API because the 
 130:Generated_Source\PSoC5/pin_oled_clk.c **** * pin_oled_clk_ReadDataReg() reads the data register instead of the status 
 131:Generated_Source\PSoC5/pin_oled_clk.c **** * register. For output pins this is a useful function to determine the value 
 132:Generated_Source\PSoC5/pin_oled_clk.c **** * just written to the pin.
 133:Generated_Source\PSoC5/pin_oled_clk.c **** *
 134:Generated_Source\PSoC5/pin_oled_clk.c **** * \return 
 135:Generated_Source\PSoC5/pin_oled_clk.c **** *  The current value of the data register masked and shifted into a right 
 136:Generated_Source\PSoC5/pin_oled_clk.c **** *  justified number for the component instance.
 137:Generated_Source\PSoC5/pin_oled_clk.c **** *
 138:Generated_Source\PSoC5/pin_oled_clk.c **** * \funcusage
 139:Generated_Source\PSoC5/pin_oled_clk.c **** *  \snippet pin_oled_clk_SUT.c usage_pin_oled_clk_ReadDataReg 
 140:Generated_Source\PSoC5/pin_oled_clk.c **** *******************************************************************************/
 141:Generated_Source\PSoC5/pin_oled_clk.c **** uint8 pin_oled_clk_ReadDataReg(void)
 142:Generated_Source\PSoC5/pin_oled_clk.c **** {
 320              		.loc 1 142 0
 321              		.cfi_startproc
 322              		@ args = 0, pretend = 0, frame = 0
 323              		@ frame_needed = 0, uses_anonymous_args = 0
 324              		@ link register save eliminated.
 143:Generated_Source\PSoC5/pin_oled_clk.c ****     return (pin_oled_clk_DR & pin_oled_clk_MASK) >> pin_oled_clk_SHIFT;
 325              		.loc 1 143 0
 326 0000 024B     		ldr	r3, .L11
ARM GAS  C:\Users\info\AppData\Local\Temp\ccQuOBN0.s 			page 19


 327 0002 1878     		ldrb	r0, [r3]	@ zero_extendqisi2
 144:Generated_Source\PSoC5/pin_oled_clk.c **** }
 328              		.loc 1 144 0
 329 0004 00F00100 		and	r0, r0, #1
 330 0008 7047     		bx	lr
 331              	.L12:
 332 000a 00BF     		.align	2
 333              	.L11:
 334 000c C0510040 		.word	1073762752
 335              		.cfi_endproc
 336              	.LFE3:
 337              		.size	pin_oled_clk_ReadDataReg, .-pin_oled_clk_ReadDataReg
 338              		.text
 339              	.Letext0:
 340              		.file 2 "Generated_Source\\PSoC5\\cytypes.h"
 341              		.section	.debug_info,"",%progbits
 342              	.Ldebug_info0:
 343 0000 1D010000 		.4byte	0x11d
 344 0004 0400     		.2byte	0x4
 345 0006 00000000 		.4byte	.Ldebug_abbrev0
 346 000a 04       		.byte	0x4
 347 000b 01       		.uleb128 0x1
 348 000c 3C010000 		.4byte	.LASF20
 349 0010 0C       		.byte	0xc
 350 0011 0D020000 		.4byte	.LASF21
 351 0015 BB000000 		.4byte	.LASF22
 352 0019 00000000 		.4byte	.Ldebug_ranges0+0
 353 001d 00000000 		.4byte	0
 354 0021 00000000 		.4byte	.Ldebug_line0
 355 0025 02       		.uleb128 0x2
 356 0026 01       		.byte	0x1
 357 0027 06       		.byte	0x6
 358 0028 01020000 		.4byte	.LASF0
 359 002c 02       		.uleb128 0x2
 360 002d 01       		.byte	0x1
 361 002e 08       		.byte	0x8
 362 002f 30000000 		.4byte	.LASF1
 363 0033 02       		.uleb128 0x2
 364 0034 02       		.byte	0x2
 365 0035 05       		.byte	0x5
 366 0036 E8010000 		.4byte	.LASF2
 367 003a 02       		.uleb128 0x2
 368 003b 02       		.byte	0x2
 369 003c 07       		.byte	0x7
 370 003d 55000000 		.4byte	.LASF3
 371 0041 02       		.uleb128 0x2
 372 0042 04       		.byte	0x4
 373 0043 05       		.byte	0x5
 374 0044 F8010000 		.4byte	.LASF4
 375 0048 02       		.uleb128 0x2
 376 0049 04       		.byte	0x4
 377 004a 07       		.byte	0x7
 378 004b 43000000 		.4byte	.LASF5
 379 004f 02       		.uleb128 0x2
 380 0050 08       		.byte	0x8
 381 0051 05       		.byte	0x5
 382 0052 D5010000 		.4byte	.LASF6
ARM GAS  C:\Users\info\AppData\Local\Temp\ccQuOBN0.s 			page 20


 383 0056 02       		.uleb128 0x2
 384 0057 08       		.byte	0x8
 385 0058 07       		.byte	0x7
 386 0059 25010000 		.4byte	.LASF7
 387 005d 03       		.uleb128 0x3
 388 005e 04       		.byte	0x4
 389 005f 05       		.byte	0x5
 390 0060 696E7400 		.ascii	"int\000"
 391 0064 02       		.uleb128 0x2
 392 0065 04       		.byte	0x4
 393 0066 07       		.byte	0x7
 394 0067 AE000000 		.4byte	.LASF8
 395 006b 04       		.uleb128 0x4
 396 006c F2010000 		.4byte	.LASF12
 397 0070 02       		.byte	0x2
 398 0071 E401     		.2byte	0x1e4
 399 0073 2C000000 		.4byte	0x2c
 400 0077 02       		.uleb128 0x2
 401 0078 04       		.byte	0x4
 402 0079 04       		.byte	0x4
 403 007a 2A000000 		.4byte	.LASF9
 404 007e 02       		.uleb128 0x2
 405 007f 08       		.byte	0x8
 406 0080 04       		.byte	0x4
 407 0081 7B000000 		.4byte	.LASF10
 408 0085 02       		.uleb128 0x2
 409 0086 01       		.byte	0x1
 410 0087 08       		.byte	0x8
 411 0088 E3010000 		.4byte	.LASF11
 412 008c 04       		.uleb128 0x4
 413 008d 3E000000 		.4byte	.LASF13
 414 0091 02       		.byte	0x2
 415 0092 8E02     		.2byte	0x28e
 416 0094 98000000 		.4byte	0x98
 417 0098 05       		.uleb128 0x5
 418 0099 6B000000 		.4byte	0x6b
 419 009d 06       		.uleb128 0x6
 420 009e 68000000 		.4byte	.LASF14
 421 00a2 01       		.byte	0x1
 422 00a3 39       		.byte	0x39
 423 00a4 00000000 		.4byte	.LFB0
 424 00a8 18000000 		.4byte	.LFE0-.LFB0
 425 00ac 01       		.uleb128 0x1
 426 00ad 9C       		.byte	0x9c
 427 00ae D1000000 		.4byte	0xd1
 428 00b2 07       		.uleb128 0x7
 429 00b3 00000000 		.4byte	.LASF16
 430 00b7 01       		.byte	0x1
 431 00b8 39       		.byte	0x39
 432 00b9 6B000000 		.4byte	0x6b
 433 00bd 00000000 		.4byte	.LLST0
 434 00c1 08       		.uleb128 0x8
 435 00c2 06000000 		.4byte	.LASF23
 436 00c6 01       		.byte	0x1
 437 00c7 3B       		.byte	0x3b
 438 00c8 6B000000 		.4byte	0x6b
 439 00cc 21000000 		.4byte	.LLST1
ARM GAS  C:\Users\info\AppData\Local\Temp\ccQuOBN0.s 			page 21


 440 00d0 00       		.byte	0
 441 00d1 06       		.uleb128 0x6
 442 00d2 94000000 		.4byte	.LASF15
 443 00d6 01       		.byte	0x1
 444 00d7 5A       		.byte	0x5a
 445 00d8 00000000 		.4byte	.LFB1
 446 00dc 18000000 		.4byte	.LFE1-.LFB1
 447 00e0 01       		.uleb128 0x1
 448 00e1 9C       		.byte	0x9c
 449 00e2 F6000000 		.4byte	0xf6
 450 00e6 07       		.uleb128 0x7
 451 00e7 D0010000 		.4byte	.LASF17
 452 00eb 01       		.byte	0x1
 453 00ec 5A       		.byte	0x5a
 454 00ed 6B000000 		.4byte	0x6b
 455 00f1 39000000 		.4byte	.LLST2
 456 00f5 00       		.byte	0
 457 00f6 09       		.uleb128 0x9
 458 00f7 82000000 		.4byte	.LASF18
 459 00fb 01       		.byte	0x1
 460 00fc 71       		.byte	0x71
 461 00fd 6B000000 		.4byte	0x6b
 462 0101 00000000 		.4byte	.LFB2
 463 0105 10000000 		.4byte	.LFE2-.LFB2
 464 0109 01       		.uleb128 0x1
 465 010a 9C       		.byte	0x9c
 466 010b 09       		.uleb128 0x9
 467 010c 11000000 		.4byte	.LASF19
 468 0110 01       		.byte	0x1
 469 0111 8D       		.byte	0x8d
 470 0112 6B000000 		.4byte	0x6b
 471 0116 00000000 		.4byte	.LFB3
 472 011a 10000000 		.4byte	.LFE3-.LFB3
 473 011e 01       		.uleb128 0x1
 474 011f 9C       		.byte	0x9c
 475 0120 00       		.byte	0
 476              		.section	.debug_abbrev,"",%progbits
 477              	.Ldebug_abbrev0:
 478 0000 01       		.uleb128 0x1
 479 0001 11       		.uleb128 0x11
 480 0002 01       		.byte	0x1
 481 0003 25       		.uleb128 0x25
 482 0004 0E       		.uleb128 0xe
 483 0005 13       		.uleb128 0x13
 484 0006 0B       		.uleb128 0xb
 485 0007 03       		.uleb128 0x3
 486 0008 0E       		.uleb128 0xe
 487 0009 1B       		.uleb128 0x1b
 488 000a 0E       		.uleb128 0xe
 489 000b 55       		.uleb128 0x55
 490 000c 17       		.uleb128 0x17
 491 000d 11       		.uleb128 0x11
 492 000e 01       		.uleb128 0x1
 493 000f 10       		.uleb128 0x10
 494 0010 17       		.uleb128 0x17
 495 0011 00       		.byte	0
 496 0012 00       		.byte	0
ARM GAS  C:\Users\info\AppData\Local\Temp\ccQuOBN0.s 			page 22


 497 0013 02       		.uleb128 0x2
 498 0014 24       		.uleb128 0x24
 499 0015 00       		.byte	0
 500 0016 0B       		.uleb128 0xb
 501 0017 0B       		.uleb128 0xb
 502 0018 3E       		.uleb128 0x3e
 503 0019 0B       		.uleb128 0xb
 504 001a 03       		.uleb128 0x3
 505 001b 0E       		.uleb128 0xe
 506 001c 00       		.byte	0
 507 001d 00       		.byte	0
 508 001e 03       		.uleb128 0x3
 509 001f 24       		.uleb128 0x24
 510 0020 00       		.byte	0
 511 0021 0B       		.uleb128 0xb
 512 0022 0B       		.uleb128 0xb
 513 0023 3E       		.uleb128 0x3e
 514 0024 0B       		.uleb128 0xb
 515 0025 03       		.uleb128 0x3
 516 0026 08       		.uleb128 0x8
 517 0027 00       		.byte	0
 518 0028 00       		.byte	0
 519 0029 04       		.uleb128 0x4
 520 002a 16       		.uleb128 0x16
 521 002b 00       		.byte	0
 522 002c 03       		.uleb128 0x3
 523 002d 0E       		.uleb128 0xe
 524 002e 3A       		.uleb128 0x3a
 525 002f 0B       		.uleb128 0xb
 526 0030 3B       		.uleb128 0x3b
 527 0031 05       		.uleb128 0x5
 528 0032 49       		.uleb128 0x49
 529 0033 13       		.uleb128 0x13
 530 0034 00       		.byte	0
 531 0035 00       		.byte	0
 532 0036 05       		.uleb128 0x5
 533 0037 35       		.uleb128 0x35
 534 0038 00       		.byte	0
 535 0039 49       		.uleb128 0x49
 536 003a 13       		.uleb128 0x13
 537 003b 00       		.byte	0
 538 003c 00       		.byte	0
 539 003d 06       		.uleb128 0x6
 540 003e 2E       		.uleb128 0x2e
 541 003f 01       		.byte	0x1
 542 0040 3F       		.uleb128 0x3f
 543 0041 19       		.uleb128 0x19
 544 0042 03       		.uleb128 0x3
 545 0043 0E       		.uleb128 0xe
 546 0044 3A       		.uleb128 0x3a
 547 0045 0B       		.uleb128 0xb
 548 0046 3B       		.uleb128 0x3b
 549 0047 0B       		.uleb128 0xb
 550 0048 27       		.uleb128 0x27
 551 0049 19       		.uleb128 0x19
 552 004a 11       		.uleb128 0x11
 553 004b 01       		.uleb128 0x1
ARM GAS  C:\Users\info\AppData\Local\Temp\ccQuOBN0.s 			page 23


 554 004c 12       		.uleb128 0x12
 555 004d 06       		.uleb128 0x6
 556 004e 40       		.uleb128 0x40
 557 004f 18       		.uleb128 0x18
 558 0050 9742     		.uleb128 0x2117
 559 0052 19       		.uleb128 0x19
 560 0053 01       		.uleb128 0x1
 561 0054 13       		.uleb128 0x13
 562 0055 00       		.byte	0
 563 0056 00       		.byte	0
 564 0057 07       		.uleb128 0x7
 565 0058 05       		.uleb128 0x5
 566 0059 00       		.byte	0
 567 005a 03       		.uleb128 0x3
 568 005b 0E       		.uleb128 0xe
 569 005c 3A       		.uleb128 0x3a
 570 005d 0B       		.uleb128 0xb
 571 005e 3B       		.uleb128 0x3b
 572 005f 0B       		.uleb128 0xb
 573 0060 49       		.uleb128 0x49
 574 0061 13       		.uleb128 0x13
 575 0062 02       		.uleb128 0x2
 576 0063 17       		.uleb128 0x17
 577 0064 00       		.byte	0
 578 0065 00       		.byte	0
 579 0066 08       		.uleb128 0x8
 580 0067 34       		.uleb128 0x34
 581 0068 00       		.byte	0
 582 0069 03       		.uleb128 0x3
 583 006a 0E       		.uleb128 0xe
 584 006b 3A       		.uleb128 0x3a
 585 006c 0B       		.uleb128 0xb
 586 006d 3B       		.uleb128 0x3b
 587 006e 0B       		.uleb128 0xb
 588 006f 49       		.uleb128 0x49
 589 0070 13       		.uleb128 0x13
 590 0071 02       		.uleb128 0x2
 591 0072 17       		.uleb128 0x17
 592 0073 00       		.byte	0
 593 0074 00       		.byte	0
 594 0075 09       		.uleb128 0x9
 595 0076 2E       		.uleb128 0x2e
 596 0077 00       		.byte	0
 597 0078 3F       		.uleb128 0x3f
 598 0079 19       		.uleb128 0x19
 599 007a 03       		.uleb128 0x3
 600 007b 0E       		.uleb128 0xe
 601 007c 3A       		.uleb128 0x3a
 602 007d 0B       		.uleb128 0xb
 603 007e 3B       		.uleb128 0x3b
 604 007f 0B       		.uleb128 0xb
 605 0080 27       		.uleb128 0x27
 606 0081 19       		.uleb128 0x19
 607 0082 49       		.uleb128 0x49
 608 0083 13       		.uleb128 0x13
 609 0084 11       		.uleb128 0x11
 610 0085 01       		.uleb128 0x1
ARM GAS  C:\Users\info\AppData\Local\Temp\ccQuOBN0.s 			page 24


 611 0086 12       		.uleb128 0x12
 612 0087 06       		.uleb128 0x6
 613 0088 40       		.uleb128 0x40
 614 0089 18       		.uleb128 0x18
 615 008a 9742     		.uleb128 0x2117
 616 008c 19       		.uleb128 0x19
 617 008d 00       		.byte	0
 618 008e 00       		.byte	0
 619 008f 00       		.byte	0
 620              		.section	.debug_loc,"",%progbits
 621              	.Ldebug_loc0:
 622              	.LLST0:
 623 0000 00000000 		.4byte	.LVL0
 624 0004 06000000 		.4byte	.LVL1
 625 0008 0100     		.2byte	0x1
 626 000a 50       		.byte	0x50
 627 000b 06000000 		.4byte	.LVL1
 628 000f 18000000 		.4byte	.LFE0
 629 0013 0400     		.2byte	0x4
 630 0015 F3       		.byte	0xf3
 631 0016 01       		.uleb128 0x1
 632 0017 50       		.byte	0x50
 633 0018 9F       		.byte	0x9f
 634 0019 00000000 		.4byte	0
 635 001d 00000000 		.4byte	0
 636              	.LLST1:
 637 0021 08000000 		.4byte	.LVL2
 638 0025 0C000000 		.4byte	.LVL3
 639 0029 0600     		.2byte	0x6
 640 002b 73       		.byte	0x73
 641 002c 00       		.sleb128 0
 642 002d 09       		.byte	0x9
 643 002e FE       		.byte	0xfe
 644 002f 1A       		.byte	0x1a
 645 0030 9F       		.byte	0x9f
 646 0031 00000000 		.4byte	0
 647 0035 00000000 		.4byte	0
 648              	.LLST2:
 649 0039 00000000 		.4byte	.LVL4
 650 003d 06000000 		.4byte	.LVL5
 651 0041 0100     		.2byte	0x1
 652 0043 50       		.byte	0x50
 653 0044 06000000 		.4byte	.LVL5
 654 0048 18000000 		.4byte	.LFE1
 655 004c 0400     		.2byte	0x4
 656 004e F3       		.byte	0xf3
 657 004f 01       		.uleb128 0x1
 658 0050 50       		.byte	0x50
 659 0051 9F       		.byte	0x9f
 660 0052 00000000 		.4byte	0
 661 0056 00000000 		.4byte	0
 662              		.section	.debug_aranges,"",%progbits
 663 0000 34000000 		.4byte	0x34
 664 0004 0200     		.2byte	0x2
 665 0006 00000000 		.4byte	.Ldebug_info0
 666 000a 04       		.byte	0x4
 667 000b 00       		.byte	0
ARM GAS  C:\Users\info\AppData\Local\Temp\ccQuOBN0.s 			page 25


 668 000c 0000     		.2byte	0
 669 000e 0000     		.2byte	0
 670 0010 00000000 		.4byte	.LFB0
 671 0014 18000000 		.4byte	.LFE0-.LFB0
 672 0018 00000000 		.4byte	.LFB1
 673 001c 18000000 		.4byte	.LFE1-.LFB1
 674 0020 00000000 		.4byte	.LFB2
 675 0024 10000000 		.4byte	.LFE2-.LFB2
 676 0028 00000000 		.4byte	.LFB3
 677 002c 10000000 		.4byte	.LFE3-.LFB3
 678 0030 00000000 		.4byte	0
 679 0034 00000000 		.4byte	0
 680              		.section	.debug_ranges,"",%progbits
 681              	.Ldebug_ranges0:
 682 0000 00000000 		.4byte	.LFB0
 683 0004 18000000 		.4byte	.LFE0
 684 0008 00000000 		.4byte	.LFB1
 685 000c 18000000 		.4byte	.LFE1
 686 0010 00000000 		.4byte	.LFB2
 687 0014 10000000 		.4byte	.LFE2
 688 0018 00000000 		.4byte	.LFB3
 689 001c 10000000 		.4byte	.LFE3
 690 0020 00000000 		.4byte	0
 691 0024 00000000 		.4byte	0
 692              		.section	.debug_line,"",%progbits
 693              	.Ldebug_line0:
 694 0000 97000000 		.section	.debug_str,"MS",%progbits,1
 694      02004900 
 694      00000201 
 694      FB0E0D00 
 694      01010101 
 695              	.LASF16:
 696 0000 76616C75 		.ascii	"value\000"
 696      6500
 697              	.LASF23:
 698 0006 73746174 		.ascii	"staticBits\000"
 698      69634269 
 698      747300
 699              	.LASF19:
 700 0011 70696E5F 		.ascii	"pin_oled_clk_ReadDataReg\000"
 700      6F6C6564 
 700      5F636C6B 
 700      5F526561 
 700      64446174 
 701              	.LASF9:
 702 002a 666C6F61 		.ascii	"float\000"
 702      7400
 703              	.LASF1:
 704 0030 756E7369 		.ascii	"unsigned char\000"
 704      676E6564 
 704      20636861 
 704      7200
 705              	.LASF13:
 706 003e 72656738 		.ascii	"reg8\000"
 706      00
 707              	.LASF5:
 708 0043 6C6F6E67 		.ascii	"long unsigned int\000"
ARM GAS  C:\Users\info\AppData\Local\Temp\ccQuOBN0.s 			page 26


 708      20756E73 
 708      69676E65 
 708      6420696E 
 708      7400
 709              	.LASF3:
 710 0055 73686F72 		.ascii	"short unsigned int\000"
 710      7420756E 
 710      7369676E 
 710      65642069 
 710      6E7400
 711              	.LASF14:
 712 0068 70696E5F 		.ascii	"pin_oled_clk_Write\000"
 712      6F6C6564 
 712      5F636C6B 
 712      5F577269 
 712      746500
 713              	.LASF10:
 714 007b 646F7562 		.ascii	"double\000"
 714      6C6500
 715              	.LASF18:
 716 0082 70696E5F 		.ascii	"pin_oled_clk_Read\000"
 716      6F6C6564 
 716      5F636C6B 
 716      5F526561 
 716      6400
 717              	.LASF15:
 718 0094 70696E5F 		.ascii	"pin_oled_clk_SetDriveMode\000"
 718      6F6C6564 
 718      5F636C6B 
 718      5F536574 
 718      44726976 
 719              	.LASF8:
 720 00ae 756E7369 		.ascii	"unsigned int\000"
 720      676E6564 
 720      20696E74 
 720      00
 721              	.LASF22:
 722 00bb 433A5C55 		.ascii	"C:\\Users\\info\\Desktop\\Spring 2019 Classes\\6.11"
 722      73657273 
 722      5C696E66 
 722      6F5C4465 
 722      736B746F 
 723 00e9 355C362E 		.ascii	"5\\6.115-final\\PSoCCreator\\Final Project\\FinalEm"
 723      3131352D 
 723      66696E61 
 723      6C5C5053 
 723      6F434372 
 724 0118 756C6174 		.ascii	"ulator.cydsn\000"
 724      6F722E63 
 724      7964736E 
 724      00
 725              	.LASF7:
 726 0125 6C6F6E67 		.ascii	"long long unsigned int\000"
 726      206C6F6E 
 726      6720756E 
 726      7369676E 
 726      65642069 
ARM GAS  C:\Users\info\AppData\Local\Temp\ccQuOBN0.s 			page 27


 727              	.LASF20:
 728 013c 474E5520 		.ascii	"GNU C11 5.4.1 20160609 (release) [ARM/embedded-5-br"
 728      43313120 
 728      352E342E 
 728      31203230 
 728      31363036 
 729 016f 616E6368 		.ascii	"anch revision 237715] -mcpu=cortex-m3 -mthumb -g -O"
 729      20726576 
 729      6973696F 
 729      6E203233 
 729      37373135 
 730 01a2 73202D66 		.ascii	"s -ffunction-sections -ffat-lto-objects -flto\000"
 730      66756E63 
 730      74696F6E 
 730      2D736563 
 730      74696F6E 
 731              	.LASF17:
 732 01d0 6D6F6465 		.ascii	"mode\000"
 732      00
 733              	.LASF6:
 734 01d5 6C6F6E67 		.ascii	"long long int\000"
 734      206C6F6E 
 734      6720696E 
 734      7400
 735              	.LASF11:
 736 01e3 63686172 		.ascii	"char\000"
 736      00
 737              	.LASF2:
 738 01e8 73686F72 		.ascii	"short int\000"
 738      7420696E 
 738      7400
 739              	.LASF12:
 740 01f2 75696E74 		.ascii	"uint8\000"
 740      3800
 741              	.LASF4:
 742 01f8 6C6F6E67 		.ascii	"long int\000"
 742      20696E74 
 742      00
 743              	.LASF0:
 744 0201 7369676E 		.ascii	"signed char\000"
 744      65642063 
 744      68617200 
 745              	.LASF21:
 746 020d 47656E65 		.ascii	"Generated_Source\\PSoC5\\pin_oled_clk.c\000"
 746      72617465 
 746      645F536F 
 746      75726365 
 746      5C50536F 
 747              		.comm	__gnu_lto_v1,1,1
 748              		.ident	"GCC: (GNU Tools for ARM Embedded Processors) 5.4.1 20160609 (release) [ARM/embedded-5-bran
