ARM GAS  C:\Users\info\AppData\Local\Temp\ccIKk4IW.s 			page 1


   1              		.syntax unified
   2              		.cpu cortex-m3
   3              		.fpu softvfp
   4              		.eabi_attribute 20, 1
   5              		.eabi_attribute 21, 1
   6              		.eabi_attribute 23, 3
   7              		.eabi_attribute 24, 1
   8              		.eabi_attribute 25, 1
   9              		.eabi_attribute 26, 1
  10              		.eabi_attribute 30, 4
  11              		.eabi_attribute 34, 1
  12              		.eabi_attribute 18, 4
  13              		.thumb
  14              		.syntax unified
  15              		.file	"pin_oled_mosi.c"
  16              		.text
  17              	.Ltext0:
  18              		.section	.gnu.lto_.profile.bf151d28,"",%progbits
  19 0000 789C6361 		.ascii	"x\234ca`d`a`\000\222\222\242\000\000\261\0009"
  19      60646061 
  19      60009292 
  19      A20000B1 
  19      0039
  20              		.text
  21              		.section	.gnu.lto_.icf.bf151d28,"",%progbits
  22 0000 789C6361 		.ascii	"x\234ca`d\000\001)\006\004`a\330\272\263\361=?\343\343"
  22      60640001 
  22      29060460 
  22      61D8BAB3 
  22      F13D3FE3 
  23 0015 8625BFD9 		.ascii	"\206%\277\331\231\226>|s\212\213\371\315\255\253/\330"
  23      99963E7C 
  23      738A8BF9 
  23      CDADAB2F 
  23      D8
  24 0026 1800AAC4 		.ascii	"\030\000\252\304\014\357"
  24      0CEF
  25              		.text
  26              		.section	.gnu.lto_.jmpfuncs.bf151d28,"",%progbits
  27 0000 789C6361 		.ascii	"x\234ca`d\000\001!\006\004`a`dd\254g\004\021L\014\014"
  27      60640001 
  27      21060460 
  27      61606464 
  27      AC670411 
  28 0017 CC401100 		.ascii	"\314@\021\000\016\"\001&"
  28      0E220126 
  29              		.text
  30              		.section	.gnu.lto_.inline.bf151d28,"",%progbits
  31 0000 789C6361 		.ascii	"x\234ca`d\000\201$\006\004`a`\340\344`dd\340\000J1s"
  31      60640081 
  31      24060460 
  31      6160E0E4 
  31      606464E0 
  32 0018 1CB06360 		.ascii	"\034\260c`[ \317\304\300\262@\236\005$\013\024g\307"
  32      5B20CFC4 
  32      C0B2409E 
  32      05240B14 
ARM GAS  C:\Users\info\AppData\Local\Temp\ccIKk4IW.s 			page 2


  32      67C7
  33 002a 9064BAC0 		.ascii	"\220d\272\300\017\226db`ced`b\373\240\007\021\007\002"
  33      0F966462 
  33      60636564 
  33      6062FBA0 
  33      07110702 
  34 003e 664C2106 		.ascii	"fL!\006\000\346\332\011\346"
  34      00E6DA09 
  34      E6
  35              		.text
  36              		.section	.gnu.lto_.pureconst.bf151d28,"",%progbits
  37 0000 789C6361 		.ascii	"x\234ca`d\340d```a\220b\224b\222b\226\002\000\002\261"
  37      6064E064 
  37      60606061 
  37      90629462 
  37      92629602 
  38 0017 0081     		.ascii	"\000\201"
  39              		.text
  40              		.section	.gnu.lto_pin_oled_mosi_Write.bf151d28,"",%progbits
  41 0000 789C5551 		.ascii	"x\234UQMk\023Q\024\275\347\275\231I\372\241\177\300"
  41      4D6B1351 
  41      14BDE7BD 
  41      9949FAA1 
  41      7FC0
  42 0012 2CBA29A1 		.ascii	",\272)\241]HA\334\270\324\205[\261\333J\011q\026\201"
  42      5D4841DC 
  42      B8D4855B 
  42      B1DB4A09 
  42      711681
  43 0025 B6912675 		.ascii	"\266\221&u\3337M3EqQ\0276+\015XJS?R\253\"\010]\014\203"
  43      DB374D33 
  43      45715117 
  43      362B0D58 
  43      4A533F52 
  44 003f E04E51BA 		.ascii	"\340NQ\272\022\225\322\305\024\004!B\203E\255\361\336"
  44      1295D2C5 
  44      14042142 
  44      8345ADF1 
  44      DE
  45 0050 372EDA0B 		.ascii	"7.\332\013\357c\356\234s\356\271\3679\004\222\030UD"
  45      EF63EE9C 
  45      73EEB9F7 
  45      39049218 
  45      5544
  46 0062 17F83CC3 		.ascii	"\027\370<\303\013\232\240\226\337\021\005Y\005\310\305"
  46      0B9AA096 
  46      DF110559 
  46      05C8C5
  47 0071 6441F30A 		.ascii	"dA\363\012\363\350\252#\205x)y\255F\326\015\307\356"
  47      F3E8AA23 
  47      85782979 
  47      AD46D60D 
  47      C7EE
  48 0083 DA036D5A 		.ascii	"\332\003mZ\021\352\232\250\247\254\022a\035#\214\332"
  48      11EA9AA8 
  48      A7AC1261 
  48      1D238CDA 
ARM GAS  C:\Users\info\AppData\Local\Temp\ccIKk4IW.s 			page 3


  49 0093 DF5EDA81 		.ascii	"\337^\332\201\036\005\361=\214\273\235\201\374\2321"
  49      1E05F13D 
  49      8CBB9D81 
  49      FC9A31
  50 00a2 0BC6DCBD 		.ascii	"\013\306\334\275ft]\003-hf\340\\\016c9\342\004a\003"
  50      66745D03 
  50      2D6866E0 
  50      5C0E6339 
  50      E2046103 
  51 00b6 79011F7E 		.ascii	"y\001\037~\332i\237\326c\226\270l\222\207\203\303\253"
  51      DA699FD6 
  51      6396B86C 
  51      928783C3 
  51      AB
  52 00c7 428C7E4E 		.ascii	"B\214~N7L\024\014\011\367\321q\256\004C\367\266\376"
  52      374C140C 
  52      09F7D171 
  52      AE0443F7 
  52      B6FE
  53 00d9 DE3BE52D 		.ascii	"\336;\345-\212\253!<\306p\352\007O\340q\207\220\314"
  53      8AAB213C 
  53      C670EA07 
  53      4FE07187 
  53      90CC
  54 00eb E6D5C8F4 		.ascii	"\346\325\310\364z5\023u\335\256\356S\\Tq\247\374\303"
  54      7A351375 
  54      DDAEEE53 
  54      5C5471A7 
  54      FCC3
  55 00fd 81D47625 		.ascii	"\201\324v%\341\311\226\221\215\250\303K\272\377\241"
  55      E1C99691 
  55      8DA8C34B 
  55      BAFFA1
  56 010c 949C3A41 		.ascii	"\224\234:A\374\353\366\327FF4kZ&\261R\217\337g\016T"
  56      FCEBF6D7 
  56      4646346B 
  56      5A26B152 
  56      8FDF670E 
  57 0121 5D6BEBF6 		.ascii	"]k\353\366C\353K\343\377g\264\032\030\207S\355W\273"
  57      43EB4BE3 
  57      FF67B41A 
  57      188753ED 
  57      57BB
  58 0133 B7069BB8 		.ascii	"\267\006\233\270\037,\362\214\034\264\221\303S\260g"
  58      1F2CF28C 
  58      1CB491C3 
  58      53B067
  59 0142 6CA2094A 		.ascii	"l\242\011JP\373\023~F*\250S\315\340{\3701+\"\300\021"
  59      50FB137E 
  59      462AA853 
  59      CDE07BF8 
  59      312B22C0 
  60 0157 F08CC17B 		.ascii	"\360\214\301{P\266\015v\312(!u\302d\277/e\2715-u^\276"
  60      50B60D76 
  60      CA282175 
  60      C264BF2F 
  60      65B9352D 
ARM GAS  C:\Users\info\AppData\Local\Temp\ccIKk4IW.s 			page 4


  61 016e 791B5A96 		.ascii	"y\033Z\226\013`\213IV\372@\245 \3011h\273yg\243_@\016"
  61      0B608B49 
  61      56FA40A5 
  61      20C13168 
  61      BB7967A3 
  62 0185 2B3E4F41 		.ascii	"+>OA\207^\012\311X\003\036\247\342\025k\350\204\371"
  62      875E0AC9 
  62      58031EA7 
  62      E2156BE8 
  62      84F9
  63 0197 C0988193 		.ascii	"\300\230\201\223\376_\260\177f\3217,D\277]!\330\207"
  63      FE5FB07F 
  63      66D1372C 
  63      44BF5D21 
  63      D887
  64 01a9 E828C8AC 		.ascii	"\350(\310\254xr\371\313\376\214?[\250\372\327'\307\313"
  64      7872F9CB 
  64      FE8C3F5B 
  64      A8FAD727 
  64      C7CB
  65 01bb 73B3457F 		.ascii	"s\263E\177\342\312x\371\322\371\211\033\245\231\311"
  65      E2CA78F9 
  65      D2F9891B 
  65      A599C9
  66 01ca F21467A7 		.ascii	"\362\024g\247\313\225\322\331\"\2717\013Ss~\177\245"
  66      CB95D2D9 
  66      22B9370B 
  66      53737E7F 
  66      A5
  67 01db 5AA8968A 		.ascii	"Z\250\226\212\027K\325\312?\214O\304\373"
  67      174BD5CA 
  67      3F8C4FC4 
  67      FB
  68              		.text
  69              		.section	.gnu.lto_pin_oled_mosi_SetDriveMode.bf151d28,"",%progbits
  70 0000 789C7D51 		.ascii	"x\234}Q\273J\003A\024\275gf\263\233 \372\003\246\260"
  70      BB4A0341 
  70      14BD6766 
  70      B39B20FA 
  70      03A6B0
  71 0013 0B5A8820 		.ascii	"\013Z\210 ~\201\240\255h\253\210\350\026\001u}\326N"
  71      7E81A0AD 
  71      68AB88E8 
  71      1601757D 
  71      D64E
  72 0025 1283A08D 		.ascii	"\022\203\240\215 \332\210\304F|\033\305J\260\210\001"
  72      20DA88C4 
  72      467C1BC5 
  72      4AB08801 
  73 0035 2DB5B3B0 		.ascii	"-\265\263\260\020\265\210 (\361\205\342+\336\273k\221"
  73      10B58820 
  73      28F185E2 
  73      2BDEBB6B 
  73      91
  74 0046 CA61E73E 		.ascii	"\312a\347>\016\347\034\356\235\265\010$\347\226S=\347"
  74      0EE71CEE 
  74      9DB50824 
ARM GAS  C:\Users\info\AppData\Local\Temp\ccIKk4IW.s 			page 5


  74      E796533D 
  74      E7
  75 0057 6ABED004 		.ascii	"j\276\320\0045{J\224\010+@\012\023\006M(L\340U}+\344"
  75      357B4A94 
  75      082B400A 
  75      13064D28 
  75      4CE0557D 
  76 006d A70A07AA 		.ascii	"\247\012\007\252v\325\360\271:~h0k9\2445QI\371N\204"
  76      76D5F0B9 
  76      3A7E6830 
  76      6B39A435 
  76      5149F94E 
  77 0082 55D432EB 		.ascii	"U\3242\353y\177e\256B\327\201\270~<-^V\305V\214I\032"
  77      797F65AE 
  77      42D781B8 
  77      7E3C2D5E 
  77      56C5568C 
  78 0098 93E9323A 		.ascii	"\223\3512:\255\2015hV\2401\212\206(1@XGL\3107{?\363"
  78      AD813568 
  78      56A0318A 
  78      86283140 
  78      58474CC8 
  79 00b0 95F6A4D8 		.ascii	"\225\366\244\330\327\004\246\330\200-cf\333s\246TJ\231"
  79      D704A6D8 
  79      802D6366 
  79      DB73A654 
  79      4A99
  80 00c2 DC9B7DF4 		.ascii	"\334\233}\364aW(\226)\315A[\022B\020\007[JGBXBD8DE\276"
  80      61572896 
  80      29CD415B 
  80      12421007 
  80      5B4A4742 
  81 00dd B2C8A352 		.ascii	"\262\310\243R\222u\001\371\217\351\302\242%\316)-K-"
  81      927501F9 
  81      8FE9C2A2 
  81      25CE292D 
  81      4B2D
  82 00ef A4F367CE 		.ascii	"\244\363g\316\213Jk\313\237x\376\346\276'\350\256\227"
  82      8B4A6BCB 
  82      9F78FEE6 
  82      BE27E8AE 
  82      97
  83 0100 13C66224 		.ascii	"\023\306b$\271}\230\251\314`)1\311\333\206\260\205("
  83      B97D98A9 
  83      CC602931 
  83      C9DB86B0 
  83      8528
  84 0112 3611E5E1 		.ascii	"6\021\345\341\266\221\001\025\220|r\0027\315\206\334"
  84      B6910115 
  84      907C7202 
  84      37CD86DC 
  85 0122 A7BEECA0 		.ascii	"\247\276\354\240\267\030b\375\305\311\314wD,5\206\261"
  85      B71862FD 
  85      C5C9CC77 
  85      442C3586 
  85      B1
  86 0133 C3CA3209 		.ascii	"\303\3122\011\177\241r\211\303\020K\356\3177\267t \251"
ARM GAS  C:\Users\info\AppData\Local\Temp\ccIKk4IW.s 			page 6


  86      7FA17289 
  86      C3104BEE 
  86      CF37B774 
  86      20A9
  87 0145 42D697A4 		.ascii	"B\326\227\244\336\377(a\337\330)w\2110\312}~\001\322"
  87      DEFF2861 
  87      DFD82977 
  87      8930CA7D 
  87      7E01D2
  88 0158 FF37F22E 		.ascii	"\3777\362.\217\314|\272C2\367\331\"l\377\317\025\025"
  88      8FCC7CBA 
  88      4332F7D9 
  88      226CFFCF 
  88      1515
  89 016a E475F8AD 		.ascii	"\344u\370\255b\255\356\240;\3223\346\366uwx\343#\275"
  89      62ADEEA0 
  89      3BD233E6 
  89      F6757778 
  89      E323BD
  90 017d 6E675B87 		.ascii	"ng[\207\327\334\3249\024\037\354\366\372\031\035\360"
  90      D7DCD439 
  90      141FECF6 
  90      FA191DF0 
  91 018d 46E3F5BD 		.ascii	"F\343\365\275d\015x}\356/\"\226\2502"
  91      640D787D 
  91      EE2F2296 
  91      A832
  92              		.text
  93              		.section	.gnu.lto_pin_oled_mosi_Read.bf151d28,"",%progbits
  94 0000 789C3550 		.ascii	"x\2345P\317KBA\020\236o\367\351\223 \372\003\362\320"
  94      CF4B4241 
  94      109E6FF7 
  94      E99320FA 
  94      03F2D0
  95 0013 2DBC4410 		.ascii	"-\274D\020At\015\352\032\011\235\004\011{\007\2414\254"
  95      41740DEA 
  95      1A099D04 
  95      097B07A1 
  95      34AC
  96 0025 CEAE3E9F 		.ascii	"\316\256>\237At\250Cu*\017\021j%\021\004^U\012\203\240"
  96      4174A843 
  96      752A0F11 
  96      6A251104 
  96      5E550A83 
  97 003a 4E41A788 		.ascii	"NA\247\210\020\017\235J\014A*\233\355\325\302\316\354"
  97      100F9D4A 
  97      0C412A9B 
  97      EDD5C2CE 
  97      EC
  98 004b CE7E3F66 		.ascii	"\316~?f\326 \220^\363\234\002\234\007yC\022\304\366"
  98      D620905E 
  98      F39C029C 
  98      07794312 
  98      C4F6
  99 005d 1D51CA27 		.ascii	"\035Q\312'\000}P>PR \211\017\361%p\333\271\331\352\013"
  99      007D503E 
  99      50522089 
ARM GAS  C:\Users\info\AppData\Local\Temp\ccIKk4IW.s 			page 7


  99      0FF12570 
  99      DBB9D9EA 
 100 0072 E4954AAB 		.ascii	"\344\225J\253\347\343\356\304~\241\002G\022\365\004"
 100      E7E3EEC4 
 100      7EA10247 
 100      12F504
 101 0081 61CC8F51 		.ascii	"a\314\217Q\277\226\310#@\014}\271\370\336\355\367f\024"
 101      BF96C823 
 101      400C7DB9 
 101      F8DEEDF7 
 101      6614
 102 0093 AF210DE0 		.ascii	"\257!\015\340\227\002\274\332\362|\256\242z=[U\036\314"
 102      9702BCDA 
 102      F27CAEA2 
 102      7A3D5B55 
 102      1ECC
 103 00a5 EAA36982 		.ascii	"\352\243i\202\034\311\276\034\014\016\302\243\203\227"
 103      1CC9BE1C 
 103      0C0EC2A3 
 103      8397
 104 00b3 B42CBD31 		.ascii	"\264,\2751M7\361.\204\316\262\211Zw\363\351pR+\331R"
 104      4D37F12E 
 104      84CEB289 
 104      5A77F3E9 
 104      70522BD9 
 105 00c8 B2CB9E53 		.ascii	"\262\313\236S\2737\333\302\221\022\332\264\270Sn\375"
 105      BB37DBC2 
 105      9112DAB4 
 105      B8536EFD 
 106 00d8 5DAB4729 		.ascii	"]\253G)ep)U.\325\315\034\016R\031n\325\300\011\374("
 106      65702955 
 106      2ED5CD1C 
 106      0E52196E 
 106      D5C009FC 
 107 00ed 821BC529 		.ascii	"\202\033\305)r\240&\354\317i\262%\\\271\353^\2472\240"
 107      72A026EC 
 107      CF69B225 
 107      5CB9EB5E 
 107      A732A0
 108 0100 F980C019 		.ascii	"\371\200\300\031\303\232H\2676\332\32254\030\247\031"
 108      C39A48B7 
 108      36DAD235 
 108      3418A719 
 109 0110 AD6CC3EB 		.ascii	"\255l\303\353V<\\d\332\345U=\353\3234\3764\224\376i"
 109      563C5C64 
 109      DAE5553D 
 109      EBD334FE 
 109      3494FE69 
 110 0124 0DB8208D 		.ascii	"\015\270 \215\243W\026to\364;\030\364@<\336\360\214"
 110      A3571674 
 110      6FF43B18 
 110      F4403CDE 
 110      F08C
 111 0136 15B3120B 		.ascii	"\025\263\022\013k\326b8\030_OD\254\320l0>5\036Z\211"
 111      6BD66238 
 111      185F4F44 
 111      ACD06C30 
ARM GAS  C:\Users\info\AppData\Local\Temp\ccIKk4IW.s 			page 8


 111      3E351E5A 
 112 014b C6C2F125 		.ascii	"\306\302\361%\256.\307W\243#\021\372\001\270~~\256"
 112      AE2EC757 
 112      A32311FA 
 112      01B87E7E 
 112      AE
 113              		.text
 114              		.section	.gnu.lto_pin_oled_mosi_ReadDataReg.bf151d28,"",%progbits
 115 0000 789C3550 		.ascii	"x\2345P;K\003A\020\236o\367r\011A\361\007\230\302N\322"
 115      3B4B0341 
 115      109E6FF7 
 115      720941F1 
 115      0798C24E 
 116 0015 882016DA 		.ascii	"\210 \026\332\012\332\212\001\253@\220xE@s\022\265\316"
 116      0ADA8A01 
 116      AB409078 
 116      45407312 
 116      B5CE
 117 0027 E57111C5 		.ascii	"\345q\021\305\302F\255$\205H\022\237\010b'\234AQ\020"
 117      C246AD24 
 117      8548129F 
 117      0862279C 
 117      415110
 118 003a 7CFC0021 		.ascii	"|\374\000!HHa\245!\022\020\3159\353\351\302\316\354"
 118      484861A5 
 118      211210CD 
 118      39EBE9C2 
 118      CEEC
 119 004c CE7E8F99 		.ascii	"\316~\217\231\325\010\244\3264\2470\347^\336\220\004"
 119      D508A4D6 
 119      34A730E7 
 119      5EDE9004 
 120 005c B1714F94 		.ascii	"\261qO\224\011\010@\035\254\000(-\220\306\207\370\026"
 120      0908401D 
 120      AC00282D 
 120      90C687F8 
 120      16
 121 006d B86BDFAE 		.ascii	"\270k\337\256\007\303%\313\312Z\265\275\322\310v\331"
 121      07C325CB 
 121      CA5AB5BD 
 121      D2C876D9 
 122 007d 812D895C 		.ascii	"\201-\211\\A\030\012a0\244$J\010\023C_N;\233\335z\336"
 122      41180A61 
 122      30A4244A 
 122      0813435F 
 122      4E3B9BDD 
 123 0093 E2D5A700 		.ascii	"\342\325\247\000\374R\206\256,O\246\034\313us\226s\021"
 123      FC5286AE 
 123      2C4FA61C 
 123      CB757396 
 123      7311
 124 00a5 BC7C0CFA 		.ascii	"\274|\014\372A\266d_\016\032\007\341SA'%KoLSM\274\013"
 124      41B6645F 
 124      0E1A07E1 
 124      53412725 
 124      4B6F4C53 
 125 00bc A1B26CA0 		.ascii	"\241\262l\240\372\271\326\251\214*\245\234\224\354\262"
ARM GAS  C:\Users\info\AppData\Local\Temp\ccIKk4IW.s 			page 9


 125      FAB9D6A9 
 125      8C2AA59C 
 125      94ECB2
 126 00cb 65571FFC 		.ascii	"eW\037\374-aK\011e\372T~\336\376\273:\273\031K\343\322"
 126      2D614B09 
 126      65FA547E 
 126      DEFEBB3A 
 126      BB194BE3 
 127 00e0 F1796DB5 		.ascii	"\361ym\265\253\210\235L\236[\325\260\217\020*\340Fq"
 127      AB889D4C 
 127      9E5BD5B0 
 127      8F102AE0 
 127      4671
 128 00f2 8022A881 		.ascii	"\200\"\250\201\334\3278\345$<\271k\267\355\364(> p\310"
 128      DCD738E5 
 128      243CB96B 
 128      B7EDF428 
 128      3E2070C8 
 129 0106 B006B2CD 		.ascii	"\260\006\262\315\225\226\364\0145\306)F\263P\327\275"
 129      9596F40C 
 129      35C62946 
 129      B350D7BD 
 130 0116 8A8F8B4C 		.ascii	"\212\217\213L;\273\272)\004\024\215?\015G\377\264:<"
 130      3BBBBA29 
 130      04148D3F 
 130      0D47FFB4 
 130      3A3C
 131 0128 90C2D12B 		.ascii	"\220\302\321+\013z7\372\035\014j \036\257\177\302H\032"
 131      0B7A37FA 
 131      1D0C6A20 
 131      1EAF7FC2 
 131      481A
 132 013a A9992563 		.ascii	"\251\231%c6\0261\227Sq#:\0311\307\206\243\013\211d\314"
 132      36163197 
 132      5371233A 
 132      1931C786 
 132      A30B8964 
 133 014f 9CE3EABC 		.ascii	"\234\343\352\274\271\230\030\210\323\017t\231~\234"
 133      B9981888 
 133      D30F7499 
 133      7E9C
 134              		.text
 135              		.section	.gnu.lto_.symbol_nodes.bf151d28,"",%progbits
 136 0000 789C6361 		.ascii	"x\234ca`dpc\000\002&\206z\006\206\011\347\030@\324\256"
 136      60647063 
 136      00022686 
 136      7A068609 
 136      E71840D4 
 137 0015 0645A000 		.ascii	"\006E\240\000c=#\252\000S=\023\252\000s=3\212\000\003"
 137      633D23AA 
 137      00533D13 
 137      AA00733D 
 137      338A0003 
 138 0029 0026B60F 		.ascii	"\000&\266\017<"
 138      3C
 139              		.text
 140              		.section	.gnu.lto_.refs.bf151d28,"",%progbits
ARM GAS  C:\Users\info\AppData\Local\Temp\ccIKk4IW.s 			page 10


 141 0000 789C6361 		.ascii	"x\234ca`\004B \000\000\0009\000\007"
 141      60044220 
 141      00000039 
 141      0007
 142              		.text
 143              		.section	.gnu.lto_.decls.bf151d28,"",%progbits
 144 0000 789C8D53 		.ascii	"x\234\215S]H\024Q\024\276gf]m\326T,\302b!\363%\237\226"
 144      5D481451 
 144      14BE6766 
 144      5D6DD654 
 144      2CC26221 
 145 0018 24021FA2 		.ascii	"$\002\037\242\002%\237\312\320\262\027C\374\031l\241"
 145      02259FCA 
 145      D0B21743 
 145      FC196CA1 
 146 0028 5C59D7C0 		.ascii	"\\Y\327\300\267\213Z\250O+\345\277\233VT\376\377\344"
 146      B78B5AA8 
 146      4F2BE5BF 
 146      9B5654FE 
 146      FFE4
 147 003a 4FEBAEA5 		.ascii	"O\353\256\245\246\251E\206?%\210T\202\366 \025\030I"
 147      A6A94586 
 147      3F258854 
 147      82F62015 
 147      1849
 148 004c E1836EE7 		.ascii	"\341\203n\347\336\231u\326\334\300\313\234{\317\271"
 148      DE9975D6 
 148      DCC0CB9C 
 148      7BCFB9
 149 005b F77CDFFD 		.ascii	"\367|\337\375\316\231\031\035\001\302\3065\035!n\\\215"
 149      CE99191D 
 149      01C2C635 
 149      1D216E5C 
 149      8D
 150 006c 187A7004 		.ascii	"\030zp\004\240\237B\264\201\307\244\007\255\017\315"
 150      A09F42B4 
 150      81C7A407 
 150      AD0FCD
 151 007b 89E622BB 		.ascii	"\211\346\"\273\007;\327\253\270\016\306\2056\2026\204"
 151      073BD7AB 
 151      B80EC685 
 151      36823684 
 152 008b 96A8E680 		.ascii	"\226\250\346\200\232\367\357\350\363\203\035\363\301"
 152      9AF7EFE8 
 152      F3831DF3 
 152      C1
 153 0098 7BB17D7E 		.ascii	"{\261}~\260LO\200\017.\321\017\316\351\007\347\332\003"
 153      B04C4F80 
 153      0F2ED10F 
 153      CEE907E7 
 153      DA03
 154 00aa CE5F9D9B 		.ascii	"\316_\235\233\0028\313\252\177\207.\302\002\010\240"
 154      0238CBAA 
 154      7F872EC2 
 154      0208A0
 155 00b9 36900028 		.ascii	"6\220\000(3p#\212\361\020\035\201\317d{k{!\333)\252"
 155      3370238A 
ARM GAS  C:\Users\info\AppData\Local\Temp\ccIKk4IW.s 			page 11


 155      F1101D81 
 155      CF647B6B 
 155      7B21DB29 
 156 00ce AB91F1C7 		.ascii	"\253\221\361\307\273z\274\203\223h\354\240\202`[\201"
 156      BB7ABC83 
 156      9368ECA0 
 156      82605B81 
 157 00de EAF37341 		.ascii	"\352\363sA\273\000\224\320\013\360\341S\344\372h\202"
 157      BB0094D0 
 157      0BF0E153 
 157      E4FA6882 
 158 00ee 9D3581B7 		.ascii	"\2355\201\267\350\307o\\\355 b\305\350\177\331h:oj\243"
 158      E8C76F5C 
 158      ED2062C5 
 158      E87FD968 
 158      3A6F6AA3 
 159 0102 38EC940A 		.ascii	"8\354\224\012&\2553\235\267W\232\203\326\0050J\340\001"
 159      26AD339D 
 159      B7579A83 
 159      D605304A 
 159      E001
 160 0114 167F1FD8 		.ascii	"\026\177\037\330\330\257\304\354\270\246|y\313 \036"
 160      D8AFC4EC 
 160      B8A67C79 
 160      CB201E
 161 0123 65BE30B7 		.ascii	"e\2760\267\334\272\252\203h\351\011\243Y\252\353>3@"
 161      DCBAAA83 
 161      68E909A3 
 161      59AAEB3E 
 161      3340
 162 0135 69187480 		.ascii	"i\030t\200\004m B30V\304\341\\Bi!]{H\365\021\004N\032"
 162      046D2042 
 162      333056C4 
 162      E15C4269 
 162      215D7B48 
 163 014e E1849140 		.ascii	"\341\204\221@;D3N\226\005\255`\204\02602\376\257U\015"
 163      3B44334E 
 163      9605AD60 
 163      84163032 
 163      FEAF550D 
 164 0162 DFF43A01 		.ascii	"\337\364:\001\201\214'C\307\366^{\376\014\207\242\204"
 164      818C2743 
 164      C7F65E7B 
 164      FE0C87A2 
 164      84
 165 0173 7009040C 		.ascii	"p\011\004\014g\327\3369\014\030\036\224 \014\303\367"
 165      67D7DE39 
 165      0C181E94 
 165      200CC3F7 
 166 0183 F7166621 		.ascii	"\367\026f!\242\222i\240E4R\200\224C\320\215\204]HH\340"
 166      A29269A0 
 166      45345280 
 166      9443D08D 
 166      845D4848 
 167 0198 1944E0DC 		.ascii	"\031D\340\334\011:\245\272\252\322\311\273\020\325H"
 167      093AA5BA 
 167      AAD2C9BB 
ARM GAS  C:\Users\info\AppData\Local\Temp\ccIKk4IW.s 			page 12


 167      10D548
 168 01a7 1BBBE852 		.ascii	"\033\273\350R\303\370\351\312\"\332\204\260H\226\006"
 168      C3F8E9CA 
 168      22DA84B0 
 168      489606
 169 01b6 4D9A6874 		.ascii	"M\232ht\331\362\024\026\261\225=\020\205H\367\350\007"
 169      D9F21416 
 169      B1953D10 
 169      8548F7E8 
 169      07
 170 01c7 8B68E13D 		.ascii	"\213h\341=\270\357n\377\244WH\206\327\307\203\3514R"
 170      B8EF6EFF 
 170      A4574886 
 170      D7C783E9 
 170      3452
 171 01d9 9CE314BD 		.ascii	"\234\343\024\275\032E\257/E\037\247\230hoY6\210e\300"
 171      1A45AF2F 
 171      451FA798 
 171      686F5936 
 171      8865C0
 172 01ec 491CF647 		.ascii	"I\034\366G-\006_\331\254^M\367s\256;C\225\375\371\343"
 172      2D065FD9 
 172      AC5E4DF7 
 172      73AE3B43 
 172      95FDF9E3 
 173 0200 5673A87A 		.ascii	"Vs\250z\343\334\204XC\207\013\021&\260,\350\327\356"
 173      E3DC8458 
 173      43870B11 
 173      26B02CE8 
 173      D7EE
 174 0212 ECF7BDD3 		.ascii	"\354\367\275\323\251\310n[\331\024D\207rg\335\035\207"
 174      A9C86E5B 
 174      D9144487 
 174      7267DD1D 
 174      87
 175 0223 7D9F4AE3 		.ascii	"}\237J\343z\353\025\316H\0064\222\001_\022\027'\231"
 175      7AEB15CE 
 175      48063492 
 175      015F1217 
 175      2799
 176 0235 29EEAA17 		.ascii	")\356\252\027\225\027\240\303\360\347T\355r\210\362"
 176      9517A0C3 
 176      F0E754ED 
 176      7288F2
 177 0244 0222315C 		.ascii	"\002\"1\\/\3765\257\227JX\031{z\305S\253\017<\201\342"
 177      2FFE35AF 
 177      974A5819 
 177      7B7AC553 
 177      AB0F3C81 
 178 0259 732E49E8 		.ascii	"s.I\350\251\250\251\010\004)\332\017|\330\017\\\375"
 178      A9A8A908 
 178      0429DA0F 
 178      7CD80F5C 
 178      FD
 179 026a D4362E97 		.ascii	"\3246.\227\227\262\372\207\260g/5\351/@R\372\325;\375"
 179      97B2FA87 
 179      B0672F35 
ARM GAS  C:\Users\info\AppData\Local\Temp\ccIKk4IW.s 			page 13


 179      E92F4052 
 179      FAD53BFD 
 180 027e A33320B8 		.ascii	"\2433 \270\214}u\366\"\032>\031\3023\007\221\304\315"
 180      8C7D75F6 
 180      221A3E19 
 180      C2330791 
 180      C4CD
 181 0290 BB3B02C1 		.ascii	"\273;\002\301\374\367\300\025\27338_W/\342\031{\244"
 181      FCF7C015 
 181      BB33385F 
 181      572FE219 
 181      7BA4
 182 02a2 5A8A52E8 		.ascii	"Z\212R\350\014\300\030\222\361`\355,\367\3316]+\244"
 182      0CC01892 
 182      F160ED2C 
 182      F7D9365D 
 182      2BA4
 183 02b4 FAEA10AF 		.ascii	"\372\352\020\257D\302\017\010\274B\344(\022\363\360"
 183      44C20F08 
 183      BC42E428 
 183      12F3F0
 184 02c3 40AE3927 		.ascii	"@\2569'\315rC\316J\273i\3113\247]\265\232mrP\302\305"
 184      CD7243CE 
 184      4ABB69C9 
 184      33A75DB5 
 184      9A6D7250 
 185 02d9 2B917131 		.ascii	"+\221q11$ \337\234c\213=\226 \347\310\326t\033\346$"
 185      312420DF 
 185      9C638B3D 
 185      9620E7C8 
 185      D6741BE6 
 186 02ee 5BF2AD99 		.ascii	"[\362\255\231r\352\245dK\334\251\324\314\002[A\256\234"
 186      72EAA564 
 186      4BDCA9D4 
 186      CC025B41 
 186      AE9C
 187 0300 67BA4E8E 		.ascii	"g\272N\216\377'c\007\267)\223\034\331yY\262l\213\267"
 187      FF276307 
 187      B729931C 
 187      D97959B2 
 187      6C8BB7
 188 0313 9A6FC917 		.ascii	"\232o\311\027,Yr\370\316\243$9=\353\360\356\255\370"
 188      2C5972F8 
 188      CEA32439 
 188      3DEBF0EE 
 188      ADF8
 189 0325 745B7A92 		.ascii	"t[z\222\234\255\263\312\331\261\177\001\316\320}\306"
 189      9CADB3CA 
 189      D9B17F01 
 189      CED07DC6 
 190              		.text
 191              		.section	.gnu.lto_.symtab.bf151d28,"",%progbits
 192 0000 70696E5F 		.ascii	"pin_oled_mosi_Write\000"
 192      6F6C6564 
 192      5F6D6F73 
 192      695F5772 
 192      69746500 
ARM GAS  C:\Users\info\AppData\Local\Temp\ccIKk4IW.s 			page 14


 193 0014 00       		.ascii	"\000"
 194 0015 00       		.ascii	"\000"
 195 0016 00       		.ascii	"\000"
 196 0017 00000000 		.ascii	"\000\000\000\000\000\000\000\000"
 196      00000000 
 197 001f B3000000 		.ascii	"\263\000\000\000"
 198 0023 70696E5F 		.ascii	"pin_oled_mosi_SetDriveMode\000"
 198      6F6C6564 
 198      5F6D6F73 
 198      695F5365 
 198      74447269 
 199 003e 00       		.ascii	"\000"
 200 003f 00       		.ascii	"\000"
 201 0040 00       		.ascii	"\000"
 202 0041 00000000 		.ascii	"\000\000\000\000\000\000\000\000"
 202      00000000 
 203 0049 B5000000 		.ascii	"\265\000\000\000"
 204 004d 70696E5F 		.ascii	"pin_oled_mosi_Read\000"
 204      6F6C6564 
 204      5F6D6F73 
 204      695F5265 
 204      616400
 205 0060 00       		.ascii	"\000"
 206 0061 00       		.ascii	"\000"
 207 0062 00       		.ascii	"\000"
 208 0063 00000000 		.ascii	"\000\000\000\000\000\000\000\000"
 208      00000000 
 209 006b B8000000 		.ascii	"\270\000\000\000"
 210 006f 70696E5F 		.ascii	"pin_oled_mosi_ReadDataReg\000"
 210      6F6C6564 
 210      5F6D6F73 
 210      695F5265 
 210      61644461 
 211 0089 00       		.ascii	"\000"
 212 008a 00       		.ascii	"\000"
 213 008b 00       		.ascii	"\000"
 214 008c 00000000 		.ascii	"\000\000\000\000\000\000\000\000"
 214      00000000 
 215 0094 BA000000 		.ascii	"\272\000\000\000"
 216              		.text
 217              		.section	.gnu.lto_.opts,"",%progbits
 218 0000 272D666D 		.ascii	"'-fmath-errno' '-fsigned-zeros' '-ftrapping-math' '"
 218      6174682D 
 218      6572726E 
 218      6F272027 
 218      2D667369 
 219 0033 2D666E6F 		.ascii	"-fno-trapv' '-fno-openmp' '-fno-openacc' '-mcpu=cor"
 219      2D747261 
 219      70762720 
 219      272D666E 
 219      6F2D6F70 
 220 0066 7465782D 		.ascii	"tex-m3' '-mthumb' '-g' '-Os' '-ffunction-sections' "
 220      6D332720 
 220      272D6D74 
 220      68756D62 
 220      2720272D 
 221 0099 272D6666 		.ascii	"'-ffat-lto-objects' '-flto'\000"
ARM GAS  C:\Users\info\AppData\Local\Temp\ccIKk4IW.s 			page 15


 221      61742D6C 
 221      746F2D6F 
 221      626A6563 
 221      74732720 
 222              		.text
 223              		.cfi_sections	.debug_frame
 224              		.section	.text.pin_oled_mosi_Write,"ax",%progbits
 225              		.align	1
 226              		.global	pin_oled_mosi_Write
 227              		.thumb
 228              		.thumb_func
 229              		.type	pin_oled_mosi_Write, %function
 230              	pin_oled_mosi_Write:
 231              	.LFB0:
 232              		.file 1 "Generated_Source\\PSoC5\\pin_oled_mosi.c"
   1:Generated_Source\PSoC5/pin_oled_mosi.c **** /*******************************************************************************
   2:Generated_Source\PSoC5/pin_oled_mosi.c **** * File Name: pin_oled_mosi.c  
   3:Generated_Source\PSoC5/pin_oled_mosi.c **** * Version 2.20
   4:Generated_Source\PSoC5/pin_oled_mosi.c **** *
   5:Generated_Source\PSoC5/pin_oled_mosi.c **** * Description:
   6:Generated_Source\PSoC5/pin_oled_mosi.c **** *  This file contains API to enable firmware control of a Pins component.
   7:Generated_Source\PSoC5/pin_oled_mosi.c **** *
   8:Generated_Source\PSoC5/pin_oled_mosi.c **** * Note:
   9:Generated_Source\PSoC5/pin_oled_mosi.c **** *
  10:Generated_Source\PSoC5/pin_oled_mosi.c **** ********************************************************************************
  11:Generated_Source\PSoC5/pin_oled_mosi.c **** * Copyright 2008-2015, Cypress Semiconductor Corporation.  All rights reserved.
  12:Generated_Source\PSoC5/pin_oled_mosi.c **** * You may use this file only in accordance with the license, terms, conditions, 
  13:Generated_Source\PSoC5/pin_oled_mosi.c **** * disclaimers, and limitations in the end user license agreement accompanying 
  14:Generated_Source\PSoC5/pin_oled_mosi.c **** * the software package with which this file was provided.
  15:Generated_Source\PSoC5/pin_oled_mosi.c **** *******************************************************************************/
  16:Generated_Source\PSoC5/pin_oled_mosi.c **** 
  17:Generated_Source\PSoC5/pin_oled_mosi.c **** #include "cytypes.h"
  18:Generated_Source\PSoC5/pin_oled_mosi.c **** #include "pin_oled_mosi.h"
  19:Generated_Source\PSoC5/pin_oled_mosi.c **** 
  20:Generated_Source\PSoC5/pin_oled_mosi.c **** /* APIs are not generated for P15[7:6] on PSoC 5 */
  21:Generated_Source\PSoC5/pin_oled_mosi.c **** #if !(CY_PSOC5A &&\
  22:Generated_Source\PSoC5/pin_oled_mosi.c **** 	 pin_oled_mosi__PORT == 15 && ((pin_oled_mosi__MASK & 0xC0) != 0))
  23:Generated_Source\PSoC5/pin_oled_mosi.c **** 
  24:Generated_Source\PSoC5/pin_oled_mosi.c **** 
  25:Generated_Source\PSoC5/pin_oled_mosi.c **** /*******************************************************************************
  26:Generated_Source\PSoC5/pin_oled_mosi.c **** * Function Name: pin_oled_mosi_Write
  27:Generated_Source\PSoC5/pin_oled_mosi.c **** ****************************************************************************//**
  28:Generated_Source\PSoC5/pin_oled_mosi.c **** *
  29:Generated_Source\PSoC5/pin_oled_mosi.c **** * \brief Writes the value to the physical port (data output register), masking
  30:Generated_Source\PSoC5/pin_oled_mosi.c **** *  and shifting the bits appropriately. 
  31:Generated_Source\PSoC5/pin_oled_mosi.c **** *
  32:Generated_Source\PSoC5/pin_oled_mosi.c **** * The data output register controls the signal applied to the physical pin in 
  33:Generated_Source\PSoC5/pin_oled_mosi.c **** * conjunction with the drive mode parameter. This function avoids changing 
  34:Generated_Source\PSoC5/pin_oled_mosi.c **** * other bits in the port by using the appropriate method (read-modify-write or
  35:Generated_Source\PSoC5/pin_oled_mosi.c **** * bit banding).
  36:Generated_Source\PSoC5/pin_oled_mosi.c **** *
  37:Generated_Source\PSoC5/pin_oled_mosi.c **** * <b>Note</b> This function should not be used on a hardware digital output pin 
  38:Generated_Source\PSoC5/pin_oled_mosi.c **** * as it is driven by the hardware signal attached to it.
  39:Generated_Source\PSoC5/pin_oled_mosi.c **** *
  40:Generated_Source\PSoC5/pin_oled_mosi.c **** * \param value
  41:Generated_Source\PSoC5/pin_oled_mosi.c **** *  Value to write to the component instance.
  42:Generated_Source\PSoC5/pin_oled_mosi.c **** *
ARM GAS  C:\Users\info\AppData\Local\Temp\ccIKk4IW.s 			page 16


  43:Generated_Source\PSoC5/pin_oled_mosi.c **** * \return 
  44:Generated_Source\PSoC5/pin_oled_mosi.c **** *  None 
  45:Generated_Source\PSoC5/pin_oled_mosi.c **** *
  46:Generated_Source\PSoC5/pin_oled_mosi.c **** * \sideeffect
  47:Generated_Source\PSoC5/pin_oled_mosi.c **** *  If you use read-modify-write operations that are not atomic; the Interrupt 
  48:Generated_Source\PSoC5/pin_oled_mosi.c **** *  Service Routines (ISR) can cause corruption of this function. An ISR that 
  49:Generated_Source\PSoC5/pin_oled_mosi.c **** *  interrupts this function and performs writes to the Pins component data 
  50:Generated_Source\PSoC5/pin_oled_mosi.c **** *  register can cause corrupted port data. To avoid this issue, you should 
  51:Generated_Source\PSoC5/pin_oled_mosi.c **** *  either use the Per-Pin APIs (primary method) or disable interrupts around 
  52:Generated_Source\PSoC5/pin_oled_mosi.c **** *  this function.
  53:Generated_Source\PSoC5/pin_oled_mosi.c **** *
  54:Generated_Source\PSoC5/pin_oled_mosi.c **** * \funcusage
  55:Generated_Source\PSoC5/pin_oled_mosi.c **** *  \snippet pin_oled_mosi_SUT.c usage_pin_oled_mosi_Write
  56:Generated_Source\PSoC5/pin_oled_mosi.c **** *******************************************************************************/
  57:Generated_Source\PSoC5/pin_oled_mosi.c **** void pin_oled_mosi_Write(uint8 value)
  58:Generated_Source\PSoC5/pin_oled_mosi.c **** {
 233              		.loc 1 58 0
 234              		.cfi_startproc
 235              		@ args = 0, pretend = 0, frame = 0
 236              		@ frame_needed = 0, uses_anonymous_args = 0
 237              		@ link register save eliminated.
 238              	.LVL0:
  59:Generated_Source\PSoC5/pin_oled_mosi.c ****     uint8 staticBits = (pin_oled_mosi_DR & (uint8)(~pin_oled_mosi_MASK));
 239              		.loc 1 59 0
 240 0000 044A     		ldr	r2, .L2
  60:Generated_Source\PSoC5/pin_oled_mosi.c ****     pin_oled_mosi_DR = staticBits | ((uint8)(value << pin_oled_mosi_SHIFT) & pin_oled_mosi_MASK);
 241              		.loc 1 60 0
 242 0002 4000     		lsls	r0, r0, #1
 243              	.LVL1:
  59:Generated_Source\PSoC5/pin_oled_mosi.c ****     uint8 staticBits = (pin_oled_mosi_DR & (uint8)(~pin_oled_mosi_MASK));
 244              		.loc 1 59 0
 245 0004 1378     		ldrb	r3, [r2]	@ zero_extendqisi2
 246              	.LVL2:
 247              		.loc 1 60 0
 248 0006 00F00200 		and	r0, r0, #2
 249 000a 03F0FD03 		and	r3, r3, #253
 250              	.LVL3:
 251 000e 0343     		orrs	r3, r3, r0
 252 0010 1370     		strb	r3, [r2]
 253 0012 7047     		bx	lr
 254              	.L3:
 255              		.align	2
 256              	.L2:
 257 0014 C0510040 		.word	1073762752
 258              		.cfi_endproc
 259              	.LFE0:
 260              		.size	pin_oled_mosi_Write, .-pin_oled_mosi_Write
 261              		.section	.text.pin_oled_mosi_SetDriveMode,"ax",%progbits
 262              		.align	1
 263              		.global	pin_oled_mosi_SetDriveMode
 264              		.thumb
 265              		.thumb_func
 266              		.type	pin_oled_mosi_SetDriveMode, %function
 267              	pin_oled_mosi_SetDriveMode:
 268              	.LFB1:
  61:Generated_Source\PSoC5/pin_oled_mosi.c **** }
  62:Generated_Source\PSoC5/pin_oled_mosi.c **** 
ARM GAS  C:\Users\info\AppData\Local\Temp\ccIKk4IW.s 			page 17


  63:Generated_Source\PSoC5/pin_oled_mosi.c **** 
  64:Generated_Source\PSoC5/pin_oled_mosi.c **** /*******************************************************************************
  65:Generated_Source\PSoC5/pin_oled_mosi.c **** * Function Name: pin_oled_mosi_SetDriveMode
  66:Generated_Source\PSoC5/pin_oled_mosi.c **** ****************************************************************************//**
  67:Generated_Source\PSoC5/pin_oled_mosi.c **** *
  68:Generated_Source\PSoC5/pin_oled_mosi.c **** * \brief Sets the drive mode for each of the Pins component's pins.
  69:Generated_Source\PSoC5/pin_oled_mosi.c **** * 
  70:Generated_Source\PSoC5/pin_oled_mosi.c **** * <b>Note</b> This affects all pins in the Pins component instance. Use the
  71:Generated_Source\PSoC5/pin_oled_mosi.c **** * Per-Pin APIs if you wish to control individual pin's drive modes.
  72:Generated_Source\PSoC5/pin_oled_mosi.c **** *
  73:Generated_Source\PSoC5/pin_oled_mosi.c **** * \param mode
  74:Generated_Source\PSoC5/pin_oled_mosi.c **** *  Mode for the selected signals. Valid options are documented in 
  75:Generated_Source\PSoC5/pin_oled_mosi.c **** *  \ref driveMode.
  76:Generated_Source\PSoC5/pin_oled_mosi.c **** *
  77:Generated_Source\PSoC5/pin_oled_mosi.c **** * \return
  78:Generated_Source\PSoC5/pin_oled_mosi.c **** *  None
  79:Generated_Source\PSoC5/pin_oled_mosi.c **** *
  80:Generated_Source\PSoC5/pin_oled_mosi.c **** * \sideeffect
  81:Generated_Source\PSoC5/pin_oled_mosi.c **** *  If you use read-modify-write operations that are not atomic, the ISR can
  82:Generated_Source\PSoC5/pin_oled_mosi.c **** *  cause corruption of this function. An ISR that interrupts this function 
  83:Generated_Source\PSoC5/pin_oled_mosi.c **** *  and performs writes to the Pins component Drive Mode registers can cause 
  84:Generated_Source\PSoC5/pin_oled_mosi.c **** *  corrupted port data. To avoid this issue, you should either use the Per-Pin
  85:Generated_Source\PSoC5/pin_oled_mosi.c **** *  APIs (primary method) or disable interrupts around this function.
  86:Generated_Source\PSoC5/pin_oled_mosi.c **** *
  87:Generated_Source\PSoC5/pin_oled_mosi.c **** * \funcusage
  88:Generated_Source\PSoC5/pin_oled_mosi.c **** *  \snippet pin_oled_mosi_SUT.c usage_pin_oled_mosi_SetDriveMode
  89:Generated_Source\PSoC5/pin_oled_mosi.c **** *******************************************************************************/
  90:Generated_Source\PSoC5/pin_oled_mosi.c **** void pin_oled_mosi_SetDriveMode(uint8 mode)
  91:Generated_Source\PSoC5/pin_oled_mosi.c **** {
 269              		.loc 1 91 0
 270              		.cfi_startproc
 271              		@ args = 0, pretend = 0, frame = 0
 272              		@ frame_needed = 0, uses_anonymous_args = 0
 273              		@ link register save eliminated.
 274              	.LVL4:
  92:Generated_Source\PSoC5/pin_oled_mosi.c **** 	CyPins_SetPinDriveMode(pin_oled_mosi_0, mode);
 275              		.loc 1 92 0
 276 0000 044A     		ldr	r2, .L5
 277 0002 00F00E00 		and	r0, r0, #14
 278              	.LVL5:
 279 0006 1378     		ldrb	r3, [r2]	@ zero_extendqisi2
 280 0008 03F0F103 		and	r3, r3, #241
 281 000c 1843     		orrs	r0, r0, r3
 282 000e 1070     		strb	r0, [r2]
 283 0010 7047     		bx	lr
 284              	.L6:
 285 0012 00BF     		.align	2
 286              	.L5:
 287 0014 61500040 		.word	1073762401
 288              		.cfi_endproc
 289              	.LFE1:
 290              		.size	pin_oled_mosi_SetDriveMode, .-pin_oled_mosi_SetDriveMode
 291              		.section	.text.pin_oled_mosi_Read,"ax",%progbits
 292              		.align	1
 293              		.global	pin_oled_mosi_Read
 294              		.thumb
 295              		.thumb_func
ARM GAS  C:\Users\info\AppData\Local\Temp\ccIKk4IW.s 			page 18


 296              		.type	pin_oled_mosi_Read, %function
 297              	pin_oled_mosi_Read:
 298              	.LFB2:
  93:Generated_Source\PSoC5/pin_oled_mosi.c **** }
  94:Generated_Source\PSoC5/pin_oled_mosi.c **** 
  95:Generated_Source\PSoC5/pin_oled_mosi.c **** 
  96:Generated_Source\PSoC5/pin_oled_mosi.c **** /*******************************************************************************
  97:Generated_Source\PSoC5/pin_oled_mosi.c **** * Function Name: pin_oled_mosi_Read
  98:Generated_Source\PSoC5/pin_oled_mosi.c **** ****************************************************************************//**
  99:Generated_Source\PSoC5/pin_oled_mosi.c **** *
 100:Generated_Source\PSoC5/pin_oled_mosi.c **** * \brief Reads the associated physical port (pin status register) and masks 
 101:Generated_Source\PSoC5/pin_oled_mosi.c **** *  the required bits according to the width and bit position of the component
 102:Generated_Source\PSoC5/pin_oled_mosi.c **** *  instance. 
 103:Generated_Source\PSoC5/pin_oled_mosi.c **** *
 104:Generated_Source\PSoC5/pin_oled_mosi.c **** * The pin's status register returns the current logic level present on the 
 105:Generated_Source\PSoC5/pin_oled_mosi.c **** * physical pin.
 106:Generated_Source\PSoC5/pin_oled_mosi.c **** *
 107:Generated_Source\PSoC5/pin_oled_mosi.c **** * \return 
 108:Generated_Source\PSoC5/pin_oled_mosi.c **** *  The current value for the pins in the component as a right justified number.
 109:Generated_Source\PSoC5/pin_oled_mosi.c **** *
 110:Generated_Source\PSoC5/pin_oled_mosi.c **** * \funcusage
 111:Generated_Source\PSoC5/pin_oled_mosi.c **** *  \snippet pin_oled_mosi_SUT.c usage_pin_oled_mosi_Read  
 112:Generated_Source\PSoC5/pin_oled_mosi.c **** *******************************************************************************/
 113:Generated_Source\PSoC5/pin_oled_mosi.c **** uint8 pin_oled_mosi_Read(void)
 114:Generated_Source\PSoC5/pin_oled_mosi.c **** {
 299              		.loc 1 114 0
 300              		.cfi_startproc
 301              		@ args = 0, pretend = 0, frame = 0
 302              		@ frame_needed = 0, uses_anonymous_args = 0
 303              		@ link register save eliminated.
 115:Generated_Source\PSoC5/pin_oled_mosi.c ****     return (pin_oled_mosi_PS & pin_oled_mosi_MASK) >> pin_oled_mosi_SHIFT;
 304              		.loc 1 115 0
 305 0000 024B     		ldr	r3, .L8
 306 0002 1878     		ldrb	r0, [r3]	@ zero_extendqisi2
 116:Generated_Source\PSoC5/pin_oled_mosi.c **** }
 307              		.loc 1 116 0
 308 0004 C0F34000 		ubfx	r0, r0, #1, #1
 309 0008 7047     		bx	lr
 310              	.L9:
 311 000a 00BF     		.align	2
 312              	.L8:
 313 000c C1510040 		.word	1073762753
 314              		.cfi_endproc
 315              	.LFE2:
 316              		.size	pin_oled_mosi_Read, .-pin_oled_mosi_Read
 317              		.section	.text.pin_oled_mosi_ReadDataReg,"ax",%progbits
 318              		.align	1
 319              		.global	pin_oled_mosi_ReadDataReg
 320              		.thumb
 321              		.thumb_func
 322              		.type	pin_oled_mosi_ReadDataReg, %function
 323              	pin_oled_mosi_ReadDataReg:
 324              	.LFB3:
 117:Generated_Source\PSoC5/pin_oled_mosi.c **** 
 118:Generated_Source\PSoC5/pin_oled_mosi.c **** 
 119:Generated_Source\PSoC5/pin_oled_mosi.c **** /*******************************************************************************
 120:Generated_Source\PSoC5/pin_oled_mosi.c **** * Function Name: pin_oled_mosi_ReadDataReg
ARM GAS  C:\Users\info\AppData\Local\Temp\ccIKk4IW.s 			page 19


 121:Generated_Source\PSoC5/pin_oled_mosi.c **** ****************************************************************************//**
 122:Generated_Source\PSoC5/pin_oled_mosi.c **** *
 123:Generated_Source\PSoC5/pin_oled_mosi.c **** * \brief Reads the associated physical port's data output register and masks 
 124:Generated_Source\PSoC5/pin_oled_mosi.c **** *  the correct bits according to the width and bit position of the component 
 125:Generated_Source\PSoC5/pin_oled_mosi.c **** *  instance. 
 126:Generated_Source\PSoC5/pin_oled_mosi.c **** *
 127:Generated_Source\PSoC5/pin_oled_mosi.c **** * The data output register controls the signal applied to the physical pin in 
 128:Generated_Source\PSoC5/pin_oled_mosi.c **** * conjunction with the drive mode parameter. This is not the same as the 
 129:Generated_Source\PSoC5/pin_oled_mosi.c **** * preferred pin_oled_mosi_Read() API because the 
 130:Generated_Source\PSoC5/pin_oled_mosi.c **** * pin_oled_mosi_ReadDataReg() reads the data register instead of the status 
 131:Generated_Source\PSoC5/pin_oled_mosi.c **** * register. For output pins this is a useful function to determine the value 
 132:Generated_Source\PSoC5/pin_oled_mosi.c **** * just written to the pin.
 133:Generated_Source\PSoC5/pin_oled_mosi.c **** *
 134:Generated_Source\PSoC5/pin_oled_mosi.c **** * \return 
 135:Generated_Source\PSoC5/pin_oled_mosi.c **** *  The current value of the data register masked and shifted into a right 
 136:Generated_Source\PSoC5/pin_oled_mosi.c **** *  justified number for the component instance.
 137:Generated_Source\PSoC5/pin_oled_mosi.c **** *
 138:Generated_Source\PSoC5/pin_oled_mosi.c **** * \funcusage
 139:Generated_Source\PSoC5/pin_oled_mosi.c **** *  \snippet pin_oled_mosi_SUT.c usage_pin_oled_mosi_ReadDataReg 
 140:Generated_Source\PSoC5/pin_oled_mosi.c **** *******************************************************************************/
 141:Generated_Source\PSoC5/pin_oled_mosi.c **** uint8 pin_oled_mosi_ReadDataReg(void)
 142:Generated_Source\PSoC5/pin_oled_mosi.c **** {
 325              		.loc 1 142 0
 326              		.cfi_startproc
 327              		@ args = 0, pretend = 0, frame = 0
 328              		@ frame_needed = 0, uses_anonymous_args = 0
 329              		@ link register save eliminated.
 143:Generated_Source\PSoC5/pin_oled_mosi.c ****     return (pin_oled_mosi_DR & pin_oled_mosi_MASK) >> pin_oled_mosi_SHIFT;
 330              		.loc 1 143 0
 331 0000 024B     		ldr	r3, .L11
 332 0002 1878     		ldrb	r0, [r3]	@ zero_extendqisi2
 144:Generated_Source\PSoC5/pin_oled_mosi.c **** }
 333              		.loc 1 144 0
 334 0004 C0F34000 		ubfx	r0, r0, #1, #1
 335 0008 7047     		bx	lr
 336              	.L12:
 337 000a 00BF     		.align	2
 338              	.L11:
 339 000c C0510040 		.word	1073762752
 340              		.cfi_endproc
 341              	.LFE3:
 342              		.size	pin_oled_mosi_ReadDataReg, .-pin_oled_mosi_ReadDataReg
 343              		.text
 344              	.Letext0:
 345              		.file 2 "Generated_Source\\PSoC5\\cytypes.h"
 346              		.section	.debug_info,"",%progbits
 347              	.Ldebug_info0:
 348 0000 1D010000 		.4byte	0x11d
 349 0004 0400     		.2byte	0x4
 350 0006 00000000 		.4byte	.Ldebug_abbrev0
 351 000a 04       		.byte	0x4
 352 000b 01       		.uleb128 0x1
 353 000c 25010000 		.4byte	.LASF20
 354 0010 0C       		.byte	0xc
 355 0011 BE010000 		.4byte	.LASF21
 356 0015 A4000000 		.4byte	.LASF22
 357 0019 00000000 		.4byte	.Ldebug_ranges0+0
ARM GAS  C:\Users\info\AppData\Local\Temp\ccIKk4IW.s 			page 20


 358 001d 00000000 		.4byte	0
 359 0021 00000000 		.4byte	.Ldebug_line0
 360 0025 02       		.uleb128 0x2
 361 0026 01       		.byte	0x1
 362 0027 06       		.byte	0x6
 363 0028 2C020000 		.4byte	.LASF0
 364 002c 02       		.uleb128 0x2
 365 002d 01       		.byte	0x1
 366 002e 08       		.byte	0x8
 367 002f 2A000000 		.4byte	.LASF1
 368 0033 02       		.uleb128 0x2
 369 0034 02       		.byte	0x2
 370 0035 05       		.byte	0x5
 371 0036 13020000 		.4byte	.LASF2
 372 003a 02       		.uleb128 0x2
 373 003b 02       		.byte	0x2
 374 003c 07       		.byte	0x7
 375 003d 4F000000 		.4byte	.LASF3
 376 0041 02       		.uleb128 0x2
 377 0042 04       		.byte	0x4
 378 0043 05       		.byte	0x5
 379 0044 23020000 		.4byte	.LASF4
 380 0048 02       		.uleb128 0x2
 381 0049 04       		.byte	0x4
 382 004a 07       		.byte	0x7
 383 004b 3D000000 		.4byte	.LASF5
 384 004f 02       		.uleb128 0x2
 385 0050 08       		.byte	0x8
 386 0051 05       		.byte	0x5
 387 0052 00020000 		.4byte	.LASF6
 388 0056 02       		.uleb128 0x2
 389 0057 08       		.byte	0x8
 390 0058 07       		.byte	0x7
 391 0059 0E010000 		.4byte	.LASF7
 392 005d 03       		.uleb128 0x3
 393 005e 04       		.byte	0x4
 394 005f 05       		.byte	0x5
 395 0060 696E7400 		.ascii	"int\000"
 396 0064 02       		.uleb128 0x2
 397 0065 04       		.byte	0x4
 398 0066 07       		.byte	0x7
 399 0067 97000000 		.4byte	.LASF8
 400 006b 04       		.uleb128 0x4
 401 006c 1D020000 		.4byte	.LASF12
 402 0070 02       		.byte	0x2
 403 0071 E401     		.2byte	0x1e4
 404 0073 2C000000 		.4byte	0x2c
 405 0077 02       		.uleb128 0x2
 406 0078 04       		.byte	0x4
 407 0079 04       		.byte	0x4
 408 007a 24000000 		.4byte	.LASF9
 409 007e 02       		.uleb128 0x2
 410 007f 08       		.byte	0x8
 411 0080 04       		.byte	0x4
 412 0081 76000000 		.4byte	.LASF10
 413 0085 02       		.uleb128 0x2
 414 0086 01       		.byte	0x1
ARM GAS  C:\Users\info\AppData\Local\Temp\ccIKk4IW.s 			page 21


 415 0087 08       		.byte	0x8
 416 0088 0E020000 		.4byte	.LASF11
 417 008c 04       		.uleb128 0x4
 418 008d 38000000 		.4byte	.LASF13
 419 0091 02       		.byte	0x2
 420 0092 8E02     		.2byte	0x28e
 421 0094 98000000 		.4byte	0x98
 422 0098 05       		.uleb128 0x5
 423 0099 6B000000 		.4byte	0x6b
 424 009d 06       		.uleb128 0x6
 425 009e 62000000 		.4byte	.LASF14
 426 00a2 01       		.byte	0x1
 427 00a3 39       		.byte	0x39
 428 00a4 00000000 		.4byte	.LFB0
 429 00a8 18000000 		.4byte	.LFE0-.LFB0
 430 00ac 01       		.uleb128 0x1
 431 00ad 9C       		.byte	0x9c
 432 00ae D1000000 		.4byte	0xd1
 433 00b2 07       		.uleb128 0x7
 434 00b3 00000000 		.4byte	.LASF16
 435 00b7 01       		.byte	0x1
 436 00b8 39       		.byte	0x39
 437 00b9 6B000000 		.4byte	0x6b
 438 00bd 00000000 		.4byte	.LLST0
 439 00c1 08       		.uleb128 0x8
 440 00c2 06000000 		.4byte	.LASF23
 441 00c6 01       		.byte	0x1
 442 00c7 3B       		.byte	0x3b
 443 00c8 6B000000 		.4byte	0x6b
 444 00cc 21000000 		.4byte	.LLST1
 445 00d0 00       		.byte	0
 446 00d1 06       		.uleb128 0x6
 447 00d2 E5010000 		.4byte	.LASF15
 448 00d6 01       		.byte	0x1
 449 00d7 5A       		.byte	0x5a
 450 00d8 00000000 		.4byte	.LFB1
 451 00dc 18000000 		.4byte	.LFE1-.LFB1
 452 00e0 01       		.uleb128 0x1
 453 00e1 9C       		.byte	0x9c
 454 00e2 F6000000 		.4byte	0xf6
 455 00e6 07       		.uleb128 0x7
 456 00e7 B9010000 		.4byte	.LASF17
 457 00eb 01       		.byte	0x1
 458 00ec 5A       		.byte	0x5a
 459 00ed 6B000000 		.4byte	0x6b
 460 00f1 39000000 		.4byte	.LLST2
 461 00f5 00       		.byte	0
 462 00f6 09       		.uleb128 0x9
 463 00f7 11000000 		.4byte	.LASF18
 464 00fb 01       		.byte	0x1
 465 00fc 71       		.byte	0x71
 466 00fd 6B000000 		.4byte	0x6b
 467 0101 00000000 		.4byte	.LFB2
 468 0105 10000000 		.4byte	.LFE2-.LFB2
 469 0109 01       		.uleb128 0x1
 470 010a 9C       		.byte	0x9c
 471 010b 09       		.uleb128 0x9
ARM GAS  C:\Users\info\AppData\Local\Temp\ccIKk4IW.s 			page 22


 472 010c 7D000000 		.4byte	.LASF19
 473 0110 01       		.byte	0x1
 474 0111 8D       		.byte	0x8d
 475 0112 6B000000 		.4byte	0x6b
 476 0116 00000000 		.4byte	.LFB3
 477 011a 10000000 		.4byte	.LFE3-.LFB3
 478 011e 01       		.uleb128 0x1
 479 011f 9C       		.byte	0x9c
 480 0120 00       		.byte	0
 481              		.section	.debug_abbrev,"",%progbits
 482              	.Ldebug_abbrev0:
 483 0000 01       		.uleb128 0x1
 484 0001 11       		.uleb128 0x11
 485 0002 01       		.byte	0x1
 486 0003 25       		.uleb128 0x25
 487 0004 0E       		.uleb128 0xe
 488 0005 13       		.uleb128 0x13
 489 0006 0B       		.uleb128 0xb
 490 0007 03       		.uleb128 0x3
 491 0008 0E       		.uleb128 0xe
 492 0009 1B       		.uleb128 0x1b
 493 000a 0E       		.uleb128 0xe
 494 000b 55       		.uleb128 0x55
 495 000c 17       		.uleb128 0x17
 496 000d 11       		.uleb128 0x11
 497 000e 01       		.uleb128 0x1
 498 000f 10       		.uleb128 0x10
 499 0010 17       		.uleb128 0x17
 500 0011 00       		.byte	0
 501 0012 00       		.byte	0
 502 0013 02       		.uleb128 0x2
 503 0014 24       		.uleb128 0x24
 504 0015 00       		.byte	0
 505 0016 0B       		.uleb128 0xb
 506 0017 0B       		.uleb128 0xb
 507 0018 3E       		.uleb128 0x3e
 508 0019 0B       		.uleb128 0xb
 509 001a 03       		.uleb128 0x3
 510 001b 0E       		.uleb128 0xe
 511 001c 00       		.byte	0
 512 001d 00       		.byte	0
 513 001e 03       		.uleb128 0x3
 514 001f 24       		.uleb128 0x24
 515 0020 00       		.byte	0
 516 0021 0B       		.uleb128 0xb
 517 0022 0B       		.uleb128 0xb
 518 0023 3E       		.uleb128 0x3e
 519 0024 0B       		.uleb128 0xb
 520 0025 03       		.uleb128 0x3
 521 0026 08       		.uleb128 0x8
 522 0027 00       		.byte	0
 523 0028 00       		.byte	0
 524 0029 04       		.uleb128 0x4
 525 002a 16       		.uleb128 0x16
 526 002b 00       		.byte	0
 527 002c 03       		.uleb128 0x3
 528 002d 0E       		.uleb128 0xe
ARM GAS  C:\Users\info\AppData\Local\Temp\ccIKk4IW.s 			page 23


 529 002e 3A       		.uleb128 0x3a
 530 002f 0B       		.uleb128 0xb
 531 0030 3B       		.uleb128 0x3b
 532 0031 05       		.uleb128 0x5
 533 0032 49       		.uleb128 0x49
 534 0033 13       		.uleb128 0x13
 535 0034 00       		.byte	0
 536 0035 00       		.byte	0
 537 0036 05       		.uleb128 0x5
 538 0037 35       		.uleb128 0x35
 539 0038 00       		.byte	0
 540 0039 49       		.uleb128 0x49
 541 003a 13       		.uleb128 0x13
 542 003b 00       		.byte	0
 543 003c 00       		.byte	0
 544 003d 06       		.uleb128 0x6
 545 003e 2E       		.uleb128 0x2e
 546 003f 01       		.byte	0x1
 547 0040 3F       		.uleb128 0x3f
 548 0041 19       		.uleb128 0x19
 549 0042 03       		.uleb128 0x3
 550 0043 0E       		.uleb128 0xe
 551 0044 3A       		.uleb128 0x3a
 552 0045 0B       		.uleb128 0xb
 553 0046 3B       		.uleb128 0x3b
 554 0047 0B       		.uleb128 0xb
 555 0048 27       		.uleb128 0x27
 556 0049 19       		.uleb128 0x19
 557 004a 11       		.uleb128 0x11
 558 004b 01       		.uleb128 0x1
 559 004c 12       		.uleb128 0x12
 560 004d 06       		.uleb128 0x6
 561 004e 40       		.uleb128 0x40
 562 004f 18       		.uleb128 0x18
 563 0050 9742     		.uleb128 0x2117
 564 0052 19       		.uleb128 0x19
 565 0053 01       		.uleb128 0x1
 566 0054 13       		.uleb128 0x13
 567 0055 00       		.byte	0
 568 0056 00       		.byte	0
 569 0057 07       		.uleb128 0x7
 570 0058 05       		.uleb128 0x5
 571 0059 00       		.byte	0
 572 005a 03       		.uleb128 0x3
 573 005b 0E       		.uleb128 0xe
 574 005c 3A       		.uleb128 0x3a
 575 005d 0B       		.uleb128 0xb
 576 005e 3B       		.uleb128 0x3b
 577 005f 0B       		.uleb128 0xb
 578 0060 49       		.uleb128 0x49
 579 0061 13       		.uleb128 0x13
 580 0062 02       		.uleb128 0x2
 581 0063 17       		.uleb128 0x17
 582 0064 00       		.byte	0
 583 0065 00       		.byte	0
 584 0066 08       		.uleb128 0x8
 585 0067 34       		.uleb128 0x34
ARM GAS  C:\Users\info\AppData\Local\Temp\ccIKk4IW.s 			page 24


 586 0068 00       		.byte	0
 587 0069 03       		.uleb128 0x3
 588 006a 0E       		.uleb128 0xe
 589 006b 3A       		.uleb128 0x3a
 590 006c 0B       		.uleb128 0xb
 591 006d 3B       		.uleb128 0x3b
 592 006e 0B       		.uleb128 0xb
 593 006f 49       		.uleb128 0x49
 594 0070 13       		.uleb128 0x13
 595 0071 02       		.uleb128 0x2
 596 0072 17       		.uleb128 0x17
 597 0073 00       		.byte	0
 598 0074 00       		.byte	0
 599 0075 09       		.uleb128 0x9
 600 0076 2E       		.uleb128 0x2e
 601 0077 00       		.byte	0
 602 0078 3F       		.uleb128 0x3f
 603 0079 19       		.uleb128 0x19
 604 007a 03       		.uleb128 0x3
 605 007b 0E       		.uleb128 0xe
 606 007c 3A       		.uleb128 0x3a
 607 007d 0B       		.uleb128 0xb
 608 007e 3B       		.uleb128 0x3b
 609 007f 0B       		.uleb128 0xb
 610 0080 27       		.uleb128 0x27
 611 0081 19       		.uleb128 0x19
 612 0082 49       		.uleb128 0x49
 613 0083 13       		.uleb128 0x13
 614 0084 11       		.uleb128 0x11
 615 0085 01       		.uleb128 0x1
 616 0086 12       		.uleb128 0x12
 617 0087 06       		.uleb128 0x6
 618 0088 40       		.uleb128 0x40
 619 0089 18       		.uleb128 0x18
 620 008a 9742     		.uleb128 0x2117
 621 008c 19       		.uleb128 0x19
 622 008d 00       		.byte	0
 623 008e 00       		.byte	0
 624 008f 00       		.byte	0
 625              		.section	.debug_loc,"",%progbits
 626              	.Ldebug_loc0:
 627              	.LLST0:
 628 0000 00000000 		.4byte	.LVL0
 629 0004 04000000 		.4byte	.LVL1
 630 0008 0100     		.2byte	0x1
 631 000a 50       		.byte	0x50
 632 000b 04000000 		.4byte	.LVL1
 633 000f 18000000 		.4byte	.LFE0
 634 0013 0400     		.2byte	0x4
 635 0015 F3       		.byte	0xf3
 636 0016 01       		.uleb128 0x1
 637 0017 50       		.byte	0x50
 638 0018 9F       		.byte	0x9f
 639 0019 00000000 		.4byte	0
 640 001d 00000000 		.4byte	0
 641              	.LLST1:
 642 0021 06000000 		.4byte	.LVL2
ARM GAS  C:\Users\info\AppData\Local\Temp\ccIKk4IW.s 			page 25


 643 0025 0E000000 		.4byte	.LVL3
 644 0029 0600     		.2byte	0x6
 645 002b 73       		.byte	0x73
 646 002c 00       		.sleb128 0
 647 002d 09       		.byte	0x9
 648 002e FD       		.byte	0xfd
 649 002f 1A       		.byte	0x1a
 650 0030 9F       		.byte	0x9f
 651 0031 00000000 		.4byte	0
 652 0035 00000000 		.4byte	0
 653              	.LLST2:
 654 0039 00000000 		.4byte	.LVL4
 655 003d 06000000 		.4byte	.LVL5
 656 0041 0100     		.2byte	0x1
 657 0043 50       		.byte	0x50
 658 0044 06000000 		.4byte	.LVL5
 659 0048 18000000 		.4byte	.LFE1
 660 004c 0400     		.2byte	0x4
 661 004e F3       		.byte	0xf3
 662 004f 01       		.uleb128 0x1
 663 0050 50       		.byte	0x50
 664 0051 9F       		.byte	0x9f
 665 0052 00000000 		.4byte	0
 666 0056 00000000 		.4byte	0
 667              		.section	.debug_aranges,"",%progbits
 668 0000 34000000 		.4byte	0x34
 669 0004 0200     		.2byte	0x2
 670 0006 00000000 		.4byte	.Ldebug_info0
 671 000a 04       		.byte	0x4
 672 000b 00       		.byte	0
 673 000c 0000     		.2byte	0
 674 000e 0000     		.2byte	0
 675 0010 00000000 		.4byte	.LFB0
 676 0014 18000000 		.4byte	.LFE0-.LFB0
 677 0018 00000000 		.4byte	.LFB1
 678 001c 18000000 		.4byte	.LFE1-.LFB1
 679 0020 00000000 		.4byte	.LFB2
 680 0024 10000000 		.4byte	.LFE2-.LFB2
 681 0028 00000000 		.4byte	.LFB3
 682 002c 10000000 		.4byte	.LFE3-.LFB3
 683 0030 00000000 		.4byte	0
 684 0034 00000000 		.4byte	0
 685              		.section	.debug_ranges,"",%progbits
 686              	.Ldebug_ranges0:
 687 0000 00000000 		.4byte	.LFB0
 688 0004 18000000 		.4byte	.LFE0
 689 0008 00000000 		.4byte	.LFB1
 690 000c 18000000 		.4byte	.LFE1
 691 0010 00000000 		.4byte	.LFB2
 692 0014 10000000 		.4byte	.LFE2
 693 0018 00000000 		.4byte	.LFB3
 694 001c 10000000 		.4byte	.LFE3
 695 0020 00000000 		.4byte	0
 696 0024 00000000 		.4byte	0
 697              		.section	.debug_line,"",%progbits
 698              	.Ldebug_line0:
 699 0000 98000000 		.section	.debug_str,"MS",%progbits,1
ARM GAS  C:\Users\info\AppData\Local\Temp\ccIKk4IW.s 			page 26


 699      02004A00 
 699      00000201 
 699      FB0E0D00 
 699      01010101 
 700              	.LASF16:
 701 0000 76616C75 		.ascii	"value\000"
 701      6500
 702              	.LASF23:
 703 0006 73746174 		.ascii	"staticBits\000"
 703      69634269 
 703      747300
 704              	.LASF18:
 705 0011 70696E5F 		.ascii	"pin_oled_mosi_Read\000"
 705      6F6C6564 
 705      5F6D6F73 
 705      695F5265 
 705      616400
 706              	.LASF9:
 707 0024 666C6F61 		.ascii	"float\000"
 707      7400
 708              	.LASF1:
 709 002a 756E7369 		.ascii	"unsigned char\000"
 709      676E6564 
 709      20636861 
 709      7200
 710              	.LASF13:
 711 0038 72656738 		.ascii	"reg8\000"
 711      00
 712              	.LASF5:
 713 003d 6C6F6E67 		.ascii	"long unsigned int\000"
 713      20756E73 
 713      69676E65 
 713      6420696E 
 713      7400
 714              	.LASF3:
 715 004f 73686F72 		.ascii	"short unsigned int\000"
 715      7420756E 
 715      7369676E 
 715      65642069 
 715      6E7400
 716              	.LASF14:
 717 0062 70696E5F 		.ascii	"pin_oled_mosi_Write\000"
 717      6F6C6564 
 717      5F6D6F73 
 717      695F5772 
 717      69746500 
 718              	.LASF10:
 719 0076 646F7562 		.ascii	"double\000"
 719      6C6500
 720              	.LASF19:
 721 007d 70696E5F 		.ascii	"pin_oled_mosi_ReadDataReg\000"
 721      6F6C6564 
 721      5F6D6F73 
 721      695F5265 
 721      61644461 
 722              	.LASF8:
 723 0097 756E7369 		.ascii	"unsigned int\000"
ARM GAS  C:\Users\info\AppData\Local\Temp\ccIKk4IW.s 			page 27


 723      676E6564 
 723      20696E74 
 723      00
 724              	.LASF22:
 725 00a4 433A5C55 		.ascii	"C:\\Users\\info\\Desktop\\Spring 2019 Classes\\6.11"
 725      73657273 
 725      5C696E66 
 725      6F5C4465 
 725      736B746F 
 726 00d2 355C362E 		.ascii	"5\\6.115-final\\PSoCCreator\\Final Project\\FinalEm"
 726      3131352D 
 726      66696E61 
 726      6C5C5053 
 726      6F434372 
 727 0101 756C6174 		.ascii	"ulator.cydsn\000"
 727      6F722E63 
 727      7964736E 
 727      00
 728              	.LASF7:
 729 010e 6C6F6E67 		.ascii	"long long unsigned int\000"
 729      206C6F6E 
 729      6720756E 
 729      7369676E 
 729      65642069 
 730              	.LASF20:
 731 0125 474E5520 		.ascii	"GNU C11 5.4.1 20160609 (release) [ARM/embedded-5-br"
 731      43313120 
 731      352E342E 
 731      31203230 
 731      31363036 
 732 0158 616E6368 		.ascii	"anch revision 237715] -mcpu=cortex-m3 -mthumb -g -O"
 732      20726576 
 732      6973696F 
 732      6E203233 
 732      37373135 
 733 018b 73202D66 		.ascii	"s -ffunction-sections -ffat-lto-objects -flto\000"
 733      66756E63 
 733      74696F6E 
 733      2D736563 
 733      74696F6E 
 734              	.LASF17:
 735 01b9 6D6F6465 		.ascii	"mode\000"
 735      00
 736              	.LASF21:
 737 01be 47656E65 		.ascii	"Generated_Source\\PSoC5\\pin_oled_mosi.c\000"
 737      72617465 
 737      645F536F 
 737      75726365 
 737      5C50536F 
 738              	.LASF15:
 739 01e5 70696E5F 		.ascii	"pin_oled_mosi_SetDriveMode\000"
 739      6F6C6564 
 739      5F6D6F73 
 739      695F5365 
 739      74447269 
 740              	.LASF6:
 741 0200 6C6F6E67 		.ascii	"long long int\000"
ARM GAS  C:\Users\info\AppData\Local\Temp\ccIKk4IW.s 			page 28


 741      206C6F6E 
 741      6720696E 
 741      7400
 742              	.LASF11:
 743 020e 63686172 		.ascii	"char\000"
 743      00
 744              	.LASF2:
 745 0213 73686F72 		.ascii	"short int\000"
 745      7420696E 
 745      7400
 746              	.LASF12:
 747 021d 75696E74 		.ascii	"uint8\000"
 747      3800
 748              	.LASF4:
 749 0223 6C6F6E67 		.ascii	"long int\000"
 749      20696E74 
 749      00
 750              	.LASF0:
 751 022c 7369676E 		.ascii	"signed char\000"
 751      65642063 
 751      68617200 
 752              		.comm	__gnu_lto_v1,1,1
 753              		.ident	"GCC: (GNU Tools for ARM Embedded Processors) 5.4.1 20160609 (release) [ARM/embedded-5-bran
