ARM GAS  C:\Users\info\AppData\Local\Temp\ccAi3R4b.s 			page 1


   1              		.syntax unified
   2              		.cpu cortex-m3
   3              		.fpu softvfp
   4              		.eabi_attribute 20, 1
   5              		.eabi_attribute 21, 1
   6              		.eabi_attribute 23, 3
   7              		.eabi_attribute 24, 1
   8              		.eabi_attribute 25, 1
   9              		.eabi_attribute 26, 1
  10              		.eabi_attribute 30, 4
  11              		.eabi_attribute 34, 1
  12              		.eabi_attribute 18, 4
  13              		.thumb
  14              		.syntax unified
  15              		.file	"pin_oled_dc.c"
  16              		.text
  17              	.Ltext0:
  18              		.section	.gnu.lto_.profile.bf153920,"",%progbits
  19 0000 789C6361 		.ascii	"x\234ca`d`a`\000\222\222\242\000\000\261\0009"
  19      60646061 
  19      60009292 
  19      A20000B1 
  19      0039
  20              		.text
  21              		.section	.gnu.lto_.icf.bf153920,"",%progbits
  22 0000 789C6361 		.ascii	"x\234ca`d\000\001)\006\004`a\350\3706\363/?\343\255"
  22      60640001 
  22      29060460 
  22      61E8F836 
  22      F32F3FE3 
  23 0015 DDCD8B59 		.ascii	"\335\315\213Y\230\372\273\237^fg\376\374\342\377Fv\006"
  23      98FABB9F 
  23      5E6667FE 
  23      FCE2FF46 
  23      7606
  24 0027 00A6D20C 		.ascii	"\000\246\322\014w"
  24      77
  25              		.text
  26              		.section	.gnu.lto_.jmpfuncs.bf153920,"",%progbits
  27 0000 789C6361 		.ascii	"x\234ca`d\000\001!\006\004`a`dd\254g\004\021L\014\014"
  27      60640001 
  27      21060460 
  27      61606464 
  27      AC670411 
  28 0017 CC401100 		.ascii	"\314@\021\000\016\"\001&"
  28      0E220126 
  29              		.text
  30              		.section	.gnu.lto_.inline.bf153920,"",%progbits
  31 0000 789C6361 		.ascii	"x\234ca`d\000\201$\006\004`a`\340\344`dd\340\000J1s"
  31      60640081 
  31      24060460 
  31      6160E0E4 
  31      606464E0 
  32 0018 1CB06360 		.ascii	"\034\260c`[ \317\304\300\262@\236\005$\013\024g\307"
  32      5B20CFC4 
  32      C0B2409E 
  32      05240B14 
ARM GAS  C:\Users\info\AppData\Local\Temp\ccAi3R4b.s 			page 2


  32      67C7
  33 002a 9064BAC0 		.ascii	"\220d\272\300\017\226db`ced`b\373\240\007\021\007\002"
  33      0F966462 
  33      60636564 
  33      6062FBA0 
  33      07110702 
  34 003e 664C2106 		.ascii	"fL!\006\000\346\332\011\346"
  34      00E6DA09 
  34      E6
  35              		.text
  36              		.section	.gnu.lto_.pureconst.bf153920,"",%progbits
  37 0000 789C6361 		.ascii	"x\234ca`d\340d```a\220b\224b\222b\226\002\000\002\261"
  37      6064E064 
  37      60606061 
  37      90629462 
  37      92629602 
  38 0017 0081     		.ascii	"\000\201"
  39              		.text
  40              		.section	.gnu.lto_pin_oled_dc_Write.bf153920,"",%progbits
  41 0000 789C5551 		.ascii	"x\234UQMK\033Q\024\275\347\275\231I\324\324?\320,\334"
  41      4D4B1B51 
  41      14BDE7BD 
  41      9949D4D4 
  41      3FD02CDC 
  42 0014 04AB0B29 		.ascii	"\004\253\013)\224\202\353v\321\255\324m@B\234E\300\232"
  42      9482EB76 
  42      D1ADD46D 
  42      40429C45 
  42      C09A
  43 0026 A2B15BDF 		.ascii	"\242\261[\337\030\023\251\213\342F\263(UP$\351W\324"
  43      1813A98B 
  43      E246B328 
  43      555024E9 
  43      57D4
  44 0038 160A852E 		.ascii	"\026\012\205.\206\331t\247\024\204B\351\207H\231B\241"
  44      86D974A7 
  44      148442E9 
  44      87489942 
  44      A1
  45 0049 90960645 		.ascii	"\220\226\006Ek\323{g\\\324\013\357c\356\234s\356\271"
  45      6BD37B67 
  45      5CD40BEF 
  45      63EE9C73 
  45      EEB9
  46 005b F7590492 		.ascii	"\367Y\004\222\030TD\303|^\346\005MPK\273D^R\001r1I\320"
  46      185444C3 
  46      7C5EE605 
  46      4D504BBB 
  46      445E5201 
  47 0073 ACC22CDA 		.ascii	"\254\302,\332\352L!X\010_\253\201\272\3418\330\\\325"
  47      EA4C2158 
  47      085FAB81 
  47      BAE138D8 
  47      5CD5
  48 0085 A6E1A3A2 		.ascii	"\246\341\243\242\211:*R\"\3241\300\250oo\026\366\241"
  48      893A2A52 
  48      22D431C0 
ARM GAS  C:\Users\info\AppData\Local\Temp\ccAi3R4b.s 			page 3


  48      A86F6F16 
  48      F6A1
  49 0097 AF80F85E 		.ascii	"\257\200\370^\015\332\255\236\376Mc\346\2149\313\032"
  49      0DDAAD9E 
  49      FE4D63E6 
  49      8C39CB1A 
  50 00a7 5DD14003 		.ascii	"]\321@\003\232\031\270\226\306\3254q\202\360\030\375"
  50      9A19B896 
  50      C6D53471 
  50      82F018FD 
  51 00b7 023EFEB0 		.ascii	"\002>\376\260\337\354\325C\021q\311\204\353\251\314"
  51      DFECD543 
  51      1171C984 
  51      EBA9CC
  52 00c6 8610FDA3 		.ascii	"\206\020\375\243;5\343{}\302}\362?W\202\241\207;\177"
  52      3B35E37B 
  52      7DC27DF2 
  52      3F5782A1 
  52      873B7F
  53 00d9 972F39F3 		.ascii	"\227/9\363\342\252\017O\221\211\375\340\031\034\356"
  53      E2AA0F4F 
  53      9189FDE0 
  53      191CEE
  54 00e8 1092D9BA 		.ascii	"\020\222\331\272\355\233N\247l\374\266\335\326]\212"
  54      ED9B4EA7 
  54      6CFCB6DD 
  54      D65D8A
  55 00f7 8B2AEE94 		.ascii	"\213*\356\224\177X\220\332\266$\034\331\022\262\021"
  55      7F5890DA 
  55      B6241CD9 
  55      12B211
  56 0106 B57849F7 		.ascii	"\265xI\367?\225\222S\207\010N\026?\327\022\242Y\326"
  56      3F959253 
  56      87084E16 
  56      3FD712A2 
  56      59D6
  57 0118 3289954A 		.ascii	"2\211\225J\260\227\370\255*ZGn\3375>\325\316?\375\015"
  57      B097F8AD 
  57      2A5A476E 
  57      DF353ED5 
  57      CE3FFD0D 
  58 012c CF589C6A 		.ascii	"\317X\234j\276:\270\237Z\303#o\236gd\241\2114\236\203"
  58      BE3AB89F 
  58      5AC3236F 
  58      9E6764A1 
  58      89349E83 
  59 0140 3D630B6B 		.ascii	"=c\013k\240\020\345?\325\217\210\005u\254\371\360\313"
  59      A010E53F 
  59      D58F8805 
  59      75ACF9F0 
  59      CB
  60 0151 8FB05744 		.ascii	"\217\260WD\200#`\233\301\207PQ\033\354\224QBjU\303\267"
  60      8023609B 
  60      C1875051 
  60      1BEC9451 
  60      426A55C3 
  61 0166 5D31CB2E 		.ascii	"]1\313.k\251\023\374\332\256\247\204eCc\207I\221\364"
ARM GAS  C:\Users\info\AppData\Local\Temp\ccAi3R4b.s 			page 4


  61      6BA913FC 
  61      DAAEA784 
  61      65436387 
  61      4991F4
  62 0179 57158304 		.ascii	"W\025\203\004\307\240\305\223\367\017\222\002\262\220"
  62      C7A0C593 
  62      F70F9202 
  62      B290
  63 0187 C48B1874 		.ascii	"\304\213\030t\354\304\220Dd\300\341T\260\022\031\272"
  63      ECC49044 
  63      64C0E154 
  63      B01219BA 
  64 0197 60DE33A6 		.ascii	"`\3363\246\347\242\377\227\354\237Y\364\035s\376\251"
  64      E7A2FF97 
  64      EC9F59F4 
  64      1D73FEA9 
  65 01a7 2D84E821 		.ascii	"-\204\350!Z\0122+\236\\\346\226;\351N\345J\356\370\330"
  65      5A0A322B 
  65      9E5CE696 
  65      3BE94EE5 
  65      4AEEF8D8 
  66 01bb 6871662A 		.ascii	"hqf*\357fGF\2137\257g\357\026&\307\212\023\234\035\317"
  66      EF664746 
  66      8B37AF67 
  66      EF1626C7 
  66      8A139C1D 
  67 01d0 0FE5C9BE 		.ascii	"\017\345\311\276\227\233\230q\273\247K\271R!\177\243"
  67      979B9871 
  67      BBA74BB9 
  67      52217FA3 
  68 01e0 509AFE07 		.ascii	"P\232\376\007\247\376\305m"
  68      A7FEC56D 
  69              		.text
  70              		.section	.gnu.lto_pin_oled_dc_SetDriveMode.bf153920,"",%progbits
  71 0000 789C7D51 		.ascii	"x\234}QMK\033Q\024\275\347\275\311LR\251\177\300,\334"
  71      4D4B1B51 
  71      14BDE7BD 
  71      C94C52A9 
  71      7FC02CDC 
  72 0014 8806A404 		.ascii	"\210\006\244\004\304_ \324m1\333\024)\311,\0126\261"
  72      C45F20D4 
  72      6D31DB14 
  72      29C92C0A 
  72      36B1
  73 0026 62D779C9 		.ascii	"b\327y\311$\010uS(\272\011!\335\004\265jSqUp\021\003"
  73      24087553 
  73      28BA0921 
  73      DD04B56A 
  73      53715570 
  74 003c 5557BA28 		.ascii	"UW\272(t\321E)\026\202\010J\324\224\212\325\246\367"
  74      74D14529 
  74      1682084A 
  74      D4948AD5 
  74      A6F7
  75 004e CE749195 		.ascii	"\316t\221\225\217y\367\343p\316\341\3367\026\201\344"
  75      8F79F7E3 
  75      70CEE1DE 
ARM GAS  C:\Users\info\AppData\Local\Temp\ccAi3R4b.s 			page 5


  75      371681E4 
  76 005e 9C701AE5 		.ascii	"\234p\032\345<\300\027\232\240\336\034\022\345\303\012"
  76      3CC0179A 
  76      A0DE1C12 
  76      E5C30A
  77 006d 90C28441 		.ascii	"\220\302\204A9\205\034~\251;\205\346B\353\223\212\255"
  77      39851C7E 
  77      A93B85E6 
  77      42EB938A 
  77      AD
  78 007e 183E3F3E 		.ascii	"\030>?>\237\307\315j\003%M\324U\276\023a\0051f]m\327"
  78      9FC7CD6A 
  78      03254DD4 
  78      55BE1361 
  78      0531665D 
  79 0094 DEF6E911 		.ascii	"\336\366\351\021\020\327\027\207\355\357\375\3035c\012"
  79      10D71787 
  79      EDEFFDC3 
  79      35630A
  80 00a3 C6949F1A 		.ascii	"\306\224\237\032]\322\300*4+0\026E<J\014\020\3260,\344"
  80      5DD2C02A 
  80      342B3016 
  80      453C4A0C 
  80      10D6302C 
  81 00b8 E3ADBF4B 		.ascii	"\343\255\277K\017\355\242\330\017\006\246x\017[\306"
  81      0FEDA2D8 
  81      0F06A678 
  81      0F5BC6
  82 00c7 AC4F354C 		.ascii	"\254O5L\267\353\231\306o{\367\306\356S,S\232\203\266"
  82      B7EB99C6 
  82      6F7BF7C6 
  82      EE532C53 
  82      9A83B6
  83 00da 2484200E 		.ascii	"$\204 \016\266\224\216\204\260\204\210p\210\332|e\221"
  83      B6948E84 
  83      B0848870 
  83      88DA7C65 
  83      91
  84 00eb 0BA524EB 		.ascii	"\013\245$\353\026\2327\257[eK\234=-K-\227\232GNG\225"
  84      169A37AF 
  84      5B654B9C 
  84      3D2D4B2D 
  84      979A474E 
  85 0101 B4E54FEC 		.ascii	"\264\345O\354}\351T\354\240\375\371.o,\206\352\007;"
  85      7DE954EC 
  85      A0FDF92E 
  85      6F2C86EA 
  85      073B
  86 0113 FB0FAAA8 		.ascii	"\373\017\252\250\344\213\274n\010\033\210b\035Q\236"
  86      E48BBC6E 
  86      081B8862 
  86      1D519E
  87 0122 6E135550 		.ascii	"n\023UP\013\205K'\260\323\354\310\275wk\007\275\305"
  87      0B854B27 
  87      B0D3ECC8 
  87      BD776B07 
  87      BDC5
ARM GAS  C:\Users\info\AppData\Local\Temp\ccAi3R4b.s 			page 6


  88 0134 10EBBFED 		.ascii	"\020\353\277\355-\336E\304R\343%>\260\262G\302_\250"
  88      2DDE45C4 
  88      52E3253E 
  88      B0B247C2 
  88      5FA8
  89 0146 57E230C4 		.ascii	"W\3420\304\222\263\257\353\033:\220\364\243\356K\274"
  89      92B3AFEB 
  89      1B3A90F4 
  89      A3EE4BBC 
  90 0156 EBFF94B0 		.ascii	"\353\377\224\260o\354\364\272D\030\345\276\271\014\351"
  90      6FECF4BA 
  90      4418E5BE 
  90      B90CE9
  91 0165 EF1BF923 		.ascii	"\357\033\371#\217\314|:E\241\361\347\261\260\375_\327"
  91      8FCC7C3A 
  91      45A1F1E7 
  91      B1B0FD5F 
  91      D7
  92 0176 5690E7E1 		.ascii	"V\220\347\341\307\032\232t3\356\334\263y7=\235\310\276"
  92      C71A9A74 
  92      33EEDCB3 
  92      79373D9D 
  92      C8BE
  93 0188 9A4BB9C9 		.ascii	"\232K\271\311'\211\354\304xr\366yf:;\303h:\365(E\326"
  93      2789ECC4 
  93      7872F679 
  93      663A3BC3 
  93      683AF528 
  94 019e 8B6CDAFD 		.ascii	"\213l\332\375\007\343J\250<"
  94      07E34AA8 
  94      3C
  95              		.text
  96              		.section	.gnu.lto_pin_oled_dc_Read.bf153920,"",%progbits
  97 0000 789C3D4F 		.ascii	"x\234=O\261J\003A\020\235\267{\271\013\242_`\012\033"
  97      B14A0341 
  97      109DB77B 
  97      B90BA25F 
  97      600A1B
  98 0013 91342288 		.ascii	"\2214\"\210 \266\202\266b\300*\020$\271B\220D\202\326"
  98      20B682B6 
  98      62C02A10 
  98      24B94290 
  98      4482D6
  99 0026 B9CBE514 		.ascii	"\271\313\345\024\304B\013\025\004M!\222D\015j\225\302"
  99      C4420B15 
  99      044D2192 
  99      440D6A95 
  99      C2
 100 0037 260982A2 		.ascii	"&\011\202\242\240\225`%\"\222\302J\217\210\020\3248"
 100      A0956025 
 100      2292C24A 
 100      8F8810D4 
 100      38
 101 0048 EB050776 		.ascii	"\353\005\007vf\367\355{\363f4\002\251\230\3412\300\265"
 101      66F7ED7B 
 101      F3663402 
 101      A998E132 
ARM GAS  C:\Users\info\AppData\Local\Temp\ccAi3R4b.s 			page 7


 101      C0B5
 102 005a 970F2441 		.ascii	"\227\017$A\254\337\022\331A\001\250\213\025\004e\004"
 102      ACDF12D9 
 102      4101A88B 
 102      15046504 
 103 006a 32F810DF 		.ascii	"2\370\020\337\0027\237Wk]\341\202ee\255\247\203\326"
 103      02379F57 
 103      6B5DE182 
 103      6565ADA7 
 103      83D6
 104 007c E876B10A 		.ascii	"\350v\261\012W\022\265\005a8\204\241\220jQ@\230\230"
 104      5712B505 
 104      613884A1 
 104      906A5140 
 104      9898
 105 008e FA7CF6B3 		.ascii	"\372|\366\263\331\243\347,\216>E\340\237\"tey2]\265"
 105      D9A3E72C 
 105      8E3E45E0 
 105      9F227465 
 105      79325DB5 
 106 00a2 DA6DC7AA 		.ascii	"\332m\307\252\336\033\265\007\303\000\271\222}9i\234"
 106      DE1BB507 
 106      C300B992 
 106      7D39699C 
 107 00b2 4440259D 		.ascii	"D@%\235T[zc\231\032\342]\010Ue\003\365\326\352\343\336"
 107      545B7A63 
 107      991AE25D 
 107      08556503 
 107      F5D6EAE3 
 108 00c7 98EAE448 		.ascii	"\230\352\344H\311.[n\375\316h\012WJ(\323\322F\305\353"
 108      C92E5B6E 
 108      FDCE680A 
 108      574A28D3 
 108      D246C5EB 
 109 00db 3C6BFBB6 		.ascii	"<k\373\266\2451dW\312\227F\036\273v\216G\325p\210\020"
 109      A5316457 
 109      CA97461E 
 109      BB768E47 
 109      D5708810 
 110 00ef 4AE04171 		.ascii	"J\340Aq\204<\250\001\347k\202\034\011\277\335\316y\363"
 110      843CA801 
 110      E76B821C 
 110      09BFDDCE 
 110      79F3
 111 0101 3AA0F440 		.ascii	":\240\364@\020\307Lk \353\255\274H\337Pc\236Rx\313\027"
 111      10C74C6B 
 111      20EBADBC 
 111      48DF5063 
 111      9E5278CB 
 112 0116 BA8F0418 		.ascii	"\272\217\004\030dY\335;-t+\231\200D\371_\006\237\244"
 112      6459DD3B 
 112      2D742B99 
 112      8044F95F 
 112      069FA4
 113 0129 78F40AD1 		.ascii	"x\364\012\321y\321\337bP\013\361z\375\223f\322L\317"
 113      79D1DF62 
 113      500BF17A 
ARM GAS  C:\Users\info\AppData\Local\Temp\ccAi3R4b.s 			page 8


 113      FD9366D2 
 113      4CCF
 114 013b 2E9A8958 		.ascii	".\232\211X$\265\224\216\233\321\251Hj|$\2720\227\214"
 114      24B5948E 
 114      9BD1A948 
 114      6A7C24BA 
 114      30978C
 115 014e A5E6194D 		.ascii	"\245\346\031M\304\007\343\364\013|6}i"
 115      C407E3F4 
 115      0B7C367D 
 115      69
 116              		.text
 117              		.section	.gnu.lto_pin_oled_dc_ReadDataReg.bf153920,"",%progbits
 118 0000 789C3D4F 		.ascii	"x\234=O=K\003A\020\235\267{\371 \304_`\012\033\2214"
 118      3D4B0341 
 118      109DB77B 
 118      F920C45F 
 118      600A1B91 
 119 0015 228885B6 		.ascii	"\"\210\205\266\202\266b\300*\020$\271B\220D\202\326"
 119      82B662C0 
 119      2A1024B9 
 119      42904482 
 119      D6
 120 0026 D9E4728A 		.ascii	"\331\344r\212ba\243\001AR\210\\\342\267\215\215\010"
 120      6261A301 
 120      4152885C 
 120      E2B78D8D 
 120      08
 121 0037 67B01005 		.ascii	"g\260\020\005?~\200\020DRXi\210\010\242\211\263\236"
 121      3F7E8010 
 121      44525869 
 121      8808A289 
 121      B39E
 122 0049 38B033BB 		.ascii	"8\2603\273o\337\2337c\020H\307\024\227>\256\335| \011"
 122      6FDF9B37 
 122      631048C7 
 122      14973EAE 
 122      DD7C2009 
 123 005d 62ED9628 		.ascii	"b\355\226(\037\024\200\276\250 ('\220\303\273\370\026"
 123      1F1480BE 
 123      A8202827 
 123      90C3BBF8 
 123      16
 124 006e B8F9B85A 		.ascii	"\270\371\270Z\015E\035\245\012\252\276\343\014\227*"
 124      0D451DA5 
 124      0AAABEE3 
 124      0C972A
 125 007d 2E6C49D4 		.ascii	".lI\324\021\204\301\010\006\"\272\205\203(1\365\351"
 125      1184C108 
 125      0622BA85 
 125      832831F5 
 125      E9
 126 008e A4BDDEE5 		.ascii	"\244\275\336\345/*\216\036M\340\237\012\374\332\362"
 126      2F2A8E1E 
 126      4DE09F0A 
 126      FCDAF2
 127 009d 68D2559D 		.ascii	"h\322U\235\216\245\334\363\320\305}(\000\262%\373r2"
ARM GAS  C:\Users\info\AppData\Local\Temp\ccAi3R4b.s 			page 9


 127      8EA5DCF3 
 127      D0C57D28 
 127      00B225FB 
 127      7232
 128 00af 38099F4E 		.ascii	"8\011\237N~\322m\351\225ez\2107!t\225\015\324>W\332"
 128      7ED26DE9 
 128      95657A88 
 128      37217495 
 128      0DD43E57 
 129 00c4 D511DDC9 		.ascii	"\325\021\335\311\222\222]6\354\332]\240%l)\241M\037"
 129      92925D36 
 129      ECDA5DA0 
 129      256C29A1 
 129      4D1F
 130 00d6 2A8FA5BF 		.ascii	"*\217\245\277\247\273\235W\006C\207\247\365\345p\031"
 130      A7BB9D57 
 130      064387A7 
 130      F5E57019 
 131 00e6 5BF9228F 		.ascii	"[\371\"\217j`\027\021T\301\203b\017eP\003\326\327\030"
 131      6A601711 
 131      54C18362 
 131      0F655003 
 131      D6D718
 132 00f9 59125EBB 		.ascii	"Y\022^\273\315\263\326\265O\353\201 \366\231\326@\241"
 132      CDB3D6B5 
 132      4FEB8120 
 132      F699D640 
 132      A1
 133 010a B9F42C3D 		.ascii	"\271\364,=C\203yZ\321\\\274\364{\210\217A\226\325\232"
 133      4383795A 
 133      D15CBCF4 
 133      7B888F41 
 133      96D59A
 134 011d C74E58CB 		.ascii	"\307NX\313\004$\016\376e\360H\232G/\020\177/\372]\014"
 134      04240EFE 
 134      65F0489A 
 134      472F107F 
 134      2FFA5D0C 
 135 0131 7A215EAF 		.ascii	"z!^\257w\334L\233\331\351y3\225\210e\026\262I3>\021"
 135      77DC4C9B 
 135      D9E97933 
 135      95886516 
 135      B249333E 
 136 0146 CB8C0EC5 		.ascii	"\313\214\016\305\347f\322\211\314,\243\251d\177\222"
 136      E766D289 
 136      CC2CA3A9 
 136      647F92
 137 0155 7E003875 		.ascii	"~\0008u}W"
 137      7D57
 138              		.text
 139              		.section	.gnu.lto_.symbol_nodes.bf153920,"",%progbits
 140 0000 789C6361 		.ascii	"x\234ca`dpc\000\002&\206z\006\206\011\347\030@\324\256"
 140      60647063 
 140      00022686 
 140      7A068609 
 140      E71840D4 
 141 0015 0645A000 		.ascii	"\006E\240\000c=#\252\000S=\023\252\000s=3\212\000\003"
ARM GAS  C:\Users\info\AppData\Local\Temp\ccAi3R4b.s 			page 10


 141      633D23AA 
 141      00533D13 
 141      AA00733D 
 141      338A0003 
 142 0029 0026B60F 		.ascii	"\000&\266\017<"
 142      3C
 143              		.text
 144              		.section	.gnu.lto_.refs.bf153920,"",%progbits
 145 0000 789C6361 		.ascii	"x\234ca`\004B \000\000\0009\000\007"
 145      60044220 
 145      00000039 
 145      0007
 146              		.text
 147              		.section	.gnu.lto_.decls.bf153920,"",%progbits
 148 0000 789C8D53 		.ascii	"x\234\215S]H\024Q\024\276gfw]FS\223(\03760!\360!$\211"
 148      5D481451 
 148      14BE6766 
 148      775D4653 
 148      93281F36 
 149 001a C087A840 		.ascii	"\300\207\250@\311\2472\264\354E\022\177\006\223Be[\003"
 149      C9A732B4 
 149      EC45127F 
 149      06934265 
 149      5B03
 150 002c DF6E6A64 		.ascii	"\337njd>)\345_*\251A\371\257\233\377\233\345\372\223"
 150      3E29E55F 
 150      2AA941F9 
 150      AF9BFF9B 
 150      E5FA93
 151 003f 4664F803 		.ascii	"Fd\370\003\206\371\220`\011f\305F\366\263\205n\347\336"
 151      86F99060 
 151      0966C546 
 151      F6B3856E 
 151      E7DE
 152 0051 997526DB 		.ascii	"\231u&\333\300\313\234{\317\271\367|\337\371\316\235"
 152      C0CB9C7B 
 152      CFB9F77C 
 152      DFF9CE9D 
 153 0061 190301C2 		.ascii	"\031\003\001\302\306E\003!v\\-\030zp\030\321O\"\332"
 153      C6450321 
 153      765C2D18 
 153      7A7018D1 
 153      4F22DA
 154 0074 C063D28D 		.ascii	"\300c\322\215\326\2136\200\346 \377\016vnRq\035\214"
 154      D68B3680 
 154      E620FF0E 
 154      766E5271 
 154      1D8C
 155 0086 0B6D046D 		.ascii	"\013m\004m\030-^\315\0015o\373\350\365\201\035\327\341"
 155      182D5ECD 
 155      01356FFB 
 155      E8F5811D 
 155      D7E1
 156 0098 BDD85E1F 		.ascii	"\275\330^\037X\246\307\250\303\305\373\300\015\370\300"
 156      58A6C7A8 
 156      C3C5FBC0 
 156      0DF8C0
ARM GAS  C:\Users\info\AppData\Local\Temp\ccAi3R4b.s 			page 11


 157 00a7 397680F3 		.ascii	"9v\200\363\325\347\206\000\003%U\337\203\026a\001\004"
 157      D5E78600 
 157      032555DF 
 157      83166101 
 157      04
 158 00b8 502F9000 		.ascii	"P/\220\000(3p#\212\361\020\035\201\317dkkk![)\252\253"
 158      28337023 
 158      8AF1101D 
 158      81CF646B 
 158      6B6B215B 
 159 00cf 91F1C7BB 		.ascii	"\221\361\307\273z\274\203\223h\354\240\202`K\201\352"
 159      7ABC8393 
 159      68ECA082 
 159      604B81EA 
 160 00df F373412B 		.ascii	"\363sA+\000J\350\005\350\370\024\271:M\360wO\340mz\376"
 160      004AE805 
 160      E8F814B9 
 160      3A4DF077 
 160      4FE06D7A 
 161 00f4 B6FD8D59 		.ascii	"\266\375\215Y\304\216\321\177\353n:\025\331Fq\224R*"
 161      C48ED17F 
 161      EB6E3A15 
 161      D9467194 
 161      522A
 162 0106 1CD26EA6 		.ascii	"\034\322n\246\363\306\273f\363\272\000\026\011<\300"
 162      F3C6BB66 
 162      F3BA0016 
 162      093CC0
 163 0115 E28F83EE 		.ascii	"\342\217\203\356]J\314\216\253\313\2267\375\305\375"
 163      5D4ACC8E 
 163      ABCB9637 
 163      FDC5FD
 164 0124 CC17E696 		.ascii	"\314\027\346\226[W\015\020!=`4K\225\366\343\203\224"
 164      5B570D10 
 164      213D6034 
 164      4B95F6E3 
 164      8394
 165 0136 06430748 		.ascii	"\006C\007H\320\006\"4C$+n\221p.\246\264\200\272\032"
 165      D0062234 
 165      43242B6E 
 165      91702EA6 
 165      B480BA1A 
 166 014a A92994C0 		.ascii	"\251)\224\300\021\013\034\266\020h\207\010\306\311\262"
 166      110B1CB6 
 166      10688708 
 166      C6C9B2
 167 0159 A0152CD0 		.ascii	"\240\025,\320\002\026\306\377\276\362\336\232\311  "
 167      0216C6FF 
 167      BEF2DE9A 
 167      C92020
 168 0168 90F1A419 		.ascii	"\220\361\244\031\330\3363\317\017g\020J\010\221@\300"
 168      D8DE33CF 
 168      0F67104A 
 168      089140C0 
 169 0178 70D6F5B2 		.ascii	"p\326\365\262\316\037\303=\022\004c\370\352\316\302"
 169      CE1FC33D 
 169      120463F8 
ARM GAS  C:\Users\info\AppData\Local\Temp\ccAi3R4b.s 			page 12


 169      EACEC2
 170 0187 2C845630 		.ascii	",\204V0\015\264\220\206\011\220\264\027\354H\330\205"
 170      0DB49086 
 170      0990B417 
 170      EC48D885 
 171 0197 84041E41 		.ascii	"\204\004\036A(\316\235`P\272+\336\034\373f\016\257\247"
 171      28CE9D60 
 171      50BA2BDE 
 171      1CFB660E 
 171      AFA7
 172 01a9 F55D74A9 		.ascii	"\365]t\251f\342XE!mBX\030K\203&M4\272ly\010\213x\225"
 172      66E25845 
 172      216D4258 
 172      184B8326 
 172      4D34BA6C 
 173 01c2 DD108EC8 		.ascii	"\335\020\216\310\206\306\225\017 ^\346\227p\375\365"
 173      86C6950F 
 173      205EE697 
 173      70FDF5
 174 01d1 CD694961 		.ascii	"\315iIaq\256O\004\320i\3448\3119z4\216\036=G/\347\370"
 174      71AE4F04 
 174      D069E438 
 174      C9397A34 
 174      8E1E3D47 
 175 01e8 ECFEE934 		.ascii	"\354\376\3514\212E\300I\352J\357\267\370\353u\263\206"
 175      8A45C049 
 175      EA4AEFB7 
 175      F8EB75B3 
 175      86
 176 01f9 35E1FD5C 		.ascii	"5\341\375\\x\232\252{\322\321\335/\250\025\347&\305"
 176      789AAA7B 
 176      D2D1DD2F 
 176      A815E726 
 176      C5
 177 020a 6AEA2C40 		.ascii	"j\352,@\230\300\262\240O\253\331\247\2579\300kv\374"
 177      98C0B2A0 
 177      4FABD9A7 
 177      AF39C06B 
 177      76FC
 178 021c 5A19F517 		.ascii	"Z\031\365\027\313\225\232k\277;\312\002T\032\307\013"
 178      CB959A6B 
 178      BF3BCA02 
 178      541AC70B 
 179 022c AF704632 		.ascii	"\257pF2\250\221\014\352I\034\234d\246\250\253VT\336"
 179      A8910CEA 
 179      491C9C64 
 179      A6A8AB56 
 179      54DE
 180 023e 8001C32F 		.ascii	"\200\001\303/Sw\227\003\2257\020\206\341z\321\327y\223"
 180      53779703 
 180      95371086 
 180      E17AD1D7 
 180      7993
 181 0250 54CCDAD8 		.ascii	"T\314\332\330\321;\236Zm\360\370\211\355\\\222\320]"
 181      D13B9E5A 
 181      6DF0F889 
 181      ED5C92D0 
ARM GAS  C:\Users\info\AppData\Local\Temp\ccAi3R4b.s 			page 13


 181      5D
 182 0261 5E5DEE07 		.ascii	"^]\356\007R\204\017\270\323\007\\\375\326\334\347\312"
 182      52840FB8 
 182      D3075CFD 
 182      D6DCE7CA 
 183 0271 6EB1FE87 		.ascii	"n\261\376\207\361\316\236j\322\237\200\244\334W\317"
 183      F1CE9E6A 
 183      D29F80A4 
 183      DC57CF
 184 0280 F4A74E63 		.ascii	"\364\247Nc@\011\373\354J\013i\310\363@\2369\204$\217"
 184      4009FBEC 
 184      4A0B69C8 
 184      F3409E39 
 184      84248F
 185 0293 F9ED8E40 		.ascii	"\371\355\216@\000\377?p\335\020\304\241\371\232Z\021"
 185      00FF3F70 
 185      DD10C4A1 
 185      F99A5A11 
 186 02a3 CFD823DD 		.ascii	"\317\330#\335\245(\205\316\000\214#\031\017\\'\270\317"
 186      A52885CE 
 186      008C2319 
 186      0F5C27B8 
 186      CF
 187 02b4 B6A9AB80 		.ascii	"\266\251\253\200\232\252\002\275\022\011? 0\212\310"
 187      9AAA02BD 
 187      12093F20 
 187      308AC8
 188 02c3 3124E6E1 		.ascii	"1$\346\341\356\334\254\354\224\234+rFJFz\312\005k\226"
 188      EEDCACEC 
 188      949C2B72 
 188      464A467A 
 188      CA056B96 
 189 02d7 4D36C79D 		.ascii	"M6\307\2359\037\026\023\025E\214yY\331\266\350\003q"
 189      391F1613 
 189      15458C79 
 189      59D9B6E8 
 189      0371
 190 02e9 72B66C4D 		.ascii	"r\266lM\265aFbN\2365]N>\233\230\023s49=\337\226\237"
 190      B5614662 
 190      4E9E355D 
 190      4E3E9B98 
 190      13733439 
 191 0301 2B5F8DBC 		.ascii	"+_\215\274D\016\376'C\307\034\231NB\365\205\022e[\254"
 191      440EFE27 
 191      43C71C99 
 191      4E42F585 
 191      12655BAC 
 192 0315 35EB9A7C 		.ascii	"5\353\232|:'C\016\326\037$\310\251\031\373\266o\304"
 192      3A27430E 
 192      D61F24C8 
 192      A919FBB6 
 192      6FC4
 193 0327 A6DA5213 		.ascii	"\246\332R\023\344L\203U\316\214\376\003X?z\354"
 193      E44C8355 
 193      CE8CFE03 
 193      583F7AEC 
 194              		.text
ARM GAS  C:\Users\info\AppData\Local\Temp\ccAi3R4b.s 			page 14


 195              		.section	.gnu.lto_.symtab.bf153920,"",%progbits
 196 0000 70696E5F 		.ascii	"pin_oled_dc_Write\000"
 196      6F6C6564 
 196      5F64635F 
 196      57726974 
 196      6500
 197 0012 00       		.ascii	"\000"
 198 0013 00       		.ascii	"\000"
 199 0014 00       		.ascii	"\000"
 200 0015 00000000 		.ascii	"\000\000\000\000\000\000\000\000"
 200      00000000 
 201 001d B3000000 		.ascii	"\263\000\000\000"
 202 0021 70696E5F 		.ascii	"pin_oled_dc_SetDriveMode\000"
 202      6F6C6564 
 202      5F64635F 
 202      53657444 
 202      72697665 
 203 003a 00       		.ascii	"\000"
 204 003b 00       		.ascii	"\000"
 205 003c 00       		.ascii	"\000"
 206 003d 00000000 		.ascii	"\000\000\000\000\000\000\000\000"
 206      00000000 
 207 0045 B5000000 		.ascii	"\265\000\000\000"
 208 0049 70696E5F 		.ascii	"pin_oled_dc_Read\000"
 208      6F6C6564 
 208      5F64635F 
 208      52656164 
 208      00
 209 005a 00       		.ascii	"\000"
 210 005b 00       		.ascii	"\000"
 211 005c 00       		.ascii	"\000"
 212 005d 00000000 		.ascii	"\000\000\000\000\000\000\000\000"
 212      00000000 
 213 0065 B8000000 		.ascii	"\270\000\000\000"
 214 0069 70696E5F 		.ascii	"pin_oled_dc_ReadDataReg\000"
 214      6F6C6564 
 214      5F64635F 
 214      52656164 
 214      44617461 
 215 0081 00       		.ascii	"\000"
 216 0082 00       		.ascii	"\000"
 217 0083 00       		.ascii	"\000"
 218 0084 00000000 		.ascii	"\000\000\000\000\000\000\000\000"
 218      00000000 
 219 008c BA000000 		.ascii	"\272\000\000\000"
 220              		.text
 221              		.section	.gnu.lto_.opts,"",%progbits
 222 0000 272D666D 		.ascii	"'-fmath-errno' '-fsigned-zeros' '-ftrapping-math' '"
 222      6174682D 
 222      6572726E 
 222      6F272027 
 222      2D667369 
 223 0033 2D666E6F 		.ascii	"-fno-trapv' '-fno-openmp' '-fno-openacc' '-mcpu=cor"
 223      2D747261 
 223      70762720 
 223      272D666E 
 223      6F2D6F70 
ARM GAS  C:\Users\info\AppData\Local\Temp\ccAi3R4b.s 			page 15


 224 0066 7465782D 		.ascii	"tex-m3' '-mthumb' '-g' '-Os' '-ffunction-sections' "
 224      6D332720 
 224      272D6D74 
 224      68756D62 
 224      2720272D 
 225 0099 272D6666 		.ascii	"'-ffat-lto-objects' '-flto'\000"
 225      61742D6C 
 225      746F2D6F 
 225      626A6563 
 225      74732720 
 226              		.text
 227              		.cfi_sections	.debug_frame
 228              		.section	.text.pin_oled_dc_Write,"ax",%progbits
 229              		.align	1
 230              		.global	pin_oled_dc_Write
 231              		.thumb
 232              		.thumb_func
 233              		.type	pin_oled_dc_Write, %function
 234              	pin_oled_dc_Write:
 235              	.LFB0:
 236              		.file 1 "Generated_Source\\PSoC5\\pin_oled_dc.c"
   1:Generated_Source\PSoC5/pin_oled_dc.c **** /*******************************************************************************
   2:Generated_Source\PSoC5/pin_oled_dc.c **** * File Name: pin_oled_dc.c  
   3:Generated_Source\PSoC5/pin_oled_dc.c **** * Version 2.20
   4:Generated_Source\PSoC5/pin_oled_dc.c **** *
   5:Generated_Source\PSoC5/pin_oled_dc.c **** * Description:
   6:Generated_Source\PSoC5/pin_oled_dc.c **** *  This file contains API to enable firmware control of a Pins component.
   7:Generated_Source\PSoC5/pin_oled_dc.c **** *
   8:Generated_Source\PSoC5/pin_oled_dc.c **** * Note:
   9:Generated_Source\PSoC5/pin_oled_dc.c **** *
  10:Generated_Source\PSoC5/pin_oled_dc.c **** ********************************************************************************
  11:Generated_Source\PSoC5/pin_oled_dc.c **** * Copyright 2008-2015, Cypress Semiconductor Corporation.  All rights reserved.
  12:Generated_Source\PSoC5/pin_oled_dc.c **** * You may use this file only in accordance with the license, terms, conditions, 
  13:Generated_Source\PSoC5/pin_oled_dc.c **** * disclaimers, and limitations in the end user license agreement accompanying 
  14:Generated_Source\PSoC5/pin_oled_dc.c **** * the software package with which this file was provided.
  15:Generated_Source\PSoC5/pin_oled_dc.c **** *******************************************************************************/
  16:Generated_Source\PSoC5/pin_oled_dc.c **** 
  17:Generated_Source\PSoC5/pin_oled_dc.c **** #include "cytypes.h"
  18:Generated_Source\PSoC5/pin_oled_dc.c **** #include "pin_oled_dc.h"
  19:Generated_Source\PSoC5/pin_oled_dc.c **** 
  20:Generated_Source\PSoC5/pin_oled_dc.c **** /* APIs are not generated for P15[7:6] on PSoC 5 */
  21:Generated_Source\PSoC5/pin_oled_dc.c **** #if !(CY_PSOC5A &&\
  22:Generated_Source\PSoC5/pin_oled_dc.c **** 	 pin_oled_dc__PORT == 15 && ((pin_oled_dc__MASK & 0xC0) != 0))
  23:Generated_Source\PSoC5/pin_oled_dc.c **** 
  24:Generated_Source\PSoC5/pin_oled_dc.c **** 
  25:Generated_Source\PSoC5/pin_oled_dc.c **** /*******************************************************************************
  26:Generated_Source\PSoC5/pin_oled_dc.c **** * Function Name: pin_oled_dc_Write
  27:Generated_Source\PSoC5/pin_oled_dc.c **** ****************************************************************************//**
  28:Generated_Source\PSoC5/pin_oled_dc.c **** *
  29:Generated_Source\PSoC5/pin_oled_dc.c **** * \brief Writes the value to the physical port (data output register), masking
  30:Generated_Source\PSoC5/pin_oled_dc.c **** *  and shifting the bits appropriately. 
  31:Generated_Source\PSoC5/pin_oled_dc.c **** *
  32:Generated_Source\PSoC5/pin_oled_dc.c **** * The data output register controls the signal applied to the physical pin in 
  33:Generated_Source\PSoC5/pin_oled_dc.c **** * conjunction with the drive mode parameter. This function avoids changing 
  34:Generated_Source\PSoC5/pin_oled_dc.c **** * other bits in the port by using the appropriate method (read-modify-write or
  35:Generated_Source\PSoC5/pin_oled_dc.c **** * bit banding).
  36:Generated_Source\PSoC5/pin_oled_dc.c **** *
ARM GAS  C:\Users\info\AppData\Local\Temp\ccAi3R4b.s 			page 16


  37:Generated_Source\PSoC5/pin_oled_dc.c **** * <b>Note</b> This function should not be used on a hardware digital output pin 
  38:Generated_Source\PSoC5/pin_oled_dc.c **** * as it is driven by the hardware signal attached to it.
  39:Generated_Source\PSoC5/pin_oled_dc.c **** *
  40:Generated_Source\PSoC5/pin_oled_dc.c **** * \param value
  41:Generated_Source\PSoC5/pin_oled_dc.c **** *  Value to write to the component instance.
  42:Generated_Source\PSoC5/pin_oled_dc.c **** *
  43:Generated_Source\PSoC5/pin_oled_dc.c **** * \return 
  44:Generated_Source\PSoC5/pin_oled_dc.c **** *  None 
  45:Generated_Source\PSoC5/pin_oled_dc.c **** *
  46:Generated_Source\PSoC5/pin_oled_dc.c **** * \sideeffect
  47:Generated_Source\PSoC5/pin_oled_dc.c **** *  If you use read-modify-write operations that are not atomic; the Interrupt 
  48:Generated_Source\PSoC5/pin_oled_dc.c **** *  Service Routines (ISR) can cause corruption of this function. An ISR that 
  49:Generated_Source\PSoC5/pin_oled_dc.c **** *  interrupts this function and performs writes to the Pins component data 
  50:Generated_Source\PSoC5/pin_oled_dc.c **** *  register can cause corrupted port data. To avoid this issue, you should 
  51:Generated_Source\PSoC5/pin_oled_dc.c **** *  either use the Per-Pin APIs (primary method) or disable interrupts around 
  52:Generated_Source\PSoC5/pin_oled_dc.c **** *  this function.
  53:Generated_Source\PSoC5/pin_oled_dc.c **** *
  54:Generated_Source\PSoC5/pin_oled_dc.c **** * \funcusage
  55:Generated_Source\PSoC5/pin_oled_dc.c **** *  \snippet pin_oled_dc_SUT.c usage_pin_oled_dc_Write
  56:Generated_Source\PSoC5/pin_oled_dc.c **** *******************************************************************************/
  57:Generated_Source\PSoC5/pin_oled_dc.c **** void pin_oled_dc_Write(uint8 value)
  58:Generated_Source\PSoC5/pin_oled_dc.c **** {
 237              		.loc 1 58 0
 238              		.cfi_startproc
 239              		@ args = 0, pretend = 0, frame = 0
 240              		@ frame_needed = 0, uses_anonymous_args = 0
 241              		@ link register save eliminated.
 242              	.LVL0:
  59:Generated_Source\PSoC5/pin_oled_dc.c ****     uint8 staticBits = (pin_oled_dc_DR & (uint8)(~pin_oled_dc_MASK));
 243              		.loc 1 59 0
 244 0000 044A     		ldr	r2, .L2
  60:Generated_Source\PSoC5/pin_oled_dc.c ****     pin_oled_dc_DR = staticBits | ((uint8)(value << pin_oled_dc_SHIFT) & pin_oled_dc_MASK);
 245              		.loc 1 60 0
 246 0002 C000     		lsls	r0, r0, #3
 247              	.LVL1:
  59:Generated_Source\PSoC5/pin_oled_dc.c ****     uint8 staticBits = (pin_oled_dc_DR & (uint8)(~pin_oled_dc_MASK));
 248              		.loc 1 59 0
 249 0004 1378     		ldrb	r3, [r2]	@ zero_extendqisi2
 250              	.LVL2:
 251              		.loc 1 60 0
 252 0006 00F00800 		and	r0, r0, #8
 253 000a 03F0F703 		and	r3, r3, #247
 254              	.LVL3:
 255 000e 0343     		orrs	r3, r3, r0
 256 0010 1370     		strb	r3, [r2]
 257 0012 7047     		bx	lr
 258              	.L3:
 259              		.align	2
 260              	.L2:
 261 0014 C0510040 		.word	1073762752
 262              		.cfi_endproc
 263              	.LFE0:
 264              		.size	pin_oled_dc_Write, .-pin_oled_dc_Write
 265              		.section	.text.pin_oled_dc_SetDriveMode,"ax",%progbits
 266              		.align	1
 267              		.global	pin_oled_dc_SetDriveMode
 268              		.thumb
ARM GAS  C:\Users\info\AppData\Local\Temp\ccAi3R4b.s 			page 17


 269              		.thumb_func
 270              		.type	pin_oled_dc_SetDriveMode, %function
 271              	pin_oled_dc_SetDriveMode:
 272              	.LFB1:
  61:Generated_Source\PSoC5/pin_oled_dc.c **** }
  62:Generated_Source\PSoC5/pin_oled_dc.c **** 
  63:Generated_Source\PSoC5/pin_oled_dc.c **** 
  64:Generated_Source\PSoC5/pin_oled_dc.c **** /*******************************************************************************
  65:Generated_Source\PSoC5/pin_oled_dc.c **** * Function Name: pin_oled_dc_SetDriveMode
  66:Generated_Source\PSoC5/pin_oled_dc.c **** ****************************************************************************//**
  67:Generated_Source\PSoC5/pin_oled_dc.c **** *
  68:Generated_Source\PSoC5/pin_oled_dc.c **** * \brief Sets the drive mode for each of the Pins component's pins.
  69:Generated_Source\PSoC5/pin_oled_dc.c **** * 
  70:Generated_Source\PSoC5/pin_oled_dc.c **** * <b>Note</b> This affects all pins in the Pins component instance. Use the
  71:Generated_Source\PSoC5/pin_oled_dc.c **** * Per-Pin APIs if you wish to control individual pin's drive modes.
  72:Generated_Source\PSoC5/pin_oled_dc.c **** *
  73:Generated_Source\PSoC5/pin_oled_dc.c **** * \param mode
  74:Generated_Source\PSoC5/pin_oled_dc.c **** *  Mode for the selected signals. Valid options are documented in 
  75:Generated_Source\PSoC5/pin_oled_dc.c **** *  \ref driveMode.
  76:Generated_Source\PSoC5/pin_oled_dc.c **** *
  77:Generated_Source\PSoC5/pin_oled_dc.c **** * \return
  78:Generated_Source\PSoC5/pin_oled_dc.c **** *  None
  79:Generated_Source\PSoC5/pin_oled_dc.c **** *
  80:Generated_Source\PSoC5/pin_oled_dc.c **** * \sideeffect
  81:Generated_Source\PSoC5/pin_oled_dc.c **** *  If you use read-modify-write operations that are not atomic, the ISR can
  82:Generated_Source\PSoC5/pin_oled_dc.c **** *  cause corruption of this function. An ISR that interrupts this function 
  83:Generated_Source\PSoC5/pin_oled_dc.c **** *  and performs writes to the Pins component Drive Mode registers can cause 
  84:Generated_Source\PSoC5/pin_oled_dc.c **** *  corrupted port data. To avoid this issue, you should either use the Per-Pin
  85:Generated_Source\PSoC5/pin_oled_dc.c **** *  APIs (primary method) or disable interrupts around this function.
  86:Generated_Source\PSoC5/pin_oled_dc.c **** *
  87:Generated_Source\PSoC5/pin_oled_dc.c **** * \funcusage
  88:Generated_Source\PSoC5/pin_oled_dc.c **** *  \snippet pin_oled_dc_SUT.c usage_pin_oled_dc_SetDriveMode
  89:Generated_Source\PSoC5/pin_oled_dc.c **** *******************************************************************************/
  90:Generated_Source\PSoC5/pin_oled_dc.c **** void pin_oled_dc_SetDriveMode(uint8 mode)
  91:Generated_Source\PSoC5/pin_oled_dc.c **** {
 273              		.loc 1 91 0
 274              		.cfi_startproc
 275              		@ args = 0, pretend = 0, frame = 0
 276              		@ frame_needed = 0, uses_anonymous_args = 0
 277              		@ link register save eliminated.
 278              	.LVL4:
  92:Generated_Source\PSoC5/pin_oled_dc.c **** 	CyPins_SetPinDriveMode(pin_oled_dc_0, mode);
 279              		.loc 1 92 0
 280 0000 044A     		ldr	r2, .L5
 281 0002 00F00E00 		and	r0, r0, #14
 282              	.LVL5:
 283 0006 1378     		ldrb	r3, [r2]	@ zero_extendqisi2
 284 0008 03F0F103 		and	r3, r3, #241
 285 000c 1843     		orrs	r0, r0, r3
 286 000e 1070     		strb	r0, [r2]
 287 0010 7047     		bx	lr
 288              	.L6:
 289 0012 00BF     		.align	2
 290              	.L5:
 291 0014 63500040 		.word	1073762403
 292              		.cfi_endproc
 293              	.LFE1:
ARM GAS  C:\Users\info\AppData\Local\Temp\ccAi3R4b.s 			page 18


 294              		.size	pin_oled_dc_SetDriveMode, .-pin_oled_dc_SetDriveMode
 295              		.section	.text.pin_oled_dc_Read,"ax",%progbits
 296              		.align	1
 297              		.global	pin_oled_dc_Read
 298              		.thumb
 299              		.thumb_func
 300              		.type	pin_oled_dc_Read, %function
 301              	pin_oled_dc_Read:
 302              	.LFB2:
  93:Generated_Source\PSoC5/pin_oled_dc.c **** }
  94:Generated_Source\PSoC5/pin_oled_dc.c **** 
  95:Generated_Source\PSoC5/pin_oled_dc.c **** 
  96:Generated_Source\PSoC5/pin_oled_dc.c **** /*******************************************************************************
  97:Generated_Source\PSoC5/pin_oled_dc.c **** * Function Name: pin_oled_dc_Read
  98:Generated_Source\PSoC5/pin_oled_dc.c **** ****************************************************************************//**
  99:Generated_Source\PSoC5/pin_oled_dc.c **** *
 100:Generated_Source\PSoC5/pin_oled_dc.c **** * \brief Reads the associated physical port (pin status register) and masks 
 101:Generated_Source\PSoC5/pin_oled_dc.c **** *  the required bits according to the width and bit position of the component
 102:Generated_Source\PSoC5/pin_oled_dc.c **** *  instance. 
 103:Generated_Source\PSoC5/pin_oled_dc.c **** *
 104:Generated_Source\PSoC5/pin_oled_dc.c **** * The pin's status register returns the current logic level present on the 
 105:Generated_Source\PSoC5/pin_oled_dc.c **** * physical pin.
 106:Generated_Source\PSoC5/pin_oled_dc.c **** *
 107:Generated_Source\PSoC5/pin_oled_dc.c **** * \return 
 108:Generated_Source\PSoC5/pin_oled_dc.c **** *  The current value for the pins in the component as a right justified number.
 109:Generated_Source\PSoC5/pin_oled_dc.c **** *
 110:Generated_Source\PSoC5/pin_oled_dc.c **** * \funcusage
 111:Generated_Source\PSoC5/pin_oled_dc.c **** *  \snippet pin_oled_dc_SUT.c usage_pin_oled_dc_Read  
 112:Generated_Source\PSoC5/pin_oled_dc.c **** *******************************************************************************/
 113:Generated_Source\PSoC5/pin_oled_dc.c **** uint8 pin_oled_dc_Read(void)
 114:Generated_Source\PSoC5/pin_oled_dc.c **** {
 303              		.loc 1 114 0
 304              		.cfi_startproc
 305              		@ args = 0, pretend = 0, frame = 0
 306              		@ frame_needed = 0, uses_anonymous_args = 0
 307              		@ link register save eliminated.
 115:Generated_Source\PSoC5/pin_oled_dc.c ****     return (pin_oled_dc_PS & pin_oled_dc_MASK) >> pin_oled_dc_SHIFT;
 308              		.loc 1 115 0
 309 0000 024B     		ldr	r3, .L8
 310 0002 1878     		ldrb	r0, [r3]	@ zero_extendqisi2
 116:Generated_Source\PSoC5/pin_oled_dc.c **** }
 311              		.loc 1 116 0
 312 0004 C0F3C000 		ubfx	r0, r0, #3, #1
 313 0008 7047     		bx	lr
 314              	.L9:
 315 000a 00BF     		.align	2
 316              	.L8:
 317 000c C1510040 		.word	1073762753
 318              		.cfi_endproc
 319              	.LFE2:
 320              		.size	pin_oled_dc_Read, .-pin_oled_dc_Read
 321              		.section	.text.pin_oled_dc_ReadDataReg,"ax",%progbits
 322              		.align	1
 323              		.global	pin_oled_dc_ReadDataReg
 324              		.thumb
 325              		.thumb_func
 326              		.type	pin_oled_dc_ReadDataReg, %function
ARM GAS  C:\Users\info\AppData\Local\Temp\ccAi3R4b.s 			page 19


 327              	pin_oled_dc_ReadDataReg:
 328              	.LFB3:
 117:Generated_Source\PSoC5/pin_oled_dc.c **** 
 118:Generated_Source\PSoC5/pin_oled_dc.c **** 
 119:Generated_Source\PSoC5/pin_oled_dc.c **** /*******************************************************************************
 120:Generated_Source\PSoC5/pin_oled_dc.c **** * Function Name: pin_oled_dc_ReadDataReg
 121:Generated_Source\PSoC5/pin_oled_dc.c **** ****************************************************************************//**
 122:Generated_Source\PSoC5/pin_oled_dc.c **** *
 123:Generated_Source\PSoC5/pin_oled_dc.c **** * \brief Reads the associated physical port's data output register and masks 
 124:Generated_Source\PSoC5/pin_oled_dc.c **** *  the correct bits according to the width and bit position of the component 
 125:Generated_Source\PSoC5/pin_oled_dc.c **** *  instance. 
 126:Generated_Source\PSoC5/pin_oled_dc.c **** *
 127:Generated_Source\PSoC5/pin_oled_dc.c **** * The data output register controls the signal applied to the physical pin in 
 128:Generated_Source\PSoC5/pin_oled_dc.c **** * conjunction with the drive mode parameter. This is not the same as the 
 129:Generated_Source\PSoC5/pin_oled_dc.c **** * preferred pin_oled_dc_Read() API because the 
 130:Generated_Source\PSoC5/pin_oled_dc.c **** * pin_oled_dc_ReadDataReg() reads the data register instead of the status 
 131:Generated_Source\PSoC5/pin_oled_dc.c **** * register. For output pins this is a useful function to determine the value 
 132:Generated_Source\PSoC5/pin_oled_dc.c **** * just written to the pin.
 133:Generated_Source\PSoC5/pin_oled_dc.c **** *
 134:Generated_Source\PSoC5/pin_oled_dc.c **** * \return 
 135:Generated_Source\PSoC5/pin_oled_dc.c **** *  The current value of the data register masked and shifted into a right 
 136:Generated_Source\PSoC5/pin_oled_dc.c **** *  justified number for the component instance.
 137:Generated_Source\PSoC5/pin_oled_dc.c **** *
 138:Generated_Source\PSoC5/pin_oled_dc.c **** * \funcusage
 139:Generated_Source\PSoC5/pin_oled_dc.c **** *  \snippet pin_oled_dc_SUT.c usage_pin_oled_dc_ReadDataReg 
 140:Generated_Source\PSoC5/pin_oled_dc.c **** *******************************************************************************/
 141:Generated_Source\PSoC5/pin_oled_dc.c **** uint8 pin_oled_dc_ReadDataReg(void)
 142:Generated_Source\PSoC5/pin_oled_dc.c **** {
 329              		.loc 1 142 0
 330              		.cfi_startproc
 331              		@ args = 0, pretend = 0, frame = 0
 332              		@ frame_needed = 0, uses_anonymous_args = 0
 333              		@ link register save eliminated.
 143:Generated_Source\PSoC5/pin_oled_dc.c ****     return (pin_oled_dc_DR & pin_oled_dc_MASK) >> pin_oled_dc_SHIFT;
 334              		.loc 1 143 0
 335 0000 024B     		ldr	r3, .L11
 336 0002 1878     		ldrb	r0, [r3]	@ zero_extendqisi2
 144:Generated_Source\PSoC5/pin_oled_dc.c **** }
 337              		.loc 1 144 0
 338 0004 C0F3C000 		ubfx	r0, r0, #3, #1
 339 0008 7047     		bx	lr
 340              	.L12:
 341 000a 00BF     		.align	2
 342              	.L11:
 343 000c C0510040 		.word	1073762752
 344              		.cfi_endproc
 345              	.LFE3:
 346              		.size	pin_oled_dc_ReadDataReg, .-pin_oled_dc_ReadDataReg
 347              		.text
 348              	.Letext0:
 349              		.file 2 "Generated_Source\\PSoC5\\cytypes.h"
 350              		.section	.debug_info,"",%progbits
 351              	.Ldebug_info0:
 352 0000 1D010000 		.4byte	0x11d
 353 0004 0400     		.2byte	0x4
 354 0006 00000000 		.4byte	.Ldebug_abbrev0
 355 000a 04       		.byte	0x4
ARM GAS  C:\Users\info\AppData\Local\Temp\ccAi3R4b.s 			page 20


 356 000b 01       		.uleb128 0x1
 357 000c 20010000 		.4byte	.LASF20
 358 0010 0C       		.byte	0xc
 359 0011 09020000 		.4byte	.LASF21
 360 0015 9F000000 		.4byte	.LASF22
 361 0019 00000000 		.4byte	.Ldebug_ranges0+0
 362 001d 00000000 		.4byte	0
 363 0021 00000000 		.4byte	.Ldebug_line0
 364 0025 02       		.uleb128 0x2
 365 0026 01       		.byte	0x1
 366 0027 06       		.byte	0x6
 367 0028 FD010000 		.4byte	.LASF0
 368 002c 02       		.uleb128 0x2
 369 002d 01       		.byte	0x1
 370 002e 08       		.byte	0x8
 371 002f 29000000 		.4byte	.LASF1
 372 0033 02       		.uleb128 0x2
 373 0034 02       		.byte	0x2
 374 0035 05       		.byte	0x5
 375 0036 E4010000 		.4byte	.LASF2
 376 003a 02       		.uleb128 0x2
 377 003b 02       		.byte	0x2
 378 003c 07       		.byte	0x7
 379 003d 4E000000 		.4byte	.LASF3
 380 0041 02       		.uleb128 0x2
 381 0042 04       		.byte	0x4
 382 0043 05       		.byte	0x5
 383 0044 F4010000 		.4byte	.LASF4
 384 0048 02       		.uleb128 0x2
 385 0049 04       		.byte	0x4
 386 004a 07       		.byte	0x7
 387 004b 3C000000 		.4byte	.LASF5
 388 004f 02       		.uleb128 0x2
 389 0050 08       		.byte	0x8
 390 0051 05       		.byte	0x5
 391 0052 D1010000 		.4byte	.LASF6
 392 0056 02       		.uleb128 0x2
 393 0057 08       		.byte	0x8
 394 0058 07       		.byte	0x7
 395 0059 09010000 		.4byte	.LASF7
 396 005d 03       		.uleb128 0x3
 397 005e 04       		.byte	0x4
 398 005f 05       		.byte	0x5
 399 0060 696E7400 		.ascii	"int\000"
 400 0064 02       		.uleb128 0x2
 401 0065 04       		.byte	0x4
 402 0066 07       		.byte	0x7
 403 0067 92000000 		.4byte	.LASF8
 404 006b 04       		.uleb128 0x4
 405 006c EE010000 		.4byte	.LASF12
 406 0070 02       		.byte	0x2
 407 0071 E401     		.2byte	0x1e4
 408 0073 2C000000 		.4byte	0x2c
 409 0077 02       		.uleb128 0x2
 410 0078 04       		.byte	0x4
 411 0079 04       		.byte	0x4
 412 007a 23000000 		.4byte	.LASF9
ARM GAS  C:\Users\info\AppData\Local\Temp\ccAi3R4b.s 			page 21


 413 007e 02       		.uleb128 0x2
 414 007f 08       		.byte	0x8
 415 0080 04       		.byte	0x4
 416 0081 61000000 		.4byte	.LASF10
 417 0085 02       		.uleb128 0x2
 418 0086 01       		.byte	0x1
 419 0087 08       		.byte	0x8
 420 0088 DF010000 		.4byte	.LASF11
 421 008c 04       		.uleb128 0x4
 422 008d 37000000 		.4byte	.LASF13
 423 0091 02       		.byte	0x2
 424 0092 8E02     		.2byte	0x28e
 425 0094 98000000 		.4byte	0x98
 426 0098 05       		.uleb128 0x5
 427 0099 6B000000 		.4byte	0x6b
 428 009d 06       		.uleb128 0x6
 429 009e 00000000 		.4byte	.LASF14
 430 00a2 01       		.byte	0x1
 431 00a3 39       		.byte	0x39
 432 00a4 00000000 		.4byte	.LFB0
 433 00a8 18000000 		.4byte	.LFE0-.LFB0
 434 00ac 01       		.uleb128 0x1
 435 00ad 9C       		.byte	0x9c
 436 00ae D1000000 		.4byte	0xd1
 437 00b2 07       		.uleb128 0x7
 438 00b3 12000000 		.4byte	.LASF16
 439 00b7 01       		.byte	0x1
 440 00b8 39       		.byte	0x39
 441 00b9 6B000000 		.4byte	0x6b
 442 00bd 00000000 		.4byte	.LLST0
 443 00c1 08       		.uleb128 0x8
 444 00c2 18000000 		.4byte	.LASF23
 445 00c6 01       		.byte	0x1
 446 00c7 3B       		.byte	0x3b
 447 00c8 6B000000 		.4byte	0x6b
 448 00cc 21000000 		.4byte	.LLST1
 449 00d0 00       		.byte	0
 450 00d1 06       		.uleb128 0x6
 451 00d2 79000000 		.4byte	.LASF15
 452 00d6 01       		.byte	0x1
 453 00d7 5A       		.byte	0x5a
 454 00d8 00000000 		.4byte	.LFB1
 455 00dc 18000000 		.4byte	.LFE1-.LFB1
 456 00e0 01       		.uleb128 0x1
 457 00e1 9C       		.byte	0x9c
 458 00e2 F6000000 		.4byte	0xf6
 459 00e6 07       		.uleb128 0x7
 460 00e7 B4010000 		.4byte	.LASF17
 461 00eb 01       		.byte	0x1
 462 00ec 5A       		.byte	0x5a
 463 00ed 6B000000 		.4byte	0x6b
 464 00f1 39000000 		.4byte	.LLST2
 465 00f5 00       		.byte	0
 466 00f6 09       		.uleb128 0x9
 467 00f7 68000000 		.4byte	.LASF18
 468 00fb 01       		.byte	0x1
 469 00fc 71       		.byte	0x71
ARM GAS  C:\Users\info\AppData\Local\Temp\ccAi3R4b.s 			page 22


 470 00fd 6B000000 		.4byte	0x6b
 471 0101 00000000 		.4byte	.LFB2
 472 0105 10000000 		.4byte	.LFE2-.LFB2
 473 0109 01       		.uleb128 0x1
 474 010a 9C       		.byte	0x9c
 475 010b 09       		.uleb128 0x9
 476 010c B9010000 		.4byte	.LASF19
 477 0110 01       		.byte	0x1
 478 0111 8D       		.byte	0x8d
 479 0112 6B000000 		.4byte	0x6b
 480 0116 00000000 		.4byte	.LFB3
 481 011a 10000000 		.4byte	.LFE3-.LFB3
 482 011e 01       		.uleb128 0x1
 483 011f 9C       		.byte	0x9c
 484 0120 00       		.byte	0
 485              		.section	.debug_abbrev,"",%progbits
 486              	.Ldebug_abbrev0:
 487 0000 01       		.uleb128 0x1
 488 0001 11       		.uleb128 0x11
 489 0002 01       		.byte	0x1
 490 0003 25       		.uleb128 0x25
 491 0004 0E       		.uleb128 0xe
 492 0005 13       		.uleb128 0x13
 493 0006 0B       		.uleb128 0xb
 494 0007 03       		.uleb128 0x3
 495 0008 0E       		.uleb128 0xe
 496 0009 1B       		.uleb128 0x1b
 497 000a 0E       		.uleb128 0xe
 498 000b 55       		.uleb128 0x55
 499 000c 17       		.uleb128 0x17
 500 000d 11       		.uleb128 0x11
 501 000e 01       		.uleb128 0x1
 502 000f 10       		.uleb128 0x10
 503 0010 17       		.uleb128 0x17
 504 0011 00       		.byte	0
 505 0012 00       		.byte	0
 506 0013 02       		.uleb128 0x2
 507 0014 24       		.uleb128 0x24
 508 0015 00       		.byte	0
 509 0016 0B       		.uleb128 0xb
 510 0017 0B       		.uleb128 0xb
 511 0018 3E       		.uleb128 0x3e
 512 0019 0B       		.uleb128 0xb
 513 001a 03       		.uleb128 0x3
 514 001b 0E       		.uleb128 0xe
 515 001c 00       		.byte	0
 516 001d 00       		.byte	0
 517 001e 03       		.uleb128 0x3
 518 001f 24       		.uleb128 0x24
 519 0020 00       		.byte	0
 520 0021 0B       		.uleb128 0xb
 521 0022 0B       		.uleb128 0xb
 522 0023 3E       		.uleb128 0x3e
 523 0024 0B       		.uleb128 0xb
 524 0025 03       		.uleb128 0x3
 525 0026 08       		.uleb128 0x8
 526 0027 00       		.byte	0
ARM GAS  C:\Users\info\AppData\Local\Temp\ccAi3R4b.s 			page 23


 527 0028 00       		.byte	0
 528 0029 04       		.uleb128 0x4
 529 002a 16       		.uleb128 0x16
 530 002b 00       		.byte	0
 531 002c 03       		.uleb128 0x3
 532 002d 0E       		.uleb128 0xe
 533 002e 3A       		.uleb128 0x3a
 534 002f 0B       		.uleb128 0xb
 535 0030 3B       		.uleb128 0x3b
 536 0031 05       		.uleb128 0x5
 537 0032 49       		.uleb128 0x49
 538 0033 13       		.uleb128 0x13
 539 0034 00       		.byte	0
 540 0035 00       		.byte	0
 541 0036 05       		.uleb128 0x5
 542 0037 35       		.uleb128 0x35
 543 0038 00       		.byte	0
 544 0039 49       		.uleb128 0x49
 545 003a 13       		.uleb128 0x13
 546 003b 00       		.byte	0
 547 003c 00       		.byte	0
 548 003d 06       		.uleb128 0x6
 549 003e 2E       		.uleb128 0x2e
 550 003f 01       		.byte	0x1
 551 0040 3F       		.uleb128 0x3f
 552 0041 19       		.uleb128 0x19
 553 0042 03       		.uleb128 0x3
 554 0043 0E       		.uleb128 0xe
 555 0044 3A       		.uleb128 0x3a
 556 0045 0B       		.uleb128 0xb
 557 0046 3B       		.uleb128 0x3b
 558 0047 0B       		.uleb128 0xb
 559 0048 27       		.uleb128 0x27
 560 0049 19       		.uleb128 0x19
 561 004a 11       		.uleb128 0x11
 562 004b 01       		.uleb128 0x1
 563 004c 12       		.uleb128 0x12
 564 004d 06       		.uleb128 0x6
 565 004e 40       		.uleb128 0x40
 566 004f 18       		.uleb128 0x18
 567 0050 9742     		.uleb128 0x2117
 568 0052 19       		.uleb128 0x19
 569 0053 01       		.uleb128 0x1
 570 0054 13       		.uleb128 0x13
 571 0055 00       		.byte	0
 572 0056 00       		.byte	0
 573 0057 07       		.uleb128 0x7
 574 0058 05       		.uleb128 0x5
 575 0059 00       		.byte	0
 576 005a 03       		.uleb128 0x3
 577 005b 0E       		.uleb128 0xe
 578 005c 3A       		.uleb128 0x3a
 579 005d 0B       		.uleb128 0xb
 580 005e 3B       		.uleb128 0x3b
 581 005f 0B       		.uleb128 0xb
 582 0060 49       		.uleb128 0x49
 583 0061 13       		.uleb128 0x13
ARM GAS  C:\Users\info\AppData\Local\Temp\ccAi3R4b.s 			page 24


 584 0062 02       		.uleb128 0x2
 585 0063 17       		.uleb128 0x17
 586 0064 00       		.byte	0
 587 0065 00       		.byte	0
 588 0066 08       		.uleb128 0x8
 589 0067 34       		.uleb128 0x34
 590 0068 00       		.byte	0
 591 0069 03       		.uleb128 0x3
 592 006a 0E       		.uleb128 0xe
 593 006b 3A       		.uleb128 0x3a
 594 006c 0B       		.uleb128 0xb
 595 006d 3B       		.uleb128 0x3b
 596 006e 0B       		.uleb128 0xb
 597 006f 49       		.uleb128 0x49
 598 0070 13       		.uleb128 0x13
 599 0071 02       		.uleb128 0x2
 600 0072 17       		.uleb128 0x17
 601 0073 00       		.byte	0
 602 0074 00       		.byte	0
 603 0075 09       		.uleb128 0x9
 604 0076 2E       		.uleb128 0x2e
 605 0077 00       		.byte	0
 606 0078 3F       		.uleb128 0x3f
 607 0079 19       		.uleb128 0x19
 608 007a 03       		.uleb128 0x3
 609 007b 0E       		.uleb128 0xe
 610 007c 3A       		.uleb128 0x3a
 611 007d 0B       		.uleb128 0xb
 612 007e 3B       		.uleb128 0x3b
 613 007f 0B       		.uleb128 0xb
 614 0080 27       		.uleb128 0x27
 615 0081 19       		.uleb128 0x19
 616 0082 49       		.uleb128 0x49
 617 0083 13       		.uleb128 0x13
 618 0084 11       		.uleb128 0x11
 619 0085 01       		.uleb128 0x1
 620 0086 12       		.uleb128 0x12
 621 0087 06       		.uleb128 0x6
 622 0088 40       		.uleb128 0x40
 623 0089 18       		.uleb128 0x18
 624 008a 9742     		.uleb128 0x2117
 625 008c 19       		.uleb128 0x19
 626 008d 00       		.byte	0
 627 008e 00       		.byte	0
 628 008f 00       		.byte	0
 629              		.section	.debug_loc,"",%progbits
 630              	.Ldebug_loc0:
 631              	.LLST0:
 632 0000 00000000 		.4byte	.LVL0
 633 0004 04000000 		.4byte	.LVL1
 634 0008 0100     		.2byte	0x1
 635 000a 50       		.byte	0x50
 636 000b 04000000 		.4byte	.LVL1
 637 000f 18000000 		.4byte	.LFE0
 638 0013 0400     		.2byte	0x4
 639 0015 F3       		.byte	0xf3
 640 0016 01       		.uleb128 0x1
ARM GAS  C:\Users\info\AppData\Local\Temp\ccAi3R4b.s 			page 25


 641 0017 50       		.byte	0x50
 642 0018 9F       		.byte	0x9f
 643 0019 00000000 		.4byte	0
 644 001d 00000000 		.4byte	0
 645              	.LLST1:
 646 0021 06000000 		.4byte	.LVL2
 647 0025 0E000000 		.4byte	.LVL3
 648 0029 0600     		.2byte	0x6
 649 002b 73       		.byte	0x73
 650 002c 00       		.sleb128 0
 651 002d 09       		.byte	0x9
 652 002e F7       		.byte	0xf7
 653 002f 1A       		.byte	0x1a
 654 0030 9F       		.byte	0x9f
 655 0031 00000000 		.4byte	0
 656 0035 00000000 		.4byte	0
 657              	.LLST2:
 658 0039 00000000 		.4byte	.LVL4
 659 003d 06000000 		.4byte	.LVL5
 660 0041 0100     		.2byte	0x1
 661 0043 50       		.byte	0x50
 662 0044 06000000 		.4byte	.LVL5
 663 0048 18000000 		.4byte	.LFE1
 664 004c 0400     		.2byte	0x4
 665 004e F3       		.byte	0xf3
 666 004f 01       		.uleb128 0x1
 667 0050 50       		.byte	0x50
 668 0051 9F       		.byte	0x9f
 669 0052 00000000 		.4byte	0
 670 0056 00000000 		.4byte	0
 671              		.section	.debug_aranges,"",%progbits
 672 0000 34000000 		.4byte	0x34
 673 0004 0200     		.2byte	0x2
 674 0006 00000000 		.4byte	.Ldebug_info0
 675 000a 04       		.byte	0x4
 676 000b 00       		.byte	0
 677 000c 0000     		.2byte	0
 678 000e 0000     		.2byte	0
 679 0010 00000000 		.4byte	.LFB0
 680 0014 18000000 		.4byte	.LFE0-.LFB0
 681 0018 00000000 		.4byte	.LFB1
 682 001c 18000000 		.4byte	.LFE1-.LFB1
 683 0020 00000000 		.4byte	.LFB2
 684 0024 10000000 		.4byte	.LFE2-.LFB2
 685 0028 00000000 		.4byte	.LFB3
 686 002c 10000000 		.4byte	.LFE3-.LFB3
 687 0030 00000000 		.4byte	0
 688 0034 00000000 		.4byte	0
 689              		.section	.debug_ranges,"",%progbits
 690              	.Ldebug_ranges0:
 691 0000 00000000 		.4byte	.LFB0
 692 0004 18000000 		.4byte	.LFE0
 693 0008 00000000 		.4byte	.LFB1
 694 000c 18000000 		.4byte	.LFE1
 695 0010 00000000 		.4byte	.LFB2
 696 0014 10000000 		.4byte	.LFE2
 697 0018 00000000 		.4byte	.LFB3
ARM GAS  C:\Users\info\AppData\Local\Temp\ccAi3R4b.s 			page 26


 698 001c 10000000 		.4byte	.LFE3
 699 0020 00000000 		.4byte	0
 700 0024 00000000 		.4byte	0
 701              		.section	.debug_line,"",%progbits
 702              	.Ldebug_line0:
 703 0000 96000000 		.section	.debug_str,"MS",%progbits,1
 703      02004800 
 703      00000201 
 703      FB0E0D00 
 703      01010101 
 704              	.LASF14:
 705 0000 70696E5F 		.ascii	"pin_oled_dc_Write\000"
 705      6F6C6564 
 705      5F64635F 
 705      57726974 
 705      6500
 706              	.LASF16:
 707 0012 76616C75 		.ascii	"value\000"
 707      6500
 708              	.LASF23:
 709 0018 73746174 		.ascii	"staticBits\000"
 709      69634269 
 709      747300
 710              	.LASF9:
 711 0023 666C6F61 		.ascii	"float\000"
 711      7400
 712              	.LASF1:
 713 0029 756E7369 		.ascii	"unsigned char\000"
 713      676E6564 
 713      20636861 
 713      7200
 714              	.LASF13:
 715 0037 72656738 		.ascii	"reg8\000"
 715      00
 716              	.LASF5:
 717 003c 6C6F6E67 		.ascii	"long unsigned int\000"
 717      20756E73 
 717      69676E65 
 717      6420696E 
 717      7400
 718              	.LASF3:
 719 004e 73686F72 		.ascii	"short unsigned int\000"
 719      7420756E 
 719      7369676E 
 719      65642069 
 719      6E7400
 720              	.LASF10:
 721 0061 646F7562 		.ascii	"double\000"
 721      6C6500
 722              	.LASF18:
 723 0068 70696E5F 		.ascii	"pin_oled_dc_Read\000"
 723      6F6C6564 
 723      5F64635F 
 723      52656164 
 723      00
 724              	.LASF15:
 725 0079 70696E5F 		.ascii	"pin_oled_dc_SetDriveMode\000"
ARM GAS  C:\Users\info\AppData\Local\Temp\ccAi3R4b.s 			page 27


 725      6F6C6564 
 725      5F64635F 
 725      53657444 
 725      72697665 
 726              	.LASF8:
 727 0092 756E7369 		.ascii	"unsigned int\000"
 727      676E6564 
 727      20696E74 
 727      00
 728              	.LASF22:
 729 009f 433A5C55 		.ascii	"C:\\Users\\info\\Desktop\\Spring 2019 Classes\\6.11"
 729      73657273 
 729      5C696E66 
 729      6F5C4465 
 729      736B746F 
 730 00cd 355C362E 		.ascii	"5\\6.115-final\\PSoCCreator\\Final Project\\FinalEm"
 730      3131352D 
 730      66696E61 
 730      6C5C5053 
 730      6F434372 
 731 00fc 756C6174 		.ascii	"ulator.cydsn\000"
 731      6F722E63 
 731      7964736E 
 731      00
 732              	.LASF7:
 733 0109 6C6F6E67 		.ascii	"long long unsigned int\000"
 733      206C6F6E 
 733      6720756E 
 733      7369676E 
 733      65642069 
 734              	.LASF20:
 735 0120 474E5520 		.ascii	"GNU C11 5.4.1 20160609 (release) [ARM/embedded-5-br"
 735      43313120 
 735      352E342E 
 735      31203230 
 735      31363036 
 736 0153 616E6368 		.ascii	"anch revision 237715] -mcpu=cortex-m3 -mthumb -g -O"
 736      20726576 
 736      6973696F 
 736      6E203233 
 736      37373135 
 737 0186 73202D66 		.ascii	"s -ffunction-sections -ffat-lto-objects -flto\000"
 737      66756E63 
 737      74696F6E 
 737      2D736563 
 737      74696F6E 
 738              	.LASF17:
 739 01b4 6D6F6465 		.ascii	"mode\000"
 739      00
 740              	.LASF19:
 741 01b9 70696E5F 		.ascii	"pin_oled_dc_ReadDataReg\000"
 741      6F6C6564 
 741      5F64635F 
 741      52656164 
 741      44617461 
 742              	.LASF6:
 743 01d1 6C6F6E67 		.ascii	"long long int\000"
ARM GAS  C:\Users\info\AppData\Local\Temp\ccAi3R4b.s 			page 28


 743      206C6F6E 
 743      6720696E 
 743      7400
 744              	.LASF11:
 745 01df 63686172 		.ascii	"char\000"
 745      00
 746              	.LASF2:
 747 01e4 73686F72 		.ascii	"short int\000"
 747      7420696E 
 747      7400
 748              	.LASF12:
 749 01ee 75696E74 		.ascii	"uint8\000"
 749      3800
 750              	.LASF4:
 751 01f4 6C6F6E67 		.ascii	"long int\000"
 751      20696E74 
 751      00
 752              	.LASF0:
 753 01fd 7369676E 		.ascii	"signed char\000"
 753      65642063 
 753      68617200 
 754              	.LASF21:
 755 0209 47656E65 		.ascii	"Generated_Source\\PSoC5\\pin_oled_dc.c\000"
 755      72617465 
 755      645F536F 
 755      75726365 
 755      5C50536F 
 756              		.comm	__gnu_lto_v1,1,1
 757              		.ident	"GCC: (GNU Tools for ARM Embedded Processors) 5.4.1 20160609 (release) [ARM/embedded-5-bran
