ARM GAS  C:\Users\info\AppData\Local\Temp\cczTe8y3.s 			page 1


   1              		.syntax unified
   2              		.cpu cortex-m3
   3              		.fpu softvfp
   4              		.eabi_attribute 20, 1
   5              		.eabi_attribute 21, 1
   6              		.eabi_attribute 23, 3
   7              		.eabi_attribute 24, 1
   8              		.eabi_attribute 25, 1
   9              		.eabi_attribute 26, 1
  10              		.eabi_attribute 30, 4
  11              		.eabi_attribute 34, 1
  12              		.eabi_attribute 18, 4
  13              		.thumb
  14              		.syntax unified
  15              		.file	"pin_led.c"
  16              		.text
  17              	.Ltext0:
  18              		.section	.gnu.lto_.profile.bf1539c3,"",%progbits
  19 0000 789C6361 		.ascii	"x\234ca`d`a`\000\222\222\242\000\000\261\0009"
  19      60646061 
  19      60009292 
  19      A20000B1 
  19      0039
  20              		.text
  21              		.section	.gnu.lto_.icf.bf1539c3,"",%progbits
  22 0000 789C6361 		.ascii	"x\234ca`d\000\001)\006\004`a\370v\355e;;\343\336\003"
  22      60640001 
  22      29060460 
  22      61F876ED 
  22      653B3BE3 
  23 0016 73DB1899 		.ascii	"s\333\030\231N\234\275\372\205\215y\346\221\037\013"
  23      4E9CBDFA 
  23      858D79E6 
  23      911F0B
  24 0025 F81800AB 		.ascii	"\370\030\000\253\324\014u"
  24      D40C75
  25              		.text
  26              		.section	.gnu.lto_.jmpfuncs.bf1539c3,"",%progbits
  27 0000 789C6361 		.ascii	"x\234ca`d\000\001!\006\004`a`dd\254g\004\021L\014\014"
  27      60640001 
  27      21060460 
  27      61606464 
  27      AC670411 
  28 0017 CC401100 		.ascii	"\314@\021\000\016\"\001&"
  28      0E220126 
  29              		.text
  30              		.section	.gnu.lto_.inline.bf1539c3,"",%progbits
  31 0000 789C6361 		.ascii	"x\234ca`d\000\201$\006\004`a`\340\344`dd\340\000J1s"
  31      60640081 
  31      24060460 
  31      6160E0E4 
  31      606464E0 
  32 0018 1CB06360 		.ascii	"\034\260c`[ \317\304\300\262@\236\005$\013\024g\307"
  32      5B20CFC4 
  32      C0B2409E 
  32      05240B14 
  32      67C7
ARM GAS  C:\Users\info\AppData\Local\Temp\cczTe8y3.s 			page 2


  33 002a 9064BAC0 		.ascii	"\220d\272\300\017\226db`ced`b\373\240\007\021\007\002"
  33      0F966462 
  33      60636564 
  33      6062FBA0 
  33      07110702 
  34 003e 664C2106 		.ascii	"fL!\006\000\346\332\011\346"
  34      00E6DA09 
  34      E6
  35              		.text
  36              		.section	.gnu.lto_.pureconst.bf1539c3,"",%progbits
  37 0000 789C6361 		.ascii	"x\234ca`d\340d```a\220b\224b\222b\226\002\000\002\261"
  37      6064E064 
  37      60606061 
  37      90629462 
  37      92629602 
  38 0017 0081     		.ascii	"\000\201"
  39              		.text
  40              		.section	.gnu.lto_pin_led_Write.bf1539c3,"",%progbits
  41 0000 789C5551 		.ascii	"x\234UQ\317KTQ\024>\337\275\357\275\031\265\374\007"
  41      CF4B5451 
  41      143EDFBD 
  41      EFBD19B5 
  41      FC07
  42 0012 9A854122 		.ascii	"\232\205A\"\272\210\240\372\007j\3216t; \303\370\026"
  42      BA88A0FA 
  42      076AD136 
  42      743B20C3 
  42      F816
  43 0024 03A6A163 		.ascii	"\003\246\241c[\357\233q\336@\264p\223\266\321\011C\324"
  43      5BEF9B71 
  43      DE40B470 
  43      93B6D109 
  43      43D4
  44 0036 7E68569B 		.ascii	"~hV\233@\350\3610Z\004\005\341J\"b\026/\010\202\011"
  44      40E8F130 
  44      5A0405E1 
  44      4A226216 
  44      2F088209 
  45 004a 7A24954D 		.ascii	"z$\225M\347\334\267\311\003\367\307;\357\373\276\363"
  45      E7DCB7C9 
  45      03F7C73B 
  45      EFFBBEF3 
  46 005a 9D731D02 		.ascii	"\235s\035\002I\214(\242K|\236\341\005MP\213\357\210"
  46      498C28A2 
  46      4B7C9EE1 
  46      054D508B 
  46      EF88
  47 006c 82BC02E4 		.ascii	"\202\274\002\344b\362\240y\205y\244\352X!n&/\325\360"
  47      62F2A079 
  47      8579A4EA 
  47      58216E26 
  47      2FD5F0
  48 007f 86E1F8BC 		.ascii	"\206\341\370\274\276\252\315f\204\206&\352*\253D\330"
  48      BEAACD66 
  48      848626EA 
  48      2AAB44D8 
  49 008f C030A3BE 		.ascii	"\3000\243\276\3545\017\240\317\201\370\036\306i\247"
ARM GAS  C:\Users\info\AppData\Local\Temp\cczTe8y3.s 			page 3


  49      EC350FA0 
  49      CF81F81E 
  49      C669A7
  50 009e 6F68DD98 		.ascii	"oh\335\230\2321i\321\350\206\0066\241\231\201\213\005"
  50      9A3169D1 
  50      E8860636 
  50      A199818B 
  50      05
  51 00af 5C281027 		.ascii	"\\(\020'\010[\030\022\360\321\341\301v\277\036\261\304"
  51      085B1812 
  51      F0D1E1C1 
  51      76BF1EB1 
  51      C4
  52 00c0 4593AC9D 		.ascii	"E\223\254\235\032| \304\350\347\215e\023\005\003\302"
  52      1A7C20C4 
  52      E8E78D65 
  52      130503C2 
  53 00d0 7DF83F57 		.ascii	"}\370?W\202\241\355\335\277wO{\013\342j\000\2170\230"
  53      82A1EDDD 
  53      BF774F7B 
  53      0BE26A00 
  53      8F3098
  54 00e3 F9C16378 		.ascii	"\371\301cx\334!$\2633\032\231n\267n\242\324Mu\217\342"
  54      DC2124B3 
  54      331A996E 
  54      B76EA2D4 
  54      4D758FE2 
  55 00f7 A28A3BE5 		.ascii	"\242\212;\345\037\016\244\266+\011O\266\234lD\035^\322"
  55      1F0EA4B6 
  55      2B094FB6 
  55      9C6C441D 
  55      5ED2
  56 0109 FD77A5E4 		.ascii	"\375w\245\344\324\011\342_\267?-\347D\263\256e\022K"
  56      D409E25F 
  56      B73F2DE7 
  56      44B3AE65 
  56      124B
  57 011b 8DF87DEE 		.ascii	"\215\370}\356\207jhm\335\276~\325\276\247\262\317\373"
  57      876A686D 
  57      DDBE7ED5 
  57      BEA7B2CF 
  57      FB
  58 012c 6B817138 		.ascii	"k\201q8\365\366p\265\326\337\302J\260\3003r\260\215"
  58      F5F670B5 
  58      D6DFC24A 
  58      B0C03372 
  58      B08D
  59 013e 029E803D 		.ascii	"\002\236\200=c\007-P\202\372\237\360#2A\235i\006\337"
  59      63072D50 
  59      82FA9FF0 
  59      2332419D 
  59      6906DF
  60 0151 C20F7911 		.ascii	"\302\017y\021\001\216\201\247\014nC\3316\330)\243\204"
  60      018E81A7 
  60      0C6E43D9 
  60      36D829A3 
  60      84
ARM GAS  C:\Users\info\AppData\Local\Temp\cczTe8y3.s 			page 4


  61 0162 D4099366 		.ascii	"\324\011\223fO\306r\353Z\352\274\330\177\023Z\226\013"
  61      4FC672EB 
  61      5AEABCD8 
  61      7F135A96 
  61      0B
  62 0173 60974956 		.ascii	"`\227IVz_e \3011h\257ug\253W@\016+>\313@G^\006\311Y"
  62      7A5F6520 
  62      C13168AF 
  62      7567AB57 
  62      400E2B3E 
  63 018e 031EA7E2 		.ascii	"\003\036\247\342%k\350\204\371\300\230\276\223\376\237"
  63      256BE884 
  63      F9C098BE 
  63      93FE9F
  64 019d B37F66D1 		.ascii	"\263\177f\321W\324\242\337\256\020\354Ct\024dV<\271"
  64      57D4A2DF 
  64      AE10EC43 
  64      74146456 
  64      3CB9
  65 01af B3D7FC29 		.ascii	"\263\327\374)\177\246T\365'\306\307\246\347f\312~\361"
  65      7FA654F5 
  65      27C6C7A6 
  65      E766CA7E 
  65      F1
  66 01c0 FAD8F4D5 		.ascii	"\372\330\364\325\313\305\233\225\251\361I\177\342|\231"
  66      CBC59B95 
  66      A9F1497F 
  66      E27C99
  67 01cf DC5BA5C9 		.ascii	"\334[\245\3119\277w\266Z\252V\312W*\325\331\177\000"
  67      39BF77B6 
  67      5AAA56CA 
  67      572AD5D9 
  67      7F00
  68 01e1 76C20F   		.ascii	"v\302\017"
  69              		.text
  70              		.section	.gnu.lto_pin_led_SetDriveMode.bf1539c3,"",%progbits
  71 0000 789C7D51 		.ascii	"x\234}Q;K#Q\024>\337\275\223\231\004_?\300\024\012\202"
  71      3B4B2351 
  71      143EDFBD 
  71      9399045F 
  71      3FC0140A 
  72 0015 DA8820FE 		.ascii	"\332\210 \376\002A[\321\326E\304L!\250Q\321\332\233"
  72      02415BD1 
  72      D645C44C 
  72      21A851D1 
  72      DA9B
  73 0027 C441701B 		.ascii	"\304Ap\033EL#\3526bv\343\023+\013!\006\264\324\316b"
  73      454C23EA 
  73      366276E3 
  73      132B0B21 
  73      06B4D4CE 
  74 003c 8B452C82 		.ascii	"\213E,\202\010J|\241\370\212\347\314l\221\312\313\334"
  74      084A7CA1 
  74      F88AE7CC 
  74      6C91CACB 
  74      DC
  75 004d F3F8F8BE 		.ascii	"\363\370\370\276\217s\356X\004\222s\305\251\211s-_h"
ARM GAS  C:\Users\info\AppData\Local\Temp\cczTe8y3.s 			page 5


  75      8F73EE58 
  75      049273C5 
  75      A989732D 
  75      5F68
  76 005f 829A3F25 		.ascii	"\202\232?%J\204\025 \205\011\203\246\025\246\361\244"
  76      4A841520 
  76      850983A6 
  76      15A6F1A4 
  77 006f 3E14F2B3 		.ascii	">\024\362\263\205\003\325\274a\370\\\034\337\266\232"
  77      8503D5BC 
  77      61F85C1C 
  77      DFB69A
  78 007e 4C0E9E26 		.ascii	"L\016\236&*)\337\211\260\201ff=\354\257/V\350\006\020"
  78      2A29DF89 
  78      B0816666 
  78      3DECAF2F 
  78      56E80610 
  79 0092 D777A7C5 		.ascii	"\327w\247\305\177\325\215\353\306$\215Y\374a\264\247"
  79      7FD58DEB 
  79      C6248D59 
  79      FC61B4A7 
  80 00a2 810C342B 		.ascii	"\201\0144+\320\026Ek\224\030 \374F\243\220/\367>\227"
  80      D016456B 
  80      941820FC 
  80      46A3902F 
  80      F73E97
  81 00b5 AAEC19B1 		.ascii	"\252\354\031\261\257\013L\361\007\266\214\271\323\223"
  81      AF0B4CF1 
  81      07B68CB9 
  81      D393
  82 00c3 33A552CA 		.ascii	"3\245R\312\344\236\355\243W\273B\261Li\016\332\222\020"
  82      E49EEDA3 
  82      57BB42B1 
  82      4C690EDA 
  82      9210
  83 00d5 8238D852 		.ascii	"\2028\330R:\022\302\022\"\302!*\362\225E\356\224\222"
  83      3A12C212 
  83      22C2212A 
  83      F29545EE 
  83      9492
  84 00e7 AC0BC8BF 		.ascii	"\254\013\310\277\316\025\226-qNiY*\355\345\317\234G"
  84      CE15962D 
  84      714E6959 
  84      2AEDE5CF 
  84      9C47
  85 00f9 E569CB9F 		.ascii	"\345i\313\237\370pwo\2652h\027~%\214\305P\306;\312\326"
  85      F870776F 
  85      B5326817 
  85      7E258CC5 
  85      50C63BCA 
  86 010e AC612531 		.ascii	"\254a%1\303\353\206\260\211(\262\210\362t[X\003\025"
  86      C3EB86B0 
  86      8928B288 
  86      F2745B58 
  86      0315
  87 0120 90BC7702 		.ascii	"\220\274w\002;\315\216\334\247\336\355\240\267\030b"
  87      3BCD8EDC 
ARM GAS  C:\Users\info\AppData\Local\Temp\cczTe8y3.s 			page 6


  87      A7DEEDA0 
  87      B71862
  88 012f FDDF939F 		.ascii	"\375\337\223\237\037\021\261\324\030\3076+\313$\374"
  88      1F11B1D4 
  88      18C7362B 
  88      CB24FC
  89 013e 85CA250E 		.ascii	"\205\312%\016C,\2719\317n\352@R\215\035_\222z\371O\011"
  89      432CB939 
  89      CF6EEA40 
  89      528D1D5F 
  89      927AF94F 
  90 0153 FBC64EB9 		.ascii	"\373\306N\271K\204Q\356\363iH\377\335\310\273<2\363"
  90      4B8451EE 
  90      F36948FF 
  90      DDC8BB3C 
  90      32F3
  91 0165 E91AC9DC 		.ascii	"\351\032\311\334[\247\260\375_WT\220\347\341\307\252"
  91      5BA7B0FD 
  91      5F575490 
  91      E7E1C7AA 
  92 0175 EF7247DD 		.ascii	"\357rG\335\211\201I7\326\337\033\237\232\030t\373\272"
  92      89814937 
  92      D6DF1B9F 
  92      9A1874FB 
  92      BA
  93 0186 7BE31DED 		.ascii	"{\343\035\355}cC\243\375\303n\254e\220\254\221x\314"
  93      7D6343A3 
  93      FDC36EAC 
  93      6590AC91 
  93      78CC
  94 0198 FD021732 		.ascii	"\375\002\0272\245d"
  94      A564
  95              		.text
  96              		.section	.gnu.lto_pin_led_Read.bf1539c3,"",%progbits
  97 0000 789C3550 		.ascii	"x\2345P\315K\002A\024\177\277\231\325\225 \372\003\362"
  97      CD4B0241 
  97      147FBF99 
  97      D59520FA 
  97      03F2
  98 0012 5074F212 		.ascii	"Pt\362\022A\004\3215\250k$t\022$t\017AhH\235\035]W!"
  98      4104D135 
  98      A86B2474 
  98      1224740F 
  98      4168489D 
  99 002a 3A74A920 		.ascii	":t\251 (\251\010\355\213\010\372\00361\012\202\352\022"
  99      28A908ED 
  99      8B08FA03 
  99      36310A82 
  99      EA12
 100 003c 04414484 		.ascii	"\004AD\204\207N%\205 \325\366\246\245\201yo\346\315"
 100      874E2585 
 100      20D5F6A6 
 100      A581796F 
 100      E6CD
 101 004e EFE3BD31 		.ascii	"\357\343\2751\010\244\327\024\247>\316\335\274!\011"
 101      08A4D714 
 101      A73ECEDD 
ARM GAS  C:\Users\info\AppData\Local\Temp\cczTe8y3.s 			page 7


 101      BC2109
 102 005d 62F99A28 		.ascii	"b\371\232(\027\022\200>\250\020(+\220\305\247\370\026"
 102      1712803E 
 102      A810282B 
 102      90C5A7F8 
 102      16
 103 006e B86A5D2E 		.ascii	"\270j].uD*J\345\325\323n{x\255\352\302\221D\236 \014"
 103      75442A4A 
 103      E5D5D36E 
 103      7B78ADEA 
 103      C291449E 
 104 0084 863110D6 		.ascii	"\2061\020\326\022\025D\210\241\317'?+\235\301\202\342"
 104      12154488 
 104      A1CF273F 
 104      2B9DC182 
 104      E2
 105 0095 D5A301FC 		.ascii	"\325\243\001\374REP[\036O\272\312\363l\345\336\231g"
 105      5245505B 
 105      1E4FBACA 
 105      F36CE5DE 
 105      9967
 106 00a7 F7A60972 		.ascii	"\367\246\011r$\373r08\210\200\016A\322\262\364\3064"
 106      24FB7230 
 106      3888800E 
 106      41D2B2F4 
 106      C634
 107 00b9 DDC4BB10 		.ascii	"\335\304\273\020:\313\006j\355\305\307\315\021\255d"
 107      3ACB066A 
 107      EDC5C7CD 
 107      11AD64
 108 00c8 4BC92EAB 		.ascii	"K\311.\253N\355\306\374\020\216\224\320\246\245\235"
 108      4EEDC6FC 
 108      108E94D0 
 108      A6A59D
 109 00d7 F55BF8D7 		.ascii	"\365[\370\327\255\355\2342\270\264^T\017\30126r\005"
 109      ADED9C32 
 109      B8B45E54 
 109      0FC13236 
 109      7205
 110 00e9 6ED5C03E 		.ascii	"n\325\300>\302\330\0037\212\003\224A\015\330_cdK\370"
 110      C2D80337 
 110      8A039441 
 110      0DD85F63 
 110      644BF8
 111 00fc 72E75ECB 		.ascii	"r\347^\313\355\322|@\340\220a\015\344\233\245\272\364"
 111      EDD27C40 
 111      E090610D 
 111      E49BA5BA 
 111      F4
 112 010d 0D0DC669 		.ascii	"\015\015\306iF\263X\017\370\225\000\027\231vZ\277(\206"
 112      46B3580F 
 112      F8950017 
 112      99765ABF 
 112      2886
 113 011f 348D3F0D 		.ascii	"4\215?\015G\377\264\027\370 \215\243W\026\364o\3647"
 113      47FFB417 
 113      F8208DA3 
ARM GAS  C:\Users\info\AppData\Local\Temp\cczTe8y3.s 			page 8


 113      5716F46F 
 113      F437
 114 0131 18F4403C 		.ascii	"\030\364@<^\357\270\225\2622\323\363V2\036M/d\022Vl"
 114      5EEFB895 
 114      B232D3F3 
 114      56321E4D 
 114      2F641256 
 115 0146 229A1E1D 		.ascii	"\"\232\036\035\212\315\315\244\342\263V\262?A\277\015"
 115      8ACDCDA4 
 115      E2B356B2 
 115      3F41BF0D 
 116 0156 547B23   		.ascii	"T{#"
 117              		.text
 118              		.section	.gnu.lto_pin_led_ReadDataReg.bf1539c3,"",%progbits
 119 0000 789C3550 		.ascii	"x\2345P;K\003A\020\236o\367\362 \240\376\000S(ViD\020"
 119      3B4B0341 
 119      109E6FF7 
 119      F220A0FE 
 119      00532856 
 120 0017 0B6D056D 		.ascii	"\013m\005m\305\200U Hr\205 \211\004\255sy\012ba\343"
 120      C5805520 
 120      48728520 
 120      8904AD73 
 120      790A6261 
 121 002c A3D18820 		.ascii	"\243\321\210 I| \202\255x\206\004\005A\255\255$H\012"
 121      497C2082 
 121      AD788604 
 121      0541ADAD 
 121      24480A
 122 003f 2B0D4A40 		.ascii	"+\015J@4\347\214\207\013;\263\263\373=f\326 \220\254"
 122      34E78C87 
 122      0B3BB3B3 
 122      FB3D66D6 
 122      2090AC
 123 0052 394E439C 		.ascii	"9NC\234\373yC\023\324\306=Q\306\257\0009X~PZ!\215O\365"
 123      FB794313 
 123      D4C63D51 
 123      C6AF0039 
 123      587E505A 
 124 006a A370D7B9 		.ascii	"\243p\327\271]\017\204\312\226\225\265\236\017\313\343"
 124      5D0F84CA 
 124      9695B59E 
 124      0FCBE3
 125 0079 DB151B05 		.ascii	"\333\025\033\005M\344(\302h\020#A\221(#D\014m\236w7"
 125      4DE428C2 
 125      68102341 
 125      91282344 
 125      0C6D9E77 
 126 008e 7BBC798B 		.ascii	"{\274y\213\327\200\000\370\245\002\257X\236\315\332"
 126      D78000F8 
 126      A502AF58 
 126      9ECDDA
 127 009d 96E3E42C 		.ascii	"\226\343\344,\3732p\375\030\360\201\012\232}9\030\034"
 127      FB3270FD 
 127      18F0810A 
 127      9A7D3918 
 127      1C
ARM GAS  C:\Users\info\AppData\Local\Temp\cczTe8y3.s 			page 9


 128 00ae 94478297 		.ascii	"\224G\202\227D\226\336\230&M\274+%Y\267P\373Z\353V'"
 128      4496DE98 
 128      264DBC2B 
 128      2559B750 
 128      FB5AEB56 
 129 00c3 4429A735 		.ascii	"D)\2475\273l\025j\017\276\017U\320\032b\332\270j\356"
 129      BB6C156A 
 129      0FBE0F55 
 129      D01A62DA 
 129      B86AEE
 130 00d6 28B7DC3F 		.ascii	"(\267\334?\310X\206\264\374\264\227\355-a7\223\347V"
 130      C85886B4 
 130      FCB497ED 
 130      2D613793 
 130      E756
 131 00e8 0D1C2188 		.ascii	"\015\034!\210*\270Q\034\243\004j!\367=E9\015W\256\341"
 131      2AB8511C 
 131      A3046A21 
 131      F73D4539 
 131      0D57AEE1 
 132 00fc 74EC3EE1 		.ascii	"t\354>\341\003\012'\014k!\333^\255k\327\320`\2340\332"
 132      030A270C 
 132      6B21DB5E 
 132      AD6BD7D0 
 132      609C30DA 
 133 0110 C5BAC7BD 		.ascii	"\305\272\307\275\361\360%\323.\3527E\277\320\370\323"
 133      F1F025D3 
 133      2EEA3745 
 133      BFD0F8D3 
 134 0120 70FA4F7B 		.ascii	"p\372O{\201\013\022\034\275\262\240[\321\337`\220\201"
 134      810B121C 
 134      BDB2A05B 
 134      D1DF6090 
 134      81
 135 0131 78BCC169 		.ascii	"x\274\301i3a\246\346\227\315x4\234\\I\305\314\310L8"
 135      3361A6E6 
 135      97CD7834 
 135      9C5C49C5 
 135      CCC84C38 
 136 0145 39391659 		.ascii	"99\026YZHD\027\315\370p\214~\001:\277{\236"
 136      5A484417 
 136      CDF8708C 
 136      7E013ABF 
 136      7B9E
 137              		.text
 138              		.section	.gnu.lto_.symbol_nodes.bf1539c3,"",%progbits
 139 0000 789C6361 		.ascii	"x\234ca`dpc\000\002&\206z\006\206\011\347\030@\324\256"
 139      60647063 
 139      00022686 
 139      7A068609 
 139      E71840D4 
 140 0015 0645A000 		.ascii	"\006E\240\000c=#\252\000S=\023\252\000s=3\212\000\003"
 140      633D23AA 
 140      00533D13 
 140      AA00733D 
 140      338A0003 
 141 0029 0026B60F 		.ascii	"\000&\266\017<"
ARM GAS  C:\Users\info\AppData\Local\Temp\cczTe8y3.s 			page 10


 141      3C
 142              		.text
 143              		.section	.gnu.lto_.refs.bf1539c3,"",%progbits
 144 0000 789C6361 		.ascii	"x\234ca`\004B \000\000\0009\000\007"
 144      60044220 
 144      00000039 
 144      0007
 145              		.text
 146              		.section	.gnu.lto_.decls.bf1539c3,"",%progbits
 147 0000 789C8D53 		.ascii	"x\234\215S[H\024Q\030>\377\314\356j\343z\301$\014\366"
 147      5B481451 
 147      183EFFCC 
 147      EE6AE37A 
 147      C1240CF6 
 148 0014 C17CF249 		.ascii	"\301|\362I\212\010|\210\012\224|*C\313^\014\3612\230"
 148      8A087C88 
 148      0A947C2A 
 148      43CB5E0C 
 148      F13298
 149 0027 102ADB1A 		.ascii	"\020*\333\032\371v\360\002*\021Zj\256i\331\315\274\245"
 149      F976F002 
 149      2A115A6A 
 149      AE69D9CD 
 149      BCA5
 150 0039 5BBA5E36 		.ascii	"[\272^6\313\365\222Edx\001A\3142,B*2\222\312\007\333"
 150      CBF59245 
 150      64780141 
 150      CC322C42 
 150      2A3292CA 
 151 004f FE7366C6 		.ascii	"\376sf\306\231j\003\017\363\237\363\377\347\374\337"
 151      996A030F 
 151      F39FF3FF 
 151      E7FCDF
 152 005e F77FFF99 		.ascii	"\367\177\377\231\031\023\001\302\306)\023!M\270\332"
 152      191301C2 
 152      C6291321 
 152      4DB8DA
 153 006d 30F4E130 		.ascii	"0\364\3410\243\237J\364\201\307\244\007\315\2156\200"
 153      A39F4AF4 
 153      81C7A407 
 153      CD8D3680 
 154 007d E621FF0E 		.ascii	"\346!\377\016vnQq]\214\013m\004m\030-I\315\0015\357"
 154      766E5171 
 154      5D8C0B6D 
 154      046D182D 
 154      49CD0135 
 155 0092 EFE1F683 		.ascii	"\357\341\366\203\0357\3405\254\333\017\226\3511\033"
 155      1D37E035 
 155      ACDB0F96 
 155      E9311B
 156 00a1 70497E70 		.ascii	"pI~p\003~p\236-\340\374\365\271!\300@e\375\367\320\005"
 156      037E709E 
 156      2DE0FCF5 
 156      B921C040 
 156      65FDF7D0 
 157 00b6 980701D4 		.ascii	"\230\007\001\324\013$\000\312\014\334\210b<DG\3403\331"
 157      0B2400CA 
ARM GAS  C:\Users\info\AppData\Local\Temp\cczTe8y3.s 			page 11


 157      0CDC8862 
 157      3C4447E0 
 157      33D9
 158 00c8 DCDA5CC8 		.ascii	"\334\332\\\310f\212\352\352d\374\321V\23768\211\316"
 158      668AEAEA 
 158      64FCD156 
 158      9F363889 
 158      CE
 159 00d9 0E2A0836 		.ascii	"\016*\0106\025\250>?\027\364\002\240\204\032\300\300"
 159      15A83E3F 
 159      17F402A0 
 159      841AC0C0 
 160 00e9 A7C83568 		.ascii	"\247\3105h\202?{\002\255\351kw^_2\213\3301\372o\326"
 160      823F7B02 
 160      ADE96B77 
 160      5E5F328B 
 160      D831FA6F 
 161 00fe 5B0FC776 		.ascii	"[\017\307vR\034U\224\0121\372\315t\227\275k\013\\\023"
 161      521C5594 
 161      0A31FACD 
 161      7497BD6B 
 161      0B5C13
 162 0111 C026810F 		.ascii	"\300&\201\017X\374ip=X\211\331\261\263z\371W\220\270"
 162      58FC6970 
 162      3D5889D9 
 162      B1B37AF9 
 162      5790B8
 163 0124 93F9C2EC 		.ascii	"\223\371\302\354r\307\212\011b\244\026F\263\344s\035"
 163      72C78A09 
 163      62A41646 
 163      B3E4731D 
 164 0134 18A4340C 		.ascii	"\030\2444\014\272@\202N\020\241\015bYq\233\204s9\245"
 164      BA40824E 
 164      10A10D62 
 164      59719B84 
 164      7339A5
 165 0147 C574F526 		.ascii	"\305t\365&\265D\022\330k\203\3356\002\367 \206q\262"
 165      B54412D8 
 165      6B83DD36 
 165      02F72086 
 165      71B2
 166 0159 2CE8001B 		.ascii	",\350\000\033\264\203\215\361\277\277r\375\243\305$"
 166      B4838DF1 
 166      BFBF72FD 
 166      A3C524
 167 0168 2090F164 		.ascii	" \220\361d\232\330\336\023\337\017o(J\010\227@\300p"
 167      9AD8DE13 
 167      DF0F6F28 
 167      4A089740 
 167      C070
 168 017a 66F54553 		.ascii	"f\365ES\020\206\021\022\204a\370\262f~\006\"\353\230"
 168      10861112 
 168      8461F8B2 
 168      667E0622 
 168      EB98
 169 018c 065A42A3 		.ascii	"\006ZB\243\004H\335\001\367\221\320\205\204\004\036"
 169      0448DD01 
ARM GAS  C:\Users\info\AppData\Local\Temp\cczTe8y3.s 			page 12


 169      F791D085 
 169      84041E
 170 019b 4024CEDD 		.ascii	"@$\316\335`R\272s\316U\364\233\243\233i\263\213.]\236"
 170      6052BA73 
 170      CE55F49B 
 170      A39B69B3 
 170      8B2E5D9E 
 171 01af D85F5742 		.ascii	"\330_WB[\021\026\305\322\240U\027\215.[\356\302\002"
 171      5B1116C5 
 171      D2A05517 
 171      8D2E5BEE 
 171      C202
 172 01c1 5E650F44 		.ascii	"^e\017D#\262\270eq\314*f\361K\270\340\371RcQX\274k\023"
 172      23B2B865 
 172      71CC2A66 
 172      F14BB8E0 
 172      F9526351 
 173 01d9 563A851C 		.ascii	"V:\205\034\2078G\257\316\321k\344ps\216\213\037\326"
 173      873847AF 
 173      CED16BE4 
 173      70738E8B 
 173      1FD6
 174 01eb DBB789E7 		.ascii	"\333\267\211\3479GS\325\255\366 \243l\326\257\256\273"
 174      394753D5 
 174      ADF620A3 
 174      6CD6AFAE 
 174      BB
 175 01fc 9FEBCE54 		.ascii	"\237\353\316Te\277\332x\353\022\325\202\263OE'\365\026"
 175      65BFDA78 
 175      EB12D582 
 175      B34F4527 
 175      F516
 176 020e 234C6059 		.ascii	"#L`Y\320\247\227\3543\226\034\340%oS\227;P,\003^s\264"
 176      D0A797EC 
 176      33961CE0 
 176      256F5397 
 176      3B502C03 
 177 0225 61B12648 		.ascii	"a\261&H\245\361<\327t3\222A\235d\320H\342\341$\323\245"
 177      A5F13CD7 
 177      74339241 
 177      9D64D048 
 177      E2E124D3 
 178 023a AE465179 		.ascii	"\256FQy\001&\014\277N6,\207(/ \012\303\265\322os\026"
 178      01260CBF 
 178      4E362C87 
 178      282F200A 
 178      C3B5D26F 
 179 0250 A99CB5B1 		.ascii	"\251\234\265\261\245W<\271r\303\027 :\271$\241\247\326"
 179      A5573CB9 
 179      72C31720 
 179      3AB924A1 
 179      A7D6
 180 0262 591B0052 		.ascii	"Y\033\000R\214\037\270\327\017\\\375\324~\036\257\256"
 180      8C1FB8D7 
 180      0F5CFDD4 
 180      7E1EAFAE 
 181 0272 60FD0FE3 		.ascii	"`\375\017\343\235=\326\245?\002I\271\257\336\251\317"
ARM GAS  C:\Users\info\AppData\Local\Temp\cczTe8y3.s 			page 13


 181      9D3DD6A5 
 181      3F0249B9 
 181      AFDEA9CF 
 182 0282 DD666B25 		.ascii	"\335fk%\373\352\252Jh\370\263\020\2369\204$\017\371"
 182      FBEAAA4A 
 182      68F8B310 
 182      9E398424 
 182      0FF9
 183 0294 ED8E8095 		.ascii	"\355\216\200\225\377\036\270n\010\342\320\334\325F\021"
 183      FF1EB86E 
 183      08E2D0DC 
 183      D54611
 184 02a3 CFD82335 		.ascii	"\317\330#5P\224B\247\001\306\221\214\007\253\007\271"
 184      509442A7 
 184      01C6918C 
 184      07AB07B9 
 185 02b3 CFB6E96A 		.ascii	"\317\266\351j1\265\324\207h\022\011? 0\212\3101$\346"
 185      31B5D487 
 185      6812093F 
 185      20308AC8 
 185      3124E6
 186 02c6 6170416E 		.ascii	"apAn^\372\0319;\375\244=\327!\007&\036=\021\025\277"
 186      5EFA1939 
 186      3BFDA43D 
 186      D7210726 
 186      1E3D1115 
 187 02db 670F3117 		.ascii	"g\0171\027\346\3469\342v%\312y\262=\303\201\307)\371"
 187      E6E639E2 
 187      7625CA79 
 187      B23DC381 
 187      C729F9
 188 02ee 85F62C39 		.ascii	"\205\366,9\355XJ~\374\276\264\254\"GQ\201|6\3664\371"
 188      ED584A7E 
 188      FCBEB4AC 
 188      22475181 
 188      7C36F634 
 189 0303 5F86CA1A 		.ascii	"_\206\312\032\233E\"\264\002)\262#\301\236{N>\222\237"
 189      9B4522B4 
 189      0229B223 
 189      C19E7B4E 
 189      3E929F
 190 0316 2D5BB5CD 		.ascii	"-[\265\315d9#{\2731H\310pd$\3139&\273\234\023\367\033"
 190      6439237B 
 190      BB3148C8 
 190      706424CB 
 190      3926BB9C 
 191 032d 3F6D7139 		.ascii	"?mq9"
 192              		.text
 193              		.section	.gnu.lto_.symtab.bf1539c3,"",%progbits
 194 0000 70696E5F 		.ascii	"pin_led_Write\000"
 194      6C65645F 
 194      57726974 
 194      6500
 195 000e 00       		.ascii	"\000"
 196 000f 00       		.ascii	"\000"
 197 0010 00       		.ascii	"\000"
 198 0011 00000000 		.ascii	"\000\000\000\000\000\000\000\000"
ARM GAS  C:\Users\info\AppData\Local\Temp\cczTe8y3.s 			page 14


 198      00000000 
 199 0019 B3000000 		.ascii	"\263\000\000\000"
 200 001d 70696E5F 		.ascii	"pin_led_SetDriveMode\000"
 200      6C65645F 
 200      53657444 
 200      72697665 
 200      4D6F6465 
 201 0032 00       		.ascii	"\000"
 202 0033 00       		.ascii	"\000"
 203 0034 00       		.ascii	"\000"
 204 0035 00000000 		.ascii	"\000\000\000\000\000\000\000\000"
 204      00000000 
 205 003d B5000000 		.ascii	"\265\000\000\000"
 206 0041 70696E5F 		.ascii	"pin_led_Read\000"
 206      6C65645F 
 206      52656164 
 206      00
 207 004e 00       		.ascii	"\000"
 208 004f 00       		.ascii	"\000"
 209 0050 00       		.ascii	"\000"
 210 0051 00000000 		.ascii	"\000\000\000\000\000\000\000\000"
 210      00000000 
 211 0059 B8000000 		.ascii	"\270\000\000\000"
 212 005d 70696E5F 		.ascii	"pin_led_ReadDataReg\000"
 212      6C65645F 
 212      52656164 
 212      44617461 
 212      52656700 
 213 0071 00       		.ascii	"\000"
 214 0072 00       		.ascii	"\000"
 215 0073 00       		.ascii	"\000"
 216 0074 00000000 		.ascii	"\000\000\000\000\000\000\000\000"
 216      00000000 
 217 007c BA000000 		.ascii	"\272\000\000\000"
 218              		.text
 219              		.section	.gnu.lto_.opts,"",%progbits
 220 0000 272D666D 		.ascii	"'-fmath-errno' '-fsigned-zeros' '-ftrapping-math' '"
 220      6174682D 
 220      6572726E 
 220      6F272027 
 220      2D667369 
 221 0033 2D666E6F 		.ascii	"-fno-trapv' '-fno-openmp' '-fno-openacc' '-mcpu=cor"
 221      2D747261 
 221      70762720 
 221      272D666E 
 221      6F2D6F70 
 222 0066 7465782D 		.ascii	"tex-m3' '-mthumb' '-g' '-Os' '-ffunction-sections' "
 222      6D332720 
 222      272D6D74 
 222      68756D62 
 222      2720272D 
 223 0099 272D6666 		.ascii	"'-ffat-lto-objects' '-flto'\000"
 223      61742D6C 
 223      746F2D6F 
 223      626A6563 
 223      74732720 
 224              		.text
ARM GAS  C:\Users\info\AppData\Local\Temp\cczTe8y3.s 			page 15


 225              		.cfi_sections	.debug_frame
 226              		.section	.text.pin_led_Write,"ax",%progbits
 227              		.align	1
 228              		.global	pin_led_Write
 229              		.thumb
 230              		.thumb_func
 231              		.type	pin_led_Write, %function
 232              	pin_led_Write:
 233              	.LFB0:
 234              		.file 1 "Generated_Source\\PSoC5\\pin_led.c"
   1:Generated_Source\PSoC5/pin_led.c **** /*******************************************************************************
   2:Generated_Source\PSoC5/pin_led.c **** * File Name: pin_led.c  
   3:Generated_Source\PSoC5/pin_led.c **** * Version 2.20
   4:Generated_Source\PSoC5/pin_led.c **** *
   5:Generated_Source\PSoC5/pin_led.c **** * Description:
   6:Generated_Source\PSoC5/pin_led.c **** *  This file contains API to enable firmware control of a Pins component.
   7:Generated_Source\PSoC5/pin_led.c **** *
   8:Generated_Source\PSoC5/pin_led.c **** * Note:
   9:Generated_Source\PSoC5/pin_led.c **** *
  10:Generated_Source\PSoC5/pin_led.c **** ********************************************************************************
  11:Generated_Source\PSoC5/pin_led.c **** * Copyright 2008-2015, Cypress Semiconductor Corporation.  All rights reserved.
  12:Generated_Source\PSoC5/pin_led.c **** * You may use this file only in accordance with the license, terms, conditions, 
  13:Generated_Source\PSoC5/pin_led.c **** * disclaimers, and limitations in the end user license agreement accompanying 
  14:Generated_Source\PSoC5/pin_led.c **** * the software package with which this file was provided.
  15:Generated_Source\PSoC5/pin_led.c **** *******************************************************************************/
  16:Generated_Source\PSoC5/pin_led.c **** 
  17:Generated_Source\PSoC5/pin_led.c **** #include "cytypes.h"
  18:Generated_Source\PSoC5/pin_led.c **** #include "pin_led.h"
  19:Generated_Source\PSoC5/pin_led.c **** 
  20:Generated_Source\PSoC5/pin_led.c **** /* APIs are not generated for P15[7:6] on PSoC 5 */
  21:Generated_Source\PSoC5/pin_led.c **** #if !(CY_PSOC5A &&\
  22:Generated_Source\PSoC5/pin_led.c **** 	 pin_led__PORT == 15 && ((pin_led__MASK & 0xC0) != 0))
  23:Generated_Source\PSoC5/pin_led.c **** 
  24:Generated_Source\PSoC5/pin_led.c **** 
  25:Generated_Source\PSoC5/pin_led.c **** /*******************************************************************************
  26:Generated_Source\PSoC5/pin_led.c **** * Function Name: pin_led_Write
  27:Generated_Source\PSoC5/pin_led.c **** ****************************************************************************//**
  28:Generated_Source\PSoC5/pin_led.c **** *
  29:Generated_Source\PSoC5/pin_led.c **** * \brief Writes the value to the physical port (data output register), masking
  30:Generated_Source\PSoC5/pin_led.c **** *  and shifting the bits appropriately. 
  31:Generated_Source\PSoC5/pin_led.c **** *
  32:Generated_Source\PSoC5/pin_led.c **** * The data output register controls the signal applied to the physical pin in 
  33:Generated_Source\PSoC5/pin_led.c **** * conjunction with the drive mode parameter. This function avoids changing 
  34:Generated_Source\PSoC5/pin_led.c **** * other bits in the port by using the appropriate method (read-modify-write or
  35:Generated_Source\PSoC5/pin_led.c **** * bit banding).
  36:Generated_Source\PSoC5/pin_led.c **** *
  37:Generated_Source\PSoC5/pin_led.c **** * <b>Note</b> This function should not be used on a hardware digital output pin 
  38:Generated_Source\PSoC5/pin_led.c **** * as it is driven by the hardware signal attached to it.
  39:Generated_Source\PSoC5/pin_led.c **** *
  40:Generated_Source\PSoC5/pin_led.c **** * \param value
  41:Generated_Source\PSoC5/pin_led.c **** *  Value to write to the component instance.
  42:Generated_Source\PSoC5/pin_led.c **** *
  43:Generated_Source\PSoC5/pin_led.c **** * \return 
  44:Generated_Source\PSoC5/pin_led.c **** *  None 
  45:Generated_Source\PSoC5/pin_led.c **** *
  46:Generated_Source\PSoC5/pin_led.c **** * \sideeffect
  47:Generated_Source\PSoC5/pin_led.c **** *  If you use read-modify-write operations that are not atomic; the Interrupt 
ARM GAS  C:\Users\info\AppData\Local\Temp\cczTe8y3.s 			page 16


  48:Generated_Source\PSoC5/pin_led.c **** *  Service Routines (ISR) can cause corruption of this function. An ISR that 
  49:Generated_Source\PSoC5/pin_led.c **** *  interrupts this function and performs writes to the Pins component data 
  50:Generated_Source\PSoC5/pin_led.c **** *  register can cause corrupted port data. To avoid this issue, you should 
  51:Generated_Source\PSoC5/pin_led.c **** *  either use the Per-Pin APIs (primary method) or disable interrupts around 
  52:Generated_Source\PSoC5/pin_led.c **** *  this function.
  53:Generated_Source\PSoC5/pin_led.c **** *
  54:Generated_Source\PSoC5/pin_led.c **** * \funcusage
  55:Generated_Source\PSoC5/pin_led.c **** *  \snippet pin_led_SUT.c usage_pin_led_Write
  56:Generated_Source\PSoC5/pin_led.c **** *******************************************************************************/
  57:Generated_Source\PSoC5/pin_led.c **** void pin_led_Write(uint8 value)
  58:Generated_Source\PSoC5/pin_led.c **** {
 235              		.loc 1 58 0
 236              		.cfi_startproc
 237              		@ args = 0, pretend = 0, frame = 0
 238              		@ frame_needed = 0, uses_anonymous_args = 0
 239              		@ link register save eliminated.
 240              	.LVL0:
  59:Generated_Source\PSoC5/pin_led.c ****     uint8 staticBits = (pin_led_DR & (uint8)(~pin_led_MASK));
 241              		.loc 1 59 0
 242 0000 044A     		ldr	r2, .L2
  60:Generated_Source\PSoC5/pin_led.c ****     pin_led_DR = staticBits | ((uint8)(value << pin_led_SHIFT) & pin_led_MASK);
 243              		.loc 1 60 0
 244 0002 4000     		lsls	r0, r0, #1
 245              	.LVL1:
  59:Generated_Source\PSoC5/pin_led.c ****     uint8 staticBits = (pin_led_DR & (uint8)(~pin_led_MASK));
 246              		.loc 1 59 0
 247 0004 1378     		ldrb	r3, [r2]	@ zero_extendqisi2
 248              	.LVL2:
 249              		.loc 1 60 0
 250 0006 00F00200 		and	r0, r0, #2
 251 000a 03F0FD03 		and	r3, r3, #253
 252              	.LVL3:
 253 000e 0343     		orrs	r3, r3, r0
 254 0010 1370     		strb	r3, [r2]
 255 0012 7047     		bx	lr
 256              	.L3:
 257              		.align	2
 258              	.L2:
 259 0014 20510040 		.word	1073762592
 260              		.cfi_endproc
 261              	.LFE0:
 262              		.size	pin_led_Write, .-pin_led_Write
 263              		.section	.text.pin_led_SetDriveMode,"ax",%progbits
 264              		.align	1
 265              		.global	pin_led_SetDriveMode
 266              		.thumb
 267              		.thumb_func
 268              		.type	pin_led_SetDriveMode, %function
 269              	pin_led_SetDriveMode:
 270              	.LFB1:
  61:Generated_Source\PSoC5/pin_led.c **** }
  62:Generated_Source\PSoC5/pin_led.c **** 
  63:Generated_Source\PSoC5/pin_led.c **** 
  64:Generated_Source\PSoC5/pin_led.c **** /*******************************************************************************
  65:Generated_Source\PSoC5/pin_led.c **** * Function Name: pin_led_SetDriveMode
  66:Generated_Source\PSoC5/pin_led.c **** ****************************************************************************//**
  67:Generated_Source\PSoC5/pin_led.c **** *
ARM GAS  C:\Users\info\AppData\Local\Temp\cczTe8y3.s 			page 17


  68:Generated_Source\PSoC5/pin_led.c **** * \brief Sets the drive mode for each of the Pins component's pins.
  69:Generated_Source\PSoC5/pin_led.c **** * 
  70:Generated_Source\PSoC5/pin_led.c **** * <b>Note</b> This affects all pins in the Pins component instance. Use the
  71:Generated_Source\PSoC5/pin_led.c **** * Per-Pin APIs if you wish to control individual pin's drive modes.
  72:Generated_Source\PSoC5/pin_led.c **** *
  73:Generated_Source\PSoC5/pin_led.c **** * \param mode
  74:Generated_Source\PSoC5/pin_led.c **** *  Mode for the selected signals. Valid options are documented in 
  75:Generated_Source\PSoC5/pin_led.c **** *  \ref driveMode.
  76:Generated_Source\PSoC5/pin_led.c **** *
  77:Generated_Source\PSoC5/pin_led.c **** * \return
  78:Generated_Source\PSoC5/pin_led.c **** *  None
  79:Generated_Source\PSoC5/pin_led.c **** *
  80:Generated_Source\PSoC5/pin_led.c **** * \sideeffect
  81:Generated_Source\PSoC5/pin_led.c **** *  If you use read-modify-write operations that are not atomic, the ISR can
  82:Generated_Source\PSoC5/pin_led.c **** *  cause corruption of this function. An ISR that interrupts this function 
  83:Generated_Source\PSoC5/pin_led.c **** *  and performs writes to the Pins component Drive Mode registers can cause 
  84:Generated_Source\PSoC5/pin_led.c **** *  corrupted port data. To avoid this issue, you should either use the Per-Pin
  85:Generated_Source\PSoC5/pin_led.c **** *  APIs (primary method) or disable interrupts around this function.
  86:Generated_Source\PSoC5/pin_led.c **** *
  87:Generated_Source\PSoC5/pin_led.c **** * \funcusage
  88:Generated_Source\PSoC5/pin_led.c **** *  \snippet pin_led_SUT.c usage_pin_led_SetDriveMode
  89:Generated_Source\PSoC5/pin_led.c **** *******************************************************************************/
  90:Generated_Source\PSoC5/pin_led.c **** void pin_led_SetDriveMode(uint8 mode)
  91:Generated_Source\PSoC5/pin_led.c **** {
 271              		.loc 1 91 0
 272              		.cfi_startproc
 273              		@ args = 0, pretend = 0, frame = 0
 274              		@ frame_needed = 0, uses_anonymous_args = 0
 275              		@ link register save eliminated.
 276              	.LVL4:
  92:Generated_Source\PSoC5/pin_led.c **** 	CyPins_SetPinDriveMode(pin_led_0, mode);
 277              		.loc 1 92 0
 278 0000 044A     		ldr	r2, .L5
 279 0002 00F00E00 		and	r0, r0, #14
 280              	.LVL5:
 281 0006 1378     		ldrb	r3, [r2]	@ zero_extendqisi2
 282 0008 03F0F103 		and	r3, r3, #241
 283 000c 1843     		orrs	r0, r0, r3
 284 000e 1070     		strb	r0, [r2]
 285 0010 7047     		bx	lr
 286              	.L6:
 287 0012 00BF     		.align	2
 288              	.L5:
 289 0014 11500040 		.word	1073762321
 290              		.cfi_endproc
 291              	.LFE1:
 292              		.size	pin_led_SetDriveMode, .-pin_led_SetDriveMode
 293              		.section	.text.pin_led_Read,"ax",%progbits
 294              		.align	1
 295              		.global	pin_led_Read
 296              		.thumb
 297              		.thumb_func
 298              		.type	pin_led_Read, %function
 299              	pin_led_Read:
 300              	.LFB2:
  93:Generated_Source\PSoC5/pin_led.c **** }
  94:Generated_Source\PSoC5/pin_led.c **** 
ARM GAS  C:\Users\info\AppData\Local\Temp\cczTe8y3.s 			page 18


  95:Generated_Source\PSoC5/pin_led.c **** 
  96:Generated_Source\PSoC5/pin_led.c **** /*******************************************************************************
  97:Generated_Source\PSoC5/pin_led.c **** * Function Name: pin_led_Read
  98:Generated_Source\PSoC5/pin_led.c **** ****************************************************************************//**
  99:Generated_Source\PSoC5/pin_led.c **** *
 100:Generated_Source\PSoC5/pin_led.c **** * \brief Reads the associated physical port (pin status register) and masks 
 101:Generated_Source\PSoC5/pin_led.c **** *  the required bits according to the width and bit position of the component
 102:Generated_Source\PSoC5/pin_led.c **** *  instance. 
 103:Generated_Source\PSoC5/pin_led.c **** *
 104:Generated_Source\PSoC5/pin_led.c **** * The pin's status register returns the current logic level present on the 
 105:Generated_Source\PSoC5/pin_led.c **** * physical pin.
 106:Generated_Source\PSoC5/pin_led.c **** *
 107:Generated_Source\PSoC5/pin_led.c **** * \return 
 108:Generated_Source\PSoC5/pin_led.c **** *  The current value for the pins in the component as a right justified number.
 109:Generated_Source\PSoC5/pin_led.c **** *
 110:Generated_Source\PSoC5/pin_led.c **** * \funcusage
 111:Generated_Source\PSoC5/pin_led.c **** *  \snippet pin_led_SUT.c usage_pin_led_Read  
 112:Generated_Source\PSoC5/pin_led.c **** *******************************************************************************/
 113:Generated_Source\PSoC5/pin_led.c **** uint8 pin_led_Read(void)
 114:Generated_Source\PSoC5/pin_led.c **** {
 301              		.loc 1 114 0
 302              		.cfi_startproc
 303              		@ args = 0, pretend = 0, frame = 0
 304              		@ frame_needed = 0, uses_anonymous_args = 0
 305              		@ link register save eliminated.
 115:Generated_Source\PSoC5/pin_led.c ****     return (pin_led_PS & pin_led_MASK) >> pin_led_SHIFT;
 306              		.loc 1 115 0
 307 0000 024B     		ldr	r3, .L8
 308 0002 1878     		ldrb	r0, [r3]	@ zero_extendqisi2
 116:Generated_Source\PSoC5/pin_led.c **** }
 309              		.loc 1 116 0
 310 0004 C0F34000 		ubfx	r0, r0, #1, #1
 311 0008 7047     		bx	lr
 312              	.L9:
 313 000a 00BF     		.align	2
 314              	.L8:
 315 000c 21510040 		.word	1073762593
 316              		.cfi_endproc
 317              	.LFE2:
 318              		.size	pin_led_Read, .-pin_led_Read
 319              		.section	.text.pin_led_ReadDataReg,"ax",%progbits
 320              		.align	1
 321              		.global	pin_led_ReadDataReg
 322              		.thumb
 323              		.thumb_func
 324              		.type	pin_led_ReadDataReg, %function
 325              	pin_led_ReadDataReg:
 326              	.LFB3:
 117:Generated_Source\PSoC5/pin_led.c **** 
 118:Generated_Source\PSoC5/pin_led.c **** 
 119:Generated_Source\PSoC5/pin_led.c **** /*******************************************************************************
 120:Generated_Source\PSoC5/pin_led.c **** * Function Name: pin_led_ReadDataReg
 121:Generated_Source\PSoC5/pin_led.c **** ****************************************************************************//**
 122:Generated_Source\PSoC5/pin_led.c **** *
 123:Generated_Source\PSoC5/pin_led.c **** * \brief Reads the associated physical port's data output register and masks 
 124:Generated_Source\PSoC5/pin_led.c **** *  the correct bits according to the width and bit position of the component 
 125:Generated_Source\PSoC5/pin_led.c **** *  instance. 
ARM GAS  C:\Users\info\AppData\Local\Temp\cczTe8y3.s 			page 19


 126:Generated_Source\PSoC5/pin_led.c **** *
 127:Generated_Source\PSoC5/pin_led.c **** * The data output register controls the signal applied to the physical pin in 
 128:Generated_Source\PSoC5/pin_led.c **** * conjunction with the drive mode parameter. This is not the same as the 
 129:Generated_Source\PSoC5/pin_led.c **** * preferred pin_led_Read() API because the 
 130:Generated_Source\PSoC5/pin_led.c **** * pin_led_ReadDataReg() reads the data register instead of the status 
 131:Generated_Source\PSoC5/pin_led.c **** * register. For output pins this is a useful function to determine the value 
 132:Generated_Source\PSoC5/pin_led.c **** * just written to the pin.
 133:Generated_Source\PSoC5/pin_led.c **** *
 134:Generated_Source\PSoC5/pin_led.c **** * \return 
 135:Generated_Source\PSoC5/pin_led.c **** *  The current value of the data register masked and shifted into a right 
 136:Generated_Source\PSoC5/pin_led.c **** *  justified number for the component instance.
 137:Generated_Source\PSoC5/pin_led.c **** *
 138:Generated_Source\PSoC5/pin_led.c **** * \funcusage
 139:Generated_Source\PSoC5/pin_led.c **** *  \snippet pin_led_SUT.c usage_pin_led_ReadDataReg 
 140:Generated_Source\PSoC5/pin_led.c **** *******************************************************************************/
 141:Generated_Source\PSoC5/pin_led.c **** uint8 pin_led_ReadDataReg(void)
 142:Generated_Source\PSoC5/pin_led.c **** {
 327              		.loc 1 142 0
 328              		.cfi_startproc
 329              		@ args = 0, pretend = 0, frame = 0
 330              		@ frame_needed = 0, uses_anonymous_args = 0
 331              		@ link register save eliminated.
 143:Generated_Source\PSoC5/pin_led.c ****     return (pin_led_DR & pin_led_MASK) >> pin_led_SHIFT;
 332              		.loc 1 143 0
 333 0000 024B     		ldr	r3, .L11
 334 0002 1878     		ldrb	r0, [r3]	@ zero_extendqisi2
 144:Generated_Source\PSoC5/pin_led.c **** }
 335              		.loc 1 144 0
 336 0004 C0F34000 		ubfx	r0, r0, #1, #1
 337 0008 7047     		bx	lr
 338              	.L12:
 339 000a 00BF     		.align	2
 340              	.L11:
 341 000c 20510040 		.word	1073762592
 342              		.cfi_endproc
 343              	.LFE3:
 344              		.size	pin_led_ReadDataReg, .-pin_led_ReadDataReg
 345              		.text
 346              	.Letext0:
 347              		.file 2 "Generated_Source\\PSoC5\\cytypes.h"
 348              		.section	.debug_info,"",%progbits
 349              	.Ldebug_info0:
 350 0000 1D010000 		.4byte	0x11d
 351 0004 0400     		.2byte	0x4
 352 0006 00000000 		.4byte	.Ldebug_abbrev0
 353 000a 04       		.byte	0x4
 354 000b 01       		.uleb128 0x1
 355 000c 3C010000 		.4byte	.LASF20
 356 0010 0C       		.byte	0xc
 357 0011 40000000 		.4byte	.LASF21
 358 0015 BB000000 		.4byte	.LASF22
 359 0019 00000000 		.4byte	.Ldebug_ranges0+0
 360 001d 00000000 		.4byte	0
 361 0021 00000000 		.4byte	.Ldebug_line0
 362 0025 02       		.uleb128 0x2
 363 0026 01       		.byte	0x1
 364 0027 06       		.byte	0x6
ARM GAS  C:\Users\info\AppData\Local\Temp\cczTe8y3.s 			page 20


 365 0028 0E020000 		.4byte	.LASF0
 366 002c 02       		.uleb128 0x2
 367 002d 01       		.byte	0x1
 368 002e 08       		.byte	0x8
 369 002f 8B000000 		.4byte	.LASF1
 370 0033 02       		.uleb128 0x2
 371 0034 02       		.byte	0x2
 372 0035 05       		.byte	0x5
 373 0036 F5010000 		.4byte	.LASF2
 374 003a 02       		.uleb128 0x2
 375 003b 02       		.byte	0x2
 376 003c 07       		.byte	0x7
 377 003d 78000000 		.4byte	.LASF3
 378 0041 02       		.uleb128 0x2
 379 0042 04       		.byte	0x4
 380 0043 05       		.byte	0x5
 381 0044 05020000 		.4byte	.LASF4
 382 0048 02       		.uleb128 0x2
 383 0049 04       		.byte	0x4
 384 004a 07       		.byte	0x7
 385 004b 66000000 		.4byte	.LASF5
 386 004f 02       		.uleb128 0x2
 387 0050 08       		.byte	0x8
 388 0051 05       		.byte	0x5
 389 0052 E2010000 		.4byte	.LASF6
 390 0056 02       		.uleb128 0x2
 391 0057 08       		.byte	0x8
 392 0058 07       		.byte	0x7
 393 0059 25010000 		.4byte	.LASF7
 394 005d 03       		.uleb128 0x3
 395 005e 04       		.byte	0x4
 396 005f 05       		.byte	0x5
 397 0060 696E7400 		.ascii	"int\000"
 398 0064 02       		.uleb128 0x2
 399 0065 04       		.byte	0x4
 400 0066 07       		.byte	0x7
 401 0067 AE000000 		.4byte	.LASF8
 402 006b 04       		.uleb128 0x4
 403 006c FF010000 		.4byte	.LASF12
 404 0070 02       		.byte	0x2
 405 0071 E401     		.2byte	0x1e4
 406 0073 2C000000 		.4byte	0x2c
 407 0077 02       		.uleb128 0x2
 408 0078 04       		.byte	0x4
 409 0079 04       		.byte	0x4
 410 007a 26000000 		.4byte	.LASF9
 411 007e 02       		.uleb128 0x2
 412 007f 08       		.byte	0x8
 413 0080 04       		.byte	0x4
 414 0081 A7000000 		.4byte	.LASF10
 415 0085 02       		.uleb128 0x2
 416 0086 01       		.byte	0x1
 417 0087 08       		.byte	0x8
 418 0088 F0010000 		.4byte	.LASF11
 419 008c 04       		.uleb128 0x4
 420 008d 61000000 		.4byte	.LASF13
 421 0091 02       		.byte	0x2
ARM GAS  C:\Users\info\AppData\Local\Temp\cczTe8y3.s 			page 21


 422 0092 8E02     		.2byte	0x28e
 423 0094 98000000 		.4byte	0x98
 424 0098 05       		.uleb128 0x5
 425 0099 6B000000 		.4byte	0x6b
 426 009d 06       		.uleb128 0x6
 427 009e 99000000 		.4byte	.LASF14
 428 00a2 01       		.byte	0x1
 429 00a3 39       		.byte	0x39
 430 00a4 00000000 		.4byte	.LFB0
 431 00a8 18000000 		.4byte	.LFE0-.LFB0
 432 00ac 01       		.uleb128 0x1
 433 00ad 9C       		.byte	0x9c
 434 00ae D1000000 		.4byte	0xd1
 435 00b2 07       		.uleb128 0x7
 436 00b3 15000000 		.4byte	.LASF16
 437 00b7 01       		.byte	0x1
 438 00b8 39       		.byte	0x39
 439 00b9 6B000000 		.4byte	0x6b
 440 00bd 00000000 		.4byte	.LLST0
 441 00c1 08       		.uleb128 0x8
 442 00c2 1B000000 		.4byte	.LASF23
 443 00c6 01       		.byte	0x1
 444 00c7 3B       		.byte	0x3b
 445 00c8 6B000000 		.4byte	0x6b
 446 00cc 21000000 		.4byte	.LLST1
 447 00d0 00       		.byte	0
 448 00d1 06       		.uleb128 0x6
 449 00d2 00000000 		.4byte	.LASF15
 450 00d6 01       		.byte	0x1
 451 00d7 5A       		.byte	0x5a
 452 00d8 00000000 		.4byte	.LFB1
 453 00dc 18000000 		.4byte	.LFE1-.LFB1
 454 00e0 01       		.uleb128 0x1
 455 00e1 9C       		.byte	0x9c
 456 00e2 F6000000 		.4byte	0xf6
 457 00e6 07       		.uleb128 0x7
 458 00e7 D0010000 		.4byte	.LASF17
 459 00eb 01       		.byte	0x1
 460 00ec 5A       		.byte	0x5a
 461 00ed 6B000000 		.4byte	0x6b
 462 00f1 39000000 		.4byte	.LLST2
 463 00f5 00       		.byte	0
 464 00f6 09       		.uleb128 0x9
 465 00f7 D5010000 		.4byte	.LASF18
 466 00fb 01       		.byte	0x1
 467 00fc 71       		.byte	0x71
 468 00fd 6B000000 		.4byte	0x6b
 469 0101 00000000 		.4byte	.LFB2
 470 0105 10000000 		.4byte	.LFE2-.LFB2
 471 0109 01       		.uleb128 0x1
 472 010a 9C       		.byte	0x9c
 473 010b 09       		.uleb128 0x9
 474 010c 2C000000 		.4byte	.LASF19
 475 0110 01       		.byte	0x1
 476 0111 8D       		.byte	0x8d
 477 0112 6B000000 		.4byte	0x6b
 478 0116 00000000 		.4byte	.LFB3
ARM GAS  C:\Users\info\AppData\Local\Temp\cczTe8y3.s 			page 22


 479 011a 10000000 		.4byte	.LFE3-.LFB3
 480 011e 01       		.uleb128 0x1
 481 011f 9C       		.byte	0x9c
 482 0120 00       		.byte	0
 483              		.section	.debug_abbrev,"",%progbits
 484              	.Ldebug_abbrev0:
 485 0000 01       		.uleb128 0x1
 486 0001 11       		.uleb128 0x11
 487 0002 01       		.byte	0x1
 488 0003 25       		.uleb128 0x25
 489 0004 0E       		.uleb128 0xe
 490 0005 13       		.uleb128 0x13
 491 0006 0B       		.uleb128 0xb
 492 0007 03       		.uleb128 0x3
 493 0008 0E       		.uleb128 0xe
 494 0009 1B       		.uleb128 0x1b
 495 000a 0E       		.uleb128 0xe
 496 000b 55       		.uleb128 0x55
 497 000c 17       		.uleb128 0x17
 498 000d 11       		.uleb128 0x11
 499 000e 01       		.uleb128 0x1
 500 000f 10       		.uleb128 0x10
 501 0010 17       		.uleb128 0x17
 502 0011 00       		.byte	0
 503 0012 00       		.byte	0
 504 0013 02       		.uleb128 0x2
 505 0014 24       		.uleb128 0x24
 506 0015 00       		.byte	0
 507 0016 0B       		.uleb128 0xb
 508 0017 0B       		.uleb128 0xb
 509 0018 3E       		.uleb128 0x3e
 510 0019 0B       		.uleb128 0xb
 511 001a 03       		.uleb128 0x3
 512 001b 0E       		.uleb128 0xe
 513 001c 00       		.byte	0
 514 001d 00       		.byte	0
 515 001e 03       		.uleb128 0x3
 516 001f 24       		.uleb128 0x24
 517 0020 00       		.byte	0
 518 0021 0B       		.uleb128 0xb
 519 0022 0B       		.uleb128 0xb
 520 0023 3E       		.uleb128 0x3e
 521 0024 0B       		.uleb128 0xb
 522 0025 03       		.uleb128 0x3
 523 0026 08       		.uleb128 0x8
 524 0027 00       		.byte	0
 525 0028 00       		.byte	0
 526 0029 04       		.uleb128 0x4
 527 002a 16       		.uleb128 0x16
 528 002b 00       		.byte	0
 529 002c 03       		.uleb128 0x3
 530 002d 0E       		.uleb128 0xe
 531 002e 3A       		.uleb128 0x3a
 532 002f 0B       		.uleb128 0xb
 533 0030 3B       		.uleb128 0x3b
 534 0031 05       		.uleb128 0x5
 535 0032 49       		.uleb128 0x49
ARM GAS  C:\Users\info\AppData\Local\Temp\cczTe8y3.s 			page 23


 536 0033 13       		.uleb128 0x13
 537 0034 00       		.byte	0
 538 0035 00       		.byte	0
 539 0036 05       		.uleb128 0x5
 540 0037 35       		.uleb128 0x35
 541 0038 00       		.byte	0
 542 0039 49       		.uleb128 0x49
 543 003a 13       		.uleb128 0x13
 544 003b 00       		.byte	0
 545 003c 00       		.byte	0
 546 003d 06       		.uleb128 0x6
 547 003e 2E       		.uleb128 0x2e
 548 003f 01       		.byte	0x1
 549 0040 3F       		.uleb128 0x3f
 550 0041 19       		.uleb128 0x19
 551 0042 03       		.uleb128 0x3
 552 0043 0E       		.uleb128 0xe
 553 0044 3A       		.uleb128 0x3a
 554 0045 0B       		.uleb128 0xb
 555 0046 3B       		.uleb128 0x3b
 556 0047 0B       		.uleb128 0xb
 557 0048 27       		.uleb128 0x27
 558 0049 19       		.uleb128 0x19
 559 004a 11       		.uleb128 0x11
 560 004b 01       		.uleb128 0x1
 561 004c 12       		.uleb128 0x12
 562 004d 06       		.uleb128 0x6
 563 004e 40       		.uleb128 0x40
 564 004f 18       		.uleb128 0x18
 565 0050 9742     		.uleb128 0x2117
 566 0052 19       		.uleb128 0x19
 567 0053 01       		.uleb128 0x1
 568 0054 13       		.uleb128 0x13
 569 0055 00       		.byte	0
 570 0056 00       		.byte	0
 571 0057 07       		.uleb128 0x7
 572 0058 05       		.uleb128 0x5
 573 0059 00       		.byte	0
 574 005a 03       		.uleb128 0x3
 575 005b 0E       		.uleb128 0xe
 576 005c 3A       		.uleb128 0x3a
 577 005d 0B       		.uleb128 0xb
 578 005e 3B       		.uleb128 0x3b
 579 005f 0B       		.uleb128 0xb
 580 0060 49       		.uleb128 0x49
 581 0061 13       		.uleb128 0x13
 582 0062 02       		.uleb128 0x2
 583 0063 17       		.uleb128 0x17
 584 0064 00       		.byte	0
 585 0065 00       		.byte	0
 586 0066 08       		.uleb128 0x8
 587 0067 34       		.uleb128 0x34
 588 0068 00       		.byte	0
 589 0069 03       		.uleb128 0x3
 590 006a 0E       		.uleb128 0xe
 591 006b 3A       		.uleb128 0x3a
 592 006c 0B       		.uleb128 0xb
ARM GAS  C:\Users\info\AppData\Local\Temp\cczTe8y3.s 			page 24


 593 006d 3B       		.uleb128 0x3b
 594 006e 0B       		.uleb128 0xb
 595 006f 49       		.uleb128 0x49
 596 0070 13       		.uleb128 0x13
 597 0071 02       		.uleb128 0x2
 598 0072 17       		.uleb128 0x17
 599 0073 00       		.byte	0
 600 0074 00       		.byte	0
 601 0075 09       		.uleb128 0x9
 602 0076 2E       		.uleb128 0x2e
 603 0077 00       		.byte	0
 604 0078 3F       		.uleb128 0x3f
 605 0079 19       		.uleb128 0x19
 606 007a 03       		.uleb128 0x3
 607 007b 0E       		.uleb128 0xe
 608 007c 3A       		.uleb128 0x3a
 609 007d 0B       		.uleb128 0xb
 610 007e 3B       		.uleb128 0x3b
 611 007f 0B       		.uleb128 0xb
 612 0080 27       		.uleb128 0x27
 613 0081 19       		.uleb128 0x19
 614 0082 49       		.uleb128 0x49
 615 0083 13       		.uleb128 0x13
 616 0084 11       		.uleb128 0x11
 617 0085 01       		.uleb128 0x1
 618 0086 12       		.uleb128 0x12
 619 0087 06       		.uleb128 0x6
 620 0088 40       		.uleb128 0x40
 621 0089 18       		.uleb128 0x18
 622 008a 9742     		.uleb128 0x2117
 623 008c 19       		.uleb128 0x19
 624 008d 00       		.byte	0
 625 008e 00       		.byte	0
 626 008f 00       		.byte	0
 627              		.section	.debug_loc,"",%progbits
 628              	.Ldebug_loc0:
 629              	.LLST0:
 630 0000 00000000 		.4byte	.LVL0
 631 0004 04000000 		.4byte	.LVL1
 632 0008 0100     		.2byte	0x1
 633 000a 50       		.byte	0x50
 634 000b 04000000 		.4byte	.LVL1
 635 000f 18000000 		.4byte	.LFE0
 636 0013 0400     		.2byte	0x4
 637 0015 F3       		.byte	0xf3
 638 0016 01       		.uleb128 0x1
 639 0017 50       		.byte	0x50
 640 0018 9F       		.byte	0x9f
 641 0019 00000000 		.4byte	0
 642 001d 00000000 		.4byte	0
 643              	.LLST1:
 644 0021 06000000 		.4byte	.LVL2
 645 0025 0E000000 		.4byte	.LVL3
 646 0029 0600     		.2byte	0x6
 647 002b 73       		.byte	0x73
 648 002c 00       		.sleb128 0
 649 002d 09       		.byte	0x9
ARM GAS  C:\Users\info\AppData\Local\Temp\cczTe8y3.s 			page 25


 650 002e FD       		.byte	0xfd
 651 002f 1A       		.byte	0x1a
 652 0030 9F       		.byte	0x9f
 653 0031 00000000 		.4byte	0
 654 0035 00000000 		.4byte	0
 655              	.LLST2:
 656 0039 00000000 		.4byte	.LVL4
 657 003d 06000000 		.4byte	.LVL5
 658 0041 0100     		.2byte	0x1
 659 0043 50       		.byte	0x50
 660 0044 06000000 		.4byte	.LVL5
 661 0048 18000000 		.4byte	.LFE1
 662 004c 0400     		.2byte	0x4
 663 004e F3       		.byte	0xf3
 664 004f 01       		.uleb128 0x1
 665 0050 50       		.byte	0x50
 666 0051 9F       		.byte	0x9f
 667 0052 00000000 		.4byte	0
 668 0056 00000000 		.4byte	0
 669              		.section	.debug_aranges,"",%progbits
 670 0000 34000000 		.4byte	0x34
 671 0004 0200     		.2byte	0x2
 672 0006 00000000 		.4byte	.Ldebug_info0
 673 000a 04       		.byte	0x4
 674 000b 00       		.byte	0
 675 000c 0000     		.2byte	0
 676 000e 0000     		.2byte	0
 677 0010 00000000 		.4byte	.LFB0
 678 0014 18000000 		.4byte	.LFE0-.LFB0
 679 0018 00000000 		.4byte	.LFB1
 680 001c 18000000 		.4byte	.LFE1-.LFB1
 681 0020 00000000 		.4byte	.LFB2
 682 0024 10000000 		.4byte	.LFE2-.LFB2
 683 0028 00000000 		.4byte	.LFB3
 684 002c 10000000 		.4byte	.LFE3-.LFB3
 685 0030 00000000 		.4byte	0
 686 0034 00000000 		.4byte	0
 687              		.section	.debug_ranges,"",%progbits
 688              	.Ldebug_ranges0:
 689 0000 00000000 		.4byte	.LFB0
 690 0004 18000000 		.4byte	.LFE0
 691 0008 00000000 		.4byte	.LFB1
 692 000c 18000000 		.4byte	.LFE1
 693 0010 00000000 		.4byte	.LFB2
 694 0014 10000000 		.4byte	.LFE2
 695 0018 00000000 		.4byte	.LFB3
 696 001c 10000000 		.4byte	.LFE3
 697 0020 00000000 		.4byte	0
 698 0024 00000000 		.4byte	0
 699              		.section	.debug_line,"",%progbits
 700              	.Ldebug_line0:
 701 0000 92000000 		.section	.debug_str,"MS",%progbits,1
 701      02004400 
 701      00000201 
 701      FB0E0D00 
 701      01010101 
 702              	.LASF15:
ARM GAS  C:\Users\info\AppData\Local\Temp\cczTe8y3.s 			page 26


 703 0000 70696E5F 		.ascii	"pin_led_SetDriveMode\000"
 703      6C65645F 
 703      53657444 
 703      72697665 
 703      4D6F6465 
 704              	.LASF16:
 705 0015 76616C75 		.ascii	"value\000"
 705      6500
 706              	.LASF23:
 707 001b 73746174 		.ascii	"staticBits\000"
 707      69634269 
 707      747300
 708              	.LASF9:
 709 0026 666C6F61 		.ascii	"float\000"
 709      7400
 710              	.LASF19:
 711 002c 70696E5F 		.ascii	"pin_led_ReadDataReg\000"
 711      6C65645F 
 711      52656164 
 711      44617461 
 711      52656700 
 712              	.LASF21:
 713 0040 47656E65 		.ascii	"Generated_Source\\PSoC5\\pin_led.c\000"
 713      72617465 
 713      645F536F 
 713      75726365 
 713      5C50536F 
 714              	.LASF13:
 715 0061 72656738 		.ascii	"reg8\000"
 715      00
 716              	.LASF5:
 717 0066 6C6F6E67 		.ascii	"long unsigned int\000"
 717      20756E73 
 717      69676E65 
 717      6420696E 
 717      7400
 718              	.LASF3:
 719 0078 73686F72 		.ascii	"short unsigned int\000"
 719      7420756E 
 719      7369676E 
 719      65642069 
 719      6E7400
 720              	.LASF1:
 721 008b 756E7369 		.ascii	"unsigned char\000"
 721      676E6564 
 721      20636861 
 721      7200
 722              	.LASF14:
 723 0099 70696E5F 		.ascii	"pin_led_Write\000"
 723      6C65645F 
 723      57726974 
 723      6500
 724              	.LASF10:
 725 00a7 646F7562 		.ascii	"double\000"
 725      6C6500
 726              	.LASF8:
 727 00ae 756E7369 		.ascii	"unsigned int\000"
ARM GAS  C:\Users\info\AppData\Local\Temp\cczTe8y3.s 			page 27


 727      676E6564 
 727      20696E74 
 727      00
 728              	.LASF22:
 729 00bb 433A5C55 		.ascii	"C:\\Users\\info\\Desktop\\Spring 2019 Classes\\6.11"
 729      73657273 
 729      5C696E66 
 729      6F5C4465 
 729      736B746F 
 730 00e9 355C362E 		.ascii	"5\\6.115-final\\PSoCCreator\\Final Project\\FinalEm"
 730      3131352D 
 730      66696E61 
 730      6C5C5053 
 730      6F434372 
 731 0118 756C6174 		.ascii	"ulator.cydsn\000"
 731      6F722E63 
 731      7964736E 
 731      00
 732              	.LASF7:
 733 0125 6C6F6E67 		.ascii	"long long unsigned int\000"
 733      206C6F6E 
 733      6720756E 
 733      7369676E 
 733      65642069 
 734              	.LASF20:
 735 013c 474E5520 		.ascii	"GNU C11 5.4.1 20160609 (release) [ARM/embedded-5-br"
 735      43313120 
 735      352E342E 
 735      31203230 
 735      31363036 
 736 016f 616E6368 		.ascii	"anch revision 237715] -mcpu=cortex-m3 -mthumb -g -O"
 736      20726576 
 736      6973696F 
 736      6E203233 
 736      37373135 
 737 01a2 73202D66 		.ascii	"s -ffunction-sections -ffat-lto-objects -flto\000"
 737      66756E63 
 737      74696F6E 
 737      2D736563 
 737      74696F6E 
 738              	.LASF17:
 739 01d0 6D6F6465 		.ascii	"mode\000"
 739      00
 740              	.LASF18:
 741 01d5 70696E5F 		.ascii	"pin_led_Read\000"
 741      6C65645F 
 741      52656164 
 741      00
 742              	.LASF6:
 743 01e2 6C6F6E67 		.ascii	"long long int\000"
 743      206C6F6E 
 743      6720696E 
 743      7400
 744              	.LASF11:
 745 01f0 63686172 		.ascii	"char\000"
 745      00
 746              	.LASF2:
ARM GAS  C:\Users\info\AppData\Local\Temp\cczTe8y3.s 			page 28


 747 01f5 73686F72 		.ascii	"short int\000"
 747      7420696E 
 747      7400
 748              	.LASF12:
 749 01ff 75696E74 		.ascii	"uint8\000"
 749      3800
 750              	.LASF4:
 751 0205 6C6F6E67 		.ascii	"long int\000"
 751      20696E74 
 751      00
 752              	.LASF0:
 753 020e 7369676E 		.ascii	"signed char\000"
 753      65642063 
 753      68617200 
 754              		.comm	__gnu_lto_v1,1,1
 755              		.ident	"GCC: (GNU Tools for ARM Embedded Processors) 5.4.1 20160609 (release) [ARM/embedded-5-bran
