ARM GAS  C:\Users\info\AppData\Local\Temp\ccjnVZsb.s 			page 1


   1              		.syntax unified
   2              		.cpu cortex-m3
   3              		.fpu softvfp
   4              		.eabi_attribute 20, 1
   5              		.eabi_attribute 21, 1
   6              		.eabi_attribute 23, 3
   7              		.eabi_attribute 24, 1
   8              		.eabi_attribute 25, 1
   9              		.eabi_attribute 26, 1
  10              		.eabi_attribute 30, 4
  11              		.eabi_attribute 34, 1
  12              		.eabi_attribute 18, 4
  13              		.thumb
  14              		.syntax unified
  15              		.file	"pin_oled_rst.c"
  16              		.text
  17              	.Ltext0:
  18              		.section	.gnu.lto_.profile.bf153e09,"",%progbits
  19 0000 789C6361 		.ascii	"x\234ca`d`a`\000\222\222\242\000\000\261\0009"
  19      60646061 
  19      60009292 
  19      A20000B1 
  19      0039
  20              		.text
  21              		.section	.gnu.lto_.icf.bf153e09,"",%progbits
  22 0000 789C6361 		.ascii	"x\234ca`d\000\001I\006\004`a8\324\324\257\305x\370S"
  22      60640001 
  22      49060460 
  22      6138D4D4 
  22      AFC578F8 
  23 0015 5B330BD3 		.ascii	"[3\013\323\307\205\357~\3633\177\2303\3778\023\003\000"
  23      C785EF7E 
  23      F3337F98 
  23      33FF3813 
  23      0300
  24 0027 91480B66 		.ascii	"\221H\013f"
  25              		.text
  26              		.section	.gnu.lto_.jmpfuncs.bf153e09,"",%progbits
  27 0000 789C6361 		.ascii	"x\234ca`d\000\001!\006\004`a`dd\254g\004\021L\014\014"
  27      60640001 
  27      21060460 
  27      61606464 
  27      AC670411 
  28 0017 CC401100 		.ascii	"\314@\021\000\016\"\001&"
  28      0E220126 
  29              		.text
  30              		.section	.gnu.lto_.inline.bf153e09,"",%progbits
  31 0000 789C6361 		.ascii	"x\234ca`d\000\201$\006\004`a`\340\344`dd\340\000J1s"
  31      60640081 
  31      24060460 
  31      6160E0E4 
  31      606464E0 
  32 0018 1CB06360 		.ascii	"\034\260c`[ \317\304\300\262@\236\005$\013\024g\307"
  32      5B20CFC4 
  32      C0B2409E 
  32      05240B14 
  32      67C7
ARM GAS  C:\Users\info\AppData\Local\Temp\ccjnVZsb.s 			page 2


  33 002a 9064BAC0 		.ascii	"\220d\272\300\017\226db`ced`b\373\240\007\021\007\002"
  33      0F966462 
  33      60636564 
  33      6062FBA0 
  33      07110702 
  34 003e 664C2106 		.ascii	"fL!\006\000\346\332\011\346"
  34      00E6DA09 
  34      E6
  35              		.text
  36              		.section	.gnu.lto_.pureconst.bf153e09,"",%progbits
  37 0000 789C6361 		.ascii	"x\234ca`d\340d```a\220b\224b\222b\226\002\000\002\261"
  37      6064E064 
  37      60606061 
  37      90629462 
  37      92629602 
  38 0017 0081     		.ascii	"\000\201"
  39              		.text
  40              		.section	.gnu.lto_pin_oled_rst_Write.bf153e09,"",%progbits
  41 0000 789C5551 		.ascii	"x\234UQMk\023Q\024\275\347\275\231Ik\252\376\000\263"
  41      4D6B1351 
  41      14BDE7BD 
  41      99496BAA 
  41      FE00B3
  42 0013 E8A696B8 		.ascii	"\350\246\226\270PA\\\270\325\205[i\267\201\022\342,"
  42      50415CB8 
  42      D5855B69 
  42      B78112E2 
  42      2C
  43 0024 02B59164 		.ascii	"\002\265\221d\352\266o\232&EW\335\230\254\332\202\245"
  43      EAB66F9A 
  43      264557DD 
  43      98ACDA82 
  43      A5
  44 0035 347EA5B6 		.ascii	"4~\245\266\202 \270\030\007\272U\204\242 *\241\213\021"
  44      8220B818 
  44      07BA5584 
  44      A2202AA1 
  44      8B11
  45 0047 C4450A86 		.ascii	"\304E\012\206\026\253\216\367\316\270\260\027\336\307"
  45      16AB8EF7 
  45      CEB8B017 
  45      DEC7
  46 0055 DC39E7DC 		.ascii	"\3349\347\334s\357\263\010$qN\021]\341\363\014/h\202"
  46      73EFB308 
  46      24714E11 
  46      5DE1F30C 
  46      2F6882
  47 0068 5A7A43E4 		.ascii	"ZzC\344\017)@.f\0104\2470\207\201\372\255\020.F/U~\303"
  47      0F29402E 
  47      660834A7 
  47      308781FA 
  47      AD102E46 
  48 0080 70F4D657 		.ascii	"p\364\326W\264\351\004hh\242X%J\204\015\344\031\365"
  48      B4E90468 
  48      68A25825 
  48      4A840DE4 
  48      19F5
ARM GAS  C:\Users\info\AppData\Local\Temp\ccjnVZsb.s 			page 3


  49 0092 F5D5E22E 		.ascii	"\365\325\342.t\036\304\367f8\350g\307\327\215\2317&"
  49      741EC4F7 
  49      6638E867 
  49      C7D78D99 
  49      3726
  50 00a4 2E18DDD0 		.ascii	".\030\335\320@\007\232\031\270\224\303\305\034q\202"
  50      40079A19 
  50      B894C3C5 
  50      1C7182
  51 00b3 F010E302 		.ascii	"\360\020\343\002>\374\270\333=\245/$\304%\023=\030\031"
  51      3EFCB8DB 
  51      3DA52F24 
  51      C425133D 
  51      1819
  52 00c5 5B136270 		.ascii	"[\023bpp\253m\002\177T\270\217\376\347J0to\353\317\375"
  52      70AB6D02 
  52      7F54B88F 
  52      FEE74A30 
  52      746FEBCF 
  53 00da 93CE82B8 		.ascii	"\223\316\202\270\032\305c\214\245~\360\004\016w\010"
  53      1AC5638C 
  53      A57EF004 
  53      0E7708
  54 00e9 C96C4E04 		.ascii	"\311lN\004&\216\353&\030\330\003=\254\270\250\342N\371"
  54      268EEB26 
  54      18D8033D 
  54      ACB8A8E2 
  54      4EF9
  55 00fb 8705A96D 		.ascii	"\207\005\251mK\302\221-#\033Q\237\227t\277\257\224\234"
  55      4BC2912D 
  55      231B519F 
  55      9774BFAF 
  55      949C
  56 010d 3A42F8F3 		.ascii	":B\370\363\336\227vF4\353Z&\321j\204o3?TC\353\304\355"
  56      DE977646 
  56      34EB5A26 
  56      D16A846F 
  56      333F5443 
  57 0124 BBCEE7F6 		.ascii	"\273\316\347\366\277\317`\3157\026\247\272/zwGV\261"
  57      BFCF60CD 
  57      3716A7BA 
  57      2F7A7747 
  57      56B1
  58 0136 EC2FF08C 		.ascii	"\354/\360\214,t\221\303S\260glb\025\024\241\376\253"
  58      2C7491C3 
  58      53B0676C 
  58      621514A1 
  58      FEAB
  59 0148 F909A9A0 		.ascii	"\371\011\251\240N5\337/\357\264\262\"\002\034\001\317"
  59      4E35DF2F 
  59      EFB4B222 
  59      021C01CF 
  60 0158 18BC0795 		.ascii	"\030\274\007\225\264\301N\031%\244~3\3720\234\262\354"
  60      B4C14E19 
  60      25A47E33 
  60      FA309CB2 
  60      EC
ARM GAS  C:\Users\info\AppData\Local\Temp\ccjnVZsb.s 			page 4


  61 0169 BA963A3B 		.ascii	"\272\226:;\361ApZX6\203\267\230\224H\177W)Hp\014z\335"
  61      F141705A 
  61      583683B7 
  61      9894487F 
  61      57294870 
  62 0180 DBDE4FA4 		.ascii	"\333\336O\244-X\330NA\207N\012\311$\006\034N\205\255"
  62      2D58D84E 
  62      41874E0A 
  62      C924061C 
  62      4E85AD
  63 0193 C4D031F3 		.ascii	"\304\3201\363\2761\331\343\376\237\263\177f\3217\314"
  63      BE31D9E3 
  63      FE9FB37F 
  63      66D137CC 
  64 01a3 0747B610 		.ascii	"\007G\266\020\222\207\350+\310\254xrg\257\2733n\265"
  64      9287E82B 
  64      C8AC7872 
  64      67AFBB33 
  64      6EB5
  65 01b5 E8B937A7 		.ascii	"\350\2717\247&+\263\325\222[\2701Y\271v\271p\273<3U"
  65      262BB3D5 
  65      925BB831 
  65      59B976B9 
  65      70BB3C33 
  66 01ca 99E66CB5 		.ascii	"\231\346l\265\346\235/\221}\2478=\353\236\250yE\257"
  66      E69D2F91 
  66      7DA7383D 
  66      EB9EA879 
  66      45AF
  67 01dc 5CBA5AF6 		.ascii	"\\\272Z\366j\177\001\246\356\306k"
  67      6A7F01A6 
  67      EEC66B
  68              		.text
  69              		.section	.gnu.lto_pin_oled_rst_SetDriveMode.bf153e09,"",%progbits
  70 0000 789C7D51 		.ascii	"x\234}Q\273J\003A\024\2353\263\331M\010\346\007La\245"
  70      BB4A0341 
  70      149D33B3 
  70      D94D08E6 
  70      074C61A5 
  71 0014 A45004C9 		.ascii	"\244P\004\311\027\010\332\212\266\212\210n!\250\321"
  71      1708DA8A 
  71      B68A886E 
  71      21A8D1
  72 0023 186B2789 		.ascii	"\030k'\211QP\004AL#\242\215\370~\241 vqA\313\330YX\210"
  72      51500441 
  72      4C23A28D 
  72      F87EA120 
  72      767141CB 
  73 003b A4482128 		.ascii	"\244H!(\361\205o\343\275\273\026\251\034v\356\343p\316"
  73      F1856FE3 
  73      BDBB16A9 
  73      1C76EEE3 
  73      70CE
  74 004d E1CE5D43 		.ascii	"\341\316]C@\360)R\252\247\\M\027J@\316\345\205H\372"
  74      40F02952 
  74      AAA75C4D 
  74      174A40CE 
ARM GAS  C:\Users\info\AppData\Local\Temp\ccjnVZsb.s 			page 5


  74      E58548FA 
  75 0061 25C085F6 		.ascii	"%\300\205\366C\214K\214\343E~K8S\305\023\031Y\323tn"
  75      438C4B8C 
  75      E3457E4B 
  75      3853C513 
  75      1959D374 
  76 0076 CEEE1BF5 		.ascii	"\316\356\033\365z\016\031%DY\272N\002k\210\020\353\351"
  76      7A0E1925 
  76      4459BA4E 
  76      026B8810 
  76      EBE9
  77 0088 70753EA8 		.ascii	"pu>\250\"\020T?\344K\327\241\272U\255SZ/ui\225Q\300"
  77      2210543F 
  77      E44BD7A1 
  77      BA55AD53 
  77      5A2F7569 
  78 009f 3A1429D0 		.ascii	":\024)\320\024FcX\020 \260\201:&\027\016~\026\252\314"
  78      14466358 
  78      1020B081 
  78      3A26170E 
  78      7E16AACC 
  79 00b3 09B6AFF1 		.ascii	"\011\266\257\361L\261\011\223\307\334k\317\351r9\255"
  79      4CB10993 
  79      C7DC6BCF 
  79      E97239AD 
  80 00c3 73AFE6E9 		.ascii	"s\257\346\351\207\031\224$\223\212\20228\370\300\016"
  80      87199424 
  80      938A8232 
  80      38F8C00E 
  81 00d3 26971607 		.ascii	"&\227\026\007?\207\000s\204(\321\345\207<H\311Y\025"
  81      3F870073 
  81      8428D1E5 
  81      873C48C9 
  81      5915
  82 00e5 E17C4C17 		.ascii	"\341|L\027\027\015vN+~T6\343\\X\3172\243\014w\342\367"
  82      170D764E 
  82      2B7E5436 
  82      E35C58CF 
  82      32A30C77 
  83 00fb FCF16CC8 		.ascii	"\374\361l\310k\013+Im\020t4\351D\227\261\224\234\240"
  83      6B0B2B49 
  83      6D107434 
  83      E94497B1 
  83      949CA0
  84 010e D7FAB08D 		.ascii	"\327\372\260\2150\266\020\246\341v\260\014\332_\352"
  84      30B610A6 
  84      E176B00C 
  84      DA5FEA
  85 011d D1F2DC14 		.ascii	"\321\362\334\024\031R\237\3762\275\336 \210\344W\347"
  85      19529FFE 
  85      32BDDE20 
  85      88E457E7 
  86 012d 33DF0176 		.ascii	"3\337\001vT\030\301.)+$\364\371*%\026A$\271\273\334"
  86      5418C12E 
  86      292B24F4 
  86      F92A2516 
  86      4124B9BB 
ARM GAS  C:\Users\info\AppData\Local\Temp\ccjnVZsb.s 			page 6


  87 0142 DA569E24 		.ascii	"\332V\236$\204=W\222~\373\243\370]c\253\322%@(\365N"
  87      843D5792 
  87      7EFBA3F8 
  87      5D63ABD2 
  87      254028F5 
  88 0157 16DCFF33 		.ascii	"\026\334\3773\361>MLtq\213T\356\263\205\311\356\217"
  88      F13E4D4C 
  88      74718B54 
  88      EEB385C9 
  88      EE8F
  89 0169 2B49F072 		.ascii	"+I\360rhU\265\255\366\220\035\357I\330}\335\035\261"
  89      6855B5AD 
  89      F6901DEF 
  89      49D87DDD 
  89      1DB1
  90 017b B178AFDD 		.ascii	"\261x\257\335\331\326\021k\216v\016\367\017u\307\006"
  90      D9D6116B 
  90      8E760EF7 
  90      0F75C706 
  91 018b 088D8F26 		.ascii	"\010\215\217&\032z\2051\030\353\263\177\001\253'\247"
  91      1A7A8531 
  91      18EBB37F 
  91      01AB27A7 
  92 019b 56       		.ascii	"V"
  93              		.text
  94              		.section	.gnu.lto_pin_oled_rst_Read.bf153e09,"",%progbits
  95 0000 789C354F 		.ascii	"x\2345O1K\003Q\014\316\367\336\331+\202\370\003\354"
  95      314B0351 
  95      0CCEF7DE 
  95      D92B82F8 
  95      03EC
  96 0012 E0247611 		.ascii	"\340$v\021A\004q\025t\025\013N\205\"\365\006AZ\251u"
  96      41047115 
  96      74150B4E 
  96      8522F506 
  96      415AA975 
  97 0026 EE5DAFA7 		.ascii	"\356]\257\247 \016:\250\213\332A\244\255Z\324\251\353"
  97      200E3AA8 
  97      8BDA41A4 
  97      AD5AD4A9 
  97      EB
  98 0037 B5200A82 		.ascii	"\265 \012\202\"(8\211\210t\020\007-J\241\250g\236\247"
  98      22283889 
  98      88741007 
  98      2D4AA1A8 
  98      679EA7
  99 004a 8197BC24 		.ascii	"\201\227\274$\337\227/\321\010\244l\222C/\307.~\220"
  99      DF972FD1 
  99      08A46C92 
  99      432FC72E 
  99      7E90
 100 005c 04B17A49 		.ascii	"\004\261zId\005\005\240>f\020\224\021\310\340C|\011"
 100      640505A0 
 100      3E661094 
 100      11C8E043 
 100      7C09
 101 006e 5C34CF57 		.ascii	"\\4\317W\332\303\005\323\314\232\017{\255\241\315\242"
ARM GAS  C:\Users\info\AppData\Local\Temp\ccjnVZsb.s 			page 7


 101      DAC305D3 
 101      CC9A0F7B 
 101      ADA1CDA2 
 102 007e 0B471279 		.ascii	"\013G\022y\2020\020B\177H\215( L\014}<\371^\357\010"
 102      82301042 
 102      7F488D28 
 102      204C0C7D 
 102      3CF95EEF 
 103 0093 E44CB66E 		.ascii	"\344L\266n\005\340N\021\001%y4\341\232\236g\233\356"
 103      05E04E11 
 103      01257934 
 103      E19A9E67 
 103      9BEE
 104 00a5 AD5EBDD3 		.ascii	"\255^\275\323u\220#Y\227\235\306N\264)\027 5\226^\231"
 104      75902359 
 104      979DC64E 
 104      B4291720 
 104      35965E99 
 105 00b9 A6967813 		.ascii	"\246\226x\023BEYG\255\265|\2773\254&\331R\262\312\206"
 105      42455947 
 105      ADB57CBF 
 105      33AC26D9 
 105      52B2CA86 
 106 00cd 53BBD2DF 		.ascii	"S\273\322\337\205#%\224hi\255\322\370K\253\273\226\251"
 106      85232594 
 106      6869ADD2 
 106      F84BABBB 
 106      96A9
 107 00df 71C9AA94 		.ascii	"q\311\252\224\317\364<\266\255\034\257\252a\037!\224"
 107      CFF43CB6 
 107      AD1CAFAA 
 107      611F2194 
 108 00ef C08BE200 		.ascii	"\300\213\342\000yP\035\366\347(\331\022\376\270\353"
 108      79501DF6 
 108      E728D912 
 108      FEB8EB
 109 00fe DCF19654 		.ascii	"\334\361\226T|@\303!\303\352\3106\226^\244/\2501N1\032"
 109      7C40C321 
 109      C3EAC836 
 109      965EA42F 
 109      A8314E31 
 110 0113 8B3701BF 		.ascii	"\2137\001\277\322\306E\246\235zM\267S\321\004\004\312"
 110      D2C645A6 
 110      9D7A4DB7 
 110      53D10404 
 110      CA
 111 0124 FFB427F8 		.ascii	"\377\264'\370 \205\243g\356\370\031\375\036\006u\020"
 111      2085A367 
 111      EEF819FD 
 111      1E067510 
 112 0134 9FD73366 		.ascii	"\237\3273f$\214\324T\332\230\216E\222\013\251\270\021"
 112      248CD454 
 112      DA988E45 
 112      920BA9B8 
 112      11
 113 0145 1D8F2447 		.ascii	"\035\217$G\006\243s3\211Xr\226\253\251\371t_\234~\000"
 113      06A37333 
ARM GAS  C:\Users\info\AppData\Local\Temp\ccjnVZsb.s 			page 8


 113      89587296 
 113      ABA9F974 
 113      5F9C7E00 
 114 0159 ECF47E0F 		.ascii	"\354\364~\017"
 115              		.text
 116              		.section	.gnu.lto_pin_oled_rst_ReadDataReg.bf153e09,"",%progbits
 117 0000 789C354F 		.ascii	"x\2345O\317K\002Q\020\236\357\275u\025)\372\003\362"
 117      CF4B0251 
 117      109EEFBD 
 117      751529FA 
 117      03F2
 118 0012 D029F212 		.ascii	"\320)\362\022At\250kP\327H\350$H\330\036\202\3200;\273"
 118      4174A86B 
 118      50D748E8 
 118      2448D81E 
 118      82D0303B 
 119 0027 BA6E5174 		.ascii	"\272nQt\350R^\012\017\021j\277\273t\0136!\010\202J\350"
 119      E8525E0A 
 119      0F116ABF 
 119      BB740B36 
 119      2108824A 
 120 003c 1A488487 		.ascii	"\032H\204\207\350PR\010Qn\363\332\032x3of\276o\276\031"
 120      E8505208 
 120      516EF3DA 
 120      1A78336F 
 120      66BE6FBE 
 121 0051 8D40CAA6 		.ascii	"\215@\312\2468\364q\354\346\007I\020\3537D\331\200\000"
 121      38F471EC 
 121      E6074910 
 121      EB3744D9 
 121      8000
 122 0063 D4C70C80 		.ascii	"\324\307\014\2002\002\031|\210o\201\353\326\325Z0\\"
 122      3202197C 
 122      886F81EB 
 122      D6D55A30 
 122      5C
 123 0074 32CD9C59 		.ascii	"2\315\234Y\337-\015\027\312\016lI\344\012\302`\010\003"
 123      DF2D0D17 
 123      CA0E6C49 
 123      E40AC260 
 123      0803
 124 0086 2135A284 		.ascii	"!5\242\20401\364\361\264\275\321\251\347M\266\036\005"
 124      3031F4F1 
 124      B4BDD1A9 
 124      E74DB61E 
 124      05
 125 0097 E04E19BA 		.ascii	"\340N\031\272\222<\236tL\327\265L\347<xq\027\364\203"
 125      923C9E74 
 125      4CD7B54C 
 125      E73C7871 
 125      17F483
 126 00aa 6CC9BAEC 		.ascii	"l\311\272\3544v\302\247\234Nj,\2752M-\361&\204\212\262"
 126      3476C2A7 
 126      9C4E6A2C 
 126      BD324D2D 
 126      F126848A 
 127 00bf 81EAE76A 		.ascii	"\201\352\347j\2732\242&YR\262\312\246]\275\365\277\013"
ARM GAS  C:\Users\info\AppData\Local\Temp\ccjnVZsb.s 			page 9


 127      BB32A226 
 127      5952B2CA 
 127      A65DBDF5 
 127      BF0B
 128 00d1 5B4A28D1 		.ascii	"[J(\321Z\371\241\360\227:;YS\343\322\321Y}\245\243\210"
 128      5AF9A1F0 
 128      973A3B59 
 128      53E3D2D1 
 128      597DA5A3 
 129 00e6 ED6C9E57 		.ascii	"\355l\236W\325\260\207\020*\340E\261\217\"\250\001\353"
 129      D5B08710 
 129      2AE045B1 
 129      8F22A801 
 129      EB
 130 00f7 6B8C2C09 		.ascii	"k\214,\011o\\-\177\262%\025\037\320p\300\260\006r\315"
 130      6F5C2D7F 
 130      B225151F 
 130      D070C0B0 
 130      0672CD
 131 010a E517E909 		.ascii	"\345\027\351\011j\214S\214\346\322\275\356U|\\d\332"
 131      6A8C538C 
 131      E6D2BDEE 
 131      557C5C64 
 131      DA
 132 011b A5DB72BA 		.ascii	"\245\333r\272\024M@\340\360\237\366\004\017\244p\364"
 132      144D40E0 
 132      F09FF604 
 132      0FA470F4 
 133 012b CC1D2FA3 		.ascii	"\314\035/\243\337\303\240\016\342\363z\307\215\204\221"
 133      DFC3A00E 
 133      E2F37AC7 
 133      8D8491
 134 013a 9A4E1B33 		.ascii	"\232N\0333\261Hr1\0257\242\023\221\344\350Pt~6\021K"
 134      B1487231 
 134      1537A213 
 134      91E4E850 
 134      747E3611 
 135 014f CE7135B5 		.ascii	"\316q5\265\220\356\217\323\017\251!}\375"
 135      90EE8FD3 
 135      0FA9217D 
 135      FD
 136              		.text
 137              		.section	.gnu.lto_.symbol_nodes.bf153e09,"",%progbits
 138 0000 789C6361 		.ascii	"x\234ca`dpc\000\002&\206z\006\206\011\347\030@\324\256"
 138      60647063 
 138      00022686 
 138      7A068609 
 138      E71840D4 
 139 0015 0645A000 		.ascii	"\006E\240\000c=#\252\000S=\023\252\000s=3\212\000\003"
 139      633D23AA 
 139      00533D13 
 139      AA00733D 
 139      338A0003 
 140 0029 0026B60F 		.ascii	"\000&\266\017<"
 140      3C
 141              		.text
 142              		.section	.gnu.lto_.refs.bf153e09,"",%progbits
ARM GAS  C:\Users\info\AppData\Local\Temp\ccjnVZsb.s 			page 10


 143 0000 789C6361 		.ascii	"x\234ca`\004B \000\000\0009\000\007"
 143      60044220 
 143      00000039 
 143      0007
 144              		.text
 145              		.section	.gnu.lto_.decls.bf153e09,"",%progbits
 146 0000 789C8D53 		.ascii	"x\234\215S]H\024Q\024\276gfv\225\3617\2110\330\302|"
 146      5D481451 
 146      14BE6766 
 146      7695F137 
 146      8930D8C2 
 147 0015 085F5A92 		.ascii	"\010_Z\222\010|\210\012\224|*C\313^\014Yu0\241T\326"
 147      087C880A 
 147      947C2A43 
 147      CB5E0C59 
 147      7530A154 
 148 002a 35F0EDEA 		.ascii	"5\360\355\352*\231D(\244\265\246d\006\371\233\377kj"
 148      2A994428 
 148      A4B5A664 
 148      06F99BFF 
 148      6B6A
 149 003c 965A66BF 		.ascii	"\226Zf\277\206?!\230A\202IH\005Jb\370`\333\271wf\235"
 149      863F2198 
 149      41824948 
 149      054A62F8 
 149      60DBB977 
 150 0052 3137F032 		.ascii	"17\3602\347\336s\356=\337w\276sgF\"@\330\270(\021\322"
 150      E7DE73EE 
 150      3DDF77BE 
 150      73674622 
 150      40D8B828 
 151 0068 8BAB0543 		.ascii	"\213\253\005C\017\016\023\372\311D\037xL\272\321\334"
 151      0F0E13FA 
 151      C9441F78 
 151      4CBAD1DC 
 152 0078 687D6803 		.ascii	"h}h\003d\373`\347f\015\327\306\270\320F\320\206\320"
 152      64FB60E7 
 152      660DD7C6 
 152      B8D046D0 
 152      86D0
 153 008a 12B41CD0 		.ascii	"\022\264\034\320\362\376\035n\037\330Q\003\336\213u"
 153      F2FE1D6E 
 153      1FD85103 
 153      DE8B75
 154 0099 FBC0323D 		.ascii	"\373\3002=&\003.\301\007\256\317\007n`\0078_}n\010\320"
 154      26032EC1 
 154      07AECF07 
 154      6E600738 
 154      5F7D6E08 
 155 00ae 5776672D 		.ascii	"Wvg-d\016fA\000\355\002\011\200:\0037\242\032\017\321"
 155      640E6641 
 155      00ED0209 
 155      803A0337 
 155      A21A0FD1 
 156 00c2 11F84C36 		.ascii	"\021\370L6\2676\027\262\231\242\271:\031\177\274\253"
 156      B73617B2 
 156      99A2B93A 
ARM GAS  C:\Users\info\AppData\Local\Temp\ccjnVZsb.s 			page 11


 156      197FBCAB 
 157 00d2 C73B3889 		.ascii	"\307;8\211\316\016\032\0106\025h>?\027\364\002\240\206"
 157      CE0E1A08 
 157      3615683E 
 157      3F17F402 
 157      A086
 158 00e4 5E80814F 		.ascii	"^\200\201O\225k\320\004[{\002o\323-7+\247@\304\216\321"
 158      956BD004 
 158      5B7B026F 
 158      D32D372B 
 158      A740C48E 
 159 00f9 FFB2DE78 		.ascii	"\377\262\336x\312\332Jq\224S*\034\322o\246\275\344k"
 159      CADA4A71 
 159      94532A1C 
 159      D26FA6BD 
 159      E46B
 160 010b 93FFAA00 		.ascii	"\223\377\252\000\026\031<\300\342\037\375\353Aj\314"
 160      16193CC0 
 160      E21FFDEB 
 160      416ACC
 161 011a 8E5D150B 		.ascii	"\216]\025\013\177\002\304\375\314\027\246\027Z\226$"
 161      7F02C4FD 
 161      CC17A617 
 161      5A9624
 162 0129 88921F32 		.ascii	"\210\222\0372\232yW\347\361~JC\241\015dh\005\021\232"
 162      9A7957E7 
 162      F17E4A43 
 162      A10D6468 
 162      05119A
 163 013c C0CA8A5B 		.ascii	"\300\312\212[d\234K)-\242\313\365\324\034N\340\210\005"
 163      649C4B29 
 163      2DA2CBF5 
 163      D41C4EE0 
 163      8805
 164 014e 0E5B083C 		.ascii	"\016[\010<\202(\306\311\262\240\005,\320\014\026\306"
 164      8228C6C9 
 164      B2A0052C 
 164      D00C16C6 
 165 015e BF78FBDE 		.ascii	"\277x\373\336w\263$ \220\361\244Il\357\245\347\367p"
 165      77B32420 
 165      90F1A449 
 165      6CEFA5E7 
 165      F770
 166 0170 084A0893 		.ascii	"\010J\010\223A\300pj\371}m\000\206\273e\010\305\360"
 166      41C0706A 
 166      F97D6D00 
 166      86BB6508 
 166      C5F0
 167 0182 C3ADD929 		.ascii	"\303\255\331)\010\257b\032\250\223F\010\220\274\007"
 167      08AF621A 
 167      A8934608 
 167      90BC07
 168 0191 3A91B003 		.ascii	":\221\260\003\011\011tA8\316\355 \251\335\025~\243\237"
 168      09097441 
 168      38CEED20 
 168      A9DD157E 
 168      A39F
ARM GAS  C:\Users\info\AppData\Local\Temp\ccjnVZsb.s 			page 12


 169 01a3 85C83A5A 		.ascii	"\205\310:Z\327A\347k\307\216U9i#\302\"X\0324\352\242"
 169      D741E76B 
 169      C78E5539 
 169      6923C222 
 169      581A34EA 
 170 01b8 D1654B03 		.ascii	"\321eK\003\314\341UvC$\"\333\026\213\213\203\305+\374"
 170      CCE15576 
 170      432422DB 
 170      168B8B83 
 170      C52BFC
 171 01cb 120A073F 		.ascii	"\022\012\007?\025J*\313\360\352X \235@\216\223\234\243"
 171      154A2ACB 
 171      F0EA5820 
 171      9D408E93 
 171      9CA3
 172 01dd 47E7E831 		.ascii	"G\347\3501r\2709\307\350\307\222\033A\3425\340$\265"
 172      72B839C7 
 172      E8C7921B 
 172      41E235E0 
 172      24B5
 173 01ef E50F9A03 		.ascii	"\345\017\232\003\214\272Y\303\272\360\307\\x\232\246"
 173      8CBA59C3 
 173      BAF0C75C 
 173      789AA6
 174 01fe 7BD2F966 		.ascii	"{\322\371f#D\2538\375Jt\321\341\"\204\011,\013z\365"
 174      2344AB38 
 174      FD4A74D1 
 174      E1228409 
 174      2C0B7AF5 
 175 0212 9ABDC69A 		.ascii	"\232\275\306\232}\274\346\330J}C\220\350Rk\256m\274"
 175      7DBCE6D8 
 175      4A7D4390 
 175      E8526BAE 
 175      6DBC
 176 0224 DBA7B10C 		.ascii	"\333\247\261\014\274\365\352f\034\375:G\277\221c\200"
 176      BCF5EA66 
 176      1CFD3A47 
 176      BF916380 
 177 0234 734C1677 		.ascii	"sL\026w\324\210\352\013\2200\\\031\257^\010V_@\004\206"
 177      D488EA0B 
 177      90305C19 
 177      AF5E0856 
 177      5F400486 
 178 0248 ABC5BF66 		.ascii	"\253\305\277f\314r)\353bG\257x|\351\276\307O\354\342"
 178      CC7229EB 
 178      6247AF78 
 178      7CE9BEC7 
 178      4FECE2
 179 025b 8A84EE4A 		.ascii	"\212\204\356JW\245\037\310Q>\340\303>\340\332\247\266"
 179      57A51FC8 
 179      513EE0C3 
 179      3EE0DAA7 
 179      B6
 180 026c 7EAEE23A 		.ascii	"~\256\342:k\177\010\257\354\231.\375)\310\352u\365L"
 180      6B7F08AF 
 180      EC992EFD 
 180      29C8EA75 
ARM GAS  C:\Users\info\AppData\Local\Temp\ccjnVZsb.s 			page 13


 180      F54C
 181 027e FC6C3705 		.ascii	"\374l7\005\226\261\257\256\334I\303^\007\363\314A$y"
 181      96B1AFAE 
 181      DC49C35E 
 181      07F3CC41 
 181      2479
 182 0290 C22F7704 		.ascii	"\302/w\004\002\371\357\201\353\206 \016\316\334\255"
 182      02F9EF81 
 182      EB86200E 
 182      CEDCAD
 183 029f 11F18C3D 		.ascii	"\021\361\214=r5E)t\022`\024\311x\260|\202\373l\233."
 183      72354529 
 183      74126014 
 183      C978B07C 
 183      82FB6C9B 
 184 02b4 1751F39D 		.ascii	"\027Q\363\235`\257D\302\017\010<G\344\013$\346aXnVv"
 184      60AF44C2 
 184      0F083C47 
 184      E40B24E6 
 184      61586E56 
 185 02c9 6ACE6525 		.ascii	"j\316e%#\325\236\347H\275`\317r(\376\361g\316G\304F"
 185      23D59EE7 
 185      48BD60CF 
 185      7228FEF1 
 185      67CE47C4 
 186 02de 4713537E 		.ascii	"G\023S~V\266#\346@\274\222\255\330m\016LI\312\311\267"
 186      56B623E6 
 186      40BC92AD 
 186      D86D0E4C 
 186      49CAC9B7 
 187 02f2 A72B2967 		.ascii	"\247+)g\223rb\217\246\244\0278\012r\225<\353%r\360?"
 187      9372628F 
 187      A6A41738 
 187      0A72953C 
 187      EB2572F0 
 188 0307 19466A6B 		.ascii	"\031Fjk:\331\273\245T\222\342\210\263g]UN\347d(\273"
 188      3AD9BBA5 
 188      5492E288 
 188      B3675D55 
 188      4EE76428 
 189 031c B69C242A 		.ascii	"\266\234$*\266\214\360m;q6\207-Q\311\224\354Jf\314_"
 189      B68CF06D 
 189      3B713687 
 189      2D51C994 
 189      EC4A66CC 
 190 0331 D22F7B2C 		.ascii	"\322/{,"
 191              		.text
 192              		.section	.gnu.lto_.symtab.bf153e09,"",%progbits
 193 0000 70696E5F 		.ascii	"pin_oled_rst_Write\000"
 193      6F6C6564 
 193      5F727374 
 193      5F577269 
 193      746500
 194 0013 00       		.ascii	"\000"
 195 0014 00       		.ascii	"\000"
 196 0015 00       		.ascii	"\000"
 197 0016 00000000 		.ascii	"\000\000\000\000\000\000\000\000"
ARM GAS  C:\Users\info\AppData\Local\Temp\ccjnVZsb.s 			page 14


 197      00000000 
 198 001e B3000000 		.ascii	"\263\000\000\000"
 199 0022 70696E5F 		.ascii	"pin_oled_rst_SetDriveMode\000"
 199      6F6C6564 
 199      5F727374 
 199      5F536574 
 199      44726976 
 200 003c 00       		.ascii	"\000"
 201 003d 00       		.ascii	"\000"
 202 003e 00       		.ascii	"\000"
 203 003f 00000000 		.ascii	"\000\000\000\000\000\000\000\000"
 203      00000000 
 204 0047 B5000000 		.ascii	"\265\000\000\000"
 205 004b 70696E5F 		.ascii	"pin_oled_rst_Read\000"
 205      6F6C6564 
 205      5F727374 
 205      5F526561 
 205      6400
 206 005d 00       		.ascii	"\000"
 207 005e 00       		.ascii	"\000"
 208 005f 00       		.ascii	"\000"
 209 0060 00000000 		.ascii	"\000\000\000\000\000\000\000\000"
 209      00000000 
 210 0068 B8000000 		.ascii	"\270\000\000\000"
 211 006c 70696E5F 		.ascii	"pin_oled_rst_ReadDataReg\000"
 211      6F6C6564 
 211      5F727374 
 211      5F526561 
 211      64446174 
 212 0085 00       		.ascii	"\000"
 213 0086 00       		.ascii	"\000"
 214 0087 00       		.ascii	"\000"
 215 0088 00000000 		.ascii	"\000\000\000\000\000\000\000\000"
 215      00000000 
 216 0090 BA000000 		.ascii	"\272\000\000\000"
 217              		.text
 218              		.section	.gnu.lto_.opts,"",%progbits
 219 0000 272D666D 		.ascii	"'-fmath-errno' '-fsigned-zeros' '-ftrapping-math' '"
 219      6174682D 
 219      6572726E 
 219      6F272027 
 219      2D667369 
 220 0033 2D666E6F 		.ascii	"-fno-trapv' '-fno-openmp' '-fno-openacc' '-mcpu=cor"
 220      2D747261 
 220      70762720 
 220      272D666E 
 220      6F2D6F70 
 221 0066 7465782D 		.ascii	"tex-m3' '-mthumb' '-g' '-Os' '-ffunction-sections' "
 221      6D332720 
 221      272D6D74 
 221      68756D62 
 221      2720272D 
 222 0099 272D6666 		.ascii	"'-ffat-lto-objects' '-flto'\000"
 222      61742D6C 
 222      746F2D6F 
 222      626A6563 
 222      74732720 
ARM GAS  C:\Users\info\AppData\Local\Temp\ccjnVZsb.s 			page 15


 223              		.text
 224              		.cfi_sections	.debug_frame
 225              		.section	.text.pin_oled_rst_Write,"ax",%progbits
 226              		.align	1
 227              		.global	pin_oled_rst_Write
 228              		.thumb
 229              		.thumb_func
 230              		.type	pin_oled_rst_Write, %function
 231              	pin_oled_rst_Write:
 232              	.LFB0:
 233              		.file 1 "Generated_Source\\PSoC5\\pin_oled_rst.c"
   1:Generated_Source\PSoC5/pin_oled_rst.c **** /*******************************************************************************
   2:Generated_Source\PSoC5/pin_oled_rst.c **** * File Name: pin_oled_rst.c  
   3:Generated_Source\PSoC5/pin_oled_rst.c **** * Version 2.20
   4:Generated_Source\PSoC5/pin_oled_rst.c **** *
   5:Generated_Source\PSoC5/pin_oled_rst.c **** * Description:
   6:Generated_Source\PSoC5/pin_oled_rst.c **** *  This file contains API to enable firmware control of a Pins component.
   7:Generated_Source\PSoC5/pin_oled_rst.c **** *
   8:Generated_Source\PSoC5/pin_oled_rst.c **** * Note:
   9:Generated_Source\PSoC5/pin_oled_rst.c **** *
  10:Generated_Source\PSoC5/pin_oled_rst.c **** ********************************************************************************
  11:Generated_Source\PSoC5/pin_oled_rst.c **** * Copyright 2008-2015, Cypress Semiconductor Corporation.  All rights reserved.
  12:Generated_Source\PSoC5/pin_oled_rst.c **** * You may use this file only in accordance with the license, terms, conditions, 
  13:Generated_Source\PSoC5/pin_oled_rst.c **** * disclaimers, and limitations in the end user license agreement accompanying 
  14:Generated_Source\PSoC5/pin_oled_rst.c **** * the software package with which this file was provided.
  15:Generated_Source\PSoC5/pin_oled_rst.c **** *******************************************************************************/
  16:Generated_Source\PSoC5/pin_oled_rst.c **** 
  17:Generated_Source\PSoC5/pin_oled_rst.c **** #include "cytypes.h"
  18:Generated_Source\PSoC5/pin_oled_rst.c **** #include "pin_oled_rst.h"
  19:Generated_Source\PSoC5/pin_oled_rst.c **** 
  20:Generated_Source\PSoC5/pin_oled_rst.c **** /* APIs are not generated for P15[7:6] on PSoC 5 */
  21:Generated_Source\PSoC5/pin_oled_rst.c **** #if !(CY_PSOC5A &&\
  22:Generated_Source\PSoC5/pin_oled_rst.c **** 	 pin_oled_rst__PORT == 15 && ((pin_oled_rst__MASK & 0xC0) != 0))
  23:Generated_Source\PSoC5/pin_oled_rst.c **** 
  24:Generated_Source\PSoC5/pin_oled_rst.c **** 
  25:Generated_Source\PSoC5/pin_oled_rst.c **** /*******************************************************************************
  26:Generated_Source\PSoC5/pin_oled_rst.c **** * Function Name: pin_oled_rst_Write
  27:Generated_Source\PSoC5/pin_oled_rst.c **** ****************************************************************************//**
  28:Generated_Source\PSoC5/pin_oled_rst.c **** *
  29:Generated_Source\PSoC5/pin_oled_rst.c **** * \brief Writes the value to the physical port (data output register), masking
  30:Generated_Source\PSoC5/pin_oled_rst.c **** *  and shifting the bits appropriately. 
  31:Generated_Source\PSoC5/pin_oled_rst.c **** *
  32:Generated_Source\PSoC5/pin_oled_rst.c **** * The data output register controls the signal applied to the physical pin in 
  33:Generated_Source\PSoC5/pin_oled_rst.c **** * conjunction with the drive mode parameter. This function avoids changing 
  34:Generated_Source\PSoC5/pin_oled_rst.c **** * other bits in the port by using the appropriate method (read-modify-write or
  35:Generated_Source\PSoC5/pin_oled_rst.c **** * bit banding).
  36:Generated_Source\PSoC5/pin_oled_rst.c **** *
  37:Generated_Source\PSoC5/pin_oled_rst.c **** * <b>Note</b> This function should not be used on a hardware digital output pin 
  38:Generated_Source\PSoC5/pin_oled_rst.c **** * as it is driven by the hardware signal attached to it.
  39:Generated_Source\PSoC5/pin_oled_rst.c **** *
  40:Generated_Source\PSoC5/pin_oled_rst.c **** * \param value
  41:Generated_Source\PSoC5/pin_oled_rst.c **** *  Value to write to the component instance.
  42:Generated_Source\PSoC5/pin_oled_rst.c **** *
  43:Generated_Source\PSoC5/pin_oled_rst.c **** * \return 
  44:Generated_Source\PSoC5/pin_oled_rst.c **** *  None 
  45:Generated_Source\PSoC5/pin_oled_rst.c **** *
  46:Generated_Source\PSoC5/pin_oled_rst.c **** * \sideeffect
ARM GAS  C:\Users\info\AppData\Local\Temp\ccjnVZsb.s 			page 16


  47:Generated_Source\PSoC5/pin_oled_rst.c **** *  If you use read-modify-write operations that are not atomic; the Interrupt 
  48:Generated_Source\PSoC5/pin_oled_rst.c **** *  Service Routines (ISR) can cause corruption of this function. An ISR that 
  49:Generated_Source\PSoC5/pin_oled_rst.c **** *  interrupts this function and performs writes to the Pins component data 
  50:Generated_Source\PSoC5/pin_oled_rst.c **** *  register can cause corrupted port data. To avoid this issue, you should 
  51:Generated_Source\PSoC5/pin_oled_rst.c **** *  either use the Per-Pin APIs (primary method) or disable interrupts around 
  52:Generated_Source\PSoC5/pin_oled_rst.c **** *  this function.
  53:Generated_Source\PSoC5/pin_oled_rst.c **** *
  54:Generated_Source\PSoC5/pin_oled_rst.c **** * \funcusage
  55:Generated_Source\PSoC5/pin_oled_rst.c **** *  \snippet pin_oled_rst_SUT.c usage_pin_oled_rst_Write
  56:Generated_Source\PSoC5/pin_oled_rst.c **** *******************************************************************************/
  57:Generated_Source\PSoC5/pin_oled_rst.c **** void pin_oled_rst_Write(uint8 value)
  58:Generated_Source\PSoC5/pin_oled_rst.c **** {
 234              		.loc 1 58 0
 235              		.cfi_startproc
 236              		@ args = 0, pretend = 0, frame = 0
 237              		@ frame_needed = 0, uses_anonymous_args = 0
 238              		@ link register save eliminated.
 239              	.LVL0:
  59:Generated_Source\PSoC5/pin_oled_rst.c ****     uint8 staticBits = (pin_oled_rst_DR & (uint8)(~pin_oled_rst_MASK));
 240              		.loc 1 59 0
 241 0000 044A     		ldr	r2, .L2
  60:Generated_Source\PSoC5/pin_oled_rst.c ****     pin_oled_rst_DR = staticBits | ((uint8)(value << pin_oled_rst_SHIFT) & pin_oled_rst_MASK);
 242              		.loc 1 60 0
 243 0002 8000     		lsls	r0, r0, #2
 244              	.LVL1:
  59:Generated_Source\PSoC5/pin_oled_rst.c ****     uint8 staticBits = (pin_oled_rst_DR & (uint8)(~pin_oled_rst_MASK));
 245              		.loc 1 59 0
 246 0004 1378     		ldrb	r3, [r2]	@ zero_extendqisi2
 247              	.LVL2:
 248              		.loc 1 60 0
 249 0006 00F00400 		and	r0, r0, #4
 250 000a 03F0FB03 		and	r3, r3, #251
 251              	.LVL3:
 252 000e 0343     		orrs	r3, r3, r0
 253 0010 1370     		strb	r3, [r2]
 254 0012 7047     		bx	lr
 255              	.L3:
 256              		.align	2
 257              	.L2:
 258 0014 C0510040 		.word	1073762752
 259              		.cfi_endproc
 260              	.LFE0:
 261              		.size	pin_oled_rst_Write, .-pin_oled_rst_Write
 262              		.section	.text.pin_oled_rst_SetDriveMode,"ax",%progbits
 263              		.align	1
 264              		.global	pin_oled_rst_SetDriveMode
 265              		.thumb
 266              		.thumb_func
 267              		.type	pin_oled_rst_SetDriveMode, %function
 268              	pin_oled_rst_SetDriveMode:
 269              	.LFB1:
  61:Generated_Source\PSoC5/pin_oled_rst.c **** }
  62:Generated_Source\PSoC5/pin_oled_rst.c **** 
  63:Generated_Source\PSoC5/pin_oled_rst.c **** 
  64:Generated_Source\PSoC5/pin_oled_rst.c **** /*******************************************************************************
  65:Generated_Source\PSoC5/pin_oled_rst.c **** * Function Name: pin_oled_rst_SetDriveMode
  66:Generated_Source\PSoC5/pin_oled_rst.c **** ****************************************************************************//**
ARM GAS  C:\Users\info\AppData\Local\Temp\ccjnVZsb.s 			page 17


  67:Generated_Source\PSoC5/pin_oled_rst.c **** *
  68:Generated_Source\PSoC5/pin_oled_rst.c **** * \brief Sets the drive mode for each of the Pins component's pins.
  69:Generated_Source\PSoC5/pin_oled_rst.c **** * 
  70:Generated_Source\PSoC5/pin_oled_rst.c **** * <b>Note</b> This affects all pins in the Pins component instance. Use the
  71:Generated_Source\PSoC5/pin_oled_rst.c **** * Per-Pin APIs if you wish to control individual pin's drive modes.
  72:Generated_Source\PSoC5/pin_oled_rst.c **** *
  73:Generated_Source\PSoC5/pin_oled_rst.c **** * \param mode
  74:Generated_Source\PSoC5/pin_oled_rst.c **** *  Mode for the selected signals. Valid options are documented in 
  75:Generated_Source\PSoC5/pin_oled_rst.c **** *  \ref driveMode.
  76:Generated_Source\PSoC5/pin_oled_rst.c **** *
  77:Generated_Source\PSoC5/pin_oled_rst.c **** * \return
  78:Generated_Source\PSoC5/pin_oled_rst.c **** *  None
  79:Generated_Source\PSoC5/pin_oled_rst.c **** *
  80:Generated_Source\PSoC5/pin_oled_rst.c **** * \sideeffect
  81:Generated_Source\PSoC5/pin_oled_rst.c **** *  If you use read-modify-write operations that are not atomic, the ISR can
  82:Generated_Source\PSoC5/pin_oled_rst.c **** *  cause corruption of this function. An ISR that interrupts this function 
  83:Generated_Source\PSoC5/pin_oled_rst.c **** *  and performs writes to the Pins component Drive Mode registers can cause 
  84:Generated_Source\PSoC5/pin_oled_rst.c **** *  corrupted port data. To avoid this issue, you should either use the Per-Pin
  85:Generated_Source\PSoC5/pin_oled_rst.c **** *  APIs (primary method) or disable interrupts around this function.
  86:Generated_Source\PSoC5/pin_oled_rst.c **** *
  87:Generated_Source\PSoC5/pin_oled_rst.c **** * \funcusage
  88:Generated_Source\PSoC5/pin_oled_rst.c **** *  \snippet pin_oled_rst_SUT.c usage_pin_oled_rst_SetDriveMode
  89:Generated_Source\PSoC5/pin_oled_rst.c **** *******************************************************************************/
  90:Generated_Source\PSoC5/pin_oled_rst.c **** void pin_oled_rst_SetDriveMode(uint8 mode)
  91:Generated_Source\PSoC5/pin_oled_rst.c **** {
 270              		.loc 1 91 0
 271              		.cfi_startproc
 272              		@ args = 0, pretend = 0, frame = 0
 273              		@ frame_needed = 0, uses_anonymous_args = 0
 274              		@ link register save eliminated.
 275              	.LVL4:
  92:Generated_Source\PSoC5/pin_oled_rst.c **** 	CyPins_SetPinDriveMode(pin_oled_rst_0, mode);
 276              		.loc 1 92 0
 277 0000 044A     		ldr	r2, .L5
 278 0002 00F00E00 		and	r0, r0, #14
 279              	.LVL5:
 280 0006 1378     		ldrb	r3, [r2]	@ zero_extendqisi2
 281 0008 03F0F103 		and	r3, r3, #241
 282 000c 1843     		orrs	r0, r0, r3
 283 000e 1070     		strb	r0, [r2]
 284 0010 7047     		bx	lr
 285              	.L6:
 286 0012 00BF     		.align	2
 287              	.L5:
 288 0014 62500040 		.word	1073762402
 289              		.cfi_endproc
 290              	.LFE1:
 291              		.size	pin_oled_rst_SetDriveMode, .-pin_oled_rst_SetDriveMode
 292              		.section	.text.pin_oled_rst_Read,"ax",%progbits
 293              		.align	1
 294              		.global	pin_oled_rst_Read
 295              		.thumb
 296              		.thumb_func
 297              		.type	pin_oled_rst_Read, %function
 298              	pin_oled_rst_Read:
 299              	.LFB2:
  93:Generated_Source\PSoC5/pin_oled_rst.c **** }
ARM GAS  C:\Users\info\AppData\Local\Temp\ccjnVZsb.s 			page 18


  94:Generated_Source\PSoC5/pin_oled_rst.c **** 
  95:Generated_Source\PSoC5/pin_oled_rst.c **** 
  96:Generated_Source\PSoC5/pin_oled_rst.c **** /*******************************************************************************
  97:Generated_Source\PSoC5/pin_oled_rst.c **** * Function Name: pin_oled_rst_Read
  98:Generated_Source\PSoC5/pin_oled_rst.c **** ****************************************************************************//**
  99:Generated_Source\PSoC5/pin_oled_rst.c **** *
 100:Generated_Source\PSoC5/pin_oled_rst.c **** * \brief Reads the associated physical port (pin status register) and masks 
 101:Generated_Source\PSoC5/pin_oled_rst.c **** *  the required bits according to the width and bit position of the component
 102:Generated_Source\PSoC5/pin_oled_rst.c **** *  instance. 
 103:Generated_Source\PSoC5/pin_oled_rst.c **** *
 104:Generated_Source\PSoC5/pin_oled_rst.c **** * The pin's status register returns the current logic level present on the 
 105:Generated_Source\PSoC5/pin_oled_rst.c **** * physical pin.
 106:Generated_Source\PSoC5/pin_oled_rst.c **** *
 107:Generated_Source\PSoC5/pin_oled_rst.c **** * \return 
 108:Generated_Source\PSoC5/pin_oled_rst.c **** *  The current value for the pins in the component as a right justified number.
 109:Generated_Source\PSoC5/pin_oled_rst.c **** *
 110:Generated_Source\PSoC5/pin_oled_rst.c **** * \funcusage
 111:Generated_Source\PSoC5/pin_oled_rst.c **** *  \snippet pin_oled_rst_SUT.c usage_pin_oled_rst_Read  
 112:Generated_Source\PSoC5/pin_oled_rst.c **** *******************************************************************************/
 113:Generated_Source\PSoC5/pin_oled_rst.c **** uint8 pin_oled_rst_Read(void)
 114:Generated_Source\PSoC5/pin_oled_rst.c **** {
 300              		.loc 1 114 0
 301              		.cfi_startproc
 302              		@ args = 0, pretend = 0, frame = 0
 303              		@ frame_needed = 0, uses_anonymous_args = 0
 304              		@ link register save eliminated.
 115:Generated_Source\PSoC5/pin_oled_rst.c ****     return (pin_oled_rst_PS & pin_oled_rst_MASK) >> pin_oled_rst_SHIFT;
 305              		.loc 1 115 0
 306 0000 024B     		ldr	r3, .L8
 307 0002 1878     		ldrb	r0, [r3]	@ zero_extendqisi2
 116:Generated_Source\PSoC5/pin_oled_rst.c **** }
 308              		.loc 1 116 0
 309 0004 C0F38000 		ubfx	r0, r0, #2, #1
 310 0008 7047     		bx	lr
 311              	.L9:
 312 000a 00BF     		.align	2
 313              	.L8:
 314 000c C1510040 		.word	1073762753
 315              		.cfi_endproc
 316              	.LFE2:
 317              		.size	pin_oled_rst_Read, .-pin_oled_rst_Read
 318              		.section	.text.pin_oled_rst_ReadDataReg,"ax",%progbits
 319              		.align	1
 320              		.global	pin_oled_rst_ReadDataReg
 321              		.thumb
 322              		.thumb_func
 323              		.type	pin_oled_rst_ReadDataReg, %function
 324              	pin_oled_rst_ReadDataReg:
 325              	.LFB3:
 117:Generated_Source\PSoC5/pin_oled_rst.c **** 
 118:Generated_Source\PSoC5/pin_oled_rst.c **** 
 119:Generated_Source\PSoC5/pin_oled_rst.c **** /*******************************************************************************
 120:Generated_Source\PSoC5/pin_oled_rst.c **** * Function Name: pin_oled_rst_ReadDataReg
 121:Generated_Source\PSoC5/pin_oled_rst.c **** ****************************************************************************//**
 122:Generated_Source\PSoC5/pin_oled_rst.c **** *
 123:Generated_Source\PSoC5/pin_oled_rst.c **** * \brief Reads the associated physical port's data output register and masks 
 124:Generated_Source\PSoC5/pin_oled_rst.c **** *  the correct bits according to the width and bit position of the component 
ARM GAS  C:\Users\info\AppData\Local\Temp\ccjnVZsb.s 			page 19


 125:Generated_Source\PSoC5/pin_oled_rst.c **** *  instance. 
 126:Generated_Source\PSoC5/pin_oled_rst.c **** *
 127:Generated_Source\PSoC5/pin_oled_rst.c **** * The data output register controls the signal applied to the physical pin in 
 128:Generated_Source\PSoC5/pin_oled_rst.c **** * conjunction with the drive mode parameter. This is not the same as the 
 129:Generated_Source\PSoC5/pin_oled_rst.c **** * preferred pin_oled_rst_Read() API because the 
 130:Generated_Source\PSoC5/pin_oled_rst.c **** * pin_oled_rst_ReadDataReg() reads the data register instead of the status 
 131:Generated_Source\PSoC5/pin_oled_rst.c **** * register. For output pins this is a useful function to determine the value 
 132:Generated_Source\PSoC5/pin_oled_rst.c **** * just written to the pin.
 133:Generated_Source\PSoC5/pin_oled_rst.c **** *
 134:Generated_Source\PSoC5/pin_oled_rst.c **** * \return 
 135:Generated_Source\PSoC5/pin_oled_rst.c **** *  The current value of the data register masked and shifted into a right 
 136:Generated_Source\PSoC5/pin_oled_rst.c **** *  justified number for the component instance.
 137:Generated_Source\PSoC5/pin_oled_rst.c **** *
 138:Generated_Source\PSoC5/pin_oled_rst.c **** * \funcusage
 139:Generated_Source\PSoC5/pin_oled_rst.c **** *  \snippet pin_oled_rst_SUT.c usage_pin_oled_rst_ReadDataReg 
 140:Generated_Source\PSoC5/pin_oled_rst.c **** *******************************************************************************/
 141:Generated_Source\PSoC5/pin_oled_rst.c **** uint8 pin_oled_rst_ReadDataReg(void)
 142:Generated_Source\PSoC5/pin_oled_rst.c **** {
 326              		.loc 1 142 0
 327              		.cfi_startproc
 328              		@ args = 0, pretend = 0, frame = 0
 329              		@ frame_needed = 0, uses_anonymous_args = 0
 330              		@ link register save eliminated.
 143:Generated_Source\PSoC5/pin_oled_rst.c ****     return (pin_oled_rst_DR & pin_oled_rst_MASK) >> pin_oled_rst_SHIFT;
 331              		.loc 1 143 0
 332 0000 024B     		ldr	r3, .L11
 333 0002 1878     		ldrb	r0, [r3]	@ zero_extendqisi2
 144:Generated_Source\PSoC5/pin_oled_rst.c **** }
 334              		.loc 1 144 0
 335 0004 C0F38000 		ubfx	r0, r0, #2, #1
 336 0008 7047     		bx	lr
 337              	.L12:
 338 000a 00BF     		.align	2
 339              	.L11:
 340 000c C0510040 		.word	1073762752
 341              		.cfi_endproc
 342              	.LFE3:
 343              		.size	pin_oled_rst_ReadDataReg, .-pin_oled_rst_ReadDataReg
 344              		.text
 345              	.Letext0:
 346              		.file 2 "Generated_Source\\PSoC5\\cytypes.h"
 347              		.section	.debug_info,"",%progbits
 348              	.Ldebug_info0:
 349 0000 1D010000 		.4byte	0x11d
 350 0004 0400     		.2byte	0x4
 351 0006 00000000 		.4byte	.Ldebug_abbrev0
 352 000a 04       		.byte	0x4
 353 000b 01       		.uleb128 0x1
 354 000c 48010000 		.4byte	.LASF20
 355 0010 0C       		.byte	0xc
 356 0011 00000000 		.4byte	.LASF21
 357 0015 C7000000 		.4byte	.LASF22
 358 0019 00000000 		.4byte	.Ldebug_ranges0+0
 359 001d 00000000 		.4byte	0
 360 0021 00000000 		.4byte	.Ldebug_line0
 361 0025 02       		.uleb128 0x2
 362 0026 01       		.byte	0x1
ARM GAS  C:\Users\info\AppData\Local\Temp\ccjnVZsb.s 			page 20


 363 0027 06       		.byte	0x6
 364 0028 27020000 		.4byte	.LASF0
 365 002c 02       		.uleb128 0x2
 366 002d 01       		.byte	0x1
 367 002e 08       		.byte	0x8
 368 002f 69000000 		.4byte	.LASF1
 369 0033 02       		.uleb128 0x2
 370 0034 02       		.byte	0x2
 371 0035 05       		.byte	0x5
 372 0036 F4010000 		.4byte	.LASF2
 373 003a 02       		.uleb128 0x2
 374 003b 02       		.byte	0x2
 375 003c 07       		.byte	0x7
 376 003d 8E000000 		.4byte	.LASF3
 377 0041 02       		.uleb128 0x2
 378 0042 04       		.byte	0x4
 379 0043 05       		.byte	0x5
 380 0044 1E020000 		.4byte	.LASF4
 381 0048 02       		.uleb128 0x2
 382 0049 04       		.byte	0x4
 383 004a 07       		.byte	0x7
 384 004b 7C000000 		.4byte	.LASF5
 385 004f 02       		.uleb128 0x2
 386 0050 08       		.byte	0x8
 387 0051 05       		.byte	0x5
 388 0052 E1010000 		.4byte	.LASF6
 389 0056 02       		.uleb128 0x2
 390 0057 08       		.byte	0x8
 391 0058 07       		.byte	0x7
 392 0059 31010000 		.4byte	.LASF7
 393 005d 03       		.uleb128 0x3
 394 005e 04       		.byte	0x4
 395 005f 05       		.byte	0x5
 396 0060 696E7400 		.ascii	"int\000"
 397 0064 02       		.uleb128 0x2
 398 0065 04       		.byte	0x4
 399 0066 07       		.byte	0x7
 400 0067 BA000000 		.4byte	.LASF8
 401 006b 04       		.uleb128 0x4
 402 006c 18020000 		.4byte	.LASF12
 403 0070 02       		.byte	0x2
 404 0071 E401     		.2byte	0x1e4
 405 0073 2C000000 		.4byte	0x2c
 406 0077 02       		.uleb128 0x2
 407 0078 04       		.byte	0x4
 408 0079 04       		.byte	0x4
 409 007a 50000000 		.4byte	.LASF9
 410 007e 02       		.uleb128 0x2
 411 007f 08       		.byte	0x8
 412 0080 04       		.byte	0x4
 413 0081 B3000000 		.4byte	.LASF10
 414 0085 02       		.uleb128 0x2
 415 0086 01       		.byte	0x1
 416 0087 08       		.byte	0x8
 417 0088 EF010000 		.4byte	.LASF11
 418 008c 04       		.uleb128 0x4
 419 008d 77000000 		.4byte	.LASF13
ARM GAS  C:\Users\info\AppData\Local\Temp\ccjnVZsb.s 			page 21


 420 0091 02       		.byte	0x2
 421 0092 8E02     		.2byte	0x28e
 422 0094 98000000 		.4byte	0x98
 423 0098 05       		.uleb128 0x5
 424 0099 6B000000 		.4byte	0x6b
 425 009d 06       		.uleb128 0x6
 426 009e 56000000 		.4byte	.LASF14
 427 00a2 01       		.byte	0x1
 428 00a3 39       		.byte	0x39
 429 00a4 00000000 		.4byte	.LFB0
 430 00a8 18000000 		.4byte	.LFE0-.LFB0
 431 00ac 01       		.uleb128 0x1
 432 00ad 9C       		.byte	0x9c
 433 00ae D1000000 		.4byte	0xd1
 434 00b2 07       		.uleb128 0x7
 435 00b3 26000000 		.4byte	.LASF16
 436 00b7 01       		.byte	0x1
 437 00b8 39       		.byte	0x39
 438 00b9 6B000000 		.4byte	0x6b
 439 00bd 00000000 		.4byte	.LLST0
 440 00c1 08       		.uleb128 0x8
 441 00c2 2C000000 		.4byte	.LASF23
 442 00c6 01       		.byte	0x1
 443 00c7 3B       		.byte	0x3b
 444 00c8 6B000000 		.4byte	0x6b
 445 00cc 21000000 		.4byte	.LLST1
 446 00d0 00       		.byte	0
 447 00d1 06       		.uleb128 0x6
 448 00d2 FE010000 		.4byte	.LASF15
 449 00d6 01       		.byte	0x1
 450 00d7 5A       		.byte	0x5a
 451 00d8 00000000 		.4byte	.LFB1
 452 00dc 18000000 		.4byte	.LFE1-.LFB1
 453 00e0 01       		.uleb128 0x1
 454 00e1 9C       		.byte	0x9c
 455 00e2 F6000000 		.4byte	0xf6
 456 00e6 07       		.uleb128 0x7
 457 00e7 DC010000 		.4byte	.LASF17
 458 00eb 01       		.byte	0x1
 459 00ec 5A       		.byte	0x5a
 460 00ed 6B000000 		.4byte	0x6b
 461 00f1 39000000 		.4byte	.LLST2
 462 00f5 00       		.byte	0
 463 00f6 09       		.uleb128 0x9
 464 00f7 A1000000 		.4byte	.LASF18
 465 00fb 01       		.byte	0x1
 466 00fc 71       		.byte	0x71
 467 00fd 6B000000 		.4byte	0x6b
 468 0101 00000000 		.4byte	.LFB2
 469 0105 10000000 		.4byte	.LFE2-.LFB2
 470 0109 01       		.uleb128 0x1
 471 010a 9C       		.byte	0x9c
 472 010b 09       		.uleb128 0x9
 473 010c 37000000 		.4byte	.LASF19
 474 0110 01       		.byte	0x1
 475 0111 8D       		.byte	0x8d
 476 0112 6B000000 		.4byte	0x6b
ARM GAS  C:\Users\info\AppData\Local\Temp\ccjnVZsb.s 			page 22


 477 0116 00000000 		.4byte	.LFB3
 478 011a 10000000 		.4byte	.LFE3-.LFB3
 479 011e 01       		.uleb128 0x1
 480 011f 9C       		.byte	0x9c
 481 0120 00       		.byte	0
 482              		.section	.debug_abbrev,"",%progbits
 483              	.Ldebug_abbrev0:
 484 0000 01       		.uleb128 0x1
 485 0001 11       		.uleb128 0x11
 486 0002 01       		.byte	0x1
 487 0003 25       		.uleb128 0x25
 488 0004 0E       		.uleb128 0xe
 489 0005 13       		.uleb128 0x13
 490 0006 0B       		.uleb128 0xb
 491 0007 03       		.uleb128 0x3
 492 0008 0E       		.uleb128 0xe
 493 0009 1B       		.uleb128 0x1b
 494 000a 0E       		.uleb128 0xe
 495 000b 55       		.uleb128 0x55
 496 000c 17       		.uleb128 0x17
 497 000d 11       		.uleb128 0x11
 498 000e 01       		.uleb128 0x1
 499 000f 10       		.uleb128 0x10
 500 0010 17       		.uleb128 0x17
 501 0011 00       		.byte	0
 502 0012 00       		.byte	0
 503 0013 02       		.uleb128 0x2
 504 0014 24       		.uleb128 0x24
 505 0015 00       		.byte	0
 506 0016 0B       		.uleb128 0xb
 507 0017 0B       		.uleb128 0xb
 508 0018 3E       		.uleb128 0x3e
 509 0019 0B       		.uleb128 0xb
 510 001a 03       		.uleb128 0x3
 511 001b 0E       		.uleb128 0xe
 512 001c 00       		.byte	0
 513 001d 00       		.byte	0
 514 001e 03       		.uleb128 0x3
 515 001f 24       		.uleb128 0x24
 516 0020 00       		.byte	0
 517 0021 0B       		.uleb128 0xb
 518 0022 0B       		.uleb128 0xb
 519 0023 3E       		.uleb128 0x3e
 520 0024 0B       		.uleb128 0xb
 521 0025 03       		.uleb128 0x3
 522 0026 08       		.uleb128 0x8
 523 0027 00       		.byte	0
 524 0028 00       		.byte	0
 525 0029 04       		.uleb128 0x4
 526 002a 16       		.uleb128 0x16
 527 002b 00       		.byte	0
 528 002c 03       		.uleb128 0x3
 529 002d 0E       		.uleb128 0xe
 530 002e 3A       		.uleb128 0x3a
 531 002f 0B       		.uleb128 0xb
 532 0030 3B       		.uleb128 0x3b
 533 0031 05       		.uleb128 0x5
ARM GAS  C:\Users\info\AppData\Local\Temp\ccjnVZsb.s 			page 23


 534 0032 49       		.uleb128 0x49
 535 0033 13       		.uleb128 0x13
 536 0034 00       		.byte	0
 537 0035 00       		.byte	0
 538 0036 05       		.uleb128 0x5
 539 0037 35       		.uleb128 0x35
 540 0038 00       		.byte	0
 541 0039 49       		.uleb128 0x49
 542 003a 13       		.uleb128 0x13
 543 003b 00       		.byte	0
 544 003c 00       		.byte	0
 545 003d 06       		.uleb128 0x6
 546 003e 2E       		.uleb128 0x2e
 547 003f 01       		.byte	0x1
 548 0040 3F       		.uleb128 0x3f
 549 0041 19       		.uleb128 0x19
 550 0042 03       		.uleb128 0x3
 551 0043 0E       		.uleb128 0xe
 552 0044 3A       		.uleb128 0x3a
 553 0045 0B       		.uleb128 0xb
 554 0046 3B       		.uleb128 0x3b
 555 0047 0B       		.uleb128 0xb
 556 0048 27       		.uleb128 0x27
 557 0049 19       		.uleb128 0x19
 558 004a 11       		.uleb128 0x11
 559 004b 01       		.uleb128 0x1
 560 004c 12       		.uleb128 0x12
 561 004d 06       		.uleb128 0x6
 562 004e 40       		.uleb128 0x40
 563 004f 18       		.uleb128 0x18
 564 0050 9742     		.uleb128 0x2117
 565 0052 19       		.uleb128 0x19
 566 0053 01       		.uleb128 0x1
 567 0054 13       		.uleb128 0x13
 568 0055 00       		.byte	0
 569 0056 00       		.byte	0
 570 0057 07       		.uleb128 0x7
 571 0058 05       		.uleb128 0x5
 572 0059 00       		.byte	0
 573 005a 03       		.uleb128 0x3
 574 005b 0E       		.uleb128 0xe
 575 005c 3A       		.uleb128 0x3a
 576 005d 0B       		.uleb128 0xb
 577 005e 3B       		.uleb128 0x3b
 578 005f 0B       		.uleb128 0xb
 579 0060 49       		.uleb128 0x49
 580 0061 13       		.uleb128 0x13
 581 0062 02       		.uleb128 0x2
 582 0063 17       		.uleb128 0x17
 583 0064 00       		.byte	0
 584 0065 00       		.byte	0
 585 0066 08       		.uleb128 0x8
 586 0067 34       		.uleb128 0x34
 587 0068 00       		.byte	0
 588 0069 03       		.uleb128 0x3
 589 006a 0E       		.uleb128 0xe
 590 006b 3A       		.uleb128 0x3a
ARM GAS  C:\Users\info\AppData\Local\Temp\ccjnVZsb.s 			page 24


 591 006c 0B       		.uleb128 0xb
 592 006d 3B       		.uleb128 0x3b
 593 006e 0B       		.uleb128 0xb
 594 006f 49       		.uleb128 0x49
 595 0070 13       		.uleb128 0x13
 596 0071 02       		.uleb128 0x2
 597 0072 17       		.uleb128 0x17
 598 0073 00       		.byte	0
 599 0074 00       		.byte	0
 600 0075 09       		.uleb128 0x9
 601 0076 2E       		.uleb128 0x2e
 602 0077 00       		.byte	0
 603 0078 3F       		.uleb128 0x3f
 604 0079 19       		.uleb128 0x19
 605 007a 03       		.uleb128 0x3
 606 007b 0E       		.uleb128 0xe
 607 007c 3A       		.uleb128 0x3a
 608 007d 0B       		.uleb128 0xb
 609 007e 3B       		.uleb128 0x3b
 610 007f 0B       		.uleb128 0xb
 611 0080 27       		.uleb128 0x27
 612 0081 19       		.uleb128 0x19
 613 0082 49       		.uleb128 0x49
 614 0083 13       		.uleb128 0x13
 615 0084 11       		.uleb128 0x11
 616 0085 01       		.uleb128 0x1
 617 0086 12       		.uleb128 0x12
 618 0087 06       		.uleb128 0x6
 619 0088 40       		.uleb128 0x40
 620 0089 18       		.uleb128 0x18
 621 008a 9742     		.uleb128 0x2117
 622 008c 19       		.uleb128 0x19
 623 008d 00       		.byte	0
 624 008e 00       		.byte	0
 625 008f 00       		.byte	0
 626              		.section	.debug_loc,"",%progbits
 627              	.Ldebug_loc0:
 628              	.LLST0:
 629 0000 00000000 		.4byte	.LVL0
 630 0004 04000000 		.4byte	.LVL1
 631 0008 0100     		.2byte	0x1
 632 000a 50       		.byte	0x50
 633 000b 04000000 		.4byte	.LVL1
 634 000f 18000000 		.4byte	.LFE0
 635 0013 0400     		.2byte	0x4
 636 0015 F3       		.byte	0xf3
 637 0016 01       		.uleb128 0x1
 638 0017 50       		.byte	0x50
 639 0018 9F       		.byte	0x9f
 640 0019 00000000 		.4byte	0
 641 001d 00000000 		.4byte	0
 642              	.LLST1:
 643 0021 06000000 		.4byte	.LVL2
 644 0025 0E000000 		.4byte	.LVL3
 645 0029 0600     		.2byte	0x6
 646 002b 73       		.byte	0x73
 647 002c 00       		.sleb128 0
ARM GAS  C:\Users\info\AppData\Local\Temp\ccjnVZsb.s 			page 25


 648 002d 09       		.byte	0x9
 649 002e FB       		.byte	0xfb
 650 002f 1A       		.byte	0x1a
 651 0030 9F       		.byte	0x9f
 652 0031 00000000 		.4byte	0
 653 0035 00000000 		.4byte	0
 654              	.LLST2:
 655 0039 00000000 		.4byte	.LVL4
 656 003d 06000000 		.4byte	.LVL5
 657 0041 0100     		.2byte	0x1
 658 0043 50       		.byte	0x50
 659 0044 06000000 		.4byte	.LVL5
 660 0048 18000000 		.4byte	.LFE1
 661 004c 0400     		.2byte	0x4
 662 004e F3       		.byte	0xf3
 663 004f 01       		.uleb128 0x1
 664 0050 50       		.byte	0x50
 665 0051 9F       		.byte	0x9f
 666 0052 00000000 		.4byte	0
 667 0056 00000000 		.4byte	0
 668              		.section	.debug_aranges,"",%progbits
 669 0000 34000000 		.4byte	0x34
 670 0004 0200     		.2byte	0x2
 671 0006 00000000 		.4byte	.Ldebug_info0
 672 000a 04       		.byte	0x4
 673 000b 00       		.byte	0
 674 000c 0000     		.2byte	0
 675 000e 0000     		.2byte	0
 676 0010 00000000 		.4byte	.LFB0
 677 0014 18000000 		.4byte	.LFE0-.LFB0
 678 0018 00000000 		.4byte	.LFB1
 679 001c 18000000 		.4byte	.LFE1-.LFB1
 680 0020 00000000 		.4byte	.LFB2
 681 0024 10000000 		.4byte	.LFE2-.LFB2
 682 0028 00000000 		.4byte	.LFB3
 683 002c 10000000 		.4byte	.LFE3-.LFB3
 684 0030 00000000 		.4byte	0
 685 0034 00000000 		.4byte	0
 686              		.section	.debug_ranges,"",%progbits
 687              	.Ldebug_ranges0:
 688 0000 00000000 		.4byte	.LFB0
 689 0004 18000000 		.4byte	.LFE0
 690 0008 00000000 		.4byte	.LFB1
 691 000c 18000000 		.4byte	.LFE1
 692 0010 00000000 		.4byte	.LFB2
 693 0014 10000000 		.4byte	.LFE2
 694 0018 00000000 		.4byte	.LFB3
 695 001c 10000000 		.4byte	.LFE3
 696 0020 00000000 		.4byte	0
 697 0024 00000000 		.4byte	0
 698              		.section	.debug_line,"",%progbits
 699              	.Ldebug_line0:
 700 0000 97000000 		.section	.debug_str,"MS",%progbits,1
 700      02004900 
 700      00000201 
 700      FB0E0D00 
 700      01010101 
ARM GAS  C:\Users\info\AppData\Local\Temp\ccjnVZsb.s 			page 26


 701              	.LASF21:
 702 0000 47656E65 		.ascii	"Generated_Source\\PSoC5\\pin_oled_rst.c\000"
 702      72617465 
 702      645F536F 
 702      75726365 
 702      5C50536F 
 703              	.LASF16:
 704 0026 76616C75 		.ascii	"value\000"
 704      6500
 705              	.LASF23:
 706 002c 73746174 		.ascii	"staticBits\000"
 706      69634269 
 706      747300
 707              	.LASF19:
 708 0037 70696E5F 		.ascii	"pin_oled_rst_ReadDataReg\000"
 708      6F6C6564 
 708      5F727374 
 708      5F526561 
 708      64446174 
 709              	.LASF9:
 710 0050 666C6F61 		.ascii	"float\000"
 710      7400
 711              	.LASF14:
 712 0056 70696E5F 		.ascii	"pin_oled_rst_Write\000"
 712      6F6C6564 
 712      5F727374 
 712      5F577269 
 712      746500
 713              	.LASF1:
 714 0069 756E7369 		.ascii	"unsigned char\000"
 714      676E6564 
 714      20636861 
 714      7200
 715              	.LASF13:
 716 0077 72656738 		.ascii	"reg8\000"
 716      00
 717              	.LASF5:
 718 007c 6C6F6E67 		.ascii	"long unsigned int\000"
 718      20756E73 
 718      69676E65 
 718      6420696E 
 718      7400
 719              	.LASF3:
 720 008e 73686F72 		.ascii	"short unsigned int\000"
 720      7420756E 
 720      7369676E 
 720      65642069 
 720      6E7400
 721              	.LASF18:
 722 00a1 70696E5F 		.ascii	"pin_oled_rst_Read\000"
 722      6F6C6564 
 722      5F727374 
 722      5F526561 
 722      6400
 723              	.LASF10:
 724 00b3 646F7562 		.ascii	"double\000"
 724      6C6500
ARM GAS  C:\Users\info\AppData\Local\Temp\ccjnVZsb.s 			page 27


 725              	.LASF8:
 726 00ba 756E7369 		.ascii	"unsigned int\000"
 726      676E6564 
 726      20696E74 
 726      00
 727              	.LASF22:
 728 00c7 433A5C55 		.ascii	"C:\\Users\\info\\Desktop\\Spring 2019 Classes\\6.11"
 728      73657273 
 728      5C696E66 
 728      6F5C4465 
 728      736B746F 
 729 00f5 355C362E 		.ascii	"5\\6.115-final\\PSoCCreator\\Final Project\\FinalEm"
 729      3131352D 
 729      66696E61 
 729      6C5C5053 
 729      6F434372 
 730 0124 756C6174 		.ascii	"ulator.cydsn\000"
 730      6F722E63 
 730      7964736E 
 730      00
 731              	.LASF7:
 732 0131 6C6F6E67 		.ascii	"long long unsigned int\000"
 732      206C6F6E 
 732      6720756E 
 732      7369676E 
 732      65642069 
 733              	.LASF20:
 734 0148 474E5520 		.ascii	"GNU C11 5.4.1 20160609 (release) [ARM/embedded-5-br"
 734      43313120 
 734      352E342E 
 734      31203230 
 734      31363036 
 735 017b 616E6368 		.ascii	"anch revision 237715] -mcpu=cortex-m3 -mthumb -g -O"
 735      20726576 
 735      6973696F 
 735      6E203233 
 735      37373135 
 736 01ae 73202D66 		.ascii	"s -ffunction-sections -ffat-lto-objects -flto\000"
 736      66756E63 
 736      74696F6E 
 736      2D736563 
 736      74696F6E 
 737              	.LASF17:
 738 01dc 6D6F6465 		.ascii	"mode\000"
 738      00
 739              	.LASF6:
 740 01e1 6C6F6E67 		.ascii	"long long int\000"
 740      206C6F6E 
 740      6720696E 
 740      7400
 741              	.LASF11:
 742 01ef 63686172 		.ascii	"char\000"
 742      00
 743              	.LASF2:
 744 01f4 73686F72 		.ascii	"short int\000"
 744      7420696E 
 744      7400
ARM GAS  C:\Users\info\AppData\Local\Temp\ccjnVZsb.s 			page 28


 745              	.LASF15:
 746 01fe 70696E5F 		.ascii	"pin_oled_rst_SetDriveMode\000"
 746      6F6C6564 
 746      5F727374 
 746      5F536574 
 746      44726976 
 747              	.LASF12:
 748 0218 75696E74 		.ascii	"uint8\000"
 748      3800
 749              	.LASF4:
 750 021e 6C6F6E67 		.ascii	"long int\000"
 750      20696E74 
 750      00
 751              	.LASF0:
 752 0227 7369676E 		.ascii	"signed char\000"
 752      65642063 
 752      68617200 
 753              		.comm	__gnu_lto_v1,1,1
 754              		.ident	"GCC: (GNU Tools for ARM Embedded Processors) 5.4.1 20160609 (release) [ARM/embedded-5-bran
