ARM GAS  C:\Users\info\AppData\Local\Temp\cctYUjnh.s 			page 1


   1              		.syntax unified
   2              		.cpu cortex-m3
   3              		.fpu softvfp
   4              		.eabi_attribute 20, 1
   5              		.eabi_attribute 21, 1
   6              		.eabi_attribute 23, 3
   7              		.eabi_attribute 24, 1
   8              		.eabi_attribute 25, 1
   9              		.eabi_attribute 26, 1
  10              		.eabi_attribute 30, 4
  11              		.eabi_attribute 34, 1
  12              		.eabi_attribute 18, 4
  13              		.thumb
  14              		.syntax unified
  15              		.file	"random_PM.c"
  16              		.text
  17              	.Ltext0:
  18              		.section	.gnu.lto_.profile.bf1508a7,"",%progbits
  19 0000 789C6361 		.ascii	"x\234ca`d`a`\000\2221\222\000\001;\000\200"
  19      60646061 
  19      60009231 
  19      9200013B 
  19      0080
  20              		.text
  21              		.section	.gnu.lto_.icf.bf1508a7,"",%progbits
  22 0000 789C6361 		.ascii	"x\234ca`d\000\001)\006\004`ah\370\261u\016\033S\307"
  22      60640001 
  22      29060460 
  22      6168F8B1 
  22      750E1B53 
  23 0015 EE4D7F99 		.ascii	"\356M\177\231\230\267\267\\\275\310\307r\350\342\261"
  23      98B7B75C 
  23      BDC8C772 
  23      E8E2B1
  24 0024 853C0C00 		.ascii	"\205<\014\000\240\362\013\345"
  24      A0F20BE5 
  25              		.text
  26              		.section	.gnu.lto_.jmpfuncs.bf1508a7,"",%progbits
  27 0000 789C6361 		.ascii	"x\234ca`d\000\001}\006\004`\001\021L \202\031H3\376"
  27      60640001 
  27      7D060460 
  27      01114C20 
  27      82194833 
  28 0015 6562BCDC 		.ascii	"eb\274\334|\344<\363\027\246Vf\006\306\377\214\214\313"
  28      7CE43CF3 
  28      17A65666 
  28      06C6FF8C 
  28      8CCB
  29 0027 196520F2 		.ascii	"\031e \362`\205\014\000\276\311\007w"
  29      60850C00 
  29      BEC90777 
  30              		.text
  31              		.section	.gnu.lto_.inline.bf1508a7,"",%progbits
  32 0000 789C6361 		.ascii	"x\234ca`d\000\201\022\006\004`a``\343cd`b\272\300\317"
  32      60640081 
  32      12060460 
  32      616060E3 
ARM GAS  C:\Users\info\AppData\Local\Temp\cctYUjnh.s 			page 2


  32      63646062 
  33 0017 C0B6409E 		.ascii	"\300\266@\236\011$\306\304\015\"\030\270\205\201\342"
  33      0924C6C4 
  33      0D2218B8 
  33      8581E2
  34 0026 3C7D7E70 		.ascii	"<}~pqF.\030\301\314\300!\211E\023#\204\234\340\307\302"
  34      71462E18 
  34      C1CCC021 
  34      89451323 
  34      849CE0C7 
  35 003b C001D2CC 		.ascii	"\300\001\322\314\366A\017\213f\006\000@+\011\036"
  35      F6410F8B 
  35      66060040 
  35      2B091E
  36              		.text
  37              		.section	.gnu.lto_.pureconst.bf1508a7,"",%progbits
  38 0000 789C6361 		.ascii	"x\234ca`d\340d```a\220`\222b\226`\221\000\000\002\247"
  38      6064E064 
  38      60606061 
  38      90609262 
  38      96609100 
  39 0017 007E     		.ascii	"\000~"
  40              		.text
  41              		.section	.gnu.lto_random_SaveConfig.bf1508a7,"",%progbits
  42 0000 789C654F 		.ascii	"x\234eO\277KBa\024\275\347~\376\"\012\332k\010\262\301"
  42      BF4B4261 
  42      14BDE77E 
  42      FE220ADA 
  42      6B08B2C1 
  43 0014 25A7FE82 		.ascii	"%\247\376\202\240\246@r\025D\364\215)H\316\357S{\224"
  43      A0A64072 
  43      1544F48D 
  43      2948CEEF 
  43      537B94
  44 0027 4BD4905B 		.ascii	"K\324\220[\210\223?J\252\255\267=\2441jjj(\202$\244"
  44      88933F4A 
  44      AAADB73D 
  44      A4316A6A 
  44      6A288224 
  45 003c C1A0467D 		.ascii	"\301\240F}\335\3575v\341\343|\234{\316\275\347\206\010"
  45      DDEF3576 
  45      E1E37C9C 
  45      7BCEBDE7 
  45      8608
  46 004e 642A2EB0 		.ascii	"d*.\260&\270$\017\212\300'\017D\325\030\003\346\243"
  46      26B8240F 
  46      8AC0270F 
  46      44D51803 
  46      E6A3
  47 0060 63209B61 		.ascii	"c \233a\343\207\247\214\341\341\310\345DGK\275\2767"
  47      E387A78C 
  47      E1E1C8E5 
  47      44474BBD 
  47      BE37
  48 0072 95EE7A70 		.ascii	"\225\356zp\024\221\317\301$B\007\011\022\331\333\315"
  48      1491CFC1 
  48      24420709 
ARM GAS  C:\Users\info\AppData\Local\Temp\cctYUjnh.s 			page 3


  48      12D9DBCD 
  49 0082 EC6C2172 		.ascii	"\354l!r`d+\177Mt\0211\353\256v=\355\373u\355\271\341"
  49      60642B7F 
  49      4D741131 
  49      EBAE763D 
  49      EDFB75ED 
  50 0098 F67C5891 		.ascii	"\366|X\221\243\204\235\210\302\354\372b6\250>P\367^"
  50      A3849D88 
  50      C2ECFA62 
  50      36A83E50 
  50      F75E
  51 00aa 7A6C3C75 		.ascii	"zl<u\245d\236\353~>G\355\251>\322z\321Q\354\263\230"
  51      A5649EEB 
  51      7E3E47ED 
  51      A93ED27A 
  51      D151ECB3 
  52 00bf D0832D76 		.ascii	"\320\203-vE#\324\232\355\270\021\213\262\351\014\037"
  52      4523D49A 
  52      EDB8118B 
  52      B2E90C1F 
  53 00cf A3DFECA8 		.ascii	"\243\337\354\250\020\350\2371\324\220\254\206\036\337"
  53      10E89F31 
  53      D490AC86 
  53      1EDF
  54 00dd 3FDDCDB5 		.ascii	"?\335\315\265p^\325\001\037\306\205\034\330\307r\320"
  54      705ED501 
  54      1FC6851C 
  54      D8C772D0 
  55 00ed 3CBEBD6E 		.ascii	"<\276\275n\304\222\003\023^W\034\025\301%Z\230\005\027"
  55      C4920313 
  55      5E571C15 
  55      C1255A98 
  55      0517
  56 00ff 6280A424 		.ascii	"b\200\244$\2421j\336\351\226Y\031\234=\221<\222[$\253"
  56      A2316ADE 
  56      E9965919 
  56      9C3D913C 
  56      925B24AB 
  57 0113 DB56D12A 		.ascii	"\333V\321*\347\366\255B6]\252\224\363V&\225.mnd\312"
  57      E7F6AD42 
  57      365DAA94 
  57      F3562695 
  57      2E6D6E64 
  58 0128 B962A1B4 		.ascii	"\271b\241\264\227M\355\254\347\351\027*\341s\002"
  58      974DEDAC 
  58      E7E9172A 
  58      E17302
  59              		.text
  60              		.section	.gnu.lto_random_Sleep.bf1508a7,"",%progbits
  61 0000 789C8D91 		.ascii	"x\234\215\221\317O\023A\024\307\337wfw\2734%\351\037"
  61      CF4F1341 
  61      14C7DF77 
  61      6677BB34 
  61      25E91F
  62 0013 408889F1 		.ascii	"@\210\211\361\300E\270x\304\213\211\234L\210\\1\204"
  62      C045B878 
  62      C48B899C 
ARM GAS  C:\Users\info\AppData\Local\Temp\cctYUjnh.s 			page 4


  62      4C885C31 
  62      84
  63 0024 408FD2A4 		.ascii	"@\217\322\244\321s\247lW\304Dc\202\210\230\030\216\340"
  63      D173A76C 
  63      57C44463 
  63      82889818 
  63      8EE0
  64 0036 0F6CABA0 		.ascii	"\017l\253\240\364\2664D<\020<y\252\211?\016\215\001"
  64      F4B63444 
  64      3C103C79 
  64      AA893F0E 
  64      8D01
  65 0048 0E25C2A1 		.ascii	"\016%\302\241F\272\276\267\253hb4\276dvf\337|\347\275"
  65      46BABEB7 
  65      AB686234 
  65      BE647666 
  65      DF7CE7BD 
  66 005c CF7CC722 		.ascii	"\317|\307\"\220\304MEt\212\347\263<\340\020\324\355"
  66      90C44D45 
  66      748AE7B3 
  66      3CE010D4 
  66      ED
  67 006d 6DA282AB 		.ascii	"m\242\202\253\224\236K\223IZ\255~2)\015;N[?\0276 \013"
  67      949E4B93 
  67      495AAD7E 
  67      32290D3B 
  67      4E5B3F17 
  68 0084 E382F24A 		.ascii	"\343\202\362J[6\3628TG\012\265\251FU\365,\032\216\017"
  68      5B36F238 
  68      54470AB5 
  68      A94655F5 
  68      2C1A8E0F 
  69 0098 FE6E9F59 		.ascii	"\376n\237Y\012\340k\242PE\315\010\213\350!\226}\252"
  69      0AE06BA2 
  69      5045CD08 
  69      8BE82196 
  69      7DAA
  70 00aa B4673B9D 		.ascii	"\264g;\235\242\310N\304\233X\202#D\245\213\201\011C"
  70      A2C84EC4 
  70      9B588223 
  70      44A58B81 
  70      0943
  71 00bc CF047567 		.ascii	"\317\004ug\375N\242C\221\257a\311\207\250\311:i\272"
  71      FD4EA243 
  71      91AF61C9 
  71      87A8C93A 
  71      69BA
  72 00ce AF94CCBA 		.ascii	"\257\224\314\272\201\332\327\033\355\373}r\324\323\026"
  72      81DAD71B 
  72      EDFB7D72 
  72      D4D316
  73 00dd 97BDEBD7 		.ascii	"\227\275\353\327\336$\016\224\257\025\244\313z\270;"
  73      DE240E94 
  73      AF15A4CB 
  73      7AB83B
  74 00ec 938A7FBF 		.ascii	"\223\212\177\277\274.\030Q\314o\337[\300\002\036\024"
  74      BC2E1851 
ARM GAS  C:\Users\info\AppData\Local\Temp\cctYUjnh.s 			page 5


  74      CC6FDF5B 
  74      C0021E14 
  75 00fc 8ACCA5F1 		.ascii	"\212\314\245\361\010]x\210.n\377\230\263\324\200\367"
  75      085D7888 
  75      2E6EFF98 
  75      B3D480F7 
  76 010c ED3C795A 		.ascii	"\355<yZ\305\345V66\257\271r\036\034OX\366\021\305\272"
  76      C5E55636 
  76      36AFB972 
  76      1E1C4F58 
  76      F611C5BA 
  77 0120 D71DF793 		.ascii	"\327\035\367\223\333\226\366\252\255\316X@X\226:$x\232"
  77      DB96F6AA 
  77      ADCE5840 
  77      58963A24 
  77      789A
  78 0132 E6D24C37 		.ascii	"\346\322L7y\320|W\351\020\365\357hV\204V\255\356\325"
  78      79D07C57 
  78      E910F5EF 
  78      68568456 
  78      ADEED5
  79 0145 13F92373 		.ascii	"\023\371#s\335\2304\347\246\331#I\357l\275\335H\012"
  79      DD9834E7 
  79      A6D92349 
  79      EF6CBDDD 
  79      480A
  80 0157 9E89F236 		.ascii	"\236\211\3626Jl\354S)\314\233\267\326\312\323n\357\262"
  80      4A6CEC53 
  80      29CC9BB7 
  80      D6CAD36E 
  80      EFB2
  81 0169 98662EF9 		.ascii	"\230f.\371\332A\231\231\333\221\263\250\240\227\025"
  81      DA419999 
  81      DB91B3A8 
  81      A09715
  82 0178 AB535B95 		.ascii	"\253S[\225\2444q\030\370\031\037\373\014/8|\225\022"
  82      A4347118 
  82      F8191FFB 
  82      0C2F387C 
  82      9512
  83 018a 863FBB26 		.ascii	"\206?\273&B\266\211\360\034y\366\327\215\310-j\365G"
  83      42B689F0 
  83      1C79F6D7 
  83      8DC82D6A 
  83      F547
  84 019c E4E5F7C7 		.ascii	"\344\345\367\307\344\377\213\272\362/\324\325_\250/"
  84      E4FF8BBA 
  84      F22FD4D5 
  84      5FA82F
  85 01ab 22D4633F 		.ascii	"\"\324c?\370\325\3612\262n_\331\321\273\012\364\314"
  85      F8D5F132 
  85      B26E5FD9 
  85      D1BB0AF4 
  85      CC
  86 01bc A6FA2B34 		.ascii	"\246\372+4\227\301\332\017\350\035L\006\263\003\221"
  86      97C1DA0F 
  86      E81D4C06 
ARM GAS  C:\Users\info\AppData\Local\Temp\cctYUjnh.s 			page 6


  86      B30391
  87 01cb 54A2C937 		.ascii	"T\242\3117\342\022\25489\220\231\310\344F\257d\306G"
  87      E212AC38 
  87      399099C8 
  87      E446AF64 
  87      C647
  88 01dd 86B25773 		.ascii	"\206\262Wsc\231\341\301\241\354\2713\303\271\321\211"
  88      6399E1C1 
  88      A1ECB933 
  88      C3B9D189 
  89 01ed F1ECE591 		.ascii	"\361\354\345\221\301\013\247\307\350;`\311\364d"
  89      C10BA7C7 
  89      E83B60C9 
  89      F464
  90              		.text
  91              		.section	.gnu.lto_random_RestoreConfig.bf1508a7,"",%progbits
  92 0000 789C754F 		.ascii	"x\234uO\277KBQ\030\275\347\336\347\017\244\240)\202"
  92      BF4B4251 
  92      18BDE7DE 
  92      E70FA4A0 
  92      2982
  93 0012 1C826870 		.ascii	"\034\202hp(\247\376\202\206\246@r\025L\364\215)I\315"
  93      28A7FE82 
  93      86A64072 
  93      154CF48D 
  93      2949CD
  94 0025 EFFAE352 		.ascii	"\357\372\343R.QAAC8ZY\231\264d\323C\034\002#\207h\262"
  94      2E514141 
  94      43385A59 
  94      99B464D3 
  94      431C0223 
  95 003c 211A24A4 		.ascii	"!\032$\244\301\240F}}\3675F\037\\\276\217\363\235\363"
  95      C1A0467D 
  95      7DF73546 
  95      1F5CBE8F 
  95      F39DF3
  96 004f 9D730D06 		.ascii	"\235s\015\006\246k\215\332\034\365iz\020\014|\357\221"
  96      A66B8DDA 
  96      1CF5697A 
  96      100C7CEF 
  96      91
  97 0060 B19C9F03 		.ascii	"\261\234\237\003z\220~0\213\303\3027\037r4\267{\015"
  97      7A907E30 
  97      8BC3C237 
  97      1F7234B7 
  97      7B0D
  98 0072 1EAA48AA 		.ascii	"\036\252H\252WU\335\310I5\245\004c\016w/1T\020bD{\253"
  98      5755DDC8 
  98      4935A504 
  98      630E772F 
  98      31541062 
  99 0089 8F0EC7BD 		.ascii	"\217\016\307\275EM\233\371]\342\024^mW[\265\245\343"
  99      454D9BF9 
  99      5DE2145E 
  99      6D575BB5 
  99      A5E3
 100 009b 14A4DD0D 		.ascii	"\024\244\335\015\034\337\337\300\303\231\022\204\017"
ARM GAS  C:\Users\info\AppData\Local\Temp\cctYUjnh.s 			page 7


 100      1CDFDFC0 
 100      C3991284 
 100      0F
 101 00a8 88A3DD3E 		.ascii	"\210\243\335>9\327]\364\220\277\253\277\034x\264\254"
 101      39D75DF4 
 101      90BFABBF 
 101      1C78B4AC 
 102 00b8 20B4F391 		.ascii	" \264\363\221jv|_\\\011\016\355\320h|t}\326P\356H9A"
 102      6A767C5F 
 102      5C090EED 
 102      D0687C74 
 102      7DD650EE 
 103 00cf 58894268 		.ascii	"X\211Bh\270\377\360\334\012\224q\222\223..pN\311\317"
 103      B8FFF0DC 
 103      0A947192 
 103      932E2E70 
 103      4EC9CF
 104 00e2 107497BB 		.ascii	"\020t\227\273\267\327%\177x^\011\003U\2241rC\343\002"
 104      B7D7257F 
 104      785E0903 
 104      55943172 
 104      43E302
 105 00f5 61F60E43 		.ascii	"a\366\016C;\375=\354q\310\216\341\022\026\243\030Jx"
 105      3BFD3DEC 
 105      71C88EE1 
 105      1216A318 
 105      4A78
 106 0107 895AB4F7 		.ascii	"\211Z\264\367\333\223\377\322\351(\256\210N\273\247"
 106      DB93FFD2 
 106      E928AE88 
 106      4EBBA7
 107 0116 42AB2374 		.ascii	"B\253#td\003\016PCP\353\373\310\333'\3551W\257k@\006"
 107      64030E50 
 107      4350EBFB 
 107      C8DB27ED 
 107      3157AF6B 
 108 012c F46392CD 		.ascii	"\364c\222\315.\233i3\233\3304S\361hf+\2334c\221hfi1"
 108      2E9B6933 
 108      9BD83453 
 108      F168662B 
 108      9B346391 
 109 0144 964DA453 		.ascii	"\226M\244S\231\365xde!\311~\000X\331\207."
 109      99F57864 
 109      6521C97E 
 109      0058D987 
 109      2E
 110              		.text
 111              		.section	.gnu.lto_random_Wakeup.bf1508a7,"",%progbits
 112 0000 789C754F 		.ascii	"x\234uO\277K\202Q\024\275\367\275\347\247\210JcCH\020"
 112      BF4B8251 
 112      14BDF7BD 
 112      E7A7884A 
 112      63434810 
 113 0014 0D0EE552 		.ascii	"\015\016\345R\177ACSa\271\012b\352\230\202\324\354\363"
 113      7F414353 
 113      61B90A62 
 113      EA9882D4 
ARM GAS  C:\Users\info\AppData\Local\Temp\cctYUjnh.s 			page 8


 113      ECF3
 114 0026 C747B944 		.ascii	"\307G\271DKm\341h\277\315\255\317\240\276\244\261l\252"
 114      4B6DE168 
 114      BFCDADCF 
 114      A0BEA4B1 
 114      6CAA
 115 0038 C5A51224 		.ascii	"\305\245\022$\304A\241\206\006\265\373>\203\206\350"
 115      C441A186 
 115      06B5FB3E 
 115      8386E8
 116 0047 C2E33ECE 		.ascii	"\302\343>\316=\347\236{\004 \250\312P\233\246>G\017"
 116      3DE79E7B 
 116      0420A8CA 
 116      509BA63E 
 116      470F
 117 0059 6D806CB7 		.ascii	"m\200l\267N\240\2031^\365\202t\212g?H\027G1\202\005"
 117      4EA08331 
 117      5EF58274 
 117      8A673F48 
 117      17473182 
 118 006e A2FA4807 		.ascii	"\242\372H\007B\232q\201i\374d}\206\265\255\226\301|"
 118      429A7181 
 118      69FC647D 
 118      86B5AD96 
 118      C17C
 119 0080 2549F5A2 		.ascii	"%I\365\2427W2R\037\3279\300\220Y\026\200%\364\001\321"
 119      37573252 
 119      1FD739C0 
 119      90591680 
 119      25F401D1 
 120 0094 DE2A833D 		.ascii	"\336*\203=\267\226W\264\311\321\020\017QSw\224WM9\034"
 120      B79657B4 
 120      C9D1100F 
 120      51537794 
 120      574D391C 
 121 00a8 E6A459F4 		.ascii	"\346\244Y\364\334^{4\001:'\270K\024e\327cLu\376\216"
 121      DC5E7B34 
 121      013A27B8 
 121      4B1465D7 
 121      634C75FE 
 122 00bd 39B35267 		.ascii	"9\263RgJ\244\326\031F\247aO\367\345\266\224c:gCF\022"
 122      4AA4D619 
 122      46A7614F 
 122      F7E5B694 
 122      633A6743 
 123 00d3 3CC23489 		.ascii	"<\3024\2119\2640[\355=4m\212\234\343\202\350\373z\355"
 123      39B4305B 
 123      ED3D346D 
 123      8A9CE382 
 123      E8FB7AED 
 124 00e7 D1FEC174 		.ascii	"\321\376\301t:\373\257Z\024\350^\005\267\357\237\356"
 124      3AFBAF5A 
 124      14E85E05 
 124      B7EF9FEE 
 125 00f7 9C453CC8 		.ascii	"\234E<\310H\013\267\341\011\205<\306\011k\270syQp\370"
 125      480BB7E1 
 125      09853CC6 
ARM GAS  C:\Users\info\AppData\Local\Temp\cctYUjnh.s 			page 9


 125      096BB873 
 125      795170F8 
 126 010b 6774AEE1 		.ascii	"gt\256\341)\026q`\345\3033\364\303+\346\033\271\265"
 126      29167160 
 126      E5C333F4 
 126      C32BE61B 
 126      B9B5
 127 011d 5FB372C7 		.ascii	"_\263r\307\370r+3D\300s%\007\225\203C\325k\305\270\252"
 127      F8722B33 
 127      44C07325 
 127      07958343 
 127      D56BC5B8 
 128 0132 BBFE8D41 		.ascii	"\273\376\215A[\261\374\023C\211\204\025\276\215Y\363"
 128      5BB1FC13 
 128      43898415 
 128      BE8D59F3 
 129 0142 66D912A9 		.ascii	"f\331\022\251\352RZ\202\211;\265\030O\304S\221\215x"
 129      EA525A82 
 129      893BB518 
 129      4FC45391 
 129      8D78
 130 0154 2C1C4C6E 		.ascii	",\034Ln\246\242\361P \230\\\230\017\245\"\211Xr=\034"
 130      A6A2F150 
 130      20985C98 
 130      0FA52289 
 130      58723D1C 
 131 0168 589A8DC2 		.ascii	"X\232\215\3027yn\226\""
 131      37796E96 
 131      22
 132              		.text
 133              		.section	.gnu.lto_.symbol_nodes.bf1508a7,"",%progbits
 134 0000 789C55CC 		.ascii	"x\234U\314\261\021\0021\014\005\321\225d\373|=\020@"
 134      B1110231 
 134      0C05D195 
 134      64FB7C3D 
 134      1040
 135 0012 0FF42707 		.ascii	"\017\364'\007\024@\015\314\265@BLLB\003\300\320\006"
 135      14400DCC 
 135      B540424C 
 135      4C4203C0 
 135      D006
 136 0024 0CF64548 		.ascii	"\014\366EH\311\237}\201\022\302\235~\212\303\361\306"
 136      C99F7D81 
 136      12C29D7E 
 136      8AC3F1C6 
 137 0034 984BDB41 		.ascii	"\230K\333A\316l\207\213KpU\327\010\346\026@\222\247"
 137      CE6C878B 
 137      4B7055D7 
 137      08E61640 
 137      92A7
 138 0046 15A0B5FE 		.ascii	"\025\240\265\376C\212\347\320\325K\350\311\247\320\263"
 138      438AE7D0 
 138      D54BE8C9 
 138      A7D0B3
 139 0055 D7FF3632 		.ascii	"\327\37762\313\343+\246\205\345\2631\205\327\263\247"
 139      CBE32BA6 
 139      85E5B331 
ARM GAS  C:\Users\info\AppData\Local\Temp\cctYUjnh.s 			page 10


 139      85D7B3A7 
 140 0065 55AE836D 		.ascii	"U\256\203m\342=6\031\247ug\016\347=?M\206/\314"
 140      E23D3619 
 140      A775670E 
 140      E73D3F4D 
 140      862FCC
 141              		.text
 142              		.section	.gnu.lto_.refs.bf1508a7,"",%progbits
 143 0000 789C0DC7 		.ascii	"x\234\015\307\261\015\0000\014\3030\3115rC\376\277\264"
 143      B10D0030 
 143      0CC330C9 
 143      357243FE 
 143      BFB4
 144 0012 5908B0C8 		.ascii	"Y\010\260\310\302\251I\264:\276\233\305\360\001\005"
 144      C2A949B4 
 144      3ABE9BC5 
 144      F00105
 145 0021 2C0043   		.ascii	",\000C"
 146              		.text
 147              		.section	.gnu.lto_.decls.bf1508a7,"",%progbits
 148 0000 789C8555 		.ascii	"x\234\205UkL\024W\024\2363\263<\334]\300\212i\370\261"
 148      6B4C1457 
 148      149E33B3 
 148      3CDC5DC0 
 148      8A69F8B1 
 149 0014 69A8C584 		.ascii	"i\250\305\204?\2455\244\211\277L-iM\323\264!\256\332"
 149      3FA535A4 
 149      89BF4C2D 
 149      694DD3B4 
 149      21AEDA
 150 0027 3431212B 		.ascii	"41!+L-Qw).6\376\273\210\002b\265\330\"\270Z\024\241"
 150      4C2D5177 
 150      292E36FE 
 150      BB880262 
 150      B5D822B8 
 151 003e 4550284F 		.ascii	"EP(Oy\270BG\220\365\301\243+\213\340\202\261$\330\252"
 151      79B84247 
 151      90F5C1A3 
 151      2B8BE082 
 151      B124D8AA 
 152 0052 A13450D4 		.ascii	"\2414P\324j\232v{\356\235;\314.\201\366f\317\314\234"
 152      6A9A767B 
 152      EE9D3BCC 
 152      2E81F666 
 152      CFCC9C
 153 0065 3BDFF79D 		.ascii	";\337\367\235\357\236\231\271k\020@\240\343b\204 l\300"
 153      EF9E99B9 
 153      6B1040A0 
 153      E3628420 
 153      6CC0
 154 0077 CB128C00 		.ascii	"\313\022\214\000\2160\234\333\206A\357\326\011\352X"
 154      8E309CDB 
 154      8641EFD6 
 154      09EA58
 155 0086 81D18CD1 		.ascii	"\201\321\214\321\212\321\206\321\201\341\306\350\302"
 155      8AD186D1 
 155      81E1C6E8 
ARM GAS  C:\Users\info\AppData\Local\Temp\cctYUjnh.s 			page 11


 155      C2
 156 0093 B88AD18B 		.ascii	"\270\212\321\213\321\3079^!tP^\004\327\264`\3700.c\214"
 156      D1C7395E 
 156      2174505E 
 156      04D7B460 
 156      F8302E63 
 157 00a8 600CF11A 		.ascii	"`\014\361\032\224w\013C\344x\3672Z\255\334\213\246\345"
 157      94770B43 
 157      E478F732 
 157      5AADDC8B 
 157      A6E5
 158 00ba C7185BA4 		.ascii	"\307\030[\2445\216\321\304\37171$\316\353\342\332K\351"
 158      358ED1C4 
 158      F9373124 
 158      CEEBE2DA 
 158      4BE9
 159 00cc B62DF218 		.ascii	"\266-\362\030\2547\201\241\004y\2248\276\227\257})\275"
 159      AC3781A1 
 159      04799438 
 159      BE97AF7D 
 159      29BD
 160 00de 8E457A9A 		.ascii	"\216Ez\232\247\305k\326\374up\315\345z\370\267\010\015"
 160      A7C56BD6 
 160      FC7570CD 
 160      E57AF8B7 
 160      080D
 161 00f0 871ED446 		.ascii	"\207\036\324F>\021\301b\204\000\320\374\267\316\027"
 161      3E11C162 
 161      8400D0FC 
 161      B7CE17
 162 00ff 516A4E6F 		.ascii	"QjNo\377\374\242\346\275\244:\202\243\230\020Q\324y"
 162      FFFCA2E6 
 162      BDA43A82 
 162      A3981051 
 162      D479
 163 0111 AEE353FF 		.ascii	"\256\343S\377\230$\023\005\211\276\251\213\217\015\220"
 163      98241305 
 163      89BEA98B 
 163      8F0D90
 164 0120 68ACA6B8 		.ascii	"h\254\246\270I_\343\206NBVB\035\030\341\002HP\013I\264"
 164      495FE386 
 164      4E425642 
 164      1D18E102 
 164      48500B49 
 165 0135 BCC588C7 		.ascii	"\274\305\210\307BB\016\220\331J\022\036'@\262\005\336"
 165      42420E90 
 165      D94A121E 
 165      2740B205 
 165      DE
 166 0146 B4087011 		.ascii	"\264\010p\021\022i1\212\202\032\260\300y\300I\344b\215"
 166      1269318A 
 166      821AB0C0 
 166      79C049E4 
 166      628D
 167 0158 8EA293CF 		.ascii	"\216\242\223\317b&\300\017\"\360\227J\000P\217\300B"
 167      6226C00F 
 167      22F0974A 
ARM GAS  C:\Users\info\AppData\Local\Temp\cctYUjnh.s 			page 12


 167      00508FC0 
 167      42
 168 0169 5083A578 		.ascii	"P\203\245x!\262\243\2600\265p\022\026 \374R\027c?\355"
 168      21B2A3B0 
 168      30B57012 
 168      1620FC52 
 168      17633FED 
 169 017d 1CD00613 		.ascii	"\034\320\006\023\321\325\201\223`\301\001\277f\367E"
 169      D1D58193 
 169      60C101BF 
 169      66F745
 170 018c BD00A8A9 		.ascii	"\275\000\250\251F\010\322S\355\006y\202\3205\201\326"
 170      4608D253 
 170      ED067982 
 170      D03581D6 
 171 019c D8E16F6A 		.ascii	"\330\341ojwK\311\254\371}\201?\225\030|\026\253\214"
 171      774BC9AC 
 171      F97D813F 
 171      95187C16 
 171      AB8C
 172 01ae 20D23BB3 		.ascii	" \322;\263\003\345&LW\033a%\246\323\335\256@T\\)\355"
 172      03E5264C 
 172      571B6125 
 172      A6D3DDAE 
 172      40545C29 
 173 01c3 39C923F1 		.ascii	"9\311#\361\"l{\031\032\261\201\015\330@\001\232 \016"
 173      226C7B19 
 173      1AB1810D 
 173      D840019A 
 173      200E
 174 01d5 8F3B0CAA 		.ascii	"\217;\014\252h\361\375\026\267\270\246\202L6\222\311"
 174      68F1FD16 
 174      B7B8A682 
 174      4C3692C9 
 175 01e5 D39ED74B 		.ascii	"\323\236\327K\363H\015\262\342)\012~\320\237\021^\322"
 175      F3480DB2 
 175      E2290A7E 
 175      D09F115E 
 175      D2
 176 01f6 533D4CA0 		.ascii	"S=L\240\271fX\203\314\221\221\252y\243\224\311\374L"
 176      B9665883 
 176      CC9191AA 
 176      79A394C9 
 176      FC4C
 177 0208 CFF94F45 		.ascii	"\317\371OE\241JE#Q\356z\314\304\213\032o3\215\026]\243"
 177      A14A4523 
 177      51EE7ACC 
 177      C48B1A6F 
 177      338D165D 
 178 021d 2558A395 		.ascii	"%X\243\225i\370\356W\235\024\245}L\243\340\372\241\207"
 178      69F8EE57 
 178      9D14A57D 
 178      4CA3E0FA 
 178      A187
 179 022f 66D589E2 		.ascii	"f\325\211\342/\212q\021\345\000\252\210L\345\222\256"
 179      2F8A7111 
 179      E500AA88 
ARM GAS  C:\Users\info\AppData\Local\Temp\cctYUjnh.s 			page 13


 179      4CE592AE 
 180 023f 722958A5 		.ascii	"r)X\245\215\251\214\2358\332\030.\035\001&\363uW\365"
 180      8DA98C9D 
 180      38DA182E 
 180      1D0126F3 
 180      7557F5
 181 0252 99686EC5 		.ascii	"\231hn\305u,*D\246]\227i\017\226\351`2\367|\243\355"
 181      752C2A44 
 181      A65D9769 
 181      0F96E960 
 181      32F77CA3 
 182 0267 92E45265 		.ascii	"\222\344Re\312\213\253.\230\202{H_Z\275\211\227C\232"
 182      CA8BAB2E 
 182      98827B48 
 182      5F5ABD89 
 182      97439A
 183 027a F8475145 		.ascii	"\370GQE\263\211Z\307\227\374t\277\275\251*_Ie\030\350"
 183      B3895AC7 
 183      97FC74BF 
 183      BDA92A5F 
 183      496518E8 
 184 028e D42B76B2 		.ascii	"\324+v\262\212x\341f\325*g\216\270c$\217Z\355wWMu\270"
 184      8A78E166 
 184      D52A678E 
 184      B863248F 
 184      5AED7757 
 185 02a5 2AA03CCD 		.ascii	"*\240<\315\227\\\244G5|E\247_\321\350]\214\376\250\274"
 185      975CA447 
 185      357C45A7 
 185      5FD1E85D 
 185      8CFEA8BC 
 186 02b9 E9AB0869 		.ascii	"\351\253\010iX\245\377Rvv:\334\200\337 s\211\256pn\250"
 186      58A5FF52 
 186      76763ADC 
 186      80DF2073 
 186      89AE706E 
 187 02ce C43F0CCB 		.ascii	"\304?\014\313\276\004\012\363\377#\360\005\370\275\307"
 187      BE040AF3 
 187      FF23F005 
 187      F8BDC7
 188 02dd 8A255EDF 		.ascii	"\212%^\337E{\217\365\021\002\335z\375n\255\376UV\277"
 188      457B8FF5 
 188      1102DD7A 
 188      FD6EADFE 
 188      5556BF
 189 02f0 F04EE059 		.ascii	"\360N\340Y\244\364P\255\237\177\256\341\222\231\323"
 189      A4F450AD 
 189      9F7FAEE1 
 189      9299D3
 190 02ff BB0AA216 		.ascii	"\273\012\242\026\350=:\275G\243\3672z\371\223\366\274"
 190      E83D3ABD 
 190      47A3F732 
 190      7AF993F6 
 190      BC
 191 0310 70E9B94A 		.ascii	"p\351\271J\237=\322V\022\303\351sA\253\277\246\323\257"
 191      9F3DD256 
 191      12C3E973 
ARM GAS  C:\Users\info\AppData\Local\Temp\cctYUjnh.s 			page 14


 191      41ABBFA6 
 191      D3AF
 192 0322 69F43E46 		.ascii	"i\364>F\257\377\316;/J\371\"\243\367\224\336\0331K%"
 192      AFFFCE3B 
 192      2F4AF922 
 192      A3F794DE 
 192      1B314B25 
 193 0336 6A72D537 		.ascii	"jr\32573`\224*Xb(\035/\372\004\022\022\022c+\351\356"
 193      3360942A 
 193      5862281D 
 193      2FFA0412 
 193      1212632B 
 194 034c A28CED29 		.ascii	"\242\214\355)#J\256\304\232t\035\265\007 V\333k\336"
 194      234AAEC4 
 194      9A741DB5 
 194      072056DB 
 194      6BDE
 195 035e A04D5947 		.ascii	"\240MYGwN\025\372W=\350\330\033K`\223)\226mk\212O&$"
 195      774E15FA 
 195      573DE8D8 
 195      1B4B6093 
 195      29966D6B 
 196 0376 920204EE 		.ascii	"\222\002\004\356\226\216\343lgT\010\201\317\205\240"
 196      968EE36C 
 196      67540881 
 196      CF85A0
 197 0385 BE531904 		.ascii	"\276S\031\004A?\356m7!\001nA\202\366y\327?\350~d\222"
 197      413FEE6D 
 197      3721016E 
 197      4182F679 
 197      D73FE87E 
 198 039b BE67CEC5 		.ascii	"\276g\316\305\316\363\005s\221\020\233\270\244\014\374"
 198      CEF30573 
 198      91109BB8 
 198      A40CFC
 199 03aa 84ECE594 		.ascii	"\204\354\345\224TOg=@M\015!hP\357\"\365\310j\005|_>"
 199      544F673D 
 199      404D0D21 
 199      6850EF22 
 199      F5C86A05 
 200 03c1 5DB1B68A 		.ascii	"]\261\266\212T \264\335\363J.\351\31150\260G\005\007"
 200      5420B4DD 
 200      F34A2EE9 
 200      C93530B0 
 200      470507
 201 03d4 39F6D0CE 		.ascii	"9\366\320\316\203\027\326\"\355\366\301\306o%u\3331"
 201      8317D622 
 201      EDF6C1C6 
 201      6F2575DB 
 201      31
 202 03e5 603A3778 		.ascii	"`:7xj*Z\335v\3421=\3321\374\205\271\210\266\2578\217"
 202      6A2A5ADD 
 202      76E2313D 
 202      DA31FC85 
 202      B988B6AF 
 203 03fb ACBA11CD 		.ascii	"\254\272\021\315>\200a\024\272\315\204|`fO\020\317\010"
 203      3E806114 
ARM GAS  C:\Users\info\AppData\Local\Temp\cctYUjnh.s 			page 15


 203      BACD847C 
 203      60664F10 
 203      CF08
 204 040d 3ED35FBD 		.ascii	">\323_\2751\004L\253\353\340\021\016\036a\340'\007\347"
 204      31044CAB 
 204      EBE0110E 
 204      1E61E027 
 204      07E7
 205 041f 47C38D85 		.ascii	"G\303\215\205\364E\376\377\277\010\304\017>>\027\210"
 205      F445FEFF 
 205      BF08C40F 
 205      3E3E1788 
 206 042f 902EABAD 		.ascii	"\220.\253\255l9\341:\021\001\306\304%\350w\227\240\363"
 206      6C39E13A 
 206      1101C6C4 
 206      25E87797 
 206      A0F3
 207 0441 BFAAE75B 		.ascii	"\277\252\347[\216\037\246\333\306\030>\377Q\275\203"
 207      8E1FA6DB 
 207      C6183EFF 
 207      51BD83
 208 0450 77C0A876 		.ascii	"w\300\250v\260\325;\323\020\026\262\000\212\324\027"
 208      B0D53BD3 
 208      1016B200 
 208      8AD417
 209 045f E0E70BF0 		.ascii	"\340\347\013\360\263\005\374Z\323R\021\035\202n\012"
 209      B305FC5A 
 209      D352111D 
 209      826E0A
 210 046e E9CD3898 		.ascii	"\351\3158\230\265\012\343\214p\370\214\273\314\034B"
 210      B50AE38C 
 210      70F88CBB 
 210      CC1C42
 211 047d 50420813 		.ascii	"PB\010\023\\\236\236#7}\2645>e\335:!,'\323\356\\\377"
 211      5C9E9E23 
 211      377DB435 
 211      3E65DD3A 
 211      212C27D3 
 212 0494 EA26D92E 		.ascii	"\352&\331.g\333\234rF\232\325\221\223\235.oO\265:R\336"
 212      67DB9C72 
 212      469AD591 
 212      939D2E6F 
 212      4FB53A52 
 213 04a9 DA9EBEDF 		.ascii	"\332\236\276\337\271?K\336\233\364\231\360R\266\315"
 213      B93F4BDE 
 213      9BF499F0 
 213      52B6CD
 214 04b8 9EE1D893 		.ascii	"\236\341\330\223f\265\355\223S\034\366O3w\276\266\014"
 214      66B5ED93 
 214      531CF64F 
 214      3377BEB6 
 214      0C
 215 04c9 8703533F 		.ascii	"\207\003S?LJ\027\314\032k\267,g\255\346\311fy\257\323"
 215      4C4A17CC 
 215      1A6BB72C 
 215      67ADE6C9 
 215      6679AFD3 
ARM GAS  C:\Users\info\AppData\Local\Temp\cctYUjnh.s 			page 16


 216 04dd 91CD55A2 		.ascii	"\221\315U\242\370\344\307\266]rN\226i\001b\313\210\377"
 216      F8E4C7B6 
 216      5D724E96 
 216      690162CB 
 216      88FF
 217 04ef 4F7DB4A4 		.ascii	"O}\264\244\201\255NG\260\266\354\264\312r\306\373\366"
 217      81AD4E47 
 217      B0B6ECB4 
 217      CA72C6FB 
 217      F6
 218 0500 4CE74A4D 		.ascii	"L\347JM;;\323)\323I\255\330\273v\333\216\335\262\226"
 218      3B3BD329 
 218      D349ADD8 
 218      BB76DB8E 
 218      DDB296
 219 0513 EDB0A5EF 		.ascii	"\355\260\245\357\302\3222\233\264:\261\242a/\2025\311"
 219      C2D2329B 
 219      B43AB1A2 
 219      612F8235 
 219      C9
 220 0524 7736A67C 		.ascii	"w6\246|\26055\315\272e\363\326\224-\206ly\347\372\177"
 220      B03535CD 
 220      BA65F3D6 
 220      942D866C 
 220      79E7FA7F 
 221 0538 0149D5C2 		.ascii	"\001I\325\302$"
 221      24
 222              		.text
 223              		.section	.gnu.lto_.symtab.bf1508a7,"",%progbits
 224 0000 72616E64 		.ascii	"random_SaveConfig\000"
 224      6F6D5F53 
 224      61766543 
 224      6F6E6669 
 224      6700
 225 0012 00       		.ascii	"\000"
 226 0013 00       		.ascii	"\000"
 227 0014 00       		.ascii	"\000"
 228 0015 00000000 		.ascii	"\000\000\000\000\000\000\000\000"
 228      00000000 
 229 001d B2000000 		.ascii	"\262\000\000\000"
 230 0021 72616E64 		.ascii	"random_Sleep\000"
 230      6F6D5F53 
 230      6C656570 
 230      00
 231 002e 00       		.ascii	"\000"
 232 002f 00       		.ascii	"\000"
 233 0030 00       		.ascii	"\000"
 234 0031 00000000 		.ascii	"\000\000\000\000\000\000\000\000"
 234      00000000 
 235 0039 B4000000 		.ascii	"\264\000\000\000"
 236 003d 72616E64 		.ascii	"random_RestoreConfig\000"
 236      6F6D5F52 
 236      6573746F 
 236      7265436F 
 236      6E666967 
 237 0052 00       		.ascii	"\000"
 238 0053 00       		.ascii	"\000"
ARM GAS  C:\Users\info\AppData\Local\Temp\cctYUjnh.s 			page 17


 239 0054 00       		.ascii	"\000"
 240 0055 00000000 		.ascii	"\000\000\000\000\000\000\000\000"
 240      00000000 
 241 005d B6000000 		.ascii	"\266\000\000\000"
 242 0061 72616E64 		.ascii	"random_Wakeup\000"
 242      6F6D5F57 
 242      616B6575 
 242      7000
 243 006f 00       		.ascii	"\000"
 244 0070 00       		.ascii	"\000"
 245 0071 00       		.ascii	"\000"
 246 0072 00000000 		.ascii	"\000\000\000\000\000\000\000\000"
 246      00000000 
 247 007a B8000000 		.ascii	"\270\000\000\000"
 248 007e 72616E64 		.ascii	"random_backup\000"
 248      6F6D5F62 
 248      61636B75 
 248      7000
 249 008c 00       		.ascii	"\000"
 250 008d 02       		.ascii	"\002"
 251 008e 00       		.ascii	"\000"
 252 008f 00000000 		.ascii	"\000\000\000\000\000\000\000\000"
 252      00000000 
 253 0097 D0000000 		.ascii	"\320\000\000\000"
 254 009b 72616E64 		.ascii	"random_Read\000"
 254      6F6D5F52 
 254      65616400 
 255 00a7 00       		.ascii	"\000"
 256 00a8 02       		.ascii	"\002"
 257 00a9 00       		.ascii	"\000"
 258 00aa 00000000 		.ascii	"\000\000\000\000\000\000\000\000"
 258      00000000 
 259 00b2 BB000000 		.ascii	"\273\000\000\000"
 260 00b6 72616E64 		.ascii	"random_Stop\000"
 260      6F6D5F53 
 260      746F7000 
 261 00c2 00       		.ascii	"\000"
 262 00c3 02       		.ascii	"\002"
 263 00c4 00       		.ascii	"\000"
 264 00c5 00000000 		.ascii	"\000\000\000\000\000\000\000\000"
 264      00000000 
 265 00cd BD000000 		.ascii	"\275\000\000\000"
 266 00d1 72616E64 		.ascii	"random_ResetSeedInit\000"
 266      6F6D5F52 
 266      65736574 
 266      53656564 
 266      496E6974 
 267 00e6 00       		.ascii	"\000"
 268 00e7 02       		.ascii	"\002"
 269 00e8 00       		.ascii	"\000"
 270 00e9 00000000 		.ascii	"\000\000\000\000\000\000\000\000"
 270      00000000 
 271 00f1 C1000000 		.ascii	"\301\000\000\000"
 272 00f5 72616E64 		.ascii	"random_WriteSeed\000"
 272      6F6D5F57 
 272      72697465 
 272      53656564 
ARM GAS  C:\Users\info\AppData\Local\Temp\cctYUjnh.s 			page 18


 272      00
 273 0106 00       		.ascii	"\000"
 274 0107 02       		.ascii	"\002"
 275 0108 00       		.ascii	"\000"
 276 0109 00000000 		.ascii	"\000\000\000\000\000\000\000\000"
 276      00000000 
 277 0111 C3000000 		.ascii	"\303\000\000\000"
 278 0115 72616E64 		.ascii	"random_Enable\000"
 278      6F6D5F45 
 278      6E61626C 
 278      6500
 279 0123 00       		.ascii	"\000"
 280 0124 02       		.ascii	"\002"
 281 0125 00       		.ascii	"\000"
 282 0126 00000000 		.ascii	"\000\000\000\000\000\000\000\000"
 282      00000000 
 283 012e C5000000 		.ascii	"\305\000\000\000"
 284              		.text
 285              		.section	.gnu.lto_.opts,"",%progbits
 286 0000 272D666D 		.ascii	"'-fmath-errno' '-fsigned-zeros' '-ftrapping-math' '"
 286      6174682D 
 286      6572726E 
 286      6F272027 
 286      2D667369 
 287 0033 2D666E6F 		.ascii	"-fno-trapv' '-fno-openmp' '-fno-openacc' '-mcpu=cor"
 287      2D747261 
 287      70762720 
 287      272D666E 
 287      6F2D6F70 
 288 0066 7465782D 		.ascii	"tex-m3' '-mthumb' '-g' '-Os' '-ffunction-sections' "
 288      6D332720 
 288      272D6D74 
 288      68756D62 
 288      2720272D 
 289 0099 272D6666 		.ascii	"'-ffat-lto-objects' '-flto'\000"
 289      61742D6C 
 289      746F2D6F 
 289      626A6563 
 289      74732720 
 290              		.text
 291              		.cfi_sections	.debug_frame
 292              		.section	.text.random_SaveConfig,"ax",%progbits
 293              		.align	1
 294              		.global	random_SaveConfig
 295              		.thumb
 296              		.thumb_func
 297              		.type	random_SaveConfig, %function
 298              	random_SaveConfig:
 299              	.LFB0:
 300              		.file 1 "Generated_Source\\PSoC5\\random_PM.c"
   1:Generated_Source\PSoC5/random_PM.c **** /*******************************************************************************
   2:Generated_Source\PSoC5/random_PM.c **** * File Name: random_PM.c
   3:Generated_Source\PSoC5/random_PM.c **** * Version 2.40
   4:Generated_Source\PSoC5/random_PM.c **** *
   5:Generated_Source\PSoC5/random_PM.c **** * Description:
   6:Generated_Source\PSoC5/random_PM.c **** *  This file provides Sleep APIs for PRS component.
   7:Generated_Source\PSoC5/random_PM.c **** *
ARM GAS  C:\Users\info\AppData\Local\Temp\cctYUjnh.s 			page 19


   8:Generated_Source\PSoC5/random_PM.c **** * Note:
   9:Generated_Source\PSoC5/random_PM.c **** *  None
  10:Generated_Source\PSoC5/random_PM.c **** *
  11:Generated_Source\PSoC5/random_PM.c **** ********************************************************************************
  12:Generated_Source\PSoC5/random_PM.c **** * Copyright 2008-2013, Cypress Semiconductor Corporation.  All rights reserved.
  13:Generated_Source\PSoC5/random_PM.c **** * You may use this file only in accordance with the license, terms, conditions, 
  14:Generated_Source\PSoC5/random_PM.c **** * disclaimers, and limitations in the end user license agreement accompanying 
  15:Generated_Source\PSoC5/random_PM.c **** * the software package with which this file was provided.
  16:Generated_Source\PSoC5/random_PM.c **** *******************************************************************************/
  17:Generated_Source\PSoC5/random_PM.c **** 
  18:Generated_Source\PSoC5/random_PM.c **** #include "random.h"
  19:Generated_Source\PSoC5/random_PM.c **** 
  20:Generated_Source\PSoC5/random_PM.c **** #if ((random_TIME_MULTIPLEXING_ENABLE) && (random_WAKEUP_BEHAVIOUR == random__RESUMEWORK))
  21:Generated_Source\PSoC5/random_PM.c ****     uint8 random_sleepState = random_NORMAL_SEQUENCE;    
  22:Generated_Source\PSoC5/random_PM.c **** #endif  /* End ((random_TIME_MULTIPLEXING_ENABLE) && 
  23:Generated_Source\PSoC5/random_PM.c ****           (random_WAKEUP_BEHAVIOUR == random__RESUMEWORK)) */
  24:Generated_Source\PSoC5/random_PM.c **** 
  25:Generated_Source\PSoC5/random_PM.c **** 
  26:Generated_Source\PSoC5/random_PM.c **** /*******************************************************************************
  27:Generated_Source\PSoC5/random_PM.c **** * Function Name: random_SaveConfig
  28:Generated_Source\PSoC5/random_PM.c **** ********************************************************************************
  29:Generated_Source\PSoC5/random_PM.c **** *
  30:Generated_Source\PSoC5/random_PM.c **** * Summary:
  31:Generated_Source\PSoC5/random_PM.c **** *  Saves seed and polynomial registers.
  32:Generated_Source\PSoC5/random_PM.c **** *
  33:Generated_Source\PSoC5/random_PM.c **** * Parameters:
  34:Generated_Source\PSoC5/random_PM.c **** *  void
  35:Generated_Source\PSoC5/random_PM.c **** *
  36:Generated_Source\PSoC5/random_PM.c **** * Return:
  37:Generated_Source\PSoC5/random_PM.c **** *  void
  38:Generated_Source\PSoC5/random_PM.c **** *
  39:Generated_Source\PSoC5/random_PM.c **** * Global Variables:
  40:Generated_Source\PSoC5/random_PM.c **** *  random_backup - modified when non-retention registers are saved.
  41:Generated_Source\PSoC5/random_PM.c **** *
  42:Generated_Source\PSoC5/random_PM.c **** *******************************************************************************/
  43:Generated_Source\PSoC5/random_PM.c **** void random_SaveConfig(void) 
  44:Generated_Source\PSoC5/random_PM.c **** {    
 301              		.loc 1 44 0
 302              		.cfi_startproc
 303              		@ args = 0, pretend = 0, frame = 0
 304              		@ frame_needed = 0, uses_anonymous_args = 0
 305 0000 08B5     		push	{r3, lr}
 306              		.cfi_def_cfa_offset 8
 307              		.cfi_offset 3, -8
 308              		.cfi_offset 14, -4
  45:Generated_Source\PSoC5/random_PM.c ****     #if (random_WAKEUP_BEHAVIOUR == random__RESUMEWORK)
  46:Generated_Source\PSoC5/random_PM.c ****         /* Save dff register for time mult */
  47:Generated_Source\PSoC5/random_PM.c ****         #if (random_TIME_MULTIPLEXING_ENABLE)
  48:Generated_Source\PSoC5/random_PM.c ****             random_backup.dffStatus = random_STATUS;
  49:Generated_Source\PSoC5/random_PM.c ****             /* Clear normal dff sequence set */
  50:Generated_Source\PSoC5/random_PM.c ****             random_sleepState &= ((uint8)~random_NORMAL_SEQUENCE);
  51:Generated_Source\PSoC5/random_PM.c ****         #endif  /* End random_TIME_MULTIPLEXING_ENABLE */
  52:Generated_Source\PSoC5/random_PM.c ****         
  53:Generated_Source\PSoC5/random_PM.c ****         /* Save A0 and A1 registers */
  54:Generated_Source\PSoC5/random_PM.c ****         #if (random_PRS_SIZE <= 32u)
  55:Generated_Source\PSoC5/random_PM.c ****             random_backup.seed = random_Read();
 309              		.loc 1 55 0
ARM GAS  C:\Users\info\AppData\Local\Temp\cctYUjnh.s 			page 20


 310 0002 FFF7FEFF 		bl	random_Read
 311              	.LVL0:
 312 0006 014B     		ldr	r3, .L2
 313 0008 5870     		strb	r0, [r3, #1]
 314 000a 08BD     		pop	{r3, pc}
 315              	.L3:
 316              		.align	2
 317              	.L2:
 318 000c 00000000 		.word	random_backup
 319              		.cfi_endproc
 320              	.LFE0:
 321              		.size	random_SaveConfig, .-random_SaveConfig
 322              		.section	.text.random_Sleep,"ax",%progbits
 323              		.align	1
 324              		.global	random_Sleep
 325              		.thumb
 326              		.thumb_func
 327              		.type	random_Sleep, %function
 328              	random_Sleep:
 329              	.LFB1:
  56:Generated_Source\PSoC5/random_PM.c ****             
  57:Generated_Source\PSoC5/random_PM.c ****         #else
  58:Generated_Source\PSoC5/random_PM.c ****             random_backup.seedUpper = random_ReadUpper();
  59:Generated_Source\PSoC5/random_PM.c ****             random_backup.seedLower = random_ReadLower();
  60:Generated_Source\PSoC5/random_PM.c ****             
  61:Generated_Source\PSoC5/random_PM.c ****         #endif     /* End (random_PRS_SIZE <= 32u) */
  62:Generated_Source\PSoC5/random_PM.c ****         
  63:Generated_Source\PSoC5/random_PM.c ****     #endif  /* End (random_WAKEUP_BEHAVIOUR == random__RESUMEWORK) */
  64:Generated_Source\PSoC5/random_PM.c **** }
  65:Generated_Source\PSoC5/random_PM.c **** 
  66:Generated_Source\PSoC5/random_PM.c **** 
  67:Generated_Source\PSoC5/random_PM.c **** /*******************************************************************************
  68:Generated_Source\PSoC5/random_PM.c **** * Function Name: random_Sleep
  69:Generated_Source\PSoC5/random_PM.c **** ********************************************************************************
  70:Generated_Source\PSoC5/random_PM.c **** *
  71:Generated_Source\PSoC5/random_PM.c **** * Summary:
  72:Generated_Source\PSoC5/random_PM.c **** *  Stops PRS computation and saves PRS configuration.
  73:Generated_Source\PSoC5/random_PM.c **** *
  74:Generated_Source\PSoC5/random_PM.c **** * Parameters:
  75:Generated_Source\PSoC5/random_PM.c **** *  void
  76:Generated_Source\PSoC5/random_PM.c **** *
  77:Generated_Source\PSoC5/random_PM.c **** * Return:
  78:Generated_Source\PSoC5/random_PM.c **** *  void
  79:Generated_Source\PSoC5/random_PM.c **** *
  80:Generated_Source\PSoC5/random_PM.c **** * Global Variables:
  81:Generated_Source\PSoC5/random_PM.c **** *  random_backup - modified when non-retention registers are saved.
  82:Generated_Source\PSoC5/random_PM.c **** *
  83:Generated_Source\PSoC5/random_PM.c **** *******************************************************************************/
  84:Generated_Source\PSoC5/random_PM.c **** void random_Sleep(void) 
  85:Generated_Source\PSoC5/random_PM.c **** {
 330              		.loc 1 85 0
 331              		.cfi_startproc
 332              		@ args = 0, pretend = 0, frame = 0
 333              		@ frame_needed = 0, uses_anonymous_args = 0
 334 0000 08B5     		push	{r3, lr}
 335              		.cfi_def_cfa_offset 8
 336              		.cfi_offset 3, -8
ARM GAS  C:\Users\info\AppData\Local\Temp\cctYUjnh.s 			page 21


 337              		.cfi_offset 14, -4
  86:Generated_Source\PSoC5/random_PM.c ****     /* Store PRS enable state */
  87:Generated_Source\PSoC5/random_PM.c ****     if(random_IS_PRS_ENABLE(random_CONTROL_REG))
 338              		.loc 1 87 0
 339 0002 084B     		ldr	r3, .L8
 340 0004 084A     		ldr	r2, .L8+4
 341 0006 1B78     		ldrb	r3, [r3]	@ zero_extendqisi2
 342 0008 13F00103 		ands	r3, r3, #1
 343 000c 04D0     		beq	.L5
  88:Generated_Source\PSoC5/random_PM.c ****     {
  89:Generated_Source\PSoC5/random_PM.c ****         random_backup.enableState = 1u;
 344              		.loc 1 89 0
 345 000e 0123     		movs	r3, #1
 346 0010 1370     		strb	r3, [r2]
  90:Generated_Source\PSoC5/random_PM.c ****         random_Stop();
 347              		.loc 1 90 0
 348 0012 FFF7FEFF 		bl	random_Stop
 349              	.LVL1:
 350 0016 00E0     		b	.L6
 351              	.L5:
  91:Generated_Source\PSoC5/random_PM.c ****     }
  92:Generated_Source\PSoC5/random_PM.c ****     else
  93:Generated_Source\PSoC5/random_PM.c ****     {
  94:Generated_Source\PSoC5/random_PM.c ****         random_backup.enableState = 0u;
 352              		.loc 1 94 0
 353 0018 1370     		strb	r3, [r2]
 354              	.L6:
  95:Generated_Source\PSoC5/random_PM.c ****     }
  96:Generated_Source\PSoC5/random_PM.c ****     
  97:Generated_Source\PSoC5/random_PM.c ****     random_SaveConfig();
  98:Generated_Source\PSoC5/random_PM.c **** }
 355              		.loc 1 98 0
 356 001a BDE80840 		pop	{r3, lr}
 357              		.cfi_restore 14
 358              		.cfi_restore 3
 359              		.cfi_def_cfa_offset 0
  97:Generated_Source\PSoC5/random_PM.c **** }
 360              		.loc 1 97 0
 361 001e FFF7FEBF 		b	random_SaveConfig
 362              	.LVL2:
 363              	.L9:
 364 0022 00BF     		.align	2
 365              	.L8:
 366 0024 73640040 		.word	1073767539
 367 0028 00000000 		.word	random_backup
 368              		.cfi_endproc
 369              	.LFE1:
 370              		.size	random_Sleep, .-random_Sleep
 371              		.section	.text.random_RestoreConfig,"ax",%progbits
 372              		.align	1
 373              		.global	random_RestoreConfig
 374              		.thumb
 375              		.thumb_func
 376              		.type	random_RestoreConfig, %function
 377              	random_RestoreConfig:
 378              	.LFB2:
  99:Generated_Source\PSoC5/random_PM.c **** 
ARM GAS  C:\Users\info\AppData\Local\Temp\cctYUjnh.s 			page 22


 100:Generated_Source\PSoC5/random_PM.c **** 
 101:Generated_Source\PSoC5/random_PM.c **** /*******************************************************************************
 102:Generated_Source\PSoC5/random_PM.c **** * Function Name: random_RestoreConfig
 103:Generated_Source\PSoC5/random_PM.c **** ********************************************************************************
 104:Generated_Source\PSoC5/random_PM.c **** *
 105:Generated_Source\PSoC5/random_PM.c **** * Summary:
 106:Generated_Source\PSoC5/random_PM.c **** *  Restores seed and polynomial registers.
 107:Generated_Source\PSoC5/random_PM.c **** *
 108:Generated_Source\PSoC5/random_PM.c **** * Parameters:
 109:Generated_Source\PSoC5/random_PM.c **** *  void
 110:Generated_Source\PSoC5/random_PM.c **** *
 111:Generated_Source\PSoC5/random_PM.c **** * Return:
 112:Generated_Source\PSoC5/random_PM.c **** *  void
 113:Generated_Source\PSoC5/random_PM.c **** *
 114:Generated_Source\PSoC5/random_PM.c **** *******************************************************************************/
 115:Generated_Source\PSoC5/random_PM.c **** #if (random_WAKEUP_BEHAVIOUR == random__RESUMEWORK)
 116:Generated_Source\PSoC5/random_PM.c ****     #if (random_TIME_MULTIPLEXING_ENABLE)
 117:Generated_Source\PSoC5/random_PM.c ****         void random_RestoreConfig(void) 
 118:Generated_Source\PSoC5/random_PM.c ****         {   
 119:Generated_Source\PSoC5/random_PM.c ****             /* Restore A0 and A1 registers */
 120:Generated_Source\PSoC5/random_PM.c ****             #if (random_PRS_SIZE <= 32u)
 121:Generated_Source\PSoC5/random_PM.c ****                 random_WriteSeed(random_backup.seed);
 122:Generated_Source\PSoC5/random_PM.c ****             #else
 123:Generated_Source\PSoC5/random_PM.c ****                 random_WriteSeedUpper(random_backup.seedUpper);
 124:Generated_Source\PSoC5/random_PM.c ****                 random_WriteSeedLower(random_backup.seedLower);
 125:Generated_Source\PSoC5/random_PM.c ****             #endif  /* End (random_PRS_SIZE <= 32u) */
 126:Generated_Source\PSoC5/random_PM.c ****             
 127:Generated_Source\PSoC5/random_PM.c ****             #if (random_RUN_MODE == random__CLOCKED)
 128:Generated_Source\PSoC5/random_PM.c ****                 #if (random_PRS_SIZE <= 32u)
 129:Generated_Source\PSoC5/random_PM.c ****                     random_ResetSeedInit(random_DEFAULT_SEED);                        
 130:Generated_Source\PSoC5/random_PM.c ****                 #else
 131:Generated_Source\PSoC5/random_PM.c ****                     random_ResetSeedInitUpper(random_DEFAULT_SEED_UPPER);
 132:Generated_Source\PSoC5/random_PM.c ****                     random_ResetSeedInitLower(random_DEFAULT_SEED_LOWER); 
 133:Generated_Source\PSoC5/random_PM.c ****                 #endif  /* End (random_PRS_SIZE <= 32u) */ 
 134:Generated_Source\PSoC5/random_PM.c ****             #endif  /* End (random_RUN_MODE == random__CLOCKED) */
 135:Generated_Source\PSoC5/random_PM.c ****             
 136:Generated_Source\PSoC5/random_PM.c ****             /* Restore dff state for time mult: use async set/reest */
 137:Generated_Source\PSoC5/random_PM.c ****             /* Set CI, SI, SO, STATE0, STATE1 */
 138:Generated_Source\PSoC5/random_PM.c ****             random_CONTROL_REG = random_backup.dffStatus;
 139:Generated_Source\PSoC5/random_PM.c ****             
 140:Generated_Source\PSoC5/random_PM.c ****             /* Make pulse, to set trigger to defined state */
 141:Generated_Source\PSoC5/random_PM.c ****             random_EXECUTE_DFF_SET;
 142:Generated_Source\PSoC5/random_PM.c ****             
 143:Generated_Source\PSoC5/random_PM.c ****             /* Set normal dff sequence set */
 144:Generated_Source\PSoC5/random_PM.c ****             random_sleepState |= random_NORMAL_SEQUENCE;
 145:Generated_Source\PSoC5/random_PM.c ****         }
 146:Generated_Source\PSoC5/random_PM.c ****         
 147:Generated_Source\PSoC5/random_PM.c ****     #else
 148:Generated_Source\PSoC5/random_PM.c ****         void random_RestoreConfig(void) 
 149:Generated_Source\PSoC5/random_PM.c ****         {   
 379              		.loc 1 149 0
 380              		.cfi_startproc
 381              		@ args = 0, pretend = 0, frame = 0
 382              		@ frame_needed = 0, uses_anonymous_args = 0
 383 0000 08B5     		push	{r3, lr}
 384              		.cfi_def_cfa_offset 8
 385              		.cfi_offset 3, -8
ARM GAS  C:\Users\info\AppData\Local\Temp\cctYUjnh.s 			page 23


 386              		.cfi_offset 14, -4
 150:Generated_Source\PSoC5/random_PM.c ****             /* Restore A0 and A1 registers */
 151:Generated_Source\PSoC5/random_PM.c ****             #if (random_PRS_SIZE <= 32u)
 152:Generated_Source\PSoC5/random_PM.c ****                 random_WriteSeed(random_backup.seed);
 387              		.loc 1 152 0
 388 0002 044B     		ldr	r3, .L11
 389 0004 5878     		ldrb	r0, [r3, #1]	@ zero_extendqisi2
 390 0006 FFF7FEFF 		bl	random_WriteSeed
 391              	.LVL3:
 153:Generated_Source\PSoC5/random_PM.c ****             #else
 154:Generated_Source\PSoC5/random_PM.c ****                 random_WriteSeedUpper(random_backup.seedUpper);
 155:Generated_Source\PSoC5/random_PM.c ****                 random_WriteSeedLower(random_backup.seedLower);
 156:Generated_Source\PSoC5/random_PM.c ****             #endif  /* End (random_PRS_SIZE <= 32u) */
 157:Generated_Source\PSoC5/random_PM.c ****             
 158:Generated_Source\PSoC5/random_PM.c ****             #if (random_RUN_MODE == random__CLOCKED)
 159:Generated_Source\PSoC5/random_PM.c ****                 #if (random_PRS_SIZE <= 32u)
 160:Generated_Source\PSoC5/random_PM.c ****                     random_ResetSeedInit(random_DEFAULT_SEED);                        
 161:Generated_Source\PSoC5/random_PM.c ****                 #else
 162:Generated_Source\PSoC5/random_PM.c ****                     random_ResetSeedInitUpper(random_DEFAULT_SEED_UPPER);
 163:Generated_Source\PSoC5/random_PM.c ****                     random_ResetSeedInitLower(random_DEFAULT_SEED_LOWER); 
 164:Generated_Source\PSoC5/random_PM.c ****                 #endif  /* End (random_PRS_SIZE <= 32u) */ 
 165:Generated_Source\PSoC5/random_PM.c ****             #endif  /* End (random_RUN_MODE == random__CLOCKED) */
 166:Generated_Source\PSoC5/random_PM.c ****         }
 392              		.loc 1 166 0
 393 000a BDE80840 		pop	{r3, lr}
 394              		.cfi_restore 14
 395              		.cfi_restore 3
 396              		.cfi_def_cfa_offset 0
 160:Generated_Source\PSoC5/random_PM.c ****                 #else
 397              		.loc 1 160 0
 398 000e FF20     		movs	r0, #255
 399 0010 FFF7FEBF 		b	random_ResetSeedInit
 400              	.LVL4:
 401              	.L12:
 402              		.align	2
 403              	.L11:
 404 0014 00000000 		.word	random_backup
 405              		.cfi_endproc
 406              	.LFE2:
 407              		.size	random_RestoreConfig, .-random_RestoreConfig
 408              		.section	.text.random_Wakeup,"ax",%progbits
 409              		.align	1
 410              		.global	random_Wakeup
 411              		.thumb
 412              		.thumb_func
 413              		.type	random_Wakeup, %function
 414              	random_Wakeup:
 415              	.LFB3:
 167:Generated_Source\PSoC5/random_PM.c ****         
 168:Generated_Source\PSoC5/random_PM.c ****     #endif  /* End (random_TIME_MULTIPLEXING_ENABLE) */
 169:Generated_Source\PSoC5/random_PM.c ****     
 170:Generated_Source\PSoC5/random_PM.c **** #else
 171:Generated_Source\PSoC5/random_PM.c ****     void random_RestoreConfig(void) 
 172:Generated_Source\PSoC5/random_PM.c ****     {
 173:Generated_Source\PSoC5/random_PM.c ****         random_Init();
 174:Generated_Source\PSoC5/random_PM.c ****     }
 175:Generated_Source\PSoC5/random_PM.c ****     
ARM GAS  C:\Users\info\AppData\Local\Temp\cctYUjnh.s 			page 24


 176:Generated_Source\PSoC5/random_PM.c **** #endif  /* End (random_WAKEUP_BEHAVIOUR == random__RESUMEWORK) */
 177:Generated_Source\PSoC5/random_PM.c **** 
 178:Generated_Source\PSoC5/random_PM.c **** 
 179:Generated_Source\PSoC5/random_PM.c **** /*******************************************************************************
 180:Generated_Source\PSoC5/random_PM.c **** * Function Name: random_Wakeup
 181:Generated_Source\PSoC5/random_PM.c **** ********************************************************************************
 182:Generated_Source\PSoC5/random_PM.c **** *
 183:Generated_Source\PSoC5/random_PM.c **** * Summary:
 184:Generated_Source\PSoC5/random_PM.c **** *  Restores PRS configuration and starts PRS computation. 
 185:Generated_Source\PSoC5/random_PM.c **** *
 186:Generated_Source\PSoC5/random_PM.c **** * Parameters:
 187:Generated_Source\PSoC5/random_PM.c **** *  void
 188:Generated_Source\PSoC5/random_PM.c **** *
 189:Generated_Source\PSoC5/random_PM.c **** * Return:
 190:Generated_Source\PSoC5/random_PM.c **** *  void
 191:Generated_Source\PSoC5/random_PM.c **** *
 192:Generated_Source\PSoC5/random_PM.c **** *******************************************************************************/
 193:Generated_Source\PSoC5/random_PM.c **** #if ((random_WAKEUP_BEHAVIOUR == random__RESUMEWORK) && (random_TIME_MULTIPLEXING_ENABLE))
 194:Generated_Source\PSoC5/random_PM.c ****     void random_Wakeup(void) 
 195:Generated_Source\PSoC5/random_PM.c **** #else
 196:Generated_Source\PSoC5/random_PM.c ****     void random_Wakeup(void) 
 197:Generated_Source\PSoC5/random_PM.c **** #endif  /* End ((random_WAKEUP_BEHAVIOUR == random__RESUMEWORK) && 
 198:Generated_Source\PSoC5/random_PM.c ****                 (random_TIME_MULTIPLEXING_ENABLE)) */
 199:Generated_Source\PSoC5/random_PM.c **** {
 416              		.loc 1 199 0
 417              		.cfi_startproc
 418              		@ args = 0, pretend = 0, frame = 0
 419              		@ frame_needed = 0, uses_anonymous_args = 0
 420 0000 08B5     		push	{r3, lr}
 421              		.cfi_def_cfa_offset 8
 422              		.cfi_offset 3, -8
 423              		.cfi_offset 14, -4
 200:Generated_Source\PSoC5/random_PM.c ****     random_RestoreConfig();
 424              		.loc 1 200 0
 425 0002 FFF7FEFF 		bl	random_RestoreConfig
 426              	.LVL5:
 201:Generated_Source\PSoC5/random_PM.c ****     
 202:Generated_Source\PSoC5/random_PM.c ****     /* Restore PRS enable state */
 203:Generated_Source\PSoC5/random_PM.c ****     if (random_backup.enableState != 0u)
 427              		.loc 1 203 0
 428 0006 044B     		ldr	r3, .L15
 429 0008 1B78     		ldrb	r3, [r3]	@ zero_extendqisi2
 430 000a 1BB1     		cbz	r3, .L13
 204:Generated_Source\PSoC5/random_PM.c ****     {
 205:Generated_Source\PSoC5/random_PM.c ****         random_Enable();
 206:Generated_Source\PSoC5/random_PM.c ****     }
 207:Generated_Source\PSoC5/random_PM.c **** }
 431              		.loc 1 207 0
 432 000c BDE80840 		pop	{r3, lr}
 433              		.cfi_remember_state
 434              		.cfi_restore 14
 435              		.cfi_restore 3
 436              		.cfi_def_cfa_offset 0
 205:Generated_Source\PSoC5/random_PM.c ****     }
 437              		.loc 1 205 0
 438 0010 FFF7FEBF 		b	random_Enable
 439              	.LVL6:
ARM GAS  C:\Users\info\AppData\Local\Temp\cctYUjnh.s 			page 25


 440              	.L13:
 441              		.cfi_restore_state
 442 0014 08BD     		pop	{r3, pc}
 443              	.L16:
 444 0016 00BF     		.align	2
 445              	.L15:
 446 0018 00000000 		.word	random_backup
 447              		.cfi_endproc
 448              	.LFE3:
 449              		.size	random_Wakeup, .-random_Wakeup
 450              		.text
 451              	.Letext0:
 452              		.file 2 "Generated_Source\\PSoC5\\cytypes.h"
 453              		.file 3 "Generated_Source\\PSoC5\\random.h"
 454              		.section	.debug_info,"",%progbits
 455              	.Ldebug_info0:
 456 0000 B4010000 		.4byte	0x1b4
 457 0004 0400     		.2byte	0x4
 458 0006 00000000 		.4byte	.Ldebug_abbrev0
 459 000a 04       		.byte	0x4
 460 000b 01       		.uleb128 0x1
 461 000c 7C010000 		.4byte	.LASF28
 462 0010 0C       		.byte	0xc
 463 0011 00000000 		.4byte	.LASF29
 464 0015 62000000 		.4byte	.LASF30
 465 0019 00000000 		.4byte	.Ldebug_ranges0+0
 466 001d 00000000 		.4byte	0
 467 0021 00000000 		.4byte	.Ldebug_line0
 468 0025 02       		.uleb128 0x2
 469 0026 01       		.byte	0x1
 470 0027 06       		.byte	0x6
 471 0028 8D020000 		.4byte	.LASF0
 472 002c 02       		.uleb128 0x2
 473 002d 01       		.byte	0x1
 474 002e 08       		.byte	0x8
 475 002f CC000000 		.4byte	.LASF1
 476 0033 02       		.uleb128 0x2
 477 0034 02       		.byte	0x2
 478 0035 05       		.byte	0x5
 479 0036 5D020000 		.4byte	.LASF2
 480 003a 02       		.uleb128 0x2
 481 003b 02       		.byte	0x2
 482 003c 07       		.byte	0x7
 483 003d 2F000000 		.4byte	.LASF3
 484 0041 02       		.uleb128 0x2
 485 0042 04       		.byte	0x4
 486 0043 05       		.byte	0x5
 487 0044 6C020000 		.4byte	.LASF4
 488 0048 02       		.uleb128 0x2
 489 0049 04       		.byte	0x4
 490 004a 07       		.byte	0x7
 491 004b 31010000 		.4byte	.LASF5
 492 004f 02       		.uleb128 0x2
 493 0050 08       		.byte	0x8
 494 0051 05       		.byte	0x5
 495 0052 39020000 		.4byte	.LASF6
 496 0056 02       		.uleb128 0x2
ARM GAS  C:\Users\info\AppData\Local\Temp\cctYUjnh.s 			page 26


 497 0057 08       		.byte	0x8
 498 0058 07       		.byte	0x7
 499 0059 65010000 		.4byte	.LASF7
 500 005d 03       		.uleb128 0x3
 501 005e 04       		.byte	0x4
 502 005f 05       		.byte	0x5
 503 0060 696E7400 		.ascii	"int\000"
 504 0064 02       		.uleb128 0x2
 505 0065 04       		.byte	0x4
 506 0066 07       		.byte	0x7
 507 0067 43010000 		.4byte	.LASF8
 508 006b 04       		.uleb128 0x4
 509 006c EC000000 		.4byte	.LASF12
 510 0070 02       		.byte	0x2
 511 0071 E401     		.2byte	0x1e4
 512 0073 2C000000 		.4byte	0x2c
 513 0077 02       		.uleb128 0x2
 514 0078 04       		.byte	0x4
 515 0079 04       		.byte	0x4
 516 007a 5C000000 		.4byte	.LASF9
 517 007e 02       		.uleb128 0x2
 518 007f 08       		.byte	0x8
 519 0080 04       		.byte	0x4
 520 0081 15010000 		.4byte	.LASF10
 521 0085 02       		.uleb128 0x2
 522 0086 01       		.byte	0x1
 523 0087 08       		.byte	0x8
 524 0088 58020000 		.4byte	.LASF11
 525 008c 04       		.uleb128 0x4
 526 008d DA000000 		.4byte	.LASF13
 527 0091 02       		.byte	0x2
 528 0092 8E02     		.2byte	0x28e
 529 0094 98000000 		.4byte	0x98
 530 0098 05       		.uleb128 0x5
 531 0099 6B000000 		.4byte	0x6b
 532 009d 02       		.uleb128 0x2
 533 009e 08       		.byte	0x8
 534 009f 04       		.byte	0x4
 535 00a0 81020000 		.4byte	.LASF14
 536 00a4 02       		.uleb128 0x2
 537 00a5 04       		.byte	0x4
 538 00a6 07       		.byte	0x7
 539 00a7 30020000 		.4byte	.LASF15
 540 00ab 06       		.uleb128 0x6
 541 00ac 02       		.byte	0x2
 542 00ad 03       		.byte	0x3
 543 00ae 31       		.byte	0x31
 544 00af CC000000 		.4byte	0xcc
 545 00b3 07       		.uleb128 0x7
 546 00b4 75020000 		.4byte	.LASF16
 547 00b8 03       		.byte	0x3
 548 00b9 33       		.byte	0x33
 549 00ba 6B000000 		.4byte	0x6b
 550 00be 00       		.byte	0
 551 00bf 07       		.uleb128 0x7
 552 00c0 67020000 		.4byte	.LASF17
 553 00c4 03       		.byte	0x3
ARM GAS  C:\Users\info\AppData\Local\Temp\cctYUjnh.s 			page 27


 554 00c5 3D       		.byte	0x3d
 555 00c6 6B000000 		.4byte	0x6b
 556 00ca 01       		.byte	0x1
 557 00cb 00       		.byte	0
 558 00cc 08       		.uleb128 0x8
 559 00cd F2000000 		.4byte	.LASF18
 560 00d1 03       		.byte	0x3
 561 00d2 47       		.byte	0x47
 562 00d3 AB000000 		.4byte	0xab
 563 00d7 09       		.uleb128 0x9
 564 00d8 1E020000 		.4byte	.LASF19
 565 00dc 01       		.byte	0x1
 566 00dd 2B       		.byte	0x2b
 567 00de 00000000 		.4byte	.LFB0
 568 00e2 10000000 		.4byte	.LFE0-.LFB0
 569 00e6 01       		.uleb128 0x1
 570 00e7 9C       		.byte	0x9c
 571 00e8 F6000000 		.4byte	0xf6
 572 00ec 0A       		.uleb128 0xa
 573 00ed 06000000 		.4byte	.LVL0
 574 00f1 80010000 		.4byte	0x180
 575 00f5 00       		.byte	0
 576 00f6 09       		.uleb128 0x9
 577 00f7 DF000000 		.4byte	.LASF20
 578 00fb 01       		.byte	0x1
 579 00fc 54       		.byte	0x54
 580 00fd 00000000 		.4byte	.LFB1
 581 0101 2C000000 		.4byte	.LFE1-.LFB1
 582 0105 01       		.uleb128 0x1
 583 0106 9C       		.byte	0x9c
 584 0107 1E010000 		.4byte	0x11e
 585 010b 0A       		.uleb128 0xa
 586 010c 16000000 		.4byte	.LVL1
 587 0110 8B010000 		.4byte	0x18b
 588 0114 0B       		.uleb128 0xb
 589 0115 22000000 		.4byte	.LVL2
 590 0119 D7000000 		.4byte	0xd7
 591 011d 00       		.byte	0
 592 011e 09       		.uleb128 0x9
 593 011f 50010000 		.4byte	.LASF21
 594 0123 01       		.byte	0x1
 595 0124 94       		.byte	0x94
 596 0125 00000000 		.4byte	.LFB2
 597 0129 18000000 		.4byte	.LFE2-.LFB2
 598 012d 01       		.uleb128 0x1
 599 012e 9C       		.byte	0x9c
 600 012f 4D010000 		.4byte	0x14d
 601 0133 0A       		.uleb128 0xa
 602 0134 0A000000 		.4byte	.LVL3
 603 0138 96010000 		.4byte	0x196
 604 013c 0C       		.uleb128 0xc
 605 013d 14000000 		.4byte	.LVL4
 606 0141 A1010000 		.4byte	0x1a1
 607 0145 0D       		.uleb128 0xd
 608 0146 01       		.uleb128 0x1
 609 0147 50       		.byte	0x50
 610 0148 02       		.uleb128 0x2
ARM GAS  C:\Users\info\AppData\Local\Temp\cctYUjnh.s 			page 28


 611 0149 09       		.byte	0x9
 612 014a FF       		.byte	0xff
 613 014b 00       		.byte	0
 614 014c 00       		.byte	0
 615 014d 09       		.uleb128 0x9
 616 014e 07010000 		.4byte	.LASF22
 617 0152 01       		.byte	0x1
 618 0153 C4       		.byte	0xc4
 619 0154 00000000 		.4byte	.LFB3
 620 0158 1C000000 		.4byte	.LFE3-.LFB3
 621 015c 01       		.uleb128 0x1
 622 015d 9C       		.byte	0x9c
 623 015e 75010000 		.4byte	0x175
 624 0162 0A       		.uleb128 0xa
 625 0163 06000000 		.4byte	.LVL5
 626 0167 1E010000 		.4byte	0x11e
 627 016b 0B       		.uleb128 0xb
 628 016c 14000000 		.4byte	.LVL6
 629 0170 AC010000 		.4byte	0x1ac
 630 0174 00       		.byte	0
 631 0175 0E       		.uleb128 0xe
 632 0176 4E000000 		.4byte	.LASF31
 633 017a 03       		.byte	0x3
 634 017b 4B       		.byte	0x4b
 635 017c CC000000 		.4byte	0xcc
 636 0180 0F       		.uleb128 0xf
 637 0181 42000000 		.4byte	.LASF23
 638 0185 42000000 		.4byte	.LASF23
 639 0189 03       		.byte	0x3
 640 018a 6D       		.byte	0x6d
 641 018b 0F       		.uleb128 0xf
 642 018c 23000000 		.4byte	.LASF24
 643 0190 23000000 		.4byte	.LASF24
 644 0194 03       		.byte	0x3
 645 0195 5A       		.byte	0x5a
 646 0196 0F       		.uleb128 0xf
 647 0197 47020000 		.4byte	.LASF25
 648 019b 47020000 		.4byte	.LASF25
 649 019f 03       		.byte	0x3
 650 01a0 6E       		.byte	0x6e
 651 01a1 0F       		.uleb128 0xf
 652 01a2 1C010000 		.4byte	.LASF26
 653 01a6 1C010000 		.4byte	.LASF26
 654 01aa 03       		.byte	0x3
 655 01ab 84       		.byte	0x84
 656 01ac 0F       		.uleb128 0xf
 657 01ad 10020000 		.4byte	.LASF27
 658 01b1 10020000 		.4byte	.LASF27
 659 01b5 03       		.byte	0x3
 660 01b6 58       		.byte	0x58
 661 01b7 00       		.byte	0
 662              		.section	.debug_abbrev,"",%progbits
 663              	.Ldebug_abbrev0:
 664 0000 01       		.uleb128 0x1
 665 0001 11       		.uleb128 0x11
 666 0002 01       		.byte	0x1
 667 0003 25       		.uleb128 0x25
ARM GAS  C:\Users\info\AppData\Local\Temp\cctYUjnh.s 			page 29


 668 0004 0E       		.uleb128 0xe
 669 0005 13       		.uleb128 0x13
 670 0006 0B       		.uleb128 0xb
 671 0007 03       		.uleb128 0x3
 672 0008 0E       		.uleb128 0xe
 673 0009 1B       		.uleb128 0x1b
 674 000a 0E       		.uleb128 0xe
 675 000b 55       		.uleb128 0x55
 676 000c 17       		.uleb128 0x17
 677 000d 11       		.uleb128 0x11
 678 000e 01       		.uleb128 0x1
 679 000f 10       		.uleb128 0x10
 680 0010 17       		.uleb128 0x17
 681 0011 00       		.byte	0
 682 0012 00       		.byte	0
 683 0013 02       		.uleb128 0x2
 684 0014 24       		.uleb128 0x24
 685 0015 00       		.byte	0
 686 0016 0B       		.uleb128 0xb
 687 0017 0B       		.uleb128 0xb
 688 0018 3E       		.uleb128 0x3e
 689 0019 0B       		.uleb128 0xb
 690 001a 03       		.uleb128 0x3
 691 001b 0E       		.uleb128 0xe
 692 001c 00       		.byte	0
 693 001d 00       		.byte	0
 694 001e 03       		.uleb128 0x3
 695 001f 24       		.uleb128 0x24
 696 0020 00       		.byte	0
 697 0021 0B       		.uleb128 0xb
 698 0022 0B       		.uleb128 0xb
 699 0023 3E       		.uleb128 0x3e
 700 0024 0B       		.uleb128 0xb
 701 0025 03       		.uleb128 0x3
 702 0026 08       		.uleb128 0x8
 703 0027 00       		.byte	0
 704 0028 00       		.byte	0
 705 0029 04       		.uleb128 0x4
 706 002a 16       		.uleb128 0x16
 707 002b 00       		.byte	0
 708 002c 03       		.uleb128 0x3
 709 002d 0E       		.uleb128 0xe
 710 002e 3A       		.uleb128 0x3a
 711 002f 0B       		.uleb128 0xb
 712 0030 3B       		.uleb128 0x3b
 713 0031 05       		.uleb128 0x5
 714 0032 49       		.uleb128 0x49
 715 0033 13       		.uleb128 0x13
 716 0034 00       		.byte	0
 717 0035 00       		.byte	0
 718 0036 05       		.uleb128 0x5
 719 0037 35       		.uleb128 0x35
 720 0038 00       		.byte	0
 721 0039 49       		.uleb128 0x49
 722 003a 13       		.uleb128 0x13
 723 003b 00       		.byte	0
 724 003c 00       		.byte	0
ARM GAS  C:\Users\info\AppData\Local\Temp\cctYUjnh.s 			page 30


 725 003d 06       		.uleb128 0x6
 726 003e 13       		.uleb128 0x13
 727 003f 01       		.byte	0x1
 728 0040 0B       		.uleb128 0xb
 729 0041 0B       		.uleb128 0xb
 730 0042 3A       		.uleb128 0x3a
 731 0043 0B       		.uleb128 0xb
 732 0044 3B       		.uleb128 0x3b
 733 0045 0B       		.uleb128 0xb
 734 0046 01       		.uleb128 0x1
 735 0047 13       		.uleb128 0x13
 736 0048 00       		.byte	0
 737 0049 00       		.byte	0
 738 004a 07       		.uleb128 0x7
 739 004b 0D       		.uleb128 0xd
 740 004c 00       		.byte	0
 741 004d 03       		.uleb128 0x3
 742 004e 0E       		.uleb128 0xe
 743 004f 3A       		.uleb128 0x3a
 744 0050 0B       		.uleb128 0xb
 745 0051 3B       		.uleb128 0x3b
 746 0052 0B       		.uleb128 0xb
 747 0053 49       		.uleb128 0x49
 748 0054 13       		.uleb128 0x13
 749 0055 38       		.uleb128 0x38
 750 0056 0B       		.uleb128 0xb
 751 0057 00       		.byte	0
 752 0058 00       		.byte	0
 753 0059 08       		.uleb128 0x8
 754 005a 16       		.uleb128 0x16
 755 005b 00       		.byte	0
 756 005c 03       		.uleb128 0x3
 757 005d 0E       		.uleb128 0xe
 758 005e 3A       		.uleb128 0x3a
 759 005f 0B       		.uleb128 0xb
 760 0060 3B       		.uleb128 0x3b
 761 0061 0B       		.uleb128 0xb
 762 0062 49       		.uleb128 0x49
 763 0063 13       		.uleb128 0x13
 764 0064 00       		.byte	0
 765 0065 00       		.byte	0
 766 0066 09       		.uleb128 0x9
 767 0067 2E       		.uleb128 0x2e
 768 0068 01       		.byte	0x1
 769 0069 3F       		.uleb128 0x3f
 770 006a 19       		.uleb128 0x19
 771 006b 03       		.uleb128 0x3
 772 006c 0E       		.uleb128 0xe
 773 006d 3A       		.uleb128 0x3a
 774 006e 0B       		.uleb128 0xb
 775 006f 3B       		.uleb128 0x3b
 776 0070 0B       		.uleb128 0xb
 777 0071 27       		.uleb128 0x27
 778 0072 19       		.uleb128 0x19
 779 0073 11       		.uleb128 0x11
 780 0074 01       		.uleb128 0x1
 781 0075 12       		.uleb128 0x12
ARM GAS  C:\Users\info\AppData\Local\Temp\cctYUjnh.s 			page 31


 782 0076 06       		.uleb128 0x6
 783 0077 40       		.uleb128 0x40
 784 0078 18       		.uleb128 0x18
 785 0079 9742     		.uleb128 0x2117
 786 007b 19       		.uleb128 0x19
 787 007c 01       		.uleb128 0x1
 788 007d 13       		.uleb128 0x13
 789 007e 00       		.byte	0
 790 007f 00       		.byte	0
 791 0080 0A       		.uleb128 0xa
 792 0081 898201   		.uleb128 0x4109
 793 0084 00       		.byte	0
 794 0085 11       		.uleb128 0x11
 795 0086 01       		.uleb128 0x1
 796 0087 31       		.uleb128 0x31
 797 0088 13       		.uleb128 0x13
 798 0089 00       		.byte	0
 799 008a 00       		.byte	0
 800 008b 0B       		.uleb128 0xb
 801 008c 898201   		.uleb128 0x4109
 802 008f 00       		.byte	0
 803 0090 11       		.uleb128 0x11
 804 0091 01       		.uleb128 0x1
 805 0092 9542     		.uleb128 0x2115
 806 0094 19       		.uleb128 0x19
 807 0095 31       		.uleb128 0x31
 808 0096 13       		.uleb128 0x13
 809 0097 00       		.byte	0
 810 0098 00       		.byte	0
 811 0099 0C       		.uleb128 0xc
 812 009a 898201   		.uleb128 0x4109
 813 009d 01       		.byte	0x1
 814 009e 11       		.uleb128 0x11
 815 009f 01       		.uleb128 0x1
 816 00a0 9542     		.uleb128 0x2115
 817 00a2 19       		.uleb128 0x19
 818 00a3 31       		.uleb128 0x31
 819 00a4 13       		.uleb128 0x13
 820 00a5 00       		.byte	0
 821 00a6 00       		.byte	0
 822 00a7 0D       		.uleb128 0xd
 823 00a8 8A8201   		.uleb128 0x410a
 824 00ab 00       		.byte	0
 825 00ac 02       		.uleb128 0x2
 826 00ad 18       		.uleb128 0x18
 827 00ae 9142     		.uleb128 0x2111
 828 00b0 18       		.uleb128 0x18
 829 00b1 00       		.byte	0
 830 00b2 00       		.byte	0
 831 00b3 0E       		.uleb128 0xe
 832 00b4 34       		.uleb128 0x34
 833 00b5 00       		.byte	0
 834 00b6 03       		.uleb128 0x3
 835 00b7 0E       		.uleb128 0xe
 836 00b8 3A       		.uleb128 0x3a
 837 00b9 0B       		.uleb128 0xb
 838 00ba 3B       		.uleb128 0x3b
ARM GAS  C:\Users\info\AppData\Local\Temp\cctYUjnh.s 			page 32


 839 00bb 0B       		.uleb128 0xb
 840 00bc 49       		.uleb128 0x49
 841 00bd 13       		.uleb128 0x13
 842 00be 3F       		.uleb128 0x3f
 843 00bf 19       		.uleb128 0x19
 844 00c0 3C       		.uleb128 0x3c
 845 00c1 19       		.uleb128 0x19
 846 00c2 00       		.byte	0
 847 00c3 00       		.byte	0
 848 00c4 0F       		.uleb128 0xf
 849 00c5 2E       		.uleb128 0x2e
 850 00c6 00       		.byte	0
 851 00c7 3F       		.uleb128 0x3f
 852 00c8 19       		.uleb128 0x19
 853 00c9 3C       		.uleb128 0x3c
 854 00ca 19       		.uleb128 0x19
 855 00cb 6E       		.uleb128 0x6e
 856 00cc 0E       		.uleb128 0xe
 857 00cd 03       		.uleb128 0x3
 858 00ce 0E       		.uleb128 0xe
 859 00cf 3A       		.uleb128 0x3a
 860 00d0 0B       		.uleb128 0xb
 861 00d1 3B       		.uleb128 0x3b
 862 00d2 0B       		.uleb128 0xb
 863 00d3 00       		.byte	0
 864 00d4 00       		.byte	0
 865 00d5 00       		.byte	0
 866              		.section	.debug_aranges,"",%progbits
 867 0000 34000000 		.4byte	0x34
 868 0004 0200     		.2byte	0x2
 869 0006 00000000 		.4byte	.Ldebug_info0
 870 000a 04       		.byte	0x4
 871 000b 00       		.byte	0
 872 000c 0000     		.2byte	0
 873 000e 0000     		.2byte	0
 874 0010 00000000 		.4byte	.LFB0
 875 0014 10000000 		.4byte	.LFE0-.LFB0
 876 0018 00000000 		.4byte	.LFB1
 877 001c 2C000000 		.4byte	.LFE1-.LFB1
 878 0020 00000000 		.4byte	.LFB2
 879 0024 18000000 		.4byte	.LFE2-.LFB2
 880 0028 00000000 		.4byte	.LFB3
 881 002c 1C000000 		.4byte	.LFE3-.LFB3
 882 0030 00000000 		.4byte	0
 883 0034 00000000 		.4byte	0
 884              		.section	.debug_ranges,"",%progbits
 885              	.Ldebug_ranges0:
 886 0000 00000000 		.4byte	.LFB0
 887 0004 10000000 		.4byte	.LFE0
 888 0008 00000000 		.4byte	.LFB1
 889 000c 2C000000 		.4byte	.LFE1
 890 0010 00000000 		.4byte	.LFB2
 891 0014 18000000 		.4byte	.LFE2
 892 0018 00000000 		.4byte	.LFB3
 893 001c 1C000000 		.4byte	.LFE3
 894 0020 00000000 		.4byte	0
 895 0024 00000000 		.4byte	0
ARM GAS  C:\Users\info\AppData\Local\Temp\cctYUjnh.s 			page 33


 896              		.section	.debug_line,"",%progbits
 897              	.Ldebug_line0:
 898 0000 AB000000 		.section	.debug_str,"MS",%progbits,1
 898      02005200 
 898      00000201 
 898      FB0E0D00 
 898      01010101 
 899              	.LASF29:
 900 0000 47656E65 		.ascii	"Generated_Source\\PSoC5\\random_PM.c\000"
 900      72617465 
 900      645F536F 
 900      75726365 
 900      5C50536F 
 901              	.LASF24:
 902 0023 72616E64 		.ascii	"random_Stop\000"
 902      6F6D5F53 
 902      746F7000 
 903              	.LASF3:
 904 002f 73686F72 		.ascii	"short unsigned int\000"
 904      7420756E 
 904      7369676E 
 904      65642069 
 904      6E7400
 905              	.LASF23:
 906 0042 72616E64 		.ascii	"random_Read\000"
 906      6F6D5F52 
 906      65616400 
 907              	.LASF31:
 908 004e 72616E64 		.ascii	"random_backup\000"
 908      6F6D5F62 
 908      61636B75 
 908      7000
 909              	.LASF9:
 910 005c 666C6F61 		.ascii	"float\000"
 910      7400
 911              	.LASF30:
 912 0062 433A5C55 		.ascii	"C:\\Users\\info\\Desktop\\Spring 2019 Classes\\6.11"
 912      73657273 
 912      5C696E66 
 912      6F5C4465 
 912      736B746F 
 913 0090 355C362E 		.ascii	"5\\6.115-final\\PSoCCreator\\Final Project\\FinalEm"
 913      3131352D 
 913      66696E61 
 913      6C5C5053 
 913      6F434372 
 914 00bf 756C6174 		.ascii	"ulator.cydsn\000"
 914      6F722E63 
 914      7964736E 
 914      00
 915              	.LASF1:
 916 00cc 756E7369 		.ascii	"unsigned char\000"
 916      676E6564 
 916      20636861 
 916      7200
 917              	.LASF13:
 918 00da 72656738 		.ascii	"reg8\000"
ARM GAS  C:\Users\info\AppData\Local\Temp\cctYUjnh.s 			page 34


 918      00
 919              	.LASF20:
 920 00df 72616E64 		.ascii	"random_Sleep\000"
 920      6F6D5F53 
 920      6C656570 
 920      00
 921              	.LASF12:
 922 00ec 75696E74 		.ascii	"uint8\000"
 922      3800
 923              	.LASF18:
 924 00f2 72616E64 		.ascii	"random_BACKUP_STRUCT\000"
 924      6F6D5F42 
 924      41434B55 
 924      505F5354 
 924      52554354 
 925              	.LASF22:
 926 0107 72616E64 		.ascii	"random_Wakeup\000"
 926      6F6D5F57 
 926      616B6575 
 926      7000
 927              	.LASF10:
 928 0115 646F7562 		.ascii	"double\000"
 928      6C6500
 929              	.LASF26:
 930 011c 72616E64 		.ascii	"random_ResetSeedInit\000"
 930      6F6D5F52 
 930      65736574 
 930      53656564 
 930      496E6974 
 931              	.LASF5:
 932 0131 6C6F6E67 		.ascii	"long unsigned int\000"
 932      20756E73 
 932      69676E65 
 932      6420696E 
 932      7400
 933              	.LASF8:
 934 0143 756E7369 		.ascii	"unsigned int\000"
 934      676E6564 
 934      20696E74 
 934      00
 935              	.LASF21:
 936 0150 72616E64 		.ascii	"random_RestoreConfig\000"
 936      6F6D5F52 
 936      6573746F 
 936      7265436F 
 936      6E666967 
 937              	.LASF7:
 938 0165 6C6F6E67 		.ascii	"long long unsigned int\000"
 938      206C6F6E 
 938      6720756E 
 938      7369676E 
 938      65642069 
 939              	.LASF28:
 940 017c 474E5520 		.ascii	"GNU C11 5.4.1 20160609 (release) [ARM/embedded-5-br"
 940      43313120 
 940      352E342E 
 940      31203230 
ARM GAS  C:\Users\info\AppData\Local\Temp\cctYUjnh.s 			page 35


 940      31363036 
 941 01af 616E6368 		.ascii	"anch revision 237715] -mcpu=cortex-m3 -mthumb -g -O"
 941      20726576 
 941      6973696F 
 941      6E203233 
 941      37373135 
 942 01e2 73202D66 		.ascii	"s -ffunction-sections -ffat-lto-objects -flto\000"
 942      66756E63 
 942      74696F6E 
 942      2D736563 
 942      74696F6E 
 943              	.LASF27:
 944 0210 72616E64 		.ascii	"random_Enable\000"
 944      6F6D5F45 
 944      6E61626C 
 944      6500
 945              	.LASF19:
 946 021e 72616E64 		.ascii	"random_SaveConfig\000"
 946      6F6D5F53 
 946      61766543 
 946      6F6E6669 
 946      6700
 947              	.LASF15:
 948 0230 73697A65 		.ascii	"sizetype\000"
 948      74797065 
 948      00
 949              	.LASF6:
 950 0239 6C6F6E67 		.ascii	"long long int\000"
 950      206C6F6E 
 950      6720696E 
 950      7400
 951              	.LASF25:
 952 0247 72616E64 		.ascii	"random_WriteSeed\000"
 952      6F6D5F57 
 952      72697465 
 952      53656564 
 952      00
 953              	.LASF11:
 954 0258 63686172 		.ascii	"char\000"
 954      00
 955              	.LASF2:
 956 025d 73686F72 		.ascii	"short int\000"
 956      7420696E 
 956      7400
 957              	.LASF17:
 958 0267 73656564 		.ascii	"seed\000"
 958      00
 959              	.LASF4:
 960 026c 6C6F6E67 		.ascii	"long int\000"
 960      20696E74 
 960      00
 961              	.LASF16:
 962 0275 656E6162 		.ascii	"enableState\000"
 962      6C655374 
 962      61746500 
 963              	.LASF14:
 964 0281 6C6F6E67 		.ascii	"long double\000"
ARM GAS  C:\Users\info\AppData\Local\Temp\cctYUjnh.s 			page 36


 964      20646F75 
 964      626C6500 
 965              	.LASF0:
 966 028d 7369676E 		.ascii	"signed char\000"
 966      65642063 
 966      68617200 
 967              		.comm	__gnu_lto_v1,1,1
 968              		.ident	"GCC: (GNU Tools for ARM Embedded Processors) 5.4.1 20160609 (release) [ARM/embedded-5-bran
