ARM GAS  C:\Users\info\AppData\Local\Temp\ccR3KmL8.s 			page 1


   1              		.syntax unified
   2              		.cpu cortex-m3
   3              		.fpu softvfp
   4              		.eabi_attribute 20, 1
   5              		.eabi_attribute 21, 1
   6              		.eabi_attribute 23, 3
   7              		.eabi_attribute 24, 1
   8              		.eabi_attribute 25, 1
   9              		.eabi_attribute 26, 1
  10              		.eabi_attribute 30, 4
  11              		.eabi_attribute 34, 1
  12              		.eabi_attribute 18, 4
  13              		.thumb
  14              		.syntax unified
  15              		.file	"Row_4.c"
  16              		.text
  17              	.Ltext0:
  18              		.section	.gnu.lto_.profile.bf151127,"",%progbits
  19 0000 789C6361 		.ascii	"x\234ca`d`a`\000\222\222\242\000\000\261\0009"
  19      60646061 
  19      60009292 
  19      A20000B1 
  19      0039
  20              		.text
  21              		.section	.gnu.lto_.icf.bf151127,"",%progbits
  22 0000 789C6361 		.ascii	"x\234ca`d\000\001)\006\004`a\370s\347\315\002v\306/"
  22      60640001 
  22      29060460 
  22      61F873E7 
  22      CD0276C6 
  23 0015 1B361DE1 		.ascii	"\0336\035\341gz\277y\323L^\346-\033\227Ofc\000\000\262"
  23      677ABF79 
  23      D34C5EE6 
  23      2D1B974F 
  23      66630000 
  24 002a E60C5D   		.ascii	"\346\014]"
  25              		.text
  26              		.section	.gnu.lto_.jmpfuncs.bf151127,"",%progbits
  27 0000 789C6361 		.ascii	"x\234ca`d\000\001!\006\004`a`dd\254g\004\021L\014\014"
  27      60640001 
  27      21060460 
  27      61606464 
  27      AC670411 
  28 0017 CC401100 		.ascii	"\314@\021\000\016\"\001&"
  28      0E220126 
  29              		.text
  30              		.section	.gnu.lto_.inline.bf151127,"",%progbits
  31 0000 789C6361 		.ascii	"x\234ca`d\000\201$\006\004`a`\340\344`dd\340\000J1s"
  31      60640081 
  31      24060460 
  31      6160E0E4 
  31      606464E0 
  32 0018 1CB06360 		.ascii	"\034\260c`[ \317\304\300\262@\236\005$\013\024g\307"
  32      5B20CFC4 
  32      C0B2409E 
  32      05240B14 
  32      67C7
ARM GAS  C:\Users\info\AppData\Local\Temp\ccR3KmL8.s 			page 2


  33 002a 9064BAC0 		.ascii	"\220d\272\300\017\226db`ced`b\373\240\007\021\007\002"
  33      0F966462 
  33      60636564 
  33      6062FBA0 
  33      07110702 
  34 003e 664C2106 		.ascii	"fL!\006\000\346\332\011\346"
  34      00E6DA09 
  34      E6
  35              		.text
  36              		.section	.gnu.lto_.pureconst.bf151127,"",%progbits
  37 0000 789C6361 		.ascii	"x\234ca`d\340d```a\220b\224b\222b\226\002\000\002\261"
  37      6064E064 
  37      60606061 
  37      90629462 
  37      92629602 
  38 0017 0081     		.ascii	"\000\201"
  39              		.text
  40              		.section	.gnu.lto_Row_4_Write.bf151127,"",%progbits
  41 0000 789C5551 		.ascii	"x\234UQ\313J\034Q\020\255so?\306h\374\201\014(\0011"
  41      CB4A1C51 
  41      10AD736F 
  41      3FC668FC 
  41      810C2801 
  42 0015 6611421E 		.ascii	"f\021B\036?\020\027\331\006\335\016\3100\366B0\031\320"
  42      3F1017D9 
  42      06DD0EC8 
  42      30F64230 
  42      19D0
  43 0027 31597ADB 		.ascii	"1Yz\333qF\230\205\270Q\011y\010\212\214\032\037c\262"
  43      71469885 
  43      B8510979 
  43      088A8C1A 
  43      1F63B2
  44 003a 12B268FA 		.ascii	"\022\262h\372\003\222\215\020\362 \021\027-\004\022"
  44      03928D10 
  44      F2201117 
  44      2D0412
  45 0049 C6E0A068 		.ascii	"\306\340\240h\222IU\267\213Xp\037]}\316\251Su-\002I"
  45      924955B7 
  45      8B58701F 
  45      5D7DCEA9 
  45      53752D02 
  46 005e 5C5744B7 		.ascii	"\\WD\267\370\274\302\013\232\240f\336\021\371)\005\310"
  46      F8BCC20B 
  46      9AA066DE 
  46      11F92905 
  46      C8
  47 006f C5A440E3 		.ascii	"\305\244@\343\012\343h\250?\012\341T\264\243z\252\206"
  47      0AE368A8 
  47      3F0AE154 
  47      B4A37AAA 
  47      86
  48 0080 636FF9A5 		.ascii	"co\371\2456+\001J\232\250\251b%B\025=\214:x;\265\013"
  48      362B014A 
  48      9AA8A962 
  48      2542153D 
  48      8C3A783B 
ARM GAS  C:\Users\info\AppData\Local\Temp\ccR3KmL8.s 			page 3


  49 0096 7D15C4F7 		.ascii	"}\025\304\367r\330\250\267v/\0333a\314a\306\350\222"
  49      72D8A8B7 
  49      762F1B33 
  49      61CC61C6 
  49      E892
  50 00a8 0656A099 		.ascii	"\006V\240\231\201\333i\334L\023'\010\253\350\026\360"
  50      81DB69DC 
  50      4C132708 
  50      ABE816F0 
  51 00b8 C9A7DDCD 		.ascii	"\311\247\335\315v}-&\316\230h\261\255kI\210\301\361"
  51      767D2D26 
  51      CE9868B1 
  51      AD6B4988 
  51      C1F1
  52 00ca C37913F8 		.ascii	"\303y\023\370\235\302]\373\237+\301\320\375\355\277"
  52      9DC25DFB 
  52      9F2BC1D0 
  52      FDEDBF
  53 00d9 B3979D49 		.ascii	"\263\227\235Iq\325\211W\350J\374`\035\016w\010\311l"
  53      71D58957 
  53      E84AFC60 
  53      1D0E7708 
  53      C96C
  54 00eb F505A6D9 		.ascii	"\365\005\246\331,\232\240a7t\213\342\242\212;\345\037"
  54      2C9AA061 
  54      37748BE2 
  54      A28A3BE5 
  54      1F
  55 00fc 16A4B62D 		.ascii	"\026\244\266-\011G6W6\242:/\351\376P)9u\204\360\264"
  55      09473657 
  55      36A23A2F 
  55      E9FE5029 
  55      397584F0 
  56 0111 F275DE15 		.ascii	"\362u\336\025\315\242\226I\314\225\302\367\356\221*"
  56      CDA29649 
  56      CC95C2F7 
  56      EE912A
  57 0120 691DBBFD 		.ascii	"i\035\273\375\370\371\351O'\371\254-\372\306\342\324"
  57      F8F9E94F 
  57      27F9AC2D 
  57      FAC6E2D4 
  58 0130 5EE5F999 		.ascii	"^\345\371\231\273\200\027\376$\317\310\302&\322\330"
  58      BB8017FE 
  58      24CFC8C2 
  58      26D2D8
  59 013f 007BC616 		.ascii	"\000{\306\026\026@\021\212\277\313_\220\010\352D\363"
  59      1640118A 
  59      BFCB5F90 
  59      08EA44F3 
  60 014f D9B71F51 		.ascii	"\331\267\037Q\273\210\000\307@\215\301\373Pq\033\354"
  60      BB8800C7 
  60      408DC1FB 
  60      50711BEC 
  61 015f 945142AA 		.ascii	"\224QB\252\227\243\203s\033vQK\235\360W\255\332&,\033"
  61      97A38373 
  61      1B76514B 
  61      9DF057AD 
ARM GAS  C:\Users\info\AppData\Local\Temp\ccR3KmL8.s 			page 4


  61      DA262C1B 
  62 0173 1ADB4C8A 		.ascii	"\032\333L\212\245\217\316\245\005\307\240\312\351\207"
  62      A58FCEA5 
  62      05C7A0CA 
  62      E987
  63 0181 E994802C 		.ascii	"\351\224\200,\244\360:\001\2358\011\304\215\0158\234"
  63      A4F03A01 
  63      9D3809C4 
  63      8D0D389C 
  64 0191 0AE762D6 		.ascii	"\012\347b\326\005\363\2761\255\027\375\277a\377\314"
  64      05F3BE31 
  64      AD17FDBF 
  64      61FFCC
  65 01a0 A2EF9808 		.ascii	"\242\357\230\010\316l!\304\017QW\220Y\361\344:\356{"
  65      CE6C21C4 
  65      0F515790 
  65      59F1E43A 
  65      EE7B
  66 01b2 8FBC916C 		.ascii	"\217\274\221l\301\033\034\350\317\217\215\344\274\314"
  66      C11B1CE8 
  66      CF8F8DE4 
  66      BCCC
  67 01c0 83FE7CEF 		.ascii	"\203\376|\357\335L_\376\311\300\235\0339\262\037g\207"
  67      DD4C5FFE 
  67      C9C09D1B 
  67      39B21F67 
  67      87
  68 01d1 C7BC4BA3 		.ascii	"\307\274K\243\205la(wo\2500\372\017u\340\303k"
  68      856C6128 
  68      776FA830 
  68      FA0F75E0 
  68      C36B
  69              		.text
  70              		.section	.gnu.lto_Row_4_SetDriveMode.bf151127,"",%progbits
  71 0000 789C7D51 		.ascii	"x\234}QM+DQ\030~\237s\356\334;\223\370\003\246\310\202"
  71      4D2B4451 
  71      187E9F73 
  71      EEDC3B93 
  71      F803A6C8 
  72 0015 6CA4F00B 		.ascii	"l\244\360\013\024[\261\235\222\270K&\"Kgf\014EJ\311"
  72      145BB19D 
  72      92B84B26 
  72      224B6766 
  72      0C454AC9 
  73 0029 6C26A1C8 		.ascii	"l&\241\310\367WVvc\212%ea!I\026\223\024\215\257\310"
  73      F7575676 
  73      638A2565 
  73      61214916 
  73      93148DAF 
  74 003e D778DF7B 		.ascii	"\327x\337{-f\345t\317\373\361\364<O\357{\256E 9\267"
  74      2D66E574 
  74      CFFBF1F4 
  74      3C4FEF7B 
  74      AE452039 
  75 0053 9CAA3997 		.ascii	"\234\2529\227\363\205&\250\351\023\242XP\001R\230 h"
  75      F38526A8 
  75      E913A258 
ARM GAS  C:\Users\info\AppData\Local\Temp\ccR3KmL8.s 			page 5


  75      50015298 
  75      2068
  76 0065 446104AF 		.ascii	"Da\004\257\352[!;\236;P\265+\206\317\365\321C\275Y\315"
  76      EA5B213B 
  76      9E3B50B5 
  76      2B86CFF5 
  76      D143BD59 
  77 007a 20A9890A 		.ascii	" \251\211\012\312s\"\254\240\226Y\317\373\3133%\272"
  77      CA7322AC 
  77      A09659CF 
  77      FBCB3325 
  77      BA
  78 008b 0AC4F5E3 		.ascii	"\012\304\365\343I\376\252\254f\331\230\2701\205\210"
  78      49FEAAAC 
  78      66D998B8 
  78      318588
  79 009a D1490DAC 		.ascii	"\321I\015\254B\263\002\015a\324\207\211\001\302\032"
  79      42B3020D 
  79      61D48789 
  79      01C21A
  80 00a9 6A847CB3 		.ascii	"j\204|\263\3673[j\217\212}\245o\212u\3302\346N{\306"
  80      F7335B6A 
  80      8F8A7DA5 
  80      6F8A75D8 
  80      32E64E7B 
  81 00be 140A0993 		.ascii	"\024\012\011\223y\263\017?\354\022\3052\2459hKB\000"
  81      79B30F3F 
  81      EC12C532 
  81      A539684B 
  81      4200
  82 00d0 E2604BE9 		.ascii	"\342`K\351H\010J\010\011\207(\317W\026yTJ\262\316!\373"
  82      48084A08 
  82      098728CF 
  82      57167954 
  82      4AB2CE21 
  83 00e5 31914B5B 		.ascii	"1\221K[\342\234\320\262T*\231=u^TR[\336\304\227\213"
  83      E29CD0B2 
  83      542A993D 
  83      755E5452 
  83      5BDEC497 
  84 00fa 534BA57E 		.ascii	"SK\245~\233^\210\031\213\241\263\261\265I5\217\271\330"
  84      9B5E8819 
  84      8BA1B3B1 
  84      B549358F 
  84      B9D8
  85 010c 28AF1BC0 		.ascii	"(\257\033\300&\302\330@\230\247\333\302<(\207\370\223"
  85      26C2D840 
  85      98A7DBC2 
  85      3C2887F8 
  85      93
  86 011d E3DB6976 		.ascii	"\343\333iv\344>\361e\373\275\305\020\353/\216'\277C"
  86      E43EF165 
  86      FBBDC510 
  86      EB2F8E27 
  86      BF43
  87 012f 62A9D18F 		.ascii	"b\251\321\217mV\026I\370\013\024K\034\206Xr\177\276"
  87      6D561649 
ARM GAS  C:\Users\info\AppData\Local\Temp\ccR3KmL8.s 			page 6


  87      F80B144B 
  87      1C865872 
  87      7FBE
  88 0141 B1A97D49 		.ascii	"\261\251}I\031v<I\342\375\217\022\364\214\235b\227\020"
  88      19763C49 
  88      E2FD8F12 
  88      F48C9D62 
  88      9710
  89 0153 A3DC6753 		.ascii	"\243\334gS\220\376\277\221wyd\346\323\035\342\231\317"
  89      90FEBF91 
  89      777964E6 
  89      D31DE299 
  89      CF
  90 0164 16617BBF 		.ascii	"\026a{\277.\257 \317\303\217U\321\352\366\271\003]\203"
  90      2EAF20CF 
  90      C38F55D1 
  90      EAF6B903 
  90      5D83
  91 0176 6E4F6747 		.ascii	"nOgGth\240\333\215\264uD\233\233\"\355\321\341\316\306"
  91      7468A0DB 
  91      8DB47544 
  91      9B9B22ED 
  91      D1E1CEC6 
  92 018a BA6EB27A 		.ascii	"\272n\262z\243=\356/W\374\244\202"
  92      A33DEE2F 
  92      57FCA482 
  93              		.text
  94              		.section	.gnu.lto_Row_4_Read.bf151127,"",%progbits
  95 0000 789C354F 		.ascii	"x\2345O;K\003A\020\236o\367r\027|\375\001\003j\231F"
  95      3B4B0341 
  95      109E6FF7 
  95      72177CFD 
  95      01036A99 
  96 0015 0415C456 		.ascii	"\004\025\304V\320V\022\260\012\004\211\327\032\010\212"
  96      D05612B0 
  96      0A0489D7 
  96      1A088A
  97 0024 65F67239 		.ascii	"e\366r9\005\261\260QA\320\200 \211/4\265ML%\012Z\210"
  97      05B1B051 
  97      41D08020 
  97      892F34B5 
  97      4D4C250A 
  98 003a 20284124 		.ascii	" (A$D\260\322\020\021\202\032g=\035\330\231\335\331"
  98      44B0D210 
  98      11821A67 
  98      3D1DD899 
  98      DDD9
  99 004c EF316310 		.ascii	"\3571c\020H\307\024\227>\256\335| \011b\365\212\310"
  99      48C71497 
  99      3EAEDD7C 
  99      200962F5 
  99      8AC8
 100 005e 090A405F 		.ascii	"\011\012@_T\020\224\026H\343]|\011\\~\234\257\264\205"
 100      54109416 
 100      48E35D7C 
 100      095C7E9C 
 100      AFB485
ARM GAS  C:\Users\info\AppData\Local\Temp\ccR3KmL8.s 			page 7


 101 0071 F34A65D4 		.ascii	"\363Je\324\343nsd\243P\202'\211Z\2020\030\302@HK\344"
 101      E36E7364 
 101      A3508227 
 101      895A8230 
 101      18C24048 
 102 0087 1126863E 		.ascii	"\021&\206>\025\277\327:\315\254\342\350\325\000\376"
 102      15BFD73A 
 102      CDACE2E8 
 102      D500FE
 103 0096 29C0D496 		.ascii	")\300\324\226\307\221\222j\265\\U\272\265\316\356,\013"
 103      C791926A 
 103      B55C55BA 
 103      B5CEEE2C 
 103      0B
 104 00a7 E449F6E5 		.ascii	"\344I\366\345dp\022\001\235L\322\262\364\3124=\304\233"
 104      64701201 
 104      9D4CD2B2 
 104      F4CA343D 
 104      C49B
 105 00b9 10BACA1A 		.ascii	"\020\272\312\032\312\315\345\312\366\250Vr\245d\227"
 105      CACDE5CA 
 105      F6A85672 
 105      A56497
 106 00c8 75AF7C6D 		.ascii	"u\257|m5\204'%\264i\346\271r\337\356?\213;\2162\270"
 106      35842725 
 106      B469E6B9 
 106      72DFEE3F 
 106      8B3B8E32 
 107 00dd E539370F 		.ascii	"\34597\017]9l9Y\036\325\300>B\330\003\017\212\003\344"
 107      5D396C39 
 107      591ED5C0 
 107      3E42D803 
 107      0F8A03E4 
 108 00f1 4035B89F 		.ascii	"@5\270\237\343\344J\370r\233\247\215\213\200\346\003"
 108      E3E44AF8 
 108      729BA78D 
 108      8B80E603 
 109 0101 411C32AC 		.ascii	"A\0342\254\206L}\251!|C\203q\232Q_\254\032~'\300M\246"
 109      864C7DA9 
 109      217C4383 
 109      719A515F 
 109      AC1A7E27 
 110 0118 95EB27F9 		.ascii	"\225\353'\371\016M\023\2208\372\247U\341\2034\216^\360"
 110      0E4D1390 
 110      38FAA755 
 110      E183348E 
 110      5EF0
 111 012a 2762D2EF 		.ascii	"'b\322\357b\320\013\361z=\023\366\254\235\232\236\263"
 111      62D00BF1 
 111      7A3D13F6 
 111      AC9D9A9E 
 111      B3
 112 013b 67E2D1E4 		.ascii	"g\342\321\344|*a\307&\243\311\261\341X$\271\020\037"
 112      7C2A61C7 
 112      26A3C9B1 
 112      E15824B9 
 112      101F
ARM GAS  C:\Users\info\AppData\Local\Temp\ccR3KmL8.s 			page 8


 113 014d EA4FD00F 		.ascii	"\352O\320\017\312\\{'"
 113      CA5C7B27 
 114              		.text
 115              		.section	.gnu.lto_Row_4_ReadDataReg.bf151127,"",%progbits
 116 0000 789C354F 		.ascii	"x\2345O;K\003A\020\236o\367r\011A\177\201\001\265L#"
 116      3B4B0341 
 116      109E6FF7 
 116      7209417F 
 116      8101B54C 
 117 0015 825A682B 		.ascii	"\202Zh+h+\021\254\002A\342\265\006\202b\231\313\343"
 117      682B11AC 
 117      0241E2B5 
 117      06826299 
 117      CBE3
 118 0027 1482858D 		.ascii	"\024\202\205\215\212\242\004\004\271\304\007\306Z\204"
 118      8AA20404 
 118      B9C407C6 
 118      5A84
 119 0035 984A14D4 		.ascii	"\230J\024\324Vl\202\204\024\026\242!\"\370H\234\361"
 119      566C8284 
 119      1416A221 
 119      22F8489C 
 119      F1
 120 0046 74606776 		.ascii	"t`gvg\277\307\214A \211\031.\375\\{\370@\023\324\332"
 120      67BFC78C 
 120      41208919 
 120      2EFD5C7B 
 120      F84013D4 
 121 005b 0D513AA0 		.ascii	"\015Q:\240\000\271\330\001PJ!\2057\365\255p\375~\271"
 121      00B9D801 
 121      504A2185 
 121      37F5AD70 
 121      FD7EB9
 122 006e 1A0CBBB6 		.ascii	"\032\014\273\266\235\261k\373\356\350f\261\002G\023"
 122      9DB16BFB 
 122      EEE866B1 
 122      024713
 123 007d 75146128 		.ascii	"u\024a(\204\301\220H\270\010\023C\037O\333\353\335f"
 123      84C19048 
 123      B8081343 
 123      1F4FDBEB 
 123      DD66
 124 008f CEE6E813 		.ascii	"\316\346\350\023\000\377\024a\212\345I\244bw:Y\273r"
 124      00FF1461 
 124      8AE549A4 
 124      62773A59 
 124      BB72
 125 00a1 1EBCB80B 		.ascii	"\036\274\270\013\372A\216f_N\006'\345\223d\222\310\322"
 125      FA418E66 
 125      5F4E0627 
 125      E5936492 
 125      C8D2
 126 00b3 0BD36488 		.ascii	"\013\323d\210W\245\244\352\006\252\037\371viL\224\262"
 126      57A5A4EA 
 126      06AA1FF9 
 126      76694C94 
 126      B2
ARM GAS  C:\Users\info\AppData\Local\Temp\ccR3KmL8.s 			page 9


 127 00c4 5AB3CB86 		.ascii	"Z\263\313\206S\275\365\267\224\2435\304\364\376a\353"
 127      53BDF5B7 
 127      94A335C4 
 127      F4FE61EB 
 128 00d4 D9F49EE5 		.ascii	"\331\364\236\345\275\264mp\253\226\337\371\364\027\260"
 128      BDB46D70 
 128      AB96DFF9 
 128      F417B0
 129 00e3 9BCEF1A8 		.ascii	"\233\316\361\250\006\016\020B\011<(\016Q\0005\220\375"
 129      060E1042 
 129      093C280E 
 129      51003590 
 129      FD
 130 00f4 9AA0AC86 		.ascii	"\232\240\254\206'\267}\326\272\362\011\037\010\340\210"
 130      27B77DD6 
 130      BAF2091F 
 130      08E088
 131 0103 610D649A 		.ascii	"a\015d\232+-\345\031\032\214\023Fs\271nx\035\0377\231"
 131      2B2DE519 
 131      1A8C1346 
 131      73B96E78 
 131      1D1F3799 
 132 0117 566D96DD 		.ascii	"Vm\226\335.\241)h\034\377\323\352\360@\202\243'\374"
 132      2EA12968 
 132      1CFFD3EA 
 132      F04082A3 
 132      27FC
 133 0129 8998F4BB 		.ascii	"\211\230\364\273\030d!^\257w\322\232\267\222\263\013"
 133      1864215E 
 133      AF77D29A 
 133      B792B30B 
 134 0139 D65C6C3A 		.ascii	"\326\\l:\261\230\214[\321\251\351\304\370H4\222X\212"
 134      B1988C5B 
 134      D1A9E9C4 
 134      F8483492 
 134      588A
 135 014b 0D0FC4E9 		.ascii	"\015\017\304\351\007\246\002{>"
 135      07A6027B 
 135      3E
 136              		.text
 137              		.section	.gnu.lto_.symbol_nodes.bf151127,"",%progbits
 138 0000 789C6361 		.ascii	"x\234ca`dpc\000\002&\206z\006\206\011\347\030@\324\256"
 138      60647063 
 138      00022686 
 138      7A068609 
 138      E71840D4 
 139 0015 0645A000 		.ascii	"\006E\240\000c=#\252\000S=\023\252\000s=3\212\000\003"
 139      633D23AA 
 139      00533D13 
 139      AA00733D 
 139      338A0003 
 140 0029 0026B60F 		.ascii	"\000&\266\017<"
 140      3C
 141              		.text
 142              		.section	.gnu.lto_.refs.bf151127,"",%progbits
 143 0000 789C6361 		.ascii	"x\234ca`\004B \000\000\0009\000\007"
 143      60044220 
ARM GAS  C:\Users\info\AppData\Local\Temp\ccR3KmL8.s 			page 10


 143      00000039 
 143      0007
 144              		.text
 145              		.section	.gnu.lto_.decls.bf151127,"",%progbits
 146 0000 789C8D53 		.ascii	"x\234\215S]HTA\024\236s\357\356jwMM\242|X\312|\362i"
 146      5D485441 
 146      149E73EF 
 146      EE6A774D 
 146      4DA27C58 
 147 0018 492CF0A9 		.ascii	"I,\360\251\002%\237\312\3202(A\374\271\230/nlk\341C"
 147      02259FCA 
 147      D0322841 
 147      FCB9982F 
 147      6E6C6BE1 
 148 002d 30F80326 		.ascii	"0\370\003&\222JYjJ\366\357\277k\376\264\273Y\256e%\221"
 148      924A596A 
 148      4AF6EFBF 
 148      6BFEB4BB 
 148      59AE6525 
 149 0042 E10F08E2 		.ascii	"\341\017\010\342\203\212\211\330\037\206RI\331vf\356"
 149      838A89D8 
 149      1F865249 
 149      D97666EE 
 150 0052 DDBD5B6D 		.ascii	"\335\275[m\340\341\236\231sf\316\367\3157ggu\004\010"
 150      E0E19E99 
 150      7366CEF7 
 150      CD376767 
 150      750408
 151 0065 B3D33A42 		.ascii	"\263\323:B\256\340l\302\324\203\246\3078\215h\206\333"
 151      AEE06CC2 
 151      D483A6C7 
 151      388D6886 
 151      DB
 152 0076 A407BD0F 		.ascii	"\244\007\275\017\335\201\356\"\377\032\3337\250\270"
 152      DD81EE22 
 152      FF1ADB37 
 152      A8B8
 153 0084 4EC6853E 		.ascii	"N\306\205>\204>\210\236\254\326\200Z\367\267\365\005"
 153      843E889E 
 153      ACD6805A 
 153      F7B7F505 
 154 0094 C00EFBE1 		.ascii	"\300\016\373\341\275\330\276\000X\246G\357\207K\016"
 154      BDD8BE00 
 154      58A647EF 
 154      874B0E
 155 00a3 807304C0 		.ascii	"\200s\004\300\2716\201\013t\317\015\001\034\345\265"
 155      B936810B 
 155      74CF0D01 
 155      1CE5B5
 156 00b2 5FC36660 		.ascii	"_\303f`\032\004P\033H\000\224\021\270\023\305y\212\201"
 156      1A04501B 
 156      48009411 
 156      B813C579 
 156      8A81
 157 00c4 C047E25B 		.ascii	"\300G\342[\362M\304W\242\206\032\031\377\274\263\307"
 157      F24DC457 
 157      A2861A19 
ARM GAS  C:\Users\info\AppData\Local\Temp\ccR3KmL8.s 			page 11


 157      FFBCB3C7 
 158 00d4 6B9C4463 		.ascii	"k\234Dc\007\025\004>\005j\314\367\005\355\000PR/\300"
 158      0715043E 
 158      056ACCF7 
 158      05ED0050 
 158      522FC0
 159 00e7 8F4F91EB 		.ascii	"\217O\221\353\247\011\376\274\023x/}\257\362\375O\203"
 159      A709FEBC 
 159      13782F7D 
 159      AFF2FD4F 
 159      83
 160 00f8 8837C678 		.ascii	"\2107\306xv\275\371\260\271\235\242UQ*\354\322:\323"
 160      76BDF9B0 
 160      B99DA255 
 160      512AECD2 
 160      3AD3
 161 010a 55FAAE25 		.ascii	"U\372\256%xM\000\223\004\036`\371G\347\372V%g\333u\325"
 161      784D0093 
 161      041E60F9 
 161      47E7FA56 
 161      2567DB75 
 162 011f 0BBF8CE2 		.ascii	"\013\277\214\342N\026\013\223\013m\313:\210\221\356"
 162      4E160B93 
 162      0B6DCB3A 
 162      8891EE
 163 012e 339AB91F 		.ascii	"3\232\271\037\366\003NJ\303\241\023$h\007\021Z\300\314"
 163      F6034E4A 
 163      C3A11324 
 163      6807115A 
 163      C0CC
 164 0140 0E374938 		.ascii	"\0167I8\226QZDWnSC$\2018\023\3545\021\350\200\030\306"
 164      96515A44 
 164      576E5343 
 164      24813813 
 164      EC3511E8 
 165 0157 C9AAA00D 		.ascii	"\311\252\240\015L\320\012&\306\277x\375\346\007\203"
 165      4CD00A26 
 165      C6BF78FD 
 165      E60783
 166 0166 4E4020E3 		.ascii	"N@ \343\311\322\261\265\027\236o\3560\224\020!\201\200"
 166      C9D2B1B5 
 166      179E6FEE 
 166      30941021 
 166      8180
 167 0178 E9C4CA9B 		.ascii	"\351\304\312\233F#\246\333%\010\307\364\355\325\351"
 167      4623A6DB 
 167      2508C7F4 
 167      EDD5E9
 168 0187 0988BCC6 		.ascii	"\011\210\274\3064\320b\032%@\332\016\350FB;\022\022"
 168      34D0621A 
 168      2540DA0E 
 168      E846423B 
 168      1212
 169 0199 78089138 		.ascii	"x\010\2218v\201Nm\301R\317\354\226\350&\332d\247s\236"
 169      76814E6D 
 169      C152CFEC 
 169      96E826DA 
ARM GAS  C:\Users\info\AppData\Local\Temp\ccR3KmL8.s 			page 12


 169      64A7739E 
 170 01ad C5B83AEA 		.ascii	"\305\270:\352.B\230\300\312\240Y\023\215!\233\036\300"
 170      2E4298C0 
 170      CAA05913 
 170      8D219B1E 
 170      C0
 171 01be 0CB6B207 		.ascii	"\014\266\262\007\242\021\371\371\262\375\224\230\301"
 171      A211F9F9 
 171      B2FD9498 
 171      C1
 172 01cb 7B307EB7 		.ascii	"{0~\267|\311\240\220\270\327^\206\3201\2448\304)z5\212"
 172      7CC9A090 
 172      B8D75E86 
 172      D031A438 
 172      C4297A35 
 173 01e0 5E7F8A3E 		.ascii	"^\177\212>N12\273\321\255\027\255\234\243\261\352N\253"
 173      4E3132BB 
 173      D1AD17AD 
 173      9CA3B1EA 
 173      4EAB
 174 01f2 D15F35BB 		.ascii	"\321_5\273\256&\373\021\227\235\245\252.\257h\2575\252"
 174      AE26FB11 
 174      979DA5AA 
 174      2EAF68AF 
 174      35AA
 175 0204 074EBE12 		.ascii	"\007N\276\022}\252\261\012\372\265#\373\375\217t\360"
 175      7DAAB10A 
 175      FAB523FB 
 175      FD8F74F0 
 176 0214 23E74B3B 		.ascii	"#\347K;*\202\305\213\374\310R\327\374*\250,\256\327"
 176      2A82C58B 
 176      FCC852D7 
 176      FC2AA82C 
 176      AED7
 177 0226 5ED98CC3 		.ascii	"^\331\214\303\251q8\3759\\\234c\274\304\336 *\355\327"
 177      A97138FD 
 177      395C9C63 
 177      BCC4DE20 
 177      2AEDD7
 178 0239 61FA65B4 		.ascii	"a\372e\264~!Ti\177\024\246k%\253S\006\251\214\335bS"
 178      7E215469 
 178      7F14A66B 
 178      25AB5306 
 178      A98CDD62 
 179 024e 3FF0E8F2 		.ascii	"?\360\350\362-O\220X\011\374\005\365\324\324\325\004"
 179      2D4F9058 
 179      09FC05F5 
 179      D4D4D504 
 180 025e 81141300 		.ascii	"\201\024\023\000\356\016\000W\037\332\367\343\325\227"
 180      EE0E0057 
 180      1FDAF7E3 
 180      D597
 181 026c D8F507B1 		.ascii	"\330\365\007\261eO5\351O@R\332\325;\366\251K\037R\316"
 181      654F35E9 
 181      4F4052DA 
 181      D53BF6A9 
 181      4B1F52CE 
ARM GAS  C:\Users\info\AppData\Local\Temp\ccR3KmL8.s 			page 13


 182 0280 DE5C5531 		.ascii	"\336\\U1\215\030\011\345\225\003H\362\2307w\010B\370"
 182      8D1809E5 
 182      950348F2 
 182      98377708 
 182      42F8
 183 0292 9F03E70D 		.ascii	"\237\003\347\015A\034\230\272\321 \342\036\373\244z"
 183      411C98BA 
 183      D120E21E 
 183      FBA47A
 184 02a1 8A52E838 		.ascii	"\212R\3508\3000\222\361d\345 \217\3312])\242\206\332"
 184      C03092F1 
 184      64E5208F 
 184      D9325D29 
 184      A286DA
 185 02b4 50AF44C2 		.ascii	"P\257D\3027\010<C\344s$\346\2511\305r!c_\306Ik\236M"
 185      37083C43 
 185      E47324E6 
 185      A931C572 
 185      21635FC6 
 186 02cc 0E4E3A7A 		.ascii	"\016N:z\"*!6\226\350\013\362\362m\361{\222\344|\331"
 186      222A2136 
 186      96E80BF2 
 186      F26DF17B 
 186      92E47CD9 
 187 02e0 9A699373 		.ascii	"\232i\223s2R-\005\326l9\375X\252%a\177zv\241\255\360"
 187      32522D05 
 187      D66C39FD 
 187      58AA2561 
 187      7F7A76A1 
 188 02f6 AC7CCE7C 		.ascii	"\254|\316|\206\354\376O\005\3474g\223\010\205<U\266"
 188      86ECFE4F 
 188      05E73467 
 188      9308853C 
 188      55B6
 189 0308 255AF3CE 		.ascii	"%Z\363\316\313G,9\262\244,\245\310\2319\333\26401\323"
 189      CB472C39 
 189      B2A42CA5 
 189      C89939DB 
 189      B43031D3 
 190 031c 969922E7 		.ascii	"\226\231\"\347\352\254rn\374o\004\212lM"
 190      EAAC726E 
 190      FC6F048A 
 190      6C4D
 191              		.text
 192              		.section	.gnu.lto_.symtab.bf151127,"",%progbits
 193 0000 526F775F 		.ascii	"Row_4_Write\000"
 193      345F5772 
 193      69746500 
 194 000c 00       		.ascii	"\000"
 195 000d 00       		.ascii	"\000"
 196 000e 00       		.ascii	"\000"
 197 000f 00000000 		.ascii	"\000\000\000\000\000\000\000\000"
 197      00000000 
 198 0017 B3000000 		.ascii	"\263\000\000\000"
 199 001b 526F775F 		.ascii	"Row_4_SetDriveMode\000"
 199      345F5365 
 199      74447269 
ARM GAS  C:\Users\info\AppData\Local\Temp\ccR3KmL8.s 			page 14


 199      76654D6F 
 199      646500
 200 002e 00       		.ascii	"\000"
 201 002f 00       		.ascii	"\000"
 202 0030 00       		.ascii	"\000"
 203 0031 00000000 		.ascii	"\000\000\000\000\000\000\000\000"
 203      00000000 
 204 0039 B5000000 		.ascii	"\265\000\000\000"
 205 003d 526F775F 		.ascii	"Row_4_Read\000"
 205      345F5265 
 205      616400
 206 0048 00       		.ascii	"\000"
 207 0049 00       		.ascii	"\000"
 208 004a 00       		.ascii	"\000"
 209 004b 00000000 		.ascii	"\000\000\000\000\000\000\000\000"
 209      00000000 
 210 0053 B8000000 		.ascii	"\270\000\000\000"
 211 0057 526F775F 		.ascii	"Row_4_ReadDataReg\000"
 211      345F5265 
 211      61644461 
 211      74615265 
 211      6700
 212 0069 00       		.ascii	"\000"
 213 006a 00       		.ascii	"\000"
 214 006b 00       		.ascii	"\000"
 215 006c 00000000 		.ascii	"\000\000\000\000\000\000\000\000"
 215      00000000 
 216 0074 BA000000 		.ascii	"\272\000\000\000"
 217              		.text
 218              		.section	.gnu.lto_.opts,"",%progbits
 219 0000 272D666D 		.ascii	"'-fmath-errno' '-fsigned-zeros' '-ftrapping-math' '"
 219      6174682D 
 219      6572726E 
 219      6F272027 
 219      2D667369 
 220 0033 2D666E6F 		.ascii	"-fno-trapv' '-fno-openmp' '-fno-openacc' '-mcpu=cor"
 220      2D747261 
 220      70762720 
 220      272D666E 
 220      6F2D6F70 
 221 0066 7465782D 		.ascii	"tex-m3' '-mthumb' '-g' '-Os' '-ffunction-sections' "
 221      6D332720 
 221      272D6D74 
 221      68756D62 
 221      2720272D 
 222 0099 272D6666 		.ascii	"'-ffat-lto-objects' '-flto'\000"
 222      61742D6C 
 222      746F2D6F 
 222      626A6563 
 222      74732720 
 223              		.text
 224              		.cfi_sections	.debug_frame
 225              		.section	.text.Row_4_Write,"ax",%progbits
 226              		.align	1
 227              		.global	Row_4_Write
 228              		.thumb
 229              		.thumb_func
ARM GAS  C:\Users\info\AppData\Local\Temp\ccR3KmL8.s 			page 15


 230              		.type	Row_4_Write, %function
 231              	Row_4_Write:
 232              	.LFB0:
 233              		.file 1 "Generated_Source\\PSoC5\\Row_4.c"
   1:Generated_Source\PSoC5/Row_4.c **** /*******************************************************************************
   2:Generated_Source\PSoC5/Row_4.c **** * File Name: Row_4.c  
   3:Generated_Source\PSoC5/Row_4.c **** * Version 2.20
   4:Generated_Source\PSoC5/Row_4.c **** *
   5:Generated_Source\PSoC5/Row_4.c **** * Description:
   6:Generated_Source\PSoC5/Row_4.c **** *  This file contains API to enable firmware control of a Pins component.
   7:Generated_Source\PSoC5/Row_4.c **** *
   8:Generated_Source\PSoC5/Row_4.c **** * Note:
   9:Generated_Source\PSoC5/Row_4.c **** *
  10:Generated_Source\PSoC5/Row_4.c **** ********************************************************************************
  11:Generated_Source\PSoC5/Row_4.c **** * Copyright 2008-2015, Cypress Semiconductor Corporation.  All rights reserved.
  12:Generated_Source\PSoC5/Row_4.c **** * You may use this file only in accordance with the license, terms, conditions, 
  13:Generated_Source\PSoC5/Row_4.c **** * disclaimers, and limitations in the end user license agreement accompanying 
  14:Generated_Source\PSoC5/Row_4.c **** * the software package with which this file was provided.
  15:Generated_Source\PSoC5/Row_4.c **** *******************************************************************************/
  16:Generated_Source\PSoC5/Row_4.c **** 
  17:Generated_Source\PSoC5/Row_4.c **** #include "cytypes.h"
  18:Generated_Source\PSoC5/Row_4.c **** #include "Row_4.h"
  19:Generated_Source\PSoC5/Row_4.c **** 
  20:Generated_Source\PSoC5/Row_4.c **** /* APIs are not generated for P15[7:6] on PSoC 5 */
  21:Generated_Source\PSoC5/Row_4.c **** #if !(CY_PSOC5A &&\
  22:Generated_Source\PSoC5/Row_4.c **** 	 Row_4__PORT == 15 && ((Row_4__MASK & 0xC0) != 0))
  23:Generated_Source\PSoC5/Row_4.c **** 
  24:Generated_Source\PSoC5/Row_4.c **** 
  25:Generated_Source\PSoC5/Row_4.c **** /*******************************************************************************
  26:Generated_Source\PSoC5/Row_4.c **** * Function Name: Row_4_Write
  27:Generated_Source\PSoC5/Row_4.c **** ****************************************************************************//**
  28:Generated_Source\PSoC5/Row_4.c **** *
  29:Generated_Source\PSoC5/Row_4.c **** * \brief Writes the value to the physical port (data output register), masking
  30:Generated_Source\PSoC5/Row_4.c **** *  and shifting the bits appropriately. 
  31:Generated_Source\PSoC5/Row_4.c **** *
  32:Generated_Source\PSoC5/Row_4.c **** * The data output register controls the signal applied to the physical pin in 
  33:Generated_Source\PSoC5/Row_4.c **** * conjunction with the drive mode parameter. This function avoids changing 
  34:Generated_Source\PSoC5/Row_4.c **** * other bits in the port by using the appropriate method (read-modify-write or
  35:Generated_Source\PSoC5/Row_4.c **** * bit banding).
  36:Generated_Source\PSoC5/Row_4.c **** *
  37:Generated_Source\PSoC5/Row_4.c **** * <b>Note</b> This function should not be used on a hardware digital output pin 
  38:Generated_Source\PSoC5/Row_4.c **** * as it is driven by the hardware signal attached to it.
  39:Generated_Source\PSoC5/Row_4.c **** *
  40:Generated_Source\PSoC5/Row_4.c **** * \param value
  41:Generated_Source\PSoC5/Row_4.c **** *  Value to write to the component instance.
  42:Generated_Source\PSoC5/Row_4.c **** *
  43:Generated_Source\PSoC5/Row_4.c **** * \return 
  44:Generated_Source\PSoC5/Row_4.c **** *  None 
  45:Generated_Source\PSoC5/Row_4.c **** *
  46:Generated_Source\PSoC5/Row_4.c **** * \sideeffect
  47:Generated_Source\PSoC5/Row_4.c **** *  If you use read-modify-write operations that are not atomic; the Interrupt 
  48:Generated_Source\PSoC5/Row_4.c **** *  Service Routines (ISR) can cause corruption of this function. An ISR that 
  49:Generated_Source\PSoC5/Row_4.c **** *  interrupts this function and performs writes to the Pins component data 
  50:Generated_Source\PSoC5/Row_4.c **** *  register can cause corrupted port data. To avoid this issue, you should 
  51:Generated_Source\PSoC5/Row_4.c **** *  either use the Per-Pin APIs (primary method) or disable interrupts around 
  52:Generated_Source\PSoC5/Row_4.c **** *  this function.
  53:Generated_Source\PSoC5/Row_4.c **** *
ARM GAS  C:\Users\info\AppData\Local\Temp\ccR3KmL8.s 			page 16


  54:Generated_Source\PSoC5/Row_4.c **** * \funcusage
  55:Generated_Source\PSoC5/Row_4.c **** *  \snippet Row_4_SUT.c usage_Row_4_Write
  56:Generated_Source\PSoC5/Row_4.c **** *******************************************************************************/
  57:Generated_Source\PSoC5/Row_4.c **** void Row_4_Write(uint8 value)
  58:Generated_Source\PSoC5/Row_4.c **** {
 234              		.loc 1 58 0
 235              		.cfi_startproc
 236              		@ args = 0, pretend = 0, frame = 0
 237              		@ frame_needed = 0, uses_anonymous_args = 0
 238              		@ link register save eliminated.
 239              	.LVL0:
  59:Generated_Source\PSoC5/Row_4.c ****     uint8 staticBits = (Row_4_DR & (uint8)(~Row_4_MASK));
 240              		.loc 1 59 0
 241 0000 044A     		ldr	r2, .L2
  60:Generated_Source\PSoC5/Row_4.c ****     Row_4_DR = staticBits | ((uint8)(value << Row_4_SHIFT) & Row_4_MASK);
 242              		.loc 1 60 0
 243 0002 C000     		lsls	r0, r0, #3
 244              	.LVL1:
  59:Generated_Source\PSoC5/Row_4.c ****     uint8 staticBits = (Row_4_DR & (uint8)(~Row_4_MASK));
 245              		.loc 1 59 0
 246 0004 1378     		ldrb	r3, [r2]	@ zero_extendqisi2
 247              	.LVL2:
 248              		.loc 1 60 0
 249 0006 00F00800 		and	r0, r0, #8
 250 000a 03F0F703 		and	r3, r3, #247
 251              	.LVL3:
 252 000e 0343     		orrs	r3, r3, r0
 253 0010 1370     		strb	r3, [r2]
 254 0012 7047     		bx	lr
 255              	.L3:
 256              		.align	2
 257              	.L2:
 258 0014 30510040 		.word	1073762608
 259              		.cfi_endproc
 260              	.LFE0:
 261              		.size	Row_4_Write, .-Row_4_Write
 262              		.section	.text.Row_4_SetDriveMode,"ax",%progbits
 263              		.align	1
 264              		.global	Row_4_SetDriveMode
 265              		.thumb
 266              		.thumb_func
 267              		.type	Row_4_SetDriveMode, %function
 268              	Row_4_SetDriveMode:
 269              	.LFB1:
  61:Generated_Source\PSoC5/Row_4.c **** }
  62:Generated_Source\PSoC5/Row_4.c **** 
  63:Generated_Source\PSoC5/Row_4.c **** 
  64:Generated_Source\PSoC5/Row_4.c **** /*******************************************************************************
  65:Generated_Source\PSoC5/Row_4.c **** * Function Name: Row_4_SetDriveMode
  66:Generated_Source\PSoC5/Row_4.c **** ****************************************************************************//**
  67:Generated_Source\PSoC5/Row_4.c **** *
  68:Generated_Source\PSoC5/Row_4.c **** * \brief Sets the drive mode for each of the Pins component's pins.
  69:Generated_Source\PSoC5/Row_4.c **** * 
  70:Generated_Source\PSoC5/Row_4.c **** * <b>Note</b> This affects all pins in the Pins component instance. Use the
  71:Generated_Source\PSoC5/Row_4.c **** * Per-Pin APIs if you wish to control individual pin's drive modes.
  72:Generated_Source\PSoC5/Row_4.c **** *
  73:Generated_Source\PSoC5/Row_4.c **** * \param mode
ARM GAS  C:\Users\info\AppData\Local\Temp\ccR3KmL8.s 			page 17


  74:Generated_Source\PSoC5/Row_4.c **** *  Mode for the selected signals. Valid options are documented in 
  75:Generated_Source\PSoC5/Row_4.c **** *  \ref driveMode.
  76:Generated_Source\PSoC5/Row_4.c **** *
  77:Generated_Source\PSoC5/Row_4.c **** * \return
  78:Generated_Source\PSoC5/Row_4.c **** *  None
  79:Generated_Source\PSoC5/Row_4.c **** *
  80:Generated_Source\PSoC5/Row_4.c **** * \sideeffect
  81:Generated_Source\PSoC5/Row_4.c **** *  If you use read-modify-write operations that are not atomic, the ISR can
  82:Generated_Source\PSoC5/Row_4.c **** *  cause corruption of this function. An ISR that interrupts this function 
  83:Generated_Source\PSoC5/Row_4.c **** *  and performs writes to the Pins component Drive Mode registers can cause 
  84:Generated_Source\PSoC5/Row_4.c **** *  corrupted port data. To avoid this issue, you should either use the Per-Pin
  85:Generated_Source\PSoC5/Row_4.c **** *  APIs (primary method) or disable interrupts around this function.
  86:Generated_Source\PSoC5/Row_4.c **** *
  87:Generated_Source\PSoC5/Row_4.c **** * \funcusage
  88:Generated_Source\PSoC5/Row_4.c **** *  \snippet Row_4_SUT.c usage_Row_4_SetDriveMode
  89:Generated_Source\PSoC5/Row_4.c **** *******************************************************************************/
  90:Generated_Source\PSoC5/Row_4.c **** void Row_4_SetDriveMode(uint8 mode)
  91:Generated_Source\PSoC5/Row_4.c **** {
 270              		.loc 1 91 0
 271              		.cfi_startproc
 272              		@ args = 0, pretend = 0, frame = 0
 273              		@ frame_needed = 0, uses_anonymous_args = 0
 274              		@ link register save eliminated.
 275              	.LVL4:
  92:Generated_Source\PSoC5/Row_4.c **** 	CyPins_SetPinDriveMode(Row_4_0, mode);
 276              		.loc 1 92 0
 277 0000 044A     		ldr	r2, .L5
 278 0002 00F00E00 		and	r0, r0, #14
 279              	.LVL5:
 280 0006 1378     		ldrb	r3, [r2]	@ zero_extendqisi2
 281 0008 03F0F103 		and	r3, r3, #241
 282 000c 1843     		orrs	r0, r0, r3
 283 000e 1070     		strb	r0, [r2]
 284 0010 7047     		bx	lr
 285              	.L6:
 286 0012 00BF     		.align	2
 287              	.L5:
 288 0014 1B500040 		.word	1073762331
 289              		.cfi_endproc
 290              	.LFE1:
 291              		.size	Row_4_SetDriveMode, .-Row_4_SetDriveMode
 292              		.section	.text.Row_4_Read,"ax",%progbits
 293              		.align	1
 294              		.global	Row_4_Read
 295              		.thumb
 296              		.thumb_func
 297              		.type	Row_4_Read, %function
 298              	Row_4_Read:
 299              	.LFB2:
  93:Generated_Source\PSoC5/Row_4.c **** }
  94:Generated_Source\PSoC5/Row_4.c **** 
  95:Generated_Source\PSoC5/Row_4.c **** 
  96:Generated_Source\PSoC5/Row_4.c **** /*******************************************************************************
  97:Generated_Source\PSoC5/Row_4.c **** * Function Name: Row_4_Read
  98:Generated_Source\PSoC5/Row_4.c **** ****************************************************************************//**
  99:Generated_Source\PSoC5/Row_4.c **** *
 100:Generated_Source\PSoC5/Row_4.c **** * \brief Reads the associated physical port (pin status register) and masks 
ARM GAS  C:\Users\info\AppData\Local\Temp\ccR3KmL8.s 			page 18


 101:Generated_Source\PSoC5/Row_4.c **** *  the required bits according to the width and bit position of the component
 102:Generated_Source\PSoC5/Row_4.c **** *  instance. 
 103:Generated_Source\PSoC5/Row_4.c **** *
 104:Generated_Source\PSoC5/Row_4.c **** * The pin's status register returns the current logic level present on the 
 105:Generated_Source\PSoC5/Row_4.c **** * physical pin.
 106:Generated_Source\PSoC5/Row_4.c **** *
 107:Generated_Source\PSoC5/Row_4.c **** * \return 
 108:Generated_Source\PSoC5/Row_4.c **** *  The current value for the pins in the component as a right justified number.
 109:Generated_Source\PSoC5/Row_4.c **** *
 110:Generated_Source\PSoC5/Row_4.c **** * \funcusage
 111:Generated_Source\PSoC5/Row_4.c **** *  \snippet Row_4_SUT.c usage_Row_4_Read  
 112:Generated_Source\PSoC5/Row_4.c **** *******************************************************************************/
 113:Generated_Source\PSoC5/Row_4.c **** uint8 Row_4_Read(void)
 114:Generated_Source\PSoC5/Row_4.c **** {
 300              		.loc 1 114 0
 301              		.cfi_startproc
 302              		@ args = 0, pretend = 0, frame = 0
 303              		@ frame_needed = 0, uses_anonymous_args = 0
 304              		@ link register save eliminated.
 115:Generated_Source\PSoC5/Row_4.c ****     return (Row_4_PS & Row_4_MASK) >> Row_4_SHIFT;
 305              		.loc 1 115 0
 306 0000 024B     		ldr	r3, .L8
 307 0002 1878     		ldrb	r0, [r3]	@ zero_extendqisi2
 116:Generated_Source\PSoC5/Row_4.c **** }
 308              		.loc 1 116 0
 309 0004 C0F3C000 		ubfx	r0, r0, #3, #1
 310 0008 7047     		bx	lr
 311              	.L9:
 312 000a 00BF     		.align	2
 313              	.L8:
 314 000c 31510040 		.word	1073762609
 315              		.cfi_endproc
 316              	.LFE2:
 317              		.size	Row_4_Read, .-Row_4_Read
 318              		.section	.text.Row_4_ReadDataReg,"ax",%progbits
 319              		.align	1
 320              		.global	Row_4_ReadDataReg
 321              		.thumb
 322              		.thumb_func
 323              		.type	Row_4_ReadDataReg, %function
 324              	Row_4_ReadDataReg:
 325              	.LFB3:
 117:Generated_Source\PSoC5/Row_4.c **** 
 118:Generated_Source\PSoC5/Row_4.c **** 
 119:Generated_Source\PSoC5/Row_4.c **** /*******************************************************************************
 120:Generated_Source\PSoC5/Row_4.c **** * Function Name: Row_4_ReadDataReg
 121:Generated_Source\PSoC5/Row_4.c **** ****************************************************************************//**
 122:Generated_Source\PSoC5/Row_4.c **** *
 123:Generated_Source\PSoC5/Row_4.c **** * \brief Reads the associated physical port's data output register and masks 
 124:Generated_Source\PSoC5/Row_4.c **** *  the correct bits according to the width and bit position of the component 
 125:Generated_Source\PSoC5/Row_4.c **** *  instance. 
 126:Generated_Source\PSoC5/Row_4.c **** *
 127:Generated_Source\PSoC5/Row_4.c **** * The data output register controls the signal applied to the physical pin in 
 128:Generated_Source\PSoC5/Row_4.c **** * conjunction with the drive mode parameter. This is not the same as the 
 129:Generated_Source\PSoC5/Row_4.c **** * preferred Row_4_Read() API because the 
 130:Generated_Source\PSoC5/Row_4.c **** * Row_4_ReadDataReg() reads the data register instead of the status 
 131:Generated_Source\PSoC5/Row_4.c **** * register. For output pins this is a useful function to determine the value 
ARM GAS  C:\Users\info\AppData\Local\Temp\ccR3KmL8.s 			page 19


 132:Generated_Source\PSoC5/Row_4.c **** * just written to the pin.
 133:Generated_Source\PSoC5/Row_4.c **** *
 134:Generated_Source\PSoC5/Row_4.c **** * \return 
 135:Generated_Source\PSoC5/Row_4.c **** *  The current value of the data register masked and shifted into a right 
 136:Generated_Source\PSoC5/Row_4.c **** *  justified number for the component instance.
 137:Generated_Source\PSoC5/Row_4.c **** *
 138:Generated_Source\PSoC5/Row_4.c **** * \funcusage
 139:Generated_Source\PSoC5/Row_4.c **** *  \snippet Row_4_SUT.c usage_Row_4_ReadDataReg 
 140:Generated_Source\PSoC5/Row_4.c **** *******************************************************************************/
 141:Generated_Source\PSoC5/Row_4.c **** uint8 Row_4_ReadDataReg(void)
 142:Generated_Source\PSoC5/Row_4.c **** {
 326              		.loc 1 142 0
 327              		.cfi_startproc
 328              		@ args = 0, pretend = 0, frame = 0
 329              		@ frame_needed = 0, uses_anonymous_args = 0
 330              		@ link register save eliminated.
 143:Generated_Source\PSoC5/Row_4.c ****     return (Row_4_DR & Row_4_MASK) >> Row_4_SHIFT;
 331              		.loc 1 143 0
 332 0000 024B     		ldr	r3, .L11
 333 0002 1878     		ldrb	r0, [r3]	@ zero_extendqisi2
 144:Generated_Source\PSoC5/Row_4.c **** }
 334              		.loc 1 144 0
 335 0004 C0F3C000 		ubfx	r0, r0, #3, #1
 336 0008 7047     		bx	lr
 337              	.L12:
 338 000a 00BF     		.align	2
 339              	.L11:
 340 000c 30510040 		.word	1073762608
 341              		.cfi_endproc
 342              	.LFE3:
 343              		.size	Row_4_ReadDataReg, .-Row_4_ReadDataReg
 344              		.text
 345              	.Letext0:
 346              		.file 2 "Generated_Source\\PSoC5\\cytypes.h"
 347              		.section	.debug_info,"",%progbits
 348              	.Ldebug_info0:
 349 0000 1D010000 		.4byte	0x11d
 350 0004 0400     		.2byte	0x4
 351 0006 00000000 		.4byte	.Ldebug_abbrev0
 352 000a 04       		.byte	0x4
 353 000b 01       		.uleb128 0x1
 354 000c 1A010000 		.4byte	.LASF20
 355 0010 0C       		.byte	0xc
 356 0011 E4000000 		.4byte	.LASF21
 357 0015 2E000000 		.4byte	.LASF22
 358 0019 00000000 		.4byte	.Ldebug_ranges0+0
 359 001d 00000000 		.4byte	0
 360 0021 00000000 		.4byte	.Ldebug_line0
 361 0025 02       		.uleb128 0x2
 362 0026 01       		.byte	0x1
 363 0027 06       		.byte	0x6
 364 0028 F1010000 		.4byte	.LASF0
 365 002c 02       		.uleb128 0x2
 366 002d 01       		.byte	0x1
 367 002e 08       		.byte	0x8
 368 002f 98000000 		.4byte	.LASF1
 369 0033 02       		.uleb128 0x2
ARM GAS  C:\Users\info\AppData\Local\Temp\ccR3KmL8.s 			page 20


 370 0034 02       		.byte	0x2
 371 0035 05       		.byte	0x5
 372 0036 D8010000 		.4byte	.LASF2
 373 003a 02       		.uleb128 0x2
 374 003b 02       		.byte	0x2
 375 003c 07       		.byte	0x7
 376 003d BD000000 		.4byte	.LASF3
 377 0041 02       		.uleb128 0x2
 378 0042 04       		.byte	0x4
 379 0043 05       		.byte	0x5
 380 0044 E8010000 		.4byte	.LASF4
 381 0048 02       		.uleb128 0x2
 382 0049 04       		.byte	0x4
 383 004a 07       		.byte	0x7
 384 004b AB000000 		.4byte	.LASF5
 385 004f 02       		.uleb128 0x2
 386 0050 08       		.byte	0x8
 387 0051 05       		.byte	0x5
 388 0052 C5010000 		.4byte	.LASF6
 389 0056 02       		.uleb128 0x2
 390 0057 08       		.byte	0x8
 391 0058 07       		.byte	0x7
 392 0059 03010000 		.4byte	.LASF7
 393 005d 03       		.uleb128 0x3
 394 005e 04       		.byte	0x4
 395 005f 05       		.byte	0x5
 396 0060 696E7400 		.ascii	"int\000"
 397 0064 02       		.uleb128 0x2
 398 0065 04       		.byte	0x4
 399 0066 07       		.byte	0x7
 400 0067 D7000000 		.4byte	.LASF8
 401 006b 04       		.uleb128 0x4
 402 006c E2010000 		.4byte	.LASF12
 403 0070 02       		.byte	0x2
 404 0071 E401     		.2byte	0x1e4
 405 0073 2C000000 		.4byte	0x2c
 406 0077 02       		.uleb128 0x2
 407 0078 04       		.byte	0x4
 408 0079 04       		.byte	0x4
 409 007a 28000000 		.4byte	.LASF9
 410 007e 02       		.uleb128 0x2
 411 007f 08       		.byte	0x8
 412 0080 04       		.byte	0x4
 413 0081 D0000000 		.4byte	.LASF10
 414 0085 02       		.uleb128 0x2
 415 0086 01       		.byte	0x1
 416 0087 08       		.byte	0x8
 417 0088 D3010000 		.4byte	.LASF11
 418 008c 04       		.uleb128 0x4
 419 008d A6000000 		.4byte	.LASF13
 420 0091 02       		.byte	0x2
 421 0092 8E02     		.2byte	0x28e
 422 0094 98000000 		.4byte	0x98
 423 0098 05       		.uleb128 0x5
 424 0099 6B000000 		.4byte	0x6b
 425 009d 06       		.uleb128 0x6
 426 009e 1C000000 		.4byte	.LASF14
ARM GAS  C:\Users\info\AppData\Local\Temp\ccR3KmL8.s 			page 21


 427 00a2 01       		.byte	0x1
 428 00a3 39       		.byte	0x39
 429 00a4 00000000 		.4byte	.LFB0
 430 00a8 18000000 		.4byte	.LFE0-.LFB0
 431 00ac 01       		.uleb128 0x1
 432 00ad 9C       		.byte	0x9c
 433 00ae D1000000 		.4byte	0xd1
 434 00b2 07       		.uleb128 0x7
 435 00b3 0B000000 		.4byte	.LASF16
 436 00b7 01       		.byte	0x1
 437 00b8 39       		.byte	0x39
 438 00b9 6B000000 		.4byte	0x6b
 439 00bd 00000000 		.4byte	.LLST0
 440 00c1 08       		.uleb128 0x8
 441 00c2 11000000 		.4byte	.LASF23
 442 00c6 01       		.byte	0x1
 443 00c7 3B       		.byte	0x3b
 444 00c8 6B000000 		.4byte	0x6b
 445 00cc 21000000 		.4byte	.LLST1
 446 00d0 00       		.byte	0
 447 00d1 06       		.uleb128 0x6
 448 00d2 FD010000 		.4byte	.LASF15
 449 00d6 01       		.byte	0x1
 450 00d7 5A       		.byte	0x5a
 451 00d8 00000000 		.4byte	.LFB1
 452 00dc 18000000 		.4byte	.LFE1-.LFB1
 453 00e0 01       		.uleb128 0x1
 454 00e1 9C       		.byte	0x9c
 455 00e2 F6000000 		.4byte	0xf6
 456 00e6 07       		.uleb128 0x7
 457 00e7 C0010000 		.4byte	.LASF17
 458 00eb 01       		.byte	0x1
 459 00ec 5A       		.byte	0x5a
 460 00ed 6B000000 		.4byte	0x6b
 461 00f1 39000000 		.4byte	.LLST2
 462 00f5 00       		.byte	0
 463 00f6 09       		.uleb128 0x9
 464 00f7 00000000 		.4byte	.LASF18
 465 00fb 01       		.byte	0x1
 466 00fc 71       		.byte	0x71
 467 00fd 6B000000 		.4byte	0x6b
 468 0101 00000000 		.4byte	.LFB2
 469 0105 10000000 		.4byte	.LFE2-.LFB2
 470 0109 01       		.uleb128 0x1
 471 010a 9C       		.byte	0x9c
 472 010b 09       		.uleb128 0x9
 473 010c AE010000 		.4byte	.LASF19
 474 0110 01       		.byte	0x1
 475 0111 8D       		.byte	0x8d
 476 0112 6B000000 		.4byte	0x6b
 477 0116 00000000 		.4byte	.LFB3
 478 011a 10000000 		.4byte	.LFE3-.LFB3
 479 011e 01       		.uleb128 0x1
 480 011f 9C       		.byte	0x9c
 481 0120 00       		.byte	0
 482              		.section	.debug_abbrev,"",%progbits
 483              	.Ldebug_abbrev0:
ARM GAS  C:\Users\info\AppData\Local\Temp\ccR3KmL8.s 			page 22


 484 0000 01       		.uleb128 0x1
 485 0001 11       		.uleb128 0x11
 486 0002 01       		.byte	0x1
 487 0003 25       		.uleb128 0x25
 488 0004 0E       		.uleb128 0xe
 489 0005 13       		.uleb128 0x13
 490 0006 0B       		.uleb128 0xb
 491 0007 03       		.uleb128 0x3
 492 0008 0E       		.uleb128 0xe
 493 0009 1B       		.uleb128 0x1b
 494 000a 0E       		.uleb128 0xe
 495 000b 55       		.uleb128 0x55
 496 000c 17       		.uleb128 0x17
 497 000d 11       		.uleb128 0x11
 498 000e 01       		.uleb128 0x1
 499 000f 10       		.uleb128 0x10
 500 0010 17       		.uleb128 0x17
 501 0011 00       		.byte	0
 502 0012 00       		.byte	0
 503 0013 02       		.uleb128 0x2
 504 0014 24       		.uleb128 0x24
 505 0015 00       		.byte	0
 506 0016 0B       		.uleb128 0xb
 507 0017 0B       		.uleb128 0xb
 508 0018 3E       		.uleb128 0x3e
 509 0019 0B       		.uleb128 0xb
 510 001a 03       		.uleb128 0x3
 511 001b 0E       		.uleb128 0xe
 512 001c 00       		.byte	0
 513 001d 00       		.byte	0
 514 001e 03       		.uleb128 0x3
 515 001f 24       		.uleb128 0x24
 516 0020 00       		.byte	0
 517 0021 0B       		.uleb128 0xb
 518 0022 0B       		.uleb128 0xb
 519 0023 3E       		.uleb128 0x3e
 520 0024 0B       		.uleb128 0xb
 521 0025 03       		.uleb128 0x3
 522 0026 08       		.uleb128 0x8
 523 0027 00       		.byte	0
 524 0028 00       		.byte	0
 525 0029 04       		.uleb128 0x4
 526 002a 16       		.uleb128 0x16
 527 002b 00       		.byte	0
 528 002c 03       		.uleb128 0x3
 529 002d 0E       		.uleb128 0xe
 530 002e 3A       		.uleb128 0x3a
 531 002f 0B       		.uleb128 0xb
 532 0030 3B       		.uleb128 0x3b
 533 0031 05       		.uleb128 0x5
 534 0032 49       		.uleb128 0x49
 535 0033 13       		.uleb128 0x13
 536 0034 00       		.byte	0
 537 0035 00       		.byte	0
 538 0036 05       		.uleb128 0x5
 539 0037 35       		.uleb128 0x35
 540 0038 00       		.byte	0
ARM GAS  C:\Users\info\AppData\Local\Temp\ccR3KmL8.s 			page 23


 541 0039 49       		.uleb128 0x49
 542 003a 13       		.uleb128 0x13
 543 003b 00       		.byte	0
 544 003c 00       		.byte	0
 545 003d 06       		.uleb128 0x6
 546 003e 2E       		.uleb128 0x2e
 547 003f 01       		.byte	0x1
 548 0040 3F       		.uleb128 0x3f
 549 0041 19       		.uleb128 0x19
 550 0042 03       		.uleb128 0x3
 551 0043 0E       		.uleb128 0xe
 552 0044 3A       		.uleb128 0x3a
 553 0045 0B       		.uleb128 0xb
 554 0046 3B       		.uleb128 0x3b
 555 0047 0B       		.uleb128 0xb
 556 0048 27       		.uleb128 0x27
 557 0049 19       		.uleb128 0x19
 558 004a 11       		.uleb128 0x11
 559 004b 01       		.uleb128 0x1
 560 004c 12       		.uleb128 0x12
 561 004d 06       		.uleb128 0x6
 562 004e 40       		.uleb128 0x40
 563 004f 18       		.uleb128 0x18
 564 0050 9742     		.uleb128 0x2117
 565 0052 19       		.uleb128 0x19
 566 0053 01       		.uleb128 0x1
 567 0054 13       		.uleb128 0x13
 568 0055 00       		.byte	0
 569 0056 00       		.byte	0
 570 0057 07       		.uleb128 0x7
 571 0058 05       		.uleb128 0x5
 572 0059 00       		.byte	0
 573 005a 03       		.uleb128 0x3
 574 005b 0E       		.uleb128 0xe
 575 005c 3A       		.uleb128 0x3a
 576 005d 0B       		.uleb128 0xb
 577 005e 3B       		.uleb128 0x3b
 578 005f 0B       		.uleb128 0xb
 579 0060 49       		.uleb128 0x49
 580 0061 13       		.uleb128 0x13
 581 0062 02       		.uleb128 0x2
 582 0063 17       		.uleb128 0x17
 583 0064 00       		.byte	0
 584 0065 00       		.byte	0
 585 0066 08       		.uleb128 0x8
 586 0067 34       		.uleb128 0x34
 587 0068 00       		.byte	0
 588 0069 03       		.uleb128 0x3
 589 006a 0E       		.uleb128 0xe
 590 006b 3A       		.uleb128 0x3a
 591 006c 0B       		.uleb128 0xb
 592 006d 3B       		.uleb128 0x3b
 593 006e 0B       		.uleb128 0xb
 594 006f 49       		.uleb128 0x49
 595 0070 13       		.uleb128 0x13
 596 0071 02       		.uleb128 0x2
 597 0072 17       		.uleb128 0x17
ARM GAS  C:\Users\info\AppData\Local\Temp\ccR3KmL8.s 			page 24


 598 0073 00       		.byte	0
 599 0074 00       		.byte	0
 600 0075 09       		.uleb128 0x9
 601 0076 2E       		.uleb128 0x2e
 602 0077 00       		.byte	0
 603 0078 3F       		.uleb128 0x3f
 604 0079 19       		.uleb128 0x19
 605 007a 03       		.uleb128 0x3
 606 007b 0E       		.uleb128 0xe
 607 007c 3A       		.uleb128 0x3a
 608 007d 0B       		.uleb128 0xb
 609 007e 3B       		.uleb128 0x3b
 610 007f 0B       		.uleb128 0xb
 611 0080 27       		.uleb128 0x27
 612 0081 19       		.uleb128 0x19
 613 0082 49       		.uleb128 0x49
 614 0083 13       		.uleb128 0x13
 615 0084 11       		.uleb128 0x11
 616 0085 01       		.uleb128 0x1
 617 0086 12       		.uleb128 0x12
 618 0087 06       		.uleb128 0x6
 619 0088 40       		.uleb128 0x40
 620 0089 18       		.uleb128 0x18
 621 008a 9742     		.uleb128 0x2117
 622 008c 19       		.uleb128 0x19
 623 008d 00       		.byte	0
 624 008e 00       		.byte	0
 625 008f 00       		.byte	0
 626              		.section	.debug_loc,"",%progbits
 627              	.Ldebug_loc0:
 628              	.LLST0:
 629 0000 00000000 		.4byte	.LVL0
 630 0004 04000000 		.4byte	.LVL1
 631 0008 0100     		.2byte	0x1
 632 000a 50       		.byte	0x50
 633 000b 04000000 		.4byte	.LVL1
 634 000f 18000000 		.4byte	.LFE0
 635 0013 0400     		.2byte	0x4
 636 0015 F3       		.byte	0xf3
 637 0016 01       		.uleb128 0x1
 638 0017 50       		.byte	0x50
 639 0018 9F       		.byte	0x9f
 640 0019 00000000 		.4byte	0
 641 001d 00000000 		.4byte	0
 642              	.LLST1:
 643 0021 06000000 		.4byte	.LVL2
 644 0025 0E000000 		.4byte	.LVL3
 645 0029 0600     		.2byte	0x6
 646 002b 73       		.byte	0x73
 647 002c 00       		.sleb128 0
 648 002d 09       		.byte	0x9
 649 002e F7       		.byte	0xf7
 650 002f 1A       		.byte	0x1a
 651 0030 9F       		.byte	0x9f
 652 0031 00000000 		.4byte	0
 653 0035 00000000 		.4byte	0
 654              	.LLST2:
ARM GAS  C:\Users\info\AppData\Local\Temp\ccR3KmL8.s 			page 25


 655 0039 00000000 		.4byte	.LVL4
 656 003d 06000000 		.4byte	.LVL5
 657 0041 0100     		.2byte	0x1
 658 0043 50       		.byte	0x50
 659 0044 06000000 		.4byte	.LVL5
 660 0048 18000000 		.4byte	.LFE1
 661 004c 0400     		.2byte	0x4
 662 004e F3       		.byte	0xf3
 663 004f 01       		.uleb128 0x1
 664 0050 50       		.byte	0x50
 665 0051 9F       		.byte	0x9f
 666 0052 00000000 		.4byte	0
 667 0056 00000000 		.4byte	0
 668              		.section	.debug_aranges,"",%progbits
 669 0000 34000000 		.4byte	0x34
 670 0004 0200     		.2byte	0x2
 671 0006 00000000 		.4byte	.Ldebug_info0
 672 000a 04       		.byte	0x4
 673 000b 00       		.byte	0
 674 000c 0000     		.2byte	0
 675 000e 0000     		.2byte	0
 676 0010 00000000 		.4byte	.LFB0
 677 0014 18000000 		.4byte	.LFE0-.LFB0
 678 0018 00000000 		.4byte	.LFB1
 679 001c 18000000 		.4byte	.LFE1-.LFB1
 680 0020 00000000 		.4byte	.LFB2
 681 0024 10000000 		.4byte	.LFE2-.LFB2
 682 0028 00000000 		.4byte	.LFB3
 683 002c 10000000 		.4byte	.LFE3-.LFB3
 684 0030 00000000 		.4byte	0
 685 0034 00000000 		.4byte	0
 686              		.section	.debug_ranges,"",%progbits
 687              	.Ldebug_ranges0:
 688 0000 00000000 		.4byte	.LFB0
 689 0004 18000000 		.4byte	.LFE0
 690 0008 00000000 		.4byte	.LFB1
 691 000c 18000000 		.4byte	.LFE1
 692 0010 00000000 		.4byte	.LFB2
 693 0014 10000000 		.4byte	.LFE2
 694 0018 00000000 		.4byte	.LFB3
 695 001c 10000000 		.4byte	.LFE3
 696 0020 00000000 		.4byte	0
 697 0024 00000000 		.4byte	0
 698              		.section	.debug_line,"",%progbits
 699              	.Ldebug_line0:
 700 0000 90000000 		.section	.debug_str,"MS",%progbits,1
 700      02004200 
 700      00000201 
 700      FB0E0D00 
 700      01010101 
 701              	.LASF18:
 702 0000 526F775F 		.ascii	"Row_4_Read\000"
 702      345F5265 
 702      616400
 703              	.LASF16:
 704 000b 76616C75 		.ascii	"value\000"
 704      6500
ARM GAS  C:\Users\info\AppData\Local\Temp\ccR3KmL8.s 			page 26


 705              	.LASF23:
 706 0011 73746174 		.ascii	"staticBits\000"
 706      69634269 
 706      747300
 707              	.LASF14:
 708 001c 526F775F 		.ascii	"Row_4_Write\000"
 708      345F5772 
 708      69746500 
 709              	.LASF9:
 710 0028 666C6F61 		.ascii	"float\000"
 710      7400
 711              	.LASF22:
 712 002e 433A5C55 		.ascii	"C:\\Users\\info\\Desktop\\Spring 2019 Classes\\6.11"
 712      73657273 
 712      5C696E66 
 712      6F5C4465 
 712      736B746F 
 713 005c 355C362E 		.ascii	"5\\6.115-final\\PSoCCreator\\Final Project\\FinalEm"
 713      3131352D 
 713      66696E61 
 713      6C5C5053 
 713      6F434372 
 714 008b 756C6174 		.ascii	"ulator.cydsn\000"
 714      6F722E63 
 714      7964736E 
 714      00
 715              	.LASF1:
 716 0098 756E7369 		.ascii	"unsigned char\000"
 716      676E6564 
 716      20636861 
 716      7200
 717              	.LASF13:
 718 00a6 72656738 		.ascii	"reg8\000"
 718      00
 719              	.LASF5:
 720 00ab 6C6F6E67 		.ascii	"long unsigned int\000"
 720      20756E73 
 720      69676E65 
 720      6420696E 
 720      7400
 721              	.LASF3:
 722 00bd 73686F72 		.ascii	"short unsigned int\000"
 722      7420756E 
 722      7369676E 
 722      65642069 
 722      6E7400
 723              	.LASF10:
 724 00d0 646F7562 		.ascii	"double\000"
 724      6C6500
 725              	.LASF8:
 726 00d7 756E7369 		.ascii	"unsigned int\000"
 726      676E6564 
 726      20696E74 
 726      00
 727              	.LASF21:
 728 00e4 47656E65 		.ascii	"Generated_Source\\PSoC5\\Row_4.c\000"
 728      72617465 
ARM GAS  C:\Users\info\AppData\Local\Temp\ccR3KmL8.s 			page 27


 728      645F536F 
 728      75726365 
 728      5C50536F 
 729              	.LASF7:
 730 0103 6C6F6E67 		.ascii	"long long unsigned int\000"
 730      206C6F6E 
 730      6720756E 
 730      7369676E 
 730      65642069 
 731              	.LASF20:
 732 011a 474E5520 		.ascii	"GNU C11 5.4.1 20160609 (release) [ARM/embedded-5-br"
 732      43313120 
 732      352E342E 
 732      31203230 
 732      31363036 
 733 014d 616E6368 		.ascii	"anch revision 237715] -mcpu=cortex-m3 -mthumb -g -O"
 733      20726576 
 733      6973696F 
 733      6E203233 
 733      37373135 
 734 0180 73202D66 		.ascii	"s -ffunction-sections -ffat-lto-objects -flto\000"
 734      66756E63 
 734      74696F6E 
 734      2D736563 
 734      74696F6E 
 735              	.LASF19:
 736 01ae 526F775F 		.ascii	"Row_4_ReadDataReg\000"
 736      345F5265 
 736      61644461 
 736      74615265 
 736      6700
 737              	.LASF17:
 738 01c0 6D6F6465 		.ascii	"mode\000"
 738      00
 739              	.LASF6:
 740 01c5 6C6F6E67 		.ascii	"long long int\000"
 740      206C6F6E 
 740      6720696E 
 740      7400
 741              	.LASF11:
 742 01d3 63686172 		.ascii	"char\000"
 742      00
 743              	.LASF2:
 744 01d8 73686F72 		.ascii	"short int\000"
 744      7420696E 
 744      7400
 745              	.LASF12:
 746 01e2 75696E74 		.ascii	"uint8\000"
 746      3800
 747              	.LASF4:
 748 01e8 6C6F6E67 		.ascii	"long int\000"
 748      20696E74 
 748      00
 749              	.LASF0:
 750 01f1 7369676E 		.ascii	"signed char\000"
 750      65642063 
 750      68617200 
ARM GAS  C:\Users\info\AppData\Local\Temp\ccR3KmL8.s 			page 28


 751              	.LASF15:
 752 01fd 526F775F 		.ascii	"Row_4_SetDriveMode\000"
 752      345F5365 
 752      74447269 
 752      76654D6F 
 752      646500
 753              		.comm	__gnu_lto_v1,1,1
 754              		.ident	"GCC: (GNU Tools for ARM Embedded Processors) 5.4.1 20160609 (release) [ARM/embedded-5-bran
