ARM GAS  C:\Users\info\AppData\Local\Temp\ccd1s0ic.s 			page 1


   1              		.syntax unified
   2              		.cpu cortex-m3
   3              		.fpu softvfp
   4              		.eabi_attribute 20, 1
   5              		.eabi_attribute 21, 1
   6              		.eabi_attribute 23, 3
   7              		.eabi_attribute 24, 1
   8              		.eabi_attribute 25, 1
   9              		.eabi_attribute 26, 1
  10              		.eabi_attribute 30, 4
  11              		.eabi_attribute 34, 1
  12              		.eabi_attribute 18, 4
  13              		.thumb
  14              		.syntax unified
  15              		.file	"Row_3.c"
  16              		.text
  17              	.Ltext0:
  18              		.section	.gnu.lto_.profile.bf1539a9,"",%progbits
  19 0000 789C6361 		.ascii	"x\234ca`d`a`\000\222\222\242\000\000\261\0009"
  19      60646061 
  19      60009292 
  19      A20000B1 
  19      0039
  20              		.text
  21              		.section	.gnu.lto_.icf.bf1539a9,"",%progbits
  22 0000 789C6361 		.ascii	"x\234ca`d\000\001)\006\004`ax\276u\375gV\306\376\007"
  22      60640001 
  22      29060460 
  22      6178BE75 
  22      FD6756C6 
  23 0016 FBDB9898 		.ascii	"\373\333\230\230V\177\376\361\217\213\371\374\377s\273"
  23      567FFEF1 
  23      8F8BF9FC 
  23      FF73BB
  24 0025 391800B0 		.ascii	"9\030\000\260e\015 "
  24      650D20
  25              		.text
  26              		.section	.gnu.lto_.jmpfuncs.bf1539a9,"",%progbits
  27 0000 789C6361 		.ascii	"x\234ca`d\000\001!\006\004`a`dd\254g\004\021L\014\014"
  27      60640001 
  27      21060460 
  27      61606464 
  27      AC670411 
  28 0017 CC401100 		.ascii	"\314@\021\000\016\"\001&"
  28      0E220126 
  29              		.text
  30              		.section	.gnu.lto_.inline.bf1539a9,"",%progbits
  31 0000 789C6361 		.ascii	"x\234ca`d\000\201$\006\004`a`\340\344`dd\340\000J1s"
  31      60640081 
  31      24060460 
  31      6160E0E4 
  31      606464E0 
  32 0018 1CB06360 		.ascii	"\034\260c`[ \317\304\300\262@\236\005$\013\024g\307"
  32      5B20CFC4 
  32      C0B2409E 
  32      05240B14 
  32      67C7
ARM GAS  C:\Users\info\AppData\Local\Temp\ccd1s0ic.s 			page 2


  33 002a 9064BAC0 		.ascii	"\220d\272\300\017\226db`ced`b\373\240\007\021\007\002"
  33      0F966462 
  33      60636564 
  33      6062FBA0 
  33      07110702 
  34 003e 664C2106 		.ascii	"fL!\006\000\346\332\011\346"
  34      00E6DA09 
  34      E6
  35              		.text
  36              		.section	.gnu.lto_.pureconst.bf1539a9,"",%progbits
  37 0000 789C6361 		.ascii	"x\234ca`d\340d```a\220b\224b\222b\226\002\000\002\261"
  37      6064E064 
  37      60606061 
  37      90629462 
  37      92629602 
  38 0017 0081     		.ascii	"\000\201"
  39              		.text
  40              		.section	.gnu.lto_Row_3_Write.bf1539a9,"",%progbits
  41 0000 789C5551 		.ascii	"x\234UQMKTa\024>\317\373\336\217I\253?\320@\022\210"
  41      4D4B5461 
  41      143ECFFB 
  41      DE8F49AB 
  41      3FD04012 
  42 0015 D92222E9 		.ascii	"\331\"\"\351\017\324\302m\350v@\206\351.\204j@\307Z"
  42      0FD4C26D 
  42      E8764086 
  42      E92E846A 
  42      40C75A
  43 0028 FA5EC7B9 		.ascii	"\372^\307\271\202\270p\243\022T\003\206\370U~T\233\300"
  43      82B870A3 
  43      12540386 
  43      F8557E54 
  43      9BC0
  44 003a C5E512B4 		.ascii	"\305\345\022\264+\0107}\020\342\342\012A1\202C\222\331"
  44      2B08377D 
  44      10E2E20A 
  44      41318243 
  44      92D9
  45 004c 74CE7B5D 		.ascii	"t\316{]\344\201\367\343\236\373<\317y\316y\035\002I"
  45      E481F7E3 
  45      9EFB3CCF 
  45      79CE791D 
  45      0249
  46 005e 5C5144D7 		.ascii	"\\QD\327\371\274\300\013\232\240\246\337\023\2059\005"
  46      F9BCC00B 
  46      9AA0A6DF 
  46      13853905 
  47 006e C8C5E440 		.ascii	"\310\305\344@\243\012\243h\252c\205d\"}\243\272\027"
  47      A30AA368 
  47      AA638564 
  47      227DA3BA 
  47      17
  48 007f 0DC7CEC2 		.ascii	"\015\307\316\302Sm\226b\3244QKY%\302\"\272\031\265\267"
  48      536D9662 
  48      D434514B 
  48      5925C222 
  48      BA19B5B7 
ARM GAS  C:\Users\info\AppData\Local\Temp\ccd1s0ic.s 			page 3


  49 0093 35B10D7D 		.ascii	"5\261\015}\011\304\367(i6\332\273\026\214\0313f\277"
  49      09C4F728 
  49      6936DABB 
  49      168C1933 
  49      66BF
  50 00a5 60744D03 		.ascii	"`tM\003K\320\314@O\036\327\362\304\011\3022\272\004"
  50      4BD0CC40 
  50      4F1ED7F2 
  50      C409C232 
  50      BA04
  51 00b7 7CF8797B 		.ascii	"|\370y{\355\274\276l\211\323&\235?\333\371L\210\361"
  51      EDBCBE6C 
  51      89D3269D 
  51      3FDBF94C 
  51      88F1
  52 00c9 AF7B7326 		.ascii	"\257{s&\016;\204\273\362?W\202\241\273\233\177g\316"
  52      0E3B84BB 
  52      F23F5782 
  52      A1BB9B7F 
  52      67CE
  53 00db 79E3E2AA 		.ascii	"y\343\342\252\003\253\350\314\374\3409<\356\020\222"
  53      03ABE8CC 
  53      FCE0393C 
  53      EE1092
  54 00ea 59EF8B4D 		.ascii	"Y\357\213M\253U5q\323m\3523\212\213*\356\224\1778\220"
  54      AB553571 
  54      D36DEA33 
  54      8A8B2AEE 
  54      947F3890 
  55 00fe DAAE243C 		.ascii	"\332\256$<\331|\331\210\032\274\244\373}\245\344\324"
  55      D97CD988 
  55      1ABCA4FB 
  55      7DA5E4D4 
  56 010e 2992DF93 		.ascii	")\222\337\223\337\346|\321\254j\231\304l-\371\340\037"
  56      DFE67CD1 
  56      AC6A99C4 
  56      6C2DF9E0 
  56      1F
  57 011f A89AD6D6 		.ascii	"\250\232\326\326\355\247/\217~z\331\347\306|h\034N\355"
  57      EDA72F8F 
  57      7E7AD9E7 
  57      C67C681C 
  57      4EED
  58 0131 4C3E3EF2 		.ascii	"L>>\362\353x\022\216\363\214\034\254!\217\027`\317X"
  58      EB78128E 
  58      F38C1CAC 
  58      218F1760 
  58      CF58
  59 0143 471D94A2 		.ascii	"G\035\224\242\372'\372\212LPg\232\341\217\350cND\200"
  59      FA27FA8A 
  59      4C50679A 
  59      E18FE863 
  59      4E4480
  60 0156 636083C1 		.ascii	"c`\203\301\273P\266\015v\312(!5\242t\357\304\206[\325"
  60      BB50B60D 
  60      76CA2821 
  60      35A274EF 
ARM GAS  C:\Users\info\AppData\Local\Temp\ccd1s0ic.s 			page 4


  60      C4865BD5 
  61 016a 52E7F5DB 		.ascii	"R\347\365\333w\221e\271\0006\231d\245\017N\244\005\307"
  61      779165B9 
  61      00369964 
  61      A50F4EA4 
  61      05C7
  62 017c A0ADFAD4 		.ascii	"\240\255\372\324r\233\200\034V|\231\201\016\275\014"
  62      729B801C 
  62      567C9981 
  62      0EBD0C
  63 018b E25B031E 		.ascii	"\342[\003\036\247\222Y\313:e>4\246\375\264\377W\354"
  63      A79259CB 
  63      3A653E34 
  63      A6FDB4FF 
  63      57EC
  64 019d 9F59F41D 		.ascii	"\237Y\364\035c\361\221+\004\373\020\015\005\231\025"
  64      63F1912B 
  64      04FB100D 
  64      059915
  65 01ac 4FEE626F 		.ascii	"O\356bop?\030*V\202;\003\375\345\221\241RP\270\335_"
  65      703F182A 
  65      56823B03 
  65      FDE591A1 
  65      5250B8DD 
  66 01c1 BE75A3D0 		.ascii	"\276u\243\320W~8\320s\265D\356\203\342\335\221\240m"
  66      577E38D0 
  66      73B544EE 
  66      83E2DD91 
  66      A06D
  67 01d3 B852AC0C 		.ascii	"\270R\254\014\226n\016V\206\377\001\201X\302:"
  67      966E0E56 
  67      86FF0181 
  67      58C23A
  68              		.text
  69              		.section	.gnu.lto_Row_3_SetDriveMode.bf1539a9,"",%progbits
  70 0000 789C7D51 		.ascii	"x\234}QM+DQ\030~\237s\356\334;C\374\001SdA6R\362\013"
  70      4D2B4451 
  70      187E9F73 
  70      EEDC3B43 
  70      FC015364 
  71 0019 145BB19D 		.ascii	"\024[\261\235\222\270K&\"KgfL\212\215\022%il\344\373"
  71      92B84B26 
  71      224B6766 
  71      4C8A8D12 
  71      25696CE4 
  72 002e 2B2BBB71 		.ascii	"++\273q\305Jc\241,,$\213I\212\306W\344k\274\357\275"
  72      C54A63A1 
  72      2C2C248B 
  72      498AC657 
  72      E46BBCEF 
  73 0043 16B372BA 		.ascii	"\026\263r\272\347\375xz\236\247\367=\327\"\220\234["
  73      E7FD787A 
  73      9EA7F73D 
  73      D722909C 
  73      5B
  74 0054 4E759CAB 		.ascii	"Nu\234\253\370B\023\324t\216(\021V\200\024&\014\032"
  74      F84213D4 
ARM GAS  C:\Users\info\AppData\Local\Temp\ccd1s0ic.s 			page 5


  74      748E2811 
  74      56801426 
  74      0C1A
  75 0066 5318C3AB 		.ascii	"S\030\303\253\372V\360&\362\007\252a\305\360\271>~h"
  75      FA56F026 
  75      F207AA61 
  75      C5F0B93E 
  75      7E68
  76 0078 32AB59A4 		.ascii	"2\253Y\2445QQ\371N\204\02540\353y\177y\246\\\327\202"
  76      355151F9 
  76      4E841534 
  76      30EB797F 
  76      79A65CD7 
  77 008d B87ECC15 		.ascii	"\270~\314\025\256*\353\227\215I\032S\214\031\235\326"
  77      AE2AEB97 
  77      8D491A53 
  77      8C199DD6 
  78 009d C02A342B 		.ascii	"\300*4+\320\034ES\224\030 \254\241^\3107{?\263\025\366"
  78      D01C4553 
  78      941820AC 
  78      A15EC837 
  78      7B3FB315 
  79 00b2 B8D8D704 		.ascii	"\270\330\327\004\246X\207-c\356tfM\261\2302\3317\373"
  79      A658872D 
  79      63EE7466 
  79      4DB19832 
  79      D937FB
  80 00c5 F0C32E57 		.ascii	"\360\303.W,S\232\203\266$\204 \016\266\224\216\204\260"
  80      2C539A83 
  80      B6248420 
  80      0EB6948E 
  80      84B0
  81 00d7 84887088 		.ascii	"\204\210p\210\012|e\221G\245$\353<\274\217\311\374\202"
  81      0A7C6591 
  81      47A524EB 
  81      3CBC8FC9 
  81      FC82
  82 00e9 25CE292D 		.ascii	"%\316)-K\315\245\2753\347E\245\265\345O\374\220;=*\013"
  82      4BCDA5BD 
  82      33E745A5 
  82      B5E54FFC 
  82      903B3D2A 
  83 00fe DAF9A584 		.ascii	"\332\371\245\204\261\030:\337z\363\3122XL\214\363\272"
  83      B1183ADF 
  83      7AF3CA32 
  83      584C8CF3 
  83      BA
  84 010f 216C228A 		.ascii	"!l\"\212\015Dy\272-d@y$\237\234\300N\263#\367\251/;"
  84      0D4479BA 
  84      2D644079 
  84      249F9CC0 
  84      4EB323F7 
  85 0126 E82D8658 		.ascii	"\350-\206X\177y2\365\035\021K\215Al\263\262D\302_\250"
  85      7F7932F5 
  85      1D114B8D 
  85      416CB3B2 
  85      44C25FA8 
ARM GAS  C:\Users\info\AppData\Local\Temp\ccd1s0ic.s 			page 6


  86 013a 54E230C4 		.ascii	"T\3420\304\222\373\213\215M\035H*\261\343KR\357\177"
  86      92FB8B8D 
  86      4D1D482A 
  86      B1E34B52 
  86      EF7F
  87 014c 94B06FEC 		.ascii	"\224\260o\354\224\272D\030\345\336\233\203\364\377\215"
  87      94BA4418 
  87      E5DE9B83 
  87      F4FF8D
  88 015b BCCB2333 		.ascii	"\274\313#3\237\356\220\314~\266\011\333\377u\005\005"
  88      9FEE90CC 
  88      7EB609DB 
  88      FF750505 
  89 016b 791E7EAC 		.ascii	"y\036~\254\352vw\300\035\352\031v\373\272\273\342#C"
  89      EA7677C0 
  89      1DEA1976 
  89      FBBABBE2 
  89      2343
  90 017d BD6EACA3 		.ascii	"\275n\254\243+\336\332\022\353\214\217v77\366\222\325"
  90      2BDEDA12 
  90      EB8C8F76 
  90      3737F692 
  90      D5
  91 018e 1FEF737F 		.ascii	"\037\357s\177\001\006\370\246\203"
  91      0106F8A6 
  91      83
  92              		.text
  93              		.section	.gnu.lto_Row_3_Read.bf1539a9,"",%progbits
  94 0000 789C3550 		.ascii	"x\2345P\315K\002A\024\177\277\231\325\225\242\372\003"
  94      CD4B0241 
  94      147FBF99 
  94      D595A2FA 
  94      03
  95 0011 12AAA397 		.ascii	"\022\252\243\227\010$\210\256A]C\241\223 a{M\220\242"
  95      082488AE 
  95      415D43A1 
  95      9320617B 
  95      4D90A2
  96 0024 A3BBAE6B 		.ascii	"\243\273\256k\020\035\272T\247\022\202\320\276\010\241"
  96      101DBA54 
  96      A71282D0 
  96      BE08A1
  97 0033 3F6093A2 		.ascii	"?`\223\242 \250C\004A!\021b\320\251\304\020\244\332"
  97      20A84304 
  97      41211162 
  97      D0A9C410 
  97      A4DA
  98 0045 DEB43530 		.ascii	"\336\26450\357\315\274\371}\2747\032\201\324\232\341"
  98      EFCDBCF9 
  98      7DBC371A 
  98      81D49AE1 
  99 0055 34C4B99F 		.ascii	"4\304\271\2377$A\254]\023Y!\001\250\203\031\002e\005"
  99      372441AC 
  99      5D135921 
  99      01A88319 
  99      026505
 100 0068 B2F8105F 		.ascii	"\262\370\020_\002W\355\313\325\256H\3114s\346\323ng"
ARM GAS  C:\Users\info\AppData\Local\Temp\ccd1s0ic.s 			page 7


 100      0257EDCB 
 100      D5AE48C9 
 100      3473E6D3 
 100      6E67
 101 007a 6CB3ECC2 		.ascii	"l\263\354\302\221D\236 D\303\030\011+\211\022\"\304"
 101      91449E20 
 101      44C31809 
 101      2B891222 
 101      C4
 102 008b D0E7CAF7 		.ascii	"\320\347\312\367zO0o\362\032T\000~)#\250,\217c\256\351"
 102      7A4F306F 
 102      F21A5400 
 102      7E2923A8 
 102      2C8F63AE 
 103 00a0 79B6E9DE 		.ascii	"y\266\351\336\351\247\367\272\016r$\373r\3208\210\200"
 103      E9A7F7BA 
 103      0E7224FB 
 103      72D03888 
 103      80
 104 00b1 0A4152B2 		.ascii	"\012AR\262\364\3064\325\304\273\020*\313\006\252\235"
 104      F4C634D5 
 104      C4BB102A 
 104      CB06AA9D 
 105 00c1 95DAF6B8 		.ascii	"\225\332\366\270R\262\245d\227\015\247z\243\267\204"
 105      52B2A564 
 105      970DA77A 
 105      A3B784
 106 00d0 23259469 		.ascii	"#%\224i\356\245\366\320\355_+;\226\251q\311\261n\037"
 106      EEA5F6D0 
 106      ED5F2B3B 
 106      96A971C9 
 106      B16E1F
 107 00e3 7B8BD8B2 		.ascii	"{\213\330\262\362\334\252\206}\204\261\007n\024\007"
 107      F2DCAA86 
 107      7D84B107 
 107      6E1407
 108 00f2 28821AB0 		.ascii	"(\202\032\260?'\311\226\360\345\316\275\266\333\247"
 108      3F27C996 
 108      F0E5CEBD 
 108      B6DBA7
 109 0101 F880C021 		.ascii	"\370\200\300!\303\032\3105\227[\3027\324\030\247\030"
 109      C31AC835 
 109      975BC237 
 109      D418A718 
 110 0111 CD425DF3 		.ascii	"\315B]\363+\001.2\355\344\354\242\020R4\3764\034\375"
 110      2B012E32 
 110      EDE4ECA2 
 110      105234FE 
 110      341CFD
 111 0124 D3EAF041 		.ascii	"\323\352\360A\012G\257\370\023\011\322\357`P\003\361"
 111      0A47AFF8 
 111      1309D2EF 
 111      605003F1 
 112 0134 780353C6 		.ascii	"x\003S\306\274\221\231]0\346\222\361\364b&e$\246\343"
 112      BC91995D 
 112      30E692F1 
 112      F4622665 
ARM GAS  C:\Users\info\AppData\Local\Temp\ccd1s0ic.s 			page 8


 112      24A6E3
 113 0147 E989D144 		.ascii	"\351\211\321D,\275\224\214\016\247\350\007\355c{F"
 113      2CBD948C 
 113      0EA7E807 
 113      ED637B46 
 114              		.text
 115              		.section	.gnu.lto_Row_3_ReadDataReg.bf1539a9,"",%progbits
 116 0000 789C3550 		.ascii	"x\2345P\315K\002A\024\177\277\231u\025!\372\003\022"
 116      CD4B0241 
 116      147FBF99 
 116      751521FA 
 116      0312
 117 0012 AAA39708 		.ascii	"\252\243\227\010\244C]\203\272\206B'A\302\366\232 E"
 117      A4435D83 
 117      BA864227 
 117      41C2F69A 
 117      2045
 118 0024 4747570D 		.ascii	"GGW\015\244C\227\212\240\010\202P\373\240\202\256\301"
 118      A443978A 
 118      A0088250 
 118      FBA082AE 
 118      C1
 119 0035 26454150 		.ascii	"&EAP]\243\213\204x\350\020%\206\320\207\333\233\266"
 119      5DA38B84 
 119      78E81025 
 119      86D087DB 
 119      9BB6
 120 0047 06E6BD99 		.ascii	"\006\346\275\2317\277\217\367\306 \220^\323\234\006"
 120      37BF8FF7 
 120      C620905E 
 120      D39C06
 121 0056 39F7F186 		.ascii	"9\367\361\206$\210\225[\242l@\000\372\240\002\240\214"
 121      2488955B 
 121      A26C4000 
 121      FAA002A0 
 121      8C
 122 0067 4006EFE2 		.ascii	"@\006\357\342[\340\246s\275\034\014\227\225\312\251"
 122      5BE0A673 
 122      BD1C0C97 
 122      95CAA9
 123 0076 FA6E7974 		.ascii	"\372nyt\275\342\240 \211\\A\210\2040\034\322\022e\204"
 123      BDE2A020 
 123      895C4188 
 123      84301CD2 
 123      126584
 124 0089 89A14F27 		.ascii	"\211\241O'\335\325\0363\257x\015h\000\277T`j\313\243"
 124      DDD51E33 
 124      AF780D68 
 124      00BF5460 
 124      6ACBA3
 125 009c A8A35CD7 		.ascii	"\250\243\\\327V\316Y\360\374>\350\007\025$\373r08\010"
 125      56CE59F0 
 125      FC3EE807 
 125      1524FB72 
 125      303808
 126 00af 9F0E2669 		.ascii	"\237\016&iYze\232n\342M\010\235e\023\265\217R\267:\246"
 126      597A659A 
ARM GAS  C:\Users\info\AppData\Local\Temp\ccd1s0ic.s 			page 9


 126      6EE24D08 
 126      9D6513B5 
 126      8F52B73A 
 127 00c4 956C29D9 		.ascii	"\225l)\331e\255P\273\363\267EAJh\323\207\307\215\027"
 127      65AD50BB 
 127      F3B74541 
 127      4A68D387 
 127      C78D17
 128 00d7 D3BB1EEF 		.ascii	"\323\273\036\357d\225\301\245zi\363\323\277\215\255"
 128      6495C1A5 
 128      7A69F3D3 
 128      BF8DAD
 129 00e6 6C9E5B35 		.ascii	"l\236[5\260\207\020\252\340F\261\217mP\023\366\327\004"
 129      B08710AA 
 129      E046B18F 
 129      6D5013F6 
 129      D704
 130 00f8 D9129EDC 		.ascii	"\331\022\236\334\245\333qz5\037\0208`X\023\271\326R"
 130      A5DB717A 
 130      351F1038 
 130      605813B9 
 130      D652
 131 010a 5B788606 		.ascii	"[x\206\006\3434\243Ul\030^\305\307E\246\235^\\\025\003"
 131      E334A355 
 131      6C185EC5 
 131      C745A69D 
 131      5E5C1503 
 132 011e 9AC69F86 		.ascii	"\232\306\237\206\303\177Z\003\036H\343\350\031\177\""
 132      C37F5A03 
 132      1E48E3E8 
 132      197F22
 133 012d 26FD0E06 		.ascii	"&\375\016\006=\020\217\327?i\315Y\351\231yk6\021K-\244"
 133      3D108FD7 
 133      3F69CD59 
 133      E999796B 
 133      36114B2D 
 134 0142 93567C2A 		.ascii	"\223V|*\226\032\037\211GS\213\211\310P\222~\000\311"
 134      961A1F89 
 134      47538B89 
 134      C850927E 
 134      00C9
 135 0154 097B5D   		.ascii	"\011{]"
 136              		.text
 137              		.section	.gnu.lto_.symbol_nodes.bf1539a9,"",%progbits
 138 0000 789C6361 		.ascii	"x\234ca`dpc\000\002&\206z\006\206\011\347\030@\324\256"
 138      60647063 
 138      00022686 
 138      7A068609 
 138      E71840D4 
 139 0015 0645A000 		.ascii	"\006E\240\000c=#\252\000S=\023\252\000s=3\212\000\003"
 139      633D23AA 
 139      00533D13 
 139      AA00733D 
 139      338A0003 
 140 0029 0026B60F 		.ascii	"\000&\266\017<"
 140      3C
 141              		.text
ARM GAS  C:\Users\info\AppData\Local\Temp\ccd1s0ic.s 			page 10


 142              		.section	.gnu.lto_.refs.bf1539a9,"",%progbits
 143 0000 789C6361 		.ascii	"x\234ca`\004B \000\000\0009\000\007"
 143      60044220 
 143      00000039 
 143      0007
 144              		.text
 145              		.section	.gnu.lto_.decls.bf1539a9,"",%progbits
 146 0000 789C8D53 		.ascii	"x\234\215S]HTA\024\236s\357\356jwm5\211\362a)\363\311"
 146      5D485441 
 146      149E73EF 
 146      EE6A776D 
 146      3589F261 
 147 0017 274924F0 		.ascii	"'I$\360\251\002%\237\312\320\262\207\204e\325\213\371"
 147      A902259F 
 147      CAD0B287 
 147      8465D58B 
 147      F9
 148 0028 E2C6B616 		.ascii	"\342\306\266\026>\004\203?d\276\244\231\345/YA\371\227"
 148      3E04833F 
 148      64BEA499 
 148      E52F5941 
 148      F997
 149 003a 5ABAB66B 		.ascii	"Z\272\266k\246kiFd\370\023\202H$\250\017V\322\206bI"
 149      A66B6946 
 149      64F81382 
 149      4824A80F 
 149      56D28662 
 150 004f D97666EE 		.ascii	"\331vf\356\335\275[m\340p\317\31493\347\373\346;ggu"
 150      DDBD5B6D 
 150      E070CFCC 
 150      3933E7FB 
 150      E63B6767 
 151 0064 04081B67 		.ascii	"\004\010\033gu\204\324\340j\306\320\207C\217~\026\321"
 151      7584D4E0 
 151      6AC6D087 
 151      438F7E16 
 151      D1
 152 0075 061E935E 		.ascii	"\006\036\223^4'\232\013m\200\374;\330\271A\305u1.\264"
 152      34279A0B 
 152      6D80FC3B 
 152      D8B941C5 
 152      75312EB4 
 153 0089 11B461B4 		.ascii	"\021\264a\264t5\007\324\274\277\2073\004v4\010\357\307"
 153      743507D4 
 153      BCBF8733 
 153      04763408 
 153      EFC7
 154 009b 3A436099 		.ascii	":C`\231\036}\020.=\004\316\025\0027\260\015\\\250:\267"
 154      1E7D102E 
 154      3D04CE15 
 154      0237B00D 
 154      5CA83AB7 
 155 00af 047055D6 		.ascii	"\004pU\326mD\316\303\034\010\2406\220\000(3p#\212\361"
 155      6D44CEC3 
 155      1C08A036 
 155      90002833 
 155      70238AF1 
ARM GAS  C:\Users\info\AppData\Local\Temp\ccd1s0ic.s 			page 11


 156 00c3 101D81CF 		.ascii	"\020\035\201\317$\260\025XH Eu52\376\371W\237\177p\022"
 156      24B01558 
 156      48204575 
 156      3532FEF9 
 156      579F7F70 
 157 00d8 8D1D5410 		.ascii	"\215\035T\020\004\024\250>?\027\264\013@\011\375\200"
 157      0414A83E 
 157      3F17B40B 
 157      4009FD80 
 158 00e8 203E456E 		.ascii	" >En\220&\370\263&\360\027\335\367e-G\304\202\321\375"
 158      9026F8B3 
 158      26F017DD 
 158      F7652D47 
 158      C482D1FD 
 159 00fc B0D97A2C 		.ascii	"\260\331z,\241\223\342\250\242T\330\2475\246\273|\251"
 159      A193E2A8 
 159      A254D8A7 
 159      35A6BB7C 
 159      A9
 160 010d 2D7C5D00 		.ascii	"-|]\000\263\004>`\361g\367\346N%f\307\365\325\213\277"
 160      B3043E60 
 160      F167F7E6 
 160      4E2566C7 
 160      F5D58BBF 
 161 0121 8CE25EE6 		.ascii	"\214\342^\346\0133\213\035+:\210\227\3563\232\205\037"
 161      0B338B1D 
 161      2B3A8897 
 161      EE339A85 
 161      1F
 162 0132 3D87DD94 		.ascii	"=\207\335\224FA\027H\320\011\"\264A\002\273\333,\341"
 162      46411748 
 162      D00922B4 
 162      4102BBDB 
 162      2CE1
 163 0144 5C416909 		.ascii	"\\Ai\011\365\336\245\206\030\002If8h&\360\020\342\031"
 163      F5DEA586 
 163      18024966 
 163      386826F0 
 163      10E219
 164 0157 27CB820E 		.ascii	"'\313\202\0160C;\230\031\377\362\255\333\237\014:\001"
 164      30433B98 
 164      19FFF2AD 
 164      DB9F0C3A 
 164      01
 165 0168 818C2747 		.ascii	"\201\214'G\307\366\306|\337<\221(!Z\002\001\303i\357"
 165      C7F6C67C 
 165      DF3C9128 
 165      215A0201 
 165      C369EF
 166 017b 9B662386 		.ascii	"\233f#\206\273%\210\302\360\355\215\271i\210\271\311"
 166      BB2588C2 
 166      F0ED8DB9 
 166      6988B9C9 
 167 018b 34D0521A 		.ascii	"4\320R\032+@\326\036x\204\204=HH\3401\304\340\334\015"
 167      2B40D61E 
 167      7884843D 
 167      4848E031 
ARM GAS  C:\Users\info\AppData\Local\Temp\ccd1s0ic.s 			page 12


 167      C4E0DC0D 
 168 019f 3AA5BA9A 		.ascii	":\245\272\232\346\215%c\\\013m\351\241\013\276\345\244"
 168      E68D2563 
 168      5C0B6DE9 
 168      A10BBEE5 
 168      A4
 169 01b0 7AEA2941 		.ascii	"z\352)A\230\300\322\240U\023\215.[\036\300<v\262\027"
 169      98C0D2A0 
 169      55138D2E 
 169      5B1EC03C 
 169      76B217
 170 01c3 E21059DE 		.ascii	"\342\020Y\336\3368\014\242\2057\341\253\373\343\225"
 170      DE380CA2 
 170      8537E1AB 
 170      FBE395
 171 01d2 1D0A8B67 		.ascii	"\035\012\213g\375e\004\235D\216\243\234\243O\343\350"
 171      FD65049D 
 171      448EA39C 
 171      A34FE3E8 
 172 01e2 0BE67072 		.ascii	"\013\346pr\216\315w\265?%\321\3169\232\253\356\265\033"
 172      8ECD77B5 
 172      3F25D1CE 
 172      399AABEE 
 172      B51B
 173 01f4 8365B37A 		.ascii	"\203e\263z5\335O\270\356\034U\366j\307\334\220I\275"
 173      35DD4FB8 
 173      EE1C55F6 
 173      6AC7DC90 
 173      49BD
 174 0206 70665C0C 		.ascii	"pf\\\014\310\306,\350\327\256\354\017\276\322\305\257"
 174      C8C62CE8 
 174      D7AEEC0F 
 174      BED2C5AF 
 175 0216 1C1FDBE8 		.ascii	"\034\037\333\350\026\305\313\374\312\367\025\327\267"
 175      16C5CBFC 
 175      CAF715D7 
 175      B7
 176 0223 F42ACBC0 		.ascii	"\364*\313\300k\277l\306\341\3268\334\301\034\003\234"
 176      6BBF6CC6 
 176      E1D638DC 
 176      C11C039C 
 177 0233 63AAACA7 		.ascii	"c\252\254\247IT\372\257c\325O4,\232\224\376\307b\270"
 177      4954FAAF 
 177      63D54F34 
 177      2C9A94FE 
 177      C762B8
 178 0246 5EB6366B 		.ascii	"^\2666k\220*X\025\333\372\205'V\356\370\302\304k\300"
 178      902A5815 
 178      DBFA8527 
 178      56EEF8C2 
 178      C46BC0
 179 0259 9F506F6D 		.ascii	"\237Pom}m\030H\361!\340\236\020p\365\245}?U}\225\225"
 179      7D6D1848 
 179      F121E09E 
 179      1070F5A5 
 179      7D3F557D 
 180 026f 3F8C2D1B 		.ascii	"?\214-\033\322\244?\003I}\347\223\253\335\372\210J\366"
ARM GAS  C:\Users\info\AppData\Local\Temp\ccd1s0ic.s 			page 13


 180      D2A43F03 
 180      497DE793 
 180      ABDDFA88 
 180      4AF6
 181 0281 E8AA4A69 		.ascii	"\350\252Ji\364+\023\317\034D\222\247\274\271#\020\301"
 181      F42B13CF 
 181      1C4492A7 
 181      BCB92310 
 181      C1
 182 0292 FF1CB86E 		.ascii	"\377\034\270n\011\342\340lc\223\210g\354\223\032(J\241"
 182      09E2E06C 
 182      63938867 
 182      EC931A28 
 182      4AA1
 183 02a4 5300A348 		.ascii	"S\000\243H\306\003\357\021\356\263m\352-\241\206:\223"
 183      C603EF11 
 183      EEB36DEA 
 183      2DA1863A 
 183      93
 184 02b5 5F22E107 		.ascii	"_\"\341\007\004\236#\362\005\022\363\320\230a\273dI"
 184      049E23F2 
 184      0512F3D0 
 184      9861BB64 
 184      49
 185 02c6 B29CB117 		.ascii	"\262\234\261\0278\344\360\264\023\247cS\022\023\211"
 185      38E4F0B4 
 185      13A76353 
 185      121389
 186 02d5 BEA8A0D0 		.ascii	"\276\250\240\320\221| M.\224\355V\207\234g\311\264\025"
 186      917C204D 
 186      2E94ED56 
 186      879C67C9 
 186      B415
 187 02e7 D973E5EC 		.ascii	"\331s\345\354\223\231\266\224C\331\271\305\216\342\363"
 187      9399B694 
 187      43D9B9C5 
 187      8EE2F3
 188 02f6 F2858473 		.ascii	"\362\205\204sd\377\17728gB.\211V\3103eG\252\275\340"
 188      64FF7F32 
 188      3867422E 
 188      8956C833 
 188      6547AABD 
 189 030b A27CDC96 		.ascii	"\242|\334\226'K\312V\206l\315\333\245\271\251V\2075"
 189      274BCA56 
 189      866CCDDB 
 189      A5B9A956 
 189      8735
 190 031d 43CED7D9 		.ascii	"C\316\327\331\345\374\344\337\035\360m\242"
 190      E5FCE4DF 
 190      1DF06DA2 
 191              		.text
 192              		.section	.gnu.lto_.symtab.bf1539a9,"",%progbits
 193 0000 526F775F 		.ascii	"Row_3_Write\000"
 193      335F5772 
 193      69746500 
 194 000c 00       		.ascii	"\000"
 195 000d 00       		.ascii	"\000"
ARM GAS  C:\Users\info\AppData\Local\Temp\ccd1s0ic.s 			page 14


 196 000e 00       		.ascii	"\000"
 197 000f 00000000 		.ascii	"\000\000\000\000\000\000\000\000"
 197      00000000 
 198 0017 B3000000 		.ascii	"\263\000\000\000"
 199 001b 526F775F 		.ascii	"Row_3_SetDriveMode\000"
 199      335F5365 
 199      74447269 
 199      76654D6F 
 199      646500
 200 002e 00       		.ascii	"\000"
 201 002f 00       		.ascii	"\000"
 202 0030 00       		.ascii	"\000"
 203 0031 00000000 		.ascii	"\000\000\000\000\000\000\000\000"
 203      00000000 
 204 0039 B5000000 		.ascii	"\265\000\000\000"
 205 003d 526F775F 		.ascii	"Row_3_Read\000"
 205      335F5265 
 205      616400
 206 0048 00       		.ascii	"\000"
 207 0049 00       		.ascii	"\000"
 208 004a 00       		.ascii	"\000"
 209 004b 00000000 		.ascii	"\000\000\000\000\000\000\000\000"
 209      00000000 
 210 0053 B8000000 		.ascii	"\270\000\000\000"
 211 0057 526F775F 		.ascii	"Row_3_ReadDataReg\000"
 211      335F5265 
 211      61644461 
 211      74615265 
 211      6700
 212 0069 00       		.ascii	"\000"
 213 006a 00       		.ascii	"\000"
 214 006b 00       		.ascii	"\000"
 215 006c 00000000 		.ascii	"\000\000\000\000\000\000\000\000"
 215      00000000 
 216 0074 BA000000 		.ascii	"\272\000\000\000"
 217              		.text
 218              		.section	.gnu.lto_.opts,"",%progbits
 219 0000 272D666D 		.ascii	"'-fmath-errno' '-fsigned-zeros' '-ftrapping-math' '"
 219      6174682D 
 219      6572726E 
 219      6F272027 
 219      2D667369 
 220 0033 2D666E6F 		.ascii	"-fno-trapv' '-fno-openmp' '-fno-openacc' '-mcpu=cor"
 220      2D747261 
 220      70762720 
 220      272D666E 
 220      6F2D6F70 
 221 0066 7465782D 		.ascii	"tex-m3' '-mthumb' '-g' '-Os' '-ffunction-sections' "
 221      6D332720 
 221      272D6D74 
 221      68756D62 
 221      2720272D 
 222 0099 272D6666 		.ascii	"'-ffat-lto-objects' '-flto'\000"
 222      61742D6C 
 222      746F2D6F 
 222      626A6563 
 222      74732720 
ARM GAS  C:\Users\info\AppData\Local\Temp\ccd1s0ic.s 			page 15


 223              		.text
 224              		.cfi_sections	.debug_frame
 225              		.section	.text.Row_3_Write,"ax",%progbits
 226              		.align	1
 227              		.global	Row_3_Write
 228              		.thumb
 229              		.thumb_func
 230              		.type	Row_3_Write, %function
 231              	Row_3_Write:
 232              	.LFB0:
 233              		.file 1 "Generated_Source\\PSoC5\\Row_3.c"
   1:Generated_Source\PSoC5/Row_3.c **** /*******************************************************************************
   2:Generated_Source\PSoC5/Row_3.c **** * File Name: Row_3.c  
   3:Generated_Source\PSoC5/Row_3.c **** * Version 2.20
   4:Generated_Source\PSoC5/Row_3.c **** *
   5:Generated_Source\PSoC5/Row_3.c **** * Description:
   6:Generated_Source\PSoC5/Row_3.c **** *  This file contains API to enable firmware control of a Pins component.
   7:Generated_Source\PSoC5/Row_3.c **** *
   8:Generated_Source\PSoC5/Row_3.c **** * Note:
   9:Generated_Source\PSoC5/Row_3.c **** *
  10:Generated_Source\PSoC5/Row_3.c **** ********************************************************************************
  11:Generated_Source\PSoC5/Row_3.c **** * Copyright 2008-2015, Cypress Semiconductor Corporation.  All rights reserved.
  12:Generated_Source\PSoC5/Row_3.c **** * You may use this file only in accordance with the license, terms, conditions, 
  13:Generated_Source\PSoC5/Row_3.c **** * disclaimers, and limitations in the end user license agreement accompanying 
  14:Generated_Source\PSoC5/Row_3.c **** * the software package with which this file was provided.
  15:Generated_Source\PSoC5/Row_3.c **** *******************************************************************************/
  16:Generated_Source\PSoC5/Row_3.c **** 
  17:Generated_Source\PSoC5/Row_3.c **** #include "cytypes.h"
  18:Generated_Source\PSoC5/Row_3.c **** #include "Row_3.h"
  19:Generated_Source\PSoC5/Row_3.c **** 
  20:Generated_Source\PSoC5/Row_3.c **** /* APIs are not generated for P15[7:6] on PSoC 5 */
  21:Generated_Source\PSoC5/Row_3.c **** #if !(CY_PSOC5A &&\
  22:Generated_Source\PSoC5/Row_3.c **** 	 Row_3__PORT == 15 && ((Row_3__MASK & 0xC0) != 0))
  23:Generated_Source\PSoC5/Row_3.c **** 
  24:Generated_Source\PSoC5/Row_3.c **** 
  25:Generated_Source\PSoC5/Row_3.c **** /*******************************************************************************
  26:Generated_Source\PSoC5/Row_3.c **** * Function Name: Row_3_Write
  27:Generated_Source\PSoC5/Row_3.c **** ****************************************************************************//**
  28:Generated_Source\PSoC5/Row_3.c **** *
  29:Generated_Source\PSoC5/Row_3.c **** * \brief Writes the value to the physical port (data output register), masking
  30:Generated_Source\PSoC5/Row_3.c **** *  and shifting the bits appropriately. 
  31:Generated_Source\PSoC5/Row_3.c **** *
  32:Generated_Source\PSoC5/Row_3.c **** * The data output register controls the signal applied to the physical pin in 
  33:Generated_Source\PSoC5/Row_3.c **** * conjunction with the drive mode parameter. This function avoids changing 
  34:Generated_Source\PSoC5/Row_3.c **** * other bits in the port by using the appropriate method (read-modify-write or
  35:Generated_Source\PSoC5/Row_3.c **** * bit banding).
  36:Generated_Source\PSoC5/Row_3.c **** *
  37:Generated_Source\PSoC5/Row_3.c **** * <b>Note</b> This function should not be used on a hardware digital output pin 
  38:Generated_Source\PSoC5/Row_3.c **** * as it is driven by the hardware signal attached to it.
  39:Generated_Source\PSoC5/Row_3.c **** *
  40:Generated_Source\PSoC5/Row_3.c **** * \param value
  41:Generated_Source\PSoC5/Row_3.c **** *  Value to write to the component instance.
  42:Generated_Source\PSoC5/Row_3.c **** *
  43:Generated_Source\PSoC5/Row_3.c **** * \return 
  44:Generated_Source\PSoC5/Row_3.c **** *  None 
  45:Generated_Source\PSoC5/Row_3.c **** *
  46:Generated_Source\PSoC5/Row_3.c **** * \sideeffect
ARM GAS  C:\Users\info\AppData\Local\Temp\ccd1s0ic.s 			page 16


  47:Generated_Source\PSoC5/Row_3.c **** *  If you use read-modify-write operations that are not atomic; the Interrupt 
  48:Generated_Source\PSoC5/Row_3.c **** *  Service Routines (ISR) can cause corruption of this function. An ISR that 
  49:Generated_Source\PSoC5/Row_3.c **** *  interrupts this function and performs writes to the Pins component data 
  50:Generated_Source\PSoC5/Row_3.c **** *  register can cause corrupted port data. To avoid this issue, you should 
  51:Generated_Source\PSoC5/Row_3.c **** *  either use the Per-Pin APIs (primary method) or disable interrupts around 
  52:Generated_Source\PSoC5/Row_3.c **** *  this function.
  53:Generated_Source\PSoC5/Row_3.c **** *
  54:Generated_Source\PSoC5/Row_3.c **** * \funcusage
  55:Generated_Source\PSoC5/Row_3.c **** *  \snippet Row_3_SUT.c usage_Row_3_Write
  56:Generated_Source\PSoC5/Row_3.c **** *******************************************************************************/
  57:Generated_Source\PSoC5/Row_3.c **** void Row_3_Write(uint8 value)
  58:Generated_Source\PSoC5/Row_3.c **** {
 234              		.loc 1 58 0
 235              		.cfi_startproc
 236              		@ args = 0, pretend = 0, frame = 0
 237              		@ frame_needed = 0, uses_anonymous_args = 0
 238              		@ link register save eliminated.
 239              	.LVL0:
  59:Generated_Source\PSoC5/Row_3.c ****     uint8 staticBits = (Row_3_DR & (uint8)(~Row_3_MASK));
 240              		.loc 1 59 0
 241 0000 044A     		ldr	r2, .L2
  60:Generated_Source\PSoC5/Row_3.c ****     Row_3_DR = staticBits | ((uint8)(value << Row_3_SHIFT) & Row_3_MASK);
 242              		.loc 1 60 0
 243 0002 4000     		lsls	r0, r0, #1
 244              	.LVL1:
  59:Generated_Source\PSoC5/Row_3.c ****     uint8 staticBits = (Row_3_DR & (uint8)(~Row_3_MASK));
 245              		.loc 1 59 0
 246 0004 1378     		ldrb	r3, [r2]	@ zero_extendqisi2
 247              	.LVL2:
 248              		.loc 1 60 0
 249 0006 00F00200 		and	r0, r0, #2
 250 000a 03F0FD03 		and	r3, r3, #253
 251              	.LVL3:
 252 000e 0343     		orrs	r3, r3, r0
 253 0010 1370     		strb	r3, [r2]
 254 0012 7047     		bx	lr
 255              	.L3:
 256              		.align	2
 257              	.L2:
 258 0014 30510040 		.word	1073762608
 259              		.cfi_endproc
 260              	.LFE0:
 261              		.size	Row_3_Write, .-Row_3_Write
 262              		.section	.text.Row_3_SetDriveMode,"ax",%progbits
 263              		.align	1
 264              		.global	Row_3_SetDriveMode
 265              		.thumb
 266              		.thumb_func
 267              		.type	Row_3_SetDriveMode, %function
 268              	Row_3_SetDriveMode:
 269              	.LFB1:
  61:Generated_Source\PSoC5/Row_3.c **** }
  62:Generated_Source\PSoC5/Row_3.c **** 
  63:Generated_Source\PSoC5/Row_3.c **** 
  64:Generated_Source\PSoC5/Row_3.c **** /*******************************************************************************
  65:Generated_Source\PSoC5/Row_3.c **** * Function Name: Row_3_SetDriveMode
  66:Generated_Source\PSoC5/Row_3.c **** ****************************************************************************//**
ARM GAS  C:\Users\info\AppData\Local\Temp\ccd1s0ic.s 			page 17


  67:Generated_Source\PSoC5/Row_3.c **** *
  68:Generated_Source\PSoC5/Row_3.c **** * \brief Sets the drive mode for each of the Pins component's pins.
  69:Generated_Source\PSoC5/Row_3.c **** * 
  70:Generated_Source\PSoC5/Row_3.c **** * <b>Note</b> This affects all pins in the Pins component instance. Use the
  71:Generated_Source\PSoC5/Row_3.c **** * Per-Pin APIs if you wish to control individual pin's drive modes.
  72:Generated_Source\PSoC5/Row_3.c **** *
  73:Generated_Source\PSoC5/Row_3.c **** * \param mode
  74:Generated_Source\PSoC5/Row_3.c **** *  Mode for the selected signals. Valid options are documented in 
  75:Generated_Source\PSoC5/Row_3.c **** *  \ref driveMode.
  76:Generated_Source\PSoC5/Row_3.c **** *
  77:Generated_Source\PSoC5/Row_3.c **** * \return
  78:Generated_Source\PSoC5/Row_3.c **** *  None
  79:Generated_Source\PSoC5/Row_3.c **** *
  80:Generated_Source\PSoC5/Row_3.c **** * \sideeffect
  81:Generated_Source\PSoC5/Row_3.c **** *  If you use read-modify-write operations that are not atomic, the ISR can
  82:Generated_Source\PSoC5/Row_3.c **** *  cause corruption of this function. An ISR that interrupts this function 
  83:Generated_Source\PSoC5/Row_3.c **** *  and performs writes to the Pins component Drive Mode registers can cause 
  84:Generated_Source\PSoC5/Row_3.c **** *  corrupted port data. To avoid this issue, you should either use the Per-Pin
  85:Generated_Source\PSoC5/Row_3.c **** *  APIs (primary method) or disable interrupts around this function.
  86:Generated_Source\PSoC5/Row_3.c **** *
  87:Generated_Source\PSoC5/Row_3.c **** * \funcusage
  88:Generated_Source\PSoC5/Row_3.c **** *  \snippet Row_3_SUT.c usage_Row_3_SetDriveMode
  89:Generated_Source\PSoC5/Row_3.c **** *******************************************************************************/
  90:Generated_Source\PSoC5/Row_3.c **** void Row_3_SetDriveMode(uint8 mode)
  91:Generated_Source\PSoC5/Row_3.c **** {
 270              		.loc 1 91 0
 271              		.cfi_startproc
 272              		@ args = 0, pretend = 0, frame = 0
 273              		@ frame_needed = 0, uses_anonymous_args = 0
 274              		@ link register save eliminated.
 275              	.LVL4:
  92:Generated_Source\PSoC5/Row_3.c **** 	CyPins_SetPinDriveMode(Row_3_0, mode);
 276              		.loc 1 92 0
 277 0000 044A     		ldr	r2, .L5
 278 0002 00F00E00 		and	r0, r0, #14
 279              	.LVL5:
 280 0006 1378     		ldrb	r3, [r2]	@ zero_extendqisi2
 281 0008 03F0F103 		and	r3, r3, #241
 282 000c 1843     		orrs	r0, r0, r3
 283 000e 1070     		strb	r0, [r2]
 284 0010 7047     		bx	lr
 285              	.L6:
 286 0012 00BF     		.align	2
 287              	.L5:
 288 0014 19500040 		.word	1073762329
 289              		.cfi_endproc
 290              	.LFE1:
 291              		.size	Row_3_SetDriveMode, .-Row_3_SetDriveMode
 292              		.section	.text.Row_3_Read,"ax",%progbits
 293              		.align	1
 294              		.global	Row_3_Read
 295              		.thumb
 296              		.thumb_func
 297              		.type	Row_3_Read, %function
 298              	Row_3_Read:
 299              	.LFB2:
  93:Generated_Source\PSoC5/Row_3.c **** }
ARM GAS  C:\Users\info\AppData\Local\Temp\ccd1s0ic.s 			page 18


  94:Generated_Source\PSoC5/Row_3.c **** 
  95:Generated_Source\PSoC5/Row_3.c **** 
  96:Generated_Source\PSoC5/Row_3.c **** /*******************************************************************************
  97:Generated_Source\PSoC5/Row_3.c **** * Function Name: Row_3_Read
  98:Generated_Source\PSoC5/Row_3.c **** ****************************************************************************//**
  99:Generated_Source\PSoC5/Row_3.c **** *
 100:Generated_Source\PSoC5/Row_3.c **** * \brief Reads the associated physical port (pin status register) and masks 
 101:Generated_Source\PSoC5/Row_3.c **** *  the required bits according to the width and bit position of the component
 102:Generated_Source\PSoC5/Row_3.c **** *  instance. 
 103:Generated_Source\PSoC5/Row_3.c **** *
 104:Generated_Source\PSoC5/Row_3.c **** * The pin's status register returns the current logic level present on the 
 105:Generated_Source\PSoC5/Row_3.c **** * physical pin.
 106:Generated_Source\PSoC5/Row_3.c **** *
 107:Generated_Source\PSoC5/Row_3.c **** * \return 
 108:Generated_Source\PSoC5/Row_3.c **** *  The current value for the pins in the component as a right justified number.
 109:Generated_Source\PSoC5/Row_3.c **** *
 110:Generated_Source\PSoC5/Row_3.c **** * \funcusage
 111:Generated_Source\PSoC5/Row_3.c **** *  \snippet Row_3_SUT.c usage_Row_3_Read  
 112:Generated_Source\PSoC5/Row_3.c **** *******************************************************************************/
 113:Generated_Source\PSoC5/Row_3.c **** uint8 Row_3_Read(void)
 114:Generated_Source\PSoC5/Row_3.c **** {
 300              		.loc 1 114 0
 301              		.cfi_startproc
 302              		@ args = 0, pretend = 0, frame = 0
 303              		@ frame_needed = 0, uses_anonymous_args = 0
 304              		@ link register save eliminated.
 115:Generated_Source\PSoC5/Row_3.c ****     return (Row_3_PS & Row_3_MASK) >> Row_3_SHIFT;
 305              		.loc 1 115 0
 306 0000 024B     		ldr	r3, .L8
 307 0002 1878     		ldrb	r0, [r3]	@ zero_extendqisi2
 116:Generated_Source\PSoC5/Row_3.c **** }
 308              		.loc 1 116 0
 309 0004 C0F34000 		ubfx	r0, r0, #1, #1
 310 0008 7047     		bx	lr
 311              	.L9:
 312 000a 00BF     		.align	2
 313              	.L8:
 314 000c 31510040 		.word	1073762609
 315              		.cfi_endproc
 316              	.LFE2:
 317              		.size	Row_3_Read, .-Row_3_Read
 318              		.section	.text.Row_3_ReadDataReg,"ax",%progbits
 319              		.align	1
 320              		.global	Row_3_ReadDataReg
 321              		.thumb
 322              		.thumb_func
 323              		.type	Row_3_ReadDataReg, %function
 324              	Row_3_ReadDataReg:
 325              	.LFB3:
 117:Generated_Source\PSoC5/Row_3.c **** 
 118:Generated_Source\PSoC5/Row_3.c **** 
 119:Generated_Source\PSoC5/Row_3.c **** /*******************************************************************************
 120:Generated_Source\PSoC5/Row_3.c **** * Function Name: Row_3_ReadDataReg
 121:Generated_Source\PSoC5/Row_3.c **** ****************************************************************************//**
 122:Generated_Source\PSoC5/Row_3.c **** *
 123:Generated_Source\PSoC5/Row_3.c **** * \brief Reads the associated physical port's data output register and masks 
 124:Generated_Source\PSoC5/Row_3.c **** *  the correct bits according to the width and bit position of the component 
ARM GAS  C:\Users\info\AppData\Local\Temp\ccd1s0ic.s 			page 19


 125:Generated_Source\PSoC5/Row_3.c **** *  instance. 
 126:Generated_Source\PSoC5/Row_3.c **** *
 127:Generated_Source\PSoC5/Row_3.c **** * The data output register controls the signal applied to the physical pin in 
 128:Generated_Source\PSoC5/Row_3.c **** * conjunction with the drive mode parameter. This is not the same as the 
 129:Generated_Source\PSoC5/Row_3.c **** * preferred Row_3_Read() API because the 
 130:Generated_Source\PSoC5/Row_3.c **** * Row_3_ReadDataReg() reads the data register instead of the status 
 131:Generated_Source\PSoC5/Row_3.c **** * register. For output pins this is a useful function to determine the value 
 132:Generated_Source\PSoC5/Row_3.c **** * just written to the pin.
 133:Generated_Source\PSoC5/Row_3.c **** *
 134:Generated_Source\PSoC5/Row_3.c **** * \return 
 135:Generated_Source\PSoC5/Row_3.c **** *  The current value of the data register masked and shifted into a right 
 136:Generated_Source\PSoC5/Row_3.c **** *  justified number for the component instance.
 137:Generated_Source\PSoC5/Row_3.c **** *
 138:Generated_Source\PSoC5/Row_3.c **** * \funcusage
 139:Generated_Source\PSoC5/Row_3.c **** *  \snippet Row_3_SUT.c usage_Row_3_ReadDataReg 
 140:Generated_Source\PSoC5/Row_3.c **** *******************************************************************************/
 141:Generated_Source\PSoC5/Row_3.c **** uint8 Row_3_ReadDataReg(void)
 142:Generated_Source\PSoC5/Row_3.c **** {
 326              		.loc 1 142 0
 327              		.cfi_startproc
 328              		@ args = 0, pretend = 0, frame = 0
 329              		@ frame_needed = 0, uses_anonymous_args = 0
 330              		@ link register save eliminated.
 143:Generated_Source\PSoC5/Row_3.c ****     return (Row_3_DR & Row_3_MASK) >> Row_3_SHIFT;
 331              		.loc 1 143 0
 332 0000 024B     		ldr	r3, .L11
 333 0002 1878     		ldrb	r0, [r3]	@ zero_extendqisi2
 144:Generated_Source\PSoC5/Row_3.c **** }
 334              		.loc 1 144 0
 335 0004 C0F34000 		ubfx	r0, r0, #1, #1
 336 0008 7047     		bx	lr
 337              	.L12:
 338 000a 00BF     		.align	2
 339              	.L11:
 340 000c 30510040 		.word	1073762608
 341              		.cfi_endproc
 342              	.LFE3:
 343              		.size	Row_3_ReadDataReg, .-Row_3_ReadDataReg
 344              		.text
 345              	.Letext0:
 346              		.file 2 "Generated_Source\\PSoC5\\cytypes.h"
 347              		.section	.debug_info,"",%progbits
 348              	.Ldebug_info0:
 349 0000 1D010000 		.4byte	0x11d
 350 0004 0400     		.2byte	0x4
 351 0006 00000000 		.4byte	.Ldebug_abbrev0
 352 000a 04       		.byte	0x4
 353 000b 01       		.uleb128 0x1
 354 000c 21010000 		.4byte	.LASF20
 355 0010 0C       		.byte	0xc
 356 0011 2F000000 		.4byte	.LASF21
 357 0015 A0000000 		.4byte	.LASF22
 358 0019 00000000 		.4byte	.Ldebug_ranges0+0
 359 001d 00000000 		.4byte	0
 360 0021 00000000 		.4byte	.Ldebug_line0
 361 0025 02       		.uleb128 0x2
 362 0026 01       		.byte	0x1
ARM GAS  C:\Users\info\AppData\Local\Temp\ccd1s0ic.s 			page 20


 363 0027 06       		.byte	0x6
 364 0028 E6010000 		.4byte	.LASF0
 365 002c 02       		.uleb128 0x2
 366 002d 01       		.byte	0x1
 367 002e 08       		.byte	0x8
 368 002f 54000000 		.4byte	.LASF1
 369 0033 02       		.uleb128 0x2
 370 0034 02       		.byte	0x2
 371 0035 05       		.byte	0x5
 372 0036 CD010000 		.4byte	.LASF2
 373 003a 02       		.uleb128 0x2
 374 003b 02       		.byte	0x2
 375 003c 07       		.byte	0x7
 376 003d 79000000 		.4byte	.LASF3
 377 0041 02       		.uleb128 0x2
 378 0042 04       		.byte	0x4
 379 0043 05       		.byte	0x5
 380 0044 DD010000 		.4byte	.LASF4
 381 0048 02       		.uleb128 0x2
 382 0049 04       		.byte	0x4
 383 004a 07       		.byte	0x7
 384 004b 67000000 		.4byte	.LASF5
 385 004f 02       		.uleb128 0x2
 386 0050 08       		.byte	0x8
 387 0051 05       		.byte	0x5
 388 0052 BA010000 		.4byte	.LASF6
 389 0056 02       		.uleb128 0x2
 390 0057 08       		.byte	0x8
 391 0058 07       		.byte	0x7
 392 0059 0A010000 		.4byte	.LASF7
 393 005d 03       		.uleb128 0x3
 394 005e 04       		.byte	0x4
 395 005f 05       		.byte	0x5
 396 0060 696E7400 		.ascii	"int\000"
 397 0064 02       		.uleb128 0x2
 398 0065 04       		.byte	0x4
 399 0066 07       		.byte	0x7
 400 0067 93000000 		.4byte	.LASF8
 401 006b 04       		.uleb128 0x4
 402 006c D7010000 		.4byte	.LASF12
 403 0070 02       		.byte	0x2
 404 0071 E401     		.2byte	0x1e4
 405 0073 2C000000 		.4byte	0x2c
 406 0077 02       		.uleb128 0x2
 407 0078 04       		.byte	0x4
 408 0079 04       		.byte	0x4
 409 007a 4E000000 		.4byte	.LASF9
 410 007e 02       		.uleb128 0x2
 411 007f 08       		.byte	0x8
 412 0080 04       		.byte	0x4
 413 0081 8C000000 		.4byte	.LASF10
 414 0085 02       		.uleb128 0x2
 415 0086 01       		.byte	0x1
 416 0087 08       		.byte	0x8
 417 0088 C8010000 		.4byte	.LASF11
 418 008c 04       		.uleb128 0x4
 419 008d 62000000 		.4byte	.LASF13
ARM GAS  C:\Users\info\AppData\Local\Temp\ccd1s0ic.s 			page 21


 420 0091 02       		.byte	0x2
 421 0092 8E02     		.2byte	0x28e
 422 0094 98000000 		.4byte	0x98
 423 0098 05       		.uleb128 0x5
 424 0099 6B000000 		.4byte	0x6b
 425 009d 06       		.uleb128 0x6
 426 009e 23000000 		.4byte	.LASF14
 427 00a2 01       		.byte	0x1
 428 00a3 39       		.byte	0x39
 429 00a4 00000000 		.4byte	.LFB0
 430 00a8 18000000 		.4byte	.LFE0-.LFB0
 431 00ac 01       		.uleb128 0x1
 432 00ad 9C       		.byte	0x9c
 433 00ae D1000000 		.4byte	0xd1
 434 00b2 07       		.uleb128 0x7
 435 00b3 12000000 		.4byte	.LASF16
 436 00b7 01       		.byte	0x1
 437 00b8 39       		.byte	0x39
 438 00b9 6B000000 		.4byte	0x6b
 439 00bd 00000000 		.4byte	.LLST0
 440 00c1 08       		.uleb128 0x8
 441 00c2 18000000 		.4byte	.LASF23
 442 00c6 01       		.byte	0x1
 443 00c7 3B       		.byte	0x3b
 444 00c8 6B000000 		.4byte	0x6b
 445 00cc 21000000 		.4byte	.LLST1
 446 00d0 00       		.byte	0
 447 00d1 06       		.uleb128 0x6
 448 00d2 FD010000 		.4byte	.LASF15
 449 00d6 01       		.byte	0x1
 450 00d7 5A       		.byte	0x5a
 451 00d8 00000000 		.4byte	.LFB1
 452 00dc 18000000 		.4byte	.LFE1-.LFB1
 453 00e0 01       		.uleb128 0x1
 454 00e1 9C       		.byte	0x9c
 455 00e2 F6000000 		.4byte	0xf6
 456 00e6 07       		.uleb128 0x7
 457 00e7 B5010000 		.4byte	.LASF17
 458 00eb 01       		.byte	0x1
 459 00ec 5A       		.byte	0x5a
 460 00ed 6B000000 		.4byte	0x6b
 461 00f1 39000000 		.4byte	.LLST2
 462 00f5 00       		.byte	0
 463 00f6 09       		.uleb128 0x9
 464 00f7 F2010000 		.4byte	.LASF18
 465 00fb 01       		.byte	0x1
 466 00fc 71       		.byte	0x71
 467 00fd 6B000000 		.4byte	0x6b
 468 0101 00000000 		.4byte	.LFB2
 469 0105 10000000 		.4byte	.LFE2-.LFB2
 470 0109 01       		.uleb128 0x1
 471 010a 9C       		.byte	0x9c
 472 010b 09       		.uleb128 0x9
 473 010c 00000000 		.4byte	.LASF19
 474 0110 01       		.byte	0x1
 475 0111 8D       		.byte	0x8d
 476 0112 6B000000 		.4byte	0x6b
ARM GAS  C:\Users\info\AppData\Local\Temp\ccd1s0ic.s 			page 22


 477 0116 00000000 		.4byte	.LFB3
 478 011a 10000000 		.4byte	.LFE3-.LFB3
 479 011e 01       		.uleb128 0x1
 480 011f 9C       		.byte	0x9c
 481 0120 00       		.byte	0
 482              		.section	.debug_abbrev,"",%progbits
 483              	.Ldebug_abbrev0:
 484 0000 01       		.uleb128 0x1
 485 0001 11       		.uleb128 0x11
 486 0002 01       		.byte	0x1
 487 0003 25       		.uleb128 0x25
 488 0004 0E       		.uleb128 0xe
 489 0005 13       		.uleb128 0x13
 490 0006 0B       		.uleb128 0xb
 491 0007 03       		.uleb128 0x3
 492 0008 0E       		.uleb128 0xe
 493 0009 1B       		.uleb128 0x1b
 494 000a 0E       		.uleb128 0xe
 495 000b 55       		.uleb128 0x55
 496 000c 17       		.uleb128 0x17
 497 000d 11       		.uleb128 0x11
 498 000e 01       		.uleb128 0x1
 499 000f 10       		.uleb128 0x10
 500 0010 17       		.uleb128 0x17
 501 0011 00       		.byte	0
 502 0012 00       		.byte	0
 503 0013 02       		.uleb128 0x2
 504 0014 24       		.uleb128 0x24
 505 0015 00       		.byte	0
 506 0016 0B       		.uleb128 0xb
 507 0017 0B       		.uleb128 0xb
 508 0018 3E       		.uleb128 0x3e
 509 0019 0B       		.uleb128 0xb
 510 001a 03       		.uleb128 0x3
 511 001b 0E       		.uleb128 0xe
 512 001c 00       		.byte	0
 513 001d 00       		.byte	0
 514 001e 03       		.uleb128 0x3
 515 001f 24       		.uleb128 0x24
 516 0020 00       		.byte	0
 517 0021 0B       		.uleb128 0xb
 518 0022 0B       		.uleb128 0xb
 519 0023 3E       		.uleb128 0x3e
 520 0024 0B       		.uleb128 0xb
 521 0025 03       		.uleb128 0x3
 522 0026 08       		.uleb128 0x8
 523 0027 00       		.byte	0
 524 0028 00       		.byte	0
 525 0029 04       		.uleb128 0x4
 526 002a 16       		.uleb128 0x16
 527 002b 00       		.byte	0
 528 002c 03       		.uleb128 0x3
 529 002d 0E       		.uleb128 0xe
 530 002e 3A       		.uleb128 0x3a
 531 002f 0B       		.uleb128 0xb
 532 0030 3B       		.uleb128 0x3b
 533 0031 05       		.uleb128 0x5
ARM GAS  C:\Users\info\AppData\Local\Temp\ccd1s0ic.s 			page 23


 534 0032 49       		.uleb128 0x49
 535 0033 13       		.uleb128 0x13
 536 0034 00       		.byte	0
 537 0035 00       		.byte	0
 538 0036 05       		.uleb128 0x5
 539 0037 35       		.uleb128 0x35
 540 0038 00       		.byte	0
 541 0039 49       		.uleb128 0x49
 542 003a 13       		.uleb128 0x13
 543 003b 00       		.byte	0
 544 003c 00       		.byte	0
 545 003d 06       		.uleb128 0x6
 546 003e 2E       		.uleb128 0x2e
 547 003f 01       		.byte	0x1
 548 0040 3F       		.uleb128 0x3f
 549 0041 19       		.uleb128 0x19
 550 0042 03       		.uleb128 0x3
 551 0043 0E       		.uleb128 0xe
 552 0044 3A       		.uleb128 0x3a
 553 0045 0B       		.uleb128 0xb
 554 0046 3B       		.uleb128 0x3b
 555 0047 0B       		.uleb128 0xb
 556 0048 27       		.uleb128 0x27
 557 0049 19       		.uleb128 0x19
 558 004a 11       		.uleb128 0x11
 559 004b 01       		.uleb128 0x1
 560 004c 12       		.uleb128 0x12
 561 004d 06       		.uleb128 0x6
 562 004e 40       		.uleb128 0x40
 563 004f 18       		.uleb128 0x18
 564 0050 9742     		.uleb128 0x2117
 565 0052 19       		.uleb128 0x19
 566 0053 01       		.uleb128 0x1
 567 0054 13       		.uleb128 0x13
 568 0055 00       		.byte	0
 569 0056 00       		.byte	0
 570 0057 07       		.uleb128 0x7
 571 0058 05       		.uleb128 0x5
 572 0059 00       		.byte	0
 573 005a 03       		.uleb128 0x3
 574 005b 0E       		.uleb128 0xe
 575 005c 3A       		.uleb128 0x3a
 576 005d 0B       		.uleb128 0xb
 577 005e 3B       		.uleb128 0x3b
 578 005f 0B       		.uleb128 0xb
 579 0060 49       		.uleb128 0x49
 580 0061 13       		.uleb128 0x13
 581 0062 02       		.uleb128 0x2
 582 0063 17       		.uleb128 0x17
 583 0064 00       		.byte	0
 584 0065 00       		.byte	0
 585 0066 08       		.uleb128 0x8
 586 0067 34       		.uleb128 0x34
 587 0068 00       		.byte	0
 588 0069 03       		.uleb128 0x3
 589 006a 0E       		.uleb128 0xe
 590 006b 3A       		.uleb128 0x3a
ARM GAS  C:\Users\info\AppData\Local\Temp\ccd1s0ic.s 			page 24


 591 006c 0B       		.uleb128 0xb
 592 006d 3B       		.uleb128 0x3b
 593 006e 0B       		.uleb128 0xb
 594 006f 49       		.uleb128 0x49
 595 0070 13       		.uleb128 0x13
 596 0071 02       		.uleb128 0x2
 597 0072 17       		.uleb128 0x17
 598 0073 00       		.byte	0
 599 0074 00       		.byte	0
 600 0075 09       		.uleb128 0x9
 601 0076 2E       		.uleb128 0x2e
 602 0077 00       		.byte	0
 603 0078 3F       		.uleb128 0x3f
 604 0079 19       		.uleb128 0x19
 605 007a 03       		.uleb128 0x3
 606 007b 0E       		.uleb128 0xe
 607 007c 3A       		.uleb128 0x3a
 608 007d 0B       		.uleb128 0xb
 609 007e 3B       		.uleb128 0x3b
 610 007f 0B       		.uleb128 0xb
 611 0080 27       		.uleb128 0x27
 612 0081 19       		.uleb128 0x19
 613 0082 49       		.uleb128 0x49
 614 0083 13       		.uleb128 0x13
 615 0084 11       		.uleb128 0x11
 616 0085 01       		.uleb128 0x1
 617 0086 12       		.uleb128 0x12
 618 0087 06       		.uleb128 0x6
 619 0088 40       		.uleb128 0x40
 620 0089 18       		.uleb128 0x18
 621 008a 9742     		.uleb128 0x2117
 622 008c 19       		.uleb128 0x19
 623 008d 00       		.byte	0
 624 008e 00       		.byte	0
 625 008f 00       		.byte	0
 626              		.section	.debug_loc,"",%progbits
 627              	.Ldebug_loc0:
 628              	.LLST0:
 629 0000 00000000 		.4byte	.LVL0
 630 0004 04000000 		.4byte	.LVL1
 631 0008 0100     		.2byte	0x1
 632 000a 50       		.byte	0x50
 633 000b 04000000 		.4byte	.LVL1
 634 000f 18000000 		.4byte	.LFE0
 635 0013 0400     		.2byte	0x4
 636 0015 F3       		.byte	0xf3
 637 0016 01       		.uleb128 0x1
 638 0017 50       		.byte	0x50
 639 0018 9F       		.byte	0x9f
 640 0019 00000000 		.4byte	0
 641 001d 00000000 		.4byte	0
 642              	.LLST1:
 643 0021 06000000 		.4byte	.LVL2
 644 0025 0E000000 		.4byte	.LVL3
 645 0029 0600     		.2byte	0x6
 646 002b 73       		.byte	0x73
 647 002c 00       		.sleb128 0
ARM GAS  C:\Users\info\AppData\Local\Temp\ccd1s0ic.s 			page 25


 648 002d 09       		.byte	0x9
 649 002e FD       		.byte	0xfd
 650 002f 1A       		.byte	0x1a
 651 0030 9F       		.byte	0x9f
 652 0031 00000000 		.4byte	0
 653 0035 00000000 		.4byte	0
 654              	.LLST2:
 655 0039 00000000 		.4byte	.LVL4
 656 003d 06000000 		.4byte	.LVL5
 657 0041 0100     		.2byte	0x1
 658 0043 50       		.byte	0x50
 659 0044 06000000 		.4byte	.LVL5
 660 0048 18000000 		.4byte	.LFE1
 661 004c 0400     		.2byte	0x4
 662 004e F3       		.byte	0xf3
 663 004f 01       		.uleb128 0x1
 664 0050 50       		.byte	0x50
 665 0051 9F       		.byte	0x9f
 666 0052 00000000 		.4byte	0
 667 0056 00000000 		.4byte	0
 668              		.section	.debug_aranges,"",%progbits
 669 0000 34000000 		.4byte	0x34
 670 0004 0200     		.2byte	0x2
 671 0006 00000000 		.4byte	.Ldebug_info0
 672 000a 04       		.byte	0x4
 673 000b 00       		.byte	0
 674 000c 0000     		.2byte	0
 675 000e 0000     		.2byte	0
 676 0010 00000000 		.4byte	.LFB0
 677 0014 18000000 		.4byte	.LFE0-.LFB0
 678 0018 00000000 		.4byte	.LFB1
 679 001c 18000000 		.4byte	.LFE1-.LFB1
 680 0020 00000000 		.4byte	.LFB2
 681 0024 10000000 		.4byte	.LFE2-.LFB2
 682 0028 00000000 		.4byte	.LFB3
 683 002c 10000000 		.4byte	.LFE3-.LFB3
 684 0030 00000000 		.4byte	0
 685 0034 00000000 		.4byte	0
 686              		.section	.debug_ranges,"",%progbits
 687              	.Ldebug_ranges0:
 688 0000 00000000 		.4byte	.LFB0
 689 0004 18000000 		.4byte	.LFE0
 690 0008 00000000 		.4byte	.LFB1
 691 000c 18000000 		.4byte	.LFE1
 692 0010 00000000 		.4byte	.LFB2
 693 0014 10000000 		.4byte	.LFE2
 694 0018 00000000 		.4byte	.LFB3
 695 001c 10000000 		.4byte	.LFE3
 696 0020 00000000 		.4byte	0
 697 0024 00000000 		.4byte	0
 698              		.section	.debug_line,"",%progbits
 699              	.Ldebug_line0:
 700 0000 90000000 		.section	.debug_str,"MS",%progbits,1
 700      02004200 
 700      00000201 
 700      FB0E0D00 
 700      01010101 
ARM GAS  C:\Users\info\AppData\Local\Temp\ccd1s0ic.s 			page 26


 701              	.LASF19:
 702 0000 526F775F 		.ascii	"Row_3_ReadDataReg\000"
 702      335F5265 
 702      61644461 
 702      74615265 
 702      6700
 703              	.LASF16:
 704 0012 76616C75 		.ascii	"value\000"
 704      6500
 705              	.LASF23:
 706 0018 73746174 		.ascii	"staticBits\000"
 706      69634269 
 706      747300
 707              	.LASF14:
 708 0023 526F775F 		.ascii	"Row_3_Write\000"
 708      335F5772 
 708      69746500 
 709              	.LASF21:
 710 002f 47656E65 		.ascii	"Generated_Source\\PSoC5\\Row_3.c\000"
 710      72617465 
 710      645F536F 
 710      75726365 
 710      5C50536F 
 711              	.LASF9:
 712 004e 666C6F61 		.ascii	"float\000"
 712      7400
 713              	.LASF1:
 714 0054 756E7369 		.ascii	"unsigned char\000"
 714      676E6564 
 714      20636861 
 714      7200
 715              	.LASF13:
 716 0062 72656738 		.ascii	"reg8\000"
 716      00
 717              	.LASF5:
 718 0067 6C6F6E67 		.ascii	"long unsigned int\000"
 718      20756E73 
 718      69676E65 
 718      6420696E 
 718      7400
 719              	.LASF3:
 720 0079 73686F72 		.ascii	"short unsigned int\000"
 720      7420756E 
 720      7369676E 
 720      65642069 
 720      6E7400
 721              	.LASF10:
 722 008c 646F7562 		.ascii	"double\000"
 722      6C6500
 723              	.LASF8:
 724 0093 756E7369 		.ascii	"unsigned int\000"
 724      676E6564 
 724      20696E74 
 724      00
 725              	.LASF22:
 726 00a0 433A5C55 		.ascii	"C:\\Users\\info\\Desktop\\Spring 2019 Classes\\6.11"
 726      73657273 
ARM GAS  C:\Users\info\AppData\Local\Temp\ccd1s0ic.s 			page 27


 726      5C696E66 
 726      6F5C4465 
 726      736B746F 
 727 00ce 355C362E 		.ascii	"5\\6.115-final\\PSoCCreator\\Final Project\\FinalEm"
 727      3131352D 
 727      66696E61 
 727      6C5C5053 
 727      6F434372 
 728 00fd 756C6174 		.ascii	"ulator.cydsn\000"
 728      6F722E63 
 728      7964736E 
 728      00
 729              	.LASF7:
 730 010a 6C6F6E67 		.ascii	"long long unsigned int\000"
 730      206C6F6E 
 730      6720756E 
 730      7369676E 
 730      65642069 
 731              	.LASF20:
 732 0121 474E5520 		.ascii	"GNU C11 5.4.1 20160609 (release) [ARM/embedded-5-br"
 732      43313120 
 732      352E342E 
 732      31203230 
 732      31363036 
 733 0154 616E6368 		.ascii	"anch revision 237715] -mcpu=cortex-m3 -mthumb -g -O"
 733      20726576 
 733      6973696F 
 733      6E203233 
 733      37373135 
 734 0187 73202D66 		.ascii	"s -ffunction-sections -ffat-lto-objects -flto\000"
 734      66756E63 
 734      74696F6E 
 734      2D736563 
 734      74696F6E 
 735              	.LASF17:
 736 01b5 6D6F6465 		.ascii	"mode\000"
 736      00
 737              	.LASF6:
 738 01ba 6C6F6E67 		.ascii	"long long int\000"
 738      206C6F6E 
 738      6720696E 
 738      7400
 739              	.LASF11:
 740 01c8 63686172 		.ascii	"char\000"
 740      00
 741              	.LASF2:
 742 01cd 73686F72 		.ascii	"short int\000"
 742      7420696E 
 742      7400
 743              	.LASF12:
 744 01d7 75696E74 		.ascii	"uint8\000"
 744      3800
 745              	.LASF4:
 746 01dd 6C6F6E67 		.ascii	"long int\000"
 746      20696E74 
 746      00
 747              	.LASF0:
ARM GAS  C:\Users\info\AppData\Local\Temp\ccd1s0ic.s 			page 28


 748 01e6 7369676E 		.ascii	"signed char\000"
 748      65642063 
 748      68617200 
 749              	.LASF18:
 750 01f2 526F775F 		.ascii	"Row_3_Read\000"
 750      335F5265 
 750      616400
 751              	.LASF15:
 752 01fd 526F775F 		.ascii	"Row_3_SetDriveMode\000"
 752      335F5365 
 752      74447269 
 752      76654D6F 
 752      646500
 753              		.comm	__gnu_lto_v1,1,1
 754              		.ident	"GCC: (GNU Tools for ARM Embedded Processors) 5.4.1 20160609 (release) [ARM/embedded-5-bran
