ARM GAS  C:\Users\info\AppData\Local\Temp\ccFpfjM0.s 			page 1


   1              		.syntax unified
   2              		.cpu cortex-m3
   3              		.fpu softvfp
   4              		.eabi_attribute 20, 1
   5              		.eabi_attribute 21, 1
   6              		.eabi_attribute 23, 3
   7              		.eabi_attribute 24, 1
   8              		.eabi_attribute 25, 1
   9              		.eabi_attribute 26, 1
  10              		.eabi_attribute 30, 4
  11              		.eabi_attribute 34, 1
  12              		.eabi_attribute 18, 4
  13              		.thumb
  14              		.syntax unified
  15              		.file	"Row_2.c"
  16              		.text
  17              	.Ltext0:
  18              		.section	.gnu.lto_.profile.bf151a4c,"",%progbits
  19 0000 789C6361 		.ascii	"x\234ca`d`a`\000\222bB\000\000\250\0003"
  19      60646061 
  19      60009262 
  19      420000A8 
  19      0033
  20              		.text
  21              		.section	.gnu.lto_.icf.bf151a4c,"",%progbits
  22 0000 789C6361 		.ascii	"x\234ca`d\000\001)\006\004`a\230\277\377\371\022f\306"
  22      60640001 
  22      29060460 
  22      6198BFFF 
  22      F91266C6 
  23 0014 653DEB66 		.ascii	"e=\353f12\355\277\376\3536\027\363\226\236M/\031\031"
  23      3132EDBF 
  23      FEEB3617 
  23      F3969E4D 
  23      2F1919
  24 0027 00A0900B 		.ascii	"\000\240\220\013\342"
  24      E2
  25              		.text
  26              		.section	.gnu.lto_.jmpfuncs.bf151a4c,"",%progbits
  27 0000 789C6361 		.ascii	"x\234ca`d\000\001!\006\004`a`dd\254g\004\021L\014\014"
  27      60640001 
  27      21060460 
  27      61606464 
  27      AC670411 
  28 0017 CC401100 		.ascii	"\314@\021\000\016\"\001&"
  28      0E220126 
  29              		.text
  30              		.section	.gnu.lto_.inline.bf151a4c,"",%progbits
  31 0000 789C6361 		.ascii	"x\234ca`d\000\201$\006\004`a`\340`gdd\340\000J1s\034"
  31      60640081 
  31      24060460 
  31      6160E060 
  31      676464E0 
  32 0019 B063605B 		.ascii	"\260c`[ \317\304\300t\201\237\005$\313\210O\222\211"
  32      20CFC4C0 
  32      74819F05 
  32      24CB884F 
ARM GAS  C:\Users\info\AppData\Local\Temp\ccFpfjM0.s 			page 2


  32      9289
  33 002b 81958591 		.ascii	"\201\225\205\221\201\211e\201<D\034\010\2301\205\030"
  33      81896581 
  33      3C441C08 
  33      98318518 
  34 003b 00DE5809 		.ascii	"\000\336X\011<"
  34      3C
  35              		.text
  36              		.section	.gnu.lto_.pureconst.bf151a4c,"",%progbits
  37 0000 789C6361 		.ascii	"x\234ca`d\340d```a\220b\224b\222b\226\002\000\002\261"
  37      6064E064 
  37      60606061 
  37      90629462 
  37      92629602 
  38 0017 0081     		.ascii	"\000\201"
  39              		.text
  40              		.section	.gnu.lto_Row_2_Write.bf151a4c,"",%progbits
  41 0000 789C5550 		.ascii	"x\234UPMK\033Q\024\275\347\275\314$h\355\037h\240R\020"
  41      4D4B1B51 
  41      14BDE7BD 
  41      CC2468ED 
  41      1F68A052 
  42 0015 7523A2F4 		.ascii	"u#\242\364\017\264\213n\213n\003\022\322Y\010j@c]\372"
  42      0FB48B6E 
  42      8B6E0312 
  42      D259086A 
  42      40635DFA 
  43 0029 C61803BA 		.ascii	"\306\030\003\272q\321*\005\255\240\210\332\0175\202"
  43      71D12A05 
  43      ADA088DA 
  43      0F3582
  44 0038 0BC1C530 		.ascii	"\013\301\3050k\321\215\010\255R\304\305\010]\224\010"
  44      6BD18D08 
  44      AD52C4C5 
  44      085D9408 
  45 0048 0D4A6D4D 		.ascii	"\015JmM\357\235\267\321\013\357\353\276s\316=\367&\010"
  45      EF9DB7D1 
  45      0BEFEBBE 
  45      73CE3DF7 
  45      2608
  46 005a 148722EA 		.ascii	"\024\207\"\352\342\343\011/h\202\232=$\362S\012\220"
  46      E2E3092F 
  46      68829A3D 
  46      24F2530A 
  46      90
  47 006b 8B4981C6 		.ascii	"\213I\201\306\025\306QS\377\024\302r\264\247\332\327"
  47      15C65153 
  47      FF14C272 
  47      B4A7DAD7 
  48 007b 0CC7F9EA 		.ascii	"\014\307\371\352Gm\326\003\2244Q]Y%\254\241\235Q\227"
  48      476DD603 
  48      9434515D 
  48      5925ACA1 
  48      9D5197
  49 008e FBE563E8 		.ascii	"\373\345c\350g \276O\205\265jc\353\2521\023\306\\e\214"
  49      6720BE4F 
  49      85B56A63 
ARM GAS  C:\Users\info\AppData\Local\Temp\ccFpfjM0.s 			page 3


  49      EBAA3113 
  49      C65C658C 
  50 00a2 2E69601D 		.ascii	".i`\035\232\031\350N\2433M\234 l\240U\3007\337\2177"
  50      9A19E84E 
  50      A3334D9C 
  50      206CA055 
  50      C037DF8F 
  51 00b7 1FEBB698 		.ascii	"\037\353\266\2308k\242\345G-+B\014\256\007\347M\340"
  51      386BA2E5 
  51      472D2B42 
  51      0CAE07E7 
  51      4DE0
  52 00c9 370BF7D3 		.ascii	"7\013\367\323}\256\004C/*w\357\233\334Iq\325\214\317"
  52      7DAE0443 
  52      2F2A77EF 
  52      9BDC4971 
  52      D58CCF
  53 00dc 68B17EF0 		.ascii	"h\261~\360\005.w\010\311l\365\004\246^/\232\240\346"
  53      052E7708 
  53      C96CF504 
  53      A65E2F9A 
  53      A0E6
  54 00ee D4744A71 		.ascii	"\324tJqQ\305\235\362G\002R\333\221\204+\033Q\225\227"
  54      51C59DF2 
  54      470252DB 
  54      91842B1B 
  54      519597
  55 0101 347EA594 		.ascii	"4~\245\224\234:B\370g\372\307|R\344\212Z\2060W\012\217"
  55      9C3A42F8 
  55      67FAC77C 
  55      52E48A5A 
  55      8630570A 
  56 0116 92BF5549 		.ascii	"\222\277UI\353\330\350\267\323\017\277\\\373\334^\366"
  56      EBD8E8B7 
  56      D30FBF5C 
  56      FBDC5EF6 
  57 0126 4D8253E7 		.ascii	"M\202S\347\323\013\267\311%,\372\223<\236\0046\221\306"
  57      D30BB7C9 
  57      252CFA93 
  57      3C9E0436 
  57      91C6
  58 0138 57B05D6C 		.ascii	"W\260]la\011\024\241\370w\352\014VP[\315\323\231\223"
  58      610914A1 
  58      F877EA0C 
  58      56505BCD 
  58      D39993
  59 014b 774D2202 		.ascii	"wM\"\002\334\001\333\014\276\200\212;`\223\214\262\244"
  59      DC01DB0C 
  59      BE808A3B 
  59      60938CB2 
  59      A4
  60 015c E8525B96 		.ascii	"\350R[\226S\324Rg\267|Pi\020\026\267\201\012\223\030"
  60      53D45267 
  60      B77C5069 
  60      1016B781 
  60      0A9318
  61 016f 75E35A88 		.ascii	"u\343Z\210\325v8\025\316\305\265\036\370\362\215i|h"
ARM GAS  C:\Users\info\AppData\Local\Temp\ccFpfjM0.s 			page 4


  61      D5763815 
  61      CEC5B51E 
  61      F8F28D69 
  61      7C68
  62 0181 6D87AD31 		.ascii	"m\207\2551\213~b\"\270u\204\020\217\267\252 c\340\241"
  62      8B7E6222 
  62      B8758410 
  62      8FB7AA20 
  62      63E0A1
  63 0194 3C7DE50D 		.ascii	"<}\345\015y\303\331\202\367\246\2577?:\234\3632\257"
  63      79C3D982 
  63      F7A6AF37 
  63      3F3A9CF3 
  63      32AF
  64 01a6 7BF32F9F 		.ascii	"{\363/\237gz\362c}]\0359r\336f\007F\275\206\221B\266"
  64      677AF263 
  64      7D5D1D39 
  64      72DE6607 
  64      46BD8691 
  65 01bc D09F7BD1 		.ascii	"\320\237{\321_\030\371\017UC\265\353"
  65      5F18F90F 
  65      5543B5EB 
  66              		.text
  67              		.section	.gnu.lto_Row_2_SetDriveMode.bf151a4c,"",%progbits
  68 0000 789C7D51 		.ascii	"x\234}QM+DQ\030~\237s\356\334{'\361\007L\221\005\331"
  68      4D2B4451 
  68      187E9F73 
  68      EEDC7B27 
  68      F1074C91 
  69 0016 48E41728 		.ascii	"H\344\027(\266b;%q\227LD\226\316\314\270)6J\244\020"
  69      B6623B25 
  69      71974C44 
  69      96CECCB8 
  69      29364AA4 
  70 002b 1BF9FE5E 		.ascii	"\033\371\376^\331\215)\226\354,,$\213IB\343+\3625\336"
  70      D98D2996 
  70      EC2C2C24 
  70      8B4942E3 
  70      2BF235DE 
  71 003f F75E8B59 		.ascii	"\367^\213Y9\335\363~<=\317\323\373\236k\021H\316\015"
  71      39DDF37E 
  71      3C3DCFD3 
  71      FB9E6B11 
  71      48CE0D
  72 0052 A76ACEE5 		.ascii	"\247j\316\345|\241\011j\362\224(\351*@\012\343\202F"
  72      7CA1096A 
  72      F29428E9 
  72      2A400AE3 
  72      8246
  73 0064 1446F0AA 		.ascii	"\024F\360\252\276\025\262c\271CU\273b\370\\\035?\324"
  73      BE15B263 
  73      B94355BB 
  73      62F85C1D 
  73      3FD4
  74 0076 9BD50C7C 		.ascii	"\233\325\014|MTP\201\023a\005\265\314z>X\236*\321U "
  74      4D545081 
  74      136105B5 
ARM GAS  C:\Users\info\AppData\Local\Temp\ccFpfjM0.s 			page 5


  74      CC7A3E58 
  74      9E2AD155 
  75 008b AE1F4FF3 		.ascii	"\256\037O\363\227e5\313\306\244\214)\304\215\3665\260"
  75      976535CB 
  75      C6A48C29 
  75      C48DF635 
  75      B0
  76 009c 0ACD0A34 		.ascii	"\012\315\0124\306P\037#\006\010k\250\021\362\365\336"
  76      C6501F23 
  76      06086BA8 
  76      11F2F5DE 
  77 00ac CF74A93D 		.ascii	"\317t\251=*\366\225\241)\326a\313\230;\355\031S(\244"
  77      2AF695A1 
  77      29D661CB 
  77      983BED19 
  77      5328A4
  78 00bf 4DE6CD3E 		.ascii	"M\346\315>\372\260K\024\313\224\346\240-\011\021\210"
  78      FAB04B14 
  78      CB94E6A0 
  78      2D091188 
  79 00cf 832DA523 		.ascii	"\203-\245#\301\225\020\025\016Q\236\257,\362\250\224"
  79      C1951015 
  79      0E519EAF 
  79      2CF2A894 
  80 00df 649D43F6 		.ascii	"d\235C\366c<7g\211sZ\313R3~\366\314yQ\276\266\202\211"
  80      633C3767 
  80      89735ACB 
  80      52337EF6 
  80      CC7951BE 
  81 00f6 EF96F60F 		.ascii	"\357\226\366\017T\330\316.%\215\305\220?1\277\356.b"
  81      54D8CE2E 
  81      258DC590 
  81      3F31BFEE 
  81      2E62
  82 0108 2139CAEB 		.ascii	"!9\312\353F\260\211\0306\020\343\351\266\260\010\312"
  82      46B08918 
  82      3610E3E9 
  82      B6B008CA 
  83 0118 21F5E484 		.ascii	"!\365\344\204v\232\035\271O\177\331ao1\304\372\213\223"
  83      769A1DB9 
  83      4F7FD961 
  83      6F31C4FA 
  83      8B93
  84 012a 89EFA858 		.ascii	"\211\357\250Xj\364c\233\225E\022\376\"\305\022\207!"
  84      6AF4639B 
  84      954512FE 
  84      22C51287 
  84      21
  85 013b 96DC9F6F 		.ascii	"\226\334\237ol\352PR\206\235@\222~\377\243\270\201\261"
  85      6CEA5052 
  85      869D4092 
  85      7EFFA3B8 
  85      81B1
  86 014d 53EC1265 		.ascii	"S\354\022e\224\373\354\014\244\377o\344]\036\231\371"
  86      94FBEC0C 
  86      A4FF6FE4 
  86      5D1E99F9 
ARM GAS  C:\Users\info\AppData\Local\Temp\ccFpfjM0.s 			page 6


  87 015d 748B54E6 		.ascii	"t\213T\346\263E\330\301\257\313+\310\363\360cU\264z"
  87      B345D8C1 
  87      AFCB2BC8 
  87      F3F06355 
  87      B47A
  88 016f 7DDE40D7 		.ascii	"}\336@\327\240\327\323\331\221\030\032\350\366\342m"
  88      A0D7D3D9 
  88      91181AE8 
  88      F6E26D
  89 017e 1D89E6A6 		.ascii	"\035\211\346\246x{b\270\263\241\256\233\254\336D\217"
  89      787B62B8 
  89      B3A1AE9B 
  89      ACDE448F 
  90 018e F70B4E7A 		.ascii	"\367\013Nz\244U"
  90      A455
  91              		.text
  92              		.section	.gnu.lto_Row_2_Read.bf151a4c,"",%progbits
  93 0000 789C2D8E 		.ascii	"x\234-\216\275K\003A\024\304\337\354\036I\210\350?\340"
  93      BD4B0341 
  93      14C4DFEC 
  93      1E4988E8 
  93      3FE0
  94 0012 815AA611 		.ascii	"\201Z\246\021Q\004\261\265\260\225\244\015\004\211\327"
  94      5104B1B5 
  94      B095A40D 
  94      0489D7
  95 0021 7A1014CB 		.ascii	"z\020\024\313\354\345r\012ba\243V\032\020$\361\003$"
  95      ECE5720A 
  95      6261A356 
  95      1A1024F1 
  95      0324
  96 0033 85FD994A 		.ascii	"\205\375\231JP\264\020AP\202\210D\260RP\204\240\236"
  96      50B41041 
  96      50828844 
  96      B0525084 
  96      A09E
  97 0045 EF793E58 		.ascii	"\357y>Xf?fg~\026\201d4\313\020k?/h\202Z\277$\362R\012"
  97      663F6667 
  97      7E168164 
  97      34CB106B 
  97      3F2F6882 
  98 005f 908D4981 		.ascii	"\220\215I\201\312\012e|\250o\205\363\317\263\265t\246"
  98      CA0A657C 
  98      A86F85F3 
  98      CFB3B574 
  98      A6
  99 0070 6E4CC53C 		.ascii	"nL\305<\354u'\266\032!\002M\024)\302\230\215\021[\""
  99      EC7527B6 
  99      1A21024D 
  99      1429C298 
  99      8D115B22 
 100 0084 EAC8105B 		.ascii	"\352\310\020[\037\233?\033\275\211\252\341\031\024\003"
 100      1F9B3F1B 
 100      BD89AAE1 
 100      191403
 101 0093 BF349090 		.ascii	"\2774\220\220\312\343lh\242\3107\341M\362\3646i)\012"
 101      CAE36C68 
ARM GAS  C:\Users\info\AppData\Local\Temp\ccFpfjM0.s 			page 7


 101      A2C837E1 
 101      4DF2F436 
 101      69290A
 102 00a6 34F74A0E 		.ascii	"4\367J\016\275\262OZ\337\224\022\325\035\264\272\253"
 102      BDB24F5A 
 102      DF9412D5 
 102      1DB4BAAB 
 103 00b6 ED9D49F9 		.ascii	"\355\235I\371\352k!\330\014ZW\311w\025h\005i\251<\267"
 103      EA6B21D8 
 103      0C5A57C9 
 103      77156805 
 103      69A93CB7 
 104 00ca EF7AE263 		.ascii	"\357z\342cs\3273\026_\005\336\365}_\015\333^\225\331"
 104      73D73316 
 104      5F05DEF5 
 104      7D5F0DDB 
 104      5E95D9
 105 00dd 340E6063 		.ascii	"4\016`c\037L\206C\324@\035\370_\313O\210\003u\234y\262"
 105      1F4C8643 
 105      D4401DF8 
 105      5FCB4F88 
 105      03759C79 
 106 00f2 72D14C4B 		.ascii	"r\321LK\010\0018b\357\013\324\277\201\376\240 0\214"
 106      08013862 
 106      EF0BD4BF 
 106      81FEA020 
 106      308C
 107 0104 3630EDCC 		.ascii	"60\355\314;\245\331\005g\256\220s\027KE'?\223s\247\306"
 107      3BA5D905 
 107      67AE9073 
 107      174B4527 
 107      3F9373A7 
 108 0119 F35977A9 		.ascii	"\363Yw\2510:\\\244_\000=cz"
 108      303A5CA4 
 108      5F003D63 
 108      7A
 109              		.text
 110              		.section	.gnu.lto_Row_2_ReadDataReg.bf151a4c,"",%progbits
 111 0000 789C2D8E 		.ascii	"x\234-\216\275K\003A\024\304\337\354\036I8\360/0\240"
 111      BD4B0341 
 111      14C4DFEC 
 111      1E4938F0 
 111      2F30A0
 112 0013 96694414 		.ascii	"\226iD\024\013m-l%i\003A\342\265\036\004\3052{^N!X\330"
 112      0B6D2D6C 
 112      25690341 
 112      E2B51E04 
 112      C5327B5E 
 113 002b A8084A40 		.ascii	"\250\010J@\220$*h\012K\341L%(j+6A$\205\205((\202\037"
 113      90242A68 
 113      0A4BE14C 
 113      25286A2B 
 113      36412485 
 114 0044 39DFF37C 		.ascii	"9\337\363|\260\314~\314\316\374,\002\311h\226!\326~"
 114      B0CC7ECC 
 114      CEFC2C02 
 114      C9689621 
ARM GAS  C:\Users\info\AppData\Local\Temp\ccFpfjM0.s 			page 8


 114      D67E
 115 0056 5ED004B5 		.ascii	"^\320\004\265~M\344\245\024 \033\223\002\225\025\312"
 115      7E4DE4A5 
 115      14201B93 
 115      029515CA 
 116 0066 78573F0A 		.ascii	"xW?\012\227\037\027kv\246n\314\262\351\354\327'\266"
 116      971F176B 
 116      76A66ECC 
 116      B2E9ECD7 
 116      27B6
 117 0078 1A21024D 		.ascii	"\032!\002M\024)\302X\032#i\211\250#Cl}h\3656\372\022"
 117      1429C258 
 117      1A236989 
 117      A823436C 
 117      7D68F536 
 118 008e 15C33328 		.ascii	"\025\3033(\006~i !\225\307\331\320D\221o\3023\373\374"
 118      067E6920 
 118      2195C7D9 
 118      D044916F 
 118      C233FBFC 
 119 00a2 D6B61405 		.ascii	"\326\266\024\005\232{%\207^\330'\255\257J\211\352.\332"
 119      9A7B2587 
 119      5ED827AD 
 119      AF4A89EA 
 119      2EDA
 120 00b4 9FD55E73 		.ascii	"\237\325^sR\276\372Z\0106\203\366M\362M\005ZAZ\356\356"
 120      52BEFA5A 
 120      083683F6 
 120      4DF24D05 
 120      5A415AEE 
 121 00c9 B79F13F1 		.ascii	"\267\237\023\361\361d\3173\026_u\252;_\311\032v\275"
 121      F164CF33 
 121      165F75AA 
 121      3B5FC91A 
 121      76BD
 122 00db 0AB3691C 		.ascii	"\012\263i\034 \215&\230\014\207\250\201\272\360\277"
 122      208D2698 
 122      0C87A881 
 122      BAF0BF
 123 00ea 571E1107 		.ascii	"W\036\021\007\3528\363t\365\252eK\010\0018b\357\023"
 123      EA38F374 
 123      F5AA654B 
 123      08013862 
 123      EF13
 124 00fc D4BF81FE 		.ascii	"\324\277\201\376\240 0\21460\355\314;\245\331\005g\256"
 124      A020308C 
 124      3630EDCC 
 124      3BA5D905 
 124      67AE
 125 010e 9073174B 		.ascii	"\220s\027KE'?\223s\247\306\363Yw\2510:\\\244_\334\014"
 125      45273F93 
 125      73A7C6F3 
 125      5977A930 
 125      3A5CA45F 
 126 0124 6391     		.ascii	"c\221"
 127              		.text
 128              		.section	.gnu.lto_.symbol_nodes.bf151a4c,"",%progbits
ARM GAS  C:\Users\info\AppData\Local\Temp\ccFpfjM0.s 			page 9


 129 0000 789C6361 		.ascii	"x\234ca`dpc\000\002&\206z\006\206\011\347\030@\324\256"
 129      60647063 
 129      00022686 
 129      7A068609 
 129      E71840D4 
 130 0015 0645A000 		.ascii	"\006E\240\000c=#\252\000S=\023\252\000s=3\212\000\003"
 130      633D23AA 
 130      00533D13 
 130      AA00733D 
 130      338A0003 
 131 0029 0026B60F 		.ascii	"\000&\266\017<"
 131      3C
 132              		.text
 133              		.section	.gnu.lto_.refs.bf151a4c,"",%progbits
 134 0000 789C6361 		.ascii	"x\234ca`\004B \000\000\0009\000\007"
 134      60044220 
 134      00000039 
 134      0007
 135              		.text
 136              		.section	.gnu.lto_.decls.bf151a4c,"",%progbits
 137 0000 789C8D53 		.ascii	"x\234\215S]HTQ\020>s\357uW\256\233\231D\371\260\224"
 137      5D485451 
 137      103E73EF 
 137      7557AE9B 
 137      9944F9B0 
 138 0015 F9E4D392 		.ascii	"\371\344\323\222I\340S\005J>\025\241e\017\011\342\317"
 138      49E05305 
 138      4A3E15A1 
 138      650F09E2 
 138      CF
 139 0026 C57CD1D8 		.ascii	"\305|\321\330\326\302\207\340\244\006&\375(f\251)Y\202"
 139      D6C287E0 
 139      A40626FD 
 139      2866A929 
 139      5982
 140 0038 F9EF963F 		.ascii	"\371\357\226?\355\332\226k\231Ee\370\003\206\370\220"
 140      EDDA966B 
 140      994565F8 
 140      0386F890 
 141 0048 613E8825 		.ascii	"a>\210%J\213)a\333\234s\357\356\335l\245\206;\347\314"
 141      4A8B2961 
 141      DB9C73EF 
 141      EEDD6CA5 
 141      863BE7CC 
 142 005c 9C39F3CD 		.ascii	"\2349\363\3157\263g%\002\204\311\031\211\220*\334#\320"
 142      37B36725 
 142      0284C919 
 142      89902ADC 
 142      23D0
 143 006e F5A284A0 		.ascii	"\365\242\204\240\235Ft\3010\351A\355Cu\240\016\220\277"
 143      9D4674C1 
 143      30E941ED 
 143      4375A00E 
 143      90BF
 144 0080 85C57D79 		.ascii	"\205\305}y]\250f\324!\324A-\016\332\235\315\3020\015"
 144      5DA866D4 
 144      21D4412D 
ARM GAS  C:\Users\info\AppData\Local\Temp\ccFpfjM0.s 			page 10


 144      0EDA9DCD 
 144      C2300D
 145 0093 9BF28683 		.ascii	"\233\362\206\203\344\366\005\311uh\334\266\252\347\010"
 145      E4F605C9 
 145      7568DCB6 
 145      AAE708
 146 00a2 9233F08F 		.ascii	"\2223\360\217\234`\275m\010\340(\257Y\335>\003\323 "
 146      9C60BD6D 
 146      08E028AF 
 146      59DD3E03 
 146      D320
 147 00b4 80363402 		.ascii	"\20064\002\240\256\300\225\250\312]4\004\276\022\377"
 147      A0AEC095 
 147      A8CA5D34 
 147      04BE12FF 
 148 00c4 917F23FE 		.ascii	"\221\177#\376+\232\251\203\361\317\267{}\302Att\320"
 148      2B9AA983 
 148      F1CFB77B 
 148      7DC24174 
 148      74D0
 149 00d6 92C0CF40 		.ascii	"\222\300\317@\263y\\\320\013\200\352\372\022\002\360"
 149      B3795CD0 
 149      0B80EAFA 
 149      1202F0
 150 00e5 54BA019C 		.ascii	"T\272\001\234\340\317\236\300\327\364\372\307\313f\021"
 150      E0CF9EC0 
 150      D7F4FAC7 
 150      CB6611
 151 00f4 1B46F3D3 		.ascii	"\033F\363\323z\313QK\007E\251\240T\330\243\017\246\373"
 151      7ACB514B 
 151      0745A9A0 
 151      54D8A30F 
 151      A6FB
 152 0106 CA97D650 		.ascii	"\312\227\326P\217\000f\031\274\300\374\257\316\365m"
 152      8F006619 
 152      BCC0FCAF 
 152      CEF56D
 153 0115 AACFC2B5 		.ascii	"\252\317\302\265\225s\277\302\304\335\314\026&\347\332"
 153      9573BFC2 
 153      C4DDCC16 
 153      26E7DA
 154 0124 17248895 		.ascii	"\027$\210\225\233\031\314\354O\373!'\245\021\320\005"
 154      9B19CCEC 
 154      4FFB2127 
 154      A511D005 
 155 0134 32748008 		.ascii	"2t\200\010\255`a\265\3152\256e\224\026\323\345\007\324"
 155      AD6061B5 
 155      CD32AE65 
 155      9416D3E5 
 155      07D4
 156 0146 104520DE 		.ascii	"\020E \336\014\373\315\004:!\226a\262[\320\016fh\003"
 156      0CFBCD04 
 156      3A219661 
 156      B25BD00E 
 156      666803
 157 0159 33C39FBF 		.ascii	"3\303\237\277so\321 \011\230\310p\262$v\366\312\373"
 157      736FD120 
ARM GAS  C:\Users\info\AppData\Local\Temp\ccFpfjM0.s 			page 11


 157      0998C870 
 157      B22476F6 
 157      CAFB
 158 016b C3BD1D29 		.ascii	"\303\275\035)D\312 \240;\261\374\276!\014\335\2352D"
 158      44CA20A0 
 158      3BB1FCBE 
 158      210CDD9D 
 158      3244
 159 017d A0FBE1D6 		.ascii	"\240\373\341\326\364\004D\335f\034h\011\215\026 m\027"
 159      F40444DD 
 159      661C6809 
 159      8D16206D 
 159      17
 160 018e 3C42403B 		.ascii	"<B@;\002\022x\014Q\270v\203\244v\267\272\350\232\221"
 160      0212780C 
 160      51B87683 
 160      A476B7BA 
 160      E89A91
 161 01a1 621A69A3 		.ascii	"b\032i\243\235\316z\347\343k\251\273\030\323\004v\015"
 161      9DCE7AE7 
 161      E36BA9BB 
 161      18D30476 
 161      0D
 162 01b2 5A74D268 		.ascii	"Zt\322h\262\355!\314\340${ \0063\227V\232\\&1\203\017"
 162      B2ED21CC 
 162      E0247B20 
 162      06339756 
 162      9A5C2631 
 163 01c8 E1FA8DCF 		.ascii	"\341\372\215\317\033&\025\305\355\0311\3211\3048\302"
 163      1B2615C5 
 163      ED1931D1 
 163      31C438C2 
 164 01d8 317A758C 		.ascii	"1zu\214\336@\214>\216Q\273\336\271d\020\255\034\243"
 164      DE408C3E 
 164      8E51BBDE 
 164      B96410AD 
 164      1CA3
 165 01ea A1A2A92D 		.ascii	"\241\242\251-,\2206\353W\347\375\204\363\316\322hW\215"
 165      2C9036EB 
 165      57E7FD84 
 165      F3CED268 
 165      578D
 166 01fc 8E348356 		.ascii	"\2164\203Vp\362\265\350\247\215\267\240_/\331\037X\322"
 166      70F2B5E8 
 166      A78DB7A0 
 166      5F2FD91F 
 166      58D2
 167 020e C14BAE95 		.ascii	"\301K\256\225]\363\030\305K\274d\315\332\354;\243\206"
 167      5DF318C5 
 167      4BBC64CD 
 167      DAEC3BA3 
 167      86
 168 021f 32F0D647 		.ascii	"2\360\326G\233a8u\014g \306\000\307\030/\265\327\213"
 168      9B613875 
 168      0C6720C6 
 168      00C7182F 
 168      B5D78B
ARM GAS  C:\Users\info\AppData\Local\Temp\ccFpfjM0.s 			page 12


 169 0232 EAFC2574 		.ascii	"\352\374%tWF\353\346\302\325\371G\243\353)\375>e\220"
 169      5746EBE6 
 169      C2D5F947 
 169      A3EB29FD 
 169      3E6590
 170 0245 CB5817FF 		.ascii	"\313X\027\377\365\013\217.\334\367\032\305\233\300\237"
 170      F50B8F2E 
 170      DCF71AC5 
 170      9BC09F
 171 0254 504F756D 		.ascii	"POum\265\021\344\330 \351\356 \351\332K[;Yy\225\265"
 171      B511E4D8 
 171      20E9EE20 
 171      E9DA4B5B 
 171      3B597995 
 172 0269 3F88237B 		.ascii	"?\210#{\256S\177\006\262:\256\336\261o\335!\246r\366"
 172      AE537F06 
 172      B23AAEDE 
 172      B16FDD21 
 172      A672F6
 173 027c E82A4A68 		.ascii	"\350*Jh\344\233p~\323\205 O\371p\207\300\304\377\034"
 173      E49B707E 
 173      D385204F 
 173      F97087C0 
 173      C4FF1C
 174 028f B86F08A2 		.ascii	"\270o\010\242k\352n\275\2101\366\311u\024\251\320q\200"
 174      6BEA6EBD 
 174      8831F6C9 
 174      7514A9D0 
 174      7180
 175 02a1 6104E3CE 		.ascii	"a\004\343\316\362an\263c\272\\L\0155\341>\212\204\007"
 175      F2616EB3 
 175      63BA5C4C 
 175      0D35E13E 
 175      8A8407
 176 02b4 08BCC0CC 		.ascii	"\010\274\300\314\227\010\314\335\260\224\202\213\031"
 176      9708CCDD 
 176      B094828B 
 176      19
 177 02c1 07324E5B 		.ascii	"\0072N[\363lJh\362\361S\321\211qq$\2440/\337\226\260"
 177      F36C4A68 
 177      F2F153D1 
 177      89717124 
 177      A4302FDF 
 178 02d7 2F59C957 		.ascii	"/Y\311W\254\2316%'#\265\240\320\232\255\244\237H-H<"
 178      AC993625 
 178      2723B5A0 
 178      D09AADA4 
 178      9F482D48 
 179 02ec 989E5D64 		.ascii	"\230\236]d+:\247\234\267\234%{\267\270\3011-\331$R\005"
 179      2B3AA79C 
 179      B79C257B 
 179      B7B8C131 
 179      2DD92452 
 180 0301 4F556C49 		.ascii	"OUlI\326\274\013\312\261\202\034EV\217R\224\314\234"
 180      D6BC0BCA 
 180      B1821C45 
 180      568F5294 
ARM GAS  C:\Users\info\AppData\Local\Temp\ccFpfjM0.s 			page 13


 180      CC9C
 181 0313 1DBA9994 		.ascii	"\035\272\231\224i\313LQr%\253\222\233\360\033q\341l"
 181      69CB4C51 
 181      7225AB92 
 181      9BF01B71 
 181      E16C
 182 0325 95       		.ascii	"\225"
 183              		.text
 184              		.section	.gnu.lto_.symtab.bf151a4c,"",%progbits
 185 0000 526F775F 		.ascii	"Row_2_Write\000"
 185      325F5772 
 185      69746500 
 186 000c 00       		.ascii	"\000"
 187 000d 00       		.ascii	"\000"
 188 000e 00       		.ascii	"\000"
 189 000f 00000000 		.ascii	"\000\000\000\000\000\000\000\000"
 189      00000000 
 190 0017 B3000000 		.ascii	"\263\000\000\000"
 191 001b 526F775F 		.ascii	"Row_2_SetDriveMode\000"
 191      325F5365 
 191      74447269 
 191      76654D6F 
 191      646500
 192 002e 00       		.ascii	"\000"
 193 002f 00       		.ascii	"\000"
 194 0030 00       		.ascii	"\000"
 195 0031 00000000 		.ascii	"\000\000\000\000\000\000\000\000"
 195      00000000 
 196 0039 B5000000 		.ascii	"\265\000\000\000"
 197 003d 526F775F 		.ascii	"Row_2_Read\000"
 197      325F5265 
 197      616400
 198 0048 00       		.ascii	"\000"
 199 0049 00       		.ascii	"\000"
 200 004a 00       		.ascii	"\000"
 201 004b 00000000 		.ascii	"\000\000\000\000\000\000\000\000"
 201      00000000 
 202 0053 B8000000 		.ascii	"\270\000\000\000"
 203 0057 526F775F 		.ascii	"Row_2_ReadDataReg\000"
 203      325F5265 
 203      61644461 
 203      74615265 
 203      6700
 204 0069 00       		.ascii	"\000"
 205 006a 00       		.ascii	"\000"
 206 006b 00       		.ascii	"\000"
 207 006c 00000000 		.ascii	"\000\000\000\000\000\000\000\000"
 207      00000000 
 208 0074 BA000000 		.ascii	"\272\000\000\000"
 209              		.text
 210              		.section	.gnu.lto_.opts,"",%progbits
 211 0000 272D666D 		.ascii	"'-fmath-errno' '-fsigned-zeros' '-ftrapping-math' '"
 211      6174682D 
 211      6572726E 
 211      6F272027 
 211      2D667369 
 212 0033 2D666E6F 		.ascii	"-fno-trapv' '-fno-openmp' '-fno-openacc' '-mcpu=cor"
ARM GAS  C:\Users\info\AppData\Local\Temp\ccFpfjM0.s 			page 14


 212      2D747261 
 212      70762720 
 212      272D666E 
 212      6F2D6F70 
 213 0066 7465782D 		.ascii	"tex-m3' '-mthumb' '-g' '-Os' '-ffunction-sections' "
 213      6D332720 
 213      272D6D74 
 213      68756D62 
 213      2720272D 
 214 0099 272D6666 		.ascii	"'-ffat-lto-objects' '-flto'\000"
 214      61742D6C 
 214      746F2D6F 
 214      626A6563 
 214      74732720 
 215              		.text
 216              		.cfi_sections	.debug_frame
 217              		.section	.text.Row_2_Write,"ax",%progbits
 218              		.align	1
 219              		.global	Row_2_Write
 220              		.thumb
 221              		.thumb_func
 222              		.type	Row_2_Write, %function
 223              	Row_2_Write:
 224              	.LFB0:
 225              		.file 1 "Generated_Source\\PSoC5\\Row_2.c"
   1:Generated_Source\PSoC5/Row_2.c **** /*******************************************************************************
   2:Generated_Source\PSoC5/Row_2.c **** * File Name: Row_2.c  
   3:Generated_Source\PSoC5/Row_2.c **** * Version 2.20
   4:Generated_Source\PSoC5/Row_2.c **** *
   5:Generated_Source\PSoC5/Row_2.c **** * Description:
   6:Generated_Source\PSoC5/Row_2.c **** *  This file contains API to enable firmware control of a Pins component.
   7:Generated_Source\PSoC5/Row_2.c **** *
   8:Generated_Source\PSoC5/Row_2.c **** * Note:
   9:Generated_Source\PSoC5/Row_2.c **** *
  10:Generated_Source\PSoC5/Row_2.c **** ********************************************************************************
  11:Generated_Source\PSoC5/Row_2.c **** * Copyright 2008-2015, Cypress Semiconductor Corporation.  All rights reserved.
  12:Generated_Source\PSoC5/Row_2.c **** * You may use this file only in accordance with the license, terms, conditions, 
  13:Generated_Source\PSoC5/Row_2.c **** * disclaimers, and limitations in the end user license agreement accompanying 
  14:Generated_Source\PSoC5/Row_2.c **** * the software package with which this file was provided.
  15:Generated_Source\PSoC5/Row_2.c **** *******************************************************************************/
  16:Generated_Source\PSoC5/Row_2.c **** 
  17:Generated_Source\PSoC5/Row_2.c **** #include "cytypes.h"
  18:Generated_Source\PSoC5/Row_2.c **** #include "Row_2.h"
  19:Generated_Source\PSoC5/Row_2.c **** 
  20:Generated_Source\PSoC5/Row_2.c **** /* APIs are not generated for P15[7:6] on PSoC 5 */
  21:Generated_Source\PSoC5/Row_2.c **** #if !(CY_PSOC5A &&\
  22:Generated_Source\PSoC5/Row_2.c **** 	 Row_2__PORT == 15 && ((Row_2__MASK & 0xC0) != 0))
  23:Generated_Source\PSoC5/Row_2.c **** 
  24:Generated_Source\PSoC5/Row_2.c **** 
  25:Generated_Source\PSoC5/Row_2.c **** /*******************************************************************************
  26:Generated_Source\PSoC5/Row_2.c **** * Function Name: Row_2_Write
  27:Generated_Source\PSoC5/Row_2.c **** ****************************************************************************//**
  28:Generated_Source\PSoC5/Row_2.c **** *
  29:Generated_Source\PSoC5/Row_2.c **** * \brief Writes the value to the physical port (data output register), masking
  30:Generated_Source\PSoC5/Row_2.c **** *  and shifting the bits appropriately. 
  31:Generated_Source\PSoC5/Row_2.c **** *
  32:Generated_Source\PSoC5/Row_2.c **** * The data output register controls the signal applied to the physical pin in 
ARM GAS  C:\Users\info\AppData\Local\Temp\ccFpfjM0.s 			page 15


  33:Generated_Source\PSoC5/Row_2.c **** * conjunction with the drive mode parameter. This function avoids changing 
  34:Generated_Source\PSoC5/Row_2.c **** * other bits in the port by using the appropriate method (read-modify-write or
  35:Generated_Source\PSoC5/Row_2.c **** * bit banding).
  36:Generated_Source\PSoC5/Row_2.c **** *
  37:Generated_Source\PSoC5/Row_2.c **** * <b>Note</b> This function should not be used on a hardware digital output pin 
  38:Generated_Source\PSoC5/Row_2.c **** * as it is driven by the hardware signal attached to it.
  39:Generated_Source\PSoC5/Row_2.c **** *
  40:Generated_Source\PSoC5/Row_2.c **** * \param value
  41:Generated_Source\PSoC5/Row_2.c **** *  Value to write to the component instance.
  42:Generated_Source\PSoC5/Row_2.c **** *
  43:Generated_Source\PSoC5/Row_2.c **** * \return 
  44:Generated_Source\PSoC5/Row_2.c **** *  None 
  45:Generated_Source\PSoC5/Row_2.c **** *
  46:Generated_Source\PSoC5/Row_2.c **** * \sideeffect
  47:Generated_Source\PSoC5/Row_2.c **** *  If you use read-modify-write operations that are not atomic; the Interrupt 
  48:Generated_Source\PSoC5/Row_2.c **** *  Service Routines (ISR) can cause corruption of this function. An ISR that 
  49:Generated_Source\PSoC5/Row_2.c **** *  interrupts this function and performs writes to the Pins component data 
  50:Generated_Source\PSoC5/Row_2.c **** *  register can cause corrupted port data. To avoid this issue, you should 
  51:Generated_Source\PSoC5/Row_2.c **** *  either use the Per-Pin APIs (primary method) or disable interrupts around 
  52:Generated_Source\PSoC5/Row_2.c **** *  this function.
  53:Generated_Source\PSoC5/Row_2.c **** *
  54:Generated_Source\PSoC5/Row_2.c **** * \funcusage
  55:Generated_Source\PSoC5/Row_2.c **** *  \snippet Row_2_SUT.c usage_Row_2_Write
  56:Generated_Source\PSoC5/Row_2.c **** *******************************************************************************/
  57:Generated_Source\PSoC5/Row_2.c **** void Row_2_Write(uint8 value)
  58:Generated_Source\PSoC5/Row_2.c **** {
 226              		.loc 1 58 0
 227              		.cfi_startproc
 228              		@ args = 0, pretend = 0, frame = 0
 229              		@ frame_needed = 0, uses_anonymous_args = 0
 230              		@ link register save eliminated.
 231              	.LVL0:
  59:Generated_Source\PSoC5/Row_2.c ****     uint8 staticBits = (Row_2_DR & (uint8)(~Row_2_MASK));
 232              		.loc 1 59 0
 233 0000 044A     		ldr	r2, .L2
  60:Generated_Source\PSoC5/Row_2.c ****     Row_2_DR = staticBits | ((uint8)(value << Row_2_SHIFT) & Row_2_MASK);
 234              		.loc 1 60 0
 235 0002 00F00100 		and	r0, r0, #1
 236              	.LVL1:
  59:Generated_Source\PSoC5/Row_2.c ****     uint8 staticBits = (Row_2_DR & (uint8)(~Row_2_MASK));
 237              		.loc 1 59 0
 238 0006 1378     		ldrb	r3, [r2]	@ zero_extendqisi2
 239              	.LVL2:
 240              		.loc 1 60 0
 241 0008 03F0FE03 		and	r3, r3, #254
 242              	.LVL3:
 243 000c 1843     		orrs	r0, r0, r3
 244 000e 1070     		strb	r0, [r2]
 245 0010 7047     		bx	lr
 246              	.L3:
 247 0012 00BF     		.align	2
 248              	.L2:
 249 0014 30510040 		.word	1073762608
 250              		.cfi_endproc
 251              	.LFE0:
 252              		.size	Row_2_Write, .-Row_2_Write
 253              		.section	.text.Row_2_SetDriveMode,"ax",%progbits
ARM GAS  C:\Users\info\AppData\Local\Temp\ccFpfjM0.s 			page 16


 254              		.align	1
 255              		.global	Row_2_SetDriveMode
 256              		.thumb
 257              		.thumb_func
 258              		.type	Row_2_SetDriveMode, %function
 259              	Row_2_SetDriveMode:
 260              	.LFB1:
  61:Generated_Source\PSoC5/Row_2.c **** }
  62:Generated_Source\PSoC5/Row_2.c **** 
  63:Generated_Source\PSoC5/Row_2.c **** 
  64:Generated_Source\PSoC5/Row_2.c **** /*******************************************************************************
  65:Generated_Source\PSoC5/Row_2.c **** * Function Name: Row_2_SetDriveMode
  66:Generated_Source\PSoC5/Row_2.c **** ****************************************************************************//**
  67:Generated_Source\PSoC5/Row_2.c **** *
  68:Generated_Source\PSoC5/Row_2.c **** * \brief Sets the drive mode for each of the Pins component's pins.
  69:Generated_Source\PSoC5/Row_2.c **** * 
  70:Generated_Source\PSoC5/Row_2.c **** * <b>Note</b> This affects all pins in the Pins component instance. Use the
  71:Generated_Source\PSoC5/Row_2.c **** * Per-Pin APIs if you wish to control individual pin's drive modes.
  72:Generated_Source\PSoC5/Row_2.c **** *
  73:Generated_Source\PSoC5/Row_2.c **** * \param mode
  74:Generated_Source\PSoC5/Row_2.c **** *  Mode for the selected signals. Valid options are documented in 
  75:Generated_Source\PSoC5/Row_2.c **** *  \ref driveMode.
  76:Generated_Source\PSoC5/Row_2.c **** *
  77:Generated_Source\PSoC5/Row_2.c **** * \return
  78:Generated_Source\PSoC5/Row_2.c **** *  None
  79:Generated_Source\PSoC5/Row_2.c **** *
  80:Generated_Source\PSoC5/Row_2.c **** * \sideeffect
  81:Generated_Source\PSoC5/Row_2.c **** *  If you use read-modify-write operations that are not atomic, the ISR can
  82:Generated_Source\PSoC5/Row_2.c **** *  cause corruption of this function. An ISR that interrupts this function 
  83:Generated_Source\PSoC5/Row_2.c **** *  and performs writes to the Pins component Drive Mode registers can cause 
  84:Generated_Source\PSoC5/Row_2.c **** *  corrupted port data. To avoid this issue, you should either use the Per-Pin
  85:Generated_Source\PSoC5/Row_2.c **** *  APIs (primary method) or disable interrupts around this function.
  86:Generated_Source\PSoC5/Row_2.c **** *
  87:Generated_Source\PSoC5/Row_2.c **** * \funcusage
  88:Generated_Source\PSoC5/Row_2.c **** *  \snippet Row_2_SUT.c usage_Row_2_SetDriveMode
  89:Generated_Source\PSoC5/Row_2.c **** *******************************************************************************/
  90:Generated_Source\PSoC5/Row_2.c **** void Row_2_SetDriveMode(uint8 mode)
  91:Generated_Source\PSoC5/Row_2.c **** {
 261              		.loc 1 91 0
 262              		.cfi_startproc
 263              		@ args = 0, pretend = 0, frame = 0
 264              		@ frame_needed = 0, uses_anonymous_args = 0
 265              		@ link register save eliminated.
 266              	.LVL4:
  92:Generated_Source\PSoC5/Row_2.c **** 	CyPins_SetPinDriveMode(Row_2_0, mode);
 267              		.loc 1 92 0
 268 0000 044A     		ldr	r2, .L5
 269 0002 00F00E00 		and	r0, r0, #14
 270              	.LVL5:
 271 0006 1378     		ldrb	r3, [r2]	@ zero_extendqisi2
 272 0008 03F0F103 		and	r3, r3, #241
 273 000c 1843     		orrs	r0, r0, r3
 274 000e 1070     		strb	r0, [r2]
 275 0010 7047     		bx	lr
 276              	.L6:
 277 0012 00BF     		.align	2
 278              	.L5:
ARM GAS  C:\Users\info\AppData\Local\Temp\ccFpfjM0.s 			page 17


 279 0014 18500040 		.word	1073762328
 280              		.cfi_endproc
 281              	.LFE1:
 282              		.size	Row_2_SetDriveMode, .-Row_2_SetDriveMode
 283              		.section	.text.Row_2_Read,"ax",%progbits
 284              		.align	1
 285              		.global	Row_2_Read
 286              		.thumb
 287              		.thumb_func
 288              		.type	Row_2_Read, %function
 289              	Row_2_Read:
 290              	.LFB2:
  93:Generated_Source\PSoC5/Row_2.c **** }
  94:Generated_Source\PSoC5/Row_2.c **** 
  95:Generated_Source\PSoC5/Row_2.c **** 
  96:Generated_Source\PSoC5/Row_2.c **** /*******************************************************************************
  97:Generated_Source\PSoC5/Row_2.c **** * Function Name: Row_2_Read
  98:Generated_Source\PSoC5/Row_2.c **** ****************************************************************************//**
  99:Generated_Source\PSoC5/Row_2.c **** *
 100:Generated_Source\PSoC5/Row_2.c **** * \brief Reads the associated physical port (pin status register) and masks 
 101:Generated_Source\PSoC5/Row_2.c **** *  the required bits according to the width and bit position of the component
 102:Generated_Source\PSoC5/Row_2.c **** *  instance. 
 103:Generated_Source\PSoC5/Row_2.c **** *
 104:Generated_Source\PSoC5/Row_2.c **** * The pin's status register returns the current logic level present on the 
 105:Generated_Source\PSoC5/Row_2.c **** * physical pin.
 106:Generated_Source\PSoC5/Row_2.c **** *
 107:Generated_Source\PSoC5/Row_2.c **** * \return 
 108:Generated_Source\PSoC5/Row_2.c **** *  The current value for the pins in the component as a right justified number.
 109:Generated_Source\PSoC5/Row_2.c **** *
 110:Generated_Source\PSoC5/Row_2.c **** * \funcusage
 111:Generated_Source\PSoC5/Row_2.c **** *  \snippet Row_2_SUT.c usage_Row_2_Read  
 112:Generated_Source\PSoC5/Row_2.c **** *******************************************************************************/
 113:Generated_Source\PSoC5/Row_2.c **** uint8 Row_2_Read(void)
 114:Generated_Source\PSoC5/Row_2.c **** {
 291              		.loc 1 114 0
 292              		.cfi_startproc
 293              		@ args = 0, pretend = 0, frame = 0
 294              		@ frame_needed = 0, uses_anonymous_args = 0
 295              		@ link register save eliminated.
 115:Generated_Source\PSoC5/Row_2.c ****     return (Row_2_PS & Row_2_MASK) >> Row_2_SHIFT;
 296              		.loc 1 115 0
 297 0000 024B     		ldr	r3, .L8
 298 0002 1878     		ldrb	r0, [r3]	@ zero_extendqisi2
 116:Generated_Source\PSoC5/Row_2.c **** }
 299              		.loc 1 116 0
 300 0004 00F00100 		and	r0, r0, #1
 301 0008 7047     		bx	lr
 302              	.L9:
 303 000a 00BF     		.align	2
 304              	.L8:
 305 000c 31510040 		.word	1073762609
 306              		.cfi_endproc
 307              	.LFE2:
 308              		.size	Row_2_Read, .-Row_2_Read
 309              		.section	.text.Row_2_ReadDataReg,"ax",%progbits
 310              		.align	1
 311              		.global	Row_2_ReadDataReg
ARM GAS  C:\Users\info\AppData\Local\Temp\ccFpfjM0.s 			page 18


 312              		.thumb
 313              		.thumb_func
 314              		.type	Row_2_ReadDataReg, %function
 315              	Row_2_ReadDataReg:
 316              	.LFB3:
 117:Generated_Source\PSoC5/Row_2.c **** 
 118:Generated_Source\PSoC5/Row_2.c **** 
 119:Generated_Source\PSoC5/Row_2.c **** /*******************************************************************************
 120:Generated_Source\PSoC5/Row_2.c **** * Function Name: Row_2_ReadDataReg
 121:Generated_Source\PSoC5/Row_2.c **** ****************************************************************************//**
 122:Generated_Source\PSoC5/Row_2.c **** *
 123:Generated_Source\PSoC5/Row_2.c **** * \brief Reads the associated physical port's data output register and masks 
 124:Generated_Source\PSoC5/Row_2.c **** *  the correct bits according to the width and bit position of the component 
 125:Generated_Source\PSoC5/Row_2.c **** *  instance. 
 126:Generated_Source\PSoC5/Row_2.c **** *
 127:Generated_Source\PSoC5/Row_2.c **** * The data output register controls the signal applied to the physical pin in 
 128:Generated_Source\PSoC5/Row_2.c **** * conjunction with the drive mode parameter. This is not the same as the 
 129:Generated_Source\PSoC5/Row_2.c **** * preferred Row_2_Read() API because the 
 130:Generated_Source\PSoC5/Row_2.c **** * Row_2_ReadDataReg() reads the data register instead of the status 
 131:Generated_Source\PSoC5/Row_2.c **** * register. For output pins this is a useful function to determine the value 
 132:Generated_Source\PSoC5/Row_2.c **** * just written to the pin.
 133:Generated_Source\PSoC5/Row_2.c **** *
 134:Generated_Source\PSoC5/Row_2.c **** * \return 
 135:Generated_Source\PSoC5/Row_2.c **** *  The current value of the data register masked and shifted into a right 
 136:Generated_Source\PSoC5/Row_2.c **** *  justified number for the component instance.
 137:Generated_Source\PSoC5/Row_2.c **** *
 138:Generated_Source\PSoC5/Row_2.c **** * \funcusage
 139:Generated_Source\PSoC5/Row_2.c **** *  \snippet Row_2_SUT.c usage_Row_2_ReadDataReg 
 140:Generated_Source\PSoC5/Row_2.c **** *******************************************************************************/
 141:Generated_Source\PSoC5/Row_2.c **** uint8 Row_2_ReadDataReg(void)
 142:Generated_Source\PSoC5/Row_2.c **** {
 317              		.loc 1 142 0
 318              		.cfi_startproc
 319              		@ args = 0, pretend = 0, frame = 0
 320              		@ frame_needed = 0, uses_anonymous_args = 0
 321              		@ link register save eliminated.
 143:Generated_Source\PSoC5/Row_2.c ****     return (Row_2_DR & Row_2_MASK) >> Row_2_SHIFT;
 322              		.loc 1 143 0
 323 0000 024B     		ldr	r3, .L11
 324 0002 1878     		ldrb	r0, [r3]	@ zero_extendqisi2
 144:Generated_Source\PSoC5/Row_2.c **** }
 325              		.loc 1 144 0
 326 0004 00F00100 		and	r0, r0, #1
 327 0008 7047     		bx	lr
 328              	.L12:
 329 000a 00BF     		.align	2
 330              	.L11:
 331 000c 30510040 		.word	1073762608
 332              		.cfi_endproc
 333              	.LFE3:
 334              		.size	Row_2_ReadDataReg, .-Row_2_ReadDataReg
 335              		.text
 336              	.Letext0:
 337              		.file 2 "Generated_Source\\PSoC5\\cytypes.h"
 338              		.section	.debug_info,"",%progbits
 339              	.Ldebug_info0:
 340 0000 1D010000 		.4byte	0x11d
ARM GAS  C:\Users\info\AppData\Local\Temp\ccFpfjM0.s 			page 19


 341 0004 0400     		.2byte	0x4
 342 0006 00000000 		.4byte	.Ldebug_abbrev0
 343 000a 04       		.byte	0x4
 344 000b 01       		.uleb128 0x1
 345 000c 0D010000 		.4byte	.LASF20
 346 0010 0C       		.byte	0xc
 347 0011 D2010000 		.4byte	.LASF21
 348 0015 8C000000 		.4byte	.LASF22
 349 0019 00000000 		.4byte	.Ldebug_ranges0+0
 350 001d 00000000 		.4byte	0
 351 0021 00000000 		.4byte	.Ldebug_line0
 352 0025 02       		.uleb128 0x2
 353 0026 01       		.byte	0x1
 354 0027 06       		.byte	0x6
 355 0028 F1010000 		.4byte	.LASF0
 356 002c 02       		.uleb128 0x2
 357 002d 01       		.byte	0x1
 358 002e 08       		.byte	0x8
 359 002f 35000000 		.4byte	.LASF1
 360 0033 02       		.uleb128 0x2
 361 0034 02       		.byte	0x2
 362 0035 05       		.byte	0x5
 363 0036 B9010000 		.4byte	.LASF2
 364 003a 02       		.uleb128 0x2
 365 003b 02       		.byte	0x2
 366 003c 07       		.byte	0x7
 367 003d 5A000000 		.4byte	.LASF3
 368 0041 02       		.uleb128 0x2
 369 0042 04       		.byte	0x4
 370 0043 05       		.byte	0x5
 371 0044 C9010000 		.4byte	.LASF4
 372 0048 02       		.uleb128 0x2
 373 0049 04       		.byte	0x4
 374 004a 07       		.byte	0x7
 375 004b 48000000 		.4byte	.LASF5
 376 004f 02       		.uleb128 0x2
 377 0050 08       		.byte	0x8
 378 0051 05       		.byte	0x5
 379 0052 A6010000 		.4byte	.LASF6
 380 0056 02       		.uleb128 0x2
 381 0057 08       		.byte	0x8
 382 0058 07       		.byte	0x7
 383 0059 F6000000 		.4byte	.LASF7
 384 005d 03       		.uleb128 0x3
 385 005e 04       		.byte	0x4
 386 005f 05       		.byte	0x5
 387 0060 696E7400 		.ascii	"int\000"
 388 0064 02       		.uleb128 0x2
 389 0065 04       		.byte	0x4
 390 0066 07       		.byte	0x7
 391 0067 7F000000 		.4byte	.LASF8
 392 006b 04       		.uleb128 0x4
 393 006c C3010000 		.4byte	.LASF12
 394 0070 02       		.byte	0x2
 395 0071 E401     		.2byte	0x1e4
 396 0073 2C000000 		.4byte	0x2c
 397 0077 02       		.uleb128 0x2
ARM GAS  C:\Users\info\AppData\Local\Temp\ccFpfjM0.s 			page 20


 398 0078 04       		.byte	0x4
 399 0079 04       		.byte	0x4
 400 007a 1D000000 		.4byte	.LASF9
 401 007e 02       		.uleb128 0x2
 402 007f 08       		.byte	0x8
 403 0080 04       		.byte	0x4
 404 0081 78000000 		.4byte	.LASF10
 405 0085 02       		.uleb128 0x2
 406 0086 01       		.byte	0x1
 407 0087 08       		.byte	0x8
 408 0088 B4010000 		.4byte	.LASF11
 409 008c 04       		.uleb128 0x4
 410 008d 43000000 		.4byte	.LASF13
 411 0091 02       		.byte	0x2
 412 0092 8E02     		.2byte	0x28e
 413 0094 98000000 		.4byte	0x98
 414 0098 05       		.uleb128 0x5
 415 0099 6B000000 		.4byte	0x6b
 416 009d 06       		.uleb128 0x6
 417 009e 00000000 		.4byte	.LASF14
 418 00a2 01       		.byte	0x1
 419 00a3 39       		.byte	0x39
 420 00a4 00000000 		.4byte	.LFB0
 421 00a8 18000000 		.4byte	.LFE0-.LFB0
 422 00ac 01       		.uleb128 0x1
 423 00ad 9C       		.byte	0x9c
 424 00ae D1000000 		.4byte	0xd1
 425 00b2 07       		.uleb128 0x7
 426 00b3 0C000000 		.4byte	.LASF16
 427 00b7 01       		.byte	0x1
 428 00b8 39       		.byte	0x39
 429 00b9 6B000000 		.4byte	0x6b
 430 00bd 00000000 		.4byte	.LLST0
 431 00c1 08       		.uleb128 0x8
 432 00c2 12000000 		.4byte	.LASF23
 433 00c6 01       		.byte	0x1
 434 00c7 3B       		.byte	0x3b
 435 00c8 6B000000 		.4byte	0x6b
 436 00cc 21000000 		.4byte	.LLST1
 437 00d0 00       		.byte	0
 438 00d1 06       		.uleb128 0x6
 439 00d2 FD010000 		.4byte	.LASF15
 440 00d6 01       		.byte	0x1
 441 00d7 5A       		.byte	0x5a
 442 00d8 00000000 		.4byte	.LFB1
 443 00dc 18000000 		.4byte	.LFE1-.LFB1
 444 00e0 01       		.uleb128 0x1
 445 00e1 9C       		.byte	0x9c
 446 00e2 F6000000 		.4byte	0xf6
 447 00e6 07       		.uleb128 0x7
 448 00e7 A1010000 		.4byte	.LASF17
 449 00eb 01       		.byte	0x1
 450 00ec 5A       		.byte	0x5a
 451 00ed 6B000000 		.4byte	0x6b
 452 00f1 39000000 		.4byte	.LLST2
 453 00f5 00       		.byte	0
 454 00f6 09       		.uleb128 0x9
ARM GAS  C:\Users\info\AppData\Local\Temp\ccFpfjM0.s 			page 21


 455 00f7 6D000000 		.4byte	.LASF18
 456 00fb 01       		.byte	0x1
 457 00fc 71       		.byte	0x71
 458 00fd 6B000000 		.4byte	0x6b
 459 0101 00000000 		.4byte	.LFB2
 460 0105 10000000 		.4byte	.LFE2-.LFB2
 461 0109 01       		.uleb128 0x1
 462 010a 9C       		.byte	0x9c
 463 010b 09       		.uleb128 0x9
 464 010c 23000000 		.4byte	.LASF19
 465 0110 01       		.byte	0x1
 466 0111 8D       		.byte	0x8d
 467 0112 6B000000 		.4byte	0x6b
 468 0116 00000000 		.4byte	.LFB3
 469 011a 10000000 		.4byte	.LFE3-.LFB3
 470 011e 01       		.uleb128 0x1
 471 011f 9C       		.byte	0x9c
 472 0120 00       		.byte	0
 473              		.section	.debug_abbrev,"",%progbits
 474              	.Ldebug_abbrev0:
 475 0000 01       		.uleb128 0x1
 476 0001 11       		.uleb128 0x11
 477 0002 01       		.byte	0x1
 478 0003 25       		.uleb128 0x25
 479 0004 0E       		.uleb128 0xe
 480 0005 13       		.uleb128 0x13
 481 0006 0B       		.uleb128 0xb
 482 0007 03       		.uleb128 0x3
 483 0008 0E       		.uleb128 0xe
 484 0009 1B       		.uleb128 0x1b
 485 000a 0E       		.uleb128 0xe
 486 000b 55       		.uleb128 0x55
 487 000c 17       		.uleb128 0x17
 488 000d 11       		.uleb128 0x11
 489 000e 01       		.uleb128 0x1
 490 000f 10       		.uleb128 0x10
 491 0010 17       		.uleb128 0x17
 492 0011 00       		.byte	0
 493 0012 00       		.byte	0
 494 0013 02       		.uleb128 0x2
 495 0014 24       		.uleb128 0x24
 496 0015 00       		.byte	0
 497 0016 0B       		.uleb128 0xb
 498 0017 0B       		.uleb128 0xb
 499 0018 3E       		.uleb128 0x3e
 500 0019 0B       		.uleb128 0xb
 501 001a 03       		.uleb128 0x3
 502 001b 0E       		.uleb128 0xe
 503 001c 00       		.byte	0
 504 001d 00       		.byte	0
 505 001e 03       		.uleb128 0x3
 506 001f 24       		.uleb128 0x24
 507 0020 00       		.byte	0
 508 0021 0B       		.uleb128 0xb
 509 0022 0B       		.uleb128 0xb
 510 0023 3E       		.uleb128 0x3e
 511 0024 0B       		.uleb128 0xb
ARM GAS  C:\Users\info\AppData\Local\Temp\ccFpfjM0.s 			page 22


 512 0025 03       		.uleb128 0x3
 513 0026 08       		.uleb128 0x8
 514 0027 00       		.byte	0
 515 0028 00       		.byte	0
 516 0029 04       		.uleb128 0x4
 517 002a 16       		.uleb128 0x16
 518 002b 00       		.byte	0
 519 002c 03       		.uleb128 0x3
 520 002d 0E       		.uleb128 0xe
 521 002e 3A       		.uleb128 0x3a
 522 002f 0B       		.uleb128 0xb
 523 0030 3B       		.uleb128 0x3b
 524 0031 05       		.uleb128 0x5
 525 0032 49       		.uleb128 0x49
 526 0033 13       		.uleb128 0x13
 527 0034 00       		.byte	0
 528 0035 00       		.byte	0
 529 0036 05       		.uleb128 0x5
 530 0037 35       		.uleb128 0x35
 531 0038 00       		.byte	0
 532 0039 49       		.uleb128 0x49
 533 003a 13       		.uleb128 0x13
 534 003b 00       		.byte	0
 535 003c 00       		.byte	0
 536 003d 06       		.uleb128 0x6
 537 003e 2E       		.uleb128 0x2e
 538 003f 01       		.byte	0x1
 539 0040 3F       		.uleb128 0x3f
 540 0041 19       		.uleb128 0x19
 541 0042 03       		.uleb128 0x3
 542 0043 0E       		.uleb128 0xe
 543 0044 3A       		.uleb128 0x3a
 544 0045 0B       		.uleb128 0xb
 545 0046 3B       		.uleb128 0x3b
 546 0047 0B       		.uleb128 0xb
 547 0048 27       		.uleb128 0x27
 548 0049 19       		.uleb128 0x19
 549 004a 11       		.uleb128 0x11
 550 004b 01       		.uleb128 0x1
 551 004c 12       		.uleb128 0x12
 552 004d 06       		.uleb128 0x6
 553 004e 40       		.uleb128 0x40
 554 004f 18       		.uleb128 0x18
 555 0050 9742     		.uleb128 0x2117
 556 0052 19       		.uleb128 0x19
 557 0053 01       		.uleb128 0x1
 558 0054 13       		.uleb128 0x13
 559 0055 00       		.byte	0
 560 0056 00       		.byte	0
 561 0057 07       		.uleb128 0x7
 562 0058 05       		.uleb128 0x5
 563 0059 00       		.byte	0
 564 005a 03       		.uleb128 0x3
 565 005b 0E       		.uleb128 0xe
 566 005c 3A       		.uleb128 0x3a
 567 005d 0B       		.uleb128 0xb
 568 005e 3B       		.uleb128 0x3b
ARM GAS  C:\Users\info\AppData\Local\Temp\ccFpfjM0.s 			page 23


 569 005f 0B       		.uleb128 0xb
 570 0060 49       		.uleb128 0x49
 571 0061 13       		.uleb128 0x13
 572 0062 02       		.uleb128 0x2
 573 0063 17       		.uleb128 0x17
 574 0064 00       		.byte	0
 575 0065 00       		.byte	0
 576 0066 08       		.uleb128 0x8
 577 0067 34       		.uleb128 0x34
 578 0068 00       		.byte	0
 579 0069 03       		.uleb128 0x3
 580 006a 0E       		.uleb128 0xe
 581 006b 3A       		.uleb128 0x3a
 582 006c 0B       		.uleb128 0xb
 583 006d 3B       		.uleb128 0x3b
 584 006e 0B       		.uleb128 0xb
 585 006f 49       		.uleb128 0x49
 586 0070 13       		.uleb128 0x13
 587 0071 02       		.uleb128 0x2
 588 0072 17       		.uleb128 0x17
 589 0073 00       		.byte	0
 590 0074 00       		.byte	0
 591 0075 09       		.uleb128 0x9
 592 0076 2E       		.uleb128 0x2e
 593 0077 00       		.byte	0
 594 0078 3F       		.uleb128 0x3f
 595 0079 19       		.uleb128 0x19
 596 007a 03       		.uleb128 0x3
 597 007b 0E       		.uleb128 0xe
 598 007c 3A       		.uleb128 0x3a
 599 007d 0B       		.uleb128 0xb
 600 007e 3B       		.uleb128 0x3b
 601 007f 0B       		.uleb128 0xb
 602 0080 27       		.uleb128 0x27
 603 0081 19       		.uleb128 0x19
 604 0082 49       		.uleb128 0x49
 605 0083 13       		.uleb128 0x13
 606 0084 11       		.uleb128 0x11
 607 0085 01       		.uleb128 0x1
 608 0086 12       		.uleb128 0x12
 609 0087 06       		.uleb128 0x6
 610 0088 40       		.uleb128 0x40
 611 0089 18       		.uleb128 0x18
 612 008a 9742     		.uleb128 0x2117
 613 008c 19       		.uleb128 0x19
 614 008d 00       		.byte	0
 615 008e 00       		.byte	0
 616 008f 00       		.byte	0
 617              		.section	.debug_loc,"",%progbits
 618              	.Ldebug_loc0:
 619              	.LLST0:
 620 0000 00000000 		.4byte	.LVL0
 621 0004 06000000 		.4byte	.LVL1
 622 0008 0100     		.2byte	0x1
 623 000a 50       		.byte	0x50
 624 000b 06000000 		.4byte	.LVL1
 625 000f 18000000 		.4byte	.LFE0
ARM GAS  C:\Users\info\AppData\Local\Temp\ccFpfjM0.s 			page 24


 626 0013 0400     		.2byte	0x4
 627 0015 F3       		.byte	0xf3
 628 0016 01       		.uleb128 0x1
 629 0017 50       		.byte	0x50
 630 0018 9F       		.byte	0x9f
 631 0019 00000000 		.4byte	0
 632 001d 00000000 		.4byte	0
 633              	.LLST1:
 634 0021 08000000 		.4byte	.LVL2
 635 0025 0C000000 		.4byte	.LVL3
 636 0029 0600     		.2byte	0x6
 637 002b 73       		.byte	0x73
 638 002c 00       		.sleb128 0
 639 002d 09       		.byte	0x9
 640 002e FE       		.byte	0xfe
 641 002f 1A       		.byte	0x1a
 642 0030 9F       		.byte	0x9f
 643 0031 00000000 		.4byte	0
 644 0035 00000000 		.4byte	0
 645              	.LLST2:
 646 0039 00000000 		.4byte	.LVL4
 647 003d 06000000 		.4byte	.LVL5
 648 0041 0100     		.2byte	0x1
 649 0043 50       		.byte	0x50
 650 0044 06000000 		.4byte	.LVL5
 651 0048 18000000 		.4byte	.LFE1
 652 004c 0400     		.2byte	0x4
 653 004e F3       		.byte	0xf3
 654 004f 01       		.uleb128 0x1
 655 0050 50       		.byte	0x50
 656 0051 9F       		.byte	0x9f
 657 0052 00000000 		.4byte	0
 658 0056 00000000 		.4byte	0
 659              		.section	.debug_aranges,"",%progbits
 660 0000 34000000 		.4byte	0x34
 661 0004 0200     		.2byte	0x2
 662 0006 00000000 		.4byte	.Ldebug_info0
 663 000a 04       		.byte	0x4
 664 000b 00       		.byte	0
 665 000c 0000     		.2byte	0
 666 000e 0000     		.2byte	0
 667 0010 00000000 		.4byte	.LFB0
 668 0014 18000000 		.4byte	.LFE0-.LFB0
 669 0018 00000000 		.4byte	.LFB1
 670 001c 18000000 		.4byte	.LFE1-.LFB1
 671 0020 00000000 		.4byte	.LFB2
 672 0024 10000000 		.4byte	.LFE2-.LFB2
 673 0028 00000000 		.4byte	.LFB3
 674 002c 10000000 		.4byte	.LFE3-.LFB3
 675 0030 00000000 		.4byte	0
 676 0034 00000000 		.4byte	0
 677              		.section	.debug_ranges,"",%progbits
 678              	.Ldebug_ranges0:
 679 0000 00000000 		.4byte	.LFB0
 680 0004 18000000 		.4byte	.LFE0
 681 0008 00000000 		.4byte	.LFB1
 682 000c 18000000 		.4byte	.LFE1
ARM GAS  C:\Users\info\AppData\Local\Temp\ccFpfjM0.s 			page 25


 683 0010 00000000 		.4byte	.LFB2
 684 0014 10000000 		.4byte	.LFE2
 685 0018 00000000 		.4byte	.LFB3
 686 001c 10000000 		.4byte	.LFE3
 687 0020 00000000 		.4byte	0
 688 0024 00000000 		.4byte	0
 689              		.section	.debug_line,"",%progbits
 690              	.Ldebug_line0:
 691 0000 90000000 		.section	.debug_str,"MS",%progbits,1
 691      02004200 
 691      00000201 
 691      FB0E0D00 
 691      01010101 
 692              	.LASF14:
 693 0000 526F775F 		.ascii	"Row_2_Write\000"
 693      325F5772 
 693      69746500 
 694              	.LASF16:
 695 000c 76616C75 		.ascii	"value\000"
 695      6500
 696              	.LASF23:
 697 0012 73746174 		.ascii	"staticBits\000"
 697      69634269 
 697      747300
 698              	.LASF9:
 699 001d 666C6F61 		.ascii	"float\000"
 699      7400
 700              	.LASF19:
 701 0023 526F775F 		.ascii	"Row_2_ReadDataReg\000"
 701      325F5265 
 701      61644461 
 701      74615265 
 701      6700
 702              	.LASF1:
 703 0035 756E7369 		.ascii	"unsigned char\000"
 703      676E6564 
 703      20636861 
 703      7200
 704              	.LASF13:
 705 0043 72656738 		.ascii	"reg8\000"
 705      00
 706              	.LASF5:
 707 0048 6C6F6E67 		.ascii	"long unsigned int\000"
 707      20756E73 
 707      69676E65 
 707      6420696E 
 707      7400
 708              	.LASF3:
 709 005a 73686F72 		.ascii	"short unsigned int\000"
 709      7420756E 
 709      7369676E 
 709      65642069 
 709      6E7400
 710              	.LASF18:
 711 006d 526F775F 		.ascii	"Row_2_Read\000"
 711      325F5265 
 711      616400
ARM GAS  C:\Users\info\AppData\Local\Temp\ccFpfjM0.s 			page 26


 712              	.LASF10:
 713 0078 646F7562 		.ascii	"double\000"
 713      6C6500
 714              	.LASF8:
 715 007f 756E7369 		.ascii	"unsigned int\000"
 715      676E6564 
 715      20696E74 
 715      00
 716              	.LASF22:
 717 008c 433A5C55 		.ascii	"C:\\Users\\info\\Desktop\\Spring 2019 Classes\\6.11"
 717      73657273 
 717      5C696E66 
 717      6F5C4465 
 717      736B746F 
 718 00ba 355C362E 		.ascii	"5\\6.115-final\\PSoCCreator\\Final Project\\FinalEm"
 718      3131352D 
 718      66696E61 
 718      6C5C5053 
 718      6F434372 
 719 00e9 756C6174 		.ascii	"ulator.cydsn\000"
 719      6F722E63 
 719      7964736E 
 719      00
 720              	.LASF7:
 721 00f6 6C6F6E67 		.ascii	"long long unsigned int\000"
 721      206C6F6E 
 721      6720756E 
 721      7369676E 
 721      65642069 
 722              	.LASF20:
 723 010d 474E5520 		.ascii	"GNU C11 5.4.1 20160609 (release) [ARM/embedded-5-br"
 723      43313120 
 723      352E342E 
 723      31203230 
 723      31363036 
 724 0140 616E6368 		.ascii	"anch revision 237715] -mcpu=cortex-m3 -mthumb -g -O"
 724      20726576 
 724      6973696F 
 724      6E203233 
 724      37373135 
 725 0173 73202D66 		.ascii	"s -ffunction-sections -ffat-lto-objects -flto\000"
 725      66756E63 
 725      74696F6E 
 725      2D736563 
 725      74696F6E 
 726              	.LASF17:
 727 01a1 6D6F6465 		.ascii	"mode\000"
 727      00
 728              	.LASF6:
 729 01a6 6C6F6E67 		.ascii	"long long int\000"
 729      206C6F6E 
 729      6720696E 
 729      7400
 730              	.LASF11:
 731 01b4 63686172 		.ascii	"char\000"
 731      00
 732              	.LASF2:
ARM GAS  C:\Users\info\AppData\Local\Temp\ccFpfjM0.s 			page 27


 733 01b9 73686F72 		.ascii	"short int\000"
 733      7420696E 
 733      7400
 734              	.LASF12:
 735 01c3 75696E74 		.ascii	"uint8\000"
 735      3800
 736              	.LASF4:
 737 01c9 6C6F6E67 		.ascii	"long int\000"
 737      20696E74 
 737      00
 738              	.LASF21:
 739 01d2 47656E65 		.ascii	"Generated_Source\\PSoC5\\Row_2.c\000"
 739      72617465 
 739      645F536F 
 739      75726365 
 739      5C50536F 
 740              	.LASF0:
 741 01f1 7369676E 		.ascii	"signed char\000"
 741      65642063 
 741      68617200 
 742              	.LASF15:
 743 01fd 526F775F 		.ascii	"Row_2_SetDriveMode\000"
 743      325F5365 
 743      74447269 
 743      76654D6F 
 743      646500
 744              		.comm	__gnu_lto_v1,1,1
 745              		.ident	"GCC: (GNU Tools for ARM Embedded Processors) 5.4.1 20160609 (release) [ARM/embedded-5-bran
