ARM GAS  C:\Users\info\AppData\Local\Temp\ccwed3Wz.s 			page 1


   1              		.syntax unified
   2              		.cpu cortex-m3
   3              		.fpu softvfp
   4              		.eabi_attribute 20, 1
   5              		.eabi_attribute 21, 1
   6              		.eabi_attribute 23, 3
   7              		.eabi_attribute 24, 1
   8              		.eabi_attribute 25, 1
   9              		.eabi_attribute 26, 1
  10              		.eabi_attribute 30, 2
  11              		.eabi_attribute 34, 1
  12              		.eabi_attribute 18, 4
  13              		.thumb
  14              		.syntax unified
  15              		.file	"u8log_u8x8.c"
  16              		.text
  17              	.Ltext0:
  18              		.cfi_sections	.debug_frame
  19              		.section	.text.u8x8_DrawLogLine.isra.0,"ax",%progbits
  20              		.align	2
  21              		.thumb
  22              		.thumb_func
  23              		.type	u8x8_DrawLogLine.isra.0, %function
  24              	u8x8_DrawLogLine.isra.0:
  25              	.LFB3:
  26              		.file 1 "..\\u8g2-master\\csrc\\u8log_u8x8.c"
   1:..\u8g2-master\csrc/u8log_u8x8.c **** /*
   2:..\u8g2-master\csrc/u8log_u8x8.c **** 
   3:..\u8g2-master\csrc/u8log_u8x8.c ****   u8log_u8x8.c
   4:..\u8g2-master\csrc/u8log_u8x8.c ****   
   5:..\u8g2-master\csrc/u8log_u8x8.c **** 
   6:..\u8g2-master\csrc/u8log_u8x8.c ****   Universal 8bit Graphics Library (https://github.com/olikraus/u8g2/)
   7:..\u8g2-master\csrc/u8log_u8x8.c **** 
   8:..\u8g2-master\csrc/u8log_u8x8.c ****   Copyright (c) 2018, olikraus@gmail.com
   9:..\u8g2-master\csrc/u8log_u8x8.c ****   All rights reserved.
  10:..\u8g2-master\csrc/u8log_u8x8.c **** 
  11:..\u8g2-master\csrc/u8log_u8x8.c ****   Redistribution and use in source and binary forms, with or without modification, 
  12:..\u8g2-master\csrc/u8log_u8x8.c ****   are permitted provided that the following conditions are met:
  13:..\u8g2-master\csrc/u8log_u8x8.c **** 
  14:..\u8g2-master\csrc/u8log_u8x8.c ****   * Redistributions of source code must retain the above copyright notice, this list 
  15:..\u8g2-master\csrc/u8log_u8x8.c ****     of conditions and the following disclaimer.
  16:..\u8g2-master\csrc/u8log_u8x8.c ****     
  17:..\u8g2-master\csrc/u8log_u8x8.c ****   * Redistributions in binary form must reproduce the above copyright notice, this 
  18:..\u8g2-master\csrc/u8log_u8x8.c ****     list of conditions and the following disclaimer in the documentation and/or other 
  19:..\u8g2-master\csrc/u8log_u8x8.c ****     materials provided with the distribution.
  20:..\u8g2-master\csrc/u8log_u8x8.c **** 
  21:..\u8g2-master\csrc/u8log_u8x8.c ****   THIS SOFTWARE IS PROVIDED BY THE COPYRIGHT HOLDERS AND 
  22:..\u8g2-master\csrc/u8log_u8x8.c ****   CONTRIBUTORS "AS IS" AND ANY EXPRESS OR IMPLIED WARRANTIES, 
  23:..\u8g2-master\csrc/u8log_u8x8.c ****   INCLUDING, BUT NOT LIMITED TO, THE IMPLIED WARRANTIES OF 
  24:..\u8g2-master\csrc/u8log_u8x8.c ****   MERCHANTABILITY AND FITNESS FOR A PARTICULAR PURPOSE ARE 
  25:..\u8g2-master\csrc/u8log_u8x8.c ****   DISCLAIMED. IN NO EVENT SHALL THE COPYRIGHT HOLDER OR 
  26:..\u8g2-master\csrc/u8log_u8x8.c ****   CONTRIBUTORS BE LIABLE FOR ANY DIRECT, INDIRECT, INCIDENTAL, 
  27:..\u8g2-master\csrc/u8log_u8x8.c ****   SPECIAL, EXEMPLARY, OR CONSEQUENTIAL DAMAGES (INCLUDING, BUT 
  28:..\u8g2-master\csrc/u8log_u8x8.c ****   NOT LIMITED TO, PROCUREMENT OF SUBSTITUTE GOODS OR SERVICES; 
  29:..\u8g2-master\csrc/u8log_u8x8.c ****   LOSS OF USE, DATA, OR PROFITS; OR BUSINESS INTERRUPTION) HOWEVER 
  30:..\u8g2-master\csrc/u8log_u8x8.c ****   CAUSED AND ON ANY THEORY OF LIABILITY, WHETHER IN CONTRACT, 
  31:..\u8g2-master\csrc/u8log_u8x8.c ****   STRICT LIABILITY, OR TORT (INCLUDING NEGLIGENCE OR OTHERWISE) 
ARM GAS  C:\Users\info\AppData\Local\Temp\ccwed3Wz.s 			page 2


  32:..\u8g2-master\csrc/u8log_u8x8.c ****   ARISING IN ANY WAY OUT OF THE USE OF THIS SOFTWARE, EVEN IF 
  33:..\u8g2-master\csrc/u8log_u8x8.c ****   ADVISED OF THE POSSIBILITY OF SUCH DAMAGE.  
  34:..\u8g2-master\csrc/u8log_u8x8.c **** 
  35:..\u8g2-master\csrc/u8log_u8x8.c **** */
  36:..\u8g2-master\csrc/u8log_u8x8.c **** 
  37:..\u8g2-master\csrc/u8log_u8x8.c **** #include "u8x8.h"
  38:..\u8g2-master\csrc/u8log_u8x8.c **** 
  39:..\u8g2-master\csrc/u8log_u8x8.c **** static void u8x8_DrawLogLine(u8x8_t *u8x8, uint8_t disp_x, uint8_t disp_y, uint8_t buf_y, u8log_t *
  40:..\u8g2-master\csrc/u8log_u8x8.c **** static void u8x8_DrawLogLine(u8x8_t *u8x8, uint8_t disp_x, uint8_t disp_y, uint8_t buf_y, u8log_t *
  27              		.loc 1 40 0
  28              		.cfi_startproc
  29              		@ args = 8, pretend = 0, frame = 0
  30              		@ frame_needed = 0, uses_anonymous_args = 0
  31              	.LVL0:
  32 0000 2DE9F84F 		push	{r3, r4, r5, r6, r7, r8, r9, r10, fp, lr}
  33              		.cfi_def_cfa_offset 40
  34              		.cfi_offset 3, -40
  35              		.cfi_offset 4, -36
  36              		.cfi_offset 5, -32
  37              		.cfi_offset 6, -28
  38              		.cfi_offset 7, -24
  39              		.cfi_offset 8, -20
  40              		.cfi_offset 9, -16
  41              		.cfi_offset 10, -12
  42              		.cfi_offset 11, -8
  43              		.cfi_offset 14, -4
  44              		.loc 1 40 0
  45 0004 DDF828A0 		ldr	r10, [sp, #40]
  46 0008 DDF82CB0 		ldr	fp, [sp, #44]
  41:..\u8g2-master\csrc/u8log_u8x8.c **** {
  42:..\u8g2-master\csrc/u8log_u8x8.c ****   uint8_t buf_x;
  43:..\u8g2-master\csrc/u8log_u8x8.c ****   uint8_t c;
  44:..\u8g2-master\csrc/u8log_u8x8.c ****   for( buf_x = 0; buf_x < u8log->width; buf_x++ )
  47              		.loc 1 44 0
  48 000c 9AF800E0 		ldrb	lr, [r10]	@ zero_extendqisi2
  49 0010 BEF1000F 		cmp	lr, #0
  50 0014 18D0     		beq	.L1
  51 0016 9946     		mov	r9, r3
  52 0018 9046     		mov	r8, r2
  53 001a 0F46     		mov	r7, r1
  54 001c 0646     		mov	r6, r0
  55 001e 0025     		movs	r5, #0
  56              	.LVL1:
  57              	.L3:
  45:..\u8g2-master\csrc/u8log_u8x8.c ****   {
  46:..\u8g2-master\csrc/u8log_u8x8.c ****     c = u8log->screen_buffer[buf_y * u8log->width + buf_x];
  58              		.loc 1 46 0
  59 0020 DBF80030 		ldr	r3, [fp]
  60 0024 ECB2     		uxtb	r4, r5
  61              	.LVL2:
  62 0026 09FB0E33 		mla	r3, r9, lr, r3
  63              	.LVL3:
  47:..\u8g2-master\csrc/u8log_u8x8.c ****     u8x8_DrawGlyph(u8x8, disp_x, disp_y, c);
  64              		.loc 1 47 0
  65 002a 3919     		adds	r1, r7, r4
  66 002c 1B5D     		ldrb	r3, [r3, r4]	@ zero_extendqisi2
  67 002e C9B2     		uxtb	r1, r1
ARM GAS  C:\Users\info\AppData\Local\Temp\ccwed3Wz.s 			page 3


  68 0030 4246     		mov	r2, r8
  69 0032 3046     		mov	r0, r6
  70 0034 FFF7FEFF 		bl	u8x8_DrawGlyph
  71              	.LVL4:
  44:..\u8g2-master\csrc/u8log_u8x8.c ****   {
  72              		.loc 1 44 0
  73 0038 0134     		adds	r4, r4, #1
  74              	.LVL5:
  75 003a 9AF800E0 		ldrb	lr, [r10]	@ zero_extendqisi2
  76 003e E4B2     		uxtb	r4, r4
  77              	.LVL6:
  78 0040 A645     		cmp	lr, r4
  79 0042 05F10105 		add	r5, r5, #1
  80              	.LVL7:
  81 0046 EBD8     		bhi	.L3
  82              	.LVL8:
  83              	.L1:
  84 0048 BDE8F88F 		pop	{r3, r4, r5, r6, r7, r8, r9, r10, fp, pc}
  85              		.cfi_endproc
  86              	.LFE3:
  87              		.size	u8x8_DrawLogLine.isra.0, .-u8x8_DrawLogLine.isra.0
  88              		.section	.text.u8x8_DrawLog,"ax",%progbits
  89              		.align	2
  90              		.global	u8x8_DrawLog
  91              		.thumb
  92              		.thumb_func
  93              		.type	u8x8_DrawLog, %function
  94              	u8x8_DrawLog:
  95              	.LFB1:
  48:..\u8g2-master\csrc/u8log_u8x8.c ****     disp_x++;
  49:..\u8g2-master\csrc/u8log_u8x8.c ****   }
  50:..\u8g2-master\csrc/u8log_u8x8.c **** }
  51:..\u8g2-master\csrc/u8log_u8x8.c **** 
  52:..\u8g2-master\csrc/u8log_u8x8.c **** void u8x8_DrawLog(u8x8_t *u8x8, uint8_t x, uint8_t y, u8log_t *u8log)
  53:..\u8g2-master\csrc/u8log_u8x8.c **** {
  96              		.loc 1 53 0
  97              		.cfi_startproc
  98              		@ args = 0, pretend = 0, frame = 0
  99              		@ frame_needed = 0, uses_anonymous_args = 0
 100              	.LVL9:
 101 0000 2DE9F04F 		push	{r4, r5, r6, r7, r8, r9, r10, fp, lr}
 102              		.cfi_def_cfa_offset 36
 103              		.cfi_offset 4, -36
 104              		.cfi_offset 5, -32
 105              		.cfi_offset 6, -28
 106              		.cfi_offset 7, -24
 107              		.cfi_offset 8, -20
 108              		.cfi_offset 9, -16
 109              		.cfi_offset 10, -12
 110              		.cfi_offset 11, -8
 111              		.cfi_offset 14, -4
  54:..\u8g2-master\csrc/u8log_u8x8.c ****   uint8_t buf_y;
  55:..\u8g2-master\csrc/u8log_u8x8.c ****   for( buf_y = 0; buf_y < u8log->height; buf_y++ )
 112              		.loc 1 55 0
 113 0004 5C79     		ldrb	r4, [r3, #5]	@ zero_extendqisi2
  53:..\u8g2-master\csrc/u8log_u8x8.c ****   uint8_t buf_y;
 114              		.loc 1 53 0
ARM GAS  C:\Users\info\AppData\Local\Temp\ccwed3Wz.s 			page 4


 115 0006 83B0     		sub	sp, sp, #12
 116              		.cfi_def_cfa_offset 48
 117              		.loc 1 55 0
 118 0008 CCB1     		cbz	r4, .L8
 119 000a 9146     		mov	r9, r2
 120 000c 8846     		mov	r8, r1
 121 000e 0746     		mov	r7, r0
 122 0010 1E46     		mov	r6, r3
 123 0012 03F1040B 		add	fp, r3, #4
 124 0016 03F10C0A 		add	r10, r3, #12
 125 001a 0024     		movs	r4, #0
 126              	.LVL10:
 127              	.L10:
  56:..\u8g2-master\csrc/u8log_u8x8.c ****   {
  57:..\u8g2-master\csrc/u8log_u8x8.c ****     u8x8_DrawLogLine(u8x8, x, y, buf_y, u8log);
 128              		.loc 1 57 0 discriminator 3
 129 001c 09EB0402 		add	r2, r9, r4
 130 0020 2346     		mov	r3, r4
 131 0022 CDF804A0 		str	r10, [sp, #4]
 132 0026 CDF800B0 		str	fp, [sp]
 133 002a D2B2     		uxtb	r2, r2
 134 002c 4146     		mov	r1, r8
 135 002e 3846     		mov	r0, r7
 136 0030 FFF7FEFF 		bl	u8x8_DrawLogLine.isra.0
 137              	.LVL11:
  55:..\u8g2-master\csrc/u8log_u8x8.c ****   {
 138              		.loc 1 55 0 discriminator 3
 139 0034 0134     		adds	r4, r4, #1
 140              	.LVL12:
 141 0036 7579     		ldrb	r5, [r6, #5]	@ zero_extendqisi2
 142 0038 E4B2     		uxtb	r4, r4
 143              	.LVL13:
 144 003a A542     		cmp	r5, r4
 145 003c EED8     		bhi	.L10
 146              	.LVL14:
 147              	.L8:
  58:..\u8g2-master\csrc/u8log_u8x8.c ****     y++;
  59:..\u8g2-master\csrc/u8log_u8x8.c ****   }
  60:..\u8g2-master\csrc/u8log_u8x8.c **** }
 148              		.loc 1 60 0
 149 003e 03B0     		add	sp, sp, #12
 150              		.cfi_def_cfa_offset 36
 151              		@ sp needed
 152 0040 BDE8F08F 		pop	{r4, r5, r6, r7, r8, r9, r10, fp, pc}
 153              		.cfi_endproc
 154              	.LFE1:
 155              		.size	u8x8_DrawLog, .-u8x8_DrawLog
 156              		.section	.text.u8log_u8x8_cb,"ax",%progbits
 157              		.align	2
 158              		.global	u8log_u8x8_cb
 159              		.thumb
 160              		.thumb_func
 161              		.type	u8log_u8x8_cb, %function
 162              	u8log_u8x8_cb:
 163              	.LFB2:
  61:..\u8g2-master\csrc/u8log_u8x8.c **** 
  62:..\u8g2-master\csrc/u8log_u8x8.c **** 
ARM GAS  C:\Users\info\AppData\Local\Temp\ccwed3Wz.s 			page 5


  63:..\u8g2-master\csrc/u8log_u8x8.c **** void u8log_u8x8_cb(u8log_t * u8log)
  64:..\u8g2-master\csrc/u8log_u8x8.c **** {
 164              		.loc 1 64 0
 165              		.cfi_startproc
 166              		@ args = 0, pretend = 0, frame = 0
 167              		@ frame_needed = 0, uses_anonymous_args = 0
 168              	.LVL15:
 169 0000 2DE9F041 		push	{r4, r5, r6, r7, r8, lr}
 170              		.cfi_def_cfa_offset 24
 171              		.cfi_offset 4, -24
 172              		.cfi_offset 5, -20
 173              		.cfi_offset 6, -16
 174              		.cfi_offset 7, -12
 175              		.cfi_offset 8, -8
 176              		.cfi_offset 14, -4
  65:..\u8g2-master\csrc/u8log_u8x8.c ****   u8x8_t *u8x8 = (u8x8_t *)(u8log->aux_data);
  66:..\u8g2-master\csrc/u8log_u8x8.c ****   if ( u8log->is_redraw_all )
 177              		.loc 1 66 0
 178 0004 817D     		ldrb	r1, [r0, #22]	@ zero_extendqisi2
  64:..\u8g2-master\csrc/u8log_u8x8.c ****   u8x8_t *u8x8 = (u8x8_t *)(u8log->aux_data);
 179              		.loc 1 64 0
 180 0006 82B0     		sub	sp, sp, #8
 181              		.cfi_def_cfa_offset 32
  64:..\u8g2-master\csrc/u8log_u8x8.c ****   u8x8_t *u8x8 = (u8x8_t *)(u8log->aux_data);
 182              		.loc 1 64 0
 183 0008 0546     		mov	r5, r0
  65:..\u8g2-master\csrc/u8log_u8x8.c ****   u8x8_t *u8x8 = (u8x8_t *)(u8log->aux_data);
 184              		.loc 1 65 0
 185 000a 0668     		ldr	r6, [r0]
 186              	.LVL16:
 187              		.loc 1 66 0
 188 000c B9B1     		cbz	r1, .L15
 189              	.LVL17:
 190              	.LBB4:
 191              	.LBB5:
  55:..\u8g2-master\csrc/u8log_u8x8.c ****   {
 192              		.loc 1 55 0
 193 000e 4379     		ldrb	r3, [r0, #5]	@ zero_extendqisi2
 194 0010 93B1     		cbz	r3, .L14
 195 0012 00F10408 		add	r8, r0, #4
 196 0016 00F10C07 		add	r7, r0, #12
 197 001a 0024     		movs	r4, #0
 198              	.LVL18:
 199              	.L18:
  57:..\u8g2-master\csrc/u8log_u8x8.c ****     y++;
 200              		.loc 1 57 0
 201 001c 2346     		mov	r3, r4
 202 001e 2246     		mov	r2, r4
 203 0020 0197     		str	r7, [sp, #4]
 204 0022 CDF80080 		str	r8, [sp]
 205 0026 0021     		movs	r1, #0
 206 0028 3046     		mov	r0, r6
 207 002a FFF7FEFF 		bl	u8x8_DrawLogLine.isra.0
 208              	.LVL19:
  58:..\u8g2-master\csrc/u8log_u8x8.c ****   }
 209              		.loc 1 58 0
 210 002e 0134     		adds	r4, r4, #1
ARM GAS  C:\Users\info\AppData\Local\Temp\ccwed3Wz.s 			page 6


 211              	.LVL20:
  55:..\u8g2-master\csrc/u8log_u8x8.c ****   {
 212              		.loc 1 55 0
 213 0030 6B79     		ldrb	r3, [r5, #5]	@ zero_extendqisi2
  58:..\u8g2-master\csrc/u8log_u8x8.c ****   }
 214              		.loc 1 58 0
 215 0032 E4B2     		uxtb	r4, r4
 216              	.LVL21:
  55:..\u8g2-master\csrc/u8log_u8x8.c ****   {
 217              		.loc 1 55 0
 218 0034 A342     		cmp	r3, r4
 219 0036 F1D8     		bhi	.L18
 220              	.LVL22:
 221              	.L14:
 222              	.LBE5:
 223              	.LBE4:
  67:..\u8g2-master\csrc/u8log_u8x8.c ****   {
  68:..\u8g2-master\csrc/u8log_u8x8.c ****     u8x8_DrawLog(u8x8, 0, 0, u8log);
  69:..\u8g2-master\csrc/u8log_u8x8.c ****   }
  70:..\u8g2-master\csrc/u8log_u8x8.c ****   else if ( u8log->is_redraw_line )
  71:..\u8g2-master\csrc/u8log_u8x8.c ****   {
  72:..\u8g2-master\csrc/u8log_u8x8.c ****     u8x8_DrawLogLine(u8x8, 0, u8log->redraw_line, u8log->redraw_line, u8log);
  73:..\u8g2-master\csrc/u8log_u8x8.c ****   }
  74:..\u8g2-master\csrc/u8log_u8x8.c **** }
 224              		.loc 1 74 0
 225 0038 02B0     		add	sp, sp, #8
 226              		.cfi_remember_state
 227              		.cfi_def_cfa_offset 24
 228              		@ sp needed
 229 003a BDE8F081 		pop	{r4, r5, r6, r7, r8, pc}
 230              	.LVL23:
 231              	.L15:
 232              		.cfi_restore_state
  70:..\u8g2-master\csrc/u8log_u8x8.c ****   {
 233              		.loc 1 70 0
 234 003e 437D     		ldrb	r3, [r0, #21]	@ zero_extendqisi2
 235 0040 002B     		cmp	r3, #0
 236 0042 F9D0     		beq	.L14
  72:..\u8g2-master\csrc/u8log_u8x8.c ****   }
 237              		.loc 1 72 0
 238 0044 037D     		ldrb	r3, [r0, #20]	@ zero_extendqisi2
 239 0046 00F10C04 		add	r4, r0, #12
 240 004a 0435     		adds	r5, r5, #4
 241 004c 3046     		mov	r0, r6
 242              	.LVL24:
 243 004e 1A46     		mov	r2, r3
 244 0050 0194     		str	r4, [sp, #4]
 245 0052 0095     		str	r5, [sp]
 246 0054 FFF7FEFF 		bl	u8x8_DrawLogLine.isra.0
 247              	.LVL25:
 248              		.loc 1 74 0
 249 0058 02B0     		add	sp, sp, #8
 250              		.cfi_def_cfa_offset 24
 251              		@ sp needed
 252 005a BDE8F081 		pop	{r4, r5, r6, r7, r8, pc}
 253              		.cfi_endproc
 254              	.LFE2:
ARM GAS  C:\Users\info\AppData\Local\Temp\ccwed3Wz.s 			page 7


 255              		.size	u8log_u8x8_cb, .-u8log_u8x8_cb
 256 005e 00BF     		.text
 257              	.Letext0:
 258              		.file 2 "c:\\program files (x86)\\cypress\\psoc creator\\4.2\\psoc creator\\import\\gnu\\arm\\5.4.
 259              		.file 3 "c:\\program files (x86)\\cypress\\psoc creator\\4.2\\psoc creator\\import\\gnu\\arm\\5.4.
 260              		.file 4 "..\\u8g2-master\\csrc\\u8x8.h"
 261              		.section	.debug_info,"",%progbits
 262              	.Ldebug_info0:
 263 0000 B5060000 		.4byte	0x6b5
 264 0004 0400     		.2byte	0x4
 265 0006 00000000 		.4byte	.Ldebug_abbrev0
 266 000a 04       		.byte	0x4
 267 000b 01       		.uleb128 0x1
 268 000c 78020000 		.4byte	.LASF84
 269 0010 0C       		.byte	0xc
 270 0011 39050000 		.4byte	.LASF85
 271 0015 EF000000 		.4byte	.LASF86
 272 0019 00000000 		.4byte	.Ldebug_ranges0+0
 273 001d 00000000 		.4byte	0
 274 0021 00000000 		.4byte	.Ldebug_line0
 275 0025 02       		.uleb128 0x2
 276 0026 2B040000 		.4byte	.LASF0
 277 002a 02       		.byte	0x2
 278 002b 1B       		.byte	0x1b
 279 002c 30000000 		.4byte	0x30
 280 0030 03       		.uleb128 0x3
 281 0031 01       		.byte	0x1
 282 0032 06       		.byte	0x6
 283 0033 6B030000 		.4byte	.LASF2
 284 0037 02       		.uleb128 0x2
 285 0038 63020000 		.4byte	.LASF1
 286 003c 02       		.byte	0x2
 287 003d 1D       		.byte	0x1d
 288 003e 42000000 		.4byte	0x42
 289 0042 03       		.uleb128 0x3
 290 0043 01       		.byte	0x1
 291 0044 08       		.byte	0x8
 292 0045 4E030000 		.4byte	.LASF3
 293 0049 03       		.uleb128 0x3
 294 004a 02       		.byte	0x2
 295 004b 05       		.byte	0x5
 296 004c 62000000 		.4byte	.LASF4
 297 0050 02       		.uleb128 0x2
 298 0051 6A010000 		.4byte	.LASF5
 299 0055 02       		.byte	0x2
 300 0056 2B       		.byte	0x2b
 301 0057 5B000000 		.4byte	0x5b
 302 005b 03       		.uleb128 0x3
 303 005c 02       		.byte	0x2
 304 005d 07       		.byte	0x7
 305 005e 0B040000 		.4byte	.LASF6
 306 0062 03       		.uleb128 0x3
 307 0063 04       		.byte	0x4
 308 0064 05       		.byte	0x5
 309 0065 5A020000 		.4byte	.LASF7
 310 0069 02       		.uleb128 0x2
 311 006a E4000000 		.4byte	.LASF8
ARM GAS  C:\Users\info\AppData\Local\Temp\ccwed3Wz.s 			page 8


 312 006e 02       		.byte	0x2
 313 006f 41       		.byte	0x41
 314 0070 74000000 		.4byte	0x74
 315 0074 03       		.uleb128 0x3
 316 0075 04       		.byte	0x4
 317 0076 07       		.byte	0x7
 318 0077 A9040000 		.4byte	.LASF9
 319 007b 03       		.uleb128 0x3
 320 007c 08       		.byte	0x8
 321 007d 05       		.byte	0x5
 322 007e 2D020000 		.4byte	.LASF10
 323 0082 03       		.uleb128 0x3
 324 0083 08       		.byte	0x8
 325 0084 07       		.byte	0x7
 326 0085 77030000 		.4byte	.LASF11
 327 0089 04       		.uleb128 0x4
 328 008a 04       		.byte	0x4
 329 008b 05       		.byte	0x5
 330 008c 696E7400 		.ascii	"int\000"
 331 0090 03       		.uleb128 0x3
 332 0091 04       		.byte	0x4
 333 0092 07       		.byte	0x7
 334 0093 9E030000 		.4byte	.LASF12
 335 0097 02       		.uleb128 0x2
 336 0098 30000000 		.4byte	.LASF13
 337 009c 03       		.byte	0x3
 338 009d 14       		.byte	0x14
 339 009e 25000000 		.4byte	0x25
 340 00a2 02       		.uleb128 0x2
 341 00a3 B3010000 		.4byte	.LASF14
 342 00a7 03       		.byte	0x3
 343 00a8 18       		.byte	0x18
 344 00a9 37000000 		.4byte	0x37
 345 00ad 02       		.uleb128 0x2
 346 00ae AB030000 		.4byte	.LASF15
 347 00b2 03       		.byte	0x3
 348 00b3 24       		.byte	0x24
 349 00b4 50000000 		.4byte	0x50
 350 00b8 02       		.uleb128 0x2
 351 00b9 8E030000 		.4byte	.LASF16
 352 00bd 03       		.byte	0x3
 353 00be 30       		.byte	0x30
 354 00bf 69000000 		.4byte	0x69
 355 00c3 05       		.uleb128 0x5
 356 00c4 04       		.byte	0x4
 357 00c5 03       		.uleb128 0x3
 358 00c6 08       		.byte	0x8
 359 00c7 04       		.byte	0x4
 360 00c8 26030000 		.4byte	.LASF17
 361 00cc 02       		.uleb128 0x2
 362 00cd E2030000 		.4byte	.LASF18
 363 00d1 04       		.byte	0x4
 364 00d2 C3       		.byte	0xc3
 365 00d3 D7000000 		.4byte	0xd7
 366 00d7 06       		.uleb128 0x6
 367 00d8 7A040000 		.4byte	.LASF40
 368 00dc 30       		.byte	0x30
ARM GAS  C:\Users\info\AppData\Local\Temp\ccwed3Wz.s 			page 9


 369 00dd 04       		.byte	0x4
 370 00de 4601     		.2byte	0x146
 371 00e0 E9010000 		.4byte	0x1e9
 372 00e4 07       		.uleb128 0x7
 373 00e5 49040000 		.4byte	.LASF19
 374 00e9 04       		.byte	0x4
 375 00ea 4801     		.2byte	0x148
 376 00ec 4E030000 		.4byte	0x34e
 377 00f0 00       		.byte	0
 378 00f1 07       		.uleb128 0x7
 379 00f2 B0050000 		.4byte	.LASF20
 380 00f6 04       		.byte	0x4
 381 00f7 4901     		.2byte	0x149
 382 00f9 23030000 		.4byte	0x323
 383 00fd 04       		.byte	0x4
 384 00fe 07       		.uleb128 0x7
 385 00ff 6D020000 		.4byte	.LASF21
 386 0103 04       		.byte	0x4
 387 0104 4A01     		.2byte	0x14a
 388 0106 EE020000 		.4byte	0x2ee
 389 010a 08       		.byte	0x8
 390 010b 07       		.uleb128 0x7
 391 010c 32050000 		.4byte	.LASF22
 392 0110 04       		.byte	0x4
 393 0111 4B01     		.2byte	0x14b
 394 0113 EE020000 		.4byte	0x2ee
 395 0117 0C       		.byte	0xc
 396 0118 07       		.uleb128 0x7
 397 0119 D5040000 		.4byte	.LASF23
 398 011d 04       		.byte	0x4
 399 011e 4C01     		.2byte	0x14c
 400 0120 EE020000 		.4byte	0x2ee
 401 0124 10       		.byte	0x10
 402 0125 07       		.uleb128 0x7
 403 0126 6C000000 		.4byte	.LASF24
 404 012a 04       		.byte	0x4
 405 012b 4D01     		.2byte	0x14d
 406 012d EE020000 		.4byte	0x2ee
 407 0131 14       		.byte	0x14
 408 0132 07       		.uleb128 0x7
 409 0133 E6010000 		.4byte	.LASF25
 410 0137 04       		.byte	0x4
 411 0138 4E01     		.2byte	0x14e
 412 013a B8000000 		.4byte	0xb8
 413 013e 18       		.byte	0x18
 414 013f 07       		.uleb128 0x7
 415 0140 49000000 		.4byte	.LASF26
 416 0144 04       		.byte	0x4
 417 0145 4F01     		.2byte	0x14f
 418 0147 59030000 		.4byte	0x359
 419 014b 1C       		.byte	0x1c
 420 014c 07       		.uleb128 0x7
 421 014d 1D050000 		.4byte	.LASF27
 422 0151 04       		.byte	0x4
 423 0152 5001     		.2byte	0x150
 424 0154 AD000000 		.4byte	0xad
 425 0158 20       		.byte	0x20
ARM GAS  C:\Users\info\AppData\Local\Temp\ccwed3Wz.s 			page 10


 426 0159 07       		.uleb128 0x7
 427 015a 09000000 		.4byte	.LASF28
 428 015e 04       		.byte	0x4
 429 015f 5101     		.2byte	0x151
 430 0161 A2000000 		.4byte	0xa2
 431 0165 22       		.byte	0x22
 432 0166 07       		.uleb128 0x7
 433 0167 12000000 		.4byte	.LASF29
 434 016b 04       		.byte	0x4
 435 016c 5201     		.2byte	0x152
 436 016e A2000000 		.4byte	0xa2
 437 0172 23       		.byte	0x23
 438 0173 07       		.uleb128 0x7
 439 0174 FF040000 		.4byte	.LASF30
 440 0178 04       		.byte	0x4
 441 0179 5301     		.2byte	0x153
 442 017b A2000000 		.4byte	0xa2
 443 017f 24       		.byte	0x24
 444 0180 07       		.uleb128 0x7
 445 0181 26050000 		.4byte	.LASF31
 446 0185 04       		.byte	0x4
 447 0186 5601     		.2byte	0x156
 448 0188 A2000000 		.4byte	0xa2
 449 018c 25       		.byte	0x25
 450 018d 07       		.uleb128 0x7
 451 018e 5A050000 		.4byte	.LASF32
 452 0192 04       		.byte	0x4
 453 0193 5701     		.2byte	0x157
 454 0195 A2000000 		.4byte	0xa2
 455 0199 26       		.byte	0x26
 456 019a 07       		.uleb128 0x7
 457 019b 6F040000 		.4byte	.LASF33
 458 019f 04       		.byte	0x4
 459 01a0 5801     		.2byte	0x158
 460 01a2 A2000000 		.4byte	0xa2
 461 01a6 27       		.byte	0x27
 462 01a7 07       		.uleb128 0x7
 463 01a8 3B020000 		.4byte	.LASF34
 464 01ac 04       		.byte	0x4
 465 01ad 5901     		.2byte	0x159
 466 01af A2000000 		.4byte	0xa2
 467 01b3 28       		.byte	0x28
 468 01b4 07       		.uleb128 0x7
 469 01b5 76050000 		.4byte	.LASF35
 470 01b9 04       		.byte	0x4
 471 01ba 5A01     		.2byte	0x15a
 472 01bc A2000000 		.4byte	0xa2
 473 01c0 29       		.byte	0x29
 474 01c1 07       		.uleb128 0x7
 475 01c2 15020000 		.4byte	.LASF36
 476 01c6 04       		.byte	0x4
 477 01c7 5B01     		.2byte	0x15b
 478 01c9 A2000000 		.4byte	0xa2
 479 01cd 2A       		.byte	0x2a
 480 01ce 07       		.uleb128 0x7
 481 01cf 3A040000 		.4byte	.LASF37
 482 01d3 04       		.byte	0x4
ARM GAS  C:\Users\info\AppData\Local\Temp\ccwed3Wz.s 			page 11


 483 01d4 5C01     		.2byte	0x15c
 484 01d6 A2000000 		.4byte	0xa2
 485 01da 2B       		.byte	0x2b
 486 01db 07       		.uleb128 0x7
 487 01dc 4E000000 		.4byte	.LASF38
 488 01e0 04       		.byte	0x4
 489 01e1 5D01     		.2byte	0x15d
 490 01e3 A2000000 		.4byte	0xa2
 491 01e7 2C       		.byte	0x2c
 492 01e8 00       		.byte	0
 493 01e9 02       		.uleb128 0x2
 494 01ea 01020000 		.4byte	.LASF39
 495 01ee 04       		.byte	0x4
 496 01ef C4       		.byte	0xc4
 497 01f0 F4010000 		.4byte	0x1f4
 498 01f4 08       		.uleb128 0x8
 499 01f5 B4030000 		.4byte	.LASF41
 500 01f9 18       		.byte	0x18
 501 01fa 04       		.byte	0x4
 502 01fb DD       		.byte	0xdd
 503 01fc EE020000 		.4byte	0x2ee
 504 0200 09       		.uleb128 0x9
 505 0201 37000000 		.4byte	.LASF42
 506 0205 04       		.byte	0x4
 507 0206 E1       		.byte	0xe1
 508 0207 A2000000 		.4byte	0xa2
 509 020b 00       		.byte	0
 510 020c 09       		.uleb128 0x9
 511 020d DD040000 		.4byte	.LASF43
 512 0211 04       		.byte	0x4
 513 0212 E2       		.byte	0xe2
 514 0213 A2000000 		.4byte	0xa2
 515 0217 01       		.byte	0x1
 516 0218 09       		.uleb128 0x9
 517 0219 BB010000 		.4byte	.LASF44
 518 021d 04       		.byte	0x4
 519 021e E4       		.byte	0xe4
 520 021f A2000000 		.4byte	0xa2
 521 0223 02       		.byte	0x2
 522 0224 09       		.uleb128 0x9
 523 0225 B8050000 		.4byte	.LASF45
 524 0229 04       		.byte	0x4
 525 022a E5       		.byte	0xe5
 526 022b A2000000 		.4byte	0xa2
 527 022f 03       		.byte	0x3
 528 0230 09       		.uleb128 0x9
 529 0231 CD030000 		.4byte	.LASF46
 530 0235 04       		.byte	0x4
 531 0236 E6       		.byte	0xe6
 532 0237 A2000000 		.4byte	0xa2
 533 023b 04       		.byte	0x4
 534 023c 09       		.uleb128 0x9
 535 023d BB000000 		.4byte	.LASF47
 536 0241 04       		.byte	0x4
 537 0242 E7       		.byte	0xe7
 538 0243 A2000000 		.4byte	0xa2
 539 0247 05       		.byte	0x5
ARM GAS  C:\Users\info\AppData\Local\Temp\ccwed3Wz.s 			page 12


 540 0248 09       		.uleb128 0x9
 541 0249 89000000 		.4byte	.LASF48
 542 024d 04       		.byte	0x4
 543 024e EE       		.byte	0xee
 544 024f A2000000 		.4byte	0xa2
 545 0253 06       		.byte	0x6
 546 0254 09       		.uleb128 0x9
 547 0255 47020000 		.4byte	.LASF49
 548 0259 04       		.byte	0x4
 549 025a F2       		.byte	0xf2
 550 025b A2000000 		.4byte	0xa2
 551 025f 07       		.byte	0x7
 552 0260 09       		.uleb128 0x9
 553 0261 FE030000 		.4byte	.LASF50
 554 0265 04       		.byte	0x4
 555 0266 F5       		.byte	0xf5
 556 0267 B8000000 		.4byte	0xb8
 557 026b 08       		.byte	0x8
 558 026c 09       		.uleb128 0x9
 559 026d 27000000 		.4byte	.LASF51
 560 0271 04       		.byte	0x4
 561 0272 FF       		.byte	0xff
 562 0273 A2000000 		.4byte	0xa2
 563 0277 0C       		.byte	0xc
 564 0278 07       		.uleb128 0x7
 565 0279 E9030000 		.4byte	.LASF52
 566 027d 04       		.byte	0x4
 567 027e 0201     		.2byte	0x102
 568 0280 A2000000 		.4byte	0xa2
 569 0284 0D       		.byte	0xd
 570 0285 07       		.uleb128 0x7
 571 0286 06030000 		.4byte	.LASF53
 572 028a 04       		.byte	0x4
 573 028b 0801     		.2byte	0x108
 574 028d A2000000 		.4byte	0xa2
 575 0291 0E       		.byte	0xe
 576 0292 07       		.uleb128 0x7
 577 0293 81010000 		.4byte	.LASF54
 578 0297 04       		.byte	0x4
 579 0298 0A01     		.2byte	0x10a
 580 029a A2000000 		.4byte	0xa2
 581 029e 0F       		.byte	0xf
 582 029f 07       		.uleb128 0x7
 583 02a0 7E000000 		.4byte	.LASF55
 584 02a4 04       		.byte	0x4
 585 02a5 0D01     		.2byte	0x10d
 586 02a7 A2000000 		.4byte	0xa2
 587 02ab 10       		.byte	0x10
 588 02ac 07       		.uleb128 0x7
 589 02ad 39030000 		.4byte	.LASF56
 590 02b1 04       		.byte	0x4
 591 02b2 0E01     		.2byte	0x10e
 592 02b4 A2000000 		.4byte	0xa2
 593 02b8 11       		.byte	0x11
 594 02b9 07       		.uleb128 0x7
 595 02ba F0010000 		.4byte	.LASF57
 596 02be 04       		.byte	0x4
ARM GAS  C:\Users\info\AppData\Local\Temp\ccwed3Wz.s 			page 13


 597 02bf 1001     		.2byte	0x110
 598 02c1 A2000000 		.4byte	0xa2
 599 02c5 12       		.byte	0x12
 600 02c6 07       		.uleb128 0x7
 601 02c7 0B050000 		.4byte	.LASF58
 602 02cb 04       		.byte	0x4
 603 02cc 1101     		.2byte	0x111
 604 02ce A2000000 		.4byte	0xa2
 605 02d2 13       		.byte	0x13
 606 02d3 07       		.uleb128 0x7
 607 02d4 63040000 		.4byte	.LASF59
 608 02d8 04       		.byte	0x4
 609 02d9 1901     		.2byte	0x119
 610 02db AD000000 		.4byte	0xad
 611 02df 14       		.byte	0x14
 612 02e0 07       		.uleb128 0x7
 613 02e1 56040000 		.4byte	.LASF60
 614 02e5 04       		.byte	0x4
 615 02e6 1A01     		.2byte	0x11a
 616 02e8 AD000000 		.4byte	0xad
 617 02ec 16       		.byte	0x16
 618 02ed 00       		.byte	0
 619 02ee 02       		.uleb128 0x2
 620 02ef 91050000 		.4byte	.LASF61
 621 02f3 04       		.byte	0x4
 622 02f4 C7       		.byte	0xc7
 623 02f5 F9020000 		.4byte	0x2f9
 624 02f9 0A       		.uleb128 0xa
 625 02fa 04       		.byte	0x4
 626 02fb FF020000 		.4byte	0x2ff
 627 02ff 0B       		.uleb128 0xb
 628 0300 A2000000 		.4byte	0xa2
 629 0304 1D030000 		.4byte	0x31d
 630 0308 0C       		.uleb128 0xc
 631 0309 1D030000 		.4byte	0x31d
 632 030d 0C       		.uleb128 0xc
 633 030e A2000000 		.4byte	0xa2
 634 0312 0C       		.uleb128 0xc
 635 0313 A2000000 		.4byte	0xa2
 636 0317 0C       		.uleb128 0xc
 637 0318 C3000000 		.4byte	0xc3
 638 031c 00       		.byte	0
 639 031d 0A       		.uleb128 0xa
 640 031e 04       		.byte	0x4
 641 031f CC000000 		.4byte	0xcc
 642 0323 02       		.uleb128 0x2
 643 0324 1E040000 		.4byte	.LASF62
 644 0328 04       		.byte	0x4
 645 0329 C8       		.byte	0xc8
 646 032a 2E030000 		.4byte	0x32e
 647 032e 0A       		.uleb128 0xa
 648 032f 04       		.byte	0x4
 649 0330 34030000 		.4byte	0x334
 650 0334 0B       		.uleb128 0xb
 651 0335 AD000000 		.4byte	0xad
 652 0339 48030000 		.4byte	0x348
 653 033d 0C       		.uleb128 0xc
ARM GAS  C:\Users\info\AppData\Local\Temp\ccwed3Wz.s 			page 14


 654 033e 1D030000 		.4byte	0x31d
 655 0342 0C       		.uleb128 0xc
 656 0343 A2000000 		.4byte	0xa2
 657 0347 00       		.byte	0
 658 0348 0A       		.uleb128 0xa
 659 0349 04       		.byte	0x4
 660 034a A2000000 		.4byte	0xa2
 661 034e 0A       		.uleb128 0xa
 662 034f 04       		.byte	0x4
 663 0350 54030000 		.4byte	0x354
 664 0354 0D       		.uleb128 0xd
 665 0355 E9010000 		.4byte	0x1e9
 666 0359 0A       		.uleb128 0xa
 667 035a 04       		.byte	0x4
 668 035b 5F030000 		.4byte	0x35f
 669 035f 0D       		.uleb128 0xd
 670 0360 A2000000 		.4byte	0xa2
 671 0364 0E       		.uleb128 0xe
 672 0365 CE000000 		.4byte	.LASF63
 673 0369 04       		.byte	0x4
 674 036a 8701     		.2byte	0x187
 675 036c 70030000 		.4byte	0x370
 676 0370 06       		.uleb128 0x6
 677 0371 19030000 		.4byte	.LASF64
 678 0375 18       		.byte	0x18
 679 0376 04       		.byte	0x4
 680 0377 8D01     		.2byte	0x18d
 681 0379 26040000 		.4byte	0x426
 682 037d 07       		.uleb128 0x7
 683 037e 00000000 		.4byte	.LASF65
 684 0382 04       		.byte	0x4
 685 0383 9001     		.2byte	0x190
 686 0385 C3000000 		.4byte	0xc3
 687 0389 00       		.byte	0
 688 038a 07       		.uleb128 0x7
 689 038b E0010000 		.4byte	.LASF66
 690 038f 04       		.byte	0x4
 691 0390 9101     		.2byte	0x191
 692 0392 A2000000 		.4byte	0xa2
 693 0396 04       		.byte	0x4
 694 0397 07       		.uleb128 0x7
 695 0398 97030000 		.4byte	.LASF67
 696 039c 04       		.byte	0x4
 697 039d 9101     		.2byte	0x191
 698 039f A2000000 		.4byte	0xa2
 699 03a3 05       		.byte	0x5
 700 03a4 0F       		.uleb128 0xf
 701 03a5 636200   		.ascii	"cb\000"
 702 03a8 04       		.byte	0x4
 703 03a9 9201     		.2byte	0x192
 704 03ab 26040000 		.4byte	0x426
 705 03af 08       		.byte	0x8
 706 03b0 07       		.uleb128 0x7
 707 03b1 AD000000 		.4byte	.LASF68
 708 03b5 04       		.byte	0x4
 709 03b6 9301     		.2byte	0x193
 710 03b8 48030000 		.4byte	0x348
ARM GAS  C:\Users\info\AppData\Local\Temp\ccwed3Wz.s 			page 15


 711 03bc 0C       		.byte	0xc
 712 03bd 07       		.uleb128 0x7
 713 03be 96010000 		.4byte	.LASF69
 714 03c2 04       		.byte	0x4
 715 03c3 9401     		.2byte	0x194
 716 03c5 A2000000 		.4byte	0xa2
 717 03c9 10       		.byte	0x10
 718 03ca 07       		.uleb128 0x7
 719 03cb 9D050000 		.4byte	.LASF70
 720 03cf 04       		.byte	0x4
 721 03d0 9501     		.2byte	0x195
 722 03d2 97000000 		.4byte	0x97
 723 03d6 11       		.byte	0x11
 724 03d7 07       		.uleb128 0x7
 725 03d8 9B000000 		.4byte	.LASF71
 726 03dc 04       		.byte	0x4
 727 03dd 9901     		.2byte	0x199
 728 03df A2000000 		.4byte	0xa2
 729 03e3 12       		.byte	0x12
 730 03e4 07       		.uleb128 0x7
 731 03e5 A4000000 		.4byte	.LASF72
 732 03e9 04       		.byte	0x4
 733 03ea 9901     		.2byte	0x199
 734 03ec A2000000 		.4byte	0xa2
 735 03f0 13       		.byte	0x13
 736 03f1 07       		.uleb128 0x7
 737 03f2 75010000 		.4byte	.LASF73
 738 03f6 04       		.byte	0x4
 739 03f7 9A01     		.2byte	0x19a
 740 03f9 A2000000 		.4byte	0xa2
 741 03fd 14       		.byte	0x14
 742 03fe 07       		.uleb128 0x7
 743 03ff F0040000 		.4byte	.LASF74
 744 0403 04       		.byte	0x4
 745 0404 9B01     		.2byte	0x19b
 746 0406 A2000000 		.4byte	0xa2
 747 040a 15       		.byte	0x15
 748 040b 07       		.uleb128 0x7
 749 040c BB040000 		.4byte	.LASF75
 750 0410 04       		.byte	0x4
 751 0411 9C01     		.2byte	0x19c
 752 0413 A2000000 		.4byte	0xa2
 753 0417 16       		.byte	0x16
 754 0418 07       		.uleb128 0x7
 755 0419 86040000 		.4byte	.LASF76
 756 041d 04       		.byte	0x4
 757 041e 9D01     		.2byte	0x19d
 758 0420 A2000000 		.4byte	0xa2
 759 0424 17       		.byte	0x17
 760 0425 00       		.byte	0
 761 0426 0E       		.uleb128 0xe
 762 0427 45030000 		.4byte	.LASF77
 763 042b 04       		.byte	0x4
 764 042c 8B01     		.2byte	0x18b
 765 042e 32040000 		.4byte	0x432
 766 0432 0A       		.uleb128 0xa
 767 0433 04       		.byte	0x4
ARM GAS  C:\Users\info\AppData\Local\Temp\ccwed3Wz.s 			page 16


 768 0434 38040000 		.4byte	0x438
 769 0438 10       		.uleb128 0x10
 770 0439 43040000 		.4byte	0x443
 771 043d 0C       		.uleb128 0xc
 772 043e 43040000 		.4byte	0x443
 773 0442 00       		.byte	0
 774 0443 0A       		.uleb128 0xa
 775 0444 04       		.byte	0x4
 776 0445 64030000 		.4byte	0x364
 777 0449 11       		.uleb128 0x11
 778 044a 59010000 		.4byte	.LASF87
 779 044e 01       		.byte	0x1
 780 044f 28       		.byte	0x28
 781 0450 00       		.byte	0
 782 0451 A1040000 		.4byte	0x4a1
 783 0455 12       		.uleb128 0x12
 784 0456 D4010000 		.4byte	.LASF78
 785 045a 01       		.byte	0x1
 786 045b 28       		.byte	0x28
 787 045c 1D030000 		.4byte	0x31d
 788 0460 12       		.uleb128 0x12
 789 0461 D9010000 		.4byte	.LASF79
 790 0465 01       		.byte	0x1
 791 0466 28       		.byte	0x28
 792 0467 A2000000 		.4byte	0xa2
 793 046b 12       		.uleb128 0x12
 794 046c 32030000 		.4byte	.LASF80
 795 0470 01       		.byte	0x1
 796 0471 28       		.byte	0x28
 797 0472 A2000000 		.4byte	0xa2
 798 0476 12       		.uleb128 0x12
 799 0477 CF040000 		.4byte	.LASF81
 800 047b 01       		.byte	0x1
 801 047c 28       		.byte	0x28
 802 047d A2000000 		.4byte	0xa2
 803 0481 12       		.uleb128 0x12
 804 0482 34040000 		.4byte	.LASF82
 805 0486 01       		.byte	0x1
 806 0487 28       		.byte	0x28
 807 0488 43040000 		.4byte	0x443
 808 048c 13       		.uleb128 0x13
 809 048d C9040000 		.4byte	.LASF83
 810 0491 01       		.byte	0x1
 811 0492 2A       		.byte	0x2a
 812 0493 A2000000 		.4byte	0xa2
 813 0497 14       		.uleb128 0x14
 814 0498 6300     		.ascii	"c\000"
 815 049a 01       		.byte	0x1
 816 049b 2B       		.byte	0x2b
 817 049c A2000000 		.4byte	0xa2
 818 04a0 00       		.byte	0
 819 04a1 15       		.uleb128 0x15
 820 04a2 69050000 		.4byte	.LASF88
 821 04a6 01       		.byte	0x1
 822 04a7 34       		.byte	0x34
 823 04a8 01       		.byte	0x1
 824 04a9 E1040000 		.4byte	0x4e1
ARM GAS  C:\Users\info\AppData\Local\Temp\ccwed3Wz.s 			page 17


 825 04ad 12       		.uleb128 0x12
 826 04ae D4010000 		.4byte	.LASF78
 827 04b2 01       		.byte	0x1
 828 04b3 34       		.byte	0x34
 829 04b4 1D030000 		.4byte	0x31d
 830 04b8 16       		.uleb128 0x16
 831 04b9 7800     		.ascii	"x\000"
 832 04bb 01       		.byte	0x1
 833 04bc 34       		.byte	0x34
 834 04bd A2000000 		.4byte	0xa2
 835 04c1 16       		.uleb128 0x16
 836 04c2 7900     		.ascii	"y\000"
 837 04c4 01       		.byte	0x1
 838 04c5 34       		.byte	0x34
 839 04c6 A2000000 		.4byte	0xa2
 840 04ca 12       		.uleb128 0x12
 841 04cb 34040000 		.4byte	.LASF82
 842 04cf 01       		.byte	0x1
 843 04d0 34       		.byte	0x34
 844 04d1 43040000 		.4byte	0x443
 845 04d5 13       		.uleb128 0x13
 846 04d6 CF040000 		.4byte	.LASF81
 847 04da 01       		.byte	0x1
 848 04db 36       		.byte	0x36
 849 04dc A2000000 		.4byte	0xa2
 850 04e0 00       		.byte	0
 851 04e1 17       		.uleb128 0x17
 852 04e2 49040000 		.4byte	0x449
 853 04e6 00000000 		.4byte	.LFB3
 854 04ea 4C000000 		.4byte	.LFE3-.LFB3
 855 04ee 01       		.uleb128 0x1
 856 04ef 9C       		.byte	0x9c
 857 04f0 62050000 		.4byte	0x562
 858 04f4 18       		.uleb128 0x18
 859 04f5 55040000 		.4byte	0x455
 860 04f9 00000000 		.4byte	.LLST0
 861 04fd 18       		.uleb128 0x18
 862 04fe 60040000 		.4byte	0x460
 863 0502 2C000000 		.4byte	.LLST1
 864 0506 18       		.uleb128 0x18
 865 0507 6B040000 		.4byte	0x46b
 866 050b 61000000 		.4byte	.LLST2
 867 050f 18       		.uleb128 0x18
 868 0510 76040000 		.4byte	0x476
 869 0514 82000000 		.4byte	.LLST3
 870 0518 19       		.uleb128 0x19
 871 0519 81040000 		.4byte	0x481
 872 051d 06       		.uleb128 0x6
 873 051e FA       		.byte	0xfa
 874 051f 81040000 		.4byte	0x481
 875 0523 9F       		.byte	0x9f
 876 0524 19       		.uleb128 0x19
 877 0525 81040000 		.4byte	0x481
 878 0529 06       		.uleb128 0x6
 879 052a FA       		.byte	0xfa
 880 052b 81040000 		.4byte	0x481
 881 052f 9F       		.byte	0x9f
ARM GAS  C:\Users\info\AppData\Local\Temp\ccwed3Wz.s 			page 18


 882 0530 1A       		.uleb128 0x1a
 883 0531 8C040000 		.4byte	0x48c
 884 0535 A3000000 		.4byte	.LLST4
 885 0539 1A       		.uleb128 0x1a
 886 053a 97040000 		.4byte	0x497
 887 053e E9000000 		.4byte	.LLST5
 888 0542 1B       		.uleb128 0x1b
 889 0543 38000000 		.4byte	.LVL4
 890 0547 AC060000 		.4byte	0x6ac
 891 054b 1C       		.uleb128 0x1c
 892 054c 01       		.uleb128 0x1
 893 054d 50       		.byte	0x50
 894 054e 02       		.uleb128 0x2
 895 054f 76       		.byte	0x76
 896 0550 00       		.sleb128 0
 897 0551 1C       		.uleb128 0x1c
 898 0552 01       		.uleb128 0x1
 899 0553 51       		.byte	0x51
 900 0554 05       		.uleb128 0x5
 901 0555 77       		.byte	0x77
 902 0556 00       		.sleb128 0
 903 0557 74       		.byte	0x74
 904 0558 00       		.sleb128 0
 905 0559 22       		.byte	0x22
 906 055a 1C       		.uleb128 0x1c
 907 055b 01       		.uleb128 0x1
 908 055c 52       		.byte	0x52
 909 055d 02       		.uleb128 0x2
 910 055e 78       		.byte	0x78
 911 055f 00       		.sleb128 0
 912 0560 00       		.byte	0
 913 0561 00       		.byte	0
 914 0562 17       		.uleb128 0x17
 915 0563 A1040000 		.4byte	0x4a1
 916 0567 00000000 		.4byte	.LFB1
 917 056b 44000000 		.4byte	.LFE1-.LFB1
 918 056f 01       		.uleb128 0x1
 919 0570 9C       		.byte	0x9c
 920 0571 DE050000 		.4byte	0x5de
 921 0575 18       		.uleb128 0x18
 922 0576 AD040000 		.4byte	0x4ad
 923 057a 28010000 		.4byte	.LLST6
 924 057e 18       		.uleb128 0x18
 925 057f B8040000 		.4byte	0x4b8
 926 0583 54010000 		.4byte	.LLST7
 927 0587 18       		.uleb128 0x18
 928 0588 C1040000 		.4byte	0x4c1
 929 058c 75010000 		.4byte	.LLST8
 930 0590 18       		.uleb128 0x18
 931 0591 CA040000 		.4byte	0x4ca
 932 0595 AA010000 		.4byte	.LLST9
 933 0599 1A       		.uleb128 0x1a
 934 059a D5040000 		.4byte	0x4d5
 935 059e D6010000 		.4byte	.LLST10
 936 05a2 1B       		.uleb128 0x1b
 937 05a3 34000000 		.4byte	.LVL11
 938 05a7 E1040000 		.4byte	0x4e1
ARM GAS  C:\Users\info\AppData\Local\Temp\ccwed3Wz.s 			page 19


 939 05ab 1C       		.uleb128 0x1c
 940 05ac 01       		.uleb128 0x1
 941 05ad 50       		.byte	0x50
 942 05ae 02       		.uleb128 0x2
 943 05af 77       		.byte	0x77
 944 05b0 00       		.sleb128 0
 945 05b1 1C       		.uleb128 0x1c
 946 05b2 01       		.uleb128 0x1
 947 05b3 51       		.byte	0x51
 948 05b4 02       		.uleb128 0x2
 949 05b5 78       		.byte	0x78
 950 05b6 00       		.sleb128 0
 951 05b7 1C       		.uleb128 0x1c
 952 05b8 01       		.uleb128 0x1
 953 05b9 52       		.byte	0x52
 954 05ba 05       		.uleb128 0x5
 955 05bb 79       		.byte	0x79
 956 05bc 00       		.sleb128 0
 957 05bd 74       		.byte	0x74
 958 05be 00       		.sleb128 0
 959 05bf 22       		.byte	0x22
 960 05c0 1C       		.uleb128 0x1c
 961 05c1 01       		.uleb128 0x1
 962 05c2 53       		.byte	0x53
 963 05c3 02       		.uleb128 0x2
 964 05c4 74       		.byte	0x74
 965 05c5 00       		.sleb128 0
 966 05c6 1C       		.uleb128 0x1c
 967 05c7 02       		.uleb128 0x2
 968 05c8 7D       		.byte	0x7d
 969 05c9 00       		.sleb128 0
 970 05ca 02       		.uleb128 0x2
 971 05cb 7B       		.byte	0x7b
 972 05cc 00       		.sleb128 0
 973 05cd 1C       		.uleb128 0x1c
 974 05ce 02       		.uleb128 0x2
 975 05cf 7D       		.byte	0x7d
 976 05d0 04       		.sleb128 4
 977 05d1 02       		.uleb128 0x2
 978 05d2 7A       		.byte	0x7a
 979 05d3 00       		.sleb128 0
 980 05d4 1D       		.uleb128 0x1d
 981 05d5 81040000 		.4byte	0x481
 982 05d9 02       		.uleb128 0x2
 983 05da 76       		.byte	0x76
 984 05db 00       		.sleb128 0
 985 05dc 00       		.byte	0
 986 05dd 00       		.byte	0
 987 05de 1E       		.uleb128 0x1e
 988 05df D6000000 		.4byte	.LASF89
 989 05e3 01       		.byte	0x1
 990 05e4 3F       		.byte	0x3f
 991 05e5 00000000 		.4byte	.LFB2
 992 05e9 5E000000 		.4byte	.LFE2-.LFB2
 993 05ed 01       		.uleb128 0x1
 994 05ee 9C       		.byte	0x9c
 995 05ef AC060000 		.4byte	0x6ac
ARM GAS  C:\Users\info\AppData\Local\Temp\ccwed3Wz.s 			page 20


 996 05f3 1F       		.uleb128 0x1f
 997 05f4 34040000 		.4byte	.LASF82
 998 05f8 01       		.byte	0x1
 999 05f9 3F       		.byte	0x3f
 1000 05fa 43040000 		.4byte	0x443
 1001 05fe 00020000 		.4byte	.LLST11
 1002 0602 20       		.uleb128 0x20
 1003 0603 D4010000 		.4byte	.LASF78
 1004 0607 01       		.byte	0x1
 1005 0608 41       		.byte	0x41
 1006 0609 1D030000 		.4byte	0x31d
 1007 060d 01       		.uleb128 0x1
 1008 060e 56       		.byte	0x56
 1009 060f 21       		.uleb128 0x21
 1010 0610 A1040000 		.4byte	0x4a1
 1011 0614 0E000000 		.4byte	.LBB4
 1012 0618 2A000000 		.4byte	.LBE4-.LBB4
 1013 061c 01       		.byte	0x1
 1014 061d 44       		.byte	0x44
 1015 061e 85060000 		.4byte	0x685
 1016 0622 22       		.uleb128 0x22
 1017 0623 CA040000 		.4byte	0x4ca
 1018 0627 18       		.uleb128 0x18
 1019 0628 C1040000 		.4byte	0x4c1
 1020 062c 36020000 		.4byte	.LLST12
 1021 0630 22       		.uleb128 0x22
 1022 0631 B8040000 		.4byte	0x4b8
 1023 0635 22       		.uleb128 0x22
 1024 0636 AD040000 		.4byte	0x4ad
 1025 063a 23       		.uleb128 0x23
 1026 063b 0E000000 		.4byte	.LBB5
 1027 063f 2A000000 		.4byte	.LBE5-.LBB5
 1028 0643 1A       		.uleb128 0x1a
 1029 0644 D5040000 		.4byte	0x4d5
 1030 0648 36020000 		.4byte	.LLST12
 1031 064c 1B       		.uleb128 0x1b
 1032 064d 2E000000 		.4byte	.LVL19
 1033 0651 E1040000 		.4byte	0x4e1
 1034 0655 1C       		.uleb128 0x1c
 1035 0656 01       		.uleb128 0x1
 1036 0657 50       		.byte	0x50
 1037 0658 02       		.uleb128 0x2
 1038 0659 76       		.byte	0x76
 1039 065a 00       		.sleb128 0
 1040 065b 1C       		.uleb128 0x1c
 1041 065c 01       		.uleb128 0x1
 1042 065d 51       		.byte	0x51
 1043 065e 01       		.uleb128 0x1
 1044 065f 30       		.byte	0x30
 1045 0660 1C       		.uleb128 0x1c
 1046 0661 01       		.uleb128 0x1
 1047 0662 52       		.byte	0x52
 1048 0663 02       		.uleb128 0x2
 1049 0664 74       		.byte	0x74
 1050 0665 00       		.sleb128 0
 1051 0666 1C       		.uleb128 0x1c
 1052 0667 01       		.uleb128 0x1
ARM GAS  C:\Users\info\AppData\Local\Temp\ccwed3Wz.s 			page 21


 1053 0668 53       		.byte	0x53
 1054 0669 02       		.uleb128 0x2
 1055 066a 74       		.byte	0x74
 1056 066b 00       		.sleb128 0
 1057 066c 1C       		.uleb128 0x1c
 1058 066d 02       		.uleb128 0x2
 1059 066e 7D       		.byte	0x7d
 1060 066f 00       		.sleb128 0
 1061 0670 02       		.uleb128 0x2
 1062 0671 78       		.byte	0x78
 1063 0672 00       		.sleb128 0
 1064 0673 1C       		.uleb128 0x1c
 1065 0674 02       		.uleb128 0x2
 1066 0675 7D       		.byte	0x7d
 1067 0676 04       		.sleb128 4
 1068 0677 02       		.uleb128 0x2
 1069 0678 77       		.byte	0x77
 1070 0679 00       		.sleb128 0
 1071 067a 1D       		.uleb128 0x1d
 1072 067b 81040000 		.4byte	0x481
 1073 067f 02       		.uleb128 0x2
 1074 0680 75       		.byte	0x75
 1075 0681 00       		.sleb128 0
 1076 0682 00       		.byte	0
 1077 0683 00       		.byte	0
 1078 0684 00       		.byte	0
 1079 0685 1B       		.uleb128 0x1b
 1080 0686 58000000 		.4byte	.LVL25
 1081 068a E1040000 		.4byte	0x4e1
 1082 068e 1C       		.uleb128 0x1c
 1083 068f 01       		.uleb128 0x1
 1084 0690 50       		.byte	0x50
 1085 0691 02       		.uleb128 0x2
 1086 0692 76       		.byte	0x76
 1087 0693 00       		.sleb128 0
 1088 0694 1C       		.uleb128 0x1c
 1089 0695 02       		.uleb128 0x2
 1090 0696 7D       		.byte	0x7d
 1091 0697 00       		.sleb128 0
 1092 0698 02       		.uleb128 0x2
 1093 0699 75       		.byte	0x75
 1094 069a 00       		.sleb128 0
 1095 069b 1C       		.uleb128 0x1c
 1096 069c 02       		.uleb128 0x2
 1097 069d 7D       		.byte	0x7d
 1098 069e 04       		.sleb128 4
 1099 069f 02       		.uleb128 0x2
 1100 06a0 74       		.byte	0x74
 1101 06a1 00       		.sleb128 0
 1102 06a2 1D       		.uleb128 0x1d
 1103 06a3 81040000 		.4byte	0x481
 1104 06a7 02       		.uleb128 0x2
 1105 06a8 74       		.byte	0x74
 1106 06a9 74       		.sleb128 -12
 1107 06aa 00       		.byte	0
 1108 06ab 00       		.byte	0
 1109 06ac 24       		.uleb128 0x24
ARM GAS  C:\Users\info\AppData\Local\Temp\ccwed3Wz.s 			page 22


 1110 06ad 5C030000 		.4byte	.LASF90
 1111 06b1 5C030000 		.4byte	.LASF90
 1112 06b5 04       		.byte	0x4
 1113 06b6 AA03     		.2byte	0x3aa
 1114 06b8 00       		.byte	0
 1115              		.section	.debug_abbrev,"",%progbits
 1116              	.Ldebug_abbrev0:
 1117 0000 01       		.uleb128 0x1
 1118 0001 11       		.uleb128 0x11
 1119 0002 01       		.byte	0x1
 1120 0003 25       		.uleb128 0x25
 1121 0004 0E       		.uleb128 0xe
 1122 0005 13       		.uleb128 0x13
 1123 0006 0B       		.uleb128 0xb
 1124 0007 03       		.uleb128 0x3
 1125 0008 0E       		.uleb128 0xe
 1126 0009 1B       		.uleb128 0x1b
 1127 000a 0E       		.uleb128 0xe
 1128 000b 55       		.uleb128 0x55
 1129 000c 17       		.uleb128 0x17
 1130 000d 11       		.uleb128 0x11
 1131 000e 01       		.uleb128 0x1
 1132 000f 10       		.uleb128 0x10
 1133 0010 17       		.uleb128 0x17
 1134 0011 00       		.byte	0
 1135 0012 00       		.byte	0
 1136 0013 02       		.uleb128 0x2
 1137 0014 16       		.uleb128 0x16
 1138 0015 00       		.byte	0
 1139 0016 03       		.uleb128 0x3
 1140 0017 0E       		.uleb128 0xe
 1141 0018 3A       		.uleb128 0x3a
 1142 0019 0B       		.uleb128 0xb
 1143 001a 3B       		.uleb128 0x3b
 1144 001b 0B       		.uleb128 0xb
 1145 001c 49       		.uleb128 0x49
 1146 001d 13       		.uleb128 0x13
 1147 001e 00       		.byte	0
 1148 001f 00       		.byte	0
 1149 0020 03       		.uleb128 0x3
 1150 0021 24       		.uleb128 0x24
 1151 0022 00       		.byte	0
 1152 0023 0B       		.uleb128 0xb
 1153 0024 0B       		.uleb128 0xb
 1154 0025 3E       		.uleb128 0x3e
 1155 0026 0B       		.uleb128 0xb
 1156 0027 03       		.uleb128 0x3
 1157 0028 0E       		.uleb128 0xe
 1158 0029 00       		.byte	0
 1159 002a 00       		.byte	0
 1160 002b 04       		.uleb128 0x4
 1161 002c 24       		.uleb128 0x24
 1162 002d 00       		.byte	0
 1163 002e 0B       		.uleb128 0xb
 1164 002f 0B       		.uleb128 0xb
 1165 0030 3E       		.uleb128 0x3e
 1166 0031 0B       		.uleb128 0xb
ARM GAS  C:\Users\info\AppData\Local\Temp\ccwed3Wz.s 			page 23


 1167 0032 03       		.uleb128 0x3
 1168 0033 08       		.uleb128 0x8
 1169 0034 00       		.byte	0
 1170 0035 00       		.byte	0
 1171 0036 05       		.uleb128 0x5
 1172 0037 0F       		.uleb128 0xf
 1173 0038 00       		.byte	0
 1174 0039 0B       		.uleb128 0xb
 1175 003a 0B       		.uleb128 0xb
 1176 003b 00       		.byte	0
 1177 003c 00       		.byte	0
 1178 003d 06       		.uleb128 0x6
 1179 003e 13       		.uleb128 0x13
 1180 003f 01       		.byte	0x1
 1181 0040 03       		.uleb128 0x3
 1182 0041 0E       		.uleb128 0xe
 1183 0042 0B       		.uleb128 0xb
 1184 0043 0B       		.uleb128 0xb
 1185 0044 3A       		.uleb128 0x3a
 1186 0045 0B       		.uleb128 0xb
 1187 0046 3B       		.uleb128 0x3b
 1188 0047 05       		.uleb128 0x5
 1189 0048 01       		.uleb128 0x1
 1190 0049 13       		.uleb128 0x13
 1191 004a 00       		.byte	0
 1192 004b 00       		.byte	0
 1193 004c 07       		.uleb128 0x7
 1194 004d 0D       		.uleb128 0xd
 1195 004e 00       		.byte	0
 1196 004f 03       		.uleb128 0x3
 1197 0050 0E       		.uleb128 0xe
 1198 0051 3A       		.uleb128 0x3a
 1199 0052 0B       		.uleb128 0xb
 1200 0053 3B       		.uleb128 0x3b
 1201 0054 05       		.uleb128 0x5
 1202 0055 49       		.uleb128 0x49
 1203 0056 13       		.uleb128 0x13
 1204 0057 38       		.uleb128 0x38
 1205 0058 0B       		.uleb128 0xb
 1206 0059 00       		.byte	0
 1207 005a 00       		.byte	0
 1208 005b 08       		.uleb128 0x8
 1209 005c 13       		.uleb128 0x13
 1210 005d 01       		.byte	0x1
 1211 005e 03       		.uleb128 0x3
 1212 005f 0E       		.uleb128 0xe
 1213 0060 0B       		.uleb128 0xb
 1214 0061 0B       		.uleb128 0xb
 1215 0062 3A       		.uleb128 0x3a
 1216 0063 0B       		.uleb128 0xb
 1217 0064 3B       		.uleb128 0x3b
 1218 0065 0B       		.uleb128 0xb
 1219 0066 01       		.uleb128 0x1
 1220 0067 13       		.uleb128 0x13
 1221 0068 00       		.byte	0
 1222 0069 00       		.byte	0
 1223 006a 09       		.uleb128 0x9
ARM GAS  C:\Users\info\AppData\Local\Temp\ccwed3Wz.s 			page 24


 1224 006b 0D       		.uleb128 0xd
 1225 006c 00       		.byte	0
 1226 006d 03       		.uleb128 0x3
 1227 006e 0E       		.uleb128 0xe
 1228 006f 3A       		.uleb128 0x3a
 1229 0070 0B       		.uleb128 0xb
 1230 0071 3B       		.uleb128 0x3b
 1231 0072 0B       		.uleb128 0xb
 1232 0073 49       		.uleb128 0x49
 1233 0074 13       		.uleb128 0x13
 1234 0075 38       		.uleb128 0x38
 1235 0076 0B       		.uleb128 0xb
 1236 0077 00       		.byte	0
 1237 0078 00       		.byte	0
 1238 0079 0A       		.uleb128 0xa
 1239 007a 0F       		.uleb128 0xf
 1240 007b 00       		.byte	0
 1241 007c 0B       		.uleb128 0xb
 1242 007d 0B       		.uleb128 0xb
 1243 007e 49       		.uleb128 0x49
 1244 007f 13       		.uleb128 0x13
 1245 0080 00       		.byte	0
 1246 0081 00       		.byte	0
 1247 0082 0B       		.uleb128 0xb
 1248 0083 15       		.uleb128 0x15
 1249 0084 01       		.byte	0x1
 1250 0085 27       		.uleb128 0x27
 1251 0086 19       		.uleb128 0x19
 1252 0087 49       		.uleb128 0x49
 1253 0088 13       		.uleb128 0x13
 1254 0089 01       		.uleb128 0x1
 1255 008a 13       		.uleb128 0x13
 1256 008b 00       		.byte	0
 1257 008c 00       		.byte	0
 1258 008d 0C       		.uleb128 0xc
 1259 008e 05       		.uleb128 0x5
 1260 008f 00       		.byte	0
 1261 0090 49       		.uleb128 0x49
 1262 0091 13       		.uleb128 0x13
 1263 0092 00       		.byte	0
 1264 0093 00       		.byte	0
 1265 0094 0D       		.uleb128 0xd
 1266 0095 26       		.uleb128 0x26
 1267 0096 00       		.byte	0
 1268 0097 49       		.uleb128 0x49
 1269 0098 13       		.uleb128 0x13
 1270 0099 00       		.byte	0
 1271 009a 00       		.byte	0
 1272 009b 0E       		.uleb128 0xe
 1273 009c 16       		.uleb128 0x16
 1274 009d 00       		.byte	0
 1275 009e 03       		.uleb128 0x3
 1276 009f 0E       		.uleb128 0xe
 1277 00a0 3A       		.uleb128 0x3a
 1278 00a1 0B       		.uleb128 0xb
 1279 00a2 3B       		.uleb128 0x3b
 1280 00a3 05       		.uleb128 0x5
ARM GAS  C:\Users\info\AppData\Local\Temp\ccwed3Wz.s 			page 25


 1281 00a4 49       		.uleb128 0x49
 1282 00a5 13       		.uleb128 0x13
 1283 00a6 00       		.byte	0
 1284 00a7 00       		.byte	0
 1285 00a8 0F       		.uleb128 0xf
 1286 00a9 0D       		.uleb128 0xd
 1287 00aa 00       		.byte	0
 1288 00ab 03       		.uleb128 0x3
 1289 00ac 08       		.uleb128 0x8
 1290 00ad 3A       		.uleb128 0x3a
 1291 00ae 0B       		.uleb128 0xb
 1292 00af 3B       		.uleb128 0x3b
 1293 00b0 05       		.uleb128 0x5
 1294 00b1 49       		.uleb128 0x49
 1295 00b2 13       		.uleb128 0x13
 1296 00b3 38       		.uleb128 0x38
 1297 00b4 0B       		.uleb128 0xb
 1298 00b5 00       		.byte	0
 1299 00b6 00       		.byte	0
 1300 00b7 10       		.uleb128 0x10
 1301 00b8 15       		.uleb128 0x15
 1302 00b9 01       		.byte	0x1
 1303 00ba 27       		.uleb128 0x27
 1304 00bb 19       		.uleb128 0x19
 1305 00bc 01       		.uleb128 0x1
 1306 00bd 13       		.uleb128 0x13
 1307 00be 00       		.byte	0
 1308 00bf 00       		.byte	0
 1309 00c0 11       		.uleb128 0x11
 1310 00c1 2E       		.uleb128 0x2e
 1311 00c2 01       		.byte	0x1
 1312 00c3 03       		.uleb128 0x3
 1313 00c4 0E       		.uleb128 0xe
 1314 00c5 3A       		.uleb128 0x3a
 1315 00c6 0B       		.uleb128 0xb
 1316 00c7 3B       		.uleb128 0x3b
 1317 00c8 0B       		.uleb128 0xb
 1318 00c9 27       		.uleb128 0x27
 1319 00ca 19       		.uleb128 0x19
 1320 00cb 20       		.uleb128 0x20
 1321 00cc 0B       		.uleb128 0xb
 1322 00cd 01       		.uleb128 0x1
 1323 00ce 13       		.uleb128 0x13
 1324 00cf 00       		.byte	0
 1325 00d0 00       		.byte	0
 1326 00d1 12       		.uleb128 0x12
 1327 00d2 05       		.uleb128 0x5
 1328 00d3 00       		.byte	0
 1329 00d4 03       		.uleb128 0x3
 1330 00d5 0E       		.uleb128 0xe
 1331 00d6 3A       		.uleb128 0x3a
 1332 00d7 0B       		.uleb128 0xb
 1333 00d8 3B       		.uleb128 0x3b
 1334 00d9 0B       		.uleb128 0xb
 1335 00da 49       		.uleb128 0x49
 1336 00db 13       		.uleb128 0x13
 1337 00dc 00       		.byte	0
ARM GAS  C:\Users\info\AppData\Local\Temp\ccwed3Wz.s 			page 26


 1338 00dd 00       		.byte	0
 1339 00de 13       		.uleb128 0x13
 1340 00df 34       		.uleb128 0x34
 1341 00e0 00       		.byte	0
 1342 00e1 03       		.uleb128 0x3
 1343 00e2 0E       		.uleb128 0xe
 1344 00e3 3A       		.uleb128 0x3a
 1345 00e4 0B       		.uleb128 0xb
 1346 00e5 3B       		.uleb128 0x3b
 1347 00e6 0B       		.uleb128 0xb
 1348 00e7 49       		.uleb128 0x49
 1349 00e8 13       		.uleb128 0x13
 1350 00e9 00       		.byte	0
 1351 00ea 00       		.byte	0
 1352 00eb 14       		.uleb128 0x14
 1353 00ec 34       		.uleb128 0x34
 1354 00ed 00       		.byte	0
 1355 00ee 03       		.uleb128 0x3
 1356 00ef 08       		.uleb128 0x8
 1357 00f0 3A       		.uleb128 0x3a
 1358 00f1 0B       		.uleb128 0xb
 1359 00f2 3B       		.uleb128 0x3b
 1360 00f3 0B       		.uleb128 0xb
 1361 00f4 49       		.uleb128 0x49
 1362 00f5 13       		.uleb128 0x13
 1363 00f6 00       		.byte	0
 1364 00f7 00       		.byte	0
 1365 00f8 15       		.uleb128 0x15
 1366 00f9 2E       		.uleb128 0x2e
 1367 00fa 01       		.byte	0x1
 1368 00fb 3F       		.uleb128 0x3f
 1369 00fc 19       		.uleb128 0x19
 1370 00fd 03       		.uleb128 0x3
 1371 00fe 0E       		.uleb128 0xe
 1372 00ff 3A       		.uleb128 0x3a
 1373 0100 0B       		.uleb128 0xb
 1374 0101 3B       		.uleb128 0x3b
 1375 0102 0B       		.uleb128 0xb
 1376 0103 27       		.uleb128 0x27
 1377 0104 19       		.uleb128 0x19
 1378 0105 20       		.uleb128 0x20
 1379 0106 0B       		.uleb128 0xb
 1380 0107 01       		.uleb128 0x1
 1381 0108 13       		.uleb128 0x13
 1382 0109 00       		.byte	0
 1383 010a 00       		.byte	0
 1384 010b 16       		.uleb128 0x16
 1385 010c 05       		.uleb128 0x5
 1386 010d 00       		.byte	0
 1387 010e 03       		.uleb128 0x3
 1388 010f 08       		.uleb128 0x8
 1389 0110 3A       		.uleb128 0x3a
 1390 0111 0B       		.uleb128 0xb
 1391 0112 3B       		.uleb128 0x3b
 1392 0113 0B       		.uleb128 0xb
 1393 0114 49       		.uleb128 0x49
 1394 0115 13       		.uleb128 0x13
ARM GAS  C:\Users\info\AppData\Local\Temp\ccwed3Wz.s 			page 27


 1395 0116 00       		.byte	0
 1396 0117 00       		.byte	0
 1397 0118 17       		.uleb128 0x17
 1398 0119 2E       		.uleb128 0x2e
 1399 011a 01       		.byte	0x1
 1400 011b 31       		.uleb128 0x31
 1401 011c 13       		.uleb128 0x13
 1402 011d 11       		.uleb128 0x11
 1403 011e 01       		.uleb128 0x1
 1404 011f 12       		.uleb128 0x12
 1405 0120 06       		.uleb128 0x6
 1406 0121 40       		.uleb128 0x40
 1407 0122 18       		.uleb128 0x18
 1408 0123 9742     		.uleb128 0x2117
 1409 0125 19       		.uleb128 0x19
 1410 0126 01       		.uleb128 0x1
 1411 0127 13       		.uleb128 0x13
 1412 0128 00       		.byte	0
 1413 0129 00       		.byte	0
 1414 012a 18       		.uleb128 0x18
 1415 012b 05       		.uleb128 0x5
 1416 012c 00       		.byte	0
 1417 012d 31       		.uleb128 0x31
 1418 012e 13       		.uleb128 0x13
 1419 012f 02       		.uleb128 0x2
 1420 0130 17       		.uleb128 0x17
 1421 0131 00       		.byte	0
 1422 0132 00       		.byte	0
 1423 0133 19       		.uleb128 0x19
 1424 0134 05       		.uleb128 0x5
 1425 0135 00       		.byte	0
 1426 0136 31       		.uleb128 0x31
 1427 0137 13       		.uleb128 0x13
 1428 0138 02       		.uleb128 0x2
 1429 0139 18       		.uleb128 0x18
 1430 013a 00       		.byte	0
 1431 013b 00       		.byte	0
 1432 013c 1A       		.uleb128 0x1a
 1433 013d 34       		.uleb128 0x34
 1434 013e 00       		.byte	0
 1435 013f 31       		.uleb128 0x31
 1436 0140 13       		.uleb128 0x13
 1437 0141 02       		.uleb128 0x2
 1438 0142 17       		.uleb128 0x17
 1439 0143 00       		.byte	0
 1440 0144 00       		.byte	0
 1441 0145 1B       		.uleb128 0x1b
 1442 0146 898201   		.uleb128 0x4109
 1443 0149 01       		.byte	0x1
 1444 014a 11       		.uleb128 0x11
 1445 014b 01       		.uleb128 0x1
 1446 014c 31       		.uleb128 0x31
 1447 014d 13       		.uleb128 0x13
 1448 014e 00       		.byte	0
 1449 014f 00       		.byte	0
 1450 0150 1C       		.uleb128 0x1c
 1451 0151 8A8201   		.uleb128 0x410a
ARM GAS  C:\Users\info\AppData\Local\Temp\ccwed3Wz.s 			page 28


 1452 0154 00       		.byte	0
 1453 0155 02       		.uleb128 0x2
 1454 0156 18       		.uleb128 0x18
 1455 0157 9142     		.uleb128 0x2111
 1456 0159 18       		.uleb128 0x18
 1457 015a 00       		.byte	0
 1458 015b 00       		.byte	0
 1459 015c 1D       		.uleb128 0x1d
 1460 015d 8A8201   		.uleb128 0x410a
 1461 0160 00       		.byte	0
 1462 0161 31       		.uleb128 0x31
 1463 0162 13       		.uleb128 0x13
 1464 0163 9142     		.uleb128 0x2111
 1465 0165 18       		.uleb128 0x18
 1466 0166 00       		.byte	0
 1467 0167 00       		.byte	0
 1468 0168 1E       		.uleb128 0x1e
 1469 0169 2E       		.uleb128 0x2e
 1470 016a 01       		.byte	0x1
 1471 016b 3F       		.uleb128 0x3f
 1472 016c 19       		.uleb128 0x19
 1473 016d 03       		.uleb128 0x3
 1474 016e 0E       		.uleb128 0xe
 1475 016f 3A       		.uleb128 0x3a
 1476 0170 0B       		.uleb128 0xb
 1477 0171 3B       		.uleb128 0x3b
 1478 0172 0B       		.uleb128 0xb
 1479 0173 27       		.uleb128 0x27
 1480 0174 19       		.uleb128 0x19
 1481 0175 11       		.uleb128 0x11
 1482 0176 01       		.uleb128 0x1
 1483 0177 12       		.uleb128 0x12
 1484 0178 06       		.uleb128 0x6
 1485 0179 40       		.uleb128 0x40
 1486 017a 18       		.uleb128 0x18
 1487 017b 9742     		.uleb128 0x2117
 1488 017d 19       		.uleb128 0x19
 1489 017e 01       		.uleb128 0x1
 1490 017f 13       		.uleb128 0x13
 1491 0180 00       		.byte	0
 1492 0181 00       		.byte	0
 1493 0182 1F       		.uleb128 0x1f
 1494 0183 05       		.uleb128 0x5
 1495 0184 00       		.byte	0
 1496 0185 03       		.uleb128 0x3
 1497 0186 0E       		.uleb128 0xe
 1498 0187 3A       		.uleb128 0x3a
 1499 0188 0B       		.uleb128 0xb
 1500 0189 3B       		.uleb128 0x3b
 1501 018a 0B       		.uleb128 0xb
 1502 018b 49       		.uleb128 0x49
 1503 018c 13       		.uleb128 0x13
 1504 018d 02       		.uleb128 0x2
 1505 018e 17       		.uleb128 0x17
 1506 018f 00       		.byte	0
 1507 0190 00       		.byte	0
 1508 0191 20       		.uleb128 0x20
ARM GAS  C:\Users\info\AppData\Local\Temp\ccwed3Wz.s 			page 29


 1509 0192 34       		.uleb128 0x34
 1510 0193 00       		.byte	0
 1511 0194 03       		.uleb128 0x3
 1512 0195 0E       		.uleb128 0xe
 1513 0196 3A       		.uleb128 0x3a
 1514 0197 0B       		.uleb128 0xb
 1515 0198 3B       		.uleb128 0x3b
 1516 0199 0B       		.uleb128 0xb
 1517 019a 49       		.uleb128 0x49
 1518 019b 13       		.uleb128 0x13
 1519 019c 02       		.uleb128 0x2
 1520 019d 18       		.uleb128 0x18
 1521 019e 00       		.byte	0
 1522 019f 00       		.byte	0
 1523 01a0 21       		.uleb128 0x21
 1524 01a1 1D       		.uleb128 0x1d
 1525 01a2 01       		.byte	0x1
 1526 01a3 31       		.uleb128 0x31
 1527 01a4 13       		.uleb128 0x13
 1528 01a5 11       		.uleb128 0x11
 1529 01a6 01       		.uleb128 0x1
 1530 01a7 12       		.uleb128 0x12
 1531 01a8 06       		.uleb128 0x6
 1532 01a9 58       		.uleb128 0x58
 1533 01aa 0B       		.uleb128 0xb
 1534 01ab 59       		.uleb128 0x59
 1535 01ac 0B       		.uleb128 0xb
 1536 01ad 01       		.uleb128 0x1
 1537 01ae 13       		.uleb128 0x13
 1538 01af 00       		.byte	0
 1539 01b0 00       		.byte	0
 1540 01b1 22       		.uleb128 0x22
 1541 01b2 05       		.uleb128 0x5
 1542 01b3 00       		.byte	0
 1543 01b4 31       		.uleb128 0x31
 1544 01b5 13       		.uleb128 0x13
 1545 01b6 00       		.byte	0
 1546 01b7 00       		.byte	0
 1547 01b8 23       		.uleb128 0x23
 1548 01b9 0B       		.uleb128 0xb
 1549 01ba 01       		.byte	0x1
 1550 01bb 11       		.uleb128 0x11
 1551 01bc 01       		.uleb128 0x1
 1552 01bd 12       		.uleb128 0x12
 1553 01be 06       		.uleb128 0x6
 1554 01bf 00       		.byte	0
 1555 01c0 00       		.byte	0
 1556 01c1 24       		.uleb128 0x24
 1557 01c2 2E       		.uleb128 0x2e
 1558 01c3 00       		.byte	0
 1559 01c4 3F       		.uleb128 0x3f
 1560 01c5 19       		.uleb128 0x19
 1561 01c6 3C       		.uleb128 0x3c
 1562 01c7 19       		.uleb128 0x19
 1563 01c8 6E       		.uleb128 0x6e
 1564 01c9 0E       		.uleb128 0xe
 1565 01ca 03       		.uleb128 0x3
ARM GAS  C:\Users\info\AppData\Local\Temp\ccwed3Wz.s 			page 30


 1566 01cb 0E       		.uleb128 0xe
 1567 01cc 3A       		.uleb128 0x3a
 1568 01cd 0B       		.uleb128 0xb
 1569 01ce 3B       		.uleb128 0x3b
 1570 01cf 05       		.uleb128 0x5
 1571 01d0 00       		.byte	0
 1572 01d1 00       		.byte	0
 1573 01d2 00       		.byte	0
 1574              		.section	.debug_loc,"",%progbits
 1575              	.Ldebug_loc0:
 1576              	.LLST0:
 1577 0000 00000000 		.4byte	.LVL0
 1578 0004 20000000 		.4byte	.LVL1
 1579 0008 0100     		.2byte	0x1
 1580 000a 50       		.byte	0x50
 1581 000b 20000000 		.4byte	.LVL1
 1582 000f 48000000 		.4byte	.LVL8
 1583 0013 0100     		.2byte	0x1
 1584 0015 56       		.byte	0x56
 1585 0016 48000000 		.4byte	.LVL8
 1586 001a 4C000000 		.4byte	.LFE3
 1587 001e 0400     		.2byte	0x4
 1588 0020 F3       		.byte	0xf3
 1589 0021 01       		.uleb128 0x1
 1590 0022 50       		.byte	0x50
 1591 0023 9F       		.byte	0x9f
 1592 0024 00000000 		.4byte	0
 1593 0028 00000000 		.4byte	0
 1594              	.LLST1:
 1595 002c 00000000 		.4byte	.LVL0
 1596 0030 20000000 		.4byte	.LVL1
 1597 0034 0100     		.2byte	0x1
 1598 0036 51       		.byte	0x51
 1599 0037 26000000 		.4byte	.LVL2
 1600 003b 38000000 		.4byte	.LVL4
 1601 003f 0600     		.2byte	0x6
 1602 0041 77       		.byte	0x77
 1603 0042 00       		.sleb128 0
 1604 0043 74       		.byte	0x74
 1605 0044 00       		.sleb128 0
 1606 0045 22       		.byte	0x22
 1607 0046 9F       		.byte	0x9f
 1608 0047 38000000 		.4byte	.LVL4
 1609 004b 46000000 		.4byte	.LVL7
 1610 004f 0800     		.2byte	0x8
 1611 0051 75       		.byte	0x75
 1612 0052 00       		.sleb128 0
 1613 0053 77       		.byte	0x77
 1614 0054 00       		.sleb128 0
 1615 0055 22       		.byte	0x22
 1616 0056 23       		.byte	0x23
 1617 0057 01       		.uleb128 0x1
 1618 0058 9F       		.byte	0x9f
 1619 0059 00000000 		.4byte	0
 1620 005d 00000000 		.4byte	0
 1621              	.LLST2:
 1622 0061 00000000 		.4byte	.LVL0
ARM GAS  C:\Users\info\AppData\Local\Temp\ccwed3Wz.s 			page 31


 1623 0065 20000000 		.4byte	.LVL1
 1624 0069 0100     		.2byte	0x1
 1625 006b 52       		.byte	0x52
 1626 006c 20000000 		.4byte	.LVL1
 1627 0070 4C000000 		.4byte	.LFE3
 1628 0074 0400     		.2byte	0x4
 1629 0076 F3       		.byte	0xf3
 1630 0077 01       		.uleb128 0x1
 1631 0078 52       		.byte	0x52
 1632 0079 9F       		.byte	0x9f
 1633 007a 00000000 		.4byte	0
 1634 007e 00000000 		.4byte	0
 1635              	.LLST3:
 1636 0082 00000000 		.4byte	.LVL0
 1637 0086 20000000 		.4byte	.LVL1
 1638 008a 0100     		.2byte	0x1
 1639 008c 53       		.byte	0x53
 1640 008d 20000000 		.4byte	.LVL1
 1641 0091 4C000000 		.4byte	.LFE3
 1642 0095 0400     		.2byte	0x4
 1643 0097 F3       		.byte	0xf3
 1644 0098 01       		.uleb128 0x1
 1645 0099 53       		.byte	0x53
 1646 009a 9F       		.byte	0x9f
 1647 009b 00000000 		.4byte	0
 1648 009f 00000000 		.4byte	0
 1649              	.LLST4:
 1650 00a3 00000000 		.4byte	.LVL0
 1651 00a7 20000000 		.4byte	.LVL1
 1652 00ab 0200     		.2byte	0x2
 1653 00ad 30       		.byte	0x30
 1654 00ae 9F       		.byte	0x9f
 1655 00af 26000000 		.4byte	.LVL2
 1656 00b3 38000000 		.4byte	.LVL4
 1657 00b7 0100     		.2byte	0x1
 1658 00b9 54       		.byte	0x54
 1659 00ba 38000000 		.4byte	.LVL4
 1660 00be 3A000000 		.4byte	.LVL5
 1661 00c2 0300     		.2byte	0x3
 1662 00c4 74       		.byte	0x74
 1663 00c5 01       		.sleb128 1
 1664 00c6 9F       		.byte	0x9f
 1665 00c7 3A000000 		.4byte	.LVL5
 1666 00cb 40000000 		.4byte	.LVL6
 1667 00cf 0300     		.2byte	0x3
 1668 00d1 74       		.byte	0x74
 1669 00d2 00       		.sleb128 0
 1670 00d3 9F       		.byte	0x9f
 1671 00d4 40000000 		.4byte	.LVL6
 1672 00d8 46000000 		.4byte	.LVL7
 1673 00dc 0300     		.2byte	0x3
 1674 00de 75       		.byte	0x75
 1675 00df 01       		.sleb128 1
 1676 00e0 9F       		.byte	0x9f
 1677 00e1 00000000 		.4byte	0
 1678 00e5 00000000 		.4byte	0
 1679              	.LLST5:
ARM GAS  C:\Users\info\AppData\Local\Temp\ccwed3Wz.s 			page 32


 1680 00e9 26000000 		.4byte	.LVL2
 1681 00ed 2A000000 		.4byte	.LVL3
 1682 00f1 1100     		.2byte	0x11
 1683 00f3 7E       		.byte	0x7e
 1684 00f4 00       		.sleb128 0
 1685 00f5 08       		.byte	0x8
 1686 00f6 FF       		.byte	0xff
 1687 00f7 1A       		.byte	0x1a
 1688 00f8 79       		.byte	0x79
 1689 00f9 00       		.sleb128 0
 1690 00fa 1E       		.byte	0x1e
 1691 00fb 75       		.byte	0x75
 1692 00fc 00       		.sleb128 0
 1693 00fd 08       		.byte	0x8
 1694 00fe FF       		.byte	0xff
 1695 00ff 1A       		.byte	0x1a
 1696 0100 22       		.byte	0x22
 1697 0101 73       		.byte	0x73
 1698 0102 00       		.sleb128 0
 1699 0103 22       		.byte	0x22
 1700 0104 2A000000 		.4byte	.LVL3
 1701 0108 37000000 		.4byte	.LVL4-1
 1702 010c 1200     		.2byte	0x12
 1703 010e 7E       		.byte	0x7e
 1704 010f 00       		.sleb128 0
 1705 0110 08       		.byte	0x8
 1706 0111 FF       		.byte	0xff
 1707 0112 1A       		.byte	0x1a
 1708 0113 79       		.byte	0x79
 1709 0114 00       		.sleb128 0
 1710 0115 1E       		.byte	0x1e
 1711 0116 75       		.byte	0x75
 1712 0117 00       		.sleb128 0
 1713 0118 08       		.byte	0x8
 1714 0119 FF       		.byte	0xff
 1715 011a 1A       		.byte	0x1a
 1716 011b 22       		.byte	0x22
 1717 011c 7B       		.byte	0x7b
 1718 011d 00       		.sleb128 0
 1719 011e 06       		.byte	0x6
 1720 011f 22       		.byte	0x22
 1721 0120 00000000 		.4byte	0
 1722 0124 00000000 		.4byte	0
 1723              	.LLST6:
 1724 0128 00000000 		.4byte	.LVL9
 1725 012c 1C000000 		.4byte	.LVL10
 1726 0130 0100     		.2byte	0x1
 1727 0132 50       		.byte	0x50
 1728 0133 1C000000 		.4byte	.LVL10
 1729 0137 3E000000 		.4byte	.LVL14
 1730 013b 0100     		.2byte	0x1
 1731 013d 57       		.byte	0x57
 1732 013e 3E000000 		.4byte	.LVL14
 1733 0142 44000000 		.4byte	.LFE1
 1734 0146 0400     		.2byte	0x4
 1735 0148 F3       		.byte	0xf3
 1736 0149 01       		.uleb128 0x1
ARM GAS  C:\Users\info\AppData\Local\Temp\ccwed3Wz.s 			page 33


 1737 014a 50       		.byte	0x50
 1738 014b 9F       		.byte	0x9f
 1739 014c 00000000 		.4byte	0
 1740 0150 00000000 		.4byte	0
 1741              	.LLST7:
 1742 0154 00000000 		.4byte	.LVL9
 1743 0158 1C000000 		.4byte	.LVL10
 1744 015c 0100     		.2byte	0x1
 1745 015e 51       		.byte	0x51
 1746 015f 1C000000 		.4byte	.LVL10
 1747 0163 44000000 		.4byte	.LFE1
 1748 0167 0400     		.2byte	0x4
 1749 0169 F3       		.byte	0xf3
 1750 016a 01       		.uleb128 0x1
 1751 016b 51       		.byte	0x51
 1752 016c 9F       		.byte	0x9f
 1753 016d 00000000 		.4byte	0
 1754 0171 00000000 		.4byte	0
 1755              	.LLST8:
 1756 0175 00000000 		.4byte	.LVL9
 1757 0179 1C000000 		.4byte	.LVL10
 1758 017d 0100     		.2byte	0x1
 1759 017f 52       		.byte	0x52
 1760 0180 1C000000 		.4byte	.LVL10
 1761 0184 34000000 		.4byte	.LVL11
 1762 0188 0600     		.2byte	0x6
 1763 018a 79       		.byte	0x79
 1764 018b 00       		.sleb128 0
 1765 018c 74       		.byte	0x74
 1766 018d 00       		.sleb128 0
 1767 018e 22       		.byte	0x22
 1768 018f 9F       		.byte	0x9f
 1769 0190 34000000 		.4byte	.LVL11
 1770 0194 36000000 		.4byte	.LVL12
 1771 0198 0800     		.2byte	0x8
 1772 019a 74       		.byte	0x74
 1773 019b 00       		.sleb128 0
 1774 019c 79       		.byte	0x79
 1775 019d 00       		.sleb128 0
 1776 019e 22       		.byte	0x22
 1777 019f 23       		.byte	0x23
 1778 01a0 01       		.uleb128 0x1
 1779 01a1 9F       		.byte	0x9f
 1780 01a2 00000000 		.4byte	0
 1781 01a6 00000000 		.4byte	0
 1782              	.LLST9:
 1783 01aa 00000000 		.4byte	.LVL9
 1784 01ae 1C000000 		.4byte	.LVL10
 1785 01b2 0100     		.2byte	0x1
 1786 01b4 53       		.byte	0x53
 1787 01b5 1C000000 		.4byte	.LVL10
 1788 01b9 3E000000 		.4byte	.LVL14
 1789 01bd 0100     		.2byte	0x1
 1790 01bf 56       		.byte	0x56
 1791 01c0 3E000000 		.4byte	.LVL14
 1792 01c4 44000000 		.4byte	.LFE1
 1793 01c8 0400     		.2byte	0x4
ARM GAS  C:\Users\info\AppData\Local\Temp\ccwed3Wz.s 			page 34


 1794 01ca F3       		.byte	0xf3
 1795 01cb 01       		.uleb128 0x1
 1796 01cc 53       		.byte	0x53
 1797 01cd 9F       		.byte	0x9f
 1798 01ce 00000000 		.4byte	0
 1799 01d2 00000000 		.4byte	0
 1800              	.LLST10:
 1801 01d6 00000000 		.4byte	.LVL9
 1802 01da 1C000000 		.4byte	.LVL10
 1803 01de 0200     		.2byte	0x2
 1804 01e0 30       		.byte	0x30
 1805 01e1 9F       		.byte	0x9f
 1806 01e2 1C000000 		.4byte	.LVL10
 1807 01e6 36000000 		.4byte	.LVL12
 1808 01ea 0100     		.2byte	0x1
 1809 01ec 54       		.byte	0x54
 1810 01ed 3A000000 		.4byte	.LVL13
 1811 01f1 3E000000 		.4byte	.LVL14
 1812 01f5 0100     		.2byte	0x1
 1813 01f7 54       		.byte	0x54
 1814 01f8 00000000 		.4byte	0
 1815 01fc 00000000 		.4byte	0
 1816              	.LLST11:
 1817 0200 00000000 		.4byte	.LVL15
 1818 0204 1C000000 		.4byte	.LVL18
 1819 0208 0100     		.2byte	0x1
 1820 020a 50       		.byte	0x50
 1821 020b 1C000000 		.4byte	.LVL18
 1822 020f 3E000000 		.4byte	.LVL23
 1823 0213 0100     		.2byte	0x1
 1824 0215 55       		.byte	0x55
 1825 0216 3E000000 		.4byte	.LVL23
 1826 021a 4E000000 		.4byte	.LVL24
 1827 021e 0100     		.2byte	0x1
 1828 0220 50       		.byte	0x50
 1829 0221 4E000000 		.4byte	.LVL24
 1830 0225 5E000000 		.4byte	.LFE2
 1831 0229 0300     		.2byte	0x3
 1832 022b 74       		.byte	0x74
 1833 022c 74       		.sleb128 -12
 1834 022d 9F       		.byte	0x9f
 1835 022e 00000000 		.4byte	0
 1836 0232 00000000 		.4byte	0
 1837              	.LLST12:
 1838 0236 0E000000 		.4byte	.LVL17
 1839 023a 1C000000 		.4byte	.LVL18
 1840 023e 0200     		.2byte	0x2
 1841 0240 30       		.byte	0x30
 1842 0241 9F       		.byte	0x9f
 1843 0242 1C000000 		.4byte	.LVL18
 1844 0246 30000000 		.4byte	.LVL20
 1845 024a 0100     		.2byte	0x1
 1846 024c 54       		.byte	0x54
 1847 024d 34000000 		.4byte	.LVL21
 1848 0251 38000000 		.4byte	.LVL22
 1849 0255 0100     		.2byte	0x1
 1850 0257 54       		.byte	0x54
ARM GAS  C:\Users\info\AppData\Local\Temp\ccwed3Wz.s 			page 35


 1851 0258 00000000 		.4byte	0
 1852 025c 00000000 		.4byte	0
 1853              		.section	.debug_aranges,"",%progbits
 1854 0000 2C000000 		.4byte	0x2c
 1855 0004 0200     		.2byte	0x2
 1856 0006 00000000 		.4byte	.Ldebug_info0
 1857 000a 04       		.byte	0x4
 1858 000b 00       		.byte	0
 1859 000c 0000     		.2byte	0
 1860 000e 0000     		.2byte	0
 1861 0010 00000000 		.4byte	.LFB3
 1862 0014 4C000000 		.4byte	.LFE3-.LFB3
 1863 0018 00000000 		.4byte	.LFB1
 1864 001c 44000000 		.4byte	.LFE1-.LFB1
 1865 0020 00000000 		.4byte	.LFB2
 1866 0024 5E000000 		.4byte	.LFE2-.LFB2
 1867 0028 00000000 		.4byte	0
 1868 002c 00000000 		.4byte	0
 1869              		.section	.debug_ranges,"",%progbits
 1870              	.Ldebug_ranges0:
 1871 0000 00000000 		.4byte	.LFB3
 1872 0004 4C000000 		.4byte	.LFE3
 1873 0008 00000000 		.4byte	.LFB1
 1874 000c 44000000 		.4byte	.LFE1
 1875 0010 00000000 		.4byte	.LFB2
 1876 0014 5E000000 		.4byte	.LFE2
 1877 0018 00000000 		.4byte	0
 1878 001c 00000000 		.4byte	0
 1879              		.section	.debug_line,"",%progbits
 1880              	.Ldebug_line0:
 1881 0000 97010000 		.section	.debug_str,"MS",%progbits,1
 1881      02003E01 
 1881      00000201 
 1881      FB0E0D00 
 1881      01010101 
 1882              	.LASF65:
 1883 0000 6175785F 		.ascii	"aux_data\000"
 1883      64617461 
 1883      00
 1884              	.LASF28:
 1885 0009 785F6F66 		.ascii	"x_offset\000"
 1885      66736574 
 1885      00
 1886              	.LASF29:
 1887 0012 69735F66 		.ascii	"is_font_inverse_mode\000"
 1887      6F6E745F 
 1887      696E7665 
 1887      7273655F 
 1887      6D6F6465 
 1888              	.LASF51:
 1889 0027 7370695F 		.ascii	"spi_mode\000"
 1889      6D6F6465 
 1889      00
 1890              	.LASF13:
 1891 0030 696E7438 		.ascii	"int8_t\000"
 1891      5F7400
 1892              	.LASF42:
ARM GAS  C:\Users\info\AppData\Local\Temp\ccwed3Wz.s 			page 36


 1893 0037 63686970 		.ascii	"chip_enable_level\000"
 1893      5F656E61 
 1893      626C655F 
 1893      6C657665 
 1893      6C00
 1894              	.LASF26:
 1895 0049 666F6E74 		.ascii	"font\000"
 1895      00
 1896              	.LASF38:
 1897 004e 6465626F 		.ascii	"debounce_result_msg\000"
 1897      756E6365 
 1897      5F726573 
 1897      756C745F 
 1897      6D736700 
 1898              	.LASF4:
 1899 0062 73686F72 		.ascii	"short int\000"
 1899      7420696E 
 1899      7400
 1900              	.LASF24:
 1901 006c 6770696F 		.ascii	"gpio_and_delay_cb\000"
 1901      5F616E64 
 1901      5F64656C 
 1901      61795F63 
 1901      6200
 1902              	.LASF55:
 1903 007e 74696C65 		.ascii	"tile_width\000"
 1903      5F776964 
 1903      746800
 1904              	.LASF48:
 1905 0089 7364615F 		.ascii	"sda_setup_time_ns\000"
 1905      73657475 
 1905      705F7469 
 1905      6D655F6E 
 1905      7300
 1906              	.LASF71:
 1907 009b 63757273 		.ascii	"cursor_x\000"
 1907      6F725F78 
 1907      00
 1908              	.LASF72:
 1909 00a4 63757273 		.ascii	"cursor_y\000"
 1909      6F725F79 
 1909      00
 1910              	.LASF68:
 1911 00ad 73637265 		.ascii	"screen_buffer\000"
 1911      656E5F62 
 1911      75666665 
 1911      7200
 1912              	.LASF47:
 1913 00bb 706F7374 		.ascii	"post_reset_wait_ms\000"
 1913      5F726573 
 1913      65745F77 
 1913      6169745F 
 1913      6D7300
 1914              	.LASF63:
 1915 00ce 75386C6F 		.ascii	"u8log_t\000"
 1915      675F7400 
 1916              	.LASF89:
ARM GAS  C:\Users\info\AppData\Local\Temp\ccwed3Wz.s 			page 37


 1917 00d6 75386C6F 		.ascii	"u8log_u8x8_cb\000"
 1917      675F7538 
 1917      78385F63 
 1917      6200
 1918              	.LASF8:
 1919 00e4 5F5F7569 		.ascii	"__uint32_t\000"
 1919      6E743332 
 1919      5F7400
 1920              	.LASF86:
 1921 00ef 433A5C55 		.ascii	"C:\\Users\\info\\Desktop\\Spring 2019 Classes\\6.11"
 1921      73657273 
 1921      5C696E66 
 1921      6F5C4465 
 1921      736B746F 
 1922 011d 355C362E 		.ascii	"5\\6.115-final\\PSoCCreator\\Final Project\\FinalEm"
 1922      3131352D 
 1922      66696E61 
 1922      6C5C5053 
 1922      6F434372 
 1923 014c 756C6174 		.ascii	"ulator.cydsn\000"
 1923      6F722E63 
 1923      7964736E 
 1923      00
 1924              	.LASF87:
 1925 0159 75387838 		.ascii	"u8x8_DrawLogLine\000"
 1925      5F447261 
 1925      774C6F67 
 1925      4C696E65 
 1925      00
 1926              	.LASF5:
 1927 016a 5F5F7569 		.ascii	"__uint16_t\000"
 1927      6E743136 
 1927      5F7400
 1928              	.LASF73:
 1929 0175 72656472 		.ascii	"redraw_line\000"
 1929      61775F6C 
 1929      696E6500 
 1930              	.LASF54:
 1931 0181 77726974 		.ascii	"write_pulse_width_ns\000"
 1931      655F7075 
 1931      6C73655F 
 1931      77696474 
 1931      685F6E73 
 1932              	.LASF69:
 1933 0196 69735F72 		.ascii	"is_redraw_line_for_each_char\000"
 1933      65647261 
 1933      775F6C69 
 1933      6E655F66 
 1933      6F725F65 
 1934              	.LASF14:
 1935 01b3 75696E74 		.ascii	"uint8_t\000"
 1935      385F7400 
 1936              	.LASF44:
 1937 01bb 706F7374 		.ascii	"post_chip_enable_wait_ns\000"
 1937      5F636869 
 1937      705F656E 
 1937      61626C65 
ARM GAS  C:\Users\info\AppData\Local\Temp\ccwed3Wz.s 			page 38


 1937      5F776169 
 1938              	.LASF78:
 1939 01d4 75387838 		.ascii	"u8x8\000"
 1939      00
 1940              	.LASF79:
 1941 01d9 64697370 		.ascii	"disp_x\000"
 1941      5F7800
 1942              	.LASF66:
 1943 01e0 77696474 		.ascii	"width\000"
 1943      6800
 1944              	.LASF25:
 1945 01e6 6275735F 		.ascii	"bus_clock\000"
 1945      636C6F63 
 1945      6B00
 1946              	.LASF57:
 1947 01f0 64656661 		.ascii	"default_x_offset\000"
 1947      756C745F 
 1947      785F6F66 
 1947      66736574 
 1947      00
 1948              	.LASF39:
 1949 0201 75387838 		.ascii	"u8x8_display_info_t\000"
 1949      5F646973 
 1949      706C6179 
 1949      5F696E66 
 1949      6F5F7400 
 1950              	.LASF36:
 1951 0215 6465626F 		.ascii	"debounce_last_pin_state\000"
 1951      756E6365 
 1951      5F6C6173 
 1951      745F7069 
 1951      6E5F7374 
 1952              	.LASF10:
 1953 022d 6C6F6E67 		.ascii	"long long int\000"
 1953      206C6F6E 
 1953      6720696E 
 1953      7400
 1954              	.LASF34:
 1955 023b 6770696F 		.ascii	"gpio_result\000"
 1955      5F726573 
 1955      756C7400 
 1956              	.LASF49:
 1957 0247 73636B5F 		.ascii	"sck_pulse_width_ns\000"
 1957      70756C73 
 1957      655F7769 
 1957      6474685F 
 1957      6E7300
 1958              	.LASF7:
 1959 025a 6C6F6E67 		.ascii	"long int\000"
 1959      20696E74 
 1959      00
 1960              	.LASF1:
 1961 0263 5F5F7569 		.ascii	"__uint8_t\000"
 1961      6E74385F 
 1961      7400
 1962              	.LASF21:
 1963 026d 64697370 		.ascii	"display_cb\000"
ARM GAS  C:\Users\info\AppData\Local\Temp\ccwed3Wz.s 			page 39


 1963      6C61795F 
 1963      636200
 1964              	.LASF84:
 1965 0278 474E5520 		.ascii	"GNU C11 5.4.1 20160609 (release) [ARM/embedded-5-br"
 1965      43313120 
 1965      352E342E 
 1965      31203230 
 1965      31363036 
 1966 02ab 616E6368 		.ascii	"anch revision 237715] -mcpu=cortex-m3 -mthumb -g -O"
 1966      20726576 
 1966      6973696F 
 1966      6E203233 
 1966      37373135 
 1967 02de 33202D66 		.ascii	"3 -ffunction-sections -ffat-lto-objects\000"
 1967      66756E63 
 1967      74696F6E 
 1967      2D736563 
 1967      74696F6E 
 1968              	.LASF53:
 1969 0306 64617461 		.ascii	"data_setup_time_ns\000"
 1969      5F736574 
 1969      75705F74 
 1969      696D655F 
 1969      6E7300
 1970              	.LASF64:
 1971 0319 75386C6F 		.ascii	"u8log_struct\000"
 1971      675F7374 
 1971      72756374 
 1971      00
 1972              	.LASF17:
 1973 0326 6C6F6E67 		.ascii	"long double\000"
 1973      20646F75 
 1973      626C6500 
 1974              	.LASF80:
 1975 0332 64697370 		.ascii	"disp_y\000"
 1975      5F7900
 1976              	.LASF56:
 1977 0339 74696C65 		.ascii	"tile_height\000"
 1977      5F686569 
 1977      67687400 
 1978              	.LASF77:
 1979 0345 75386C6F 		.ascii	"u8log_cb\000"
 1979      675F6362 
 1979      00
 1980              	.LASF3:
 1981 034e 756E7369 		.ascii	"unsigned char\000"
 1981      676E6564 
 1981      20636861 
 1981      7200
 1982              	.LASF90:
 1983 035c 75387838 		.ascii	"u8x8_DrawGlyph\000"
 1983      5F447261 
 1983      77476C79 
 1983      706800
 1984              	.LASF2:
 1985 036b 7369676E 		.ascii	"signed char\000"
 1985      65642063 
ARM GAS  C:\Users\info\AppData\Local\Temp\ccwed3Wz.s 			page 40


 1985      68617200 
 1986              	.LASF11:
 1987 0377 6C6F6E67 		.ascii	"long long unsigned int\000"
 1987      206C6F6E 
 1987      6720756E 
 1987      7369676E 
 1987      65642069 
 1988              	.LASF16:
 1989 038e 75696E74 		.ascii	"uint32_t\000"
 1989      33325F74 
 1989      00
 1990              	.LASF67:
 1991 0397 68656967 		.ascii	"height\000"
 1991      687400
 1992              	.LASF12:
 1993 039e 756E7369 		.ascii	"unsigned int\000"
 1993      676E6564 
 1993      20696E74 
 1993      00
 1994              	.LASF15:
 1995 03ab 75696E74 		.ascii	"uint16_t\000"
 1995      31365F74 
 1995      00
 1996              	.LASF41:
 1997 03b4 75387838 		.ascii	"u8x8_display_info_struct\000"
 1997      5F646973 
 1997      706C6179 
 1997      5F696E66 
 1997      6F5F7374 
 1998              	.LASF46:
 1999 03cd 72657365 		.ascii	"reset_pulse_width_ms\000"
 1999      745F7075 
 1999      6C73655F 
 1999      77696474 
 1999      685F6D73 
 2000              	.LASF18:
 2001 03e2 75387838 		.ascii	"u8x8_t\000"
 2001      5F7400
 2002              	.LASF52:
 2003 03e9 6932635F 		.ascii	"i2c_bus_clock_100kHz\000"
 2003      6275735F 
 2003      636C6F63 
 2003      6B5F3130 
 2003      306B487A 
 2004              	.LASF50:
 2005 03fe 73636B5F 		.ascii	"sck_clock_hz\000"
 2005      636C6F63 
 2005      6B5F687A 
 2005      00
 2006              	.LASF6:
 2007 040b 73686F72 		.ascii	"short unsigned int\000"
 2007      7420756E 
 2007      7369676E 
 2007      65642069 
 2007      6E7400
 2008              	.LASF62:
 2009 041e 75387838 		.ascii	"u8x8_char_cb\000"
ARM GAS  C:\Users\info\AppData\Local\Temp\ccwed3Wz.s 			page 41


 2009      5F636861 
 2009      725F6362 
 2009      00
 2010              	.LASF0:
 2011 042b 5F5F696E 		.ascii	"__int8_t\000"
 2011      74385F74 
 2011      00
 2012              	.LASF82:
 2013 0434 75386C6F 		.ascii	"u8log\000"
 2013      6700
 2014              	.LASF37:
 2015 043a 6465626F 		.ascii	"debounce_state\000"
 2015      756E6365 
 2015      5F737461 
 2015      746500
 2016              	.LASF19:
 2017 0449 64697370 		.ascii	"display_info\000"
 2017      6C61795F 
 2017      696E666F 
 2017      00
 2018              	.LASF60:
 2019 0456 70697865 		.ascii	"pixel_height\000"
 2019      6C5F6865 
 2019      69676874 
 2019      00
 2020              	.LASF59:
 2021 0463 70697865 		.ascii	"pixel_width\000"
 2021      6C5F7769 
 2021      64746800 
 2022              	.LASF33:
 2023 046f 75746638 		.ascii	"utf8_state\000"
 2023      5F737461 
 2023      746500
 2024              	.LASF40:
 2025 047a 75387838 		.ascii	"u8x8_struct\000"
 2025      5F737472 
 2025      75637400 
 2026              	.LASF76:
 2027 0486 69735F72 		.ascii	"is_redraw_all_required_for_next_nl\000"
 2027      65647261 
 2027      775F616C 
 2027      6C5F7265 
 2027      71756972 
 2028              	.LASF9:
 2029 04a9 6C6F6E67 		.ascii	"long unsigned int\000"
 2029      20756E73 
 2029      69676E65 
 2029      6420696E 
 2029      7400
 2030              	.LASF75:
 2031 04bb 69735F72 		.ascii	"is_redraw_all\000"
 2031      65647261 
 2031      775F616C 
 2031      6C00
 2032              	.LASF83:
 2033 04c9 6275665F 		.ascii	"buf_x\000"
 2033      7800
ARM GAS  C:\Users\info\AppData\Local\Temp\ccwed3Wz.s 			page 42


 2034              	.LASF81:
 2035 04cf 6275665F 		.ascii	"buf_y\000"
 2035      7900
 2036              	.LASF23:
 2037 04d5 62797465 		.ascii	"byte_cb\000"
 2037      5F636200 
 2038              	.LASF43:
 2039 04dd 63686970 		.ascii	"chip_disable_level\000"
 2039      5F646973 
 2039      61626C65 
 2039      5F6C6576 
 2039      656C00
 2040              	.LASF74:
 2041 04f0 69735F72 		.ascii	"is_redraw_line\000"
 2041      65647261 
 2041      775F6C69 
 2041      6E6500
 2042              	.LASF30:
 2043 04ff 6932635F 		.ascii	"i2c_address\000"
 2043      61646472 
 2043      65737300 
 2044              	.LASF58:
 2045 050b 666C6970 		.ascii	"flipmode_x_offset\000"
 2045      6D6F6465 
 2045      5F785F6F 
 2045      66667365 
 2045      7400
 2046              	.LASF27:
 2047 051d 656E636F 		.ascii	"encoding\000"
 2047      64696E67 
 2047      00
 2048              	.LASF31:
 2049 0526 6932635F 		.ascii	"i2c_started\000"
 2049      73746172 
 2049      74656400 
 2050              	.LASF22:
 2051 0532 6361645F 		.ascii	"cad_cb\000"
 2051      636200
 2052              	.LASF85:
 2053 0539 2E2E5C75 		.ascii	"..\\u8g2-master\\csrc\\u8log_u8x8.c\000"
 2053      3867322D 
 2053      6D617374 
 2053      65725C63 
 2053      7372635C 
 2054              	.LASF32:
 2055 055a 64657669 		.ascii	"device_address\000"
 2055      63655F61 
 2055      64647265 
 2055      737300
 2056              	.LASF88:
 2057 0569 75387838 		.ascii	"u8x8_DrawLog\000"
 2057      5F447261 
 2057      774C6F67 
 2057      00
 2058              	.LASF35:
 2059 0576 6465626F 		.ascii	"debounce_default_pin_state\000"
 2059      756E6365 
ARM GAS  C:\Users\info\AppData\Local\Temp\ccwed3Wz.s 			page 43


 2059      5F646566 
 2059      61756C74 
 2059      5F70696E 
 2060              	.LASF61:
 2061 0591 75387838 		.ascii	"u8x8_msg_cb\000"
 2061      5F6D7367 
 2061      5F636200 
 2062              	.LASF70:
 2063 059d 6C696E65 		.ascii	"line_height_offset\000"
 2063      5F686569 
 2063      6768745F 
 2063      6F666673 
 2063      657400
 2064              	.LASF20:
 2065 05b0 6E657874 		.ascii	"next_cb\000"
 2065      5F636200 
 2066              	.LASF45:
 2067 05b8 7072655F 		.ascii	"pre_chip_disable_wait_ns\000"
 2067      63686970 
 2067      5F646973 
 2067      61626C65 
 2067      5F776169 
 2068              		.ident	"GCC: (GNU Tools for ARM Embedded Processors) 5.4.1 20160609 (release) [ARM/embedded-5-bran
