ARM GAS  C:\Users\info\AppData\Local\Temp\cc18SFEI.s 			page 1


   1              		.syntax unified
   2              		.cpu cortex-m3
   3              		.fpu softvfp
   4              		.eabi_attribute 20, 1
   5              		.eabi_attribute 21, 1
   6              		.eabi_attribute 23, 3
   7              		.eabi_attribute 24, 1
   8              		.eabi_attribute 25, 1
   9              		.eabi_attribute 26, 1
  10              		.eabi_attribute 30, 2
  11              		.eabi_attribute 34, 1
  12              		.eabi_attribute 18, 4
  13              		.thumb
  14              		.syntax unified
  15              		.file	"u8x8_setup.c"
  16              		.text
  17              	.Ltext0:
  18              		.cfi_sections	.debug_frame
  19              		.section	.text.u8x8_dummy_cb,"ax",%progbits
  20              		.align	2
  21              		.global	u8x8_dummy_cb
  22              		.thumb
  23              		.thumb_func
  24              		.type	u8x8_dummy_cb, %function
  25              	u8x8_dummy_cb:
  26              	.LFB0:
  27              		.file 1 "..\\u8g2-master\\csrc\\u8x8_setup.c"
   1:..\u8g2-master\csrc/u8x8_setup.c **** /*
   2:..\u8g2-master\csrc/u8x8_setup.c **** 
   3:..\u8g2-master\csrc/u8x8_setup.c ****   u8x8_setup.c
   4:..\u8g2-master\csrc/u8x8_setup.c **** 
   5:..\u8g2-master\csrc/u8x8_setup.c ****   Universal 8bit Graphics Library (https://github.com/olikraus/u8g2/)
   6:..\u8g2-master\csrc/u8x8_setup.c **** 
   7:..\u8g2-master\csrc/u8x8_setup.c ****   Copyright (c) 2016, olikraus@gmail.com
   8:..\u8g2-master\csrc/u8x8_setup.c ****   All rights reserved.
   9:..\u8g2-master\csrc/u8x8_setup.c **** 
  10:..\u8g2-master\csrc/u8x8_setup.c ****   Redistribution and use in source and binary forms, with or without modification, 
  11:..\u8g2-master\csrc/u8x8_setup.c ****   are permitted provided that the following conditions are met:
  12:..\u8g2-master\csrc/u8x8_setup.c **** 
  13:..\u8g2-master\csrc/u8x8_setup.c ****   * Redistributions of source code must retain the above copyright notice, this list 
  14:..\u8g2-master\csrc/u8x8_setup.c ****     of conditions and the following disclaimer.
  15:..\u8g2-master\csrc/u8x8_setup.c ****     
  16:..\u8g2-master\csrc/u8x8_setup.c ****   * Redistributions in binary form must reproduce the above copyright notice, this 
  17:..\u8g2-master\csrc/u8x8_setup.c ****     list of conditions and the following disclaimer in the documentation and/or other 
  18:..\u8g2-master\csrc/u8x8_setup.c ****     materials provided with the distribution.
  19:..\u8g2-master\csrc/u8x8_setup.c **** 
  20:..\u8g2-master\csrc/u8x8_setup.c ****   THIS SOFTWARE IS PROVIDED BY THE COPYRIGHT HOLDERS AND 
  21:..\u8g2-master\csrc/u8x8_setup.c ****   CONTRIBUTORS "AS IS" AND ANY EXPRESS OR IMPLIED WARRANTIES, 
  22:..\u8g2-master\csrc/u8x8_setup.c ****   INCLUDING, BUT NOT LIMITED TO, THE IMPLIED WARRANTIES OF 
  23:..\u8g2-master\csrc/u8x8_setup.c ****   MERCHANTABILITY AND FITNESS FOR A PARTICULAR PURPOSE ARE 
  24:..\u8g2-master\csrc/u8x8_setup.c ****   DISCLAIMED. IN NO EVENT SHALL THE COPYRIGHT HOLDER OR 
  25:..\u8g2-master\csrc/u8x8_setup.c ****   CONTRIBUTORS BE LIABLE FOR ANY DIRECT, INDIRECT, INCIDENTAL, 
  26:..\u8g2-master\csrc/u8x8_setup.c ****   SPECIAL, EXEMPLARY, OR CONSEQUENTIAL DAMAGES (INCLUDING, BUT 
  27:..\u8g2-master\csrc/u8x8_setup.c ****   NOT LIMITED TO, PROCUREMENT OF SUBSTITUTE GOODS OR SERVICES; 
  28:..\u8g2-master\csrc/u8x8_setup.c ****   LOSS OF USE, DATA, OR PROFITS; OR BUSINESS INTERRUPTION) HOWEVER 
  29:..\u8g2-master\csrc/u8x8_setup.c ****   CAUSED AND ON ANY THEORY OF LIABILITY, WHETHER IN CONTRACT, 
  30:..\u8g2-master\csrc/u8x8_setup.c ****   STRICT LIABILITY, OR TORT (INCLUDING NEGLIGENCE OR OTHERWISE) 
ARM GAS  C:\Users\info\AppData\Local\Temp\cc18SFEI.s 			page 2


  31:..\u8g2-master\csrc/u8x8_setup.c ****   ARISING IN ANY WAY OUT OF THE USE OF THIS SOFTWARE, EVEN IF 
  32:..\u8g2-master\csrc/u8x8_setup.c ****   ADVISED OF THE POSSIBILITY OF SUCH DAMAGE.  
  33:..\u8g2-master\csrc/u8x8_setup.c **** 
  34:..\u8g2-master\csrc/u8x8_setup.c **** */
  35:..\u8g2-master\csrc/u8x8_setup.c **** 
  36:..\u8g2-master\csrc/u8x8_setup.c **** 
  37:..\u8g2-master\csrc/u8x8_setup.c **** #include "u8x8.h"
  38:..\u8g2-master\csrc/u8x8_setup.c **** 
  39:..\u8g2-master\csrc/u8x8_setup.c **** /* universal dummy callback, which will be default for all callbacks */
  40:..\u8g2-master\csrc/u8x8_setup.c **** uint8_t u8x8_dummy_cb(U8X8_UNUSED u8x8_t *u8x8, U8X8_UNUSED uint8_t msg, U8X8_UNUSED uint8_t arg_in
  41:..\u8g2-master\csrc/u8x8_setup.c **** {
  28              		.loc 1 41 0
  29              		.cfi_startproc
  30              		@ args = 0, pretend = 0, frame = 0
  31              		@ frame_needed = 0, uses_anonymous_args = 0
  32              		@ link register save eliminated.
  33              	.LVL0:
  42:..\u8g2-master\csrc/u8x8_setup.c ****   /* the dummy callback will not handle any message and will fail for all messages */
  43:..\u8g2-master\csrc/u8x8_setup.c ****   return 0;
  44:..\u8g2-master\csrc/u8x8_setup.c **** }
  34              		.loc 1 44 0
  35 0000 0020     		movs	r0, #0
  36              	.LVL1:
  37 0002 7047     		bx	lr
  38              		.cfi_endproc
  39              	.LFE0:
  40              		.size	u8x8_dummy_cb, .-u8x8_dummy_cb
  41              		.section	.text.u8x8_d_null_cb,"ax",%progbits
  42              		.align	2
  43              		.global	u8x8_d_null_cb
  44              		.thumb
  45              		.thumb_func
  46              		.type	u8x8_d_null_cb, %function
  47              	u8x8_d_null_cb:
  48              	.LFB1:
  45:..\u8g2-master\csrc/u8x8_setup.c **** 
  46:..\u8g2-master\csrc/u8x8_setup.c **** 
  47:..\u8g2-master\csrc/u8x8_setup.c **** static const u8x8_display_info_t u8x8_null_display_info =
  48:..\u8g2-master\csrc/u8x8_setup.c **** {
  49:..\u8g2-master\csrc/u8x8_setup.c ****   /* chip_enable_level = */ 0,
  50:..\u8g2-master\csrc/u8x8_setup.c ****   /* chip_disable_level = */ 1,
  51:..\u8g2-master\csrc/u8x8_setup.c ****   
  52:..\u8g2-master\csrc/u8x8_setup.c ****   /* post_chip_enable_wait_ns = */ 0,
  53:..\u8g2-master\csrc/u8x8_setup.c ****   /* pre_chip_disable_wait_ns = */ 0,
  54:..\u8g2-master\csrc/u8x8_setup.c ****   /* reset_pulse_width_ms = */ 0, 
  55:..\u8g2-master\csrc/u8x8_setup.c ****   /* post_reset_wait_ms = */ 0, 
  56:..\u8g2-master\csrc/u8x8_setup.c ****   /* sda_setup_time_ns = */ 0,		
  57:..\u8g2-master\csrc/u8x8_setup.c ****   /* sck_pulse_width_ns = */ 0,	/* half of cycle time (100ns according to datasheet), AVR: below 70
  58:..\u8g2-master\csrc/u8x8_setup.c ****   /* sck_clock_hz = */ 4000000UL,	/* since Arduino 1.6.0, the SPI bus speed in Hz. Should be  10000
  59:..\u8g2-master\csrc/u8x8_setup.c ****   /* spi_mode = */ 0,		/* active high, rising edge */
  60:..\u8g2-master\csrc/u8x8_setup.c ****   /* i2c_bus_clock_100kHz = */ 4,
  61:..\u8g2-master\csrc/u8x8_setup.c ****   /* data_setup_time_ns = */ 0,
  62:..\u8g2-master\csrc/u8x8_setup.c ****   /* write_pulse_width_ns = */ 0,
  63:..\u8g2-master\csrc/u8x8_setup.c ****   /* tile_width = */ 1,		/* 8x8 */
  64:..\u8g2-master\csrc/u8x8_setup.c ****   /* tile_hight = */ 1,
  65:..\u8g2-master\csrc/u8x8_setup.c ****   /* default_x_offset = */ 0,
  66:..\u8g2-master\csrc/u8x8_setup.c ****   /* flipmode_x_offset = */ 0,
ARM GAS  C:\Users\info\AppData\Local\Temp\cc18SFEI.s 			page 3


  67:..\u8g2-master\csrc/u8x8_setup.c ****   /* pixel_width = */ 8,
  68:..\u8g2-master\csrc/u8x8_setup.c ****   /* pixel_height = */ 8
  69:..\u8g2-master\csrc/u8x8_setup.c **** };
  70:..\u8g2-master\csrc/u8x8_setup.c **** 
  71:..\u8g2-master\csrc/u8x8_setup.c **** 
  72:..\u8g2-master\csrc/u8x8_setup.c **** /* a special null device */
  73:..\u8g2-master\csrc/u8x8_setup.c **** uint8_t u8x8_d_null_cb(u8x8_t *u8x8, uint8_t msg, U8X8_UNUSED uint8_t arg_int, U8X8_UNUSED void *ar
  74:..\u8g2-master\csrc/u8x8_setup.c **** {
  49              		.loc 1 74 0
  50              		.cfi_startproc
  51              		@ args = 0, pretend = 0, frame = 0
  52              		@ frame_needed = 0, uses_anonymous_args = 0
  53              	.LVL2:
  75:..\u8g2-master\csrc/u8x8_setup.c ****   switch(msg)
  54              		.loc 1 75 0
  55 0000 0929     		cmp	r1, #9
  74:..\u8g2-master\csrc/u8x8_setup.c ****   switch(msg)
  56              		.loc 1 74 0
  57 0002 08B5     		push	{r3, lr}
  58              		.cfi_def_cfa_offset 8
  59              		.cfi_offset 3, -8
  60              		.cfi_offset 14, -4
  61              		.loc 1 75 0
  62 0004 05D0     		beq	.L4
  63 0006 0A29     		cmp	r1, #10
  64 0008 01D1     		bne	.L3
  76:..\u8g2-master\csrc/u8x8_setup.c ****   {
  77:..\u8g2-master\csrc/u8x8_setup.c ****     case U8X8_MSG_DISPLAY_SETUP_MEMORY:
  78:..\u8g2-master\csrc/u8x8_setup.c ****       u8x8_d_helper_display_setup_memory(u8x8, &u8x8_null_display_info);
  79:..\u8g2-master\csrc/u8x8_setup.c ****       break;
  80:..\u8g2-master\csrc/u8x8_setup.c ****     case U8X8_MSG_DISPLAY_INIT:
  81:..\u8g2-master\csrc/u8x8_setup.c ****       u8x8_d_helper_display_init(u8x8);
  65              		.loc 1 81 0
  66 000a FFF7FEFF 		bl	u8x8_d_helper_display_init
  67              	.LVL3:
  68              	.L3:
  82:..\u8g2-master\csrc/u8x8_setup.c ****       break;
  83:..\u8g2-master\csrc/u8x8_setup.c ****   }
  84:..\u8g2-master\csrc/u8x8_setup.c ****   /* the null device callback will succeed for all messages */
  85:..\u8g2-master\csrc/u8x8_setup.c ****   return 1;
  86:..\u8g2-master\csrc/u8x8_setup.c **** }
  69              		.loc 1 86 0
  70 000e 0120     		movs	r0, #1
  71 0010 08BD     		pop	{r3, pc}
  72              	.LVL4:
  73              	.L4:
  78:..\u8g2-master\csrc/u8x8_setup.c ****       break;
  74              		.loc 1 78 0
  75 0012 0249     		ldr	r1, .L8
  76              	.LVL5:
  77 0014 FFF7FEFF 		bl	u8x8_d_helper_display_setup_memory
  78              	.LVL6:
  79              		.loc 1 86 0
  80 0018 0120     		movs	r0, #1
  81 001a 08BD     		pop	{r3, pc}
  82              	.L9:
  83              		.align	2
ARM GAS  C:\Users\info\AppData\Local\Temp\cc18SFEI.s 			page 4


  84              	.L8:
  85 001c 00000000 		.word	.LANCHOR0
  86              		.cfi_endproc
  87              	.LFE1:
  88              		.size	u8x8_d_null_cb, .-u8x8_d_null_cb
  89              		.section	.text.u8x8_SetupDefaults,"ax",%progbits
  90              		.align	2
  91              		.global	u8x8_SetupDefaults
  92              		.thumb
  93              		.thumb_func
  94              		.type	u8x8_SetupDefaults, %function
  95              	u8x8_SetupDefaults:
  96              	.LFB2:
  87:..\u8g2-master\csrc/u8x8_setup.c **** 
  88:..\u8g2-master\csrc/u8x8_setup.c **** 
  89:..\u8g2-master\csrc/u8x8_setup.c **** /*
  90:..\u8g2-master\csrc/u8x8_setup.c ****   Description:
  91:..\u8g2-master\csrc/u8x8_setup.c ****     Setup u8x8
  92:..\u8g2-master\csrc/u8x8_setup.c ****   Args:
  93:..\u8g2-master\csrc/u8x8_setup.c ****     u8x8	An empty u8x8 structure
  94:..\u8g2-master\csrc/u8x8_setup.c **** */
  95:..\u8g2-master\csrc/u8x8_setup.c **** void u8x8_SetupDefaults(u8x8_t *u8x8)
  96:..\u8g2-master\csrc/u8x8_setup.c **** {
  97              		.loc 1 96 0
  98              		.cfi_startproc
  99              		@ args = 0, pretend = 0, frame = 0
 100              		@ frame_needed = 0, uses_anonymous_args = 0
 101              		@ link register save eliminated.
 102              	.LVL7:
  97:..\u8g2-master\csrc/u8x8_setup.c ****     u8x8->display_info = NULL;
  98:..\u8g2-master\csrc/u8x8_setup.c ****     u8x8->display_cb = u8x8_dummy_cb;
 103              		.loc 1 98 0
 104 0000 094A     		ldr	r2, .L11
  97:..\u8g2-master\csrc/u8x8_setup.c ****     u8x8->display_info = NULL;
 105              		.loc 1 97 0
 106 0002 0023     		movs	r3, #0
  99:..\u8g2-master\csrc/u8x8_setup.c ****     u8x8->cad_cb = u8x8_dummy_cb;
 100:..\u8g2-master\csrc/u8x8_setup.c ****     u8x8->byte_cb = u8x8_dummy_cb;
 101:..\u8g2-master\csrc/u8x8_setup.c ****     u8x8->gpio_and_delay_cb = u8x8_dummy_cb;
 102:..\u8g2-master\csrc/u8x8_setup.c ****     u8x8->is_font_inverse_mode = 0;
 103:..\u8g2-master\csrc/u8x8_setup.c ****     u8x8->device_address = 0;
 104:..\u8g2-master\csrc/u8x8_setup.c ****     u8x8->utf8_state = 0;		/* also reset by u8x8_utf8_init */
 105:..\u8g2-master\csrc/u8x8_setup.c ****     u8x8->bus_clock = 0;		/* issue 769 */
 106:..\u8g2-master\csrc/u8x8_setup.c ****     u8x8->i2c_address = 255;
 107              		.loc 1 106 0
 108 0004 FF21     		movs	r1, #255
  97:..\u8g2-master\csrc/u8x8_setup.c ****     u8x8->display_info = NULL;
 109              		.loc 1 97 0
 110 0006 0360     		str	r3, [r0]
 102:..\u8g2-master\csrc/u8x8_setup.c ****     u8x8->device_address = 0;
 111              		.loc 1 102 0
 112 0008 80F82330 		strb	r3, [r0, #35]
 103:..\u8g2-master\csrc/u8x8_setup.c ****     u8x8->utf8_state = 0;		/* also reset by u8x8_utf8_init */
 113              		.loc 1 103 0
 114 000c 80F82630 		strb	r3, [r0, #38]
 104:..\u8g2-master\csrc/u8x8_setup.c ****     u8x8->bus_clock = 0;		/* issue 769 */
 115              		.loc 1 104 0
ARM GAS  C:\Users\info\AppData\Local\Temp\cc18SFEI.s 			page 5


 116 0010 80F82730 		strb	r3, [r0, #39]
 105:..\u8g2-master\csrc/u8x8_setup.c ****     u8x8->i2c_address = 255;
 117              		.loc 1 105 0
 118 0014 8361     		str	r3, [r0, #24]
  98:..\u8g2-master\csrc/u8x8_setup.c ****     u8x8->cad_cb = u8x8_dummy_cb;
 119              		.loc 1 98 0
 120 0016 8260     		str	r2, [r0, #8]
  99:..\u8g2-master\csrc/u8x8_setup.c ****     u8x8->byte_cb = u8x8_dummy_cb;
 121              		.loc 1 99 0
 122 0018 C260     		str	r2, [r0, #12]
 100:..\u8g2-master\csrc/u8x8_setup.c ****     u8x8->gpio_and_delay_cb = u8x8_dummy_cb;
 123              		.loc 1 100 0
 124 001a 0261     		str	r2, [r0, #16]
 101:..\u8g2-master\csrc/u8x8_setup.c ****     u8x8->is_font_inverse_mode = 0;
 125              		.loc 1 101 0
 126 001c 4261     		str	r2, [r0, #20]
 127              		.loc 1 106 0
 128 001e 80F82410 		strb	r1, [r0, #36]
 107:..\u8g2-master\csrc/u8x8_setup.c ****     u8x8->debounce_default_pin_state = 255;	/* assume all low active buttons */
 129              		.loc 1 107 0
 130 0022 80F82910 		strb	r1, [r0, #41]
 131 0026 7047     		bx	lr
 132              	.L12:
 133              		.align	2
 134              	.L11:
 135 0028 00000000 		.word	u8x8_dummy_cb
 136              		.cfi_endproc
 137              	.LFE2:
 138              		.size	u8x8_SetupDefaults, .-u8x8_SetupDefaults
 139              		.section	.text.u8x8_Setup,"ax",%progbits
 140              		.align	2
 141              		.global	u8x8_Setup
 142              		.thumb
 143              		.thumb_func
 144              		.type	u8x8_Setup, %function
 145              	u8x8_Setup:
 146              	.LFB3:
 108:..\u8g2-master\csrc/u8x8_setup.c ****   
 109:..\u8g2-master\csrc/u8x8_setup.c **** #ifdef U8X8_USE_PINS 
 110:..\u8g2-master\csrc/u8x8_setup.c ****   {
 111:..\u8g2-master\csrc/u8x8_setup.c ****     uint8_t i;
 112:..\u8g2-master\csrc/u8x8_setup.c ****     for( i = 0; i < U8X8_PIN_CNT; i++ )
 113:..\u8g2-master\csrc/u8x8_setup.c ****       u8x8->pins[i] = U8X8_PIN_NONE;
 114:..\u8g2-master\csrc/u8x8_setup.c ****   }
 115:..\u8g2-master\csrc/u8x8_setup.c **** #endif
 116:..\u8g2-master\csrc/u8x8_setup.c **** }
 117:..\u8g2-master\csrc/u8x8_setup.c **** 
 118:..\u8g2-master\csrc/u8x8_setup.c **** 
 119:..\u8g2-master\csrc/u8x8_setup.c **** /*
 120:..\u8g2-master\csrc/u8x8_setup.c ****   Description:
 121:..\u8g2-master\csrc/u8x8_setup.c ****     Setup u8x8 and assign the callback function. The dummy 
 122:..\u8g2-master\csrc/u8x8_setup.c ****     callback "u8x8_dummy_cb" can be used, if no callback is required.
 123:..\u8g2-master\csrc/u8x8_setup.c ****     This setup will not communicate with the display itself.
 124:..\u8g2-master\csrc/u8x8_setup.c ****     Use u8x8_InitDisplay() to send the startup code to the Display.
 125:..\u8g2-master\csrc/u8x8_setup.c ****   Args:
 126:..\u8g2-master\csrc/u8x8_setup.c ****     u8x8				An empty u8x8 structure
 127:..\u8g2-master\csrc/u8x8_setup.c ****     display_cb			Display/controller specific callback function
ARM GAS  C:\Users\info\AppData\Local\Temp\cc18SFEI.s 			page 6


 128:..\u8g2-master\csrc/u8x8_setup.c ****     cad_cb				Display controller specific communication callback function
 129:..\u8g2-master\csrc/u8x8_setup.c ****     byte_cb			Display controller/communication specific callback funtion
 130:..\u8g2-master\csrc/u8x8_setup.c ****     gpio_and_delay_cb	Environment specific callback function
 131:..\u8g2-master\csrc/u8x8_setup.c **** 
 132:..\u8g2-master\csrc/u8x8_setup.c **** */
 133:..\u8g2-master\csrc/u8x8_setup.c **** void u8x8_Setup(u8x8_t *u8x8, u8x8_msg_cb display_cb, u8x8_msg_cb cad_cb, u8x8_msg_cb byte_cb, u8x8
 134:..\u8g2-master\csrc/u8x8_setup.c **** {
 147              		.loc 1 134 0
 148              		.cfi_startproc
 149              		@ args = 4, pretend = 0, frame = 0
 150              		@ frame_needed = 0, uses_anonymous_args = 0
 151              		@ link register save eliminated.
 152              	.LVL8:
 153 0000 F0B4     		push	{r4, r5, r6, r7}
 154              		.cfi_def_cfa_offset 16
 155              		.cfi_offset 4, -16
 156              		.cfi_offset 5, -12
 157              		.cfi_offset 6, -8
 158              		.cfi_offset 7, -4
 159              		.loc 1 134 0
 160 0002 049F     		ldr	r7, [sp, #16]
 161              	.LBB4:
 162              	.LBB5:
  97:..\u8g2-master\csrc/u8x8_setup.c ****     u8x8->display_cb = u8x8_dummy_cb;
 163              		.loc 1 97 0
 164 0004 0025     		movs	r5, #0
 106:..\u8g2-master\csrc/u8x8_setup.c ****     u8x8->debounce_default_pin_state = 255;	/* assume all low active buttons */
 165              		.loc 1 106 0
 166 0006 FF26     		movs	r6, #255
 167              	.LBE5:
 168              	.LBE4:
 135:..\u8g2-master\csrc/u8x8_setup.c ****   /* setup defaults and reset pins to U8X8_PIN_NONE */
 136:..\u8g2-master\csrc/u8x8_setup.c ****   u8x8_SetupDefaults(u8x8);
 137:..\u8g2-master\csrc/u8x8_setup.c **** 
 138:..\u8g2-master\csrc/u8x8_setup.c ****   /* setup specific callbacks */
 139:..\u8g2-master\csrc/u8x8_setup.c ****   u8x8->display_cb = display_cb;
 140:..\u8g2-master\csrc/u8x8_setup.c ****   u8x8->cad_cb = cad_cb;
 141:..\u8g2-master\csrc/u8x8_setup.c ****   u8x8->byte_cb = byte_cb;
 142:..\u8g2-master\csrc/u8x8_setup.c ****   u8x8->gpio_and_delay_cb = gpio_and_delay_cb;
 169              		.loc 1 142 0
 170 0008 4761     		str	r7, [r0, #20]
 171              	.LBB7:
 172              	.LBB6:
  97:..\u8g2-master\csrc/u8x8_setup.c ****     u8x8->display_cb = u8x8_dummy_cb;
 173              		.loc 1 97 0
 174 000a 0560     		str	r5, [r0]
 102:..\u8g2-master\csrc/u8x8_setup.c ****     u8x8->device_address = 0;
 175              		.loc 1 102 0
 176 000c 80F82350 		strb	r5, [r0, #35]
 103:..\u8g2-master\csrc/u8x8_setup.c ****     u8x8->utf8_state = 0;		/* also reset by u8x8_utf8_init */
 177              		.loc 1 103 0
 178 0010 80F82650 		strb	r5, [r0, #38]
 104:..\u8g2-master\csrc/u8x8_setup.c ****     u8x8->bus_clock = 0;		/* issue 769 */
 179              		.loc 1 104 0
 180 0014 80F82750 		strb	r5, [r0, #39]
 105:..\u8g2-master\csrc/u8x8_setup.c ****     u8x8->i2c_address = 255;
 181              		.loc 1 105 0
ARM GAS  C:\Users\info\AppData\Local\Temp\cc18SFEI.s 			page 7


 182 0018 8561     		str	r5, [r0, #24]
 106:..\u8g2-master\csrc/u8x8_setup.c ****     u8x8->debounce_default_pin_state = 255;	/* assume all low active buttons */
 183              		.loc 1 106 0
 184 001a 80F82460 		strb	r6, [r0, #36]
 107:..\u8g2-master\csrc/u8x8_setup.c ****   
 185              		.loc 1 107 0
 186 001e 80F82960 		strb	r6, [r0, #41]
 187              	.LVL9:
 188              	.LBE6:
 189              	.LBE7:
 139:..\u8g2-master\csrc/u8x8_setup.c ****   u8x8->cad_cb = cad_cb;
 190              		.loc 1 139 0
 191 0022 8160     		str	r1, [r0, #8]
 140:..\u8g2-master\csrc/u8x8_setup.c ****   u8x8->byte_cb = byte_cb;
 192              		.loc 1 140 0
 193 0024 C260     		str	r2, [r0, #12]
 141:..\u8g2-master\csrc/u8x8_setup.c ****   u8x8->gpio_and_delay_cb = gpio_and_delay_cb;
 194              		.loc 1 141 0
 195 0026 0361     		str	r3, [r0, #16]
 143:..\u8g2-master\csrc/u8x8_setup.c **** 
 144:..\u8g2-master\csrc/u8x8_setup.c ****   /* setup display info */
 145:..\u8g2-master\csrc/u8x8_setup.c ****   u8x8_SetupMemory(u8x8);
 146:..\u8g2-master\csrc/u8x8_setup.c **** }
 196              		.loc 1 146 0
 197 0028 F0BC     		pop	{r4, r5, r6, r7}
 198              		.cfi_restore 7
 199              		.cfi_restore 6
 200              		.cfi_restore 5
 201              		.cfi_restore 4
 202              		.cfi_def_cfa_offset 0
 203              	.LVL10:
 145:..\u8g2-master\csrc/u8x8_setup.c **** }
 204              		.loc 1 145 0
 205 002a FFF7FEBF 		b	u8x8_SetupMemory
 206              	.LVL11:
 207              		.cfi_endproc
 208              	.LFE3:
 209              		.size	u8x8_Setup, .-u8x8_Setup
 210 002e 00BF     		.section	.rodata
 211              		.align	2
 212              		.set	.LANCHOR0,. + 0
 213              		.type	u8x8_null_display_info, %object
 214              		.size	u8x8_null_display_info, 24
 215              	u8x8_null_display_info:
 216 0000 00       		.byte	0
 217 0001 01       		.byte	1
 218 0002 00       		.byte	0
 219 0003 00       		.byte	0
 220 0004 00       		.byte	0
 221 0005 00       		.byte	0
 222 0006 00       		.byte	0
 223 0007 00       		.byte	0
 224 0008 00093D00 		.word	4000000
 225 000c 00       		.byte	0
 226 000d 04       		.byte	4
 227 000e 00       		.byte	0
 228 000f 00       		.byte	0
ARM GAS  C:\Users\info\AppData\Local\Temp\cc18SFEI.s 			page 8


 229 0010 01       		.byte	1
 230 0011 01       		.byte	1
 231 0012 00       		.byte	0
 232 0013 00       		.byte	0
 233 0014 0800     		.short	8
 234 0016 0800     		.short	8
 235              		.text
 236              	.Letext0:
 237              		.file 2 "c:\\program files (x86)\\cypress\\psoc creator\\4.2\\psoc creator\\import\\gnu\\arm\\5.4.
 238              		.file 3 "c:\\program files (x86)\\cypress\\psoc creator\\4.2\\psoc creator\\import\\gnu\\arm\\5.4.
 239              		.file 4 "..\\u8g2-master\\csrc\\u8x8.h"
 240              		.section	.debug_info,"",%progbits
 241              	.Ldebug_info0:
 242 0000 0A050000 		.4byte	0x50a
 243 0004 0400     		.2byte	0x4
 244 0006 00000000 		.4byte	.Ldebug_abbrev0
 245 000a 04       		.byte	0x4
 246 000b 01       		.uleb128 0x1
 247 000c 5B020000 		.4byte	.LASF69
 248 0010 0C       		.byte	0xc
 249 0011 6D010000 		.4byte	.LASF70
 250 0015 C2000000 		.4byte	.LASF71
 251 0019 18000000 		.4byte	.Ldebug_ranges0+0x18
 252 001d 00000000 		.4byte	0
 253 0021 00000000 		.4byte	.Ldebug_line0
 254 0025 02       		.uleb128 0x2
 255 0026 01       		.byte	0x1
 256 0027 06       		.byte	0x6
 257 0028 22030000 		.4byte	.LASF0
 258 002c 03       		.uleb128 0x3
 259 002d 46020000 		.4byte	.LASF3
 260 0031 02       		.byte	0x2
 261 0032 1D       		.byte	0x1d
 262 0033 37000000 		.4byte	0x37
 263 0037 02       		.uleb128 0x2
 264 0038 01       		.byte	0x1
 265 0039 08       		.byte	0x8
 266 003a 14030000 		.4byte	.LASF1
 267 003e 02       		.uleb128 0x2
 268 003f 02       		.byte	0x2
 269 0040 05       		.byte	0x5
 270 0041 6B000000 		.4byte	.LASF2
 271 0045 03       		.uleb128 0x3
 272 0046 2C010000 		.4byte	.LASF4
 273 004a 02       		.byte	0x2
 274 004b 2B       		.byte	0x2b
 275 004c 50000000 		.4byte	0x50
 276 0050 02       		.uleb128 0x2
 277 0051 02       		.byte	0x2
 278 0052 07       		.byte	0x7
 279 0053 BB030000 		.4byte	.LASF5
 280 0057 02       		.uleb128 0x2
 281 0058 04       		.byte	0x4
 282 0059 05       		.byte	0x5
 283 005a 3D020000 		.4byte	.LASF6
 284 005e 03       		.uleb128 0x3
 285 005f B7000000 		.4byte	.LASF7
ARM GAS  C:\Users\info\AppData\Local\Temp\cc18SFEI.s 			page 9


 286 0063 02       		.byte	0x2
 287 0064 41       		.byte	0x41
 288 0065 69000000 		.4byte	0x69
 289 0069 02       		.uleb128 0x2
 290 006a 04       		.byte	0x4
 291 006b 07       		.byte	0x7
 292 006c 5B040000 		.4byte	.LASF8
 293 0070 02       		.uleb128 0x2
 294 0071 08       		.byte	0x8
 295 0072 05       		.byte	0x5
 296 0073 F5010000 		.4byte	.LASF9
 297 0077 02       		.uleb128 0x2
 298 0078 08       		.byte	0x8
 299 0079 07       		.byte	0x7
 300 007a 2E030000 		.4byte	.LASF10
 301 007e 04       		.uleb128 0x4
 302 007f 04       		.byte	0x4
 303 0080 05       		.byte	0x5
 304 0081 696E7400 		.ascii	"int\000"
 305 0085 02       		.uleb128 0x2
 306 0086 04       		.byte	0x4
 307 0087 07       		.byte	0x7
 308 0088 4E030000 		.4byte	.LASF11
 309 008c 03       		.uleb128 0x3
 310 008d 4C010000 		.4byte	.LASF12
 311 0091 03       		.byte	0x3
 312 0092 18       		.byte	0x18
 313 0093 2C000000 		.4byte	0x2c
 314 0097 03       		.uleb128 0x3
 315 0098 5B030000 		.4byte	.LASF13
 316 009c 03       		.byte	0x3
 317 009d 24       		.byte	0x24
 318 009e 45000000 		.4byte	0x45
 319 00a2 03       		.uleb128 0x3
 320 00a3 45030000 		.4byte	.LASF14
 321 00a7 03       		.byte	0x3
 322 00a8 30       		.byte	0x30
 323 00a9 5E000000 		.4byte	0x5e
 324 00ad 05       		.uleb128 0x5
 325 00ae 04       		.byte	0x4
 326 00af 02       		.uleb128 0x2
 327 00b0 08       		.byte	0x8
 328 00b1 04       		.byte	0x4
 329 00b2 FC020000 		.4byte	.LASF15
 330 00b6 03       		.uleb128 0x3
 331 00b7 92030000 		.4byte	.LASF16
 332 00bb 04       		.byte	0x4
 333 00bc C3       		.byte	0xc3
 334 00bd C1000000 		.4byte	0xc1
 335 00c1 06       		.uleb128 0x6
 336 00c2 4F040000 		.4byte	.LASF38
 337 00c6 30       		.byte	0x30
 338 00c7 04       		.byte	0x4
 339 00c8 4601     		.2byte	0x146
 340 00ca D3010000 		.4byte	0x1d3
 341 00ce 07       		.uleb128 0x7
 342 00cf 01040000 		.4byte	.LASF17
ARM GAS  C:\Users\info\AppData\Local\Temp\cc18SFEI.s 			page 10


 343 00d3 04       		.byte	0x4
 344 00d4 4801     		.2byte	0x148
 345 00d6 32030000 		.4byte	0x332
 346 00da 00       		.byte	0
 347 00db 07       		.uleb128 0x7
 348 00dc 26050000 		.4byte	.LASF18
 349 00e0 04       		.byte	0x4
 350 00e1 4901     		.2byte	0x149
 351 00e3 0D030000 		.4byte	0x30d
 352 00e7 04       		.byte	0x4
 353 00e8 07       		.uleb128 0x7
 354 00e9 50020000 		.4byte	.LASF19
 355 00ed 04       		.byte	0x4
 356 00ee 4A01     		.2byte	0x14a
 357 00f0 D8020000 		.4byte	0x2d8
 358 00f4 08       		.byte	0x8
 359 00f5 07       		.uleb128 0x7
 360 00f6 E9040000 		.4byte	.LASF20
 361 00fa 04       		.byte	0x4
 362 00fb 4B01     		.2byte	0x14b
 363 00fd D8020000 		.4byte	0x2d8
 364 0101 0C       		.byte	0xc
 365 0102 07       		.uleb128 0x7
 366 0103 78040000 		.4byte	.LASF21
 367 0107 04       		.byte	0x4
 368 0108 4C01     		.2byte	0x14c
 369 010a D8020000 		.4byte	0x2d8
 370 010e 10       		.byte	0x10
 371 010f 07       		.uleb128 0x7
 372 0110 75000000 		.4byte	.LASF22
 373 0114 04       		.byte	0x4
 374 0115 4D01     		.2byte	0x14d
 375 0117 D8020000 		.4byte	0x2d8
 376 011b 14       		.byte	0x14
 377 011c 07       		.uleb128 0x7
 378 011d AE010000 		.4byte	.LASF23
 379 0121 04       		.byte	0x4
 380 0122 4E01     		.2byte	0x14e
 381 0124 A2000000 		.4byte	0xa2
 382 0128 18       		.byte	0x18
 383 0129 07       		.uleb128 0x7
 384 012a 52000000 		.4byte	.LASF24
 385 012e 04       		.byte	0x4
 386 012f 4F01     		.2byte	0x14f
 387 0131 3D030000 		.4byte	0x33d
 388 0135 1C       		.byte	0x1c
 389 0136 07       		.uleb128 0x7
 390 0137 B1040000 		.4byte	.LASF25
 391 013b 04       		.byte	0x4
 392 013c 5001     		.2byte	0x150
 393 013e 97000000 		.4byte	0x97
 394 0142 20       		.byte	0x20
 395 0143 07       		.uleb128 0x7
 396 0144 00000000 		.4byte	.LASF26
 397 0148 04       		.byte	0x4
 398 0149 5101     		.2byte	0x151
 399 014b 8C000000 		.4byte	0x8c
ARM GAS  C:\Users\info\AppData\Local\Temp\cc18SFEI.s 			page 11


 400 014f 22       		.byte	0x22
 401 0150 07       		.uleb128 0x7
 402 0151 09000000 		.4byte	.LASF27
 403 0155 04       		.byte	0x4
 404 0156 5201     		.2byte	0x152
 405 0158 8C000000 		.4byte	0x8c
 406 015c 23       		.byte	0x23
 407 015d 07       		.uleb128 0x7
 408 015e 93040000 		.4byte	.LASF28
 409 0162 04       		.byte	0x4
 410 0163 5301     		.2byte	0x153
 411 0165 8C000000 		.4byte	0x8c
 412 0169 24       		.byte	0x24
 413 016a 07       		.uleb128 0x7
 414 016b BA040000 		.4byte	.LASF29
 415 016f 04       		.byte	0x4
 416 0170 5601     		.2byte	0x156
 417 0172 8C000000 		.4byte	0x8c
 418 0176 25       		.byte	0x25
 419 0177 07       		.uleb128 0x7
 420 0178 F0040000 		.4byte	.LASF30
 421 017c 04       		.byte	0x4
 422 017d 5701     		.2byte	0x157
 423 017f 8C000000 		.4byte	0x8c
 424 0183 26       		.byte	0x26
 425 0184 07       		.uleb128 0x7
 426 0185 44040000 		.4byte	.LASF31
 427 0189 04       		.byte	0x4
 428 018a 5801     		.2byte	0x158
 429 018c 8C000000 		.4byte	0x8c
 430 0190 27       		.byte	0x27
 431 0191 07       		.uleb128 0x7
 432 0192 03020000 		.4byte	.LASF32
 433 0196 04       		.byte	0x4
 434 0197 5901     		.2byte	0x159
 435 0199 8C000000 		.4byte	0x8c
 436 019d 28       		.byte	0x28
 437 019e 07       		.uleb128 0x7
 438 019f FF040000 		.4byte	.LASF33
 439 01a3 04       		.byte	0x4
 440 01a4 5A01     		.2byte	0x15a
 441 01a6 8C000000 		.4byte	0x8c
 442 01aa 29       		.byte	0x29
 443 01ab 07       		.uleb128 0x7
 444 01ac DD010000 		.4byte	.LASF34
 445 01b0 04       		.byte	0x4
 446 01b1 5B01     		.2byte	0x15b
 447 01b3 8C000000 		.4byte	0x8c
 448 01b7 2A       		.byte	0x2a
 449 01b8 07       		.uleb128 0x7
 450 01b9 DB030000 		.4byte	.LASF35
 451 01bd 04       		.byte	0x4
 452 01be 5C01     		.2byte	0x15c
 453 01c0 8C000000 		.4byte	0x8c
 454 01c4 2B       		.byte	0x2b
 455 01c5 07       		.uleb128 0x7
 456 01c6 57000000 		.4byte	.LASF36
ARM GAS  C:\Users\info\AppData\Local\Temp\cc18SFEI.s 			page 12


 457 01ca 04       		.byte	0x4
 458 01cb 5D01     		.2byte	0x15d
 459 01cd 8C000000 		.4byte	0x8c
 460 01d1 2C       		.byte	0x2c
 461 01d2 00       		.byte	0
 462 01d3 03       		.uleb128 0x3
 463 01d4 C9010000 		.4byte	.LASF37
 464 01d8 04       		.byte	0x4
 465 01d9 C4       		.byte	0xc4
 466 01da DE010000 		.4byte	0x1de
 467 01de 08       		.uleb128 0x8
 468 01df 64030000 		.4byte	.LASF39
 469 01e3 18       		.byte	0x18
 470 01e4 04       		.byte	0x4
 471 01e5 DD       		.byte	0xdd
 472 01e6 D8020000 		.4byte	0x2d8
 473 01ea 09       		.uleb128 0x9
 474 01eb 40000000 		.4byte	.LASF40
 475 01ef 04       		.byte	0x4
 476 01f0 E1       		.byte	0xe1
 477 01f1 8C000000 		.4byte	0x8c
 478 01f5 00       		.byte	0
 479 01f6 09       		.uleb128 0x9
 480 01f7 80040000 		.4byte	.LASF41
 481 01fb 04       		.byte	0x4
 482 01fc E2       		.byte	0xe2
 483 01fd 8C000000 		.4byte	0x8c
 484 0201 01       		.byte	0x1
 485 0202 09       		.uleb128 0x9
 486 0203 54010000 		.4byte	.LASF42
 487 0207 04       		.byte	0x4
 488 0208 E4       		.byte	0xe4
 489 0209 8C000000 		.4byte	0x8c
 490 020d 02       		.byte	0x2
 491 020e 09       		.uleb128 0x9
 492 020f 2E050000 		.4byte	.LASF43
 493 0213 04       		.byte	0x4
 494 0214 E5       		.byte	0xe5
 495 0215 8C000000 		.4byte	0x8c
 496 0219 03       		.byte	0x3
 497 021a 09       		.uleb128 0x9
 498 021b 7D030000 		.4byte	.LASF44
 499 021f 04       		.byte	0x4
 500 0220 E6       		.byte	0xe6
 501 0221 8C000000 		.4byte	0x8c
 502 0225 04       		.byte	0x4
 503 0226 09       		.uleb128 0x9
 504 0227 A4000000 		.4byte	.LASF45
 505 022b 04       		.byte	0x4
 506 022c E7       		.byte	0xe7
 507 022d 8C000000 		.4byte	0x8c
 508 0231 05       		.byte	0x5
 509 0232 09       		.uleb128 0x9
 510 0233 92000000 		.4byte	.LASF46
 511 0237 04       		.byte	0x4
 512 0238 EE       		.byte	0xee
 513 0239 8C000000 		.4byte	0x8c
ARM GAS  C:\Users\info\AppData\Local\Temp\cc18SFEI.s 			page 13


 514 023d 06       		.byte	0x6
 515 023e 09       		.uleb128 0x9
 516 023f 0F020000 		.4byte	.LASF47
 517 0243 04       		.byte	0x4
 518 0244 F2       		.byte	0xf2
 519 0245 8C000000 		.4byte	0x8c
 520 0249 07       		.byte	0x7
 521 024a 09       		.uleb128 0x9
 522 024b AE030000 		.4byte	.LASF48
 523 024f 04       		.byte	0x4
 524 0250 F5       		.byte	0xf5
 525 0251 A2000000 		.4byte	0xa2
 526 0255 08       		.byte	0x8
 527 0256 09       		.uleb128 0x9
 528 0257 2F000000 		.4byte	.LASF49
 529 025b 04       		.byte	0x4
 530 025c FF       		.byte	0xff
 531 025d 8C000000 		.4byte	0x8c
 532 0261 0C       		.byte	0xc
 533 0262 07       		.uleb128 0x7
 534 0263 99030000 		.4byte	.LASF50
 535 0267 04       		.byte	0x4
 536 0268 0201     		.2byte	0x102
 537 026a 8C000000 		.4byte	0x8c
 538 026e 0D       		.byte	0xd
 539 026f 07       		.uleb128 0x7
 540 0270 E9020000 		.4byte	.LASF51
 541 0274 04       		.byte	0x4
 542 0275 0801     		.2byte	0x108
 543 0277 8C000000 		.4byte	0x8c
 544 027b 0E       		.byte	0xe
 545 027c 07       		.uleb128 0x7
 546 027d 37010000 		.4byte	.LASF52
 547 0281 04       		.byte	0x4
 548 0282 0A01     		.2byte	0x10a
 549 0284 8C000000 		.4byte	0x8c
 550 0288 0F       		.byte	0xf
 551 0289 07       		.uleb128 0x7
 552 028a 87000000 		.4byte	.LASF53
 553 028e 04       		.byte	0x4
 554 028f 0D01     		.2byte	0x10d
 555 0291 8C000000 		.4byte	0x8c
 556 0295 10       		.byte	0x10
 557 0296 07       		.uleb128 0x7
 558 0297 08030000 		.4byte	.LASF54
 559 029b 04       		.byte	0x4
 560 029c 0E01     		.2byte	0x10e
 561 029e 8C000000 		.4byte	0x8c
 562 02a2 11       		.byte	0x11
 563 02a3 07       		.uleb128 0x7
 564 02a4 B8010000 		.4byte	.LASF55
 565 02a8 04       		.byte	0x4
 566 02a9 1001     		.2byte	0x110
 567 02ab 8C000000 		.4byte	0x8c
 568 02af 12       		.byte	0x12
 569 02b0 07       		.uleb128 0x7
 570 02b1 9F040000 		.4byte	.LASF56
ARM GAS  C:\Users\info\AppData\Local\Temp\cc18SFEI.s 			page 14


 571 02b5 04       		.byte	0x4
 572 02b6 1101     		.2byte	0x111
 573 02b8 8C000000 		.4byte	0x8c
 574 02bc 13       		.byte	0x13
 575 02bd 07       		.uleb128 0x7
 576 02be 38040000 		.4byte	.LASF57
 577 02c2 04       		.byte	0x4
 578 02c3 1901     		.2byte	0x119
 579 02c5 97000000 		.4byte	0x97
 580 02c9 14       		.byte	0x14
 581 02ca 07       		.uleb128 0x7
 582 02cb 2B040000 		.4byte	.LASF58
 583 02cf 04       		.byte	0x4
 584 02d0 1A01     		.2byte	0x11a
 585 02d2 97000000 		.4byte	0x97
 586 02d6 16       		.byte	0x16
 587 02d7 00       		.byte	0
 588 02d8 03       		.uleb128 0x3
 589 02d9 1A050000 		.4byte	.LASF59
 590 02dd 04       		.byte	0x4
 591 02de C7       		.byte	0xc7
 592 02df E3020000 		.4byte	0x2e3
 593 02e3 0A       		.uleb128 0xa
 594 02e4 04       		.byte	0x4
 595 02e5 E9020000 		.4byte	0x2e9
 596 02e9 0B       		.uleb128 0xb
 597 02ea 8C000000 		.4byte	0x8c
 598 02ee 07030000 		.4byte	0x307
 599 02f2 0C       		.uleb128 0xc
 600 02f3 07030000 		.4byte	0x307
 601 02f7 0C       		.uleb128 0xc
 602 02f8 8C000000 		.4byte	0x8c
 603 02fc 0C       		.uleb128 0xc
 604 02fd 8C000000 		.4byte	0x8c
 605 0301 0C       		.uleb128 0xc
 606 0302 AD000000 		.4byte	0xad
 607 0306 00       		.byte	0
 608 0307 0A       		.uleb128 0xa
 609 0308 04       		.byte	0x4
 610 0309 B6000000 		.4byte	0xb6
 611 030d 03       		.uleb128 0x3
 612 030e CE030000 		.4byte	.LASF60
 613 0312 04       		.byte	0x4
 614 0313 C8       		.byte	0xc8
 615 0314 18030000 		.4byte	0x318
 616 0318 0A       		.uleb128 0xa
 617 0319 04       		.byte	0x4
 618 031a 1E030000 		.4byte	0x31e
 619 031e 0B       		.uleb128 0xb
 620 031f 97000000 		.4byte	0x97
 621 0323 32030000 		.4byte	0x332
 622 0327 0C       		.uleb128 0xc
 623 0328 07030000 		.4byte	0x307
 624 032c 0C       		.uleb128 0xc
 625 032d 8C000000 		.4byte	0x8c
 626 0331 00       		.byte	0
 627 0332 0A       		.uleb128 0xa
ARM GAS  C:\Users\info\AppData\Local\Temp\cc18SFEI.s 			page 15


 628 0333 04       		.byte	0x4
 629 0334 38030000 		.4byte	0x338
 630 0338 0D       		.uleb128 0xd
 631 0339 D3010000 		.4byte	0x1d3
 632 033d 0A       		.uleb128 0xa
 633 033e 04       		.byte	0x4
 634 033f 43030000 		.4byte	0x343
 635 0343 0D       		.uleb128 0xd
 636 0344 8C000000 		.4byte	0x8c
 637 0348 0E       		.uleb128 0xe
 638 0349 93010000 		.4byte	.LASF72
 639 034d 01       		.byte	0x1
 640 034e 5F       		.byte	0x5f
 641 034f 01       		.byte	0x1
 642 0350 60030000 		.4byte	0x360
 643 0354 0F       		.uleb128 0xf
 644 0355 8E010000 		.4byte	.LASF61
 645 0359 01       		.byte	0x1
 646 035a 5F       		.byte	0x5f
 647 035b 07030000 		.4byte	0x307
 648 035f 00       		.byte	0
 649 0360 10       		.uleb128 0x10
 650 0361 1D040000 		.4byte	.LASF64
 651 0365 01       		.byte	0x1
 652 0366 28       		.byte	0x28
 653 0367 8C000000 		.4byte	0x8c
 654 036b 00000000 		.4byte	.LFB0
 655 036f 04000000 		.4byte	.LFE0-.LFB0
 656 0373 01       		.uleb128 0x1
 657 0374 9C       		.byte	0x9c
 658 0375 B0030000 		.4byte	0x3b0
 659 0379 11       		.uleb128 0x11
 660 037a 8E010000 		.4byte	.LASF61
 661 037e 01       		.byte	0x1
 662 037f 28       		.byte	0x28
 663 0380 07030000 		.4byte	0x307
 664 0384 00000000 		.4byte	.LLST0
 665 0388 12       		.uleb128 0x12
 666 0389 6D736700 		.ascii	"msg\000"
 667 038d 01       		.byte	0x1
 668 038e 28       		.byte	0x28
 669 038f 8C000000 		.4byte	0x8c
 670 0393 01       		.uleb128 0x1
 671 0394 51       		.byte	0x51
 672 0395 13       		.uleb128 0x13
 673 0396 A6010000 		.4byte	.LASF62
 674 039a 01       		.byte	0x1
 675 039b 28       		.byte	0x28
 676 039c 8C000000 		.4byte	0x8c
 677 03a0 01       		.uleb128 0x1
 678 03a1 52       		.byte	0x52
 679 03a2 13       		.uleb128 0x13
 680 03a3 38000000 		.4byte	.LASF63
 681 03a7 01       		.byte	0x1
 682 03a8 28       		.byte	0x28
 683 03a9 AD000000 		.4byte	0xad
 684 03ad 01       		.uleb128 0x1
ARM GAS  C:\Users\info\AppData\Local\Temp\cc18SFEI.s 			page 16


 685 03ae 53       		.byte	0x53
 686 03af 00       		.byte	0
 687 03b0 10       		.uleb128 0x10
 688 03b1 0E040000 		.4byte	.LASF65
 689 03b5 01       		.byte	0x1
 690 03b6 49       		.byte	0x49
 691 03b7 8C000000 		.4byte	0x8c
 692 03bb 00000000 		.4byte	.LFB1
 693 03bf 20000000 		.4byte	.LFE1-.LFB1
 694 03c3 01       		.uleb128 0x1
 695 03c4 9C       		.byte	0x9c
 696 03c5 2E040000 		.4byte	0x42e
 697 03c9 11       		.uleb128 0x11
 698 03ca 8E010000 		.4byte	.LASF61
 699 03ce 01       		.byte	0x1
 700 03cf 49       		.byte	0x49
 701 03d0 07030000 		.4byte	0x307
 702 03d4 21000000 		.4byte	.LLST1
 703 03d8 14       		.uleb128 0x14
 704 03d9 6D736700 		.ascii	"msg\000"
 705 03dd 01       		.byte	0x1
 706 03de 49       		.byte	0x49
 707 03df 8C000000 		.4byte	0x8c
 708 03e3 5B000000 		.4byte	.LLST2
 709 03e7 11       		.uleb128 0x11
 710 03e8 A6010000 		.4byte	.LASF62
 711 03ec 01       		.byte	0x1
 712 03ed 49       		.byte	0x49
 713 03ee 8C000000 		.4byte	0x8c
 714 03f2 95000000 		.4byte	.LLST3
 715 03f6 11       		.uleb128 0x11
 716 03f7 38000000 		.4byte	.LASF63
 717 03fb 01       		.byte	0x1
 718 03fc 49       		.byte	0x49
 719 03fd AD000000 		.4byte	0xad
 720 0401 CF000000 		.4byte	.LLST4
 721 0405 15       		.uleb128 0x15
 722 0406 0E000000 		.4byte	.LVL3
 723 040a E9040000 		.4byte	0x4e9
 724 040e 1A040000 		.4byte	0x41a
 725 0412 16       		.uleb128 0x16
 726 0413 01       		.uleb128 0x1
 727 0414 50       		.byte	0x50
 728 0415 03       		.uleb128 0x3
 729 0416 F3       		.byte	0xf3
 730 0417 01       		.uleb128 0x1
 731 0418 50       		.byte	0x50
 732 0419 00       		.byte	0
 733 041a 17       		.uleb128 0x17
 734 041b 18000000 		.4byte	.LVL6
 735 041f F5040000 		.4byte	0x4f5
 736 0423 16       		.uleb128 0x16
 737 0424 01       		.uleb128 0x1
 738 0425 51       		.byte	0x51
 739 0426 05       		.uleb128 0x5
 740 0427 03       		.byte	0x3
 741 0428 00000000 		.4byte	.LANCHOR0
ARM GAS  C:\Users\info\AppData\Local\Temp\cc18SFEI.s 			page 17


 742 042c 00       		.byte	0
 743 042d 00       		.byte	0
 744 042e 18       		.uleb128 0x18
 745 042f 48030000 		.4byte	0x348
 746 0433 00000000 		.4byte	.LFB2
 747 0437 2C000000 		.4byte	.LFE2-.LFB2
 748 043b 01       		.uleb128 0x1
 749 043c 9C       		.byte	0x9c
 750 043d 49040000 		.4byte	0x449
 751 0441 19       		.uleb128 0x19
 752 0442 54030000 		.4byte	0x354
 753 0446 01       		.uleb128 0x1
 754 0447 50       		.byte	0x50
 755 0448 00       		.byte	0
 756 0449 1A       		.uleb128 0x1a
 757 044a 6D040000 		.4byte	.LASF73
 758 044e 01       		.byte	0x1
 759 044f 85       		.byte	0x85
 760 0450 00000000 		.4byte	.LFB3
 761 0454 2E000000 		.4byte	.LFE3-.LFB3
 762 0458 01       		.uleb128 0x1
 763 0459 9C       		.byte	0x9c
 764 045a D8040000 		.4byte	0x4d8
 765 045e 11       		.uleb128 0x11
 766 045f 8E010000 		.4byte	.LASF61
 767 0463 01       		.byte	0x1
 768 0464 85       		.byte	0x85
 769 0465 07030000 		.4byte	0x307
 770 0469 09010000 		.4byte	.LLST5
 771 046d 11       		.uleb128 0x11
 772 046e 50020000 		.4byte	.LASF19
 773 0472 01       		.byte	0x1
 774 0473 85       		.byte	0x85
 775 0474 D8020000 		.4byte	0x2d8
 776 0478 2A010000 		.4byte	.LLST6
 777 047c 11       		.uleb128 0x11
 778 047d E9040000 		.4byte	.LASF20
 779 0481 01       		.byte	0x1
 780 0482 85       		.byte	0x85
 781 0483 D8020000 		.4byte	0x2d8
 782 0487 4B010000 		.4byte	.LLST7
 783 048b 11       		.uleb128 0x11
 784 048c 78040000 		.4byte	.LASF21
 785 0490 01       		.byte	0x1
 786 0491 85       		.byte	0x85
 787 0492 D8020000 		.4byte	0x2d8
 788 0496 6C010000 		.4byte	.LLST8
 789 049a 11       		.uleb128 0x11
 790 049b 75000000 		.4byte	.LASF22
 791 049f 01       		.byte	0x1
 792 04a0 85       		.byte	0x85
 793 04a1 D8020000 		.4byte	0x2d8
 794 04a5 8D010000 		.4byte	.LLST9
 795 04a9 1B       		.uleb128 0x1b
 796 04aa 48030000 		.4byte	0x348
 797 04ae 04000000 		.4byte	.LBB4
 798 04b2 00000000 		.4byte	.Ldebug_ranges0+0
ARM GAS  C:\Users\info\AppData\Local\Temp\cc18SFEI.s 			page 18


 799 04b6 01       		.byte	0x1
 800 04b7 88       		.byte	0x88
 801 04b8 C6040000 		.4byte	0x4c6
 802 04bc 1C       		.uleb128 0x1c
 803 04bd 54030000 		.4byte	0x354
 804 04c1 AD010000 		.4byte	.LLST10
 805 04c5 00       		.byte	0
 806 04c6 1D       		.uleb128 0x1d
 807 04c7 2E000000 		.4byte	.LVL11
 808 04cb 01050000 		.4byte	0x501
 809 04cf 16       		.uleb128 0x16
 810 04d0 01       		.uleb128 0x1
 811 04d1 50       		.byte	0x50
 812 04d2 03       		.uleb128 0x3
 813 04d3 F3       		.byte	0xf3
 814 04d4 01       		.uleb128 0x1
 815 04d5 50       		.byte	0x50
 816 04d6 00       		.byte	0
 817 04d7 00       		.byte	0
 818 04d8 1E       		.uleb128 0x1e
 819 04d9 EA030000 		.4byte	.LASF74
 820 04dd 01       		.byte	0x1
 821 04de 2F       		.byte	0x2f
 822 04df 38030000 		.4byte	0x338
 823 04e3 05       		.uleb128 0x5
 824 04e4 03       		.byte	0x3
 825 04e5 00000000 		.4byte	u8x8_null_display_info
 826 04e9 1F       		.uleb128 0x1f
 827 04ea 22020000 		.4byte	.LASF66
 828 04ee 22020000 		.4byte	.LASF66
 829 04f2 04       		.byte	0x4
 830 04f3 A501     		.2byte	0x1a5
 831 04f5 1F       		.uleb128 0x1f
 832 04f6 C6040000 		.4byte	.LASF67
 833 04fa C6040000 		.4byte	.LASF67
 834 04fe 04       		.byte	0x4
 835 04ff A401     		.2byte	0x1a4
 836 0501 1F       		.uleb128 0x1f
 837 0502 1E000000 		.4byte	.LASF68
 838 0506 1E000000 		.4byte	.LASF68
 839 050a 04       		.byte	0x4
 840 050b 2102     		.2byte	0x221
 841 050d 00       		.byte	0
 842              		.section	.debug_abbrev,"",%progbits
 843              	.Ldebug_abbrev0:
 844 0000 01       		.uleb128 0x1
 845 0001 11       		.uleb128 0x11
 846 0002 01       		.byte	0x1
 847 0003 25       		.uleb128 0x25
 848 0004 0E       		.uleb128 0xe
 849 0005 13       		.uleb128 0x13
 850 0006 0B       		.uleb128 0xb
 851 0007 03       		.uleb128 0x3
 852 0008 0E       		.uleb128 0xe
 853 0009 1B       		.uleb128 0x1b
 854 000a 0E       		.uleb128 0xe
 855 000b 55       		.uleb128 0x55
ARM GAS  C:\Users\info\AppData\Local\Temp\cc18SFEI.s 			page 19


 856 000c 17       		.uleb128 0x17
 857 000d 11       		.uleb128 0x11
 858 000e 01       		.uleb128 0x1
 859 000f 10       		.uleb128 0x10
 860 0010 17       		.uleb128 0x17
 861 0011 00       		.byte	0
 862 0012 00       		.byte	0
 863 0013 02       		.uleb128 0x2
 864 0014 24       		.uleb128 0x24
 865 0015 00       		.byte	0
 866 0016 0B       		.uleb128 0xb
 867 0017 0B       		.uleb128 0xb
 868 0018 3E       		.uleb128 0x3e
 869 0019 0B       		.uleb128 0xb
 870 001a 03       		.uleb128 0x3
 871 001b 0E       		.uleb128 0xe
 872 001c 00       		.byte	0
 873 001d 00       		.byte	0
 874 001e 03       		.uleb128 0x3
 875 001f 16       		.uleb128 0x16
 876 0020 00       		.byte	0
 877 0021 03       		.uleb128 0x3
 878 0022 0E       		.uleb128 0xe
 879 0023 3A       		.uleb128 0x3a
 880 0024 0B       		.uleb128 0xb
 881 0025 3B       		.uleb128 0x3b
 882 0026 0B       		.uleb128 0xb
 883 0027 49       		.uleb128 0x49
 884 0028 13       		.uleb128 0x13
 885 0029 00       		.byte	0
 886 002a 00       		.byte	0
 887 002b 04       		.uleb128 0x4
 888 002c 24       		.uleb128 0x24
 889 002d 00       		.byte	0
 890 002e 0B       		.uleb128 0xb
 891 002f 0B       		.uleb128 0xb
 892 0030 3E       		.uleb128 0x3e
 893 0031 0B       		.uleb128 0xb
 894 0032 03       		.uleb128 0x3
 895 0033 08       		.uleb128 0x8
 896 0034 00       		.byte	0
 897 0035 00       		.byte	0
 898 0036 05       		.uleb128 0x5
 899 0037 0F       		.uleb128 0xf
 900 0038 00       		.byte	0
 901 0039 0B       		.uleb128 0xb
 902 003a 0B       		.uleb128 0xb
 903 003b 00       		.byte	0
 904 003c 00       		.byte	0
 905 003d 06       		.uleb128 0x6
 906 003e 13       		.uleb128 0x13
 907 003f 01       		.byte	0x1
 908 0040 03       		.uleb128 0x3
 909 0041 0E       		.uleb128 0xe
 910 0042 0B       		.uleb128 0xb
 911 0043 0B       		.uleb128 0xb
 912 0044 3A       		.uleb128 0x3a
ARM GAS  C:\Users\info\AppData\Local\Temp\cc18SFEI.s 			page 20


 913 0045 0B       		.uleb128 0xb
 914 0046 3B       		.uleb128 0x3b
 915 0047 05       		.uleb128 0x5
 916 0048 01       		.uleb128 0x1
 917 0049 13       		.uleb128 0x13
 918 004a 00       		.byte	0
 919 004b 00       		.byte	0
 920 004c 07       		.uleb128 0x7
 921 004d 0D       		.uleb128 0xd
 922 004e 00       		.byte	0
 923 004f 03       		.uleb128 0x3
 924 0050 0E       		.uleb128 0xe
 925 0051 3A       		.uleb128 0x3a
 926 0052 0B       		.uleb128 0xb
 927 0053 3B       		.uleb128 0x3b
 928 0054 05       		.uleb128 0x5
 929 0055 49       		.uleb128 0x49
 930 0056 13       		.uleb128 0x13
 931 0057 38       		.uleb128 0x38
 932 0058 0B       		.uleb128 0xb
 933 0059 00       		.byte	0
 934 005a 00       		.byte	0
 935 005b 08       		.uleb128 0x8
 936 005c 13       		.uleb128 0x13
 937 005d 01       		.byte	0x1
 938 005e 03       		.uleb128 0x3
 939 005f 0E       		.uleb128 0xe
 940 0060 0B       		.uleb128 0xb
 941 0061 0B       		.uleb128 0xb
 942 0062 3A       		.uleb128 0x3a
 943 0063 0B       		.uleb128 0xb
 944 0064 3B       		.uleb128 0x3b
 945 0065 0B       		.uleb128 0xb
 946 0066 01       		.uleb128 0x1
 947 0067 13       		.uleb128 0x13
 948 0068 00       		.byte	0
 949 0069 00       		.byte	0
 950 006a 09       		.uleb128 0x9
 951 006b 0D       		.uleb128 0xd
 952 006c 00       		.byte	0
 953 006d 03       		.uleb128 0x3
 954 006e 0E       		.uleb128 0xe
 955 006f 3A       		.uleb128 0x3a
 956 0070 0B       		.uleb128 0xb
 957 0071 3B       		.uleb128 0x3b
 958 0072 0B       		.uleb128 0xb
 959 0073 49       		.uleb128 0x49
 960 0074 13       		.uleb128 0x13
 961 0075 38       		.uleb128 0x38
 962 0076 0B       		.uleb128 0xb
 963 0077 00       		.byte	0
 964 0078 00       		.byte	0
 965 0079 0A       		.uleb128 0xa
 966 007a 0F       		.uleb128 0xf
 967 007b 00       		.byte	0
 968 007c 0B       		.uleb128 0xb
 969 007d 0B       		.uleb128 0xb
ARM GAS  C:\Users\info\AppData\Local\Temp\cc18SFEI.s 			page 21


 970 007e 49       		.uleb128 0x49
 971 007f 13       		.uleb128 0x13
 972 0080 00       		.byte	0
 973 0081 00       		.byte	0
 974 0082 0B       		.uleb128 0xb
 975 0083 15       		.uleb128 0x15
 976 0084 01       		.byte	0x1
 977 0085 27       		.uleb128 0x27
 978 0086 19       		.uleb128 0x19
 979 0087 49       		.uleb128 0x49
 980 0088 13       		.uleb128 0x13
 981 0089 01       		.uleb128 0x1
 982 008a 13       		.uleb128 0x13
 983 008b 00       		.byte	0
 984 008c 00       		.byte	0
 985 008d 0C       		.uleb128 0xc
 986 008e 05       		.uleb128 0x5
 987 008f 00       		.byte	0
 988 0090 49       		.uleb128 0x49
 989 0091 13       		.uleb128 0x13
 990 0092 00       		.byte	0
 991 0093 00       		.byte	0
 992 0094 0D       		.uleb128 0xd
 993 0095 26       		.uleb128 0x26
 994 0096 00       		.byte	0
 995 0097 49       		.uleb128 0x49
 996 0098 13       		.uleb128 0x13
 997 0099 00       		.byte	0
 998 009a 00       		.byte	0
 999 009b 0E       		.uleb128 0xe
 1000 009c 2E       		.uleb128 0x2e
 1001 009d 01       		.byte	0x1
 1002 009e 3F       		.uleb128 0x3f
 1003 009f 19       		.uleb128 0x19
 1004 00a0 03       		.uleb128 0x3
 1005 00a1 0E       		.uleb128 0xe
 1006 00a2 3A       		.uleb128 0x3a
 1007 00a3 0B       		.uleb128 0xb
 1008 00a4 3B       		.uleb128 0x3b
 1009 00a5 0B       		.uleb128 0xb
 1010 00a6 27       		.uleb128 0x27
 1011 00a7 19       		.uleb128 0x19
 1012 00a8 20       		.uleb128 0x20
 1013 00a9 0B       		.uleb128 0xb
 1014 00aa 01       		.uleb128 0x1
 1015 00ab 13       		.uleb128 0x13
 1016 00ac 00       		.byte	0
 1017 00ad 00       		.byte	0
 1018 00ae 0F       		.uleb128 0xf
 1019 00af 05       		.uleb128 0x5
 1020 00b0 00       		.byte	0
 1021 00b1 03       		.uleb128 0x3
 1022 00b2 0E       		.uleb128 0xe
 1023 00b3 3A       		.uleb128 0x3a
 1024 00b4 0B       		.uleb128 0xb
 1025 00b5 3B       		.uleb128 0x3b
 1026 00b6 0B       		.uleb128 0xb
ARM GAS  C:\Users\info\AppData\Local\Temp\cc18SFEI.s 			page 22


 1027 00b7 49       		.uleb128 0x49
 1028 00b8 13       		.uleb128 0x13
 1029 00b9 00       		.byte	0
 1030 00ba 00       		.byte	0
 1031 00bb 10       		.uleb128 0x10
 1032 00bc 2E       		.uleb128 0x2e
 1033 00bd 01       		.byte	0x1
 1034 00be 3F       		.uleb128 0x3f
 1035 00bf 19       		.uleb128 0x19
 1036 00c0 03       		.uleb128 0x3
 1037 00c1 0E       		.uleb128 0xe
 1038 00c2 3A       		.uleb128 0x3a
 1039 00c3 0B       		.uleb128 0xb
 1040 00c4 3B       		.uleb128 0x3b
 1041 00c5 0B       		.uleb128 0xb
 1042 00c6 27       		.uleb128 0x27
 1043 00c7 19       		.uleb128 0x19
 1044 00c8 49       		.uleb128 0x49
 1045 00c9 13       		.uleb128 0x13
 1046 00ca 11       		.uleb128 0x11
 1047 00cb 01       		.uleb128 0x1
 1048 00cc 12       		.uleb128 0x12
 1049 00cd 06       		.uleb128 0x6
 1050 00ce 40       		.uleb128 0x40
 1051 00cf 18       		.uleb128 0x18
 1052 00d0 9742     		.uleb128 0x2117
 1053 00d2 19       		.uleb128 0x19
 1054 00d3 01       		.uleb128 0x1
 1055 00d4 13       		.uleb128 0x13
 1056 00d5 00       		.byte	0
 1057 00d6 00       		.byte	0
 1058 00d7 11       		.uleb128 0x11
 1059 00d8 05       		.uleb128 0x5
 1060 00d9 00       		.byte	0
 1061 00da 03       		.uleb128 0x3
 1062 00db 0E       		.uleb128 0xe
 1063 00dc 3A       		.uleb128 0x3a
 1064 00dd 0B       		.uleb128 0xb
 1065 00de 3B       		.uleb128 0x3b
 1066 00df 0B       		.uleb128 0xb
 1067 00e0 49       		.uleb128 0x49
 1068 00e1 13       		.uleb128 0x13
 1069 00e2 02       		.uleb128 0x2
 1070 00e3 17       		.uleb128 0x17
 1071 00e4 00       		.byte	0
 1072 00e5 00       		.byte	0
 1073 00e6 12       		.uleb128 0x12
 1074 00e7 05       		.uleb128 0x5
 1075 00e8 00       		.byte	0
 1076 00e9 03       		.uleb128 0x3
 1077 00ea 08       		.uleb128 0x8
 1078 00eb 3A       		.uleb128 0x3a
 1079 00ec 0B       		.uleb128 0xb
 1080 00ed 3B       		.uleb128 0x3b
 1081 00ee 0B       		.uleb128 0xb
 1082 00ef 49       		.uleb128 0x49
 1083 00f0 13       		.uleb128 0x13
ARM GAS  C:\Users\info\AppData\Local\Temp\cc18SFEI.s 			page 23


 1084 00f1 02       		.uleb128 0x2
 1085 00f2 18       		.uleb128 0x18
 1086 00f3 00       		.byte	0
 1087 00f4 00       		.byte	0
 1088 00f5 13       		.uleb128 0x13
 1089 00f6 05       		.uleb128 0x5
 1090 00f7 00       		.byte	0
 1091 00f8 03       		.uleb128 0x3
 1092 00f9 0E       		.uleb128 0xe
 1093 00fa 3A       		.uleb128 0x3a
 1094 00fb 0B       		.uleb128 0xb
 1095 00fc 3B       		.uleb128 0x3b
 1096 00fd 0B       		.uleb128 0xb
 1097 00fe 49       		.uleb128 0x49
 1098 00ff 13       		.uleb128 0x13
 1099 0100 02       		.uleb128 0x2
 1100 0101 18       		.uleb128 0x18
 1101 0102 00       		.byte	0
 1102 0103 00       		.byte	0
 1103 0104 14       		.uleb128 0x14
 1104 0105 05       		.uleb128 0x5
 1105 0106 00       		.byte	0
 1106 0107 03       		.uleb128 0x3
 1107 0108 08       		.uleb128 0x8
 1108 0109 3A       		.uleb128 0x3a
 1109 010a 0B       		.uleb128 0xb
 1110 010b 3B       		.uleb128 0x3b
 1111 010c 0B       		.uleb128 0xb
 1112 010d 49       		.uleb128 0x49
 1113 010e 13       		.uleb128 0x13
 1114 010f 02       		.uleb128 0x2
 1115 0110 17       		.uleb128 0x17
 1116 0111 00       		.byte	0
 1117 0112 00       		.byte	0
 1118 0113 15       		.uleb128 0x15
 1119 0114 898201   		.uleb128 0x4109
 1120 0117 01       		.byte	0x1
 1121 0118 11       		.uleb128 0x11
 1122 0119 01       		.uleb128 0x1
 1123 011a 31       		.uleb128 0x31
 1124 011b 13       		.uleb128 0x13
 1125 011c 01       		.uleb128 0x1
 1126 011d 13       		.uleb128 0x13
 1127 011e 00       		.byte	0
 1128 011f 00       		.byte	0
 1129 0120 16       		.uleb128 0x16
 1130 0121 8A8201   		.uleb128 0x410a
 1131 0124 00       		.byte	0
 1132 0125 02       		.uleb128 0x2
 1133 0126 18       		.uleb128 0x18
 1134 0127 9142     		.uleb128 0x2111
 1135 0129 18       		.uleb128 0x18
 1136 012a 00       		.byte	0
 1137 012b 00       		.byte	0
 1138 012c 17       		.uleb128 0x17
 1139 012d 898201   		.uleb128 0x4109
 1140 0130 01       		.byte	0x1
ARM GAS  C:\Users\info\AppData\Local\Temp\cc18SFEI.s 			page 24


 1141 0131 11       		.uleb128 0x11
 1142 0132 01       		.uleb128 0x1
 1143 0133 31       		.uleb128 0x31
 1144 0134 13       		.uleb128 0x13
 1145 0135 00       		.byte	0
 1146 0136 00       		.byte	0
 1147 0137 18       		.uleb128 0x18
 1148 0138 2E       		.uleb128 0x2e
 1149 0139 01       		.byte	0x1
 1150 013a 31       		.uleb128 0x31
 1151 013b 13       		.uleb128 0x13
 1152 013c 11       		.uleb128 0x11
 1153 013d 01       		.uleb128 0x1
 1154 013e 12       		.uleb128 0x12
 1155 013f 06       		.uleb128 0x6
 1156 0140 40       		.uleb128 0x40
 1157 0141 18       		.uleb128 0x18
 1158 0142 9742     		.uleb128 0x2117
 1159 0144 19       		.uleb128 0x19
 1160 0145 01       		.uleb128 0x1
 1161 0146 13       		.uleb128 0x13
 1162 0147 00       		.byte	0
 1163 0148 00       		.byte	0
 1164 0149 19       		.uleb128 0x19
 1165 014a 05       		.uleb128 0x5
 1166 014b 00       		.byte	0
 1167 014c 31       		.uleb128 0x31
 1168 014d 13       		.uleb128 0x13
 1169 014e 02       		.uleb128 0x2
 1170 014f 18       		.uleb128 0x18
 1171 0150 00       		.byte	0
 1172 0151 00       		.byte	0
 1173 0152 1A       		.uleb128 0x1a
 1174 0153 2E       		.uleb128 0x2e
 1175 0154 01       		.byte	0x1
 1176 0155 3F       		.uleb128 0x3f
 1177 0156 19       		.uleb128 0x19
 1178 0157 03       		.uleb128 0x3
 1179 0158 0E       		.uleb128 0xe
 1180 0159 3A       		.uleb128 0x3a
 1181 015a 0B       		.uleb128 0xb
 1182 015b 3B       		.uleb128 0x3b
 1183 015c 0B       		.uleb128 0xb
 1184 015d 27       		.uleb128 0x27
 1185 015e 19       		.uleb128 0x19
 1186 015f 11       		.uleb128 0x11
 1187 0160 01       		.uleb128 0x1
 1188 0161 12       		.uleb128 0x12
 1189 0162 06       		.uleb128 0x6
 1190 0163 40       		.uleb128 0x40
 1191 0164 18       		.uleb128 0x18
 1192 0165 9742     		.uleb128 0x2117
 1193 0167 19       		.uleb128 0x19
 1194 0168 01       		.uleb128 0x1
 1195 0169 13       		.uleb128 0x13
 1196 016a 00       		.byte	0
 1197 016b 00       		.byte	0
ARM GAS  C:\Users\info\AppData\Local\Temp\cc18SFEI.s 			page 25


 1198 016c 1B       		.uleb128 0x1b
 1199 016d 1D       		.uleb128 0x1d
 1200 016e 01       		.byte	0x1
 1201 016f 31       		.uleb128 0x31
 1202 0170 13       		.uleb128 0x13
 1203 0171 52       		.uleb128 0x52
 1204 0172 01       		.uleb128 0x1
 1205 0173 55       		.uleb128 0x55
 1206 0174 17       		.uleb128 0x17
 1207 0175 58       		.uleb128 0x58
 1208 0176 0B       		.uleb128 0xb
 1209 0177 59       		.uleb128 0x59
 1210 0178 0B       		.uleb128 0xb
 1211 0179 01       		.uleb128 0x1
 1212 017a 13       		.uleb128 0x13
 1213 017b 00       		.byte	0
 1214 017c 00       		.byte	0
 1215 017d 1C       		.uleb128 0x1c
 1216 017e 05       		.uleb128 0x5
 1217 017f 00       		.byte	0
 1218 0180 31       		.uleb128 0x31
 1219 0181 13       		.uleb128 0x13
 1220 0182 02       		.uleb128 0x2
 1221 0183 17       		.uleb128 0x17
 1222 0184 00       		.byte	0
 1223 0185 00       		.byte	0
 1224 0186 1D       		.uleb128 0x1d
 1225 0187 898201   		.uleb128 0x4109
 1226 018a 01       		.byte	0x1
 1227 018b 11       		.uleb128 0x11
 1228 018c 01       		.uleb128 0x1
 1229 018d 9542     		.uleb128 0x2115
 1230 018f 19       		.uleb128 0x19
 1231 0190 31       		.uleb128 0x31
 1232 0191 13       		.uleb128 0x13
 1233 0192 00       		.byte	0
 1234 0193 00       		.byte	0
 1235 0194 1E       		.uleb128 0x1e
 1236 0195 34       		.uleb128 0x34
 1237 0196 00       		.byte	0
 1238 0197 03       		.uleb128 0x3
 1239 0198 0E       		.uleb128 0xe
 1240 0199 3A       		.uleb128 0x3a
 1241 019a 0B       		.uleb128 0xb
 1242 019b 3B       		.uleb128 0x3b
 1243 019c 0B       		.uleb128 0xb
 1244 019d 49       		.uleb128 0x49
 1245 019e 13       		.uleb128 0x13
 1246 019f 02       		.uleb128 0x2
 1247 01a0 18       		.uleb128 0x18
 1248 01a1 00       		.byte	0
 1249 01a2 00       		.byte	0
 1250 01a3 1F       		.uleb128 0x1f
 1251 01a4 2E       		.uleb128 0x2e
 1252 01a5 00       		.byte	0
 1253 01a6 3F       		.uleb128 0x3f
 1254 01a7 19       		.uleb128 0x19
ARM GAS  C:\Users\info\AppData\Local\Temp\cc18SFEI.s 			page 26


 1255 01a8 3C       		.uleb128 0x3c
 1256 01a9 19       		.uleb128 0x19
 1257 01aa 6E       		.uleb128 0x6e
 1258 01ab 0E       		.uleb128 0xe
 1259 01ac 03       		.uleb128 0x3
 1260 01ad 0E       		.uleb128 0xe
 1261 01ae 3A       		.uleb128 0x3a
 1262 01af 0B       		.uleb128 0xb
 1263 01b0 3B       		.uleb128 0x3b
 1264 01b1 05       		.uleb128 0x5
 1265 01b2 00       		.byte	0
 1266 01b3 00       		.byte	0
 1267 01b4 00       		.byte	0
 1268              		.section	.debug_loc,"",%progbits
 1269              	.Ldebug_loc0:
 1270              	.LLST0:
 1271 0000 00000000 		.4byte	.LVL0
 1272 0004 02000000 		.4byte	.LVL1
 1273 0008 0100     		.2byte	0x1
 1274 000a 50       		.byte	0x50
 1275 000b 02000000 		.4byte	.LVL1
 1276 000f 04000000 		.4byte	.LFE0
 1277 0013 0400     		.2byte	0x4
 1278 0015 F3       		.byte	0xf3
 1279 0016 01       		.uleb128 0x1
 1280 0017 50       		.byte	0x50
 1281 0018 9F       		.byte	0x9f
 1282 0019 00000000 		.4byte	0
 1283 001d 00000000 		.4byte	0
 1284              	.LLST1:
 1285 0021 00000000 		.4byte	.LVL2
 1286 0025 0D000000 		.4byte	.LVL3-1
 1287 0029 0100     		.2byte	0x1
 1288 002b 50       		.byte	0x50
 1289 002c 0D000000 		.4byte	.LVL3-1
 1290 0030 12000000 		.4byte	.LVL4
 1291 0034 0400     		.2byte	0x4
 1292 0036 F3       		.byte	0xf3
 1293 0037 01       		.uleb128 0x1
 1294 0038 50       		.byte	0x50
 1295 0039 9F       		.byte	0x9f
 1296 003a 12000000 		.4byte	.LVL4
 1297 003e 17000000 		.4byte	.LVL6-1
 1298 0042 0100     		.2byte	0x1
 1299 0044 50       		.byte	0x50
 1300 0045 17000000 		.4byte	.LVL6-1
 1301 0049 20000000 		.4byte	.LFE1
 1302 004d 0400     		.2byte	0x4
 1303 004f F3       		.byte	0xf3
 1304 0050 01       		.uleb128 0x1
 1305 0051 50       		.byte	0x50
 1306 0052 9F       		.byte	0x9f
 1307 0053 00000000 		.4byte	0
 1308 0057 00000000 		.4byte	0
 1309              	.LLST2:
 1310 005b 00000000 		.4byte	.LVL2
 1311 005f 0D000000 		.4byte	.LVL3-1
ARM GAS  C:\Users\info\AppData\Local\Temp\cc18SFEI.s 			page 27


 1312 0063 0100     		.2byte	0x1
 1313 0065 51       		.byte	0x51
 1314 0066 0D000000 		.4byte	.LVL3-1
 1315 006a 12000000 		.4byte	.LVL4
 1316 006e 0400     		.2byte	0x4
 1317 0070 F3       		.byte	0xf3
 1318 0071 01       		.uleb128 0x1
 1319 0072 51       		.byte	0x51
 1320 0073 9F       		.byte	0x9f
 1321 0074 12000000 		.4byte	.LVL4
 1322 0078 14000000 		.4byte	.LVL5
 1323 007c 0100     		.2byte	0x1
 1324 007e 51       		.byte	0x51
 1325 007f 14000000 		.4byte	.LVL5
 1326 0083 20000000 		.4byte	.LFE1
 1327 0087 0400     		.2byte	0x4
 1328 0089 F3       		.byte	0xf3
 1329 008a 01       		.uleb128 0x1
 1330 008b 51       		.byte	0x51
 1331 008c 9F       		.byte	0x9f
 1332 008d 00000000 		.4byte	0
 1333 0091 00000000 		.4byte	0
 1334              	.LLST3:
 1335 0095 00000000 		.4byte	.LVL2
 1336 0099 0D000000 		.4byte	.LVL3-1
 1337 009d 0100     		.2byte	0x1
 1338 009f 52       		.byte	0x52
 1339 00a0 0D000000 		.4byte	.LVL3-1
 1340 00a4 12000000 		.4byte	.LVL4
 1341 00a8 0400     		.2byte	0x4
 1342 00aa F3       		.byte	0xf3
 1343 00ab 01       		.uleb128 0x1
 1344 00ac 52       		.byte	0x52
 1345 00ad 9F       		.byte	0x9f
 1346 00ae 12000000 		.4byte	.LVL4
 1347 00b2 17000000 		.4byte	.LVL6-1
 1348 00b6 0100     		.2byte	0x1
 1349 00b8 52       		.byte	0x52
 1350 00b9 17000000 		.4byte	.LVL6-1
 1351 00bd 20000000 		.4byte	.LFE1
 1352 00c1 0400     		.2byte	0x4
 1353 00c3 F3       		.byte	0xf3
 1354 00c4 01       		.uleb128 0x1
 1355 00c5 52       		.byte	0x52
 1356 00c6 9F       		.byte	0x9f
 1357 00c7 00000000 		.4byte	0
 1358 00cb 00000000 		.4byte	0
 1359              	.LLST4:
 1360 00cf 00000000 		.4byte	.LVL2
 1361 00d3 0D000000 		.4byte	.LVL3-1
 1362 00d7 0100     		.2byte	0x1
 1363 00d9 53       		.byte	0x53
 1364 00da 0D000000 		.4byte	.LVL3-1
 1365 00de 12000000 		.4byte	.LVL4
 1366 00e2 0400     		.2byte	0x4
 1367 00e4 F3       		.byte	0xf3
 1368 00e5 01       		.uleb128 0x1
ARM GAS  C:\Users\info\AppData\Local\Temp\cc18SFEI.s 			page 28


 1369 00e6 53       		.byte	0x53
 1370 00e7 9F       		.byte	0x9f
 1371 00e8 12000000 		.4byte	.LVL4
 1372 00ec 17000000 		.4byte	.LVL6-1
 1373 00f0 0100     		.2byte	0x1
 1374 00f2 53       		.byte	0x53
 1375 00f3 17000000 		.4byte	.LVL6-1
 1376 00f7 20000000 		.4byte	.LFE1
 1377 00fb 0400     		.2byte	0x4
 1378 00fd F3       		.byte	0xf3
 1379 00fe 01       		.uleb128 0x1
 1380 00ff 53       		.byte	0x53
 1381 0100 9F       		.byte	0x9f
 1382 0101 00000000 		.4byte	0
 1383 0105 00000000 		.4byte	0
 1384              	.LLST5:
 1385 0109 00000000 		.4byte	.LVL8
 1386 010d 2D000000 		.4byte	.LVL11-1
 1387 0111 0100     		.2byte	0x1
 1388 0113 50       		.byte	0x50
 1389 0114 2D000000 		.4byte	.LVL11-1
 1390 0118 2E000000 		.4byte	.LFE3
 1391 011c 0400     		.2byte	0x4
 1392 011e F3       		.byte	0xf3
 1393 011f 01       		.uleb128 0x1
 1394 0120 50       		.byte	0x50
 1395 0121 9F       		.byte	0x9f
 1396 0122 00000000 		.4byte	0
 1397 0126 00000000 		.4byte	0
 1398              	.LLST6:
 1399 012a 00000000 		.4byte	.LVL8
 1400 012e 2D000000 		.4byte	.LVL11-1
 1401 0132 0100     		.2byte	0x1
 1402 0134 51       		.byte	0x51
 1403 0135 2D000000 		.4byte	.LVL11-1
 1404 0139 2E000000 		.4byte	.LFE3
 1405 013d 0400     		.2byte	0x4
 1406 013f F3       		.byte	0xf3
 1407 0140 01       		.uleb128 0x1
 1408 0141 51       		.byte	0x51
 1409 0142 9F       		.byte	0x9f
 1410 0143 00000000 		.4byte	0
 1411 0147 00000000 		.4byte	0
 1412              	.LLST7:
 1413 014b 00000000 		.4byte	.LVL8
 1414 014f 2D000000 		.4byte	.LVL11-1
 1415 0153 0100     		.2byte	0x1
 1416 0155 52       		.byte	0x52
 1417 0156 2D000000 		.4byte	.LVL11-1
 1418 015a 2E000000 		.4byte	.LFE3
 1419 015e 0400     		.2byte	0x4
 1420 0160 F3       		.byte	0xf3
 1421 0161 01       		.uleb128 0x1
 1422 0162 52       		.byte	0x52
 1423 0163 9F       		.byte	0x9f
 1424 0164 00000000 		.4byte	0
 1425 0168 00000000 		.4byte	0
ARM GAS  C:\Users\info\AppData\Local\Temp\cc18SFEI.s 			page 29


 1426              	.LLST8:
 1427 016c 00000000 		.4byte	.LVL8
 1428 0170 2D000000 		.4byte	.LVL11-1
 1429 0174 0100     		.2byte	0x1
 1430 0176 53       		.byte	0x53
 1431 0177 2D000000 		.4byte	.LVL11-1
 1432 017b 2E000000 		.4byte	.LFE3
 1433 017f 0400     		.2byte	0x4
 1434 0181 F3       		.byte	0xf3
 1435 0182 01       		.uleb128 0x1
 1436 0183 53       		.byte	0x53
 1437 0184 9F       		.byte	0x9f
 1438 0185 00000000 		.4byte	0
 1439 0189 00000000 		.4byte	0
 1440              	.LLST9:
 1441 018d 00000000 		.4byte	.LVL8
 1442 0191 2A000000 		.4byte	.LVL10
 1443 0195 0200     		.2byte	0x2
 1444 0197 91       		.byte	0x91
 1445 0198 00       		.sleb128 0
 1446 0199 2A000000 		.4byte	.LVL10
 1447 019d 2E000000 		.4byte	.LFE3
 1448 01a1 0200     		.2byte	0x2
 1449 01a3 7D       		.byte	0x7d
 1450 01a4 00       		.sleb128 0
 1451 01a5 00000000 		.4byte	0
 1452 01a9 00000000 		.4byte	0
 1453              	.LLST10:
 1454 01ad 00000000 		.4byte	.LVL8
 1455 01b1 22000000 		.4byte	.LVL9
 1456 01b5 0100     		.2byte	0x1
 1457 01b7 50       		.byte	0x50
 1458 01b8 00000000 		.4byte	0
 1459 01bc 00000000 		.4byte	0
 1460              		.section	.debug_aranges,"",%progbits
 1461 0000 34000000 		.4byte	0x34
 1462 0004 0200     		.2byte	0x2
 1463 0006 00000000 		.4byte	.Ldebug_info0
 1464 000a 04       		.byte	0x4
 1465 000b 00       		.byte	0
 1466 000c 0000     		.2byte	0
 1467 000e 0000     		.2byte	0
 1468 0010 00000000 		.4byte	.LFB0
 1469 0014 04000000 		.4byte	.LFE0-.LFB0
 1470 0018 00000000 		.4byte	.LFB1
 1471 001c 20000000 		.4byte	.LFE1-.LFB1
 1472 0020 00000000 		.4byte	.LFB2
 1473 0024 2C000000 		.4byte	.LFE2-.LFB2
 1474 0028 00000000 		.4byte	.LFB3
 1475 002c 2E000000 		.4byte	.LFE3-.LFB3
 1476 0030 00000000 		.4byte	0
 1477 0034 00000000 		.4byte	0
 1478              		.section	.debug_ranges,"",%progbits
 1479              	.Ldebug_ranges0:
 1480 0000 04000000 		.4byte	.LBB4
 1481 0004 08000000 		.4byte	.LBE4
 1482 0008 0A000000 		.4byte	.LBB7
ARM GAS  C:\Users\info\AppData\Local\Temp\cc18SFEI.s 			page 30


 1483 000c 22000000 		.4byte	.LBE7
 1484 0010 00000000 		.4byte	0
 1485 0014 00000000 		.4byte	0
 1486 0018 00000000 		.4byte	.LFB0
 1487 001c 04000000 		.4byte	.LFE0
 1488 0020 00000000 		.4byte	.LFB1
 1489 0024 20000000 		.4byte	.LFE1
 1490 0028 00000000 		.4byte	.LFB2
 1491 002c 2C000000 		.4byte	.LFE2
 1492 0030 00000000 		.4byte	.LFB3
 1493 0034 2E000000 		.4byte	.LFE3
 1494 0038 00000000 		.4byte	0
 1495 003c 00000000 		.4byte	0
 1496              		.section	.debug_line,"",%progbits
 1497              	.Ldebug_line0:
 1498 0000 BB010000 		.section	.debug_str,"MS",%progbits,1
 1498      02003E01 
 1498      00000201 
 1498      FB0E0D00 
 1498      01010101 
 1499              	.LASF26:
 1500 0000 785F6F66 		.ascii	"x_offset\000"
 1500      66736574 
 1500      00
 1501              	.LASF27:
 1502 0009 69735F66 		.ascii	"is_font_inverse_mode\000"
 1502      6F6E745F 
 1502      696E7665 
 1502      7273655F 
 1502      6D6F6465 
 1503              	.LASF68:
 1504 001e 75387838 		.ascii	"u8x8_SetupMemory\000"
 1504      5F536574 
 1504      75704D65 
 1504      6D6F7279 
 1504      00
 1505              	.LASF49:
 1506 002f 7370695F 		.ascii	"spi_mode\000"
 1506      6D6F6465 
 1506      00
 1507              	.LASF63:
 1508 0038 6172675F 		.ascii	"arg_ptr\000"
 1508      70747200 
 1509              	.LASF40:
 1510 0040 63686970 		.ascii	"chip_enable_level\000"
 1510      5F656E61 
 1510      626C655F 
 1510      6C657665 
 1510      6C00
 1511              	.LASF24:
 1512 0052 666F6E74 		.ascii	"font\000"
 1512      00
 1513              	.LASF36:
 1514 0057 6465626F 		.ascii	"debounce_result_msg\000"
 1514      756E6365 
 1514      5F726573 
 1514      756C745F 
ARM GAS  C:\Users\info\AppData\Local\Temp\cc18SFEI.s 			page 31


 1514      6D736700 
 1515              	.LASF2:
 1516 006b 73686F72 		.ascii	"short int\000"
 1516      7420696E 
 1516      7400
 1517              	.LASF22:
 1518 0075 6770696F 		.ascii	"gpio_and_delay_cb\000"
 1518      5F616E64 
 1518      5F64656C 
 1518      61795F63 
 1518      6200
 1519              	.LASF53:
 1520 0087 74696C65 		.ascii	"tile_width\000"
 1520      5F776964 
 1520      746800
 1521              	.LASF46:
 1522 0092 7364615F 		.ascii	"sda_setup_time_ns\000"
 1522      73657475 
 1522      705F7469 
 1522      6D655F6E 
 1522      7300
 1523              	.LASF45:
 1524 00a4 706F7374 		.ascii	"post_reset_wait_ms\000"
 1524      5F726573 
 1524      65745F77 
 1524      6169745F 
 1524      6D7300
 1525              	.LASF7:
 1526 00b7 5F5F7569 		.ascii	"__uint32_t\000"
 1526      6E743332 
 1526      5F7400
 1527              	.LASF71:
 1528 00c2 433A5C55 		.ascii	"C:\\Users\\info\\Desktop\\Spring 2019 Classes\\6.11"
 1528      73657273 
 1528      5C696E66 
 1528      6F5C4465 
 1528      736B746F 
 1529 00f0 355C362E 		.ascii	"5\\6.115-final\\PSoCCreator\\Final Project\\FinalEm"
 1529      3131352D 
 1529      66696E61 
 1529      6C5C5053 
 1529      6F434372 
 1530 011f 756C6174 		.ascii	"ulator.cydsn\000"
 1530      6F722E63 
 1530      7964736E 
 1530      00
 1531              	.LASF4:
 1532 012c 5F5F7569 		.ascii	"__uint16_t\000"
 1532      6E743136 
 1532      5F7400
 1533              	.LASF52:
 1534 0137 77726974 		.ascii	"write_pulse_width_ns\000"
 1534      655F7075 
 1534      6C73655F 
 1534      77696474 
 1534      685F6E73 
 1535              	.LASF12:
ARM GAS  C:\Users\info\AppData\Local\Temp\cc18SFEI.s 			page 32


 1536 014c 75696E74 		.ascii	"uint8_t\000"
 1536      385F7400 
 1537              	.LASF42:
 1538 0154 706F7374 		.ascii	"post_chip_enable_wait_ns\000"
 1538      5F636869 
 1538      705F656E 
 1538      61626C65 
 1538      5F776169 
 1539              	.LASF70:
 1540 016d 2E2E5C75 		.ascii	"..\\u8g2-master\\csrc\\u8x8_setup.c\000"
 1540      3867322D 
 1540      6D617374 
 1540      65725C63 
 1540      7372635C 
 1541              	.LASF61:
 1542 018e 75387838 		.ascii	"u8x8\000"
 1542      00
 1543              	.LASF72:
 1544 0193 75387838 		.ascii	"u8x8_SetupDefaults\000"
 1544      5F536574 
 1544      75704465 
 1544      6661756C 
 1544      747300
 1545              	.LASF62:
 1546 01a6 6172675F 		.ascii	"arg_int\000"
 1546      696E7400 
 1547              	.LASF23:
 1548 01ae 6275735F 		.ascii	"bus_clock\000"
 1548      636C6F63 
 1548      6B00
 1549              	.LASF55:
 1550 01b8 64656661 		.ascii	"default_x_offset\000"
 1550      756C745F 
 1550      785F6F66 
 1550      66736574 
 1550      00
 1551              	.LASF37:
 1552 01c9 75387838 		.ascii	"u8x8_display_info_t\000"
 1552      5F646973 
 1552      706C6179 
 1552      5F696E66 
 1552      6F5F7400 
 1553              	.LASF34:
 1554 01dd 6465626F 		.ascii	"debounce_last_pin_state\000"
 1554      756E6365 
 1554      5F6C6173 
 1554      745F7069 
 1554      6E5F7374 
 1555              	.LASF9:
 1556 01f5 6C6F6E67 		.ascii	"long long int\000"
 1556      206C6F6E 
 1556      6720696E 
 1556      7400
 1557              	.LASF32:
 1558 0203 6770696F 		.ascii	"gpio_result\000"
 1558      5F726573 
 1558      756C7400 
ARM GAS  C:\Users\info\AppData\Local\Temp\cc18SFEI.s 			page 33


 1559              	.LASF47:
 1560 020f 73636B5F 		.ascii	"sck_pulse_width_ns\000"
 1560      70756C73 
 1560      655F7769 
 1560      6474685F 
 1560      6E7300
 1561              	.LASF66:
 1562 0222 75387838 		.ascii	"u8x8_d_helper_display_init\000"
 1562      5F645F68 
 1562      656C7065 
 1562      725F6469 
 1562      73706C61 
 1563              	.LASF6:
 1564 023d 6C6F6E67 		.ascii	"long int\000"
 1564      20696E74 
 1564      00
 1565              	.LASF3:
 1566 0246 5F5F7569 		.ascii	"__uint8_t\000"
 1566      6E74385F 
 1566      7400
 1567              	.LASF19:
 1568 0250 64697370 		.ascii	"display_cb\000"
 1568      6C61795F 
 1568      636200
 1569              	.LASF69:
 1570 025b 474E5520 		.ascii	"GNU C11 5.4.1 20160609 (release) [ARM/embedded-5-br"
 1570      43313120 
 1570      352E342E 
 1570      31203230 
 1570      31363036 
 1571 028e 616E6368 		.ascii	"anch revision 237715] -mcpu=cortex-m3 -mthumb -g -O"
 1571      20726576 
 1571      6973696F 
 1571      6E203233 
 1571      37373135 
 1572 02c1 33202D66 		.ascii	"3 -ffunction-sections -ffat-lto-objects\000"
 1572      66756E63 
 1572      74696F6E 
 1572      2D736563 
 1572      74696F6E 
 1573              	.LASF51:
 1574 02e9 64617461 		.ascii	"data_setup_time_ns\000"
 1574      5F736574 
 1574      75705F74 
 1574      696D655F 
 1574      6E7300
 1575              	.LASF15:
 1576 02fc 6C6F6E67 		.ascii	"long double\000"
 1576      20646F75 
 1576      626C6500 
 1577              	.LASF54:
 1578 0308 74696C65 		.ascii	"tile_height\000"
 1578      5F686569 
 1578      67687400 
 1579              	.LASF1:
 1580 0314 756E7369 		.ascii	"unsigned char\000"
 1580      676E6564 
ARM GAS  C:\Users\info\AppData\Local\Temp\cc18SFEI.s 			page 34


 1580      20636861 
 1580      7200
 1581              	.LASF0:
 1582 0322 7369676E 		.ascii	"signed char\000"
 1582      65642063 
 1582      68617200 
 1583              	.LASF10:
 1584 032e 6C6F6E67 		.ascii	"long long unsigned int\000"
 1584      206C6F6E 
 1584      6720756E 
 1584      7369676E 
 1584      65642069 
 1585              	.LASF14:
 1586 0345 75696E74 		.ascii	"uint32_t\000"
 1586      33325F74 
 1586      00
 1587              	.LASF11:
 1588 034e 756E7369 		.ascii	"unsigned int\000"
 1588      676E6564 
 1588      20696E74 
 1588      00
 1589              	.LASF13:
 1590 035b 75696E74 		.ascii	"uint16_t\000"
 1590      31365F74 
 1590      00
 1591              	.LASF39:
 1592 0364 75387838 		.ascii	"u8x8_display_info_struct\000"
 1592      5F646973 
 1592      706C6179 
 1592      5F696E66 
 1592      6F5F7374 
 1593              	.LASF44:
 1594 037d 72657365 		.ascii	"reset_pulse_width_ms\000"
 1594      745F7075 
 1594      6C73655F 
 1594      77696474 
 1594      685F6D73 
 1595              	.LASF16:
 1596 0392 75387838 		.ascii	"u8x8_t\000"
 1596      5F7400
 1597              	.LASF50:
 1598 0399 6932635F 		.ascii	"i2c_bus_clock_100kHz\000"
 1598      6275735F 
 1598      636C6F63 
 1598      6B5F3130 
 1598      306B487A 
 1599              	.LASF48:
 1600 03ae 73636B5F 		.ascii	"sck_clock_hz\000"
 1600      636C6F63 
 1600      6B5F687A 
 1600      00
 1601              	.LASF5:
 1602 03bb 73686F72 		.ascii	"short unsigned int\000"
 1602      7420756E 
 1602      7369676E 
 1602      65642069 
 1602      6E7400
ARM GAS  C:\Users\info\AppData\Local\Temp\cc18SFEI.s 			page 35


 1603              	.LASF60:
 1604 03ce 75387838 		.ascii	"u8x8_char_cb\000"
 1604      5F636861 
 1604      725F6362 
 1604      00
 1605              	.LASF35:
 1606 03db 6465626F 		.ascii	"debounce_state\000"
 1606      756E6365 
 1606      5F737461 
 1606      746500
 1607              	.LASF74:
 1608 03ea 75387838 		.ascii	"u8x8_null_display_info\000"
 1608      5F6E756C 
 1608      6C5F6469 
 1608      73706C61 
 1608      795F696E 
 1609              	.LASF17:
 1610 0401 64697370 		.ascii	"display_info\000"
 1610      6C61795F 
 1610      696E666F 
 1610      00
 1611              	.LASF65:
 1612 040e 75387838 		.ascii	"u8x8_d_null_cb\000"
 1612      5F645F6E 
 1612      756C6C5F 
 1612      636200
 1613              	.LASF64:
 1614 041d 75387838 		.ascii	"u8x8_dummy_cb\000"
 1614      5F64756D 
 1614      6D795F63 
 1614      6200
 1615              	.LASF58:
 1616 042b 70697865 		.ascii	"pixel_height\000"
 1616      6C5F6865 
 1616      69676874 
 1616      00
 1617              	.LASF57:
 1618 0438 70697865 		.ascii	"pixel_width\000"
 1618      6C5F7769 
 1618      64746800 
 1619              	.LASF31:
 1620 0444 75746638 		.ascii	"utf8_state\000"
 1620      5F737461 
 1620      746500
 1621              	.LASF38:
 1622 044f 75387838 		.ascii	"u8x8_struct\000"
 1622      5F737472 
 1622      75637400 
 1623              	.LASF8:
 1624 045b 6C6F6E67 		.ascii	"long unsigned int\000"
 1624      20756E73 
 1624      69676E65 
 1624      6420696E 
 1624      7400
 1625              	.LASF73:
 1626 046d 75387838 		.ascii	"u8x8_Setup\000"
 1626      5F536574 
ARM GAS  C:\Users\info\AppData\Local\Temp\cc18SFEI.s 			page 36


 1626      757000
 1627              	.LASF21:
 1628 0478 62797465 		.ascii	"byte_cb\000"
 1628      5F636200 
 1629              	.LASF41:
 1630 0480 63686970 		.ascii	"chip_disable_level\000"
 1630      5F646973 
 1630      61626C65 
 1630      5F6C6576 
 1630      656C00
 1631              	.LASF28:
 1632 0493 6932635F 		.ascii	"i2c_address\000"
 1632      61646472 
 1632      65737300 
 1633              	.LASF56:
 1634 049f 666C6970 		.ascii	"flipmode_x_offset\000"
 1634      6D6F6465 
 1634      5F785F6F 
 1634      66667365 
 1634      7400
 1635              	.LASF25:
 1636 04b1 656E636F 		.ascii	"encoding\000"
 1636      64696E67 
 1636      00
 1637              	.LASF29:
 1638 04ba 6932635F 		.ascii	"i2c_started\000"
 1638      73746172 
 1638      74656400 
 1639              	.LASF67:
 1640 04c6 75387838 		.ascii	"u8x8_d_helper_display_setup_memory\000"
 1640      5F645F68 
 1640      656C7065 
 1640      725F6469 
 1640      73706C61 
 1641              	.LASF20:
 1642 04e9 6361645F 		.ascii	"cad_cb\000"
 1642      636200
 1643              	.LASF30:
 1644 04f0 64657669 		.ascii	"device_address\000"
 1644      63655F61 
 1644      64647265 
 1644      737300
 1645              	.LASF33:
 1646 04ff 6465626F 		.ascii	"debounce_default_pin_state\000"
 1646      756E6365 
 1646      5F646566 
 1646      61756C74 
 1646      5F70696E 
 1647              	.LASF59:
 1648 051a 75387838 		.ascii	"u8x8_msg_cb\000"
 1648      5F6D7367 
 1648      5F636200 
 1649              	.LASF18:
 1650 0526 6E657874 		.ascii	"next_cb\000"
 1650      5F636200 
 1651              	.LASF43:
 1652 052e 7072655F 		.ascii	"pre_chip_disable_wait_ns\000"
ARM GAS  C:\Users\info\AppData\Local\Temp\cc18SFEI.s 			page 37


 1652      63686970 
 1652      5F646973 
 1652      61626C65 
 1652      5F776169 
 1653              		.ident	"GCC: (GNU Tools for ARM Embedded Processors) 5.4.1 20160609 (release) [ARM/embedded-5-bran
