ARM GAS  C:\Users\info\AppData\Local\Temp\ccPiOAjg.s 			page 1


   1              		.syntax unified
   2              		.cpu cortex-m3
   3              		.fpu softvfp
   4              		.eabi_attribute 20, 1
   5              		.eabi_attribute 21, 1
   6              		.eabi_attribute 23, 3
   7              		.eabi_attribute 24, 1
   8              		.eabi_attribute 25, 1
   9              		.eabi_attribute 26, 1
  10              		.eabi_attribute 30, 2
  11              		.eabi_attribute 34, 1
  12              		.eabi_attribute 18, 4
  13              		.thumb
  14              		.syntax unified
  15              		.file	"u8x8_input_value.c"
  16              		.text
  17              	.Ltext0:
  18              		.cfi_sections	.debug_frame
  19              		.section	.text.u8x8_UserInterfaceInputValue,"ax",%progbits
  20              		.align	2
  21              		.global	u8x8_UserInterfaceInputValue
  22              		.thumb
  23              		.thumb_func
  24              		.type	u8x8_UserInterfaceInputValue, %function
  25              	u8x8_UserInterfaceInputValue:
  26              	.LFB0:
  27              		.file 1 "..\\u8g2-master\\csrc\\u8x8_input_value.c"
   1:..\u8g2-master\csrc/u8x8_input_value.c **** /*
   2:..\u8g2-master\csrc/u8x8_input_value.c **** 
   3:..\u8g2-master\csrc/u8x8_input_value.c ****   u8x8_input_value.c
   4:..\u8g2-master\csrc/u8x8_input_value.c ****   
   5:..\u8g2-master\csrc/u8x8_input_value.c ****   Universal 8bit Graphics Library (https://github.com/olikraus/u8g2/)
   6:..\u8g2-master\csrc/u8x8_input_value.c **** 
   7:..\u8g2-master\csrc/u8x8_input_value.c ****   Copyright (c) 2016, olikraus@gmail.com
   8:..\u8g2-master\csrc/u8x8_input_value.c ****   All rights reserved.
   9:..\u8g2-master\csrc/u8x8_input_value.c **** 
  10:..\u8g2-master\csrc/u8x8_input_value.c ****   Redistribution and use in source and binary forms, with or without modification, 
  11:..\u8g2-master\csrc/u8x8_input_value.c ****   are permitted provided that the following conditions are met:
  12:..\u8g2-master\csrc/u8x8_input_value.c **** 
  13:..\u8g2-master\csrc/u8x8_input_value.c ****   * Redistributions of source code must retain the above copyright notice, this list 
  14:..\u8g2-master\csrc/u8x8_input_value.c ****     of conditions and the following disclaimer.
  15:..\u8g2-master\csrc/u8x8_input_value.c ****     
  16:..\u8g2-master\csrc/u8x8_input_value.c ****   * Redistributions in binary form must reproduce the above copyright notice, this 
  17:..\u8g2-master\csrc/u8x8_input_value.c ****     list of conditions and the following disclaimer in the documentation and/or other 
  18:..\u8g2-master\csrc/u8x8_input_value.c ****     materials provided with the distribution.
  19:..\u8g2-master\csrc/u8x8_input_value.c **** 
  20:..\u8g2-master\csrc/u8x8_input_value.c ****   THIS SOFTWARE IS PROVIDED BY THE COPYRIGHT HOLDERS AND 
  21:..\u8g2-master\csrc/u8x8_input_value.c ****   CONTRIBUTORS "AS IS" AND ANY EXPRESS OR IMPLIED WARRANTIES, 
  22:..\u8g2-master\csrc/u8x8_input_value.c ****   INCLUDING, BUT NOT LIMITED TO, THE IMPLIED WARRANTIES OF 
  23:..\u8g2-master\csrc/u8x8_input_value.c ****   MERCHANTABILITY AND FITNESS FOR A PARTICULAR PURPOSE ARE 
  24:..\u8g2-master\csrc/u8x8_input_value.c ****   DISCLAIMED. IN NO EVENT SHALL THE COPYRIGHT HOLDER OR 
  25:..\u8g2-master\csrc/u8x8_input_value.c ****   CONTRIBUTORS BE LIABLE FOR ANY DIRECT, INDIRECT, INCIDENTAL, 
  26:..\u8g2-master\csrc/u8x8_input_value.c ****   SPECIAL, EXEMPLARY, OR CONSEQUENTIAL DAMAGES (INCLUDING, BUT 
  27:..\u8g2-master\csrc/u8x8_input_value.c ****   NOT LIMITED TO, PROCUREMENT OF SUBSTITUTE GOODS OR SERVICES; 
  28:..\u8g2-master\csrc/u8x8_input_value.c ****   LOSS OF USE, DATA, OR PROFITS; OR BUSINESS INTERRUPTION) HOWEVER 
  29:..\u8g2-master\csrc/u8x8_input_value.c ****   CAUSED AND ON ANY THEORY OF LIABILITY, WHETHER IN CONTRACT, 
  30:..\u8g2-master\csrc/u8x8_input_value.c ****   STRICT LIABILITY, OR TORT (INCLUDING NEGLIGENCE OR OTHERWISE) 
ARM GAS  C:\Users\info\AppData\Local\Temp\ccPiOAjg.s 			page 2


  31:..\u8g2-master\csrc/u8x8_input_value.c ****   ARISING IN ANY WAY OUT OF THE USE OF THIS SOFTWARE, EVEN IF 
  32:..\u8g2-master\csrc/u8x8_input_value.c ****   ADVISED OF THE POSSIBILITY OF SUCH DAMAGE.  
  33:..\u8g2-master\csrc/u8x8_input_value.c ****   
  34:..\u8g2-master\csrc/u8x8_input_value.c **** */
  35:..\u8g2-master\csrc/u8x8_input_value.c **** 
  36:..\u8g2-master\csrc/u8x8_input_value.c **** #include "u8x8.h"
  37:..\u8g2-master\csrc/u8x8_input_value.c **** 
  38:..\u8g2-master\csrc/u8x8_input_value.c **** /*
  39:..\u8g2-master\csrc/u8x8_input_value.c ****   return:
  40:..\u8g2-master\csrc/u8x8_input_value.c ****     0: value is not changed (HOME/Break Button pressed)
  41:..\u8g2-master\csrc/u8x8_input_value.c ****     1: value has been updated
  42:..\u8g2-master\csrc/u8x8_input_value.c **** */
  43:..\u8g2-master\csrc/u8x8_input_value.c **** 
  44:..\u8g2-master\csrc/u8x8_input_value.c **** uint8_t u8x8_UserInterfaceInputValue(u8x8_t *u8x8, const char *title, const char *pre, uint8_t *val
  45:..\u8g2-master\csrc/u8x8_input_value.c **** {
  28              		.loc 1 45 0
  29              		.cfi_startproc
  30              		@ args = 16, pretend = 0, frame = 8
  31              		@ frame_needed = 0, uses_anonymous_args = 0
  32              	.LVL0:
  33 0000 2DE9F04F 		push	{r4, r5, r6, r7, r8, r9, r10, fp, lr}
  34              		.cfi_def_cfa_offset 36
  35              		.cfi_offset 4, -36
  36              		.cfi_offset 5, -32
  37              		.cfi_offset 6, -28
  38              		.cfi_offset 7, -24
  39              		.cfi_offset 8, -20
  40              		.cfi_offset 9, -16
  41              		.cfi_offset 10, -12
  42              		.cfi_offset 11, -8
  43              		.cfi_offset 14, -4
  44 0004 0546     		mov	r5, r0
  45 0006 85B0     		sub	sp, sp, #20
  46              		.cfi_def_cfa_offset 56
  46:..\u8g2-master\csrc/u8x8_input_value.c ****   uint8_t height;
  47:..\u8g2-master\csrc/u8x8_input_value.c ****   uint8_t y;
  48:..\u8g2-master\csrc/u8x8_input_value.c ****   uint8_t width;
  49:..\u8g2-master\csrc/u8x8_input_value.c ****   uint8_t x;
  50:..\u8g2-master\csrc/u8x8_input_value.c ****   uint8_t local_value = *value;
  51:..\u8g2-master\csrc/u8x8_input_value.c ****   uint8_t r;
  52:..\u8g2-master\csrc/u8x8_input_value.c ****   uint8_t event;
  53:..\u8g2-master\csrc/u8x8_input_value.c **** 
  54:..\u8g2-master\csrc/u8x8_input_value.c ****   /* calculate overall height of the input value box */
  55:..\u8g2-master\csrc/u8x8_input_value.c ****   height = 1;	/* button line */
  56:..\u8g2-master\csrc/u8x8_input_value.c ****   height += u8x8_GetStringLineCnt(title);
  47              		.loc 1 56 0
  48 0008 0846     		mov	r0, r1
  49              	.LVL1:
  45:..\u8g2-master\csrc/u8x8_input_value.c ****   uint8_t height;
  50              		.loc 1 45 0
  51 000a 9246     		mov	r10, r2
  52 000c 9DF84070 		ldrb	r7, [sp, #64]	@ zero_extendqisi2
  53 0010 0291     		str	r1, [sp, #8]
  54 0012 0393     		str	r3, [sp, #12]
  50:..\u8g2-master\csrc/u8x8_input_value.c ****   uint8_t r;
  55              		.loc 1 50 0
  56 0014 1C78     		ldrb	r4, [r3]	@ zero_extendqisi2
ARM GAS  C:\Users\info\AppData\Local\Temp\ccPiOAjg.s 			page 3


  57              	.LVL2:
  45:..\u8g2-master\csrc/u8x8_input_value.c ****   uint8_t height;
  58              		.loc 1 45 0
  59 0016 9DF83890 		ldrb	r9, [sp, #56]	@ zero_extendqisi2
  60 001a 9DF83C80 		ldrb	r8, [sp, #60]	@ zero_extendqisi2
  61              		.loc 1 56 0
  62 001e FFF7FEFF 		bl	u8x8_GetStringLineCnt
  63              	.LVL3:
  57:..\u8g2-master\csrc/u8x8_input_value.c ****   
  58:..\u8g2-master\csrc/u8x8_input_value.c ****   /* calculate offset from top */
  59:..\u8g2-master\csrc/u8x8_input_value.c ****   y = 0;
  60:..\u8g2-master\csrc/u8x8_input_value.c ****   if ( height < u8x8_GetRows(u8x8)  )
  64              		.loc 1 60 0
  65 0022 2B68     		ldr	r3, [r5]
  56:..\u8g2-master\csrc/u8x8_input_value.c ****   
  66              		.loc 1 56 0
  67 0024 0130     		adds	r0, r0, #1
  68              		.loc 1 60 0
  69 0026 5E7C     		ldrb	r6, [r3, #17]	@ zero_extendqisi2
  56:..\u8g2-master\csrc/u8x8_input_value.c ****   
  70              		.loc 1 56 0
  71 0028 C0B2     		uxtb	r0, r0
  72              	.LVL4:
  73              		.loc 1 60 0
  74 002a B042     		cmp	r0, r6
  61:..\u8g2-master\csrc/u8x8_input_value.c ****   {
  62:..\u8g2-master\csrc/u8x8_input_value.c ****     y = u8x8_GetRows(u8x8);
  63:..\u8g2-master\csrc/u8x8_input_value.c ****     y -= height;
  75              		.loc 1 63 0
  76 002c 38BF     		it	cc
  77 002e 361A     		subcc	r6, r6, r0
  78              	.LVL5:
  64:..\u8g2-master\csrc/u8x8_input_value.c ****     y /= 2;
  65:..\u8g2-master\csrc/u8x8_input_value.c ****   }
  66:..\u8g2-master\csrc/u8x8_input_value.c ****   
  67:..\u8g2-master\csrc/u8x8_input_value.c ****   /* calculate offset from left for the label */
  68:..\u8g2-master\csrc/u8x8_input_value.c ****   x = 0;
  69:..\u8g2-master\csrc/u8x8_input_value.c ****   width = u8x8_GetUTF8Len(u8x8, pre);
  79              		.loc 1 69 0
  80 0030 5146     		mov	r1, r10
  81 0032 2846     		mov	r0, r5
  82              	.LVL6:
  64:..\u8g2-master\csrc/u8x8_input_value.c ****     y /= 2;
  83              		.loc 1 64 0
  84 0034 34BF     		ite	cc
  85 0036 C6F34606 		ubfxcc	r6, r6, #1, #7
  86              	.LVL7:
  59:..\u8g2-master\csrc/u8x8_input_value.c ****   if ( height < u8x8_GetRows(u8x8)  )
  87              		.loc 1 59 0
  88 003a 0026     		movcs	r6, #0
  89              	.LVL8:
  90              		.loc 1 69 0
  91 003c FFF7FEFF 		bl	u8x8_GetUTF8Len
  92              	.LVL9:
  70:..\u8g2-master\csrc/u8x8_input_value.c ****   width += digits;
  71:..\u8g2-master\csrc/u8x8_input_value.c ****   width += u8x8_GetUTF8Len(u8x8, post);
  93              		.loc 1 71 0
ARM GAS  C:\Users\info\AppData\Local\Temp\ccPiOAjg.s 			page 4


  94 0040 1199     		ldr	r1, [sp, #68]
  69:..\u8g2-master\csrc/u8x8_input_value.c ****   width += digits;
  95              		.loc 1 69 0
  96 0042 8346     		mov	fp, r0
  97              	.LVL10:
  98              		.loc 1 71 0
  99 0044 2846     		mov	r0, r5
 100 0046 FFF7FEFF 		bl	u8x8_GetUTF8Len
 101              	.LVL11:
  72:..\u8g2-master\csrc/u8x8_input_value.c ****   if ( width < u8x8_GetCols(u8x8) )
 102              		.loc 1 72 0
 103 004a 2A68     		ldr	r2, [r5]
 104 004c 5844     		add	r0, r0, fp
 105 004e 137C     		ldrb	r3, [r2, #16]	@ zero_extendqisi2
  71:..\u8g2-master\csrc/u8x8_input_value.c ****   if ( width < u8x8_GetCols(u8x8) )
 106              		.loc 1 71 0
 107 0050 3844     		add	r0, r0, r7
 108 0052 00F0FF00 		and	r0, r0, #255
 109              	.LVL12:
 110              		.loc 1 72 0
 111 0056 9842     		cmp	r0, r3
  73:..\u8g2-master\csrc/u8x8_input_value.c ****   {
  74:..\u8g2-master\csrc/u8x8_input_value.c ****     x = u8x8_GetCols(u8x8);
  75:..\u8g2-master\csrc/u8x8_input_value.c ****     x -= width;
 112              		.loc 1 75 0
 113 0058 3CBF     		itt	cc
 114 005a 181A     		subcc	r0, r3, r0
 115              	.LVL13:
  76:..\u8g2-master\csrc/u8x8_input_value.c ****     x /= 2;
 116              		.loc 1 76 0
 117 005c C0F3460B 		ubfxcc	fp, r0, #1, #7
 118              	.LVL14:
  77:..\u8g2-master\csrc/u8x8_input_value.c ****   }
  78:..\u8g2-master\csrc/u8x8_input_value.c ****   
  79:..\u8g2-master\csrc/u8x8_input_value.c ****   /* render */
  80:..\u8g2-master\csrc/u8x8_input_value.c ****   u8x8_ClearDisplay(u8x8);   /* required, because not everything is filled */
 119              		.loc 1 80 0
 120 0060 2846     		mov	r0, r5
  68:..\u8g2-master\csrc/u8x8_input_value.c ****   width = u8x8_GetUTF8Len(u8x8, pre);
 121              		.loc 1 68 0
 122 0062 28BF     		it	cs
 123 0064 4FF0000B 		movcs	fp, #0
 124              	.LVL15:
 125              		.loc 1 80 0
 126 0068 FFF7FEFF 		bl	u8x8_ClearDisplay
 127              	.LVL16:
  81:..\u8g2-master\csrc/u8x8_input_value.c ****   u8x8_SetInverseFont(u8x8, 0);  
 128              		.loc 1 81 0
 129 006c 0021     		movs	r1, #0
  82:..\u8g2-master\csrc/u8x8_input_value.c ****   y += u8x8_DrawUTF8Lines(u8x8, 0, y, u8x8_GetCols(u8x8), title);
 130              		.loc 1 82 0
 131 006e 2B68     		ldr	r3, [r5]
 132 0070 029A     		ldr	r2, [sp, #8]
  81:..\u8g2-master\csrc/u8x8_input_value.c ****   u8x8_SetInverseFont(u8x8, 0);  
 133              		.loc 1 81 0
 134 0072 85F82310 		strb	r1, [r5, #35]
 135              		.loc 1 82 0
ARM GAS  C:\Users\info\AppData\Local\Temp\ccPiOAjg.s 			page 5


 136 0076 1B7C     		ldrb	r3, [r3, #16]	@ zero_extendqisi2
 137 0078 2846     		mov	r0, r5
 138 007a 0092     		str	r2, [sp]
 139 007c 3246     		mov	r2, r6
 140 007e FFF7FEFF 		bl	u8x8_DrawUTF8Lines
 141              	.LVL17:
 142 0082 3044     		add	r0, r0, r6
 143 0084 C6B2     		uxtb	r6, r0
 144              	.LVL18:
  83:..\u8g2-master\csrc/u8x8_input_value.c ****   x += u8x8_DrawUTF8(u8x8, x, y, pre);
 145              		.loc 1 83 0
 146 0086 5346     		mov	r3, r10
 147 0088 3246     		mov	r2, r6
 148 008a 5946     		mov	r1, fp
 149 008c 2846     		mov	r0, r5
 150 008e FFF7FEFF 		bl	u8x8_DrawUTF8
 151              	.LVL19:
 152 0092 5844     		add	r0, r0, fp
 153 0094 5FFA80FA 		uxtb	r10, r0
 154              	.LVL20:
  84:..\u8g2-master\csrc/u8x8_input_value.c ****   u8x8_DrawUTF8(u8x8, x+digits, y, post);
 155              		.loc 1 84 0
 156 0098 07EB0A01 		add	r1, r7, r10
 157 009c 119B     		ldr	r3, [sp, #68]
 158 009e C9B2     		uxtb	r1, r1
 159 00a0 3246     		mov	r2, r6
 160 00a2 2846     		mov	r0, r5
 161 00a4 FFF7FEFF 		bl	u8x8_DrawUTF8
 162              	.LVL21:
  85:..\u8g2-master\csrc/u8x8_input_value.c ****   u8x8_SetInverseFont(u8x8, 1);
 163              		.loc 1 85 0
 164 00a8 0123     		movs	r3, #1
 165 00aa 85F82330 		strb	r3, [r5, #35]
 166              	.LVL22:
 167              	.L25:
  86:..\u8g2-master\csrc/u8x8_input_value.c ****   
  87:..\u8g2-master\csrc/u8x8_input_value.c ****   /* event loop */
  88:..\u8g2-master\csrc/u8x8_input_value.c ****   u8x8_DrawUTF8(u8x8, x, y, u8x8_u8toa(local_value, digits));
 168              		.loc 1 88 0
 169 00ae 3946     		mov	r1, r7
 170 00b0 2046     		mov	r0, r4
 171 00b2 FFF7FEFF 		bl	u8x8_u8toa
 172              	.LVL23:
 173 00b6 3246     		mov	r2, r6
 174 00b8 0346     		mov	r3, r0
 175 00ba 5146     		mov	r1, r10
 176 00bc 2846     		mov	r0, r5
 177 00be FFF7FEFF 		bl	u8x8_DrawUTF8
 178              	.LVL24:
 179              	.L4:
  89:..\u8g2-master\csrc/u8x8_input_value.c ****   for(;;)
  90:..\u8g2-master\csrc/u8x8_input_value.c ****   {
  91:..\u8g2-master\csrc/u8x8_input_value.c ****     event = u8x8_GetMenuEvent(u8x8);
 180              		.loc 1 91 0
 181 00c2 2846     		mov	r0, r5
 182 00c4 FFF7FEFF 		bl	u8x8_GetMenuEvent
 183              	.LVL25:
ARM GAS  C:\Users\info\AppData\Local\Temp\ccPiOAjg.s 			page 6


  92:..\u8g2-master\csrc/u8x8_input_value.c ****     if ( event == U8X8_MSG_GPIO_MENU_SELECT )
 184              		.loc 1 92 0
 185 00c8 5028     		cmp	r0, #80
 186 00ca 16D0     		beq	.L27
  93:..\u8g2-master\csrc/u8x8_input_value.c ****     {
  94:..\u8g2-master\csrc/u8x8_input_value.c ****       *value = local_value;
  95:..\u8g2-master\csrc/u8x8_input_value.c ****       r = 1;
  96:..\u8g2-master\csrc/u8x8_input_value.c ****       break;
  97:..\u8g2-master\csrc/u8x8_input_value.c ****     }
  98:..\u8g2-master\csrc/u8x8_input_value.c ****     else if ( event == U8X8_MSG_GPIO_MENU_HOME )
 187              		.loc 1 98 0
 188 00cc 5328     		cmp	r0, #83
 189 00ce 1DD0     		beq	.L15
  99:..\u8g2-master\csrc/u8x8_input_value.c ****     {
 100:..\u8g2-master\csrc/u8x8_input_value.c ****       r = 0;
 101:..\u8g2-master\csrc/u8x8_input_value.c ****       break;
 102:..\u8g2-master\csrc/u8x8_input_value.c ****     }
 103:..\u8g2-master\csrc/u8x8_input_value.c ****     else if ( event == U8X8_MSG_GPIO_MENU_NEXT || event == U8X8_MSG_GPIO_MENU_UP )
 190              		.loc 1 103 0
 191 00d0 5128     		cmp	r0, #81
 192 00d2 0CD0     		beq	.L7
 193              		.loc 1 103 0 is_stmt 0 discriminator 1
 194 00d4 5428     		cmp	r0, #84
 195 00d6 0AD0     		beq	.L7
 104:..\u8g2-master\csrc/u8x8_input_value.c ****     {
 105:..\u8g2-master\csrc/u8x8_input_value.c ****       if ( local_value >= hi )
 106:..\u8g2-master\csrc/u8x8_input_value.c **** 	local_value = lo;
 107:..\u8g2-master\csrc/u8x8_input_value.c ****       else
 108:..\u8g2-master\csrc/u8x8_input_value.c **** 	local_value++;
 109:..\u8g2-master\csrc/u8x8_input_value.c ****       u8x8_DrawUTF8(u8x8, x, y, u8x8_u8toa(local_value, digits));
 110:..\u8g2-master\csrc/u8x8_input_value.c ****     }
 111:..\u8g2-master\csrc/u8x8_input_value.c ****     else if ( event == U8X8_MSG_GPIO_MENU_PREV || event == U8X8_MSG_GPIO_MENU_DOWN )
 196              		.loc 1 111 0 is_stmt 1
 197 00d8 5228     		cmp	r0, #82
 198 00da 01D0     		beq	.L11
 199              		.loc 1 111 0 is_stmt 0 discriminator 1
 200 00dc 5528     		cmp	r0, #85
 201 00de F0D1     		bne	.L4
 202              	.L11:
 112:..\u8g2-master\csrc/u8x8_input_value.c ****     {
 113:..\u8g2-master\csrc/u8x8_input_value.c ****       if ( local_value <= lo )
 203              		.loc 1 113 0 is_stmt 1
 204 00e0 4C45     		cmp	r4, r9
 114:..\u8g2-master\csrc/u8x8_input_value.c **** 	local_value = hi;
 115:..\u8g2-master\csrc/u8x8_input_value.c ****       else
 116:..\u8g2-master\csrc/u8x8_input_value.c **** 	local_value--;
 205              		.loc 1 116 0
 206 00e2 86BF     		itte	hi
 207 00e4 04F1FF34 		addhi	r4, r4, #-1
 208              	.LVL26:
 209 00e8 E4B2     		uxtbhi	r4, r4
 210              	.LVL27:
 114:..\u8g2-master\csrc/u8x8_input_value.c **** 	local_value = hi;
 211              		.loc 1 114 0
 212 00ea 4446     		movls	r4, r8
 213              	.LVL28:
 214 00ec DFE7     		b	.L25
ARM GAS  C:\Users\info\AppData\Local\Temp\ccPiOAjg.s 			page 7


 215              	.LVL29:
 216              	.L7:
 105:..\u8g2-master\csrc/u8x8_input_value.c **** 	local_value = lo;
 217              		.loc 1 105 0
 218 00ee 4445     		cmp	r4, r8
 108:..\u8g2-master\csrc/u8x8_input_value.c ****       u8x8_DrawUTF8(u8x8, x, y, u8x8_u8toa(local_value, digits));
 219              		.loc 1 108 0
 220 00f0 3ABF     		itte	cc
 221 00f2 0134     		addcc	r4, r4, #1
 222              	.LVL30:
 223 00f4 E4B2     		uxtbcc	r4, r4
 224              	.LVL31:
 106:..\u8g2-master\csrc/u8x8_input_value.c ****       else
 225              		.loc 1 106 0
 226 00f6 4C46     		movcs	r4, r9
 227              	.LVL32:
 228 00f8 D9E7     		b	.L25
 229              	.LVL33:
 230              	.L27:
  94:..\u8g2-master\csrc/u8x8_input_value.c ****       r = 1;
 231              		.loc 1 94 0
 232 00fa 039B     		ldr	r3, [sp, #12]
  95:..\u8g2-master\csrc/u8x8_input_value.c ****       break;
 233              		.loc 1 95 0
 234 00fc 0120     		movs	r0, #1
 235              	.LVL34:
  94:..\u8g2-master\csrc/u8x8_input_value.c ****       r = 1;
 236              		.loc 1 94 0
 237 00fe 1C70     		strb	r4, [r3]
 238              	.LVL35:
 117:..\u8g2-master\csrc/u8x8_input_value.c ****       u8x8_DrawUTF8(u8x8, x, y, u8x8_u8toa(local_value, digits));
 118:..\u8g2-master\csrc/u8x8_input_value.c ****     }        
 119:..\u8g2-master\csrc/u8x8_input_value.c ****   }
 120:..\u8g2-master\csrc/u8x8_input_value.c ****   
 121:..\u8g2-master\csrc/u8x8_input_value.c ****   u8x8_SetInverseFont(u8x8, 0);
 239              		.loc 1 121 0
 240 0100 0023     		movs	r3, #0
 241 0102 85F82330 		strb	r3, [r5, #35]
 122:..\u8g2-master\csrc/u8x8_input_value.c ****   return r;  
 123:..\u8g2-master\csrc/u8x8_input_value.c **** }
 242              		.loc 1 123 0
 243 0106 05B0     		add	sp, sp, #20
 244              		.cfi_remember_state
 245              		.cfi_def_cfa_offset 36
 246              		@ sp needed
 247 0108 BDE8F08F 		pop	{r4, r5, r6, r7, r8, r9, r10, fp, pc}
 248              	.LVL36:
 249              	.L15:
 250              		.cfi_restore_state
 100:..\u8g2-master\csrc/u8x8_input_value.c ****       break;
 251              		.loc 1 100 0
 252 010c 0020     		movs	r0, #0
 253              	.LVL37:
 121:..\u8g2-master\csrc/u8x8_input_value.c ****   return r;  
 254              		.loc 1 121 0
 255 010e 0023     		movs	r3, #0
 256 0110 85F82330 		strb	r3, [r5, #35]
ARM GAS  C:\Users\info\AppData\Local\Temp\ccPiOAjg.s 			page 8


 257              		.loc 1 123 0
 258 0114 05B0     		add	sp, sp, #20
 259              		.cfi_def_cfa_offset 36
 260              		@ sp needed
 261 0116 BDE8F08F 		pop	{r4, r5, r6, r7, r8, r9, r10, fp, pc}
 262              		.cfi_endproc
 263              	.LFE0:
 264              		.size	u8x8_UserInterfaceInputValue, .-u8x8_UserInterfaceInputValue
 265 011a 00BF     		.text
 266              	.Letext0:
 267              		.file 2 "c:\\program files (x86)\\cypress\\psoc creator\\4.2\\psoc creator\\import\\gnu\\arm\\5.4.
 268              		.file 3 "c:\\program files (x86)\\cypress\\psoc creator\\4.2\\psoc creator\\import\\gnu\\arm\\5.4.
 269              		.file 4 "..\\u8g2-master\\csrc\\u8x8.h"
 270              		.section	.debug_info,"",%progbits
 271              	.Ldebug_info0:
 272 0000 C1050000 		.4byte	0x5c1
 273 0004 0400     		.2byte	0x4
 274 0006 00000000 		.4byte	.Ldebug_abbrev0
 275 000a 04       		.byte	0x4
 276 000b 01       		.uleb128 0x1
 277 000c 87020000 		.4byte	.LASF78
 278 0010 0C       		.byte	0xc
 279 0011 00000000 		.4byte	.LASF79
 280 0015 04010000 		.4byte	.LASF80
 281 0019 00000000 		.4byte	.Ldebug_ranges0+0
 282 001d 00000000 		.4byte	0
 283 0021 00000000 		.4byte	.Ldebug_line0
 284 0025 02       		.uleb128 0x2
 285 0026 01       		.byte	0x1
 286 0027 06       		.byte	0x6
 287 0028 5E030000 		.4byte	.LASF0
 288 002c 03       		.uleb128 0x3
 289 002d 6B020000 		.4byte	.LASF3
 290 0031 02       		.byte	0x2
 291 0032 1D       		.byte	0x1d
 292 0033 37000000 		.4byte	0x37
 293 0037 02       		.uleb128 0x2
 294 0038 01       		.byte	0x1
 295 0039 08       		.byte	0x8
 296 003a 50030000 		.4byte	.LASF1
 297 003e 02       		.uleb128 0x2
 298 003f 02       		.byte	0x2
 299 0040 05       		.byte	0x5
 300 0041 7E000000 		.4byte	.LASF2
 301 0045 03       		.uleb128 0x3
 302 0046 74010000 		.4byte	.LASF4
 303 004a 02       		.byte	0x2
 304 004b 2B       		.byte	0x2b
 305 004c 50000000 		.4byte	0x50
 306 0050 02       		.uleb128 0x2
 307 0051 02       		.byte	0x2
 308 0052 07       		.byte	0x7
 309 0053 FE030000 		.4byte	.LASF5
 310 0057 02       		.uleb128 0x2
 311 0058 04       		.byte	0x4
 312 0059 05       		.byte	0x5
 313 005a 62020000 		.4byte	.LASF6
ARM GAS  C:\Users\info\AppData\Local\Temp\ccPiOAjg.s 			page 9


 314 005e 03       		.uleb128 0x3
 315 005f F9000000 		.4byte	.LASF7
 316 0063 02       		.byte	0x2
 317 0064 41       		.byte	0x41
 318 0065 69000000 		.4byte	0x69
 319 0069 02       		.uleb128 0x2
 320 006a 04       		.byte	0x4
 321 006b 07       		.byte	0x7
 322 006c 94040000 		.4byte	.LASF8
 323 0070 02       		.uleb128 0x2
 324 0071 08       		.byte	0x8
 325 0072 05       		.byte	0x5
 326 0073 35020000 		.4byte	.LASF9
 327 0077 02       		.uleb128 0x2
 328 0078 08       		.byte	0x8
 329 0079 07       		.byte	0x7
 330 007a 6A030000 		.4byte	.LASF10
 331 007e 04       		.uleb128 0x4
 332 007f 04       		.byte	0x4
 333 0080 05       		.byte	0x5
 334 0081 696E7400 		.ascii	"int\000"
 335 0085 02       		.uleb128 0x2
 336 0086 04       		.byte	0x4
 337 0087 07       		.byte	0x7
 338 0088 91030000 		.4byte	.LASF11
 339 008c 03       		.uleb128 0x3
 340 008d 9A010000 		.4byte	.LASF12
 341 0091 03       		.byte	0x3
 342 0092 18       		.byte	0x18
 343 0093 2C000000 		.4byte	0x2c
 344 0097 03       		.uleb128 0x3
 345 0098 9E030000 		.4byte	.LASF13
 346 009c 03       		.byte	0x3
 347 009d 24       		.byte	0x24
 348 009e 45000000 		.4byte	0x45
 349 00a2 03       		.uleb128 0x3
 350 00a3 81030000 		.4byte	.LASF14
 351 00a7 03       		.byte	0x3
 352 00a8 30       		.byte	0x30
 353 00a9 5E000000 		.4byte	0x5e
 354 00ad 05       		.uleb128 0x5
 355 00ae 04       		.byte	0x4
 356 00af 02       		.uleb128 0x2
 357 00b0 08       		.byte	0x8
 358 00b1 04       		.byte	0x4
 359 00b2 38030000 		.4byte	.LASF15
 360 00b6 03       		.uleb128 0x3
 361 00b7 D5030000 		.4byte	.LASF16
 362 00bb 04       		.byte	0x4
 363 00bc C3       		.byte	0xc3
 364 00bd C1000000 		.4byte	0xc1
 365 00c1 06       		.uleb128 0x6
 366 00c2 88040000 		.4byte	.LASF38
 367 00c6 30       		.byte	0x30
 368 00c7 04       		.byte	0x4
 369 00c8 4601     		.2byte	0x146
 370 00ca D3010000 		.4byte	0x1d3
ARM GAS  C:\Users\info\AppData\Local\Temp\ccPiOAjg.s 			page 10


 371 00ce 07       		.uleb128 0x7
 372 00cf 32040000 		.4byte	.LASF17
 373 00d3 04       		.byte	0x4
 374 00d4 4801     		.2byte	0x148
 375 00d6 38030000 		.4byte	0x338
 376 00da 00       		.byte	0
 377 00db 07       		.uleb128 0x7
 378 00dc 3C050000 		.4byte	.LASF18
 379 00e0 04       		.byte	0x4
 380 00e1 4901     		.2byte	0x149
 381 00e3 0D030000 		.4byte	0x30d
 382 00e7 04       		.byte	0x4
 383 00e8 07       		.uleb128 0x7
 384 00e9 75020000 		.4byte	.LASF19
 385 00ed 04       		.byte	0x4
 386 00ee 4A01     		.2byte	0x14a
 387 00f0 D8020000 		.4byte	0x2d8
 388 00f4 08       		.byte	0x8
 389 00f5 07       		.uleb128 0x7
 390 00f6 F4040000 		.4byte	.LASF20
 391 00fa 04       		.byte	0x4
 392 00fb 4B01     		.2byte	0x14b
 393 00fd D8020000 		.4byte	0x2d8
 394 0101 0C       		.byte	0xc
 395 0102 07       		.uleb128 0x7
 396 0103 A6040000 		.4byte	.LASF21
 397 0107 04       		.byte	0x4
 398 0108 4C01     		.2byte	0x14c
 399 010a D8020000 		.4byte	0x2d8
 400 010e 10       		.byte	0x10
 401 010f 07       		.uleb128 0x7
 402 0110 88000000 		.4byte	.LASF22
 403 0114 04       		.byte	0x4
 404 0115 4D01     		.2byte	0x14d
 405 0117 D8020000 		.4byte	0x2d8
 406 011b 14       		.byte	0x14
 407 011c 07       		.uleb128 0x7
 408 011d EE010000 		.4byte	.LASF23
 409 0121 04       		.byte	0x4
 410 0122 4E01     		.2byte	0x14e
 411 0124 A2000000 		.4byte	0xa2
 412 0128 18       		.byte	0x18
 413 0129 07       		.uleb128 0x7
 414 012a 65000000 		.4byte	.LASF24
 415 012e 04       		.byte	0x4
 416 012f 4F01     		.2byte	0x14f
 417 0131 43030000 		.4byte	0x343
 418 0135 1C       		.byte	0x1c
 419 0136 07       		.uleb128 0x7
 420 0137 DF040000 		.4byte	.LASF25
 421 013b 04       		.byte	0x4
 422 013c 5001     		.2byte	0x150
 423 013e 97000000 		.4byte	0x97
 424 0142 20       		.byte	0x20
 425 0143 07       		.uleb128 0x7
 426 0144 2C000000 		.4byte	.LASF26
 427 0148 04       		.byte	0x4
ARM GAS  C:\Users\info\AppData\Local\Temp\ccPiOAjg.s 			page 11


 428 0149 5101     		.2byte	0x151
 429 014b 8C000000 		.4byte	0x8c
 430 014f 22       		.byte	0x22
 431 0150 07       		.uleb128 0x7
 432 0151 35000000 		.4byte	.LASF27
 433 0155 04       		.byte	0x4
 434 0156 5201     		.2byte	0x152
 435 0158 8C000000 		.4byte	0x8c
 436 015c 23       		.byte	0x23
 437 015d 07       		.uleb128 0x7
 438 015e C1040000 		.4byte	.LASF28
 439 0162 04       		.byte	0x4
 440 0163 5301     		.2byte	0x153
 441 0165 8C000000 		.4byte	0x8c
 442 0169 24       		.byte	0x24
 443 016a 07       		.uleb128 0x7
 444 016b E8040000 		.4byte	.LASF29
 445 016f 04       		.byte	0x4
 446 0170 5601     		.2byte	0x156
 447 0172 8C000000 		.4byte	0x8c
 448 0176 25       		.byte	0x25
 449 0177 07       		.uleb128 0x7
 450 0178 FB040000 		.4byte	.LASF30
 451 017c 04       		.byte	0x4
 452 017d 5701     		.2byte	0x157
 453 017f 8C000000 		.4byte	0x8c
 454 0183 26       		.byte	0x26
 455 0184 07       		.uleb128 0x7
 456 0185 7D040000 		.4byte	.LASF31
 457 0189 04       		.byte	0x4
 458 018a 5801     		.2byte	0x158
 459 018c 8C000000 		.4byte	0x8c
 460 0190 27       		.byte	0x27
 461 0191 07       		.uleb128 0x7
 462 0192 43020000 		.4byte	.LASF32
 463 0196 04       		.byte	0x4
 464 0197 5901     		.2byte	0x159
 465 0199 8C000000 		.4byte	0x8c
 466 019d 28       		.byte	0x28
 467 019e 07       		.uleb128 0x7
 468 019f 0A050000 		.4byte	.LASF33
 469 01a3 04       		.byte	0x4
 470 01a4 5A01     		.2byte	0x15a
 471 01a6 8C000000 		.4byte	0x8c
 472 01aa 29       		.byte	0x29
 473 01ab 07       		.uleb128 0x7
 474 01ac 1D020000 		.4byte	.LASF34
 475 01b0 04       		.byte	0x4
 476 01b1 5B01     		.2byte	0x15b
 477 01b3 8C000000 		.4byte	0x8c
 478 01b7 2A       		.byte	0x2a
 479 01b8 07       		.uleb128 0x7
 480 01b9 23040000 		.4byte	.LASF35
 481 01bd 04       		.byte	0x4
 482 01be 5C01     		.2byte	0x15c
 483 01c0 8C000000 		.4byte	0x8c
 484 01c4 2B       		.byte	0x2b
ARM GAS  C:\Users\info\AppData\Local\Temp\ccPiOAjg.s 			page 12


 485 01c5 07       		.uleb128 0x7
 486 01c6 6A000000 		.4byte	.LASF36
 487 01ca 04       		.byte	0x4
 488 01cb 5D01     		.2byte	0x15d
 489 01cd 8C000000 		.4byte	0x8c
 490 01d1 2C       		.byte	0x2c
 491 01d2 00       		.byte	0
 492 01d3 03       		.uleb128 0x3
 493 01d4 09020000 		.4byte	.LASF37
 494 01d8 04       		.byte	0x4
 495 01d9 C4       		.byte	0xc4
 496 01da DE010000 		.4byte	0x1de
 497 01de 08       		.uleb128 0x8
 498 01df A7030000 		.4byte	.LASF39
 499 01e3 18       		.byte	0x18
 500 01e4 04       		.byte	0x4
 501 01e5 DD       		.byte	0xdd
 502 01e6 D8020000 		.4byte	0x2d8
 503 01ea 09       		.uleb128 0x9
 504 01eb 53000000 		.4byte	.LASF40
 505 01ef 04       		.byte	0x4
 506 01f0 E1       		.byte	0xe1
 507 01f1 8C000000 		.4byte	0x8c
 508 01f5 00       		.byte	0
 509 01f6 09       		.uleb128 0x9
 510 01f7 AE040000 		.4byte	.LASF41
 511 01fb 04       		.byte	0x4
 512 01fc E2       		.byte	0xe2
 513 01fd 8C000000 		.4byte	0x8c
 514 0201 01       		.byte	0x1
 515 0202 09       		.uleb128 0x9
 516 0203 A2010000 		.4byte	.LASF42
 517 0207 04       		.byte	0x4
 518 0208 E4       		.byte	0xe4
 519 0209 8C000000 		.4byte	0x8c
 520 020d 02       		.byte	0x2
 521 020e 09       		.uleb128 0x9
 522 020f 52050000 		.4byte	.LASF43
 523 0213 04       		.byte	0x4
 524 0214 E5       		.byte	0xe5
 525 0215 8C000000 		.4byte	0x8c
 526 0219 03       		.byte	0x3
 527 021a 09       		.uleb128 0x9
 528 021b C0030000 		.4byte	.LASF44
 529 021f 04       		.byte	0x4
 530 0220 E6       		.byte	0xe6
 531 0221 8C000000 		.4byte	0x8c
 532 0225 04       		.byte	0x4
 533 0226 09       		.uleb128 0x9
 534 0227 E6000000 		.4byte	.LASF45
 535 022b 04       		.byte	0x4
 536 022c E7       		.byte	0xe7
 537 022d 8C000000 		.4byte	0x8c
 538 0231 05       		.byte	0x5
 539 0232 09       		.uleb128 0x9
 540 0233 D4000000 		.4byte	.LASF46
 541 0237 04       		.byte	0x4
ARM GAS  C:\Users\info\AppData\Local\Temp\ccPiOAjg.s 			page 13


 542 0238 EE       		.byte	0xee
 543 0239 8C000000 		.4byte	0x8c
 544 023d 06       		.byte	0x6
 545 023e 09       		.uleb128 0x9
 546 023f 4F020000 		.4byte	.LASF47
 547 0243 04       		.byte	0x4
 548 0244 F2       		.byte	0xf2
 549 0245 8C000000 		.4byte	0x8c
 550 0249 07       		.byte	0x7
 551 024a 09       		.uleb128 0x9
 552 024b F1030000 		.4byte	.LASF48
 553 024f 04       		.byte	0x4
 554 0250 F5       		.byte	0xf5
 555 0251 A2000000 		.4byte	0xa2
 556 0255 08       		.byte	0x8
 557 0256 09       		.uleb128 0x9
 558 0257 4A000000 		.4byte	.LASF49
 559 025b 04       		.byte	0x4
 560 025c FF       		.byte	0xff
 561 025d 8C000000 		.4byte	0x8c
 562 0261 0C       		.byte	0xc
 563 0262 07       		.uleb128 0x7
 564 0263 DC030000 		.4byte	.LASF50
 565 0267 04       		.byte	0x4
 566 0268 0201     		.2byte	0x102
 567 026a 8C000000 		.4byte	0x8c
 568 026e 0D       		.byte	0xd
 569 026f 07       		.uleb128 0x7
 570 0270 15030000 		.4byte	.LASF51
 571 0274 04       		.byte	0x4
 572 0275 0801     		.2byte	0x108
 573 0277 8C000000 		.4byte	0x8c
 574 027b 0E       		.byte	0xe
 575 027c 07       		.uleb128 0x7
 576 027d 85010000 		.4byte	.LASF52
 577 0281 04       		.byte	0x4
 578 0282 0A01     		.2byte	0x10a
 579 0284 8C000000 		.4byte	0x8c
 580 0288 0F       		.byte	0xf
 581 0289 07       		.uleb128 0x7
 582 028a 9A000000 		.4byte	.LASF53
 583 028e 04       		.byte	0x4
 584 028f 0D01     		.2byte	0x10d
 585 0291 8C000000 		.4byte	0x8c
 586 0295 10       		.byte	0x10
 587 0296 07       		.uleb128 0x7
 588 0297 44030000 		.4byte	.LASF54
 589 029b 04       		.byte	0x4
 590 029c 0E01     		.2byte	0x10e
 591 029e 8C000000 		.4byte	0x8c
 592 02a2 11       		.byte	0x11
 593 02a3 07       		.uleb128 0x7
 594 02a4 F8010000 		.4byte	.LASF55
 595 02a8 04       		.byte	0x4
 596 02a9 1001     		.2byte	0x110
 597 02ab 8C000000 		.4byte	0x8c
 598 02af 12       		.byte	0x12
ARM GAS  C:\Users\info\AppData\Local\Temp\ccPiOAjg.s 			page 14


 599 02b0 07       		.uleb128 0x7
 600 02b1 CD040000 		.4byte	.LASF56
 601 02b5 04       		.byte	0x4
 602 02b6 1101     		.2byte	0x111
 603 02b8 8C000000 		.4byte	0x8c
 604 02bc 13       		.byte	0x13
 605 02bd 07       		.uleb128 0x7
 606 02be 71040000 		.4byte	.LASF57
 607 02c2 04       		.byte	0x4
 608 02c3 1901     		.2byte	0x119
 609 02c5 97000000 		.4byte	0x97
 610 02c9 14       		.byte	0x14
 611 02ca 07       		.uleb128 0x7
 612 02cb 3F040000 		.4byte	.LASF58
 613 02cf 04       		.byte	0x4
 614 02d0 1A01     		.2byte	0x11a
 615 02d2 97000000 		.4byte	0x97
 616 02d6 16       		.byte	0x16
 617 02d7 00       		.byte	0
 618 02d8 03       		.uleb128 0x3
 619 02d9 30050000 		.4byte	.LASF59
 620 02dd 04       		.byte	0x4
 621 02de C7       		.byte	0xc7
 622 02df E3020000 		.4byte	0x2e3
 623 02e3 0A       		.uleb128 0xa
 624 02e4 04       		.byte	0x4
 625 02e5 E9020000 		.4byte	0x2e9
 626 02e9 0B       		.uleb128 0xb
 627 02ea 8C000000 		.4byte	0x8c
 628 02ee 07030000 		.4byte	0x307
 629 02f2 0C       		.uleb128 0xc
 630 02f3 07030000 		.4byte	0x307
 631 02f7 0C       		.uleb128 0xc
 632 02f8 8C000000 		.4byte	0x8c
 633 02fc 0C       		.uleb128 0xc
 634 02fd 8C000000 		.4byte	0x8c
 635 0301 0C       		.uleb128 0xc
 636 0302 AD000000 		.4byte	0xad
 637 0306 00       		.byte	0
 638 0307 0A       		.uleb128 0xa
 639 0308 04       		.byte	0x4
 640 0309 B6000000 		.4byte	0xb6
 641 030d 03       		.uleb128 0x3
 642 030e 11040000 		.4byte	.LASF60
 643 0312 04       		.byte	0x4
 644 0313 C8       		.byte	0xc8
 645 0314 18030000 		.4byte	0x318
 646 0318 0A       		.uleb128 0xa
 647 0319 04       		.byte	0x4
 648 031a 1E030000 		.4byte	0x31e
 649 031e 0B       		.uleb128 0xb
 650 031f 97000000 		.4byte	0x97
 651 0323 32030000 		.4byte	0x332
 652 0327 0C       		.uleb128 0xc
 653 0328 07030000 		.4byte	0x307
 654 032c 0C       		.uleb128 0xc
 655 032d 8C000000 		.4byte	0x8c
ARM GAS  C:\Users\info\AppData\Local\Temp\ccPiOAjg.s 			page 15


 656 0331 00       		.byte	0
 657 0332 0A       		.uleb128 0xa
 658 0333 04       		.byte	0x4
 659 0334 8C000000 		.4byte	0x8c
 660 0338 0A       		.uleb128 0xa
 661 0339 04       		.byte	0x4
 662 033a 3E030000 		.4byte	0x33e
 663 033e 0D       		.uleb128 0xd
 664 033f D3010000 		.4byte	0x1d3
 665 0343 0A       		.uleb128 0xa
 666 0344 04       		.byte	0x4
 667 0345 49030000 		.4byte	0x349
 668 0349 0D       		.uleb128 0xd
 669 034a 8C000000 		.4byte	0x8c
 670 034e 0E       		.uleb128 0xe
 671 034f A5000000 		.4byte	.LASF81
 672 0353 01       		.byte	0x1
 673 0354 2C       		.byte	0x2c
 674 0355 8C000000 		.4byte	0x8c
 675 0359 00000000 		.4byte	.LFB0
 676 035d 1A010000 		.4byte	.LFE0-.LFB0
 677 0361 01       		.uleb128 0x1
 678 0362 9C       		.byte	0x9c
 679 0363 5E050000 		.4byte	0x55e
 680 0367 0F       		.uleb128 0xf
 681 0368 C1010000 		.4byte	.LASF61
 682 036c 01       		.byte	0x1
 683 036d 2C       		.byte	0x2c
 684 036e 07030000 		.4byte	0x307
 685 0372 00000000 		.4byte	.LLST0
 686 0376 0F       		.uleb128 0xf
 687 0377 BB010000 		.4byte	.LASF62
 688 037b 01       		.byte	0x1
 689 037c 2C       		.byte	0x2c
 690 037d 5E050000 		.4byte	0x55e
 691 0381 1E000000 		.4byte	.LLST1
 692 0385 10       		.uleb128 0x10
 693 0386 70726500 		.ascii	"pre\000"
 694 038a 01       		.byte	0x1
 695 038b 2C       		.byte	0x2c
 696 038c 5E050000 		.4byte	0x55e
 697 0390 3D000000 		.4byte	.LLST2
 698 0394 0F       		.uleb128 0xf
 699 0395 7F010000 		.4byte	.LASF63
 700 0399 01       		.byte	0x1
 701 039a 2C       		.byte	0x2c
 702 039b 32030000 		.4byte	0x332
 703 039f 69000000 		.4byte	.LLST3
 704 03a3 10       		.uleb128 0x10
 705 03a4 6C6F00   		.ascii	"lo\000"
 706 03a7 01       		.byte	0x1
 707 03a8 2C       		.byte	0x2c
 708 03a9 8C000000 		.4byte	0x8c
 709 03ad 88000000 		.4byte	.LLST4
 710 03b1 10       		.uleb128 0x10
 711 03b2 686900   		.ascii	"hi\000"
 712 03b5 01       		.byte	0x1
ARM GAS  C:\Users\info\AppData\Local\Temp\ccPiOAjg.s 			page 16


 713 03b6 2C       		.byte	0x2c
 714 03b7 8C000000 		.4byte	0x8c
 715 03bb A8000000 		.4byte	.LLST5
 716 03bf 0F       		.uleb128 0xf
 717 03c0 80020000 		.4byte	.LASF64
 718 03c4 01       		.byte	0x1
 719 03c5 2C       		.byte	0x2c
 720 03c6 8C000000 		.4byte	0x8c
 721 03ca C8000000 		.4byte	.LLST6
 722 03ce 0F       		.uleb128 0xf
 723 03cf 27000000 		.4byte	.LASF65
 724 03d3 01       		.byte	0x1
 725 03d4 2C       		.byte	0x2c
 726 03d5 5E050000 		.4byte	0x55e
 727 03d9 E8000000 		.4byte	.LLST7
 728 03dd 11       		.uleb128 0x11
 729 03de 8A030000 		.4byte	.LASF66
 730 03e2 01       		.byte	0x1
 731 03e3 2E       		.byte	0x2e
 732 03e4 8C000000 		.4byte	0x8c
 733 03e8 08010000 		.4byte	.LLST8
 734 03ec 12       		.uleb128 0x12
 735 03ed 7900     		.ascii	"y\000"
 736 03ef 01       		.byte	0x1
 737 03f0 2F       		.byte	0x2f
 738 03f1 8C000000 		.4byte	0x8c
 739 03f5 01       		.uleb128 0x1
 740 03f6 56       		.byte	0x56
 741 03f7 11       		.uleb128 0x11
 742 03f8 E8010000 		.4byte	.LASF67
 743 03fc 01       		.byte	0x1
 744 03fd 30       		.byte	0x30
 745 03fe 8C000000 		.4byte	0x8c
 746 0402 27010000 		.4byte	.LLST9
 747 0406 13       		.uleb128 0x13
 748 0407 7800     		.ascii	"x\000"
 749 0409 01       		.byte	0x1
 750 040a 31       		.byte	0x31
 751 040b 8C000000 		.4byte	0x8c
 752 040f 4A010000 		.4byte	.LLST10
 753 0413 11       		.uleb128 0x11
 754 0414 C6010000 		.4byte	.LASF68
 755 0418 01       		.byte	0x1
 756 0419 32       		.byte	0x32
 757 041a 8C000000 		.4byte	0x8c
 758 041e 8A010000 		.4byte	.LLST11
 759 0422 13       		.uleb128 0x13
 760 0423 7200     		.ascii	"r\000"
 761 0425 01       		.byte	0x1
 762 0426 33       		.byte	0x33
 763 0427 8C000000 		.4byte	0x8c
 764 042b D4010000 		.4byte	.LLST12
 765 042f 11       		.uleb128 0x11
 766 0430 6E010000 		.4byte	.LASF69
 767 0434 01       		.byte	0x1
 768 0435 34       		.byte	0x34
 769 0436 8C000000 		.4byte	0x8c
ARM GAS  C:\Users\info\AppData\Local\Temp\ccPiOAjg.s 			page 17


 770 043a F2010000 		.4byte	.LLST13
 771 043e 14       		.uleb128 0x14
 772 043f 22000000 		.4byte	.LVL3
 773 0443 70050000 		.4byte	0x570
 774 0447 53040000 		.4byte	0x453
 775 044b 15       		.uleb128 0x15
 776 044c 01       		.uleb128 0x1
 777 044d 50       		.byte	0x50
 778 044e 03       		.uleb128 0x3
 779 044f 91       		.byte	0x91
 780 0450 50       		.sleb128 -48
 781 0451 06       		.byte	0x6
 782 0452 00       		.byte	0
 783 0453 14       		.uleb128 0x14
 784 0454 40000000 		.4byte	.LVL9
 785 0458 7C050000 		.4byte	0x57c
 786 045c 6D040000 		.4byte	0x46d
 787 0460 15       		.uleb128 0x15
 788 0461 01       		.uleb128 0x1
 789 0462 50       		.byte	0x50
 790 0463 02       		.uleb128 0x2
 791 0464 75       		.byte	0x75
 792 0465 00       		.sleb128 0
 793 0466 15       		.uleb128 0x15
 794 0467 01       		.uleb128 0x1
 795 0468 51       		.byte	0x51
 796 0469 02       		.uleb128 0x2
 797 046a 7A       		.byte	0x7a
 798 046b 00       		.sleb128 0
 799 046c 00       		.byte	0
 800 046d 14       		.uleb128 0x14
 801 046e 4A000000 		.4byte	.LVL11
 802 0472 7C050000 		.4byte	0x57c
 803 0476 88040000 		.4byte	0x488
 804 047a 15       		.uleb128 0x15
 805 047b 01       		.uleb128 0x1
 806 047c 50       		.byte	0x50
 807 047d 02       		.uleb128 0x2
 808 047e 75       		.byte	0x75
 809 047f 00       		.sleb128 0
 810 0480 15       		.uleb128 0x15
 811 0481 01       		.uleb128 0x1
 812 0482 51       		.byte	0x51
 813 0483 03       		.uleb128 0x3
 814 0484 91       		.byte	0x91
 815 0485 0C       		.sleb128 12
 816 0486 06       		.byte	0x6
 817 0487 00       		.byte	0
 818 0488 14       		.uleb128 0x14
 819 0489 6C000000 		.4byte	.LVL16
 820 048d 88050000 		.4byte	0x588
 821 0491 9C040000 		.4byte	0x49c
 822 0495 15       		.uleb128 0x15
 823 0496 01       		.uleb128 0x1
 824 0497 50       		.byte	0x50
 825 0498 02       		.uleb128 0x2
 826 0499 75       		.byte	0x75
ARM GAS  C:\Users\info\AppData\Local\Temp\ccPiOAjg.s 			page 18


 827 049a 00       		.sleb128 0
 828 049b 00       		.byte	0
 829 049c 14       		.uleb128 0x14
 830 049d 82000000 		.4byte	.LVL17
 831 04a1 94050000 		.4byte	0x594
 832 04a5 C3040000 		.4byte	0x4c3
 833 04a9 15       		.uleb128 0x15
 834 04aa 01       		.uleb128 0x1
 835 04ab 50       		.byte	0x50
 836 04ac 02       		.uleb128 0x2
 837 04ad 75       		.byte	0x75
 838 04ae 00       		.sleb128 0
 839 04af 15       		.uleb128 0x15
 840 04b0 01       		.uleb128 0x1
 841 04b1 51       		.byte	0x51
 842 04b2 01       		.uleb128 0x1
 843 04b3 30       		.byte	0x30
 844 04b4 15       		.uleb128 0x15
 845 04b5 01       		.uleb128 0x1
 846 04b6 52       		.byte	0x52
 847 04b7 02       		.uleb128 0x2
 848 04b8 76       		.byte	0x76
 849 04b9 00       		.sleb128 0
 850 04ba 15       		.uleb128 0x15
 851 04bb 02       		.uleb128 0x2
 852 04bc 7D       		.byte	0x7d
 853 04bd 00       		.sleb128 0
 854 04be 03       		.uleb128 0x3
 855 04bf 91       		.byte	0x91
 856 04c0 50       		.sleb128 -48
 857 04c1 06       		.byte	0x6
 858 04c2 00       		.byte	0
 859 04c3 14       		.uleb128 0x14
 860 04c4 92000000 		.4byte	.LVL19
 861 04c8 A0050000 		.4byte	0x5a0
 862 04cc E9040000 		.4byte	0x4e9
 863 04d0 15       		.uleb128 0x15
 864 04d1 01       		.uleb128 0x1
 865 04d2 50       		.byte	0x50
 866 04d3 02       		.uleb128 0x2
 867 04d4 75       		.byte	0x75
 868 04d5 00       		.sleb128 0
 869 04d6 15       		.uleb128 0x15
 870 04d7 01       		.uleb128 0x1
 871 04d8 51       		.byte	0x51
 872 04d9 02       		.uleb128 0x2
 873 04da 7B       		.byte	0x7b
 874 04db 00       		.sleb128 0
 875 04dc 15       		.uleb128 0x15
 876 04dd 01       		.uleb128 0x1
 877 04de 52       		.byte	0x52
 878 04df 02       		.uleb128 0x2
 879 04e0 76       		.byte	0x76
 880 04e1 00       		.sleb128 0
 881 04e2 15       		.uleb128 0x15
 882 04e3 01       		.uleb128 0x1
 883 04e4 53       		.byte	0x53
ARM GAS  C:\Users\info\AppData\Local\Temp\ccPiOAjg.s 			page 19


 884 04e5 02       		.uleb128 0x2
 885 04e6 7A       		.byte	0x7a
 886 04e7 00       		.sleb128 0
 887 04e8 00       		.byte	0
 888 04e9 14       		.uleb128 0x14
 889 04ea A8000000 		.4byte	.LVL21
 890 04ee A0050000 		.4byte	0x5a0
 891 04f2 13050000 		.4byte	0x513
 892 04f6 15       		.uleb128 0x15
 893 04f7 01       		.uleb128 0x1
 894 04f8 50       		.byte	0x50
 895 04f9 02       		.uleb128 0x2
 896 04fa 75       		.byte	0x75
 897 04fb 00       		.sleb128 0
 898 04fc 15       		.uleb128 0x15
 899 04fd 01       		.uleb128 0x1
 900 04fe 51       		.byte	0x51
 901 04ff 05       		.uleb128 0x5
 902 0500 77       		.byte	0x77
 903 0501 00       		.sleb128 0
 904 0502 7A       		.byte	0x7a
 905 0503 00       		.sleb128 0
 906 0504 22       		.byte	0x22
 907 0505 15       		.uleb128 0x15
 908 0506 01       		.uleb128 0x1
 909 0507 52       		.byte	0x52
 910 0508 02       		.uleb128 0x2
 911 0509 76       		.byte	0x76
 912 050a 00       		.sleb128 0
 913 050b 15       		.uleb128 0x15
 914 050c 01       		.uleb128 0x1
 915 050d 53       		.byte	0x53
 916 050e 03       		.uleb128 0x3
 917 050f 91       		.byte	0x91
 918 0510 0C       		.sleb128 12
 919 0511 06       		.byte	0x6
 920 0512 00       		.byte	0
 921 0513 14       		.uleb128 0x14
 922 0514 B6000000 		.4byte	.LVL23
 923 0518 AC050000 		.4byte	0x5ac
 924 051c 2D050000 		.4byte	0x52d
 925 0520 15       		.uleb128 0x15
 926 0521 01       		.uleb128 0x1
 927 0522 50       		.byte	0x50
 928 0523 02       		.uleb128 0x2
 929 0524 74       		.byte	0x74
 930 0525 00       		.sleb128 0
 931 0526 15       		.uleb128 0x15
 932 0527 01       		.uleb128 0x1
 933 0528 51       		.byte	0x51
 934 0529 02       		.uleb128 0x2
 935 052a 77       		.byte	0x77
 936 052b 00       		.sleb128 0
 937 052c 00       		.byte	0
 938 052d 14       		.uleb128 0x14
 939 052e C2000000 		.4byte	.LVL24
 940 0532 A0050000 		.4byte	0x5a0
ARM GAS  C:\Users\info\AppData\Local\Temp\ccPiOAjg.s 			page 20


 941 0536 4D050000 		.4byte	0x54d
 942 053a 15       		.uleb128 0x15
 943 053b 01       		.uleb128 0x1
 944 053c 50       		.byte	0x50
 945 053d 02       		.uleb128 0x2
 946 053e 75       		.byte	0x75
 947 053f 00       		.sleb128 0
 948 0540 15       		.uleb128 0x15
 949 0541 01       		.uleb128 0x1
 950 0542 51       		.byte	0x51
 951 0543 02       		.uleb128 0x2
 952 0544 7A       		.byte	0x7a
 953 0545 00       		.sleb128 0
 954 0546 15       		.uleb128 0x15
 955 0547 01       		.uleb128 0x1
 956 0548 52       		.byte	0x52
 957 0549 02       		.uleb128 0x2
 958 054a 76       		.byte	0x76
 959 054b 00       		.sleb128 0
 960 054c 00       		.byte	0
 961 054d 16       		.uleb128 0x16
 962 054e C8000000 		.4byte	.LVL25
 963 0552 B8050000 		.4byte	0x5b8
 964 0556 15       		.uleb128 0x15
 965 0557 01       		.uleb128 0x1
 966 0558 50       		.byte	0x50
 967 0559 02       		.uleb128 0x2
 968 055a 75       		.byte	0x75
 969 055b 00       		.sleb128 0
 970 055c 00       		.byte	0
 971 055d 00       		.byte	0
 972 055e 0A       		.uleb128 0xa
 973 055f 04       		.byte	0x4
 974 0560 6B050000 		.4byte	0x56b
 975 0564 02       		.uleb128 0x2
 976 0565 01       		.byte	0x1
 977 0566 08       		.byte	0x8
 978 0567 1E040000 		.4byte	.LASF70
 979 056b 0D       		.uleb128 0xd
 980 056c 64050000 		.4byte	0x564
 981 0570 17       		.uleb128 0x17
 982 0571 D2010000 		.4byte	.LASF71
 983 0575 D2010000 		.4byte	.LASF71
 984 0579 04       		.byte	0x4
 985 057a BF03     		.2byte	0x3bf
 986 057c 17       		.uleb128 0x17
 987 057d 28030000 		.4byte	.LASF72
 988 0581 28030000 		.4byte	.LASF72
 989 0585 04       		.byte	0x4
 990 0586 B303     		.2byte	0x3b3
 991 0588 17       		.uleb128 0x17
 992 0589 C2000000 		.4byte	.LASF73
 993 058d C2000000 		.4byte	.LASF73
 994 0591 04       		.byte	0x4
 995 0592 2F02     		.2byte	0x22f
 996 0594 17       		.uleb128 0x17
 997 0595 4C040000 		.4byte	.LASF74
ARM GAS  C:\Users\info\AppData\Local\Temp\ccPiOAjg.s 			page 21


 998 0599 4C040000 		.4byte	.LASF74
 999 059d 04       		.byte	0x4
 1000 059e C503     		.2byte	0x3c5
 1001 05a0 17       		.uleb128 0x17
 1002 05a1 44050000 		.4byte	.LASF75
 1003 05a5 44050000 		.4byte	.LASF75
 1004 05a9 04       		.byte	0x4
 1005 05aa AE03     		.2byte	0x3ae
 1006 05ac 17       		.uleb128 0x17
 1007 05ad 25050000 		.4byte	.LASF76
 1008 05b1 25050000 		.4byte	.LASF76
 1009 05b5 04       		.byte	0x4
 1010 05b6 B803     		.2byte	0x3b8
 1011 05b8 17       		.uleb128 0x17
 1012 05b9 5F040000 		.4byte	.LASF77
 1013 05bd 5F040000 		.4byte	.LASF77
 1014 05c1 04       		.byte	0x4
 1015 05c2 FE02     		.2byte	0x2fe
 1016 05c4 00       		.byte	0
 1017              		.section	.debug_abbrev,"",%progbits
 1018              	.Ldebug_abbrev0:
 1019 0000 01       		.uleb128 0x1
 1020 0001 11       		.uleb128 0x11
 1021 0002 01       		.byte	0x1
 1022 0003 25       		.uleb128 0x25
 1023 0004 0E       		.uleb128 0xe
 1024 0005 13       		.uleb128 0x13
 1025 0006 0B       		.uleb128 0xb
 1026 0007 03       		.uleb128 0x3
 1027 0008 0E       		.uleb128 0xe
 1028 0009 1B       		.uleb128 0x1b
 1029 000a 0E       		.uleb128 0xe
 1030 000b 55       		.uleb128 0x55
 1031 000c 17       		.uleb128 0x17
 1032 000d 11       		.uleb128 0x11
 1033 000e 01       		.uleb128 0x1
 1034 000f 10       		.uleb128 0x10
 1035 0010 17       		.uleb128 0x17
 1036 0011 00       		.byte	0
 1037 0012 00       		.byte	0
 1038 0013 02       		.uleb128 0x2
 1039 0014 24       		.uleb128 0x24
 1040 0015 00       		.byte	0
 1041 0016 0B       		.uleb128 0xb
 1042 0017 0B       		.uleb128 0xb
 1043 0018 3E       		.uleb128 0x3e
 1044 0019 0B       		.uleb128 0xb
 1045 001a 03       		.uleb128 0x3
 1046 001b 0E       		.uleb128 0xe
 1047 001c 00       		.byte	0
 1048 001d 00       		.byte	0
 1049 001e 03       		.uleb128 0x3
 1050 001f 16       		.uleb128 0x16
 1051 0020 00       		.byte	0
 1052 0021 03       		.uleb128 0x3
 1053 0022 0E       		.uleb128 0xe
 1054 0023 3A       		.uleb128 0x3a
ARM GAS  C:\Users\info\AppData\Local\Temp\ccPiOAjg.s 			page 22


 1055 0024 0B       		.uleb128 0xb
 1056 0025 3B       		.uleb128 0x3b
 1057 0026 0B       		.uleb128 0xb
 1058 0027 49       		.uleb128 0x49
 1059 0028 13       		.uleb128 0x13
 1060 0029 00       		.byte	0
 1061 002a 00       		.byte	0
 1062 002b 04       		.uleb128 0x4
 1063 002c 24       		.uleb128 0x24
 1064 002d 00       		.byte	0
 1065 002e 0B       		.uleb128 0xb
 1066 002f 0B       		.uleb128 0xb
 1067 0030 3E       		.uleb128 0x3e
 1068 0031 0B       		.uleb128 0xb
 1069 0032 03       		.uleb128 0x3
 1070 0033 08       		.uleb128 0x8
 1071 0034 00       		.byte	0
 1072 0035 00       		.byte	0
 1073 0036 05       		.uleb128 0x5
 1074 0037 0F       		.uleb128 0xf
 1075 0038 00       		.byte	0
 1076 0039 0B       		.uleb128 0xb
 1077 003a 0B       		.uleb128 0xb
 1078 003b 00       		.byte	0
 1079 003c 00       		.byte	0
 1080 003d 06       		.uleb128 0x6
 1081 003e 13       		.uleb128 0x13
 1082 003f 01       		.byte	0x1
 1083 0040 03       		.uleb128 0x3
 1084 0041 0E       		.uleb128 0xe
 1085 0042 0B       		.uleb128 0xb
 1086 0043 0B       		.uleb128 0xb
 1087 0044 3A       		.uleb128 0x3a
 1088 0045 0B       		.uleb128 0xb
 1089 0046 3B       		.uleb128 0x3b
 1090 0047 05       		.uleb128 0x5
 1091 0048 01       		.uleb128 0x1
 1092 0049 13       		.uleb128 0x13
 1093 004a 00       		.byte	0
 1094 004b 00       		.byte	0
 1095 004c 07       		.uleb128 0x7
 1096 004d 0D       		.uleb128 0xd
 1097 004e 00       		.byte	0
 1098 004f 03       		.uleb128 0x3
 1099 0050 0E       		.uleb128 0xe
 1100 0051 3A       		.uleb128 0x3a
 1101 0052 0B       		.uleb128 0xb
 1102 0053 3B       		.uleb128 0x3b
 1103 0054 05       		.uleb128 0x5
 1104 0055 49       		.uleb128 0x49
 1105 0056 13       		.uleb128 0x13
 1106 0057 38       		.uleb128 0x38
 1107 0058 0B       		.uleb128 0xb
 1108 0059 00       		.byte	0
 1109 005a 00       		.byte	0
 1110 005b 08       		.uleb128 0x8
 1111 005c 13       		.uleb128 0x13
ARM GAS  C:\Users\info\AppData\Local\Temp\ccPiOAjg.s 			page 23


 1112 005d 01       		.byte	0x1
 1113 005e 03       		.uleb128 0x3
 1114 005f 0E       		.uleb128 0xe
 1115 0060 0B       		.uleb128 0xb
 1116 0061 0B       		.uleb128 0xb
 1117 0062 3A       		.uleb128 0x3a
 1118 0063 0B       		.uleb128 0xb
 1119 0064 3B       		.uleb128 0x3b
 1120 0065 0B       		.uleb128 0xb
 1121 0066 01       		.uleb128 0x1
 1122 0067 13       		.uleb128 0x13
 1123 0068 00       		.byte	0
 1124 0069 00       		.byte	0
 1125 006a 09       		.uleb128 0x9
 1126 006b 0D       		.uleb128 0xd
 1127 006c 00       		.byte	0
 1128 006d 03       		.uleb128 0x3
 1129 006e 0E       		.uleb128 0xe
 1130 006f 3A       		.uleb128 0x3a
 1131 0070 0B       		.uleb128 0xb
 1132 0071 3B       		.uleb128 0x3b
 1133 0072 0B       		.uleb128 0xb
 1134 0073 49       		.uleb128 0x49
 1135 0074 13       		.uleb128 0x13
 1136 0075 38       		.uleb128 0x38
 1137 0076 0B       		.uleb128 0xb
 1138 0077 00       		.byte	0
 1139 0078 00       		.byte	0
 1140 0079 0A       		.uleb128 0xa
 1141 007a 0F       		.uleb128 0xf
 1142 007b 00       		.byte	0
 1143 007c 0B       		.uleb128 0xb
 1144 007d 0B       		.uleb128 0xb
 1145 007e 49       		.uleb128 0x49
 1146 007f 13       		.uleb128 0x13
 1147 0080 00       		.byte	0
 1148 0081 00       		.byte	0
 1149 0082 0B       		.uleb128 0xb
 1150 0083 15       		.uleb128 0x15
 1151 0084 01       		.byte	0x1
 1152 0085 27       		.uleb128 0x27
 1153 0086 19       		.uleb128 0x19
 1154 0087 49       		.uleb128 0x49
 1155 0088 13       		.uleb128 0x13
 1156 0089 01       		.uleb128 0x1
 1157 008a 13       		.uleb128 0x13
 1158 008b 00       		.byte	0
 1159 008c 00       		.byte	0
 1160 008d 0C       		.uleb128 0xc
 1161 008e 05       		.uleb128 0x5
 1162 008f 00       		.byte	0
 1163 0090 49       		.uleb128 0x49
 1164 0091 13       		.uleb128 0x13
 1165 0092 00       		.byte	0
 1166 0093 00       		.byte	0
 1167 0094 0D       		.uleb128 0xd
 1168 0095 26       		.uleb128 0x26
ARM GAS  C:\Users\info\AppData\Local\Temp\ccPiOAjg.s 			page 24


 1169 0096 00       		.byte	0
 1170 0097 49       		.uleb128 0x49
 1171 0098 13       		.uleb128 0x13
 1172 0099 00       		.byte	0
 1173 009a 00       		.byte	0
 1174 009b 0E       		.uleb128 0xe
 1175 009c 2E       		.uleb128 0x2e
 1176 009d 01       		.byte	0x1
 1177 009e 3F       		.uleb128 0x3f
 1178 009f 19       		.uleb128 0x19
 1179 00a0 03       		.uleb128 0x3
 1180 00a1 0E       		.uleb128 0xe
 1181 00a2 3A       		.uleb128 0x3a
 1182 00a3 0B       		.uleb128 0xb
 1183 00a4 3B       		.uleb128 0x3b
 1184 00a5 0B       		.uleb128 0xb
 1185 00a6 27       		.uleb128 0x27
 1186 00a7 19       		.uleb128 0x19
 1187 00a8 49       		.uleb128 0x49
 1188 00a9 13       		.uleb128 0x13
 1189 00aa 11       		.uleb128 0x11
 1190 00ab 01       		.uleb128 0x1
 1191 00ac 12       		.uleb128 0x12
 1192 00ad 06       		.uleb128 0x6
 1193 00ae 40       		.uleb128 0x40
 1194 00af 18       		.uleb128 0x18
 1195 00b0 9742     		.uleb128 0x2117
 1196 00b2 19       		.uleb128 0x19
 1197 00b3 01       		.uleb128 0x1
 1198 00b4 13       		.uleb128 0x13
 1199 00b5 00       		.byte	0
 1200 00b6 00       		.byte	0
 1201 00b7 0F       		.uleb128 0xf
 1202 00b8 05       		.uleb128 0x5
 1203 00b9 00       		.byte	0
 1204 00ba 03       		.uleb128 0x3
 1205 00bb 0E       		.uleb128 0xe
 1206 00bc 3A       		.uleb128 0x3a
 1207 00bd 0B       		.uleb128 0xb
 1208 00be 3B       		.uleb128 0x3b
 1209 00bf 0B       		.uleb128 0xb
 1210 00c0 49       		.uleb128 0x49
 1211 00c1 13       		.uleb128 0x13
 1212 00c2 02       		.uleb128 0x2
 1213 00c3 17       		.uleb128 0x17
 1214 00c4 00       		.byte	0
 1215 00c5 00       		.byte	0
 1216 00c6 10       		.uleb128 0x10
 1217 00c7 05       		.uleb128 0x5
 1218 00c8 00       		.byte	0
 1219 00c9 03       		.uleb128 0x3
 1220 00ca 08       		.uleb128 0x8
 1221 00cb 3A       		.uleb128 0x3a
 1222 00cc 0B       		.uleb128 0xb
 1223 00cd 3B       		.uleb128 0x3b
 1224 00ce 0B       		.uleb128 0xb
 1225 00cf 49       		.uleb128 0x49
ARM GAS  C:\Users\info\AppData\Local\Temp\ccPiOAjg.s 			page 25


 1226 00d0 13       		.uleb128 0x13
 1227 00d1 02       		.uleb128 0x2
 1228 00d2 17       		.uleb128 0x17
 1229 00d3 00       		.byte	0
 1230 00d4 00       		.byte	0
 1231 00d5 11       		.uleb128 0x11
 1232 00d6 34       		.uleb128 0x34
 1233 00d7 00       		.byte	0
 1234 00d8 03       		.uleb128 0x3
 1235 00d9 0E       		.uleb128 0xe
 1236 00da 3A       		.uleb128 0x3a
 1237 00db 0B       		.uleb128 0xb
 1238 00dc 3B       		.uleb128 0x3b
 1239 00dd 0B       		.uleb128 0xb
 1240 00de 49       		.uleb128 0x49
 1241 00df 13       		.uleb128 0x13
 1242 00e0 02       		.uleb128 0x2
 1243 00e1 17       		.uleb128 0x17
 1244 00e2 00       		.byte	0
 1245 00e3 00       		.byte	0
 1246 00e4 12       		.uleb128 0x12
 1247 00e5 34       		.uleb128 0x34
 1248 00e6 00       		.byte	0
 1249 00e7 03       		.uleb128 0x3
 1250 00e8 08       		.uleb128 0x8
 1251 00e9 3A       		.uleb128 0x3a
 1252 00ea 0B       		.uleb128 0xb
 1253 00eb 3B       		.uleb128 0x3b
 1254 00ec 0B       		.uleb128 0xb
 1255 00ed 49       		.uleb128 0x49
 1256 00ee 13       		.uleb128 0x13
 1257 00ef 02       		.uleb128 0x2
 1258 00f0 18       		.uleb128 0x18
 1259 00f1 00       		.byte	0
 1260 00f2 00       		.byte	0
 1261 00f3 13       		.uleb128 0x13
 1262 00f4 34       		.uleb128 0x34
 1263 00f5 00       		.byte	0
 1264 00f6 03       		.uleb128 0x3
 1265 00f7 08       		.uleb128 0x8
 1266 00f8 3A       		.uleb128 0x3a
 1267 00f9 0B       		.uleb128 0xb
 1268 00fa 3B       		.uleb128 0x3b
 1269 00fb 0B       		.uleb128 0xb
 1270 00fc 49       		.uleb128 0x49
 1271 00fd 13       		.uleb128 0x13
 1272 00fe 02       		.uleb128 0x2
 1273 00ff 17       		.uleb128 0x17
 1274 0100 00       		.byte	0
 1275 0101 00       		.byte	0
 1276 0102 14       		.uleb128 0x14
 1277 0103 898201   		.uleb128 0x4109
 1278 0106 01       		.byte	0x1
 1279 0107 11       		.uleb128 0x11
 1280 0108 01       		.uleb128 0x1
 1281 0109 31       		.uleb128 0x31
 1282 010a 13       		.uleb128 0x13
ARM GAS  C:\Users\info\AppData\Local\Temp\ccPiOAjg.s 			page 26


 1283 010b 01       		.uleb128 0x1
 1284 010c 13       		.uleb128 0x13
 1285 010d 00       		.byte	0
 1286 010e 00       		.byte	0
 1287 010f 15       		.uleb128 0x15
 1288 0110 8A8201   		.uleb128 0x410a
 1289 0113 00       		.byte	0
 1290 0114 02       		.uleb128 0x2
 1291 0115 18       		.uleb128 0x18
 1292 0116 9142     		.uleb128 0x2111
 1293 0118 18       		.uleb128 0x18
 1294 0119 00       		.byte	0
 1295 011a 00       		.byte	0
 1296 011b 16       		.uleb128 0x16
 1297 011c 898201   		.uleb128 0x4109
 1298 011f 01       		.byte	0x1
 1299 0120 11       		.uleb128 0x11
 1300 0121 01       		.uleb128 0x1
 1301 0122 31       		.uleb128 0x31
 1302 0123 13       		.uleb128 0x13
 1303 0124 00       		.byte	0
 1304 0125 00       		.byte	0
 1305 0126 17       		.uleb128 0x17
 1306 0127 2E       		.uleb128 0x2e
 1307 0128 00       		.byte	0
 1308 0129 3F       		.uleb128 0x3f
 1309 012a 19       		.uleb128 0x19
 1310 012b 3C       		.uleb128 0x3c
 1311 012c 19       		.uleb128 0x19
 1312 012d 6E       		.uleb128 0x6e
 1313 012e 0E       		.uleb128 0xe
 1314 012f 03       		.uleb128 0x3
 1315 0130 0E       		.uleb128 0xe
 1316 0131 3A       		.uleb128 0x3a
 1317 0132 0B       		.uleb128 0xb
 1318 0133 3B       		.uleb128 0x3b
 1319 0134 05       		.uleb128 0x5
 1320 0135 00       		.byte	0
 1321 0136 00       		.byte	0
 1322 0137 00       		.byte	0
 1323              		.section	.debug_loc,"",%progbits
 1324              	.Ldebug_loc0:
 1325              	.LLST0:
 1326 0000 00000000 		.4byte	.LVL0
 1327 0004 0A000000 		.4byte	.LVL1
 1328 0008 0100     		.2byte	0x1
 1329 000a 50       		.byte	0x50
 1330 000b 0A000000 		.4byte	.LVL1
 1331 000f 1A010000 		.4byte	.LFE0
 1332 0013 0100     		.2byte	0x1
 1333 0015 55       		.byte	0x55
 1334 0016 00000000 		.4byte	0
 1335 001a 00000000 		.4byte	0
 1336              	.LLST1:
 1337 001e 00000000 		.4byte	.LVL0
 1338 0022 21000000 		.4byte	.LVL3-1
 1339 0026 0100     		.2byte	0x1
ARM GAS  C:\Users\info\AppData\Local\Temp\ccPiOAjg.s 			page 27


 1340 0028 51       		.byte	0x51
 1341 0029 21000000 		.4byte	.LVL3-1
 1342 002d 1A010000 		.4byte	.LFE0
 1343 0031 0200     		.2byte	0x2
 1344 0033 91       		.byte	0x91
 1345 0034 50       		.sleb128 -48
 1346 0035 00000000 		.4byte	0
 1347 0039 00000000 		.4byte	0
 1348              	.LLST2:
 1349 003d 00000000 		.4byte	.LVL0
 1350 0041 21000000 		.4byte	.LVL3-1
 1351 0045 0100     		.2byte	0x1
 1352 0047 52       		.byte	0x52
 1353 0048 21000000 		.4byte	.LVL3-1
 1354 004c 98000000 		.4byte	.LVL20
 1355 0050 0100     		.2byte	0x1
 1356 0052 5A       		.byte	0x5a
 1357 0053 98000000 		.4byte	.LVL20
 1358 0057 1A010000 		.4byte	.LFE0
 1359 005b 0400     		.2byte	0x4
 1360 005d F3       		.byte	0xf3
 1361 005e 01       		.uleb128 0x1
 1362 005f 52       		.byte	0x52
 1363 0060 9F       		.byte	0x9f
 1364 0061 00000000 		.4byte	0
 1365 0065 00000000 		.4byte	0
 1366              	.LLST3:
 1367 0069 00000000 		.4byte	.LVL0
 1368 006d 21000000 		.4byte	.LVL3-1
 1369 0071 0100     		.2byte	0x1
 1370 0073 53       		.byte	0x53
 1371 0074 21000000 		.4byte	.LVL3-1
 1372 0078 1A010000 		.4byte	.LFE0
 1373 007c 0200     		.2byte	0x2
 1374 007e 91       		.byte	0x91
 1375 007f 54       		.sleb128 -44
 1376 0080 00000000 		.4byte	0
 1377 0084 00000000 		.4byte	0
 1378              	.LLST4:
 1379 0088 00000000 		.4byte	.LVL0
 1380 008c 0C010000 		.4byte	.LVL36
 1381 0090 0200     		.2byte	0x2
 1382 0092 91       		.byte	0x91
 1383 0093 00       		.sleb128 0
 1384 0094 0C010000 		.4byte	.LVL36
 1385 0098 1A010000 		.4byte	.LFE0
 1386 009c 0200     		.2byte	0x2
 1387 009e 91       		.byte	0x91
 1388 009f 00       		.sleb128 0
 1389 00a0 00000000 		.4byte	0
 1390 00a4 00000000 		.4byte	0
 1391              	.LLST5:
 1392 00a8 00000000 		.4byte	.LVL0
 1393 00ac 0C010000 		.4byte	.LVL36
 1394 00b0 0200     		.2byte	0x2
 1395 00b2 91       		.byte	0x91
 1396 00b3 04       		.sleb128 4
ARM GAS  C:\Users\info\AppData\Local\Temp\ccPiOAjg.s 			page 28


 1397 00b4 0C010000 		.4byte	.LVL36
 1398 00b8 1A010000 		.4byte	.LFE0
 1399 00bc 0200     		.2byte	0x2
 1400 00be 91       		.byte	0x91
 1401 00bf 04       		.sleb128 4
 1402 00c0 00000000 		.4byte	0
 1403 00c4 00000000 		.4byte	0
 1404              	.LLST6:
 1405 00c8 00000000 		.4byte	.LVL0
 1406 00cc 0C010000 		.4byte	.LVL36
 1407 00d0 0200     		.2byte	0x2
 1408 00d2 91       		.byte	0x91
 1409 00d3 08       		.sleb128 8
 1410 00d4 0C010000 		.4byte	.LVL36
 1411 00d8 1A010000 		.4byte	.LFE0
 1412 00dc 0200     		.2byte	0x2
 1413 00de 91       		.byte	0x91
 1414 00df 08       		.sleb128 8
 1415 00e0 00000000 		.4byte	0
 1416 00e4 00000000 		.4byte	0
 1417              	.LLST7:
 1418 00e8 00000000 		.4byte	.LVL0
 1419 00ec 0C010000 		.4byte	.LVL36
 1420 00f0 0200     		.2byte	0x2
 1421 00f2 91       		.byte	0x91
 1422 00f3 0C       		.sleb128 12
 1423 00f4 0C010000 		.4byte	.LVL36
 1424 00f8 1A010000 		.4byte	.LFE0
 1425 00fc 0200     		.2byte	0x2
 1426 00fe 91       		.byte	0x91
 1427 00ff 0C       		.sleb128 12
 1428 0100 00000000 		.4byte	0
 1429 0104 00000000 		.4byte	0
 1430              	.LLST8:
 1431 0108 16000000 		.4byte	.LVL2
 1432 010c 2A000000 		.4byte	.LVL4
 1433 0110 0200     		.2byte	0x2
 1434 0112 31       		.byte	0x31
 1435 0113 9F       		.byte	0x9f
 1436 0114 2A000000 		.4byte	.LVL4
 1437 0118 34000000 		.4byte	.LVL6
 1438 011c 0100     		.2byte	0x1
 1439 011e 50       		.byte	0x50
 1440 011f 00000000 		.4byte	0
 1441 0123 00000000 		.4byte	0
 1442              	.LLST9:
 1443 0127 44000000 		.4byte	.LVL10
 1444 012b 56000000 		.4byte	.LVL12
 1445 012f 0600     		.2byte	0x6
 1446 0131 7B       		.byte	0x7b
 1447 0132 00       		.sleb128 0
 1448 0133 77       		.byte	0x77
 1449 0134 00       		.sleb128 0
 1450 0135 22       		.byte	0x22
 1451 0136 9F       		.byte	0x9f
 1452 0137 56000000 		.4byte	.LVL12
 1453 013b 5C000000 		.4byte	.LVL13
ARM GAS  C:\Users\info\AppData\Local\Temp\ccPiOAjg.s 			page 29


 1454 013f 0100     		.2byte	0x1
 1455 0141 50       		.byte	0x50
 1456 0142 00000000 		.4byte	0
 1457 0146 00000000 		.4byte	0
 1458              	.LLST10:
 1459 014a 3C000000 		.4byte	.LVL8
 1460 014e 56000000 		.4byte	.LVL12
 1461 0152 0200     		.2byte	0x2
 1462 0154 30       		.byte	0x30
 1463 0155 9F       		.byte	0x9f
 1464 0156 56000000 		.4byte	.LVL12
 1465 015a 5C000000 		.4byte	.LVL13
 1466 015e 0100     		.2byte	0x1
 1467 0160 53       		.byte	0x53
 1468 0161 5C000000 		.4byte	.LVL13
 1469 0165 60000000 		.4byte	.LVL14
 1470 0169 0100     		.2byte	0x1
 1471 016b 50       		.byte	0x50
 1472 016c 60000000 		.4byte	.LVL14
 1473 0170 98000000 		.4byte	.LVL20
 1474 0174 0100     		.2byte	0x1
 1475 0176 5B       		.byte	0x5b
 1476 0177 98000000 		.4byte	.LVL20
 1477 017b 1A010000 		.4byte	.LFE0
 1478 017f 0100     		.2byte	0x1
 1479 0181 5A       		.byte	0x5a
 1480 0182 00000000 		.4byte	0
 1481 0186 00000000 		.4byte	0
 1482              	.LLST11:
 1483 018a 16000000 		.4byte	.LVL2
 1484 018e AE000000 		.4byte	.LVL22
 1485 0192 0100     		.2byte	0x1
 1486 0194 54       		.byte	0x54
 1487 0195 C2000000 		.4byte	.LVL24
 1488 0199 E8000000 		.4byte	.LVL26
 1489 019d 0100     		.2byte	0x1
 1490 019f 54       		.byte	0x54
 1491 01a0 EA000000 		.4byte	.LVL27
 1492 01a4 EC000000 		.4byte	.LVL28
 1493 01a8 0100     		.2byte	0x1
 1494 01aa 54       		.byte	0x54
 1495 01ab EE000000 		.4byte	.LVL29
 1496 01af F4000000 		.4byte	.LVL30
 1497 01b3 0100     		.2byte	0x1
 1498 01b5 54       		.byte	0x54
 1499 01b6 F6000000 		.4byte	.LVL31
 1500 01ba F8000000 		.4byte	.LVL32
 1501 01be 0100     		.2byte	0x1
 1502 01c0 54       		.byte	0x54
 1503 01c1 FA000000 		.4byte	.LVL33
 1504 01c5 1A010000 		.4byte	.LFE0
 1505 01c9 0100     		.2byte	0x1
 1506 01cb 54       		.byte	0x54
 1507 01cc 00000000 		.4byte	0
 1508 01d0 00000000 		.4byte	0
 1509              	.LLST12:
 1510 01d4 00010000 		.4byte	.LVL35
ARM GAS  C:\Users\info\AppData\Local\Temp\ccPiOAjg.s 			page 30


 1511 01d8 0C010000 		.4byte	.LVL36
 1512 01dc 0100     		.2byte	0x1
 1513 01de 50       		.byte	0x50
 1514 01df 0E010000 		.4byte	.LVL37
 1515 01e3 1A010000 		.4byte	.LFE0
 1516 01e7 0100     		.2byte	0x1
 1517 01e9 50       		.byte	0x50
 1518 01ea 00000000 		.4byte	0
 1519 01ee 00000000 		.4byte	0
 1520              	.LLST13:
 1521 01f2 C8000000 		.4byte	.LVL25
 1522 01f6 FE000000 		.4byte	.LVL34
 1523 01fa 0100     		.2byte	0x1
 1524 01fc 50       		.byte	0x50
 1525 01fd 0C010000 		.4byte	.LVL36
 1526 0201 0E010000 		.4byte	.LVL37
 1527 0205 0100     		.2byte	0x1
 1528 0207 50       		.byte	0x50
 1529 0208 00000000 		.4byte	0
 1530 020c 00000000 		.4byte	0
 1531              		.section	.debug_aranges,"",%progbits
 1532 0000 1C000000 		.4byte	0x1c
 1533 0004 0200     		.2byte	0x2
 1534 0006 00000000 		.4byte	.Ldebug_info0
 1535 000a 04       		.byte	0x4
 1536 000b 00       		.byte	0
 1537 000c 0000     		.2byte	0
 1538 000e 0000     		.2byte	0
 1539 0010 00000000 		.4byte	.LFB0
 1540 0014 1A010000 		.4byte	.LFE0-.LFB0
 1541 0018 00000000 		.4byte	0
 1542 001c 00000000 		.4byte	0
 1543              		.section	.debug_ranges,"",%progbits
 1544              	.Ldebug_ranges0:
 1545 0000 00000000 		.4byte	.LFB0
 1546 0004 1A010000 		.4byte	.LFE0
 1547 0008 00000000 		.4byte	0
 1548 000c 00000000 		.4byte	0
 1549              		.section	.debug_line,"",%progbits
 1550              	.Ldebug_line0:
 1551 0000 B2010000 		.section	.debug_str,"MS",%progbits,1
 1551      02004401 
 1551      00000201 
 1551      FB0E0D00 
 1551      01010101 
 1552              	.LASF79:
 1553 0000 2E2E5C75 		.ascii	"..\\u8g2-master\\csrc\\u8x8_input_value.c\000"
 1553      3867322D 
 1553      6D617374 
 1553      65725C63 
 1553      7372635C 
 1554              	.LASF65:
 1555 0027 706F7374 		.ascii	"post\000"
 1555      00
 1556              	.LASF26:
 1557 002c 785F6F66 		.ascii	"x_offset\000"
 1557      66736574 
ARM GAS  C:\Users\info\AppData\Local\Temp\ccPiOAjg.s 			page 31


 1557      00
 1558              	.LASF27:
 1559 0035 69735F66 		.ascii	"is_font_inverse_mode\000"
 1559      6F6E745F 
 1559      696E7665 
 1559      7273655F 
 1559      6D6F6465 
 1560              	.LASF49:
 1561 004a 7370695F 		.ascii	"spi_mode\000"
 1561      6D6F6465 
 1561      00
 1562              	.LASF40:
 1563 0053 63686970 		.ascii	"chip_enable_level\000"
 1563      5F656E61 
 1563      626C655F 
 1563      6C657665 
 1563      6C00
 1564              	.LASF24:
 1565 0065 666F6E74 		.ascii	"font\000"
 1565      00
 1566              	.LASF36:
 1567 006a 6465626F 		.ascii	"debounce_result_msg\000"
 1567      756E6365 
 1567      5F726573 
 1567      756C745F 
 1567      6D736700 
 1568              	.LASF2:
 1569 007e 73686F72 		.ascii	"short int\000"
 1569      7420696E 
 1569      7400
 1570              	.LASF22:
 1571 0088 6770696F 		.ascii	"gpio_and_delay_cb\000"
 1571      5F616E64 
 1571      5F64656C 
 1571      61795F63 
 1571      6200
 1572              	.LASF53:
 1573 009a 74696C65 		.ascii	"tile_width\000"
 1573      5F776964 
 1573      746800
 1574              	.LASF81:
 1575 00a5 75387838 		.ascii	"u8x8_UserInterfaceInputValue\000"
 1575      5F557365 
 1575      72496E74 
 1575      65726661 
 1575      6365496E 
 1576              	.LASF73:
 1577 00c2 75387838 		.ascii	"u8x8_ClearDisplay\000"
 1577      5F436C65 
 1577      61724469 
 1577      73706C61 
 1577      7900
 1578              	.LASF46:
 1579 00d4 7364615F 		.ascii	"sda_setup_time_ns\000"
 1579      73657475 
 1579      705F7469 
 1579      6D655F6E 
ARM GAS  C:\Users\info\AppData\Local\Temp\ccPiOAjg.s 			page 32


 1579      7300
 1580              	.LASF45:
 1581 00e6 706F7374 		.ascii	"post_reset_wait_ms\000"
 1581      5F726573 
 1581      65745F77 
 1581      6169745F 
 1581      6D7300
 1582              	.LASF7:
 1583 00f9 5F5F7569 		.ascii	"__uint32_t\000"
 1583      6E743332 
 1583      5F7400
 1584              	.LASF80:
 1585 0104 433A5C55 		.ascii	"C:\\Users\\info\\Desktop\\Spring 2019 Classes\\6.11"
 1585      73657273 
 1585      5C696E66 
 1585      6F5C4465 
 1585      736B746F 
 1586 0132 355C362E 		.ascii	"5\\6.115-final\\PSoCCreator\\Final Project\\FinalEm"
 1586      3131352D 
 1586      66696E61 
 1586      6C5C5053 
 1586      6F434372 
 1587 0161 756C6174 		.ascii	"ulator.cydsn\000"
 1587      6F722E63 
 1587      7964736E 
 1587      00
 1588              	.LASF69:
 1589 016e 6576656E 		.ascii	"event\000"
 1589      7400
 1590              	.LASF4:
 1591 0174 5F5F7569 		.ascii	"__uint16_t\000"
 1591      6E743136 
 1591      5F7400
 1592              	.LASF63:
 1593 017f 76616C75 		.ascii	"value\000"
 1593      6500
 1594              	.LASF52:
 1595 0185 77726974 		.ascii	"write_pulse_width_ns\000"
 1595      655F7075 
 1595      6C73655F 
 1595      77696474 
 1595      685F6E73 
 1596              	.LASF12:
 1597 019a 75696E74 		.ascii	"uint8_t\000"
 1597      385F7400 
 1598              	.LASF42:
 1599 01a2 706F7374 		.ascii	"post_chip_enable_wait_ns\000"
 1599      5F636869 
 1599      705F656E 
 1599      61626C65 
 1599      5F776169 
 1600              	.LASF62:
 1601 01bb 7469746C 		.ascii	"title\000"
 1601      6500
 1602              	.LASF61:
 1603 01c1 75387838 		.ascii	"u8x8\000"
 1603      00
ARM GAS  C:\Users\info\AppData\Local\Temp\ccPiOAjg.s 			page 33


 1604              	.LASF68:
 1605 01c6 6C6F6361 		.ascii	"local_value\000"
 1605      6C5F7661 
 1605      6C756500 
 1606              	.LASF71:
 1607 01d2 75387838 		.ascii	"u8x8_GetStringLineCnt\000"
 1607      5F476574 
 1607      53747269 
 1607      6E674C69 
 1607      6E65436E 
 1608              	.LASF67:
 1609 01e8 77696474 		.ascii	"width\000"
 1609      6800
 1610              	.LASF23:
 1611 01ee 6275735F 		.ascii	"bus_clock\000"
 1611      636C6F63 
 1611      6B00
 1612              	.LASF55:
 1613 01f8 64656661 		.ascii	"default_x_offset\000"
 1613      756C745F 
 1613      785F6F66 
 1613      66736574 
 1613      00
 1614              	.LASF37:
 1615 0209 75387838 		.ascii	"u8x8_display_info_t\000"
 1615      5F646973 
 1615      706C6179 
 1615      5F696E66 
 1615      6F5F7400 
 1616              	.LASF34:
 1617 021d 6465626F 		.ascii	"debounce_last_pin_state\000"
 1617      756E6365 
 1617      5F6C6173 
 1617      745F7069 
 1617      6E5F7374 
 1618              	.LASF9:
 1619 0235 6C6F6E67 		.ascii	"long long int\000"
 1619      206C6F6E 
 1619      6720696E 
 1619      7400
 1620              	.LASF32:
 1621 0243 6770696F 		.ascii	"gpio_result\000"
 1621      5F726573 
 1621      756C7400 
 1622              	.LASF47:
 1623 024f 73636B5F 		.ascii	"sck_pulse_width_ns\000"
 1623      70756C73 
 1623      655F7769 
 1623      6474685F 
 1623      6E7300
 1624              	.LASF6:
 1625 0262 6C6F6E67 		.ascii	"long int\000"
 1625      20696E74 
 1625      00
 1626              	.LASF3:
 1627 026b 5F5F7569 		.ascii	"__uint8_t\000"
 1627      6E74385F 
ARM GAS  C:\Users\info\AppData\Local\Temp\ccPiOAjg.s 			page 34


 1627      7400
 1628              	.LASF19:
 1629 0275 64697370 		.ascii	"display_cb\000"
 1629      6C61795F 
 1629      636200
 1630              	.LASF64:
 1631 0280 64696769 		.ascii	"digits\000"
 1631      747300
 1632              	.LASF78:
 1633 0287 474E5520 		.ascii	"GNU C11 5.4.1 20160609 (release) [ARM/embedded-5-br"
 1633      43313120 
 1633      352E342E 
 1633      31203230 
 1633      31363036 
 1634 02ba 616E6368 		.ascii	"anch revision 237715] -mcpu=cortex-m3 -mthumb -g -O"
 1634      20726576 
 1634      6973696F 
 1634      6E203233 
 1634      37373135 
 1635 02ed 33202D66 		.ascii	"3 -ffunction-sections -ffat-lto-objects\000"
 1635      66756E63 
 1635      74696F6E 
 1635      2D736563 
 1635      74696F6E 
 1636              	.LASF51:
 1637 0315 64617461 		.ascii	"data_setup_time_ns\000"
 1637      5F736574 
 1637      75705F74 
 1637      696D655F 
 1637      6E7300
 1638              	.LASF72:
 1639 0328 75387838 		.ascii	"u8x8_GetUTF8Len\000"
 1639      5F476574 
 1639      55544638 
 1639      4C656E00 
 1640              	.LASF15:
 1641 0338 6C6F6E67 		.ascii	"long double\000"
 1641      20646F75 
 1641      626C6500 
 1642              	.LASF54:
 1643 0344 74696C65 		.ascii	"tile_height\000"
 1643      5F686569 
 1643      67687400 
 1644              	.LASF1:
 1645 0350 756E7369 		.ascii	"unsigned char\000"
 1645      676E6564 
 1645      20636861 
 1645      7200
 1646              	.LASF0:
 1647 035e 7369676E 		.ascii	"signed char\000"
 1647      65642063 
 1647      68617200 
 1648              	.LASF10:
 1649 036a 6C6F6E67 		.ascii	"long long unsigned int\000"
 1649      206C6F6E 
 1649      6720756E 
 1649      7369676E 
ARM GAS  C:\Users\info\AppData\Local\Temp\ccPiOAjg.s 			page 35


 1649      65642069 
 1650              	.LASF14:
 1651 0381 75696E74 		.ascii	"uint32_t\000"
 1651      33325F74 
 1651      00
 1652              	.LASF66:
 1653 038a 68656967 		.ascii	"height\000"
 1653      687400
 1654              	.LASF11:
 1655 0391 756E7369 		.ascii	"unsigned int\000"
 1655      676E6564 
 1655      20696E74 
 1655      00
 1656              	.LASF13:
 1657 039e 75696E74 		.ascii	"uint16_t\000"
 1657      31365F74 
 1657      00
 1658              	.LASF39:
 1659 03a7 75387838 		.ascii	"u8x8_display_info_struct\000"
 1659      5F646973 
 1659      706C6179 
 1659      5F696E66 
 1659      6F5F7374 
 1660              	.LASF44:
 1661 03c0 72657365 		.ascii	"reset_pulse_width_ms\000"
 1661      745F7075 
 1661      6C73655F 
 1661      77696474 
 1661      685F6D73 
 1662              	.LASF16:
 1663 03d5 75387838 		.ascii	"u8x8_t\000"
 1663      5F7400
 1664              	.LASF50:
 1665 03dc 6932635F 		.ascii	"i2c_bus_clock_100kHz\000"
 1665      6275735F 
 1665      636C6F63 
 1665      6B5F3130 
 1665      306B487A 
 1666              	.LASF48:
 1667 03f1 73636B5F 		.ascii	"sck_clock_hz\000"
 1667      636C6F63 
 1667      6B5F687A 
 1667      00
 1668              	.LASF5:
 1669 03fe 73686F72 		.ascii	"short unsigned int\000"
 1669      7420756E 
 1669      7369676E 
 1669      65642069 
 1669      6E7400
 1670              	.LASF60:
 1671 0411 75387838 		.ascii	"u8x8_char_cb\000"
 1671      5F636861 
 1671      725F6362 
 1671      00
 1672              	.LASF70:
 1673 041e 63686172 		.ascii	"char\000"
 1673      00
ARM GAS  C:\Users\info\AppData\Local\Temp\ccPiOAjg.s 			page 36


 1674              	.LASF35:
 1675 0423 6465626F 		.ascii	"debounce_state\000"
 1675      756E6365 
 1675      5F737461 
 1675      746500
 1676              	.LASF17:
 1677 0432 64697370 		.ascii	"display_info\000"
 1677      6C61795F 
 1677      696E666F 
 1677      00
 1678              	.LASF58:
 1679 043f 70697865 		.ascii	"pixel_height\000"
 1679      6C5F6865 
 1679      69676874 
 1679      00
 1680              	.LASF74:
 1681 044c 75387838 		.ascii	"u8x8_DrawUTF8Lines\000"
 1681      5F447261 
 1681      77555446 
 1681      384C696E 
 1681      657300
 1682              	.LASF77:
 1683 045f 75387838 		.ascii	"u8x8_GetMenuEvent\000"
 1683      5F476574 
 1683      4D656E75 
 1683      4576656E 
 1683      7400
 1684              	.LASF57:
 1685 0471 70697865 		.ascii	"pixel_width\000"
 1685      6C5F7769 
 1685      64746800 
 1686              	.LASF31:
 1687 047d 75746638 		.ascii	"utf8_state\000"
 1687      5F737461 
 1687      746500
 1688              	.LASF38:
 1689 0488 75387838 		.ascii	"u8x8_struct\000"
 1689      5F737472 
 1689      75637400 
 1690              	.LASF8:
 1691 0494 6C6F6E67 		.ascii	"long unsigned int\000"
 1691      20756E73 
 1691      69676E65 
 1691      6420696E 
 1691      7400
 1692              	.LASF21:
 1693 04a6 62797465 		.ascii	"byte_cb\000"
 1693      5F636200 
 1694              	.LASF41:
 1695 04ae 63686970 		.ascii	"chip_disable_level\000"
 1695      5F646973 
 1695      61626C65 
 1695      5F6C6576 
 1695      656C00
 1696              	.LASF28:
 1697 04c1 6932635F 		.ascii	"i2c_address\000"
 1697      61646472 
ARM GAS  C:\Users\info\AppData\Local\Temp\ccPiOAjg.s 			page 37


 1697      65737300 
 1698              	.LASF56:
 1699 04cd 666C6970 		.ascii	"flipmode_x_offset\000"
 1699      6D6F6465 
 1699      5F785F6F 
 1699      66667365 
 1699      7400
 1700              	.LASF25:
 1701 04df 656E636F 		.ascii	"encoding\000"
 1701      64696E67 
 1701      00
 1702              	.LASF29:
 1703 04e8 6932635F 		.ascii	"i2c_started\000"
 1703      73746172 
 1703      74656400 
 1704              	.LASF20:
 1705 04f4 6361645F 		.ascii	"cad_cb\000"
 1705      636200
 1706              	.LASF30:
 1707 04fb 64657669 		.ascii	"device_address\000"
 1707      63655F61 
 1707      64647265 
 1707      737300
 1708              	.LASF33:
 1709 050a 6465626F 		.ascii	"debounce_default_pin_state\000"
 1709      756E6365 
 1709      5F646566 
 1709      61756C74 
 1709      5F70696E 
 1710              	.LASF76:
 1711 0525 75387838 		.ascii	"u8x8_u8toa\000"
 1711      5F753874 
 1711      6F6100
 1712              	.LASF59:
 1713 0530 75387838 		.ascii	"u8x8_msg_cb\000"
 1713      5F6D7367 
 1713      5F636200 
 1714              	.LASF18:
 1715 053c 6E657874 		.ascii	"next_cb\000"
 1715      5F636200 
 1716              	.LASF75:
 1717 0544 75387838 		.ascii	"u8x8_DrawUTF8\000"
 1717      5F447261 
 1717      77555446 
 1717      3800
 1718              	.LASF43:
 1719 0552 7072655F 		.ascii	"pre_chip_disable_wait_ns\000"
 1719      63686970 
 1719      5F646973 
 1719      61626C65 
 1719      5F776169 
 1720              		.ident	"GCC: (GNU Tools for ARM Embedded Processors) 5.4.1 20160609 (release) [ARM/embedded-5-bran
