ARM GAS  C:\Users\info\AppData\Local\Temp\cc4jS3kk.s 			page 1


   1              		.syntax unified
   2              		.cpu cortex-m3
   3              		.fpu softvfp
   4              		.eabi_attribute 20, 1
   5              		.eabi_attribute 21, 1
   6              		.eabi_attribute 23, 3
   7              		.eabi_attribute 24, 1
   8              		.eabi_attribute 25, 1
   9              		.eabi_attribute 26, 1
  10              		.eabi_attribute 30, 4
  11              		.eabi_attribute 34, 1
  12              		.eabi_attribute 18, 4
  13              		.thumb
  14              		.syntax unified
  15              		.file	"u8x8_gpio.c"
  16              		.text
  17              	.Ltext0:
  18              		.section	.gnu.lto_.profile.bf14d6e0,"",%progbits
  19 0000 789C6361 		.ascii	"x\234ca`d`a`\000\222b\234\000\000\237\000*"
  19      60646061 
  19      60009262 
  19      9C00009F 
  19      002A
  20              		.text
  21              		.section	.gnu.lto_.icf.bf14d6e0,"",%progbits
  22 0000 789C6361 		.ascii	"x\234ca`d\000\001\016\006\004`d\230\266\363\306[F\006"
  22      60640001 
  22      0E060460 
  22      6498B6F3 
  22      C65B4606 
  23 0014 000E9803 		.ascii	"\000\016\230\003$"
  23      24
  24              		.text
  25              		.section	.gnu.lto_.jmpfuncs.bf14d6e0,"",%progbits
  26 0000 789C6361 		.ascii	"x\234ca`d\000\001-\006\004`d`fddd\257gd\344`\252\004"
  26      60640001 
  26      2D060460 
  26      64606664 
  26      6464AF67 
  27 0019 C9335582 		.ascii	"\3113U\202\0241U2\201$\031\365d\030\0309\030\030\244"
  27      14315532 
  27      812419F5 
  27      64181839 
  27      1818A4
  28 002c 16303200 		.ascii	"\02602\000\000G\246\003L"
  28      0047A603 
  28      4C
  29              		.text
  30              		.section	.gnu.lto_.inline.bf14d6e0,"",%progbits
  31 0000 789C6361 		.ascii	"x\234ca`d\000\001#\006\004\000\212p\213\001I\005F\006"
  31      60640001 
  31      23060400 
  31      8A708B01 
  31      49054606 
  32 0014 E6058C2C 		.ascii	"\346\005\214,@\021\266\005\362L\014\214/\330Y $H\021"
  32      4011B605 
  32      F24C0C8C 
ARM GAS  C:\Users\info\AppData\Local\Temp\cc4jS3kk.s 			page 2


  32      2FD85920 
  32      244811
  33 0027 BB300303 		.ascii	"\2730\003\003\313\004?\020d`\000\000\206c\006\215"
  33      CB043F10 
  33      64600000 
  33      8663068D 
  34              		.text
  35              		.section	.gnu.lto_.pureconst.bf14d6e0,"",%progbits
  36 0000 789C6361 		.ascii	"x\234ca`d`f`\000\222\222\000\000q\000#"
  36      60646066 
  36      60009292 
  36      00007100 
  36      23
  37              		.text
  38              		.section	.gnu.lto_u8x8_gpio_call.bf14d6e0,"",%progbits
  39 0000 789C6590 		.ascii	"x\234e\220\273K\\Q\020\306\347;s\357\336\015\250\275"
  39      BB4B5C51 
  39      10C6E73B 
  39      73EFDE0D 
  39      A8BD
  40 0012 780B53C8 		.ascii	"x\013S\310\306\302U\264\361\357\2606HXaI!\212\"\330"
  40      C6C255B4 
  40      F1EFB036 
  40      48586149 
  40      218A22D8 
  41 0026 79DCF5A2 		.ascii	"y\334\365\242`c\243\205\017\024\302\242I|\354j!>\002"
  41      6063A385 
  41      0F14C2A2 
  41      497CEC6A 
  41      213E02
  42 0039 8B2914F1 		.ascii	"\213)\024\361\201 \330X\204$\210(\212\013\212\205\350"
  42      8120D858 
  42      84248828 
  42      8A0B8A85 
  42      E8
  43 004a 3A73572B 		.ascii	":sW+\007\0163s\356\374\276{\346s\010\244q \351\223\344"
  43      070E3373 
  43      EEFCBE7B 
  43      E67308A4 
  43      7120E993 
  44 005f 2A396082 		.ascii	"*9`\202\031=$\032\210\032@\013\033\005\365\033\364\343"
  44      193D241A 
  44      881A400B 
  44      1B05F51B 
  44      F4E3
  45 0071 DE3C196C 		.ascii	"\336<\031l\017\235\257\233\3329+\361'\030g;\237G\300"
  45      0F9DAF9B 
  45      DA392BF1 
  45      2718673B 
  45      9F47C0
  46 0084 4445132A 		.ascii	"DE\023*\021\346P+S\307\203\331)\2763\001\003\216\264"
  46      11E6502B 
  46      53C783D9 
  46      29BE3301 
  46      038EB4
  47 0097 8583897F 		.ascii	"\205\203\211\177\025\332\032TK;{\362\355,\302>H\352"
  47      15DA1A54 
ARM GAS  C:\Users\info\AppData\Local\Temp\cc4jS3kk.s 			page 3


  47      4B3B7BF2 
  47      ED2CC23E 
  47      48EA
  48 00a9 F1BD939B 		.ascii	"\361\275\223\233\362X\306\332\224\265\217\355\366C\300"
  48      F258C6DA 
  48      94B58FED 
  48      F643C0
  49 00b8 8C1F60D1 		.ascii	"\214\037`\321\303w\370\230\207OrE\370\211\230L\357g"
  49      C377F898 
  49      874F7245 
  49      F889984C 
  49      EF67
  50 00ca D74F1DFE 		.ascii	"\327O\035\376\030\222\017[\277\237\336\310\265\317\226"
  50      18920F5B 
  50      BF9FDEC8 
  50      B5CF96
  51 00d9 0376B050 		.ascii	"\003v\260P\"\233|4(\347\020\026C\356\312\216\374\002"
  51      229B7C34 
  51      28E71016 
  51      43EECA8E 
  51      FC02
  52 00eb D784DCE4 		.ascii	"\327\204\334\344\351\346\256\373\312\025^\271\245w\334"
  52      E9E6AEFB 
  52      CA155EB9 
  52      A577DC
  53 00fa 32623AFC 		.ascii	"2b:\3747\367<V\036\031\324u\253KK\"\213\210\332\266"
  53      37F73C56 
  53      1E19D475 
  53      AB4B4B22 
  53      8B88DAB6 
  54 010e DC92B7C5 		.ascii	"\334\222\267\305b\332\346W\335k\343\211W\362B\026\326"
  54      62DAE657 
  54      DD6BE389 
  54      57F24216 
  54      D6
  55 011f 75A03F75 		.ascii	"u\240?u\021J\320\2550\352b\301\030\315|\216\324Fn\321"
  55      114AD0AD 
  55      30EA62C1 
  55      18CD7C8E 
  55      D4466ED1 
  56 0133 539534B3 		.ascii	"S\2254\263\032\020l\037y\352\015\227\266\332\331\033"
  56      1A106C1F 
  56      79EA0D97 
  56      B6DAD91B 
  57 0143 2E9BC1B4 		.ascii	".\233\301\264\270*\003\00691@\3573\377SK^}]\300\036"
  57      B82A0306 
  57      393140EF 
  57      33FF534B 
  57      5E7D5DC0 
  58 0158 563083E7 		.ascii	"V0\203\347\320o\254\242\236.0dC=\022A9&\315N\232]\304"
  58      D06FACA2 
  58      9E2E3064 
  58      433D1241 
  58      3926CD4E 
  59 016f FD80A374 		.ascii	"\375\200\243t\211T~\315\015?k\334\032\3503\204\256\214"
  59      89547ECD 
  59      0D3F6BDC 
ARM GAS  C:\Users\info\AppData\Local\Temp\cc4jS3kk.s 			page 4


  59      1AE83384 
  59      AE8C
  60 0181 C75B7B9B 		.ascii	"\307[{\233\223\215m\211\236\356\204T}\315m\311\256\257"
  60      938D6D89 
  60      9EEE8454 
  60      7DCD6DC9 
  60      AEAF
  61 0193 9DF10439 		.ascii	"\235\361\0049\332pGO\222\277t'_\000\375\026\235\334"
  61      DA70474F 
  61      92BF7427 
  61      5F00FD16 
  61      9DDC
  62              		.text
  63              		.section	.gnu.lto_.symbol_nodes.bf14d6e0,"",%progbits
  64 0000 789C6361 		.ascii	"x\234ca`d\220f\000\002&\206z\006\206\011\347\030@\324"
  64      60649066 
  64      00022686 
  64      7A068609 
  64      E71840D4 
  65 0014 AE064506 		.ascii	"\256\006E\006\006\026\006\206\313\017\376120\000\000"
  65      06160686 
  65      CB0FFE31 
  65      32300000 
  66 0024 54310690 		.ascii	"T1\006\220"
  67              		.text
  68              		.section	.gnu.lto_.refs.bf14d6e0,"",%progbits
  69 0000 789C6361 		.ascii	"x\234ca`\004B \000\000\0009\000\007"
  69      60044220 
  69      00000039 
  69      0007
  70              		.text
  71              		.section	.gnu.lto_.decls.bf14d6e0,"",%progbits
  72 0000 789CBD57 		.ascii	"x\234\275W[PTG\032>}z\220a\030@\001\263\354\026\265"
  72      5B505447 
  72      1A3E7D7A 
  72      90611840 
  72      01B3EC16 
  73 0015 6B454BD9 		.ascii	"kEK\331\252\015\0215Y*o\251\255\332l\355\303\276%OS"
  73      AA0D1135 
  73      592A6FA9 
  73      ADDA6CED 
  73      C3BE254F 
  74 002a 75769839 		.ascii	"uv\2309\300l\206\231\251\231\203\321<\035\0205QQ\321"
  74      C06C8699 
  74      A99983D1 
  74      3C1D1035 
  74      5151D1
  75 003d 88E265F1 		.ascii	"\210\342e\361\202\010\202\212\200(\001d\342\205\230"
  75      8208828A 
  75      80280164 
  75      E28598
  76 004c 285E5088 		.ascii	"(^P\210\027T\274_Q\020\225 \232\331\277\273\317\314"
  76      1754BC5F 
  76      51109520 
  76      9AD9BFBB 
  76      CFCC
  77 005e E9D163ED 		.ascii	"\351\321c\355\313fO\361s\372\357\376\372\277\366\377"
ARM GAS  C:\Users\info\AppData\Local\Temp\cc4jS3kk.s 			page 5


  77      CB664FF1 
  77      73FAEFFE 
  77      FABFF6FF 
  78 006e F7199380 		.ascii	"\367\031\223\200\004\362\304\244\012\302l\223 (0\016"
  78      04F2C4A4 
  78      0AC26C93 
  78      2028300E 
  79 007e C123C2FB 		.ascii	"\301#\302\3733A\177\010\352\023$\274\361\220\2718\015"
  79      33417F08 
  79      EA1324BC 
  79      F190B938 
  79      0D
  80 008f 9B0C0462 		.ascii	"\233\014\004b\204\2510\327\004\357\017\341=\015\350"
  80      84A930D7 
  80      04EF0FE1 
  80      3D0DE8
  81 009e 03A03F23 		.ascii	"\003\240?#&c\016z\273\254W\":\260d\335\363\244K\350"
  81      26630E7A 
  81      BBAC5722 
  81      3AB064DD 
  81      F3A44BE8 
  82 00b2 02129166 		.ascii	"\002\022\221f\230\200\020\373\217(\011\214(\013\003"
  82      988010FB 
  82      8F28098C 
  82      280B03
  83 00c1 51D0E469 		.ascii	"Q\320\344iS\221\227\020\201hC]\030\375\013\277C\341"
  83      53919710 
  83      8168435D 
  83      18FD0BBF 
  83      43E1
  84 00d3 870AD1A5 		.ascii	"\207\012\321\245#m\023\212X\240\215\351\272\250+@\214"
  84      236D138A 
  84      58A08DE9 
  84      BAA82B40 
  84      8C
  85 00e4 0D6FE0E4 		.ascii	"\015o\340\3441s9\233P\264O(\354\364\306\322\262P\002"
  85      3173399B 
  85      50B44F28 
  85      ECF4C6D2 
  85      B25002
  86 00f7 068F61BC 		.ascii	"\006\217a\274\240z\340t\014\236D\307\345\235\301\215"
  86      A07AE074 
  86      0C9E44C7 
  86      E59DC18D 
  87 0107 492670B1 		.ascii	"I&p\261\026a\206\274:V\363\327\314z\025\236\225\252"
  87      166186BC 
  87      3A56F3D7 
  87      CC7A159E 
  87      95AA
  88 0119 2A7EA4C7 		.ascii	"*~\244\307m\317\302\233\265\346\247\"J\267\240\020\""
  88      6DCFC29B 
  88      B5E6A722 
  88      4AB7A010 
  88      22
  89 012a FCC3D6B1 		.ascii	"\374\303\326\261\004\306\223\345\346\340\310.\023\236"
  89      04C693E5 
  89      E6E0C82E 
ARM GAS  C:\Users\info\AppData\Local\Temp\cc4jS3kk.s 			page 6


  89      139E
  90 0138 4AC6E299 		.ascii	"J\306\342\231\246\013G\343P\206\245\232\210\031h{\366"
  90      A60B47E3 
  90      5086A59A 
  90      8819687B 
  90      F6
  91 0149 F1025545 		.ascii	"\361\002UE\250\001Y\320n\204Q\035\312$\246\245[\340"
  91      A80159D0 
  91      6E84511D 
  91      CA24A6A5 
  91      5BE0
  92 015b FF57AA5A 		.ascii	"\377W\252Z\254\016mU'\244\011hv:\232\231.\240=(\203"
  92      AC0E6D55 
  92      27A40968 
  92      763A9A99 
  92      2EA03D28 
  93 0170 C82428B4 		.ascii	"\310$(\264\013\245\243z\224N\344\327V\326\034I\300\015"
  93      0BA5A37A 
  93      944EE4D7 
  93      56D61C49 
  93      C00D
  94 0182 882A18FC 		.ascii	"\210*\030\374\346\301W8\242`xiz\235\252NDM\240`\257"
  94      E6C15738 
  94      A2607869 
  94      7A9DAA4E 
  94      444DA060 
  95 0197 AE00F419 		.ascii	"\256\000\364\031kh4\326p\355qGE,\304B\240\202rLd\256"
  95      6B6834D6 
  95      70ED7147 
  95      452CC442 
  95      A082724C 
  96 01ad EFC5D7AB 		.ascii	"\357\305\327\253L\221\271fD'\317\2244l\304\340y\262"
  96      4C91B966 
  96      4427CF94 
  96      346CC4E0 
  96      79B2
  97 01bf 0599801D 		.ascii	"\005\231\200\035\356^\177#\021\330T\013\232\002\354"
  97      EE5E7F23 
  97      11D8540B 
  97      9A02EC
  98 01ce 8691CBF7 		.ascii	"\206\221\313\367\342\330j\006\260\217Jn\015\304\263"
  98      E2D86A06 
  98      B08F4A6E 
  98      0DC4B3
  99 01dd D53460D5 		.ascii	"\3254`\325\273%\225\"\336\3032\3213tb\223\2666\021\330"
  99      BB259522 
  99      DEC332D1 
  99      33746293 
  99      B63611D8 
 100 01f1 CEBB659D 		.ascii	"\316\273e\235f|\220\255\235\3361\370S\"\356c\314\335"
 100      667C90AD 
 100      9DDE31F8 
 100      5322EE63 
 100      CCDD
 101 0203 CD9D8D66 		.ascii	"\315\235\215f<\314\230\232\333\033\227[\331\256lN}2"
 101      3CCC989A 
 101      DB1B975B 
ARM GAS  C:\Users\info\AppData\Local\Temp\cc4jS3kk.s 			page 7


 101      D9AE6C4E 
 101      7D32
 102 0215 53BF26B8 		.ascii	"S\277&\270\352\245\005\277b\320\266\375\355]1\014:\023"
 102      EAA505BF 
 102      62D0B6FD 
 102      ED5D310C 
 102      3A13
 103 0227 D81F5AAF 		.ascii	"\330\037Z\257\317\304\0208\20133\225\231\371\374\370"
 103      CFC41038 
 103      81333395 
 103      99F9FCF8 
 104 0237 B9CB18AF 		.ascii	"\271\313\030\257ek+\016u\0346\343m\214\351\352\277\330"
 104      656B2B0E 
 104      751C36E3 
 104      6D8CE9EA 
 104      BFD8
 105 0249 6BC27B18 		.ascii	"k\302{\030S\324q\270)\001\037a\314\321\320h0\211i\026"
 105      53D471B8 
 105      29011F61 
 105      CCD1D068 
 105      30896916 
 106 025d 817DD5D4 		.ascii	"\201}\325\324t\030\341n\266\266\375\305\370\020\211"
 106      7418E16E 
 106      B6B6FDC5 
 106      F81089
 107 026c D174382D 		.ascii	"\321t8-!\314\035\227\351\354\270t\036\377\241\332\212"
 107      21CC1D97 
 107      E9ECB874 
 107      1EFFA1DA 
 107      8A
 108 027d FB2858AC 		.ascii	"\373(X\254\012\026/D\310\222As\245.P-5\211\002j\203"
 108      0A162F44 
 108      C8924173 
 108      A52E502D 
 108      3589026A 
 109 0292 CCFC0099 		.ascii	"\314\374\000\231A\247 ]\323\265t\235\200\311\3430\251"
 109      41A7205D 
 109      D3B5749D 
 109      80C9E330 
 109      A9
 110 02a3 9DACC1BF 		.ascii	"\235\254\301\277\323\223u\022r\323\255'~\272\205\235"
 110      D3937512 
 110      72D3AD27 
 110      7EBA859D 
 111 02b3 D8836597 		.ascii	"\330\203e\227n[\3605\246\243v\350D}\322[u\364\274U\307"
 111      6E5BF035 
 111      A6A376E8 
 111      447DD25B 
 111      75F4BC55 
 112 02c8 F0D2E9F5 		.ascii	"\360\322\351\365\344p\235\001\035\247u\035'\221\246"
 112      E4709D01 
 112      1DA7751D 
 112      2791A6
 113 02d7 249CDF64 		.ascii	"$\234\337d\226\337\333Kj\207\255\370>\013\302\246\336"
 113      96DFDB4B 
 113      6A87ADF8 
 113      3E0BC2A6 
ARM GAS  C:\Users\info\AppData\Local\Temp\cc4jS3kk.s 			page 8


 113      DE
 114 02e8 EB2BE32C 		.ascii	"\353+\343,\332\011\\\371\337O\340\275\376\375/\255\326"
 114      DA095CF9 
 114      DF4FE0BD 
 114      FEFD2FAD 
 114      D6
 115 02f9 2504BF72 		.ascii	"%\004\277r\201\232|,\021\365\202\326\375\000h\001\200"
 115      819A7C2C 
 115      11F582D6 
 115      FD006801 
 115      80
 116 030a 80FA9055 		.ascii	"\200\372\220U+\306\222\373\333\006\021~\314\324\\>V"
 116      2BC692FB 
 116      DB06117E 
 116      CCD45C3E 
 116      56
 117 031b 5B47623D 		.ascii	"[Gb=\203\304:\024J\342\242=\203E\273g\305\223\252X<"
 117      83C43A14 
 117      4AE2A23D 
 117      8345BB67 
 117      C593AA58 
 118 0330 C622D155 		.ascii	"\306\"\321U\332\324\030\257W\347vk+\361\257\0374]\324"
 118      DAD418AF 
 118      57E7766B 
 118      2BF1AF1F 
 118      345DD4
 119 0343 FD9B11A9 		.ascii	"\375\233\021\251\035f\211\0201\003]\002\343gh\306_\200"
 119      1D668910 
 119      31035D02 
 119      E36768C6 
 119      5F80
 120 0355 C9F35A81 		.ascii	"\311\363Z\201V\225m\235\200KLTGE\363\316Q\013W\240s"
 120      56956D9D 
 120      804B4C54 
 120      4745F3CE 
 120      510B57A0 
 121 036a 680CAF82 		.ascii	"h\014\257\202\216\313\272\216~\364v%W\214\225\204+&"
 121      8ECBBA8E 
 121      7EF47625 
 121      578C9584 
 121      2B26
 122 037c 9955CCF5 		.ascii	"\231U\314\365\275\243\017\315\270\224\352D\273\353\307"
 122      BDA30FCD 
 122      B894EA44 
 122      BBEBC7
 123 038b 1B2CB456 		.ascii	"\033,\264V?\265j\345{i\321\216\343\361\221\362\275\316"
 123      3FB56AE5 
 123      7B69D18E 
 123      E3F191F2 
 123      BDCE
 124 039d CAB7F7FC 		.ascii	"\312\267\367\374\225\336\270\310\344\0156\2718t\371"
 124      95DEB8C8 
 124      E40D36B9 
 124      3874F9
 125 03ac 88195732 		.ascii	"\210\031W2I%;J7$\340:\306\254o{\372c\014Si\006vy\305"
 125      49253B4A 
 125      3724E03A 
ARM GAS  C:\Users\info\AppData\Local\Temp\cc4jS3kk.s 			page 9


 125      C6AC6F7B 
 125      FA630C53 
 126 03c5 93B658DC 		.ascii	"\223\266X\334\304\326\316\0067o\210\303\3372\346F\363"
 126      C4D6CE06 
 126      376F88C3 
 126      DF32E646 
 126      F3
 127 03d6 6855023E 		.ascii	"hU\002>\312\030\243f\262\257\247\362j,\356f\200\027"
 127      CA18A366 
 127      B2AFA7F2 
 127      6A2CEE66 
 127      8017
 128 03e8 A7C6BF45 		.ascii	"\247\306\277E\370\"c\226\235m\231\215\357\260q}\357"
 128      F8226396 
 128      9D6D998D 
 128      EFB0717D 
 128      EF
 129 03f9 F957088F 		.ascii	"\371W\010\2170\246\373\227\241\203\030/\214\241\314"
 129      30A6FB97 
 129      A183182F 
 129      8CA1CC
 130 0408 AE814567 		.ascii	"\256\201Egcp9c\252_ni\266\342\255\214\351\032\355\330"
 130      63703963 
 130      AA5F6E69 
 130      B6E2AD8C 
 130      E91AEDD8 
 131 041c 16837731 		.ascii	"\026\203w1f\311\322\235[\022\361!\306,\\V\327\216q/"
 131      66C9D29D 
 131      5B12F121 
 131      C62C5C56 
 131      D78E712F 
 132 0430 634E5F6D 		.ascii	"cN_m|6\001\337g\314\325+e\377\302#l\374\340\\OY\014"
 132      7C3601DF 
 132      67CCD52B 
 132      65FFC223 
 132      6CFCE05C 
 133 0447 562750E6 		.ascii	"V'P\346U\343\3426\023^\315\230;\307\306\236\306\343"
 133      55E3E236 
 133      135ECD98 
 133      3BC7C69E 
 133      C6E3
 134 0459 ED8C7971 		.ascii	"\355\214yq\250\270\025\341\003\214i94v\"\006w3\346Q"
 134      A8B815E1 
 134      038C6939 
 134      34762206 
 134      7733E651 
 135 046d 715D15C2 		.ascii	"q]\025\302\267\031sz\315`\271\210C\214y9\276\272(\006"
 135      B719737A 
 135      CD60B988 
 135      438C7939 
 135      BEBA2806 
 136 0481 AF8A6555 		.ascii	"\257\212eU\337\177\267>\036W1\246\241\275dP\353\233"
 136      DF7FB73E 
 136      1E5731A6 
 136      A1BD6450 
 136      EB9B
 137 0493 4172A1D4 		.ascii	"Ar\241\324\224\016\035\266\340\016\2728\271\250\263"
ARM GAS  C:\Users\info\AppData\Local\Temp\cc4jS3kk.s 			page 10


 137      940E1DB6 
 137      E00EBA38 
 137      B9A8B3
 138 04a2 FBFB5834 		.ascii	"\373\373X4\215<)\323\364'\003h+90\003\373~\361u\264"
 138      8D3C29D3 
 138      F4270368 
 138      2B393003 
 138      FB7EF175 
 139 04b7 F4ABEA22 		.ascii	"\364\253\352\"+\215\360\030\034\253\257\304\224p\201"
 139      2B8DF018 
 139      1CABAFC4 
 139      947081
 140 04c6 BD4FCAE5 		.ascii	"\275O\312\345\020)\032\201\302\203\355=\361j\303?)t"
 140      10291A81 
 140      C283ED3D 
 140      F16AC33F 
 140      2974
 141 04d8 381A3A40 		.ascii	"8\032:@Kk\266\016]w*\002}e \265\215\223zN\207\376l\000"
 141      4B6BB60E 
 141      5D772A02 
 141      7D6520B5 
 141      8D937A4E 
 142 04f0 EDE4A0DF 		.ascii	"\355\344\240\337\350\320_\014\240T\177\231v\355\252"
 142      E8D05F0C 
 142      A0547F99 
 142      76EDAA
 143 04ff 48115091 		.ascii	"H\021P\221\230\216\316\222RPE\006\207Z@\337\210\031"
 143      988ECE92 
 143      52504506 
 143      875A40DF 
 143      8819
 144 0511 6889380D 		.ascii	"h\2118\015-\006Z\010\264\024h\031\320\032\240\005@\213"
 144      2D065A08 
 144      B4146819 
 144      D01AA005 
 144      408B
 145 0523 805600AD 		.ascii	"\200V\000\255\002Z\011T\012\264\032h-P\011\320r\240"
 145      025A0954 
 145      0AB41A68 
 145      2D5009D0 
 145      72A0
 146 0535 AF81CA80 		.ascii	"\257\201\312\200\312\305i\364ng\366\365\350\001zl\024"
 146      CAC569F4 
 146      6E67F6F5 
 146      E8017A6C 
 146      14
 147 0546 A056CE97 		.ascii	"\240V\316\227U\272/!\003_\262t\344z\035\371\322\000"
 147      55BA2F21 
 147      035FB274 
 147      E47A1DF9 
 147      D200
 148 0558 C90BDDA8 		.ascii	"\311\013\335\250C\307\015\240\3739h\203n\353\323h\350"
 148      43C70DA0 
 148      FB396883 
 148      6EEBD368 
 148      E8
 149 0569 1DF47AE2 		.ascii	"\035\364z\342O\353\330!#\277\370t^Z\221X\241\006K0m"
ARM GAS  C:\Users\info\AppData\Local\Temp\cc4jS3kk.s 			page 11


 149      4FEBD821 
 149      23BFF874 
 149      5E5A9158 
 149      A1064B30 
 150 057e 54A31A3A 		.ascii	"T\243\032:\322\222\230l\316\2715=\011k\325`\021\246"
 150      D292986C 
 150      CEB9353D 
 150      096BD560 
 150      11A6
 151 0590 C29F1919 		.ascii	"\302\237\031\031r\204\023>\262*q\235\032,\306\364&y"
 151      7284133E 
 151      B22A719D 
 151      1A2CC6F4 
 151      2679
 152 05a2 A4A12317 		.ascii	"\244\241#\027\0203\206w2t\212\223\376\334H:\217n\326"
 152      10338677 
 152      32748A93 
 152      FEDC483A 
 152      8F6ED6
 153 05b5 DD1C31C2 		.ascii	"\335\0341\302\262\243H\333qp|\271UU\315\004#h\255X?"
 153      B2A348DB 
 153      71707CB9 
 153      5555CD04 
 153      2368AD58 
 154 05ca 0695BCD6 		.ascii	"\006\225\274\326\027\006y\340]z\306\273T,\032\272\304"
 154      170679E0 
 154      5D7AC6BB 
 154      542C1ABA 
 154      C4
 155 05db E7A28D0F 		.ascii	"\347\242\215\017\330\023\243l\320\350B/\270\260bCE\022"
 155      D813A36C 
 155      D0E8422F 
 155      B8B06243 
 155      4512
 156 05ed BE4A7B81 		.ascii	"\276J{\201\330}s}g\"J\3110.\217\365P\022\277fy\260\230"
 156      D87D737D 
 156      67224AC9 
 156      302E8FF5 
 156      5012BF66 
 157 0604 559CFC13 		.ascii	"U\234\374\023\211Y\005(Z'Fn0\022Bj\357\226\232\035\245"
 157      89590528 
 157      5A27466E 
 157      3012426A 
 157      EF969A1D 
 158 0619 28453330 		.ascii	"(E30\370V\003\205\377\271u\240{\321\222\221\"\024\365"
 158      F8560385 
 158      FFB975A0 
 158      7BD19291 
 158      2214F5
 159 062c D5B0813B 		.ascii	"\325\260\201;\266\002\332(\206\277\032Fw\335\351\217"
 159      B602DA28 
 159      86BF1A46 
 159      77DDE98F 
 160 063c C123B151 		.ascii	"\301#\261Q\337\206\311\354\333\260\271cx\273\366=\250"
 160      DF86C9EC 
 160      DBB0B963 
 160      78BBF63D 
ARM GAS  C:\Users\info\AppData\Local\Temp\cc4jS3kk.s 			page 12


 160      A8
 161 064d 92EFB5BB 		.ascii	"\222\357\265\273\2676tYpH\353\333g\367\234H\302\253"
 161      B7367459 
 161      7048EBDB 
 161      67F79C48 
 161      C2AB
 162 065f CD8499BA 		.ascii	"\315\204\231\272\363\321X%|\371ZS\242:3<Vk\232)C\033"
 162      F3D15825 
 162      7CF95A53 
 162      A23A333C 
 162      566B9A29 
 163 0675 644CCBC8 		.ascii	"dL\313\310 \267\3376\321\212\036\300\025\313\233W\025"
 163      20B7DF36 
 163      D18A1EC0 
 163      15CB9B57 
 163      15
 164 0686 65DE3666 		.ascii	"e\3366f^Tr+!v\377\026!vG v\325Zr\017\303\370\020\270"
 164      5E54722B 
 164      2176FF16 
 164      21764720 
 164      76D55A72 
 165 069f DE01D40E 		.ascii	"\336\001\324\016\324\006\364-P3P\023P#\320^\240\006"
 165      D406F42D 
 165      50335013 
 165      5023D05E 
 165      A006
 166 06b1 A03D40BB 		.ascii	"\240=@\273\201v\001\325\003\325\001\355\004\252\005"
 166      817601D5 
 166      03D501ED 
 166      04AA05
 167 06c0 AA01DA01 		.ascii	"\252\001\332\001\264=\252\377\215\367qgs3\244\270Z?"
 167      B43DAAFF 
 167      8DF77167 
 167      7333A4B8 
 167      5A3F
 168 06d2 9B07B872 		.ascii	"\233\007\270r3\266s\223\266\341\327\267\363\347\276"
 168      33B67393 
 168      B6E1D7B7 
 168      F3E7BE
 169 06e1 48A1C3F7 		.ascii	"H\241\303\367\303\233V\362-\365\271\216m7\302\362\275"
 169      C39B56F2 
 169      2DF5B98E 
 169      6D37C2F2 
 169      BD
 170 06f2 EFA98EED 		.ascii	"\357\251\216\3550\302r\027\344\023\035z\320\010\312"
 170      30C27217 
 170      E4131D7A 
 170      D008CA
 171 0701 B5C8211D 		.ascii	"\265\310!\035\372]44\310\265%\206\275\242c\017\033a"
 171      FA5D3434 
 171      C8B52586 
 171      BDA2630F 
 171      1B61
 172 0713 F94ED2AF 		.ascii	"\371N\322\257c\217\032a\371.\325\247c\273\214\260|\033"
 172      638F1A61 
 172      F92ED5A7 
 172      63BB8CB0 
ARM GAS  C:\Users\info\AppData\Local\Temp\cc4jS3kk.s 			page 13


 172      7C1B
 173 0725 3DA763BF 		.ascii	"=\247c\2777\302\362\321\355\321\261\307\214\260|t\317"
 173      37C2F2D1 
 173      EDD1B1C7 
 173      8CB07C74 
 173      CF
 174 0736 94739DF2 		.ascii	"\224s\235\362G\015\035\351\224\301\327\303\326Y>\231"
 174      470D1DE9 
 174      94C1D7C3 
 174      D6593E99 
 175 0746 5D44F0C5 		.ascii	"]D\360\305\217\316i\360\310Et\366\015\263;\312\271\213"
 175      8FCE69F0 
 175      C84574F6 
 175      0DB33BCA 
 175      B98B
 176 0758 EB27633C 		.ascii	"\353'c<'\276\255/\211\301\367Au^{\035\316_E|\331\356"
 176      27BEAD2F 
 176      89C1F741 
 176      755E7B1D 
 176      CE5F457C 
 177 076e 17D37450 		.ascii	"\027\323tP+\034\362\026\330\315\032\341\333`\002\207"
 177      2B1CF216 
 177      D8CD1AE1 
 177      DB600287 
 178 077e 29278503 		.ascii	")'\205\003?\274\246\2104da\347\005\262\001\376\037\020"
 178      3FBCA688 
 178      346461E7 
 178      05B201FE 
 178      1F10
 179 0790 4D000AB7 		.ascii	"M\000\012\267\214\233\3202X\343\255<9\2314^b\351-\375"
 179      8C9BD032 
 179      58E3AD3C 
 179      3999345E 
 179      62E92DFD 
 180 07a4 A7430B6D 		.ascii	"\247C\013m\032\314\233V\336\233\333\306\336p\316\267"
 180      1ACC9B56 
 180      DE9BDBC6 
 180      DE70CEB7 
 181 07b4 F459D595 		.ascii	"\364Y\325\225v\012\276\373:\330\340^\325\321\367\214"
 181      760ABEFB 
 181      3AD8E05E 
 181      D5D1F78C 
 182 07c4 D19CE8A6 		.ascii	"\321\234\350\246\362Tf\311A\200\337\177"
 182      F25466C9 
 182      4180DF7F 
 183 07d0 1DFEBE71 		.ascii	"\035\376\276qX\203|X\277\203\260v\032\2065\030\025\326"
 183      58837C58 
 183      BF83B076 
 183      1A863518 
 183      15D6
 184 07e2 4EA3B09E 		.ascii	"N\243\260\236\211\012k\220\206u+\015+\013\345\336\345"
 184      890A6B90 
 184      86752B0D 
 184      2B0BE5DE 
 184      E5
 185 07f3 EF905012 		.ascii	"\357\220P\022\343\036\352\241\354\344B\271\267\374\017"
 185      E31EEAA1 
ARM GAS  C:\Users\info\AppData\Local\Temp\cc4jS3kk.s 			page 14


 185      ECE442B9 
 185      B7FC0F
 186 0802 CC01B833 		.ascii	"\314\001\2703\320\240\241\003Y\372w\304\246r\372\035"
 186      D0A0A103 
 186      59FA77C4 
 186      A672FA1D 
 187 0812 511DFD1D 		.ascii	"Q\035\375\035\301\326\326.\377=Y#\255~\213~_V\207\357"
 187      C1D6D62E 
 187      FF3D5923 
 187      AD7E8B7E 
 187      5F5687EF 
 188 0826 CBA5CF8B 		.ascii	"\313\245\317\213\227\262\237G$\333\373\330o\260\343"
 188      97B29F47 
 188      24DBFBD8 
 188      6FB0E3
 189 0835 1D37DB63 		.ascii	"\0357\333c\3238\207>{\207\363\247\213\372s\224\372C"
 189      D338873E 
 189      7B87F3A7 
 189      8BFA7394 
 189      FA43
 190 0847 C0BB1F5E 		.ascii	"\300\273\037^\216\177w\263\272\271A\035x\266\365\343"
 190      8E7F77B3 
 190      BAB9411D 
 190      78B6F5E3 
 191 0857 5B8DAABA 		.ascii	"[\215\252\272PU\213L\004\207j\302\356\241\235\310D8"
 191      50558B4C 
 191      04876AC2 
 191      EEA19DC8 
 191      4438
 192 0869 A27C07FC 		.ascii	"\242|\007\374r\025\320\367\342\273Bba\366\274l)\317"
 192      7215D0F7 
 192      E2BB4262 
 192      61F6BC6C 
 192      29CF
 193 087b E7F24A0E 		.ascii	"\347\362J\016\273\333m\366x]\036\267\313#\233?\371\307"
 193      BBDB6DF6 
 193      785D1EB7 
 193      CB239B3F 
 193      F9C7
 194 088d A753FE92 		.ascii	"\247S\376\222\225%\304IR\241\313\243dKJ\021r|d\363\371"
 194      9525C449 
 194      52A1CBA3 
 194      644B4A11 
 194      727C64F3 
 195 08a2 BD797E7B 		.ascii	"\275y~{\301\224\\\227[\016L\311\230\227\375\341\037"
 195      C1945C97 
 195      5B0E4CC9 
 195      9897FDE1 
 195      1F
 196 08b3 6D8EF93E 		.ascii	"m\216\371>\277\034\010\330|\001\257c\212\303/\333\025"
 196      BF1C08D8 
 196      7C01AF63 
 196      8AC32FDB 
 196      15
 197 08c4 AFDF3627 		.ascii	"\257\3376'sV\364\204\253\300\347\365+\266<O\241\315"
 197      7356F484 
 197      ABC0E7F5 
ARM GAS  C:\Users\info\AppData\Local\Temp\cc4jS3kk.s 			page 15


 197      2BB63C4F 
 197      A1CD
 198 08d6 EE2FB07D 		.ascii	"\356/\260}\2209'3\213\214\336\363x=\362{\262=\307es"
 198      90392733 
 198      8B8CDEF3 
 198      783DF27B 
 198      B23DC765 
 199 08eb 791CEE42 		.ascii	"y\034\356B\247l+\260;\362\301\006\233\344\224s\355\205"
 199      A76C2BB0 
 199      3BF2C106 
 199      9BE49473 
 199      ED85
 200 08fd 6E4552E6 		.ascii	"nER\346\373\344@f\276\020\253\2312\367\377eI`~\300&"
 200      FBE44066 
 200      BE10AB99 
 200      32F7FF65 
 200      49607EC0 
 201 0912 051427A8 		.ascii	"\005\024'\250\005\365\211N9\307[\350q\3100eW\344\337"
 201      05F5894E 
 201      39C75BE8 
 201      71C83065 
 201      57E4DF
 202 0925 4458B73D 		.ascii	"DX\267=\240H>\227\207\315\377.2\037\266?\262\024O#\015"
 202      A0483E97 
 202      87CDFF2E 
 202      321FB63F 
 202      B2144F23 
 203 093a 36C2ACA5 		.ascii	"6\302\254\245P\311\315f\323 x\256\013\360v\247\223\330"
 203      50C9CD66 
 203      D32078AE 
 203      0BF076A7 
 203      93D8
 204 094c 1FEF9AE5 		.ascii	"\037\357\232\345 \013~Ev\322\2616\237\352\012H\271^"
 204      200B7E45 
 204      76D2B136 
 204      9FEA0A48 
 204      B95E
 205 095e 8F22B93C 		.ascii	"\217\"\271<se\177@\226\012\274N\331<O\362\346\346\006"
 205      73657F40 
 205      960ABC4E 
 205      D93C4FF2 
 205      E6E606
 206 0971 64C52C7B 		.ascii	"d\305,{\034^\2604\317\302R\226\365\241\244\230\303\003"
 206      1C5EB034 
 206      CFC25296 
 206      F5A1A498 
 206      C303
 207 0983 13D91797 		.ascii	"\023\331\027\227S\030\220\034n\257\343s\0152{\226\006"
 207      5318901C 
 207      6EAFE373 
 207      0D327B96 
 207      06
 208 0994 218349D4 		.ascii	"!\203I\3246\273\307\011f\273\355\363%GN<=\034\005\201"
 208      36BBC709 
 208      66BBEDF3 
 208      25474E3C 
 208      3D1C0581 
ARM GAS  C:\Users\info\AppData\Local\Temp\cc4jS3kk.s 			page 16


 209 09a8 3C18C7E6 		.ascii	"<\030\307\346\314WdxOp\330\235\360\2628]\001\037C\305"
 209      CC576478 
 209      4F70D89D 
 209      F0B2385D 
 209      011F43C5 
 210 09bc 7AE4790A 		.ascii	"z\344y\012\274\255\024\355\310\267\373\011\023^wyr\275"
 210      BCAD14ED 
 210      C8B7FB09 
 210      135E7779 
 210      72BD
 211 09ce F13ED73C 		.ascii	"\361>\327<\331-}\341r*\371\223r\335.\037\261[\012\333"
 211      D92D7DE1 
 211      722AF993 
 211      72DD2E1F 
 211      B15B0ADB 
 212 09e2 3D311CA5 		.ascii	"=1\034\245\360D\274\002)\225\362eW^\276b\241c\2723\365"
 212      F044BC02 
 212      2995F265 
 212      575EBE62 
 212      A163BA33 
 213 09f7 0BBF0B4C 		.ascii	"\013\277\013L\360\025\272\003\332\214\344\011$;\355"
 213      F015BA03 
 213      DA8CE409 
 213      243BED
 214 0a06 8A5D824D 		.ascii	"\212]\202M\205>Iq\025\3100\225J\"\026\361T\312\2329"
 214      853E4971 
 214      15C83095 
 214      4A2216F1 
 214      54CA9A39 
 215 0a1a F3F3BF7D 		.ascii	"\363\363\277}i\016\370\\4\\\326\000\314\261\225\374"
 215      690EF85C 
 215      345CD600 
 215      CCB195FC 
 216 0a2a 2F930913 		.ascii	"/\223\011\023-pR\300\371\232\274d\237\027\262\013\361"
 216      2D7052C0 
 216      F99ABC64 
 216      9F17B20B 
 216      F1
 217 0a3b 9715E90B 		.ascii	"\227\025\351\013\273K\201\200\2442\216\337Y\020H\203"
 217      BB4B8180 
 217      A4328EDF 
 217      59104883 
 218 0a4b B307EEBB 		.ascii	"\263\007\356\273|\022\370n\317!f\023\264\007\026\210"
 218      7C12F86E 
 218      CF216613 
 218      B4071688 
 219 0a5b 00BA227B 		.ascii	"\000\272\"{\370\205\344(\264[\236+\273'\3610:\223F\303"
 219      F885E428 
 219      B45B9E2B 
 219      BB27F130 
 219      3A9346C3 
 220 0a6f CA87138E 		.ascii	"\312\207\023\216\206\277\320\241XYTY\234R33m\205\331"
 220      86BFD0A1 
 220      58595459 
 220      9C523333 
 220      6D85D9
 221 0a82 79B32447 		.ascii	"y\263$G\300\357\260\221-p^S\336\334\252\260\2342\011"
ARM GAS  C:\Users\info\AppData\Local\Temp\cc4jS3kk.s 			page 17


 221      C0EFB091 
 221      2D705E53 
 221      DEDCAAB0 
 221      9C3209
 222 0a95 299183CA 		.ascii	")\221\203\312N$I\365\004\272\256\374\366\015y\264Id"
 222      4E2449F5 
 222      04BAAEFC 
 222      F60D79B4 
 222      4964
 223 0aa7 3A84FF00 		.ascii	":\204\377\000G#\002\207"
 223      47230287 
 224              		.text
 225              		.section	.gnu.lto_.symtab.bf14d6e0,"",%progbits
 226 0000 75387838 		.ascii	"u8x8_gpio_call\000"
 226      5F677069 
 226      6F5F6361 
 226      6C6C00
 227 000f 00       		.ascii	"\000"
 228 0010 00       		.ascii	"\000"
 229 0011 00       		.ascii	"\000"
 230 0012 00000000 		.ascii	"\000\000\000\000\000\000\000\000"
 230      00000000 
 231 001a 47010000 		.ascii	"G\001\000\000"
 232              		.text
 233              		.section	.gnu.lto_.opts,"",%progbits
 234 0000 272D666D 		.ascii	"'-fmath-errno' '-fsigned-zeros' '-ftrapping-math' '"
 234      6174682D 
 234      6572726E 
 234      6F272027 
 234      2D667369 
 235 0033 2D666E6F 		.ascii	"-fno-trapv' '-fno-openmp' '-fno-openacc' '-mcpu=cor"
 235      2D747261 
 235      70762720 
 235      272D666E 
 235      6F2D6F70 
 236 0066 7465782D 		.ascii	"tex-m3' '-mthumb' '-g' '-Os' '-ffunction-sections' "
 236      6D332720 
 236      272D6D74 
 236      68756D62 
 236      2720272D 
 237 0099 272D6666 		.ascii	"'-ffat-lto-objects' '-flto'\000"
 237      61742D6C 
 237      746F2D6F 
 237      626A6563 
 237      74732720 
 238              		.text
 239              		.cfi_sections	.debug_frame
 240              		.section	.text.u8x8_gpio_call,"ax",%progbits
 241              		.align	1
 242              		.global	u8x8_gpio_call
 243              		.thumb
 244              		.thumb_func
 245              		.type	u8x8_gpio_call, %function
 246              	u8x8_gpio_call:
 247              	.LFB0:
 248              		.file 1 "..\\u8g2_csrc\\u8x8_gpio.c"
   1:..\u8g2_csrc/u8x8_gpio.c **** /*
ARM GAS  C:\Users\info\AppData\Local\Temp\cc4jS3kk.s 			page 18


   2:..\u8g2_csrc/u8x8_gpio.c **** 
   3:..\u8g2_csrc/u8x8_gpio.c ****   u8x8_gpio.c
   4:..\u8g2_csrc/u8x8_gpio.c ****   
   5:..\u8g2_csrc/u8x8_gpio.c ****   Universal 8bit Graphics Library (https://github.com/olikraus/u8g2/)
   6:..\u8g2_csrc/u8x8_gpio.c **** 
   7:..\u8g2_csrc/u8x8_gpio.c ****   Copyright (c) 2016, olikraus@gmail.com
   8:..\u8g2_csrc/u8x8_gpio.c ****   All rights reserved.
   9:..\u8g2_csrc/u8x8_gpio.c **** 
  10:..\u8g2_csrc/u8x8_gpio.c ****   Redistribution and use in source and binary forms, with or without modification, 
  11:..\u8g2_csrc/u8x8_gpio.c ****   are permitted provided that the following conditions are met:
  12:..\u8g2_csrc/u8x8_gpio.c **** 
  13:..\u8g2_csrc/u8x8_gpio.c ****   * Redistributions of source code must retain the above copyright notice, this list 
  14:..\u8g2_csrc/u8x8_gpio.c ****     of conditions and the following disclaimer.
  15:..\u8g2_csrc/u8x8_gpio.c ****     
  16:..\u8g2_csrc/u8x8_gpio.c ****   * Redistributions in binary form must reproduce the above copyright notice, this 
  17:..\u8g2_csrc/u8x8_gpio.c ****     list of conditions and the following disclaimer in the documentation and/or other 
  18:..\u8g2_csrc/u8x8_gpio.c ****     materials provided with the distribution.
  19:..\u8g2_csrc/u8x8_gpio.c **** 
  20:..\u8g2_csrc/u8x8_gpio.c ****   THIS SOFTWARE IS PROVIDED BY THE COPYRIGHT HOLDERS AND 
  21:..\u8g2_csrc/u8x8_gpio.c ****   CONTRIBUTORS "AS IS" AND ANY EXPRESS OR IMPLIED WARRANTIES, 
  22:..\u8g2_csrc/u8x8_gpio.c ****   INCLUDING, BUT NOT LIMITED TO, THE IMPLIED WARRANTIES OF 
  23:..\u8g2_csrc/u8x8_gpio.c ****   MERCHANTABILITY AND FITNESS FOR A PARTICULAR PURPOSE ARE 
  24:..\u8g2_csrc/u8x8_gpio.c ****   DISCLAIMED. IN NO EVENT SHALL THE COPYRIGHT HOLDER OR 
  25:..\u8g2_csrc/u8x8_gpio.c ****   CONTRIBUTORS BE LIABLE FOR ANY DIRECT, INDIRECT, INCIDENTAL, 
  26:..\u8g2_csrc/u8x8_gpio.c ****   SPECIAL, EXEMPLARY, OR CONSEQUENTIAL DAMAGES (INCLUDING, BUT 
  27:..\u8g2_csrc/u8x8_gpio.c ****   NOT LIMITED TO, PROCUREMENT OF SUBSTITUTE GOODS OR SERVICES; 
  28:..\u8g2_csrc/u8x8_gpio.c ****   LOSS OF USE, DATA, OR PROFITS; OR BUSINESS INTERRUPTION) HOWEVER 
  29:..\u8g2_csrc/u8x8_gpio.c ****   CAUSED AND ON ANY THEORY OF LIABILITY, WHETHER IN CONTRACT, 
  30:..\u8g2_csrc/u8x8_gpio.c ****   STRICT LIABILITY, OR TORT (INCLUDING NEGLIGENCE OR OTHERWISE) 
  31:..\u8g2_csrc/u8x8_gpio.c ****   ARISING IN ANY WAY OUT OF THE USE OF THIS SOFTWARE, EVEN IF 
  32:..\u8g2_csrc/u8x8_gpio.c ****   ADVISED OF THE POSSIBILITY OF SUCH DAMAGE.  
  33:..\u8g2_csrc/u8x8_gpio.c **** 
  34:..\u8g2_csrc/u8x8_gpio.c **** */
  35:..\u8g2_csrc/u8x8_gpio.c **** 
  36:..\u8g2_csrc/u8x8_gpio.c **** 
  37:..\u8g2_csrc/u8x8_gpio.c **** #include "u8x8.h"
  38:..\u8g2_csrc/u8x8_gpio.c **** 
  39:..\u8g2_csrc/u8x8_gpio.c **** 
  40:..\u8g2_csrc/u8x8_gpio.c **** void u8x8_gpio_call(u8x8_t *u8x8, uint8_t msg, uint8_t arg)
  41:..\u8g2_csrc/u8x8_gpio.c **** {
 249              		.loc 1 41 0
 250              		.cfi_startproc
 251              		@ args = 0, pretend = 0, frame = 0
 252              		@ frame_needed = 0, uses_anonymous_args = 0
 253              		@ link register save eliminated.
 254              	.LVL0:
 255 0000 10B4     		push	{r4}
 256              		.cfi_def_cfa_offset 4
 257              		.cfi_offset 4, -4
  42:..\u8g2_csrc/u8x8_gpio.c ****   u8x8->gpio_and_delay_cb(u8x8, msg, arg, NULL);
 258              		.loc 1 42 0
 259 0002 4469     		ldr	r4, [r0, #20]
 260 0004 0023     		movs	r3, #0
 261 0006 A446     		mov	ip, r4
  43:..\u8g2_csrc/u8x8_gpio.c **** }
 262              		.loc 1 43 0
 263 0008 10BC     		pop	{r4}
ARM GAS  C:\Users\info\AppData\Local\Temp\cc4jS3kk.s 			page 19


 264              		.cfi_restore 4
 265              		.cfi_def_cfa_offset 0
  42:..\u8g2_csrc/u8x8_gpio.c ****   u8x8->gpio_and_delay_cb(u8x8, msg, arg, NULL);
 266              		.loc 1 42 0
 267 000a 6047     		bx	ip
 268              	.LVL1:
 269              		.cfi_endproc
 270              	.LFE0:
 271              		.size	u8x8_gpio_call, .-u8x8_gpio_call
 272              		.text
 273              	.Letext0:
 274              		.file 2 "c:\\program files (x86)\\cypress\\psoc creator\\4.2\\psoc creator\\import\\gnu\\arm\\5.4.
 275              		.file 3 "c:\\program files (x86)\\cypress\\psoc creator\\4.2\\psoc creator\\import\\gnu\\arm\\5.4.
 276              		.file 4 "..\\u8g2_csrc\\u8x8.h"
 277              		.section	.debug_info,"",%progbits
 278              	.Ldebug_info0:
 279 0000 96030000 		.4byte	0x396
 280 0004 0400     		.2byte	0x4
 281 0006 00000000 		.4byte	.Ldebug_abbrev0
 282 000a 04       		.byte	0x4
 283 000b 01       		.uleb128 0x1
 284 000c 81010000 		.4byte	.LASF62
 285 0010 0C       		.byte	0xc
 286 0011 1E000000 		.4byte	.LASF63
 287 0015 C2000000 		.4byte	.LASF64
 288 0019 00000000 		.4byte	.Ldebug_ranges0+0
 289 001d 00000000 		.4byte	0
 290 0021 00000000 		.4byte	.Ldebug_line0
 291 0025 02       		.uleb128 0x2
 292 0026 01       		.byte	0x1
 293 0027 06       		.byte	0x6
 294 0028 E0020000 		.4byte	.LASF0
 295 002c 03       		.uleb128 0x3
 296 002d 92020000 		.4byte	.LASF3
 297 0031 02       		.byte	0x2
 298 0032 1D       		.byte	0x1d
 299 0033 37000000 		.4byte	0x37
 300 0037 02       		.uleb128 0x2
 301 0038 01       		.byte	0x1
 302 0039 08       		.byte	0x8
 303 003a D2020000 		.4byte	.LASF1
 304 003e 02       		.uleb128 0x2
 305 003f 02       		.byte	0x2
 306 0040 05       		.byte	0x5
 307 0041 6B000000 		.4byte	.LASF2
 308 0045 03       		.uleb128 0x3
 309 0046 2C010000 		.4byte	.LASF4
 310 004a 02       		.byte	0x2
 311 004b 2B       		.byte	0x2b
 312 004c 50000000 		.4byte	0x50
 313 0050 02       		.uleb128 0x2
 314 0051 02       		.byte	0x2
 315 0052 07       		.byte	0x7
 316 0053 79030000 		.4byte	.LASF5
 317 0057 02       		.uleb128 0x2
 318 0058 04       		.byte	0x4
 319 0059 05       		.byte	0x5
ARM GAS  C:\Users\info\AppData\Local\Temp\cc4jS3kk.s 			page 20


 320 005a 89020000 		.4byte	.LASF6
 321 005e 03       		.uleb128 0x3
 322 005f B7000000 		.4byte	.LASF7
 323 0063 02       		.byte	0x2
 324 0064 41       		.byte	0x41
 325 0065 69000000 		.4byte	0x69
 326 0069 02       		.uleb128 0x2
 327 006a 04       		.byte	0x4
 328 006b 07       		.byte	0x7
 329 006c E5030000 		.4byte	.LASF8
 330 0070 02       		.uleb128 0x2
 331 0071 08       		.byte	0x8
 332 0072 05       		.byte	0x5
 333 0073 5C020000 		.4byte	.LASF9
 334 0077 02       		.uleb128 0x2
 335 0078 08       		.byte	0x8
 336 0079 07       		.byte	0x7
 337 007a EC020000 		.4byte	.LASF10
 338 007e 04       		.uleb128 0x4
 339 007f 04       		.byte	0x4
 340 0080 05       		.byte	0x5
 341 0081 696E7400 		.ascii	"int\000"
 342 0085 02       		.uleb128 0x2
 343 0086 04       		.byte	0x4
 344 0087 07       		.byte	0x7
 345 0088 0C030000 		.4byte	.LASF11
 346 008c 03       		.uleb128 0x3
 347 008d 4C010000 		.4byte	.LASF12
 348 0091 03       		.byte	0x3
 349 0092 18       		.byte	0x18
 350 0093 2C000000 		.4byte	0x2c
 351 0097 03       		.uleb128 0x3
 352 0098 19030000 		.4byte	.LASF13
 353 009c 03       		.byte	0x3
 354 009d 24       		.byte	0x24
 355 009e 45000000 		.4byte	0x45
 356 00a2 03       		.uleb128 0x3
 357 00a3 03030000 		.4byte	.LASF14
 358 00a7 03       		.byte	0x3
 359 00a8 30       		.byte	0x30
 360 00a9 5E000000 		.4byte	0x5e
 361 00ad 05       		.uleb128 0x5
 362 00ae 04       		.byte	0x4
 363 00af 02       		.uleb128 0x2
 364 00b0 08       		.byte	0x8
 365 00b1 04       		.byte	0x4
 366 00b2 BA020000 		.4byte	.LASF15
 367 00b6 03       		.uleb128 0x3
 368 00b7 50030000 		.4byte	.LASF16
 369 00bb 04       		.byte	0x4
 370 00bc C3       		.byte	0xc3
 371 00bd C1000000 		.4byte	0xc1
 372 00c1 06       		.uleb128 0x6
 373 00c2 D9030000 		.4byte	.LASF38
 374 00c6 30       		.byte	0x30
 375 00c7 04       		.byte	0x4
 376 00c8 4601     		.2byte	0x146
ARM GAS  C:\Users\info\AppData\Local\Temp\cc4jS3kk.s 			page 21


 377 00ca D3010000 		.4byte	0x1d3
 378 00ce 07       		.uleb128 0x7
 379 00cf A8030000 		.4byte	.LASF17
 380 00d3 04       		.byte	0x4
 381 00d4 4801     		.2byte	0x148
 382 00d6 32030000 		.4byte	0x332
 383 00da 00       		.byte	0
 384 00db 07       		.uleb128 0x7
 385 00dc 82040000 		.4byte	.LASF18
 386 00e0 04       		.byte	0x4
 387 00e1 4901     		.2byte	0x149
 388 00e3 0D030000 		.4byte	0x30d
 389 00e7 04       		.byte	0x4
 390 00e8 07       		.uleb128 0x7
 391 00e9 9C020000 		.4byte	.LASF19
 392 00ed 04       		.byte	0x4
 393 00ee 4A01     		.2byte	0x14a
 394 00f0 D8020000 		.4byte	0x2d8
 395 00f4 08       		.byte	0x8
 396 00f5 07       		.uleb128 0x7
 397 00f6 45040000 		.4byte	.LASF20
 398 00fa 04       		.byte	0x4
 399 00fb 4B01     		.2byte	0x14b
 400 00fd D8020000 		.4byte	0x2d8
 401 0101 0C       		.byte	0xc
 402 0102 07       		.uleb128 0x7
 403 0103 F7030000 		.4byte	.LASF21
 404 0107 04       		.byte	0x4
 405 0108 4C01     		.2byte	0x14c
 406 010a D8020000 		.4byte	0x2d8
 407 010e 10       		.byte	0x10
 408 010f 07       		.uleb128 0x7
 409 0110 75000000 		.4byte	.LASF22
 410 0114 04       		.byte	0x4
 411 0115 4D01     		.2byte	0x14d
 412 0117 D8020000 		.4byte	0x2d8
 413 011b 14       		.byte	0x14
 414 011c 07       		.uleb128 0x7
 415 011d 15020000 		.4byte	.LASF23
 416 0121 04       		.byte	0x4
 417 0122 4E01     		.2byte	0x14e
 418 0124 A2000000 		.4byte	0xa2
 419 0128 18       		.byte	0x18
 420 0129 07       		.uleb128 0x7
 421 012a 52000000 		.4byte	.LASF24
 422 012e 04       		.byte	0x4
 423 012f 4F01     		.2byte	0x14f
 424 0131 3D030000 		.4byte	0x33d
 425 0135 1C       		.byte	0x1c
 426 0136 07       		.uleb128 0x7
 427 0137 30040000 		.4byte	.LASF25
 428 013b 04       		.byte	0x4
 429 013c 5001     		.2byte	0x150
 430 013e 97000000 		.4byte	0x97
 431 0142 20       		.byte	0x20
 432 0143 07       		.uleb128 0x7
 433 0144 00000000 		.4byte	.LASF26
ARM GAS  C:\Users\info\AppData\Local\Temp\cc4jS3kk.s 			page 22


 434 0148 04       		.byte	0x4
 435 0149 5101     		.2byte	0x151
 436 014b 8C000000 		.4byte	0x8c
 437 014f 22       		.byte	0x22
 438 0150 07       		.uleb128 0x7
 439 0151 09000000 		.4byte	.LASF27
 440 0155 04       		.byte	0x4
 441 0156 5201     		.2byte	0x152
 442 0158 8C000000 		.4byte	0x8c
 443 015c 23       		.byte	0x23
 444 015d 07       		.uleb128 0x7
 445 015e 12040000 		.4byte	.LASF28
 446 0162 04       		.byte	0x4
 447 0163 5301     		.2byte	0x153
 448 0165 8C000000 		.4byte	0x8c
 449 0169 24       		.byte	0x24
 450 016a 07       		.uleb128 0x7
 451 016b 39040000 		.4byte	.LASF29
 452 016f 04       		.byte	0x4
 453 0170 5601     		.2byte	0x156
 454 0172 8C000000 		.4byte	0x8c
 455 0176 25       		.byte	0x25
 456 0177 07       		.uleb128 0x7
 457 0178 4C040000 		.4byte	.LASF30
 458 017c 04       		.byte	0x4
 459 017d 5701     		.2byte	0x157
 460 017f 8C000000 		.4byte	0x8c
 461 0183 26       		.byte	0x26
 462 0184 07       		.uleb128 0x7
 463 0185 CE030000 		.4byte	.LASF31
 464 0189 04       		.byte	0x4
 465 018a 5801     		.2byte	0x158
 466 018c 8C000000 		.4byte	0x8c
 467 0190 27       		.byte	0x27
 468 0191 07       		.uleb128 0x7
 469 0192 6A020000 		.4byte	.LASF32
 470 0196 04       		.byte	0x4
 471 0197 5901     		.2byte	0x159
 472 0199 8C000000 		.4byte	0x8c
 473 019d 28       		.byte	0x28
 474 019e 07       		.uleb128 0x7
 475 019f 5B040000 		.4byte	.LASF33
 476 01a3 04       		.byte	0x4
 477 01a4 5A01     		.2byte	0x15a
 478 01a6 8C000000 		.4byte	0x8c
 479 01aa 29       		.byte	0x29
 480 01ab 07       		.uleb128 0x7
 481 01ac 44020000 		.4byte	.LASF34
 482 01b0 04       		.byte	0x4
 483 01b1 5B01     		.2byte	0x15b
 484 01b3 8C000000 		.4byte	0x8c
 485 01b7 2A       		.byte	0x2a
 486 01b8 07       		.uleb128 0x7
 487 01b9 99030000 		.4byte	.LASF35
 488 01bd 04       		.byte	0x4
 489 01be 5C01     		.2byte	0x15c
 490 01c0 8C000000 		.4byte	0x8c
ARM GAS  C:\Users\info\AppData\Local\Temp\cc4jS3kk.s 			page 23


 491 01c4 2B       		.byte	0x2b
 492 01c5 07       		.uleb128 0x7
 493 01c6 57000000 		.4byte	.LASF36
 494 01ca 04       		.byte	0x4
 495 01cb 5D01     		.2byte	0x15d
 496 01cd 8C000000 		.4byte	0x8c
 497 01d1 2C       		.byte	0x2c
 498 01d2 00       		.byte	0
 499 01d3 03       		.uleb128 0x3
 500 01d4 30020000 		.4byte	.LASF37
 501 01d8 04       		.byte	0x4
 502 01d9 C4       		.byte	0xc4
 503 01da DE010000 		.4byte	0x1de
 504 01de 08       		.uleb128 0x8
 505 01df 22030000 		.4byte	.LASF39
 506 01e3 18       		.byte	0x18
 507 01e4 04       		.byte	0x4
 508 01e5 DD       		.byte	0xdd
 509 01e6 D8020000 		.4byte	0x2d8
 510 01ea 09       		.uleb128 0x9
 511 01eb 40000000 		.4byte	.LASF40
 512 01ef 04       		.byte	0x4
 513 01f0 E1       		.byte	0xe1
 514 01f1 8C000000 		.4byte	0x8c
 515 01f5 00       		.byte	0
 516 01f6 09       		.uleb128 0x9
 517 01f7 FF030000 		.4byte	.LASF41
 518 01fb 04       		.byte	0x4
 519 01fc E2       		.byte	0xe2
 520 01fd 8C000000 		.4byte	0x8c
 521 0201 01       		.byte	0x1
 522 0202 09       		.uleb128 0x9
 523 0203 54010000 		.4byte	.LASF42
 524 0207 04       		.byte	0x4
 525 0208 E4       		.byte	0xe4
 526 0209 8C000000 		.4byte	0x8c
 527 020d 02       		.byte	0x2
 528 020e 09       		.uleb128 0x9
 529 020f 8A040000 		.4byte	.LASF43
 530 0213 04       		.byte	0x4
 531 0214 E5       		.byte	0xe5
 532 0215 8C000000 		.4byte	0x8c
 533 0219 03       		.byte	0x3
 534 021a 09       		.uleb128 0x9
 535 021b 3B030000 		.4byte	.LASF44
 536 021f 04       		.byte	0x4
 537 0220 E6       		.byte	0xe6
 538 0221 8C000000 		.4byte	0x8c
 539 0225 04       		.byte	0x4
 540 0226 09       		.uleb128 0x9
 541 0227 A4000000 		.4byte	.LASF45
 542 022b 04       		.byte	0x4
 543 022c E7       		.byte	0xe7
 544 022d 8C000000 		.4byte	0x8c
 545 0231 05       		.byte	0x5
 546 0232 09       		.uleb128 0x9
 547 0233 92000000 		.4byte	.LASF46
ARM GAS  C:\Users\info\AppData\Local\Temp\cc4jS3kk.s 			page 24


 548 0237 04       		.byte	0x4
 549 0238 EE       		.byte	0xee
 550 0239 8C000000 		.4byte	0x8c
 551 023d 06       		.byte	0x6
 552 023e 09       		.uleb128 0x9
 553 023f 76020000 		.4byte	.LASF47
 554 0243 04       		.byte	0x4
 555 0244 F2       		.byte	0xf2
 556 0245 8C000000 		.4byte	0x8c
 557 0249 07       		.byte	0x7
 558 024a 09       		.uleb128 0x9
 559 024b 6C030000 		.4byte	.LASF48
 560 024f 04       		.byte	0x4
 561 0250 F5       		.byte	0xf5
 562 0251 A2000000 		.4byte	0xa2
 563 0255 08       		.byte	0x8
 564 0256 09       		.uleb128 0x9
 565 0257 37000000 		.4byte	.LASF49
 566 025b 04       		.byte	0x4
 567 025c FF       		.byte	0xff
 568 025d 8C000000 		.4byte	0x8c
 569 0261 0C       		.byte	0xc
 570 0262 07       		.uleb128 0x7
 571 0263 57030000 		.4byte	.LASF50
 572 0267 04       		.byte	0x4
 573 0268 0201     		.2byte	0x102
 574 026a 8C000000 		.4byte	0x8c
 575 026e 0D       		.byte	0xd
 576 026f 07       		.uleb128 0x7
 577 0270 A7020000 		.4byte	.LASF51
 578 0274 04       		.byte	0x4
 579 0275 0801     		.2byte	0x108
 580 0277 8C000000 		.4byte	0x8c
 581 027b 0E       		.byte	0xe
 582 027c 07       		.uleb128 0x7
 583 027d 37010000 		.4byte	.LASF52
 584 0281 04       		.byte	0x4
 585 0282 0A01     		.2byte	0x10a
 586 0284 8C000000 		.4byte	0x8c
 587 0288 0F       		.byte	0xf
 588 0289 07       		.uleb128 0x7
 589 028a 87000000 		.4byte	.LASF53
 590 028e 04       		.byte	0x4
 591 028f 0D01     		.2byte	0x10d
 592 0291 8C000000 		.4byte	0x8c
 593 0295 10       		.byte	0x10
 594 0296 07       		.uleb128 0x7
 595 0297 C6020000 		.4byte	.LASF54
 596 029b 04       		.byte	0x4
 597 029c 0E01     		.2byte	0x10e
 598 029e 8C000000 		.4byte	0x8c
 599 02a2 11       		.byte	0x11
 600 02a3 07       		.uleb128 0x7
 601 02a4 1F020000 		.4byte	.LASF55
 602 02a8 04       		.byte	0x4
 603 02a9 1001     		.2byte	0x110
 604 02ab 8C000000 		.4byte	0x8c
ARM GAS  C:\Users\info\AppData\Local\Temp\cc4jS3kk.s 			page 25


 605 02af 12       		.byte	0x12
 606 02b0 07       		.uleb128 0x7
 607 02b1 1E040000 		.4byte	.LASF56
 608 02b5 04       		.byte	0x4
 609 02b6 1101     		.2byte	0x111
 610 02b8 8C000000 		.4byte	0x8c
 611 02bc 13       		.byte	0x13
 612 02bd 07       		.uleb128 0x7
 613 02be C2030000 		.4byte	.LASF57
 614 02c2 04       		.byte	0x4
 615 02c3 1901     		.2byte	0x119
 616 02c5 97000000 		.4byte	0x97
 617 02c9 14       		.byte	0x14
 618 02ca 07       		.uleb128 0x7
 619 02cb B5030000 		.4byte	.LASF58
 620 02cf 04       		.byte	0x4
 621 02d0 1A01     		.2byte	0x11a
 622 02d2 97000000 		.4byte	0x97
 623 02d6 16       		.byte	0x16
 624 02d7 00       		.byte	0
 625 02d8 03       		.uleb128 0x3
 626 02d9 76040000 		.4byte	.LASF59
 627 02dd 04       		.byte	0x4
 628 02de C7       		.byte	0xc7
 629 02df E3020000 		.4byte	0x2e3
 630 02e3 0A       		.uleb128 0xa
 631 02e4 04       		.byte	0x4
 632 02e5 E9020000 		.4byte	0x2e9
 633 02e9 0B       		.uleb128 0xb
 634 02ea 8C000000 		.4byte	0x8c
 635 02ee 07030000 		.4byte	0x307
 636 02f2 0C       		.uleb128 0xc
 637 02f3 07030000 		.4byte	0x307
 638 02f7 0C       		.uleb128 0xc
 639 02f8 8C000000 		.4byte	0x8c
 640 02fc 0C       		.uleb128 0xc
 641 02fd 8C000000 		.4byte	0x8c
 642 0301 0C       		.uleb128 0xc
 643 0302 AD000000 		.4byte	0xad
 644 0306 00       		.byte	0
 645 0307 0A       		.uleb128 0xa
 646 0308 04       		.byte	0x4
 647 0309 B6000000 		.4byte	0xb6
 648 030d 03       		.uleb128 0x3
 649 030e 8C030000 		.4byte	.LASF60
 650 0312 04       		.byte	0x4
 651 0313 C8       		.byte	0xc8
 652 0314 18030000 		.4byte	0x318
 653 0318 0A       		.uleb128 0xa
 654 0319 04       		.byte	0x4
 655 031a 1E030000 		.4byte	0x31e
 656 031e 0B       		.uleb128 0xb
 657 031f 97000000 		.4byte	0x97
 658 0323 32030000 		.4byte	0x332
 659 0327 0C       		.uleb128 0xc
 660 0328 07030000 		.4byte	0x307
 661 032c 0C       		.uleb128 0xc
ARM GAS  C:\Users\info\AppData\Local\Temp\cc4jS3kk.s 			page 26


 662 032d 8C000000 		.4byte	0x8c
 663 0331 00       		.byte	0
 664 0332 0A       		.uleb128 0xa
 665 0333 04       		.byte	0x4
 666 0334 38030000 		.4byte	0x338
 667 0338 0D       		.uleb128 0xd
 668 0339 D3010000 		.4byte	0x1d3
 669 033d 0A       		.uleb128 0xa
 670 033e 04       		.byte	0x4
 671 033f 43030000 		.4byte	0x343
 672 0343 0D       		.uleb128 0xd
 673 0344 8C000000 		.4byte	0x8c
 674 0348 0E       		.uleb128 0xe
 675 0349 72010000 		.4byte	.LASF65
 676 034d 01       		.byte	0x1
 677 034e 28       		.byte	0x28
 678 034f 00000000 		.4byte	.LFB0
 679 0353 0C000000 		.4byte	.LFE0-.LFB0
 680 0357 01       		.uleb128 0x1
 681 0358 9C       		.byte	0x9c
 682 0359 0F       		.uleb128 0xf
 683 035a 6D010000 		.4byte	.LASF61
 684 035e 01       		.byte	0x1
 685 035f 28       		.byte	0x28
 686 0360 07030000 		.4byte	0x307
 687 0364 00000000 		.4byte	.LLST0
 688 0368 10       		.uleb128 0x10
 689 0369 6D736700 		.ascii	"msg\000"
 690 036d 01       		.byte	0x1
 691 036e 28       		.byte	0x28
 692 036f 8C000000 		.4byte	0x8c
 693 0373 21000000 		.4byte	.LLST1
 694 0377 10       		.uleb128 0x10
 695 0378 61726700 		.ascii	"arg\000"
 696 037c 01       		.byte	0x1
 697 037d 28       		.byte	0x28
 698 037e 8C000000 		.4byte	0x8c
 699 0382 42000000 		.4byte	.LLST2
 700 0386 11       		.uleb128 0x11
 701 0387 0C000000 		.4byte	.LVL1
 702 038b 12       		.uleb128 0x12
 703 038c 01       		.uleb128 0x1
 704 038d 50       		.byte	0x50
 705 038e 03       		.uleb128 0x3
 706 038f F3       		.byte	0xf3
 707 0390 01       		.uleb128 0x1
 708 0391 50       		.byte	0x50
 709 0392 12       		.uleb128 0x12
 710 0393 01       		.uleb128 0x1
 711 0394 53       		.byte	0x53
 712 0395 01       		.uleb128 0x1
 713 0396 30       		.byte	0x30
 714 0397 00       		.byte	0
 715 0398 00       		.byte	0
 716 0399 00       		.byte	0
 717              		.section	.debug_abbrev,"",%progbits
 718              	.Ldebug_abbrev0:
ARM GAS  C:\Users\info\AppData\Local\Temp\cc4jS3kk.s 			page 27


 719 0000 01       		.uleb128 0x1
 720 0001 11       		.uleb128 0x11
 721 0002 01       		.byte	0x1
 722 0003 25       		.uleb128 0x25
 723 0004 0E       		.uleb128 0xe
 724 0005 13       		.uleb128 0x13
 725 0006 0B       		.uleb128 0xb
 726 0007 03       		.uleb128 0x3
 727 0008 0E       		.uleb128 0xe
 728 0009 1B       		.uleb128 0x1b
 729 000a 0E       		.uleb128 0xe
 730 000b 55       		.uleb128 0x55
 731 000c 17       		.uleb128 0x17
 732 000d 11       		.uleb128 0x11
 733 000e 01       		.uleb128 0x1
 734 000f 10       		.uleb128 0x10
 735 0010 17       		.uleb128 0x17
 736 0011 00       		.byte	0
 737 0012 00       		.byte	0
 738 0013 02       		.uleb128 0x2
 739 0014 24       		.uleb128 0x24
 740 0015 00       		.byte	0
 741 0016 0B       		.uleb128 0xb
 742 0017 0B       		.uleb128 0xb
 743 0018 3E       		.uleb128 0x3e
 744 0019 0B       		.uleb128 0xb
 745 001a 03       		.uleb128 0x3
 746 001b 0E       		.uleb128 0xe
 747 001c 00       		.byte	0
 748 001d 00       		.byte	0
 749 001e 03       		.uleb128 0x3
 750 001f 16       		.uleb128 0x16
 751 0020 00       		.byte	0
 752 0021 03       		.uleb128 0x3
 753 0022 0E       		.uleb128 0xe
 754 0023 3A       		.uleb128 0x3a
 755 0024 0B       		.uleb128 0xb
 756 0025 3B       		.uleb128 0x3b
 757 0026 0B       		.uleb128 0xb
 758 0027 49       		.uleb128 0x49
 759 0028 13       		.uleb128 0x13
 760 0029 00       		.byte	0
 761 002a 00       		.byte	0
 762 002b 04       		.uleb128 0x4
 763 002c 24       		.uleb128 0x24
 764 002d 00       		.byte	0
 765 002e 0B       		.uleb128 0xb
 766 002f 0B       		.uleb128 0xb
 767 0030 3E       		.uleb128 0x3e
 768 0031 0B       		.uleb128 0xb
 769 0032 03       		.uleb128 0x3
 770 0033 08       		.uleb128 0x8
 771 0034 00       		.byte	0
 772 0035 00       		.byte	0
 773 0036 05       		.uleb128 0x5
 774 0037 0F       		.uleb128 0xf
 775 0038 00       		.byte	0
ARM GAS  C:\Users\info\AppData\Local\Temp\cc4jS3kk.s 			page 28


 776 0039 0B       		.uleb128 0xb
 777 003a 0B       		.uleb128 0xb
 778 003b 00       		.byte	0
 779 003c 00       		.byte	0
 780 003d 06       		.uleb128 0x6
 781 003e 13       		.uleb128 0x13
 782 003f 01       		.byte	0x1
 783 0040 03       		.uleb128 0x3
 784 0041 0E       		.uleb128 0xe
 785 0042 0B       		.uleb128 0xb
 786 0043 0B       		.uleb128 0xb
 787 0044 3A       		.uleb128 0x3a
 788 0045 0B       		.uleb128 0xb
 789 0046 3B       		.uleb128 0x3b
 790 0047 05       		.uleb128 0x5
 791 0048 01       		.uleb128 0x1
 792 0049 13       		.uleb128 0x13
 793 004a 00       		.byte	0
 794 004b 00       		.byte	0
 795 004c 07       		.uleb128 0x7
 796 004d 0D       		.uleb128 0xd
 797 004e 00       		.byte	0
 798 004f 03       		.uleb128 0x3
 799 0050 0E       		.uleb128 0xe
 800 0051 3A       		.uleb128 0x3a
 801 0052 0B       		.uleb128 0xb
 802 0053 3B       		.uleb128 0x3b
 803 0054 05       		.uleb128 0x5
 804 0055 49       		.uleb128 0x49
 805 0056 13       		.uleb128 0x13
 806 0057 38       		.uleb128 0x38
 807 0058 0B       		.uleb128 0xb
 808 0059 00       		.byte	0
 809 005a 00       		.byte	0
 810 005b 08       		.uleb128 0x8
 811 005c 13       		.uleb128 0x13
 812 005d 01       		.byte	0x1
 813 005e 03       		.uleb128 0x3
 814 005f 0E       		.uleb128 0xe
 815 0060 0B       		.uleb128 0xb
 816 0061 0B       		.uleb128 0xb
 817 0062 3A       		.uleb128 0x3a
 818 0063 0B       		.uleb128 0xb
 819 0064 3B       		.uleb128 0x3b
 820 0065 0B       		.uleb128 0xb
 821 0066 01       		.uleb128 0x1
 822 0067 13       		.uleb128 0x13
 823 0068 00       		.byte	0
 824 0069 00       		.byte	0
 825 006a 09       		.uleb128 0x9
 826 006b 0D       		.uleb128 0xd
 827 006c 00       		.byte	0
 828 006d 03       		.uleb128 0x3
 829 006e 0E       		.uleb128 0xe
 830 006f 3A       		.uleb128 0x3a
 831 0070 0B       		.uleb128 0xb
 832 0071 3B       		.uleb128 0x3b
ARM GAS  C:\Users\info\AppData\Local\Temp\cc4jS3kk.s 			page 29


 833 0072 0B       		.uleb128 0xb
 834 0073 49       		.uleb128 0x49
 835 0074 13       		.uleb128 0x13
 836 0075 38       		.uleb128 0x38
 837 0076 0B       		.uleb128 0xb
 838 0077 00       		.byte	0
 839 0078 00       		.byte	0
 840 0079 0A       		.uleb128 0xa
 841 007a 0F       		.uleb128 0xf
 842 007b 00       		.byte	0
 843 007c 0B       		.uleb128 0xb
 844 007d 0B       		.uleb128 0xb
 845 007e 49       		.uleb128 0x49
 846 007f 13       		.uleb128 0x13
 847 0080 00       		.byte	0
 848 0081 00       		.byte	0
 849 0082 0B       		.uleb128 0xb
 850 0083 15       		.uleb128 0x15
 851 0084 01       		.byte	0x1
 852 0085 27       		.uleb128 0x27
 853 0086 19       		.uleb128 0x19
 854 0087 49       		.uleb128 0x49
 855 0088 13       		.uleb128 0x13
 856 0089 01       		.uleb128 0x1
 857 008a 13       		.uleb128 0x13
 858 008b 00       		.byte	0
 859 008c 00       		.byte	0
 860 008d 0C       		.uleb128 0xc
 861 008e 05       		.uleb128 0x5
 862 008f 00       		.byte	0
 863 0090 49       		.uleb128 0x49
 864 0091 13       		.uleb128 0x13
 865 0092 00       		.byte	0
 866 0093 00       		.byte	0
 867 0094 0D       		.uleb128 0xd
 868 0095 26       		.uleb128 0x26
 869 0096 00       		.byte	0
 870 0097 49       		.uleb128 0x49
 871 0098 13       		.uleb128 0x13
 872 0099 00       		.byte	0
 873 009a 00       		.byte	0
 874 009b 0E       		.uleb128 0xe
 875 009c 2E       		.uleb128 0x2e
 876 009d 01       		.byte	0x1
 877 009e 3F       		.uleb128 0x3f
 878 009f 19       		.uleb128 0x19
 879 00a0 03       		.uleb128 0x3
 880 00a1 0E       		.uleb128 0xe
 881 00a2 3A       		.uleb128 0x3a
 882 00a3 0B       		.uleb128 0xb
 883 00a4 3B       		.uleb128 0x3b
 884 00a5 0B       		.uleb128 0xb
 885 00a6 27       		.uleb128 0x27
 886 00a7 19       		.uleb128 0x19
 887 00a8 11       		.uleb128 0x11
 888 00a9 01       		.uleb128 0x1
 889 00aa 12       		.uleb128 0x12
ARM GAS  C:\Users\info\AppData\Local\Temp\cc4jS3kk.s 			page 30


 890 00ab 06       		.uleb128 0x6
 891 00ac 40       		.uleb128 0x40
 892 00ad 18       		.uleb128 0x18
 893 00ae 9742     		.uleb128 0x2117
 894 00b0 19       		.uleb128 0x19
 895 00b1 00       		.byte	0
 896 00b2 00       		.byte	0
 897 00b3 0F       		.uleb128 0xf
 898 00b4 05       		.uleb128 0x5
 899 00b5 00       		.byte	0
 900 00b6 03       		.uleb128 0x3
 901 00b7 0E       		.uleb128 0xe
 902 00b8 3A       		.uleb128 0x3a
 903 00b9 0B       		.uleb128 0xb
 904 00ba 3B       		.uleb128 0x3b
 905 00bb 0B       		.uleb128 0xb
 906 00bc 49       		.uleb128 0x49
 907 00bd 13       		.uleb128 0x13
 908 00be 02       		.uleb128 0x2
 909 00bf 17       		.uleb128 0x17
 910 00c0 00       		.byte	0
 911 00c1 00       		.byte	0
 912 00c2 10       		.uleb128 0x10
 913 00c3 05       		.uleb128 0x5
 914 00c4 00       		.byte	0
 915 00c5 03       		.uleb128 0x3
 916 00c6 08       		.uleb128 0x8
 917 00c7 3A       		.uleb128 0x3a
 918 00c8 0B       		.uleb128 0xb
 919 00c9 3B       		.uleb128 0x3b
 920 00ca 0B       		.uleb128 0xb
 921 00cb 49       		.uleb128 0x49
 922 00cc 13       		.uleb128 0x13
 923 00cd 02       		.uleb128 0x2
 924 00ce 17       		.uleb128 0x17
 925 00cf 00       		.byte	0
 926 00d0 00       		.byte	0
 927 00d1 11       		.uleb128 0x11
 928 00d2 898201   		.uleb128 0x4109
 929 00d5 01       		.byte	0x1
 930 00d6 11       		.uleb128 0x11
 931 00d7 01       		.uleb128 0x1
 932 00d8 9542     		.uleb128 0x2115
 933 00da 19       		.uleb128 0x19
 934 00db 00       		.byte	0
 935 00dc 00       		.byte	0
 936 00dd 12       		.uleb128 0x12
 937 00de 8A8201   		.uleb128 0x410a
 938 00e1 00       		.byte	0
 939 00e2 02       		.uleb128 0x2
 940 00e3 18       		.uleb128 0x18
 941 00e4 9142     		.uleb128 0x2111
 942 00e6 18       		.uleb128 0x18
 943 00e7 00       		.byte	0
 944 00e8 00       		.byte	0
 945 00e9 00       		.byte	0
 946              		.section	.debug_loc,"",%progbits
ARM GAS  C:\Users\info\AppData\Local\Temp\cc4jS3kk.s 			page 31


 947              	.Ldebug_loc0:
 948              	.LLST0:
 949 0000 00000000 		.4byte	.LVL0
 950 0004 0B000000 		.4byte	.LVL1-1
 951 0008 0100     		.2byte	0x1
 952 000a 50       		.byte	0x50
 953 000b 0B000000 		.4byte	.LVL1-1
 954 000f 0C000000 		.4byte	.LFE0
 955 0013 0400     		.2byte	0x4
 956 0015 F3       		.byte	0xf3
 957 0016 01       		.uleb128 0x1
 958 0017 50       		.byte	0x50
 959 0018 9F       		.byte	0x9f
 960 0019 00000000 		.4byte	0
 961 001d 00000000 		.4byte	0
 962              	.LLST1:
 963 0021 00000000 		.4byte	.LVL0
 964 0025 0B000000 		.4byte	.LVL1-1
 965 0029 0100     		.2byte	0x1
 966 002b 51       		.byte	0x51
 967 002c 0B000000 		.4byte	.LVL1-1
 968 0030 0C000000 		.4byte	.LFE0
 969 0034 0400     		.2byte	0x4
 970 0036 F3       		.byte	0xf3
 971 0037 01       		.uleb128 0x1
 972 0038 51       		.byte	0x51
 973 0039 9F       		.byte	0x9f
 974 003a 00000000 		.4byte	0
 975 003e 00000000 		.4byte	0
 976              	.LLST2:
 977 0042 00000000 		.4byte	.LVL0
 978 0046 0B000000 		.4byte	.LVL1-1
 979 004a 0100     		.2byte	0x1
 980 004c 52       		.byte	0x52
 981 004d 0B000000 		.4byte	.LVL1-1
 982 0051 0C000000 		.4byte	.LFE0
 983 0055 0400     		.2byte	0x4
 984 0057 F3       		.byte	0xf3
 985 0058 01       		.uleb128 0x1
 986 0059 52       		.byte	0x52
 987 005a 9F       		.byte	0x9f
 988 005b 00000000 		.4byte	0
 989 005f 00000000 		.4byte	0
 990              		.section	.debug_aranges,"",%progbits
 991 0000 1C000000 		.4byte	0x1c
 992 0004 0200     		.2byte	0x2
 993 0006 00000000 		.4byte	.Ldebug_info0
 994 000a 04       		.byte	0x4
 995 000b 00       		.byte	0
 996 000c 0000     		.2byte	0
 997 000e 0000     		.2byte	0
 998 0010 00000000 		.4byte	.LFB0
 999 0014 0C000000 		.4byte	.LFE0-.LFB0
 1000 0018 00000000 		.4byte	0
 1001 001c 00000000 		.4byte	0
 1002              		.section	.debug_ranges,"",%progbits
 1003              	.Ldebug_ranges0:
ARM GAS  C:\Users\info\AppData\Local\Temp\cc4jS3kk.s 			page 32


 1004 0000 00000000 		.4byte	.LFB0
 1005 0004 0C000000 		.4byte	.LFE0
 1006 0008 00000000 		.4byte	0
 1007 000c 00000000 		.4byte	0
 1008              		.section	.debug_line,"",%progbits
 1009              	.Ldebug_line0:
 1010 0000 4E010000 		.section	.debug_str,"MS",%progbits,1
 1010      02003601 
 1010      00000201 
 1010      FB0E0D00 
 1010      01010101 
 1011              	.LASF26:
 1012 0000 785F6F66 		.ascii	"x_offset\000"
 1012      66736574 
 1012      00
 1013              	.LASF27:
 1014 0009 69735F66 		.ascii	"is_font_inverse_mode\000"
 1014      6F6E745F 
 1014      696E7665 
 1014      7273655F 
 1014      6D6F6465 
 1015              	.LASF63:
 1016 001e 2E2E5C75 		.ascii	"..\\u8g2_csrc\\u8x8_gpio.c\000"
 1016      3867325F 
 1016      63737263 
 1016      5C753878 
 1016      385F6770 
 1017              	.LASF49:
 1018 0037 7370695F 		.ascii	"spi_mode\000"
 1018      6D6F6465 
 1018      00
 1019              	.LASF40:
 1020 0040 63686970 		.ascii	"chip_enable_level\000"
 1020      5F656E61 
 1020      626C655F 
 1020      6C657665 
 1020      6C00
 1021              	.LASF24:
 1022 0052 666F6E74 		.ascii	"font\000"
 1022      00
 1023              	.LASF36:
 1024 0057 6465626F 		.ascii	"debounce_result_msg\000"
 1024      756E6365 
 1024      5F726573 
 1024      756C745F 
 1024      6D736700 
 1025              	.LASF2:
 1026 006b 73686F72 		.ascii	"short int\000"
 1026      7420696E 
 1026      7400
 1027              	.LASF22:
 1028 0075 6770696F 		.ascii	"gpio_and_delay_cb\000"
 1028      5F616E64 
 1028      5F64656C 
 1028      61795F63 
 1028      6200
 1029              	.LASF53:
ARM GAS  C:\Users\info\AppData\Local\Temp\cc4jS3kk.s 			page 33


 1030 0087 74696C65 		.ascii	"tile_width\000"
 1030      5F776964 
 1030      746800
 1031              	.LASF46:
 1032 0092 7364615F 		.ascii	"sda_setup_time_ns\000"
 1032      73657475 
 1032      705F7469 
 1032      6D655F6E 
 1032      7300
 1033              	.LASF45:
 1034 00a4 706F7374 		.ascii	"post_reset_wait_ms\000"
 1034      5F726573 
 1034      65745F77 
 1034      6169745F 
 1034      6D7300
 1035              	.LASF7:
 1036 00b7 5F5F7569 		.ascii	"__uint32_t\000"
 1036      6E743332 
 1036      5F7400
 1037              	.LASF64:
 1038 00c2 433A5C55 		.ascii	"C:\\Users\\info\\Desktop\\Spring 2019 Classes\\6.11"
 1038      73657273 
 1038      5C696E66 
 1038      6F5C4465 
 1038      736B746F 
 1039 00f0 355C362E 		.ascii	"5\\6.115-final\\PSoCCreator\\Final Project\\FinalEm"
 1039      3131352D 
 1039      66696E61 
 1039      6C5C5053 
 1039      6F434372 
 1040 011f 756C6174 		.ascii	"ulator.cydsn\000"
 1040      6F722E63 
 1040      7964736E 
 1040      00
 1041              	.LASF4:
 1042 012c 5F5F7569 		.ascii	"__uint16_t\000"
 1042      6E743136 
 1042      5F7400
 1043              	.LASF52:
 1044 0137 77726974 		.ascii	"write_pulse_width_ns\000"
 1044      655F7075 
 1044      6C73655F 
 1044      77696474 
 1044      685F6E73 
 1045              	.LASF12:
 1046 014c 75696E74 		.ascii	"uint8_t\000"
 1046      385F7400 
 1047              	.LASF42:
 1048 0154 706F7374 		.ascii	"post_chip_enable_wait_ns\000"
 1048      5F636869 
 1048      705F656E 
 1048      61626C65 
 1048      5F776169 
 1049              	.LASF61:
 1050 016d 75387838 		.ascii	"u8x8\000"
 1050      00
 1051              	.LASF65:
ARM GAS  C:\Users\info\AppData\Local\Temp\cc4jS3kk.s 			page 34


 1052 0172 75387838 		.ascii	"u8x8_gpio_call\000"
 1052      5F677069 
 1052      6F5F6361 
 1052      6C6C00
 1053              	.LASF62:
 1054 0181 474E5520 		.ascii	"GNU C11 5.4.1 20160609 (release) [ARM/embedded-5-br"
 1054      43313120 
 1054      352E342E 
 1054      31203230 
 1054      31363036 
 1055 01b4 616E6368 		.ascii	"anch revision 237715] -mcpu=cortex-m3 -mthumb -g -O"
 1055      20726576 
 1055      6973696F 
 1055      6E203233 
 1055      37373135 
 1056 01e7 73202D66 		.ascii	"s -ffunction-sections -ffat-lto-objects -flto\000"
 1056      66756E63 
 1056      74696F6E 
 1056      2D736563 
 1056      74696F6E 
 1057              	.LASF23:
 1058 0215 6275735F 		.ascii	"bus_clock\000"
 1058      636C6F63 
 1058      6B00
 1059              	.LASF55:
 1060 021f 64656661 		.ascii	"default_x_offset\000"
 1060      756C745F 
 1060      785F6F66 
 1060      66736574 
 1060      00
 1061              	.LASF37:
 1062 0230 75387838 		.ascii	"u8x8_display_info_t\000"
 1062      5F646973 
 1062      706C6179 
 1062      5F696E66 
 1062      6F5F7400 
 1063              	.LASF34:
 1064 0244 6465626F 		.ascii	"debounce_last_pin_state\000"
 1064      756E6365 
 1064      5F6C6173 
 1064      745F7069 
 1064      6E5F7374 
 1065              	.LASF9:
 1066 025c 6C6F6E67 		.ascii	"long long int\000"
 1066      206C6F6E 
 1066      6720696E 
 1066      7400
 1067              	.LASF32:
 1068 026a 6770696F 		.ascii	"gpio_result\000"
 1068      5F726573 
 1068      756C7400 
 1069              	.LASF47:
 1070 0276 73636B5F 		.ascii	"sck_pulse_width_ns\000"
 1070      70756C73 
 1070      655F7769 
 1070      6474685F 
 1070      6E7300
ARM GAS  C:\Users\info\AppData\Local\Temp\cc4jS3kk.s 			page 35


 1071              	.LASF6:
 1072 0289 6C6F6E67 		.ascii	"long int\000"
 1072      20696E74 
 1072      00
 1073              	.LASF3:
 1074 0292 5F5F7569 		.ascii	"__uint8_t\000"
 1074      6E74385F 
 1074      7400
 1075              	.LASF19:
 1076 029c 64697370 		.ascii	"display_cb\000"
 1076      6C61795F 
 1076      636200
 1077              	.LASF51:
 1078 02a7 64617461 		.ascii	"data_setup_time_ns\000"
 1078      5F736574 
 1078      75705F74 
 1078      696D655F 
 1078      6E7300
 1079              	.LASF15:
 1080 02ba 6C6F6E67 		.ascii	"long double\000"
 1080      20646F75 
 1080      626C6500 
 1081              	.LASF54:
 1082 02c6 74696C65 		.ascii	"tile_height\000"
 1082      5F686569 
 1082      67687400 
 1083              	.LASF1:
 1084 02d2 756E7369 		.ascii	"unsigned char\000"
 1084      676E6564 
 1084      20636861 
 1084      7200
 1085              	.LASF0:
 1086 02e0 7369676E 		.ascii	"signed char\000"
 1086      65642063 
 1086      68617200 
 1087              	.LASF10:
 1088 02ec 6C6F6E67 		.ascii	"long long unsigned int\000"
 1088      206C6F6E 
 1088      6720756E 
 1088      7369676E 
 1088      65642069 
 1089              	.LASF14:
 1090 0303 75696E74 		.ascii	"uint32_t\000"
 1090      33325F74 
 1090      00
 1091              	.LASF11:
 1092 030c 756E7369 		.ascii	"unsigned int\000"
 1092      676E6564 
 1092      20696E74 
 1092      00
 1093              	.LASF13:
 1094 0319 75696E74 		.ascii	"uint16_t\000"
 1094      31365F74 
 1094      00
 1095              	.LASF39:
 1096 0322 75387838 		.ascii	"u8x8_display_info_struct\000"
 1096      5F646973 
ARM GAS  C:\Users\info\AppData\Local\Temp\cc4jS3kk.s 			page 36


 1096      706C6179 
 1096      5F696E66 
 1096      6F5F7374 
 1097              	.LASF44:
 1098 033b 72657365 		.ascii	"reset_pulse_width_ms\000"
 1098      745F7075 
 1098      6C73655F 
 1098      77696474 
 1098      685F6D73 
 1099              	.LASF16:
 1100 0350 75387838 		.ascii	"u8x8_t\000"
 1100      5F7400
 1101              	.LASF50:
 1102 0357 6932635F 		.ascii	"i2c_bus_clock_100kHz\000"
 1102      6275735F 
 1102      636C6F63 
 1102      6B5F3130 
 1102      306B487A 
 1103              	.LASF48:
 1104 036c 73636B5F 		.ascii	"sck_clock_hz\000"
 1104      636C6F63 
 1104      6B5F687A 
 1104      00
 1105              	.LASF5:
 1106 0379 73686F72 		.ascii	"short unsigned int\000"
 1106      7420756E 
 1106      7369676E 
 1106      65642069 
 1106      6E7400
 1107              	.LASF60:
 1108 038c 75387838 		.ascii	"u8x8_char_cb\000"
 1108      5F636861 
 1108      725F6362 
 1108      00
 1109              	.LASF35:
 1110 0399 6465626F 		.ascii	"debounce_state\000"
 1110      756E6365 
 1110      5F737461 
 1110      746500
 1111              	.LASF17:
 1112 03a8 64697370 		.ascii	"display_info\000"
 1112      6C61795F 
 1112      696E666F 
 1112      00
 1113              	.LASF58:
 1114 03b5 70697865 		.ascii	"pixel_height\000"
 1114      6C5F6865 
 1114      69676874 
 1114      00
 1115              	.LASF57:
 1116 03c2 70697865 		.ascii	"pixel_width\000"
 1116      6C5F7769 
 1116      64746800 
 1117              	.LASF31:
 1118 03ce 75746638 		.ascii	"utf8_state\000"
 1118      5F737461 
 1118      746500
ARM GAS  C:\Users\info\AppData\Local\Temp\cc4jS3kk.s 			page 37


 1119              	.LASF38:
 1120 03d9 75387838 		.ascii	"u8x8_struct\000"
 1120      5F737472 
 1120      75637400 
 1121              	.LASF8:
 1122 03e5 6C6F6E67 		.ascii	"long unsigned int\000"
 1122      20756E73 
 1122      69676E65 
 1122      6420696E 
 1122      7400
 1123              	.LASF21:
 1124 03f7 62797465 		.ascii	"byte_cb\000"
 1124      5F636200 
 1125              	.LASF41:
 1126 03ff 63686970 		.ascii	"chip_disable_level\000"
 1126      5F646973 
 1126      61626C65 
 1126      5F6C6576 
 1126      656C00
 1127              	.LASF28:
 1128 0412 6932635F 		.ascii	"i2c_address\000"
 1128      61646472 
 1128      65737300 
 1129              	.LASF56:
 1130 041e 666C6970 		.ascii	"flipmode_x_offset\000"
 1130      6D6F6465 
 1130      5F785F6F 
 1130      66667365 
 1130      7400
 1131              	.LASF25:
 1132 0430 656E636F 		.ascii	"encoding\000"
 1132      64696E67 
 1132      00
 1133              	.LASF29:
 1134 0439 6932635F 		.ascii	"i2c_started\000"
 1134      73746172 
 1134      74656400 
 1135              	.LASF20:
 1136 0445 6361645F 		.ascii	"cad_cb\000"
 1136      636200
 1137              	.LASF30:
 1138 044c 64657669 		.ascii	"device_address\000"
 1138      63655F61 
 1138      64647265 
 1138      737300
 1139              	.LASF33:
 1140 045b 6465626F 		.ascii	"debounce_default_pin_state\000"
 1140      756E6365 
 1140      5F646566 
 1140      61756C74 
 1140      5F70696E 
 1141              	.LASF59:
 1142 0476 75387838 		.ascii	"u8x8_msg_cb\000"
 1142      5F6D7367 
 1142      5F636200 
 1143              	.LASF18:
 1144 0482 6E657874 		.ascii	"next_cb\000"
ARM GAS  C:\Users\info\AppData\Local\Temp\cc4jS3kk.s 			page 38


 1144      5F636200 
 1145              	.LASF43:
 1146 048a 7072655F 		.ascii	"pre_chip_disable_wait_ns\000"
 1146      63686970 
 1146      5F646973 
 1146      61626C65 
 1146      5F776169 
 1147              		.comm	__gnu_lto_v1,1,1
 1148              		.ident	"GCC: (GNU Tools for ARM Embedded Processors) 5.4.1 20160609 (release) [ARM/embedded-5-bran
