ARM GAS  C:\Users\info\AppData\Local\Temp\ccYopEai.s 			page 1


   1              		.syntax unified
   2              		.cpu cortex-m3
   3              		.fpu softvfp
   4              		.eabi_attribute 20, 1
   5              		.eabi_attribute 21, 1
   6              		.eabi_attribute 23, 3
   7              		.eabi_attribute 24, 1
   8              		.eabi_attribute 25, 1
   9              		.eabi_attribute 26, 1
  10              		.eabi_attribute 30, 2
  11              		.eabi_attribute 34, 1
  12              		.eabi_attribute 18, 4
  13              		.thumb
  14              		.syntax unified
  15              		.file	"u8x8_d_stdio.c"
  16              		.text
  17              	.Ltext0:
  18              		.cfi_sections	.debug_frame
  19              		.section	.text.u8x8_d_stdio,"ax",%progbits
  20              		.align	2
  21              		.global	u8x8_d_stdio
  22              		.thumb
  23              		.thumb_func
  24              		.type	u8x8_d_stdio, %function
  25              	u8x8_d_stdio:
  26              	.LFB3:
  27              		.file 1 "..\\u8g2-master\\csrc\\u8x8_d_stdio.c"
   1:..\u8g2-master\csrc/u8x8_d_stdio.c **** /*
   2:..\u8g2-master\csrc/u8x8_d_stdio.c **** 
   3:..\u8g2-master\csrc/u8x8_d_stdio.c ****   u8x8_d_stdio.c
   4:..\u8g2-master\csrc/u8x8_d_stdio.c **** 
   5:..\u8g2-master\csrc/u8x8_d_stdio.c ****   Universal 8bit Graphics Library (https://github.com/olikraus/u8g2/)
   6:..\u8g2-master\csrc/u8x8_d_stdio.c **** 
   7:..\u8g2-master\csrc/u8x8_d_stdio.c ****   Copyright (c) 2016, olikraus@gmail.com
   8:..\u8g2-master\csrc/u8x8_d_stdio.c ****   All rights reserved.
   9:..\u8g2-master\csrc/u8x8_d_stdio.c **** 
  10:..\u8g2-master\csrc/u8x8_d_stdio.c ****   Redistribution and use in source and binary forms, with or without modification, 
  11:..\u8g2-master\csrc/u8x8_d_stdio.c ****   are permitted provided that the following conditions are met:
  12:..\u8g2-master\csrc/u8x8_d_stdio.c **** 
  13:..\u8g2-master\csrc/u8x8_d_stdio.c ****   * Redistributions of source code must retain the above copyright notice, this list 
  14:..\u8g2-master\csrc/u8x8_d_stdio.c ****     of conditions and the following disclaimer.
  15:..\u8g2-master\csrc/u8x8_d_stdio.c ****     
  16:..\u8g2-master\csrc/u8x8_d_stdio.c ****   * Redistributions in binary form must reproduce the above copyright notice, this 
  17:..\u8g2-master\csrc/u8x8_d_stdio.c ****     list of conditions and the following disclaimer in the documentation and/or other 
  18:..\u8g2-master\csrc/u8x8_d_stdio.c ****     materials provided with the distribution.
  19:..\u8g2-master\csrc/u8x8_d_stdio.c **** 
  20:..\u8g2-master\csrc/u8x8_d_stdio.c ****   THIS SOFTWARE IS PROVIDED BY THE COPYRIGHT HOLDERS AND 
  21:..\u8g2-master\csrc/u8x8_d_stdio.c ****   CONTRIBUTORS "AS IS" AND ANY EXPRESS OR IMPLIED WARRANTIES, 
  22:..\u8g2-master\csrc/u8x8_d_stdio.c ****   INCLUDING, BUT NOT LIMITED TO, THE IMPLIED WARRANTIES OF 
  23:..\u8g2-master\csrc/u8x8_d_stdio.c ****   MERCHANTABILITY AND FITNESS FOR A PARTICULAR PURPOSE ARE 
  24:..\u8g2-master\csrc/u8x8_d_stdio.c ****   DISCLAIMED. IN NO EVENT SHALL THE COPYRIGHT HOLDER OR 
  25:..\u8g2-master\csrc/u8x8_d_stdio.c ****   CONTRIBUTORS BE LIABLE FOR ANY DIRECT, INDIRECT, INCIDENTAL, 
  26:..\u8g2-master\csrc/u8x8_d_stdio.c ****   SPECIAL, EXEMPLARY, OR CONSEQUENTIAL DAMAGES (INCLUDING, BUT 
  27:..\u8g2-master\csrc/u8x8_d_stdio.c ****   NOT LIMITED TO, PROCUREMENT OF SUBSTITUTE GOODS OR SERVICES; 
  28:..\u8g2-master\csrc/u8x8_d_stdio.c ****   LOSS OF USE, DATA, OR PROFITS; OR BUSINESS INTERRUPTION) HOWEVER 
  29:..\u8g2-master\csrc/u8x8_d_stdio.c ****   CAUSED AND ON ANY THEORY OF LIABILITY, WHETHER IN CONTRACT, 
  30:..\u8g2-master\csrc/u8x8_d_stdio.c ****   STRICT LIABILITY, OR TORT (INCLUDING NEGLIGENCE OR OTHERWISE) 
ARM GAS  C:\Users\info\AppData\Local\Temp\ccYopEai.s 			page 2


  31:..\u8g2-master\csrc/u8x8_d_stdio.c ****   ARISING IN ANY WAY OUT OF THE USE OF THIS SOFTWARE, EVEN IF 
  32:..\u8g2-master\csrc/u8x8_d_stdio.c ****   ADVISED OF THE POSSIBILITY OF SUCH DAMAGE.  
  33:..\u8g2-master\csrc/u8x8_d_stdio.c **** 
  34:..\u8g2-master\csrc/u8x8_d_stdio.c **** */
  35:..\u8g2-master\csrc/u8x8_d_stdio.c **** 
  36:..\u8g2-master\csrc/u8x8_d_stdio.c **** #include "u8x8.h"
  37:..\u8g2-master\csrc/u8x8_d_stdio.c **** 
  38:..\u8g2-master\csrc/u8x8_d_stdio.c **** #include <stdio.h>
  39:..\u8g2-master\csrc/u8x8_d_stdio.c **** 
  40:..\u8g2-master\csrc/u8x8_d_stdio.c **** #define W 8
  41:..\u8g2-master\csrc/u8x8_d_stdio.c **** #define H 2
  42:..\u8g2-master\csrc/u8x8_d_stdio.c **** 
  43:..\u8g2-master\csrc/u8x8_d_stdio.c **** uint8_t bitmap[W*H*8];
  44:..\u8g2-master\csrc/u8x8_d_stdio.c **** 
  45:..\u8g2-master\csrc/u8x8_d_stdio.c **** void bitmap_place_tile(uint8_t x, uint8_t y, uint8_t *tile)
  46:..\u8g2-master\csrc/u8x8_d_stdio.c **** {
  47:..\u8g2-master\csrc/u8x8_d_stdio.c ****   uint8_t i;
  48:..\u8g2-master\csrc/u8x8_d_stdio.c ****   for(i = 0; i < 8; i++ )
  49:..\u8g2-master\csrc/u8x8_d_stdio.c ****     bitmap[x*8+y*W*8+i] = tile[i];
  50:..\u8g2-master\csrc/u8x8_d_stdio.c **** }
  51:..\u8g2-master\csrc/u8x8_d_stdio.c **** 
  52:..\u8g2-master\csrc/u8x8_d_stdio.c **** void bitmap_show(void)
  53:..\u8g2-master\csrc/u8x8_d_stdio.c **** {
  54:..\u8g2-master\csrc/u8x8_d_stdio.c ****   int x, y;
  55:..\u8g2-master\csrc/u8x8_d_stdio.c ****   for( y = 0; y < H*8; y++ )
  56:..\u8g2-master\csrc/u8x8_d_stdio.c ****   {
  57:..\u8g2-master\csrc/u8x8_d_stdio.c ****     for( x = 0; x < W*8; x++ )
  58:..\u8g2-master\csrc/u8x8_d_stdio.c ****     {
  59:..\u8g2-master\csrc/u8x8_d_stdio.c ****       if ( (bitmap[x+(y/8)*W*8] & (1<<((y&7)))) != 0 )
  60:..\u8g2-master\csrc/u8x8_d_stdio.c ****       {
  61:..\u8g2-master\csrc/u8x8_d_stdio.c **** 	printf("*");
  62:..\u8g2-master\csrc/u8x8_d_stdio.c ****       }
  63:..\u8g2-master\csrc/u8x8_d_stdio.c ****       else
  64:..\u8g2-master\csrc/u8x8_d_stdio.c ****       {
  65:..\u8g2-master\csrc/u8x8_d_stdio.c **** 	printf(".");
  66:..\u8g2-master\csrc/u8x8_d_stdio.c ****       }
  67:..\u8g2-master\csrc/u8x8_d_stdio.c ****     }
  68:..\u8g2-master\csrc/u8x8_d_stdio.c ****     printf("\n");
  69:..\u8g2-master\csrc/u8x8_d_stdio.c ****   }
  70:..\u8g2-master\csrc/u8x8_d_stdio.c **** }
  71:..\u8g2-master\csrc/u8x8_d_stdio.c **** 
  72:..\u8g2-master\csrc/u8x8_d_stdio.c **** 
  73:..\u8g2-master\csrc/u8x8_d_stdio.c **** uint8_t u8x8_d_stdio(U8X8_UNUSED u8x8_t *u8x8, uint8_t msg, uint8_t arg_int, void *arg_ptr)
  74:..\u8g2-master\csrc/u8x8_d_stdio.c **** {
  28              		.loc 1 74 0
  29              		.cfi_startproc
  30              		@ args = 0, pretend = 0, frame = 0
  31              		@ frame_needed = 0, uses_anonymous_args = 0
  32              	.LVL0:
  75:..\u8g2-master\csrc/u8x8_d_stdio.c ****   switch(msg)
  33              		.loc 1 75 0
  34 0000 0B29     		cmp	r1, #11
  74:..\u8g2-master\csrc/u8x8_d_stdio.c ****   switch(msg)
  35              		.loc 1 74 0
  36 0002 2DE9F843 		push	{r3, r4, r5, r6, r7, r8, r9, lr}
  37              		.cfi_def_cfa_offset 32
  38              		.cfi_offset 3, -32
ARM GAS  C:\Users\info\AppData\Local\Temp\ccYopEai.s 			page 3


  39              		.cfi_offset 4, -28
  40              		.cfi_offset 5, -24
  41              		.cfi_offset 6, -20
  42              		.cfi_offset 7, -16
  43              		.cfi_offset 8, -12
  44              		.cfi_offset 9, -8
  45              		.cfi_offset 14, -4
  46              		.loc 1 75 0
  47 0006 1CD0     		beq	.L3
  48 0008 0F29     		cmp	r1, #15
  49 000a 17D1     		bne	.L2
  50              	.LVL1:
  51 000c 5A79     		ldrb	r2, [r3, #5]	@ zero_extendqisi2
  52              	.LVL2:
  53 000e 9979     		ldrb	r1, [r3, #6]	@ zero_extendqisi2
  54              	.LVL3:
  55 0010 274F     		ldr	r7, .L25
  56 0012 02EBC101 		add	r1, r2, r1, lsl #3
  57              	.LBB12:
  58              	.LBB13:
  76:..\u8g2-master\csrc/u8x8_d_stdio.c ****   {
  77:..\u8g2-master\csrc/u8x8_d_stdio.c ****     case U8X8_MSG_DISPLAY_INIT:
  78:..\u8g2-master\csrc/u8x8_d_stdio.c ****       break;
  79:..\u8g2-master\csrc/u8x8_d_stdio.c ****     case U8X8_MSG_DISPLAY_SET_POWER_SAVE:
  80:..\u8g2-master\csrc/u8x8_d_stdio.c ****       if ( arg_int == 0 )
  81:..\u8g2-master\csrc/u8x8_d_stdio.c **** 	bitmap_show();
  82:..\u8g2-master\csrc/u8x8_d_stdio.c ****       break;
  83:..\u8g2-master\csrc/u8x8_d_stdio.c ****     case U8X8_MSG_DISPLAY_SET_CONTRAST:
  84:..\u8g2-master\csrc/u8x8_d_stdio.c ****       break;
  85:..\u8g2-master\csrc/u8x8_d_stdio.c ****     case U8X8_MSG_DISPLAY_DRAW_TILE:      
  86:..\u8g2-master\csrc/u8x8_d_stdio.c ****       bitmap_place_tile(((u8x8_tile_t *)arg_ptr)->x_pos, ((u8x8_tile_t *)arg_ptr)->y_pos, ((u8x8_ti
  59              		.loc 1 86 0
  60 0016 1B68     		ldr	r3, [r3]
  61              	.LVL4:
  62 0018 CA00     		lsls	r2, r1, #3
  63 001a 101D     		adds	r0, r2, #4
  64              	.LVL5:
  65 001c 3844     		add	r0, r0, r7
  66 001e BC18     		adds	r4, r7, r2
  67 0020 1D1D     		adds	r5, r3, #4
  68 0022 AC42     		cmp	r4, r5
  69 0024 38BF     		it	cc
  70 0026 8342     		cmpcc	r3, r0
  71 0028 2FD3     		bcc	.L11
  72 002a 44EA0300 		orr	r0, r4, r3
  73 002e 8007     		lsls	r0, r0, #30
  74 0030 2BD1     		bne	.L11
  75              	.LVL6:
  76              	.LBB14:
  77              	.LBB15:
  49:..\u8g2-master\csrc/u8x8_d_stdio.c **** }
  78              		.loc 1 49 0
  79 0032 1A68     		ldr	r2, [r3]
  80 0034 47F83120 		str	r2, [r7, r1, lsl #3]
  81              	.LVL7:
  82 0038 5B68     		ldr	r3, [r3, #4]
  83              	.LVL8:
ARM GAS  C:\Users\info\AppData\Local\Temp\ccYopEai.s 			page 4


  84 003a 6360     		str	r3, [r4, #4]
  85              	.LVL9:
  86              	.L2:
  87              	.LBE15:
  88              	.LBE14:
  89              	.LBE13:
  90              	.LBE12:
  87:..\u8g2-master\csrc/u8x8_d_stdio.c ****       break;
  88:..\u8g2-master\csrc/u8x8_d_stdio.c ****     default:
  89:..\u8g2-master\csrc/u8x8_d_stdio.c ****       break;
  90:..\u8g2-master\csrc/u8x8_d_stdio.c ****   }
  91:..\u8g2-master\csrc/u8x8_d_stdio.c ****   return 1;
  92:..\u8g2-master\csrc/u8x8_d_stdio.c **** }
  91              		.loc 1 92 0
  92 003c 0120     		movs	r0, #1
  93 003e BDE8F883 		pop	{r3, r4, r5, r6, r7, r8, r9, pc}
  94              	.LVL10:
  95              	.L3:
  80:..\u8g2-master\csrc/u8x8_d_stdio.c **** 	bitmap_show();
  96              		.loc 1 80 0
  97 0042 002A     		cmp	r2, #0
  98 0044 FAD1     		bne	.L2
  99 0046 1646     		mov	r6, r2
 100 0048 194F     		ldr	r7, .L25
 101 004a 4FF00108 		mov	r8, #1
 102              	.LVL11:
 103              	.L9:
 104 004e F310     		asrs	r3, r6, #3
 105 0050 9B01     		lsls	r3, r3, #6
 106 0052 5C1E     		subs	r4, r3, #1
 107 0054 06F00709 		and	r9, r6, #7
 108 0058 3F33     		adds	r3, r3, #63
 109 005a 3C44     		add	r4, r4, r7
 110 005c FD18     		adds	r5, r7, r3
 111 005e 08FA09F9 		lsl	r9, r8, r9
 112              	.LVL12:
 113              	.L8:
 114              	.LBB19:
 115              	.LBB20:
  59:..\u8g2-master\csrc/u8x8_d_stdio.c ****       {
 116              		.loc 1 59 0
 117 0062 14F8013F 		ldrb	r3, [r4, #1]!	@ zero_extendqisi2
  61:..\u8g2-master\csrc/u8x8_d_stdio.c ****       }
 118              		.loc 1 61 0
 119 0066 2A20     		movs	r0, #42
  59:..\u8g2-master\csrc/u8x8_d_stdio.c ****       {
 120              		.loc 1 59 0
 121 0068 13EA090F 		tst	r3, r9
  65:..\u8g2-master\csrc/u8x8_d_stdio.c ****       }
 122              		.loc 1 65 0
 123 006c 08BF     		it	eq
 124 006e 2E20     		moveq	r0, #46
 125 0070 FFF7FEFF 		bl	putchar
 126              	.LVL13:
  57:..\u8g2-master\csrc/u8x8_d_stdio.c ****     {
 127              		.loc 1 57 0
 128 0074 A542     		cmp	r5, r4
ARM GAS  C:\Users\info\AppData\Local\Temp\ccYopEai.s 			page 5


 129 0076 F4D1     		bne	.L8
  55:..\u8g2-master\csrc/u8x8_d_stdio.c ****   {
 130              		.loc 1 55 0
 131 0078 0136     		adds	r6, r6, #1
 132              	.LVL14:
  68:..\u8g2-master\csrc/u8x8_d_stdio.c ****   }
 133              		.loc 1 68 0
 134 007a 0A20     		movs	r0, #10
 135 007c FFF7FEFF 		bl	putchar
 136              	.LVL15:
  55:..\u8g2-master\csrc/u8x8_d_stdio.c ****   {
 137              		.loc 1 55 0
 138 0080 102E     		cmp	r6, #16
 139 0082 E4D1     		bne	.L9
 140              	.LBE20:
 141              	.LBE19:
 142              		.loc 1 92 0
 143 0084 0120     		movs	r0, #1
 144 0086 BDE8F883 		pop	{r3, r4, r5, r6, r7, r8, r9, pc}
 145              	.LVL16:
 146              	.L11:
 147              	.LBB21:
 148              	.LBB18:
 149              	.LBB17:
 150              	.LBB16:
  49:..\u8g2-master\csrc/u8x8_d_stdio.c **** }
 151              		.loc 1 49 0
 152 008a 1878     		ldrb	r0, [r3]	@ zero_extendqisi2
 153 008c 3A44     		add	r2, r2, r7
 154 008e 07F83100 		strb	r0, [r7, r1, lsl #3]
 155              	.LVL17:
 156 0092 5978     		ldrb	r1, [r3, #1]	@ zero_extendqisi2
 157 0094 5170     		strb	r1, [r2, #1]
 158              	.LVL18:
 159 0096 9978     		ldrb	r1, [r3, #2]	@ zero_extendqisi2
 160 0098 9170     		strb	r1, [r2, #2]
 161              	.LVL19:
 162 009a D978     		ldrb	r1, [r3, #3]	@ zero_extendqisi2
 163 009c D170     		strb	r1, [r2, #3]
 164              	.LVL20:
 165 009e 1979     		ldrb	r1, [r3, #4]	@ zero_extendqisi2
 166 00a0 1171     		strb	r1, [r2, #4]
 167              	.LVL21:
 168 00a2 5979     		ldrb	r1, [r3, #5]	@ zero_extendqisi2
 169 00a4 5171     		strb	r1, [r2, #5]
 170              	.LVL22:
 171 00a6 9979     		ldrb	r1, [r3, #6]	@ zero_extendqisi2
 172 00a8 9171     		strb	r1, [r2, #6]
 173              	.LVL23:
 174 00aa DB79     		ldrb	r3, [r3, #7]	@ zero_extendqisi2
 175              	.LVL24:
 176 00ac D371     		strb	r3, [r2, #7]
 177              	.LVL25:
 178 00ae C5E7     		b	.L2
 179              	.L26:
 180              		.align	2
 181              	.L25:
ARM GAS  C:\Users\info\AppData\Local\Temp\ccYopEai.s 			page 6


 182 00b0 00000000 		.word	bitmap
 183              	.LBE16:
 184              	.LBE17:
 185              	.LBE18:
 186              	.LBE21:
 187              		.cfi_endproc
 188              	.LFE3:
 189              		.size	u8x8_d_stdio, .-u8x8_d_stdio
 190              		.section	.text.bitmap_place_tile,"ax",%progbits
 191              		.align	2
 192              		.global	bitmap_place_tile
 193              		.thumb
 194              		.thumb_func
 195              		.type	bitmap_place_tile, %function
 196              	bitmap_place_tile:
 197              	.LFB1:
  46:..\u8g2-master\csrc/u8x8_d_stdio.c ****   uint8_t i;
 198              		.loc 1 46 0
 199              		.cfi_startproc
 200              		@ args = 0, pretend = 0, frame = 0
 201              		@ frame_needed = 0, uses_anonymous_args = 0
 202              		@ link register save eliminated.
 203              	.LVL26:
 204 0000 00EBC101 		add	r1, r0, r1, lsl #3
 205              	.LVL27:
 206 0004 70B4     		push	{r4, r5, r6}
 207              		.cfi_def_cfa_offset 12
 208              		.cfi_offset 4, -12
 209              		.cfi_offset 5, -8
 210              		.cfi_offset 6, -4
 211 0006 CB00     		lsls	r3, r1, #3
 212 0008 134C     		ldr	r4, .L37
 213 000a 1D1D     		adds	r5, r3, #4
 214 000c 2544     		add	r5, r5, r4
 215 000e E618     		adds	r6, r4, r3
 216 0010 101D     		adds	r0, r2, #4
 217              	.LVL28:
 218 0012 8642     		cmp	r6, r0
 219 0014 38BF     		it	cc
 220 0016 AA42     		cmpcc	r2, r5
 221 0018 0AD3     		bcc	.L28
 222 001a 46EA0200 		orr	r0, r6, r2
 223 001e 8007     		lsls	r0, r0, #30
 224 0020 06D1     		bne	.L28
 225              	.LVL29:
  49:..\u8g2-master\csrc/u8x8_d_stdio.c **** }
 226              		.loc 1 49 0
 227 0022 1368     		ldr	r3, [r2]
 228 0024 44F83130 		str	r3, [r4, r1, lsl #3]
 229 0028 5368     		ldr	r3, [r2, #4]
 230 002a 7360     		str	r3, [r6, #4]
  50:..\u8g2-master\csrc/u8x8_d_stdio.c **** 
 231              		.loc 1 50 0
 232 002c 70BC     		pop	{r4, r5, r6}
 233              		.cfi_remember_state
 234              		.cfi_restore 6
 235              		.cfi_restore 5
ARM GAS  C:\Users\info\AppData\Local\Temp\ccYopEai.s 			page 7


 236              		.cfi_restore 4
 237              		.cfi_def_cfa_offset 0
 238 002e 7047     		bx	lr
 239              	.LVL30:
 240              	.L28:
 241              		.cfi_restore_state
  49:..\u8g2-master\csrc/u8x8_d_stdio.c **** }
 242              		.loc 1 49 0
 243 0030 1078     		ldrb	r0, [r2]	@ zero_extendqisi2
 244 0032 2344     		add	r3, r3, r4
 245 0034 04F83100 		strb	r0, [r4, r1, lsl #3]
 246              	.LVL31:
 247 0038 5178     		ldrb	r1, [r2, #1]	@ zero_extendqisi2
 248 003a 5970     		strb	r1, [r3, #1]
 249              	.LVL32:
 250 003c 9178     		ldrb	r1, [r2, #2]	@ zero_extendqisi2
 251 003e 9970     		strb	r1, [r3, #2]
 252              	.LVL33:
 253 0040 D178     		ldrb	r1, [r2, #3]	@ zero_extendqisi2
 254 0042 D970     		strb	r1, [r3, #3]
 255              	.LVL34:
 256 0044 1179     		ldrb	r1, [r2, #4]	@ zero_extendqisi2
 257 0046 1971     		strb	r1, [r3, #4]
 258              	.LVL35:
 259 0048 5179     		ldrb	r1, [r2, #5]	@ zero_extendqisi2
 260 004a 5971     		strb	r1, [r3, #5]
 261              	.LVL36:
 262 004c 9179     		ldrb	r1, [r2, #6]	@ zero_extendqisi2
 263 004e 9971     		strb	r1, [r3, #6]
 264              	.LVL37:
 265 0050 D279     		ldrb	r2, [r2, #7]	@ zero_extendqisi2
 266              	.LVL38:
 267 0052 DA71     		strb	r2, [r3, #7]
 268              	.LVL39:
  50:..\u8g2-master\csrc/u8x8_d_stdio.c **** 
 269              		.loc 1 50 0
 270 0054 70BC     		pop	{r4, r5, r6}
 271              		.cfi_restore 4
 272              		.cfi_restore 5
 273              		.cfi_restore 6
 274              		.cfi_def_cfa_offset 0
 275 0056 7047     		bx	lr
 276              	.L38:
 277              		.align	2
 278              	.L37:
 279 0058 00000000 		.word	bitmap
 280              		.cfi_endproc
 281              	.LFE1:
 282              		.size	bitmap_place_tile, .-bitmap_place_tile
 283              		.section	.text.bitmap_show,"ax",%progbits
 284              		.align	2
 285              		.global	bitmap_show
 286              		.thumb
 287              		.thumb_func
 288              		.type	bitmap_show, %function
 289              	bitmap_show:
 290              	.LFB2:
ARM GAS  C:\Users\info\AppData\Local\Temp\ccYopEai.s 			page 8


  53:..\u8g2-master\csrc/u8x8_d_stdio.c ****   int x, y;
 291              		.loc 1 53 0
 292              		.cfi_startproc
 293              		@ args = 0, pretend = 0, frame = 0
 294              		@ frame_needed = 0, uses_anonymous_args = 0
 295              	.LVL40:
 296 0000 2DE9F843 		push	{r3, r4, r5, r6, r7, r8, r9, lr}
 297              		.cfi_def_cfa_offset 32
 298              		.cfi_offset 3, -32
 299              		.cfi_offset 4, -28
 300              		.cfi_offset 5, -24
 301              		.cfi_offset 6, -20
 302              		.cfi_offset 7, -16
 303              		.cfi_offset 8, -12
 304              		.cfi_offset 9, -8
 305              		.cfi_offset 14, -4
 306 0004 104F     		ldr	r7, .L48
  55:..\u8g2-master\csrc/u8x8_d_stdio.c ****   {
 307              		.loc 1 55 0
 308 0006 0026     		movs	r6, #0
 309 0008 4FF00108 		mov	r8, #1
 310              	.LVL41:
 311              	.L40:
 312 000c F310     		asrs	r3, r6, #3
 313 000e 9B01     		lsls	r3, r3, #6
 314 0010 5C1E     		subs	r4, r3, #1
 315 0012 06F00709 		and	r9, r6, #7
 316 0016 3F33     		adds	r3, r3, #63
 317 0018 3C44     		add	r4, r4, r7
 318 001a FD18     		adds	r5, r7, r3
 319 001c 08FA09F9 		lsl	r9, r8, r9
 320              	.LVL42:
 321              	.L43:
  59:..\u8g2-master\csrc/u8x8_d_stdio.c ****       {
 322              		.loc 1 59 0
 323 0020 14F8013F 		ldrb	r3, [r4, #1]!	@ zero_extendqisi2
  61:..\u8g2-master\csrc/u8x8_d_stdio.c ****       }
 324              		.loc 1 61 0
 325 0024 2A20     		movs	r0, #42
  59:..\u8g2-master\csrc/u8x8_d_stdio.c ****       {
 326              		.loc 1 59 0
 327 0026 13EA090F 		tst	r3, r9
  65:..\u8g2-master\csrc/u8x8_d_stdio.c ****       }
 328              		.loc 1 65 0
 329 002a 08BF     		it	eq
 330 002c 2E20     		moveq	r0, #46
 331 002e FFF7FEFF 		bl	putchar
 332              	.LVL43:
  57:..\u8g2-master\csrc/u8x8_d_stdio.c ****     {
 333              		.loc 1 57 0
 334 0032 A542     		cmp	r5, r4
 335 0034 F4D1     		bne	.L43
  55:..\u8g2-master\csrc/u8x8_d_stdio.c ****   {
 336              		.loc 1 55 0 discriminator 2
 337 0036 0136     		adds	r6, r6, #1
 338              	.LVL44:
  68:..\u8g2-master\csrc/u8x8_d_stdio.c ****   }
ARM GAS  C:\Users\info\AppData\Local\Temp\ccYopEai.s 			page 9


 339              		.loc 1 68 0 discriminator 2
 340 0038 0A20     		movs	r0, #10
 341 003a FFF7FEFF 		bl	putchar
 342              	.LVL45:
  55:..\u8g2-master\csrc/u8x8_d_stdio.c ****   {
 343              		.loc 1 55 0 discriminator 2
 344 003e 102E     		cmp	r6, #16
 345 0040 E4D1     		bne	.L40
 346 0042 BDE8F883 		pop	{r3, r4, r5, r6, r7, r8, r9, pc}
 347              	.LVL46:
 348              	.L49:
 349 0046 00BF     		.align	2
 350              	.L48:
 351 0048 00000000 		.word	bitmap
 352              		.cfi_endproc
 353              	.LFE2:
 354              		.size	bitmap_show, .-bitmap_show
 355              		.section	.text.u8x8_SetupStdio,"ax",%progbits
 356              		.align	2
 357              		.global	u8x8_SetupStdio
 358              		.thumb
 359              		.thumb_func
 360              		.type	u8x8_SetupStdio, %function
 361              	u8x8_SetupStdio:
 362              	.LFB4:
  93:..\u8g2-master\csrc/u8x8_d_stdio.c **** 
  94:..\u8g2-master\csrc/u8x8_d_stdio.c **** 
  95:..\u8g2-master\csrc/u8x8_d_stdio.c **** 
  96:..\u8g2-master\csrc/u8x8_d_stdio.c **** void u8x8_SetupStdio(u8x8_t *u8x8)
  97:..\u8g2-master\csrc/u8x8_d_stdio.c **** {
 363              		.loc 1 97 0
 364              		.cfi_startproc
 365              		@ args = 0, pretend = 0, frame = 0
 366              		@ frame_needed = 0, uses_anonymous_args = 0
 367              	.LVL47:
 368 0000 10B5     		push	{r4, lr}
 369              		.cfi_def_cfa_offset 8
 370              		.cfi_offset 4, -8
 371              		.cfi_offset 14, -4
 372              		.loc 1 97 0
 373 0002 0446     		mov	r4, r0
  98:..\u8g2-master\csrc/u8x8_d_stdio.c ****   u8x8_SetupDefaults(u8x8);
 374              		.loc 1 98 0
 375 0004 FFF7FEFF 		bl	u8x8_SetupDefaults
 376              	.LVL48:
  99:..\u8g2-master\csrc/u8x8_d_stdio.c ****   u8x8->display_cb = u8x8_d_stdio;
 377              		.loc 1 99 0
 378 0008 014B     		ldr	r3, .L52
 379 000a A360     		str	r3, [r4, #8]
 380 000c 10BD     		pop	{r4, pc}
 381              	.LVL49:
 382              	.L53:
 383 000e 00BF     		.align	2
 384              	.L52:
 385 0010 00000000 		.word	u8x8_d_stdio
 386              		.cfi_endproc
 387              	.LFE4:
ARM GAS  C:\Users\info\AppData\Local\Temp\ccYopEai.s 			page 10


 388              		.size	u8x8_SetupStdio, .-u8x8_SetupStdio
 389              		.comm	bitmap,128,4
 390              		.text
 391              	.Letext0:
 392              		.file 2 "c:\\program files (x86)\\cypress\\psoc creator\\4.2\\psoc creator\\import\\gnu\\arm\\5.4.
 393              		.file 3 "c:\\program files (x86)\\cypress\\psoc creator\\4.2\\psoc creator\\import\\gnu\\arm\\5.4.
 394              		.file 4 "..\\u8g2-master\\csrc\\u8x8.h"
 395              		.file 5 "<built-in>"
 396              		.section	.debug_info,"",%progbits
 397              	.Ldebug_info0:
 398 0000 FB050000 		.4byte	0x5fb
 399 0004 0400     		.2byte	0x4
 400 0006 00000000 		.4byte	.Ldebug_abbrev0
 401 000a 04       		.byte	0x4
 402 000b 01       		.uleb128 0x1
 403 000c B3030000 		.4byte	.LASF74
 404 0010 0C       		.byte	0xc
 405 0011 73040000 		.4byte	.LASF75
 406 0015 03030000 		.4byte	.LASF76
 407 0019 30000000 		.4byte	.Ldebug_ranges0+0x30
 408 001d 00000000 		.4byte	0
 409 0021 00000000 		.4byte	.Ldebug_line0
 410 0025 02       		.uleb128 0x2
 411 0026 01       		.byte	0x1
 412 0027 06       		.byte	0x6
 413 0028 97000000 		.4byte	.LASF0
 414 002c 03       		.uleb128 0x3
 415 002d 25000000 		.4byte	.LASF3
 416 0031 02       		.byte	0x2
 417 0032 1D       		.byte	0x1d
 418 0033 37000000 		.4byte	0x37
 419 0037 02       		.uleb128 0x2
 420 0038 01       		.byte	0x1
 421 0039 08       		.byte	0x8
 422 003a C1020000 		.4byte	.LASF1
 423 003e 02       		.uleb128 0x2
 424 003f 02       		.byte	0x2
 425 0040 05       		.byte	0x5
 426 0041 CF020000 		.4byte	.LASF2
 427 0045 03       		.uleb128 0x3
 428 0046 4F040000 		.4byte	.LASF4
 429 004a 02       		.byte	0x2
 430 004b 2B       		.byte	0x2b
 431 004c 50000000 		.4byte	0x50
 432 0050 02       		.uleb128 0x2
 433 0051 02       		.byte	0x2
 434 0052 07       		.byte	0x7
 435 0053 CC010000 		.4byte	.LASF5
 436 0057 02       		.uleb128 0x2
 437 0058 04       		.byte	0x4
 438 0059 05       		.byte	0x5
 439 005a DC000000 		.4byte	.LASF6
 440 005e 03       		.uleb128 0x3
 441 005f 31010000 		.4byte	.LASF7
 442 0063 02       		.byte	0x2
 443 0064 41       		.byte	0x41
 444 0065 69000000 		.4byte	0x69
ARM GAS  C:\Users\info\AppData\Local\Temp\ccYopEai.s 			page 11


 445 0069 02       		.uleb128 0x2
 446 006a 04       		.byte	0x4
 447 006b 07       		.byte	0x7
 448 006c A8010000 		.4byte	.LASF8
 449 0070 02       		.uleb128 0x2
 450 0071 08       		.byte	0x8
 451 0072 05       		.byte	0x5
 452 0073 89000000 		.4byte	.LASF9
 453 0077 02       		.uleb128 0x2
 454 0078 08       		.byte	0x8
 455 0079 07       		.byte	0x7
 456 007a 48000000 		.4byte	.LASF10
 457 007e 04       		.uleb128 0x4
 458 007f 04       		.byte	0x4
 459 0080 05       		.byte	0x5
 460 0081 696E7400 		.ascii	"int\000"
 461 0085 02       		.uleb128 0x2
 462 0086 04       		.byte	0x4
 463 0087 07       		.byte	0x7
 464 0088 87010000 		.4byte	.LASF11
 465 008c 03       		.uleb128 0x3
 466 008d D6040000 		.4byte	.LASF12
 467 0091 03       		.byte	0x3
 468 0092 18       		.byte	0x18
 469 0093 2C000000 		.4byte	0x2c
 470 0097 03       		.uleb128 0x3
 471 0098 ED000000 		.4byte	.LASF13
 472 009c 03       		.byte	0x3
 473 009d 24       		.byte	0x24
 474 009e 45000000 		.4byte	0x45
 475 00a2 03       		.uleb128 0x3
 476 00a3 82030000 		.4byte	.LASF14
 477 00a7 03       		.byte	0x3
 478 00a8 30       		.byte	0x30
 479 00a9 5E000000 		.4byte	0x5e
 480 00ad 05       		.uleb128 0x5
 481 00ae 04       		.byte	0x4
 482 00af 02       		.uleb128 0x2
 483 00b0 08       		.byte	0x8
 484 00b1 04       		.byte	0x4
 485 00b2 69020000 		.4byte	.LASF15
 486 00b6 03       		.uleb128 0x3
 487 00b7 96040000 		.4byte	.LASF16
 488 00bb 04       		.byte	0x4
 489 00bc C3       		.byte	0xc3
 490 00bd C1000000 		.4byte	0xc1
 491 00c1 06       		.uleb128 0x6
 492 00c2 28020000 		.4byte	.LASF38
 493 00c6 30       		.byte	0x30
 494 00c7 04       		.byte	0x4
 495 00c8 4601     		.2byte	0x146
 496 00ca D3010000 		.4byte	0x1d3
 497 00ce 07       		.uleb128 0x7
 498 00cf 03020000 		.4byte	.LASF17
 499 00d3 04       		.byte	0x4
 500 00d4 4801     		.2byte	0x148
 501 00d6 80030000 		.4byte	0x380
ARM GAS  C:\Users\info\AppData\Local\Temp\ccYopEai.s 			page 12


 502 00da 00       		.byte	0
 503 00db 07       		.uleb128 0x7
 504 00dc F6000000 		.4byte	.LASF18
 505 00e0 04       		.byte	0x4
 506 00e1 4901     		.2byte	0x149
 507 00e3 55030000 		.4byte	0x355
 508 00e7 04       		.byte	0x4
 509 00e8 07       		.uleb128 0x7
 510 00e9 B8000000 		.4byte	.LASF19
 511 00ed 04       		.byte	0x4
 512 00ee 4A01     		.2byte	0x14a
 513 00f0 20030000 		.4byte	0x320
 514 00f4 08       		.byte	0x8
 515 00f5 07       		.uleb128 0x7
 516 00f6 75020000 		.4byte	.LASF20
 517 00fa 04       		.byte	0x4
 518 00fb 4B01     		.2byte	0x14b
 519 00fd 20030000 		.4byte	0x320
 520 0101 0C       		.byte	0xc
 521 0102 07       		.uleb128 0x7
 522 0103 2F000000 		.4byte	.LASF21
 523 0107 04       		.byte	0x4
 524 0108 4C01     		.2byte	0x14c
 525 010a 20030000 		.4byte	0x320
 526 010e 10       		.byte	0x10
 527 010f 07       		.uleb128 0x7
 528 0110 0B010000 		.4byte	.LASF22
 529 0114 04       		.byte	0x4
 530 0115 4D01     		.2byte	0x14d
 531 0117 20030000 		.4byte	0x320
 532 011b 14       		.byte	0x14
 533 011c 07       		.uleb128 0x7
 534 011d 9D040000 		.4byte	.LASF23
 535 0121 04       		.byte	0x4
 536 0122 4E01     		.2byte	0x14e
 537 0124 A2000000 		.4byte	0xa2
 538 0128 18       		.byte	0x18
 539 0129 07       		.uleb128 0x7
 540 012a D1040000 		.4byte	.LASF24
 541 012e 04       		.byte	0x4
 542 012f 4F01     		.2byte	0x14f
 543 0131 8B030000 		.4byte	0x38b
 544 0135 1C       		.byte	0x1c
 545 0136 07       		.uleb128 0x7
 546 0137 45020000 		.4byte	.LASF25
 547 013b 04       		.byte	0x4
 548 013c 5001     		.2byte	0x150
 549 013e 97000000 		.4byte	0x97
 550 0142 20       		.byte	0x20
 551 0143 07       		.uleb128 0x7
 552 0144 A0020000 		.4byte	.LASF26
 553 0148 04       		.byte	0x4
 554 0149 5101     		.2byte	0x151
 555 014b 8C000000 		.4byte	0x8c
 556 014f 22       		.byte	0x22
 557 0150 07       		.uleb128 0x7
 558 0151 A3000000 		.4byte	.LASF27
ARM GAS  C:\Users\info\AppData\Local\Temp\ccYopEai.s 			page 13


 559 0155 04       		.byte	0x4
 560 0156 5201     		.2byte	0x152
 561 0158 8C000000 		.4byte	0x8c
 562 015c 23       		.byte	0x23
 563 015d 07       		.uleb128 0x7
 564 015e 9C010000 		.4byte	.LASF28
 565 0162 04       		.byte	0x4
 566 0163 5301     		.2byte	0x153
 567 0165 8C000000 		.4byte	0x8c
 568 0169 24       		.byte	0x24
 569 016a 07       		.uleb128 0x7
 570 016b DE040000 		.4byte	.LASF29
 571 016f 04       		.byte	0x4
 572 0170 5601     		.2byte	0x156
 573 0172 8C000000 		.4byte	0x8c
 574 0176 25       		.byte	0x25
 575 0177 07       		.uleb128 0x7
 576 0178 91020000 		.4byte	.LASF30
 577 017c 04       		.byte	0x4
 578 017d 5701     		.2byte	0x157
 579 017f 8C000000 		.4byte	0x8c
 580 0183 26       		.byte	0x26
 581 0184 07       		.uleb128 0x7
 582 0185 72000000 		.4byte	.LASF31
 583 0189 04       		.byte	0x4
 584 018a 5801     		.2byte	0x158
 585 018c 8C000000 		.4byte	0x8c
 586 0190 27       		.byte	0x27
 587 0191 07       		.uleb128 0x7
 588 0192 7D000000 		.4byte	.LASF32
 589 0196 04       		.byte	0x4
 590 0197 5901     		.2byte	0x159
 591 0199 8C000000 		.4byte	0x8c
 592 019d 28       		.byte	0x28
 593 019e 07       		.uleb128 0x7
 594 019f 08050000 		.4byte	.LASF33
 595 01a3 04       		.byte	0x4
 596 01a4 5A01     		.2byte	0x15a
 597 01a6 8C000000 		.4byte	0x8c
 598 01aa 29       		.byte	0x29
 599 01ab 07       		.uleb128 0x7
 600 01ac EB010000 		.4byte	.LASF34
 601 01b0 04       		.byte	0x4
 602 01b1 5B01     		.2byte	0x15b
 603 01b3 8C000000 		.4byte	0x8c
 604 01b7 2A       		.byte	0x2a
 605 01b8 07       		.uleb128 0x7
 606 01b9 A7040000 		.4byte	.LASF35
 607 01bd 04       		.byte	0x4
 608 01be 5C01     		.2byte	0x15c
 609 01c0 8C000000 		.4byte	0x8c
 610 01c4 2B       		.byte	0x2b
 611 01c5 07       		.uleb128 0x7
 612 01c6 73010000 		.4byte	.LASF36
 613 01ca 04       		.byte	0x4
 614 01cb 5D01     		.2byte	0x15d
 615 01cd 8C000000 		.4byte	0x8c
ARM GAS  C:\Users\info\AppData\Local\Temp\ccYopEai.s 			page 14


 616 01d1 2C       		.byte	0x2c
 617 01d2 00       		.byte	0
 618 01d3 03       		.uleb128 0x3
 619 01d4 1D010000 		.4byte	.LASF37
 620 01d8 04       		.byte	0x4
 621 01d9 C4       		.byte	0xc4
 622 01da DE010000 		.4byte	0x1de
 623 01de 08       		.uleb128 0x8
 624 01df 29050000 		.4byte	.LASF39
 625 01e3 18       		.byte	0x18
 626 01e4 04       		.byte	0x4
 627 01e5 DD       		.byte	0xdd
 628 01e6 D8020000 		.4byte	0x2d8
 629 01ea 09       		.uleb128 0x9
 630 01eb 94030000 		.4byte	.LASF40
 631 01ef 04       		.byte	0x4
 632 01f0 E1       		.byte	0xe1
 633 01f1 8C000000 		.4byte	0x8c
 634 01f5 00       		.byte	0
 635 01f6 09       		.uleb128 0x9
 636 01f7 BE040000 		.4byte	.LASF41
 637 01fb 04       		.byte	0x4
 638 01fc E2       		.byte	0xe2
 639 01fd 8C000000 		.4byte	0x8c
 640 0201 01       		.byte	0x1
 641 0202 09       		.uleb128 0x9
 642 0203 5A040000 		.4byte	.LASF42
 643 0207 04       		.byte	0x4
 644 0208 E4       		.byte	0xe4
 645 0209 8C000000 		.4byte	0x8c
 646 020d 02       		.byte	0x2
 647 020e 09       		.uleb128 0x9
 648 020f C3000000 		.4byte	.LASF43
 649 0213 04       		.byte	0x4
 650 0214 E5       		.byte	0xe5
 651 0215 8C000000 		.4byte	0x8c
 652 0219 03       		.byte	0x3
 653 021a 09       		.uleb128 0x9
 654 021b 00000000 		.4byte	.LASF44
 655 021f 04       		.byte	0x4
 656 0220 E6       		.byte	0xe6
 657 0221 8C000000 		.4byte	0x8c
 658 0225 04       		.byte	0x4
 659 0226 09       		.uleb128 0x9
 660 0227 5F000000 		.4byte	.LASF45
 661 022b 04       		.byte	0x4
 662 022c E7       		.byte	0xe7
 663 022d 8C000000 		.4byte	0x8c
 664 0231 05       		.byte	0x5
 665 0232 09       		.uleb128 0x9
 666 0233 3C010000 		.4byte	.LASF46
 667 0237 04       		.byte	0x4
 668 0238 EE       		.byte	0xee
 669 0239 8C000000 		.4byte	0x8c
 670 023d 06       		.byte	0x6
 671 023e 09       		.uleb128 0x9
 672 023f 15020000 		.4byte	.LASF47
ARM GAS  C:\Users\info\AppData\Local\Temp\ccYopEai.s 			page 15


 673 0243 04       		.byte	0x4
 674 0244 F2       		.byte	0xf2
 675 0245 8C000000 		.4byte	0x8c
 676 0249 07       		.byte	0x7
 677 024a 09       		.uleb128 0x9
 678 024b 4F050000 		.4byte	.LASF48
 679 024f 04       		.byte	0x4
 680 0250 F5       		.byte	0xf5
 681 0251 A2000000 		.4byte	0xa2
 682 0255 08       		.byte	0x8
 683 0256 09       		.uleb128 0x9
 684 0257 8B030000 		.4byte	.LASF49
 685 025b 04       		.byte	0x4
 686 025c FF       		.byte	0xff
 687 025d 8C000000 		.4byte	0x8c
 688 0261 0C       		.byte	0xc
 689 0262 07       		.uleb128 0x7
 690 0263 6D030000 		.4byte	.LASF50
 691 0267 04       		.byte	0x4
 692 0268 0201     		.2byte	0x102
 693 026a 8C000000 		.4byte	0x8c
 694 026e 0D       		.byte	0xd
 695 026f 07       		.uleb128 0x7
 696 0270 F0020000 		.4byte	.LASF51
 697 0274 04       		.byte	0x4
 698 0275 0801     		.2byte	0x108
 699 0277 8C000000 		.4byte	0x8c
 700 027b 0E       		.byte	0xe
 701 027c 07       		.uleb128 0x7
 702 027d 7C020000 		.4byte	.LASF52
 703 0281 04       		.byte	0x4
 704 0282 0A01     		.2byte	0x10a
 705 0284 8C000000 		.4byte	0x8c
 706 0288 0F       		.byte	0xf
 707 0289 07       		.uleb128 0x7
 708 028a FD040000 		.4byte	.LASF53
 709 028e 04       		.byte	0x4
 710 028f 0D01     		.2byte	0x10d
 711 0291 8C000000 		.4byte	0x8c
 712 0295 10       		.byte	0x10
 713 0296 07       		.uleb128 0x7
 714 0297 A9020000 		.4byte	.LASF54
 715 029b 04       		.byte	0x4
 716 029c 0E01     		.2byte	0x10e
 717 029e 8C000000 		.4byte	0x8c
 718 02a2 11       		.byte	0x11
 719 02a3 07       		.uleb128 0x7
 720 02a4 34020000 		.4byte	.LASF55
 721 02a8 04       		.byte	0x4
 722 02a9 1001     		.2byte	0x110
 723 02ab 8C000000 		.4byte	0x8c
 724 02af 12       		.byte	0x12
 725 02b0 07       		.uleb128 0x7
 726 02b1 4E020000 		.4byte	.LASF56
 727 02b5 04       		.byte	0x4
 728 02b6 1101     		.2byte	0x111
 729 02b8 8C000000 		.4byte	0x8c
ARM GAS  C:\Users\info\AppData\Local\Temp\ccYopEai.s 			page 16


 730 02bc 13       		.byte	0x13
 731 02bd 07       		.uleb128 0x7
 732 02be EA040000 		.4byte	.LASF57
 733 02c2 04       		.byte	0x4
 734 02c3 1901     		.2byte	0x119
 735 02c5 97000000 		.4byte	0x97
 736 02c9 14       		.byte	0x14
 737 02ca 07       		.uleb128 0x7
 738 02cb 42050000 		.4byte	.LASF58
 739 02cf 04       		.byte	0x4
 740 02d0 1A01     		.2byte	0x11a
 741 02d2 97000000 		.4byte	0x97
 742 02d6 16       		.byte	0x16
 743 02d7 00       		.byte	0
 744 02d8 03       		.uleb128 0x3
 745 02d9 54010000 		.4byte	.LASF59
 746 02dd 04       		.byte	0x4
 747 02de C5       		.byte	0xc5
 748 02df E3020000 		.4byte	0x2e3
 749 02e3 08       		.uleb128 0x8
 750 02e4 37000000 		.4byte	.LASF60
 751 02e8 08       		.byte	0x8
 752 02e9 04       		.byte	0x4
 753 02ea D4       		.byte	0xd4
 754 02eb 20030000 		.4byte	0x320
 755 02ef 09       		.uleb128 0x9
 756 02f0 46040000 		.4byte	.LASF61
 757 02f4 04       		.byte	0x4
 758 02f5 D6       		.byte	0xd6
 759 02f6 7A030000 		.4byte	0x37a
 760 02fa 00       		.byte	0
 761 02fb 0A       		.uleb128 0xa
 762 02fc 636E7400 		.ascii	"cnt\000"
 763 0300 04       		.byte	0x4
 764 0301 D7       		.byte	0xd7
 765 0302 8C000000 		.4byte	0x8c
 766 0306 04       		.byte	0x4
 767 0307 09       		.uleb128 0x9
 768 0308 4E010000 		.4byte	.LASF62
 769 030c 04       		.byte	0x4
 770 030d D8       		.byte	0xd8
 771 030e 8C000000 		.4byte	0x8c
 772 0312 05       		.byte	0x5
 773 0313 09       		.uleb128 0x9
 774 0314 23050000 		.4byte	.LASF63
 775 0318 04       		.byte	0x4
 776 0319 D9       		.byte	0xd9
 777 031a 8C000000 		.4byte	0x8c
 778 031e 06       		.byte	0x6
 779 031f 00       		.byte	0
 780 0320 03       		.uleb128 0x3
 781 0321 B5020000 		.4byte	.LASF64
 782 0325 04       		.byte	0x4
 783 0326 C7       		.byte	0xc7
 784 0327 2B030000 		.4byte	0x32b
 785 032b 0B       		.uleb128 0xb
 786 032c 04       		.byte	0x4
ARM GAS  C:\Users\info\AppData\Local\Temp\ccYopEai.s 			page 17


 787 032d 31030000 		.4byte	0x331
 788 0331 0C       		.uleb128 0xc
 789 0332 8C000000 		.4byte	0x8c
 790 0336 4F030000 		.4byte	0x34f
 791 033a 0D       		.uleb128 0xd
 792 033b 4F030000 		.4byte	0x34f
 793 033f 0D       		.uleb128 0xd
 794 0340 8C000000 		.4byte	0x8c
 795 0344 0D       		.uleb128 0xd
 796 0345 8C000000 		.4byte	0x8c
 797 0349 0D       		.uleb128 0xd
 798 034a AD000000 		.4byte	0xad
 799 034e 00       		.byte	0
 800 034f 0B       		.uleb128 0xb
 801 0350 04       		.byte	0x4
 802 0351 B6000000 		.4byte	0xb6
 803 0355 03       		.uleb128 0x3
 804 0356 FE000000 		.4byte	.LASF65
 805 035a 04       		.byte	0x4
 806 035b C8       		.byte	0xc8
 807 035c 60030000 		.4byte	0x360
 808 0360 0B       		.uleb128 0xb
 809 0361 04       		.byte	0x4
 810 0362 66030000 		.4byte	0x366
 811 0366 0C       		.uleb128 0xc
 812 0367 97000000 		.4byte	0x97
 813 036b 7A030000 		.4byte	0x37a
 814 036f 0D       		.uleb128 0xd
 815 0370 4F030000 		.4byte	0x34f
 816 0374 0D       		.uleb128 0xd
 817 0375 8C000000 		.4byte	0x8c
 818 0379 00       		.byte	0
 819 037a 0B       		.uleb128 0xb
 820 037b 04       		.byte	0x4
 821 037c 8C000000 		.4byte	0x8c
 822 0380 0B       		.uleb128 0xb
 823 0381 04       		.byte	0x4
 824 0382 86030000 		.4byte	0x386
 825 0386 0E       		.uleb128 0xe
 826 0387 D3010000 		.4byte	0x1d3
 827 038b 0B       		.uleb128 0xb
 828 038c 04       		.byte	0x4
 829 038d 91030000 		.4byte	0x391
 830 0391 0E       		.uleb128 0xe
 831 0392 8C000000 		.4byte	0x8c
 832 0396 02       		.uleb128 0x2
 833 0397 04       		.byte	0x4
 834 0398 07       		.byte	0x7
 835 0399 60020000 		.4byte	.LASF66
 836 039d 02       		.uleb128 0x2
 837 039e 01       		.byte	0x1
 838 039f 08       		.byte	0x8
 839 03a0 41040000 		.4byte	.LASF67
 840 03a4 0F       		.uleb128 0xf
 841 03a5 DE020000 		.4byte	.LASF72
 842 03a9 01       		.byte	0x1
 843 03aa 2D       		.byte	0x2d
ARM GAS  C:\Users\info\AppData\Local\Temp\ccYopEai.s 			page 18


 844 03ab 01       		.byte	0x1
 845 03ac D7030000 		.4byte	0x3d7
 846 03b0 10       		.uleb128 0x10
 847 03b1 7800     		.ascii	"x\000"
 848 03b3 01       		.byte	0x1
 849 03b4 2D       		.byte	0x2d
 850 03b5 8C000000 		.4byte	0x8c
 851 03b9 10       		.uleb128 0x10
 852 03ba 7900     		.ascii	"y\000"
 853 03bc 01       		.byte	0x1
 854 03bd 2D       		.byte	0x2d
 855 03be 8C000000 		.4byte	0x8c
 856 03c2 11       		.uleb128 0x11
 857 03c3 10020000 		.4byte	.LASF68
 858 03c7 01       		.byte	0x1
 859 03c8 2D       		.byte	0x2d
 860 03c9 7A030000 		.4byte	0x37a
 861 03cd 12       		.uleb128 0x12
 862 03ce 6900     		.ascii	"i\000"
 863 03d0 01       		.byte	0x1
 864 03d1 2F       		.byte	0x2f
 865 03d2 8C000000 		.4byte	0x8c
 866 03d6 00       		.byte	0
 867 03d7 13       		.uleb128 0x13
 868 03d8 A6030000 		.4byte	.LASF77
 869 03dc 01       		.byte	0x1
 870 03dd 49       		.byte	0x49
 871 03de 8C000000 		.4byte	0x8c
 872 03e2 01       		.byte	0x1
 873 03e3 14040000 		.4byte	0x414
 874 03e7 11       		.uleb128 0x11
 875 03e8 D9020000 		.4byte	.LASF69
 876 03ec 01       		.byte	0x1
 877 03ed 49       		.byte	0x49
 878 03ee 4F030000 		.4byte	0x34f
 879 03f2 10       		.uleb128 0x10
 880 03f3 6D736700 		.ascii	"msg\000"
 881 03f7 01       		.byte	0x1
 882 03f8 49       		.byte	0x49
 883 03f9 8C000000 		.4byte	0x8c
 884 03fd 11       		.uleb128 0x11
 885 03fe 94010000 		.4byte	.LASF70
 886 0402 01       		.byte	0x1
 887 0403 49       		.byte	0x49
 888 0404 8C000000 		.4byte	0x8c
 889 0408 11       		.uleb128 0x11
 890 0409 B6040000 		.4byte	.LASF71
 891 040d 01       		.byte	0x1
 892 040e 49       		.byte	0x49
 893 040f AD000000 		.4byte	0xad
 894 0413 00       		.byte	0
 895 0414 0F       		.uleb128 0xf
 896 0415 DF010000 		.4byte	.LASF73
 897 0419 01       		.byte	0x1
 898 041a 34       		.byte	0x34
 899 041b 01       		.byte	0x1
 900 041c 33040000 		.4byte	0x433
ARM GAS  C:\Users\info\AppData\Local\Temp\ccYopEai.s 			page 19


 901 0420 12       		.uleb128 0x12
 902 0421 7800     		.ascii	"x\000"
 903 0423 01       		.byte	0x1
 904 0424 36       		.byte	0x36
 905 0425 7E000000 		.4byte	0x7e
 906 0429 12       		.uleb128 0x12
 907 042a 7900     		.ascii	"y\000"
 908 042c 01       		.byte	0x1
 909 042d 36       		.byte	0x36
 910 042e 7E000000 		.4byte	0x7e
 911 0432 00       		.byte	0
 912 0433 14       		.uleb128 0x14
 913 0434 D7030000 		.4byte	0x3d7
 914 0438 00000000 		.4byte	.LFB3
 915 043c B4000000 		.4byte	.LFE3-.LFB3
 916 0440 01       		.uleb128 0x1
 917 0441 9C       		.byte	0x9c
 918 0442 17050000 		.4byte	0x517
 919 0446 15       		.uleb128 0x15
 920 0447 E7030000 		.4byte	0x3e7
 921 044b 00000000 		.4byte	.LLST0
 922 044f 15       		.uleb128 0x15
 923 0450 F2030000 		.4byte	0x3f2
 924 0454 3A000000 		.4byte	.LLST1
 925 0458 15       		.uleb128 0x15
 926 0459 FD030000 		.4byte	0x3fd
 927 045d 74000000 		.4byte	.LLST2
 928 0461 15       		.uleb128 0x15
 929 0462 08040000 		.4byte	0x408
 930 0466 AE000000 		.4byte	.LLST3
 931 046a 16       		.uleb128 0x16
 932 046b 00000000 		.4byte	.Ldebug_ranges0+0
 933 046f D2040000 		.4byte	0x4d2
 934 0473 15       		.uleb128 0x15
 935 0474 E7030000 		.4byte	0x3e7
 936 0478 E8000000 		.4byte	.LLST4
 937 047c 15       		.uleb128 0x15
 938 047d F2030000 		.4byte	0x3f2
 939 0481 17010000 		.4byte	.LLST5
 940 0485 15       		.uleb128 0x15
 941 0486 FD030000 		.4byte	0x3fd
 942 048a 37010000 		.4byte	.LLST6
 943 048e 15       		.uleb128 0x15
 944 048f 08040000 		.4byte	0x408
 945 0493 4A010000 		.4byte	.LLST7
 946 0497 17       		.uleb128 0x17
 947 0498 A4030000 		.4byte	0x3a4
 948 049c 32000000 		.4byte	.LBB14
 949 04a0 18000000 		.4byte	.Ldebug_ranges0+0x18
 950 04a4 01       		.byte	0x1
 951 04a5 56       		.byte	0x56
 952 04a6 15       		.uleb128 0x15
 953 04a7 C2030000 		.4byte	0x3c2
 954 04ab 79010000 		.4byte	.LLST8
 955 04af 15       		.uleb128 0x15
 956 04b0 B9030000 		.4byte	0x3b9
 957 04b4 B1010000 		.4byte	.LLST9
ARM GAS  C:\Users\info\AppData\Local\Temp\ccYopEai.s 			page 20


 958 04b8 15       		.uleb128 0x15
 959 04b9 B0030000 		.4byte	0x3b0
 960 04bd D7010000 		.4byte	.LLST10
 961 04c1 18       		.uleb128 0x18
 962 04c2 18000000 		.4byte	.Ldebug_ranges0+0x18
 963 04c6 19       		.uleb128 0x19
 964 04c7 CD030000 		.4byte	0x3cd
 965 04cb FD010000 		.4byte	.LLST11
 966 04cf 00       		.byte	0
 967 04d0 00       		.byte	0
 968 04d1 00       		.byte	0
 969 04d2 1A       		.uleb128 0x1a
 970 04d3 14040000 		.4byte	0x414
 971 04d7 62000000 		.4byte	.LBB19
 972 04db 22000000 		.4byte	.LBE19-.LBB19
 973 04df 01       		.byte	0x1
 974 04e0 51       		.byte	0x51
 975 04e1 1B       		.uleb128 0x1b
 976 04e2 62000000 		.4byte	.LBB20
 977 04e6 22000000 		.4byte	.LBE20-.LBB20
 978 04ea 19       		.uleb128 0x19
 979 04eb 20040000 		.4byte	0x420
 980 04ef 7D020000 		.4byte	.LLST12
 981 04f3 19       		.uleb128 0x19
 982 04f4 29040000 		.4byte	0x429
 983 04f8 91020000 		.4byte	.LLST13
 984 04fc 1C       		.uleb128 0x1c
 985 04fd 74000000 		.4byte	.LVL13
 986 0501 E3050000 		.4byte	0x5e3
 987 0505 1D       		.uleb128 0x1d
 988 0506 80000000 		.4byte	.LVL15
 989 050a E3050000 		.4byte	0x5e3
 990 050e 1E       		.uleb128 0x1e
 991 050f 01       		.uleb128 0x1
 992 0510 50       		.byte	0x50
 993 0511 01       		.uleb128 0x1
 994 0512 3A       		.byte	0x3a
 995 0513 00       		.byte	0
 996 0514 00       		.byte	0
 997 0515 00       		.byte	0
 998 0516 00       		.byte	0
 999 0517 14       		.uleb128 0x14
 1000 0518 A4030000 		.4byte	0x3a4
 1001 051c 00000000 		.4byte	.LFB1
 1002 0520 5C000000 		.4byte	.LFE1-.LFB1
 1003 0524 01       		.uleb128 0x1
 1004 0525 9C       		.byte	0x9c
 1005 0526 4F050000 		.4byte	0x54f
 1006 052a 15       		.uleb128 0x15
 1007 052b B0030000 		.4byte	0x3b0
 1008 052f BC020000 		.4byte	.LLST14
 1009 0533 15       		.uleb128 0x15
 1010 0534 B9030000 		.4byte	0x3b9
 1011 0538 DD020000 		.4byte	.LLST15
 1012 053c 15       		.uleb128 0x15
 1013 053d C2030000 		.4byte	0x3c2
 1014 0541 FE020000 		.4byte	.LLST16
ARM GAS  C:\Users\info\AppData\Local\Temp\ccYopEai.s 			page 21


 1015 0545 19       		.uleb128 0x19
 1016 0546 CD030000 		.4byte	0x3cd
 1017 054a 1F030000 		.4byte	.LLST17
 1018 054e 00       		.byte	0
 1019 054f 14       		.uleb128 0x14
 1020 0550 14040000 		.4byte	0x414
 1021 0554 00000000 		.4byte	.LFB2
 1022 0558 4C000000 		.4byte	.LFE2-.LFB2
 1023 055c 01       		.uleb128 0x1
 1024 055d 9C       		.byte	0x9c
 1025 055e 8D050000 		.4byte	0x58d
 1026 0562 19       		.uleb128 0x19
 1027 0563 20040000 		.4byte	0x420
 1028 0567 9F030000 		.4byte	.LLST18
 1029 056b 19       		.uleb128 0x19
 1030 056c 29040000 		.4byte	0x429
 1031 0570 B3030000 		.4byte	.LLST19
 1032 0574 1C       		.uleb128 0x1c
 1033 0575 32000000 		.4byte	.LVL43
 1034 0579 E3050000 		.4byte	0x5e3
 1035 057d 1D       		.uleb128 0x1d
 1036 057e 3E000000 		.4byte	.LVL45
 1037 0582 E3050000 		.4byte	0x5e3
 1038 0586 1E       		.uleb128 0x1e
 1039 0587 01       		.uleb128 0x1
 1040 0588 50       		.byte	0x50
 1041 0589 01       		.uleb128 0x1
 1042 058a 3A       		.byte	0x3a
 1043 058b 00       		.byte	0
 1044 058c 00       		.byte	0
 1045 058d 1F       		.uleb128 0x1f
 1046 058e 15000000 		.4byte	.LASF78
 1047 0592 01       		.byte	0x1
 1048 0593 60       		.byte	0x60
 1049 0594 00000000 		.4byte	.LFB4
 1050 0598 14000000 		.4byte	.LFE4-.LFB4
 1051 059c 01       		.uleb128 0x1
 1052 059d 9C       		.byte	0x9c
 1053 059e C2050000 		.4byte	0x5c2
 1054 05a2 20       		.uleb128 0x20
 1055 05a3 D9020000 		.4byte	.LASF69
 1056 05a7 01       		.byte	0x1
 1057 05a8 60       		.byte	0x60
 1058 05a9 4F030000 		.4byte	0x34f
 1059 05ad EA030000 		.4byte	.LLST20
 1060 05b1 1D       		.uleb128 0x1d
 1061 05b2 08000000 		.4byte	.LVL48
 1062 05b6 F2050000 		.4byte	0x5f2
 1063 05ba 1E       		.uleb128 0x1e
 1064 05bb 01       		.uleb128 0x1
 1065 05bc 50       		.byte	0x50
 1066 05bd 02       		.uleb128 0x2
 1067 05be 74       		.byte	0x74
 1068 05bf 00       		.sleb128 0
 1069 05c0 00       		.byte	0
 1070 05c1 00       		.byte	0
 1071 05c2 21       		.uleb128 0x21
ARM GAS  C:\Users\info\AppData\Local\Temp\ccYopEai.s 			page 22


 1072 05c3 8C000000 		.4byte	0x8c
 1073 05c7 D2050000 		.4byte	0x5d2
 1074 05cb 22       		.uleb128 0x22
 1075 05cc 96030000 		.4byte	0x396
 1076 05d0 7F       		.byte	0x7f
 1077 05d1 00       		.byte	0
 1078 05d2 23       		.uleb128 0x23
 1079 05d3 F6040000 		.4byte	.LASF79
 1080 05d7 01       		.byte	0x1
 1081 05d8 2B       		.byte	0x2b
 1082 05d9 C2050000 		.4byte	0x5c2
 1083 05dd 05       		.uleb128 0x5
 1084 05de 03       		.byte	0x3
 1085 05df 00000000 		.4byte	bitmap
 1086 05e3 24       		.uleb128 0x24
 1087 05e4 E5000000 		.4byte	.LASF80
 1088 05e8 BA010000 		.4byte	.LASF81
 1089 05ec 05       		.byte	0x5
 1090 05ed 00       		.byte	0
 1091 05ee E5000000 		.4byte	.LASF80
 1092 05f2 25       		.uleb128 0x25
 1093 05f3 60010000 		.4byte	.LASF82
 1094 05f7 60010000 		.4byte	.LASF82
 1095 05fb 04       		.byte	0x4
 1096 05fc 1302     		.2byte	0x213
 1097 05fe 00       		.byte	0
 1098              		.section	.debug_abbrev,"",%progbits
 1099              	.Ldebug_abbrev0:
 1100 0000 01       		.uleb128 0x1
 1101 0001 11       		.uleb128 0x11
 1102 0002 01       		.byte	0x1
 1103 0003 25       		.uleb128 0x25
 1104 0004 0E       		.uleb128 0xe
 1105 0005 13       		.uleb128 0x13
 1106 0006 0B       		.uleb128 0xb
 1107 0007 03       		.uleb128 0x3
 1108 0008 0E       		.uleb128 0xe
 1109 0009 1B       		.uleb128 0x1b
 1110 000a 0E       		.uleb128 0xe
 1111 000b 55       		.uleb128 0x55
 1112 000c 17       		.uleb128 0x17
 1113 000d 11       		.uleb128 0x11
 1114 000e 01       		.uleb128 0x1
 1115 000f 10       		.uleb128 0x10
 1116 0010 17       		.uleb128 0x17
 1117 0011 00       		.byte	0
 1118 0012 00       		.byte	0
 1119 0013 02       		.uleb128 0x2
 1120 0014 24       		.uleb128 0x24
 1121 0015 00       		.byte	0
 1122 0016 0B       		.uleb128 0xb
 1123 0017 0B       		.uleb128 0xb
 1124 0018 3E       		.uleb128 0x3e
 1125 0019 0B       		.uleb128 0xb
 1126 001a 03       		.uleb128 0x3
 1127 001b 0E       		.uleb128 0xe
 1128 001c 00       		.byte	0
ARM GAS  C:\Users\info\AppData\Local\Temp\ccYopEai.s 			page 23


 1129 001d 00       		.byte	0
 1130 001e 03       		.uleb128 0x3
 1131 001f 16       		.uleb128 0x16
 1132 0020 00       		.byte	0
 1133 0021 03       		.uleb128 0x3
 1134 0022 0E       		.uleb128 0xe
 1135 0023 3A       		.uleb128 0x3a
 1136 0024 0B       		.uleb128 0xb
 1137 0025 3B       		.uleb128 0x3b
 1138 0026 0B       		.uleb128 0xb
 1139 0027 49       		.uleb128 0x49
 1140 0028 13       		.uleb128 0x13
 1141 0029 00       		.byte	0
 1142 002a 00       		.byte	0
 1143 002b 04       		.uleb128 0x4
 1144 002c 24       		.uleb128 0x24
 1145 002d 00       		.byte	0
 1146 002e 0B       		.uleb128 0xb
 1147 002f 0B       		.uleb128 0xb
 1148 0030 3E       		.uleb128 0x3e
 1149 0031 0B       		.uleb128 0xb
 1150 0032 03       		.uleb128 0x3
 1151 0033 08       		.uleb128 0x8
 1152 0034 00       		.byte	0
 1153 0035 00       		.byte	0
 1154 0036 05       		.uleb128 0x5
 1155 0037 0F       		.uleb128 0xf
 1156 0038 00       		.byte	0
 1157 0039 0B       		.uleb128 0xb
 1158 003a 0B       		.uleb128 0xb
 1159 003b 00       		.byte	0
 1160 003c 00       		.byte	0
 1161 003d 06       		.uleb128 0x6
 1162 003e 13       		.uleb128 0x13
 1163 003f 01       		.byte	0x1
 1164 0040 03       		.uleb128 0x3
 1165 0041 0E       		.uleb128 0xe
 1166 0042 0B       		.uleb128 0xb
 1167 0043 0B       		.uleb128 0xb
 1168 0044 3A       		.uleb128 0x3a
 1169 0045 0B       		.uleb128 0xb
 1170 0046 3B       		.uleb128 0x3b
 1171 0047 05       		.uleb128 0x5
 1172 0048 01       		.uleb128 0x1
 1173 0049 13       		.uleb128 0x13
 1174 004a 00       		.byte	0
 1175 004b 00       		.byte	0
 1176 004c 07       		.uleb128 0x7
 1177 004d 0D       		.uleb128 0xd
 1178 004e 00       		.byte	0
 1179 004f 03       		.uleb128 0x3
 1180 0050 0E       		.uleb128 0xe
 1181 0051 3A       		.uleb128 0x3a
 1182 0052 0B       		.uleb128 0xb
 1183 0053 3B       		.uleb128 0x3b
 1184 0054 05       		.uleb128 0x5
 1185 0055 49       		.uleb128 0x49
ARM GAS  C:\Users\info\AppData\Local\Temp\ccYopEai.s 			page 24


 1186 0056 13       		.uleb128 0x13
 1187 0057 38       		.uleb128 0x38
 1188 0058 0B       		.uleb128 0xb
 1189 0059 00       		.byte	0
 1190 005a 00       		.byte	0
 1191 005b 08       		.uleb128 0x8
 1192 005c 13       		.uleb128 0x13
 1193 005d 01       		.byte	0x1
 1194 005e 03       		.uleb128 0x3
 1195 005f 0E       		.uleb128 0xe
 1196 0060 0B       		.uleb128 0xb
 1197 0061 0B       		.uleb128 0xb
 1198 0062 3A       		.uleb128 0x3a
 1199 0063 0B       		.uleb128 0xb
 1200 0064 3B       		.uleb128 0x3b
 1201 0065 0B       		.uleb128 0xb
 1202 0066 01       		.uleb128 0x1
 1203 0067 13       		.uleb128 0x13
 1204 0068 00       		.byte	0
 1205 0069 00       		.byte	0
 1206 006a 09       		.uleb128 0x9
 1207 006b 0D       		.uleb128 0xd
 1208 006c 00       		.byte	0
 1209 006d 03       		.uleb128 0x3
 1210 006e 0E       		.uleb128 0xe
 1211 006f 3A       		.uleb128 0x3a
 1212 0070 0B       		.uleb128 0xb
 1213 0071 3B       		.uleb128 0x3b
 1214 0072 0B       		.uleb128 0xb
 1215 0073 49       		.uleb128 0x49
 1216 0074 13       		.uleb128 0x13
 1217 0075 38       		.uleb128 0x38
 1218 0076 0B       		.uleb128 0xb
 1219 0077 00       		.byte	0
 1220 0078 00       		.byte	0
 1221 0079 0A       		.uleb128 0xa
 1222 007a 0D       		.uleb128 0xd
 1223 007b 00       		.byte	0
 1224 007c 03       		.uleb128 0x3
 1225 007d 08       		.uleb128 0x8
 1226 007e 3A       		.uleb128 0x3a
 1227 007f 0B       		.uleb128 0xb
 1228 0080 3B       		.uleb128 0x3b
 1229 0081 0B       		.uleb128 0xb
 1230 0082 49       		.uleb128 0x49
 1231 0083 13       		.uleb128 0x13
 1232 0084 38       		.uleb128 0x38
 1233 0085 0B       		.uleb128 0xb
 1234 0086 00       		.byte	0
 1235 0087 00       		.byte	0
 1236 0088 0B       		.uleb128 0xb
 1237 0089 0F       		.uleb128 0xf
 1238 008a 00       		.byte	0
 1239 008b 0B       		.uleb128 0xb
 1240 008c 0B       		.uleb128 0xb
 1241 008d 49       		.uleb128 0x49
 1242 008e 13       		.uleb128 0x13
ARM GAS  C:\Users\info\AppData\Local\Temp\ccYopEai.s 			page 25


 1243 008f 00       		.byte	0
 1244 0090 00       		.byte	0
 1245 0091 0C       		.uleb128 0xc
 1246 0092 15       		.uleb128 0x15
 1247 0093 01       		.byte	0x1
 1248 0094 27       		.uleb128 0x27
 1249 0095 19       		.uleb128 0x19
 1250 0096 49       		.uleb128 0x49
 1251 0097 13       		.uleb128 0x13
 1252 0098 01       		.uleb128 0x1
 1253 0099 13       		.uleb128 0x13
 1254 009a 00       		.byte	0
 1255 009b 00       		.byte	0
 1256 009c 0D       		.uleb128 0xd
 1257 009d 05       		.uleb128 0x5
 1258 009e 00       		.byte	0
 1259 009f 49       		.uleb128 0x49
 1260 00a0 13       		.uleb128 0x13
 1261 00a1 00       		.byte	0
 1262 00a2 00       		.byte	0
 1263 00a3 0E       		.uleb128 0xe
 1264 00a4 26       		.uleb128 0x26
 1265 00a5 00       		.byte	0
 1266 00a6 49       		.uleb128 0x49
 1267 00a7 13       		.uleb128 0x13
 1268 00a8 00       		.byte	0
 1269 00a9 00       		.byte	0
 1270 00aa 0F       		.uleb128 0xf
 1271 00ab 2E       		.uleb128 0x2e
 1272 00ac 01       		.byte	0x1
 1273 00ad 3F       		.uleb128 0x3f
 1274 00ae 19       		.uleb128 0x19
 1275 00af 03       		.uleb128 0x3
 1276 00b0 0E       		.uleb128 0xe
 1277 00b1 3A       		.uleb128 0x3a
 1278 00b2 0B       		.uleb128 0xb
 1279 00b3 3B       		.uleb128 0x3b
 1280 00b4 0B       		.uleb128 0xb
 1281 00b5 27       		.uleb128 0x27
 1282 00b6 19       		.uleb128 0x19
 1283 00b7 20       		.uleb128 0x20
 1284 00b8 0B       		.uleb128 0xb
 1285 00b9 01       		.uleb128 0x1
 1286 00ba 13       		.uleb128 0x13
 1287 00bb 00       		.byte	0
 1288 00bc 00       		.byte	0
 1289 00bd 10       		.uleb128 0x10
 1290 00be 05       		.uleb128 0x5
 1291 00bf 00       		.byte	0
 1292 00c0 03       		.uleb128 0x3
 1293 00c1 08       		.uleb128 0x8
 1294 00c2 3A       		.uleb128 0x3a
 1295 00c3 0B       		.uleb128 0xb
 1296 00c4 3B       		.uleb128 0x3b
 1297 00c5 0B       		.uleb128 0xb
 1298 00c6 49       		.uleb128 0x49
 1299 00c7 13       		.uleb128 0x13
ARM GAS  C:\Users\info\AppData\Local\Temp\ccYopEai.s 			page 26


 1300 00c8 00       		.byte	0
 1301 00c9 00       		.byte	0
 1302 00ca 11       		.uleb128 0x11
 1303 00cb 05       		.uleb128 0x5
 1304 00cc 00       		.byte	0
 1305 00cd 03       		.uleb128 0x3
 1306 00ce 0E       		.uleb128 0xe
 1307 00cf 3A       		.uleb128 0x3a
 1308 00d0 0B       		.uleb128 0xb
 1309 00d1 3B       		.uleb128 0x3b
 1310 00d2 0B       		.uleb128 0xb
 1311 00d3 49       		.uleb128 0x49
 1312 00d4 13       		.uleb128 0x13
 1313 00d5 00       		.byte	0
 1314 00d6 00       		.byte	0
 1315 00d7 12       		.uleb128 0x12
 1316 00d8 34       		.uleb128 0x34
 1317 00d9 00       		.byte	0
 1318 00da 03       		.uleb128 0x3
 1319 00db 08       		.uleb128 0x8
 1320 00dc 3A       		.uleb128 0x3a
 1321 00dd 0B       		.uleb128 0xb
 1322 00de 3B       		.uleb128 0x3b
 1323 00df 0B       		.uleb128 0xb
 1324 00e0 49       		.uleb128 0x49
 1325 00e1 13       		.uleb128 0x13
 1326 00e2 00       		.byte	0
 1327 00e3 00       		.byte	0
 1328 00e4 13       		.uleb128 0x13
 1329 00e5 2E       		.uleb128 0x2e
 1330 00e6 01       		.byte	0x1
 1331 00e7 3F       		.uleb128 0x3f
 1332 00e8 19       		.uleb128 0x19
 1333 00e9 03       		.uleb128 0x3
 1334 00ea 0E       		.uleb128 0xe
 1335 00eb 3A       		.uleb128 0x3a
 1336 00ec 0B       		.uleb128 0xb
 1337 00ed 3B       		.uleb128 0x3b
 1338 00ee 0B       		.uleb128 0xb
 1339 00ef 27       		.uleb128 0x27
 1340 00f0 19       		.uleb128 0x19
 1341 00f1 49       		.uleb128 0x49
 1342 00f2 13       		.uleb128 0x13
 1343 00f3 20       		.uleb128 0x20
 1344 00f4 0B       		.uleb128 0xb
 1345 00f5 01       		.uleb128 0x1
 1346 00f6 13       		.uleb128 0x13
 1347 00f7 00       		.byte	0
 1348 00f8 00       		.byte	0
 1349 00f9 14       		.uleb128 0x14
 1350 00fa 2E       		.uleb128 0x2e
 1351 00fb 01       		.byte	0x1
 1352 00fc 31       		.uleb128 0x31
 1353 00fd 13       		.uleb128 0x13
 1354 00fe 11       		.uleb128 0x11
 1355 00ff 01       		.uleb128 0x1
 1356 0100 12       		.uleb128 0x12
ARM GAS  C:\Users\info\AppData\Local\Temp\ccYopEai.s 			page 27


 1357 0101 06       		.uleb128 0x6
 1358 0102 40       		.uleb128 0x40
 1359 0103 18       		.uleb128 0x18
 1360 0104 9742     		.uleb128 0x2117
 1361 0106 19       		.uleb128 0x19
 1362 0107 01       		.uleb128 0x1
 1363 0108 13       		.uleb128 0x13
 1364 0109 00       		.byte	0
 1365 010a 00       		.byte	0
 1366 010b 15       		.uleb128 0x15
 1367 010c 05       		.uleb128 0x5
 1368 010d 00       		.byte	0
 1369 010e 31       		.uleb128 0x31
 1370 010f 13       		.uleb128 0x13
 1371 0110 02       		.uleb128 0x2
 1372 0111 17       		.uleb128 0x17
 1373 0112 00       		.byte	0
 1374 0113 00       		.byte	0
 1375 0114 16       		.uleb128 0x16
 1376 0115 0B       		.uleb128 0xb
 1377 0116 01       		.byte	0x1
 1378 0117 55       		.uleb128 0x55
 1379 0118 17       		.uleb128 0x17
 1380 0119 01       		.uleb128 0x1
 1381 011a 13       		.uleb128 0x13
 1382 011b 00       		.byte	0
 1383 011c 00       		.byte	0
 1384 011d 17       		.uleb128 0x17
 1385 011e 1D       		.uleb128 0x1d
 1386 011f 01       		.byte	0x1
 1387 0120 31       		.uleb128 0x31
 1388 0121 13       		.uleb128 0x13
 1389 0122 52       		.uleb128 0x52
 1390 0123 01       		.uleb128 0x1
 1391 0124 55       		.uleb128 0x55
 1392 0125 17       		.uleb128 0x17
 1393 0126 58       		.uleb128 0x58
 1394 0127 0B       		.uleb128 0xb
 1395 0128 59       		.uleb128 0x59
 1396 0129 0B       		.uleb128 0xb
 1397 012a 00       		.byte	0
 1398 012b 00       		.byte	0
 1399 012c 18       		.uleb128 0x18
 1400 012d 0B       		.uleb128 0xb
 1401 012e 01       		.byte	0x1
 1402 012f 55       		.uleb128 0x55
 1403 0130 17       		.uleb128 0x17
 1404 0131 00       		.byte	0
 1405 0132 00       		.byte	0
 1406 0133 19       		.uleb128 0x19
 1407 0134 34       		.uleb128 0x34
 1408 0135 00       		.byte	0
 1409 0136 31       		.uleb128 0x31
 1410 0137 13       		.uleb128 0x13
 1411 0138 02       		.uleb128 0x2
 1412 0139 17       		.uleb128 0x17
 1413 013a 00       		.byte	0
ARM GAS  C:\Users\info\AppData\Local\Temp\ccYopEai.s 			page 28


 1414 013b 00       		.byte	0
 1415 013c 1A       		.uleb128 0x1a
 1416 013d 1D       		.uleb128 0x1d
 1417 013e 01       		.byte	0x1
 1418 013f 31       		.uleb128 0x31
 1419 0140 13       		.uleb128 0x13
 1420 0141 11       		.uleb128 0x11
 1421 0142 01       		.uleb128 0x1
 1422 0143 12       		.uleb128 0x12
 1423 0144 06       		.uleb128 0x6
 1424 0145 58       		.uleb128 0x58
 1425 0146 0B       		.uleb128 0xb
 1426 0147 59       		.uleb128 0x59
 1427 0148 0B       		.uleb128 0xb
 1428 0149 00       		.byte	0
 1429 014a 00       		.byte	0
 1430 014b 1B       		.uleb128 0x1b
 1431 014c 0B       		.uleb128 0xb
 1432 014d 01       		.byte	0x1
 1433 014e 11       		.uleb128 0x11
 1434 014f 01       		.uleb128 0x1
 1435 0150 12       		.uleb128 0x12
 1436 0151 06       		.uleb128 0x6
 1437 0152 00       		.byte	0
 1438 0153 00       		.byte	0
 1439 0154 1C       		.uleb128 0x1c
 1440 0155 898201   		.uleb128 0x4109
 1441 0158 00       		.byte	0
 1442 0159 11       		.uleb128 0x11
 1443 015a 01       		.uleb128 0x1
 1444 015b 31       		.uleb128 0x31
 1445 015c 13       		.uleb128 0x13
 1446 015d 00       		.byte	0
 1447 015e 00       		.byte	0
 1448 015f 1D       		.uleb128 0x1d
 1449 0160 898201   		.uleb128 0x4109
 1450 0163 01       		.byte	0x1
 1451 0164 11       		.uleb128 0x11
 1452 0165 01       		.uleb128 0x1
 1453 0166 31       		.uleb128 0x31
 1454 0167 13       		.uleb128 0x13
 1455 0168 00       		.byte	0
 1456 0169 00       		.byte	0
 1457 016a 1E       		.uleb128 0x1e
 1458 016b 8A8201   		.uleb128 0x410a
 1459 016e 00       		.byte	0
 1460 016f 02       		.uleb128 0x2
 1461 0170 18       		.uleb128 0x18
 1462 0171 9142     		.uleb128 0x2111
 1463 0173 18       		.uleb128 0x18
 1464 0174 00       		.byte	0
 1465 0175 00       		.byte	0
 1466 0176 1F       		.uleb128 0x1f
 1467 0177 2E       		.uleb128 0x2e
 1468 0178 01       		.byte	0x1
 1469 0179 3F       		.uleb128 0x3f
 1470 017a 19       		.uleb128 0x19
ARM GAS  C:\Users\info\AppData\Local\Temp\ccYopEai.s 			page 29


 1471 017b 03       		.uleb128 0x3
 1472 017c 0E       		.uleb128 0xe
 1473 017d 3A       		.uleb128 0x3a
 1474 017e 0B       		.uleb128 0xb
 1475 017f 3B       		.uleb128 0x3b
 1476 0180 0B       		.uleb128 0xb
 1477 0181 27       		.uleb128 0x27
 1478 0182 19       		.uleb128 0x19
 1479 0183 11       		.uleb128 0x11
 1480 0184 01       		.uleb128 0x1
 1481 0185 12       		.uleb128 0x12
 1482 0186 06       		.uleb128 0x6
 1483 0187 40       		.uleb128 0x40
 1484 0188 18       		.uleb128 0x18
 1485 0189 9742     		.uleb128 0x2117
 1486 018b 19       		.uleb128 0x19
 1487 018c 01       		.uleb128 0x1
 1488 018d 13       		.uleb128 0x13
 1489 018e 00       		.byte	0
 1490 018f 00       		.byte	0
 1491 0190 20       		.uleb128 0x20
 1492 0191 05       		.uleb128 0x5
 1493 0192 00       		.byte	0
 1494 0193 03       		.uleb128 0x3
 1495 0194 0E       		.uleb128 0xe
 1496 0195 3A       		.uleb128 0x3a
 1497 0196 0B       		.uleb128 0xb
 1498 0197 3B       		.uleb128 0x3b
 1499 0198 0B       		.uleb128 0xb
 1500 0199 49       		.uleb128 0x49
 1501 019a 13       		.uleb128 0x13
 1502 019b 02       		.uleb128 0x2
 1503 019c 17       		.uleb128 0x17
 1504 019d 00       		.byte	0
 1505 019e 00       		.byte	0
 1506 019f 21       		.uleb128 0x21
 1507 01a0 01       		.uleb128 0x1
 1508 01a1 01       		.byte	0x1
 1509 01a2 49       		.uleb128 0x49
 1510 01a3 13       		.uleb128 0x13
 1511 01a4 01       		.uleb128 0x1
 1512 01a5 13       		.uleb128 0x13
 1513 01a6 00       		.byte	0
 1514 01a7 00       		.byte	0
 1515 01a8 22       		.uleb128 0x22
 1516 01a9 21       		.uleb128 0x21
 1517 01aa 00       		.byte	0
 1518 01ab 49       		.uleb128 0x49
 1519 01ac 13       		.uleb128 0x13
 1520 01ad 2F       		.uleb128 0x2f
 1521 01ae 0B       		.uleb128 0xb
 1522 01af 00       		.byte	0
 1523 01b0 00       		.byte	0
 1524 01b1 23       		.uleb128 0x23
 1525 01b2 34       		.uleb128 0x34
 1526 01b3 00       		.byte	0
 1527 01b4 03       		.uleb128 0x3
ARM GAS  C:\Users\info\AppData\Local\Temp\ccYopEai.s 			page 30


 1528 01b5 0E       		.uleb128 0xe
 1529 01b6 3A       		.uleb128 0x3a
 1530 01b7 0B       		.uleb128 0xb
 1531 01b8 3B       		.uleb128 0x3b
 1532 01b9 0B       		.uleb128 0xb
 1533 01ba 49       		.uleb128 0x49
 1534 01bb 13       		.uleb128 0x13
 1535 01bc 3F       		.uleb128 0x3f
 1536 01bd 19       		.uleb128 0x19
 1537 01be 02       		.uleb128 0x2
 1538 01bf 18       		.uleb128 0x18
 1539 01c0 00       		.byte	0
 1540 01c1 00       		.byte	0
 1541 01c2 24       		.uleb128 0x24
 1542 01c3 2E       		.uleb128 0x2e
 1543 01c4 00       		.byte	0
 1544 01c5 3F       		.uleb128 0x3f
 1545 01c6 19       		.uleb128 0x19
 1546 01c7 3C       		.uleb128 0x3c
 1547 01c8 19       		.uleb128 0x19
 1548 01c9 6E       		.uleb128 0x6e
 1549 01ca 0E       		.uleb128 0xe
 1550 01cb 03       		.uleb128 0x3
 1551 01cc 0E       		.uleb128 0xe
 1552 01cd 3A       		.uleb128 0x3a
 1553 01ce 0B       		.uleb128 0xb
 1554 01cf 3B       		.uleb128 0x3b
 1555 01d0 0B       		.uleb128 0xb
 1556 01d1 6E       		.uleb128 0x6e
 1557 01d2 0E       		.uleb128 0xe
 1558 01d3 00       		.byte	0
 1559 01d4 00       		.byte	0
 1560 01d5 25       		.uleb128 0x25
 1561 01d6 2E       		.uleb128 0x2e
 1562 01d7 00       		.byte	0
 1563 01d8 3F       		.uleb128 0x3f
 1564 01d9 19       		.uleb128 0x19
 1565 01da 3C       		.uleb128 0x3c
 1566 01db 19       		.uleb128 0x19
 1567 01dc 6E       		.uleb128 0x6e
 1568 01dd 0E       		.uleb128 0xe
 1569 01de 03       		.uleb128 0x3
 1570 01df 0E       		.uleb128 0xe
 1571 01e0 3A       		.uleb128 0x3a
 1572 01e1 0B       		.uleb128 0xb
 1573 01e2 3B       		.uleb128 0x3b
 1574 01e3 05       		.uleb128 0x5
 1575 01e4 00       		.byte	0
 1576 01e5 00       		.byte	0
 1577 01e6 00       		.byte	0
 1578              		.section	.debug_loc,"",%progbits
 1579              	.Ldebug_loc0:
 1580              	.LLST0:
 1581 0000 00000000 		.4byte	.LVL0
 1582 0004 1C000000 		.4byte	.LVL5
 1583 0008 0100     		.2byte	0x1
 1584 000a 50       		.byte	0x50
ARM GAS  C:\Users\info\AppData\Local\Temp\ccYopEai.s 			page 31


 1585 000b 1C000000 		.4byte	.LVL5
 1586 000f 42000000 		.4byte	.LVL10
 1587 0013 0400     		.2byte	0x4
 1588 0015 F3       		.byte	0xf3
 1589 0016 01       		.uleb128 0x1
 1590 0017 50       		.byte	0x50
 1591 0018 9F       		.byte	0x9f
 1592 0019 42000000 		.4byte	.LVL10
 1593 001d 4E000000 		.4byte	.LVL11
 1594 0021 0100     		.2byte	0x1
 1595 0023 50       		.byte	0x50
 1596 0024 4E000000 		.4byte	.LVL11
 1597 0028 B4000000 		.4byte	.LFE3
 1598 002c 0400     		.2byte	0x4
 1599 002e F3       		.byte	0xf3
 1600 002f 01       		.uleb128 0x1
 1601 0030 50       		.byte	0x50
 1602 0031 9F       		.byte	0x9f
 1603 0032 00000000 		.4byte	0
 1604 0036 00000000 		.4byte	0
 1605              	.LLST1:
 1606 003a 00000000 		.4byte	.LVL0
 1607 003e 10000000 		.4byte	.LVL3
 1608 0042 0100     		.2byte	0x1
 1609 0044 51       		.byte	0x51
 1610 0045 10000000 		.4byte	.LVL3
 1611 0049 42000000 		.4byte	.LVL10
 1612 004d 0400     		.2byte	0x4
 1613 004f F3       		.byte	0xf3
 1614 0050 01       		.uleb128 0x1
 1615 0051 51       		.byte	0x51
 1616 0052 9F       		.byte	0x9f
 1617 0053 42000000 		.4byte	.LVL10
 1618 0057 4E000000 		.4byte	.LVL11
 1619 005b 0100     		.2byte	0x1
 1620 005d 51       		.byte	0x51
 1621 005e 4E000000 		.4byte	.LVL11
 1622 0062 B4000000 		.4byte	.LFE3
 1623 0066 0400     		.2byte	0x4
 1624 0068 F3       		.byte	0xf3
 1625 0069 01       		.uleb128 0x1
 1626 006a 51       		.byte	0x51
 1627 006b 9F       		.byte	0x9f
 1628 006c 00000000 		.4byte	0
 1629 0070 00000000 		.4byte	0
 1630              	.LLST2:
 1631 0074 00000000 		.4byte	.LVL0
 1632 0078 0E000000 		.4byte	.LVL2
 1633 007c 0100     		.2byte	0x1
 1634 007e 52       		.byte	0x52
 1635 007f 0E000000 		.4byte	.LVL2
 1636 0083 42000000 		.4byte	.LVL10
 1637 0087 0400     		.2byte	0x4
 1638 0089 F3       		.byte	0xf3
 1639 008a 01       		.uleb128 0x1
 1640 008b 52       		.byte	0x52
 1641 008c 9F       		.byte	0x9f
ARM GAS  C:\Users\info\AppData\Local\Temp\ccYopEai.s 			page 32


 1642 008d 42000000 		.4byte	.LVL10
 1643 0091 4E000000 		.4byte	.LVL11
 1644 0095 0100     		.2byte	0x1
 1645 0097 52       		.byte	0x52
 1646 0098 4E000000 		.4byte	.LVL11
 1647 009c B4000000 		.4byte	.LFE3
 1648 00a0 0400     		.2byte	0x4
 1649 00a2 F3       		.byte	0xf3
 1650 00a3 01       		.uleb128 0x1
 1651 00a4 52       		.byte	0x52
 1652 00a5 9F       		.byte	0x9f
 1653 00a6 00000000 		.4byte	0
 1654 00aa 00000000 		.4byte	0
 1655              	.LLST3:
 1656 00ae 00000000 		.4byte	.LVL0
 1657 00b2 18000000 		.4byte	.LVL4
 1658 00b6 0100     		.2byte	0x1
 1659 00b8 53       		.byte	0x53
 1660 00b9 18000000 		.4byte	.LVL4
 1661 00bd 42000000 		.4byte	.LVL10
 1662 00c1 0400     		.2byte	0x4
 1663 00c3 F3       		.byte	0xf3
 1664 00c4 01       		.uleb128 0x1
 1665 00c5 53       		.byte	0x53
 1666 00c6 9F       		.byte	0x9f
 1667 00c7 42000000 		.4byte	.LVL10
 1668 00cb 4E000000 		.4byte	.LVL11
 1669 00cf 0100     		.2byte	0x1
 1670 00d1 53       		.byte	0x53
 1671 00d2 4E000000 		.4byte	.LVL11
 1672 00d6 B4000000 		.4byte	.LFE3
 1673 00da 0400     		.2byte	0x4
 1674 00dc F3       		.byte	0xf3
 1675 00dd 01       		.uleb128 0x1
 1676 00de 53       		.byte	0x53
 1677 00df 9F       		.byte	0x9f
 1678 00e0 00000000 		.4byte	0
 1679 00e4 00000000 		.4byte	0
 1680              	.LLST4:
 1681 00e8 0C000000 		.4byte	.LVL1
 1682 00ec 1C000000 		.4byte	.LVL5
 1683 00f0 0100     		.2byte	0x1
 1684 00f2 50       		.byte	0x50
 1685 00f3 1C000000 		.4byte	.LVL5
 1686 00f7 3C000000 		.4byte	.LVL9
 1687 00fb 0400     		.2byte	0x4
 1688 00fd F3       		.byte	0xf3
 1689 00fe 01       		.uleb128 0x1
 1690 00ff 50       		.byte	0x50
 1691 0100 9F       		.byte	0x9f
 1692 0101 8A000000 		.4byte	.LVL16
 1693 0105 B4000000 		.4byte	.LFE3
 1694 0109 0400     		.2byte	0x4
 1695 010b F3       		.byte	0xf3
 1696 010c 01       		.uleb128 0x1
 1697 010d 50       		.byte	0x50
 1698 010e 9F       		.byte	0x9f
ARM GAS  C:\Users\info\AppData\Local\Temp\ccYopEai.s 			page 33


 1699 010f 00000000 		.4byte	0
 1700 0113 00000000 		.4byte	0
 1701              	.LLST5:
 1702 0117 0C000000 		.4byte	.LVL1
 1703 011b 3C000000 		.4byte	.LVL9
 1704 011f 0200     		.2byte	0x2
 1705 0121 3F       		.byte	0x3f
 1706 0122 9F       		.byte	0x9f
 1707 0123 8A000000 		.4byte	.LVL16
 1708 0127 B4000000 		.4byte	.LFE3
 1709 012b 0200     		.2byte	0x2
 1710 012d 3F       		.byte	0x3f
 1711 012e 9F       		.byte	0x9f
 1712 012f 00000000 		.4byte	0
 1713 0133 00000000 		.4byte	0
 1714              	.LLST6:
 1715 0137 0C000000 		.4byte	.LVL1
 1716 013b 0E000000 		.4byte	.LVL2
 1717 013f 0100     		.2byte	0x1
 1718 0141 52       		.byte	0x52
 1719 0142 00000000 		.4byte	0
 1720 0146 00000000 		.4byte	0
 1721              	.LLST7:
 1722 014a 0C000000 		.4byte	.LVL1
 1723 014e 18000000 		.4byte	.LVL4
 1724 0152 0100     		.2byte	0x1
 1725 0154 53       		.byte	0x53
 1726 0155 18000000 		.4byte	.LVL4
 1727 0159 3C000000 		.4byte	.LVL9
 1728 015d 0400     		.2byte	0x4
 1729 015f F3       		.byte	0xf3
 1730 0160 01       		.uleb128 0x1
 1731 0161 53       		.byte	0x53
 1732 0162 9F       		.byte	0x9f
 1733 0163 8A000000 		.4byte	.LVL16
 1734 0167 B4000000 		.4byte	.LFE3
 1735 016b 0400     		.2byte	0x4
 1736 016d F3       		.byte	0xf3
 1737 016e 01       		.uleb128 0x1
 1738 016f 53       		.byte	0x53
 1739 0170 9F       		.byte	0x9f
 1740 0171 00000000 		.4byte	0
 1741 0175 00000000 		.4byte	0
 1742              	.LLST8:
 1743 0179 18000000 		.4byte	.LVL4
 1744 017d 3A000000 		.4byte	.LVL8
 1745 0181 0100     		.2byte	0x1
 1746 0183 53       		.byte	0x53
 1747 0184 3A000000 		.4byte	.LVL8
 1748 0188 3C000000 		.4byte	.LVL9
 1749 018c 0300     		.2byte	0x3
 1750 018e 75       		.byte	0x75
 1751 018f 7C       		.sleb128 -4
 1752 0190 9F       		.byte	0x9f
 1753 0191 8A000000 		.4byte	.LVL16
 1754 0195 AC000000 		.4byte	.LVL24
 1755 0199 0100     		.2byte	0x1
ARM GAS  C:\Users\info\AppData\Local\Temp\ccYopEai.s 			page 34


 1756 019b 53       		.byte	0x53
 1757 019c AC000000 		.4byte	.LVL24
 1758 01a0 B4000000 		.4byte	.LFE3
 1759 01a4 0300     		.2byte	0x3
 1760 01a6 75       		.byte	0x75
 1761 01a7 7C       		.sleb128 -4
 1762 01a8 9F       		.byte	0x9f
 1763 01a9 00000000 		.4byte	0
 1764 01ad 00000000 		.4byte	0
 1765              	.LLST9:
 1766 01b1 18000000 		.4byte	.LVL4
 1767 01b5 38000000 		.4byte	.LVL7
 1768 01b9 0500     		.2byte	0x5
 1769 01bb F3       		.byte	0xf3
 1770 01bc 01       		.uleb128 0x1
 1771 01bd 53       		.byte	0x53
 1772 01be 23       		.byte	0x23
 1773 01bf 06       		.uleb128 0x6
 1774 01c0 8A000000 		.4byte	.LVL16
 1775 01c4 92000000 		.4byte	.LVL17
 1776 01c8 0500     		.2byte	0x5
 1777 01ca F3       		.byte	0xf3
 1778 01cb 01       		.uleb128 0x1
 1779 01cc 53       		.byte	0x53
 1780 01cd 23       		.byte	0x23
 1781 01ce 06       		.uleb128 0x6
 1782 01cf 00000000 		.4byte	0
 1783 01d3 00000000 		.4byte	0
 1784              	.LLST10:
 1785 01d7 18000000 		.4byte	.LVL4
 1786 01db 38000000 		.4byte	.LVL7
 1787 01df 0500     		.2byte	0x5
 1788 01e1 F3       		.byte	0xf3
 1789 01e2 01       		.uleb128 0x1
 1790 01e3 53       		.byte	0x53
 1791 01e4 23       		.byte	0x23
 1792 01e5 05       		.uleb128 0x5
 1793 01e6 8A000000 		.4byte	.LVL16
 1794 01ea 92000000 		.4byte	.LVL17
 1795 01ee 0500     		.2byte	0x5
 1796 01f0 F3       		.byte	0xf3
 1797 01f1 01       		.uleb128 0x1
 1798 01f2 53       		.byte	0x53
 1799 01f3 23       		.byte	0x23
 1800 01f4 05       		.uleb128 0x5
 1801 01f5 00000000 		.4byte	0
 1802 01f9 00000000 		.4byte	0
 1803              	.LLST11:
 1804 01fd 18000000 		.4byte	.LVL4
 1805 0201 32000000 		.4byte	.LVL6
 1806 0205 0200     		.2byte	0x2
 1807 0207 30       		.byte	0x30
 1808 0208 9F       		.byte	0x9f
 1809 0209 8A000000 		.4byte	.LVL16
 1810 020d 92000000 		.4byte	.LVL17
 1811 0211 0200     		.2byte	0x2
 1812 0213 30       		.byte	0x30
ARM GAS  C:\Users\info\AppData\Local\Temp\ccYopEai.s 			page 35


 1813 0214 9F       		.byte	0x9f
 1814 0215 92000000 		.4byte	.LVL17
 1815 0219 96000000 		.4byte	.LVL18
 1816 021d 0200     		.2byte	0x2
 1817 021f 31       		.byte	0x31
 1818 0220 9F       		.byte	0x9f
 1819 0221 96000000 		.4byte	.LVL18
 1820 0225 9A000000 		.4byte	.LVL19
 1821 0229 0200     		.2byte	0x2
 1822 022b 32       		.byte	0x32
 1823 022c 9F       		.byte	0x9f
 1824 022d 9A000000 		.4byte	.LVL19
 1825 0231 9E000000 		.4byte	.LVL20
 1826 0235 0200     		.2byte	0x2
 1827 0237 33       		.byte	0x33
 1828 0238 9F       		.byte	0x9f
 1829 0239 9E000000 		.4byte	.LVL20
 1830 023d A2000000 		.4byte	.LVL21
 1831 0241 0200     		.2byte	0x2
 1832 0243 34       		.byte	0x34
 1833 0244 9F       		.byte	0x9f
 1834 0245 A2000000 		.4byte	.LVL21
 1835 0249 A6000000 		.4byte	.LVL22
 1836 024d 0200     		.2byte	0x2
 1837 024f 35       		.byte	0x35
 1838 0250 9F       		.byte	0x9f
 1839 0251 A6000000 		.4byte	.LVL22
 1840 0255 AA000000 		.4byte	.LVL23
 1841 0259 0200     		.2byte	0x2
 1842 025b 36       		.byte	0x36
 1843 025c 9F       		.byte	0x9f
 1844 025d AA000000 		.4byte	.LVL23
 1845 0261 AE000000 		.4byte	.LVL25
 1846 0265 0200     		.2byte	0x2
 1847 0267 37       		.byte	0x37
 1848 0268 9F       		.byte	0x9f
 1849 0269 AE000000 		.4byte	.LVL25
 1850 026d B4000000 		.4byte	.LFE3
 1851 0271 0200     		.2byte	0x2
 1852 0273 38       		.byte	0x38
 1853 0274 9F       		.byte	0x9f
 1854 0275 00000000 		.4byte	0
 1855 0279 00000000 		.4byte	0
 1856              	.LLST12:
 1857 027d 4E000000 		.4byte	.LVL11
 1858 0281 62000000 		.4byte	.LVL12
 1859 0285 0200     		.2byte	0x2
 1860 0287 30       		.byte	0x30
 1861 0288 9F       		.byte	0x9f
 1862 0289 00000000 		.4byte	0
 1863 028d 00000000 		.4byte	0
 1864              	.LLST13:
 1865 0291 4E000000 		.4byte	.LVL11
 1866 0295 7A000000 		.4byte	.LVL14
 1867 0299 0100     		.2byte	0x1
 1868 029b 56       		.byte	0x56
 1869 029c 7A000000 		.4byte	.LVL14
ARM GAS  C:\Users\info\AppData\Local\Temp\ccYopEai.s 			page 36


 1870 02a0 80000000 		.4byte	.LVL15
 1871 02a4 0300     		.2byte	0x3
 1872 02a6 76       		.byte	0x76
 1873 02a7 7F       		.sleb128 -1
 1874 02a8 9F       		.byte	0x9f
 1875 02a9 80000000 		.4byte	.LVL15
 1876 02ad 8A000000 		.4byte	.LVL16
 1877 02b1 0100     		.2byte	0x1
 1878 02b3 56       		.byte	0x56
 1879 02b4 00000000 		.4byte	0
 1880 02b8 00000000 		.4byte	0
 1881              	.LLST14:
 1882 02bc 00000000 		.4byte	.LVL26
 1883 02c0 12000000 		.4byte	.LVL28
 1884 02c4 0100     		.2byte	0x1
 1885 02c6 50       		.byte	0x50
 1886 02c7 12000000 		.4byte	.LVL28
 1887 02cb 5C000000 		.4byte	.LFE1
 1888 02cf 0400     		.2byte	0x4
 1889 02d1 F3       		.byte	0xf3
 1890 02d2 01       		.uleb128 0x1
 1891 02d3 50       		.byte	0x50
 1892 02d4 9F       		.byte	0x9f
 1893 02d5 00000000 		.4byte	0
 1894 02d9 00000000 		.4byte	0
 1895              	.LLST15:
 1896 02dd 00000000 		.4byte	.LVL26
 1897 02e1 04000000 		.4byte	.LVL27
 1898 02e5 0100     		.2byte	0x1
 1899 02e7 51       		.byte	0x51
 1900 02e8 04000000 		.4byte	.LVL27
 1901 02ec 5C000000 		.4byte	.LFE1
 1902 02f0 0400     		.2byte	0x4
 1903 02f2 F3       		.byte	0xf3
 1904 02f3 01       		.uleb128 0x1
 1905 02f4 51       		.byte	0x51
 1906 02f5 9F       		.byte	0x9f
 1907 02f6 00000000 		.4byte	0
 1908 02fa 00000000 		.4byte	0
 1909              	.LLST16:
 1910 02fe 00000000 		.4byte	.LVL26
 1911 0302 52000000 		.4byte	.LVL38
 1912 0306 0100     		.2byte	0x1
 1913 0308 52       		.byte	0x52
 1914 0309 52000000 		.4byte	.LVL38
 1915 030d 5C000000 		.4byte	.LFE1
 1916 0311 0400     		.2byte	0x4
 1917 0313 F3       		.byte	0xf3
 1918 0314 01       		.uleb128 0x1
 1919 0315 52       		.byte	0x52
 1920 0316 9F       		.byte	0x9f
 1921 0317 00000000 		.4byte	0
 1922 031b 00000000 		.4byte	0
 1923              	.LLST17:
 1924 031f 00000000 		.4byte	.LVL26
 1925 0323 22000000 		.4byte	.LVL29
 1926 0327 0200     		.2byte	0x2
ARM GAS  C:\Users\info\AppData\Local\Temp\ccYopEai.s 			page 37


 1927 0329 30       		.byte	0x30
 1928 032a 9F       		.byte	0x9f
 1929 032b 30000000 		.4byte	.LVL30
 1930 032f 38000000 		.4byte	.LVL31
 1931 0333 0200     		.2byte	0x2
 1932 0335 30       		.byte	0x30
 1933 0336 9F       		.byte	0x9f
 1934 0337 38000000 		.4byte	.LVL31
 1935 033b 3C000000 		.4byte	.LVL32
 1936 033f 0200     		.2byte	0x2
 1937 0341 31       		.byte	0x31
 1938 0342 9F       		.byte	0x9f
 1939 0343 3C000000 		.4byte	.LVL32
 1940 0347 40000000 		.4byte	.LVL33
 1941 034b 0200     		.2byte	0x2
 1942 034d 32       		.byte	0x32
 1943 034e 9F       		.byte	0x9f
 1944 034f 40000000 		.4byte	.LVL33
 1945 0353 44000000 		.4byte	.LVL34
 1946 0357 0200     		.2byte	0x2
 1947 0359 33       		.byte	0x33
 1948 035a 9F       		.byte	0x9f
 1949 035b 44000000 		.4byte	.LVL34
 1950 035f 48000000 		.4byte	.LVL35
 1951 0363 0200     		.2byte	0x2
 1952 0365 34       		.byte	0x34
 1953 0366 9F       		.byte	0x9f
 1954 0367 48000000 		.4byte	.LVL35
 1955 036b 4C000000 		.4byte	.LVL36
 1956 036f 0200     		.2byte	0x2
 1957 0371 35       		.byte	0x35
 1958 0372 9F       		.byte	0x9f
 1959 0373 4C000000 		.4byte	.LVL36
 1960 0377 50000000 		.4byte	.LVL37
 1961 037b 0200     		.2byte	0x2
 1962 037d 36       		.byte	0x36
 1963 037e 9F       		.byte	0x9f
 1964 037f 50000000 		.4byte	.LVL37
 1965 0383 54000000 		.4byte	.LVL39
 1966 0387 0200     		.2byte	0x2
 1967 0389 37       		.byte	0x37
 1968 038a 9F       		.byte	0x9f
 1969 038b 54000000 		.4byte	.LVL39
 1970 038f 5C000000 		.4byte	.LFE1
 1971 0393 0200     		.2byte	0x2
 1972 0395 38       		.byte	0x38
 1973 0396 9F       		.byte	0x9f
 1974 0397 00000000 		.4byte	0
 1975 039b 00000000 		.4byte	0
 1976              	.LLST18:
 1977 039f 0C000000 		.4byte	.LVL41
 1978 03a3 20000000 		.4byte	.LVL42
 1979 03a7 0200     		.2byte	0x2
 1980 03a9 30       		.byte	0x30
 1981 03aa 9F       		.byte	0x9f
 1982 03ab 00000000 		.4byte	0
 1983 03af 00000000 		.4byte	0
ARM GAS  C:\Users\info\AppData\Local\Temp\ccYopEai.s 			page 38


 1984              	.LLST19:
 1985 03b3 00000000 		.4byte	.LVL40
 1986 03b7 0C000000 		.4byte	.LVL41
 1987 03bb 0200     		.2byte	0x2
 1988 03bd 30       		.byte	0x30
 1989 03be 9F       		.byte	0x9f
 1990 03bf 0C000000 		.4byte	.LVL41
 1991 03c3 38000000 		.4byte	.LVL44
 1992 03c7 0100     		.2byte	0x1
 1993 03c9 56       		.byte	0x56
 1994 03ca 38000000 		.4byte	.LVL44
 1995 03ce 3E000000 		.4byte	.LVL45
 1996 03d2 0300     		.2byte	0x3
 1997 03d4 76       		.byte	0x76
 1998 03d5 7F       		.sleb128 -1
 1999 03d6 9F       		.byte	0x9f
 2000 03d7 3E000000 		.4byte	.LVL45
 2001 03db 46000000 		.4byte	.LVL46
 2002 03df 0100     		.2byte	0x1
 2003 03e1 56       		.byte	0x56
 2004 03e2 00000000 		.4byte	0
 2005 03e6 00000000 		.4byte	0
 2006              	.LLST20:
 2007 03ea 00000000 		.4byte	.LVL47
 2008 03ee 07000000 		.4byte	.LVL48-1
 2009 03f2 0100     		.2byte	0x1
 2010 03f4 50       		.byte	0x50
 2011 03f5 07000000 		.4byte	.LVL48-1
 2012 03f9 0E000000 		.4byte	.LVL49
 2013 03fd 0100     		.2byte	0x1
 2014 03ff 54       		.byte	0x54
 2015 0400 0E000000 		.4byte	.LVL49
 2016 0404 14000000 		.4byte	.LFE4
 2017 0408 0400     		.2byte	0x4
 2018 040a F3       		.byte	0xf3
 2019 040b 01       		.uleb128 0x1
 2020 040c 50       		.byte	0x50
 2021 040d 9F       		.byte	0x9f
 2022 040e 00000000 		.4byte	0
 2023 0412 00000000 		.4byte	0
 2024              		.section	.debug_aranges,"",%progbits
 2025 0000 34000000 		.4byte	0x34
 2026 0004 0200     		.2byte	0x2
 2027 0006 00000000 		.4byte	.Ldebug_info0
 2028 000a 04       		.byte	0x4
 2029 000b 00       		.byte	0
 2030 000c 0000     		.2byte	0
 2031 000e 0000     		.2byte	0
 2032 0010 00000000 		.4byte	.LFB3
 2033 0014 B4000000 		.4byte	.LFE3-.LFB3
 2034 0018 00000000 		.4byte	.LFB1
 2035 001c 5C000000 		.4byte	.LFE1-.LFB1
 2036 0020 00000000 		.4byte	.LFB2
 2037 0024 4C000000 		.4byte	.LFE2-.LFB2
 2038 0028 00000000 		.4byte	.LFB4
 2039 002c 14000000 		.4byte	.LFE4-.LFB4
 2040 0030 00000000 		.4byte	0
ARM GAS  C:\Users\info\AppData\Local\Temp\ccYopEai.s 			page 39


 2041 0034 00000000 		.4byte	0
 2042              		.section	.debug_ranges,"",%progbits
 2043              	.Ldebug_ranges0:
 2044 0000 16000000 		.4byte	.LBB12
 2045 0004 3C000000 		.4byte	.LBE12
 2046 0008 8A000000 		.4byte	.LBB21
 2047 000c B4000000 		.4byte	.LBE21
 2048 0010 00000000 		.4byte	0
 2049 0014 00000000 		.4byte	0
 2050 0018 32000000 		.4byte	.LBB14
 2051 001c 3C000000 		.4byte	.LBE14
 2052 0020 8A000000 		.4byte	.LBB17
 2053 0024 B4000000 		.4byte	.LBE17
 2054 0028 00000000 		.4byte	0
 2055 002c 00000000 		.4byte	0
 2056 0030 00000000 		.4byte	.LFB3
 2057 0034 B4000000 		.4byte	.LFE3
 2058 0038 00000000 		.4byte	.LFB1
 2059 003c 5C000000 		.4byte	.LFE1
 2060 0040 00000000 		.4byte	.LFB2
 2061 0044 4C000000 		.4byte	.LFE2
 2062 0048 00000000 		.4byte	.LFB4
 2063 004c 14000000 		.4byte	.LFE4
 2064 0050 00000000 		.4byte	0
 2065 0054 00000000 		.4byte	0
 2066              		.section	.debug_line,"",%progbits
 2067              	.Ldebug_line0:
 2068 0000 DB010000 		.section	.debug_str,"MS",%progbits,1
 2068      02004E01 
 2068      00000201 
 2068      FB0E0D00 
 2068      01010101 
 2069              	.LASF44:
 2070 0000 72657365 		.ascii	"reset_pulse_width_ms\000"
 2070      745F7075 
 2070      6C73655F 
 2070      77696474 
 2070      685F6D73 
 2071              	.LASF78:
 2072 0015 75387838 		.ascii	"u8x8_SetupStdio\000"
 2072      5F536574 
 2072      75705374 
 2072      64696F00 
 2073              	.LASF3:
 2074 0025 5F5F7569 		.ascii	"__uint8_t\000"
 2074      6E74385F 
 2074      7400
 2075              	.LASF21:
 2076 002f 62797465 		.ascii	"byte_cb\000"
 2076      5F636200 
 2077              	.LASF60:
 2078 0037 75387838 		.ascii	"u8x8_tile_struct\000"
 2078      5F74696C 
 2078      655F7374 
 2078      72756374 
 2078      00
 2079              	.LASF10:
ARM GAS  C:\Users\info\AppData\Local\Temp\ccYopEai.s 			page 40


 2080 0048 6C6F6E67 		.ascii	"long long unsigned int\000"
 2080      206C6F6E 
 2080      6720756E 
 2080      7369676E 
 2080      65642069 
 2081              	.LASF45:
 2082 005f 706F7374 		.ascii	"post_reset_wait_ms\000"
 2082      5F726573 
 2082      65745F77 
 2082      6169745F 
 2082      6D7300
 2083              	.LASF31:
 2084 0072 75746638 		.ascii	"utf8_state\000"
 2084      5F737461 
 2084      746500
 2085              	.LASF32:
 2086 007d 6770696F 		.ascii	"gpio_result\000"
 2086      5F726573 
 2086      756C7400 
 2087              	.LASF9:
 2088 0089 6C6F6E67 		.ascii	"long long int\000"
 2088      206C6F6E 
 2088      6720696E 
 2088      7400
 2089              	.LASF0:
 2090 0097 7369676E 		.ascii	"signed char\000"
 2090      65642063 
 2090      68617200 
 2091              	.LASF27:
 2092 00a3 69735F66 		.ascii	"is_font_inverse_mode\000"
 2092      6F6E745F 
 2092      696E7665 
 2092      7273655F 
 2092      6D6F6465 
 2093              	.LASF19:
 2094 00b8 64697370 		.ascii	"display_cb\000"
 2094      6C61795F 
 2094      636200
 2095              	.LASF43:
 2096 00c3 7072655F 		.ascii	"pre_chip_disable_wait_ns\000"
 2096      63686970 
 2096      5F646973 
 2096      61626C65 
 2096      5F776169 
 2097              	.LASF6:
 2098 00dc 6C6F6E67 		.ascii	"long int\000"
 2098      20696E74 
 2098      00
 2099              	.LASF80:
 2100 00e5 70757463 		.ascii	"putchar\000"
 2100      68617200 
 2101              	.LASF13:
 2102 00ed 75696E74 		.ascii	"uint16_t\000"
 2102      31365F74 
 2102      00
 2103              	.LASF18:
 2104 00f6 6E657874 		.ascii	"next_cb\000"
ARM GAS  C:\Users\info\AppData\Local\Temp\ccYopEai.s 			page 41


 2104      5F636200 
 2105              	.LASF65:
 2106 00fe 75387838 		.ascii	"u8x8_char_cb\000"
 2106      5F636861 
 2106      725F6362 
 2106      00
 2107              	.LASF22:
 2108 010b 6770696F 		.ascii	"gpio_and_delay_cb\000"
 2108      5F616E64 
 2108      5F64656C 
 2108      61795F63 
 2108      6200
 2109              	.LASF37:
 2110 011d 75387838 		.ascii	"u8x8_display_info_t\000"
 2110      5F646973 
 2110      706C6179 
 2110      5F696E66 
 2110      6F5F7400 
 2111              	.LASF7:
 2112 0131 5F5F7569 		.ascii	"__uint32_t\000"
 2112      6E743332 
 2112      5F7400
 2113              	.LASF46:
 2114 013c 7364615F 		.ascii	"sda_setup_time_ns\000"
 2114      73657475 
 2114      705F7469 
 2114      6D655F6E 
 2114      7300
 2115              	.LASF62:
 2116 014e 785F706F 		.ascii	"x_pos\000"
 2116      7300
 2117              	.LASF59:
 2118 0154 75387838 		.ascii	"u8x8_tile_t\000"
 2118      5F74696C 
 2118      655F7400 
 2119              	.LASF82:
 2120 0160 75387838 		.ascii	"u8x8_SetupDefaults\000"
 2120      5F536574 
 2120      75704465 
 2120      6661756C 
 2120      747300
 2121              	.LASF36:
 2122 0173 6465626F 		.ascii	"debounce_result_msg\000"
 2122      756E6365 
 2122      5F726573 
 2122      756C745F 
 2122      6D736700 
 2123              	.LASF11:
 2124 0187 756E7369 		.ascii	"unsigned int\000"
 2124      676E6564 
 2124      20696E74 
 2124      00
 2125              	.LASF70:
 2126 0194 6172675F 		.ascii	"arg_int\000"
 2126      696E7400 
 2127              	.LASF28:
 2128 019c 6932635F 		.ascii	"i2c_address\000"
ARM GAS  C:\Users\info\AppData\Local\Temp\ccYopEai.s 			page 42


 2128      61646472 
 2128      65737300 
 2129              	.LASF8:
 2130 01a8 6C6F6E67 		.ascii	"long unsigned int\000"
 2130      20756E73 
 2130      69676E65 
 2130      6420696E 
 2130      7400
 2131              	.LASF81:
 2132 01ba 5F5F6275 		.ascii	"__builtin_putchar\000"
 2132      696C7469 
 2132      6E5F7075 
 2132      74636861 
 2132      7200
 2133              	.LASF5:
 2134 01cc 73686F72 		.ascii	"short unsigned int\000"
 2134      7420756E 
 2134      7369676E 
 2134      65642069 
 2134      6E7400
 2135              	.LASF73:
 2136 01df 6269746D 		.ascii	"bitmap_show\000"
 2136      61705F73 
 2136      686F7700 
 2137              	.LASF34:
 2138 01eb 6465626F 		.ascii	"debounce_last_pin_state\000"
 2138      756E6365 
 2138      5F6C6173 
 2138      745F7069 
 2138      6E5F7374 
 2139              	.LASF17:
 2140 0203 64697370 		.ascii	"display_info\000"
 2140      6C61795F 
 2140      696E666F 
 2140      00
 2141              	.LASF68:
 2142 0210 74696C65 		.ascii	"tile\000"
 2142      00
 2143              	.LASF47:
 2144 0215 73636B5F 		.ascii	"sck_pulse_width_ns\000"
 2144      70756C73 
 2144      655F7769 
 2144      6474685F 
 2144      6E7300
 2145              	.LASF38:
 2146 0228 75387838 		.ascii	"u8x8_struct\000"
 2146      5F737472 
 2146      75637400 
 2147              	.LASF55:
 2148 0234 64656661 		.ascii	"default_x_offset\000"
 2148      756C745F 
 2148      785F6F66 
 2148      66736574 
 2148      00
 2149              	.LASF25:
 2150 0245 656E636F 		.ascii	"encoding\000"
 2150      64696E67 
ARM GAS  C:\Users\info\AppData\Local\Temp\ccYopEai.s 			page 43


 2150      00
 2151              	.LASF56:
 2152 024e 666C6970 		.ascii	"flipmode_x_offset\000"
 2152      6D6F6465 
 2152      5F785F6F 
 2152      66667365 
 2152      7400
 2153              	.LASF66:
 2154 0260 73697A65 		.ascii	"sizetype\000"
 2154      74797065 
 2154      00
 2155              	.LASF15:
 2156 0269 6C6F6E67 		.ascii	"long double\000"
 2156      20646F75 
 2156      626C6500 
 2157              	.LASF20:
 2158 0275 6361645F 		.ascii	"cad_cb\000"
 2158      636200
 2159              	.LASF52:
 2160 027c 77726974 		.ascii	"write_pulse_width_ns\000"
 2160      655F7075 
 2160      6C73655F 
 2160      77696474 
 2160      685F6E73 
 2161              	.LASF30:
 2162 0291 64657669 		.ascii	"device_address\000"
 2162      63655F61 
 2162      64647265 
 2162      737300
 2163              	.LASF26:
 2164 02a0 785F6F66 		.ascii	"x_offset\000"
 2164      66736574 
 2164      00
 2165              	.LASF54:
 2166 02a9 74696C65 		.ascii	"tile_height\000"
 2166      5F686569 
 2166      67687400 
 2167              	.LASF64:
 2168 02b5 75387838 		.ascii	"u8x8_msg_cb\000"
 2168      5F6D7367 
 2168      5F636200 
 2169              	.LASF1:
 2170 02c1 756E7369 		.ascii	"unsigned char\000"
 2170      676E6564 
 2170      20636861 
 2170      7200
 2171              	.LASF2:
 2172 02cf 73686F72 		.ascii	"short int\000"
 2172      7420696E 
 2172      7400
 2173              	.LASF69:
 2174 02d9 75387838 		.ascii	"u8x8\000"
 2174      00
 2175              	.LASF72:
 2176 02de 6269746D 		.ascii	"bitmap_place_tile\000"
 2176      61705F70 
 2176      6C616365 
ARM GAS  C:\Users\info\AppData\Local\Temp\ccYopEai.s 			page 44


 2176      5F74696C 
 2176      6500
 2177              	.LASF51:
 2178 02f0 64617461 		.ascii	"data_setup_time_ns\000"
 2178      5F736574 
 2178      75705F74 
 2178      696D655F 
 2178      6E7300
 2179              	.LASF76:
 2180 0303 433A5C55 		.ascii	"C:\\Users\\info\\Desktop\\Spring 2019 Classes\\6.11"
 2180      73657273 
 2180      5C696E66 
 2180      6F5C4465 
 2180      736B746F 
 2181 0331 355C362E 		.ascii	"5\\6.115-final\\PSoCCreator\\Final Project\\FinalEm"
 2181      3131352D 
 2181      66696E61 
 2181      6C5C5053 
 2181      6F434372 
 2182 0360 756C6174 		.ascii	"ulator.cydsn\000"
 2182      6F722E63 
 2182      7964736E 
 2182      00
 2183              	.LASF50:
 2184 036d 6932635F 		.ascii	"i2c_bus_clock_100kHz\000"
 2184      6275735F 
 2184      636C6F63 
 2184      6B5F3130 
 2184      306B487A 
 2185              	.LASF14:
 2186 0382 75696E74 		.ascii	"uint32_t\000"
 2186      33325F74 
 2186      00
 2187              	.LASF49:
 2188 038b 7370695F 		.ascii	"spi_mode\000"
 2188      6D6F6465 
 2188      00
 2189              	.LASF40:
 2190 0394 63686970 		.ascii	"chip_enable_level\000"
 2190      5F656E61 
 2190      626C655F 
 2190      6C657665 
 2190      6C00
 2191              	.LASF77:
 2192 03a6 75387838 		.ascii	"u8x8_d_stdio\000"
 2192      5F645F73 
 2192      7464696F 
 2192      00
 2193              	.LASF74:
 2194 03b3 474E5520 		.ascii	"GNU C11 5.4.1 20160609 (release) [ARM/embedded-5-br"
 2194      43313120 
 2194      352E342E 
 2194      31203230 
 2194      31363036 
 2195 03e6 616E6368 		.ascii	"anch revision 237715] -mcpu=cortex-m3 -mthumb -g -O"
 2195      20726576 
 2195      6973696F 
ARM GAS  C:\Users\info\AppData\Local\Temp\ccYopEai.s 			page 45


 2195      6E203233 
 2195      37373135 
 2196 0419 33202D66 		.ascii	"3 -ffunction-sections -ffat-lto-objects\000"
 2196      66756E63 
 2196      74696F6E 
 2196      2D736563 
 2196      74696F6E 
 2197              	.LASF67:
 2198 0441 63686172 		.ascii	"char\000"
 2198      00
 2199              	.LASF61:
 2200 0446 74696C65 		.ascii	"tile_ptr\000"
 2200      5F707472 
 2200      00
 2201              	.LASF4:
 2202 044f 5F5F7569 		.ascii	"__uint16_t\000"
 2202      6E743136 
 2202      5F7400
 2203              	.LASF42:
 2204 045a 706F7374 		.ascii	"post_chip_enable_wait_ns\000"
 2204      5F636869 
 2204      705F656E 
 2204      61626C65 
 2204      5F776169 
 2205              	.LASF75:
 2206 0473 2E2E5C75 		.ascii	"..\\u8g2-master\\csrc\\u8x8_d_stdio.c\000"
 2206      3867322D 
 2206      6D617374 
 2206      65725C63 
 2206      7372635C 
 2207              	.LASF16:
 2208 0496 75387838 		.ascii	"u8x8_t\000"
 2208      5F7400
 2209              	.LASF23:
 2210 049d 6275735F 		.ascii	"bus_clock\000"
 2210      636C6F63 
 2210      6B00
 2211              	.LASF35:
 2212 04a7 6465626F 		.ascii	"debounce_state\000"
 2212      756E6365 
 2212      5F737461 
 2212      746500
 2213              	.LASF71:
 2214 04b6 6172675F 		.ascii	"arg_ptr\000"
 2214      70747200 
 2215              	.LASF41:
 2216 04be 63686970 		.ascii	"chip_disable_level\000"
 2216      5F646973 
 2216      61626C65 
 2216      5F6C6576 
 2216      656C00
 2217              	.LASF24:
 2218 04d1 666F6E74 		.ascii	"font\000"
 2218      00
 2219              	.LASF12:
 2220 04d6 75696E74 		.ascii	"uint8_t\000"
 2220      385F7400 
ARM GAS  C:\Users\info\AppData\Local\Temp\ccYopEai.s 			page 46


 2221              	.LASF29:
 2222 04de 6932635F 		.ascii	"i2c_started\000"
 2222      73746172 
 2222      74656400 
 2223              	.LASF57:
 2224 04ea 70697865 		.ascii	"pixel_width\000"
 2224      6C5F7769 
 2224      64746800 
 2225              	.LASF79:
 2226 04f6 6269746D 		.ascii	"bitmap\000"
 2226      617000
 2227              	.LASF53:
 2228 04fd 74696C65 		.ascii	"tile_width\000"
 2228      5F776964 
 2228      746800
 2229              	.LASF33:
 2230 0508 6465626F 		.ascii	"debounce_default_pin_state\000"
 2230      756E6365 
 2230      5F646566 
 2230      61756C74 
 2230      5F70696E 
 2231              	.LASF63:
 2232 0523 795F706F 		.ascii	"y_pos\000"
 2232      7300
 2233              	.LASF39:
 2234 0529 75387838 		.ascii	"u8x8_display_info_struct\000"
 2234      5F646973 
 2234      706C6179 
 2234      5F696E66 
 2234      6F5F7374 
 2235              	.LASF58:
 2236 0542 70697865 		.ascii	"pixel_height\000"
 2236      6C5F6865 
 2236      69676874 
 2236      00
 2237              	.LASF48:
 2238 054f 73636B5F 		.ascii	"sck_clock_hz\000"
 2238      636C6F63 
 2238      6B5F687A 
 2238      00
 2239              		.ident	"GCC: (GNU Tools for ARM Embedded Processors) 5.4.1 20160609 (release) [ARM/embedded-5-bran
