ARM GAS  C:\Users\info\AppData\Local\Temp\cc5PelNN.s 			page 1


   1              		.syntax unified
   2              		.cpu cortex-m3
   3              		.fpu softvfp
   4              		.eabi_attribute 20, 1
   5              		.eabi_attribute 21, 1
   6              		.eabi_attribute 23, 3
   7              		.eabi_attribute 24, 1
   8              		.eabi_attribute 25, 1
   9              		.eabi_attribute 26, 1
  10              		.eabi_attribute 30, 2
  11              		.eabi_attribute 34, 1
  12              		.eabi_attribute 18, 4
  13              		.thumb
  14              		.syntax unified
  15              		.file	"u8x8_debounce.c"
  16              		.text
  17              	.Ltext0:
  18              		.cfi_sections	.debug_frame
  19              		.section	.text.u8x8_GetMenuEvent,"ax",%progbits
  20              		.align	2
  21              		.weak	u8x8_GetMenuEvent
  22              		.thumb
  23              		.thumb_func
  24              		.type	u8x8_GetMenuEvent, %function
  25              	u8x8_GetMenuEvent:
  26              	.LFB2:
  27              		.file 1 "..\\u8g2-master\\csrc\\u8x8_debounce.c"
   1:..\u8g2-master\csrc/u8x8_debounce.c **** /*
   2:..\u8g2-master\csrc/u8x8_debounce.c **** 
   3:..\u8g2-master\csrc/u8x8_debounce.c ****   u8x8_debounce.c
   4:..\u8g2-master\csrc/u8x8_debounce.c ****   
   5:..\u8g2-master\csrc/u8x8_debounce.c ****   Key/button simple debounce algorithm (Addon for u8x8)
   6:..\u8g2-master\csrc/u8x8_debounce.c ****   
   7:..\u8g2-master\csrc/u8x8_debounce.c ****   Universal 8bit Graphics Library (https://github.com/olikraus/u8g2/)
   8:..\u8g2-master\csrc/u8x8_debounce.c **** 
   9:..\u8g2-master\csrc/u8x8_debounce.c ****   Copyright (c) 2016, olikraus@gmail.com
  10:..\u8g2-master\csrc/u8x8_debounce.c ****   All rights reserved.
  11:..\u8g2-master\csrc/u8x8_debounce.c **** 
  12:..\u8g2-master\csrc/u8x8_debounce.c ****   Redistribution and use in source and binary forms, with or without modification, 
  13:..\u8g2-master\csrc/u8x8_debounce.c ****   are permitted provided that the following conditions are met:
  14:..\u8g2-master\csrc/u8x8_debounce.c **** 
  15:..\u8g2-master\csrc/u8x8_debounce.c ****   * Redistributions of source code must retain the above copyright notice, this list 
  16:..\u8g2-master\csrc/u8x8_debounce.c ****     of conditions and the following disclaimer.
  17:..\u8g2-master\csrc/u8x8_debounce.c ****     
  18:..\u8g2-master\csrc/u8x8_debounce.c ****   * Redistributions in binary form must reproduce the above copyright notice, this 
  19:..\u8g2-master\csrc/u8x8_debounce.c ****     list of conditions and the following disclaimer in the documentation and/or other 
  20:..\u8g2-master\csrc/u8x8_debounce.c ****     materials provided with the distribution.
  21:..\u8g2-master\csrc/u8x8_debounce.c **** 
  22:..\u8g2-master\csrc/u8x8_debounce.c ****   THIS SOFTWARE IS PROVIDED BY THE COPYRIGHT HOLDERS AND 
  23:..\u8g2-master\csrc/u8x8_debounce.c ****   CONTRIBUTORS "AS IS" AND ANY EXPRESS OR IMPLIED WARRANTIES, 
  24:..\u8g2-master\csrc/u8x8_debounce.c ****   INCLUDING, BUT NOT LIMITED TO, THE IMPLIED WARRANTIES OF 
  25:..\u8g2-master\csrc/u8x8_debounce.c ****   MERCHANTABILITY AND FITNESS FOR A PARTICULAR PURPOSE ARE 
  26:..\u8g2-master\csrc/u8x8_debounce.c ****   DISCLAIMED. IN NO EVENT SHALL THE COPYRIGHT HOLDER OR 
  27:..\u8g2-master\csrc/u8x8_debounce.c ****   CONTRIBUTORS BE LIABLE FOR ANY DIRECT, INDIRECT, INCIDENTAL, 
  28:..\u8g2-master\csrc/u8x8_debounce.c ****   SPECIAL, EXEMPLARY, OR CONSEQUENTIAL DAMAGES (INCLUDING, BUT 
  29:..\u8g2-master\csrc/u8x8_debounce.c ****   NOT LIMITED TO, PROCUREMENT OF SUBSTITUTE GOODS OR SERVICES; 
  30:..\u8g2-master\csrc/u8x8_debounce.c ****   LOSS OF USE, DATA, OR PROFITS; OR BUSINESS INTERRUPTION) HOWEVER 
ARM GAS  C:\Users\info\AppData\Local\Temp\cc5PelNN.s 			page 2


  31:..\u8g2-master\csrc/u8x8_debounce.c ****   CAUSED AND ON ANY THEORY OF LIABILITY, WHETHER IN CONTRACT, 
  32:..\u8g2-master\csrc/u8x8_debounce.c ****   STRICT LIABILITY, OR TORT (INCLUDING NEGLIGENCE OR OTHERWISE) 
  33:..\u8g2-master\csrc/u8x8_debounce.c ****   ARISING IN ANY WAY OUT OF THE USE OF THIS SOFTWARE, EVEN IF 
  34:..\u8g2-master\csrc/u8x8_debounce.c ****   ADVISED OF THE POSSIBILITY OF SUCH DAMAGE.  
  35:..\u8g2-master\csrc/u8x8_debounce.c ****   
  36:..\u8g2-master\csrc/u8x8_debounce.c **** */
  37:..\u8g2-master\csrc/u8x8_debounce.c **** 
  38:..\u8g2-master\csrc/u8x8_debounce.c **** #include "u8x8.h"
  39:..\u8g2-master\csrc/u8x8_debounce.c **** 
  40:..\u8g2-master\csrc/u8x8_debounce.c **** static uint8_t u8x8_read_pin_state(u8x8_t *u8x8)
  41:..\u8g2-master\csrc/u8x8_debounce.c **** {
  42:..\u8g2-master\csrc/u8x8_debounce.c ****   uint8_t i;
  43:..\u8g2-master\csrc/u8x8_debounce.c ****   uint8_t pin_state;
  44:..\u8g2-master\csrc/u8x8_debounce.c ****   
  45:..\u8g2-master\csrc/u8x8_debounce.c ****   pin_state = 255;	/* be compatible with the setup of the default pin setup, which is 255 */
  46:..\u8g2-master\csrc/u8x8_debounce.c ****   for( i = 0; i < U8X8_PIN_INPUT_CNT; i++ )
  47:..\u8g2-master\csrc/u8x8_debounce.c ****   {
  48:..\u8g2-master\csrc/u8x8_debounce.c ****     pin_state <<= 1;
  49:..\u8g2-master\csrc/u8x8_debounce.c ****     
  50:..\u8g2-master\csrc/u8x8_debounce.c ****     /* the callback function should put the return value into this variable */
  51:..\u8g2-master\csrc/u8x8_debounce.c ****     u8x8->gpio_result = 1;
  52:..\u8g2-master\csrc/u8x8_debounce.c ****     u8x8_gpio_call(u8x8, U8X8_MSG_GPIO(i+U8X8_PIN_OUTPUT_CNT), 0);
  53:..\u8g2-master\csrc/u8x8_debounce.c ****     pin_state |= u8x8->gpio_result & 1;
  54:..\u8g2-master\csrc/u8x8_debounce.c ****   }
  55:..\u8g2-master\csrc/u8x8_debounce.c ****   
  56:..\u8g2-master\csrc/u8x8_debounce.c ****   return pin_state;
  57:..\u8g2-master\csrc/u8x8_debounce.c **** }
  58:..\u8g2-master\csrc/u8x8_debounce.c **** 
  59:..\u8g2-master\csrc/u8x8_debounce.c **** /*
  60:..\u8g2-master\csrc/u8x8_debounce.c ****   return 0 to U8X8_PIN_INPUT_CNT-1 if there is a difference
  61:..\u8g2-master\csrc/u8x8_debounce.c ****   return U8X8_PIN_INPUT_CNT if there is no difference
  62:..\u8g2-master\csrc/u8x8_debounce.c **** */
  63:..\u8g2-master\csrc/u8x8_debounce.c **** static uint8_t u8x8_find_first_diff(uint8_t a, uint8_t b)
  64:..\u8g2-master\csrc/u8x8_debounce.c **** {
  65:..\u8g2-master\csrc/u8x8_debounce.c ****   uint8_t mask;
  66:..\u8g2-master\csrc/u8x8_debounce.c ****   uint8_t i;
  67:..\u8g2-master\csrc/u8x8_debounce.c ****   mask = 1;
  68:..\u8g2-master\csrc/u8x8_debounce.c ****   i = U8X8_PIN_INPUT_CNT;
  69:..\u8g2-master\csrc/u8x8_debounce.c ****   do
  70:..\u8g2-master\csrc/u8x8_debounce.c ****   {
  71:..\u8g2-master\csrc/u8x8_debounce.c ****     i--;
  72:..\u8g2-master\csrc/u8x8_debounce.c ****     if ( (a & mask) != (b & mask) )
  73:..\u8g2-master\csrc/u8x8_debounce.c ****       return i;
  74:..\u8g2-master\csrc/u8x8_debounce.c ****     mask <<= 1;
  75:..\u8g2-master\csrc/u8x8_debounce.c ****   } while( i > 0 );
  76:..\u8g2-master\csrc/u8x8_debounce.c ****   return U8X8_PIN_INPUT_CNT;
  77:..\u8g2-master\csrc/u8x8_debounce.c **** }
  78:..\u8g2-master\csrc/u8x8_debounce.c **** 
  79:..\u8g2-master\csrc/u8x8_debounce.c **** /*
  80:..\u8g2-master\csrc/u8x8_debounce.c ****   State A:
  81:..\u8g2-master\csrc/u8x8_debounce.c ****     u8x8->debounce_last_pin_state == current_state 
  82:..\u8g2-master\csrc/u8x8_debounce.c ****       --> State A
  83:..\u8g2-master\csrc/u8x8_debounce.c ****     u8x8->debounce_last_pin_state != current_state 
  84:..\u8g2-master\csrc/u8x8_debounce.c ****       --> u8x8->debounce_last_pin_state = current_state 
  85:..\u8g2-master\csrc/u8x8_debounce.c ****       --> State B + cnt
  86:..\u8g2-master\csrc/u8x8_debounce.c **** 
  87:..\u8g2-master\csrc/u8x8_debounce.c ****   State B + cnt
ARM GAS  C:\Users\info\AppData\Local\Temp\cc5PelNN.s 			page 3


  88:..\u8g2-master\csrc/u8x8_debounce.c ****     --> state--
  89:..\u8g2-master\csrc/u8x8_debounce.c **** 
  90:..\u8g2-master\csrc/u8x8_debounce.c ****   State B
  91:..\u8g2-master\csrc/u8x8_debounce.c ****     u8x8->debounce_last_pin_state == current_state 
  92:..\u8g2-master\csrc/u8x8_debounce.c ****       --> keypress detected
  93:..\u8g2-master\csrc/u8x8_debounce.c ****       --> State C
  94:..\u8g2-master\csrc/u8x8_debounce.c ****     u8x8->debounce_last_pin_state != current_state 
  95:..\u8g2-master\csrc/u8x8_debounce.c ****       --> State A
  96:..\u8g2-master\csrc/u8x8_debounce.c **** 
  97:..\u8g2-master\csrc/u8x8_debounce.c ****   State C
  98:..\u8g2-master\csrc/u8x8_debounce.c ****     u8x8->debounce_last_pin_state == current_state 
  99:..\u8g2-master\csrc/u8x8_debounce.c ****       --> State C
 100:..\u8g2-master\csrc/u8x8_debounce.c ****     u8x8->debounce_last_pin_state != current_state 
 101:..\u8g2-master\csrc/u8x8_debounce.c ****       --> State A
 102:..\u8g2-master\csrc/u8x8_debounce.c **** 
 103:..\u8g2-master\csrc/u8x8_debounce.c **** */
 104:..\u8g2-master\csrc/u8x8_debounce.c **** 
 105:..\u8g2-master\csrc/u8x8_debounce.c **** #ifdef __unix__xxxxxx_THIS_IS_DISABLED
 106:..\u8g2-master\csrc/u8x8_debounce.c **** 
 107:..\u8g2-master\csrc/u8x8_debounce.c **** #include <stdio.h>
 108:..\u8g2-master\csrc/u8x8_debounce.c **** #include <stdlib.h>
 109:..\u8g2-master\csrc/u8x8_debounce.c **** uint8_t u8x8_GetMenuEvent(u8x8_t *u8x8)
 110:..\u8g2-master\csrc/u8x8_debounce.c **** {
 111:..\u8g2-master\csrc/u8x8_debounce.c ****     int c;
 112:..\u8g2-master\csrc/u8x8_debounce.c ****     c = getc(stdin);
 113:..\u8g2-master\csrc/u8x8_debounce.c ****     switch(c)
 114:..\u8g2-master\csrc/u8x8_debounce.c ****     {
 115:..\u8g2-master\csrc/u8x8_debounce.c ****         case 'n':
 116:..\u8g2-master\csrc/u8x8_debounce.c ****             return  U8X8_MSG_GPIO_MENU_NEXT;
 117:..\u8g2-master\csrc/u8x8_debounce.c ****         case 'p':
 118:..\u8g2-master\csrc/u8x8_debounce.c ****             return  U8X8_MSG_GPIO_MENU_PREV;
 119:..\u8g2-master\csrc/u8x8_debounce.c ****         case 's':
 120:..\u8g2-master\csrc/u8x8_debounce.c ****             return  U8X8_MSG_GPIO_MENU_SELECT;
 121:..\u8g2-master\csrc/u8x8_debounce.c ****         case 'h':
 122:..\u8g2-master\csrc/u8x8_debounce.c ****             return  U8X8_MSG_GPIO_MENU_HOME;
 123:..\u8g2-master\csrc/u8x8_debounce.c ****         case 'x':
 124:..\u8g2-master\csrc/u8x8_debounce.c ****             exit(0);
 125:..\u8g2-master\csrc/u8x8_debounce.c ****         default:
 126:..\u8g2-master\csrc/u8x8_debounce.c ****             puts("press n, p, s, h or x");
 127:..\u8g2-master\csrc/u8x8_debounce.c ****             break;
 128:..\u8g2-master\csrc/u8x8_debounce.c ****     }
 129:..\u8g2-master\csrc/u8x8_debounce.c ****     return 0;
 130:..\u8g2-master\csrc/u8x8_debounce.c **** }
 131:..\u8g2-master\csrc/u8x8_debounce.c **** 
 132:..\u8g2-master\csrc/u8x8_debounce.c **** 
 133:..\u8g2-master\csrc/u8x8_debounce.c **** #else  /* __unix__ */
 134:..\u8g2-master\csrc/u8x8_debounce.c **** 
 135:..\u8g2-master\csrc/u8x8_debounce.c **** 
 136:..\u8g2-master\csrc/u8x8_debounce.c **** #define U8X8_DEBOUNCE_WAIT 2
 137:..\u8g2-master\csrc/u8x8_debounce.c **** /* do debounce and return a GPIO msg which indicates the event */
 138:..\u8g2-master\csrc/u8x8_debounce.c **** /* returns 0, if there is no event */
 139:..\u8g2-master\csrc/u8x8_debounce.c **** #if defined(__GNUC__) && !defined(__CYGWIN__)
 140:..\u8g2-master\csrc/u8x8_debounce.c **** # pragma weak  u8x8_GetMenuEvent
 141:..\u8g2-master\csrc/u8x8_debounce.c **** #endif
 142:..\u8g2-master\csrc/u8x8_debounce.c **** uint8_t u8x8_GetMenuEvent(u8x8_t *u8x8)
 143:..\u8g2-master\csrc/u8x8_debounce.c **** {
  28              		.loc 1 143 0
ARM GAS  C:\Users\info\AppData\Local\Temp\cc5PelNN.s 			page 4


  29              		.cfi_startproc
  30              		@ args = 0, pretend = 0, frame = 0
  31              		@ frame_needed = 0, uses_anonymous_args = 0
  32              	.LVL0:
  33 0000 F8B5     		push	{r3, r4, r5, r6, r7, lr}
  34              		.cfi_def_cfa_offset 24
  35              		.cfi_offset 3, -24
  36              		.cfi_offset 4, -20
  37              		.cfi_offset 5, -16
  38              		.cfi_offset 6, -12
  39              		.cfi_offset 7, -8
  40              		.cfi_offset 14, -4
  41              		.loc 1 143 0
  42 0002 0546     		mov	r5, r0
  43              	.LVL1:
  44 0004 5024     		movs	r4, #80
  45              	.LBB8:
  46              	.LBB9:
  45:..\u8g2-master\csrc/u8x8_debounce.c ****   for( i = 0; i < U8X8_PIN_INPUT_CNT; i++ )
  47              		.loc 1 45 0
  48 0006 FF26     		movs	r6, #255
  51:..\u8g2-master\csrc/u8x8_debounce.c ****     u8x8_gpio_call(u8x8, U8X8_MSG_GPIO(i+U8X8_PIN_OUTPUT_CNT), 0);
  49              		.loc 1 51 0
  50 0008 0127     		movs	r7, #1
  51              	.LVL2:
  52              	.L2:
  52:..\u8g2-master\csrc/u8x8_debounce.c ****     pin_state |= u8x8->gpio_result & 1;
  53              		.loc 1 52 0
  54 000a 0022     		movs	r2, #0
  55 000c 2146     		mov	r1, r4
  51:..\u8g2-master\csrc/u8x8_debounce.c ****     u8x8_gpio_call(u8x8, U8X8_MSG_GPIO(i+U8X8_PIN_OUTPUT_CNT), 0);
  56              		.loc 1 51 0
  57 000e 85F82870 		strb	r7, [r5, #40]
  52:..\u8g2-master\csrc/u8x8_debounce.c ****     pin_state |= u8x8->gpio_result & 1;
  58              		.loc 1 52 0
  59 0012 2846     		mov	r0, r5
  60 0014 FFF7FEFF 		bl	u8x8_gpio_call
  61              	.LVL3:
  53:..\u8g2-master\csrc/u8x8_debounce.c ****   }
  62              		.loc 1 53 0
  63 0018 95F82820 		ldrb	r2, [r5, #40]	@ zero_extendqisi2
  64 001c 0134     		adds	r4, r4, #1
  65              	.LVL4:
  66 001e 02F00102 		and	r2, r2, #1
  67 0022 E4B2     		uxtb	r4, r4
  68 0024 42EA4603 		orr	r3, r2, r6, lsl #1
  46:..\u8g2-master\csrc/u8x8_debounce.c ****   {
  69              		.loc 1 46 0
  70 0028 562C     		cmp	r4, #86
  53:..\u8g2-master\csrc/u8x8_debounce.c ****   }
  71              		.loc 1 53 0
  72 002a DEB2     		uxtb	r6, r3
  73              	.LVL5:
  46:..\u8g2-master\csrc/u8x8_debounce.c ****   {
  74              		.loc 1 46 0
  75 002c EDD1     		bne	.L2
  76              	.LVL6:
ARM GAS  C:\Users\info\AppData\Local\Temp\cc5PelNN.s 			page 5


  77              	.LBE9:
  78              	.LBE8:
 144:..\u8g2-master\csrc/u8x8_debounce.c ****   uint8_t pin_state;
 145:..\u8g2-master\csrc/u8x8_debounce.c ****   uint8_t result_msg = 0;	/* invalid message, no event */
 146:..\u8g2-master\csrc/u8x8_debounce.c ****   
 147:..\u8g2-master\csrc/u8x8_debounce.c ****   pin_state = u8x8_read_pin_state(u8x8);
 148:..\u8g2-master\csrc/u8x8_debounce.c ****   
 149:..\u8g2-master\csrc/u8x8_debounce.c ****   /* States A, B, C & D are encoded in the upper 4 bit*/
 150:..\u8g2-master\csrc/u8x8_debounce.c ****   switch(u8x8->debounce_state)
  79              		.loc 1 150 0
  80 002e 95F82B00 		ldrb	r0, [r5, #43]	@ zero_extendqisi2
  81 0032 1028     		cmp	r0, #16
  82 0034 20D0     		beq	.L4
  83 0036 11D9     		bls	.L25
  84 0038 2028     		cmp	r0, #32
  85 003a 07D0     		beq	.L7
  86 003c 3028     		cmp	r0, #48
  87 003e 16D1     		bne	.L3
 151:..\u8g2-master\csrc/u8x8_debounce.c ****   {
 152:..\u8g2-master\csrc/u8x8_debounce.c ****     case 0x00:	/* State A, default state */
 153:..\u8g2-master\csrc/u8x8_debounce.c ****       if ( u8x8->debounce_default_pin_state != pin_state )
 154:..\u8g2-master\csrc/u8x8_debounce.c ****       {
 155:..\u8g2-master\csrc/u8x8_debounce.c **** 	//u8x8->debounce_last_pin_state = pin_state;
 156:..\u8g2-master\csrc/u8x8_debounce.c **** 	u8x8->debounce_state = 0x010 + U8X8_DEBOUNCE_WAIT;
 157:..\u8g2-master\csrc/u8x8_debounce.c ****       }
 158:..\u8g2-master\csrc/u8x8_debounce.c ****       break;
 159:..\u8g2-master\csrc/u8x8_debounce.c ****     case 0x10:	/* State B */
 160:..\u8g2-master\csrc/u8x8_debounce.c ****       //if ( u8x8->debounce_last_pin_state != pin_state )
 161:..\u8g2-master\csrc/u8x8_debounce.c ****       if ( u8x8->debounce_default_pin_state == pin_state )
 162:..\u8g2-master\csrc/u8x8_debounce.c ****       {
 163:..\u8g2-master\csrc/u8x8_debounce.c **** 	u8x8->debounce_state = 0x00;	/* back to state A */
 164:..\u8g2-master\csrc/u8x8_debounce.c ****       }
 165:..\u8g2-master\csrc/u8x8_debounce.c ****       else
 166:..\u8g2-master\csrc/u8x8_debounce.c ****       {
 167:..\u8g2-master\csrc/u8x8_debounce.c **** 	/* keypress detected */
 168:..\u8g2-master\csrc/u8x8_debounce.c **** 	u8x8->debounce_last_pin_state = pin_state;
 169:..\u8g2-master\csrc/u8x8_debounce.c **** 	//result_msg = U8X8_MSG_GPIO_MENU_NEXT;
 170:..\u8g2-master\csrc/u8x8_debounce.c **** 	u8x8->debounce_state = 0x020 + U8X8_DEBOUNCE_WAIT;	/* got to state C */	
 171:..\u8g2-master\csrc/u8x8_debounce.c ****       }
 172:..\u8g2-master\csrc/u8x8_debounce.c ****       break;
 173:..\u8g2-master\csrc/u8x8_debounce.c ****       
 174:..\u8g2-master\csrc/u8x8_debounce.c ****     case 0x20:	/* State C */
 175:..\u8g2-master\csrc/u8x8_debounce.c ****       if ( u8x8->debounce_last_pin_state != pin_state )
 176:..\u8g2-master\csrc/u8x8_debounce.c ****       {
 177:..\u8g2-master\csrc/u8x8_debounce.c **** 	u8x8->debounce_state = 0x00;	/* back to state A */
 178:..\u8g2-master\csrc/u8x8_debounce.c ****       }
 179:..\u8g2-master\csrc/u8x8_debounce.c ****       else
 180:..\u8g2-master\csrc/u8x8_debounce.c ****       {
 181:..\u8g2-master\csrc/u8x8_debounce.c **** 	u8x8->debounce_state = 0x030;	/* got to state D */	
 182:..\u8g2-master\csrc/u8x8_debounce.c ****       }
 183:..\u8g2-master\csrc/u8x8_debounce.c ****       break;
 184:..\u8g2-master\csrc/u8x8_debounce.c ****       
 185:..\u8g2-master\csrc/u8x8_debounce.c ****     case 0x30:	/* State D */
 186:..\u8g2-master\csrc/u8x8_debounce.c ****       /* wait until key release */
 187:..\u8g2-master\csrc/u8x8_debounce.c ****       if ( u8x8->debounce_default_pin_state == pin_state )
  88              		.loc 1 187 0
  89 0040 95F82930 		ldrb	r3, [r5, #41]	@ zero_extendqisi2
ARM GAS  C:\Users\info\AppData\Local\Temp\cc5PelNN.s 			page 6


  90 0044 B342     		cmp	r3, r6
  91 0046 22D0     		beq	.L26
 145:..\u8g2-master\csrc/u8x8_debounce.c ****   
  92              		.loc 1 145 0
  93 0048 0020     		movs	r0, #0
  94              	.L9:
  95              	.LVL7:
 188:..\u8g2-master\csrc/u8x8_debounce.c ****       {
 189:..\u8g2-master\csrc/u8x8_debounce.c **** 	u8x8->debounce_state = 0x00;	/* back to state A */
 190:..\u8g2-master\csrc/u8x8_debounce.c **** 	result_msg = U8X8_MSG_GPIO(u8x8_find_first_diff(u8x8->debounce_default_pin_state, u8x8->debounce_l
 191:..\u8g2-master\csrc/u8x8_debounce.c ****       }
 192:..\u8g2-master\csrc/u8x8_debounce.c ****       else
 193:..\u8g2-master\csrc/u8x8_debounce.c ****       {
 194:..\u8g2-master\csrc/u8x8_debounce.c **** 	//result_msg = U8X8_MSG_GPIO_MENU_NEXT;
 195:..\u8g2-master\csrc/u8x8_debounce.c **** 	// maybe implement autorepeat here 
 196:..\u8g2-master\csrc/u8x8_debounce.c ****       }
 197:..\u8g2-master\csrc/u8x8_debounce.c ****       break;
 198:..\u8g2-master\csrc/u8x8_debounce.c ****     default:
 199:..\u8g2-master\csrc/u8x8_debounce.c ****       u8x8->debounce_state--;	/* count down, until there is a valid state */
 200:..\u8g2-master\csrc/u8x8_debounce.c ****       break;
 201:..\u8g2-master\csrc/u8x8_debounce.c ****   }
 202:..\u8g2-master\csrc/u8x8_debounce.c ****   return result_msg;
 203:..\u8g2-master\csrc/u8x8_debounce.c **** }
  96              		.loc 1 203 0
  97 004a F8BD     		pop	{r3, r4, r5, r6, r7, pc}
  98              	.LVL8:
  99              	.L7:
 175:..\u8g2-master\csrc/u8x8_debounce.c ****       {
 100              		.loc 1 175 0
 101 004c 95F82A30 		ldrb	r3, [r5, #42]	@ zero_extendqisi2
 102 0050 B342     		cmp	r3, r6
 103 0052 35D0     		beq	.L27
 104              	.L11:
 163:..\u8g2-master\csrc/u8x8_debounce.c ****       }
 105              		.loc 1 163 0
 106 0054 0020     		movs	r0, #0
 107 0056 85F82B00 		strb	r0, [r5, #43]
 108 005a F8BD     		pop	{r3, r4, r5, r6, r7, pc}
 109              	.LVL9:
 110              	.L25:
 150:..\u8g2-master\csrc/u8x8_debounce.c ****   {
 111              		.loc 1 150 0
 112 005c 38B9     		cbnz	r0, .L3
 153:..\u8g2-master\csrc/u8x8_debounce.c ****       {
 113              		.loc 1 153 0
 114 005e 95F82930 		ldrb	r3, [r5, #41]	@ zero_extendqisi2
 115 0062 B342     		cmp	r3, r6
 116 0064 F1D0     		beq	.L9
 156:..\u8g2-master\csrc/u8x8_debounce.c ****       }
 117              		.loc 1 156 0
 118 0066 1223     		movs	r3, #18
 119 0068 85F82B30 		strb	r3, [r5, #43]
 120 006c F8BD     		pop	{r3, r4, r5, r6, r7, pc}
 121              	.LVL10:
 122              	.L3:
 199:..\u8g2-master\csrc/u8x8_debounce.c ****       break;
 123              		.loc 1 199 0
ARM GAS  C:\Users\info\AppData\Local\Temp\cc5PelNN.s 			page 7


 124 006e 0138     		subs	r0, r0, #1
 125 0070 85F82B00 		strb	r0, [r5, #43]
 145:..\u8g2-master\csrc/u8x8_debounce.c ****   
 126              		.loc 1 145 0
 127 0074 0020     		movs	r0, #0
 200:..\u8g2-master\csrc/u8x8_debounce.c ****   }
 128              		.loc 1 200 0
 129 0076 F8BD     		pop	{r3, r4, r5, r6, r7, pc}
 130              	.LVL11:
 131              	.L4:
 161:..\u8g2-master\csrc/u8x8_debounce.c ****       {
 132              		.loc 1 161 0
 133 0078 95F82930 		ldrb	r3, [r5, #41]	@ zero_extendqisi2
 134 007c B342     		cmp	r3, r6
 135 007e E9D0     		beq	.L11
 170:..\u8g2-master\csrc/u8x8_debounce.c ****       }
 136              		.loc 1 170 0
 137 0080 2223     		movs	r3, #34
 168:..\u8g2-master\csrc/u8x8_debounce.c **** 	//result_msg = U8X8_MSG_GPIO_MENU_NEXT;
 138              		.loc 1 168 0
 139 0082 85F82A60 		strb	r6, [r5, #42]
 170:..\u8g2-master\csrc/u8x8_debounce.c ****       }
 140              		.loc 1 170 0
 141 0086 85F82B30 		strb	r3, [r5, #43]
 145:..\u8g2-master\csrc/u8x8_debounce.c ****   
 142              		.loc 1 145 0
 143 008a 0020     		movs	r0, #0
 144 008c F8BD     		pop	{r3, r4, r5, r6, r7, pc}
 145              	.LVL12:
 146              	.L26:
 147 008e 95F82A30 		ldrb	r3, [r5, #42]	@ zero_extendqisi2
 189:..\u8g2-master\csrc/u8x8_debounce.c **** 	result_msg = U8X8_MSG_GPIO(u8x8_find_first_diff(u8x8->debounce_default_pin_state, u8x8->debounce_l
 148              		.loc 1 189 0
 149 0092 0022     		movs	r2, #0
 150 0094 7340     		eors	r3, r3, r6
 151              	.LBB10:
 152              	.LBB11:
  72:..\u8g2-master\csrc/u8x8_debounce.c ****       return i;
 153              		.loc 1 72 0
 154 0096 DC07     		lsls	r4, r3, #31
 155              	.LBE11:
 156              	.LBE10:
 189:..\u8g2-master\csrc/u8x8_debounce.c **** 	result_msg = U8X8_MSG_GPIO(u8x8_find_first_diff(u8x8->debounce_default_pin_state, u8x8->debounce_l
 157              		.loc 1 189 0
 158 0098 85F82B20 		strb	r2, [r5, #43]
 159              	.LVL13:
 160              	.LBB14:
 161              	.LBB12:
  72:..\u8g2-master\csrc/u8x8_debounce.c ****       return i;
 162              		.loc 1 72 0
 163 009c 1AD4     		bmi	.L16
 164              	.LVL14:
 165 009e 9807     		lsls	r0, r3, #30
 166 00a0 16D4     		bmi	.L17
 167              	.LVL15:
 168 00a2 5907     		lsls	r1, r3, #29
 169 00a4 1AD4     		bmi	.L18
ARM GAS  C:\Users\info\AppData\Local\Temp\cc5PelNN.s 			page 8


 170              	.LVL16:
 171 00a6 1A07     		lsls	r2, r3, #28
 172 00a8 16D4     		bmi	.L19
 173              	.LVL17:
 174 00aa 03F01001 		and	r1, r3, #16
 175 00ae 01F0FF02 		and	r2, r1, #255
 176 00b2 51B9     		cbnz	r1, .L20
 177              	.LVL18:
 178 00b4 9B06     		lsls	r3, r3, #26
  71:..\u8g2-master\csrc/u8x8_debounce.c ****     if ( (a & mask) != (b & mask) )
 179              		.loc 1 71 0
 180 00b6 48BF     		it	mi
 181 00b8 1046     		movmi	r0, r2
  72:..\u8g2-master\csrc/u8x8_debounce.c ****       return i;
 182              		.loc 1 72 0
 183 00ba 07D4     		bmi	.L12
 184 00bc 5620     		movs	r0, #86
 185              	.LVL19:
 186 00be F8BD     		pop	{r3, r4, r5, r6, r7, pc}
 187              	.LVL20:
 188              	.L27:
 189              	.LBE12:
 190              	.LBE14:
 181:..\u8g2-master\csrc/u8x8_debounce.c ****       }
 191              		.loc 1 181 0
 192 00c0 3023     		movs	r3, #48
 193 00c2 85F82B30 		strb	r3, [r5, #43]
 145:..\u8g2-master\csrc/u8x8_debounce.c ****   
 194              		.loc 1 145 0
 195 00c6 0020     		movs	r0, #0
 196 00c8 F8BD     		pop	{r3, r4, r5, r6, r7, pc}
 197              	.LVL21:
 198              	.L20:
 199              	.LBB15:
 200              	.LBB13:
  71:..\u8g2-master\csrc/u8x8_debounce.c ****     if ( (a & mask) != (b & mask) )
 201              		.loc 1 71 0
 202 00ca 0120     		movs	r0, #1
 203              	.LVL22:
 204              	.L12:
 205 00cc 5030     		adds	r0, r0, #80
 206 00ce F8BD     		pop	{r3, r4, r5, r6, r7, pc}
 207              	.LVL23:
 208              	.L17:
 209 00d0 0420     		movs	r0, #4
 210 00d2 FBE7     		b	.L12
 211              	.LVL24:
 212              	.L16:
 213 00d4 0520     		movs	r0, #5
 214 00d6 F9E7     		b	.L12
 215              	.LVL25:
 216              	.L19:
 217 00d8 0220     		movs	r0, #2
 218 00da F7E7     		b	.L12
 219              	.LVL26:
 220              	.L18:
 221 00dc 0320     		movs	r0, #3
ARM GAS  C:\Users\info\AppData\Local\Temp\cc5PelNN.s 			page 9


 222 00de F5E7     		b	.L12
 223              	.LBE13:
 224              	.LBE15:
 225              		.cfi_endproc
 226              	.LFE2:
 227              		.size	u8x8_GetMenuEvent, .-u8x8_GetMenuEvent
 228              		.text
 229              	.Letext0:
 230              		.file 2 "c:\\program files (x86)\\cypress\\psoc creator\\4.2\\psoc creator\\import\\gnu\\arm\\5.4.
 231              		.file 3 "c:\\program files (x86)\\cypress\\psoc creator\\4.2\\psoc creator\\import\\gnu\\arm\\5.4.
 232              		.file 4 "..\\u8g2-master\\csrc\\u8x8.h"
 233              		.section	.debug_info,"",%progbits
 234              	.Ldebug_info0:
 235 0000 8B040000 		.4byte	0x48b
 236 0004 0400     		.2byte	0x4
 237 0006 00000000 		.4byte	.Ldebug_abbrev0
 238 000a 04       		.byte	0x4
 239 000b 01       		.uleb128 0x1
 240 000c 3D020000 		.4byte	.LASF67
 241 0010 0C       		.byte	0xc
 242 0011 27000000 		.4byte	.LASF68
 243 0015 CD000000 		.4byte	.LASF69
 244 0019 20000000 		.4byte	.Ldebug_ranges0+0x20
 245 001d 00000000 		.4byte	0
 246 0021 00000000 		.4byte	.Ldebug_line0
 247 0025 02       		.uleb128 0x2
 248 0026 01       		.byte	0x1
 249 0027 06       		.byte	0x6
 250 0028 04030000 		.4byte	.LASF0
 251 002c 03       		.uleb128 0x3
 252 002d 28020000 		.4byte	.LASF3
 253 0031 02       		.byte	0x2
 254 0032 1D       		.byte	0x1d
 255 0033 37000000 		.4byte	0x37
 256 0037 02       		.uleb128 0x2
 257 0038 01       		.byte	0x1
 258 0039 08       		.byte	0x8
 259 003a F6020000 		.4byte	.LASF1
 260 003e 02       		.uleb128 0x2
 261 003f 02       		.byte	0x2
 262 0040 05       		.byte	0x5
 263 0041 64000000 		.4byte	.LASF2
 264 0045 03       		.uleb128 0x3
 265 0046 37010000 		.4byte	.LASF4
 266 004a 02       		.byte	0x2
 267 004b 2B       		.byte	0x2b
 268 004c 50000000 		.4byte	0x50
 269 0050 02       		.uleb128 0x2
 270 0051 02       		.byte	0x2
 271 0052 07       		.byte	0x7
 272 0053 9D030000 		.4byte	.LASF5
 273 0057 02       		.uleb128 0x2
 274 0058 04       		.byte	0x4
 275 0059 05       		.byte	0x5
 276 005a 1F020000 		.4byte	.LASF6
 277 005e 03       		.uleb128 0x3
 278 005f C2000000 		.4byte	.LASF7
ARM GAS  C:\Users\info\AppData\Local\Temp\cc5PelNN.s 			page 10


 279 0063 02       		.byte	0x2
 280 0064 41       		.byte	0x41
 281 0065 69000000 		.4byte	0x69
 282 0069 02       		.uleb128 0x2
 283 006a 04       		.byte	0x4
 284 006b 07       		.byte	0x7
 285 006c 26040000 		.4byte	.LASF8
 286 0070 02       		.uleb128 0x2
 287 0071 08       		.byte	0x8
 288 0072 05       		.byte	0x5
 289 0073 F2010000 		.4byte	.LASF9
 290 0077 02       		.uleb128 0x2
 291 0078 08       		.byte	0x8
 292 0079 07       		.byte	0x7
 293 007a 10030000 		.4byte	.LASF10
 294 007e 04       		.uleb128 0x4
 295 007f 04       		.byte	0x4
 296 0080 05       		.byte	0x5
 297 0081 696E7400 		.ascii	"int\000"
 298 0085 02       		.uleb128 0x2
 299 0086 04       		.byte	0x4
 300 0087 07       		.byte	0x7
 301 0088 30030000 		.4byte	.LASF11
 302 008c 03       		.uleb128 0x3
 303 008d 6C010000 		.4byte	.LASF12
 304 0091 03       		.byte	0x3
 305 0092 18       		.byte	0x18
 306 0093 2C000000 		.4byte	0x2c
 307 0097 03       		.uleb128 0x3
 308 0098 3D030000 		.4byte	.LASF13
 309 009c 03       		.byte	0x3
 310 009d 24       		.byte	0x24
 311 009e 45000000 		.4byte	0x45
 312 00a2 03       		.uleb128 0x3
 313 00a3 27030000 		.4byte	.LASF14
 314 00a7 03       		.byte	0x3
 315 00a8 30       		.byte	0x30
 316 00a9 5E000000 		.4byte	0x5e
 317 00ad 05       		.uleb128 0x5
 318 00ae 04       		.byte	0x4
 319 00af 02       		.uleb128 0x2
 320 00b0 08       		.byte	0x8
 321 00b1 04       		.byte	0x4
 322 00b2 DE020000 		.4byte	.LASF15
 323 00b6 03       		.uleb128 0x3
 324 00b7 74030000 		.4byte	.LASF16
 325 00bb 04       		.byte	0x4
 326 00bc C3       		.byte	0xc3
 327 00bd C1000000 		.4byte	0xc1
 328 00c1 06       		.uleb128 0x6
 329 00c2 1A040000 		.4byte	.LASF38
 330 00c6 30       		.byte	0x30
 331 00c7 04       		.byte	0x4
 332 00c8 4601     		.2byte	0x146
 333 00ca D3010000 		.4byte	0x1d3
 334 00ce 07       		.uleb128 0x7
 335 00cf CC030000 		.4byte	.LASF17
ARM GAS  C:\Users\info\AppData\Local\Temp\cc5PelNN.s 			page 11


 336 00d3 04       		.byte	0x4
 337 00d4 4801     		.2byte	0x148
 338 00d6 32030000 		.4byte	0x332
 339 00da 00       		.byte	0
 340 00db 07       		.uleb128 0x7
 341 00dc DC040000 		.4byte	.LASF18
 342 00e0 04       		.byte	0x4
 343 00e1 4901     		.2byte	0x149
 344 00e3 0D030000 		.4byte	0x30d
 345 00e7 04       		.byte	0x4
 346 00e8 07       		.uleb128 0x7
 347 00e9 32020000 		.4byte	.LASF19
 348 00ed 04       		.byte	0x4
 349 00ee 4A01     		.2byte	0x14a
 350 00f0 D8020000 		.4byte	0x2d8
 351 00f4 08       		.byte	0x8
 352 00f5 07       		.uleb128 0x7
 353 00f6 9F040000 		.4byte	.LASF20
 354 00fa 04       		.byte	0x4
 355 00fb 4B01     		.2byte	0x14b
 356 00fd D8020000 		.4byte	0x2d8
 357 0101 0C       		.byte	0xc
 358 0102 07       		.uleb128 0x7
 359 0103 38040000 		.4byte	.LASF21
 360 0107 04       		.byte	0x4
 361 0108 4C01     		.2byte	0x14c
 362 010a D8020000 		.4byte	0x2d8
 363 010e 10       		.byte	0x10
 364 010f 07       		.uleb128 0x7
 365 0110 6E000000 		.4byte	.LASF22
 366 0114 04       		.byte	0x4
 367 0115 4D01     		.2byte	0x14d
 368 0117 D8020000 		.4byte	0x2d8
 369 011b 14       		.byte	0x14
 370 011c 07       		.uleb128 0x7
 371 011d AB010000 		.4byte	.LASF23
 372 0121 04       		.byte	0x4
 373 0122 4E01     		.2byte	0x14e
 374 0124 A2000000 		.4byte	0xa2
 375 0128 18       		.byte	0x18
 376 0129 07       		.uleb128 0x7
 377 012a 4B000000 		.4byte	.LASF24
 378 012e 04       		.byte	0x4
 379 012f 4F01     		.2byte	0x14f
 380 0131 3D030000 		.4byte	0x33d
 381 0135 1C       		.byte	0x1c
 382 0136 07       		.uleb128 0x7
 383 0137 8A040000 		.4byte	.LASF25
 384 013b 04       		.byte	0x4
 385 013c 5001     		.2byte	0x150
 386 013e 97000000 		.4byte	0x97
 387 0142 20       		.byte	0x20
 388 0143 07       		.uleb128 0x7
 389 0144 00000000 		.4byte	.LASF26
 390 0148 04       		.byte	0x4
 391 0149 5101     		.2byte	0x151
 392 014b 8C000000 		.4byte	0x8c
ARM GAS  C:\Users\info\AppData\Local\Temp\cc5PelNN.s 			page 12


 393 014f 22       		.byte	0x22
 394 0150 07       		.uleb128 0x7
 395 0151 09000000 		.4byte	.LASF27
 396 0155 04       		.byte	0x4
 397 0156 5201     		.2byte	0x152
 398 0158 8C000000 		.4byte	0x8c
 399 015c 23       		.byte	0x23
 400 015d 07       		.uleb128 0x7
 401 015e 58040000 		.4byte	.LASF28
 402 0162 04       		.byte	0x4
 403 0163 5301     		.2byte	0x153
 404 0165 8C000000 		.4byte	0x8c
 405 0169 24       		.byte	0x24
 406 016a 07       		.uleb128 0x7
 407 016b 93040000 		.4byte	.LASF29
 408 016f 04       		.byte	0x4
 409 0170 5601     		.2byte	0x156
 410 0172 8C000000 		.4byte	0x8c
 411 0176 25       		.byte	0x25
 412 0177 07       		.uleb128 0x7
 413 0178 A6040000 		.4byte	.LASF30
 414 017c 04       		.byte	0x4
 415 017d 5701     		.2byte	0x157
 416 017f 8C000000 		.4byte	0x8c
 417 0183 26       		.byte	0x26
 418 0184 07       		.uleb128 0x7
 419 0185 0F040000 		.4byte	.LASF31
 420 0189 04       		.byte	0x4
 421 018a 5801     		.2byte	0x158
 422 018c 8C000000 		.4byte	0x8c
 423 0190 27       		.byte	0x27
 424 0191 07       		.uleb128 0x7
 425 0192 00020000 		.4byte	.LASF32
 426 0196 04       		.byte	0x4
 427 0197 5901     		.2byte	0x159
 428 0199 8C000000 		.4byte	0x8c
 429 019d 28       		.byte	0x28
 430 019e 07       		.uleb128 0x7
 431 019f B5040000 		.4byte	.LASF33
 432 01a3 04       		.byte	0x4
 433 01a4 5A01     		.2byte	0x15a
 434 01a6 8C000000 		.4byte	0x8c
 435 01aa 29       		.byte	0x29
 436 01ab 07       		.uleb128 0x7
 437 01ac DA010000 		.4byte	.LASF34
 438 01b0 04       		.byte	0x4
 439 01b1 5B01     		.2byte	0x15b
 440 01b3 8C000000 		.4byte	0x8c
 441 01b7 2A       		.byte	0x2a
 442 01b8 07       		.uleb128 0x7
 443 01b9 BD030000 		.4byte	.LASF35
 444 01bd 04       		.byte	0x4
 445 01be 5C01     		.2byte	0x15c
 446 01c0 8C000000 		.4byte	0x8c
 447 01c4 2B       		.byte	0x2b
 448 01c5 07       		.uleb128 0x7
 449 01c6 50000000 		.4byte	.LASF36
ARM GAS  C:\Users\info\AppData\Local\Temp\cc5PelNN.s 			page 13


 450 01ca 04       		.byte	0x4
 451 01cb 5D01     		.2byte	0x15d
 452 01cd 8C000000 		.4byte	0x8c
 453 01d1 2C       		.byte	0x2c
 454 01d2 00       		.byte	0
 455 01d3 03       		.uleb128 0x3
 456 01d4 C6010000 		.4byte	.LASF37
 457 01d8 04       		.byte	0x4
 458 01d9 C4       		.byte	0xc4
 459 01da DE010000 		.4byte	0x1de
 460 01de 08       		.uleb128 0x8
 461 01df 46030000 		.4byte	.LASF39
 462 01e3 18       		.byte	0x18
 463 01e4 04       		.byte	0x4
 464 01e5 DD       		.byte	0xdd
 465 01e6 D8020000 		.4byte	0x2d8
 466 01ea 09       		.uleb128 0x9
 467 01eb 8B000000 		.4byte	.LASF40
 468 01ef 04       		.byte	0x4
 469 01f0 E1       		.byte	0xe1
 470 01f1 8C000000 		.4byte	0x8c
 471 01f5 00       		.byte	0
 472 01f6 09       		.uleb128 0x9
 473 01f7 40040000 		.4byte	.LASF41
 474 01fb 04       		.byte	0x4
 475 01fc E2       		.byte	0xe2
 476 01fd 8C000000 		.4byte	0x8c
 477 0201 01       		.byte	0x1
 478 0202 09       		.uleb128 0x9
 479 0203 74010000 		.4byte	.LASF42
 480 0207 04       		.byte	0x4
 481 0208 E4       		.byte	0xe4
 482 0209 8C000000 		.4byte	0x8c
 483 020d 02       		.byte	0x2
 484 020e 09       		.uleb128 0x9
 485 020f E4040000 		.4byte	.LASF43
 486 0213 04       		.byte	0x4
 487 0214 E5       		.byte	0xe5
 488 0215 8C000000 		.4byte	0x8c
 489 0219 03       		.byte	0x3
 490 021a 09       		.uleb128 0x9
 491 021b 5F030000 		.4byte	.LASF44
 492 021f 04       		.byte	0x4
 493 0220 E6       		.byte	0xe6
 494 0221 8C000000 		.4byte	0x8c
 495 0225 04       		.byte	0x4
 496 0226 09       		.uleb128 0x9
 497 0227 AF000000 		.4byte	.LASF45
 498 022b 04       		.byte	0x4
 499 022c E7       		.byte	0xe7
 500 022d 8C000000 		.4byte	0x8c
 501 0231 05       		.byte	0x5
 502 0232 09       		.uleb128 0x9
 503 0233 9D000000 		.4byte	.LASF46
 504 0237 04       		.byte	0x4
 505 0238 EE       		.byte	0xee
 506 0239 8C000000 		.4byte	0x8c
ARM GAS  C:\Users\info\AppData\Local\Temp\cc5PelNN.s 			page 14


 507 023d 06       		.byte	0x6
 508 023e 09       		.uleb128 0x9
 509 023f 0C020000 		.4byte	.LASF47
 510 0243 04       		.byte	0x4
 511 0244 F2       		.byte	0xf2
 512 0245 8C000000 		.4byte	0x8c
 513 0249 07       		.byte	0x7
 514 024a 09       		.uleb128 0x9
 515 024b 90030000 		.4byte	.LASF48
 516 024f 04       		.byte	0x4
 517 0250 F5       		.byte	0xf5
 518 0251 A2000000 		.4byte	0xa2
 519 0255 08       		.byte	0x8
 520 0256 09       		.uleb128 0x9
 521 0257 1E000000 		.4byte	.LASF49
 522 025b 04       		.byte	0x4
 523 025c FF       		.byte	0xff
 524 025d 8C000000 		.4byte	0x8c
 525 0261 0C       		.byte	0xc
 526 0262 07       		.uleb128 0x7
 527 0263 7B030000 		.4byte	.LASF50
 528 0267 04       		.byte	0x4
 529 0268 0201     		.2byte	0x102
 530 026a 8C000000 		.4byte	0x8c
 531 026e 0D       		.byte	0xd
 532 026f 07       		.uleb128 0x7
 533 0270 CB020000 		.4byte	.LASF51
 534 0274 04       		.byte	0x4
 535 0275 0801     		.2byte	0x108
 536 0277 8C000000 		.4byte	0x8c
 537 027b 0E       		.byte	0xe
 538 027c 07       		.uleb128 0x7
 539 027d 57010000 		.4byte	.LASF52
 540 0281 04       		.byte	0x4
 541 0282 0A01     		.2byte	0x10a
 542 0284 8C000000 		.4byte	0x8c
 543 0288 0F       		.byte	0xf
 544 0289 07       		.uleb128 0x7
 545 028a 80000000 		.4byte	.LASF53
 546 028e 04       		.byte	0x4
 547 028f 0D01     		.2byte	0x10d
 548 0291 8C000000 		.4byte	0x8c
 549 0295 10       		.byte	0x10
 550 0296 07       		.uleb128 0x7
 551 0297 EA020000 		.4byte	.LASF54
 552 029b 04       		.byte	0x4
 553 029c 0E01     		.2byte	0x10e
 554 029e 8C000000 		.4byte	0x8c
 555 02a2 11       		.byte	0x11
 556 02a3 07       		.uleb128 0x7
 557 02a4 B5010000 		.4byte	.LASF55
 558 02a8 04       		.byte	0x4
 559 02a9 1001     		.2byte	0x110
 560 02ab 8C000000 		.4byte	0x8c
 561 02af 12       		.byte	0x12
 562 02b0 07       		.uleb128 0x7
 563 02b1 78040000 		.4byte	.LASF56
ARM GAS  C:\Users\info\AppData\Local\Temp\cc5PelNN.s 			page 15


 564 02b5 04       		.byte	0x4
 565 02b6 1101     		.2byte	0x111
 566 02b8 8C000000 		.4byte	0x8c
 567 02bc 13       		.byte	0x13
 568 02bd 07       		.uleb128 0x7
 569 02be 03040000 		.4byte	.LASF57
 570 02c2 04       		.byte	0x4
 571 02c3 1901     		.2byte	0x119
 572 02c5 97000000 		.4byte	0x97
 573 02c9 14       		.byte	0x14
 574 02ca 07       		.uleb128 0x7
 575 02cb D9030000 		.4byte	.LASF58
 576 02cf 04       		.byte	0x4
 577 02d0 1A01     		.2byte	0x11a
 578 02d2 97000000 		.4byte	0x97
 579 02d6 16       		.byte	0x16
 580 02d7 00       		.byte	0
 581 02d8 03       		.uleb128 0x3
 582 02d9 D0040000 		.4byte	.LASF59
 583 02dd 04       		.byte	0x4
 584 02de C7       		.byte	0xc7
 585 02df E3020000 		.4byte	0x2e3
 586 02e3 0A       		.uleb128 0xa
 587 02e4 04       		.byte	0x4
 588 02e5 E9020000 		.4byte	0x2e9
 589 02e9 0B       		.uleb128 0xb
 590 02ea 8C000000 		.4byte	0x8c
 591 02ee 07030000 		.4byte	0x307
 592 02f2 0C       		.uleb128 0xc
 593 02f3 07030000 		.4byte	0x307
 594 02f7 0C       		.uleb128 0xc
 595 02f8 8C000000 		.4byte	0x8c
 596 02fc 0C       		.uleb128 0xc
 597 02fd 8C000000 		.4byte	0x8c
 598 0301 0C       		.uleb128 0xc
 599 0302 AD000000 		.4byte	0xad
 600 0306 00       		.byte	0
 601 0307 0A       		.uleb128 0xa
 602 0308 04       		.byte	0x4
 603 0309 B6000000 		.4byte	0xb6
 604 030d 03       		.uleb128 0x3
 605 030e B0030000 		.4byte	.LASF60
 606 0312 04       		.byte	0x4
 607 0313 C8       		.byte	0xc8
 608 0314 18030000 		.4byte	0x318
 609 0318 0A       		.uleb128 0xa
 610 0319 04       		.byte	0x4
 611 031a 1E030000 		.4byte	0x31e
 612 031e 0B       		.uleb128 0xb
 613 031f 97000000 		.4byte	0x97
 614 0323 32030000 		.4byte	0x332
 615 0327 0C       		.uleb128 0xc
 616 0328 07030000 		.4byte	0x307
 617 032c 0C       		.uleb128 0xc
 618 032d 8C000000 		.4byte	0x8c
 619 0331 00       		.byte	0
 620 0332 0A       		.uleb128 0xa
ARM GAS  C:\Users\info\AppData\Local\Temp\cc5PelNN.s 			page 16


 621 0333 04       		.byte	0x4
 622 0334 38030000 		.4byte	0x338
 623 0338 0D       		.uleb128 0xd
 624 0339 D3010000 		.4byte	0x1d3
 625 033d 0A       		.uleb128 0xa
 626 033e 04       		.byte	0x4
 627 033f 43030000 		.4byte	0x343
 628 0343 0D       		.uleb128 0xd
 629 0344 8C000000 		.4byte	0x8c
 630 0348 0E       		.uleb128 0xe
 631 0349 42010000 		.4byte	.LASF62
 632 034d 01       		.byte	0x1
 633 034e 3F       		.byte	0x3f
 634 034f 8C000000 		.4byte	0x8c
 635 0353 01       		.byte	0x1
 636 0354 7F030000 		.4byte	0x37f
 637 0358 0F       		.uleb128 0xf
 638 0359 6100     		.ascii	"a\000"
 639 035b 01       		.byte	0x1
 640 035c 3F       		.byte	0x3f
 641 035d 8C000000 		.4byte	0x8c
 642 0361 0F       		.uleb128 0xf
 643 0362 6200     		.ascii	"b\000"
 644 0364 01       		.byte	0x1
 645 0365 3F       		.byte	0x3f
 646 0366 8C000000 		.4byte	0x8c
 647 036a 10       		.uleb128 0x10
 648 036b 53040000 		.4byte	.LASF61
 649 036f 01       		.byte	0x1
 650 0370 41       		.byte	0x41
 651 0371 8C000000 		.4byte	0x8c
 652 0375 11       		.uleb128 0x11
 653 0376 6900     		.ascii	"i\000"
 654 0378 01       		.byte	0x1
 655 0379 42       		.byte	0x42
 656 037a 8C000000 		.4byte	0x8c
 657 037e 00       		.byte	0
 658 037f 0E       		.uleb128 0xe
 659 0380 64040000 		.4byte	.LASF63
 660 0384 01       		.byte	0x1
 661 0385 28       		.byte	0x28
 662 0386 8C000000 		.4byte	0x8c
 663 038a 01       		.byte	0x1
 664 038b AF030000 		.4byte	0x3af
 665 038f 12       		.uleb128 0x12
 666 0390 8D010000 		.4byte	.LASF64
 667 0394 01       		.byte	0x1
 668 0395 28       		.byte	0x28
 669 0396 07030000 		.4byte	0x307
 670 039a 11       		.uleb128 0x11
 671 039b 6900     		.ascii	"i\000"
 672 039d 01       		.byte	0x1
 673 039e 2A       		.byte	0x2a
 674 039f 8C000000 		.4byte	0x8c
 675 03a3 10       		.uleb128 0x10
 676 03a4 A1010000 		.4byte	.LASF65
 677 03a8 01       		.byte	0x1
ARM GAS  C:\Users\info\AppData\Local\Temp\cc5PelNN.s 			page 17


 678 03a9 2B       		.byte	0x2b
 679 03aa 8C000000 		.4byte	0x8c
 680 03ae 00       		.byte	0
 681 03af 13       		.uleb128 0x13
 682 03b0 F1030000 		.4byte	.LASF70
 683 03b4 01       		.byte	0x1
 684 03b5 8E       		.byte	0x8e
 685 03b6 8C000000 		.4byte	0x8c
 686 03ba 00000000 		.4byte	.LFB2
 687 03be E0000000 		.4byte	.LFE2-.LFB2
 688 03c2 01       		.uleb128 0x1
 689 03c3 9C       		.byte	0x9c
 690 03c4 82040000 		.4byte	0x482
 691 03c8 14       		.uleb128 0x14
 692 03c9 8D010000 		.4byte	.LASF64
 693 03cd 01       		.byte	0x1
 694 03ce 8E       		.byte	0x8e
 695 03cf 07030000 		.4byte	0x307
 696 03d3 00000000 		.4byte	.LLST0
 697 03d7 15       		.uleb128 0x15
 698 03d8 A1010000 		.4byte	.LASF65
 699 03dc 01       		.byte	0x1
 700 03dd 90       		.byte	0x90
 701 03de 8C000000 		.4byte	0x8c
 702 03e2 01       		.uleb128 0x1
 703 03e3 56       		.byte	0x56
 704 03e4 16       		.uleb128 0x16
 705 03e5 E6030000 		.4byte	.LASF66
 706 03e9 01       		.byte	0x1
 707 03ea 91       		.byte	0x91
 708 03eb 8C000000 		.4byte	0x8c
 709 03ef 1E000000 		.4byte	.LLST1
 710 03f3 17       		.uleb128 0x17
 711 03f4 7F030000 		.4byte	0x37f
 712 03f8 06000000 		.4byte	.LBB8
 713 03fc 28000000 		.4byte	.LBE8-.LBB8
 714 0400 01       		.byte	0x1
 715 0401 93       		.byte	0x93
 716 0402 47040000 		.4byte	0x447
 717 0406 18       		.uleb128 0x18
 718 0407 8F030000 		.4byte	0x38f
 719 040b 55000000 		.4byte	.LLST2
 720 040f 19       		.uleb128 0x19
 721 0410 06000000 		.4byte	.LBB9
 722 0414 28000000 		.4byte	.LBE9-.LBB9
 723 0418 1A       		.uleb128 0x1a
 724 0419 9A030000 		.4byte	0x39a
 725 041d 73000000 		.4byte	.LLST3
 726 0421 1A       		.uleb128 0x1a
 727 0422 A3030000 		.4byte	0x3a3
 728 0426 95000000 		.4byte	.LLST4
 729 042a 1B       		.uleb128 0x1b
 730 042b 18000000 		.4byte	.LVL3
 731 042f 82040000 		.4byte	0x482
 732 0433 1C       		.uleb128 0x1c
 733 0434 01       		.uleb128 0x1
 734 0435 50       		.byte	0x50
ARM GAS  C:\Users\info\AppData\Local\Temp\cc5PelNN.s 			page 18


 735 0436 02       		.uleb128 0x2
 736 0437 75       		.byte	0x75
 737 0438 00       		.sleb128 0
 738 0439 1C       		.uleb128 0x1c
 739 043a 01       		.uleb128 0x1
 740 043b 51       		.byte	0x51
 741 043c 02       		.uleb128 0x2
 742 043d 74       		.byte	0x74
 743 043e 00       		.sleb128 0
 744 043f 1C       		.uleb128 0x1c
 745 0440 01       		.uleb128 0x1
 746 0441 52       		.byte	0x52
 747 0442 01       		.uleb128 0x1
 748 0443 30       		.byte	0x30
 749 0444 00       		.byte	0
 750 0445 00       		.byte	0
 751 0446 00       		.byte	0
 752 0447 1D       		.uleb128 0x1d
 753 0448 48030000 		.4byte	0x348
 754 044c 96000000 		.4byte	.LBB10
 755 0450 00000000 		.4byte	.Ldebug_ranges0+0
 756 0454 01       		.byte	0x1
 757 0455 BE       		.byte	0xbe
 758 0456 18       		.uleb128 0x18
 759 0457 61030000 		.4byte	0x361
 760 045b C4000000 		.4byte	.LLST5
 761 045f 18       		.uleb128 0x18
 762 0460 58030000 		.4byte	0x358
 763 0464 E4000000 		.4byte	.LLST6
 764 0468 1E       		.uleb128 0x1e
 765 0469 00000000 		.4byte	.Ldebug_ranges0+0
 766 046d 1A       		.uleb128 0x1a
 767 046e 6A030000 		.4byte	0x36a
 768 0472 02010000 		.4byte	.LLST7
 769 0476 1A       		.uleb128 0x1a
 770 0477 75030000 		.4byte	0x375
 771 047b 8F010000 		.4byte	.LLST8
 772 047f 00       		.byte	0
 773 0480 00       		.byte	0
 774 0481 00       		.byte	0
 775 0482 1F       		.uleb128 0x1f
 776 0483 92010000 		.4byte	.LASF71
 777 0487 92010000 		.4byte	.LASF71
 778 048b 04       		.byte	0x4
 779 048c F502     		.2byte	0x2f5
 780 048e 00       		.byte	0
 781              		.section	.debug_abbrev,"",%progbits
 782              	.Ldebug_abbrev0:
 783 0000 01       		.uleb128 0x1
 784 0001 11       		.uleb128 0x11
 785 0002 01       		.byte	0x1
 786 0003 25       		.uleb128 0x25
 787 0004 0E       		.uleb128 0xe
 788 0005 13       		.uleb128 0x13
 789 0006 0B       		.uleb128 0xb
 790 0007 03       		.uleb128 0x3
 791 0008 0E       		.uleb128 0xe
ARM GAS  C:\Users\info\AppData\Local\Temp\cc5PelNN.s 			page 19


 792 0009 1B       		.uleb128 0x1b
 793 000a 0E       		.uleb128 0xe
 794 000b 55       		.uleb128 0x55
 795 000c 17       		.uleb128 0x17
 796 000d 11       		.uleb128 0x11
 797 000e 01       		.uleb128 0x1
 798 000f 10       		.uleb128 0x10
 799 0010 17       		.uleb128 0x17
 800 0011 00       		.byte	0
 801 0012 00       		.byte	0
 802 0013 02       		.uleb128 0x2
 803 0014 24       		.uleb128 0x24
 804 0015 00       		.byte	0
 805 0016 0B       		.uleb128 0xb
 806 0017 0B       		.uleb128 0xb
 807 0018 3E       		.uleb128 0x3e
 808 0019 0B       		.uleb128 0xb
 809 001a 03       		.uleb128 0x3
 810 001b 0E       		.uleb128 0xe
 811 001c 00       		.byte	0
 812 001d 00       		.byte	0
 813 001e 03       		.uleb128 0x3
 814 001f 16       		.uleb128 0x16
 815 0020 00       		.byte	0
 816 0021 03       		.uleb128 0x3
 817 0022 0E       		.uleb128 0xe
 818 0023 3A       		.uleb128 0x3a
 819 0024 0B       		.uleb128 0xb
 820 0025 3B       		.uleb128 0x3b
 821 0026 0B       		.uleb128 0xb
 822 0027 49       		.uleb128 0x49
 823 0028 13       		.uleb128 0x13
 824 0029 00       		.byte	0
 825 002a 00       		.byte	0
 826 002b 04       		.uleb128 0x4
 827 002c 24       		.uleb128 0x24
 828 002d 00       		.byte	0
 829 002e 0B       		.uleb128 0xb
 830 002f 0B       		.uleb128 0xb
 831 0030 3E       		.uleb128 0x3e
 832 0031 0B       		.uleb128 0xb
 833 0032 03       		.uleb128 0x3
 834 0033 08       		.uleb128 0x8
 835 0034 00       		.byte	0
 836 0035 00       		.byte	0
 837 0036 05       		.uleb128 0x5
 838 0037 0F       		.uleb128 0xf
 839 0038 00       		.byte	0
 840 0039 0B       		.uleb128 0xb
 841 003a 0B       		.uleb128 0xb
 842 003b 00       		.byte	0
 843 003c 00       		.byte	0
 844 003d 06       		.uleb128 0x6
 845 003e 13       		.uleb128 0x13
 846 003f 01       		.byte	0x1
 847 0040 03       		.uleb128 0x3
 848 0041 0E       		.uleb128 0xe
ARM GAS  C:\Users\info\AppData\Local\Temp\cc5PelNN.s 			page 20


 849 0042 0B       		.uleb128 0xb
 850 0043 0B       		.uleb128 0xb
 851 0044 3A       		.uleb128 0x3a
 852 0045 0B       		.uleb128 0xb
 853 0046 3B       		.uleb128 0x3b
 854 0047 05       		.uleb128 0x5
 855 0048 01       		.uleb128 0x1
 856 0049 13       		.uleb128 0x13
 857 004a 00       		.byte	0
 858 004b 00       		.byte	0
 859 004c 07       		.uleb128 0x7
 860 004d 0D       		.uleb128 0xd
 861 004e 00       		.byte	0
 862 004f 03       		.uleb128 0x3
 863 0050 0E       		.uleb128 0xe
 864 0051 3A       		.uleb128 0x3a
 865 0052 0B       		.uleb128 0xb
 866 0053 3B       		.uleb128 0x3b
 867 0054 05       		.uleb128 0x5
 868 0055 49       		.uleb128 0x49
 869 0056 13       		.uleb128 0x13
 870 0057 38       		.uleb128 0x38
 871 0058 0B       		.uleb128 0xb
 872 0059 00       		.byte	0
 873 005a 00       		.byte	0
 874 005b 08       		.uleb128 0x8
 875 005c 13       		.uleb128 0x13
 876 005d 01       		.byte	0x1
 877 005e 03       		.uleb128 0x3
 878 005f 0E       		.uleb128 0xe
 879 0060 0B       		.uleb128 0xb
 880 0061 0B       		.uleb128 0xb
 881 0062 3A       		.uleb128 0x3a
 882 0063 0B       		.uleb128 0xb
 883 0064 3B       		.uleb128 0x3b
 884 0065 0B       		.uleb128 0xb
 885 0066 01       		.uleb128 0x1
 886 0067 13       		.uleb128 0x13
 887 0068 00       		.byte	0
 888 0069 00       		.byte	0
 889 006a 09       		.uleb128 0x9
 890 006b 0D       		.uleb128 0xd
 891 006c 00       		.byte	0
 892 006d 03       		.uleb128 0x3
 893 006e 0E       		.uleb128 0xe
 894 006f 3A       		.uleb128 0x3a
 895 0070 0B       		.uleb128 0xb
 896 0071 3B       		.uleb128 0x3b
 897 0072 0B       		.uleb128 0xb
 898 0073 49       		.uleb128 0x49
 899 0074 13       		.uleb128 0x13
 900 0075 38       		.uleb128 0x38
 901 0076 0B       		.uleb128 0xb
 902 0077 00       		.byte	0
 903 0078 00       		.byte	0
 904 0079 0A       		.uleb128 0xa
 905 007a 0F       		.uleb128 0xf
ARM GAS  C:\Users\info\AppData\Local\Temp\cc5PelNN.s 			page 21


 906 007b 00       		.byte	0
 907 007c 0B       		.uleb128 0xb
 908 007d 0B       		.uleb128 0xb
 909 007e 49       		.uleb128 0x49
 910 007f 13       		.uleb128 0x13
 911 0080 00       		.byte	0
 912 0081 00       		.byte	0
 913 0082 0B       		.uleb128 0xb
 914 0083 15       		.uleb128 0x15
 915 0084 01       		.byte	0x1
 916 0085 27       		.uleb128 0x27
 917 0086 19       		.uleb128 0x19
 918 0087 49       		.uleb128 0x49
 919 0088 13       		.uleb128 0x13
 920 0089 01       		.uleb128 0x1
 921 008a 13       		.uleb128 0x13
 922 008b 00       		.byte	0
 923 008c 00       		.byte	0
 924 008d 0C       		.uleb128 0xc
 925 008e 05       		.uleb128 0x5
 926 008f 00       		.byte	0
 927 0090 49       		.uleb128 0x49
 928 0091 13       		.uleb128 0x13
 929 0092 00       		.byte	0
 930 0093 00       		.byte	0
 931 0094 0D       		.uleb128 0xd
 932 0095 26       		.uleb128 0x26
 933 0096 00       		.byte	0
 934 0097 49       		.uleb128 0x49
 935 0098 13       		.uleb128 0x13
 936 0099 00       		.byte	0
 937 009a 00       		.byte	0
 938 009b 0E       		.uleb128 0xe
 939 009c 2E       		.uleb128 0x2e
 940 009d 01       		.byte	0x1
 941 009e 03       		.uleb128 0x3
 942 009f 0E       		.uleb128 0xe
 943 00a0 3A       		.uleb128 0x3a
 944 00a1 0B       		.uleb128 0xb
 945 00a2 3B       		.uleb128 0x3b
 946 00a3 0B       		.uleb128 0xb
 947 00a4 27       		.uleb128 0x27
 948 00a5 19       		.uleb128 0x19
 949 00a6 49       		.uleb128 0x49
 950 00a7 13       		.uleb128 0x13
 951 00a8 20       		.uleb128 0x20
 952 00a9 0B       		.uleb128 0xb
 953 00aa 01       		.uleb128 0x1
 954 00ab 13       		.uleb128 0x13
 955 00ac 00       		.byte	0
 956 00ad 00       		.byte	0
 957 00ae 0F       		.uleb128 0xf
 958 00af 05       		.uleb128 0x5
 959 00b0 00       		.byte	0
 960 00b1 03       		.uleb128 0x3
 961 00b2 08       		.uleb128 0x8
 962 00b3 3A       		.uleb128 0x3a
ARM GAS  C:\Users\info\AppData\Local\Temp\cc5PelNN.s 			page 22


 963 00b4 0B       		.uleb128 0xb
 964 00b5 3B       		.uleb128 0x3b
 965 00b6 0B       		.uleb128 0xb
 966 00b7 49       		.uleb128 0x49
 967 00b8 13       		.uleb128 0x13
 968 00b9 00       		.byte	0
 969 00ba 00       		.byte	0
 970 00bb 10       		.uleb128 0x10
 971 00bc 34       		.uleb128 0x34
 972 00bd 00       		.byte	0
 973 00be 03       		.uleb128 0x3
 974 00bf 0E       		.uleb128 0xe
 975 00c0 3A       		.uleb128 0x3a
 976 00c1 0B       		.uleb128 0xb
 977 00c2 3B       		.uleb128 0x3b
 978 00c3 0B       		.uleb128 0xb
 979 00c4 49       		.uleb128 0x49
 980 00c5 13       		.uleb128 0x13
 981 00c6 00       		.byte	0
 982 00c7 00       		.byte	0
 983 00c8 11       		.uleb128 0x11
 984 00c9 34       		.uleb128 0x34
 985 00ca 00       		.byte	0
 986 00cb 03       		.uleb128 0x3
 987 00cc 08       		.uleb128 0x8
 988 00cd 3A       		.uleb128 0x3a
 989 00ce 0B       		.uleb128 0xb
 990 00cf 3B       		.uleb128 0x3b
 991 00d0 0B       		.uleb128 0xb
 992 00d1 49       		.uleb128 0x49
 993 00d2 13       		.uleb128 0x13
 994 00d3 00       		.byte	0
 995 00d4 00       		.byte	0
 996 00d5 12       		.uleb128 0x12
 997 00d6 05       		.uleb128 0x5
 998 00d7 00       		.byte	0
 999 00d8 03       		.uleb128 0x3
 1000 00d9 0E       		.uleb128 0xe
 1001 00da 3A       		.uleb128 0x3a
 1002 00db 0B       		.uleb128 0xb
 1003 00dc 3B       		.uleb128 0x3b
 1004 00dd 0B       		.uleb128 0xb
 1005 00de 49       		.uleb128 0x49
 1006 00df 13       		.uleb128 0x13
 1007 00e0 00       		.byte	0
 1008 00e1 00       		.byte	0
 1009 00e2 13       		.uleb128 0x13
 1010 00e3 2E       		.uleb128 0x2e
 1011 00e4 01       		.byte	0x1
 1012 00e5 3F       		.uleb128 0x3f
 1013 00e6 19       		.uleb128 0x19
 1014 00e7 03       		.uleb128 0x3
 1015 00e8 0E       		.uleb128 0xe
 1016 00e9 3A       		.uleb128 0x3a
 1017 00ea 0B       		.uleb128 0xb
 1018 00eb 3B       		.uleb128 0x3b
 1019 00ec 0B       		.uleb128 0xb
ARM GAS  C:\Users\info\AppData\Local\Temp\cc5PelNN.s 			page 23


 1020 00ed 27       		.uleb128 0x27
 1021 00ee 19       		.uleb128 0x19
 1022 00ef 49       		.uleb128 0x49
 1023 00f0 13       		.uleb128 0x13
 1024 00f1 11       		.uleb128 0x11
 1025 00f2 01       		.uleb128 0x1
 1026 00f3 12       		.uleb128 0x12
 1027 00f4 06       		.uleb128 0x6
 1028 00f5 40       		.uleb128 0x40
 1029 00f6 18       		.uleb128 0x18
 1030 00f7 9742     		.uleb128 0x2117
 1031 00f9 19       		.uleb128 0x19
 1032 00fa 01       		.uleb128 0x1
 1033 00fb 13       		.uleb128 0x13
 1034 00fc 00       		.byte	0
 1035 00fd 00       		.byte	0
 1036 00fe 14       		.uleb128 0x14
 1037 00ff 05       		.uleb128 0x5
 1038 0100 00       		.byte	0
 1039 0101 03       		.uleb128 0x3
 1040 0102 0E       		.uleb128 0xe
 1041 0103 3A       		.uleb128 0x3a
 1042 0104 0B       		.uleb128 0xb
 1043 0105 3B       		.uleb128 0x3b
 1044 0106 0B       		.uleb128 0xb
 1045 0107 49       		.uleb128 0x49
 1046 0108 13       		.uleb128 0x13
 1047 0109 02       		.uleb128 0x2
 1048 010a 17       		.uleb128 0x17
 1049 010b 00       		.byte	0
 1050 010c 00       		.byte	0
 1051 010d 15       		.uleb128 0x15
 1052 010e 34       		.uleb128 0x34
 1053 010f 00       		.byte	0
 1054 0110 03       		.uleb128 0x3
 1055 0111 0E       		.uleb128 0xe
 1056 0112 3A       		.uleb128 0x3a
 1057 0113 0B       		.uleb128 0xb
 1058 0114 3B       		.uleb128 0x3b
 1059 0115 0B       		.uleb128 0xb
 1060 0116 49       		.uleb128 0x49
 1061 0117 13       		.uleb128 0x13
 1062 0118 02       		.uleb128 0x2
 1063 0119 18       		.uleb128 0x18
 1064 011a 00       		.byte	0
 1065 011b 00       		.byte	0
 1066 011c 16       		.uleb128 0x16
 1067 011d 34       		.uleb128 0x34
 1068 011e 00       		.byte	0
 1069 011f 03       		.uleb128 0x3
 1070 0120 0E       		.uleb128 0xe
 1071 0121 3A       		.uleb128 0x3a
 1072 0122 0B       		.uleb128 0xb
 1073 0123 3B       		.uleb128 0x3b
 1074 0124 0B       		.uleb128 0xb
 1075 0125 49       		.uleb128 0x49
 1076 0126 13       		.uleb128 0x13
ARM GAS  C:\Users\info\AppData\Local\Temp\cc5PelNN.s 			page 24


 1077 0127 02       		.uleb128 0x2
 1078 0128 17       		.uleb128 0x17
 1079 0129 00       		.byte	0
 1080 012a 00       		.byte	0
 1081 012b 17       		.uleb128 0x17
 1082 012c 1D       		.uleb128 0x1d
 1083 012d 01       		.byte	0x1
 1084 012e 31       		.uleb128 0x31
 1085 012f 13       		.uleb128 0x13
 1086 0130 11       		.uleb128 0x11
 1087 0131 01       		.uleb128 0x1
 1088 0132 12       		.uleb128 0x12
 1089 0133 06       		.uleb128 0x6
 1090 0134 58       		.uleb128 0x58
 1091 0135 0B       		.uleb128 0xb
 1092 0136 59       		.uleb128 0x59
 1093 0137 0B       		.uleb128 0xb
 1094 0138 01       		.uleb128 0x1
 1095 0139 13       		.uleb128 0x13
 1096 013a 00       		.byte	0
 1097 013b 00       		.byte	0
 1098 013c 18       		.uleb128 0x18
 1099 013d 05       		.uleb128 0x5
 1100 013e 00       		.byte	0
 1101 013f 31       		.uleb128 0x31
 1102 0140 13       		.uleb128 0x13
 1103 0141 02       		.uleb128 0x2
 1104 0142 17       		.uleb128 0x17
 1105 0143 00       		.byte	0
 1106 0144 00       		.byte	0
 1107 0145 19       		.uleb128 0x19
 1108 0146 0B       		.uleb128 0xb
 1109 0147 01       		.byte	0x1
 1110 0148 11       		.uleb128 0x11
 1111 0149 01       		.uleb128 0x1
 1112 014a 12       		.uleb128 0x12
 1113 014b 06       		.uleb128 0x6
 1114 014c 00       		.byte	0
 1115 014d 00       		.byte	0
 1116 014e 1A       		.uleb128 0x1a
 1117 014f 34       		.uleb128 0x34
 1118 0150 00       		.byte	0
 1119 0151 31       		.uleb128 0x31
 1120 0152 13       		.uleb128 0x13
 1121 0153 02       		.uleb128 0x2
 1122 0154 17       		.uleb128 0x17
 1123 0155 00       		.byte	0
 1124 0156 00       		.byte	0
 1125 0157 1B       		.uleb128 0x1b
 1126 0158 898201   		.uleb128 0x4109
 1127 015b 01       		.byte	0x1
 1128 015c 11       		.uleb128 0x11
 1129 015d 01       		.uleb128 0x1
 1130 015e 31       		.uleb128 0x31
 1131 015f 13       		.uleb128 0x13
 1132 0160 00       		.byte	0
 1133 0161 00       		.byte	0
ARM GAS  C:\Users\info\AppData\Local\Temp\cc5PelNN.s 			page 25


 1134 0162 1C       		.uleb128 0x1c
 1135 0163 8A8201   		.uleb128 0x410a
 1136 0166 00       		.byte	0
 1137 0167 02       		.uleb128 0x2
 1138 0168 18       		.uleb128 0x18
 1139 0169 9142     		.uleb128 0x2111
 1140 016b 18       		.uleb128 0x18
 1141 016c 00       		.byte	0
 1142 016d 00       		.byte	0
 1143 016e 1D       		.uleb128 0x1d
 1144 016f 1D       		.uleb128 0x1d
 1145 0170 01       		.byte	0x1
 1146 0171 31       		.uleb128 0x31
 1147 0172 13       		.uleb128 0x13
 1148 0173 52       		.uleb128 0x52
 1149 0174 01       		.uleb128 0x1
 1150 0175 55       		.uleb128 0x55
 1151 0176 17       		.uleb128 0x17
 1152 0177 58       		.uleb128 0x58
 1153 0178 0B       		.uleb128 0xb
 1154 0179 59       		.uleb128 0x59
 1155 017a 0B       		.uleb128 0xb
 1156 017b 00       		.byte	0
 1157 017c 00       		.byte	0
 1158 017d 1E       		.uleb128 0x1e
 1159 017e 0B       		.uleb128 0xb
 1160 017f 01       		.byte	0x1
 1161 0180 55       		.uleb128 0x55
 1162 0181 17       		.uleb128 0x17
 1163 0182 00       		.byte	0
 1164 0183 00       		.byte	0
 1165 0184 1F       		.uleb128 0x1f
 1166 0185 2E       		.uleb128 0x2e
 1167 0186 00       		.byte	0
 1168 0187 3F       		.uleb128 0x3f
 1169 0188 19       		.uleb128 0x19
 1170 0189 3C       		.uleb128 0x3c
 1171 018a 19       		.uleb128 0x19
 1172 018b 6E       		.uleb128 0x6e
 1173 018c 0E       		.uleb128 0xe
 1174 018d 03       		.uleb128 0x3
 1175 018e 0E       		.uleb128 0xe
 1176 018f 3A       		.uleb128 0x3a
 1177 0190 0B       		.uleb128 0xb
 1178 0191 3B       		.uleb128 0x3b
 1179 0192 05       		.uleb128 0x5
 1180 0193 00       		.byte	0
 1181 0194 00       		.byte	0
 1182 0195 00       		.byte	0
 1183              		.section	.debug_loc,"",%progbits
 1184              	.Ldebug_loc0:
 1185              	.LLST0:
 1186 0000 00000000 		.4byte	.LVL0
 1187 0004 0A000000 		.4byte	.LVL2
 1188 0008 0100     		.2byte	0x1
 1189 000a 50       		.byte	0x50
 1190 000b 0A000000 		.4byte	.LVL2
ARM GAS  C:\Users\info\AppData\Local\Temp\cc5PelNN.s 			page 26


 1191 000f E0000000 		.4byte	.LFE2
 1192 0013 0100     		.2byte	0x1
 1193 0015 55       		.byte	0x55
 1194 0016 00000000 		.4byte	0
 1195 001a 00000000 		.4byte	0
 1196              	.LLST1:
 1197 001e 00000000 		.4byte	.LVL0
 1198 0022 4A000000 		.4byte	.LVL7
 1199 0026 0200     		.2byte	0x2
 1200 0028 30       		.byte	0x30
 1201 0029 9F       		.byte	0x9f
 1202 002a 4A000000 		.4byte	.LVL7
 1203 002e 4C000000 		.4byte	.LVL8
 1204 0032 0100     		.2byte	0x1
 1205 0034 50       		.byte	0x50
 1206 0035 4C000000 		.4byte	.LVL8
 1207 0039 BE000000 		.4byte	.LVL19
 1208 003d 0200     		.2byte	0x2
 1209 003f 30       		.byte	0x30
 1210 0040 9F       		.byte	0x9f
 1211 0041 C0000000 		.4byte	.LVL20
 1212 0045 E0000000 		.4byte	.LFE2
 1213 0049 0200     		.2byte	0x2
 1214 004b 30       		.byte	0x30
 1215 004c 9F       		.byte	0x9f
 1216 004d 00000000 		.4byte	0
 1217 0051 00000000 		.4byte	0
 1218              	.LLST2:
 1219 0055 04000000 		.4byte	.LVL1
 1220 0059 0A000000 		.4byte	.LVL2
 1221 005d 0100     		.2byte	0x1
 1222 005f 50       		.byte	0x50
 1223 0060 0A000000 		.4byte	.LVL2
 1224 0064 2E000000 		.4byte	.LVL6
 1225 0068 0100     		.2byte	0x1
 1226 006a 55       		.byte	0x55
 1227 006b 00000000 		.4byte	0
 1228 006f 00000000 		.4byte	0
 1229              	.LLST3:
 1230 0073 04000000 		.4byte	.LVL1
 1231 0077 0A000000 		.4byte	.LVL2
 1232 007b 0200     		.2byte	0x2
 1233 007d 30       		.byte	0x30
 1234 007e 9F       		.byte	0x9f
 1235 007f 0A000000 		.4byte	.LVL2
 1236 0083 1E000000 		.4byte	.LVL4
 1237 0087 0400     		.2byte	0x4
 1238 0089 74       		.byte	0x74
 1239 008a B07F     		.sleb128 -80
 1240 008c 9F       		.byte	0x9f
 1241 008d 00000000 		.4byte	0
 1242 0091 00000000 		.4byte	0
 1243              	.LLST4:
 1244 0095 04000000 		.4byte	.LVL1
 1245 0099 0A000000 		.4byte	.LVL2
 1246 009d 0300     		.2byte	0x3
 1247 009f 09       		.byte	0x9
ARM GAS  C:\Users\info\AppData\Local\Temp\cc5PelNN.s 			page 27


 1248 00a0 FF       		.byte	0xff
 1249 00a1 9F       		.byte	0x9f
 1250 00a2 0A000000 		.4byte	.LVL2
 1251 00a6 2C000000 		.4byte	.LVL5
 1252 00aa 0500     		.2byte	0x5
 1253 00ac 76       		.byte	0x76
 1254 00ad 00       		.sleb128 0
 1255 00ae 31       		.byte	0x31
 1256 00af 24       		.byte	0x24
 1257 00b0 9F       		.byte	0x9f
 1258 00b1 2C000000 		.4byte	.LVL5
 1259 00b5 2E000000 		.4byte	.LVL6
 1260 00b9 0100     		.2byte	0x1
 1261 00bb 56       		.byte	0x56
 1262 00bc 00000000 		.4byte	0
 1263 00c0 00000000 		.4byte	0
 1264              	.LLST5:
 1265 00c4 9C000000 		.4byte	.LVL13
 1266 00c8 BE000000 		.4byte	.LVL19
 1267 00cc 0200     		.2byte	0x2
 1268 00ce 75       		.byte	0x75
 1269 00cf 2A       		.sleb128 42
 1270 00d0 CA000000 		.4byte	.LVL21
 1271 00d4 E0000000 		.4byte	.LFE2
 1272 00d8 0200     		.2byte	0x2
 1273 00da 75       		.byte	0x75
 1274 00db 2A       		.sleb128 42
 1275 00dc 00000000 		.4byte	0
 1276 00e0 00000000 		.4byte	0
 1277              	.LLST6:
 1278 00e4 9C000000 		.4byte	.LVL13
 1279 00e8 BE000000 		.4byte	.LVL19
 1280 00ec 0100     		.2byte	0x1
 1281 00ee 56       		.byte	0x56
 1282 00ef CA000000 		.4byte	.LVL21
 1283 00f3 E0000000 		.4byte	.LFE2
 1284 00f7 0100     		.2byte	0x1
 1285 00f9 56       		.byte	0x56
 1286 00fa 00000000 		.4byte	0
 1287 00fe 00000000 		.4byte	0
 1288              	.LLST7:
 1289 0102 9C000000 		.4byte	.LVL13
 1290 0106 9E000000 		.4byte	.LVL14
 1291 010a 0200     		.2byte	0x2
 1292 010c 31       		.byte	0x31
 1293 010d 9F       		.byte	0x9f
 1294 010e 9E000000 		.4byte	.LVL14
 1295 0112 A2000000 		.4byte	.LVL15
 1296 0116 0200     		.2byte	0x2
 1297 0118 32       		.byte	0x32
 1298 0119 9F       		.byte	0x9f
 1299 011a A2000000 		.4byte	.LVL15
 1300 011e A6000000 		.4byte	.LVL16
 1301 0122 0200     		.2byte	0x2
 1302 0124 34       		.byte	0x34
 1303 0125 9F       		.byte	0x9f
 1304 0126 A6000000 		.4byte	.LVL16
ARM GAS  C:\Users\info\AppData\Local\Temp\cc5PelNN.s 			page 28


 1305 012a AA000000 		.4byte	.LVL17
 1306 012e 0200     		.2byte	0x2
 1307 0130 38       		.byte	0x38
 1308 0131 9F       		.byte	0x9f
 1309 0132 AA000000 		.4byte	.LVL17
 1310 0136 B4000000 		.4byte	.LVL18
 1311 013a 0200     		.2byte	0x2
 1312 013c 40       		.byte	0x40
 1313 013d 9F       		.byte	0x9f
 1314 013e B4000000 		.4byte	.LVL18
 1315 0142 BE000000 		.4byte	.LVL19
 1316 0146 0300     		.2byte	0x3
 1317 0148 08       		.byte	0x8
 1318 0149 20       		.byte	0x20
 1319 014a 9F       		.byte	0x9f
 1320 014b CA000000 		.4byte	.LVL21
 1321 014f CC000000 		.4byte	.LVL22
 1322 0153 0200     		.2byte	0x2
 1323 0155 40       		.byte	0x40
 1324 0156 9F       		.byte	0x9f
 1325 0157 D0000000 		.4byte	.LVL23
 1326 015b D4000000 		.4byte	.LVL24
 1327 015f 0200     		.2byte	0x2
 1328 0161 32       		.byte	0x32
 1329 0162 9F       		.byte	0x9f
 1330 0163 D4000000 		.4byte	.LVL24
 1331 0167 D8000000 		.4byte	.LVL25
 1332 016b 0200     		.2byte	0x2
 1333 016d 31       		.byte	0x31
 1334 016e 9F       		.byte	0x9f
 1335 016f D8000000 		.4byte	.LVL25
 1336 0173 DC000000 		.4byte	.LVL26
 1337 0177 0200     		.2byte	0x2
 1338 0179 38       		.byte	0x38
 1339 017a 9F       		.byte	0x9f
 1340 017b DC000000 		.4byte	.LVL26
 1341 017f E0000000 		.4byte	.LFE2
 1342 0183 0200     		.2byte	0x2
 1343 0185 34       		.byte	0x34
 1344 0186 9F       		.byte	0x9f
 1345 0187 00000000 		.4byte	0
 1346 018b 00000000 		.4byte	0
 1347              	.LLST8:
 1348 018f 9C000000 		.4byte	.LVL13
 1349 0193 9E000000 		.4byte	.LVL14
 1350 0197 0200     		.2byte	0x2
 1351 0199 35       		.byte	0x35
 1352 019a 9F       		.byte	0x9f
 1353 019b 9E000000 		.4byte	.LVL14
 1354 019f A2000000 		.4byte	.LVL15
 1355 01a3 0200     		.2byte	0x2
 1356 01a5 34       		.byte	0x34
 1357 01a6 9F       		.byte	0x9f
 1358 01a7 A2000000 		.4byte	.LVL15
 1359 01ab A6000000 		.4byte	.LVL16
 1360 01af 0200     		.2byte	0x2
 1361 01b1 33       		.byte	0x33
ARM GAS  C:\Users\info\AppData\Local\Temp\cc5PelNN.s 			page 29


 1362 01b2 9F       		.byte	0x9f
 1363 01b3 A6000000 		.4byte	.LVL16
 1364 01b7 AA000000 		.4byte	.LVL17
 1365 01bb 0200     		.2byte	0x2
 1366 01bd 32       		.byte	0x32
 1367 01be 9F       		.byte	0x9f
 1368 01bf AA000000 		.4byte	.LVL17
 1369 01c3 B4000000 		.4byte	.LVL18
 1370 01c7 0200     		.2byte	0x2
 1371 01c9 31       		.byte	0x31
 1372 01ca 9F       		.byte	0x9f
 1373 01cb B4000000 		.4byte	.LVL18
 1374 01cf BE000000 		.4byte	.LVL19
 1375 01d3 0200     		.2byte	0x2
 1376 01d5 30       		.byte	0x30
 1377 01d6 9F       		.byte	0x9f
 1378 01d7 CA000000 		.4byte	.LVL21
 1379 01db CC000000 		.4byte	.LVL22
 1380 01df 0200     		.2byte	0x2
 1381 01e1 31       		.byte	0x31
 1382 01e2 9F       		.byte	0x9f
 1383 01e3 D0000000 		.4byte	.LVL23
 1384 01e7 D4000000 		.4byte	.LVL24
 1385 01eb 0200     		.2byte	0x2
 1386 01ed 34       		.byte	0x34
 1387 01ee 9F       		.byte	0x9f
 1388 01ef D4000000 		.4byte	.LVL24
 1389 01f3 D8000000 		.4byte	.LVL25
 1390 01f7 0200     		.2byte	0x2
 1391 01f9 35       		.byte	0x35
 1392 01fa 9F       		.byte	0x9f
 1393 01fb D8000000 		.4byte	.LVL25
 1394 01ff DC000000 		.4byte	.LVL26
 1395 0203 0200     		.2byte	0x2
 1396 0205 32       		.byte	0x32
 1397 0206 9F       		.byte	0x9f
 1398 0207 DC000000 		.4byte	.LVL26
 1399 020b E0000000 		.4byte	.LFE2
 1400 020f 0200     		.2byte	0x2
 1401 0211 33       		.byte	0x33
 1402 0212 9F       		.byte	0x9f
 1403 0213 00000000 		.4byte	0
 1404 0217 00000000 		.4byte	0
 1405              		.section	.debug_aranges,"",%progbits
 1406 0000 1C000000 		.4byte	0x1c
 1407 0004 0200     		.2byte	0x2
 1408 0006 00000000 		.4byte	.Ldebug_info0
 1409 000a 04       		.byte	0x4
 1410 000b 00       		.byte	0
 1411 000c 0000     		.2byte	0
 1412 000e 0000     		.2byte	0
 1413 0010 00000000 		.4byte	.LFB2
 1414 0014 E0000000 		.4byte	.LFE2-.LFB2
 1415 0018 00000000 		.4byte	0
 1416 001c 00000000 		.4byte	0
 1417              		.section	.debug_ranges,"",%progbits
 1418              	.Ldebug_ranges0:
ARM GAS  C:\Users\info\AppData\Local\Temp\cc5PelNN.s 			page 30


 1419 0000 96000000 		.4byte	.LBB10
 1420 0004 98000000 		.4byte	.LBE10
 1421 0008 9C000000 		.4byte	.LBB14
 1422 000c C0000000 		.4byte	.LBE14
 1423 0010 CA000000 		.4byte	.LBB15
 1424 0014 E0000000 		.4byte	.LBE15
 1425 0018 00000000 		.4byte	0
 1426 001c 00000000 		.4byte	0
 1427 0020 00000000 		.4byte	.LFB2
 1428 0024 E0000000 		.4byte	.LFE2
 1429 0028 00000000 		.4byte	0
 1430 002c 00000000 		.4byte	0
 1431              		.section	.debug_line,"",%progbits
 1432              	.Ldebug_line0:
 1433 0000 B0010000 		.section	.debug_str,"MS",%progbits,1
 1433      02004101 
 1433      00000201 
 1433      FB0E0D00 
 1433      01010101 
 1434              	.LASF26:
 1435 0000 785F6F66 		.ascii	"x_offset\000"
 1435      66736574 
 1435      00
 1436              	.LASF27:
 1437 0009 69735F66 		.ascii	"is_font_inverse_mode\000"
 1437      6F6E745F 
 1437      696E7665 
 1437      7273655F 
 1437      6D6F6465 
 1438              	.LASF49:
 1439 001e 7370695F 		.ascii	"spi_mode\000"
 1439      6D6F6465 
 1439      00
 1440              	.LASF68:
 1441 0027 2E2E5C75 		.ascii	"..\\u8g2-master\\csrc\\u8x8_debounce.c\000"
 1441      3867322D 
 1441      6D617374 
 1441      65725C63 
 1441      7372635C 
 1442              	.LASF24:
 1443 004b 666F6E74 		.ascii	"font\000"
 1443      00
 1444              	.LASF36:
 1445 0050 6465626F 		.ascii	"debounce_result_msg\000"
 1445      756E6365 
 1445      5F726573 
 1445      756C745F 
 1445      6D736700 
 1446              	.LASF2:
 1447 0064 73686F72 		.ascii	"short int\000"
 1447      7420696E 
 1447      7400
 1448              	.LASF22:
 1449 006e 6770696F 		.ascii	"gpio_and_delay_cb\000"
 1449      5F616E64 
 1449      5F64656C 
 1449      61795F63 
ARM GAS  C:\Users\info\AppData\Local\Temp\cc5PelNN.s 			page 31


 1449      6200
 1450              	.LASF53:
 1451 0080 74696C65 		.ascii	"tile_width\000"
 1451      5F776964 
 1451      746800
 1452              	.LASF40:
 1453 008b 63686970 		.ascii	"chip_enable_level\000"
 1453      5F656E61 
 1453      626C655F 
 1453      6C657665 
 1453      6C00
 1454              	.LASF46:
 1455 009d 7364615F 		.ascii	"sda_setup_time_ns\000"
 1455      73657475 
 1455      705F7469 
 1455      6D655F6E 
 1455      7300
 1456              	.LASF45:
 1457 00af 706F7374 		.ascii	"post_reset_wait_ms\000"
 1457      5F726573 
 1457      65745F77 
 1457      6169745F 
 1457      6D7300
 1458              	.LASF7:
 1459 00c2 5F5F7569 		.ascii	"__uint32_t\000"
 1459      6E743332 
 1459      5F7400
 1460              	.LASF69:
 1461 00cd 433A5C55 		.ascii	"C:\\Users\\info\\Desktop\\Spring 2019 Classes\\6.11"
 1461      73657273 
 1461      5C696E66 
 1461      6F5C4465 
 1461      736B746F 
 1462 00fb 355C362E 		.ascii	"5\\6.115-final\\PSoCCreator\\Final Project\\FinalEm"
 1462      3131352D 
 1462      66696E61 
 1462      6C5C5053 
 1462      6F434372 
 1463 012a 756C6174 		.ascii	"ulator.cydsn\000"
 1463      6F722E63 
 1463      7964736E 
 1463      00
 1464              	.LASF4:
 1465 0137 5F5F7569 		.ascii	"__uint16_t\000"
 1465      6E743136 
 1465      5F7400
 1466              	.LASF62:
 1467 0142 75387838 		.ascii	"u8x8_find_first_diff\000"
 1467      5F66696E 
 1467      645F6669 
 1467      7273745F 
 1467      64696666 
 1468              	.LASF52:
 1469 0157 77726974 		.ascii	"write_pulse_width_ns\000"
 1469      655F7075 
 1469      6C73655F 
 1469      77696474 
ARM GAS  C:\Users\info\AppData\Local\Temp\cc5PelNN.s 			page 32


 1469      685F6E73 
 1470              	.LASF12:
 1471 016c 75696E74 		.ascii	"uint8_t\000"
 1471      385F7400 
 1472              	.LASF42:
 1473 0174 706F7374 		.ascii	"post_chip_enable_wait_ns\000"
 1473      5F636869 
 1473      705F656E 
 1473      61626C65 
 1473      5F776169 
 1474              	.LASF64:
 1475 018d 75387838 		.ascii	"u8x8\000"
 1475      00
 1476              	.LASF71:
 1477 0192 75387838 		.ascii	"u8x8_gpio_call\000"
 1477      5F677069 
 1477      6F5F6361 
 1477      6C6C00
 1478              	.LASF65:
 1479 01a1 70696E5F 		.ascii	"pin_state\000"
 1479      73746174 
 1479      6500
 1480              	.LASF23:
 1481 01ab 6275735F 		.ascii	"bus_clock\000"
 1481      636C6F63 
 1481      6B00
 1482              	.LASF55:
 1483 01b5 64656661 		.ascii	"default_x_offset\000"
 1483      756C745F 
 1483      785F6F66 
 1483      66736574 
 1483      00
 1484              	.LASF37:
 1485 01c6 75387838 		.ascii	"u8x8_display_info_t\000"
 1485      5F646973 
 1485      706C6179 
 1485      5F696E66 
 1485      6F5F7400 
 1486              	.LASF34:
 1487 01da 6465626F 		.ascii	"debounce_last_pin_state\000"
 1487      756E6365 
 1487      5F6C6173 
 1487      745F7069 
 1487      6E5F7374 
 1488              	.LASF9:
 1489 01f2 6C6F6E67 		.ascii	"long long int\000"
 1489      206C6F6E 
 1489      6720696E 
 1489      7400
 1490              	.LASF32:
 1491 0200 6770696F 		.ascii	"gpio_result\000"
 1491      5F726573 
 1491      756C7400 
 1492              	.LASF47:
 1493 020c 73636B5F 		.ascii	"sck_pulse_width_ns\000"
 1493      70756C73 
 1493      655F7769 
ARM GAS  C:\Users\info\AppData\Local\Temp\cc5PelNN.s 			page 33


 1493      6474685F 
 1493      6E7300
 1494              	.LASF6:
 1495 021f 6C6F6E67 		.ascii	"long int\000"
 1495      20696E74 
 1495      00
 1496              	.LASF3:
 1497 0228 5F5F7569 		.ascii	"__uint8_t\000"
 1497      6E74385F 
 1497      7400
 1498              	.LASF19:
 1499 0232 64697370 		.ascii	"display_cb\000"
 1499      6C61795F 
 1499      636200
 1500              	.LASF67:
 1501 023d 474E5520 		.ascii	"GNU C11 5.4.1 20160609 (release) [ARM/embedded-5-br"
 1501      43313120 
 1501      352E342E 
 1501      31203230 
 1501      31363036 
 1502 0270 616E6368 		.ascii	"anch revision 237715] -mcpu=cortex-m3 -mthumb -g -O"
 1502      20726576 
 1502      6973696F 
 1502      6E203233 
 1502      37373135 
 1503 02a3 33202D66 		.ascii	"3 -ffunction-sections -ffat-lto-objects\000"
 1503      66756E63 
 1503      74696F6E 
 1503      2D736563 
 1503      74696F6E 
 1504              	.LASF51:
 1505 02cb 64617461 		.ascii	"data_setup_time_ns\000"
 1505      5F736574 
 1505      75705F74 
 1505      696D655F 
 1505      6E7300
 1506              	.LASF15:
 1507 02de 6C6F6E67 		.ascii	"long double\000"
 1507      20646F75 
 1507      626C6500 
 1508              	.LASF54:
 1509 02ea 74696C65 		.ascii	"tile_height\000"
 1509      5F686569 
 1509      67687400 
 1510              	.LASF1:
 1511 02f6 756E7369 		.ascii	"unsigned char\000"
 1511      676E6564 
 1511      20636861 
 1511      7200
 1512              	.LASF0:
 1513 0304 7369676E 		.ascii	"signed char\000"
 1513      65642063 
 1513      68617200 
 1514              	.LASF10:
 1515 0310 6C6F6E67 		.ascii	"long long unsigned int\000"
 1515      206C6F6E 
 1515      6720756E 
ARM GAS  C:\Users\info\AppData\Local\Temp\cc5PelNN.s 			page 34


 1515      7369676E 
 1515      65642069 
 1516              	.LASF14:
 1517 0327 75696E74 		.ascii	"uint32_t\000"
 1517      33325F74 
 1517      00
 1518              	.LASF11:
 1519 0330 756E7369 		.ascii	"unsigned int\000"
 1519      676E6564 
 1519      20696E74 
 1519      00
 1520              	.LASF13:
 1521 033d 75696E74 		.ascii	"uint16_t\000"
 1521      31365F74 
 1521      00
 1522              	.LASF39:
 1523 0346 75387838 		.ascii	"u8x8_display_info_struct\000"
 1523      5F646973 
 1523      706C6179 
 1523      5F696E66 
 1523      6F5F7374 
 1524              	.LASF44:
 1525 035f 72657365 		.ascii	"reset_pulse_width_ms\000"
 1525      745F7075 
 1525      6C73655F 
 1525      77696474 
 1525      685F6D73 
 1526              	.LASF16:
 1527 0374 75387838 		.ascii	"u8x8_t\000"
 1527      5F7400
 1528              	.LASF50:
 1529 037b 6932635F 		.ascii	"i2c_bus_clock_100kHz\000"
 1529      6275735F 
 1529      636C6F63 
 1529      6B5F3130 
 1529      306B487A 
 1530              	.LASF48:
 1531 0390 73636B5F 		.ascii	"sck_clock_hz\000"
 1531      636C6F63 
 1531      6B5F687A 
 1531      00
 1532              	.LASF5:
 1533 039d 73686F72 		.ascii	"short unsigned int\000"
 1533      7420756E 
 1533      7369676E 
 1533      65642069 
 1533      6E7400
 1534              	.LASF60:
 1535 03b0 75387838 		.ascii	"u8x8_char_cb\000"
 1535      5F636861 
 1535      725F6362 
 1535      00
 1536              	.LASF35:
 1537 03bd 6465626F 		.ascii	"debounce_state\000"
 1537      756E6365 
 1537      5F737461 
 1537      746500
ARM GAS  C:\Users\info\AppData\Local\Temp\cc5PelNN.s 			page 35


 1538              	.LASF17:
 1539 03cc 64697370 		.ascii	"display_info\000"
 1539      6C61795F 
 1539      696E666F 
 1539      00
 1540              	.LASF58:
 1541 03d9 70697865 		.ascii	"pixel_height\000"
 1541      6C5F6865 
 1541      69676874 
 1541      00
 1542              	.LASF66:
 1543 03e6 72657375 		.ascii	"result_msg\000"
 1543      6C745F6D 
 1543      736700
 1544              	.LASF70:
 1545 03f1 75387838 		.ascii	"u8x8_GetMenuEvent\000"
 1545      5F476574 
 1545      4D656E75 
 1545      4576656E 
 1545      7400
 1546              	.LASF57:
 1547 0403 70697865 		.ascii	"pixel_width\000"
 1547      6C5F7769 
 1547      64746800 
 1548              	.LASF31:
 1549 040f 75746638 		.ascii	"utf8_state\000"
 1549      5F737461 
 1549      746500
 1550              	.LASF38:
 1551 041a 75387838 		.ascii	"u8x8_struct\000"
 1551      5F737472 
 1551      75637400 
 1552              	.LASF8:
 1553 0426 6C6F6E67 		.ascii	"long unsigned int\000"
 1553      20756E73 
 1553      69676E65 
 1553      6420696E 
 1553      7400
 1554              	.LASF21:
 1555 0438 62797465 		.ascii	"byte_cb\000"
 1555      5F636200 
 1556              	.LASF41:
 1557 0440 63686970 		.ascii	"chip_disable_level\000"
 1557      5F646973 
 1557      61626C65 
 1557      5F6C6576 
 1557      656C00
 1558              	.LASF61:
 1559 0453 6D61736B 		.ascii	"mask\000"
 1559      00
 1560              	.LASF28:
 1561 0458 6932635F 		.ascii	"i2c_address\000"
 1561      61646472 
 1561      65737300 
 1562              	.LASF63:
 1563 0464 75387838 		.ascii	"u8x8_read_pin_state\000"
 1563      5F726561 
ARM GAS  C:\Users\info\AppData\Local\Temp\cc5PelNN.s 			page 36


 1563      645F7069 
 1563      6E5F7374 
 1563      61746500 
 1564              	.LASF56:
 1565 0478 666C6970 		.ascii	"flipmode_x_offset\000"
 1565      6D6F6465 
 1565      5F785F6F 
 1565      66667365 
 1565      7400
 1566              	.LASF25:
 1567 048a 656E636F 		.ascii	"encoding\000"
 1567      64696E67 
 1567      00
 1568              	.LASF29:
 1569 0493 6932635F 		.ascii	"i2c_started\000"
 1569      73746172 
 1569      74656400 
 1570              	.LASF20:
 1571 049f 6361645F 		.ascii	"cad_cb\000"
 1571      636200
 1572              	.LASF30:
 1573 04a6 64657669 		.ascii	"device_address\000"
 1573      63655F61 
 1573      64647265 
 1573      737300
 1574              	.LASF33:
 1575 04b5 6465626F 		.ascii	"debounce_default_pin_state\000"
 1575      756E6365 
 1575      5F646566 
 1575      61756C74 
 1575      5F70696E 
 1576              	.LASF59:
 1577 04d0 75387838 		.ascii	"u8x8_msg_cb\000"
 1577      5F6D7367 
 1577      5F636200 
 1578              	.LASF18:
 1579 04dc 6E657874 		.ascii	"next_cb\000"
 1579      5F636200 
 1580              	.LASF43:
 1581 04e4 7072655F 		.ascii	"pre_chip_disable_wait_ns\000"
 1581      63686970 
 1581      5F646973 
 1581      61626C65 
 1581      5F776169 
 1582              		.ident	"GCC: (GNU Tools for ARM Embedded Processors) 5.4.1 20160609 (release) [ARM/embedded-5-bran
