ARM GAS  C:\Users\info\AppData\Local\Temp\ccEr2Amu.s 			page 1


   1              		.syntax unified
   2              		.cpu cortex-m3
   3              		.fpu softvfp
   4              		.eabi_attribute 20, 1
   5              		.eabi_attribute 21, 1
   6              		.eabi_attribute 23, 3
   7              		.eabi_attribute 24, 1
   8              		.eabi_attribute 25, 1
   9              		.eabi_attribute 26, 1
  10              		.eabi_attribute 30, 4
  11              		.eabi_attribute 34, 1
  12              		.eabi_attribute 18, 4
  13              		.thumb
  14              		.syntax unified
  15              		.file	"VGA.c"
  16              		.text
  17              	.Ltext0:
  18              		.section	.gnu.lto_.profile.bf152d67,"",%progbits
  19 0000 789C6361 		.ascii	"x\234ca`d`a`\000\222\222\242\000\000\261\0009"
  19      60646061 
  19      60009292 
  19      A20000B1 
  19      0039
  20              		.text
  21              		.section	.gnu.lto_.icf.bf152d67,"",%progbits
  22 0000 789C6361 		.ascii	"x\234ca`d\000\001I\006\004`aX\334\322\373\204\227\361"
  22      60640001 
  22      49060460 
  22      6158DCD2 
  22      FB8497F1 
  23 0014 E0B2A7AA 		.ascii	"\340\262\247\252LO\317_y\305\307|\240\371\346a6\006"
  23      4C4FCF5F 
  23      79C5C77C 
  23      A0F9E661 
  23      3606
  24 0026 0095A00B 		.ascii	"\000\225\240\013\244"
  24      A4
  25              		.text
  26              		.section	.gnu.lto_.jmpfuncs.bf152d67,"",%progbits
  27 0000 789C6361 		.ascii	"x\234ca`d\000\001!\006\004`a`dd\254g\004\021L\014\014"
  27      60640001 
  27      21060460 
  27      61606464 
  27      AC670411 
  28 0017 CC401100 		.ascii	"\314@\021\000\016\"\001&"
  28      0E220126 
  29              		.text
  30              		.section	.gnu.lto_.inline.bf152d67,"",%progbits
  31 0000 789C6361 		.ascii	"x\234ca`d\000\201$\006\004`a`\340\344`dd\340\000J1s"
  31      60640081 
  31      24060460 
  31      6160E0E4 
  31      606464E0 
  32 0018 1CB06360 		.ascii	"\034\260c`[ \317\304\300\262@\236\005$\013\024g\307"
  32      5B20CFC4 
  32      C0B2409E 
  32      05240B14 
ARM GAS  C:\Users\info\AppData\Local\Temp\ccEr2Amu.s 			page 2


  32      67C7
  33 002a 9064BAC0 		.ascii	"\220d\272\300\017\226db`ced`b\373\240\007\021\007\002"
  33      0F966462 
  33      60636564 
  33      6062FBA0 
  33      07110702 
  34 003e 664C2106 		.ascii	"fL!\006\000\346\332\011\346"
  34      00E6DA09 
  34      E6
  35              		.text
  36              		.section	.gnu.lto_.pureconst.bf152d67,"",%progbits
  37 0000 789C6361 		.ascii	"x\234ca`d\340d```a\220b\224b\222b\226\002\000\002\261"
  37      6064E064 
  37      60606061 
  37      90629462 
  37      92629602 
  38 0017 0081     		.ascii	"\000\201"
  39              		.text
  40              		.section	.gnu.lto_VGA_Write.bf152d67,"",%progbits
  41 0000 789C5551 		.ascii	"x\234UQ\317KTQ\024>\337\275\357\275\321\246\354\017"
  41      CF4B5451 
  41      143EDFBD 
  41      EFBDD1A6 
  41      EC0F
  42 0012 6882D998 		.ascii	"h\202\331\230\330\"\204\350\017\250\026n#\241\325@\014"
  42      D82284E8 
  42      0FA8166E 
  42      23A1D540 
  42      0C
  43 0023 E35B0899 		.ascii	"\343[\010\231\240c[\357\233qFh\345\246\261\215\032\206"
  43      A0635BEF 
  43      9B714668 
  43      E5A6B18D 
  43      1A86
  44 0035 68BF3475 		.ascii	"h\2774u%\010>\037\014-\202\332H\013\251\220!\236\340"
  44      25083E1F 
  44      0C2D82DA 
  44      480BA990 
  44      219EE0
  45 0048 6A840625 		.ascii	"j\204\006%\253\351\234\373\\\344\201\373\343\235\367"
  45      ABE99CFB 
  45      5CE481FB 
  45      E39DF7
  46 0057 7DDFF9CE 		.ascii	"}\337\371\316\271\016\201$\256+\242>>\257\360\202&\250"
  46      B90E8124 
  46      AE2BA23E 
  46      3EAFF082 
  46      26A8
  47 0069 E94F4441 		.ascii	"\351ODA\207\002\344b:@\023\012\023h\251?\012\321T\274"
  47      8702E462 
  47      3A40130A 
  47      1368A93F 
  47      0AD154BC 
  48 007d A97A970C 		.ascii	"\251z\227\014\307\376\342\2346\313!*\232\250\255\254"
  48      C7FEE29C 
  48      36CB212A 
  48      9AA8ADAC 
ARM GAS  C:\Users\info\AppData\Local\Temp\ccEr2Amu.s 			page 3


  49 008d 126109BD 		.ascii	"\022a\011\275\214:\330\232\332\205\316\202\370^\215"
  49      8C3AD89A 
  49      DA85CE82 
  49      F85E8D
  50 009c 5ACD74CF 		.ascii	"Z\315t\317\2421%c\276\345\214\256h`\031\232\031\270"
  50      A2312563 
  50      BEE58CAE 
  50      6860199A 
  50      19B8
  51 00ae 99415F86 		.ascii	"\231A_\2068Ax\205\036\001\237\354\355\256t\351k\226"
  51      38417885 
  51      1E019FEC 
  51      EDAE74E9 
  51      6B96
  52 00c0 386DE285 		.ascii	"8m\342\205\213\335/\205\030\036\017\317\2300\310\012"
  52      8BDD2F85 
  52      181E0FCF 
  52      9830C80A 
  53 00d0 F7F5FF5C 		.ascii	"\367\365\377\\\011\2066\326\376>\273\344M\212\253,\336"
  53      098636D6 
  53      FE3EBBE4 
  53      4D8AAB2C 
  53      DE
  54 00e1 A03BF183 		.ascii	"\240;\361\203\267\360\270CHf\365~h\332\355\262\011["
  54      B7F0B843 
  54      4866F57E 
  54      68DAEDB2 
  54      095B
  55 00f3 6E4B772A 		.ascii	"nKw*.\252\270S\376\341@j\273\222\360dK\311F\324\344"
  55      2EAAB853 
  55      FEE1406A 
  55      BB92F064 
  55      4BC946D4 
  56 0108 25DD1F29 		.ascii	"%\335\037)%\247\216\021\375z\372}&%\232e-\223\250U\242"
  56      25A78E11 
  56      FD7AFA7D 
  56      26259A65 
  56      2D93A855 
  57 011d CFA99FAA 		.ascii	"\317\251\237\252\242\265u[\337n<W\311\347\213\205\300"
  57      A2B5755B 
  57      DF6E3C57 
  57      C9E78B85 
  57      C0
  58 012e 389CFAB8 		.ascii	"8\234\372\2707W\352\232\307l0\3113r\260\202\014\336"
  58      3757EA9A 
  58      C76C30C9 
  58      3372B082 
  58      0CDE
  59 0140 813D6315 		.ascii	"\201=c\025\363\240\030\345\337\325\257H\004u\242\371"
  59      F3A018E5 
  59      DFD5AF48 
  59      0475A2F9 
  60 0150 65B65E4B 		.ascii	"e\266^K\213\010p\012\274gp\003\312\266\301N\031%\244"
  60      8B08700A 
  60      BC677003 
  60      CAB6C14E 
  60      1925A4
ARM GAS  C:\Users\info\AppData\Local\Temp\ccEr2Amu.s 			page 4


  61 0163 6635FE70 		.ascii	"f5\376pf\303-k\251So\037\207\227\205\3452x\215IV\372"
  61      66C32D6B 
  61      A9536F1F 
  61      879785E5 
  61      32788D49 
  62 0179 C799B4E0 		.ascii	"\307\231\264\340\030\264\263\277~d\245\0358XO@'^\002"
  62      18B4B3BF 
  62      7E64A51D 
  62      38584F40 
  62      275E02
  63 018c 4959031E 		.ascii	"IY\003\036\247\242\232e\2353\037\030\223>\357\177\203"
  63      A7A29A65 
  63      9D331F18 
  63      933EEF7F 
  63      83
  64 019d FD338B0E 		.ascii	"\3753\213\016Q\012O]!\330\207h*\310\254xrW\373\375\307"
  64      510A4F5D 
  64      21D88768 
  64      2AC8AC78 
  64      7257FBFD 
  65 01b2 FE68BEE8 		.ascii	"\376h\276\350\017>\034\030\031\037-\370\271{\003#wo"
  65      0F3E1C18 
  65      191F2DF8 
  65      B97B0323 
  65      776F
  66 01c4 E51EF4DF 		.ascii	"\345\036\364\337\276Q \367I\376\321\270\177a\254\230"
  66      BE5120F7 
  66      49FED1B8 
  66      7F61AC98 
  67 01d4 2F0E15EE 		.ascii	"/\016\025\356\014\025\307\376\001\3546\301\305"
  67      0C15C7FE 
  67      01EC36C1 
  67      C5
  68              		.text
  69              		.section	.gnu.lto_VGA_SetDriveMode.bf152d67,"",%progbits
  70 0000 789C7D51 		.ascii	"x\234}QM+DQ\030~\237s\356\334;\223\370\003FY(\331H\311"
  70      4D2B4451 
  70      187E9F73 
  70      EEDC3B93 
  70      F8034659 
  71 0018 0F90622B 		.ascii	"\017\220b+\312jJ2w\311D,\345\314\214I\261\021\261\221"
  71      CA6A4A32 
  71      77C9442C 
  71      E5CC8C49 
  71      B111B191 
  72 002c D8C8B721 		.ascii	"\330\310\267!\245\354\306-\262bga!Y\214\022\032_\221"
  72      A5ECC62D 
  72      B2626761 
  72      21598C12 
  72      1A5F91
  73 003f AFF1BEF7 		.ascii	"\257\361\276\367Z\314\312\351\236\367\343\351y\236\336"
  73      5ACCCAE9 
  73      9EF7E3E9 
  73      799EDE
  74 004e F75C8B40 		.ascii	"\367\\\213@rn8\325p\256\344\013MPS\247D\311\260\002"
  74      726E38D5 
  74      70AEE40B 
ARM GAS  C:\Users\info\AppData\Local\Temp\ccEr2Amu.s 			page 5


  74      4D5053A7 
  74      44C9B002 
  75 0062 A43061D0 		.ascii	"\2440a\320\250\302(^\325\267\2027\236?Pu+\206\317\325"
  75      A8C2285E 
  75      D5B78237 
  75      9E3F5075 
  75      2B86CFD5 
  76 0076 D1438359 		.ascii	"\321C\203Y\315!\243\211\212\312w\"\254\240\216Y\317"
  76      CD21A389 
  76      8ACA7722 
  76      ACA08E59 
  76      CF
  77 0087 7BCB3365 		.ascii	"{\3133e\272\032\304\365\343i\341\262\242v\331\230\224"
  77      BA1AC4F5 
  77      E369E1B2 
  77      A276D998 
  77      94
  78 0098 319F31A3 		.ascii	"1\2371\2433\032X\205f\005\032\243h\210\022\003\2045"
  78      331A5885 
  78      66051AA3 
  78      68881203 
  78      8435
  79 00aa D40AF97A 		.ascii	"\324\012\371z\367g\266\334\036\023\373\352\300\024\353"
  79      F767B6DC 
  79      1E13FBEA 
  79      C014EB
  80 00b9 B065CC6C 		.ascii	"\260e\314lG\316\024\213i\223{\263\017?\3542\3052\245"
  80      47CE148B 
  80      69937BB3 
  80      0F3FEC32 
  80      C532A5
  81 00cc 39684B42 		.ascii	"9hKB\010\342`K\351H\010K\210\010\207\250\300W\026yT"
  81      08E2604B 
  81      E948084B 
  81      880887A8 
  81      C0571679 
  82 00e1 4AB2CEC3 		.ascii	"J\262\316\303\373\230\310\317[\342\234\326\262\324\\"
  82      FB98C8CF 
  82      5BE29CD6 
  82      B2D45C
  83 00f0 C63B735E 		.ascii	"\306;s^TF[\376\304w\336\324H\320M/%\215\305\310I\362"
  83      54465BFE 
  83      C477DED4 
  83      48D04D2F 
  83      258DC5C8 
  84 0106 605F2F62 		.ascii	"`_/b!9\306\333\206\260\211(6\020\345\341\266\260\010"
  84      2139C6DB 
  84      86B08928 
  84      3610E5E1 
  84      B6B008
  85 0119 CA23F5E4 		.ascii	"\312#\365\344\004n\232\015\271O\177\331Ao1\304\372\213"
  85      046E9A0D 
  85      B94F7FD9 
  85      416F31C4 
  85      FA8B
  86 012b E3C9EF88 		.ascii	"\343\311\357\210Xj\014`\233\225%\022\376B\245\022\207"
  86      586A0C60 
ARM GAS  C:\Users\info\AppData\Local\Temp\ccEr2Amu.s 			page 6


  86      9B952512 
  86      FE42A512 
  86      87
  87 013c 2196DC9F 		.ascii	"!\226\334\237ol\352@R\201\254/I\277\377Q\302\276\261"
  87      6F6CEA40 
  87      5281AC2F 
  87      49BFFF51 
  87      C2BEB1
  88 014f 53EA1261 		.ascii	"S\352\022a\224{o\016\322\3777\362\016\217\314|\272E"
  88      947B6F0E 
  88      D2FF37F2 
  88      0E8FCC7C 
  88      BA45
  89 0161 2AF7D92A 		.ascii	"*\367\331*l\377\317\025\024\344u\370\255\252\332\334"
  89      6CFFCF15 
  89      14E475F8 
  89      ADAADADC 
  90 0171 7E77B067 		.ascii	"~w\260g\310\215ww&\206\007{\335X{g\242\245)\326\325"
  90      C88D7777 
  90      2686077B 
  90      DD587B67 
  90      A2A529D6 
  91 0186 D65CDF4B 		.ascii	"\326\\\337KV_\"\356\376\002\337\032\243\333"
  91      565F22EE 
  91      FE02DF1A 
  91      A3DB
  92              		.text
  93              		.section	.gnu.lto_VGA_Read.bf152d67,"",%progbits
  94 0000 789C3D4F 		.ascii	"x\234=O;K\003A\020\236o\367r\027\004\361\007\030\321"
  94      3B4B0341 
  94      109E6FF7 
  94      721704F1 
  94      0718D1
  95 0013 368D0822 		.ascii	"6\215\010\"\210\235\010\246\025\003\251\002\"\361Z\003"
  95      889D08A6 
  95      1503A902 
  95      22F15A03 
  96 0023 41EB6C72 		.ascii	"A\353lr\271\004\304\302F\205\340\003\025I|\241\376\203"
  96      B904C4C2 
  96      4685E003 
  96      15497CA1 
  96      FE83
  97 0035 33280882 		.ascii	"3(\010\202\217B\020\004\021\221\024V\032\224@P\317Y"
  97      8F421004 
  97      11911456 
  97      1A944050 
  97      CF59
  98 0047 4F1CD899 		.ascii	"O\034\330\231\335\331\3571c\020HG\202K7\327N>\220\004"
  98      DDD9EF31 
  98      63104847 
  98      824B37D7 
  98      4E3E9004 
  99 005b B1704994 		.ascii	"\261pI\224\013\013@_T\030\224\025\310\342C|\011\\4\317"
  99      0B0B405F 
  99      54189415 
  99      C8E2437C 
  99      095C34CF 
ARM GAS  C:\Users\info\AppData\Local\Temp\ccEr2Amu.s 			page 7


 100 006f E7DBA215 		.ascii	"\347\333\242\025\245\362\352q\2735\270\\\365\340J\""
 100      A5F2EA71 
 100      BB35B85C 
 100      F5E04A22 
 101 007f 5F10FA23 		.ascii	"_\020\372#\350\213h\211\012\242\304\320\247\343\357"
 101      E88B6889 
 101      0AA2C4D0 
 101      A7E3EF
 102 008e C576B3A0 		.ascii	"\305v\263\2408z4\200\177\2520\265\345\341\270\247|\337"
 102      387A3480 
 102      7FAA30B5 
 102      E5E1B8A7 
 102      7CDF
 103 00a0 51DEAD75 		.ascii	"Q\336\255urgY W\262/'\203\223\010\351d\222\226\245W"
 103      72675920 
 103      57B22F27 
 103      839308E9 
 103      649296A5 
 104 00b5 A6E921DE 		.ascii	"\246\351!\336\204\320U\326Qk\315=\254\015i%GJvYrkW\326"
 104      84D055D6 
 104      516BCD3D 
 104      AC0D6925 
 104      474A7659 
 105 00cd BB70A584 		.ascii	"\273p\245\2046-m\225\257\021<76s\312\340V\271\250\356"
 105      362D6D95 
 105      AF113C37 
 105      3673CAE0 
 105      56B9A8EE 
 106 00e1 CD75ACE6 		.ascii	"\315u\254\346\012<\252\201]D\260\003\036\024{X\007\325"
 106      0A3CAA81 
 106      5D44B003 
 106      1E147B58 
 106      07D5
 107 00f3 E17C8E92 		.ascii	"\341|\216\222#\021\310\335\024\216V\244\346\003\006"
 107      2311C8DD 
 107      148E56A4 
 107      E60306
 108 0102 F6195647 		.ascii	"\366\031VG\276Qz\026\201\241\3018\315h\024O\215\240"
 108      BE517A16 
 108      81A1C138 
 108      CD68144F 
 108      8DA0
 109 0114 13E226D3 		.ascii	"\023\342&\323\316\374\246\327\241i\002\002\007\3774"
 109      CEFCA6D7 
 109      A1690202 
 109      07FF34
 110 0123 04208DA3 		.ascii	"\004 \215\243\027\374\211\230\364\273\030\364B\274^"
 110      17FC8998 
 110      F4BB18F4 
 110      42BC5E
 111 0132 57CC9EB6 		.ascii	"W\314\236\2663\2233\366\324D<=\233I\331\311\261xzd "
 111      339333F6 
 111      D4443C3D 
 111      9B49D9C9 
 111      B1787A64 
 112 0147 99880DF7 		.ascii	"\231\210\015\367\246\350\007\350\000y\026"
 112      A6E807E8 
ARM GAS  C:\Users\info\AppData\Local\Temp\ccEr2Amu.s 			page 8


 112      007916
 113              		.text
 114              		.section	.gnu.lto_VGA_ReadDataReg.bf152d67,"",%progbits
 115 0000 789C3D4F 		.ascii	"x\234=O;K\003A\020\236o\367\362 \240\376\000#\332\246"
 115      3B4B0341 
 115      109E6FF7 
 115      F220A0FE 
 115      0023DAA6 
 116 0014 11412CB4 		.ascii	"\021A,\264\023\301\264b U@$^k h\235K.\247 \0266>\012"
 116      13C1B462 
 116      20554024 
 116      5E6B2068 
 116      9D4B2EA7 
 117 002d 35224812 		.ascii	"5\"H\022\037\250?@<\203\202 \370h\255$H\012+\015J@4"
 117      1FA83F40 
 117      3C838220 
 117      F868AD24 
 117      480A2B0D 
 118 0044 E78C270E 		.ascii	"\347\214'\016\354\314\356\354\367\2301\010$\221\344"
 118      ECCCEEEC 
 118      F7983108 
 118      2491E4
 119 0053 D2CBB59B 		.ascii	"\322\313\265\233\0174A\255\334\022\345\303\012\220\213"
 119      0F3441AD 
 119      DC12E5C3 
 119      0A908B
 120 0062 1506E514 		.ascii	"\025\006\345\024r\370P\337\0127\255\353\345H\254lY\005"
 120      72F850DF 
 120      0A37ADEB 
 120      E548AC6C 
 120      5905
 121 0074 EB69AF3C 		.ascii	"\353i\257<\274^q\341h\"O\021\006\243\030\210\212D\031"
 121      BC5E71E1 
 121      68224F11 
 121      06A31888 
 121      8A4419
 122 0087 316268FD 		.ascii	"1bh\375\264\275\332\021,Z\034}\002\340\237\012\202b"
 122      B4BDDA11 
 122      2C5A1C7D 
 122      02E09F0A 
 122      8262
 123 0099 793CE95A 		.ascii	"y<\351Z\236g[\356Y\344\342>\022\0029\232}9\031\234T"
 123      9E675BEE 
 123      59E4E23E 
 123      1202399A 
 123      7D39199C 
 124 00ae 40529044 		.ascii	"@R\220D\226^\231&C\274)%U7P\373\\jWGD\311\326\232]\326"
 124      965E9926 
 124      43BC2925 
 124      553750FB 
 124      5C6A5747 
 125 00c8 9CDA5DE8 		.ascii	"\234\332]\350]9ZCL\257\316\353\033\312\177\356\354\346"
 125      5D395A43 
 125      4CAFCEEB 
 125      1BCA7FEE 
 125      ECE6
 126 00da 2D43467E 		.ascii	"-CF~\334.t\226\260\225/\362\250\006\366\021E\025<(\016"
ARM GAS  C:\Users\info\AppData\Local\Temp\ccEr2Amu.s 			page 9


 126      DC2E7496 
 126      B0952FF2 
 126      A806F611 
 126      45153C28 
 127 00ef 50023560 		.ascii	"P\0025`\177\215\223\255\341\313=\024O6\265\360\001\003"
 127      7F8D93AD 
 127      E1CB3D14 
 127      4F36B5F0 
 127      0103
 128 0101 870C6BA0 		.ascii	"\207\014k\240\320\\|V\276\241\3018a4\027.\015\277\023"
 128      D05C7C56 
 128      BEA1C138 
 128      6134172E 
 128      0DBF13
 129 0114 E0A6D87A 		.ascii	"\340\246\330z-\267Kh\012\012G\3774\370 \301\321\013"
 129      2DB74B68 
 129      0A0A47FF 
 129      34F820C1 
 129      D10B
 130 0126 FE4482F4 		.ascii	"\376D\202\364\273\030d!^\257'n\316\232\331\3519sf*\221"
 130      BB186421 
 130      5EAF276E 
 130      CE9AD9E9 
 130      3973662A 
 131 013b 99CFA6CD 		.ascii	"\231\317\246\315\324D\"36\224J\306G\373\323\364\003"
 131      D4442233 
 131      36944AC6 
 131      47FBD3F4 
 131      03
 132 014c 138E7991 		.ascii	"\023\216y\221"
 133              		.text
 134              		.section	.gnu.lto_.symbol_nodes.bf152d67,"",%progbits
 135 0000 789C6361 		.ascii	"x\234ca`dpc\000\002&\206z\006\206\011\347\030@\324\256"
 135      60647063 
 135      00022686 
 135      7A068609 
 135      E71840D4 
 136 0015 0645A000 		.ascii	"\006E\240\000c=#\252\000S=\023\252\000s=3\212\000\003"
 136      633D23AA 
 136      00533D13 
 136      AA00733D 
 136      338A0003 
 137 0029 0026B60F 		.ascii	"\000&\266\017<"
 137      3C
 138              		.text
 139              		.section	.gnu.lto_.refs.bf152d67,"",%progbits
 140 0000 789C6361 		.ascii	"x\234ca`\004B \000\000\0009\000\007"
 140      60044220 
 140      00000039 
 140      0007
 141              		.text
 142              		.section	.gnu.lto_.decls.bf152d67,"",%progbits
 143 0000 789C8D53 		.ascii	"x\234\215S]HTA\024\236s\357\272\332\325T\244\302\207"
 143      5D485441 
 143      149E73EF 
 143      BADAD554 
 143      A4C287
ARM GAS  C:\Users\info\AppData\Local\Temp\ccEr2Amu.s 			page 10


 144 0013 0DCC279F 		.ascii	"\015\314'\237\226D\002\237\254P\362\251\014-{P\220U"
 144      9644029F 
 144      AC50F2A9 
 144      0C2D7B50 
 144      9055
 145 0025 2F2684C6 		.ascii	"/&\204\306\266\006\276M\376\204\372\244\220\345/j\206"
 145      B606BE4D 
 145      FE84FAA4 
 145      90E52F6A 
 145      86
 146 0036 F997BFAB 		.ascii	"\371\227\277\253\256\233\346Z\332\037\031\376\200 \006"
 146      AE9BE65A 
 146      DA1F19FE 
 146      802006
 147 0045 099B0F52 		.ascii	"\011\233\017R\206\241f\022\266\235\231{\357\336\255"
 147      86A16612 
 147      B69D997B 
 147      EFDEAD
 148 0054 3670B867 		.ascii	"6p\270g\346\234\231\363}\363\235\263\263\006\002\204"
 148      E69C99F3 
 148      7DF39DB3 
 148      B3060284 
 149 0064 8D0C0321 		.ascii	"\215\014\003!\225\270\2320\364\340\010@?\235\350\003"
 149      95B89A30 
 149      F4E00840 
 149      3F9DE803 
 150 0074 8FC930DA 		.ascii	"\217\3110\332\010\232\003\315I\376\035\354\334\250\342"
 150      089A03CD 
 150      49FE1DEC 
 150      DCA8E2
 151 0083 FA1817DA 		.ascii	"\372\030\027\3324\332\024Z\212\232\003j\336\337c\304"
 151      34DA145A 
 151      8A9A036A 
 151      DEDF63C4 
 152 0093 0F76C607 		.ascii	"\017v\306\007\257aG\374`\231\236\000\037\\\212\037\234"
 152      AF6147FC 
 152      60999E00 
 152      1F5C8A1F 
 152      9C
 153 00a4 C30FCE79 		.ascii	"\303\017\316y\010\234\277:\017\004pT\325}\017[\205\025"
 153      089CBF3A 
 153      0F047054 
 153      D57D0F5B 
 153      8515
 154 00b6 10406D20 		.ascii	"\020@m \001Pf\340F\024\343!:\002\237\211w\313\273\020"
 154      015066E0 
 154      4614E321 
 154      3A029F89 
 154      77CBBB10 
 155 00ca 6F8AEAEA 		.ascii	"o\212\352\352d\374\323V\21768\211\316\016*\010\274\012"
 155      64FCD356 
 155      8F363889 
 155      CE0E2A08 
 155      BC0A
 156 00dc 549F9F0B 		.ascii	"T\237\237\013\372\005\240\204\032\300\207O\221\353\243"
 156      FA05A084 
 156      1AC0874F 
ARM GAS  C:\Users\info\AppData\Local\Temp\ccEr2Amu.s 			page 11


 156      91EBA3
 157 00eb 09FEAC09 		.ascii	"\011\376\254\011\264\242w\033\007'A\304\212\321\377"
 157      B4A2771B 
 157      072741C4 
 157      8AD1FF
 158 00fa B8DF79C1 		.ascii	"\270\337y\301\334KqTS*\230\364\316\364\227\177\352\012"
 158      DC4B7154 
 158      532A98F4 
 158      CEF4977F 
 158      EA0A
 159 010c DA11C024 		.ascii	"\332\021\300$\201\007X\374e|\377\250\022\263\343\372"
 159      810758FC 
 159      657CFFA8 
 159      12B3E3FA 
 160 011c 1AF7AF60 		.ascii	"\032\367\257`\3618\363\205%w\317\206\001b\244\016F\263"
 160      F138F385 
 160      2577CF86 
 160      0162A40E 
 160      46B3
 161 012e B6379030 		.ascii	"\2667\2200Ni8\364\201\004\275 B\027\230\331\345&\011"
 161      4E6938F4 
 161      8104BD20 
 161      421798D9 
 161      E52609
 162 0141 E70A4A4B 		.ascii	"\347\012JK\350\326Cj\214$\020g\202\323&\002O \206q\262"
 162      E8D6436A 
 162      8C241067 
 162      82D32602 
 162      4F208671 
 163 0156 2CE80113 		.ascii	",\350\001\023t\203\211\361\257?h\371l4\010\010d<\331"
 163      748389F1 
 163      AF3F68F9 
 163      6C340808 
 163      643CD9
 164 0169 06B637EB 		.ascii	"\006\2667\353\331s\205\241\204\010\011\004\014\027\267"
 164      D97385A1 
 164      84080904 
 164      0C17B7
 165 0178 DE350763 		.ascii	"\3365\007cxL\202p\014\337\337[Y\204\310\373L\003-\245"
 165      784C8270 
 165      0CDFDF5B 
 165      5984C8FB 
 165      4C032DA5 
 166 018c 5102A49F 		.ascii	"Q\002\244\237\200A$\034@B\002C\020\211s?\030\224\352"
 166      8041241C 
 166      40420243 
 166      1089733F 
 166      1894EA
 167 019f AABE6E26 		.ascii	"\252\276n&D\267\322\326\001\272\366s=\256\236\272J\020"
 167      44B7D2D6 
 167      01BAF673 
 167      3DAE9EBA 
 167      4A10
 168 01b1 25B02CE8 		.ascii	"%\260,\350\3245\243\313\226\307\260\212\235\034\206"
 168      D435A3CB 
 168      96C7B08A 
 168      9D1C86
ARM GAS  C:\Users\info\AppData\Local\Temp\ccEr2Amu.s 			page 12


 169 01c0 68040EBD 		.ascii	"h\004\016\275q\264\212b\006\357\301\354]\367\250\240"
 169      71B48A62 
 169      06EFC1EC 
 169      5DF7A8A0 
 170 01d0 B0B8765E 		.ascii	"\260\270v^\206\320y\3448\3079\354:\207\335\227c\204"
 170      86D079E4 
 170      38C739EC 
 170      3A87DD97 
 170      6384
 171 01e2 73B48CB5 		.ascii	"s\264\214\265\333%\361\006\347h\256n\357\016\366U\315"
 171      DB25F106 
 171      E768AE6E 
 171      EF0EF655 
 171      CD
 172 01f3 CAD5658F 		.ascii	"\312\325e\217q\331\331\252\3526\367\207M\355\302\245"
 172      71D9D9AA 
 172      EA36F787 
 172      4DEDC2A5 
 173 0203 57A25736 		.ascii	"W\242W6f\301\250~\345\250\357\225\016~\345\366\243\246"
 173      66C1A87E 
 173      E5A8EF95 
 173      0E7EE5F6 
 173      A3A6
 174 0215 3BA258C4 		.ascii	";\242X\304\257tv\354n\203\312\342|\253\311f\034\343"
 174      AF7476EC 
 174      6E83CAE2 
 174      7CABC966 
 174      1CE3
 175 0227 3AC7B82F 		.ascii	":\307\270/\207\223s,\224\0154\211J\373\015\030~\233"
 175      8793732C 
 175      940D3489 
 175      4AFB0D18 
 175      7E9B
 176 0239 6B70872A 		.ascii	"kp\207*\355\217\302p\247l{\331(U\260*\016\365\003\317"
 176      ED8FC270 
 176      A76C7BD9 
 176      2855B02A 
 176      0EF503CF 
 177 024d 6DB47902 		.ascii	"m\264y\002\305r\340/h\270\266\2766\020\244\030?p\227"
 177      C572E02F 
 177      68B8B6BE 
 177      3610A418 
 177      3F7097
 178 0260 1FB8FAD0 		.ascii	"\037\270\372\320~\\\251\251d\345Oa\313\236\351\322'"
 178      7E5CA9A9 
 178      64E54F61 
 178      CB9EE9D2 
 178      27
 179 0271 4152DA65 		.ascii	"AR\332e\237\337\354\017\010\251bo\256\272\224F\274\016"
 179      9FDFEC0F 
 179      08A9626F 
 179      AEBA9446 
 179      BC0E
 180 0283 E5991348 		.ascii	"\345\231\023H\362\2247w\032B\370\237\003\327\003A\234"
 180      F2943777 
 180      1A42F89F 
 180      03D70341 
ARM GAS  C:\Users\info\AppData\Local\Temp\ccEr2Amu.s 			page 13


 180      9C
 181 0294 586E6C12 		.ascii	"Xnl\022\361\214}R\003E)t\001`\006\311x\260u\226\373"
 181      F18C7D52 
 181      03452974 
 181      016006C9 
 181      78B07596 
 182 02a9 6C9B6E95 		.ascii	"l\233n\225Pc]\250&\221\360\003\002\317\021\371\002\211"
 182      50635DA8 
 182      2691F003 
 182      02CF11F9 
 182      0289
 183 02bb 7978243D 		.ascii	"yx$=\371|\3265k\276M\016J\276t5*16\226\004\024\345\027"
 183      F97CD635 
 183      6BBE4D0E 
 183      4ABE7435 
 183      2A313696 
 184 02d3 D8E24F25 		.ascii	"\330\342O%\313\005\262\325b\223s\263\322\012\213\254"
 184      CB05B2D5 
 184      629373B3 
 184      D20A8BAC 
 185 02e3 3972E6E5 		.ascii	"9r\346\345\264\302\3043\2319\305\266\342\233\362-\363"
 185      B4C2C433 
 185      9939C5B6 
 185      E29BF22D 
 185      F3
 186 02f4 7572F23F 		.ascii	"ur\362?\031\310h\316!\341\2148M\266%Y\363o\313\027\013"
 186      19C868CE 
 186      21E18C38 
 186      4DB62559 
 186      F36FCB17 
 187 0309 73E520B6 		.ascii	"s\345 \266\221*[r\3034'\311b\263\244\312y\006\253\234"
 187      912A5B72 
 187      C33427C9 
 187      62B3A4CA 
 187      7906AB9C 
 188 031d 17FF1BCA 		.ascii	"\027\377\033\312\030g\235"
 188      18679D
 189              		.text
 190              		.section	.gnu.lto_.symtab.bf152d67,"",%progbits
 191 0000 5647415F 		.ascii	"VGA_Write\000"
 191      57726974 
 191      6500
 192 000a 00       		.ascii	"\000"
 193 000b 00       		.ascii	"\000"
 194 000c 00       		.ascii	"\000"
 195 000d 00000000 		.ascii	"\000\000\000\000\000\000\000\000"
 195      00000000 
 196 0015 B3000000 		.ascii	"\263\000\000\000"
 197 0019 5647415F 		.ascii	"VGA_SetDriveMode\000"
 197      53657444 
 197      72697665 
 197      4D6F6465 
 197      00
 198 002a 00       		.ascii	"\000"
 199 002b 00       		.ascii	"\000"
 200 002c 00       		.ascii	"\000"
 201 002d 00000000 		.ascii	"\000\000\000\000\000\000\000\000"
ARM GAS  C:\Users\info\AppData\Local\Temp\ccEr2Amu.s 			page 14


 201      00000000 
 202 0035 B5000000 		.ascii	"\265\000\000\000"
 203 0039 5647415F 		.ascii	"VGA_Read\000"
 203      52656164 
 203      00
 204 0042 00       		.ascii	"\000"
 205 0043 00       		.ascii	"\000"
 206 0044 00       		.ascii	"\000"
 207 0045 00000000 		.ascii	"\000\000\000\000\000\000\000\000"
 207      00000000 
 208 004d B8000000 		.ascii	"\270\000\000\000"
 209 0051 5647415F 		.ascii	"VGA_ReadDataReg\000"
 209      52656164 
 209      44617461 
 209      52656700 
 210 0061 00       		.ascii	"\000"
 211 0062 00       		.ascii	"\000"
 212 0063 00       		.ascii	"\000"
 213 0064 00000000 		.ascii	"\000\000\000\000\000\000\000\000"
 213      00000000 
 214 006c BA000000 		.ascii	"\272\000\000\000"
 215              		.text
 216              		.section	.gnu.lto_.opts,"",%progbits
 217 0000 272D666D 		.ascii	"'-fmath-errno' '-fsigned-zeros' '-ftrapping-math' '"
 217      6174682D 
 217      6572726E 
 217      6F272027 
 217      2D667369 
 218 0033 2D666E6F 		.ascii	"-fno-trapv' '-fno-openmp' '-fno-openacc' '-mcpu=cor"
 218      2D747261 
 218      70762720 
 218      272D666E 
 218      6F2D6F70 
 219 0066 7465782D 		.ascii	"tex-m3' '-mthumb' '-g' '-Os' '-ffunction-sections' "
 219      6D332720 
 219      272D6D74 
 219      68756D62 
 219      2720272D 
 220 0099 272D6666 		.ascii	"'-ffat-lto-objects' '-flto'\000"
 220      61742D6C 
 220      746F2D6F 
 220      626A6563 
 220      74732720 
 221              		.text
 222              		.cfi_sections	.debug_frame
 223              		.section	.text.VGA_Write,"ax",%progbits
 224              		.align	1
 225              		.global	VGA_Write
 226              		.thumb
 227              		.thumb_func
 228              		.type	VGA_Write, %function
 229              	VGA_Write:
 230              	.LFB0:
 231              		.file 1 "Generated_Source\\PSoC5\\VGA.c"
   1:Generated_Source\PSoC5/VGA.c **** /*******************************************************************************
   2:Generated_Source\PSoC5/VGA.c **** * File Name: VGA.c  
   3:Generated_Source\PSoC5/VGA.c **** * Version 2.20
ARM GAS  C:\Users\info\AppData\Local\Temp\ccEr2Amu.s 			page 15


   4:Generated_Source\PSoC5/VGA.c **** *
   5:Generated_Source\PSoC5/VGA.c **** * Description:
   6:Generated_Source\PSoC5/VGA.c **** *  This file contains API to enable firmware control of a Pins component.
   7:Generated_Source\PSoC5/VGA.c **** *
   8:Generated_Source\PSoC5/VGA.c **** * Note:
   9:Generated_Source\PSoC5/VGA.c **** *
  10:Generated_Source\PSoC5/VGA.c **** ********************************************************************************
  11:Generated_Source\PSoC5/VGA.c **** * Copyright 2008-2015, Cypress Semiconductor Corporation.  All rights reserved.
  12:Generated_Source\PSoC5/VGA.c **** * You may use this file only in accordance with the license, terms, conditions, 
  13:Generated_Source\PSoC5/VGA.c **** * disclaimers, and limitations in the end user license agreement accompanying 
  14:Generated_Source\PSoC5/VGA.c **** * the software package with which this file was provided.
  15:Generated_Source\PSoC5/VGA.c **** *******************************************************************************/
  16:Generated_Source\PSoC5/VGA.c **** 
  17:Generated_Source\PSoC5/VGA.c **** #include "cytypes.h"
  18:Generated_Source\PSoC5/VGA.c **** #include "VGA.h"
  19:Generated_Source\PSoC5/VGA.c **** 
  20:Generated_Source\PSoC5/VGA.c **** /* APIs are not generated for P15[7:6] on PSoC 5 */
  21:Generated_Source\PSoC5/VGA.c **** #if !(CY_PSOC5A &&\
  22:Generated_Source\PSoC5/VGA.c **** 	 VGA__PORT == 15 && ((VGA__MASK & 0xC0) != 0))
  23:Generated_Source\PSoC5/VGA.c **** 
  24:Generated_Source\PSoC5/VGA.c **** 
  25:Generated_Source\PSoC5/VGA.c **** /*******************************************************************************
  26:Generated_Source\PSoC5/VGA.c **** * Function Name: VGA_Write
  27:Generated_Source\PSoC5/VGA.c **** ****************************************************************************//**
  28:Generated_Source\PSoC5/VGA.c **** *
  29:Generated_Source\PSoC5/VGA.c **** * \brief Writes the value to the physical port (data output register), masking
  30:Generated_Source\PSoC5/VGA.c **** *  and shifting the bits appropriately. 
  31:Generated_Source\PSoC5/VGA.c **** *
  32:Generated_Source\PSoC5/VGA.c **** * The data output register controls the signal applied to the physical pin in 
  33:Generated_Source\PSoC5/VGA.c **** * conjunction with the drive mode parameter. This function avoids changing 
  34:Generated_Source\PSoC5/VGA.c **** * other bits in the port by using the appropriate method (read-modify-write or
  35:Generated_Source\PSoC5/VGA.c **** * bit banding).
  36:Generated_Source\PSoC5/VGA.c **** *
  37:Generated_Source\PSoC5/VGA.c **** * <b>Note</b> This function should not be used on a hardware digital output pin 
  38:Generated_Source\PSoC5/VGA.c **** * as it is driven by the hardware signal attached to it.
  39:Generated_Source\PSoC5/VGA.c **** *
  40:Generated_Source\PSoC5/VGA.c **** * \param value
  41:Generated_Source\PSoC5/VGA.c **** *  Value to write to the component instance.
  42:Generated_Source\PSoC5/VGA.c **** *
  43:Generated_Source\PSoC5/VGA.c **** * \return 
  44:Generated_Source\PSoC5/VGA.c **** *  None 
  45:Generated_Source\PSoC5/VGA.c **** *
  46:Generated_Source\PSoC5/VGA.c **** * \sideeffect
  47:Generated_Source\PSoC5/VGA.c **** *  If you use read-modify-write operations that are not atomic; the Interrupt 
  48:Generated_Source\PSoC5/VGA.c **** *  Service Routines (ISR) can cause corruption of this function. An ISR that 
  49:Generated_Source\PSoC5/VGA.c **** *  interrupts this function and performs writes to the Pins component data 
  50:Generated_Source\PSoC5/VGA.c **** *  register can cause corrupted port data. To avoid this issue, you should 
  51:Generated_Source\PSoC5/VGA.c **** *  either use the Per-Pin APIs (primary method) or disable interrupts around 
  52:Generated_Source\PSoC5/VGA.c **** *  this function.
  53:Generated_Source\PSoC5/VGA.c **** *
  54:Generated_Source\PSoC5/VGA.c **** * \funcusage
  55:Generated_Source\PSoC5/VGA.c **** *  \snippet VGA_SUT.c usage_VGA_Write
  56:Generated_Source\PSoC5/VGA.c **** *******************************************************************************/
  57:Generated_Source\PSoC5/VGA.c **** void VGA_Write(uint8 value)
  58:Generated_Source\PSoC5/VGA.c **** {
 232              		.loc 1 58 0
 233              		.cfi_startproc
ARM GAS  C:\Users\info\AppData\Local\Temp\ccEr2Amu.s 			page 16


 234              		@ args = 0, pretend = 0, frame = 0
 235              		@ frame_needed = 0, uses_anonymous_args = 0
 236              		@ link register save eliminated.
 237              	.LVL0:
  59:Generated_Source\PSoC5/VGA.c ****     uint8 staticBits = (VGA_DR & (uint8)(~VGA_MASK));
 238              		.loc 1 59 0
 239 0000 044A     		ldr	r2, .L2
  60:Generated_Source\PSoC5/VGA.c ****     VGA_DR = staticBits | ((uint8)(value << VGA_SHIFT) & VGA_MASK);
 240              		.loc 1 60 0
 241 0002 8000     		lsls	r0, r0, #2
 242              	.LVL1:
  59:Generated_Source\PSoC5/VGA.c ****     uint8 staticBits = (VGA_DR & (uint8)(~VGA_MASK));
 243              		.loc 1 59 0
 244 0004 1378     		ldrb	r3, [r2]	@ zero_extendqisi2
 245              	.LVL2:
 246              		.loc 1 60 0
 247 0006 00F00400 		and	r0, r0, #4
 248 000a 03F0FB03 		and	r3, r3, #251
 249              	.LVL3:
 250 000e 0343     		orrs	r3, r3, r0
 251 0010 1370     		strb	r3, [r2]
 252 0012 7047     		bx	lr
 253              	.L3:
 254              		.align	2
 255              	.L2:
 256 0014 20510040 		.word	1073762592
 257              		.cfi_endproc
 258              	.LFE0:
 259              		.size	VGA_Write, .-VGA_Write
 260              		.section	.text.VGA_SetDriveMode,"ax",%progbits
 261              		.align	1
 262              		.global	VGA_SetDriveMode
 263              		.thumb
 264              		.thumb_func
 265              		.type	VGA_SetDriveMode, %function
 266              	VGA_SetDriveMode:
 267              	.LFB1:
  61:Generated_Source\PSoC5/VGA.c **** }
  62:Generated_Source\PSoC5/VGA.c **** 
  63:Generated_Source\PSoC5/VGA.c **** 
  64:Generated_Source\PSoC5/VGA.c **** /*******************************************************************************
  65:Generated_Source\PSoC5/VGA.c **** * Function Name: VGA_SetDriveMode
  66:Generated_Source\PSoC5/VGA.c **** ****************************************************************************//**
  67:Generated_Source\PSoC5/VGA.c **** *
  68:Generated_Source\PSoC5/VGA.c **** * \brief Sets the drive mode for each of the Pins component's pins.
  69:Generated_Source\PSoC5/VGA.c **** * 
  70:Generated_Source\PSoC5/VGA.c **** * <b>Note</b> This affects all pins in the Pins component instance. Use the
  71:Generated_Source\PSoC5/VGA.c **** * Per-Pin APIs if you wish to control individual pin's drive modes.
  72:Generated_Source\PSoC5/VGA.c **** *
  73:Generated_Source\PSoC5/VGA.c **** * \param mode
  74:Generated_Source\PSoC5/VGA.c **** *  Mode for the selected signals. Valid options are documented in 
  75:Generated_Source\PSoC5/VGA.c **** *  \ref driveMode.
  76:Generated_Source\PSoC5/VGA.c **** *
  77:Generated_Source\PSoC5/VGA.c **** * \return
  78:Generated_Source\PSoC5/VGA.c **** *  None
  79:Generated_Source\PSoC5/VGA.c **** *
  80:Generated_Source\PSoC5/VGA.c **** * \sideeffect
ARM GAS  C:\Users\info\AppData\Local\Temp\ccEr2Amu.s 			page 17


  81:Generated_Source\PSoC5/VGA.c **** *  If you use read-modify-write operations that are not atomic, the ISR can
  82:Generated_Source\PSoC5/VGA.c **** *  cause corruption of this function. An ISR that interrupts this function 
  83:Generated_Source\PSoC5/VGA.c **** *  and performs writes to the Pins component Drive Mode registers can cause 
  84:Generated_Source\PSoC5/VGA.c **** *  corrupted port data. To avoid this issue, you should either use the Per-Pin
  85:Generated_Source\PSoC5/VGA.c **** *  APIs (primary method) or disable interrupts around this function.
  86:Generated_Source\PSoC5/VGA.c **** *
  87:Generated_Source\PSoC5/VGA.c **** * \funcusage
  88:Generated_Source\PSoC5/VGA.c **** *  \snippet VGA_SUT.c usage_VGA_SetDriveMode
  89:Generated_Source\PSoC5/VGA.c **** *******************************************************************************/
  90:Generated_Source\PSoC5/VGA.c **** void VGA_SetDriveMode(uint8 mode)
  91:Generated_Source\PSoC5/VGA.c **** {
 268              		.loc 1 91 0
 269              		.cfi_startproc
 270              		@ args = 0, pretend = 0, frame = 0
 271              		@ frame_needed = 0, uses_anonymous_args = 0
 272              		@ link register save eliminated.
 273              	.LVL4:
  92:Generated_Source\PSoC5/VGA.c **** 	CyPins_SetPinDriveMode(VGA_0, mode);
 274              		.loc 1 92 0
 275 0000 044A     		ldr	r2, .L5
 276 0002 00F00E00 		and	r0, r0, #14
 277              	.LVL5:
 278 0006 1378     		ldrb	r3, [r2]	@ zero_extendqisi2
 279 0008 03F0F103 		and	r3, r3, #241
 280 000c 1843     		orrs	r0, r0, r3
 281 000e 1070     		strb	r0, [r2]
 282 0010 7047     		bx	lr
 283              	.L6:
 284 0012 00BF     		.align	2
 285              	.L5:
 286 0014 12500040 		.word	1073762322
 287              		.cfi_endproc
 288              	.LFE1:
 289              		.size	VGA_SetDriveMode, .-VGA_SetDriveMode
 290              		.section	.text.VGA_Read,"ax",%progbits
 291              		.align	1
 292              		.global	VGA_Read
 293              		.thumb
 294              		.thumb_func
 295              		.type	VGA_Read, %function
 296              	VGA_Read:
 297              	.LFB2:
  93:Generated_Source\PSoC5/VGA.c **** }
  94:Generated_Source\PSoC5/VGA.c **** 
  95:Generated_Source\PSoC5/VGA.c **** 
  96:Generated_Source\PSoC5/VGA.c **** /*******************************************************************************
  97:Generated_Source\PSoC5/VGA.c **** * Function Name: VGA_Read
  98:Generated_Source\PSoC5/VGA.c **** ****************************************************************************//**
  99:Generated_Source\PSoC5/VGA.c **** *
 100:Generated_Source\PSoC5/VGA.c **** * \brief Reads the associated physical port (pin status register) and masks 
 101:Generated_Source\PSoC5/VGA.c **** *  the required bits according to the width and bit position of the component
 102:Generated_Source\PSoC5/VGA.c **** *  instance. 
 103:Generated_Source\PSoC5/VGA.c **** *
 104:Generated_Source\PSoC5/VGA.c **** * The pin's status register returns the current logic level present on the 
 105:Generated_Source\PSoC5/VGA.c **** * physical pin.
 106:Generated_Source\PSoC5/VGA.c **** *
 107:Generated_Source\PSoC5/VGA.c **** * \return 
ARM GAS  C:\Users\info\AppData\Local\Temp\ccEr2Amu.s 			page 18


 108:Generated_Source\PSoC5/VGA.c **** *  The current value for the pins in the component as a right justified number.
 109:Generated_Source\PSoC5/VGA.c **** *
 110:Generated_Source\PSoC5/VGA.c **** * \funcusage
 111:Generated_Source\PSoC5/VGA.c **** *  \snippet VGA_SUT.c usage_VGA_Read  
 112:Generated_Source\PSoC5/VGA.c **** *******************************************************************************/
 113:Generated_Source\PSoC5/VGA.c **** uint8 VGA_Read(void)
 114:Generated_Source\PSoC5/VGA.c **** {
 298              		.loc 1 114 0
 299              		.cfi_startproc
 300              		@ args = 0, pretend = 0, frame = 0
 301              		@ frame_needed = 0, uses_anonymous_args = 0
 302              		@ link register save eliminated.
 115:Generated_Source\PSoC5/VGA.c ****     return (VGA_PS & VGA_MASK) >> VGA_SHIFT;
 303              		.loc 1 115 0
 304 0000 024B     		ldr	r3, .L8
 305 0002 1878     		ldrb	r0, [r3]	@ zero_extendqisi2
 116:Generated_Source\PSoC5/VGA.c **** }
 306              		.loc 1 116 0
 307 0004 C0F38000 		ubfx	r0, r0, #2, #1
 308 0008 7047     		bx	lr
 309              	.L9:
 310 000a 00BF     		.align	2
 311              	.L8:
 312 000c 21510040 		.word	1073762593
 313              		.cfi_endproc
 314              	.LFE2:
 315              		.size	VGA_Read, .-VGA_Read
 316              		.section	.text.VGA_ReadDataReg,"ax",%progbits
 317              		.align	1
 318              		.global	VGA_ReadDataReg
 319              		.thumb
 320              		.thumb_func
 321              		.type	VGA_ReadDataReg, %function
 322              	VGA_ReadDataReg:
 323              	.LFB3:
 117:Generated_Source\PSoC5/VGA.c **** 
 118:Generated_Source\PSoC5/VGA.c **** 
 119:Generated_Source\PSoC5/VGA.c **** /*******************************************************************************
 120:Generated_Source\PSoC5/VGA.c **** * Function Name: VGA_ReadDataReg
 121:Generated_Source\PSoC5/VGA.c **** ****************************************************************************//**
 122:Generated_Source\PSoC5/VGA.c **** *
 123:Generated_Source\PSoC5/VGA.c **** * \brief Reads the associated physical port's data output register and masks 
 124:Generated_Source\PSoC5/VGA.c **** *  the correct bits according to the width and bit position of the component 
 125:Generated_Source\PSoC5/VGA.c **** *  instance. 
 126:Generated_Source\PSoC5/VGA.c **** *
 127:Generated_Source\PSoC5/VGA.c **** * The data output register controls the signal applied to the physical pin in 
 128:Generated_Source\PSoC5/VGA.c **** * conjunction with the drive mode parameter. This is not the same as the 
 129:Generated_Source\PSoC5/VGA.c **** * preferred VGA_Read() API because the 
 130:Generated_Source\PSoC5/VGA.c **** * VGA_ReadDataReg() reads the data register instead of the status 
 131:Generated_Source\PSoC5/VGA.c **** * register. For output pins this is a useful function to determine the value 
 132:Generated_Source\PSoC5/VGA.c **** * just written to the pin.
 133:Generated_Source\PSoC5/VGA.c **** *
 134:Generated_Source\PSoC5/VGA.c **** * \return 
 135:Generated_Source\PSoC5/VGA.c **** *  The current value of the data register masked and shifted into a right 
 136:Generated_Source\PSoC5/VGA.c **** *  justified number for the component instance.
 137:Generated_Source\PSoC5/VGA.c **** *
 138:Generated_Source\PSoC5/VGA.c **** * \funcusage
ARM GAS  C:\Users\info\AppData\Local\Temp\ccEr2Amu.s 			page 19


 139:Generated_Source\PSoC5/VGA.c **** *  \snippet VGA_SUT.c usage_VGA_ReadDataReg 
 140:Generated_Source\PSoC5/VGA.c **** *******************************************************************************/
 141:Generated_Source\PSoC5/VGA.c **** uint8 VGA_ReadDataReg(void)
 142:Generated_Source\PSoC5/VGA.c **** {
 324              		.loc 1 142 0
 325              		.cfi_startproc
 326              		@ args = 0, pretend = 0, frame = 0
 327              		@ frame_needed = 0, uses_anonymous_args = 0
 328              		@ link register save eliminated.
 143:Generated_Source\PSoC5/VGA.c ****     return (VGA_DR & VGA_MASK) >> VGA_SHIFT;
 329              		.loc 1 143 0
 330 0000 024B     		ldr	r3, .L11
 331 0002 1878     		ldrb	r0, [r3]	@ zero_extendqisi2
 144:Generated_Source\PSoC5/VGA.c **** }
 332              		.loc 1 144 0
 333 0004 C0F38000 		ubfx	r0, r0, #2, #1
 334 0008 7047     		bx	lr
 335              	.L12:
 336 000a 00BF     		.align	2
 337              	.L11:
 338 000c 20510040 		.word	1073762592
 339              		.cfi_endproc
 340              	.LFE3:
 341              		.size	VGA_ReadDataReg, .-VGA_ReadDataReg
 342              		.text
 343              	.Letext0:
 344              		.file 2 "Generated_Source\\PSoC5\\cytypes.h"
 345              		.section	.debug_info,"",%progbits
 346              	.Ldebug_info0:
 347 0000 1D010000 		.4byte	0x11d
 348 0004 0400     		.2byte	0x4
 349 0006 00000000 		.4byte	.Ldebug_abbrev0
 350 000a 04       		.byte	0x4
 351 000b 01       		.uleb128 0x1
 352 000c 0F010000 		.4byte	.LASF20
 353 0010 0C       		.byte	0xc
 354 0011 DD010000 		.4byte	.LASF21
 355 0015 8E000000 		.4byte	.LASF22
 356 0019 00000000 		.4byte	.Ldebug_ranges0+0
 357 001d 00000000 		.4byte	0
 358 0021 00000000 		.4byte	.Ldebug_line0
 359 0025 02       		.uleb128 0x2
 360 0026 01       		.byte	0x1
 361 0027 06       		.byte	0x6
 362 0028 FA010000 		.4byte	.LASF0
 363 002c 02       		.uleb128 0x2
 364 002d 01       		.byte	0x1
 365 002e 08       		.byte	0x8
 366 002f 21000000 		.4byte	.LASF1
 367 0033 02       		.uleb128 0x2
 368 0034 02       		.byte	0x2
 369 0035 05       		.byte	0x5
 370 0036 C4010000 		.4byte	.LASF2
 371 003a 02       		.uleb128 0x2
 372 003b 02       		.byte	0x2
 373 003c 07       		.byte	0x7
 374 003d 46000000 		.4byte	.LASF3
ARM GAS  C:\Users\info\AppData\Local\Temp\ccEr2Amu.s 			page 20


 375 0041 02       		.uleb128 0x2
 376 0042 04       		.byte	0x4
 377 0043 05       		.byte	0x5
 378 0044 D4010000 		.4byte	.LASF4
 379 0048 02       		.uleb128 0x2
 380 0049 04       		.byte	0x4
 381 004a 07       		.byte	0x7
 382 004b 34000000 		.4byte	.LASF5
 383 004f 02       		.uleb128 0x2
 384 0050 08       		.byte	0x8
 385 0051 05       		.byte	0x5
 386 0052 B1010000 		.4byte	.LASF6
 387 0056 02       		.uleb128 0x2
 388 0057 08       		.byte	0x8
 389 0058 07       		.byte	0x7
 390 0059 F8000000 		.4byte	.LASF7
 391 005d 03       		.uleb128 0x3
 392 005e 04       		.byte	0x4
 393 005f 05       		.byte	0x5
 394 0060 696E7400 		.ascii	"int\000"
 395 0064 02       		.uleb128 0x2
 396 0065 04       		.byte	0x4
 397 0066 07       		.byte	0x7
 398 0067 81000000 		.4byte	.LASF8
 399 006b 04       		.uleb128 0x4
 400 006c CE010000 		.4byte	.LASF12
 401 0070 02       		.byte	0x2
 402 0071 E401     		.2byte	0x1e4
 403 0073 2C000000 		.4byte	0x2c
 404 0077 02       		.uleb128 0x2
 405 0078 04       		.byte	0x4
 406 0079 04       		.byte	0x4
 407 007a 11000000 		.4byte	.LASF9
 408 007e 02       		.uleb128 0x2
 409 007f 08       		.byte	0x8
 410 0080 04       		.byte	0x4
 411 0081 7A000000 		.4byte	.LASF10
 412 0085 02       		.uleb128 0x2
 413 0086 01       		.byte	0x1
 414 0087 08       		.byte	0x8
 415 0088 BF010000 		.4byte	.LASF11
 416 008c 04       		.uleb128 0x4
 417 008d 2F000000 		.4byte	.LASF13
 418 0091 02       		.byte	0x2
 419 0092 8E02     		.2byte	0x28e
 420 0094 98000000 		.4byte	0x98
 421 0098 05       		.uleb128 0x5
 422 0099 6B000000 		.4byte	0x6b
 423 009d 06       		.uleb128 0x6
 424 009e 17000000 		.4byte	.LASF14
 425 00a2 01       		.byte	0x1
 426 00a3 39       		.byte	0x39
 427 00a4 00000000 		.4byte	.LFB0
 428 00a8 18000000 		.4byte	.LFE0-.LFB0
 429 00ac 01       		.uleb128 0x1
 430 00ad 9C       		.byte	0x9c
 431 00ae D1000000 		.4byte	0xd1
ARM GAS  C:\Users\info\AppData\Local\Temp\ccEr2Amu.s 			page 21


 432 00b2 07       		.uleb128 0x7
 433 00b3 00000000 		.4byte	.LASF16
 434 00b7 01       		.byte	0x1
 435 00b8 39       		.byte	0x39
 436 00b9 6B000000 		.4byte	0x6b
 437 00bd 00000000 		.4byte	.LLST0
 438 00c1 08       		.uleb128 0x8
 439 00c2 06000000 		.4byte	.LASF23
 440 00c6 01       		.byte	0x1
 441 00c7 3B       		.byte	0x3b
 442 00c8 6B000000 		.4byte	0x6b
 443 00cc 21000000 		.4byte	.LLST1
 444 00d0 00       		.byte	0
 445 00d1 06       		.uleb128 0x6
 446 00d2 59000000 		.4byte	.LASF15
 447 00d6 01       		.byte	0x1
 448 00d7 5A       		.byte	0x5a
 449 00d8 00000000 		.4byte	.LFB1
 450 00dc 18000000 		.4byte	.LFE1-.LFB1
 451 00e0 01       		.uleb128 0x1
 452 00e1 9C       		.byte	0x9c
 453 00e2 F6000000 		.4byte	0xf6
 454 00e6 07       		.uleb128 0x7
 455 00e7 A3010000 		.4byte	.LASF17
 456 00eb 01       		.byte	0x1
 457 00ec 5A       		.byte	0x5a
 458 00ed 6B000000 		.4byte	0x6b
 459 00f1 39000000 		.4byte	.LLST2
 460 00f5 00       		.byte	0
 461 00f6 09       		.uleb128 0x9
 462 00f7 A8010000 		.4byte	.LASF18
 463 00fb 01       		.byte	0x1
 464 00fc 71       		.byte	0x71
 465 00fd 6B000000 		.4byte	0x6b
 466 0101 00000000 		.4byte	.LFB2
 467 0105 10000000 		.4byte	.LFE2-.LFB2
 468 0109 01       		.uleb128 0x1
 469 010a 9C       		.byte	0x9c
 470 010b 09       		.uleb128 0x9
 471 010c 6A000000 		.4byte	.LASF19
 472 0110 01       		.byte	0x1
 473 0111 8D       		.byte	0x8d
 474 0112 6B000000 		.4byte	0x6b
 475 0116 00000000 		.4byte	.LFB3
 476 011a 10000000 		.4byte	.LFE3-.LFB3
 477 011e 01       		.uleb128 0x1
 478 011f 9C       		.byte	0x9c
 479 0120 00       		.byte	0
 480              		.section	.debug_abbrev,"",%progbits
 481              	.Ldebug_abbrev0:
 482 0000 01       		.uleb128 0x1
 483 0001 11       		.uleb128 0x11
 484 0002 01       		.byte	0x1
 485 0003 25       		.uleb128 0x25
 486 0004 0E       		.uleb128 0xe
 487 0005 13       		.uleb128 0x13
 488 0006 0B       		.uleb128 0xb
ARM GAS  C:\Users\info\AppData\Local\Temp\ccEr2Amu.s 			page 22


 489 0007 03       		.uleb128 0x3
 490 0008 0E       		.uleb128 0xe
 491 0009 1B       		.uleb128 0x1b
 492 000a 0E       		.uleb128 0xe
 493 000b 55       		.uleb128 0x55
 494 000c 17       		.uleb128 0x17
 495 000d 11       		.uleb128 0x11
 496 000e 01       		.uleb128 0x1
 497 000f 10       		.uleb128 0x10
 498 0010 17       		.uleb128 0x17
 499 0011 00       		.byte	0
 500 0012 00       		.byte	0
 501 0013 02       		.uleb128 0x2
 502 0014 24       		.uleb128 0x24
 503 0015 00       		.byte	0
 504 0016 0B       		.uleb128 0xb
 505 0017 0B       		.uleb128 0xb
 506 0018 3E       		.uleb128 0x3e
 507 0019 0B       		.uleb128 0xb
 508 001a 03       		.uleb128 0x3
 509 001b 0E       		.uleb128 0xe
 510 001c 00       		.byte	0
 511 001d 00       		.byte	0
 512 001e 03       		.uleb128 0x3
 513 001f 24       		.uleb128 0x24
 514 0020 00       		.byte	0
 515 0021 0B       		.uleb128 0xb
 516 0022 0B       		.uleb128 0xb
 517 0023 3E       		.uleb128 0x3e
 518 0024 0B       		.uleb128 0xb
 519 0025 03       		.uleb128 0x3
 520 0026 08       		.uleb128 0x8
 521 0027 00       		.byte	0
 522 0028 00       		.byte	0
 523 0029 04       		.uleb128 0x4
 524 002a 16       		.uleb128 0x16
 525 002b 00       		.byte	0
 526 002c 03       		.uleb128 0x3
 527 002d 0E       		.uleb128 0xe
 528 002e 3A       		.uleb128 0x3a
 529 002f 0B       		.uleb128 0xb
 530 0030 3B       		.uleb128 0x3b
 531 0031 05       		.uleb128 0x5
 532 0032 49       		.uleb128 0x49
 533 0033 13       		.uleb128 0x13
 534 0034 00       		.byte	0
 535 0035 00       		.byte	0
 536 0036 05       		.uleb128 0x5
 537 0037 35       		.uleb128 0x35
 538 0038 00       		.byte	0
 539 0039 49       		.uleb128 0x49
 540 003a 13       		.uleb128 0x13
 541 003b 00       		.byte	0
 542 003c 00       		.byte	0
 543 003d 06       		.uleb128 0x6
 544 003e 2E       		.uleb128 0x2e
 545 003f 01       		.byte	0x1
ARM GAS  C:\Users\info\AppData\Local\Temp\ccEr2Amu.s 			page 23


 546 0040 3F       		.uleb128 0x3f
 547 0041 19       		.uleb128 0x19
 548 0042 03       		.uleb128 0x3
 549 0043 0E       		.uleb128 0xe
 550 0044 3A       		.uleb128 0x3a
 551 0045 0B       		.uleb128 0xb
 552 0046 3B       		.uleb128 0x3b
 553 0047 0B       		.uleb128 0xb
 554 0048 27       		.uleb128 0x27
 555 0049 19       		.uleb128 0x19
 556 004a 11       		.uleb128 0x11
 557 004b 01       		.uleb128 0x1
 558 004c 12       		.uleb128 0x12
 559 004d 06       		.uleb128 0x6
 560 004e 40       		.uleb128 0x40
 561 004f 18       		.uleb128 0x18
 562 0050 9742     		.uleb128 0x2117
 563 0052 19       		.uleb128 0x19
 564 0053 01       		.uleb128 0x1
 565 0054 13       		.uleb128 0x13
 566 0055 00       		.byte	0
 567 0056 00       		.byte	0
 568 0057 07       		.uleb128 0x7
 569 0058 05       		.uleb128 0x5
 570 0059 00       		.byte	0
 571 005a 03       		.uleb128 0x3
 572 005b 0E       		.uleb128 0xe
 573 005c 3A       		.uleb128 0x3a
 574 005d 0B       		.uleb128 0xb
 575 005e 3B       		.uleb128 0x3b
 576 005f 0B       		.uleb128 0xb
 577 0060 49       		.uleb128 0x49
 578 0061 13       		.uleb128 0x13
 579 0062 02       		.uleb128 0x2
 580 0063 17       		.uleb128 0x17
 581 0064 00       		.byte	0
 582 0065 00       		.byte	0
 583 0066 08       		.uleb128 0x8
 584 0067 34       		.uleb128 0x34
 585 0068 00       		.byte	0
 586 0069 03       		.uleb128 0x3
 587 006a 0E       		.uleb128 0xe
 588 006b 3A       		.uleb128 0x3a
 589 006c 0B       		.uleb128 0xb
 590 006d 3B       		.uleb128 0x3b
 591 006e 0B       		.uleb128 0xb
 592 006f 49       		.uleb128 0x49
 593 0070 13       		.uleb128 0x13
 594 0071 02       		.uleb128 0x2
 595 0072 17       		.uleb128 0x17
 596 0073 00       		.byte	0
 597 0074 00       		.byte	0
 598 0075 09       		.uleb128 0x9
 599 0076 2E       		.uleb128 0x2e
 600 0077 00       		.byte	0
 601 0078 3F       		.uleb128 0x3f
 602 0079 19       		.uleb128 0x19
ARM GAS  C:\Users\info\AppData\Local\Temp\ccEr2Amu.s 			page 24


 603 007a 03       		.uleb128 0x3
 604 007b 0E       		.uleb128 0xe
 605 007c 3A       		.uleb128 0x3a
 606 007d 0B       		.uleb128 0xb
 607 007e 3B       		.uleb128 0x3b
 608 007f 0B       		.uleb128 0xb
 609 0080 27       		.uleb128 0x27
 610 0081 19       		.uleb128 0x19
 611 0082 49       		.uleb128 0x49
 612 0083 13       		.uleb128 0x13
 613 0084 11       		.uleb128 0x11
 614 0085 01       		.uleb128 0x1
 615 0086 12       		.uleb128 0x12
 616 0087 06       		.uleb128 0x6
 617 0088 40       		.uleb128 0x40
 618 0089 18       		.uleb128 0x18
 619 008a 9742     		.uleb128 0x2117
 620 008c 19       		.uleb128 0x19
 621 008d 00       		.byte	0
 622 008e 00       		.byte	0
 623 008f 00       		.byte	0
 624              		.section	.debug_loc,"",%progbits
 625              	.Ldebug_loc0:
 626              	.LLST0:
 627 0000 00000000 		.4byte	.LVL0
 628 0004 04000000 		.4byte	.LVL1
 629 0008 0100     		.2byte	0x1
 630 000a 50       		.byte	0x50
 631 000b 04000000 		.4byte	.LVL1
 632 000f 18000000 		.4byte	.LFE0
 633 0013 0400     		.2byte	0x4
 634 0015 F3       		.byte	0xf3
 635 0016 01       		.uleb128 0x1
 636 0017 50       		.byte	0x50
 637 0018 9F       		.byte	0x9f
 638 0019 00000000 		.4byte	0
 639 001d 00000000 		.4byte	0
 640              	.LLST1:
 641 0021 06000000 		.4byte	.LVL2
 642 0025 0E000000 		.4byte	.LVL3
 643 0029 0600     		.2byte	0x6
 644 002b 73       		.byte	0x73
 645 002c 00       		.sleb128 0
 646 002d 09       		.byte	0x9
 647 002e FB       		.byte	0xfb
 648 002f 1A       		.byte	0x1a
 649 0030 9F       		.byte	0x9f
 650 0031 00000000 		.4byte	0
 651 0035 00000000 		.4byte	0
 652              	.LLST2:
 653 0039 00000000 		.4byte	.LVL4
 654 003d 06000000 		.4byte	.LVL5
 655 0041 0100     		.2byte	0x1
 656 0043 50       		.byte	0x50
 657 0044 06000000 		.4byte	.LVL5
 658 0048 18000000 		.4byte	.LFE1
 659 004c 0400     		.2byte	0x4
ARM GAS  C:\Users\info\AppData\Local\Temp\ccEr2Amu.s 			page 25


 660 004e F3       		.byte	0xf3
 661 004f 01       		.uleb128 0x1
 662 0050 50       		.byte	0x50
 663 0051 9F       		.byte	0x9f
 664 0052 00000000 		.4byte	0
 665 0056 00000000 		.4byte	0
 666              		.section	.debug_aranges,"",%progbits
 667 0000 34000000 		.4byte	0x34
 668 0004 0200     		.2byte	0x2
 669 0006 00000000 		.4byte	.Ldebug_info0
 670 000a 04       		.byte	0x4
 671 000b 00       		.byte	0
 672 000c 0000     		.2byte	0
 673 000e 0000     		.2byte	0
 674 0010 00000000 		.4byte	.LFB0
 675 0014 18000000 		.4byte	.LFE0-.LFB0
 676 0018 00000000 		.4byte	.LFB1
 677 001c 18000000 		.4byte	.LFE1-.LFB1
 678 0020 00000000 		.4byte	.LFB2
 679 0024 10000000 		.4byte	.LFE2-.LFB2
 680 0028 00000000 		.4byte	.LFB3
 681 002c 10000000 		.4byte	.LFE3-.LFB3
 682 0030 00000000 		.4byte	0
 683 0034 00000000 		.4byte	0
 684              		.section	.debug_ranges,"",%progbits
 685              	.Ldebug_ranges0:
 686 0000 00000000 		.4byte	.LFB0
 687 0004 18000000 		.4byte	.LFE0
 688 0008 00000000 		.4byte	.LFB1
 689 000c 18000000 		.4byte	.LFE1
 690 0010 00000000 		.4byte	.LFB2
 691 0014 10000000 		.4byte	.LFE2
 692 0018 00000000 		.4byte	.LFB3
 693 001c 10000000 		.4byte	.LFE3
 694 0020 00000000 		.4byte	0
 695 0024 00000000 		.4byte	0
 696              		.section	.debug_line,"",%progbits
 697              	.Ldebug_line0:
 698 0000 8E000000 		.section	.debug_str,"MS",%progbits,1
 698      02004000 
 698      00000201 
 698      FB0E0D00 
 698      01010101 
 699              	.LASF16:
 700 0000 76616C75 		.ascii	"value\000"
 700      6500
 701              	.LASF23:
 702 0006 73746174 		.ascii	"staticBits\000"
 702      69634269 
 702      747300
 703              	.LASF9:
 704 0011 666C6F61 		.ascii	"float\000"
 704      7400
 705              	.LASF14:
 706 0017 5647415F 		.ascii	"VGA_Write\000"
 706      57726974 
 706      6500
ARM GAS  C:\Users\info\AppData\Local\Temp\ccEr2Amu.s 			page 26


 707              	.LASF1:
 708 0021 756E7369 		.ascii	"unsigned char\000"
 708      676E6564 
 708      20636861 
 708      7200
 709              	.LASF13:
 710 002f 72656738 		.ascii	"reg8\000"
 710      00
 711              	.LASF5:
 712 0034 6C6F6E67 		.ascii	"long unsigned int\000"
 712      20756E73 
 712      69676E65 
 712      6420696E 
 712      7400
 713              	.LASF3:
 714 0046 73686F72 		.ascii	"short unsigned int\000"
 714      7420756E 
 714      7369676E 
 714      65642069 
 714      6E7400
 715              	.LASF15:
 716 0059 5647415F 		.ascii	"VGA_SetDriveMode\000"
 716      53657444 
 716      72697665 
 716      4D6F6465 
 716      00
 717              	.LASF19:
 718 006a 5647415F 		.ascii	"VGA_ReadDataReg\000"
 718      52656164 
 718      44617461 
 718      52656700 
 719              	.LASF10:
 720 007a 646F7562 		.ascii	"double\000"
 720      6C6500
 721              	.LASF8:
 722 0081 756E7369 		.ascii	"unsigned int\000"
 722      676E6564 
 722      20696E74 
 722      00
 723              	.LASF22:
 724 008e 433A5C55 		.ascii	"C:\\Users\\info\\Desktop\\Spring 2019 Classes\\6.11"
 724      73657273 
 724      5C696E66 
 724      6F5C4465 
 724      736B746F 
 725 00bc 355C362E 		.ascii	"5\\6.115-final\\PSoCCreator\\Final Project\\FinalEm"
 725      3131352D 
 725      66696E61 
 725      6C5C5053 
 725      6F434372 
 726 00eb 756C6174 		.ascii	"ulator.cydsn\000"
 726      6F722E63 
 726      7964736E 
 726      00
 727              	.LASF7:
 728 00f8 6C6F6E67 		.ascii	"long long unsigned int\000"
 728      206C6F6E 
ARM GAS  C:\Users\info\AppData\Local\Temp\ccEr2Amu.s 			page 27


 728      6720756E 
 728      7369676E 
 728      65642069 
 729              	.LASF20:
 730 010f 474E5520 		.ascii	"GNU C11 5.4.1 20160609 (release) [ARM/embedded-5-br"
 730      43313120 
 730      352E342E 
 730      31203230 
 730      31363036 
 731 0142 616E6368 		.ascii	"anch revision 237715] -mcpu=cortex-m3 -mthumb -g -O"
 731      20726576 
 731      6973696F 
 731      6E203233 
 731      37373135 
 732 0175 73202D66 		.ascii	"s -ffunction-sections -ffat-lto-objects -flto\000"
 732      66756E63 
 732      74696F6E 
 732      2D736563 
 732      74696F6E 
 733              	.LASF17:
 734 01a3 6D6F6465 		.ascii	"mode\000"
 734      00
 735              	.LASF18:
 736 01a8 5647415F 		.ascii	"VGA_Read\000"
 736      52656164 
 736      00
 737              	.LASF6:
 738 01b1 6C6F6E67 		.ascii	"long long int\000"
 738      206C6F6E 
 738      6720696E 
 738      7400
 739              	.LASF11:
 740 01bf 63686172 		.ascii	"char\000"
 740      00
 741              	.LASF2:
 742 01c4 73686F72 		.ascii	"short int\000"
 742      7420696E 
 742      7400
 743              	.LASF12:
 744 01ce 75696E74 		.ascii	"uint8\000"
 744      3800
 745              	.LASF4:
 746 01d4 6C6F6E67 		.ascii	"long int\000"
 746      20696E74 
 746      00
 747              	.LASF21:
 748 01dd 47656E65 		.ascii	"Generated_Source\\PSoC5\\VGA.c\000"
 748      72617465 
 748      645F536F 
 748      75726365 
 748      5C50536F 
 749              	.LASF0:
 750 01fa 7369676E 		.ascii	"signed char\000"
 750      65642063 
 750      68617200 
 751              		.comm	__gnu_lto_v1,1,1
 752              		.ident	"GCC: (GNU Tools for ARM Embedded Processors) 5.4.1 20160609 (release) [ARM/embedded-5-bran
ARM GAS  C:\Users\info\AppData\Local\Temp\ccEr2Amu.s 			page 28


