ARM GAS  C:\Users\info\AppData\Local\Temp\cchcOyYs.s 			page 1


   1              		.syntax unified
   2              		.cpu cortex-m3
   3              		.fpu softvfp
   4              		.eabi_attribute 20, 1
   5              		.eabi_attribute 21, 1
   6              		.eabi_attribute 23, 3
   7              		.eabi_attribute 24, 1
   8              		.eabi_attribute 25, 1
   9              		.eabi_attribute 26, 1
  10              		.eabi_attribute 30, 2
  11              		.eabi_attribute 34, 1
  12              		.eabi_attribute 18, 4
  13              		.thumb
  14              		.syntax unified
  15              		.file	"video.c"
  16              		.text
  17              	.Ltext0:
  18              		.cfi_sections	.debug_frame
  19              		.section	.text.newline_handler,"ax",%progbits
  20              		.align	2
  21              		.global	newline_handler
  22              		.thumb
  23              		.thumb_func
  24              		.type	newline_handler, %function
  25              	newline_handler:
  26              	.LFB63:
  27              		.file 1 "video.c"
   1:video.c       **** #include "project.h"
   2:video.c       **** #include "chip8.h"
   3:video.c       **** 
   4:video.c       **** /*
   5:video.c       ****    Video buffer gets its own SRAM to prevent bus contention.
   6:video.c       ****    The user-facing buffer is in regular system RAM.
   7:video.c       ****    This is set in the custom linker script (custom.ld).
   8:video.c       **** */
   9:video.c       **** uint8_t vbuf[96][128] __attribute__ ((section(".vram")));
  10:video.c       **** 
  11:video.c       **** /* 
  12:video.c       ****    Now we set up the DMA to copy pixels from vbuf to the screen.
  13:video.c       ****    For timing, we rely on the fact that it takes the DMA exactly
  14:video.c       ****    8 clocks to move each byte. After each line the DMA is updated
  15:video.c       ****    to point to the next line in vbuf.
  16:video.c       **** */
  17:video.c       **** 
  18:video.c       **** void newline_handler(uint8_t* dma_chan, uint8_t* dma_td, 
  19:video.c       ****     volatile uint8_t* vga_update_flag, uint64_t vram[]) {
  28              		.loc 1 19 0
  29              		.cfi_startproc
  30              		@ args = 0, pretend = 0, frame = 16
  31              		@ frame_needed = 0, uses_anonymous_args = 0
  32              	.LVL0:
  33 0000 2DE9F04F 		push	{r4, r5, r6, r7, r8, r9, r10, fp, lr}
  34              		.cfi_def_cfa_offset 36
  35              		.cfi_offset 4, -36
  36              		.cfi_offset 5, -32
  37              		.cfi_offset 6, -28
  38              		.cfi_offset 7, -24
ARM GAS  C:\Users\info\AppData\Local\Temp\cchcOyYs.s 			page 2


  39              		.cfi_offset 8, -20
  40              		.cfi_offset 9, -16
  41              		.cfi_offset 10, -12
  42              		.cfi_offset 11, -8
  43              		.cfi_offset 14, -4
  44 0004 85B0     		sub	sp, sp, #20
  45              		.cfi_def_cfa_offset 56
  46              		.loc 1 19 0
  47 0006 0390     		str	r0, [sp, #12]
  48 0008 0F46     		mov	r7, r1
  49 000a 0292     		str	r2, [sp, #8]
  50 000c 1E46     		mov	r6, r3
  20:video.c       ****     uint16 line = 805 - VERT_ReadCounter();
  51              		.loc 1 20 0
  52 000e FFF7FEFF 		bl	VERT_ReadCounter
  53              	.LVL1:
  54 0012 C0F54970 		rsb	r0, r0, #804
  55 0016 0130     		adds	r0, r0, #1
  56 0018 80B2     		uxth	r0, r0
  57              	.LVL2:
  21:video.c       ****     if (line % 8 == 0) {
  58              		.loc 1 21 0
  59 001a 10F00708 		ands	r8, r0, #7
  60 001e 03D1     		bne	.L1
  22:video.c       ****         if (line < 768) {
  61              		.loc 1 22 0
  62 0020 B0F5407F 		cmp	r0, #768
  63 0024 03D3     		bcc	.L20
  23:video.c       ****             CY_SET_REG16(CY_DMA_TDMEM_STRUCT_PTR[*dma_td].TD1,
  24:video.c       ****                          LO16((uint32) vbuf[line / 8]));
  25:video.c       ****         } else if (line == 768 && *vga_update_flag) {
  64              		.loc 1 25 0
  65 0026 11D0     		beq	.L21
  66              	.L1:
  26:video.c       ****             /* Refresh buffer during vsync */
  27:video.c       ****             CyDmaChDisable(*dma_chan);
  28:video.c       ****             if (*vga_update_flag) {
  29:video.c       ****                 uint8_t pixel;
  30:video.c       ****                 uint64_t temprow;
  31:video.c       ****                 for (uint8_t x = 0; x < 64; x++){
  32:video.c       ****                     for (uint8_t y = 0; y < 48; y++){
  33:video.c       ****                         if (y < 8 || y >= 40) {
  34:video.c       ****                             pixel = 0;
  35:video.c       ****                         } else {
  36:video.c       ****                             temprow = vram[y - 8] & (((uint64_t)1) << (63-x));
  37:video.c       ****                             pixel = (temprow) ? 1 : 0;
  38:video.c       ****                         }
  39:video.c       ****                         vbuf[2*y][2*x] = pixel;
  40:video.c       ****                         vbuf[2*y+1][2*x] = pixel;
  41:video.c       ****                         vbuf[2*y][2*x+1] = pixel;
  42:video.c       ****                         vbuf[2*y+1][2*x+1] = pixel;
  43:video.c       ****                     }
  44:video.c       ****                 }
  45:video.c       ****                 *vga_update_flag = 0;
  46:video.c       ****             }
  47:video.c       ****             CyDmaChEnable(*dma_chan, 1);
  48:video.c       ****         }
ARM GAS  C:\Users\info\AppData\Local\Temp\cchcOyYs.s 			page 3


  49:video.c       ****     }
  50:video.c       **** }
  67              		.loc 1 50 0
  68 0028 05B0     		add	sp, sp, #20
  69              		.cfi_remember_state
  70              		.cfi_def_cfa_offset 36
  71              		@ sp needed
  72 002a BDE8F08F 		pop	{r4, r5, r6, r7, r8, r9, r10, fp, pc}
  73              	.LVL3:
  74              	.L20:
  75              		.cfi_restore_state
  23:video.c       ****             CY_SET_REG16(CY_DMA_TDMEM_STRUCT_PTR[*dma_td].TD1,
  76              		.loc 1 23 0
  77 002e 3B78     		ldrb	r3, [r7]	@ zero_extendqisi2
  78 0030 364A     		ldr	r2, .L22
  79 0032 DB00     		lsls	r3, r3, #3
  80 0034 C008     		lsrs	r0, r0, #3
  81              	.LVL4:
  82 0036 02EBC010 		add	r0, r2, r0, lsl #7
  83 003a 03F18043 		add	r3, r3, #1073741824
  84 003e 03F5F043 		add	r3, r3, #30720
  85 0042 82B2     		uxth	r2, r0
  86 0044 9A80     		strh	r2, [r3, #4]	@ movhi
  87              		.loc 1 50 0
  88 0046 05B0     		add	sp, sp, #20
  89              		.cfi_remember_state
  90              		.cfi_def_cfa_offset 36
  91              		@ sp needed
  92 0048 BDE8F08F 		pop	{r4, r5, r6, r7, r8, r9, r10, fp, pc}
  93              	.LVL5:
  94              	.L21:
  95              		.cfi_restore_state
  25:video.c       ****             /* Refresh buffer during vsync */
  96              		.loc 1 25 0 discriminator 1
  97 004c 029B     		ldr	r3, [sp, #8]
  98 004e 1B78     		ldrb	r3, [r3]	@ zero_extendqisi2
  99 0050 002B     		cmp	r3, #0
 100 0052 E9D0     		beq	.L1
  27:video.c       ****             if (*vga_update_flag) {
 101              		.loc 1 27 0
 102 0054 039B     		ldr	r3, [sp, #12]
 103 0056 1878     		ldrb	r0, [r3]	@ zero_extendqisi2
 104              	.LVL6:
 105 0058 FFF7FEFF 		bl	CyDmaChDisable
 106              	.LVL7:
  28:video.c       ****                 uint8_t pixel;
 107              		.loc 1 28 0
 108 005c 029B     		ldr	r3, [sp, #8]
 109 005e 1B78     		ldrb	r3, [r3]	@ zero_extendqisi2
 110 0060 002B     		cmp	r3, #0
 111 0062 49D0     		beq	.L5
 112 0064 4FF0010C 		mov	ip, #1
 113              	.LBB2:
 114              	.LBB3:
 115              	.LBB4:
  36:video.c       ****                             pixel = (temprow) ? 1 : 0;
 116              		.loc 1 36 0
ARM GAS  C:\Users\info\AppData\Local\Temp\cchcOyYs.s 			page 4


 117 0068 E146     		mov	r9, ip
 118 006a A6F13803 		sub	r3, r6, #56
 119 006e DFF89CA0 		ldr	r10, .L22
 120              	.LBE4:
 121              	.LBE3:
 122              	.LBE2:
 123 0072 C646     		mov	lr, r8
 124 0074 0193     		str	r3, [sp, #4]
 125 0076 4FF03F08 		mov	r8, #63
 126              	.LVL8:
 127              	.L8:
 128              	.LBB9:
 129              	.LBB7:
 130              	.LBB5:
 131 007a A8F12002 		sub	r2, r8, #32
 132 007e C8F12003 		rsb	r3, r8, #32
 133 0082 09FA02F5 		lsl	r5, r9, r2
 134 0086 29FA03F3 		lsr	r3, r9, r3
 135 008a 0CF17F02 		add	r2, ip, #127
 136 008e 1D43     		orrs	r5, r5, r3
 137 0090 09FA08F4 		lsl	r4, r9, r8
 138 0094 5244     		add	r2, r2, r10
 139 0096 0AEB0E06 		add	r6, r10, lr
 140 009a 019F     		ldr	r7, [sp, #4]
 141 009c F923     		movs	r3, #249
  34:video.c       ****                         } else {
 142              		.loc 1 34 0
 143 009e 0021     		movs	r1, #0
 144 00a0 10E0     		b	.L10
 145              	.LVL9:
 146              	.L7:
  33:video.c       ****                             pixel = 0;
 147              		.loc 1 33 0
 148 00a2 1F2B     		cmp	r3, #31
 149 00a4 30D8     		bhi	.L11
  37:video.c       ****                         }
 150              		.loc 1 37 0
 151 00a6 D7E90001 		ldrd	r0, [r7]
 152 00aa 2940     		ands	r1, r1, r5
 153              	.LVL10:
 154 00ac 2040     		ands	r0, r0, r4
 155 00ae 0143     		orrs	r1, r0, r1
 156 00b0 14BF     		ite	ne
 157 00b2 0121     		movne	r1, #1
 158 00b4 0021     		moveq	r1, #0
 159              	.LVL11:
 160              	.L6:
 161 00b6 0133     		adds	r3, r3, #1
 162              	.LVL12:
 163 00b8 DBB2     		uxtb	r3, r3
 164 00ba 06F58076 		add	r6, r6, #256
 165 00be 02F58072 		add	r2, r2, #256
 166 00c2 0837     		adds	r7, r7, #8
 167              	.L10:
 168              	.LVL13:
  41:video.c       ****                         vbuf[2*y+1][2*x+1] = pixel;
 169              		.loc 1 41 0 discriminator 2
ARM GAS  C:\Users\info\AppData\Local\Temp\cchcOyYs.s 			page 5


 170 00c4 CEEB060B 		rsb	fp, lr, r6
  42:video.c       ****                     }
 171              		.loc 1 42 0 discriminator 2
 172 00c8 CEEB0200 		rsb	r0, lr, r2
  32:video.c       ****                         if (y < 8 || y >= 40) {
 173              		.loc 1 32 0 discriminator 2
 174 00cc 282B     		cmp	r3, #40
  39:video.c       ****                         vbuf[2*y+1][2*x] = pixel;
 175              		.loc 1 39 0 discriminator 2
 176 00ce 02F8801C 		strb	r1, [r2, #-128]
 177              	.LVL14:
  40:video.c       ****                         vbuf[2*y][2*x+1] = pixel;
 178              		.loc 1 40 0 discriminator 2
 179 00d2 86F88010 		strb	r1, [r6, #128]
  41:video.c       ****                         vbuf[2*y+1][2*x+1] = pixel;
 180              		.loc 1 41 0 discriminator 2
 181 00d6 0BF80C10 		strb	r1, [fp, ip]
  42:video.c       ****                     }
 182              		.loc 1 42 0 discriminator 2
 183 00da 00F80C10 		strb	r1, [r0, ip]
 184              	.LVL15:
  32:video.c       ****                         if (y < 8 || y >= 40) {
 185              		.loc 1 32 0 discriminator 2
 186 00de E0D1     		bne	.L7
 187              	.LVL16:
 188 00e0 0EF1020E 		add	lr, lr, #2
 189              	.LBE5:
  31:video.c       ****                     for (uint8_t y = 0; y < 48; y++){
 190              		.loc 1 31 0 discriminator 2
 191 00e4 BEF1800F 		cmp	lr, #128
 192 00e8 08F1FF38 		add	r8, r8, #-1
 193              	.LVL17:
 194 00ec 0CF1020C 		add	ip, ip, #2
 195 00f0 C3D1     		bne	.L8
 196              	.LBE7:
  45:video.c       ****             }
 197              		.loc 1 45 0
 198 00f2 029A     		ldr	r2, [sp, #8]
 199 00f4 0023     		movs	r3, #0
 200              	.LVL18:
 201 00f6 1370     		strb	r3, [r2]
 202              	.LVL19:
 203              	.L5:
 204              	.LBE9:
  47:video.c       ****         }
 205              		.loc 1 47 0
 206 00f8 039B     		ldr	r3, [sp, #12]
 207 00fa 0121     		movs	r1, #1
 208 00fc 1878     		ldrb	r0, [r3]	@ zero_extendqisi2
 209              		.loc 1 50 0
 210 00fe 05B0     		add	sp, sp, #20
 211              		.cfi_remember_state
 212              		.cfi_def_cfa_offset 36
 213              		@ sp needed
 214 0100 BDE8F04F 		pop	{r4, r5, r6, r7, r8, r9, r10, fp, lr}
 215              		.cfi_restore 14
 216              		.cfi_restore 11
ARM GAS  C:\Users\info\AppData\Local\Temp\cchcOyYs.s 			page 6


 217              		.cfi_restore 10
 218              		.cfi_restore 9
 219              		.cfi_restore 8
 220              		.cfi_restore 7
 221              		.cfi_restore 6
 222              		.cfi_restore 5
 223              		.cfi_restore 4
 224              		.cfi_def_cfa_offset 0
 225              	.LVL20:
  47:video.c       ****         }
 226              		.loc 1 47 0
 227 0104 FFF7FEBF 		b	CyDmaChEnable
 228              	.LVL21:
 229              	.L11:
 230              		.cfi_restore_state
 231              	.LBB10:
 232              	.LBB8:
 233              	.LBB6:
  34:video.c       ****                         } else {
 234              		.loc 1 34 0
 235 0108 0021     		movs	r1, #0
 236              	.LVL22:
 237 010a D4E7     		b	.L6
 238              	.L23:
 239              		.align	2
 240              	.L22:
 241 010c 00000000 		.word	.LANCHOR0
 242              	.LBE6:
 243              	.LBE8:
 244              	.LBE10:
 245              		.cfi_endproc
 246              	.LFE63:
 247              		.size	newline_handler, .-newline_handler
 248              		.global	vbuf
 249              		.section	.vram,"aw",%progbits
 250              		.align	2
 251              		.set	.LANCHOR0,. + 0
 252              		.type	vbuf, %object
 253              		.size	vbuf, 12288
 254              	vbuf:
 255 0000 00000000 		.space	12288
 255      00000000 
 255      00000000 
 255      00000000 
 255      00000000 
 256              		.text
 257              	.Letext0:
 258              		.file 2 "c:\\program files (x86)\\cypress\\psoc creator\\4.2\\psoc creator\\import\\gnu\\arm\\5.4.
 259              		.file 3 "c:\\program files (x86)\\cypress\\psoc creator\\4.2\\psoc creator\\import\\gnu\\arm\\5.4.
 260              		.file 4 "Generated_Source\\PSoC5/cytypes.h"
 261              		.file 5 "Generated_Source\\PSoC5/CYDMAC.H"
 262              		.file 6 "Generated_Source\\PSoC5/core_cm3.h"
 263              		.file 7 "Generated_Source\\PSoC5/VERT.h"
 264              		.section	.debug_info,"",%progbits
 265              	.Ldebug_info0:
 266 0000 91020000 		.4byte	0x291
 267 0004 0400     		.2byte	0x4
ARM GAS  C:\Users\info\AppData\Local\Temp\cchcOyYs.s 			page 7


 268 0006 00000000 		.4byte	.Ldebug_abbrev0
 269 000a 04       		.byte	0x4
 270 000b 01       		.uleb128 0x1
 271 000c 18000000 		.4byte	.LASF37
 272 0010 0C       		.byte	0xc
 273 0011 B9000000 		.4byte	.LASF38
 274 0015 76010000 		.4byte	.LASF39
 275 0019 60000000 		.4byte	.Ldebug_ranges0+0x60
 276 001d 00000000 		.4byte	0
 277 0021 00000000 		.4byte	.Ldebug_line0
 278 0025 02       		.uleb128 0x2
 279 0026 08       		.byte	0x8
 280 0027 07       		.byte	0x7
 281 0028 E0010000 		.4byte	.LASF0
 282 002c 02       		.uleb128 0x2
 283 002d 01       		.byte	0x1
 284 002e 06       		.byte	0x6
 285 002f 82020000 		.4byte	.LASF1
 286 0033 03       		.uleb128 0x3
 287 0034 0E000000 		.4byte	.LASF5
 288 0038 02       		.byte	0x2
 289 0039 1D       		.byte	0x1d
 290 003a 3E000000 		.4byte	0x3e
 291 003e 02       		.uleb128 0x2
 292 003f 01       		.byte	0x1
 293 0040 08       		.byte	0x8
 294 0041 F6000000 		.4byte	.LASF2
 295 0045 02       		.uleb128 0x2
 296 0046 02       		.byte	0x2
 297 0047 05       		.byte	0x5
 298 0048 53020000 		.4byte	.LASF3
 299 004c 02       		.uleb128 0x2
 300 004d 02       		.byte	0x2
 301 004e 07       		.byte	0x7
 302 004f 26010000 		.4byte	.LASF4
 303 0053 03       		.uleb128 0x3
 304 0054 A6000000 		.4byte	.LASF6
 305 0058 02       		.byte	0x2
 306 0059 3F       		.byte	0x3f
 307 005a 5E000000 		.4byte	0x5e
 308 005e 02       		.uleb128 0x2
 309 005f 04       		.byte	0x4
 310 0060 05       		.byte	0x5
 311 0061 68020000 		.4byte	.LASF7
 312 0065 02       		.uleb128 0x2
 313 0066 04       		.byte	0x4
 314 0067 07       		.byte	0x7
 315 0068 14010000 		.4byte	.LASF8
 316 006c 02       		.uleb128 0x2
 317 006d 08       		.byte	0x8
 318 006e 05       		.byte	0x5
 319 006f 00000000 		.4byte	.LASF9
 320 0073 03       		.uleb128 0x3
 321 0074 5D020000 		.4byte	.LASF10
 322 0078 02       		.byte	0x2
 323 0079 5B       		.byte	0x5b
 324 007a 25000000 		.4byte	0x25
ARM GAS  C:\Users\info\AppData\Local\Temp\cchcOyYs.s 			page 8


 325 007e 04       		.uleb128 0x4
 326 007f 04       		.byte	0x4
 327 0080 05       		.byte	0x5
 328 0081 696E7400 		.ascii	"int\000"
 329 0085 02       		.uleb128 0x2
 330 0086 04       		.byte	0x4
 331 0087 07       		.byte	0x7
 332 0088 69010000 		.4byte	.LASF11
 333 008c 03       		.uleb128 0x3
 334 008d F7010000 		.4byte	.LASF12
 335 0091 03       		.byte	0x3
 336 0092 18       		.byte	0x18
 337 0093 33000000 		.4byte	0x33
 338 0097 03       		.uleb128 0x3
 339 0098 E2000000 		.4byte	.LASF13
 340 009c 03       		.byte	0x3
 341 009d 2C       		.byte	0x2c
 342 009e 53000000 		.4byte	0x53
 343 00a2 03       		.uleb128 0x3
 344 00a3 D9000000 		.4byte	.LASF14
 345 00a7 03       		.byte	0x3
 346 00a8 3C       		.byte	0x3c
 347 00a9 73000000 		.4byte	0x73
 348 00ad 05       		.uleb128 0x5
 349 00ae F0000000 		.4byte	.LASF15
 350 00b2 04       		.byte	0x4
 351 00b3 E401     		.2byte	0x1e4
 352 00b5 3E000000 		.4byte	0x3e
 353 00b9 05       		.uleb128 0x5
 354 00ba 5B010000 		.4byte	.LASF16
 355 00be 04       		.byte	0x4
 356 00bf E501     		.2byte	0x1e5
 357 00c1 4C000000 		.4byte	0x4c
 358 00c5 05       		.uleb128 0x5
 359 00c6 62010000 		.4byte	.LASF17
 360 00ca 04       		.byte	0x4
 361 00cb E601     		.2byte	0x1e6
 362 00cd 65000000 		.4byte	0x65
 363 00d1 02       		.uleb128 0x2
 364 00d2 04       		.byte	0x4
 365 00d3 04       		.byte	0x4
 366 00d4 EA000000 		.4byte	.LASF18
 367 00d8 02       		.uleb128 0x2
 368 00d9 08       		.byte	0x8
 369 00da 04       		.byte	0x4
 370 00db 46010000 		.4byte	.LASF19
 371 00df 02       		.uleb128 0x2
 372 00e0 01       		.byte	0x1
 373 00e1 08       		.byte	0x8
 374 00e2 3C020000 		.4byte	.LASF20
 375 00e6 06       		.uleb128 0x6
 376 00e7 AD000000 		.4byte	0xad
 377 00eb 05       		.uleb128 0x5
 378 00ec 04020000 		.4byte	.LASF21
 379 00f0 04       		.byte	0x4
 380 00f1 8F02     		.2byte	0x28f
 381 00f3 F7000000 		.4byte	0xf7
ARM GAS  C:\Users\info\AppData\Local\Temp\cchcOyYs.s 			page 9


 382 00f7 06       		.uleb128 0x6
 383 00f8 B9000000 		.4byte	0xb9
 384 00fc 02       		.uleb128 0x2
 385 00fd 08       		.byte	0x8
 386 00fe 04       		.byte	0x4
 387 00ff 76020000 		.4byte	.LASF22
 388 0103 02       		.uleb128 0x2
 389 0104 04       		.byte	0x4
 390 0105 07       		.byte	0x7
 391 0106 18020000 		.4byte	.LASF23
 392 010a 07       		.uleb128 0x7
 393 010b E6000000 		.4byte	0xe6
 394 010f 1A010000 		.4byte	0x11a
 395 0113 08       		.uleb128 0x8
 396 0114 03010000 		.4byte	0x103
 397 0118 03       		.byte	0x3
 398 0119 00       		.byte	0
 399 011a 09       		.uleb128 0x9
 400 011b 41020000 		.4byte	.LASF40
 401 011f 08       		.byte	0x8
 402 0120 05       		.byte	0x5
 403 0121 59       		.byte	0x59
 404 0122 3F010000 		.4byte	0x13f
 405 0126 0A       		.uleb128 0xa
 406 0127 54443000 		.ascii	"TD0\000"
 407 012b 05       		.byte	0x5
 408 012c 5B       		.byte	0x5b
 409 012d 3F010000 		.4byte	0x13f
 410 0131 00       		.byte	0
 411 0132 0A       		.uleb128 0xa
 412 0133 54443100 		.ascii	"TD1\000"
 413 0137 05       		.byte	0x5
 414 0138 5C       		.byte	0x5c
 415 0139 44010000 		.4byte	0x144
 416 013d 04       		.byte	0x4
 417 013e 00       		.byte	0
 418 013f 06       		.uleb128 0x6
 419 0140 0A010000 		.4byte	0x10a
 420 0144 06       		.uleb128 0x6
 421 0145 0A010000 		.4byte	0x10a
 422 0149 03       		.uleb128 0x3
 423 014a 21020000 		.4byte	.LASF24
 424 014e 05       		.byte	0x5
 425 014f 5E       		.byte	0x5e
 426 0150 1A010000 		.4byte	0x11a
 427 0154 06       		.uleb128 0x6
 428 0155 8C000000 		.4byte	0x8c
 429 0159 0B       		.uleb128 0xb
 430 015a 2C020000 		.4byte	.LASF41
 431 015e 01       		.byte	0x1
 432 015f 12       		.byte	0x12
 433 0160 00000000 		.4byte	.LFB63
 434 0164 10010000 		.4byte	.LFE63-.LFB63
 435 0168 01       		.uleb128 0x1
 436 0169 9C       		.byte	0x9c
 437 016a 29020000 		.4byte	0x229
 438 016e 0C       		.uleb128 0xc
ARM GAS  C:\Users\info\AppData\Local\Temp\cchcOyYs.s 			page 10


 439 016f B0000000 		.4byte	.LASF25
 440 0173 01       		.byte	0x1
 441 0174 12       		.byte	0x12
 442 0175 29020000 		.4byte	0x229
 443 0179 00000000 		.4byte	.LLST0
 444 017d 0C       		.uleb128 0xc
 445 017e C1000000 		.4byte	.LASF26
 446 0182 01       		.byte	0x1
 447 0183 12       		.byte	0x12
 448 0184 29020000 		.4byte	0x229
 449 0188 37000000 		.4byte	.LLST1
 450 018c 0C       		.uleb128 0xc
 451 018d 04010000 		.4byte	.LASF27
 452 0191 01       		.byte	0x1
 453 0192 13       		.byte	0x13
 454 0193 2F020000 		.4byte	0x22f
 455 0197 63000000 		.4byte	.LLST2
 456 019b 0C       		.uleb128 0xc
 457 019c 9D020000 		.4byte	.LASF28
 458 01a0 01       		.byte	0x1
 459 01a1 13       		.byte	0x13
 460 01a2 35020000 		.4byte	0x235
 461 01a6 9A000000 		.4byte	.LLST3
 462 01aa 0D       		.uleb128 0xd
 463 01ab FF010000 		.4byte	.LASF29
 464 01af 01       		.byte	0x1
 465 01b0 14       		.byte	0x14
 466 01b1 B9000000 		.4byte	0xb9
 467 01b5 E6000000 		.4byte	.LLST4
 468 01b9 0E       		.uleb128 0xe
 469 01ba 00000000 		.4byte	.Ldebug_ranges0+0
 470 01be 07020000 		.4byte	0x207
 471 01c2 0D       		.uleb128 0xd
 472 01c3 0A020000 		.4byte	.LASF30
 473 01c7 01       		.byte	0x1
 474 01c8 1D       		.byte	0x1d
 475 01c9 8C000000 		.4byte	0x8c
 476 01cd 04010000 		.4byte	.LLST5
 477 01d1 0D       		.uleb128 0xd
 478 01d2 10020000 		.4byte	.LASF31
 479 01d6 01       		.byte	0x1
 480 01d7 1E       		.byte	0x1e
 481 01d8 A2000000 		.4byte	0xa2
 482 01dc 4E010000 		.4byte	.LLST6
 483 01e0 0F       		.uleb128 0xf
 484 01e1 20000000 		.4byte	.Ldebug_ranges0+0x20
 485 01e5 10       		.uleb128 0x10
 486 01e6 7800     		.ascii	"x\000"
 487 01e8 01       		.byte	0x1
 488 01e9 1F       		.byte	0x1f
 489 01ea 8C000000 		.4byte	0x8c
 490 01ee 6A010000 		.4byte	.LLST7
 491 01f2 0F       		.uleb128 0xf
 492 01f3 40000000 		.4byte	.Ldebug_ranges0+0x40
 493 01f7 10       		.uleb128 0x10
 494 01f8 7900     		.ascii	"y\000"
 495 01fa 01       		.byte	0x1
ARM GAS  C:\Users\info\AppData\Local\Temp\cchcOyYs.s 			page 11


 496 01fb 20       		.byte	0x20
 497 01fc 8C000000 		.4byte	0x8c
 498 0200 A2010000 		.4byte	.LLST8
 499 0204 00       		.byte	0
 500 0205 00       		.byte	0
 501 0206 00       		.byte	0
 502 0207 11       		.uleb128 0x11
 503 0208 12000000 		.4byte	.LVL1
 504 020c 73020000 		.4byte	0x273
 505 0210 11       		.uleb128 0x11
 506 0211 5C000000 		.4byte	.LVL7
 507 0215 7E020000 		.4byte	0x27e
 508 0219 12       		.uleb128 0x12
 509 021a 08010000 		.4byte	.LVL21
 510 021e 89020000 		.4byte	0x289
 511 0222 13       		.uleb128 0x13
 512 0223 01       		.uleb128 0x1
 513 0224 51       		.byte	0x51
 514 0225 01       		.uleb128 0x1
 515 0226 31       		.byte	0x31
 516 0227 00       		.byte	0
 517 0228 00       		.byte	0
 518 0229 14       		.uleb128 0x14
 519 022a 04       		.byte	0x4
 520 022b 8C000000 		.4byte	0x8c
 521 022f 14       		.uleb128 0x14
 522 0230 04       		.byte	0x4
 523 0231 54010000 		.4byte	0x154
 524 0235 14       		.uleb128 0x14
 525 0236 04       		.byte	0x4
 526 0237 A2000000 		.4byte	0xa2
 527 023b 15       		.uleb128 0x15
 528 023c 39010000 		.4byte	.LASF32
 529 0240 06       		.byte	0x6
 530 0241 1207     		.2byte	0x712
 531 0243 47020000 		.4byte	0x247
 532 0247 06       		.uleb128 0x6
 533 0248 97000000 		.4byte	0x97
 534 024c 07       		.uleb128 0x7
 535 024d 8C000000 		.4byte	0x8c
 536 0251 62020000 		.4byte	0x262
 537 0255 08       		.uleb128 0x8
 538 0256 03010000 		.4byte	0x103
 539 025a 5F       		.byte	0x5f
 540 025b 08       		.uleb128 0x8
 541 025c 03010000 		.4byte	0x103
 542 0260 7F       		.byte	0x7f
 543 0261 00       		.byte	0
 544 0262 16       		.uleb128 0x16
 545 0263 71020000 		.4byte	.LASF33
 546 0267 01       		.byte	0x1
 547 0268 09       		.byte	0x9
 548 0269 4C020000 		.4byte	0x24c
 549 026d 05       		.uleb128 0x5
 550 026e 03       		.byte	0x3
 551 026f 00000000 		.4byte	vbuf
 552 0273 17       		.uleb128 0x17
ARM GAS  C:\Users\info\AppData\Local\Temp\cchcOyYs.s 			page 12


 553 0274 C8000000 		.4byte	.LASF34
 554 0278 C8000000 		.4byte	.LASF34
 555 027c 07       		.byte	0x7
 556 027d B3       		.byte	0xb3
 557 027e 17       		.uleb128 0x17
 558 027f 8E020000 		.4byte	.LASF35
 559 0283 8E020000 		.4byte	.LASF35
 560 0287 05       		.byte	0x5
 561 0288 2A       		.byte	0x2a
 562 0289 17       		.uleb128 0x17
 563 028a 4D010000 		.4byte	.LASF36
 564 028e 4D010000 		.4byte	.LASF36
 565 0292 05       		.byte	0x5
 566 0293 29       		.byte	0x29
 567 0294 00       		.byte	0
 568              		.section	.debug_abbrev,"",%progbits
 569              	.Ldebug_abbrev0:
 570 0000 01       		.uleb128 0x1
 571 0001 11       		.uleb128 0x11
 572 0002 01       		.byte	0x1
 573 0003 25       		.uleb128 0x25
 574 0004 0E       		.uleb128 0xe
 575 0005 13       		.uleb128 0x13
 576 0006 0B       		.uleb128 0xb
 577 0007 03       		.uleb128 0x3
 578 0008 0E       		.uleb128 0xe
 579 0009 1B       		.uleb128 0x1b
 580 000a 0E       		.uleb128 0xe
 581 000b 55       		.uleb128 0x55
 582 000c 17       		.uleb128 0x17
 583 000d 11       		.uleb128 0x11
 584 000e 01       		.uleb128 0x1
 585 000f 10       		.uleb128 0x10
 586 0010 17       		.uleb128 0x17
 587 0011 00       		.byte	0
 588 0012 00       		.byte	0
 589 0013 02       		.uleb128 0x2
 590 0014 24       		.uleb128 0x24
 591 0015 00       		.byte	0
 592 0016 0B       		.uleb128 0xb
 593 0017 0B       		.uleb128 0xb
 594 0018 3E       		.uleb128 0x3e
 595 0019 0B       		.uleb128 0xb
 596 001a 03       		.uleb128 0x3
 597 001b 0E       		.uleb128 0xe
 598 001c 00       		.byte	0
 599 001d 00       		.byte	0
 600 001e 03       		.uleb128 0x3
 601 001f 16       		.uleb128 0x16
 602 0020 00       		.byte	0
 603 0021 03       		.uleb128 0x3
 604 0022 0E       		.uleb128 0xe
 605 0023 3A       		.uleb128 0x3a
 606 0024 0B       		.uleb128 0xb
 607 0025 3B       		.uleb128 0x3b
 608 0026 0B       		.uleb128 0xb
 609 0027 49       		.uleb128 0x49
ARM GAS  C:\Users\info\AppData\Local\Temp\cchcOyYs.s 			page 13


 610 0028 13       		.uleb128 0x13
 611 0029 00       		.byte	0
 612 002a 00       		.byte	0
 613 002b 04       		.uleb128 0x4
 614 002c 24       		.uleb128 0x24
 615 002d 00       		.byte	0
 616 002e 0B       		.uleb128 0xb
 617 002f 0B       		.uleb128 0xb
 618 0030 3E       		.uleb128 0x3e
 619 0031 0B       		.uleb128 0xb
 620 0032 03       		.uleb128 0x3
 621 0033 08       		.uleb128 0x8
 622 0034 00       		.byte	0
 623 0035 00       		.byte	0
 624 0036 05       		.uleb128 0x5
 625 0037 16       		.uleb128 0x16
 626 0038 00       		.byte	0
 627 0039 03       		.uleb128 0x3
 628 003a 0E       		.uleb128 0xe
 629 003b 3A       		.uleb128 0x3a
 630 003c 0B       		.uleb128 0xb
 631 003d 3B       		.uleb128 0x3b
 632 003e 05       		.uleb128 0x5
 633 003f 49       		.uleb128 0x49
 634 0040 13       		.uleb128 0x13
 635 0041 00       		.byte	0
 636 0042 00       		.byte	0
 637 0043 06       		.uleb128 0x6
 638 0044 35       		.uleb128 0x35
 639 0045 00       		.byte	0
 640 0046 49       		.uleb128 0x49
 641 0047 13       		.uleb128 0x13
 642 0048 00       		.byte	0
 643 0049 00       		.byte	0
 644 004a 07       		.uleb128 0x7
 645 004b 01       		.uleb128 0x1
 646 004c 01       		.byte	0x1
 647 004d 49       		.uleb128 0x49
 648 004e 13       		.uleb128 0x13
 649 004f 01       		.uleb128 0x1
 650 0050 13       		.uleb128 0x13
 651 0051 00       		.byte	0
 652 0052 00       		.byte	0
 653 0053 08       		.uleb128 0x8
 654 0054 21       		.uleb128 0x21
 655 0055 00       		.byte	0
 656 0056 49       		.uleb128 0x49
 657 0057 13       		.uleb128 0x13
 658 0058 2F       		.uleb128 0x2f
 659 0059 0B       		.uleb128 0xb
 660 005a 00       		.byte	0
 661 005b 00       		.byte	0
 662 005c 09       		.uleb128 0x9
 663 005d 13       		.uleb128 0x13
 664 005e 01       		.byte	0x1
 665 005f 03       		.uleb128 0x3
 666 0060 0E       		.uleb128 0xe
ARM GAS  C:\Users\info\AppData\Local\Temp\cchcOyYs.s 			page 14


 667 0061 0B       		.uleb128 0xb
 668 0062 0B       		.uleb128 0xb
 669 0063 3A       		.uleb128 0x3a
 670 0064 0B       		.uleb128 0xb
 671 0065 3B       		.uleb128 0x3b
 672 0066 0B       		.uleb128 0xb
 673 0067 01       		.uleb128 0x1
 674 0068 13       		.uleb128 0x13
 675 0069 00       		.byte	0
 676 006a 00       		.byte	0
 677 006b 0A       		.uleb128 0xa
 678 006c 0D       		.uleb128 0xd
 679 006d 00       		.byte	0
 680 006e 03       		.uleb128 0x3
 681 006f 08       		.uleb128 0x8
 682 0070 3A       		.uleb128 0x3a
 683 0071 0B       		.uleb128 0xb
 684 0072 3B       		.uleb128 0x3b
 685 0073 0B       		.uleb128 0xb
 686 0074 49       		.uleb128 0x49
 687 0075 13       		.uleb128 0x13
 688 0076 38       		.uleb128 0x38
 689 0077 0B       		.uleb128 0xb
 690 0078 00       		.byte	0
 691 0079 00       		.byte	0
 692 007a 0B       		.uleb128 0xb
 693 007b 2E       		.uleb128 0x2e
 694 007c 01       		.byte	0x1
 695 007d 3F       		.uleb128 0x3f
 696 007e 19       		.uleb128 0x19
 697 007f 03       		.uleb128 0x3
 698 0080 0E       		.uleb128 0xe
 699 0081 3A       		.uleb128 0x3a
 700 0082 0B       		.uleb128 0xb
 701 0083 3B       		.uleb128 0x3b
 702 0084 0B       		.uleb128 0xb
 703 0085 27       		.uleb128 0x27
 704 0086 19       		.uleb128 0x19
 705 0087 11       		.uleb128 0x11
 706 0088 01       		.uleb128 0x1
 707 0089 12       		.uleb128 0x12
 708 008a 06       		.uleb128 0x6
 709 008b 40       		.uleb128 0x40
 710 008c 18       		.uleb128 0x18
 711 008d 9742     		.uleb128 0x2117
 712 008f 19       		.uleb128 0x19
 713 0090 01       		.uleb128 0x1
 714 0091 13       		.uleb128 0x13
 715 0092 00       		.byte	0
 716 0093 00       		.byte	0
 717 0094 0C       		.uleb128 0xc
 718 0095 05       		.uleb128 0x5
 719 0096 00       		.byte	0
 720 0097 03       		.uleb128 0x3
 721 0098 0E       		.uleb128 0xe
 722 0099 3A       		.uleb128 0x3a
 723 009a 0B       		.uleb128 0xb
ARM GAS  C:\Users\info\AppData\Local\Temp\cchcOyYs.s 			page 15


 724 009b 3B       		.uleb128 0x3b
 725 009c 0B       		.uleb128 0xb
 726 009d 49       		.uleb128 0x49
 727 009e 13       		.uleb128 0x13
 728 009f 02       		.uleb128 0x2
 729 00a0 17       		.uleb128 0x17
 730 00a1 00       		.byte	0
 731 00a2 00       		.byte	0
 732 00a3 0D       		.uleb128 0xd
 733 00a4 34       		.uleb128 0x34
 734 00a5 00       		.byte	0
 735 00a6 03       		.uleb128 0x3
 736 00a7 0E       		.uleb128 0xe
 737 00a8 3A       		.uleb128 0x3a
 738 00a9 0B       		.uleb128 0xb
 739 00aa 3B       		.uleb128 0x3b
 740 00ab 0B       		.uleb128 0xb
 741 00ac 49       		.uleb128 0x49
 742 00ad 13       		.uleb128 0x13
 743 00ae 02       		.uleb128 0x2
 744 00af 17       		.uleb128 0x17
 745 00b0 00       		.byte	0
 746 00b1 00       		.byte	0
 747 00b2 0E       		.uleb128 0xe
 748 00b3 0B       		.uleb128 0xb
 749 00b4 01       		.byte	0x1
 750 00b5 55       		.uleb128 0x55
 751 00b6 17       		.uleb128 0x17
 752 00b7 01       		.uleb128 0x1
 753 00b8 13       		.uleb128 0x13
 754 00b9 00       		.byte	0
 755 00ba 00       		.byte	0
 756 00bb 0F       		.uleb128 0xf
 757 00bc 0B       		.uleb128 0xb
 758 00bd 01       		.byte	0x1
 759 00be 55       		.uleb128 0x55
 760 00bf 17       		.uleb128 0x17
 761 00c0 00       		.byte	0
 762 00c1 00       		.byte	0
 763 00c2 10       		.uleb128 0x10
 764 00c3 34       		.uleb128 0x34
 765 00c4 00       		.byte	0
 766 00c5 03       		.uleb128 0x3
 767 00c6 08       		.uleb128 0x8
 768 00c7 3A       		.uleb128 0x3a
 769 00c8 0B       		.uleb128 0xb
 770 00c9 3B       		.uleb128 0x3b
 771 00ca 0B       		.uleb128 0xb
 772 00cb 49       		.uleb128 0x49
 773 00cc 13       		.uleb128 0x13
 774 00cd 02       		.uleb128 0x2
 775 00ce 17       		.uleb128 0x17
 776 00cf 00       		.byte	0
 777 00d0 00       		.byte	0
 778 00d1 11       		.uleb128 0x11
 779 00d2 898201   		.uleb128 0x4109
 780 00d5 00       		.byte	0
ARM GAS  C:\Users\info\AppData\Local\Temp\cchcOyYs.s 			page 16


 781 00d6 11       		.uleb128 0x11
 782 00d7 01       		.uleb128 0x1
 783 00d8 31       		.uleb128 0x31
 784 00d9 13       		.uleb128 0x13
 785 00da 00       		.byte	0
 786 00db 00       		.byte	0
 787 00dc 12       		.uleb128 0x12
 788 00dd 898201   		.uleb128 0x4109
 789 00e0 01       		.byte	0x1
 790 00e1 11       		.uleb128 0x11
 791 00e2 01       		.uleb128 0x1
 792 00e3 9542     		.uleb128 0x2115
 793 00e5 19       		.uleb128 0x19
 794 00e6 31       		.uleb128 0x31
 795 00e7 13       		.uleb128 0x13
 796 00e8 00       		.byte	0
 797 00e9 00       		.byte	0
 798 00ea 13       		.uleb128 0x13
 799 00eb 8A8201   		.uleb128 0x410a
 800 00ee 00       		.byte	0
 801 00ef 02       		.uleb128 0x2
 802 00f0 18       		.uleb128 0x18
 803 00f1 9142     		.uleb128 0x2111
 804 00f3 18       		.uleb128 0x18
 805 00f4 00       		.byte	0
 806 00f5 00       		.byte	0
 807 00f6 14       		.uleb128 0x14
 808 00f7 0F       		.uleb128 0xf
 809 00f8 00       		.byte	0
 810 00f9 0B       		.uleb128 0xb
 811 00fa 0B       		.uleb128 0xb
 812 00fb 49       		.uleb128 0x49
 813 00fc 13       		.uleb128 0x13
 814 00fd 00       		.byte	0
 815 00fe 00       		.byte	0
 816 00ff 15       		.uleb128 0x15
 817 0100 34       		.uleb128 0x34
 818 0101 00       		.byte	0
 819 0102 03       		.uleb128 0x3
 820 0103 0E       		.uleb128 0xe
 821 0104 3A       		.uleb128 0x3a
 822 0105 0B       		.uleb128 0xb
 823 0106 3B       		.uleb128 0x3b
 824 0107 05       		.uleb128 0x5
 825 0108 49       		.uleb128 0x49
 826 0109 13       		.uleb128 0x13
 827 010a 3F       		.uleb128 0x3f
 828 010b 19       		.uleb128 0x19
 829 010c 3C       		.uleb128 0x3c
 830 010d 19       		.uleb128 0x19
 831 010e 00       		.byte	0
 832 010f 00       		.byte	0
 833 0110 16       		.uleb128 0x16
 834 0111 34       		.uleb128 0x34
 835 0112 00       		.byte	0
 836 0113 03       		.uleb128 0x3
 837 0114 0E       		.uleb128 0xe
ARM GAS  C:\Users\info\AppData\Local\Temp\cchcOyYs.s 			page 17


 838 0115 3A       		.uleb128 0x3a
 839 0116 0B       		.uleb128 0xb
 840 0117 3B       		.uleb128 0x3b
 841 0118 0B       		.uleb128 0xb
 842 0119 49       		.uleb128 0x49
 843 011a 13       		.uleb128 0x13
 844 011b 3F       		.uleb128 0x3f
 845 011c 19       		.uleb128 0x19
 846 011d 02       		.uleb128 0x2
 847 011e 18       		.uleb128 0x18
 848 011f 00       		.byte	0
 849 0120 00       		.byte	0
 850 0121 17       		.uleb128 0x17
 851 0122 2E       		.uleb128 0x2e
 852 0123 00       		.byte	0
 853 0124 3F       		.uleb128 0x3f
 854 0125 19       		.uleb128 0x19
 855 0126 3C       		.uleb128 0x3c
 856 0127 19       		.uleb128 0x19
 857 0128 6E       		.uleb128 0x6e
 858 0129 0E       		.uleb128 0xe
 859 012a 03       		.uleb128 0x3
 860 012b 0E       		.uleb128 0xe
 861 012c 3A       		.uleb128 0x3a
 862 012d 0B       		.uleb128 0xb
 863 012e 3B       		.uleb128 0x3b
 864 012f 0B       		.uleb128 0xb
 865 0130 00       		.byte	0
 866 0131 00       		.byte	0
 867 0132 00       		.byte	0
 868              		.section	.debug_loc,"",%progbits
 869              	.Ldebug_loc0:
 870              	.LLST0:
 871 0000 00000000 		.4byte	.LVL0
 872 0004 11000000 		.4byte	.LVL1-1
 873 0008 0100     		.2byte	0x1
 874 000a 50       		.byte	0x50
 875 000b 11000000 		.4byte	.LVL1-1
 876 000f 04010000 		.4byte	.LVL20
 877 0013 0200     		.2byte	0x2
 878 0015 91       		.byte	0x91
 879 0016 54       		.sleb128 -44
 880 0017 04010000 		.4byte	.LVL20
 881 001b 08010000 		.4byte	.LVL21
 882 001f 0200     		.2byte	0x2
 883 0021 7D       		.byte	0x7d
 884 0022 54       		.sleb128 -44
 885 0023 08010000 		.4byte	.LVL21
 886 0027 10010000 		.4byte	.LFE63
 887 002b 0200     		.2byte	0x2
 888 002d 91       		.byte	0x91
 889 002e 54       		.sleb128 -44
 890 002f 00000000 		.4byte	0
 891 0033 00000000 		.4byte	0
 892              	.LLST1:
 893 0037 00000000 		.4byte	.LVL0
 894 003b 11000000 		.4byte	.LVL1-1
ARM GAS  C:\Users\info\AppData\Local\Temp\cchcOyYs.s 			page 18


 895 003f 0100     		.2byte	0x1
 896 0041 51       		.byte	0x51
 897 0042 11000000 		.4byte	.LVL1-1
 898 0046 7A000000 		.4byte	.LVL8
 899 004a 0100     		.2byte	0x1
 900 004c 57       		.byte	0x57
 901 004d 7A000000 		.4byte	.LVL8
 902 0051 10010000 		.4byte	.LFE63
 903 0055 0400     		.2byte	0x4
 904 0057 F3       		.byte	0xf3
 905 0058 01       		.uleb128 0x1
 906 0059 51       		.byte	0x51
 907 005a 9F       		.byte	0x9f
 908 005b 00000000 		.4byte	0
 909 005f 00000000 		.4byte	0
 910              	.LLST2:
 911 0063 00000000 		.4byte	.LVL0
 912 0067 11000000 		.4byte	.LVL1-1
 913 006b 0100     		.2byte	0x1
 914 006d 52       		.byte	0x52
 915 006e 11000000 		.4byte	.LVL1-1
 916 0072 04010000 		.4byte	.LVL20
 917 0076 0200     		.2byte	0x2
 918 0078 91       		.byte	0x91
 919 0079 50       		.sleb128 -48
 920 007a 04010000 		.4byte	.LVL20
 921 007e 08010000 		.4byte	.LVL21
 922 0082 0200     		.2byte	0x2
 923 0084 7D       		.byte	0x7d
 924 0085 50       		.sleb128 -48
 925 0086 08010000 		.4byte	.LVL21
 926 008a 10010000 		.4byte	.LFE63
 927 008e 0200     		.2byte	0x2
 928 0090 91       		.byte	0x91
 929 0091 50       		.sleb128 -48
 930 0092 00000000 		.4byte	0
 931 0096 00000000 		.4byte	0
 932              	.LLST3:
 933 009a 00000000 		.4byte	.LVL0
 934 009e 11000000 		.4byte	.LVL1-1
 935 00a2 0100     		.2byte	0x1
 936 00a4 53       		.byte	0x53
 937 00a5 11000000 		.4byte	.LVL1-1
 938 00a9 7A000000 		.4byte	.LVL8
 939 00ad 0100     		.2byte	0x1
 940 00af 56       		.byte	0x56
 941 00b0 7A000000 		.4byte	.LVL8
 942 00b4 F8000000 		.4byte	.LVL19
 943 00b8 0600     		.2byte	0x6
 944 00ba 91       		.byte	0x91
 945 00bb 4C       		.sleb128 -52
 946 00bc 06       		.byte	0x6
 947 00bd 23       		.byte	0x23
 948 00be 38       		.uleb128 0x38
 949 00bf 9F       		.byte	0x9f
 950 00c0 F8000000 		.4byte	.LVL19
 951 00c4 08010000 		.4byte	.LVL21
ARM GAS  C:\Users\info\AppData\Local\Temp\cchcOyYs.s 			page 19


 952 00c8 0400     		.2byte	0x4
 953 00ca F3       		.byte	0xf3
 954 00cb 01       		.uleb128 0x1
 955 00cc 53       		.byte	0x53
 956 00cd 9F       		.byte	0x9f
 957 00ce 08010000 		.4byte	.LVL21
 958 00d2 10010000 		.4byte	.LFE63
 959 00d6 0600     		.2byte	0x6
 960 00d8 91       		.byte	0x91
 961 00d9 4C       		.sleb128 -52
 962 00da 06       		.byte	0x6
 963 00db 23       		.byte	0x23
 964 00dc 38       		.uleb128 0x38
 965 00dd 9F       		.byte	0x9f
 966 00de 00000000 		.4byte	0
 967 00e2 00000000 		.4byte	0
 968              	.LLST4:
 969 00e6 1A000000 		.4byte	.LVL2
 970 00ea 36000000 		.4byte	.LVL4
 971 00ee 0100     		.2byte	0x1
 972 00f0 50       		.byte	0x50
 973 00f1 4C000000 		.4byte	.LVL5
 974 00f5 58000000 		.4byte	.LVL6
 975 00f9 0100     		.2byte	0x1
 976 00fb 50       		.byte	0x50
 977 00fc 00000000 		.4byte	0
 978 0100 00000000 		.4byte	0
 979              	.LLST5:
 980 0104 A2000000 		.4byte	.LVL9
 981 0108 AC000000 		.4byte	.LVL10
 982 010c 0100     		.2byte	0x1
 983 010e 51       		.byte	0x51
 984 010f AC000000 		.4byte	.LVL10
 985 0113 B6000000 		.4byte	.LVL11
 986 0117 0800     		.2byte	0x8
 987 0119 72       		.byte	0x72
 988 011a 00       		.sleb128 0
 989 011b 7C       		.byte	0x7c
 990 011c 00       		.sleb128 0
 991 011d 22       		.byte	0x22
 992 011e 7E       		.byte	0x7e
 993 011f 00       		.sleb128 0
 994 0120 1C       		.byte	0x1c
 995 0121 C4000000 		.4byte	.LVL13
 996 0125 F8000000 		.4byte	.LVL19
 997 0129 0100     		.2byte	0x1
 998 012b 51       		.byte	0x51
 999 012c 08010000 		.4byte	.LVL21
 1000 0130 0A010000 		.4byte	.LVL22
 1001 0134 0100     		.2byte	0x1
 1002 0136 51       		.byte	0x51
 1003 0137 0A010000 		.4byte	.LVL22
 1004 013b 10010000 		.4byte	.LFE63
 1005 013f 0500     		.2byte	0x5
 1006 0141 70       		.byte	0x70
 1007 0142 00       		.sleb128 0
 1008 0143 7C       		.byte	0x7c
ARM GAS  C:\Users\info\AppData\Local\Temp\cchcOyYs.s 			page 20


 1009 0144 00       		.sleb128 0
 1010 0145 22       		.byte	0x22
 1011 0146 00000000 		.4byte	0
 1012 014a 00000000 		.4byte	0
 1013              	.LLST6:
 1014 014e C4000000 		.4byte	.LVL13
 1015 0152 D2000000 		.4byte	.LVL14
 1016 0156 0A00     		.2byte	0xa
 1017 0158 77       		.byte	0x77
 1018 0159 00       		.sleb128 0
 1019 015a F6       		.byte	0xf6
 1020 015b 08       		.byte	0x8
 1021 015c 25       		.uleb128 0x25
 1022 015d F5       		.byte	0xf5
 1023 015e 04       		.uleb128 0x4
 1024 015f 25       		.uleb128 0x25
 1025 0160 1A       		.byte	0x1a
 1026 0161 9F       		.byte	0x9f
 1027 0162 00000000 		.4byte	0
 1028 0166 00000000 		.4byte	0
 1029              	.LLST7:
 1030 016a 7A000000 		.4byte	.LVL8
 1031 016e E0000000 		.4byte	.LVL16
 1032 0172 0600     		.2byte	0x6
 1033 0174 08       		.byte	0x8
 1034 0175 3F       		.byte	0x3f
 1035 0176 78       		.byte	0x78
 1036 0177 00       		.sleb128 0
 1037 0178 1C       		.byte	0x1c
 1038 0179 9F       		.byte	0x9f
 1039 017a E0000000 		.4byte	.LVL16
 1040 017e EC000000 		.4byte	.LVL17
 1041 0182 0600     		.2byte	0x6
 1042 0184 08       		.byte	0x8
 1043 0185 40       		.byte	0x40
 1044 0186 78       		.byte	0x78
 1045 0187 00       		.sleb128 0
 1046 0188 1C       		.byte	0x1c
 1047 0189 9F       		.byte	0x9f
 1048 018a 08010000 		.4byte	.LVL21
 1049 018e 10010000 		.4byte	.LFE63
 1050 0192 0600     		.2byte	0x6
 1051 0194 08       		.byte	0x8
 1052 0195 3F       		.byte	0x3f
 1053 0196 78       		.byte	0x78
 1054 0197 00       		.sleb128 0
 1055 0198 1C       		.byte	0x1c
 1056 0199 9F       		.byte	0x9f
 1057 019a 00000000 		.4byte	0
 1058 019e 00000000 		.4byte	0
 1059              	.LLST8:
 1060 01a2 7A000000 		.4byte	.LVL8
 1061 01a6 A2000000 		.4byte	.LVL9
 1062 01aa 0200     		.2byte	0x2
 1063 01ac 30       		.byte	0x30
 1064 01ad 9F       		.byte	0x9f
 1065 01ae A2000000 		.4byte	.LVL9
ARM GAS  C:\Users\info\AppData\Local\Temp\cchcOyYs.s 			page 21


 1066 01b2 B8000000 		.4byte	.LVL12
 1067 01b6 0300     		.2byte	0x3
 1068 01b8 73       		.byte	0x73
 1069 01b9 08       		.sleb128 8
 1070 01ba 9F       		.byte	0x9f
 1071 01bb DE000000 		.4byte	.LVL15
 1072 01bf F6000000 		.4byte	.LVL18
 1073 01c3 0300     		.2byte	0x3
 1074 01c5 73       		.byte	0x73
 1075 01c6 08       		.sleb128 8
 1076 01c7 9F       		.byte	0x9f
 1077 01c8 08010000 		.4byte	.LVL21
 1078 01cc 10010000 		.4byte	.LFE63
 1079 01d0 0300     		.2byte	0x3
 1080 01d2 73       		.byte	0x73
 1081 01d3 08       		.sleb128 8
 1082 01d4 9F       		.byte	0x9f
 1083 01d5 00000000 		.4byte	0
 1084 01d9 00000000 		.4byte	0
 1085              		.section	.debug_aranges,"",%progbits
 1086 0000 1C000000 		.4byte	0x1c
 1087 0004 0200     		.2byte	0x2
 1088 0006 00000000 		.4byte	.Ldebug_info0
 1089 000a 04       		.byte	0x4
 1090 000b 00       		.byte	0
 1091 000c 0000     		.2byte	0
 1092 000e 0000     		.2byte	0
 1093 0010 00000000 		.4byte	.LFB63
 1094 0014 10010000 		.4byte	.LFE63-.LFB63
 1095 0018 00000000 		.4byte	0
 1096 001c 00000000 		.4byte	0
 1097              		.section	.debug_ranges,"",%progbits
 1098              	.Ldebug_ranges0:
 1099 0000 68000000 		.4byte	.LBB2
 1100 0004 72000000 		.4byte	.LBE2
 1101 0008 7A000000 		.4byte	.LBB9
 1102 000c F8000000 		.4byte	.LBE9
 1103 0010 08010000 		.4byte	.LBB10
 1104 0014 10010000 		.4byte	.LBE10
 1105 0018 00000000 		.4byte	0
 1106 001c 00000000 		.4byte	0
 1107 0020 68000000 		.4byte	.LBB3
 1108 0024 72000000 		.4byte	.LBE3
 1109 0028 7A000000 		.4byte	.LBB7
 1110 002c F2000000 		.4byte	.LBE7
 1111 0030 08010000 		.4byte	.LBB8
 1112 0034 10010000 		.4byte	.LBE8
 1113 0038 00000000 		.4byte	0
 1114 003c 00000000 		.4byte	0
 1115 0040 68000000 		.4byte	.LBB4
 1116 0044 72000000 		.4byte	.LBE4
 1117 0048 7A000000 		.4byte	.LBB5
 1118 004c E4000000 		.4byte	.LBE5
 1119 0050 08010000 		.4byte	.LBB6
 1120 0054 10010000 		.4byte	.LBE6
 1121 0058 00000000 		.4byte	0
 1122 005c 00000000 		.4byte	0
ARM GAS  C:\Users\info\AppData\Local\Temp\cchcOyYs.s 			page 22


 1123 0060 00000000 		.4byte	.LFB63
 1124 0064 10010000 		.4byte	.LFE63
 1125 0068 00000000 		.4byte	0
 1126 006c 00000000 		.4byte	0
 1127              		.section	.debug_line,"",%progbits
 1128              	.Ldebug_line0:
 1129 0000 CE010000 		.section	.debug_str,"MS",%progbits,1
 1129      02006301 
 1129      00000201 
 1129      FB0E0D00 
 1129      01010101 
 1130              	.LASF9:
 1131 0000 6C6F6E67 		.ascii	"long long int\000"
 1131      206C6F6E 
 1131      6720696E 
 1131      7400
 1132              	.LASF5:
 1133 000e 5F5F7569 		.ascii	"__uint8_t\000"
 1133      6E74385F 
 1133      7400
 1134              	.LASF37:
 1135 0018 474E5520 		.ascii	"GNU C11 5.4.1 20160609 (release) [ARM/embedded-5-br"
 1135      43313120 
 1135      352E342E 
 1135      31203230 
 1135      31363036 
 1136 004b 616E6368 		.ascii	"anch revision 237715] -mcpu=cortex-m3 -mthumb -g -O"
 1136      20726576 
 1136      6973696F 
 1136      6E203233 
 1136      37373135 
 1137 007e 33202D66 		.ascii	"3 -ffunction-sections -ffat-lto-objects\000"
 1137      66756E63 
 1137      74696F6E 
 1137      2D736563 
 1137      74696F6E 
 1138              	.LASF6:
 1139 00a6 5F5F696E 		.ascii	"__int32_t\000"
 1139      7433325F 
 1139      7400
 1140              	.LASF25:
 1141 00b0 646D615F 		.ascii	"dma_chan\000"
 1141      6368616E 
 1141      00
 1142              	.LASF38:
 1143 00b9 76696465 		.ascii	"video.c\000"
 1143      6F2E6300 
 1144              	.LASF26:
 1145 00c1 646D615F 		.ascii	"dma_td\000"
 1145      746400
 1146              	.LASF34:
 1147 00c8 56455254 		.ascii	"VERT_ReadCounter\000"
 1147      5F526561 
 1147      64436F75 
 1147      6E746572 
 1147      00
 1148              	.LASF14:
ARM GAS  C:\Users\info\AppData\Local\Temp\cchcOyYs.s 			page 23


 1149 00d9 75696E74 		.ascii	"uint64_t\000"
 1149      36345F74 
 1149      00
 1150              	.LASF13:
 1151 00e2 696E7433 		.ascii	"int32_t\000"
 1151      325F7400 
 1152              	.LASF18:
 1153 00ea 666C6F61 		.ascii	"float\000"
 1153      7400
 1154              	.LASF15:
 1155 00f0 75696E74 		.ascii	"uint8\000"
 1155      3800
 1156              	.LASF2:
 1157 00f6 756E7369 		.ascii	"unsigned char\000"
 1157      676E6564 
 1157      20636861 
 1157      7200
 1158              	.LASF27:
 1159 0104 7667615F 		.ascii	"vga_update_flag\000"
 1159      75706461 
 1159      74655F66 
 1159      6C616700 
 1160              	.LASF8:
 1161 0114 6C6F6E67 		.ascii	"long unsigned int\000"
 1161      20756E73 
 1161      69676E65 
 1161      6420696E 
 1161      7400
 1162              	.LASF4:
 1163 0126 73686F72 		.ascii	"short unsigned int\000"
 1163      7420756E 
 1163      7369676E 
 1163      65642069 
 1163      6E7400
 1164              	.LASF32:
 1165 0139 49544D5F 		.ascii	"ITM_RxBuffer\000"
 1165      52784275 
 1165      66666572 
 1165      00
 1166              	.LASF19:
 1167 0146 646F7562 		.ascii	"double\000"
 1167      6C6500
 1168              	.LASF36:
 1169 014d 4379446D 		.ascii	"CyDmaChEnable\000"
 1169      61436845 
 1169      6E61626C 
 1169      6500
 1170              	.LASF16:
 1171 015b 75696E74 		.ascii	"uint16\000"
 1171      313600
 1172              	.LASF17:
 1173 0162 75696E74 		.ascii	"uint32\000"
 1173      333200
 1174              	.LASF11:
 1175 0169 756E7369 		.ascii	"unsigned int\000"
 1175      676E6564 
 1175      20696E74 
ARM GAS  C:\Users\info\AppData\Local\Temp\cchcOyYs.s 			page 24


 1175      00
 1176              	.LASF39:
 1177 0176 433A5C55 		.ascii	"C:\\Users\\info\\Desktop\\Spring 2019 Classes\\6.11"
 1177      73657273 
 1177      5C696E66 
 1177      6F5C4465 
 1177      736B746F 
 1178 01a4 355C362E 		.ascii	"5\\6.115-final\\PSoCCreator\\Final Project\\FinalEm"
 1178      3131352D 
 1178      66696E61 
 1178      6C5C5053 
 1178      6F434372 
 1179 01d3 756C6174 		.ascii	"ulator.cydsn\000"
 1179      6F722E63 
 1179      7964736E 
 1179      00
 1180              	.LASF0:
 1181 01e0 6C6F6E67 		.ascii	"long long unsigned int\000"
 1181      206C6F6E 
 1181      6720756E 
 1181      7369676E 
 1181      65642069 
 1182              	.LASF12:
 1183 01f7 75696E74 		.ascii	"uint8_t\000"
 1183      385F7400 
 1184              	.LASF29:
 1185 01ff 6C696E65 		.ascii	"line\000"
 1185      00
 1186              	.LASF21:
 1187 0204 72656731 		.ascii	"reg16\000"
 1187      3600
 1188              	.LASF30:
 1189 020a 70697865 		.ascii	"pixel\000"
 1189      6C00
 1190              	.LASF31:
 1191 0210 74656D70 		.ascii	"temprow\000"
 1191      726F7700 
 1192              	.LASF23:
 1193 0218 73697A65 		.ascii	"sizetype\000"
 1193      74797065 
 1193      00
 1194              	.LASF24:
 1195 0221 646D6163 		.ascii	"dmac_tdmem\000"
 1195      5F74646D 
 1195      656D00
 1196              	.LASF41:
 1197 022c 6E65776C 		.ascii	"newline_handler\000"
 1197      696E655F 
 1197      68616E64 
 1197      6C657200 
 1198              	.LASF20:
 1199 023c 63686172 		.ascii	"char\000"
 1199      00
 1200              	.LASF40:
 1201 0241 646D6163 		.ascii	"dmac_tdmem_struct\000"
 1201      5F74646D 
 1201      656D5F73 
ARM GAS  C:\Users\info\AppData\Local\Temp\cchcOyYs.s 			page 25


 1201      74727563 
 1201      7400
 1202              	.LASF3:
 1203 0253 73686F72 		.ascii	"short int\000"
 1203      7420696E 
 1203      7400
 1204              	.LASF10:
 1205 025d 5F5F7569 		.ascii	"__uint64_t\000"
 1205      6E743634 
 1205      5F7400
 1206              	.LASF7:
 1207 0268 6C6F6E67 		.ascii	"long int\000"
 1207      20696E74 
 1207      00
 1208              	.LASF33:
 1209 0271 76627566 		.ascii	"vbuf\000"
 1209      00
 1210              	.LASF22:
 1211 0276 6C6F6E67 		.ascii	"long double\000"
 1211      20646F75 
 1211      626C6500 
 1212              	.LASF1:
 1213 0282 7369676E 		.ascii	"signed char\000"
 1213      65642063 
 1213      68617200 
 1214              	.LASF35:
 1215 028e 4379446D 		.ascii	"CyDmaChDisable\000"
 1215      61436844 
 1215      69736162 
 1215      6C6500
 1216              	.LASF28:
 1217 029d 7672616D 		.ascii	"vram\000"
 1217      00
 1218              		.ident	"GCC: (GNU Tools for ARM Embedded Processors) 5.4.1 20160609 (release) [ARM/embedded-5-bran
