ARM GAS  C:\Users\info\AppData\Local\Temp\cceAJdVY.s 			page 1


   1              		.syntax unified
   2              		.cpu cortex-m3
   3              		.fpu softvfp
   4              		.eabi_attribute 20, 1
   5              		.eabi_attribute 21, 1
   6              		.eabi_attribute 23, 3
   7              		.eabi_attribute 24, 1
   8              		.eabi_attribute 25, 1
   9              		.eabi_attribute 26, 1
  10              		.eabi_attribute 30, 4
  11              		.eabi_attribute 34, 1
  12              		.eabi_attribute 18, 4
  13              		.thumb
  14              		.syntax unified
  15              		.file	"VSYNC_PM.c"
  16              		.text
  17              	.Ltext0:
  18              		.section	.gnu.lto_.profile.bf153b7b,"",%progbits
  19 0000 789C6361 		.ascii	"x\234ca`d`e`\000\222\015\214J\000\002\"\000\257"
  19      60646065 
  19      6000920D 
  19      8C4A0002 
  19      2200AF
  20              		.text
  21              		.section	.gnu.lto_.icf.bf153b7b,"",%progbits
  22 0000 789C6361 		.ascii	"x\234ca`d\000\001\005\006\004`e\270\331p`+/\343\336"
  22      60640001 
  22      05060460 
  22      65B8D970 
  22      602B2FE3 
  23 0015 87EFDA59 		.ascii	"\207\357\332Y\231\356\367n^\310\307\374t\355\342+\234"
  23      99EEF76E 
  23      5EC8C7FC 
  23      74EDE22B 
  23      9C
  24 0026 2C9BB6F6 		.ascii	",\233\266\366lba\000\000\371\277\016\261"
  24      6C626100 
  24      00F9BF0E 
  24      B1
  25              		.text
  26              		.section	.gnu.lto_.jmpfuncs.bf153b7b,"",%progbits
  27 0000 789C6361 		.ascii	"x\234ca`d\000\001E\006\004`\201PL`\004\307\314\010)"
  27      60640001 
  27      45060460 
  27      81504C60 
  27      04C7CC08 
  28 0015 00086C00 		.ascii	"\000\010l\000:"
  28      3A
  29              		.text
  30              		.section	.gnu.lto_.inline.bf153b7b,"",%progbits
  31 0000 789C6361 		.ascii	"x\234ca`d\000\2016\006\004`a`\340Qcd`b\373\240\307\300"
  31      60640081 
  31      36060460 
  31      6160E051 
  31      63646062 
  32 0018 B6409E09 		.ascii	"\266@\236\011$\306\304\215J`W\3018\301\017\225bf\340"
  32      24C6C48D 
ARM GAS  C:\Users\info\AppData\Local\Temp\cceAJdVY.s 			page 2


  32      4A6057C1 
  32      38C10F95 
  32      6266E0
  33 002b 9202AAE3 		.ascii	"\222\002\252\343\332g\007W\307\310\005#X\0308\204\321"
  33      DA670757 
  33      C7C80523 
  33      58183884 
  33      D1
  34 003c 0C414832 		.ascii	"\014AH2\000\000u\226\013\355"
  34      00007596 
  34      0BED
  35              		.text
  36              		.section	.gnu.lto_.pureconst.bf153b7b,"",%progbits
  37 0000 789C6361 		.ascii	"x\234ca`d\340d```a\220`\222`\226b\221\000\000\002\243"
  37      6064E064 
  37      60606061 
  37      90609260 
  37      96629100 
  38 0017 007E     		.ascii	"\000~"
  39              		.text
  40              		.section	.gnu.lto_VSYNC_SaveConfig.bf153b7b,"",%progbits
  41 0000 789C9592 		.ascii	"x\234\225\222\315+\304A\030\307\237\357\314\372\355"
  41      CD2BC441 
  41      18C79FEF 
  41      CCFAED
  42 000f AE977227 		.ascii	"\256\227r'IR{\261'\177\201\342D\262\245DI\354\225Z\234"
  42      49527BB1 
  42      277F81E2 
  42      44B2A544 
  42      49EC955A 
  43 0024 7758BF70 		.ascii	"wX\277p\021\007\353$9Y/\353]\354\311/\341$\016rr\301"
  43      1107EB24 
  43      39592FEB 
  43      5DECC92F 
  43      E1240E72 
  44 003a 419203C5 		.ascii	"A\222\003\305q\255\347\231uP^\342\251\231g\232\371>"
  44      71ADE799 
  44      75505EE2 
  44      A999679A 
  44      F93E
  45 004c CFF37966 		.ascii	"\317\363yf\306G \261VET\315\276\214\0074AM\235\021\015"
  45      C64720B1 
  45      564554CD 
  45      BE8C0734 
  45      414D9D11 
  46 0061 0714200B 		.ascii	"\007\024 \013\023\000\305\025\342xUY\205\303\261\273"
  46      1300C515 
  46      E2785559 
  46      85C3B1BB 
  47 0071 8C0A2D1A 		.ascii	"\214\012-\032\266\353\343\2446)\017\256&\312)\233\211"
  47      B6EBE3A4 
  47      36290FAE 
  47      26CA299B 
  47      89
  48 0082 B08810B1 		.ascii	"\260\210\020\261\354v\363m\246\304\031\025Ye\376\020"
  48      EC76F36D 
  48      A6C41915 
ARM GAS  C:\Users\info\AppData\Local\Temp\cceAJdVY.s 			page 3


  48      5965FE10 
  49 0092 2938526E 		.ascii	")8Rn\275\3253\271\\\302x{\005\351\342\"M\256\206#SP"
  49      BDD533B9 
  49      5CC2787B 
  49      05E9E222 
  49      4DAE8623 
  50 00a8 26A227D6 		.ascii	"&\242'\326J\325g\245\304\353{$\274\203\214\222\350\204"
  50      4AD567A5 
  50      C4EB7B24 
  50      BC838C92 
  50      E884
  51 00ba D69C3993 		.ascii	"\326\2349\223y\274\362\307\263f\334\230RW\253\234\342"
  51      79BCF2C7 
  51      B366DC98 
  51      5257AB9C 
  51      E2
  52 00cb 202C21CE 		.ascii	" ,!\316\341\232\3560\222\\\250\0211+\223\356\341\271"
  52      E19AEE30 
  52      925CA811 
  52      312B93EE 
  52      E1B9
  53 00dd FF45B9DA 		.ascii	"\377E\271\332\007\372\022\350\233`j\331~8\275<*\234"
  53      07FA12E8 
  53      9B606AD9 
  53      7E38BD3C 
  53      2A9C
  54 00ef C7DCB0B1 		.ascii	"\307\334\260\261\373\005X\341V\227Qn\017'\3677&\002"
  54      FB0558E1 
  54      5697516E 
  54      0F27F737 
  54      2602
  55 0101 E1B4B461 		.ascii	"\341\264\264a\006\\\355`\025\363x\263\275\"\2150\023"
  55      065CED60 
  55      15F378B3 
  55      BD228D30 
  55      13
  56 0112 91005E64 		.ascii	"\221\000^d\221\007t\276\003d9\326>\001\336T|\000\376"
  56      910774BE 
  56      036439D6 
  56      3E01DE54 
  56      7C00FE
  57 0125 9568FD07 		.ascii	"\225h\375\007\242\016!\332\260Dr\263\330\024\"\307\022"
  57      A20E21DA 
  57      B04472B3 
  57      D81422C7 
  57      12
  58 0136 4D9F84F3 		.ascii	"M\237\204\363D\301\357\210\270\020\266>\023\325\376"
  58      44C1EF88 
  58      B810B63E 
  58      13D5FE
  59 0145 9368FBB7 		.ascii	"\223h\373\267;\332\261D\366\315w\205(H\017\030\361f"
  59      3BDAB144 
  59      F6CD7785 
  59      28480F18 
  59      F166
  60 0157 1BA486FD 		.ascii	"\033\244\206\375$O\214\313o\313\212\252\306h_4\326="
  60      244F8CCB 
ARM GAS  C:\Users\info\AppData\Local\Temp\cceAJdVY.s 			page 4


  60      6FCB8AAA 
  60      C6685F34 
  60      D63D
  61 0169 18EDED8A 		.ascii	"\030\355\355\212\364\017\305z\242\235-\221\376\372\272"
  61      F40FC57A 
  61      A29D2D91 
  61      FEFABA
  62 0178 CEB6487B 		.ascii	"\316\266H{s}WKSm\017\275\003Y+\330\213"
  62      737D574B 
  62      536D0FBD 
  62      03592BD8 
  62      8B
  63              		.text
  64              		.section	.gnu.lto_VSYNC_RestoreConfig.bf153b7b,"",%progbits
  65 0000 789C9591 		.ascii	"x\234\225\221=HBQ\024\307\317\271\367\371\224 h\257"
  65      3D484251 
  65      14C7CFB9 
  65      F7F99420 
  65      68AF
  66 0012 21A2C5A1 		.ascii	"!\242\305\241li\017\034\232\012I\010\002A\302\336\232"
  66      6C690F1C 
  66      9A0A4908 
  66      0241C2DE 
  66      9A
  67 0023 2035BFAB 		.ascii	" 5\277\253\366(\227\250\241\266p\324>\325> \233^\022"
  67      F62897A8 
  67      A1B670D4 
  67      3ED53E20 
  67      9B5E12
  68 0036 B444D1E0 		.ascii	"\264D\321\340\024T4HH\224R\215\372\272\347J-\011\342"
  68      14543448 
  68      4894528D 
  68      FABAE74A 
  68      2D09E2
  69 0049 817BCFE5 		.ascii	"\201{\317\345\334\303\377\377\273\367h\200@1\301\000"
  69      DCC3FFFF 
  69      BBF76880 
  69      4031C100 
  70 0059 8665EE97 		.ascii	"\206e\356\227\0139 \333\270\005\210{\030\"\035\204\007"
  70      0B3920DB 
  70      B805887B 
  70      18221D84 
  70      07
  71 006a C16468E2 		.ascii	"\301dh\3427k0,\255V\212\314\233\0212\236\255\3671\221"
  71      376B302C 
  71      AD568ACC 
  71      9B11329E 
  71      ADF73191 
  72 007e B5D1E200 		.ascii	"\265\321\342\000\016SJ\200\031\364\202l{)4\267z\365"
  72      0E534A80 
  72      19F4826C 
  72      7B2934B7 
  72      7AF5
  73 0090 156A1B6C 		.ascii	"\025j\033l]b\026u\262\313\315\330\302q\222\302\376\324"
  73      5D621675 
  73      B2CBCDD8 
  73      C27192C2 
ARM GAS  C:\Users\info\AppData\Local\Temp\cceAJdVY.s 			page 5


  73      FED4
  74 00a2 2FCBD7CC 		.ascii	"/\313\327\314\303\300\342\250\321\246\323\006P\223\335"
  74      C3C0E2A8 
  74      D1A6D306 
  74      5093DD
  75 00b1 E45B678C 		.ascii	"\344[g\2142\257`\342\242\360\270\351\"\201$'\206m\253"
  75      32AF60E2 
  75      A2F0B8E9 
  75      22812427 
  75      866DAB
  76 00c4 74E7FE62 		.ascii	"t\347\376b\026gH^\305\342\333\203\333l\2105!\372d-%"
  76      1667485E 
  76      C5E2DB83 
  76      DB6C8835 
  76      21FA642D 
  77 00d9 71A85CBD 		.ascii	"q\250\\\275)_\365\244q'.T\235\343\236|\303.\016\250"
  77      295FF5A4 
  77      71272E54 
  77      9DE39E7C 
  77      C32E0EA8 
  78 00ed CBF5F37C 		.ascii	"\313\365\363|\312\343\033\261\270\206\373\230\306\246"
  78      CAE31BB1 
  78      B886FB98 
  78      C6A6
  79 00fb C2C703F4 		.ascii	"\302\307\003\364\301+j\344\364_\330\345H;\300C4AbX\\"
  79      C12B6AE4 
  79      F45FD8E5 
  79      483BC043 
  79      34416258 
  80 0110 0722AB3F 		.ascii	"\007\"\253?\335\363\026\231\326\005\312Q{\224\234B\241"
  80      DDF31699 
  80      D605CA51 
  80      7B949C42 
  80      A1
  81 0121 5FC27C07 		.ascii	"_\302|\007\024\011\214\005\205\242\375\241|\374~\222"
  81      14098C05 
  81      85A2FDA1 
  81      7CFC7E92 
  82 0131 DE05CA71 		.ascii	"\336\005\312q{\224\023\205\242\006w\332\001E*\343\231"
  82      7B941385 
  82      A20677DA 
  82      01452AE3 
  82      99
  83 0142 42D109A5 		.ascii	"B\321\011\245\212\011[\016V\265S\324\344\203\344\034"
  83      8A095B0E 
  83      56B553D4 
  83      E483E41C 
  84 0152 A5D4D0A4 		.ascii	"\245\324\320\244\261h\304\346\227\214\205p0\272\034"
  84      B168C4E6 
  84      978C8570 
  84      30BA1C
  85 0161 8B18A140 		.ascii	"\213\030\241@0\352\037\017\315\006\347\246\375\341\300"
  85      30EA1F0F 
  85      CD06E7A6 
  85      FDE1C0
  86 0170 D468047E 		.ascii	"\324h\004~\000\223\307\315P"
  86      0093C7CD 
ARM GAS  C:\Users\info\AppData\Local\Temp\cceAJdVY.s 			page 6


  86      50
  87              		.text
  88              		.section	.gnu.lto_VSYNC_Sleep.bf153b7b,"",%progbits
  89 0000 789C8D91 		.ascii	"x\234\215\221\317kSA\020\307\347\273\273//}j\360\017"
  89      CF6B5341 
  89      10C7E7BB 
  89      BB2F2F7D 
  89      6AF00F
  90 0013 E841C44B 		.ascii	"\350A\304K/\026\017^\355\241\007AP\212\001A(\024\251"
  90      2F160F5E 
  90      EDA10741 
  90      508A0141 
  90      2814A9
  91 0026 B9B652F5 		.ascii	"\271\266R\365j6?\036\261\036DD\245 \222\233m\324\332"
  91      6A363F1E 
  91      B11E4444 
  91      A520929B 
  91      6DD4DA
  92 0039 C45A35B7 		.ascii	"\304Z5\267g\364TJ{\352\251 \352!h\361\220H*Qh\343\314"
  92      67F4544A 
  92      7BEAA920 
  92      EA2168F1 
  92      90482A51 
  93 0050 26D68228 		.ascii	"&\326\202(\016\354\333}\263\337\235\317wg\015\201$\256"
  93      0EECDB7D 
  93      B3DF9DCF 
  93      77670D81 
  93      24AE
  94 0062 29A2233C 		.ascii	")\242#<\237\340\201\030A\335Z%\312\304\225\322\355\004"
  94      9FE08118 
  94      41DD5A25 
  94      CAC495D2 
  94      ED04
  95 0074 D9C0CC0C 		.ascii	"\331\300\314\014\221\335\257\341u\323\346\327\302\003"
  95      91DDAFE1 
  95      75D3E6D7 
  95      C203
  96 0082 6461E3A0 		.ascii	"da\343\240\264\322\306C\032[j[\241V\250W\325\300\254"
  96      B4D2C643 
  96      1A5B6A5B 
  96      A156A857 
  96      D5C0AC
  97 0095 E5781F3E 		.ascii	"\345x\037><f\347\"\204\232\250\243\034\2140\213\001"
  97      3C66E722 
  97      849AA8A3 
  97      1C8C308B 
  97      01
  98 00a6 62D9C7CA 		.ascii	"b\331\307\312\316\335\003\261\274\310\016u71\207\230"
  98      CEDD03B1 
  98      BCC80E75 
  98      37318798 
  99 00b6 385A381B 		.ascii	"8Z8\033\331N'g\243\305\340u;\350\323\024j\030\376\260"
  99      D94E2767 
  99      A3C5E075 
  99      3BE8D314 
  99      6A18FEB0 
 100 00ca A6C143A0 		.ascii	"\246\301C\240M\245d\326u\324~\334xW\272\0039\233\323"
ARM GAS  C:\Users\info\AppData\Local\Temp\cceAJdVY.s 			page 7


 100      4DA564D6 
 100      75D47EDC 
 100      7857BA03 
 100      399BD3
 101 00dd 9AEBDE0B 		.ascii	"\232\353\336\013kk~K\205ZC0\237\213o\356'\272\277[\313"
 101      6B6B7E4B 
 101      855A4330 
 101      9F8B6FEE 
 101      27BABF5B 
 102 00f2 196B3855 		.ascii	"\031k8U\332h]*\342A&\317\276\014\036\241\037%\3643\376"
 102      DA685D2A 
 102      E24126CF 
 102      BE0C1EA1 
 102      1F25F433 
 103 0107 318AA03A 		.ascii	"1\212\240:\262_\013-\335\255g\270$}@~57\321K\354\005"
 103      B25F0B2D 
 103      DDAD67B8 
 103      247D407E 
 103      3537D14B 
 104 011d 28109EC8 		.ascii	"(\020\236\310I\022C\232\332\011\366\223m\225\327n\357"
 104      4912439A 
 104      DA09F693 
 104      6D95D76E 
 104      EF
 105 012e 13F55EA9 		.ascii	"\023\365^\251\347\274T\253_6\374\364\266\275n\355A\316"
 105      E7BC54AB 
 105      5F36FCF4 
 105      B6BD6EED 
 105      41CE
 106 0140 4D735724 		.ascii	"MsW$\275\271\262\3766\020C\326\345cx\312\255\234\227"
 106      BDB9B2FE 
 106      361043D6 
 106      E56378CA 
 106      AD9C97
 107 0153 C2BC79F3 		.ascii	"\302\274y\363Uy:>8/m\262\227C\355c\201]\356\270^\242"
 107      55793A3E 
 107      382F6DB2 
 107      9743ED63 
 107      815DEEB8 
 108 0169 8C41562C 		.ascii	"\214AV,\025V*\201@|\000\025\347\247\251\014\315\014"
 108      15562A81 
 108      407C0015 
 108      E7A7A90C 
 108      CD0C
 109 017b 39378DF5 		.ascii	"97\215\365]7\377\213\177\366/\374\342o\374s\207\337"
 109      5D37FF8B 
 109      7FF62FFC 
 109      E26FFC73 
 109      87DF
 110 018d BDA3CFED 		.ascii	"\275\243\317\355X\352\341=\367:\237\220\213\232\313"
 110      58EAE13D 
 110      F73A9F90 
 110      8B9ACB
 111 019c 4AF07F5E 		.ascii	"J\360\177^?\336\341\376\021^ \315O\333G\242\375\026"
 111      3FDEE1FE 
 111      115E20CD 
 111      4FDB47A2 
ARM GAS  C:\Users\info\AppData\Local\Temp\cceAJdVY.s 			page 8


 111      FD16
 112 01ae FC55CA44 		.ascii	"\374U\312D\274\354I7\221\215\276\237rR\211\006\327a"
 112      BCEC4937 
 112      918DBE9F 
 112      72528906 
 112      D761
 113 01c0 1A2B0E9F 		.ascii	"\032+\016\237LM\244\246.\\I]\034KN^\235\032O\215\216"
 113      4C4DA4A6 
 113      2E5C495D 
 113      1C4B4E5E 
 113      9D1A4F8D 
 114 01d5 2427878F 		.ascii	"$'\207\217\217\236K\236?3<6r\372\3508\375\004\016\226"
 114      8F9E4B9E 
 114      3F333C36 
 114      72FAE838 
 114      FD040E96 
 115 01e9 EEF4     		.ascii	"\356\364"
 116              		.text
 117              		.section	.gnu.lto_VSYNC_Wakeup.bf153b7b,"",%progbits
 118 0000 789C754F 		.ascii	"x\234uO\277K\202Q\024\275\347\275\247I\032\364\007\204"
 118      BF4B8251 
 118      14BDE7BD 
 118      A7491AF4 
 118      0784
 119 0012 44B43894 		.ascii	"D\2648\224\004\365\02744D!\011A\020D\230k\201\324\354"
 119      04F51734 
 119      34442109 
 119      41104498 
 119      6B81D4EC 
 120 0026 33FDA896 		.ascii	"3\375\250\226h\251-\032\265\237\326\226\337\364%5\031"
 120      68A92D1A 
 120      B59FD696 
 120      DFF42535 
 120      19
 121 0037 3555834B 		.ascii	"5U\203K5H\204\203B\022\025i\367}\005\015\321\205\307"
 121      35488483 
 121      42121569 
 121      F77D050D 
 121      D185C7
 122 004a 7D9C7BCE 		.ascii	"}\234{\316=\367(\002\231Jq\353\345>\310\017\036\202"
 122      3DF72802 
 122      994A71EB 
 122      E53EC80F 
 122      1E82
 123 005c D8B862D0 		.ascii	"\330\270b\320'\204\264\203\244\333\325m\230t@B}\303"
 123      2784B483 
 123      A4DBD56D 
 123      98744042 
 123      7DC3
 124 006e 0A301FED 		.ascii	"\0120\037\355\003%\205TH\242!>\005\212+\225\202\010"
 124      03258554 
 124      48A2213E 
 124      058A2B95 
 124      8208
 125 0080 6535D7FD 		.ascii	"e5\327\375\205=\240s\016,I\324\022\256\005!\213\020"
 125      853DA073 
 125      0E2C49D4 
ARM GAS  C:\Users\info\AppData\Local\Temp\cceAJdVY.s 			page 9


 125      12AE0521 
 125      8B10
 126 0092 31EDF1A4 		.ascii	"1\355\361\244\271\331\341\315\030Z\367\367\0209x\315"
 126      B9D9E1CD 
 126      185AF7F7 
 126      103978CD 
 127 00a2 1DF90947 		.ascii	"\035\371\011G\267Zi\355\334\371\317\336\375^E\226d\270"
 127      B75A69ED 
 127      DCF9CFDE 
 127      FD5E4596 
 127      64B8
 128 00b4 C6146357 		.ascii	"\306\024cW\027\302t\371\204\264S.\011#2\353\012\205"
 128      17C274F9 
 128      84B4532E 
 128      092332EB 
 128      0A85
 129 00c6 6AB92DF9 		.ascii	"j\271-\371\251W\265\356\264\244h\011\226`\027I\026K"
 129      A957B5EE 
 129      B4A46809 
 129      96601749 
 129      164B
 130 00d8 AA60D9AE 		.ascii	"\252`\331\256\277\026=\206\234\226\212\351[V\361\272"
 130      BF163D86 
 130      9C968AE9 
 130      5B56F1BA 
 131 00e8 ED45587C 		.ascii	"\355EX|\366_\265Z\343{\015\374|ys\336\276\203\355\224"
 131      F65FB55A 
 131      E37B0DFC 
 131      7C7973DE 
 131      BE83ED94 
 132 00fc 76710FF6 		.ascii	"vq\017\3669\344\036\272\334\341\372\351\361\232/\334"
 132      39E41EBA 
 132      DCE1FAE9 
 132      F19A2FDC 
 133 010c 67492F0E 		.ascii	"gI/\016\260\203\246\233\017\207\010\323\0032\345t\360"
 133      B083A69B 
 133      0F8708D3 
 133      0332E574 
 133      F0
 134 011d D72C5F2D 		.ascii	"\327,_-\274u\0303\200pd\344drH\262\203n\214F)\360o\014"
 134      BC751833 
 134      807064E4 
 134      647248B2 
 134      836E8C46 
 135 0135 DE8AFC4F 		.ascii	"\336\212\374O\014#Rn\370g,;\037\243\256\310T\215\323"
 135      0C23526E 
 135      F8672C3B 
 135      1FA3AEC8 
 135      548DD3
 136 0148 32CCDC9E 		.ascii	"2\314\334\236\221\370|<1\273\030\237\233\211.,%b\361"
 136      91F87C3C 
 136      31BB189F 
 136      9B892E2C 
 136      2562F1
 137 015b E9487461 		.ascii	"\351Htaxhz2:5><\023\031\353\217\321\027\011\226\226"
 137      78687A32 
 137      3A353E3C 
ARM GAS  C:\Users\info\AppData\Local\Temp\cceAJdVY.s 			page 10


 137      1319EB8F 
 137      D1170996 
 138 0170 3E       		.ascii	">"
 139              		.text
 140              		.section	.gnu.lto_.symbol_nodes.bf153b7b,"",%progbits
 141 0000 789C55CC 		.ascii	"x\234U\314\261\015\3020\020F\341\347\263\035\307N*z"
 141      B10DC230 
 141      1046E1E7 
 141      B31DC74E 
 141      2A7A
 142 0012 24D881FD 		.ascii	"$\330\201\375.E\006`\006\224\025h\250S3\003 \346@\330"
 142      2E450660 
 142      06941568 
 142      A8533303 
 142      20E640D8 
 143 0026 1105573D 		.ascii	"\021\005W=}\377Y\0168\366\016\020\247p\276C\315m:B\204"
 143      7DFF590E 
 143      38F60E10 
 143      A770BE43 
 143      CD6D3A42 
 144 003b 69075E44 		.ascii	"i\007^D\2359\210W\261CPo\006\2274lC\375b:Tw\032\215"
 144      9D398857 
 144      B143506F 
 144      0697346C 
 144      43FD623A 
 145 0053 A376C645 		.ascii	"\243v\306E\223q\326\336\270\327l<h1\036u\370\267'\261"
 145      9371D6DE 
 145      B8D76C3C 
 145      68311E75 
 145      F8B727B1 
 146 0067 3C3ECED3 		.ascii	"<>\316\323\361\336\032Y\236\265RX\233%3o\356Y[\375\360"
 146      F1DE1A59 
 146      9EB55258 
 146      9B25336F 
 146      EE595BFD 
 147 007c 2BBC5A83 		.ascii	"+\274Z\203pi\357\302\310|=\361\005\336\015Ac"
 147      7069EFC2 
 147      C87C3DF1 
 147      05DE0D41 
 147      63
 148              		.text
 149              		.section	.gnu.lto_.refs.bf153b7b,"",%progbits
 150 0000 789C1DC8 		.ascii	"x\234\035\310\301\015\0000\010\304\260\344\200N\322"
 150      C10D0030 
 150      08C4B0E4 
 150      804ED2
 151 000f FD672CEA 		.ascii	"\375g,\352\317r#\027(4\332z*k\334\231\324\257\2611<"
 151      CF722317 
 151      2834DA7A 
 151      2A6BDC99 
 151      D4AFB131 
 152 0024 0B3A006A 		.ascii	"\013:\000j"
 153              		.text
 154              		.section	.gnu.lto_.decls.bf153b7b,"",%progbits
 155 0000 789C8D55 		.ascii	"x\234\215UkL\024W\024\236\263wYpY@\241mhCRj0!iBkM\023"
 155      6B4C1457 
 155      149EB377 
ARM GAS  C:\Users\info\AppData\Local\Temp\cceAJdVY.s 			page 11


 155      59705940 
 155      A16D6843 
 156 001d FFD986B4 		.ascii	"\377\331\206\264\376\322R\211\032\323\246\226\307h\211"
 156      FED25289 
 156      1AD3A696 
 156      C76889
 157 002c 04E8BAB4 		.ascii	"\004\350\272\264\361\337\210@\205R\003\255\212\213P"
 157      F1DF8840 
 157      855203AD 
 157      8A8B50
 158 003b 29A45679 		.ascii	")\244Vy\310c\361\201\274\266(\256<D@\304\"\012kA\005"
 158      C863F181 
 158      BCB628AE 
 158      3C4440C4 
 158      220A6B41 
 159 0050 5FC1D417 		.ascii	"_\301\324\027m\225\236\373\030f\226,m'|;\367\314|\337"
 159      6D959EFB 
 159      1866962C 
 159      6D277C3B 
 159      F7CC7CDF 
 160 0064 77EE39F7 		.ascii	"w\3569\367\316\305(\201D\257\367\027IR)\016\233\021"
 160      CEC52881 
 160      44AFF717 
 160      4952290E 
 160      9B11
 161 0076 B378F9E0 		.ascii	"\263x\371\340\263\015\222vY\020\325\210\032D\035\302"
 161      B30D9276 
 161      5910D588 
 161      1A441DC2 
 162 0086 816842B4 		.ascii	"\201hB\264 \332\020g\020\035\010\027\242\023\321\215"
 162      20DA1067 
 162      101D0817 
 162      A213D18D 
 163 0096 A0CED725 		.ascii	"\240\316\327%\317\213z\370\012\3570\304(\3424b\0141"
 163      CF8B7AF8 
 163      0AEF30C4 
 163      28E23462 
 163      0C31
 164 00a8 82684410 		.ascii	"\202hD\020\304 b\010q\031a\024\2726\221\257i\001\357"
 164      C4206208 
 164      71196114 
 164      BA3691AF 
 164      6901EF
 165 00bb 9A79DE7A 		.ascii	"\232y\336zO7\242}\001\357\0321\357\016Q\2077oZ\263Y"
 165      4F37A27D 
 165      01EF1A31 
 165      EF0E5187 
 165      376F5AB3 
 166 00d0 E73D8E98 		.ascii	"\347=\216\230D\334\232\227g\012Q%<\206E\276:\321\223"
 166      44DC9A97 
 166      670A5125 
 166      3C8645BE 
 166      3AD193
 167 00e3 EA05BC1D 		.ascii	"\352\005\274\035\363\346\255z\350}\365~\0161\347\205"
 167      F3E6AD7A 
 167      E87DF57E 
 167      0E31E785 
ARM GAS  C:\Users\info\AppData\Local\Temp\cceAJdVY.s 			page 12


 168 00f3 7AFCDC00 		.ascii	"z\374\334\000\247r\017<\011\032\201a0\200X`\011\200"
 168      A7720F3C 
 168      091A8161 
 168      30805860 
 168      0980
 169 0105 FF0283C4 		.ascii	"\377\002\203\304\301B\034\030\330\2574\367h\356&\315"
 169      C1421C18 
 169      D8AF34F7 
 169      68EE26CD 
 170 0115 51C45033 		.ascii	"Q\304P3c\177\352}V\275\230\211\346\016B\004s3\020c\366"
 170      637FEA7D 
 170      56BD9889 
 170      E60E4204 
 170      73331063 
 171 012a DEA02500 		.ascii	"\336\240%\000\036\252\002\235\037\237\256nN\340Y\023"
 171      1EAA029D 
 171      1F9FAE6E 
 171      4EE05913 
 172 013a A8457FFB 		.ascii	"\250E\177\373\363d\031!X1\216\307f\216|\030U\245\340"
 172      F3641921 
 172      58318EC7 
 172      668E7C18 
 172      55A5E0
 173 014d 95AF2886 		.ascii	"\225\257(\2067\265\316t\314>u\006=2@\260\031\014\030"
 173      37B5CE74 
 173      CC3E7506 
 173      3D3240B0 
 173      190C18
 174 0160 0E4CF794 		.ascii	"\016L\367\224\370c\370\222\031\026cx\267\325>\033\020"
 174      F863F892 
 174      19166378 
 174      B7D53E1B 
 174      10
 175 0171 BA9FEA94 		.ascii	"\272\237\352\224]J\270\0016\274\002\225\020\006\025"
 175      5D4AB801 
 175      36BC0295 
 175      100615
 176 0180 800B0355 		.ascii	"\200\013\003U\020\212\277\361F\356t\277\363\330'KK\025"
 176      108ABFF1 
 176      46EE74BF 
 176      F3D8274B 
 176      4B15
 177 0192 77ADE29E 		.ascii	"w\255\342\236\231|\307\25683Pd\240$8\002\004\216B\024"
 177      997CC7AE 
 177      38335064 
 177      A0243802 
 177      048E4214 
 178 01a6 9D1C0EE9 		.ascii	"\235\034\016\351\355\027\030\301YW\303R\024\366\214"
 178      ED1718C1 
 178      5957C352 
 178      14F68C
 179 01b5 56970790 		.ascii	"V\227\007\220Ul\236e\325\371y\300]\234\323\347,J\037"
 179      556C9E65 
 179      D5F979C0 
 179      5D9CD3E7 
 179      2C4A1F
 180 01c8 7ABCC73C 		.ascii	"z\274\307<\216i\036\307\364\0365\314c\264\250\240\311"
ARM GAS  C:\Users\info\AppData\Local\Temp\cceAJdVY.s 			page 13


 180      8E691EC7 
 180      F41E35CC 
 180      63B4A8A0 
 180      C9
 181 01d9 44629947 		.ascii	"Db\231G\335\304\203?\011z\224\242Gm\227\336\243V\363"
 181      DDC4833F 
 181      097A94A2 
 181      476D97DE 
 181      A356F3
 182 01ec A8D57BD4 		.ascii	"\250\325{\3241\217\027\015\365m\006\262\231y\324\330"
 182      318F170D 
 182      F56D06B2 
 182      9979D4D8 
 183 01fc 271C203C 		.ascii	"'\034 <\006\273\365\036\365\232G\275\336\303\301<v\366"
 183      06BBF51E 
 183      F59A47BD 
 183      DEC3C13C 
 183      76F6
 184 020e 4FBB4D24 		.ascii	"O\273M$\231{dM\034\365\303^\206\231a\026h|\257q&\200"
 184      997B644D 
 184      1CF5C35E 
 184      86996116 
 184      687CAF71 
 185 0224 C7F4B5BD 		.ascii	"\307\364\265\275`\374\205?\311\006\032\030.\215WN\031"
 185      60FC853F 
 185      C9061A18 
 185      2E8D574E 
 185      19
 186 0235 21D27C98 		.ascii	"!\322|\230v\332\335\230\273\245\360\033\332\274F0\303"
 186      76DADD98 
 186      BBA5F01B 
 186      DABC4630 
 186      C3
 187 0246 492D6118 		.ascii	"I-a\030\375\344v+J\2062]\246\230B%X\021\006o\207Ip\012"
 187      FDE4762B 
 187      4A86325D 
 187      A6984225 
 187      5811066F 
 188 025e 22A92B65 		.ascii	"\"\251+e\301\011\\\236\343\270<\230\241$\277\274\302"
 188      C1095C9E 
 188      E3B83C98 
 188      A124BFBC 
 188      C2
 189 026f 5FBF7AD4 		.ascii	"_\277z\324N[\276\323\036\313\227}g\217\017m<\246o\351"
 189      4E5BBED3 
 189      1ECB977D 
 189      678F0F6D 
 189      3CA66FE9 
 190 0283 FEACBE3C 		.ascii	"\376\254\276<\333\031\303(\320\240\345o`\005\343\240"
 190      DB19C328 
 190      D0A0E56F 
 190      6005E3A0 
 191 0293 8915BBFF 		.ascii	"\211\025\273\377\364\31433\351e\025\300\336\303w\216"
 191      F4CC3333 
 191      E96515C0 
 191      DEC3778E 
 192 02a3 98B881F3 		.ascii	"\230\270\201\363Jw\240]i70y\263&oV\345-L^0\376\370~"
ARM GAS  C:\Users\info\AppData\Local\Temp\cceAJdVY.s 			page 14


 192      4A77A05D 
 192      69373079 
 192      B3266F56 
 192      E52D4C5E 
 193 02bb 107173F9 		.ascii	"\020qs\371\356\033\275yF!/\350%s\362VM\336\252\312\333"
 193      EE1BBD79 
 193      46212FE8 
 193      2573F256 
 193      4DDEAACA 
 194 02d0 98DC917B 		.ascii	"\230\334\221{\333L\036r\365\315\302CwMF\003\276\243"
 194      DB4C1E72 
 194      F5CDC243 
 194      774D4603 
 194      BEA3
 195 02e2 256249F8 		.ascii	"%bI\370\254w\357\360\000,\270w\333Y\361\277\202\250"
 195      AC77EFF0 
 195      002CB877 
 195      DB59F1BF 
 195      82A8
 196 02f4 7ED0F1F7 		.ascii	"~\320\361\367_\376\"\375\363\256\000\226\036)\340\324"
 196      5FFE22FD 
 196      F3AE0096 
 196      1E29E0D4 
 197 0304 D23BD5F4 		.ascii	"\322;\325\364gX\372\274\026\227\303L\362\370\347u\317"
 197      6758FABC 
 197      1697C34C 
 197      F2F8E775 
 197      CF
 198 0315 D9D8E42B 		.ascii	"\331\330\344+\344\217E\361T~V\223\237U\345\035Ln?S:"
 198      E48F45F1 
 198      547E5693 
 198      9F55E51D 
 198      4C6E3F53 
 199 032a 45C8212E 		.ascii	"E\310!.\317\357\271\370\314O\315\336m\231\223\237\323"
 199      CFEFB9F8 
 199      CC4FCDDE 
 199      6D99939F 
 199      D3
 200 033b E4E754B9 		.ascii	"\344\347T\271\213\3113\353\366L\032I\035\227_\255\310"
 200      8BC933EB 
 200      F64C1A49 
 200      1D975FAD 
 200      C8
 201 034c CD3208F9 		.ascii	"\3152\010\371P\227\305\031\3036\352yM|^\025w2q\316\223"
 201      5097C519 
 201      C336EA79 
 201      4D7C5E15 
 201      773271CE 
 202 0361 6BFB4DA4 		.ascii	"k\373M\244\231\2133\016\226\344\006\012\361\323=\274"
 202      998B330E 
 202      96E4060A 
 202      F1D33DBC 
 203 0371 F154DEA5 		.ascii	"\361T\336\245\311\273Ty7\223\227\037h\275\036@:\271"
 203      C9BB5479 
 203      3793971F 
 203      68BD1E40 
 203      3AB9
ARM GAS  C:\Users\info\AppData\Local\Temp\cceAJdVY.s 			page 15


 204 0383 BC3FB3B6 		.ascii	"\274?\263\266\230\360\363\303\210\341\303\013E\343\201"
 204      98F0F3C3 
 204      88E1C30B 
 204      45E381
 205 0392 FCFC08C7 		.ascii	"\374\374\010\307\360A\346M\2678NB)y\266i/\220!\256\234"
 205      F041E64D 
 205      B7384E42 
 205      2979B669 
 205      2F9021AE 
 206 03a7 793ED667 		.ascii	"y>\326g n\036d\265\272\236Y\310m\036\344t\236p\005\222"
 206      206E1E64 
 206      B5BA9E59 
 206      C86D1EE4 
 206      749E7005 
 207 03bc 272C3095 		.ascii	"',0\225\330\313\037\004@DDDdHD\031\335\372\316+\256"
 207      D8CB1F04 
 207      40444444 
 207      64484419 
 207      DDFACE2B 
 208 03d1 970B15E7 		.ascii	"\227\013\025\347N\302\326\272\017\247\371\033\204\250"
 208      4EC2D6BA 
 208      0FA7F91B 
 208      84A8
 209 03df 5FC25B74 		.ascii	"_\302[tm+\351\012K\234\\\334\345\257\324~\316\250\227"
 209      6D2BE90A 
 209      4B9C5CDC 
 209      E5AFD47E 
 209      CEA897
 210 03f2 BC502FEA 		.ascii	"\274P/\352\250\227\\A\232o\277\027\362\012\312e_\250"
 210      A8975C41 
 210      9A6FBF17 
 210      F20ACA65 
 210      5FA8
 211 0404 F3A4CBA2 		.ascii	"\363\244\313\242(~\224!\211.\321\253\200\035\260NE\201"
 211      287E9421 
 211      892ED1AB 
 211      801DB04E 
 211      4581
 212 0416 2F25E8C5 		.ascii	"/%\350\305\275v\201\3555\352\203$\270\202\237\3510D"
 212      BD7681ED 
 212      35EA8324 
 212      B8829FE9 
 212      3044
 213 0428 C0106210 		.ascii	"\300\020b\020q\031\"\230\214\247oq\005h\351\007\274"
 213      71192298 
 213      8CA76F71 
 213      0568E907 
 213      BC
 214 0439 A45F1EC6 		.ascii	"\244_\036\306\367je\321Y\247\017\311!\354\340\2508\231"
 214      F76A65D1 
 214      59A70FC9 
 214      21ECE0A8 
 214      3899
 215 044b 7D1C2024 		.ascii	"}\034 $\322kj\270\206\031\377+\273((\027hA#H\276\252"
 215      D26B6AB8 
 215      8619FF2B 
 215      BB282817 
ARM GAS  C:\Users\info\AppData\Local\Temp\cceAJdVY.s 			page 16


 215      68412348 
 216 0461 AD3CAD8F 		.ascii	"\255<\255\217\345\314\272s\370\250qY\271\242\340F\231"
 216      E5CCBA73 
 216      F8A87159 
 216      B9A2E046 
 216      99
 217 0472 A9DDF483 		.ascii	"\251\335\364\203\242\2042n\017\347\352\212\355\241\233"
 217      A284326E 
 217      0FE7EA8A 
 217      EDA19B
 218 0481 05AEC332 		.ascii	"\005\256\3032T}wj\340kK.\255.\177\227\022|>\220}\321"
 218      547D776A 
 218      E06B4B2E 
 218      AD2E7F97 
 218      127C3E90 
 219 0497 1A75142C 		.ascii	"\032u\024,l[\341\035\311\355\015S\037{\220\251\277F"
 219      6C5BE11D 
 219      C9ED0D53 
 219      1F7B90A9 
 219      BF46
 220 04a9 1E13E431 		.ascii	"\036\023\3441F\316\371\261\251\320\342\301n\367\260"
 220      46CEF9B1 
 220      A9D0E2C1 
 220      6EF7B0
 221 04b8 760BB69B 		.ascii	"v\013\266\233\262I\363\320\301b\202\357\350\237\271"
 221      B249F3D0 
 221      C16282EF 
 221      E89FB9
 222 04c7 48C11354 		.ascii	"H\301\023T\351\007\030\007\263\304\202\351UlL\037+\323"
 222      E9071807 
 222      B3C482E9 
 222      556C4C1F 
 222      2BD3
 223 04d9 198AE940 		.ascii	"\031\212\351@\240z\262J\354\205\0047P\371;m(\206\230"
 223      A07AB24A 
 223      EC850437 
 223      50F93B6D 
 223      288698
 224 04ec FD51E61F 		.ascii	"\375Q\346\037C&\363nz\256\374\257\203\370\302\324O\263"
 224      4326F36E 
 224      7AAEFCAF 
 224      83F8C2D4 
 224      4FB3
 225 04fe BEA498AF 		.ascii	"\276\244\230\257\230c\237}\237/\230#\275\310o{\221\253"
 225      98639F7D 
 225      9F2F9823 
 225      BDC86F7B 
 225      91AB
 226 0510 FF113E2A 		.ascii	"\377\021>*\372~\247\022\016\267ps\334\324\026h\202N"
 226      FA7EA712 
 226      0EB77073 
 226      DCD41668 
 226      824E
 227 0522 8FA668E8 		.ascii	"\217\246h\350\273_\343\343\321\020\312\324\0322)\032"
 227      BB5FE3E3 
 227      D110CAD4 
 227      1A32291A 
ARM GAS  C:\Users\info\AppData\Local\Temp\cceAJdVY.s 			page 17


 228 0532 32C9DA77 		.ascii	"2\311\332w\353\210\2434\320\203]\345\321\276)\260\250"
 228      EB88A334 
 228      D0835DE5 
 228      D1BE29B0 
 228      A8
 229 0543 1970282D 		.ascii	"\031p(-\336\020\273im\364\346\330\270\257\344\350\324"
 229      DE10BB69 
 229      6DF4E6D8 
 229      B8AFE4E8 
 229      D4
 230 0554 942D495B 		.ascii	"\224-I[\375V\257]\037\036\275|\271\264t\265\234\"[\343"
 230      FD56AF5D 
 230      1F1EBD7C 
 230      B9B474B5 
 230      9C225BE3 
 231 0568 6C72E2E6 		.ascii	"lr\342\346\330\324tk\202\374iLlj\364\273\237rA\314\232"
 231      D8D4746B 
 231      82FC694C 
 231      6C6AF4BB 
 231      9F7241CC 
 232 057d A8042984 		.ascii	"\250\004)\204\217\327\311\333m\251V\241\367\027\206"
 232      8FD7C9DB 
 232      6DA956A1 
 232      F71786
 233 058c C9B29C66 		.ascii	"\311\262\234f\341\343\215q\333\344\364\264WUr\\\"2m"
 233      E1E38D71 
 233      DBE4F4B4 
 233      5755725C 
 233      22326D
 234 059f D6D4E475 		.ascii	"\326\324\344u\362\326\244\3556\331\352\223\236\224b"
 234      F2D6A4ED 
 234      36D9EA93 
 234      9E9462
 235 05ae 5BF9C602 		.ascii	"[\371\306\002\371\022v\330v\244\311\333\243\276\220"
 235      F91276D8 
 235      76A4C9DB 
 235      A3BE90
 236 05bd 5EFFB719 		.ascii	"^\377\267\031\341\373%\372\014\351)\350\274X{\022#["
 236      E1FB25FA 
 236      0CE929E8 
 236      BC587B12 
 236      235B
 237 05cf 9352135F 		.ascii	"\223R\023_\0233\262&\331\344y\263\010\366x\305\344K"
 237      1333B226 
 237      D9E479B3 
 237      08F678C5 
 237      E44B
 238 05e1 748FB8DE 		.ascii	"t\217\270\336,\252\263\245\252\305}\220\022\027\237"
 238      2CAAB3A5 
 238      AAC57D90 
 238      12179F
 239 05f0 2C8B203E 		.ascii	",\213 >.a[z\332\242\230\215k8\335\204\243\365\211\361"
 239      2E615B7A 
 239      DAA2988D 
 239      6B38DD84 
 239      A3F589F1 
 240 0604 8178E3BC 		.ascii	"\201x\343\274X\033N?\030C\357\311\271>\326fMO\260\031"
ARM GAS  C:\Users\info\AppData\Local\Temp\cceAJdVY.s 			page 18


 240      581B4E3F 
 240      1843EFC9 
 240      B93ED666 
 240      4D4FB019 
 241 0618 ADF2D695 		.ascii	"\255\362\326\225\377\000z|h\305"
 241      FF007A7C 
 241      68C5
 242              		.text
 243              		.section	.gnu.lto_.symtab.bf153b7b,"",%progbits
 244 0000 5653594E 		.ascii	"VSYNC_SaveConfig\000"
 244      435F5361 
 244      7665436F 
 244      6E666967 
 244      00
 245 0011 00       		.ascii	"\000"
 246 0012 00       		.ascii	"\000"
 247 0013 00       		.ascii	"\000"
 248 0014 00000000 		.ascii	"\000\000\000\000\000\000\000\000"
 248      00000000 
 249 001c AD000000 		.ascii	"\255\000\000\000"
 250 0020 5653594E 		.ascii	"VSYNC_RestoreConfig\000"
 250      435F5265 
 250      73746F72 
 250      65436F6E 
 250      66696700 
 251 0034 00       		.ascii	"\000"
 252 0035 00       		.ascii	"\000"
 253 0036 00       		.ascii	"\000"
 254 0037 00000000 		.ascii	"\000\000\000\000\000\000\000\000"
 254      00000000 
 255 003f AF000000 		.ascii	"\257\000\000\000"
 256 0043 5653594E 		.ascii	"VSYNC_Sleep\000"
 256      435F536C 
 256      65657000 
 257 004f 00       		.ascii	"\000"
 258 0050 00       		.ascii	"\000"
 259 0051 00       		.ascii	"\000"
 260 0052 00000000 		.ascii	"\000\000\000\000\000\000\000\000"
 260      00000000 
 261 005a B1000000 		.ascii	"\261\000\000\000"
 262 005e 5653594E 		.ascii	"VSYNC_Wakeup\000"
 262      435F5761 
 262      6B657570 
 262      00
 263 006b 00       		.ascii	"\000"
 264 006c 00       		.ascii	"\000"
 265 006d 00       		.ascii	"\000"
 266 006e 00000000 		.ascii	"\000\000\000\000\000\000\000\000"
 266      00000000 
 267 0076 B3000000 		.ascii	"\263\000\000\000"
 268 007a 5653594E 		.ascii	"VSYNC_ReadControlRegister\000"
 268      435F5265 
 268      6164436F 
 268      6E74726F 
 268      6C526567 
 269 0094 00       		.ascii	"\000"
 270 0095 02       		.ascii	"\002"
ARM GAS  C:\Users\info\AppData\Local\Temp\cceAJdVY.s 			page 19


 271 0096 00       		.ascii	"\000"
 272 0097 00000000 		.ascii	"\000\000\000\000\000\000\000\000"
 272      00000000 
 273 009f BB000000 		.ascii	"\273\000\000\000"
 274 00a3 5653594E 		.ascii	"VSYNC_ReadCounter\000"
 274      435F5265 
 274      6164436F 
 274      756E7465 
 274      7200
 275 00b5 00       		.ascii	"\000"
 276 00b6 02       		.ascii	"\002"
 277 00b7 00       		.ascii	"\000"
 278 00b8 00000000 		.ascii	"\000\000\000\000\000\000\000\000"
 278      00000000 
 279 00c0 BD000000 		.ascii	"\275\000\000\000"
 280 00c4 5653594E 		.ascii	"VSYNC_ReadPeriod\000"
 280      435F5265 
 280      61645065 
 280      72696F64 
 280      00
 281 00d5 00       		.ascii	"\000"
 282 00d6 02       		.ascii	"\002"
 283 00d7 00       		.ascii	"\000"
 284 00d8 00000000 		.ascii	"\000\000\000\000\000\000\000\000"
 284      00000000 
 285 00e0 BF000000 		.ascii	"\277\000\000\000"
 286 00e4 5653594E 		.ascii	"VSYNC_WriteControlRegister\000"
 286      435F5772 
 286      69746543 
 286      6F6E7472 
 286      6F6C5265 
 287 00ff 00       		.ascii	"\000"
 288 0100 02       		.ascii	"\002"
 289 0101 00       		.ascii	"\000"
 290 0102 00000000 		.ascii	"\000\000\000\000\000\000\000\000"
 290      00000000 
 291 010a C3000000 		.ascii	"\303\000\000\000"
 292 010e 5653594E 		.ascii	"VSYNC_WriteCounter\000"
 292      435F5772 
 292      69746543 
 292      6F756E74 
 292      657200
 293 0121 00       		.ascii	"\000"
 294 0122 02       		.ascii	"\002"
 295 0123 00       		.ascii	"\000"
 296 0124 00000000 		.ascii	"\000\000\000\000\000\000\000\000"
 296      00000000 
 297 012c C5000000 		.ascii	"\305\000\000\000"
 298 0130 5653594E 		.ascii	"VSYNC_WritePeriod\000"
 298      435F5772 
 298      69746550 
 298      6572696F 
 298      6400
 299 0142 00       		.ascii	"\000"
 300 0143 02       		.ascii	"\002"
 301 0144 00       		.ascii	"\000"
 302 0145 00000000 		.ascii	"\000\000\000\000\000\000\000\000"
ARM GAS  C:\Users\info\AppData\Local\Temp\cceAJdVY.s 			page 20


 302      00000000 
 303 014d C7000000 		.ascii	"\307\000\000\000"
 304 0151 5653594E 		.ascii	"VSYNC_Stop\000"
 304      435F5374 
 304      6F7000
 305 015c 00       		.ascii	"\000"
 306 015d 02       		.ascii	"\002"
 307 015e 00       		.ascii	"\000"
 308 015f 00000000 		.ascii	"\000\000\000\000\000\000\000\000"
 308      00000000 
 309 0167 C9000000 		.ascii	"\311\000\000\000"
 310 016b 5653594E 		.ascii	"VSYNC_Enable\000"
 310      435F456E 
 310      61626C65 
 310      00
 311 0178 00       		.ascii	"\000"
 312 0179 02       		.ascii	"\002"
 313 017a 00       		.ascii	"\000"
 314 017b 00000000 		.ascii	"\000\000\000\000\000\000\000\000"
 314      00000000 
 315 0183 CB000000 		.ascii	"\313\000\000\000"
 316              		.text
 317              		.section	.gnu.lto_.opts,"",%progbits
 318 0000 272D666D 		.ascii	"'-fmath-errno' '-fsigned-zeros' '-ftrapping-math' '"
 318      6174682D 
 318      6572726E 
 318      6F272027 
 318      2D667369 
 319 0033 2D666E6F 		.ascii	"-fno-trapv' '-fno-openmp' '-fno-openacc' '-mcpu=cor"
 319      2D747261 
 319      70762720 
 319      272D666E 
 319      6F2D6F70 
 320 0066 7465782D 		.ascii	"tex-m3' '-mthumb' '-g' '-Os' '-ffunction-sections' "
 320      6D332720 
 320      272D6D74 
 320      68756D62 
 320      2720272D 
 321 0099 272D6666 		.ascii	"'-ffat-lto-objects' '-flto'\000"
 321      61742D6C 
 321      746F2D6F 
 321      626A6563 
 321      74732720 
 322              		.text
 323              		.cfi_sections	.debug_frame
 324              		.section	.text.VSYNC_SaveConfig,"ax",%progbits
 325              		.align	1
 326              		.global	VSYNC_SaveConfig
 327              		.thumb
 328              		.thumb_func
 329              		.type	VSYNC_SaveConfig, %function
 330              	VSYNC_SaveConfig:
 331              	.LFB0:
 332              		.file 1 "Generated_Source\\PSoC5\\VSYNC_PM.c"
   1:Generated_Source\PSoC5/VSYNC_PM.c **** /*******************************************************************************
   2:Generated_Source\PSoC5/VSYNC_PM.c **** * File Name: VSYNC_PM.c
   3:Generated_Source\PSoC5/VSYNC_PM.c **** * Version 3.30
ARM GAS  C:\Users\info\AppData\Local\Temp\cceAJdVY.s 			page 21


   4:Generated_Source\PSoC5/VSYNC_PM.c **** *
   5:Generated_Source\PSoC5/VSYNC_PM.c **** * Description:
   6:Generated_Source\PSoC5/VSYNC_PM.c **** *  This file provides the power management source code to API for the
   7:Generated_Source\PSoC5/VSYNC_PM.c **** *  PWM.
   8:Generated_Source\PSoC5/VSYNC_PM.c **** *
   9:Generated_Source\PSoC5/VSYNC_PM.c **** * Note:
  10:Generated_Source\PSoC5/VSYNC_PM.c **** *
  11:Generated_Source\PSoC5/VSYNC_PM.c **** ********************************************************************************
  12:Generated_Source\PSoC5/VSYNC_PM.c **** * Copyright 2008-2014, Cypress Semiconductor Corporation.  All rights reserved.
  13:Generated_Source\PSoC5/VSYNC_PM.c **** * You may use this file only in accordance with the license, terms, conditions,
  14:Generated_Source\PSoC5/VSYNC_PM.c **** * disclaimers, and limitations in the end user license agreement accompanying
  15:Generated_Source\PSoC5/VSYNC_PM.c **** * the software package with which this file was provided.
  16:Generated_Source\PSoC5/VSYNC_PM.c **** *******************************************************************************/
  17:Generated_Source\PSoC5/VSYNC_PM.c **** 
  18:Generated_Source\PSoC5/VSYNC_PM.c **** #include "VSYNC.h"
  19:Generated_Source\PSoC5/VSYNC_PM.c **** 
  20:Generated_Source\PSoC5/VSYNC_PM.c **** static VSYNC_backupStruct VSYNC_backup;
  21:Generated_Source\PSoC5/VSYNC_PM.c **** 
  22:Generated_Source\PSoC5/VSYNC_PM.c **** 
  23:Generated_Source\PSoC5/VSYNC_PM.c **** /*******************************************************************************
  24:Generated_Source\PSoC5/VSYNC_PM.c **** * Function Name: VSYNC_SaveConfig
  25:Generated_Source\PSoC5/VSYNC_PM.c **** ********************************************************************************
  26:Generated_Source\PSoC5/VSYNC_PM.c **** *
  27:Generated_Source\PSoC5/VSYNC_PM.c **** * Summary:
  28:Generated_Source\PSoC5/VSYNC_PM.c **** *  Saves the current user configuration of the component.
  29:Generated_Source\PSoC5/VSYNC_PM.c **** *
  30:Generated_Source\PSoC5/VSYNC_PM.c **** * Parameters:
  31:Generated_Source\PSoC5/VSYNC_PM.c **** *  None
  32:Generated_Source\PSoC5/VSYNC_PM.c **** *
  33:Generated_Source\PSoC5/VSYNC_PM.c **** * Return:
  34:Generated_Source\PSoC5/VSYNC_PM.c **** *  None
  35:Generated_Source\PSoC5/VSYNC_PM.c **** *
  36:Generated_Source\PSoC5/VSYNC_PM.c **** * Global variables:
  37:Generated_Source\PSoC5/VSYNC_PM.c **** *  VSYNC_backup:  Variables of this global structure are modified to
  38:Generated_Source\PSoC5/VSYNC_PM.c **** *  store the values of non retention configuration registers when Sleep() API is
  39:Generated_Source\PSoC5/VSYNC_PM.c **** *  called.
  40:Generated_Source\PSoC5/VSYNC_PM.c **** *
  41:Generated_Source\PSoC5/VSYNC_PM.c **** *******************************************************************************/
  42:Generated_Source\PSoC5/VSYNC_PM.c **** void VSYNC_SaveConfig(void) 
  43:Generated_Source\PSoC5/VSYNC_PM.c **** {
 333              		.loc 1 43 0
 334              		.cfi_startproc
 335              		@ args = 0, pretend = 0, frame = 0
 336              		@ frame_needed = 0, uses_anonymous_args = 0
 337 0000 10B5     		push	{r4, lr}
 338              		.cfi_def_cfa_offset 8
 339              		.cfi_offset 4, -8
 340              		.cfi_offset 14, -4
  44:Generated_Source\PSoC5/VSYNC_PM.c **** 
  45:Generated_Source\PSoC5/VSYNC_PM.c ****     #if(!VSYNC_UsingFixedFunction)
  46:Generated_Source\PSoC5/VSYNC_PM.c ****         #if(!VSYNC_PWMModeIsCenterAligned)
  47:Generated_Source\PSoC5/VSYNC_PM.c ****             VSYNC_backup.PWMPeriod = VSYNC_ReadPeriod();
 341              		.loc 1 47 0
 342 0002 FFF7FEFF 		bl	VSYNC_ReadPeriod
 343              	.LVL0:
 344 0006 044C     		ldr	r4, .L2
 345 0008 A070     		strb	r0, [r4, #2]
ARM GAS  C:\Users\info\AppData\Local\Temp\cceAJdVY.s 			page 22


  48:Generated_Source\PSoC5/VSYNC_PM.c ****         #endif /* (!VSYNC_PWMModeIsCenterAligned) */
  49:Generated_Source\PSoC5/VSYNC_PM.c ****         VSYNC_backup.PWMUdb = VSYNC_ReadCounter();
 346              		.loc 1 49 0
 347 000a FFF7FEFF 		bl	VSYNC_ReadCounter
 348              	.LVL1:
 349 000e 6070     		strb	r0, [r4, #1]
  50:Generated_Source\PSoC5/VSYNC_PM.c ****         #if (VSYNC_UseStatus)
  51:Generated_Source\PSoC5/VSYNC_PM.c ****             VSYNC_backup.InterruptMaskValue = VSYNC_STATUS_MASK;
  52:Generated_Source\PSoC5/VSYNC_PM.c ****         #endif /* (VSYNC_UseStatus) */
  53:Generated_Source\PSoC5/VSYNC_PM.c **** 
  54:Generated_Source\PSoC5/VSYNC_PM.c ****         #if(VSYNC_DeadBandMode == VSYNC__B_PWM__DBM_256_CLOCKS || \
  55:Generated_Source\PSoC5/VSYNC_PM.c ****             VSYNC_DeadBandMode == VSYNC__B_PWM__DBM_2_4_CLOCKS)
  56:Generated_Source\PSoC5/VSYNC_PM.c ****             VSYNC_backup.PWMdeadBandValue = VSYNC_ReadDeadTime();
  57:Generated_Source\PSoC5/VSYNC_PM.c ****         #endif /*  deadband count is either 2-4 clocks or 256 clocks */
  58:Generated_Source\PSoC5/VSYNC_PM.c **** 
  59:Generated_Source\PSoC5/VSYNC_PM.c ****         #if(VSYNC_KillModeMinTime)
  60:Generated_Source\PSoC5/VSYNC_PM.c ****              VSYNC_backup.PWMKillCounterPeriod = VSYNC_ReadKillTime();
  61:Generated_Source\PSoC5/VSYNC_PM.c ****         #endif /* (VSYNC_KillModeMinTime) */
  62:Generated_Source\PSoC5/VSYNC_PM.c **** 
  63:Generated_Source\PSoC5/VSYNC_PM.c ****         #if(VSYNC_UseControl)
  64:Generated_Source\PSoC5/VSYNC_PM.c ****             VSYNC_backup.PWMControlRegister = VSYNC_ReadControlRegister();
 350              		.loc 1 64 0
 351 0010 FFF7FEFF 		bl	VSYNC_ReadControlRegister
 352              	.LVL2:
 353 0014 E070     		strb	r0, [r4, #3]
 354 0016 10BD     		pop	{r4, pc}
 355              	.L3:
 356              		.align	2
 357              	.L2:
 358 0018 00000000 		.word	.LANCHOR0
 359              		.cfi_endproc
 360              	.LFE0:
 361              		.size	VSYNC_SaveConfig, .-VSYNC_SaveConfig
 362              		.section	.text.VSYNC_RestoreConfig,"ax",%progbits
 363              		.align	1
 364              		.global	VSYNC_RestoreConfig
 365              		.thumb
 366              		.thumb_func
 367              		.type	VSYNC_RestoreConfig, %function
 368              	VSYNC_RestoreConfig:
 369              	.LFB1:
  65:Generated_Source\PSoC5/VSYNC_PM.c ****         #endif /* (VSYNC_UseControl) */
  66:Generated_Source\PSoC5/VSYNC_PM.c ****     #endif  /* (!VSYNC_UsingFixedFunction) */
  67:Generated_Source\PSoC5/VSYNC_PM.c **** }
  68:Generated_Source\PSoC5/VSYNC_PM.c **** 
  69:Generated_Source\PSoC5/VSYNC_PM.c **** 
  70:Generated_Source\PSoC5/VSYNC_PM.c **** /*******************************************************************************
  71:Generated_Source\PSoC5/VSYNC_PM.c **** * Function Name: VSYNC_RestoreConfig
  72:Generated_Source\PSoC5/VSYNC_PM.c **** ********************************************************************************
  73:Generated_Source\PSoC5/VSYNC_PM.c **** *
  74:Generated_Source\PSoC5/VSYNC_PM.c **** * Summary:
  75:Generated_Source\PSoC5/VSYNC_PM.c **** *  Restores the current user configuration of the component.
  76:Generated_Source\PSoC5/VSYNC_PM.c **** *
  77:Generated_Source\PSoC5/VSYNC_PM.c **** * Parameters:
  78:Generated_Source\PSoC5/VSYNC_PM.c **** *  None
  79:Generated_Source\PSoC5/VSYNC_PM.c **** *
  80:Generated_Source\PSoC5/VSYNC_PM.c **** * Return:
ARM GAS  C:\Users\info\AppData\Local\Temp\cceAJdVY.s 			page 23


  81:Generated_Source\PSoC5/VSYNC_PM.c **** *  None
  82:Generated_Source\PSoC5/VSYNC_PM.c **** *
  83:Generated_Source\PSoC5/VSYNC_PM.c **** * Global variables:
  84:Generated_Source\PSoC5/VSYNC_PM.c **** *  VSYNC_backup:  Variables of this global structure are used to
  85:Generated_Source\PSoC5/VSYNC_PM.c **** *  restore the values of non retention registers on wakeup from sleep mode.
  86:Generated_Source\PSoC5/VSYNC_PM.c **** *
  87:Generated_Source\PSoC5/VSYNC_PM.c **** *******************************************************************************/
  88:Generated_Source\PSoC5/VSYNC_PM.c **** void VSYNC_RestoreConfig(void) 
  89:Generated_Source\PSoC5/VSYNC_PM.c **** {
 370              		.loc 1 89 0
 371              		.cfi_startproc
 372              		@ args = 0, pretend = 0, frame = 0
 373              		@ frame_needed = 0, uses_anonymous_args = 0
 374 0000 10B5     		push	{r4, lr}
 375              		.cfi_def_cfa_offset 8
 376              		.cfi_offset 4, -8
 377              		.cfi_offset 14, -4
  90:Generated_Source\PSoC5/VSYNC_PM.c ****         #if(!VSYNC_UsingFixedFunction)
  91:Generated_Source\PSoC5/VSYNC_PM.c ****             #if(!VSYNC_PWMModeIsCenterAligned)
  92:Generated_Source\PSoC5/VSYNC_PM.c ****                 VSYNC_WritePeriod(VSYNC_backup.PWMPeriod);
 378              		.loc 1 92 0
 379 0002 064C     		ldr	r4, .L5
 380 0004 A078     		ldrb	r0, [r4, #2]	@ zero_extendqisi2
 381 0006 FFF7FEFF 		bl	VSYNC_WritePeriod
 382              	.LVL3:
  93:Generated_Source\PSoC5/VSYNC_PM.c ****             #endif /* (!VSYNC_PWMModeIsCenterAligned) */
  94:Generated_Source\PSoC5/VSYNC_PM.c **** 
  95:Generated_Source\PSoC5/VSYNC_PM.c ****             VSYNC_WriteCounter(VSYNC_backup.PWMUdb);
 383              		.loc 1 95 0
 384 000a 6078     		ldrb	r0, [r4, #1]	@ zero_extendqisi2
 385 000c FFF7FEFF 		bl	VSYNC_WriteCounter
 386              	.LVL4:
  96:Generated_Source\PSoC5/VSYNC_PM.c **** 
  97:Generated_Source\PSoC5/VSYNC_PM.c ****             #if (VSYNC_UseStatus)
  98:Generated_Source\PSoC5/VSYNC_PM.c ****                 VSYNC_STATUS_MASK = VSYNC_backup.InterruptMaskValue;
  99:Generated_Source\PSoC5/VSYNC_PM.c ****             #endif /* (VSYNC_UseStatus) */
 100:Generated_Source\PSoC5/VSYNC_PM.c **** 
 101:Generated_Source\PSoC5/VSYNC_PM.c ****             #if(VSYNC_DeadBandMode == VSYNC__B_PWM__DBM_256_CLOCKS || \
 102:Generated_Source\PSoC5/VSYNC_PM.c ****                 VSYNC_DeadBandMode == VSYNC__B_PWM__DBM_2_4_CLOCKS)
 103:Generated_Source\PSoC5/VSYNC_PM.c ****                 VSYNC_WriteDeadTime(VSYNC_backup.PWMdeadBandValue);
 104:Generated_Source\PSoC5/VSYNC_PM.c ****             #endif /* deadband count is either 2-4 clocks or 256 clocks */
 105:Generated_Source\PSoC5/VSYNC_PM.c **** 
 106:Generated_Source\PSoC5/VSYNC_PM.c ****             #if(VSYNC_KillModeMinTime)
 107:Generated_Source\PSoC5/VSYNC_PM.c ****                 VSYNC_WriteKillTime(VSYNC_backup.PWMKillCounterPeriod);
 108:Generated_Source\PSoC5/VSYNC_PM.c ****             #endif /* (VSYNC_KillModeMinTime) */
 109:Generated_Source\PSoC5/VSYNC_PM.c **** 
 110:Generated_Source\PSoC5/VSYNC_PM.c ****             #if(VSYNC_UseControl)
 111:Generated_Source\PSoC5/VSYNC_PM.c ****                 VSYNC_WriteControlRegister(VSYNC_backup.PWMControlRegister);
 387              		.loc 1 111 0
 388 0010 E078     		ldrb	r0, [r4, #3]	@ zero_extendqisi2
 112:Generated_Source\PSoC5/VSYNC_PM.c ****             #endif /* (VSYNC_UseControl) */
 113:Generated_Source\PSoC5/VSYNC_PM.c ****         #endif  /* (!VSYNC_UsingFixedFunction) */
 114:Generated_Source\PSoC5/VSYNC_PM.c ****     }
 389              		.loc 1 114 0
 390 0012 BDE81040 		pop	{r4, lr}
 391              		.cfi_restore 14
 392              		.cfi_restore 4
ARM GAS  C:\Users\info\AppData\Local\Temp\cceAJdVY.s 			page 24


 393              		.cfi_def_cfa_offset 0
 111:Generated_Source\PSoC5/VSYNC_PM.c ****             #endif /* (VSYNC_UseControl) */
 394              		.loc 1 111 0
 395 0016 FFF7FEBF 		b	VSYNC_WriteControlRegister
 396              	.LVL5:
 397              	.L6:
 398 001a 00BF     		.align	2
 399              	.L5:
 400 001c 00000000 		.word	.LANCHOR0
 401              		.cfi_endproc
 402              	.LFE1:
 403              		.size	VSYNC_RestoreConfig, .-VSYNC_RestoreConfig
 404              		.section	.text.VSYNC_Sleep,"ax",%progbits
 405              		.align	1
 406              		.global	VSYNC_Sleep
 407              		.thumb
 408              		.thumb_func
 409              		.type	VSYNC_Sleep, %function
 410              	VSYNC_Sleep:
 411              	.LFB2:
 115:Generated_Source\PSoC5/VSYNC_PM.c **** 
 116:Generated_Source\PSoC5/VSYNC_PM.c **** 
 117:Generated_Source\PSoC5/VSYNC_PM.c **** /*******************************************************************************
 118:Generated_Source\PSoC5/VSYNC_PM.c **** * Function Name: VSYNC_Sleep
 119:Generated_Source\PSoC5/VSYNC_PM.c **** ********************************************************************************
 120:Generated_Source\PSoC5/VSYNC_PM.c **** *
 121:Generated_Source\PSoC5/VSYNC_PM.c **** * Summary:
 122:Generated_Source\PSoC5/VSYNC_PM.c **** *  Disables block's operation and saves the user configuration. Should be called
 123:Generated_Source\PSoC5/VSYNC_PM.c **** *  just prior to entering sleep.
 124:Generated_Source\PSoC5/VSYNC_PM.c **** *
 125:Generated_Source\PSoC5/VSYNC_PM.c **** * Parameters:
 126:Generated_Source\PSoC5/VSYNC_PM.c **** *  None
 127:Generated_Source\PSoC5/VSYNC_PM.c **** *
 128:Generated_Source\PSoC5/VSYNC_PM.c **** * Return:
 129:Generated_Source\PSoC5/VSYNC_PM.c **** *  None
 130:Generated_Source\PSoC5/VSYNC_PM.c **** *
 131:Generated_Source\PSoC5/VSYNC_PM.c **** * Global variables:
 132:Generated_Source\PSoC5/VSYNC_PM.c **** *  VSYNC_backup.PWMEnableState:  Is modified depending on the enable
 133:Generated_Source\PSoC5/VSYNC_PM.c **** *  state of the block before entering sleep mode.
 134:Generated_Source\PSoC5/VSYNC_PM.c **** *
 135:Generated_Source\PSoC5/VSYNC_PM.c **** *******************************************************************************/
 136:Generated_Source\PSoC5/VSYNC_PM.c **** void VSYNC_Sleep(void) 
 137:Generated_Source\PSoC5/VSYNC_PM.c **** {
 412              		.loc 1 137 0
 413              		.cfi_startproc
 414              		@ args = 0, pretend = 0, frame = 0
 415              		@ frame_needed = 0, uses_anonymous_args = 0
 416 0000 08B5     		push	{r3, lr}
 417              		.cfi_def_cfa_offset 8
 418              		.cfi_offset 3, -8
 419              		.cfi_offset 14, -4
 138:Generated_Source\PSoC5/VSYNC_PM.c ****     #if(VSYNC_UseControl)
 139:Generated_Source\PSoC5/VSYNC_PM.c ****         if(VSYNC_CTRL_ENABLE == (VSYNC_CONTROL & VSYNC_CTRL_ENABLE))
 420              		.loc 1 139 0
 421 0002 074B     		ldr	r3, .L11
 422 0004 1B78     		ldrb	r3, [r3]	@ zero_extendqisi2
 423 0006 13F0800F 		tst	r3, #128
ARM GAS  C:\Users\info\AppData\Local\Temp\cceAJdVY.s 			page 25


 424 000a 064B     		ldr	r3, .L11+4
 140:Generated_Source\PSoC5/VSYNC_PM.c ****         {
 141:Generated_Source\PSoC5/VSYNC_PM.c ****             /*Component is enabled */
 142:Generated_Source\PSoC5/VSYNC_PM.c ****             VSYNC_backup.PWMEnableState = 1u;
 425              		.loc 1 142 0
 426 000c 14BF     		ite	ne
 427 000e 0122     		movne	r2, #1
 143:Generated_Source\PSoC5/VSYNC_PM.c ****         }
 144:Generated_Source\PSoC5/VSYNC_PM.c ****         else
 145:Generated_Source\PSoC5/VSYNC_PM.c ****         {
 146:Generated_Source\PSoC5/VSYNC_PM.c ****             /* Component is disabled */
 147:Generated_Source\PSoC5/VSYNC_PM.c ****             VSYNC_backup.PWMEnableState = 0u;
 428              		.loc 1 147 0
 429 0010 0022     		moveq	r2, #0
 430 0012 1A70     		strb	r2, [r3]
 148:Generated_Source\PSoC5/VSYNC_PM.c ****         }
 149:Generated_Source\PSoC5/VSYNC_PM.c ****     #endif /* (VSYNC_UseControl) */
 150:Generated_Source\PSoC5/VSYNC_PM.c **** 
 151:Generated_Source\PSoC5/VSYNC_PM.c ****     /* Stop component */
 152:Generated_Source\PSoC5/VSYNC_PM.c ****     VSYNC_Stop();
 431              		.loc 1 152 0
 432 0014 FFF7FEFF 		bl	VSYNC_Stop
 433              	.LVL6:
 153:Generated_Source\PSoC5/VSYNC_PM.c **** 
 154:Generated_Source\PSoC5/VSYNC_PM.c ****     /* Save registers configuration */
 155:Generated_Source\PSoC5/VSYNC_PM.c ****     VSYNC_SaveConfig();
 156:Generated_Source\PSoC5/VSYNC_PM.c **** }
 434              		.loc 1 156 0
 435 0018 BDE80840 		pop	{r3, lr}
 436              		.cfi_restore 14
 437              		.cfi_restore 3
 438              		.cfi_def_cfa_offset 0
 155:Generated_Source\PSoC5/VSYNC_PM.c **** }
 439              		.loc 1 155 0
 440 001c FFF7FEBF 		b	VSYNC_SaveConfig
 441              	.LVL7:
 442              	.L12:
 443              		.align	2
 444              	.L11:
 445 0020 75650040 		.word	1073767797
 446 0024 00000000 		.word	.LANCHOR0
 447              		.cfi_endproc
 448              	.LFE2:
 449              		.size	VSYNC_Sleep, .-VSYNC_Sleep
 450              		.section	.text.VSYNC_Wakeup,"ax",%progbits
 451              		.align	1
 452              		.global	VSYNC_Wakeup
 453              		.thumb
 454              		.thumb_func
 455              		.type	VSYNC_Wakeup, %function
 456              	VSYNC_Wakeup:
 457              	.LFB3:
 157:Generated_Source\PSoC5/VSYNC_PM.c **** 
 158:Generated_Source\PSoC5/VSYNC_PM.c **** 
 159:Generated_Source\PSoC5/VSYNC_PM.c **** /*******************************************************************************
 160:Generated_Source\PSoC5/VSYNC_PM.c **** * Function Name: VSYNC_Wakeup
 161:Generated_Source\PSoC5/VSYNC_PM.c **** ********************************************************************************
ARM GAS  C:\Users\info\AppData\Local\Temp\cceAJdVY.s 			page 26


 162:Generated_Source\PSoC5/VSYNC_PM.c **** *
 163:Generated_Source\PSoC5/VSYNC_PM.c **** * Summary:
 164:Generated_Source\PSoC5/VSYNC_PM.c **** *  Restores and enables the user configuration. Should be called just after
 165:Generated_Source\PSoC5/VSYNC_PM.c **** *  awaking from sleep.
 166:Generated_Source\PSoC5/VSYNC_PM.c **** *
 167:Generated_Source\PSoC5/VSYNC_PM.c **** * Parameters:
 168:Generated_Source\PSoC5/VSYNC_PM.c **** *  None
 169:Generated_Source\PSoC5/VSYNC_PM.c **** *
 170:Generated_Source\PSoC5/VSYNC_PM.c **** * Return:
 171:Generated_Source\PSoC5/VSYNC_PM.c **** *  None
 172:Generated_Source\PSoC5/VSYNC_PM.c **** *
 173:Generated_Source\PSoC5/VSYNC_PM.c **** * Global variables:
 174:Generated_Source\PSoC5/VSYNC_PM.c **** *  VSYNC_backup.pwmEnable:  Is used to restore the enable state of
 175:Generated_Source\PSoC5/VSYNC_PM.c **** *  block on wakeup from sleep mode.
 176:Generated_Source\PSoC5/VSYNC_PM.c **** *
 177:Generated_Source\PSoC5/VSYNC_PM.c **** *******************************************************************************/
 178:Generated_Source\PSoC5/VSYNC_PM.c **** void VSYNC_Wakeup(void) 
 179:Generated_Source\PSoC5/VSYNC_PM.c **** {
 458              		.loc 1 179 0
 459              		.cfi_startproc
 460              		@ args = 0, pretend = 0, frame = 0
 461              		@ frame_needed = 0, uses_anonymous_args = 0
 462 0000 08B5     		push	{r3, lr}
 463              		.cfi_def_cfa_offset 8
 464              		.cfi_offset 3, -8
 465              		.cfi_offset 14, -4
 180:Generated_Source\PSoC5/VSYNC_PM.c ****      /* Restore registers values */
 181:Generated_Source\PSoC5/VSYNC_PM.c ****     VSYNC_RestoreConfig();
 466              		.loc 1 181 0
 467 0002 FFF7FEFF 		bl	VSYNC_RestoreConfig
 468              	.LVL8:
 182:Generated_Source\PSoC5/VSYNC_PM.c **** 
 183:Generated_Source\PSoC5/VSYNC_PM.c ****     if(VSYNC_backup.PWMEnableState != 0u)
 469              		.loc 1 183 0
 470 0006 044B     		ldr	r3, .L16
 471 0008 1B78     		ldrb	r3, [r3]	@ zero_extendqisi2
 472 000a 1BB1     		cbz	r3, .L13
 184:Generated_Source\PSoC5/VSYNC_PM.c ****     {
 185:Generated_Source\PSoC5/VSYNC_PM.c ****         /* Enable component's operation */
 186:Generated_Source\PSoC5/VSYNC_PM.c ****         VSYNC_Enable();
 187:Generated_Source\PSoC5/VSYNC_PM.c ****     } /* Do nothing if component's block was disabled before */
 188:Generated_Source\PSoC5/VSYNC_PM.c **** 
 189:Generated_Source\PSoC5/VSYNC_PM.c **** }
 473              		.loc 1 189 0
 474 000c BDE80840 		pop	{r3, lr}
 475              		.cfi_remember_state
 476              		.cfi_restore 14
 477              		.cfi_restore 3
 478              		.cfi_def_cfa_offset 0
 186:Generated_Source\PSoC5/VSYNC_PM.c ****     } /* Do nothing if component's block was disabled before */
 479              		.loc 1 186 0
 480 0010 FFF7FEBF 		b	VSYNC_Enable
 481              	.LVL9:
 482              	.L13:
 483              		.cfi_restore_state
 484 0014 08BD     		pop	{r3, pc}
 485              	.L17:
ARM GAS  C:\Users\info\AppData\Local\Temp\cceAJdVY.s 			page 27


 486 0016 00BF     		.align	2
 487              	.L16:
 488 0018 00000000 		.word	.LANCHOR0
 489              		.cfi_endproc
 490              	.LFE3:
 491              		.size	VSYNC_Wakeup, .-VSYNC_Wakeup
 492              		.bss
 493              		.set	.LANCHOR0,. + 0
 494              		.type	VSYNC_backup, %object
 495              		.size	VSYNC_backup, 4
 496              	VSYNC_backup:
 497 0000 00000000 		.space	4
 498              		.text
 499              	.Letext0:
 500              		.file 2 "Generated_Source\\PSoC5\\cytypes.h"
 501              		.file 3 "Generated_Source\\PSoC5\\VSYNC.h"
 502              		.section	.debug_info,"",%progbits
 503              	.Ldebug_info0:
 504 0000 07020000 		.4byte	0x207
 505 0004 0400     		.2byte	0x4
 506 0006 00000000 		.4byte	.Ldebug_abbrev0
 507 000a 04       		.byte	0x4
 508 000b 01       		.uleb128 0x1
 509 000c B8010000 		.4byte	.LASF33
 510 0010 0C       		.byte	0xc
 511 0011 E5000000 		.4byte	.LASF34
 512 0015 26010000 		.4byte	.LASF35
 513 0019 00000000 		.4byte	.Ldebug_ranges0+0
 514 001d 00000000 		.4byte	0
 515 0021 00000000 		.4byte	.Ldebug_line0
 516 0025 02       		.uleb128 0x2
 517 0026 01       		.byte	0x1
 518 0027 06       		.byte	0x6
 519 0028 CB020000 		.4byte	.LASF0
 520 002c 02       		.uleb128 0x2
 521 002d 01       		.byte	0x1
 522 002e 08       		.byte	0x8
 523 002f C6000000 		.4byte	.LASF1
 524 0033 02       		.uleb128 0x2
 525 0034 02       		.byte	0x2
 526 0035 05       		.byte	0x5
 527 0036 DB000000 		.4byte	.LASF2
 528 003a 02       		.uleb128 0x2
 529 003b 02       		.byte	0x2
 530 003c 07       		.byte	0x7
 531 003d 23000000 		.4byte	.LASF3
 532 0041 02       		.uleb128 0x2
 533 0042 04       		.byte	0x4
 534 0043 05       		.byte	0x5
 535 0044 B6020000 		.4byte	.LASF4
 536 0048 02       		.uleb128 0x2
 537 0049 04       		.byte	0x4
 538 004a 07       		.byte	0x7
 539 004b 07010000 		.4byte	.LASF5
 540 004f 02       		.uleb128 0x2
 541 0050 08       		.byte	0x8
 542 0051 05       		.byte	0x5
ARM GAS  C:\Users\info\AppData\Local\Temp\cceAJdVY.s 			page 28


 543 0052 67020000 		.4byte	.LASF6
 544 0056 02       		.uleb128 0x2
 545 0057 08       		.byte	0x8
 546 0058 07       		.byte	0x7
 547 0059 A1010000 		.4byte	.LASF7
 548 005d 03       		.uleb128 0x3
 549 005e 04       		.byte	0x4
 550 005f 05       		.byte	0x5
 551 0060 696E7400 		.ascii	"int\000"
 552 0064 02       		.uleb128 0x2
 553 0065 04       		.byte	0x4
 554 0066 07       		.byte	0x7
 555 0067 19010000 		.4byte	.LASF8
 556 006b 04       		.uleb128 0x4
 557 006c 91000000 		.4byte	.LASF12
 558 0070 02       		.byte	0x2
 559 0071 E401     		.2byte	0x1e4
 560 0073 2C000000 		.4byte	0x2c
 561 0077 02       		.uleb128 0x2
 562 0078 04       		.byte	0x4
 563 0079 04       		.byte	0x4
 564 007a 50000000 		.4byte	.LASF9
 565 007e 02       		.uleb128 0x2
 566 007f 08       		.byte	0x8
 567 0080 04       		.byte	0x4
 568 0081 D4000000 		.4byte	.LASF10
 569 0085 02       		.uleb128 0x2
 570 0086 01       		.byte	0x1
 571 0087 08       		.byte	0x8
 572 0088 75020000 		.4byte	.LASF11
 573 008c 04       		.uleb128 0x4
 574 008d 4C020000 		.4byte	.LASF13
 575 0091 02       		.byte	0x2
 576 0092 8E02     		.2byte	0x28e
 577 0094 98000000 		.4byte	0x98
 578 0098 05       		.uleb128 0x5
 579 0099 6B000000 		.4byte	0x6b
 580 009d 02       		.uleb128 0x2
 581 009e 08       		.byte	0x8
 582 009f 04       		.byte	0x4
 583 00a0 BF020000 		.4byte	.LASF14
 584 00a4 02       		.uleb128 0x2
 585 00a5 04       		.byte	0x4
 586 00a6 07       		.byte	0x7
 587 00a7 51020000 		.4byte	.LASF15
 588 00ab 06       		.uleb128 0x6
 589 00ac 04       		.byte	0x4
 590 00ad 03       		.byte	0x3
 591 00ae 6B       		.byte	0x6b
 592 00af E4000000 		.4byte	0xe4
 593 00b3 07       		.uleb128 0x7
 594 00b4 62000000 		.4byte	.LASF16
 595 00b8 03       		.byte	0x3
 596 00b9 6E       		.byte	0x6e
 597 00ba 6B000000 		.4byte	0x6b
 598 00be 00       		.byte	0
 599 00bf 07       		.uleb128 0x7
ARM GAS  C:\Users\info\AppData\Local\Temp\cceAJdVY.s 			page 29


 600 00c0 00000000 		.4byte	.LASF17
 601 00c4 03       		.byte	0x3
 602 00c5 71       		.byte	0x71
 603 00c6 6B000000 		.4byte	0x6b
 604 00ca 01       		.byte	0x1
 605 00cb 07       		.uleb128 0x7
 606 00cc 07000000 		.4byte	.LASF18
 607 00d0 03       		.byte	0x3
 608 00d1 73       		.byte	0x73
 609 00d2 6B000000 		.4byte	0x6b
 610 00d6 02       		.byte	0x2
 611 00d7 07       		.uleb128 0x7
 612 00d8 B3000000 		.4byte	.LASF19
 613 00dc 03       		.byte	0x3
 614 00dd 86       		.byte	0x86
 615 00de 6B000000 		.4byte	0x6b
 616 00e2 03       		.byte	0x3
 617 00e3 00       		.byte	0
 618 00e4 08       		.uleb128 0x8
 619 00e5 71000000 		.4byte	.LASF20
 620 00e9 03       		.byte	0x3
 621 00ea 8B       		.byte	0x8b
 622 00eb AB000000 		.4byte	0xab
 623 00ef 09       		.uleb128 0x9
 624 00f0 A2000000 		.4byte	.LASF21
 625 00f4 01       		.byte	0x1
 626 00f5 2A       		.byte	0x2a
 627 00f6 00000000 		.4byte	.LFB0
 628 00fa 1C000000 		.4byte	.LFE0-.LFB0
 629 00fe 01       		.uleb128 0x1
 630 00ff 9C       		.byte	0x9c
 631 0100 20010000 		.4byte	0x120
 632 0104 0A       		.uleb128 0xa
 633 0105 06000000 		.4byte	.LVL0
 634 0109 B2010000 		.4byte	0x1b2
 635 010d 0A       		.uleb128 0xa
 636 010e 0E000000 		.4byte	.LVL1
 637 0112 BD010000 		.4byte	0x1bd
 638 0116 0A       		.uleb128 0xa
 639 0117 14000000 		.4byte	.LVL2
 640 011b C8010000 		.4byte	0x1c8
 641 011f 00       		.byte	0
 642 0120 09       		.uleb128 0x9
 643 0121 7A020000 		.4byte	.LASF22
 644 0125 01       		.byte	0x1
 645 0126 58       		.byte	0x58
 646 0127 00000000 		.4byte	.LFB1
 647 012b 20000000 		.4byte	.LFE1-.LFB1
 648 012f 01       		.uleb128 0x1
 649 0130 9C       		.byte	0x9c
 650 0131 51010000 		.4byte	0x151
 651 0135 0A       		.uleb128 0xa
 652 0136 0A000000 		.4byte	.LVL3
 653 013a D3010000 		.4byte	0x1d3
 654 013e 0A       		.uleb128 0xa
 655 013f 10000000 		.4byte	.LVL4
 656 0143 DE010000 		.4byte	0x1de
ARM GAS  C:\Users\info\AppData\Local\Temp\cceAJdVY.s 			page 30


 657 0147 0B       		.uleb128 0xb
 658 0148 1A000000 		.4byte	.LVL5
 659 014c E9010000 		.4byte	0x1e9
 660 0150 00       		.byte	0
 661 0151 09       		.uleb128 0x9
 662 0152 56000000 		.4byte	.LASF23
 663 0156 01       		.byte	0x1
 664 0157 88       		.byte	0x88
 665 0158 00000000 		.4byte	.LFB2
 666 015c 28000000 		.4byte	.LFE2-.LFB2
 667 0160 01       		.uleb128 0x1
 668 0161 9C       		.byte	0x9c
 669 0162 79010000 		.4byte	0x179
 670 0166 0A       		.uleb128 0xa
 671 0167 18000000 		.4byte	.LVL6
 672 016b F4010000 		.4byte	0x1f4
 673 016f 0B       		.uleb128 0xb
 674 0170 20000000 		.4byte	.LVL7
 675 0174 EF000000 		.4byte	0xef
 676 0178 00       		.byte	0
 677 0179 09       		.uleb128 0x9
 678 017a 8E020000 		.4byte	.LASF24
 679 017e 01       		.byte	0x1
 680 017f B2       		.byte	0xb2
 681 0180 00000000 		.4byte	.LFB3
 682 0184 1C000000 		.4byte	.LFE3-.LFB3
 683 0188 01       		.uleb128 0x1
 684 0189 9C       		.byte	0x9c
 685 018a A1010000 		.4byte	0x1a1
 686 018e 0A       		.uleb128 0xa
 687 018f 06000000 		.4byte	.LVL8
 688 0193 20010000 		.4byte	0x120
 689 0197 0B       		.uleb128 0xb
 690 0198 14000000 		.4byte	.LVL9
 691 019c FF010000 		.4byte	0x1ff
 692 01a0 00       		.byte	0
 693 01a1 0C       		.uleb128 0xc
 694 01a2 5A020000 		.4byte	.LASF36
 695 01a6 01       		.byte	0x1
 696 01a7 14       		.byte	0x14
 697 01a8 E4000000 		.4byte	0xe4
 698 01ac 05       		.uleb128 0x5
 699 01ad 03       		.byte	0x3
 700 01ae 00000000 		.4byte	VSYNC_backup
 701 01b2 0D       		.uleb128 0xd
 702 01b3 90010000 		.4byte	.LASF25
 703 01b7 90010000 		.4byte	.LASF25
 704 01bb 03       		.byte	0x3
 705 01bc C0       		.byte	0xc0
 706 01bd 0D       		.uleb128 0xd
 707 01be EA020000 		.4byte	.LASF26
 708 01c2 EA020000 		.4byte	.LASF26
 709 01c6 03       		.byte	0x3
 710 01c7 B3       		.byte	0xb3
 711 01c8 0D       		.uleb128 0xd
 712 01c9 36000000 		.4byte	.LASF27
 713 01cd 36000000 		.4byte	.LASF27
ARM GAS  C:\Users\info\AppData\Local\Temp\cceAJdVY.s 			page 31


 714 01d1 03       		.byte	0x3
 715 01d2 9D       		.byte	0x9d
 716 01d3 0D       		.uleb128 0xd
 717 01d4 11000000 		.4byte	.LASF28
 718 01d8 11000000 		.4byte	.LASF28
 719 01dc 03       		.byte	0x3
 720 01dd BE       		.byte	0xbe
 721 01de 0D       		.uleb128 0xd
 722 01df D7020000 		.4byte	.LASF29
 723 01e3 D7020000 		.4byte	.LASF29
 724 01e7 03       		.byte	0x3
 725 01e8 BA       		.byte	0xba
 726 01e9 0D       		.uleb128 0xd
 727 01ea 9B020000 		.4byte	.LASF30
 728 01ee 9B020000 		.4byte	.LASF30
 729 01f2 03       		.byte	0x3
 730 01f3 9E       		.byte	0x9e
 731 01f4 0D       		.uleb128 0xd
 732 01f5 97000000 		.4byte	.LASF31
 733 01f9 97000000 		.4byte	.LASF31
 734 01fd 03       		.byte	0x3
 735 01fe 93       		.byte	0x93
 736 01ff 0D       		.uleb128 0xd
 737 0200 84000000 		.4byte	.LASF32
 738 0204 84000000 		.4byte	.LASF32
 739 0208 03       		.byte	0x3
 740 0209 DB       		.byte	0xdb
 741 020a 00       		.byte	0
 742              		.section	.debug_abbrev,"",%progbits
 743              	.Ldebug_abbrev0:
 744 0000 01       		.uleb128 0x1
 745 0001 11       		.uleb128 0x11
 746 0002 01       		.byte	0x1
 747 0003 25       		.uleb128 0x25
 748 0004 0E       		.uleb128 0xe
 749 0005 13       		.uleb128 0x13
 750 0006 0B       		.uleb128 0xb
 751 0007 03       		.uleb128 0x3
 752 0008 0E       		.uleb128 0xe
 753 0009 1B       		.uleb128 0x1b
 754 000a 0E       		.uleb128 0xe
 755 000b 55       		.uleb128 0x55
 756 000c 17       		.uleb128 0x17
 757 000d 11       		.uleb128 0x11
 758 000e 01       		.uleb128 0x1
 759 000f 10       		.uleb128 0x10
 760 0010 17       		.uleb128 0x17
 761 0011 00       		.byte	0
 762 0012 00       		.byte	0
 763 0013 02       		.uleb128 0x2
 764 0014 24       		.uleb128 0x24
 765 0015 00       		.byte	0
 766 0016 0B       		.uleb128 0xb
 767 0017 0B       		.uleb128 0xb
 768 0018 3E       		.uleb128 0x3e
 769 0019 0B       		.uleb128 0xb
 770 001a 03       		.uleb128 0x3
ARM GAS  C:\Users\info\AppData\Local\Temp\cceAJdVY.s 			page 32


 771 001b 0E       		.uleb128 0xe
 772 001c 00       		.byte	0
 773 001d 00       		.byte	0
 774 001e 03       		.uleb128 0x3
 775 001f 24       		.uleb128 0x24
 776 0020 00       		.byte	0
 777 0021 0B       		.uleb128 0xb
 778 0022 0B       		.uleb128 0xb
 779 0023 3E       		.uleb128 0x3e
 780 0024 0B       		.uleb128 0xb
 781 0025 03       		.uleb128 0x3
 782 0026 08       		.uleb128 0x8
 783 0027 00       		.byte	0
 784 0028 00       		.byte	0
 785 0029 04       		.uleb128 0x4
 786 002a 16       		.uleb128 0x16
 787 002b 00       		.byte	0
 788 002c 03       		.uleb128 0x3
 789 002d 0E       		.uleb128 0xe
 790 002e 3A       		.uleb128 0x3a
 791 002f 0B       		.uleb128 0xb
 792 0030 3B       		.uleb128 0x3b
 793 0031 05       		.uleb128 0x5
 794 0032 49       		.uleb128 0x49
 795 0033 13       		.uleb128 0x13
 796 0034 00       		.byte	0
 797 0035 00       		.byte	0
 798 0036 05       		.uleb128 0x5
 799 0037 35       		.uleb128 0x35
 800 0038 00       		.byte	0
 801 0039 49       		.uleb128 0x49
 802 003a 13       		.uleb128 0x13
 803 003b 00       		.byte	0
 804 003c 00       		.byte	0
 805 003d 06       		.uleb128 0x6
 806 003e 13       		.uleb128 0x13
 807 003f 01       		.byte	0x1
 808 0040 0B       		.uleb128 0xb
 809 0041 0B       		.uleb128 0xb
 810 0042 3A       		.uleb128 0x3a
 811 0043 0B       		.uleb128 0xb
 812 0044 3B       		.uleb128 0x3b
 813 0045 0B       		.uleb128 0xb
 814 0046 01       		.uleb128 0x1
 815 0047 13       		.uleb128 0x13
 816 0048 00       		.byte	0
 817 0049 00       		.byte	0
 818 004a 07       		.uleb128 0x7
 819 004b 0D       		.uleb128 0xd
 820 004c 00       		.byte	0
 821 004d 03       		.uleb128 0x3
 822 004e 0E       		.uleb128 0xe
 823 004f 3A       		.uleb128 0x3a
 824 0050 0B       		.uleb128 0xb
 825 0051 3B       		.uleb128 0x3b
 826 0052 0B       		.uleb128 0xb
 827 0053 49       		.uleb128 0x49
ARM GAS  C:\Users\info\AppData\Local\Temp\cceAJdVY.s 			page 33


 828 0054 13       		.uleb128 0x13
 829 0055 38       		.uleb128 0x38
 830 0056 0B       		.uleb128 0xb
 831 0057 00       		.byte	0
 832 0058 00       		.byte	0
 833 0059 08       		.uleb128 0x8
 834 005a 16       		.uleb128 0x16
 835 005b 00       		.byte	0
 836 005c 03       		.uleb128 0x3
 837 005d 0E       		.uleb128 0xe
 838 005e 3A       		.uleb128 0x3a
 839 005f 0B       		.uleb128 0xb
 840 0060 3B       		.uleb128 0x3b
 841 0061 0B       		.uleb128 0xb
 842 0062 49       		.uleb128 0x49
 843 0063 13       		.uleb128 0x13
 844 0064 00       		.byte	0
 845 0065 00       		.byte	0
 846 0066 09       		.uleb128 0x9
 847 0067 2E       		.uleb128 0x2e
 848 0068 01       		.byte	0x1
 849 0069 3F       		.uleb128 0x3f
 850 006a 19       		.uleb128 0x19
 851 006b 03       		.uleb128 0x3
 852 006c 0E       		.uleb128 0xe
 853 006d 3A       		.uleb128 0x3a
 854 006e 0B       		.uleb128 0xb
 855 006f 3B       		.uleb128 0x3b
 856 0070 0B       		.uleb128 0xb
 857 0071 27       		.uleb128 0x27
 858 0072 19       		.uleb128 0x19
 859 0073 11       		.uleb128 0x11
 860 0074 01       		.uleb128 0x1
 861 0075 12       		.uleb128 0x12
 862 0076 06       		.uleb128 0x6
 863 0077 40       		.uleb128 0x40
 864 0078 18       		.uleb128 0x18
 865 0079 9742     		.uleb128 0x2117
 866 007b 19       		.uleb128 0x19
 867 007c 01       		.uleb128 0x1
 868 007d 13       		.uleb128 0x13
 869 007e 00       		.byte	0
 870 007f 00       		.byte	0
 871 0080 0A       		.uleb128 0xa
 872 0081 898201   		.uleb128 0x4109
 873 0084 00       		.byte	0
 874 0085 11       		.uleb128 0x11
 875 0086 01       		.uleb128 0x1
 876 0087 31       		.uleb128 0x31
 877 0088 13       		.uleb128 0x13
 878 0089 00       		.byte	0
 879 008a 00       		.byte	0
 880 008b 0B       		.uleb128 0xb
 881 008c 898201   		.uleb128 0x4109
 882 008f 00       		.byte	0
 883 0090 11       		.uleb128 0x11
 884 0091 01       		.uleb128 0x1
ARM GAS  C:\Users\info\AppData\Local\Temp\cceAJdVY.s 			page 34


 885 0092 9542     		.uleb128 0x2115
 886 0094 19       		.uleb128 0x19
 887 0095 31       		.uleb128 0x31
 888 0096 13       		.uleb128 0x13
 889 0097 00       		.byte	0
 890 0098 00       		.byte	0
 891 0099 0C       		.uleb128 0xc
 892 009a 34       		.uleb128 0x34
 893 009b 00       		.byte	0
 894 009c 03       		.uleb128 0x3
 895 009d 0E       		.uleb128 0xe
 896 009e 3A       		.uleb128 0x3a
 897 009f 0B       		.uleb128 0xb
 898 00a0 3B       		.uleb128 0x3b
 899 00a1 0B       		.uleb128 0xb
 900 00a2 49       		.uleb128 0x49
 901 00a3 13       		.uleb128 0x13
 902 00a4 02       		.uleb128 0x2
 903 00a5 18       		.uleb128 0x18
 904 00a6 00       		.byte	0
 905 00a7 00       		.byte	0
 906 00a8 0D       		.uleb128 0xd
 907 00a9 2E       		.uleb128 0x2e
 908 00aa 00       		.byte	0
 909 00ab 3F       		.uleb128 0x3f
 910 00ac 19       		.uleb128 0x19
 911 00ad 3C       		.uleb128 0x3c
 912 00ae 19       		.uleb128 0x19
 913 00af 6E       		.uleb128 0x6e
 914 00b0 0E       		.uleb128 0xe
 915 00b1 03       		.uleb128 0x3
 916 00b2 0E       		.uleb128 0xe
 917 00b3 3A       		.uleb128 0x3a
 918 00b4 0B       		.uleb128 0xb
 919 00b5 3B       		.uleb128 0x3b
 920 00b6 0B       		.uleb128 0xb
 921 00b7 00       		.byte	0
 922 00b8 00       		.byte	0
 923 00b9 00       		.byte	0
 924              		.section	.debug_aranges,"",%progbits
 925 0000 34000000 		.4byte	0x34
 926 0004 0200     		.2byte	0x2
 927 0006 00000000 		.4byte	.Ldebug_info0
 928 000a 04       		.byte	0x4
 929 000b 00       		.byte	0
 930 000c 0000     		.2byte	0
 931 000e 0000     		.2byte	0
 932 0010 00000000 		.4byte	.LFB0
 933 0014 1C000000 		.4byte	.LFE0-.LFB0
 934 0018 00000000 		.4byte	.LFB1
 935 001c 20000000 		.4byte	.LFE1-.LFB1
 936 0020 00000000 		.4byte	.LFB2
 937 0024 28000000 		.4byte	.LFE2-.LFB2
 938 0028 00000000 		.4byte	.LFB3
 939 002c 1C000000 		.4byte	.LFE3-.LFB3
 940 0030 00000000 		.4byte	0
 941 0034 00000000 		.4byte	0
ARM GAS  C:\Users\info\AppData\Local\Temp\cceAJdVY.s 			page 35


 942              		.section	.debug_ranges,"",%progbits
 943              	.Ldebug_ranges0:
 944 0000 00000000 		.4byte	.LFB0
 945 0004 1C000000 		.4byte	.LFE0
 946 0008 00000000 		.4byte	.LFB1
 947 000c 20000000 		.4byte	.LFE1
 948 0010 00000000 		.4byte	.LFB2
 949 0014 28000000 		.4byte	.LFE2
 950 0018 00000000 		.4byte	.LFB3
 951 001c 1C000000 		.4byte	.LFE3
 952 0020 00000000 		.4byte	0
 953 0024 00000000 		.4byte	0
 954              		.section	.debug_line,"",%progbits
 955              	.Ldebug_line0:
 956 0000 AB000000 		.section	.debug_str,"MS",%progbits,1
 956      02005000 
 956      00000201 
 956      FB0E0D00 
 956      01010101 
 957              	.LASF17:
 958 0000 50574D55 		.ascii	"PWMUdb\000"
 958      646200
 959              	.LASF18:
 960 0007 50574D50 		.ascii	"PWMPeriod\000"
 960      6572696F 
 960      6400
 961              	.LASF28:
 962 0011 5653594E 		.ascii	"VSYNC_WritePeriod\000"
 962      435F5772 
 962      69746550 
 962      6572696F 
 962      6400
 963              	.LASF3:
 964 0023 73686F72 		.ascii	"short unsigned int\000"
 964      7420756E 
 964      7369676E 
 964      65642069 
 964      6E7400
 965              	.LASF27:
 966 0036 5653594E 		.ascii	"VSYNC_ReadControlRegister\000"
 966      435F5265 
 966      6164436F 
 966      6E74726F 
 966      6C526567 
 967              	.LASF9:
 968 0050 666C6F61 		.ascii	"float\000"
 968      7400
 969              	.LASF23:
 970 0056 5653594E 		.ascii	"VSYNC_Sleep\000"
 970      435F536C 
 970      65657000 
 971              	.LASF16:
 972 0062 50574D45 		.ascii	"PWMEnableState\000"
 972      6E61626C 
 972      65537461 
 972      746500
 973              	.LASF20:
ARM GAS  C:\Users\info\AppData\Local\Temp\cceAJdVY.s 			page 36


 974 0071 5653594E 		.ascii	"VSYNC_backupStruct\000"
 974      435F6261 
 974      636B7570 
 974      53747275 
 974      637400
 975              	.LASF32:
 976 0084 5653594E 		.ascii	"VSYNC_Enable\000"
 976      435F456E 
 976      61626C65 
 976      00
 977              	.LASF12:
 978 0091 75696E74 		.ascii	"uint8\000"
 978      3800
 979              	.LASF31:
 980 0097 5653594E 		.ascii	"VSYNC_Stop\000"
 980      435F5374 
 980      6F7000
 981              	.LASF21:
 982 00a2 5653594E 		.ascii	"VSYNC_SaveConfig\000"
 982      435F5361 
 982      7665436F 
 982      6E666967 
 982      00
 983              	.LASF19:
 984 00b3 50574D43 		.ascii	"PWMControlRegister\000"
 984      6F6E7472 
 984      6F6C5265 
 984      67697374 
 984      657200
 985              	.LASF1:
 986 00c6 756E7369 		.ascii	"unsigned char\000"
 986      676E6564 
 986      20636861 
 986      7200
 987              	.LASF10:
 988 00d4 646F7562 		.ascii	"double\000"
 988      6C6500
 989              	.LASF2:
 990 00db 73686F72 		.ascii	"short int\000"
 990      7420696E 
 990      7400
 991              	.LASF34:
 992 00e5 47656E65 		.ascii	"Generated_Source\\PSoC5\\VSYNC_PM.c\000"
 992      72617465 
 992      645F536F 
 992      75726365 
 992      5C50536F 
 993              	.LASF5:
 994 0107 6C6F6E67 		.ascii	"long unsigned int\000"
 994      20756E73 
 994      69676E65 
 994      6420696E 
 994      7400
 995              	.LASF8:
 996 0119 756E7369 		.ascii	"unsigned int\000"
 996      676E6564 
 996      20696E74 
ARM GAS  C:\Users\info\AppData\Local\Temp\cceAJdVY.s 			page 37


 996      00
 997              	.LASF35:
 998 0126 433A5C55 		.ascii	"C:\\Users\\info\\Desktop\\Spring 2019 Classes\\6.11"
 998      73657273 
 998      5C696E66 
 998      6F5C4465 
 998      736B746F 
 999 0154 355C362E 		.ascii	"5\\6.115-final\\PSoCCreator\\Final Project\\FinalEm"
 999      3131352D 
 999      66696E61 
 999      6C5C5053 
 999      6F434372 
 1000 0183 756C6174 		.ascii	"ulator.cydsn\000"
 1000      6F722E63 
 1000      7964736E 
 1000      00
 1001              	.LASF25:
 1002 0190 5653594E 		.ascii	"VSYNC_ReadPeriod\000"
 1002      435F5265 
 1002      61645065 
 1002      72696F64 
 1002      00
 1003              	.LASF7:
 1004 01a1 6C6F6E67 		.ascii	"long long unsigned int\000"
 1004      206C6F6E 
 1004      6720756E 
 1004      7369676E 
 1004      65642069 
 1005              	.LASF33:
 1006 01b8 474E5520 		.ascii	"GNU C11 5.4.1 20160609 (release) [ARM/embedded-5-br"
 1006      43313120 
 1006      352E342E 
 1006      31203230 
 1006      31363036 
 1007 01eb 616E6368 		.ascii	"anch revision 237715] -mcpu=cortex-m3 -mthumb -g -O"
 1007      20726576 
 1007      6973696F 
 1007      6E203233 
 1007      37373135 
 1008 021e 73202D66 		.ascii	"s -ffunction-sections -ffat-lto-objects -flto\000"
 1008      66756E63 
 1008      74696F6E 
 1008      2D736563 
 1008      74696F6E 
 1009              	.LASF13:
 1010 024c 72656738 		.ascii	"reg8\000"
 1010      00
 1011              	.LASF15:
 1012 0251 73697A65 		.ascii	"sizetype\000"
 1012      74797065 
 1012      00
 1013              	.LASF36:
 1014 025a 5653594E 		.ascii	"VSYNC_backup\000"
 1014      435F6261 
 1014      636B7570 
 1014      00
 1015              	.LASF6:
ARM GAS  C:\Users\info\AppData\Local\Temp\cceAJdVY.s 			page 38


 1016 0267 6C6F6E67 		.ascii	"long long int\000"
 1016      206C6F6E 
 1016      6720696E 
 1016      7400
 1017              	.LASF11:
 1018 0275 63686172 		.ascii	"char\000"
 1018      00
 1019              	.LASF22:
 1020 027a 5653594E 		.ascii	"VSYNC_RestoreConfig\000"
 1020      435F5265 
 1020      73746F72 
 1020      65436F6E 
 1020      66696700 
 1021              	.LASF24:
 1022 028e 5653594E 		.ascii	"VSYNC_Wakeup\000"
 1022      435F5761 
 1022      6B657570 
 1022      00
 1023              	.LASF30:
 1024 029b 5653594E 		.ascii	"VSYNC_WriteControlRegister\000"
 1024      435F5772 
 1024      69746543 
 1024      6F6E7472 
 1024      6F6C5265 
 1025              	.LASF4:
 1026 02b6 6C6F6E67 		.ascii	"long int\000"
 1026      20696E74 
 1026      00
 1027              	.LASF14:
 1028 02bf 6C6F6E67 		.ascii	"long double\000"
 1028      20646F75 
 1028      626C6500 
 1029              	.LASF0:
 1030 02cb 7369676E 		.ascii	"signed char\000"
 1030      65642063 
 1030      68617200 
 1031              	.LASF29:
 1032 02d7 5653594E 		.ascii	"VSYNC_WriteCounter\000"
 1032      435F5772 
 1032      69746543 
 1032      6F756E74 
 1032      657200
 1033              	.LASF26:
 1034 02ea 5653594E 		.ascii	"VSYNC_ReadCounter\000"
 1034      435F5265 
 1034      6164436F 
 1034      756E7465 
 1034      7200
 1035              		.comm	__gnu_lto_v1,1,1
 1036              		.ident	"GCC: (GNU Tools for ARM Embedded Processors) 5.4.1 20160609 (release) [ARM/embedded-5-bran
