ARM GAS  C:\Users\info\AppData\Local\Temp\ccDGVCVE.s 			page 1


   1              		.syntax unified
   2              		.cpu cortex-m3
   3              		.fpu softvfp
   4              		.eabi_attribute 20, 1
   5              		.eabi_attribute 21, 1
   6              		.eabi_attribute 23, 3
   7              		.eabi_attribute 24, 1
   8              		.eabi_attribute 25, 1
   9              		.eabi_attribute 26, 1
  10              		.eabi_attribute 30, 4
  11              		.eabi_attribute 34, 1
  12              		.eabi_attribute 18, 4
  13              		.thumb
  14              		.syntax unified
  15              		.file	"VSYNC_OUT.c"
  16              		.text
  17              	.Ltext0:
  18              		.section	.gnu.lto_.profile.bf152338,"",%progbits
  19 0000 789C6361 		.ascii	"x\234ca`d`a`\000\222\222\242\000\000\261\0009"
  19      60646061 
  19      60009292 
  19      A20000B1 
  19      0039
  20              		.text
  21              		.section	.gnu.lto_.icf.bf152338,"",%progbits
  22 0000 789C6361 		.ascii	"x\234ca`d\000\001)\006\004`a\350xw\346*\017c\363\363"
  22      60640001 
  22      29060460 
  22      61E87877 
  22      E62A0F63 
  23 0016 29DB5999 		.ascii	")\333Y\231\356\257\334\320\301\315<\355\341\345\006"
  23      EEAFDCD0 
  23      C1CD3CED 
  23      E1E506
  24 0025 5E0600A2 		.ascii	"^\006\000\242\375\013\251"
  24      FD0BA9
  25              		.text
  26              		.section	.gnu.lto_.jmpfuncs.bf152338,"",%progbits
  27 0000 789C6361 		.ascii	"x\234ca`d\000\001!\006\004`a`dd\254g\004\021L\014\014"
  27      60640001 
  27      21060460 
  27      61606464 
  27      AC670411 
  28 0017 CC401100 		.ascii	"\314@\021\000\016\"\001&"
  28      0E220126 
  29              		.text
  30              		.section	.gnu.lto_.inline.bf152338,"",%progbits
  31 0000 789C6361 		.ascii	"x\234ca`d\000\201$\006\004`a`\340\344`dd\340\000J1s"
  31      60640081 
  31      24060460 
  31      6160E0E4 
  31      606464E0 
  32 0018 1CB06360 		.ascii	"\034\260c`[ \317\304\300\262@\236\005$\013\024g\307"
  32      5B20CFC4 
  32      C0B2409E 
  32      05240B14 
  32      67C7
ARM GAS  C:\Users\info\AppData\Local\Temp\ccDGVCVE.s 			page 2


  33 002a 9064BAC0 		.ascii	"\220d\272\300\017\226db`ced`b\373\240\007\021\007\002"
  33      0F966462 
  33      60636564 
  33      6062FBA0 
  33      07110702 
  34 003e 664C2106 		.ascii	"fL!\006\000\346\332\011\346"
  34      00E6DA09 
  34      E6
  35              		.text
  36              		.section	.gnu.lto_.pureconst.bf152338,"",%progbits
  37 0000 789C6361 		.ascii	"x\234ca`d\340d```a\220b\224b\222b\226\002\000\002\261"
  37      6064E064 
  37      60606061 
  37      90629462 
  37      92629602 
  38 0017 0081     		.ascii	"\000\201"
  39              		.text
  40              		.section	.gnu.lto_VSYNC_OUT_Write.bf152338,"",%progbits
  41 0000 789C5551 		.ascii	"x\234UQKk\023Q\024>\337\2753\223\364a\376\200Y\024\244"
  41      4B6B1351 
  41      143EDFBD 
  41      3393F461 
  41      FE805914 
  42 0015 968A8820 		.ascii	"\226\212\210 \372\003\354\302\235-\246\012B\240\204"
  42      FA03ECC2 
  42      9D2DA60A 
  42      42A084
  43 0024 741685D6 		.ascii	"t\026\205\326B\233\272\355\235\244I\241\013\351\306"
  43      429BBAED 
  43      9DA449A1 
  43      0BE9C6
  44 0033 5610DB52 		.ascii	"V\020\333R)\251\257>\354\252 8\014\270*\324M@(\242\222"
  44      29A9AF3E 
  44      ECAA2038 
  44      0CB82AD4 
  44      4D4028A2 
  45 0048 C5088210 		.ascii	"\305\010\202\020\305\320Z\037\361\234\231\215=p\037"
  45      C5D05A1F 
  45      F19C998D 
  45      3D701F
  46 0057 73E6FBBE 		.ascii	"s\346\373\276\363\235s-\002I\234SDW\370<\315\013\232"
  46      F39D732D 
  46      02499C53 
  46      4457F83C 
  46      CD0B9A
  47 006a A0E6F789 		.ascii	"\240\346\367\211\274\244\002\344b\222\240i\205i4\325"
  47      BCA402E4 
  47      6292A069 
  47      856934D5 
  48 007a 1F856036 		.ascii	"\037\205`6\334U\275U\303\361imI\233u\037eM\324R\221"
  48      DC55BD55 
  48      C3F1696D 
  48      499B751F 
  48      654DD452 
  49 008f 12A18A5E 		.ascii	"\022\241\212^F}~5[\203>\013\342{%h6:z\326\214)\032\363"
  49      467D7E35 
  49      5B833E0B 
ARM GAS  C:\Users\info\AppData\Local\Temp\ccDGVCVE.s 			page 3


  49      E27B2568 
  49      363A7AD6 
  50 00a7 336B7459 		.ascii	"3ktY\003\353\320\314\300\2454.\246\211\023\204'\350"
  50      03EBD0CC 
  50      C0A5342E 
  50      A6891384 
  50      27E8
  51 00b9 11F0D141 		.ascii	"\021\360\321Am#\245\317G\304y\023\256vv?\026\242\177"
  51      6D23A5CF 
  51      47C47913 
  51      AE76763F 
  51      16A27F
  52 00cc 38B6687C 		.ascii	"8\266h|\257K\270O\377\347J0\264\276\375\367\376)gF\\"
  52      AF4BB84F 
  52      FFE74A30 
  52      B4BEFDF7 
  52      FE296746 
  53 00e1 75E119BA 		.ascii	"u\341\031\272c?x\016\207;\204d6o\370\246\325*\031\277"
  53      633F780E 
  53      873B8464 
  53      366FF8A6 
  53      D52A19BF 
  54 00f5 6937759B 		.ascii	"i7u\233\342\242\212;\345\037\026\244\266-\011G\266\204"
  54      E2A28A3B 
  54      E51F16A4 
  54      B62D0947 
  54      B684
  55 0107 6C440D5E 		.ascii	"lD\015^\322\3757\245\344\324!\202\343\271\017\213\011"
  55      D2FD37A5 
  55      E4D42182 
  55      E3B90F8B 
  55      09
  56 0118 D12C6999 		.ascii	"\321,i\231\304B9x\233\370\241\312ZGn\337\274\256?P\361"
  56      C4423978 
  56      9BF8A1CA 
  56      5A476EDF 
  56      BCAE3F50 
  57 012d E7CAAA67 		.ascii	"\347\312\252g,N\355\035,\025S\313x\344\315\360\214,"
  57      2C4EED1D 
  57      2C1553CB 
  57      78E4CDF0 
  57      8C2C
  58 013f 6C208D17 		.ascii	"l \215\027`\317\330\3042(D\351w\345=bA\035k>\374\370"
  58      60CFD8C4 
  58      322844E9 
  58      77E53D62 
  58      411D6B3E 
  59 0155 354C8908 		.ascii	"5L\211\010p\010l1\270\016\025\265\301N\031%\244F%\254"
  59      70086C31 
  59      B80E15B5 
  59      C14E1925 
  59      A44625AC 
  60 0169 B6C52CBB 		.ascii	"\266\305,\273\244\245N\360}\253\332),\033\032\333L\212"
  60      A4A54EF0 
  60      7DABDA29 
  60      2C1B1ADB 
  60      4C8A
ARM GAS  C:\Users\info\AppData\Local\Temp\ccDGVCVE.s 			page 4


  61 017b A46B2A06 		.ascii	"\244k*\006\011\216As\307\357\356%\005d!\211\2271\350"
  61      098E4173 
  61      C7EFEE25 
  61      05642189 
  61      9731E8
  62 018e C8892189 		.ascii	"\310\211!\211\310\200\303\251`!2t\302\274gL\307I\377"
  62      C880C3A9 
  62      60213274 
  62      C2BC674C 
  62      C749FF
  63 01a1 3BEC9F59 		.ascii	";\354\237Y\364\005E\377\227-\204\350!\032\0122+\236"
  63      F40545FF 
  63      972D84E8 
  63      211A0A32 
  63      2B9E
  64 01b3 DC996BEE 		.ascii	"\334\231k\356\035w\"Wp\207\2072\343S\023y7;\220\031"
  64      1D772257 
  64      70878732 
  64      E3531379 
  64      373B9019 
  65 01c7 EFBB9CBD 		.ascii	"\357\273\234\275\225\271}\275o\250\377\346\340\205<"
  65      95B97DBD 
  65      6FA8FFE6 
  65      E0853C
  66 01d6 D97773A3 		.ascii	"\331ws\243Sn\373d!W\030\311_\035)L\376\003\252\231\303"
  66      536EFB64 
  66      215718C9 
  66      5F1D294C 
  66      FE03AA99 
  67 01eb 8A       		.ascii	"\212"
  68              		.text
  69              		.section	.gnu.lto_VSYNC_OUT_SetDriveMode.bf152338,"",%progbits
  70 0000 789C7D51 		.ascii	"x\234}QMK\033Q\024\275\347\275\311L\202\230?\320,\004"
  70      4D4B1B51 
  70      14BDE7BD 
  70      C94C8298 
  70      3FD02C04 
  71 0014 41890B11 		.ascii	"A\211\013\021J\177A\240\356jiT\020\024\021\235\245\206"
  71      4A7F41A0 
  71      EE6A6954 
  71      1014119D 
  71      A586
  72 0026 8A5DE725 		.ascii	"\212]\347%c\020\332M!4\"\"q#~\033\305\225\2738\240K"
  72      6310DA4D 
  72      21342222 
  72      71237E1B 
  72      C595BB38 
  73 003c DD880B17 		.ascii	"\335\210\013\027R\\\244 (\321\266\264\330j\274w\246"
  73      525CA420 
  73      28D1B6B4 
  73      D86ABC77 
  73      A6
  74 004d 8BACFA98 		.ascii	"\213\254\372\230w?\016\347\034\356}c\021H\3167N]\234"
  74      773F0EE7 
  74      1CEE7D63 
  74      1148CE37 
  74      4E5D9C
ARM GAS  C:\Users\info\AppData\Local\Temp\ccDGVCVE.s 			page 5


  75 0060 5FF08526 		.ascii	"_\360\205&\250\317'D\271\250\002\2440QPV!\213\237\352"
  75      A8CF2744 
  75      B9A802A4 
  75      30515056 
  75      218B9FEA 
  76 0074 51C19FAB 		.ascii	"Q\301\237\253\035\250\344\252\341\363\365\350\266\307"
  76      1DA8E4AA 
  76      E1F3F5E8 
  76      B6C7
  77 0082 AC5551D0 		.ascii	"\254UQ\320D\015\0258\021V\221d\326\367\375\225b\213"
  77      440D1538 
  77      11569164 
  77      D6F7FD95 
  77      628B
  78 0094 EE00717D 		.ascii	"\356\000q}wR\277\214w\256\030\2237f~\304\350\202\006"
  78      7752BF8C 
  78      77AE1893 
  78      37667EC4 
  78      E88206
  79 00a7 D6A05981 		.ascii	"\326\240Y\201\227\011\364$\210\001\302::\205|\265\367"
  79      9709F424 
  79      8801C23A 
  79      3A857CB5 
  79      F7
  80 00b8 F4A5D59E 		.ascii	"\364\245\325\236\025\373\266\320\024\033\260e\314\312"
  80      15FBB6D0 
  80      141BB065 
  80      CCCA
  81 00c6 BBAA6934 		.ascii	"\273\252i4<S\375e\037>\330-\212eJs\320\226\204\010\304"
  81      3C53FD65 
  81      1F3ED82D 
  81      8A654A73 
  81      D0968408 
  82 00db C196D291 		.ascii	"\301\226\322\221\020\225\020\023\016Q\235\257,r\247"
  82      10951013 
  82      0E519DAF 
  82      2C72A7
  83 00ea 94645D83 		.ascii	"\224d]\203\377\360\261\266h\211\263\247e\251R\301?u"
  83      FFF0B1B6 
  83      6889B3A7 
  83      65A952C1 
  83      3F75
  84 00fc 7EA882B6 		.ascii	"~\250\202\266\302\211\317\256\372\302\256\270\2343\026"
  84      C289CFAE 
  84      FAC2AEB8 
  84      9C3316
  85 010b 23E505BF 		.ascii	"#\345\005\277\030/c)7\313\333F\260\205\0046\221\340"
  85      182F6329 
  85      37CBDB46 
  85      B0850436 
  85      91E0
  86 011d E1B65106 		.ascii	"\341\266Q\006\325\220\277wB7\315\206\334{\177\355\260"
  86      D590BF77 
  86      4237CD86 
  86      DC7B7FED 
  86      B0
  87 012e B71862FD 		.ascii	"\267\030b\375\305\361\247\307\230Xj\274\307\016+\233"
ARM GAS  C:\Users\info\AppData\Local\Temp\ccDGVCVE.s 			page 6


  87      C5F1A7C7 
  87      98586ABC 
  87      C70E2B9B 
  88 013e 24FC459A 		.ascii	"$\374E\232%\016C,\2719\337\334\322\241$\216J \361~\377"
  88      250E432C 
  88      B939DFDC 
  88      D2A1248E 
  88      4A20F17E 
  89 0153 A3440363 		.ascii	"\243D\003c\247\331%\306(\367~\011\322\377o\344]\036"
  89      A7D925C6 
  89      28F77E09 
  89      D2FF6FE4 
  89      5D1E
  90 0165 99F9748D 		.ascii	"\231\371t\215|\365\317ka\007\177\256\256 \257\303o\325"
  90      7CF5CF6B 
  90      61077FAE 
  90      AE20AFC3 
  90      6FD5
  91 0177 DEEB4EB9 		.ascii	"\336\353N\271\323c3\356\304h:\363az\334\035~\233\316"
  91      D36333EE 
  91      C4683AF3 
  91      617ADC1D 
  91      7E9BCE
  92 018a A45E0D0F 		.ascii	"\244^\015\017\246\207\336\244F\373\006\372\273\307\311"
  92      A687DEA4 
  92      46FB06FA 
  92      BBC7C9
  93 0199 9ACC4CB8 		.ascii	"\232\314L\270\317>\001\245\222"
  93      CF3E01A5 
  93      92
  94              		.text
  95              		.section	.gnu.lto_VSYNC_OUT_Read.bf152338,"",%progbits
  96 0000 789C354F 		.ascii	"x\2345O\337+\303Q\024?\237{\277?\226\370\013\354A\311"
  96      DF2BC351 
  96      143F9F7B 
  96      BF3F96F8 
  96      0BEC41C9 
  97 0014 C35EA4A4 		.ascii	"\303^\244\244\344u\305\0332Vj\2654{\265Z<\357n\337\375"
  97      E475C51B 
  97      32566AB5 
  97      347BB55A 
  97      3CEF6EDF 
  98 0029 2879F082 		.ascii	"(y\360\202Z\261\2206\277\302\263\227\331\223(<PJIZ{"
  98      5AB19036 
  98      BFC2B397 
  98      D993283C 
  98      504A495A 
  99 003e F0C49AD4 		.ascii	"\360\304\232\324\302\234\353\313\251{\316\275\347~~"
  99      C29CEBCB 
  99      A97BCEBD 
  99      E77E7E
 100 004d 9C631048 		.ascii	"\234c\020HG\220K\017\327N>\220\004\261|E\224\364\010"
 100      47904B0F 
 100      D74E3E90 
 100      04B17C45 
 100      94F408
 101 0060 405F9407 		.ascii	"@_\224\007\224\020H\340]|\011\\~\234/\265\371\212J\245"
ARM GAS  C:\Users\info\AppData\Local\Temp\ccDGVCVE.s 			page 7


 101      941048E0 
 101      5D7C095C 
 101      7E9C2FB5 
 101      F98A4AA5 
 102 0074 D4D34E73 		.ascii	"\324\323Nsp\255TFF\022\265\004\241\337\213>\257\226"
 102      70AD5446 
 102      4612B504 
 102      A1DF8B3E 
 102      AF96
 103 0086 28C2470C 		.ascii	"(\302G\014}>\371^\351\260\322\212\243K\003\370\247\004"
 103      7D3EF95E 
 103      E9B0D28A 
 103      A34B03F8 
 103      A704
 104 0098 4B5B1E4D 		.ascii	"K[\036M\224U\253\345\250\362\235}vo\333\240\214d_N\006"
 104      9455ABE5 
 104      A8F29D7D 
 104      766FDBA0 
 104      8C645F4E 
 105 00ad 2761EA64 		.ascii	"'a\352d\221\226\245W\246\351!\336\204\320U\326Pi.>n"
 105      9196A557 
 105      A6E921DE 
 105      84D055D6 
 105      50692E3E 
 106 00c2 0C692547 		.ascii	"\014i%GJvY\315T\256\355\206\310H\011m\232\333\316\337"
 106      4A7659CD 
 106      54AEED86 
 106      C848096D 
 106      9ADBCEDF 
 107 00d6 C07D6E6E 		.ascii	"\300}nn%\225\301\255|V=X\005\254'\323<\252\201=x\261"
 107      2595C1AD 
 107      7C563D58 
 107      05AC27D3 
 107      3CAA813D 
 108 00ec 0B1E14FB 		.ascii	"\013\036\024\373(\200jp>\207\311\221p\345\362\247\215"
 108      28806A70 
 108      3E87C991 
 108      70E5F2A7 
 108      8D
 109 00fd 0B53F301 		.ascii	"\013S\363\001\017\016\030VC\252\236\273\225\256\241"
 109      0F0E1856 
 109      43AA9EBB 
 109      95AEA1
 110 010c C138CDA8 		.ascii	"\3018\315\250g\253\246\3331\271\311\264J\375\270\330"
 110      67ABA6DB 
 110      31B9C9B4 
 110      4AFDB8D8 
 111 011c AE690212 		.ascii	"\256i\002\022\207\377\264*\\\220\306\321\013\304\337"
 111      87FFB42A 
 111      5C90C6D1 
 111      0BC4DF
 112 012b 8B7E1783 		.ascii	"\213~\027\203^\210\327\353\036\211\316E\3433\363\321"
 112      5E88D7EB 
 112      1E89CE45 
 112      E333F3D1 
 113 013b D97020B6 		.ascii	"\331p \266\020\217DC\343\201\230\177 \024\014L\217\372"
 113      108F4443 
ARM GAS  C:\Users\info\AppData\Local\Temp\ccDGVCVE.s 			page 8


 113      E381987F 
 113      20140C4C 
 113      8FFA
 114 014d C3635393 		.ascii	"\303cS\223\275\021\372\001\365\245{F"
 114      BD11FA01 
 114      F5A57B46 
 115              		.text
 116              		.section	.gnu.lto_VSYNC_OUT_ReadDataReg.bf152338,"",%progbits
 117 0000 789C354F 		.ascii	"x\2345O\275KBQ\024?\277{\337S\221\352\037\310!\210\006"
 117      BD4B4251 
 117      143FBF7B 
 117      DF5391EA 
 117      1FC82188 
 118 0015 9708A2A1 		.ascii	"\227\010\242\241V\241\266\212,!\020$\3145Aj\366\351"
 118      56A1B68A 
 118      2C211024 
 118      CC35416A 
 118      F6E9
 119 0027 D3826868 		.ascii	"\323\202hh\351\203\240\214 \324>\250\346\210L\010\242"
 119      E983A08C 
 119      20D43EA8 
 119      E6884C08 
 119      A2
 120 0038 A01A9A9A 		.ascii	"\240\032\232\232B\304\241\251\304\010\242\262szu\340"
 120      42C4A1A9 
 120      C408A2B2 
 120      737A75E0 
 121 0048 9E73CFBD 		.ascii	"\236s\317\275\277\217s\014\002I\204\270tqm\347\003M"
 121      BF8F730C 
 121      024984B8 
 121      74716DE7 
 121      034D
 122 005a 50CBB744 		.ascii	"P\313\267D)\217\002\344by@I\205$\336\324\227\302\315"
 122      298F02E4 
 122      62794049 
 122      8524DED4 
 122      97C2CD
 123 006d FBD592D7 		.ascii	"\373\325\222\327\237\267\254\264\365\264\233\357_+\224"
 123      9FB7ACB4 
 123      F5B49BEF 
 123      5F2B94
 124 007c 90D5444D 		.ascii	"\220\325DME\350\365\241\307'\022y\370\211\241\225\223"
 124      45E8F5A1 
 124      C7271279 
 124      F889A195 
 124      93
 125 008d EF955657 		.ascii	"\357\225VW\306\342\350\020\000\377\024\340\022\313\243"
 125      C6E2E810 
 125      00FF14E0 
 125      12CBA3
 126 009c B192D56C 		.ascii	"\261\222\325l\332V\351\314{q\357u\203\262\232}9\031"
 126      DA56E9CC 
 126      7B71EF75 
 126      83B29A7D 
 126      3919
 127 00ae 9C9429C9 		.ascii	"\234\224)\311E\"K/L\223!^\225\222\252k(\177,~\027\007"
 127      45224B2F 
ARM GAS  C:\Users\info\AppData\Local\Temp\ccDGVCVE.s 			page 9


 127      4C93215E 
 127      9592AA6B 
 127      287F2C7E 
 128 00c4 44C9D69A 		.ascii	"D\311\326\232]V\263\345;wCe\265\206\230^\236W\326\225"
 128      5D56B3E5 
 128      3B774365 
 128      B586985E 
 128      9E57D695 
 129 00d8 D36EEFA4 		.ascii	"\323n\357\244,CF~\334J\267\345\260\231\312\360\250\006"
 129      2C43467E 
 129      DC4AB7E5 
 129      B099CAF0 
 129      A806
 130 00ea F6E04311 		.ascii	"\366\340C\021<(\366\221\003\325`\177\016\222\255\341"
 130      3C28F691 
 130      03D5607F 
 130      0E92ADE1 
 131 00fa C86D9C36 		.ascii	"\310m\2346\256M\341\003\036\0340\254\206t}\341A;\206"
 131      AE4DE103 
 131      1E1C30AC 
 131      86747DE1 
 131      413B86
 132 010d 06E38451 		.ascii	"\006\343\204Q\237\257\232\316\213\311\217L+\327\217"
 132      9FAF9ACE 
 132      8BC98F4C 
 132      2BD78F
 133 011c F32D4253 		.ascii	"\363-BS\3208\374\247U\341\200\004G\317P\177\035\375"
 133      D038FCA7 
 133      55E18004 
 133      47CF507F 
 133      1DFD
 134 012e 2E065988 		.ascii	".\006Y\210\327\353\034\212\315\304\022S\263\261\351"
 134      D7EB1C8A 
 134      CDC41253 
 134      B3B1E9
 135 013d 48303E97 		.ascii	"H0>\227\210\306\302\243\301x\240/\034\012N\016\007\""
 135      88C6C2A3 
 135      C178A02F 
 135      1C0A4E0E 
 135      0722
 136 014f 2313E3DD 		.ascii	"#\023\343\335Q\372\001$\025{\301"
 136      51FA0124 
 136      157BC1
 137              		.text
 138              		.section	.gnu.lto_.symbol_nodes.bf152338,"",%progbits
 139 0000 789C6361 		.ascii	"x\234ca`dpc\000\002&\206z\006\206\011\347\030@\324\256"
 139      60647063 
 139      00022686 
 139      7A068609 
 139      E71840D4 
 140 0015 0645A000 		.ascii	"\006E\240\000c=#\252\000S=\023\252\000s=3\212\000\003"
 140      633D23AA 
 140      00533D13 
 140      AA00733D 
 140      338A0003 
 141 0029 0026B60F 		.ascii	"\000&\266\017<"
 141      3C
ARM GAS  C:\Users\info\AppData\Local\Temp\ccDGVCVE.s 			page 10


 142              		.text
 143              		.section	.gnu.lto_.refs.bf152338,"",%progbits
 144 0000 789C6361 		.ascii	"x\234ca`\004B \000\000\0009\000\007"
 144      60044220 
 144      00000039 
 144      0007
 145              		.text
 146              		.section	.gnu.lto_.decls.bf152338,"",%progbits
 147 0000 789C8D53 		.ascii	"x\234\215S]H\024Q\024\276gf\\m4\025)\021\332\207\315"
 147      5D481451 
 147      14BE6766 
 147      5C6D3415 
 147      2911DA87 
 148 0015 5EA40749 		.ascii	"^\244\007I\"\360!*P\362)\015\377\"0\304\237\301|\321"
 148      22F0212A 
 148      50F2290D 
 148      FF2230C4 
 148      9FC17CD1 
 149 0029 D8D6C097 		.ascii	"\330\326\300\227\270\250\201\011\201b\376+jB\256\377"
 149      B8A88109 
 149      8162FE2B 
 149      6A42AEFF 
 150 0039 9ABBB66A 		.ascii	"\232\273\266j\245\246YD\212? \211P\212\365`\031l(\206"
 150      A5A65944 
 150      8A3F2089 
 150      508AF560 
 150      196C2886 
 151 004d 0FB69D7B 		.ascii	"\017\266\235{gvg\255\015\274\314\271\367\234{\317\367"
 151      677667AD 
 151      0DBCCCB9 
 151      F79C7BCF 
 151      F7
 152 005e 9DEFDC99 		.ascii	"\235\357\334\231\221\010\0206nI\204t\342j\304\320\205"
 152      91081036 
 152      6E498474 
 152      E26AC4D0 
 152      85
 153 006f C30FFD74 		.ascii	"\303\017\375t\242\017<&\303hv4\007\332\030\371w\260"
 153      A20F3C26 
 153      C3687634 
 153      07DA18F9 
 153      77B0
 154 0081 738386EB 		.ascii	"s\203\206\353g\\hSh\023hIZ\016hy\177\017\273\017\354"
 154      675C6853 
 154      68136849 
 154      5A0E6879 
 154      7F0FBB0F 
 155 0096 8C17DE8D 		.ascii	"\214\027\336\215\265\373\3002=~^\270$\0378\207\017\334"
 155      B5FBC032 
 155      3D7E5EB8 
 155      241F3887 
 155      0FDC
 156 00a8 D81170BE 		.ascii	"\330\021p\276\372<\020\300QQ\277\027\262\006\253 \200"
 156      FA3C10C0 
 156      5151BF17 
 156      B206AB20 
 156      80
ARM GAS  C:\Users\info\AppData\Local\Temp\ccDGVCVE.s 			page 11


 157 00b9 76810440 		.ascii	"v\201\004@\235\201\033Q\215\207\350\010|&\236-\317B"
 157      9D811B51 
 157      8D87E808 
 157      7C269E2D 
 157      CF42
 158 00cb 3C299AAB 		.ascii	"<)\232\253\223\361\307\275\272\334\203\223\350\354\240"
 158      93F1C7BD 
 158      BADC8393 
 158      E8ECA0
 159 00da 81C0A340 		.ascii	"\201\300\243@\363\371\271\240\027\0005t\003\274\370"
 159      F3F9B9A0 
 159      17003574 
 159      03BCF8
 160 00e9 54B95E9A 		.ascii	"T\271^\232\340pO\340nz\247ig3H\304\216\321\377\274o"
 160      E0704FE0 
 160      6E7AA769 
 160      673348C4 
 160      8ED1FFBC 
 161 00fe BD1ADD4B 		.ascii	"\275\032\335KqTR*\234\325of\340\301\227\256\200]\001"
 161      7154522A 
 161      9CD56F66 
 161      E0C197AE 
 161      805D01
 162 0111 8C32B880 		.ascii	"\2142\270\200\305\333\243\373\307\325\230\0357Tm\376"
 162      C5DBA3FB 
 162      C7D5981D 
 162      37546DFE 
 163 0121 0E144F31 		.ascii	"\016\024O1_X\336\354\331\222 J~\312h\326\253\207.\215"
 163      5F58DEEC 
 163      D992204A 
 163      7ECA68D6 
 163      AB872E8D 
 164 0135 521A0AFD 		.ascii	"R\032\012\375 C/\210\320\005\321\254\270Q\306\271\234"
 164      20432F88 
 164      D005D1AC 
 164      B851C6B9 
 164      9C
 165 0146 D212EA7C 		.ascii	"\322\022\352|B\015\021\004\316\033\341\234\221@\037"
 165      420D1104 
 165      CE1BE19C 
 165      91401F
 166 0155 44314E96 		.ascii	"D1N\226\005=`\204n02\376\257u\255\337\015\222\200@\306"
 166      053D6084 
 166      6E3032FE 
 166      AF75ADDF 
 166      0D928040 
 167 016a 932DB1BD 		.ascii	"\223-\261\2757\256_\223!(!L\006\001\303%\347\207\226"
 167      37AE5F93 
 167      2128214C 
 167      0601C325 
 167      E78796
 168 017d 400C4FC8 		.ascii	"@\014O\310\020\212\341\374\343\325%\210\250e\032h)5"
 168      108AE1FC 
 168      E3D52588 
 168      A8651A68 
 168      2935
 169 018f 09901E0E 		.ascii	"\011\220\036\016CH8\210\204\004\236A\004\316\003 \251"
ARM GAS  C:\Users\info\AppData\Local\Temp\ccDGVCVE.s 			page 12


 169      43483888 
 169      84049E41 
 169      04CE0320 
 169      A9
 170 01a0 DD55364F 		.ascii	"\335U6Oo\034\213l\243m\203t\275n\366bm)\265\"\314\304"
 170      6F1C8B6C 
 170      A36D8374 
 170      BD6EF662 
 170      6D29B522 
 171 01b6 D2C0AA8B 		.ascii	"\322\300\252\213F\227-\235\260\206W9\014\221\210\264"
 171      46972D9D 
 171      B0865739 
 171      0C9188B4 
 172 01c6 F6393764 		.ascii	"\36697d1\217_B[\373Z\265Ae\231\334\235\015\242\013\310"
 172      318F5F42 
 172      5BFB5AB5 
 172      416599DC 
 172      9D0DA20B 
 173 01db 718573D8 		.ascii	"q\205s\330t\016\2337\207\235s\314|\334\353\220\304\373"
 173      740E9B37 
 173      879D73CC 
 173      7CDCEB90 
 173      C4FB
 174 01ed 9CA3A5B2 		.ascii	"\234\243\245\262\243;\320[6\353W\327\375\234\353\316"
 174      A33BD05B 
 174      36EB57D7 
 174      FD9CEBCE 
 175 01fd D6648F6F 		.ascii	"\326d\217o\177\033\022\265\202\313o\305\006:Y\2020\201"
 175      7F1B12B5 
 175      82CB6FC5 
 175      063A5982 
 175      3081
 176 020f 65C1885E 		.ascii	"e\301\210^r\304\273\244\203\227l\265\315u\373\213\217"
 176      72C4BBA4 
 176      83976CB5 
 176      CD75FB8B 
 176      8F
 177 0220 80D75CA9 		.ascii	"\200\327\\\251\230\377\004\032\315\330{\267nF2\252\223"
 177      98FF041A 
 177      CDD87BB7 
 177      6E4632AA 
 177      93
 178 0231 8C7A938C 		.ascii	"\214z\223\214q\222\305\262\301fQ}\001\022\206?\347\032"
 178      7192C5B2 
 178      C166517D 
 178      0112863F 
 178      E71A
 179 0243 3783D517 		.ascii	"7\203\325\027`\302p\267lg\305 \227\2636\216\364\212"
 179      60C270B7 
 179      6C67C520 
 179      97B3368E 
 179      F48A
 180 0255 E7B6DA5D 		.ascii	"\347\266\332]\376b\007\227$\014\3274\324\370\203\034"
 180      FE620797 
 180      240CD734 
 180      D4F8831C 
 181 0265 E5033EE9 		.ascii	"\345\003>\351\003\256}j\373\251U\017Y\377\023xg\257"
ARM GAS  C:\Users\info\AppData\Local\Temp\ccDGVCVE.s 			page 13


 181      03AE7D6A 
 181      FBA9550F 
 181      59FF1378 
 181      67AF
 182 0277 74E92F41 		.ascii	"t\351/AV\357\313\266\360c\300/\250\202}u\225\2454\354"
 182      56EFCBB6 
 182      F063C02F 
 182      A8827D75 
 182      95A534EC 
 183 028b 5D30CF7C 		.ascii	"]0\317|\201$\343\374v\247 \210\377\036\270\036\010\342"
 183      8124E3FC 
 183      76A72088 
 183      FF1EB81E 
 183      08E2
 184 029d 8B95A666 		.ascii	"\213\225\246f\021\317\330#7R\224B\027\001f\220\214\007"
 184      11CFD823 
 184      37529442 
 184      17016690 
 184      8C07
 185 02af CECBDC67 		.ascii	"\316\313\334g\333\324YB\015\365\301n\211\204\037\020"
 185      DBD45942 
 185      0DF5C16E 
 185      89841F10 
 186 02bf 788DC869 		.ascii	"x\215\310i$\346aHz\312\315\304\270\314\244\264\324\314"
 186      24E66148 
 186      7ACACDC4 
 186      B8CCA4B4 
 186      D4CC
 187 02d1 1BE67C8B 		.ascii	"\033\346|\213\022\220\220\230f\212\213\211!~E\371\005"
 187      12909098 
 187      668A8B89 
 187      217E45F9 
 187      05
 188 02e2 96D8D309 		.ascii	"\226\330\323\011J\201b\316\262(\271\231)\205E\346\034"
 188      4A8162CE 
 188      B228B999 
 188      298545E6 
 188      1C
 189 02f3 25E37A4A 		.ascii	"%\343zJa\334\205\214\234bK\361\035\345n\364mr\346?\031"
 189      61DC858C 
 189      9C624BF1 
 189      1DE56EF4 
 189      6D72E63F 
 190 0308 1EDEE81C 		.ascii	"\036\336\350\034\022\256\027IQ,\361\346\374{\312\265"
 190      12AE1749 
 190      512CF1E6 
 190      FC7BCAB5 
 191 0318 C25C2558 		.ascii	"\302\\%X\337NV\262rO\036\016\343\263,Y\311J\236dV\362"
 191      DF4E56B2 
 191      724F1E0E 
 191      E3B32C59 
 191      C94A9E64 
 192 032e 62FF003E 		.ascii	"b\377\000>\255rj"
 192      AD726A
 193              		.text
 194              		.section	.gnu.lto_.symtab.bf152338,"",%progbits
 195 0000 5653594E 		.ascii	"VSYNC_OUT_Write\000"
ARM GAS  C:\Users\info\AppData\Local\Temp\ccDGVCVE.s 			page 14


 195      435F4F55 
 195      545F5772 
 195      69746500 
 196 0010 00       		.ascii	"\000"
 197 0011 00       		.ascii	"\000"
 198 0012 00       		.ascii	"\000"
 199 0013 00000000 		.ascii	"\000\000\000\000\000\000\000\000"
 199      00000000 
 200 001b B3000000 		.ascii	"\263\000\000\000"
 201 001f 5653594E 		.ascii	"VSYNC_OUT_SetDriveMode\000"
 201      435F4F55 
 201      545F5365 
 201      74447269 
 201      76654D6F 
 202 0036 00       		.ascii	"\000"
 203 0037 00       		.ascii	"\000"
 204 0038 00       		.ascii	"\000"
 205 0039 00000000 		.ascii	"\000\000\000\000\000\000\000\000"
 205      00000000 
 206 0041 B5000000 		.ascii	"\265\000\000\000"
 207 0045 5653594E 		.ascii	"VSYNC_OUT_Read\000"
 207      435F4F55 
 207      545F5265 
 207      616400
 208 0054 00       		.ascii	"\000"
 209 0055 00       		.ascii	"\000"
 210 0056 00       		.ascii	"\000"
 211 0057 00000000 		.ascii	"\000\000\000\000\000\000\000\000"
 211      00000000 
 212 005f B8000000 		.ascii	"\270\000\000\000"
 213 0063 5653594E 		.ascii	"VSYNC_OUT_ReadDataReg\000"
 213      435F4F55 
 213      545F5265 
 213      61644461 
 213      74615265 
 214 0079 00       		.ascii	"\000"
 215 007a 00       		.ascii	"\000"
 216 007b 00       		.ascii	"\000"
 217 007c 00000000 		.ascii	"\000\000\000\000\000\000\000\000"
 217      00000000 
 218 0084 BA000000 		.ascii	"\272\000\000\000"
 219              		.text
 220              		.section	.gnu.lto_.opts,"",%progbits
 221 0000 272D666D 		.ascii	"'-fmath-errno' '-fsigned-zeros' '-ftrapping-math' '"
 221      6174682D 
 221      6572726E 
 221      6F272027 
 221      2D667369 
 222 0033 2D666E6F 		.ascii	"-fno-trapv' '-fno-openmp' '-fno-openacc' '-mcpu=cor"
 222      2D747261 
 222      70762720 
 222      272D666E 
 222      6F2D6F70 
 223 0066 7465782D 		.ascii	"tex-m3' '-mthumb' '-g' '-Os' '-ffunction-sections' "
 223      6D332720 
 223      272D6D74 
 223      68756D62 
ARM GAS  C:\Users\info\AppData\Local\Temp\ccDGVCVE.s 			page 15


 223      2720272D 
 224 0099 272D6666 		.ascii	"'-ffat-lto-objects' '-flto'\000"
 224      61742D6C 
 224      746F2D6F 
 224      626A6563 
 224      74732720 
 225              		.text
 226              		.cfi_sections	.debug_frame
 227              		.section	.text.VSYNC_OUT_Write,"ax",%progbits
 228              		.align	1
 229              		.global	VSYNC_OUT_Write
 230              		.thumb
 231              		.thumb_func
 232              		.type	VSYNC_OUT_Write, %function
 233              	VSYNC_OUT_Write:
 234              	.LFB0:
 235              		.file 1 "Generated_Source\\PSoC5\\VSYNC_OUT.c"
   1:Generated_Source\PSoC5/VSYNC_OUT.c **** /*******************************************************************************
   2:Generated_Source\PSoC5/VSYNC_OUT.c **** * File Name: VSYNC_OUT.c  
   3:Generated_Source\PSoC5/VSYNC_OUT.c **** * Version 2.20
   4:Generated_Source\PSoC5/VSYNC_OUT.c **** *
   5:Generated_Source\PSoC5/VSYNC_OUT.c **** * Description:
   6:Generated_Source\PSoC5/VSYNC_OUT.c **** *  This file contains API to enable firmware control of a Pins component.
   7:Generated_Source\PSoC5/VSYNC_OUT.c **** *
   8:Generated_Source\PSoC5/VSYNC_OUT.c **** * Note:
   9:Generated_Source\PSoC5/VSYNC_OUT.c **** *
  10:Generated_Source\PSoC5/VSYNC_OUT.c **** ********************************************************************************
  11:Generated_Source\PSoC5/VSYNC_OUT.c **** * Copyright 2008-2015, Cypress Semiconductor Corporation.  All rights reserved.
  12:Generated_Source\PSoC5/VSYNC_OUT.c **** * You may use this file only in accordance with the license, terms, conditions, 
  13:Generated_Source\PSoC5/VSYNC_OUT.c **** * disclaimers, and limitations in the end user license agreement accompanying 
  14:Generated_Source\PSoC5/VSYNC_OUT.c **** * the software package with which this file was provided.
  15:Generated_Source\PSoC5/VSYNC_OUT.c **** *******************************************************************************/
  16:Generated_Source\PSoC5/VSYNC_OUT.c **** 
  17:Generated_Source\PSoC5/VSYNC_OUT.c **** #include "cytypes.h"
  18:Generated_Source\PSoC5/VSYNC_OUT.c **** #include "VSYNC_OUT.h"
  19:Generated_Source\PSoC5/VSYNC_OUT.c **** 
  20:Generated_Source\PSoC5/VSYNC_OUT.c **** /* APIs are not generated for P15[7:6] on PSoC 5 */
  21:Generated_Source\PSoC5/VSYNC_OUT.c **** #if !(CY_PSOC5A &&\
  22:Generated_Source\PSoC5/VSYNC_OUT.c **** 	 VSYNC_OUT__PORT == 15 && ((VSYNC_OUT__MASK & 0xC0) != 0))
  23:Generated_Source\PSoC5/VSYNC_OUT.c **** 
  24:Generated_Source\PSoC5/VSYNC_OUT.c **** 
  25:Generated_Source\PSoC5/VSYNC_OUT.c **** /*******************************************************************************
  26:Generated_Source\PSoC5/VSYNC_OUT.c **** * Function Name: VSYNC_OUT_Write
  27:Generated_Source\PSoC5/VSYNC_OUT.c **** ****************************************************************************//**
  28:Generated_Source\PSoC5/VSYNC_OUT.c **** *
  29:Generated_Source\PSoC5/VSYNC_OUT.c **** * \brief Writes the value to the physical port (data output register), masking
  30:Generated_Source\PSoC5/VSYNC_OUT.c **** *  and shifting the bits appropriately. 
  31:Generated_Source\PSoC5/VSYNC_OUT.c **** *
  32:Generated_Source\PSoC5/VSYNC_OUT.c **** * The data output register controls the signal applied to the physical pin in 
  33:Generated_Source\PSoC5/VSYNC_OUT.c **** * conjunction with the drive mode parameter. This function avoids changing 
  34:Generated_Source\PSoC5/VSYNC_OUT.c **** * other bits in the port by using the appropriate method (read-modify-write or
  35:Generated_Source\PSoC5/VSYNC_OUT.c **** * bit banding).
  36:Generated_Source\PSoC5/VSYNC_OUT.c **** *
  37:Generated_Source\PSoC5/VSYNC_OUT.c **** * <b>Note</b> This function should not be used on a hardware digital output pin 
  38:Generated_Source\PSoC5/VSYNC_OUT.c **** * as it is driven by the hardware signal attached to it.
  39:Generated_Source\PSoC5/VSYNC_OUT.c **** *
  40:Generated_Source\PSoC5/VSYNC_OUT.c **** * \param value
ARM GAS  C:\Users\info\AppData\Local\Temp\ccDGVCVE.s 			page 16


  41:Generated_Source\PSoC5/VSYNC_OUT.c **** *  Value to write to the component instance.
  42:Generated_Source\PSoC5/VSYNC_OUT.c **** *
  43:Generated_Source\PSoC5/VSYNC_OUT.c **** * \return 
  44:Generated_Source\PSoC5/VSYNC_OUT.c **** *  None 
  45:Generated_Source\PSoC5/VSYNC_OUT.c **** *
  46:Generated_Source\PSoC5/VSYNC_OUT.c **** * \sideeffect
  47:Generated_Source\PSoC5/VSYNC_OUT.c **** *  If you use read-modify-write operations that are not atomic; the Interrupt 
  48:Generated_Source\PSoC5/VSYNC_OUT.c **** *  Service Routines (ISR) can cause corruption of this function. An ISR that 
  49:Generated_Source\PSoC5/VSYNC_OUT.c **** *  interrupts this function and performs writes to the Pins component data 
  50:Generated_Source\PSoC5/VSYNC_OUT.c **** *  register can cause corrupted port data. To avoid this issue, you should 
  51:Generated_Source\PSoC5/VSYNC_OUT.c **** *  either use the Per-Pin APIs (primary method) or disable interrupts around 
  52:Generated_Source\PSoC5/VSYNC_OUT.c **** *  this function.
  53:Generated_Source\PSoC5/VSYNC_OUT.c **** *
  54:Generated_Source\PSoC5/VSYNC_OUT.c **** * \funcusage
  55:Generated_Source\PSoC5/VSYNC_OUT.c **** *  \snippet VSYNC_OUT_SUT.c usage_VSYNC_OUT_Write
  56:Generated_Source\PSoC5/VSYNC_OUT.c **** *******************************************************************************/
  57:Generated_Source\PSoC5/VSYNC_OUT.c **** void VSYNC_OUT_Write(uint8 value)
  58:Generated_Source\PSoC5/VSYNC_OUT.c **** {
 236              		.loc 1 58 0
 237              		.cfi_startproc
 238              		@ args = 0, pretend = 0, frame = 0
 239              		@ frame_needed = 0, uses_anonymous_args = 0
 240              		@ link register save eliminated.
 241              	.LVL0:
  59:Generated_Source\PSoC5/VSYNC_OUT.c ****     uint8 staticBits = (VSYNC_OUT_DR & (uint8)(~VSYNC_OUT_MASK));
 242              		.loc 1 59 0
 243 0000 044A     		ldr	r2, .L2
  60:Generated_Source\PSoC5/VSYNC_OUT.c ****     VSYNC_OUT_DR = staticBits | ((uint8)(value << VSYNC_OUT_SHIFT) & VSYNC_OUT_MASK);
 244              		.loc 1 60 0
 245 0002 C000     		lsls	r0, r0, #3
 246              	.LVL1:
  59:Generated_Source\PSoC5/VSYNC_OUT.c ****     uint8 staticBits = (VSYNC_OUT_DR & (uint8)(~VSYNC_OUT_MASK));
 247              		.loc 1 59 0
 248 0004 1378     		ldrb	r3, [r2]	@ zero_extendqisi2
 249              	.LVL2:
 250              		.loc 1 60 0
 251 0006 00F00800 		and	r0, r0, #8
 252 000a 03F0F703 		and	r3, r3, #247
 253              	.LVL3:
 254 000e 0343     		orrs	r3, r3, r0
 255 0010 1370     		strb	r3, [r2]
 256 0012 7047     		bx	lr
 257              	.L3:
 258              		.align	2
 259              	.L2:
 260 0014 20510040 		.word	1073762592
 261              		.cfi_endproc
 262              	.LFE0:
 263              		.size	VSYNC_OUT_Write, .-VSYNC_OUT_Write
 264              		.section	.text.VSYNC_OUT_SetDriveMode,"ax",%progbits
 265              		.align	1
 266              		.global	VSYNC_OUT_SetDriveMode
 267              		.thumb
 268              		.thumb_func
 269              		.type	VSYNC_OUT_SetDriveMode, %function
 270              	VSYNC_OUT_SetDriveMode:
 271              	.LFB1:
ARM GAS  C:\Users\info\AppData\Local\Temp\ccDGVCVE.s 			page 17


  61:Generated_Source\PSoC5/VSYNC_OUT.c **** }
  62:Generated_Source\PSoC5/VSYNC_OUT.c **** 
  63:Generated_Source\PSoC5/VSYNC_OUT.c **** 
  64:Generated_Source\PSoC5/VSYNC_OUT.c **** /*******************************************************************************
  65:Generated_Source\PSoC5/VSYNC_OUT.c **** * Function Name: VSYNC_OUT_SetDriveMode
  66:Generated_Source\PSoC5/VSYNC_OUT.c **** ****************************************************************************//**
  67:Generated_Source\PSoC5/VSYNC_OUT.c **** *
  68:Generated_Source\PSoC5/VSYNC_OUT.c **** * \brief Sets the drive mode for each of the Pins component's pins.
  69:Generated_Source\PSoC5/VSYNC_OUT.c **** * 
  70:Generated_Source\PSoC5/VSYNC_OUT.c **** * <b>Note</b> This affects all pins in the Pins component instance. Use the
  71:Generated_Source\PSoC5/VSYNC_OUT.c **** * Per-Pin APIs if you wish to control individual pin's drive modes.
  72:Generated_Source\PSoC5/VSYNC_OUT.c **** *
  73:Generated_Source\PSoC5/VSYNC_OUT.c **** * \param mode
  74:Generated_Source\PSoC5/VSYNC_OUT.c **** *  Mode for the selected signals. Valid options are documented in 
  75:Generated_Source\PSoC5/VSYNC_OUT.c **** *  \ref driveMode.
  76:Generated_Source\PSoC5/VSYNC_OUT.c **** *
  77:Generated_Source\PSoC5/VSYNC_OUT.c **** * \return
  78:Generated_Source\PSoC5/VSYNC_OUT.c **** *  None
  79:Generated_Source\PSoC5/VSYNC_OUT.c **** *
  80:Generated_Source\PSoC5/VSYNC_OUT.c **** * \sideeffect
  81:Generated_Source\PSoC5/VSYNC_OUT.c **** *  If you use read-modify-write operations that are not atomic, the ISR can
  82:Generated_Source\PSoC5/VSYNC_OUT.c **** *  cause corruption of this function. An ISR that interrupts this function 
  83:Generated_Source\PSoC5/VSYNC_OUT.c **** *  and performs writes to the Pins component Drive Mode registers can cause 
  84:Generated_Source\PSoC5/VSYNC_OUT.c **** *  corrupted port data. To avoid this issue, you should either use the Per-Pin
  85:Generated_Source\PSoC5/VSYNC_OUT.c **** *  APIs (primary method) or disable interrupts around this function.
  86:Generated_Source\PSoC5/VSYNC_OUT.c **** *
  87:Generated_Source\PSoC5/VSYNC_OUT.c **** * \funcusage
  88:Generated_Source\PSoC5/VSYNC_OUT.c **** *  \snippet VSYNC_OUT_SUT.c usage_VSYNC_OUT_SetDriveMode
  89:Generated_Source\PSoC5/VSYNC_OUT.c **** *******************************************************************************/
  90:Generated_Source\PSoC5/VSYNC_OUT.c **** void VSYNC_OUT_SetDriveMode(uint8 mode)
  91:Generated_Source\PSoC5/VSYNC_OUT.c **** {
 272              		.loc 1 91 0
 273              		.cfi_startproc
 274              		@ args = 0, pretend = 0, frame = 0
 275              		@ frame_needed = 0, uses_anonymous_args = 0
 276              		@ link register save eliminated.
 277              	.LVL4:
  92:Generated_Source\PSoC5/VSYNC_OUT.c **** 	CyPins_SetPinDriveMode(VSYNC_OUT_0, mode);
 278              		.loc 1 92 0
 279 0000 044A     		ldr	r2, .L5
 280 0002 00F00E00 		and	r0, r0, #14
 281              	.LVL5:
 282 0006 1378     		ldrb	r3, [r2]	@ zero_extendqisi2
 283 0008 03F0F103 		and	r3, r3, #241
 284 000c 1843     		orrs	r0, r0, r3
 285 000e 1070     		strb	r0, [r2]
 286 0010 7047     		bx	lr
 287              	.L6:
 288 0012 00BF     		.align	2
 289              	.L5:
 290 0014 13500040 		.word	1073762323
 291              		.cfi_endproc
 292              	.LFE1:
 293              		.size	VSYNC_OUT_SetDriveMode, .-VSYNC_OUT_SetDriveMode
 294              		.section	.text.VSYNC_OUT_Read,"ax",%progbits
 295              		.align	1
 296              		.global	VSYNC_OUT_Read
ARM GAS  C:\Users\info\AppData\Local\Temp\ccDGVCVE.s 			page 18


 297              		.thumb
 298              		.thumb_func
 299              		.type	VSYNC_OUT_Read, %function
 300              	VSYNC_OUT_Read:
 301              	.LFB2:
  93:Generated_Source\PSoC5/VSYNC_OUT.c **** }
  94:Generated_Source\PSoC5/VSYNC_OUT.c **** 
  95:Generated_Source\PSoC5/VSYNC_OUT.c **** 
  96:Generated_Source\PSoC5/VSYNC_OUT.c **** /*******************************************************************************
  97:Generated_Source\PSoC5/VSYNC_OUT.c **** * Function Name: VSYNC_OUT_Read
  98:Generated_Source\PSoC5/VSYNC_OUT.c **** ****************************************************************************//**
  99:Generated_Source\PSoC5/VSYNC_OUT.c **** *
 100:Generated_Source\PSoC5/VSYNC_OUT.c **** * \brief Reads the associated physical port (pin status register) and masks 
 101:Generated_Source\PSoC5/VSYNC_OUT.c **** *  the required bits according to the width and bit position of the component
 102:Generated_Source\PSoC5/VSYNC_OUT.c **** *  instance. 
 103:Generated_Source\PSoC5/VSYNC_OUT.c **** *
 104:Generated_Source\PSoC5/VSYNC_OUT.c **** * The pin's status register returns the current logic level present on the 
 105:Generated_Source\PSoC5/VSYNC_OUT.c **** * physical pin.
 106:Generated_Source\PSoC5/VSYNC_OUT.c **** *
 107:Generated_Source\PSoC5/VSYNC_OUT.c **** * \return 
 108:Generated_Source\PSoC5/VSYNC_OUT.c **** *  The current value for the pins in the component as a right justified number.
 109:Generated_Source\PSoC5/VSYNC_OUT.c **** *
 110:Generated_Source\PSoC5/VSYNC_OUT.c **** * \funcusage
 111:Generated_Source\PSoC5/VSYNC_OUT.c **** *  \snippet VSYNC_OUT_SUT.c usage_VSYNC_OUT_Read  
 112:Generated_Source\PSoC5/VSYNC_OUT.c **** *******************************************************************************/
 113:Generated_Source\PSoC5/VSYNC_OUT.c **** uint8 VSYNC_OUT_Read(void)
 114:Generated_Source\PSoC5/VSYNC_OUT.c **** {
 302              		.loc 1 114 0
 303              		.cfi_startproc
 304              		@ args = 0, pretend = 0, frame = 0
 305              		@ frame_needed = 0, uses_anonymous_args = 0
 306              		@ link register save eliminated.
 115:Generated_Source\PSoC5/VSYNC_OUT.c ****     return (VSYNC_OUT_PS & VSYNC_OUT_MASK) >> VSYNC_OUT_SHIFT;
 307              		.loc 1 115 0
 308 0000 024B     		ldr	r3, .L8
 309 0002 1878     		ldrb	r0, [r3]	@ zero_extendqisi2
 116:Generated_Source\PSoC5/VSYNC_OUT.c **** }
 310              		.loc 1 116 0
 311 0004 C0F3C000 		ubfx	r0, r0, #3, #1
 312 0008 7047     		bx	lr
 313              	.L9:
 314 000a 00BF     		.align	2
 315              	.L8:
 316 000c 21510040 		.word	1073762593
 317              		.cfi_endproc
 318              	.LFE2:
 319              		.size	VSYNC_OUT_Read, .-VSYNC_OUT_Read
 320              		.section	.text.VSYNC_OUT_ReadDataReg,"ax",%progbits
 321              		.align	1
 322              		.global	VSYNC_OUT_ReadDataReg
 323              		.thumb
 324              		.thumb_func
 325              		.type	VSYNC_OUT_ReadDataReg, %function
 326              	VSYNC_OUT_ReadDataReg:
 327              	.LFB3:
 117:Generated_Source\PSoC5/VSYNC_OUT.c **** 
 118:Generated_Source\PSoC5/VSYNC_OUT.c **** 
ARM GAS  C:\Users\info\AppData\Local\Temp\ccDGVCVE.s 			page 19


 119:Generated_Source\PSoC5/VSYNC_OUT.c **** /*******************************************************************************
 120:Generated_Source\PSoC5/VSYNC_OUT.c **** * Function Name: VSYNC_OUT_ReadDataReg
 121:Generated_Source\PSoC5/VSYNC_OUT.c **** ****************************************************************************//**
 122:Generated_Source\PSoC5/VSYNC_OUT.c **** *
 123:Generated_Source\PSoC5/VSYNC_OUT.c **** * \brief Reads the associated physical port's data output register and masks 
 124:Generated_Source\PSoC5/VSYNC_OUT.c **** *  the correct bits according to the width and bit position of the component 
 125:Generated_Source\PSoC5/VSYNC_OUT.c **** *  instance. 
 126:Generated_Source\PSoC5/VSYNC_OUT.c **** *
 127:Generated_Source\PSoC5/VSYNC_OUT.c **** * The data output register controls the signal applied to the physical pin in 
 128:Generated_Source\PSoC5/VSYNC_OUT.c **** * conjunction with the drive mode parameter. This is not the same as the 
 129:Generated_Source\PSoC5/VSYNC_OUT.c **** * preferred VSYNC_OUT_Read() API because the 
 130:Generated_Source\PSoC5/VSYNC_OUT.c **** * VSYNC_OUT_ReadDataReg() reads the data register instead of the status 
 131:Generated_Source\PSoC5/VSYNC_OUT.c **** * register. For output pins this is a useful function to determine the value 
 132:Generated_Source\PSoC5/VSYNC_OUT.c **** * just written to the pin.
 133:Generated_Source\PSoC5/VSYNC_OUT.c **** *
 134:Generated_Source\PSoC5/VSYNC_OUT.c **** * \return 
 135:Generated_Source\PSoC5/VSYNC_OUT.c **** *  The current value of the data register masked and shifted into a right 
 136:Generated_Source\PSoC5/VSYNC_OUT.c **** *  justified number for the component instance.
 137:Generated_Source\PSoC5/VSYNC_OUT.c **** *
 138:Generated_Source\PSoC5/VSYNC_OUT.c **** * \funcusage
 139:Generated_Source\PSoC5/VSYNC_OUT.c **** *  \snippet VSYNC_OUT_SUT.c usage_VSYNC_OUT_ReadDataReg 
 140:Generated_Source\PSoC5/VSYNC_OUT.c **** *******************************************************************************/
 141:Generated_Source\PSoC5/VSYNC_OUT.c **** uint8 VSYNC_OUT_ReadDataReg(void)
 142:Generated_Source\PSoC5/VSYNC_OUT.c **** {
 328              		.loc 1 142 0
 329              		.cfi_startproc
 330              		@ args = 0, pretend = 0, frame = 0
 331              		@ frame_needed = 0, uses_anonymous_args = 0
 332              		@ link register save eliminated.
 143:Generated_Source\PSoC5/VSYNC_OUT.c ****     return (VSYNC_OUT_DR & VSYNC_OUT_MASK) >> VSYNC_OUT_SHIFT;
 333              		.loc 1 143 0
 334 0000 024B     		ldr	r3, .L11
 335 0002 1878     		ldrb	r0, [r3]	@ zero_extendqisi2
 144:Generated_Source\PSoC5/VSYNC_OUT.c **** }
 336              		.loc 1 144 0
 337 0004 C0F3C000 		ubfx	r0, r0, #3, #1
 338 0008 7047     		bx	lr
 339              	.L12:
 340 000a 00BF     		.align	2
 341              	.L11:
 342 000c 20510040 		.word	1073762592
 343              		.cfi_endproc
 344              	.LFE3:
 345              		.size	VSYNC_OUT_ReadDataReg, .-VSYNC_OUT_ReadDataReg
 346              		.text
 347              	.Letext0:
 348              		.file 2 "Generated_Source\\PSoC5\\cytypes.h"
 349              		.section	.debug_info,"",%progbits
 350              	.Ldebug_info0:
 351 0000 1D010000 		.4byte	0x11d
 352 0004 0400     		.2byte	0x4
 353 0006 00000000 		.4byte	.Ldebug_abbrev0
 354 000a 04       		.byte	0x4
 355 000b 01       		.uleb128 0x1
 356 000c 2D010000 		.4byte	.LASF20
 357 0010 0C       		.byte	0xc
 358 0011 7C000000 		.4byte	.LASF21
ARM GAS  C:\Users\info\AppData\Local\Temp\ccDGVCVE.s 			page 20


 359 0015 AC000000 		.4byte	.LASF22
 360 0019 00000000 		.4byte	.Ldebug_ranges0+0
 361 001d 00000000 		.4byte	0
 362 0021 00000000 		.4byte	.Ldebug_line0
 363 0025 02       		.uleb128 0x2
 364 0026 01       		.byte	0x1
 365 0027 06       		.byte	0x6
 366 0028 09020000 		.4byte	.LASF0
 367 002c 02       		.uleb128 0x2
 368 002d 01       		.byte	0x1
 369 002e 08       		.byte	0x8
 370 002f 3D000000 		.4byte	.LASF1
 371 0033 02       		.uleb128 0x2
 372 0034 02       		.byte	0x2
 373 0035 05       		.byte	0x5
 374 0036 F0010000 		.4byte	.LASF2
 375 003a 02       		.uleb128 0x2
 376 003b 02       		.byte	0x2
 377 003c 07       		.byte	0x7
 378 003d 62000000 		.4byte	.LASF3
 379 0041 02       		.uleb128 0x2
 380 0042 04       		.byte	0x4
 381 0043 05       		.byte	0x5
 382 0044 00020000 		.4byte	.LASF4
 383 0048 02       		.uleb128 0x2
 384 0049 04       		.byte	0x4
 385 004a 07       		.byte	0x7
 386 004b 50000000 		.4byte	.LASF5
 387 004f 02       		.uleb128 0x2
 388 0050 08       		.byte	0x8
 389 0051 05       		.byte	0x5
 390 0052 DD010000 		.4byte	.LASF6
 391 0056 02       		.uleb128 0x2
 392 0057 08       		.byte	0x8
 393 0058 07       		.byte	0x7
 394 0059 16010000 		.4byte	.LASF7
 395 005d 03       		.uleb128 0x3
 396 005e 04       		.byte	0x4
 397 005f 05       		.byte	0x5
 398 0060 696E7400 		.ascii	"int\000"
 399 0064 02       		.uleb128 0x2
 400 0065 04       		.byte	0x4
 401 0066 07       		.byte	0x7
 402 0067 9F000000 		.4byte	.LASF8
 403 006b 04       		.uleb128 0x4
 404 006c FA010000 		.4byte	.LASF12
 405 0070 02       		.byte	0x2
 406 0071 E401     		.2byte	0x1e4
 407 0073 2C000000 		.4byte	0x2c
 408 0077 02       		.uleb128 0x2
 409 0078 04       		.byte	0x4
 410 0079 04       		.byte	0x4
 411 007a 37000000 		.4byte	.LASF9
 412 007e 02       		.uleb128 0x2
 413 007f 08       		.byte	0x8
 414 0080 04       		.byte	0x4
 415 0081 75000000 		.4byte	.LASF10
ARM GAS  C:\Users\info\AppData\Local\Temp\ccDGVCVE.s 			page 21


 416 0085 02       		.uleb128 0x2
 417 0086 01       		.byte	0x1
 418 0087 08       		.byte	0x8
 419 0088 EB010000 		.4byte	.LASF11
 420 008c 04       		.uleb128 0x4
 421 008d 4B000000 		.4byte	.LASF13
 422 0091 02       		.byte	0x2
 423 0092 8E02     		.2byte	0x28e
 424 0094 98000000 		.4byte	0x98
 425 0098 05       		.uleb128 0x5
 426 0099 6B000000 		.4byte	0x6b
 427 009d 06       		.uleb128 0x6
 428 009e 11000000 		.4byte	.LASF14
 429 00a2 01       		.byte	0x1
 430 00a3 39       		.byte	0x39
 431 00a4 00000000 		.4byte	.LFB0
 432 00a8 18000000 		.4byte	.LFE0-.LFB0
 433 00ac 01       		.uleb128 0x1
 434 00ad 9C       		.byte	0x9c
 435 00ae D1000000 		.4byte	0xd1
 436 00b2 07       		.uleb128 0x7
 437 00b3 00000000 		.4byte	.LASF16
 438 00b7 01       		.byte	0x1
 439 00b8 39       		.byte	0x39
 440 00b9 6B000000 		.4byte	0x6b
 441 00bd 00000000 		.4byte	.LLST0
 442 00c1 08       		.uleb128 0x8
 443 00c2 06000000 		.4byte	.LASF23
 444 00c6 01       		.byte	0x1
 445 00c7 3B       		.byte	0x3b
 446 00c8 6B000000 		.4byte	0x6b
 447 00cc 21000000 		.4byte	.LLST1
 448 00d0 00       		.byte	0
 449 00d1 06       		.uleb128 0x6
 450 00d2 C6010000 		.4byte	.LASF15
 451 00d6 01       		.byte	0x1
 452 00d7 5A       		.byte	0x5a
 453 00d8 00000000 		.4byte	.LFB1
 454 00dc 18000000 		.4byte	.LFE1-.LFB1
 455 00e0 01       		.uleb128 0x1
 456 00e1 9C       		.byte	0x9c
 457 00e2 F6000000 		.4byte	0xf6
 458 00e6 07       		.uleb128 0x7
 459 00e7 C1010000 		.4byte	.LASF17
 460 00eb 01       		.byte	0x1
 461 00ec 5A       		.byte	0x5a
 462 00ed 6B000000 		.4byte	0x6b
 463 00f1 39000000 		.4byte	.LLST2
 464 00f5 00       		.byte	0
 465 00f6 09       		.uleb128 0x9
 466 00f7 15020000 		.4byte	.LASF18
 467 00fb 01       		.byte	0x1
 468 00fc 71       		.byte	0x71
 469 00fd 6B000000 		.4byte	0x6b
 470 0101 00000000 		.4byte	.LFB2
 471 0105 10000000 		.4byte	.LFE2-.LFB2
 472 0109 01       		.uleb128 0x1
ARM GAS  C:\Users\info\AppData\Local\Temp\ccDGVCVE.s 			page 22


 473 010a 9C       		.byte	0x9c
 474 010b 09       		.uleb128 0x9
 475 010c 21000000 		.4byte	.LASF19
 476 0110 01       		.byte	0x1
 477 0111 8D       		.byte	0x8d
 478 0112 6B000000 		.4byte	0x6b
 479 0116 00000000 		.4byte	.LFB3
 480 011a 10000000 		.4byte	.LFE3-.LFB3
 481 011e 01       		.uleb128 0x1
 482 011f 9C       		.byte	0x9c
 483 0120 00       		.byte	0
 484              		.section	.debug_abbrev,"",%progbits
 485              	.Ldebug_abbrev0:
 486 0000 01       		.uleb128 0x1
 487 0001 11       		.uleb128 0x11
 488 0002 01       		.byte	0x1
 489 0003 25       		.uleb128 0x25
 490 0004 0E       		.uleb128 0xe
 491 0005 13       		.uleb128 0x13
 492 0006 0B       		.uleb128 0xb
 493 0007 03       		.uleb128 0x3
 494 0008 0E       		.uleb128 0xe
 495 0009 1B       		.uleb128 0x1b
 496 000a 0E       		.uleb128 0xe
 497 000b 55       		.uleb128 0x55
 498 000c 17       		.uleb128 0x17
 499 000d 11       		.uleb128 0x11
 500 000e 01       		.uleb128 0x1
 501 000f 10       		.uleb128 0x10
 502 0010 17       		.uleb128 0x17
 503 0011 00       		.byte	0
 504 0012 00       		.byte	0
 505 0013 02       		.uleb128 0x2
 506 0014 24       		.uleb128 0x24
 507 0015 00       		.byte	0
 508 0016 0B       		.uleb128 0xb
 509 0017 0B       		.uleb128 0xb
 510 0018 3E       		.uleb128 0x3e
 511 0019 0B       		.uleb128 0xb
 512 001a 03       		.uleb128 0x3
 513 001b 0E       		.uleb128 0xe
 514 001c 00       		.byte	0
 515 001d 00       		.byte	0
 516 001e 03       		.uleb128 0x3
 517 001f 24       		.uleb128 0x24
 518 0020 00       		.byte	0
 519 0021 0B       		.uleb128 0xb
 520 0022 0B       		.uleb128 0xb
 521 0023 3E       		.uleb128 0x3e
 522 0024 0B       		.uleb128 0xb
 523 0025 03       		.uleb128 0x3
 524 0026 08       		.uleb128 0x8
 525 0027 00       		.byte	0
 526 0028 00       		.byte	0
 527 0029 04       		.uleb128 0x4
 528 002a 16       		.uleb128 0x16
 529 002b 00       		.byte	0
ARM GAS  C:\Users\info\AppData\Local\Temp\ccDGVCVE.s 			page 23


 530 002c 03       		.uleb128 0x3
 531 002d 0E       		.uleb128 0xe
 532 002e 3A       		.uleb128 0x3a
 533 002f 0B       		.uleb128 0xb
 534 0030 3B       		.uleb128 0x3b
 535 0031 05       		.uleb128 0x5
 536 0032 49       		.uleb128 0x49
 537 0033 13       		.uleb128 0x13
 538 0034 00       		.byte	0
 539 0035 00       		.byte	0
 540 0036 05       		.uleb128 0x5
 541 0037 35       		.uleb128 0x35
 542 0038 00       		.byte	0
 543 0039 49       		.uleb128 0x49
 544 003a 13       		.uleb128 0x13
 545 003b 00       		.byte	0
 546 003c 00       		.byte	0
 547 003d 06       		.uleb128 0x6
 548 003e 2E       		.uleb128 0x2e
 549 003f 01       		.byte	0x1
 550 0040 3F       		.uleb128 0x3f
 551 0041 19       		.uleb128 0x19
 552 0042 03       		.uleb128 0x3
 553 0043 0E       		.uleb128 0xe
 554 0044 3A       		.uleb128 0x3a
 555 0045 0B       		.uleb128 0xb
 556 0046 3B       		.uleb128 0x3b
 557 0047 0B       		.uleb128 0xb
 558 0048 27       		.uleb128 0x27
 559 0049 19       		.uleb128 0x19
 560 004a 11       		.uleb128 0x11
 561 004b 01       		.uleb128 0x1
 562 004c 12       		.uleb128 0x12
 563 004d 06       		.uleb128 0x6
 564 004e 40       		.uleb128 0x40
 565 004f 18       		.uleb128 0x18
 566 0050 9742     		.uleb128 0x2117
 567 0052 19       		.uleb128 0x19
 568 0053 01       		.uleb128 0x1
 569 0054 13       		.uleb128 0x13
 570 0055 00       		.byte	0
 571 0056 00       		.byte	0
 572 0057 07       		.uleb128 0x7
 573 0058 05       		.uleb128 0x5
 574 0059 00       		.byte	0
 575 005a 03       		.uleb128 0x3
 576 005b 0E       		.uleb128 0xe
 577 005c 3A       		.uleb128 0x3a
 578 005d 0B       		.uleb128 0xb
 579 005e 3B       		.uleb128 0x3b
 580 005f 0B       		.uleb128 0xb
 581 0060 49       		.uleb128 0x49
 582 0061 13       		.uleb128 0x13
 583 0062 02       		.uleb128 0x2
 584 0063 17       		.uleb128 0x17
 585 0064 00       		.byte	0
 586 0065 00       		.byte	0
ARM GAS  C:\Users\info\AppData\Local\Temp\ccDGVCVE.s 			page 24


 587 0066 08       		.uleb128 0x8
 588 0067 34       		.uleb128 0x34
 589 0068 00       		.byte	0
 590 0069 03       		.uleb128 0x3
 591 006a 0E       		.uleb128 0xe
 592 006b 3A       		.uleb128 0x3a
 593 006c 0B       		.uleb128 0xb
 594 006d 3B       		.uleb128 0x3b
 595 006e 0B       		.uleb128 0xb
 596 006f 49       		.uleb128 0x49
 597 0070 13       		.uleb128 0x13
 598 0071 02       		.uleb128 0x2
 599 0072 17       		.uleb128 0x17
 600 0073 00       		.byte	0
 601 0074 00       		.byte	0
 602 0075 09       		.uleb128 0x9
 603 0076 2E       		.uleb128 0x2e
 604 0077 00       		.byte	0
 605 0078 3F       		.uleb128 0x3f
 606 0079 19       		.uleb128 0x19
 607 007a 03       		.uleb128 0x3
 608 007b 0E       		.uleb128 0xe
 609 007c 3A       		.uleb128 0x3a
 610 007d 0B       		.uleb128 0xb
 611 007e 3B       		.uleb128 0x3b
 612 007f 0B       		.uleb128 0xb
 613 0080 27       		.uleb128 0x27
 614 0081 19       		.uleb128 0x19
 615 0082 49       		.uleb128 0x49
 616 0083 13       		.uleb128 0x13
 617 0084 11       		.uleb128 0x11
 618 0085 01       		.uleb128 0x1
 619 0086 12       		.uleb128 0x12
 620 0087 06       		.uleb128 0x6
 621 0088 40       		.uleb128 0x40
 622 0089 18       		.uleb128 0x18
 623 008a 9742     		.uleb128 0x2117
 624 008c 19       		.uleb128 0x19
 625 008d 00       		.byte	0
 626 008e 00       		.byte	0
 627 008f 00       		.byte	0
 628              		.section	.debug_loc,"",%progbits
 629              	.Ldebug_loc0:
 630              	.LLST0:
 631 0000 00000000 		.4byte	.LVL0
 632 0004 04000000 		.4byte	.LVL1
 633 0008 0100     		.2byte	0x1
 634 000a 50       		.byte	0x50
 635 000b 04000000 		.4byte	.LVL1
 636 000f 18000000 		.4byte	.LFE0
 637 0013 0400     		.2byte	0x4
 638 0015 F3       		.byte	0xf3
 639 0016 01       		.uleb128 0x1
 640 0017 50       		.byte	0x50
 641 0018 9F       		.byte	0x9f
 642 0019 00000000 		.4byte	0
 643 001d 00000000 		.4byte	0
ARM GAS  C:\Users\info\AppData\Local\Temp\ccDGVCVE.s 			page 25


 644              	.LLST1:
 645 0021 06000000 		.4byte	.LVL2
 646 0025 0E000000 		.4byte	.LVL3
 647 0029 0600     		.2byte	0x6
 648 002b 73       		.byte	0x73
 649 002c 00       		.sleb128 0
 650 002d 09       		.byte	0x9
 651 002e F7       		.byte	0xf7
 652 002f 1A       		.byte	0x1a
 653 0030 9F       		.byte	0x9f
 654 0031 00000000 		.4byte	0
 655 0035 00000000 		.4byte	0
 656              	.LLST2:
 657 0039 00000000 		.4byte	.LVL4
 658 003d 06000000 		.4byte	.LVL5
 659 0041 0100     		.2byte	0x1
 660 0043 50       		.byte	0x50
 661 0044 06000000 		.4byte	.LVL5
 662 0048 18000000 		.4byte	.LFE1
 663 004c 0400     		.2byte	0x4
 664 004e F3       		.byte	0xf3
 665 004f 01       		.uleb128 0x1
 666 0050 50       		.byte	0x50
 667 0051 9F       		.byte	0x9f
 668 0052 00000000 		.4byte	0
 669 0056 00000000 		.4byte	0
 670              		.section	.debug_aranges,"",%progbits
 671 0000 34000000 		.4byte	0x34
 672 0004 0200     		.2byte	0x2
 673 0006 00000000 		.4byte	.Ldebug_info0
 674 000a 04       		.byte	0x4
 675 000b 00       		.byte	0
 676 000c 0000     		.2byte	0
 677 000e 0000     		.2byte	0
 678 0010 00000000 		.4byte	.LFB0
 679 0014 18000000 		.4byte	.LFE0-.LFB0
 680 0018 00000000 		.4byte	.LFB1
 681 001c 18000000 		.4byte	.LFE1-.LFB1
 682 0020 00000000 		.4byte	.LFB2
 683 0024 10000000 		.4byte	.LFE2-.LFB2
 684 0028 00000000 		.4byte	.LFB3
 685 002c 10000000 		.4byte	.LFE3-.LFB3
 686 0030 00000000 		.4byte	0
 687 0034 00000000 		.4byte	0
 688              		.section	.debug_ranges,"",%progbits
 689              	.Ldebug_ranges0:
 690 0000 00000000 		.4byte	.LFB0
 691 0004 18000000 		.4byte	.LFE0
 692 0008 00000000 		.4byte	.LFB1
 693 000c 18000000 		.4byte	.LFE1
 694 0010 00000000 		.4byte	.LFB2
 695 0014 10000000 		.4byte	.LFE2
 696 0018 00000000 		.4byte	.LFB3
 697 001c 10000000 		.4byte	.LFE3
 698 0020 00000000 		.4byte	0
 699 0024 00000000 		.4byte	0
 700              		.section	.debug_line,"",%progbits
ARM GAS  C:\Users\info\AppData\Local\Temp\ccDGVCVE.s 			page 26


 701              	.Ldebug_line0:
 702 0000 94000000 		.section	.debug_str,"MS",%progbits,1
 702      02004600 
 702      00000201 
 702      FB0E0D00 
 702      01010101 
 703              	.LASF16:
 704 0000 76616C75 		.ascii	"value\000"
 704      6500
 705              	.LASF23:
 706 0006 73746174 		.ascii	"staticBits\000"
 706      69634269 
 706      747300
 707              	.LASF14:
 708 0011 5653594E 		.ascii	"VSYNC_OUT_Write\000"
 708      435F4F55 
 708      545F5772 
 708      69746500 
 709              	.LASF19:
 710 0021 5653594E 		.ascii	"VSYNC_OUT_ReadDataReg\000"
 710      435F4F55 
 710      545F5265 
 710      61644461 
 710      74615265 
 711              	.LASF9:
 712 0037 666C6F61 		.ascii	"float\000"
 712      7400
 713              	.LASF1:
 714 003d 756E7369 		.ascii	"unsigned char\000"
 714      676E6564 
 714      20636861 
 714      7200
 715              	.LASF13:
 716 004b 72656738 		.ascii	"reg8\000"
 716      00
 717              	.LASF5:
 718 0050 6C6F6E67 		.ascii	"long unsigned int\000"
 718      20756E73 
 718      69676E65 
 718      6420696E 
 718      7400
 719              	.LASF3:
 720 0062 73686F72 		.ascii	"short unsigned int\000"
 720      7420756E 
 720      7369676E 
 720      65642069 
 720      6E7400
 721              	.LASF10:
 722 0075 646F7562 		.ascii	"double\000"
 722      6C6500
 723              	.LASF21:
 724 007c 47656E65 		.ascii	"Generated_Source\\PSoC5\\VSYNC_OUT.c\000"
 724      72617465 
 724      645F536F 
 724      75726365 
 724      5C50536F 
 725              	.LASF8:
ARM GAS  C:\Users\info\AppData\Local\Temp\ccDGVCVE.s 			page 27


 726 009f 756E7369 		.ascii	"unsigned int\000"
 726      676E6564 
 726      20696E74 
 726      00
 727              	.LASF22:
 728 00ac 433A5C55 		.ascii	"C:\\Users\\info\\Desktop\\Spring 2019 Classes\\6.11"
 728      73657273 
 728      5C696E66 
 728      6F5C4465 
 728      736B746F 
 729 00da 355C362E 		.ascii	"5\\6.115-final\\PSoCCreator\\Final Project\\FinalEm"
 729      3131352D 
 729      66696E61 
 729      6C5C5053 
 729      6F434372 
 730 0109 756C6174 		.ascii	"ulator.cydsn\000"
 730      6F722E63 
 730      7964736E 
 730      00
 731              	.LASF7:
 732 0116 6C6F6E67 		.ascii	"long long unsigned int\000"
 732      206C6F6E 
 732      6720756E 
 732      7369676E 
 732      65642069 
 733              	.LASF20:
 734 012d 474E5520 		.ascii	"GNU C11 5.4.1 20160609 (release) [ARM/embedded-5-br"
 734      43313120 
 734      352E342E 
 734      31203230 
 734      31363036 
 735 0160 616E6368 		.ascii	"anch revision 237715] -mcpu=cortex-m3 -mthumb -g -O"
 735      20726576 
 735      6973696F 
 735      6E203233 
 735      37373135 
 736 0193 73202D66 		.ascii	"s -ffunction-sections -ffat-lto-objects -flto\000"
 736      66756E63 
 736      74696F6E 
 736      2D736563 
 736      74696F6E 
 737              	.LASF17:
 738 01c1 6D6F6465 		.ascii	"mode\000"
 738      00
 739              	.LASF15:
 740 01c6 5653594E 		.ascii	"VSYNC_OUT_SetDriveMode\000"
 740      435F4F55 
 740      545F5365 
 740      74447269 
 740      76654D6F 
 741              	.LASF6:
 742 01dd 6C6F6E67 		.ascii	"long long int\000"
 742      206C6F6E 
 742      6720696E 
 742      7400
 743              	.LASF11:
 744 01eb 63686172 		.ascii	"char\000"
ARM GAS  C:\Users\info\AppData\Local\Temp\ccDGVCVE.s 			page 28


 744      00
 745              	.LASF2:
 746 01f0 73686F72 		.ascii	"short int\000"
 746      7420696E 
 746      7400
 747              	.LASF12:
 748 01fa 75696E74 		.ascii	"uint8\000"
 748      3800
 749              	.LASF4:
 750 0200 6C6F6E67 		.ascii	"long int\000"
 750      20696E74 
 750      00
 751              	.LASF0:
 752 0209 7369676E 		.ascii	"signed char\000"
 752      65642063 
 752      68617200 
 753              	.LASF18:
 754 0215 5653594E 		.ascii	"VSYNC_OUT_Read\000"
 754      435F4F55 
 754      545F5265 
 754      616400
 755              		.comm	__gnu_lto_v1,1,1
 756              		.ident	"GCC: (GNU Tools for ARM Embedded Processors) 5.4.1 20160609 (release) [ARM/embedded-5-bran
